# Bundle file v0.3
3 90
7.2373307579e+02 -9.6843482722e-03 -1.4262950527e-03
9.9993748053e-01 4.0253832841e-03 1.0432225555e-02
-3.8543811546e-03 9.9985873202e-01 -1.6360310143e-02
-1.0496608335e-02 1.6319077532e-02 9.9981173674e-01
1.9955902113e-02 -3.4051971552e-02 -1.4138218212e-01
0 0 0
0 0 0
0 0 0
0 0 0
0 0 0
7.0411019400e+02 -5.4651777427e-02 -8.9368027748e-03
9.5083194842e-01 4.8093831854e-02 -3.0595030510e-01
6.6073093405e-02 9.3362611346e-01 3.5210314767e-01
3.0257718384e-01 -3.5500600503e-01 8.8454382832e-01
-4.7503754588e-01 9.0391669030e-01 -9.2834891999e-03
3.5063343435e-01 4.9082755066e-01 -2.1694400476e+00
158 170 156
2 0 57 109.8600 153.9800 2 16 190.5100 217.0300
3.7373133478e-01 4.6739502246e-01 -2.1824966817e+00
192 206 198
2 0 59 116.2200 145.7700 2 23 199.6600 208.7600
3.6661284360e-01 4.6093038637e-01 -2.1915367308e+00
135 147 124
2 0 61 113.6400 143.2900 2 487 197.3400 204.5800
3.9513602373e-01 3.4973740602e-01 -2.2196707258e+00
206 218 207
2 0 111 120.7200 107.4900 2 63 210.5900 167.7000
1.7868895579e-01 3.0674661979e-01 -2.0832768957e+00
53 77 37
2 0 120 58.2500 99.7800 2 61 127.2800 172.0400
-3.9877651071e-01 -2.3761915571e-03 -1.8805252925e+00
141 168 192
2 0 200 -142.9900 -1.5500 2 915 -109.2500 83.6400
-2.5530747399e-02 -6.7744100782e-02 -1.9104060232e+00
41 35 29
2 0 230 -8.9700 -24.7800 2 597 34.1500 69.5000
7.6820700348e-02 -1.0429386022e-01 -1.9471537960e+00
54 52 55
2 0 259 26.2600 -36.9900 2 182 79.4700 53.0700
7.6820700348e-02 -1.0429386022e-01 -1.9471537960e+00
54 52 55
2 0 260 26.2600 -36.9900 2 181 79.4700 53.0700
1.3313099557e-01 -1.6765451119e-01 -1.9650240741e+00
204 202 198
2 0 309 45.2300 -58.3200 2 639 104.4300 27.4500
1.5281222218e-01 -2.3288802648e-01 -1.9695905566e+00
97 9 0
2 0 360 51.6400 -80.5000 2 655 113.4500 1.3800
8.7246597357e-02 -2.4237068628e-01 -1.9429667983e+00
179 138 138
2 0 369 29.6800 -84.9000 2 660 83.1300 -0.2700
-2.2151918172e-01 -2.8085702462e-01 -1.9078561170e+00
38 82 43
2 0 424 -78.4700 -99.7300 2 680 -48.8800 -18.9200
-1.7514410216e-01 -3.3405716168e-01 -1.9254432082e+00
88 126 81
2 0 461 -61.9300 -117.5200 2 1032 -29.1300 -41.5700
3.5904530379e-01 4.9611889812e-01 -2.1657154804e+00
211 226 221
2 0 675 112.8000 155.8900 2 483 193.2400 219.7400
3.4092381074e-01 4.7946375147e-01 -2.1811416130e+00
139 148 129
2 0 679 106.3500 149.7700 2 840 187.4600 210.7300
4.0377529877e-01 3.5881181193e-01 -2.2206088328e+00
173 180 166
2 0 707 123.3200 110.2200 2 863 213.5400 170.6100
3.8680872803e-01 3.5609869539e-01 -2.2232571642e+00
164 177 160
2 0 710 118.0200 109.3200 2 518 207.4600 168.4900
3.9189127795e-01 2.8825282857e-01 -2.2390779404e+00
101 120 84
2 0 722 118.2400 87.8800 2 872 211.3800 145.4600
6.3098081390e-01 2.4610418322e-01 -2.3549085376e+00
47 46 45
2 0 735 181.5900 71.8200 2 879 299.7900 121.0800
6.3912490084e-01 2.2925044959e-01 -2.3625738255e+00
33 40 37
2 0 740 182.7800 66.6100 2 547 303.6600 115.1000
4.5215224730e-01 1.7099132717e-01 -2.2111621848e+00
163 175 163
2 0 750 138.4300 52.7300 2 883 236.3300 116.3500
-2.3646872807e-01 -1.8183635536e-02 -1.9194221853e+00
98 110 100
2 0 789 -83.0500 -6.9300 2 918 -45.1800 77.5400
1.1246493088e-01 -8.5401733735e-02 -1.9593120812e+00
49 22 20
2 0 803 38.3600 -30.2500 2 932 95.2600 59.4200
1.0544792613e-01 -9.4878571465e-02 -1.9576395024e+00
222 224 221
2 0 806 36.0900 -33.4800 2 933 92.1200 55.8100
8.4273816541e-02 -9.8025544095e-02 -1.9485727110e+00
224 223 219
2 0 809 28.9300 -34.7500 2 937 82.6100 55.4400
8.4273816541e-02 -9.8025544095e-02 -1.9485727110e+00
224 223 219
2 0 810 28.9300 -34.7500 2 938 82.6100 55.4400
8.8549563527e-03 -1.0941811662e-01 -1.9205234903e+00
220 222 219
2 0 816 3.0000 -39.2700 2 940 48.7900 53.2300
-8.8246001201e-03 -1.1163936481e-01 -1.9140680976e+00
217 221 218
2 0 817 -3.2100 -40.2000 2 942 40.8600 52.8700
1.1739378843e-01 -1.2907668923e-01 -1.9574810724e+00
43 38 36
2 0 825 40.0600 -45.3000 2 952 97.1700 43.2100
1.1739378843e-01 -1.2907668923e-01 -1.9574810724e+00
43 38 36
2 0 826 40.0600 -45.3000 2 953 97.1700 43.2100
9.6487953543e-02 -1.3418302856e-01 -1.9508794586e+00
31 29 28
2 0 830 32.9400 -47.2400 2 627 87.9100 41.6500
1.3680870520e-02 -1.3782159916e-01 -1.9189611751e+00
211 217 212
2 0 834 4.5800 -49.3100 2 949 50.4100 42.7700
-4.1775559189e-03 -1.4132363300e-01 -1.9127279645e+00
211 211 209
2 0 838 -1.7000 -50.7200 2 955 42.3600 41.8600
3.6259994406e-02 -1.5304065570e-01 -1.9291483482e+00
212 214 213
2 0 844 12.4000 -54.3300 2 968 60.6600 35.8900
3.6259994406e-02 -1.5304065570e-01 -1.9291483482e+00
212 214 213
2 0 845 12.4000 -54.3300 2 969 60.6600 35.8900
1.0435192877e-01 -1.6953725329e-01 -1.9519605835e+00
218 219 214
2 0 855 35.4100 -59.4800 2 977 91.4000 28.0100
4.9056188305e-02 -1.6930272965e-01 -1.9297559274e+00
22 21 17
2 0 856 16.6900 -60.0600 2 975 66.0700 29.9100
4.9056188305e-02 -1.6930272965e-01 -1.9297559274e+00
22 21 17
2 0 857 16.6900 -60.0600 2 976 66.0700 29.9100
1.4377299157e-01 -2.3286492342e-01 -1.9666687219e+00
171 137 135
2 0 881 48.7200 -80.5700 2 1000 109.2700 1.5400
4.6288402779e-03 -2.6383230510e-01 -1.9131745859e+00
34 29 11
2 0 891 1.2600 -93.7000 2 1016 44.6900 -6.8900
4.6288402779e-03 -2.6383230510e-01 -1.9131745859e+00
34 29 11
2 0 892 1.2600 -93.7000 2 1017 44.6900 -6.8900
-3.3807243256e-01 -5.3555652939e-01 -1.9672604539e+00
61 62 66
2 0 1002 -116.3700 -183.2400 2 1118 -93.3100 -131.5600
-8.7703951178e-02 4.9188934653e-01 -2.1442339869e+00
178 178 172
2 0 1090 -28.4300 156.5500 2 847 40.7100 200.5500
-1.4930302334e-01 3.5177768805e-01 -2.0994839316e+00
92 82 74
2 0 1117 -48.5400 114.2400 2 1154 14.5600 166.5700
-1.3381063134e-01 3.5305085438e-01 -2.1045195308e+00
183 185 180
2 0 1118 -43.7700 114.2400 2 1153 20.4900 166.8600
4.0324608689e-01 2.2467679819e-01 -2.2384671407e+00
76 92 47
2 0 1144 122.0700 68.6800 2 1175 216.6700 126.3400
-2.6554598747e-01 1.0029911749e-01 -1.9544499715e+00
202 166 170
2 0 1159 -91.9300 34.3200 2 1179 -47.2700 110.6800
-3.5351711761e-01 -6.3574064855e-02 -1.8969017908e+00
208 75 117
2 0 1196 -125.7500 -23.2200 2 929 -92.7800 60.8800
-3.5154302619e-01 -8.1244306013e-02 -1.8989369162e+00
216 75 125
2 0 1202 -124.8600 -29.4100 2 939 -92.4700 54.2200
6.1224872416e-02 -1.0315801649e-01 -1.9423205916e+00
218 223 216
2 0 1209 21.0200 -36.6500 2 1212 72.5300 53.7400
-1.8525592700e-02 -1.0645666788e-01 -1.9127829007e+00
39 34 36
2 0 1212 -6.4200 -38.3000 2 1210 36.6600 54.6300
3.6123671375e-02 -1.0783259751e-01 -1.9301094704e+00
210 212 208
2 0 1213 12.5600 -38.4700 2 1211 60.9000 53.1200
9.7754688072e-02 -1.1303414291e-01 -1.9500056003e+00
37 31 34
2 0 1215 33.4200 -39.9700 2 1216 88.4000 50.0000
6.2026424576e-03 -1.4535658222e-01 -1.9161018691e+00
21 20 18
2 0 1231 2.0000 -52.0100 2 956 46.9100 40.0500
4.4981480512e-02 -1.8104782306e-01 -1.9261080919e+00
212 215 209
2 0 1246 15.7200 -64.0700 2 1226 63.5900 25.5600
-3.7429339989e-01 -1.9812903082e-01 -1.8864982422e+00
135 189 192
2 0 1249 -133.7700 -71.3300 2 987 -107.5900 12.2500
-3.1884632495e-01 -2.3471529144e-01 -1.9027757490e+00
57 156 187
2 0 1258 -113.2000 -83.7000 2 1008 -85.4700 -2.5400
-3.1174591713e-01 -2.7812152663e-01 -1.9112150372e+00
61 155 186
2 0 1268 -110.2600 -98.5600 2 1247 -82.9900 -20.4200
4.1301011893e-01 2.3666404644e-01 -2.2274368256e+00
100 111 76
2 0 1454 125.6000 72.5700 2 1174 219.9300 132.5400
5.7323867456e-01 1.1509383246e-01 -2.3054731375e+00
203 206 200
2 0 1482 168.2000 34.4200 2 1385 283.9900 86.3600
5.7323867456e-01 1.1509383246e-01 -2.3054731375e+00
203 206 200
2 0 1483 168.2000 34.4200 2 1386 283.9900 86.3600
5.8264261219e-01 8.7444639886e-02 -2.3162221905e+00
135 128 115
2 0 1490 169.9200 26.1200 2 1391 288.5500 76.0100
5.1250145043e-02 -6.6579111542e-02 -1.9378739543e+00
215 217 212
2 0 1514 17.4800 -24.1200 2 1398 68.3600 68.0700
3.0829497015e-02 -8.4488561049e-02 -1.9263363766e+00
213 214 209
2 0 1517 10.8000 -30.3900 2 1206 58.5100 62.4700
-7.0357201110e-03 -8.8189141432e-02 -1.9131784244e+00
216 217 217
2 0 1518 -2.5100 -31.9600 2 1405 41.7300 62.0200
-2.3471301440e-01 -9.3014168400e-02 -1.9114185635e+00
74 116 88
2 0 1519 -83.0200 -33.5300 2 1213 -47.6400 52.1100
-3.3190096346e-01 -1.1948338575e-01 -1.9098698342e+00
173 175 126
2 0 1526 -117.3000 -42.7000 2 1415 -84.9400 39.2200
1.8478972639e-02 -1.2312317497e-01 -1.9213714908e+00
26 22 23
2 0 1527 5.9400 -44.2600 2 1409 53.0400 48.3500
1.8478972639e-02 -1.2312317497e-01 -1.9213714908e+00
26 22 23
2 0 1528 5.9400 -44.2600 2 1410 53.0400 48.3500
7.5969771821e-02 -1.3459371814e-01 -1.9419687654e+00
35 31 28
2 0 1531 26.1100 -47.5600 2 1413 78.4800 42.2500
-9.6406814085e-03 -1.5490679902e-01 -1.9130448815e+00
34 30 30
2 0 1534 -3.4300 -55.3700 2 1416 39.8100 36.2300
-3.1789577114e-01 -2.0098613954e-01 -1.9165528722e+00
117 175 167
2 0 1539 -111.8500 -71.0400 2 1429 -81.8200 8.2100
-2.1684087339e-01 -2.5154914195e-01 -1.9101815714e+00
101 162 105
2 0 1548 -77.1000 -89.5400 2 1433 -45.4700 -7.3300
-5.8363615880e-02 5.0801753912e-01 -2.1387103084e+00
175 178 171
2 0 1658 -19.0900 162.0100 2 1330 49.8300 207.5400
-2.3816740342e-01 2.3093972790e-01 -1.9788739315e+00
229 120 162
2 0 1681 -81.4000 78.8100 2 1355 -31.2200 149.3500
-3.7166190711e-01 -5.3059365065e-03 -1.8984860423e+00
216 98 138
2 0 1703 -131.6100 -2.1800 2 1535 -97.2300 80.2400
-3.9073770664e-01 -7.0144736508e-03 -1.8843805334e+00
112 181 190
2 0 1705 -139.5700 -3.0200 2 1388 -106.2000 81.5100
-3.8412375884e-01 -3.4845619716e-02 -1.8867970840e+00
115 179 189
2 0 1708 -137.0300 -12.9400 2 1394 -104.5800 71.5500
-2.7544952478e-01 -7.7106768228e-02 -1.8914414711e+00
102 126 100
2 0 1713 -98.2700 -28.2600 2 1545 -65.4600 59.8500
-3.3225427897e-02 -9.8513267397e-02 -1.9069486467e+00
209 209 207
2 0 1714 -11.8700 -35.7600 2 1546 30.3600 58.2600
-2.6939103647e-01 -1.0783698650e-01 -1.8935232659e+00
79 98 79
2 0 1716 -96.2500 -39.2800 2 1408 -63.6900 48.5200
-5.4805775745e-04 -1.2399994280e-01 -1.9171764223e+00
211 214 210
2 0 1719 -0.3900 -44.5000 2 1550 44.5000 47.9100
-3.0561644843e-01 2.1520937895e-01 -1.9428581891e+00
223 117 151
2 0 1805 -106.0500 74.6800 2 1512 -59.7400 148.1800
-2.6765536070e-01 -2.1348490073e-02 -1.8990940732e+00
82 89 82
2 0 1830 -94.6000 -8.0300 2 1536 -60.0600 78.6600
-2.8483547741e-01 -3.8703009624e-02 -1.8931243487e+00
95 108 90
2 0 1832 -101.5200 -14.5500 2 1540 -67.4000 73.1000
-2.3891079707e-01 -1.3187254156e-01 -1.9062443159e+00
61 58 53
2 0 1838 -84.7500 -47.3800 2 1623 -51.1400 38.4400
-2.1552275345e-01 -3.6357588939e-01 -1.9062521662e+00
99 158 93
2 0 1847 -76.5000 -128.9400 2 1628 -49.2800 -52.1700
-9.7561496561e-02 4.7049226767e-01 -2.1466200568e+00
174 174 166
2 0 1881 -31.5300 149.6200 2 1602 37.5200 193.6900
-2.1656216942e-01 -1.0114941903e-01 -1.9204917426e+00
113 187 126
2 0 2068 -76.2700 -36.1800 2 1739 -39.7400 48.2200
