# Bundle file v0.3
3 130
6.7923332521e+02 -8.0591006562e-02 -1.1618539150e-02
9.9994067549e-01 -1.9473473135e-03 1.0716965293e-02
1.9510338802e-03 9.9999804110e-01 -3.3354938202e-04
-1.0716294763e-02 3.5443875675e-04 9.9994251605e-01
3.2205378014e-02 -1.4929545093e-04 -6.1837617759e-02
6.9936332041e+02 2.2809229568e-03 5.3886470835e-03
9.3442995681e-01 7.0894782817e-02 -3.4901946304e-01
-1.0510786390e-01 9.9123289013e-01 -8.0060567449e-02
3.4028369452e-01 1.1149568281e-01 9.3368930590e-01
-1.0033304808e+00 -1.1923725936e-01 -6.1015893637e-02
6.6056965792e+02 2.4373215175e-03 -1.2630052068e-03
9.1008332621e-01 -2.1407622402e-01 3.5485167277e-01
7.5214639203e-02 9.2735153510e-01 3.6655407295e-01
-4.0754275531e-01 -3.0690470941e-01 8.6006883558e-01
1.2703934755e+00 1.3095787147e+00 1.4656451068e-01
3.1822312516e-01 6.1224326310e-01 -2.7625278388e+00
218 229 227
2 0 16 76.4000 146.7600 1 11 85.6400 191.7000
3.0925316020e-01 5.9224897136e-01 -2.7650527317e+00
200 216 211
2 0 20 74.2300 141.8000 1 661 82.8400 185.9000
7.7703717038e-01 2.5050689090e-01 -2.6643493166e+00
210 211 203
2 0 88 192.3600 62.4300 1 1167 207.8700 80.7500
4.5008903263e-01 2.2446759114e-01 -2.7216091475e+00
206 26 28
2 0 97 110.0400 54.6400 1 91 110.5000 79.2700
-5.7751645983e-01 1.3093841526e-01 -2.9864490149e+00
122 170 178
3 0 121 -128.7400 29.1600 1 743 -113.3700 71.7000 2 1192 -101.6100 86.7700
8.1125047869e-01 -5.7512975913e-02 -2.6291089209e+00
200 207 198
2 0 167 203.6200 -13.8000 1 819 208.1200 -15.8800
-1.5203670304e-01 -1.2678542874e-01 -2.6941302914e+00
192 195 189
2 0 184 -36.5800 -31.2100 1 174 -56.6700 -3.4400
-7.9671605978e-02 -1.2610280203e-01 -2.6771267673e+00
84 6 3
2 0 185 -18.8500 -31.0200 1 181 -40.9400 -5.8900
-7.4634305482e-02 -1.6019450385e-01 -2.6725697497e+00
205 214 205
3 0 198 -17.6400 -39.6800 1 201 -40.8900 -14.7900 2 933 92.1200 55.8100
-1.4160421243e-01 -1.9059394560e-01 -2.6893222491e+00
221 222 216
3 0 204 -33.9500 -46.9500 1 209 -55.7100 -20.8200 2 625 73.3400 44.0800
-1.4118672683e-01 -1.9088953303e-01 -2.6887012239e+00
221 222 216
2 0 205 -33.9500 -46.9500 1 210 -55.7100 -20.8200
-1.5957226589e-01 -2.1107044643e-01 -2.6957181767e+00
207 209 201
3 0 210 -38.4300 -51.8000 1 218 -59.8200 -24.8900 2 967 69.3900 36.4800
-1.7536574678e-01 -2.3379685611e-01 -2.6971931007e+00
13 15 11
3 0 224 -42.1900 -57.7600 1 233 -63.4300 -30.7600 2 975 66.0700 29.9100
-1.7536574678e-01 -2.3379685611e-01 -2.6971931007e+00
13 15 11
3 0 225 -42.1900 -57.7600 1 234 -63.4300 -30.7600 2 976 66.0700 29.9100
-6.4746098535e-02 -2.6199105089e-01 -2.6645872510e+00
225 221 218
3 0 244 -15.0700 -64.9700 1 256 -41.0700 -42.6700 2 639 104.4300 27.4500
-2.0301241708e-01 -3.3216596642e-01 -2.7042693540e+00
161 122 123
2 0 259 -48.8500 -81.4500 1 274 -70.8600 -54.6900
-7.4023495509e-02 -3.4769353068e-01 -2.6645289169e+00
183 142 138
3 0 269 -17.4300 -86.2800 1 298 -44.7400 -64.9800 2 1000 109.2700 1.5400
-7.4318142186e-02 -3.4760841132e-01 -2.6651984072e+00
183 142 138
2 0 270 -17.4300 -86.2800 1 299 -44.7400 -64.9800
-2.5976013938e+00 -9.4714116030e-01 -5.6565934262e+00
72 52 51
2 0 302 -306.9300 -111.1400 1 249 -168.2900 -36.7300
-4.5517300150e-04 6.1158060464e-01 -2.9881397425e+00
194 192 182
2 0 593 -0.3600 136.2400 1 668 20.7700 182.3000
6.2925059932e-01 3.8585866821e-01 -2.6311611377e+00
226 238 236
2 0 602 158.1700 96.9300 1 695 164.1100 126.2200
-6.0825608772e-01 3.8560614537e-01 -3.0005839748e+00
205 122 138
2 0 607 -134.7800 85.4800 1 55 -114.8600 130.8600
-6.0620548155e-01 2.4285562492e-01 -2.9978192338e+00
194 74 117
2 0 623 -134.4700 53.8700 1 73 -116.5000 97.7500
4.3300022526e-01 2.1582717906e-01 -2.7059743178e+00
214 28 28
2 0 625 106.5500 52.8700 1 741 104.4800 77.1800
7.9381646381e-01 -5.2872110991e-02 -2.6326173176e+00
105 75 68
2 0 670 199.0600 -12.5600 1 1222 202.7500 -13.8000
7.9381646381e-01 -5.2872110991e-02 -2.6326173176e+00
105 75 68
2 0 671 199.0600 -12.5600 1 1223 202.7500 -13.8000
-1.8835559414e-01 -9.8105388294e-02 -2.7072836369e+00
211 215 209
2 0 684 -45.3400 -24.1800 1 792 -63.4000 5.4600
-2.3836957272e-01 -1.3029308048e-01 -2.7266776335e+00
23 23 29
3 0 688 -57.2800 -31.6400 1 801 -73.5900 -0.9500 2 1210 36.6600 54.6300
-1.1271632518e-01 -1.3008209600e-01 -2.6809517088e+00
233 37 33
2 0 689 -26.9800 -32.1500 1 809 -48.6900 -5.7400
-9.0181849103e-02 -1.3332465137e-01 -2.6746740809e+00
230 37 30
2 0 691 -21.4300 -33.0100 1 810 -43.9300 -7.4100
8.4055594829e-01 -1.3348076425e-01 -2.6213219352e+00
210 214 207
2 0 693 211.3900 -32.7200 1 862 214.9800 -40.7300
-2.0483669541e-01 -1.4397668270e-01 -2.7132720012e+00
215 218 207
3 0 696 -49.2800 -35.2900 1 179 -67.3600 -5.8600 2 940 48.7900 53.2300
-6.2356650748e-02 -1.5143948462e-01 -2.6680114265e+00
27 18 24
3 0 697 -14.7300 -37.6300 1 817 -37.9500 -13.2800 2 932 95.2600 59.4200
8.5598770832e-01 -1.5553227589e-01 -2.6209154423e+00
205 210 204
2 0 698 215.2000 -38.2200 1 1248 219.2700 -48.1500
-1.0379288885e-01 -1.5658653331e-01 -2.6804602980e+00
210 214 207
3 0 700 -24.7800 -38.8000 1 195 -47.0900 -12.7500 2 938 82.6100 55.4400
-5.3472022024e-02 -1.6338723004e-01 -2.6662777464e+00
217 218 216
3 0 702 -12.3800 -40.5800 1 203 -36.3800 -16.4900 2 934 99.0500 56.0900
-2.2171195197e-01 -1.8790262211e-01 -2.7151983949e+00
16 16 20
3 0 709 -53.2100 -45.9100 1 820 -71.7600 -16.9700 2 956 46.9100 40.0500
-2.2171195197e-01 -1.8790262211e-01 -2.7151983949e+00
16 16 20
3 0 710 -53.2100 -45.9100 1 821 -71.7600 -16.9700 2 957 46.9100 40.0500
-1.9800300627e-01 -1.9733621142e-01 -2.7077607796e+00
17 17 27
2 0 714 -47.6500 -48.4400 1 823 -67.1900 -20.0400
-1.9800300627e-01 -1.9733621142e-01 -2.7077607796e+00
17 17 27
2 0 715 -47.6500 -48.4400 1 824 -67.1900 -20.0400
-1.4931761765e-01 -2.0206348203e-01 -2.6932398333e+00
34 33 42
2 0 718 -35.8900 -49.6900 1 212 -57.3400 -23.3000
-1.4931761765e-01 -2.0206348203e-01 -2.6932398333e+00
34 33 42
2 0 719 -35.8900 -49.6900 1 213 -57.3400 -23.3000
-5.8458094387e-02 -2.0020656341e-01 -2.6642762526e+00
214 218 216
3 0 720 -13.5200 -49.7000 1 222 -38.2900 -26.8500 2 943 100.7300 46.0700
-1.0155115028e-01 -2.0639058450e-01 -2.6760974427e+00
12 11 19
3 0 722 -24.2600 -51.0500 1 835 -47.8300 -26.2800 2 627 87.9100 41.6500
-1.0179999667e-01 -2.0611422628e-01 -2.6763099107e+00
12 11 19
2 0 723 -24.2600 -51.0500 1 836 -47.8300 -26.2800
-7.1999445794e-02 -2.0721402658e-01 -2.6678575993e+00
24 23 28
3 0 724 -16.8800 -51.4900 1 838 -41.4300 -27.9000 2 952 97.1700 43.2100
-7.1999445794e-02 -2.0721402658e-01 -2.6678575993e+00
24 23 28
3 0 725 -16.8800 -51.4900 1 839 -41.4300 -27.9000 2 953 97.1700 43.2100
-1.2200090313e-01 -2.5346120112e-01 -2.6821048669e+00
209 210 207
2 0 739 -29.2500 -62.4200 1 854 -52.8500 -38.1000
-1.9590214962e-01 -3.4473057379e-01 -2.6999704432e+00
28 23 19
2 0 752 -47.1700 -84.6000 1 890 -69.8800 -58.3700
7.1841982043e-01 -3.6367391398e-01 -2.6543805835e+00
175 181 175
2 0 760 178.8800 -89.2500 1 951 170.3400 -102.8700
-2.5489181787e+00 -8.6990427553e-01 -5.8093506909e+00
46 27 25
2 0 764 -294.1700 -99.5300 1 220 -153.9000 -27.0800
-2.5489181787e+00 -8.6990427553e-01 -5.8093506909e+00
46 27 25
2 0 765 -294.1700 -99.5300 1 221 -153.9000 -27.0800
-1.1880905455e-01 -7.2295812313e-01 -2.2734265862e+00
165 177 164
2 0 927 -31.6700 -208.4400 1 1408 -112.9400 -194.8200
-4.1441230180e-01 -7.5102674386e-01 -2.3404758000e+00
110 102 103
2 0 928 -113.6900 -210.7600 1 544 -177.5300 -178.9500
1.0107109135e+00 4.3242260202e-01 -2.6748971417e+00
187 183 189
2 0 1013 247.2500 105.9100 1 1787 292.4600 135.0000
4.9164350625e-01 6.2715351380e-02 -2.8462412033e+00
191 226 82
2 0 1053 114.7300 14.9600 1 1199 124.7800 32.7800
4.9164350625e-01 6.2715351380e-02 -2.8462412033e+00
191 226 82
2 0 1054 114.7300 14.9600 1 1200 124.7800 32.7800
-9.3485333854e-02 -1.0985419643e-01 -2.6777816599e+00
247 39 39
2 0 1075 -22.2000 -27.3700 1 800 -44.0200 -0.8000
-1.6815133430e-01 -1.2055857575e-01 -2.6974586617e+00
208 212 206
2 0 1078 -40.5200 -29.6300 1 1212 -60.0500 -1.3000
-2.1500233673e-01 -1.3278184530e-01 -2.7178664944e+00
22 22 28
2 0 1080 -51.7100 -32.4600 1 805 -69.0100 -2.6900
-1.6963709751e-01 -1.5026190339e-01 -2.7005004516e+00
211 211 202
2 0 1086 -40.7500 -37.2700 1 813 -60.5800 -8.5900
-9.2111544737e-02 -1.8031906569e-01 -2.6740178037e+00
25 25 29
3 0 1092 -21.8500 -44.6000 1 825 -45.1700 -20.2200 2 1215 88.4000 50.0000
-9.2111544737e-02 -1.8031906569e-01 -2.6740178037e+00
25 25 29
3 0 1093 -21.8500 -44.6000 1 826 -45.1700 -20.2200 2 1216 88.4000 50.0000
-1.7398165772e-01 -1.9342265137e-01 -2.6970944792e+00
27 24 34
2 0 1099 -41.8600 -47.8100 1 1227 -62.6800 -19.9000
-8.7953361427e-02 -2.1361743648e-01 -2.6751158619e+00
29 24 31
2 0 1104 -20.8300 -52.9100 1 1233 -44.7100 -28.7500
-8.7953361427e-02 -2.1361743648e-01 -2.6751158619e+00
29 24 31
2 0 1105 -20.8300 -52.9100 1 1234 -44.7100 -28.7500
-5.1299951911e-02 -2.3460970016e-01 -2.6635008531e+00
40 15 18
2 0 1113 -11.7300 -58.3900 1 852 -37.3300 -35.8400
-6.5540106923e-02 -3.6090788683e-01 -2.6605929380e+00
55 10 4
2 0 1131 -15.2600 -89.6900 1 1267 -43.3200 -69.0400
-6.5540106923e-02 -3.6090788683e-01 -2.6605929380e+00
55 10 4
2 0 1132 -15.2600 -89.6900 1 1268 -43.3200 -69.0400
4.2167465038e-02 6.1346766861e-01 -2.9886156938e+00
195 198 191
3 0 1296 9.0900 136.8100 1 1463 31.0300 182.4300 2 1334 29.3700 197.5600
-5.8314442736e-01 2.1427938605e-01 -2.9862589004e+00
181 142 152
2 0 1341 -129.8900 48.0200 1 1163 -113.4800 90.6500
-6.0264195783e-01 1.3972647281e-01 -2.9954641346e+00
208 80 124
2 0 1347 -133.8300 31.3200 1 1176 -117.2600 73.6300
-5.9406842463e-01 7.6384076381e-02 -2.9880273234e+00
114 177 184
2 0 1362 -132.1700 16.9900 1 1191 -117.1900 59.2400
-2.1893424093e-01 -1.1161929739e-01 -2.7168305784e+00
211 216 206
3 0 1382 -52.5300 -27.2900 1 1510 -69.7600 2.7100 2 1405 41.7300 62.0200
-1.5256151138e-01 -1.4387776451e-01 -2.6971459507e+00
29 27 33
2 0 1389 -36.6000 -35.6900 1 1214 -56.7700 -7.5400
-1.9750366464e-01 -1.6327784521e-01 -2.7085161773e+00
25 23 25
3 0 1390 -47.6200 -40.1000 1 1218 -66.4600 -11.0900 2 1409 53.0400 48.3500
-1.9750366464e-01 -1.6327784521e-01 -2.7085161773e+00
25 23 25
3 0 1391 -47.6200 -40.1000 1 1219 -66.4600 -11.0900 2 1410 53.0400 48.3500
-2.4384908151e-01 -1.9437204222e-01 -2.7254776745e+00
25 26 27
3 0 1393 -58.4500 -47.1900 1 1226 -75.9100 -17.6100 2 1416 39.8100 36.2300
-1.2821351305e-01 -1.9938037822e-01 -2.6848087206e+00
24 23 27
3 0 1397 -30.6400 -49.1900 1 1519 -53.2100 -23.5500 2 1413 78.4800 42.2500
-2.6681260562e-01 -2.1213405618e-01 -2.7265592698e+00
200 199 196
2 0 1398 -64.2600 -51.1300 1 1228 -81.1800 -21.8400
4.6382588943e-01 6.7922429041e-01 -2.7437867306e+00
211 222 221
2 0 1495 111.6100 163.9500 1 1777 127.6800 211.8500
-8.1242685661e-02 3.4645749962e-01 -2.9102493018e+00
222 111 151
2 0 1509 -18.4500 79.1200 1 1656 -9.8600 117.8400
-5.0079880847e-01 1.4518671335e-01 -2.9685336185e+00
212 72 128
2 0 1523 -112.2500 33.0300 1 1670 -99.4400 73.2400
-5.6520965480e-01 1.1021447115e-01 -2.9849916382e+00
211 80 120
2 0 1531 -125.8000 24.0000 1 1490 -111.3500 67.0900
9.1022881413e-01 -1.0333588164e-01 -2.6455157546e+00
175 173 171
2 0 1549 226.3300 -24.6700 1 1817 239.1600 -33.3100
-2.5473692038e-01 -1.1538980896e-01 -2.7286237438e+00
206 208 202
2 0 1550 -61.2400 -28.0300 1 1509 -76.7500 3.0000
-4.9446987552e-01 -7.3484645441e-01 -2.3762959796e+00
125 121 118
2 0 1603 -134.2200 -203.2900 1 1600 -190.3200 -167.1600
-7.7787569088e-02 -7.4534203608e-01 -2.2434430314e+00
134 132 133
2 0 1612 -19.8900 -217.7400 1 1765 -106.8200 -206.9100
2.5471140964e-01 5.8654972280e-01 -2.7770776339e+00
219 229 228
2 0 1626 60.9400 139.9900 1 1868 68.6500 183.8600
8.7843171714e-01 3.1263119864e-01 -2.6532350857e+00
129 92 79
2 0 1636 217.7500 77.3400 1 1949 242.9700 98.9800
-7.6281979034e-02 -2.4351984399e-01 -2.6655157323e+00
214 218 210
2 0 1672 -17.9200 -60.6700 1 1820 -43.4300 -37.2200
-1.8396939307e-01 -1.8791951848e-02 -2.7018952863e+00
113 63 38
2 0 1744 -44.3200 -5.0300 1 1894 -61.7300 26.3000
-1.4860953493e-01 -2.3525156435e-01 -2.6877057902e+00
205 207 204
2 0 1751 -35.7600 -57.9400 1 1904 -58.3300 -32.1800
-3.3201683501e-01 2.8666817697e-01 -2.9427694115e+00
49 168 212
2 0 1799 -74.9100 64.3000 1 1947 -64.4800 105.8700
-7.5314602632e-02 -7.5064108510e-01 -2.2626783977e+00
138 137 138
2 0 1910 -19.3900 -216.4500 1 2073 -103.2300 -207.5200
-4.3558353109e-01 6.0989860820e-01 -3.1465087191e+00
105 84 83
2 0 28 -92.4200 128.6700 2 857 -96.0300 177.2600
-3.7389814432e-01 1.9296524236e-01 -2.9548611534e+00
165 163 184
2 0 106 -84.2200 43.5600 2 555 -45.7700 108.2200
-2.3336447616e-01 -7.9231909948e-02 -2.7269950722e+00
36 37 39
2 0 170 -56.1600 -19.1400 2 597 34.1500 69.5000
-6.3911740851e-01 -1.3253725249e-01 -2.9987542676e+00
135 194 196
2 0 182 -141.5000 -29.5200 2 987 -107.5900 12.2500
-2.2806912028e-01 -1.4036779190e-01 -2.7212829201e+00
206 207 202
2 0 191 -54.8800 -34.1600 2 942 40.8600 52.8700
-2.3357434975e-01 -1.7913145435e-01 -2.7192821260e+00
209 208 204
2 0 201 -56.1100 -43.8100 2 955 42.3600 41.8600
-1.8944228715e-01 -1.8464894992e-01 -2.7040612003e+00
213 214 206
2 0 202 -45.5600 -45.3600 2 951 57.4100 43.0000
-1.8508601012e-01 -2.0867417437e-01 -2.7039936593e+00
211 214 206
2 0 209 -44.6200 -51.0600 2 969 60.6600 35.8900
-1.3931961955e-01 -2.1365275406e-01 -2.6896622884e+00
196 199 195
2 0 215 -33.5500 -52.4800 2 963 76.0000 37.0900
-5.9596034070e-02 -2.2325298246e-01 -2.6632661032e+00
204 205 201
2 0 219 -13.9000 -55.3700 2 198 102.7700 39.1700
-4.8356568781e-01 -2.7066753106e-01 -2.9014891796e+00
27 64 29
2 0 236 -110.4400 -61.8800 2 674 -45.0500 -13.2800
-1.4453348401e-01 -2.5107593472e-01 -2.6885472163e+00
212 212 209
2 0 239 -34.7100 -61.8900 2 980 77.6300 26.1700
-2.6366530449e-01 -3.3565677056e-01 -2.7266226685e+00
32 26 11
2 0 261 -63.1900 -81.7600 2 1016 44.6900 -6.8900
-2.6366530449e-01 -3.3565677056e-01 -2.7266226685e+00
32 26 11
2 0 262 -63.1900 -81.7600 2 1017 44.6900 -6.8900
-1.5124359254e-01 -3.3815756509e-01 -2.6877293898e+00
188 145 143
2 0 266 -36.4100 -83.2300 2 660 83.1300 -0.2700
-6.2157746718e-02 -3.5025080709e-01 -2.6610047109e+00
84 4 0
2 0 274 -14.5700 -86.8600 2 655 113.4500 1.3800
-5.6454434038e-01 3.1454160267e-02 -2.9835600830e+00
201 64 113
2 0 654 -125.7700 6.9500 2 929 -92.7800 60.8800
-5.6748044937e-01 7.2977622580e-03 -2.9843192461e+00
201 66 108
2 0 663 -126.3500 1.5300 2 939 -92.4700 54.2200
7.8455809840e-01 -6.9000619989e-02 -2.6390576582e+00
205 208 200
2 0 677 196.2500 -16.4800 2 906 290.1000 91.9300
-1.8870364427e-01 -9.8475905078e-02 -2.7092326903e+00
211 215 209
2 0 683 -45.3400 -24.1800 2 927 50.2900 67.2100
-1.0377733315e-01 -1.5721889219e-01 -2.6800935576e+00
210 214 207
2 0 699 -24.7800 -38.8000 2 937 82.6100 55.4400
-2.0934523362e-01 -1.8070300504e-01 -2.7118480968e+00
212 215 209
2 0 705 -50.3400 -44.2600 2 949 50.4100 42.7700
-9.8424180006e-02 -2.2300495035e-01 -2.6753645129e+00
208 209 205
2 0 729 -23.6600 -54.8700 2 966 90.3700 36.8300
-1.8497972048e-01 -2.4497749138e-01 -2.7022367510e+00
207 208 201
2 0 737 -44.3600 -60.3200 2 1226 63.5900 25.5600
7.6732148878e-01 7.8340875351e-03 -2.6354096697e+00
192 199 192
2 0 1059 192.3500 2.5100 2 885 280.0300 110.8700
7.6732148878e-01 7.8340875351e-03 -2.6354096697e+00
192 199 192
2 0 1060 192.3500 2.5100 2 886 280.0300 110.8700
-4.4652834267e-01 -4.6297157679e-02 -2.9005028543e+00
58 107 77
2 0 1068 -102.1300 -10.5700 2 1213 -47.6400 52.1100
-1.6940615626e-01 -1.5191376466e-01 -2.7015548651e+00
211 211 202
2 0 1085 -40.7500 -37.2700 2 1211 60.9000 53.1200
-1.3509881370e-01 -1.5618596006e-01 -2.6904202954e+00
216 223 214
2 0 1088 -32.6000 -38.2100 2 1212 72.5300 53.7400
-7.4164571675e-02 -2.5908009844e-01 -2.6645745063e+00
209 213 207
2 0 1118 -17.4300 -64.3700 2 1421 101.5300 28.2500
-1.3596389659e-01 -1.0655246516e-01 -2.6901095971e+00
213 217 212
2 0 1380 -32.7700 -26.0700 2 1398 68.3600 68.0700
-6.0542758575e-01 -1.2736419545e-01 -2.9907186910e+00
133 163 169
2 0 1383 -134.3700 -28.4800 2 1553 -97.1900 15.4000
7.6401412204e-01 -8.3941842963e-02 -2.6549615969e+00
214 224 216
2 0 1545 190.2800 -20.4400 2 1385 283.9900 86.3600
-2.2169560973e-01 -1.5915226566e-01 -2.7182397567e+00
210 212 205
2 0 1551 -53.3800 -38.7600 2 1550 44.5000 47.9100
4.2535348104e-01 3.1419674771e-01 -1.3060264130e+00
84 62 62
2 0 1724 216.3700 154.3400 1 1137 -81.1700 159.9700
