# Bundle file v0.3
3 323
7.0635146195e+02 -8.8208383609e-02 1.7426343313e-02
9.9999105615e-01 -6.4139755413e-04 4.1804586101e-03
6.1415620172e-04 9.9997859257e-01 6.5143844736e-03
-4.1845474275e-03 -6.5117587554e-03 9.9997004283e-01
1.3008817658e-02 2.2740401039e-02 -1.0852681658e-01
6.4060882959e+02 -6.3169727059e-02 -6.1845095646e-03
8.2522140850e-01 -2.1963665258e-01 5.2035504014e-01
2.0841576535e-01 9.7469000990e-01 8.0884197128e-02
-5.2494999353e-01 4.1702822866e-02 8.5011080387e-01
1.8918965319e+00 3.3779197644e-01 -2.4901907227e-01
6.9861794997e+02 -1.3357464816e-01 -1.5875841910e-02
9.8761807394e-01 -4.2368580190e-02 1.5104781837e-01
7.3117089690e-02 9.7618329286e-01 -2.0425491411e-01
-1.3879636601e-01 2.1277002175e-01 9.6719413079e-01
4.3241538824e-01 -8.0342302318e-01 -3.8345120072e-01
1.0306351349e-01 8.6597243581e-01 -3.0823704808e+00
190 200 194
3 0 10 22.2700 190.0600 2 11 7.2300 147.7200 1 15 40.2000 210.6200
4.7696341937e-02 8.4752557853e-01 -3.0858048159e+00
191 196 192
2 0 12 10.3200 186.4900 2 580 -4.8500 143.0400
6.2033282522e-01 6.4775131220e-01 -2.9539249221e+00
189 208 196
2 0 34 141.5100 148.7400 2 43 124.5300 103.9800
-2.2997280189e-01 6.4100990803e-01 -3.0567327514e+00
82 77 68
2 0 38 -51.0100 142.9600 2 602 -62.3400 94.3000
-2.2997280189e-01 6.4100990803e-01 -3.0567327514e+00
82 77 68
2 0 39 -51.0100 142.9600 2 603 -62.3400 94.3000
2.6594392145e-01 5.8471937932e-01 -2.9652679912e+00
53 84 87
2 0 50 60.8600 134.4700 2 61 48.9400 86.4100
6.4940802924e-01 5.1074692135e-01 -3.0010446457e+00
215 230 227
2 0 73 146.2600 115.8500 2 73 127.3500 75.6100
6.4727716798e-01 4.6784552839e-01 -3.0151104488e+00
208 223 219
2 0 81 145.2800 105.7800 2 86 125.9400 66.8200
-2.4459309249e-01 1.4517562305e-01 -2.9599001077e+00
214 128 160
2 0 143 -55.9600 34.2400 2 196 -57.7500 -16.5600
-7.1759029000e-01 1.1943697575e-01 -2.8398042035e+00
202 101 132
2 0 148 -170.6700 29.4900 2 720 -164.0400 -36.8600
-7.1327080958e-01 5.0617207052e-02 -2.8541934267e+00
202 93 123
2 0 166 -169.0100 12.9400 2 247 -161.1800 -51.0300
9.6526256421e-01 3.7111781143e-02 -3.1136495231e+00
208 213 205
2 0 171 209.6800 8.7300 2 179 179.6500 -11.9300
9.6526256421e-01 3.7111781143e-02 -3.1136495231e+00
208 213 205
2 0 172 209.6800 8.7300 2 180 179.6500 -11.9300
-3.6957313310e-01 1.4243663065e-02 -2.8664341859e+00
185 198 186
2 0 180 -87.4400 4.2900 2 249 -82.2600 -51.9100
-3.6957313310e-01 1.4243663065e-02 -2.8664341859e+00
185 198 186
2 0 181 -87.4400 4.2900 2 250 -82.2600 -51.9100
-6.3371929356e-01 -5.8772376599e-02 -2.8818917457e+00
101 22 23
2 0 198 -148.9800 -12.9800 2 275 -140.4100 -71.4100
3.6604387519e-01 -1.0258300819e-01 -2.6177265274e+00
106 174 81
2 0 213 95.5200 -24.8500 2 300 93.4400 -79.8300
6.6107617841e-02 -1.2342517404e-01 -2.7815186597e+00
252 45 50
2 0 226 16.6100 -28.9800 2 293 18.4600 -78.7700
-1.6317473545e-01 -1.4038802492e-01 -2.7604248791e+00
26 26 28
2 0 228 -39.8900 -33.4600 2 322 -31.7300 -88.4300
-1.7059830135e-02 -1.4946762219e-01 -2.7760815718e+00
87 14 6
2 0 233 -3.7800 -35.4500 2 318 0.5400 -86.3400
-7.0633742534e-01 -2.5351881019e-01 -2.8848578314e+00
31 104 126
2 0 255 -165.8300 -58.7900 2 383 -152.4400 -113.3800
5.4836889782e-02 -2.5663012193e-01 -2.7998341846e+00
215 220 213
2 0 259 13.7400 -61.1800 2 362 16.3800 -105.6100
2.8597489441e+00 -7.2597329334e-01 -6.2603449174e+00
79 75 80
2 0 288 309.3000 -80.9300 2 159 231.0000 -2.2000
-6.9429924847e-01 -3.9550376109e-01 -2.9049567442e+00
138 30 50
2 0 292 -161.9100 -91.5700 2 418 -146.4700 -140.3500
-5.0179893682e-01 -4.0798824594e-01 -2.8652066333e+00
27 68 28
2 0 296 -118.6100 -95.7800 2 423 -104.4900 -142.5900
-1.5242074848e-02 -4.0610318892e-01 -2.8050672987e+00
180 134 129
2 0 298 -3.3500 -97.3100 2 410 2.4000 -137.2000
2.4343974445e+00 -1.0976653028e+00 -5.5416482389e+00
82 67 77
2 0 342 297.1200 -136.1100 2 263 223.1200 -61.4700
2.3718976757e+00 -1.1834116802e+00 -5.3977175673e+00
76 55 56
2 0 371 297.1000 -150.1900 2 284 223.4200 -75.8700
2.3576645615e+00 -1.2034119256e+00 -5.3646387566e+00
120 109 111
2 0 375 297.0200 -153.6000 2 294 223.6000 -79.2500
-1.6535621083e-02 -6.1755544523e-01 -2.6987164728e+00
209 234 113
2 0 376 -3.8600 -153.7800 2 486 7.9200 -189.4700
-3.6458251646e-01 -6.3943210274e-01 -2.7020353671e+00
31 64 139
2 0 393 -90.9500 -158.9400 2 512 -68.8500 -201.7500
3.7496779627e-02 -6.3699941605e-01 -2.6750906878e+00
188 215 89
2 0 396 9.9100 -159.8500 2 500 20.6600 -194.5000
2.2388384489e+00 -1.2678220948e+00 -5.2480634259e+00
88 77 80
2 0 403 288.3500 -165.2300 2 330 216.8500 -91.6600
-3.4796250147e-01 -7.0012095365e-01 -2.6735289796e+00
11 14 13
2 0 418 -87.5600 -175.7300 2 528 -63.8000 -216.5500
2.0534898201e+00 -1.3699563027e+00 -5.0589601250e+00
72 64 71
2 0 435 274.3900 -184.8600 2 381 206.0500 -112.4800
2.0534898201e+00 -1.3699563027e+00 -5.0589601250e+00
72 64 71
2 0 436 274.3900 -184.8600 2 382 206.0500 -112.4800
2.2347139605e+00 -1.3948217751e+00 -5.0180360457e+00
110 103 110
2 0 445 300.3200 -189.0200 2 387 227.4400 -114.6500
2.2031950165e+00 -1.4869842619e+00 -4.8334223331e+00
69 68 74
2 0 483 306.6000 -208.4300 2 404 233.5900 -133.2900
-6.1881122535e-02 8.0846873162e-01 -3.0832186480e+00
184 189 184
2 0 543 -13.8600 178.1300 2 584 -27.9100 133.4200
-2.9486566373e-03 8.0655523932e-01 -3.0845042439e+00
174 175 170
2 0 544 -0.9400 177.6300 2 585 -15.1600 133.6300
5.9465523567e-01 6.9414174544e-01 -2.9250745840e+00
212 227 221
2 0 552 136.8000 160.7700 2 594 121.1500 113.6100
-2.1807922195e-01 7.1484248019e-01 -3.0867474260e+00
135 132 127
2 0 554 -48.0100 157.6300 2 595 -61.0000 111.0800
6.1118929637e-01 6.4017865243e-01 -2.9660345927e+00
127 143 124
2 0 556 138.9600 146.4800 2 45 121.7500 102.3800
6.9614769245e-01 5.8760125264e-01 -2.9587281760e+00
224 239 236
2 0 563 158.4900 134.7400 2 55 139.9900 91.8100
6.9056294140e-01 5.7428307397e-01 -2.9698650546e+00
199 210 204
2 0 566 156.8000 131.3000 2 607 137.9300 89.0300
2.6456793210e-01 5.6676728046e-01 -2.9553740501e+00
219 243 252
2 0 567 60.6100 130.7600 2 1020 49.4000 82.3300
2.2276557710e-01 5.4832723672e-01 -2.9740591855e+00
15 27 27
3 0 572 50.7700 125.7700 2 623 39.6900 77.9800 1 558 90.4100 150.7400
3.2060312648e-01 4.6060750459e-01 -2.8153181524e+00
89 154 73
2 0 577 77.3900 111.8900 2 101 69.3900 55.8300
6.3802225895e-01 4.7760488090e-01 -3.0277265070e+00
160 176 159
2 0 582 142.5700 107.5000 2 83 123.2600 69.0800
1.0250560430e+00 2.5798528635e-01 -3.1484495394e+00
198 194 197
2 0 598 219.6200 55.8700 2 116 188.6600 32.8200
7.0067876325e-01 2.0991792905e-01 -2.9881367203e+00
196 209 213
2 0 601 159.0600 48.4900 2 670 138.5800 13.1000
-1.3038325231e-01 1.8466447726e-01 -2.9973524722e+00
220 133 166
2 0 602 -29.4700 42.7200 2 681 -34.0700 -4.4800
-2.3436449559e-01 1.6380682645e-01 -2.9681097520e+00
124 199 217
2 0 605 -53.5600 38.3700 2 178 -55.8000 -11.9700
-1.2746098061e-01 1.5962938221e-01 -2.9959274164e+00
225 127 164
2 0 608 -28.9400 37.0000 2 169 -33.0000 -9.7100
9.7699143385e-01 8.3971310329e-02 -3.1240310104e+00
213 217 206
2 0 621 211.4700 18.8300 2 160 181.1200 -2.3500
1.4479811518e-02 7.5923801325e-02 -2.9546289006e+00
65 84 79
2 0 622 3.6700 18.4000 2 214 -0.8100 -27.1100
5.0657756147e-01 8.0798708756e-02 -3.1729817552e+00
37 84 0
2 0 623 108.8700 17.9500 2 165 89.2500 -7.9500
-6.6791055816e-01 9.6394041847e-03 -2.8635405991e+00
214 70 120
2 0 632 -157.7800 3.2300 2 746 -149.8800 -58.6000
-6.8987247435e-01 -4.0939314800e-02 -2.8515952034e+00
163 149 159
2 0 641 -163.5500 -8.7500 2 767 -154.0100 -70.7700
-5.6844066526e-01 -9.1961522090e-02 -2.8293820892e+00
57 82 61
2 0 644 -136.0200 -21.0900 2 779 -125.3600 -80.9700
-1.8276529048e-01 -1.2541883502e-01 -2.7570433045e+00
31 32 33
3 0 647 -44.6900 -29.8500 2 315 -36.2300 -86.2100 1 205 85.2100 -11.3300
-1.8258289865e-01 -1.2561720215e-01 -2.7532976899e+00
31 32 33
2 0 648 -44.6900 -29.8500 2 316 -36.2300 -86.2100
-5.6219023626e-01 -1.4443882707e-01 -2.8373489076e+00
46 76 57
2 0 650 -134.2100 -33.6200 2 798 -122.8500 -91.4700
5.6411143826e-02 -1.4459375951e-01 -2.7888488562e+00
100 5 4
2 0 651 14.1800 -34.0900 2 305 16.2300 -82.9300
5.6411143826e-02 -1.4459375951e-01 -2.7888488562e+00
100 5 4
2 0 652 14.1800 -34.0900 2 306 16.2300 -82.9300
-4.0963724092e-02 -1.4665300589e-01 -2.7747448096e+00
51 10 10
2 0 653 -9.6400 -34.7800 2 317 -4.7600 -86.3200
9.4531802987e-03 -1.4735656088e-01 -2.7799943720e+00
53 13 13
2 0 654 2.7200 -34.8800 2 313 6.2500 -85.0800
-2.7001122057e-02 -1.5933599443e-01 -2.7774373832e+00
240 39 35
2 0 657 -6.2500 -37.8700 2 791 -1.5800 -88.5200
-1.9970177438e-04 -1.5908032956e-01 -2.7782287399e+00
241 38 37
2 0 658 0.2500 -37.8200 2 790 4.4000 -87.8300
4.8983162824e-02 -1.8535471518e-01 -2.7851689195e+00
221 224 222
3 0 663 12.4300 -44.2700 2 799 15.0200 -92.0000 1 210 126.2400 -13.7400
2.3667404566e-02 -1.8755698912e-01 -2.7851667125e+00
219 223 222
2 0 665 6.2400 -44.6100 2 801 9.5000 -92.9500
-1.6393907881e-01 -1.9415021451e-01 -2.7638722939e+00
204 206 201
3 0 666 -39.9200 -46.7200 2 809 -31.3800 -99.9500 1 242 91.5000 -27.4400
-1.3508517352e-01 -1.9332953069e-01 -2.7664882941e+00
213 219 217
3 0 668 -32.7600 -46.5800 2 807 -25.0800 -98.8800 1 238 96.5300 -25.5600
9.2392075176e-01 -2.4968398771e-01 -3.1617694234e+00
172 175 168
2 0 672 198.2800 -52.7600 2 756 167.3600 -63.9600
5.0950586340e-02 -2.2974880177e-01 -2.7898979290e+00
218 220 217
3 0 673 12.8300 -54.7300 2 810 15.5300 -100.3200 1 236 128.4200 -24.8500
-7.0486062331e-02 -2.3691551028e-01 -2.7799989941e+00
213 216 210
2 0 675 -16.8600 -56.8100 2 361 -10.5400 -105.6100
-4.9667027006e-02 -2.3470060147e-01 -2.7789133782e+00
214 218 212
3 0 676 -11.7600 -56.2900 2 821 -6.1000 -104.3700 1 254 112.6900 -31.3800
-1.0812049923e-01 -2.3773619690e-01 -2.7766464713e+00
209 210 205
2 0 677 -26.1200 -57.0900 2 368 -18.7500 -106.8100
-1.3272635850e-01 -2.3745211904e-01 -2.7742491630e+00
216 220 215
2 0 678 -32.2200 -57.0900 2 822 -24.1100 -107.4200
-6.4125607728e-01 -2.5111300026e-01 -2.8948830052e+00
196 65 113
3 0 680 -150.0700 -57.9500 2 834 -138.2100 -110.5600 1 764 -23.5500 -74.1000
-1.6183603398e-01 -2.4005872834e-01 -2.7688130129e+00
206 207 204
3 0 681 -39.3700 -57.7900 2 827 -30.5700 -108.8200 1 284 93.8200 -39.1100
2.1108549622e-03 -2.4511706485e-01 -2.7882983492e+00
25 24 28
2 0 682 0.8500 -58.6600 2 359 5.3000 -105.1500
2.1108549622e-03 -2.4511706485e-01 -2.7882983492e+00
25 24 28
2 0 683 0.8500 -58.6600 2 360 5.3000 -105.1500
-5.6544002954e-02 -2.4990874460e-01 -2.7823570301e+00
23 24 27
2 0 684 -13.4000 -59.9200 2 824 -7.4400 -107.8800
-6.7268866977e-02 -2.6274699200e-01 -2.7826370989e+00
216 220 216
2 0 690 -16.0600 -63.0700 2 380 -9.6400 -110.7400
-7.0203001063e-01 -2.7405304163e-01 -2.8823195017e+00
153 42 75
3 0 692 -164.8500 -63.6000 2 1184 -151.1300 -117.9000 1 1126 -34.7600 -84.2900
-9.8737456600e-02 -2.6469378680e-01 -2.7784812023e+00
210 214 207
2 0 694 -23.7900 -63.6400 2 839 -16.4400 -112.1300
-1.2606751937e-01 -2.6796967879e-01 -2.7797707544e+00
207 213 205
2 0 696 -30.4700 -64.4200 2 842 -22.4900 -113.2800
-1.3986911075e-01 -2.7719009719e-01 -2.7730872513e+00
28 24 29
3 0 701 -33.8900 -66.8800 2 389 -25.3800 -115.8600 1 297 99.2000 -46.7700
-1.3994108902e-01 -2.7777729961e-01 -2.7768241006e+00
28 24 29
2 0 702 -33.8900 -66.8800 2 390 -25.3800 -115.8600
-8.1350405092e-02 -2.9255566993e-01 -2.7890091418e+00
20 22 25
2 0 703 -19.5400 -70.2400 2 844 -12.5400 -116.6800
-8.1350405092e-02 -2.9255566993e-01 -2.7890091418e+00
20 22 25
2 0 704 -19.5400 -70.2400 2 845 -12.5400 -116.6800
5.6081125859e-02 -3.0161817653e-01 -2.8035171266e+00
221 226 222
2 0 705 13.9300 -72.0500 2 385 16.9700 -114.5200
-4.8906277242e-01 -3.8884110071e-01 -2.8692529326e+00
35 59 35
2 0 717 -115.5900 -91.2000 2 411 -101.9300 -138.0500
6.1738889244e-02 -4.0254980636e-01 -2.8134784590e+00
192 144 139
2 0 725 15.2700 -96.1500 2 405 18.5700 -134.1100
6.1738889244e-02 -4.0254980636e-01 -2.8134784590e+00
192 144 139
2 0 726 15.2700 -96.1500 2 406 18.5700 -134.1100
4.1866104092e-02 -4.0431041397e-01 -2.8125468979e+00
177 131 128
2 0 727 10.5000 -96.6000 2 862 14.3400 -134.9900
-3.2672491194e-02 -4.0711645919e-01 -2.8019667760e+00
184 146 147
2 0 730 -7.5600 -97.6500 2 412 -1.2700 -138.0600
-7.3415281724e-02 -4.0896253052e-01 -2.7995034843e+00
184 142 140
2 0 731 -17.4900 -98.2000 2 415 -9.9600 -139.5100
-5.2752150818e-02 -4.0736563486e-01 -2.8002336811e+00
172 135 131
2 0 732 -12.4800 -97.7900 2 414 -5.5100 -138.6700
-9.5893143082e-02 -4.1076155581e-01 -2.7969948724e+00
176 129 125
2 0 734 -23.0300 -98.7500 2 419 -14.6800 -140.5400
1.0410187980e+00 -4.9445750321e-01 -3.1764126167e+00
102 87 80
2 0 740 221.7600 -104.4400 2 358 186.0100 -104.6100
-6.4874014879e-01 -4.9009164773e-01 -2.9254811803e+00
103 147 162
2 0 746 -150.1900 -112.8700 2 442 -134.5600 -156.4600
-4.1531335606e-01 -4.9030727308e-01 -2.8949351236e+00
111 141 99
2 0 747 -97.3200 -114.2600 2 438 -84.3700 -154.5100
2.6174167473e+00 -9.8098760809e-01 -5.7786573070e+00
60 56 62
2 0 752 306.4900 -117.0100 2 233 229.8900 -40.8500
-4.0167718956e-01 -5.0597047058e-01 -2.9017886984e+00
38 50 32
2 0 753 -93.8800 -117.6600 2 885 -81.2900 -156.7100
-6.7821720540e-01 -5.3681394778e-01 -2.9117943228e+00
152 30 61
2 0 761 -157.5900 -124.1500 2 890 -140.0400 -167.4100
-5.0047159973e-01 -5.6545205987e-01 -2.8831686929e+00
43 71 50
2 0 765 -117.6400 -132.2600 2 893 -101.2500 -171.9900
1.1226985991e-01 -5.7438969146e-01 -2.8484338885e+00
227 43 34
2 0 766 27.0800 -135.8900 2 887 29.0900 -163.7800
2.4474891703e+00 -1.1148442403e+00 -5.4982272938e+00
118 112 117
2 0 769 300.9100 -139.1700 2 758 226.4900 -64.5000
2.4369464769e+00 -1.1862964421e+00 -5.3794976033e+00
128 115 121
2 0 785 305.9300 -150.9000 2 285 231.0000 -76.0600
2.4369464769e+00 -1.1862964421e+00 -5.3794976033e+00
128 115 121
2 0 786 305.9300 -150.9000 2 286 231.0000 -76.0600
-1.6580869462e-01 -6.5861347386e-01 -2.7472582320e+00
47 30 4
2 0 794 -40.8000 -161.4000 2 909 -25.4900 -196.0800
2.2946478910e+00 -1.2582657122e+00 -5.2745532258e+00
136 126 134
2 0 799 294.0000 -163.1000 2 794 221.3100 -89.0400
2.3013945791e+00 -1.3476555966e+00 -5.0854344940e+00
117 105 109
2 0 827 305.1200 -180.3800 2 365 231.3300 -105.8500
2.0564342933e-01 -7.1595740233e-01 -2.6418616408e+00
129 137 119
2 0 829 53.6000 -181.3200 2 1253 58.4600 -209.6400
2.1635187623e+00 -1.3652664021e+00 -5.0887586997e+00
119 110 114
2 0 831 287.1500 -182.9500 2 831 216.3800 -109.3700
2.2370435813e+00 -1.3810920268e+00 -5.0485361373e+00
94 79 84
2 0 832 299.0500 -186.1000 2 840 226.0100 -111.9100
2.1352019315e+00 -1.4523250727e+00 -4.9226725201e+00
113 110 118
2 0 845 292.5100 -200.4400 2 858 221.3800 -126.4200
8.4201873840e-01 -9.3992840628e-01 -2.6569783422e+00
145 145 146
2 0 891 211.8300 -234.7000 2 958 188.0600 -232.1300
-6.2259562808e-02 7.8131743253e-01 -3.0771298194e+00
140 140 132
3 0 922 -13.9500 172.7100 2 991 -27.6000 127.4500 1 962 15.4500 190.3700
-6.2379051627e-02 7.8157995706e-01 -3.0760161105e+00
140 140 132
2 0 923 -13.9500 172.7100 2 992 -27.6000 127.4500
2.3963888873e-01 5.4345480377e-01 -2.9641398998e+00
187 213 222
3 0 945 54.8700 125.2700 2 1025 43.7600 76.8200 1 988 94.8400 150.4700
2.5400204384e-01 4.4129417316e-01 -2.8879959372e+00
47 72 31
3 0 954 59.6800 104.9100 2 1036 51.3200 52.5600 1 999 113.3700 132.6400
-7.7654376060e-01 4.2386295464e-01 -2.9962528134e+00
160 157 154
2 0 961 -175.1500 96.5000 2 654 -180.9000 37.0100
7.2468294915e-01 3.2660283492e-01 -2.9599084691e+00
214 232 233
3 0 967 165.6400 74.9700 2 652 145.3700 37.1100 1 579 178.5400 115.4700
6.9575014935e-01 1.7905577913e-01 -3.0052678578e+00
172 187 178
2 0 985 157.2400 41.3100 2 671 136.2600 7.3500
-4.1742963445e-01 1.4113842509e-01 -2.9206871432e+00
146 178 192
2 0 987 -97.0100 33.6700 2 1083 -95.3600 -22.2500
-7.5986505039e-01 9.8692570040e-02 -2.8437589622e+00
188 119 139
3 0 993 -180.4600 24.5900 2 1093 -173.1500 -42.1600 1 1079 -67.0100 12.9400
-6.9579279781e-01 5.5040932999e-02 -2.8590901686e+00
100 176 182
3 0 1000 -164.6600 14.0100 2 1099 -157.0900 -49.5600 1 1081 -50.5100 4.2500
-6.9579279781e-01 5.5040932999e-02 -2.8590901686e+00
100 176 182
3 0 1001 -164.6600 14.0100 2 1100 -157.0900 -49.5600 1 1082 -50.5100 4.2500
-4.7467303647e-01 -1.2337586773e-02 -2.8448428003e+00
78 101 86
2 0 1006 -113.1100 -2.0200 2 751 -105.4300 -60.9400
-6.6264380155e-01 -5.9258433525e-02 -2.8774533474e+00
203 60 111
2 0 1015 -156.0400 -13.1400 2 1118 -146.8900 -72.3000
-3.0147240084e-01 -6.4689375046e-02 -2.7256230013e+00
131 76 46
2 0 1016 -74.3900 -14.7800 2 1123 -64.1900 -77.4700
-6.4304784480e-01 -7.4286415308e-02 -2.8733918704e+00
194 97 113
2 0 1018 -151.5200 -16.6400 2 1122 -142.3400 -75.5100
9.4399464702e-01 -8.4632736803e-02 -3.1524938821e+00
201 211 200
2 0 1019 203.0400 -17.4500 2 714 172.1700 -33.6200
-6.6156758209e-01 -8.4194542214e-02 -2.8767891868e+00
210 64 116
3 0 1020 -155.7300 -19.0900 2 1126 -146.1000 -78.0100 1 720 -36.2800 -30.9700
-5.5932782061e-01 -1.1744800129e-01 -2.8360942993e+00
40 54 42
3 0 1022 -133.5900 -27.3300 2 1141 -122.6100 -86.0600 1 1105 -5.5000 -32.7700
-8.1304872712e-03 -1.3444286122e-01 -2.7765241584e+00
248 42 39
3 0 1024 -1.6000 -31.6000 2 1134 2.4300 -83.0200 1 684 115.0400 -4.8700
-8.2436638109e-03 -1.3368066570e-01 -2.7731466591e+00
248 42 39
2 0 1025 -1.6000 -31.6000 2 1135 2.4300 -83.0200
-1.2436490168e-01 -1.3813565027e-01 -2.7627017047e+00
207 213 209
2 0 1028 -30.2500 -32.8500 2 1144 -23.1200 -87.0300
-1.2436490168e-01 -1.3813565027e-01 -2.7627017047e+00
207 213 209
2 0 1030 -30.2500 -32.8500 2 1145 -23.1200 -87.0300
3.5796932790e-02 -1.7470547160e-01 -2.7869983524e+00
32 23 22
2 0 1035 9.2300 -41.4300 2 797 11.9500 -89.8800
-1.7777159364e-01 -1.8407924238e-01 -2.7611378334e+00
32 29 37
3 0 1037 -43.3200 -44.2800 2 1161 -34.5900 -98.3400 1 712 88.7500 -25.7000
-1.4957635797e-01 -1.8304429572e-01 -2.7666449419e+00
27 26 32
3 0 1039 -36.3400 -43.9200 2 1157 -28.3800 -97.0600 1 1095 93.1900 -23.9400
-1.1335917628e-02 -1.8937570524e-01 -2.7807356098e+00
223 222 222
2 0 1040 -2.3400 -45.1400 2 803 1.9900 -94.3600
-1.1335917628e-02 -1.8937570524e-01 -2.7807356098e+00
223 222 222
2 0 1041 -2.3400 -45.1400 2 804 1.9900 -94.3600
7.6600764462e-03 -2.1326307944e-01 -2.7893268196e+00
30 28 29
2 0 1047 2.2400 -50.8600 2 1162 6.1500 -98.3200
7.6600764462e-03 -2.1326307944e-01 -2.7893268196e+00
30 28 29
2 0 1048 2.2400 -50.8600 2 1163 6.1500 -98.3200
1.6612355374e-02 -2.3302126452e-01 -2.7910791502e+00
216 221 219
2 0 1049 4.7100 -55.5100 2 814 7.9200 -102.3000
3.7052794987e-02 -2.4066237609e-01 -2.7938248462e+00
33 31 31
2 0 1051 9.4000 -57.4400 2 815 12.6500 -103.1000
3.6872184442e-02 -2.4049314448e-01 -2.7883345020e+00
33 31 31
3 0 1052 9.4000 -57.4400 2 816 12.6500 -103.1000 1 718 126.7000 -27.9700
-7.1870926162e-01 -2.5843747406e-01 -2.8816188331e+00
130 199 195
3 0 1054 -168.7900 -59.8100 2 1180 -155.3100 -114.6700 1 1125 -39.3100 -81.7800
-1.4562418255e-01 -2.4726072075e-01 -2.7692374792e+00
24 23 26
3 0 1055 -35.4100 -59.5600 2 832 -26.8800 -109.8600 1 737 97.2400 -39.9600
-1.4574000692e-01 -2.4748845443e-01 -2.7735571367e+00
24 23 26
2 0 1056 -35.4100 -59.5600 2 833 -26.8800 -109.8600
1.8923989426e-02 -2.5139713718e-01 -2.7912388313e+00
28 26 29
2 0 1057 5.0300 -60.0900 2 1173 8.8400 -105.9300
1.8923989426e-02 -2.5139713718e-01 -2.7912388313e+00
28 26 29
2 0 1058 5.0300 -60.0900 2 1174 8.8400 -105.9300
-1.1591088731e-01 -2.5427926266e-01 -2.7746146841e+00
24 22 30
2 0 1059 -28.0900 -61.2000 2 835 -20.1900 -110.5800
-1.1591088731e-01 -2.5427926266e-01 -2.7746146841e+00
24 22 30
2 0 1060 -28.0900 -61.2000 2 836 -20.1900 -110.5800
-1.7096884049e-02 -2.6200272003e-01 -2.7866695491e+00
210 215 207
2 0 1061 -3.7400 -62.7700 2 829 1.2000 -109.2500
6.7019501467e-02 -2.6830604320e-01 -2.7975255323e+00
43 15 12
2 0 1062 16.7500 -64.0400 2 1175 19.1700 -107.9700
6.7787051573e-02 -2.8800213444e-01 -2.8017214255e+00
40 15 15
2 0 1066 16.8400 -68.7600 2 1176 19.4000 -111.6500
-1.4131414826e-02 -3.0295185526e-01 -2.7947323254e+00
209 213 207
2 0 1071 -3.1000 -72.6000 2 1182 2.0500 -116.9800
-7.1169948635e-02 -3.0618313716e-01 -2.7876538122e+00
207 210 205
2 0 1072 -17.1100 -73.6100 2 849 -10.0700 -119.3700
-9.0939724793e-02 -3.0704126671e-01 -2.7857754213e+00
202 210 202
2 0 1074 -21.8400 -73.8200 2 1186 -14.4600 -120.1800
2.3882703369e-02 -4.0576037904e-01 -2.8097945104e+00
187 139 135
2 0 1085 6.1700 -97.0400 2 864 10.5900 -135.9100
7.5874474047e-02 -4.1714071383e-01 -2.8231979404e+00
47 10 6
2 0 1086 18.4900 -99.4000 2 865 21.4500 -135.8400
-6.2366440943e-01 -4.3464524899e-01 -2.9153751835e+00
52 149 181
2 0 1088 -144.9400 -100.3900 2 872 -130.3400 -145.9400
-8.3811568104e-02 -4.2185932644e-01 -2.7867463067e+00
25 23 23
3 0 1091 -20.0700 -101.9300 2 867 -11.9900 -142.7900 1 766 115.0300 -78.2600
-4.2359643265e-01 -4.7167657718e-01 -2.8912348132e+00
41 56 40
2 0 1100 -99.1800 -109.9300 2 1207 -86.6400 -151.4700
-6.9540007322e-01 -5.1713458691e-01 -2.9071761450e+00
176 75 101
3 0 1106 -161.7300 -119.7100 2 1213 -144.4500 -163.9300 1 1181 -21.5600 -147.0300
2.4052073944e+00 -1.1403801527e+00 -5.4414685941e+00
88 75 74
2 0 1115 298.8900 -143.6900 2 765 224.8100 -69.5100
5.5949655997e-01 -6.7412958520e-01 -2.7174264024e+00
130 129 124
2 0 1134 139.7100 -165.7100 2 1230 127.9800 -184.5800
-4.4497330277e-01 -6.9805469885e-01 -2.6910797094e+00
33 67 49
2 0 1142 -111.4800 -174.1200 2 1258 -85.5700 -216.3500
-9.8292006402e-02 -7.0567133088e-01 -2.6446198085e+00
36 38 41
2 0 1146 -24.8600 -179.1000 2 1441 -7.2900 -214.6600
-3.5684187578e-01 -7.1755825039e-01 -2.6565196365e+00
29 59 51
2 0 1151 -90.3400 -181.1700 2 1266 -65.2300 -222.1000
2.1833635966e+00 -1.5498625255e+00 -4.7344866652e+00
118 116 119
2 0 1184 309.9000 -221.2100 2 1203 236.3400 -145.3300
1.9441653034e+00 -1.5562846969e+00 -4.7398067679e+00
89 76 81
2 0 1185 276.4500 -222.7400 2 875 209.3000 -149.2700
1.9441653034e+00 -1.5562846969e+00 -4.7398067679e+00
89 76 81
2 0 1186 276.4500 -222.7400 2 876 209.3000 -149.2700
8.7959639578e-01 -9.3252085536e-01 -2.6819516707e+00
180 189 180
2 0 1207 218.7900 -230.8900 2 947 193.7900 -226.8700
4.4897715359e-01 8.9526726415e-01 -3.0141591557e+00
189 198 194
2 0 1229 99.5900 200.6200 2 986 84.3600 157.3800
1.0555649856e+00 2.5353295152e-01 -3.1664205533e+00
67 61 59
2 0 1276 225.2300 54.7500 2 1043 192.3000 32.7100
-5.4039876462e-01 1.6122714603e-01 -2.8764718933e+00
151 198 199
2 0 1286 -127.3600 38.9000 2 1082 -123.4600 -22.2900
7.5885233669e-01 1.4706530057e-01 -3.0778803363e+00
206 217 215
2 0 1290 167.1300 33.0800 2 1361 143.7600 4.9200
-5.3627104319e-01 1.2648442699e-01 -2.8953771388e+00
131 174 192
3 0 1291 -125.6700 30.0600 2 1086 -121.7400 -28.9000 1 1070 -22.5900 30.8600
8.9268008028e-01 6.4580526429e-02 -3.1382571030e+00
126 119 111
2 0 1300 192.9100 14.6700 2 686 164.2000 -6.8300
-6.5223558429e-01 -4.7988661697e-03 -2.8760008097e+00
202 101 120
3 0 1307 -153.5500 -0.4500 2 1107 -145.6800 -60.8700 1 1086 -38.8100 -9.2700
-4.8988832890e-01 -1.2435974755e-01 -2.8494832828e+00
64 106 78
3 0 1321 -116.5600 -28.7200 2 1136 -106.8200 -85.0400 1 1100 8.4600 -30.6400
3.7060763280e-02 -1.3069127542e-01 -2.7798401398e+00
252 43 39
2 0 1322 9.4700 -30.8000 2 1131 12.2200 -80.9900
-6.0135029978e-02 -1.3603727191e-01 -2.7684145916e+00
214 218 210
2 0 1324 -14.3800 -32.2500 2 1395 -8.9300 -84.8900
3.8747421181e-02 -1.5067025312e-01 -2.7862210661e+00
253 39 39
2 0 1327 9.8500 -35.6200 2 1140 12.5300 -84.7400
-9.4169985462e-02 -1.5918466859e-01 -2.7687880276e+00
206 211 205
2 0 1329 -22.7000 -37.9200 2 1151 -16.3500 -90.5200
-4.8870440255e-02 -1.9551650388e-01 -2.7787793713e+00
215 218 214
2 0 1334 -11.5300 -46.6800 2 1156 -6.1900 -96.5700
-9.0284213673e-02 -1.9537030711e-01 -2.7710067302e+00
203 206 199
3 0 1335 -21.8300 -47.1200 2 1159 -15.0400 -98.0300 1 1096 104.1800 -23.4400
-1.4344673644e-02 -2.2453767362e-01 -2.7891101983e+00
209 214 209
2 0 1336 -3.1100 -53.6100 2 1402 1.4100 -101.1600
-8.6864175494e-02 -2.4644403937e-01 -2.7724403403e+00
27 28 33
2 0 1339 -20.9900 -59.3200 2 1406 -13.7600 -108.5000
-1.2385304149e-01 -2.9769413037e-01 -2.7818489060e+00
211 212 205
2 0 1340 -29.9400 -71.6500 2 1185 -21.6800 -119.2400
-1.7748274877e-01 -3.0064057904e-01 -2.7740819874e+00
46 21 20
2 0 1342 -43.1400 -72.5500 2 1413 -33.3500 -121.6300
-4.9189410175e-01 -3.6633550669e-01 -2.8657922672e+00
97 159 103
2 0 1347 -116.1300 -85.8500 2 1201 -103.2200 -134.0200
-5.0652706209e-01 -3.9268348408e-01 -2.8668946670e+00
92 161 100
2 0 1348 -119.8700 -92.2000 2 1202 -105.6000 -139.3300
1.0375317784e+00 -4.7042517480e-01 -3.1315748525e+00
25 26 23
2 0 1350 223.9800 -100.6800 2 1168 189.0200 -103.2800
4.7572538813e-01 -5.2648950472e-01 -3.0258898262e+00
127 136 130
2 0 1354 107.1900 -117.3100 2 1198 92.6600 -132.2700
2.3751098533e+00 -1.1204068945e+00 -5.4673073662e+00
110 101 110
2 0 1361 294.0500 -140.6200 2 1111 220.4500 -66.9300
2.4888371244e+00 -1.1978762730e+00 -5.3969069483e+00
102 91 95
2 0 1367 311.4100 -151.7300 2 1392 235.1400 -76.1900
-2.4345820597e-01 -6.3925340531e-01 -2.7836487429e+00
29 24 17
2 0 1369 -59.0200 -154.6400 2 1571 -43.6200 -190.5300
5.7672001149e-01 -6.3940962602e-01 -2.7380438108e+00
122 135 130
2 0 1371 142.4400 -156.2600 2 1223 130.7200 -175.2400
-2.1801602801e-01 -7.4402597485e-01 -2.5897634229e+00
183 203 199
2 0 1393 -56.4300 -192.4600 2 1594 -32.1500 -231.5700
4.9458292331e-02 8.1250084165e-01 -3.0938217671e+00
165 166 158
2 0 1441 10.4100 178.3300 2 1479 -4.1200 135.5500
-6.2684833159e-01 7.1229468112e-01 -3.0295379403e+00
177 176 171
2 0 1448 -139.6100 159.6800 2 1484 -152.0600 104.4400
5.6955557609e-01 6.4198468145e-01 -3.0706244093e+00
93 96 81
2 0 1451 125.4900 142.1500 2 1485 106.0900 103.6400
-8.3057083823e-01 4.2515059161e-01 -3.0334423931e+00
111 91 84
2 0 1457 -185.2600 95.4500 2 1498 -191.9700 37.8200
6.9913622746e-01 3.6547070130e-01 -2.9933663920e+00
108 112 91
2 0 1464 158.1300 83.4600 2 1341 137.9500 45.4400
7.2997162549e-01 3.6274036693e-01 -2.9691895979e+00
212 229 227
2 0 1465 166.2200 83.4400 2 1343 146.0100 44.5900
-7.1253769575e-01 3.2783656403e-02 -2.8559150620e+00
101 176 185
3 0 1494 -168.6900 8.4400 2 1526 -160.4000 -55.4100 1 1520 -53.0500 -2.0700
-4.3572458748e-01 9.8453043306e-03 -2.8511926170e+00
78 89 73
2 0 1495 -103.6600 3.2500 2 1385 -96.9600 -54.9900
-7.0629070748e-01 -1.1431476021e-02 -2.8623770878e+00
101 180 186
3 0 1497 -166.9700 -1.8100 2 1529 -158.0100 -64.0200 1 1523 -49.3500 -14.3200
-4.3645634900e-01 -5.5608138698e-02 -2.8579073671e+00
74 88 75
2 0 1501 -103.4000 -12.2400 2 1531 -96.2600 -68.7800
-2.6765696389e-01 -1.5602912732e-01 -2.7520802046e+00
148 89 55
2 0 1503 -65.5100 -37.2900 2 1399 -55.3600 -94.7000
-1.5636676984e-01 -1.5984692103e-01 -2.7616716334e+00
210 215 211
3 0 1504 -38.2400 -38.1200 2 1398 -29.9600 -92.2600 1 1366 91.6500 -18.9700
-1.1206953338e-01 -1.8690313095e-01 -2.7667276644e+00
24 25 27
2 0 1505 -27.1400 -44.7700 2 1401 -19.9600 -96.9300
-1.2277375643e-01 -2.1572740198e-01 -2.7716860682e+00
24 22 23
3 0 1506 -29.7400 -51.6400 2 1403 -22.1500 -102.8000 1 1371 99.3100 -30.8500
-1.2277375643e-01 -2.1572740198e-01 -2.7716860682e+00
24 22 23
3 0 1507 -29.7400 -51.6400 2 1404 -22.1500 -102.8000 1 1372 99.3100 -30.8500
-6.8014521707e-01 -2.4704078202e-01 -2.8851329244e+00
107 165 175
2 0 1509 -159.7400 -57.2900 2 1548 -146.7400 -111.5100
-3.1160337147e-02 -2.4218051551e-01 -2.7866800565e+00
28 24 28
2 0 1510 -7.2400 -57.9700 2 1405 -2.0100 -105.3700
-6.2477169329e-01 -2.6970603459e-01 -2.8994266193e+00
110 170 165
3 0 1511 -146.0400 -62.6400 2 1408 -134.0800 -113.9800 1 1386 -19.5300 -77.1600
-1.7227350192e-01 -2.5829600039e-01 -2.7674583427e+00
26 27 28
3 0 1512 -41.9300 -62.5700 2 1409 -32.6400 -113.1800 1 1377 92.9000 -43.8200
-1.9413492916e-01 -3.3287206020e-01 -2.7737590876e+00
211 183 41
3 0 1521 -47.1900 -80.9100 2 1554 -36.6900 -128.8900 1 1384 91.5900 -63.2500
-2.8356440622e-01 -6.3839932305e-01 -2.8096479913e+00
112 113 107
2 0 1529 -67.5200 -152.7800 2 1688 -53.4800 -189.1000
6.1562858777e-01 -6.5416128275e-01 -2.7186391573e+00
80 114 41
2 0 1531 153.9900 -160.3700 2 1429 138.7300 -179.4600
-2.0016533389e-01 -6.8314027397e-01 -2.6806428694e+00
39 48 43
2 0 1537 -49.8600 -171.0200 2 1579 -31.5800 -209.0500
-3.4853838792e-02 7.9251144808e-01 -3.0601197156e+00
181 182 174
2 0 1588 -7.8000 176.0300 2 1481 -21.4400 130.0100
-2.0790969777e-01 7.1996893585e-01 -3.0899216991e+00
146 145 140
2 0 1592 -45.8200 158.5500 2 1613 -58.8100 112.4000
1.0461027743e+00 7.5077172482e-01 -3.1793361743e+00
193 200 202
2 0 1593 220.2400 158.9600 2 1480 191.3200 131.2500
-2.1593982757e-01 6.7231777217e-01 -3.0683395184e+00
190 195 191
2 0 1594 -47.7100 149.3000 2 1617 -59.8400 101.5100
-4.4497694390e-02 2.2970942205e-01 -3.0038885364e+00
235 112 161
2 0 1610 -9.9300 52.8400 2 1638 -16.3000 6.6700
-5.1360690107e-01 1.7043403346e-01 -2.8973244786e+00
220 92 138
2 0 1618 -120.2000 40.7900 2 1650 -117.5000 -18.7300
-6.3023252166e-01 1.5682528542e-01 -2.8650870305e+00
215 78 128
2 0 1619 -148.8400 38.0400 2 1653 -144.1900 -25.5200
-7.1911773204e-01 1.4907014894e-01 -2.8447801686e+00
188 146 152
2 0 1623 -170.6900 36.5000 2 1518 -164.9900 -30.0200
-6.1468896653e-01 8.4206608619e-02 -2.8804315912e+00
215 84 131
3 0 1627 -144.6200 21.3500 2 1658 -138.7500 -40.5100 1 1628 -35.8900 15.4700
-6.1468896653e-01 8.4206608619e-02 -2.8804315912e+00
215 84 131
3 0 1628 -144.6200 21.3500 2 1659 -138.7500 -40.5100 1 1629 -35.8900 15.4700
-6.7815782187e-01 2.8939116963e-02 -2.8622062297e+00
205 82 128
2 0 1630 -160.2600 7.8000 2 1525 -152.6300 -54.6700
-4.2275657067e-01 -2.3210448249e-02 -2.8603874950e+00
55 71 62
2 0 1633 -100.1300 -4.5600 2 1663 -93.6700 -61.3800
-5.5961937633e-01 -3.7047522171e-02 -2.8305198480e+00
73 93 68
2 0 1634 -133.9200 -7.9400 2 1664 -124.3500 -68.8300
-5.1214628231e-01 -1.0557110878e-01 -2.8413914903e+00
85 163 117
2 0 1636 -122.3400 -24.3900 2 1534 -112.0600 -81.8200
8.0870570944e-03 -1.1477036926e-01 -2.7752341417e+00
72 10 10
2 0 1638 2.4300 -26.9300 2 1533 5.7800 -78.5200
-2.0105724170e-01 -1.6975005748e-01 -2.7598629403e+00
205 208 201
3 0 1640 -49.1500 -40.7000 2 1537 -39.9400 -95.7200 1 1529 83.7600 -23.6500
-1.5299800870e-01 -2.1248563464e-01 -2.7661789744e+00
209 210 205
3 0 1641 -37.1400 -51.7300 2 1546 -28.8000 -103.7400 1 1370 93.9500 -30.5900
-9.0600952651e-02 -2.1549433850e-01 -2.7723608958e+00
106 107 102
3 0 1642 -22.0500 -51.1700 2 1543 -15.0000 -101.1700 1 1531 105.6400 -29.9700
1.0324082205e+00 -5.1899495707e-01 -3.1822097788e+00
107 100 95
2 0 1651 219.4300 -109.5300 2 1547 184.1100 -108.6200
-4.5334893572e-01 -5.1619204531e-01 -2.8863572121e+00
30 40 27
2 0 1654 -106.6100 -120.6700 2 1681 -91.9200 -161.0600
-5.0975305916e-01 -5.3536465950e-01 -2.8810504447e+00
92 155 98
2 0 1655 -119.7800 -125.2200 2 1564 -103.9300 -166.6000
-4.0732466958e-01 -5.4822252023e-01 -2.9028503696e+00
78 157 106
2 0 1656 -95.1900 -127.4900 2 1682 -81.7700 -164.9200
5.8932054966e-01 -6.7060032728e-01 -2.7368742467e+00
19 19 15
2 0 1666 146.3000 -163.5800 2 1686 132.3900 -181.4300
-4.4700613362e-01 -7.2670047435e-01 -2.6465029386e+00
21 58 47
2 0 1671 -113.9000 -184.1600 2 1696 -84.9200 -226.9600
-9.8377360872e-02 7.3615636863e-01 -3.1003195966e+00
179 181 177
2 0 1691 -21.7800 161.5400 2 1710 -35.4200 117.3200
-2.5441649629e-01 7.0240159453e-01 -3.0713661540e+00
194 199 192
2 0 1694 -56.3100 155.6400 2 1715 -68.5200 107.7700
6.7935649901e-01 4.3591109858e-01 -2.9957013646e+00
211 232 228
2 0 1702 153.3500 99.2100 2 1625 133.8800 60.0500
8.5471854073e-01 -9.3572218970e-03 -3.1785650658e+00
69 55 43
2 0 1721 182.4700 -1.3900 2 1651 154.3600 -19.6200
8.5471854073e-01 -9.3572218970e-03 -3.1785650658e+00
69 55 43
2 0 1722 182.4700 -1.3900 2 1652 154.3600 -19.6200
-5.1452119088e-01 -6.5484572283e-02 -2.8344428536e+00
59 80 64
2 0 1727 -123.2300 -14.8500 2 1665 -113.3000 -73.7300
-1.5533669168e-01 -9.5841695956e-02 -2.7557956573e+00
216 218 214
2 0 1729 -37.8700 -22.4500 2 1666 -30.5400 -79.0700
-5.0366355739e-01 -1.8275384703e-01 -2.8490214834e+00
43 48 43
2 0 1731 -119.8700 -42.6800 2 1745 -108.8800 -97.5400
-4.9764079868e-02 -2.8805955418e-01 -2.7922726149e+00
210 214 213
2 0 1736 -11.6600 -68.9900 2 1674 -5.9300 -114.9200
-4.3102495308e-01 -3.3075569830e-01 -2.8781704849e+00
106 168 103
2 0 1737 -101.5900 -77.2600 2 1676 -90.3300 -124.4200
-4.3102495308e-01 -3.3075569830e-01 -2.8781704849e+00
106 168 103
2 0 1738 -101.5900 -77.2600 2 1677 -90.3300 -124.4200
8.7990841466e-01 -7.0972070045e-01 -2.6221778696e+00
50 30 21
2 0 1751 224.3000 -179.6900 2 1572 200.9300 -191.3600
5.6782436853e-01 -5.7835074399e-01 -2.7307959793e+00
12 17 11
2 0 1793 140.2600 -141.8700 2 1751 130.0500 -164.0700
5.6782436853e-01 -5.7835074399e-01 -2.7307959793e+00
12 17 11
2 0 1794 140.2600 -141.8700 2 1752 130.0500 -164.0700
1.9499077450e-01 -6.5549927539e-01 -2.6701561029e+00
244 254 81
2 0 1796 50.1400 -164.4900 2 1811 54.7600 -194.9100
-3.8159076725e-01 5.8702455151e-01 -3.0047271760e+00
177 177 169
2 0 1807 -85.3500 133.5100 2 1822 -95.3600 79.0600
-4.5394737803e-01 2.7983863963e-01 -2.8995418618e+00
55 176 222
2 0 1811 -106.0300 66.4200 2 1828 -105.9300 6.4800
-4.4699344499e-01 -1.8406457177e-01 -2.8645670242e+00
95 180 128
2 0 1825 -105.7500 -42.7500 2 1794 -96.3700 -95.6300
-4.7589573075e-01 -2.7475182399e-01 -2.8795051932e+00
39 33 35
2 0 1827 -112.2900 -64.0800 2 1836 -100.9600 -113.6600
-4.8525071700e-01 -4.6773221156e-01 -2.8817639147e+00
95 167 100
2 0 1831 -113.8700 -109.2500 2 1839 -100.0500 -152.8400
-4.8525071700e-01 -4.6773221156e-01 -2.8817639147e+00
95 167 100
2 0 1832 -113.8700 -109.2500 2 1838 -100.0500 -152.8400
5.9777209405e-01 -4.9951766439e-01 -2.8467838848e+00
110 180 91
2 0 1833 141.9900 -117.7900 2 1837 128.1100 -138.2500
-1.8857580122e-01 -6.0310280857e-01 -2.7560425775e+00
233 232 75
2 0 1836 -45.5900 -147.0300 2 1807 -32.0900 -185.2500
2.2384523878e-01 -6.0167907297e-01 -2.6675484266e+00
28 25 18
2 0 1837 57.2600 -151.1800 2 1805 61.1700 -183.6000
-6.0408539487e-01 -2.4758094759e-02 -2.8597370718e+00
19 21 20
3 0 1854 -142.7500 -5.7500 2 1864 -135.0300 -65.1900 1 1816 -24.2600 -11.0400
1.1059732635e+00 5.2720234908e-01 -3.1751950948e+00
30 25 25
2 0 1874 234.2700 112.3200 2 1875 201.6900 86.8900
-4.5793808867e-01 -1.3826043186e-01 -2.8673940178e+00
110 185 119
3 0 1880 -108.3600 -32.7900 2 1869 -99.0200 -87.3000 1 1818 12.7800 -30.7000
-6.5453441693e-01 -3.5209482720e-01 -2.8899695985e+00
169 184 140
2 0 1883 -153.2000 -81.7400 2 1888 -139.1100 -132.2900
-1.1438519069e-01 -3.7290984050e-01 -2.7938877463e+00
15 15 15
2 0 1884 -27.0600 -89.4400 2 1873 -19.5600 -133.8000
-5.4459441850e-01 -2.5829259982e-01 -2.8623879922e+00
31 36 27
2 0 1898 -128.5600 -60.2200 2 1885 -117.0300 -113.3200
-3.1105978476e-01 -5.4353426880e-01 -2.8936446219e+00
48 42 32
2 0 1903 -73.2900 -126.9900 2 1902 -60.9000 -162.6200
7.0922217108e-01 -5.0498061878e-01 -2.8263509616e+00
138 142 139
2 0 1911 170.0600 -119.3600 2 1910 150.7600 -138.7600
-1.0991462011e-01 -5.3836893809e-01 -2.7689425293e+00
218 196 48
2 0 1915 -26.1400 -130.6200 2 1911 -16.0800 -169.3500
-5.9506500140e-01 3.8787648924e-01 -2.9348745141e+00
230 230 235
2 0 94 -137.3400 90.0900 1 1476 -56.0300 94.0500
6.4095045399e-01 -6.7056075039e-01 -2.6442478738e+00
71 96 33
2 0 407 163.6300 -168.5800 1 351 263.6800 -88.0400
6.7477266390e-01 3.9039462726e-01 -2.9987909241e+00
146 156 142
2 0 588 152.3300 88.6800 1 86 162.8000 125.3300
-5.1147084992e-01 1.0143609347e+00 -3.2614963839e+00
76 45 41
2 0 914 -106.5000 212.5900 1 1445 -105.0700 221.9100
6.9455044129e-02 7.1086831713e-03 -2.8215823357e+00
34 36 20
2 0 1005 17.0600 3.2900 1 1345 114.2700 30.6800
2.8889512655e-01 -3.1987990477e-02 -2.6566417792e+00
135 211 118
2 0 1008 74.1900 -6.6600 1 156 180.8200 36.3200
-6.3500199686e-01 -3.4276680005e-01 -2.9013066577e+00
49 153 185
2 0 1076 -148.2300 -79.0900 1 793 -17.7200 -97.2100
-6.3105145507e-01 -3.8956155542e-01 -2.9042003888e+00
52 152 187
2 0 1080 -147.0600 -89.4600 1 806 -14.3900 -109.3100
-4.8985973984e-01 -4.2948120880e-01 -2.8660057738e+00
41 60 42
2 0 1089 -115.7200 -100.7900 1 1141 23.7000 -108.4400
-7.0619595754e-01 -1.1150353940e-02 -2.8630357745e+00
101 180 186
2 0 1498 -166.9700 -1.8100 1 1524 -49.3500 -14.3200
-4.9749754356e-01 -3.4204952575e-01 -2.8597110408e+00
31 31 26
2 0 1520 -117.7600 -79.7500 1 1389 18.0800 -87.4400
-4.7291381815e-01 -2.7118184425e-01 -2.8551619437e+00
39 33 35
2 0 1826 -112.2900 -64.0800 1 1769 19.7400 -66.7600
7.1987913572e-01 1.9438424915e+00 -1.1007126804e+01
33 26 23
2 2 5 -38.5600 218.1100 1 111 -235.0000 95.6500
-6.8418658574e-01 6.4220481119e-01 -3.0113048305e+00
140 120 116
2 2 59 -164.0500 88.1500 1 557 -99.8500 151.5700
6.6886819451e-01 5.5686616526e-01 -2.9838088221e+00
165 178 167
2 2 66 132.4200 85.0500 1 554 156.8200 159.1100
2.9095034855e-01 4.1814452034e-01 -2.8963732812e+00
79 96 47
2 2 105 58.9600 48.1400 1 84 119.2000 128.2700
6.6224144988e-01 -6.6878602827e-01 -2.6317411042e+00
97 116 46
2 2 482 155.5000 -188.2400 1 772 269.0800 -86.4700
-7.0024804077e-01 6.3533679836e-01 -3.0226427563e+00
59 36 32
2 2 612 -167.2600 86.4400 1 1275 -104.5200 148.7100
-3.8898259378e-02 5.9777462612e-01 -3.0281522043e+00
123 119 115
2 2 613 -19.3900 86.6500 1 986 35.0200 153.4100
3.8436633179e+00 -5.6848995473e-01 -7.8497123707e+00
55 55 60
2 2 647 244.3300 40.8100 1 191 78.0600 -2.6100
7.2348612222e-01 3.2816788879e-01 -2.9578708290e+00
216 236 236
2 2 653 145.3700 37.1100 1 580 178.5400 115.4700
-5.7868548108e-01 6.9418408493e-02 -2.8904661228e+00
96 184 189
2 2 727 -130.3700 -42.3300 1 665 -28.0500 13.6700
-1.3571255830e-01 -1.9256954339e-01 -2.7653856534e+00
214 219 215
2 2 806 -25.0800 -98.8800 1 237 96.5300 -25.5600
4.2262991293e-01 7.3926886499e-01 -3.0791940449e+00
132 138 124
2 2 994 75.3200 122.8600 1 969 98.8900 186.8500
-6.3557001516e-01 -1.4323705152e-01 -2.8878002325e+00
161 168 116
2 2 1150 -138.9600 -89.0500 1 1114 -28.0600 -45.1200
-7.5067089471e-01 5.0785237801e-01 -2.9797721171e+00
146 135 142
2 2 1335 -177.0300 56.0000 1 1470 -104.9000 117.1800
2.4877106925e-01 4.0550693111e-01 -2.9456776378e+00
63 77 35
2 2 1339 47.4300 46.4600 1 1290 105.7100 121.7400
6.9965468535e-01 3.6384135972e-01 -2.9933845996e+00
112 115 98
2 2 1340 137.9500 45.4400 1 576 168.4500 120.2900
-2.6458878704e-01 1.1384700474e-01 -2.9630235734e+00
221 106 144
2 2 1516 -61.6600 -23.0900 1 1498 26.1700 37.4100
-1.7665372730e-01 -1.3367321018e-01 -2.7561293366e+00
189 189 194
2 2 1536 -34.7600 -87.8700 1 1522 87.0400 -13.1600
-1.9632144595e-01 -2.8241730558e-01 -2.7741626117e+00
202 199 194
2 2 1550 -38.1600 -117.3600 1 1382 89.0600 -52.2000
7.3890506345e-01 2.0307736085e+00 -1.0970120686e+01
89 57 57
2 2 1603 -37.3900 224.0900 1 1611 -234.5300 101.7500
-3.0423864109e-02 1.9216637755e+00 -1.1109260688e+01
14 13 13
2 2 1604 -87.2500 214.6000 1 1616 -285.1400 85.7300
-6.3118827256e-01 4.3912765432e-02 -2.8760790548e+00
70 168 185
2 2 1661 -141.8100 -49.8400 1 1630 -36.8100 4.6200
-2.5291541209e-01 7.0009585283e-01 -3.0672977554e+00
191 198 191
2 2 1714 -68.5200 107.7700 1 1596 -15.3900 169.7600
-6.0634010230e-01 -2.2437753639e-02 -2.8542927115e+00
22 20 18
2 2 1865 -135.0300 -65.1900 1 1817 -24.2600 -11.0400
