# Bundle file v0.3
3 195
7.2852869312e+02 -6.0048260738e-02 -3.7641218352e-03
7.4070960617e-01 -2.4445745403e-01 6.2577138996e-01
2.3842385665e-01 9.6647051285e-01 9.5335262949e-02
-6.2809501184e-01 7.8583083105e-02 7.7415848193e-01
1.8757880544e+00 3.0529493012e-01 -9.4992197527e-01
7.1193214789e+02 -2.8249129904e-02 -3.7794285165e-03
9.9940575562e-01 -3.6134477178e-03 3.4279420030e-02
3.7718143792e-03 9.9998250646e-01 -4.5563342005e-03
-3.4262356286e-02 4.6829222339e-03 9.9940190173e-01
9.4737877497e-02 -2.1323287641e-02 -4.8133684795e-01
7.3116241598e+02 5.7872424471e-02 1.2357301495e-02
9.3789591492e-01 6.8589124196e-02 -3.4006879425e-01
-1.0296636353e-01 9.9112527252e-01 -8.4075098341e-02
3.3128413902e-01 1.1386933837e-01 9.3663471696e-01
-1.0097085727e+00 -1.3243869846e-01 -4.3600527559e-01
-1.6704750414e-01 -1.3274322679e-01 -2.7535780395e+00
192 195 189
3 1 184 -36.5800 -31.2100 2 174 -56.6700 -3.4400 0 247 15.0400 -30.8600
-7.0972055141e-02 -2.8262032671e-01 -2.7216382000e+00
225 221 218
3 1 244 -15.0700 -64.9700 2 256 -41.0700 -42.6700 0 309 45.2300 -58.3200
-2.2381248610e-01 -3.6030359561e-01 -2.7654103631e+00
161 122 123
3 1 259 -48.8500 -81.4500 2 274 -70.8600 -54.6900 0 384 16.4000 -87.6200
-8.5916608713e-02 -1.3154932337e-01 -2.7311466069e+00
84 6 3
3 1 185 -18.8500 -31.0200 2 181 -40.9400 -5.8900 0 796 32.7100 -24.9200
-9.8775694040e-02 -1.4019331659e-01 -2.7326582382e+00
230 37 30
3 1 691 -21.4300 -33.0100 2 810 -43.9300 -7.4100 0 799 30.6900 -27.8800
-1.2359711177e-01 -1.3622231850e-01 -2.7391572614e+00
233 37 33
3 1 689 -26.9800 -32.1500 2 809 -48.6900 -5.7400 0 802 25.1100 -28.5300
-6.7803433173e-02 -1.6028461193e-01 -2.7253146847e+00
27 18 24
3 1 697 -14.7300 -37.6300 2 817 -37.9500 -13.2800 0 803 38.3600 -30.2500
-5.7937844432e-02 -1.7293746961e-01 -2.7214687958e+00
217 218 216
3 1 702 -12.3800 -40.5800 2 203 -36.3800 -16.4900 0 805 41.3600 -32.5700
-1.1362971925e-01 -1.6549096359e-01 -2.7371037452e+00
210 214 207
3 1 699 -24.7800 -38.8000 2 194 -47.0900 -12.7500 0 809 28.9300 -34.7500
-1.1362971925e-01 -1.6549096359e-01 -2.7371037452e+00
210 214 207
3 1 700 -24.7800 -38.8000 2 195 -47.0900 -12.7500 0 810 28.9300 -34.7500
-2.2465756857e-01 -1.5137668888e-01 -2.7720799014e+00
215 218 207
3 1 696 -49.2800 -35.2900 2 179 -67.3600 -5.8600 0 816 3.0000 -39.2700
-6.3412151980e-02 -2.1500124024e-01 -2.7217599915e+00
214 218 216
3 1 720 -13.5200 -49.7000 2 222 -38.2900 -26.8500 0 822 42.6800 -42.4000
-7.8554123707e-02 -2.2259017231e-01 -2.7251034647e+00
24 23 28
3 1 724 -16.8800 -51.4900 2 838 -41.4300 -27.9000 0 825 40.0600 -45.3000
-7.8554123707e-02 -2.2259017231e-01 -2.7251034647e+00
24 23 28
3 1 725 -16.8800 -51.4900 2 839 -41.4300 -27.9000 0 826 40.0600 -45.3000
-1.1160884562e-01 -2.2089119033e-01 -2.7338019115e+00
12 11 19
3 1 722 -24.2600 -51.0500 2 835 -47.8300 -26.2800 0 830 32.9400 -47.2400
-1.1160884562e-01 -2.2089119033e-01 -2.7338019115e+00
12 11 19
3 1 723 -24.2600 -51.0500 2 836 -47.8300 -26.2800 0 831 32.9400 -47.2400
-1.6373489579e-01 -2.1604580688e-01 -2.7511157376e+00
34 33 42
3 1 719 -35.8900 -49.6900 2 213 -57.3400 -23.3000 0 836 20.8900 -49.8500
-1.9271382242e-01 -2.5199398771e-01 -2.7582048207e+00
13 15 11
3 1 224 -42.1900 -57.7600 2 233 -63.4300 -30.7600 0 856 16.6900 -60.0600
-1.9271382242e-01 -2.5199398771e-01 -2.7582048207e+00
13 15 11
3 1 225 -42.1900 -57.7600 2 234 -63.4300 -30.7600 0 857 16.6900 -60.0600
-8.1477177198e-02 -3.7775887808e-01 -2.7223073387e+00
183 142 138
3 1 269 -17.4300 -86.2800 2 298 -44.7400 -64.9800 0 881 48.7200 -80.5700
-2.1579622931e-01 -3.7419227969e-01 -2.7598432322e+00
28 23 19
3 1 752 -47.1700 -84.6000 2 890 -69.8800 -58.3700 0 888 19.5300 -90.2200
-1.0205979278e-01 -1.1421442879e-01 -2.7348580705e+00
247 39 39
3 1 1075 -22.2000 -27.3700 2 800 -44.0200 -0.8000 0 1194 28.3300 -22.2300
-2.0686361119e-01 -1.0076445004e-01 -2.7673798977e+00
211 215 209
3 1 684 -45.3400 -24.1800 2 792 -63.4000 5.4600 0 1200 3.9000 -26.1800
-1.4906460674e-01 -1.6263164961e-01 -2.7472607771e+00
216 223 214
3 1 1087 -32.6000 -38.2100 2 814 -53.7900 -10.6700 0 1208 21.0200 -36.6500
-1.4906460674e-01 -1.6263164961e-01 -2.7472607771e+00
216 223 214
3 1 1088 -32.6000 -38.2100 2 815 -53.7900 -10.6700 0 1209 21.0200 -36.6500
-2.3543975135e-01 -1.3898384562e-01 -2.7762220714e+00
22 22 28
3 1 1080 -51.7100 -32.4600 2 805 -69.0100 -2.6900 0 1210 -0.3100 -37.1300
-1.0064267054e-01 -1.9282958919e-01 -2.7322422345e+00
25 25 29
3 1 1092 -21.8500 -44.6000 2 825 -45.1700 -20.2200 0 1214 33.4200 -39.9700
-1.0064267054e-01 -1.9282958919e-01 -2.7322422345e+00
25 25 29
3 1 1093 -21.8500 -44.6000 2 826 -45.1700 -20.2200 0 1215 33.4200 -39.9700
-9.5903991916e-02 -2.2909593124e-01 -2.7312469032e+00
29 24 31
3 1 1104 -20.8300 -52.9100 2 1233 -44.7100 -28.7500 0 1223 36.5300 -48.0100
-9.5903991916e-02 -2.2909593124e-01 -2.7312469032e+00
29 24 31
3 1 1105 -20.8300 -52.9100 2 1234 -44.7100 -28.7500 0 1224 36.5300 -48.0100
-5.5344315025e-02 -2.5265138835e-01 -2.7183990045e+00
40 15 18
3 1 1113 -11.7300 -58.3900 2 852 -37.3300 -35.8400 0 1229 46.8000 -50.5400
-2.4327679344e-01 -2.0047804697e-01 -2.7750981467e+00
16 16 20
3 1 709 -53.2100 -45.9100 2 820 -71.7600 -16.9700 0 1231 2.0000 -52.0100
-2.1782752469e-01 -2.1098723186e-01 -2.7682621877e+00
17 17 27
3 1 714 -47.6500 -48.4400 2 823 -67.1900 -20.0400 0 1233 8.3100 -52.6900
-2.1782752469e-01 -2.1098723186e-01 -2.7682621877e+00
17 17 27
3 1 715 -47.6500 -48.4400 2 824 -67.1900 -20.0400 0 1234 8.3100 -52.6900
-1.3367668506e-01 -2.7315755551e-01 -2.7389122071e+00
209 210 207
3 1 739 -29.2500 -62.4200 2 854 -52.8500 -38.1000 0 1238 31.3500 -60.7800
5.7862837494e-02 6.8791135036e-01 -3.0713055818e+00
195 198 191
3 1 1296 9.0900 136.8100 2 1463 31.0300 182.4300 0 1424 -37.7300 151.9000
-4.6469642993e-01 1.9277114321e-01 -3.0441009618e+00
138 166 181
3 1 1044 -96.3000 37.5100 2 1170 -85.0300 77.7200 0 1492 -101.9300 21.6600
-1.8495225730e-01 -1.2569384021e-01 -2.7575542061e+00
208 212 206
3 1 1078 -40.5200 -29.6300 2 1212 -60.0500 -1.3000 0 1517 10.8000 -30.3900
-2.3978500247e-01 -1.1581204145e-01 -2.7758965428e+00
211 216 206
3 1 1382 -52.5300 -27.2900 2 1510 -69.7600 2.7100 0 1518 -2.5100 -31.9600
-1.6680703124e-01 -1.5177271631e-01 -2.7538858676e+00
29 27 33
3 1 1389 -36.6000 -35.6900 2 1214 -56.7700 -7.5400 0 1521 16.2500 -35.3900
-2.1771666845e-01 -1.7364464493e-01 -2.7699233527e+00
25 23 25
3 1 1390 -47.6200 -40.1000 2 1218 -66.4600 -11.0900 0 1527 5.9400 -44.2600
-2.1771666845e-01 -1.7364464493e-01 -2.7699233527e+00
25 23 25
3 1 1391 -47.6200 -40.1000 2 1219 -66.4600 -11.0900 0 1528 5.9400 -44.2600
-1.4050680435e-01 -2.1336971612e-01 -2.7424550055e+00
24 23 27
3 1 1397 -30.6400 -49.1900 2 1519 -53.2100 -23.5500 0 1531 26.1100 -47.5600
-1.9163102599e-01 -2.0746216207e-01 -2.7570798274e+00
27 24 34
3 1 1099 -41.8600 -47.8100 2 1227 -62.6800 -19.9000 0 1533 14.5900 -50.2200
-2.6735705811e-01 -2.0702190215e-01 -2.7845942134e+00
25 26 27
3 1 1393 -58.4500 -47.1900 2 1226 -75.9100 -17.6100 0 1534 -3.4300 -55.3700
-6.1317545149e-01 1.3009027526e-01 -3.0692723358e+00
211 80 120
3 1 1531 -125.8000 24.0000 2 1490 -111.3500 67.0900 0 1703 -131.6100 -2.1800
-6.4585899685e-01 9.3313226206e-02 -3.0756171589e+00
114 177 184
3 1 1362 -132.1700 16.9900 2 1191 -117.1900 59.2400 0 1707 -137.0300 -12.9400
-2.7990514724e-01 -1.1976738337e-01 -2.7904857374e+00
206 208 202
3 1 1550 -61.2400 -28.0300 2 1509 -76.7500 3.0000 0 1715 -11.8700 -35.7600
-6.3232221597e-01 2.4726007099e-01 -3.0710857896e+00
181 142 152
3 1 1341 -129.8900 48.0200 2 1163 -113.4800 90.6500 0 1823 -143.6000 25.7000
-5.4504659430e-01 1.6940774894e-01 -3.0571986904e+00
212 72 128
3 1 1523 -112.2500 33.0300 2 1670 -99.4400 73.2400 0 1829 -118.5500 11.5900
-8.4323024748e-02 -2.6296101967e-01 -2.7254074950e+00
214 218 210
3 1 1672 -17.9200 -60.6700 2 1820 -43.4300 -37.2200 0 1839 41.2500 -54.9100
-1.6297618481e-01 -2.5274231795e-01 -2.7445307151e+00
205 207 204
3 1 1751 -35.7600 -57.9400 2 1904 -58.3300 -32.1800 0 1927 24.2000 -58.1800
3.6069759436e-01 6.9054043804e-01 -2.8228280442e+00
218 229 227
2 1 16 76.4000 146.7600 2 11 85.6400 191.7000
3.5076668621e-01 6.6835350083e-01 -2.8255658403e+00
200 216 211
2 1 20 74.2300 141.8000 2 661 82.8400 185.9000
8.7227719782e-01 2.8855324155e-01 -2.7130811163e+00
210 211 203
2 1 88 192.3600 62.4300 2 1167 207.8700 80.7500
5.0757427648e-01 2.5963816227e-01 -2.7762328055e+00
206 26 28
2 1 97 110.0400 54.6400 2 91 110.5000 79.2700
-6.2850352184e-01 1.5413716040e-01 -3.0753506365e+00
122 170 178
2 1 121 -128.7400 29.1600 2 743 -113.3700 71.7000
9.1023363541e-01 -5.6232103052e-02 -2.6733950046e+00
200 207 198
2 1 167 203.6200 -13.8000 2 819 208.1200 -15.8800
-8.1463472635e-02 -1.6886460427e-01 -2.7285631668e+00
205 214 205
2 1 198 -17.6400 -39.6800 2 201 -40.8900 -14.7900
-1.5499215826e-01 -2.0362626377e-01 -2.7469416808e+00
221 222 216
2 1 204 -33.9500 -46.9500 2 209 -55.7100 -20.8200
-1.5499215826e-01 -2.0362626377e-01 -2.7469416808e+00
221 222 216
2 1 205 -33.9500 -46.9500 2 210 -55.7100 -20.8200
-1.7568412822e-01 -2.2506042136e-01 -2.7539012792e+00
207 209 201
2 1 210 -38.4300 -51.8000 2 218 -59.8200 -24.8900
-8.1187094833e-02 -3.7893924753e-01 -2.7202451763e+00
183 142 138
2 1 270 -17.4300 -86.2800 2 299 -44.7400 -64.9800
-2.5165498942e+00 -9.3984665840e-01 -5.6194865892e+00
72 52 51
2 1 302 -306.9300 -111.1400 2 249 -168.2900 -36.7300
1.1309497824e-02 6.8480177537e-01 -3.0680724213e+00
194 192 182
2 1 593 -0.3600 136.2400 2 668 20.7700 182.3000
7.0692467750e-01 4.4075230365e-01 -2.6782755978e+00
226 238 236
2 1 602 158.1700 96.9300 2 695 164.1100 126.2200
-6.5928182199e-01 4.3419831776e-01 -3.0887890059e+00
205 122 138
2 1 607 -134.7800 85.4800 2 55 -114.8600 130.8600
-6.5788712513e-01 2.7705453797e-01 -3.0857296187e+00
194 74 117
2 1 623 -134.4700 53.8700 2 73 -116.5000 97.7500
4.8829334634e-01 2.5017544311e-01 -2.7594322678e+00
214 28 28
2 1 625 106.5500 52.8700 2 741 104.4800 77.1800
8.9079182293e-01 -5.0994413803e-02 -2.6772425021e+00
105 75 68
2 1 670 199.0600 -12.5600 2 1222 202.7500 -13.8000
8.9079182293e-01 -5.0994413803e-02 -2.6772425021e+00
105 75 68
2 1 671 199.0600 -12.5600 2 1223 202.7500 -13.8000
-2.6222770266e-01 -1.3474038956e-01 -2.7880519860e+00
23 23 29
2 1 688 -57.2800 -31.6400 2 801 -73.5900 -0.9500
9.4266472018e-01 -1.4141143490e-01 -2.6645465179e+00
210 214 207
2 1 693 211.3900 -32.7200 2 862 214.9800 -40.7300
9.5977279985e-01 -1.6613919233e-01 -2.6639657514e+00
205 210 204
2 1 698 215.2000 -38.2200 2 1248 219.2700 -48.1500
-2.4317945560e-01 -2.0018380961e-01 -2.7748712001e+00
16 16 20
2 1 710 -53.2100 -45.9100 2 821 -71.7600 -16.9700
-1.6395926137e-01 -2.1607512681e-01 -2.7519802779e+00
34 33 42
2 1 718 -35.8900 -49.6900 2 212 -57.3400 -23.3000
8.0525337867e-01 -3.9850094898e-01 -2.6995259972e+00
175 181 175
2 1 760 178.8800 -89.2500 2 951 170.3400 -102.8700
-2.4635359569e+00 -8.6289916635e-01 -5.7684713598e+00
46 27 25
2 1 764 -294.1700 -99.5300 2 220 -153.9000 -27.0800
-2.4635359569e+00 -8.6289916635e-01 -5.7684713598e+00
46 27 25
2 1 765 -294.1700 -99.5300 2 221 -153.9000 -27.0800
-1.4253206942e-01 -8.0317439443e-01 -2.2938753794e+00
165 177 164
2 1 927 -31.6700 -208.4400 2 1408 -112.9400 -194.8200
-4.7218987506e-01 -8.3143476408e-01 -2.3748709742e+00
110 102 103
2 1 928 -113.6900 -210.7600 2 544 -177.5300 -178.9500
1.1312777384e+00 4.9028593673e-01 -2.7251655070e+00
187 183 189
2 1 1013 247.2500 105.9100 2 1787 292.4600 135.0000
5.5509339920e-01 7.8142696641e-02 -2.9095324902e+00
191 226 82
2 1 1053 114.7300 14.9600 2 1199 124.7800 32.7800
5.5509339920e-01 7.8142696641e-02 -2.9095324902e+00
191 226 82
2 1 1054 114.7300 14.9600 2 1200 124.7800 32.7800
-1.8633119685e-01 -1.5816442903e-01 -2.7601837176e+00
211 211 202
2 1 1086 -40.7500 -37.2700 2 813 -60.5800 -8.5900
-7.1519402951e-02 -3.9384727706e-01 -2.7151007472e+00
55 10 4
2 1 1131 -15.2600 -89.6900 2 1267 -43.3200 -69.0400
-7.1519402951e-02 -3.9384727706e-01 -2.7151007472e+00
55 10 4
2 1 1132 -15.2600 -89.6900 2 1268 -43.3200 -69.0400
-6.5452201113e-01 1.6334598117e-01 -3.0831474342e+00
208 80 124
2 1 1347 -133.8300 31.3200 2 1176 -117.2600 73.6300
-2.9400168452e-01 -2.2693822020e-01 -2.7900572865e+00
200 199 196
2 1 1398 -64.2600 -51.1300 2 1228 -81.1800 -21.8400
5.2244210350e-01 7.6488020260e-01 -2.8016478214e+00
211 222 221
2 1 1495 111.6100 163.9500 2 1777 127.6800 211.8500
-8.0831907617e-02 3.9337351896e-01 -2.9856112432e+00
222 111 151
2 1 1509 -18.4500 79.1200 2 1656 -9.8600 117.8400
1.0203069380e+00 -1.0776516729e-01 -2.6907365676e+00
175 173 171
2 1 1549 226.3300 -24.6700 2 1817 239.1600 -33.3100
-5.6025613227e-01 -8.1209887216e-01 -2.4157416180e+00
125 121 118
2 1 1603 -134.2200 -203.2900 2 1600 -190.3200 -167.1600
-9.7158970842e-02 -8.2888740288e-01 -2.2600226896e+00
134 132 133
2 1 1612 -19.8900 -217.7400 2 1765 -106.8200 -206.9100
2.9020832847e-01 6.6180644166e-01 -2.8390363623e+00
219 229 228
2 1 1626 60.9400 139.9900 2 1868 68.6500 183.8600
9.8510737648e-01 3.5774136632e-01 -2.7013816633e+00
129 92 79
2 1 1636 217.7500 77.3400 2 1949 242.9700 98.9800
-2.0202443612e-01 -1.1324515259e-02 -2.7620730266e+00
113 63 38
2 1 1744 -44.3200 -5.0300 2 1894 -61.7300 26.3000
-3.5784088708e-01 3.2649772017e-01 -3.0236656998e+00
49 168 212
2 1 1799 -74.9100 64.3000 2 1947 -64.4800 105.8700
-9.3854522511e-02 -8.3448917257e-01 -2.2812187090e+00
138 137 138
2 1 1910 -19.3900 -216.4500 2 2073 -103.2300 -207.5200
-4.2140280146e-01 2.2553618456e-01 -2.7334660455e+00
193 93 128
2 1 100 -93.6900 47.4500 0 151 -52.8900 42.7700
-6.3870000525e-01 6.1694763694e-02 -3.0728937565e+00
162 148 161
2 1 139 -130.7900 10.4100 0 795 -133.1600 -19.9300
-2.5682483991e-01 -8.0057616819e-02 -2.7833609879e+00
36 37 39
2 1 170 -56.1600 -19.1400 0 230 -8.9700 -24.7800
-2.5682483991e-01 -8.0057616819e-02 -2.7833609879e+00
36 37 39
2 1 171 -56.1600 -19.1400 0 231 -8.9700 -24.7800
-1.3998827652e-01 -9.7693378248e-02 -2.7460877781e+00
203 207 202
2 1 174 -30.6900 -23.5400 0 221 18.8800 -20.6000
-6.9459568893e-01 -1.3649612787e-01 -3.0856380814e+00
135 194 196
2 1 182 -141.5000 -29.5200 0 1249 -133.7700 -71.3300
-1.1229952845e-01 -1.2887727744e-01 -2.7372817856e+00
121 12 10
2 1 183 -24.5200 -30.3200 0 235 26.9700 -26.1600
-4.5471507703e-02 -1.3654504405e-01 -2.7189943792e+00
111 5 2
2 1 190 -9.6300 -32.1500 0 225 41.7800 -23.4500
-2.5097959942e-01 -1.4761958247e-01 -2.7792487732e+00
206 207 202
2 1 191 -54.8800 -34.1600 0 817 -3.2100 -40.2000
-2.5097959942e-01 -1.4761958247e-01 -2.7792487732e+00
206 207 202
2 1 192 -54.8800 -34.1600 0 818 -3.2100 -40.2000
-2.5668680538e-01 -1.9097040662e-01 -2.7794765392e+00
209 208 204
2 1 201 -56.1100 -43.8100 0 838 -1.7000 -50.7200
-2.0813457165e-01 -1.9728981270e-01 -2.7643620769e+00
213 214 206
2 1 202 -45.5600 -45.3600 0 286 9.8100 -48.7000
-2.0387361443e-01 -2.2282388319e-01 -2.7623200660e+00
211 214 206
2 1 209 -44.6200 -51.0600 0 845 12.4000 -54.3300
-2.4293836135e-01 -2.2964207204e-01 -2.7763348146e+00
38 37 40
2 1 212 -53.0800 -52.2600 0 852 3.6200 -58.9000
-2.4293836135e-01 -2.2964207204e-01 -2.7763348146e+00
38 37 40
2 1 213 -53.0800 -52.2600 0 853 3.6200 -58.9000
-1.5337848459e-01 -2.2816085180e-01 -2.7469891197e+00
196 199 195
2 1 214 -33.5500 -52.4800 0 287 24.0400 -51.8900
-1.5337848459e-01 -2.2816085180e-01 -2.7469891197e+00
196 199 195
2 1 215 -33.5500 -52.4800 0 288 24.0400 -51.8900
-6.4776741335e-02 -2.3937160124e-01 -2.7219482271e+00
204 205 201
2 1 219 -13.9000 -55.3700 0 284 43.8900 -48.1300
-6.4776741335e-02 -2.3937160124e-01 -2.7219482271e+00
204 205 201
2 1 220 -13.9000 -55.3700 0 285 43.8900 -48.1300
-5.2814754066e-01 -2.8906438910e-01 -2.9777194319e+00
27 64 29
2 1 236 -110.4400 -61.8800 0 414 -76.0800 -94.6800
-1.5885053619e-01 -2.7109977478e-01 -2.7484999970e+00
212 212 209
2 1 239 -34.7100 -61.8900 0 317 25.3700 -62.3300
-6.9183139656e-01 -3.1169124391e-01 -3.0799027505e+00
158 42 76
2 1 242 -141.0100 -65.1500 0 1274 -121.2200 -112.4700
-2.8996296410e-01 -3.6379240279e-01 -2.7880361625e+00
32 26 11
2 1 261 -63.1900 -81.7600 0 891 1.2600 -93.7000
-2.8996296410e-01 -3.6379240279e-01 -2.7880361625e+00
32 26 11
2 1 262 -63.1900 -81.7600 0 892 1.2600 -93.7000
-2.0299640760e-01 -3.6092563670e-01 -2.7593169760e+00
171 139 128
2 1 263 -44.3700 -81.8100 0 376 21.1400 -86.2400
-1.6675891651e-01 -3.6668341059e-01 -2.7476389899e+00
188 145 143
2 1 266 -36.4100 -83.2300 0 369 29.6800 -84.9000
-1.6675891651e-01 -3.6668341059e-01 -2.7476389899e+00
188 145 143
2 1 267 -36.4100 -83.2300 0 370 29.6800 -84.9000
-6.8217878876e-02 -3.8007349808e-01 -2.7199653687e+00
84 4 0
2 1 273 -14.5700 -86.8600 0 361 51.6400 -80.5000
-6.8217878876e-02 -3.8007349808e-01 -2.7199653687e+00
84 4 0
2 1 274 -14.5700 -86.8600 0 360 51.6400 -80.5000
-5.6501455175e-01 -4.5053870255e-01 -2.9822202151e+00
45 78 50
2 1 282 -117.8300 -95.3700 0 931 -73.9100 -135.4700
1.0572376967e-01 6.8138568962e-01 -2.7877852093e+00
162 163 156
2 1 592 22.2300 143.6000 0 1415 9.7200 170.9500
6.8241216251e-01 2.2243639699e-01 -2.6982983275e+00
117 126 118
2 1 629 151.8800 48.8400 0 1134 134.5300 88.7300
-2.2615425340e-01 2.0372915379e-01 -2.7073030961e+00
170 192 195
2 1 639 -50.4100 42.6400 0 753 -9.1000 48.6500
-1.1145438448e-01 1.5582950974e-01 -2.9866894931e+00
226 116 150
2 1 643 -24.5700 30.6300 0 163 -26.0400 32.8900
-6.1331548134e-01 4.2217891230e-02 -3.0666565280e+00
201 64 113
2 1 654 -125.7700 6.9500 0 1196 -125.7500 -23.2200
8.4043001248e-01 1.7038252384e-02 -2.7063191429e+00
207 216 211
2 1 662 186.0500 2.3000 0 749 162.7300 53.8900
-2.0688425923e-01 -1.0153980419e-01 -2.7671645176e+00
211 215 209
2 1 683 -45.3400 -24.1800 0 1199 3.9000 -26.1800
-2.3010891516e-01 -1.9291027081e-01 -2.7709391751e+00
212 215 209
2 1 705 -50.3400 -44.2600 0 834 4.5800 -49.3100
-2.3010891516e-01 -1.9291027081e-01 -2.7709391751e+00
212 215 209
2 1 706 -50.3400 -44.2600 0 835 4.5800 -49.3100
-1.2907475483e-01 -2.3343639444e-01 -2.7402253860e+00
208 214 203
2 1 727 -28.1900 -53.7900 0 839 29.6400 -51.3300
-7.9711237893e-02 -2.3882593719e-01 -2.7258295587e+00
217 222 218
2 1 730 -17.2300 -55.1900 0 832 40.7100 -49.0600
-2.0277322549e-01 -2.6472109160e-01 -2.7582810692e+00
207 208 201
2 1 737 -44.3600 -60.3200 0 1246 15.7200 -64.0700
-7.1168593127e-01 -3.8198993910e-01 -3.0877080653e+00
169 73 94
2 1 748 -144.6200 -78.7800 0 1287 -121.7400 -130.9400
-6.7605143013e-01 -4.0288839580e-01 -3.0717509916e+00
175 72 107
2 1 750 -137.9200 -83.2400 0 928 -111.0100 -133.0200
-1.1646946808e-01 -3.7293006619e-01 -2.7297622944e+00
181 143 141
2 1 753 -25.3300 -85.1900 0 1253 41.5100 -82.3700
-9.9778001506e-02 -3.7491167974e-01 -2.7297807674e+00
163 123 123
2 1 755 -21.6200 -85.5800 0 882 44.4500 -81.6000
-9.9778001506e-02 -3.7491167974e-01 -2.7297807674e+00
163 123 123
2 1 756 -21.6200 -85.5800 0 883 44.4500 -81.6000
-2.4988907589e-01 -5.4663339172e-01 -2.6542358075e+00
41 45 7
2 1 807 -55.6000 -127.2300 0 929 40.9600 -134.1100
-4.8649122147e-01 1.7554380984e-01 -2.3886756037e+00
138 154 170
2 1 1043 -118.4400 38.5600 0 1157 -6.8100 40.3800
-4.3814452173e-01 1.4786908487e-01 -3.0387051777e+00
165 73 110
2 1 1049 -90.9600 28.4300 0 1497 -93.2300 12.8400
-4.3814452173e-01 1.4786908487e-01 -3.0387051777e+00
165 73 110
2 1 1050 -90.9600 28.4300 0 1498 -93.2300 12.8400
-4.8689561782e-01 -4.2304023155e-02 -2.9758516974e+00
58 107 77
2 1 1068 -102.1300 -10.5700 0 1519 -83.0200 -33.5300
-4.1488570411e-02 -1.0803102607e-01 -2.7184806639e+00
54 17 6
2 1 1073 -8.7700 -25.8400 0 1187 40.8900 -16.5700
-4.1488570411e-02 -1.0803102607e-01 -2.7184806639e+00
54 17 6
2 1 1074 -8.7700 -25.8400 0 1188 40.8900 -16.5700
-6.0363256549e-02 -1.1858144031e-01 -2.7237371170e+00
254 38 36
2 1 1076 -13.0000 -28.3000 0 1193 37.4300 -20.1300
-6.0363256549e-02 -1.1858144031e-01 -2.7237371170e+00
254 38 36
2 1 1077 -13.0000 -28.3000 0 1192 37.4300 -20.1300
-6.2510177208e-02 -1.4138706790e-01 -2.7226544769e+00
245 40 34
2 1 1082 -13.4500 -33.3500 0 1198 38.5600 -25.5600
-1.8599844619e-01 -1.6035458271e-01 -2.7580526460e+00
211 211 202
2 1 1085 -40.7500 -37.2700 0 1213 12.5600 -38.4700
-4.2362308867e-02 -1.6617683036e-01 -2.7191427878e+00
54 6 0
2 1 1089 -8.9700 -39.1700 0 1203 43.9100 -29.7000
-1.2166247678e-01 -2.0218409921e-01 -2.7386105908e+00
213 216 210
2 1 1098 -26.5500 -46.7000 0 1219 29.3900 -43.7200
-9.2587745241e-02 -2.1149885689e-01 -2.7317413219e+00
221 222 219
2 1 1102 -20.1000 -48.8800 0 1217 36.0200 -43.8200
-5.2459549147e-02 -2.2856035206e-01 -2.7191772535e+00
42 12 12
2 1 1106 -11.1500 -52.9400 0 1221 45.8000 -44.8400
-5.2724807941e-01 -2.6773510050e-01 -2.9766304848e+00
96 160 105
2 1 1112 -110.3100 -57.5400 0 1548 -77.1000 -89.5400
-5.7533078239e-02 -2.7181209409e-01 -2.7196385872e+00
44 10 12
2 1 1116 -12.2600 -62.6600 0 1235 47.3300 -55.0400
-4.0747063462e-01 -8.2023538637e-01 -2.3404467664e+00
34 22 16
2 1 1251 -98.5100 -210.5300 0 1393 87.1700 -227.1000
1.0730532594e-02 2.9683724852e-01 -2.9713928178e+00
204 232 189
2 1 1336 0.5500 60.0300 0 1456 -10.8100 69.7800
-5.0864889539e-01 1.8980816580e-01 -3.0525389435e+00
91 180 191
2 1 1345 -105.0300 36.9800 0 1696 -111.6900 18.3100
-4.1462023616e-01 7.3254892838e-02 -2.9687173557e+00
66 87 74
2 1 1365 -87.3600 13.5000 0 1704 -74.9100 -1.6300
-1.4952284759e-01 -1.0961103726e-01 -2.7488593048e+00
213 217 212
2 1 1380 -32.7700 -26.0700 0 1514 17.4800 -24.1200
-2.0311845628e-01 -1.4789164950e-01 -2.7652293053e+00
28 26 33
2 1 1385 -44.4800 -34.3700 0 1524 7.6500 -36.8500
-2.0311845628e-01 -1.4789164950e-01 -2.7652293053e+00
28 26 33
2 1 1386 -44.4800 -34.3700 0 1525 7.6500 -36.8500
-1.6704736597e-01 -1.5292001837e-01 -2.7531607412e+00
29 27 33
2 1 1388 -36.6000 -35.6900 0 1520 16.2500 -35.3900
-2.9892832255e-01 -2.7298071909e-01 -2.7930232600e+00
208 185 45
2 1 1403 -65.1100 -61.4300 0 1729 -6.5600 -73.3600
-5.4919586128e-01 2.3837718522e-01 -3.0581552058e+00
207 78 115
2 1 1517 -113.1700 46.6900 0 1822 -123.7800 27.5400
-5.4490432644e-01 1.7053879883e-01 -3.0576694359e+00
212 72 128
2 1 1524 -112.2500 33.0300 0 1828 -118.5500 11.5900
8.6344059516e-01 -8.5746105834e-02 -2.7186164509e+00
214 224 216
2 1 1545 190.2800 -20.4400 0 1482 168.2000 34.4200
-2.5233727324e-01 -9.0061345741e-02 -2.7813760974e+00
190 191 191
2 1 1546 -55.2000 -21.4500 0 1711 -7.2500 -26.7400
-5.2916785447e-01 -4.4864447565e-01 -2.9710109945e+00
69 154 108
2 1 1565 -110.7100 -95.3700 0 1849 -65.4600 -131.9500
-2.2839393839e-01 -5.6393965632e-02 -2.7772589775e+00
212 219 211
2 1 1662 -50.0200 -14.1100 0 1915 -4.2600 -17.1300
-6.9527213523e-02 -1.8738736569e-01 -2.7243329755e+00
154 160 157
2 1 1667 -15.0100 -43.8100 0 1836 39.7100 -36.4500
-6.9527213523e-02 -1.8738736569e-01 -2.7243329755e+00
154 160 157
2 1 1668 -15.0100 -43.8100 0 1837 39.7100 -36.4500
-5.1697091257e-01 -4.1227324926e-01 -2.9690730364e+00
31 42 29
2 1 1676 -108.2300 -87.7000 0 1845 -65.0400 -122.5900
4.6005754490e-01 3.7857736810e-01 -1.1845747882e+00
84 62 62
2 1 1724 216.3700 154.3400 2 1137 -81.1700 159.9700
-2.2702002171e-01 -3.2252617082e-01 -2.7843954504e+00
18 15 13
2 1 1882 -49.4700 -72.5900 0 2050 10.7300 -79.3600
-2.0660316006e-01 1.6187761786e-01 -3.2228806375e+00
215 116 149
2 2 99 -20.2500 65.1700 0 174 -73.9600 24.7400
-6.2432273634e-01 -1.4155549917e-01 -3.0647319555e+00
195 62 96
2 2 158 -116.7700 10.0700 0 866 -116.1700 -67.2500
-4.9647613721e-01 -3.9820548358e-01 -2.9686353254e+00
92 132 88
2 2 266 -105.4500 -48.7600 0 461 -61.9300 -117.5200
-1.6632909143e-01 -3.5145743262e-01 -2.7336982749e+00
23 17 15
2 2 277 -61.5900 -55.4200 0 363 31.1000 -81.4100
-1.3491110154e-01 -3.6936011226e-01 -2.7365753958e+00
170 127 125
2 2 289 -54.8400 -60.8000 0 365 36.9700 -82.8700
-1.2946940874e-01 1.4325065541e-01 -2.9880829682e+00
121 188 216
2 2 751 -23.5800 61.5600 0 764 -28.6900 29.3300
-1.1575698403e-01 -2.7376183453e-01 -2.7325745565e+00
210 216 209
2 2 858 -49.6400 -38.9900 0 855 35.4100 -59.4800
4.8619803237e-01 5.5658958678e-01 -2.9881259501e+00
129 112 106
2 2 1139 122.1000 151.5700 0 1098 47.4800 138.7000
-5.1880952430e-01 2.3227671454e-01 -3.0545182453e+00
159 148 167
2 2 1165 -93.9500 87.0500 0 1488 -116.6700 27.9300
-1.6670694528e-01 -1.5147218988e-01 -2.7538581454e+00
28 27 26
2 2 1215 -56.7700 -7.5400 0 1522 16.2500 -35.3900
-2.4351217946e-01 -1.6668429536e-01 -2.7781728024e+00
205 206 201
2 2 1516 -70.9700 -8.5000 0 1719 -0.3900 -44.5000
-4.3626898421e-01 2.3264805431e-01 -3.0404074834e+00
219 76 130
2 2 1661 -79.3900 86.3100 0 1820 -98.1900 32.5000
