# Bundle file v0.3
3 369
7.1257179763e+02 -6.4913296564e-02 -4.7033551854e-03
9.9998076625e-01 9.4436812413e-04 6.1298701927e-03
-9.0802005901e-04 9.9998200668e-01 -5.9297401571e-03
-6.1353597536e-03 5.9240600608e-03 9.9996363078e-01
1.5179906060e-02 -1.6298998456e-02 -2.0203257742e-01
7.0748430596e+02 -7.1188994719e-02 3.5205364566e-03
9.8610909442e-01 -3.6182477827e-02 1.6211009282e-01
7.4997070485e-02 9.6782482150e-01 -2.4018858073e-01
-1.4820355365e-01 2.4900992589e-01 9.5709443813e-01
4.3643831650e-01 -8.6712558963e-01 -5.1715315322e-01
7.0006268284e+02 -5.1025652777e-02 -5.0424807523e-03
9.7805833738e-01 -8.0619737871e-02 -1.9209983483e-01
1.5954315732e-01 8.8281080097e-01 4.4180433524e-01
1.3396965936e-01 -4.6275862775e-01 8.7630279174e-01
-6.0366011894e-01 1.3043370364e+00 -2.7700979660e-01
1.0117968857e-01 8.3743946362e-01 -2.9291661163e+00
190 200 194
2 0 10 22.2700 190.0600 1 11 7.2300 147.7200
4.7124937545e-02 8.2006509255e-01 -2.9262347119e+00
191 196 192
2 0 12 10.3200 186.4900 1 580 -4.8500 143.0400
6.0036538360e-01 6.3085489789e-01 -2.7977736289e+00
189 208 196
3 0 34 141.5100 148.7400 1 43 124.5300 103.9800 2 21 111.3400 170.9600
-2.2066361814e-01 6.2194223218e-01 -2.9000323632e+00
82 77 68
2 0 38 -51.0100 142.9600 1 602 -62.3400 94.3000
-2.2066361814e-01 6.2194223218e-01 -2.9000323632e+00
82 77 68
2 0 39 -51.0100 142.9600 1 603 -62.3400 94.3000
2.5950420421e-01 5.7020612220e-01 -2.8142517998e+00
53 84 87
2 0 50 60.8600 134.4700 1 61 48.9400 86.4100
6.2949789588e-01 4.9717749495e-01 -2.8408199241e+00
215 230 227
2 0 73 146.2600 115.8500 1 73 127.3500 75.6100
6.2730145780e-01 4.5536011535e-01 -2.8521820198e+00
208 223 219
2 0 81 145.2800 105.7800 1 86 125.9400 66.8200
-2.3485118395e-01 1.4343592208e-01 -2.8024546639e+00
214 128 160
2 0 143 -55.9600 34.2400 1 196 -57.7500 -16.5600
-6.9493287941e-01 1.1991318402e-01 -2.6980761327e+00
202 101 132
2 0 148 -170.6700 29.4900 1 720 -164.0400 -36.8600
-6.9031861662e-01 5.2726930594e-02 -2.7094191193e+00
202 93 123
2 0 166 -169.0100 12.9400 1 247 -161.1800 -51.0300
9.2906988164e-01 3.8500697328e-02 -2.9215849382e+00
208 213 205
2 0 171 209.6800 8.7300 1 179 179.6500 -11.9300
9.2906988164e-01 3.8500697328e-02 -2.9215849382e+00
208 213 205
2 0 172 209.6800 8.7300 1 180 179.6500 -11.9300
-3.5666083460e-01 1.7425167045e-02 -2.7156580017e+00
185 198 186
2 0 180 -87.4400 4.2900 1 249 -82.2600 -51.9100
-3.5666083460e-01 1.7425167045e-02 -2.7156580017e+00
185 198 186
2 0 181 -87.4400 4.2900 1 250 -82.2600 -51.9100
-6.1247243916e-01 -5.3918014763e-02 -2.7307174152e+00
101 22 23
2 0 198 -148.9800 -12.9800 1 275 -140.4100 -71.4100
3.5920326301e-01 -9.1868052490e-02 -2.4750148136e+00
106 174 81
2 0 213 95.5200 -24.8500 1 300 93.4400 -79.8300
6.6728647220e-02 -1.1446567608e-01 -2.6269917794e+00
252 45 50
2 0 226 16.6100 -28.9800 1 293 18.4600 -78.7700
-1.5625047392e-01 -1.3088212297e-01 -2.6091973897e+00
26 26 28
3 0 228 -39.8900 -33.4600 1 322 -31.7300 -88.4300 2 230 -67.8300 3.1300
-1.3838474927e-02 -1.4006319935e-01 -2.6233075786e+00
87 14 6
3 0 233 -3.7800 -35.4500 1 318 0.5400 -86.3400 2 601 -28.3300 5.4500
-6.8179156249e-01 -2.4279748180e-01 -2.7287038172e+00
31 104 126
2 0 255 -165.8300 -58.7900 1 383 -152.4400 -113.3800
5.5687959435e-02 -2.4306409180e-01 -2.6365737098e+00
215 220 213
3 0 259 13.7400 -61.1800 1 362 16.3800 -105.6100 2 617 -6.5300 -18.7300
2.4981060021e+00 -6.6101116078e-01 -5.4087673008e+00
79 75 80
2 0 288 309.3000 -80.9300 1 159 231.0000 -2.2000
-6.6913060104e-01 -3.7995842492e-01 -2.7413378655e+00
138 30 50
3 0 292 -161.9100 -91.5700 1 418 -146.4700 -140.3500 2 363 -188.4600 -93.8100
-4.8326436492e-01 -3.9175923792e-01 -2.7024419973e+00
27 68 28
2 0 296 -118.6100 -95.7800 1 423 -104.4900 -142.5900
-1.2130710489e-02 -3.8806893267e-01 -2.6383084847e+00
180 134 129
2 0 298 -3.3500 -97.3100 1 410 2.4000 -137.2000
2.1588895679e+00 -9.9131978630e-01 -4.8431526650e+00
82 67 77
2 0 342 297.1200 -136.1100 1 263 223.1200 -61.4700
2.1090874326e+00 -1.0683133719e+00 -4.7266612885e+00
76 55 56
2 0 371 297.1000 -150.1900 1 284 223.4200 -75.8700
2.0977248102e+00 -1.0863319628e+00 -4.6998272638e+00
120 109 111
2 0 375 297.0200 -153.6000 1 294 223.6000 -79.2500
-1.3252474242e-02 -5.9157575813e-01 -2.5346436015e+00
209 234 113
2 0 376 -3.8600 -153.7800 1 486 7.9200 -189.4700
-3.5077267038e-01 -6.1457703173e-01 -2.5449056344e+00
31 64 139
2 0 393 -90.9500 -158.9400 1 512 -68.8500 -201.7500
3.9111020780e-02 -6.1002214114e-01 -2.5116163940e+00
188 215 89
2 0 396 9.9100 -159.8500 1 500 20.6600 -194.5000
1.9969523626e+00 -1.1449181109e+00 -4.6053080170e+00
88 77 80
2 0 403 288.3500 -165.2300 1 330 216.8500 -91.6600
-3.3459564719e-01 -6.7310960320e-01 -2.5171186927e+00
11 14 13
2 0 418 -87.5600 -175.7300 1 528 -63.8000 -216.5500
1.8389878620e+00 -1.2384681609e+00 -4.4512910798e+00
72 64 71
2 0 435 274.3900 -184.8600 1 381 206.0500 -112.4800
1.8389878620e+00 -1.2384681609e+00 -4.4512910798e+00
72 64 71
2 0 436 274.3900 -184.8600 1 382 206.0500 -112.4800
2.0016674625e+00 -1.2606485091e+00 -4.4187060733e+00
110 103 110
2 0 445 300.3200 -189.0200 1 387 227.4400 -114.6500
1.9811707431e+00 -1.3462791444e+00 -4.2698747976e+00
69 68 74
2 0 483 306.6000 -208.4300 1 404 233.5900 -133.2900
-5.8464904422e-02 7.8260269332e-01 -2.9242283967e+00
184 189 184
2 0 543 -13.8600 178.1300 1 584 -27.9100 133.4200
-1.5910934943e-03 7.8076835201e-01 -2.9252229238e+00
174 175 170
2 0 544 -0.9400 177.6300 1 585 -15.1600 133.6300
5.7720127605e-01 6.7672327557e-01 -2.7775201544e+00
212 227 221
2 0 552 136.8000 160.7700 1 594 121.1500 113.6100
-2.0903977682e-01 6.9223681611e-01 -2.9272328271e+00
135 132 127
2 0 554 -48.0100 157.6300 1 595 -61.0000 111.0800
5.9268578020e-01 6.2337883716e-01 -2.8110271083e+00
127 143 124
3 0 556 138.9600 146.4800 1 45 121.7500 102.3800 2 492 110.2300 167.3000
6.7416024763e-01 5.7234875699e-01 -2.8044633706e+00
224 239 236
3 0 563 158.4900 134.7400 1 55 139.9900 91.8100 2 495 131.0400 162.2800
6.6853470206e-01 5.5930003363e-01 -2.8119602845e+00
199 210 204
3 0 566 156.8000 131.3000 1 607 137.9300 89.0300 2 497 130.4700 158.6200
2.5829503656e-01 5.5308125264e-01 -2.8050466663e+00
219 243 252
2 0 567 60.6100 130.7600 1 1020 49.4000 82.3300
2.1765695415e-01 5.3425032023e-01 -2.8199743675e+00
15 27 27
2 0 572 50.7700 125.7700 1 623 39.6900 77.9800
3.1390704996e-01 4.5348979640e-01 -2.6756597742e+00
89 154 73
2 0 577 77.3900 111.8900 1 101 69.3900 55.8300
6.1818320075e-01 4.6449936009e-01 -2.8638183903e+00
160 176 159
2 0 582 142.5700 107.5000 1 83 123.2600 69.0800
9.8619024282e-01 2.4993462261e-01 -2.9606848384e+00
198 194 197
2 0 598 219.6200 55.8700 1 116 188.6600 32.8200
6.7899231667e-01 2.0656451004e-01 -2.8188699404e+00
196 209 213
2 0 601 159.0600 48.4900 1 670 138.5800 13.1000
-1.2398755933e-01 1.8126375163e-01 -2.8359717109e+00
220 133 166
2 0 602 -29.4700 42.7200 1 681 -34.0700 -4.4800
-2.2491021150e-01 1.6139778553e-01 -2.8103166864e+00
124 199 217
2 0 605 -53.5600 38.3700 1 178 -55.8000 -11.9700
-1.2112502030e-01 1.5701005609e-01 -2.8338598954e+00
225 127 164
2 0 608 -28.9400 37.0000 1 169 -33.0000 -9.7100
9.4093429566e-01 8.2599281897e-02 -2.9366422158e+00
213 217 206
3 0 621 211.4700 18.8300 1 160 181.1200 -2.3500 2 834 220.0500 57.7600
1.6452897994e-02 7.6687277807e-02 -2.7918391612e+00
65 84 79
2 0 622 3.6700 18.4000 1 214 -0.8100 -27.1100
4.8955715404e-01 7.9063200455e-02 -2.9802803713e+00
37 84 0
2 0 623 108.8700 17.9500 1 165 89.2500 -7.9500
-6.4613007937e-01 1.2760835378e-02 -2.7164092285e+00
214 70 120
2 0 632 -157.7800 3.2300 1 746 -149.8800 -58.6000
-6.6742918227e-01 -3.6267517862e-02 -2.7044915498e+00
163 149 159
2 0 641 -163.5500 -8.7500 1 767 -154.0100 -70.7700
-5.4970535922e-01 -8.5592328576e-02 -2.6820835498e+00
57 82 61
3 0 644 -136.0200 -21.0900 1 779 -125.3600 -80.9700 2 612 -162.3100 -11.4700
-1.7523231519e-01 -1.1716784852e-01 -2.6062201631e+00
31 32 33
3 0 647 -44.6900 -29.8500 1 315 -36.2300 -86.2100 2 599 -73.2700 5.9300
-1.7523231519e-01 -1.1716784852e-01 -2.6062201631e+00
31 32 33
3 0 648 -44.6900 -29.8500 1 316 -36.2300 -86.2100 2 600 -73.2700 5.9300
-5.4348695452e-01 -1.3662002748e-01 -2.6870208059e+00
46 76 57
2 0 650 -134.2100 -33.6200 1 798 -122.8500 -91.4700
5.7186390587e-02 -1.3452320124e-01 -2.6307266622e+00
100 5 4
3 0 651 14.1800 -34.0900 1 305 16.2300 -82.9300 2 596 -8.7600 9.1000
5.7186390587e-02 -1.3452320124e-01 -2.6307266622e+00
100 5 4
3 0 652 14.1800 -34.0900 1 306 16.2300 -82.9300 2 595 -8.7600 9.1000
-3.7198290069e-02 -1.3743416446e-01 -2.6226385399e+00
51 10 10
3 0 653 -9.6400 -34.7800 1 317 -4.7600 -86.3200 2 602 -34.7800 5.1100
1.1568609834e-02 -1.3781270523e-01 -2.6254112205e+00
53 13 13
3 0 654 2.7200 -34.8800 1 313 6.2500 -85.0800 2 598 -21.4700 6.8400
-2.3840818622e-02 -1.4922030203e-01 -2.6221625789e+00
240 39 35
3 0 657 -6.2500 -37.8700 1 791 -1.5800 -88.5200 2 878 -31.0500 2.9000
2.3093467105e-03 -1.4919458809e-01 -2.6236698466e+00
241 38 37
2 0 658 0.2500 -37.8200 1 790 4.4000 -87.8300
5.0625247340e-02 -1.7608340690e-01 -2.6325669004e+00
221 224 222
3 0 663 12.4300 -44.2700 1 799 15.0200 -92.0000 2 881 -9.5300 -1.7300
2.5625580042e-02 -1.7710704041e-01 -2.6297582641e+00
219 223 222
3 0 665 6.2400 -44.6100 1 801 9.5000 -92.9500 2 882 -16.5800 -2.7600
-1.5676371441e-01 -1.8438470758e-01 -2.6125728506e+00
204 206 201
3 0 666 -39.9200 -46.7200 1 809 -31.3800 -99.9500 2 610 -67.1700 -10.5700
-1.2893706597e-01 -1.8383681127e-01 -2.6157946484e+00
213 219 217
3 0 668 -32.7600 -46.5800 1 807 -25.0800 -98.8800 2 886 -59.5000 -9.6000
8.8635984843e-01 -2.3607334811e-01 -2.9512885714e+00
172 175 168
2 0 672 198.2800 -52.7600 1 756 167.3600 -63.9600
5.2240287576e-02 -2.1684087551e-01 -2.6341420673e+00
218 220 217
3 0 673 12.8300 -54.7300 1 810 15.5300 -100.3200 2 888 -8.1300 -11.9200
-6.5934120681e-02 -2.2453712926e-01 -2.6223888339e+00
213 216 210
3 0 675 -16.8600 -56.8100 1 361 -10.5400 -105.6100 2 614 -41.2800 -17.7500
-4.5798691543e-02 -2.2208839359e-01 -2.6244086077e+00
214 218 212
3 0 676 -11.7600 -56.2900 1 821 -6.1000 -104.3700 2 895 -35.6700 -16.4300
-1.0260143190e-01 -2.2540947973e-01 -2.6197925908e+00
209 210 205
3 0 677 -26.1200 -57.0900 1 368 -18.7500 -106.8100 2 619 -51.5100 -19.2900
-1.2652422237e-01 -2.2516483383e-01 -2.6179591786e+00
216 220 215
3 0 678 -32.2200 -57.0900 1 822 -24.1100 -107.4200 2 902 -58.1700 -20.0600
-6.1930101877e-01 -2.3975036624e-01 -2.7378440574e+00
196 65 113
3 0 680 -150.0700 -57.9500 1 834 -138.2100 -110.5600 2 940 -175.0500 -56.8100
-1.5501298024e-01 -2.2761708563e-01 -2.6150451335e+00
206 207 204
3 0 681 -39.3700 -57.7900 1 827 -30.5700 -108.8200 2 909 -66.1500 -21.5800
4.8947346894e-03 -2.3274215344e-01 -2.6302378207e+00
25 24 28
3 0 682 0.8500 -58.6600 1 359 5.3000 -105.1500 2 898 -21.0900 -17.6300
4.8947346894e-03 -2.3274215344e-01 -2.6302378207e+00
25 24 28
3 0 683 0.8500 -58.6600 1 360 5.3000 -105.1500 2 899 -21.0900 -17.6300
-5.2477431609e-02 -2.3728409433e-01 -2.6243393686e+00
23 24 27
3 0 684 -13.4000 -59.9200 1 824 -7.4400 -107.8800 2 906 -37.3100 -20.6500
-3.8992040073e-02 -2.4798113335e-01 -2.6263724852e+00
217 221 220
3 0 689 -10.1500 -62.6100 1 373 -4.3600 -109.6700 2 624 -33.1700 -22.9600
-6.2872128189e-02 -2.4996265122e-01 -2.6250338876e+00
216 220 216
3 0 690 -16.0600 -63.0700 1 380 -9.6400 -110.7400 2 921 -39.9300 -24.4300
-6.7723892487e-01 -2.6243809783e-01 -2.7241318970e+00
153 42 75
2 0 692 -164.8500 -63.6000 1 1184 -151.1300 -117.9000
-9.3404034095e-02 -2.5208150052e-01 -2.6223428697e+00
210 214 207
3 0 694 -23.7900 -63.6400 1 839 -16.4400 -112.1300 2 924 -48.4600 -26.0000
-1.2020428850e-01 -2.5440571728e-01 -2.6203284666e+00
207 213 205
3 0 696 -30.4700 -64.4200 1 842 -22.4900 -113.2800 2 926 -55.9900 -27.4900
-1.3334285535e-01 -2.6456281274e-01 -2.6201568184e+00
28 24 29
2 0 701 -33.8900 -66.8800 1 389 -25.3800 -115.8600
-1.3296810497e-01 -2.6435922687e-01 -2.6199582752e+00
28 24 29
3 0 702 -33.8900 -66.8800 1 390 -25.3800 -115.8600 2 627 -59.1300 -30.4700
-7.6649423647e-02 -2.7736219916e-01 -2.6247315079e+00
20 22 25
3 0 703 -19.5400 -70.2400 1 844 -12.5400 -116.6800 2 930 -43.3200 -31.9000
-7.6649423647e-02 -2.7736219916e-01 -2.6247315079e+00
20 22 25
3 0 704 -19.5400 -70.2400 1 845 -12.5400 -116.6800 2 931 -43.3200 -31.9000
5.7221887361e-02 -2.8699883623e-01 -2.6399814932e+00
221 226 222
3 0 705 13.9300 -72.0500 1 385 16.9700 -114.5200 2 628 -4.8800 -30.3100
-4.7110327419e-01 -3.7344117274e-01 -2.7068978139e+00
35 59 35
3 0 717 -115.5900 -91.2000 1 411 -101.9300 -138.0500 2 670 -141.4300 -81.5100
6.2625546252e-02 -3.8473257400e-01 -2.6459955931e+00
192 144 139
3 0 725 15.2700 -96.1500 1 405 18.5700 -134.1100 2 941 -0.8600 -56.4500
6.2397270400e-02 -3.8432248237e-01 -2.6446002149e+00
192 144 139
2 0 726 15.2700 -96.1500 1 406 18.5700 -134.1100
4.2994795861e-02 -3.8585575675e-01 -2.6431698565e+00
177 131 128
3 0 727 10.5000 -96.6000 1 862 14.3400 -134.9900 2 942 -6.6500 -57.2900
-4.9895633076e-01 -3.9773379116e-01 -2.7039430356e+00
101 167 107
3 0 729 -122.5700 -97.4100 1 868 -107.6800 -143.7500 2 962 -149.1100 -88.5400
-2.8940526695e-02 -3.8925087272e-01 -2.6362815386e+00
184 146 147
3 0 730 -7.5600 -97.6500 1 412 -1.2700 -138.0600 2 947 -27.3100 -60.5500
-6.8641625571e-02 -3.9085451253e-01 -2.6335270708e+00
184 142 140
3 0 731 -17.4900 -98.2000 1 415 -9.9600 -139.5100 2 661 -38.7200 -62.3900
-4.8462277199e-02 -3.8948622917e-01 -2.6347724318e+00
172 135 131
3 0 732 -12.4800 -97.7900 1 414 -5.5100 -138.6700 2 659 -32.9300 -61.2900
-9.0375282919e-02 -3.9284393486e-01 -2.6321825298e+00
176 129 125
3 0 734 -23.0300 -98.7500 1 419 -14.6800 -140.5400 2 663 -44.8800 -63.7100
9.9472384917e-01 -4.6796940180e-01 -2.9523122176e+00
102 87 80
2 0 740 221.7600 -104.4400 1 358 186.0100 -104.6100
-6.2402335132e-01 -4.7125510471e-01 -2.7569950788e+00
103 147 162
2 0 746 -150.1900 -112.8700 1 442 -134.5600 -156.4600
-3.9900766458e-01 -4.7125824508e-01 -2.7254921817e+00
111 141 99
3 0 747 -97.3200 -114.2600 1 438 -84.3700 -154.5100 2 685 -120.7700 -105.9900
2.3092791603e+00 -8.8635653791e-01 -5.0312503241e+00
60 56 62
2 0 752 306.4900 -117.0100 1 233 229.8900 -40.8500
-3.8543661826e-01 -4.8584679544e-01 -2.7298028926e+00
38 50 32
2 0 753 -93.8800 -117.6600 1 885 -81.2900 -156.7100
-6.5240349949e-01 -5.1628453411e-01 -2.7439655059e+00
152 30 61
2 0 761 -157.5900 -124.1500 1 890 -140.0400 -167.4100
-4.8087681094e-01 -5.4340511583e-01 -2.7134162308e+00
43 71 50
2 0 765 -117.6400 -132.2600 1 893 -101.2500 -171.9900
1.1105891897e-01 -5.4895742558e-01 -2.6682027268e+00
227 43 34
2 0 766 27.0800 -135.8900 1 887 29.0900 -163.7800
2.1722037429e+00 -1.0068351744e+00 -4.8086679819e+00
118 112 117
2 0 769 300.9100 -139.1700 1 758 226.4900 -64.5000
2.1673261316e+00 -1.0709413562e+00 -4.7126003235e+00
128 115 121
2 0 785 305.9300 -150.9000 1 285 231.0000 -76.0600
2.1673261316e+00 -1.0709413562e+00 -4.7126003235e+00
128 115 121
2 0 786 305.9300 -150.9000 1 286 231.0000 -76.0600
-1.5764533813e-01 -6.3173035793e-01 -2.5803101195e+00
47 30 4
2 0 794 -40.8000 -161.4000 1 909 -25.4900 -196.0800
2.0452183416e+00 -1.1359089470e+00 -4.6264697926e+00
136 126 134
2 0 799 294.0000 -163.1000 1 794 221.3100 -89.0400
2.0587245286e+00 -1.2177685093e+00 -4.4745200430e+00
117 105 109
2 0 827 305.1200 -180.3800 1 365 231.3300 -105.8500
2.0190752144e-01 -6.8492448568e-01 -2.4762483147e+00
129 137 119
2 0 829 53.6000 -181.3200 1 1253 58.4600 -209.6400
1.9354580433e+00 -1.2333620005e+00 -4.4749750659e+00
119 110 114
2 0 831 287.1500 -182.9500 1 831 216.3800 -109.3700
2.0024768506e+00 -1.2479108302e+00 -4.4431714498e+00
94 79 84
2 0 832 299.0500 -186.1000 1 840 226.0100 -111.9100
1.9163115661e+00 -1.3134457473e+00 -4.3401677858e+00
113 110 118
2 0 845 292.5100 -200.4400 1 858 221.3800 -126.4200
8.1490985052e-01 -8.9709056703e-01 -2.4840009061e+00
145 145 146
2 0 891 211.8300 -234.7000 1 958 188.0600 -232.1300
-5.8897420705e-02 7.5700303546e-01 -2.9177623727e+00
140 140 132
2 0 922 -13.9500 172.7100 1 991 -27.6000 127.4500
-5.8897420705e-02 7.5700303546e-01 -2.9177623727e+00
140 140 132
2 0 923 -13.9500 172.7100 1 992 -27.6000 127.4500
2.3370526259e-01 5.2999091683e-01 -2.8081558075e+00
187 213 222
2 0 945 54.8700 125.2700 1 1025 43.7600 76.8200
2.4780124318e-01 4.3336028507e-01 -2.7338450366e+00
47 72 31
2 0 954 59.6800 104.9100 1 1036 51.3200 52.5600
-7.4848897839e-01 4.1247588845e-01 -2.8431627945e+00
160 157 154
2 0 961 -175.1500 96.5000 1 654 -180.9000 37.0100
7.0626650486e-01 3.1912182834e-01 -2.8108280786e+00
214 232 233
2 0 967 165.6400 74.9700 1 652 145.3700 37.1100
6.7386979072e-01 1.7646841865e-01 -2.8329880764e+00
172 187 178
2 0 985 157.2400 41.3100 1 671 136.2600 7.3500
-4.0286627818e-01 1.3994835081e-01 -2.7690761695e+00
146 178 192
2 0 987 -97.0100 33.6700 1 1083 -95.3600 -22.2500
-7.3447636355e-01 1.0020543260e-01 -2.6968709387e+00
188 119 139
3 0 993 -180.4600 24.5900 1 1093 -173.1500 -42.1600 2 857 -203.1100 21.1200
-6.7304413762e-01 5.7193089822e-02 -2.7100154271e+00
100 176 182
3 0 1000 -164.6600 14.0100 1 1099 -157.0900 -49.5600 2 866 -188.1200 12.5800
-6.7304413762e-01 5.7193089822e-02 -2.7100154271e+00
100 176 182
3 0 1001 -164.6600 14.0100 1 1100 -157.0900 -49.5600 2 867 -188.1200 12.5800
-4.5923945351e-01 -8.3792775532e-03 -2.6965524955e+00
78 101 86
3 0 1006 -113.1100 -2.0200 1 751 -105.4300 -60.9400 2 870 -138.4800 8.3100
-6.4019092080e-01 -5.3797044256e-02 -2.7244441192e+00
203 60 111
3 0 1015 -156.0400 -13.1400 1 1118 -146.8900 -72.3000 2 889 -179.7500 -12.4800
-2.9141676837e-01 -5.7630133797e-02 -2.5842850779e+00
131 76 46
2 0 1016 -74.3900 -14.7800 1 1123 -64.1900 -77.4700
-6.2228723025e-01 -6.9922070799e-02 -2.7271679819e+00
194 97 113
3 0 1018 -151.5200 -16.6400 1 1122 -142.3400 -75.5100 2 1132 -175.3200 -15.9100
9.0704479772e-01 -7.8509582655e-02 -2.9506103203e+00
201 211 200
2 0 1019 203.0400 -17.4500 1 714 172.1700 -33.6200
-6.3923196920e-01 -7.9452773945e-02 -2.7247599802e+00
210 64 116
3 0 1020 -155.7300 -19.0900 1 1126 -146.1000 -78.0100 2 900 -179.7800 -18.4800
-5.4038929409e-01 -1.1092346476e-01 -2.6842213578e+00
40 54 42
2 0 1022 -133.5900 -27.3300 1 1141 -122.6100 -86.0600
-5.5267594943e-03 -1.2453557022e-01 -2.6201755039e+00
248 42 39
2 0 1024 -1.6000 -31.6000 1 1134 2.4300 -83.0200
-5.5267594943e-03 -1.2453557022e-01 -2.6201755039e+00
248 42 39
2 0 1025 -1.6000 -31.6000 1 1135 2.4300 -83.0200
-6.6546324184e-02 -1.2687221697e-01 -2.6160197402e+00
211 216 210
3 0 1027 -16.8600 -32.1600 1 785 -11.4100 -85.2100 2 873 -43.4300 7.1600
-1.1848452671e-01 -1.2897413734e-01 -2.6121027058e+00
207 213 209
3 0 1028 -30.2500 -32.8500 1 1144 -23.1200 -87.0300 2 874 -57.5300 4.8800
-1.1849726195e-01 -1.2906714946e-01 -2.6124529656e+00
207 213 209
2 0 1030 -30.2500 -32.8500 1 1145 -23.1200 -87.0300
3.7442004713e-02 -1.6406094827e-01 -2.6297165341e+00
32 23 22
3 0 1035 9.2300 -41.4300 1 797 11.9500 -89.8800 2 879 -13.5400 1.0800
-1.7030010510e-01 -1.7422431529e-01 -2.6087836313e+00
32 29 37
2 0 1037 -43.3200 -44.2800 1 1161 -34.5900 -98.3400
-1.4318334440e-01 -1.7301821342e-01 -2.6129511538e+00
27 26 32
3 0 1039 -36.3400 -43.9200 1 1157 -28.3800 -97.0600 2 1125 -63.7400 -7.2100
-8.4314653222e-03 -1.7881394950e-01 -2.6257445328e+00
223 222 222
3 0 1040 -2.3400 -45.1400 1 803 1.9900 -94.3600 2 883 -26.1000 -4.2000
-8.4314653222e-03 -1.7881394950e-01 -2.6257445328e+00
223 222 222
3 0 1041 -2.3400 -45.1400 1 804 1.9900 -94.3600 2 884 -26.1000 -4.2000
9.9282816751e-03 -2.0098436940e-01 -2.6287397021e+00
30 28 29
3 0 1047 2.2400 -50.8600 1 1162 6.1500 -98.3200 2 1128 -20.4400 -9.1800
9.9282816751e-03 -2.0098436940e-01 -2.6287397021e+00
30 28 29
3 0 1048 2.2400 -50.8600 1 1163 6.1500 -98.3200 2 1129 -20.4400 -9.1800
1.8664721550e-02 -2.2081754554e-01 -2.6319710753e+00
216 221 219
2 0 1049 4.7100 -55.5100 1 814 7.9200 -102.3000
3.8626032050e-02 -2.2808246638e-01 -2.6337024755e+00
33 31 31
3 0 1051 9.4000 -57.4400 1 815 12.6500 -103.1000 2 893 -11.7100 -15.3700
3.8626032050e-02 -2.2808246638e-01 -2.6337024755e+00
33 31 31
3 0 1052 9.4000 -57.4400 1 816 12.6500 -103.1000 2 894 -11.7100 -15.3700
-6.9396791371e-01 -2.4681780739e-01 -2.7271900674e+00
130 199 195
3 0 1054 -168.7900 -59.8100 1 1180 -155.3100 -114.6700 2 946 -194.5200 -60.3200
-1.3911737667e-01 -2.3513591601e-01 -2.6180033141e+00
24 23 26
3 0 1055 -35.4100 -59.5600 1 832 -26.8800 -109.8600 2 913 -61.4700 -23.1500
-1.3911737667e-01 -2.3513591601e-01 -2.6180033141e+00
24 23 26
3 0 1056 -35.4100 -59.5600 1 833 -26.8800 -109.8600 2 914 -61.4700 -23.1500
2.0979786326e-02 -2.3869433820e-01 -2.6317946175e+00
28 26 29
3 0 1057 5.0300 -60.0900 1 1173 8.8400 -105.9300 2 1135 -16.5200 -18.6400
2.0979786326e-02 -2.3869433820e-01 -2.6317946175e+00
28 26 29
3 0 1058 5.0300 -60.0900 1 1174 8.8400 -105.9300 2 1136 -16.5200 -18.6400
-1.1009134738e-01 -2.4224898042e-01 -2.6203488085e+00
24 22 30
3 0 1059 -28.0900 -61.2000 1 835 -20.1900 -110.5800 2 918 -53.3000 -24.0100
-1.1009134738e-01 -2.4224898042e-01 -2.6203488085e+00
24 22 30
3 0 1060 -28.0900 -61.2000 1 836 -20.1900 -110.5800 2 919 -53.3000 -24.0100
-1.4097406311e-02 -2.4941300024e-01 -2.6289389930e+00
210 215 207
3 0 1061 -3.7400 -62.7700 1 829 1.2000 -109.2500 2 912 -26.2500 -22.6300
6.8328799941e-02 -2.5568669089e-01 -2.6392596392e+00
43 15 12
3 0 1062 16.7500 -64.0400 1 1175 19.1700 -107.9700 2 1137 -2.4500 -21.7400
6.8986596280e-02 -2.7335739052e-01 -2.6377440105e+00
40 15 15
3 0 1066 16.8400 -68.7600 1 1176 19.4000 -111.6500 2 1139 -1.8400 -25.9100
-1.0963394585e-02 -2.8808642512e-01 -2.6317771235e+00
209 213 207
3 0 1071 -3.1000 -72.6000 1 1182 2.0500 -116.9800 2 1144 -24.3500 -32.6100
-6.6480664612e-02 -2.9185528632e-01 -2.6276063475e+00
207 210 205
2 0 1072 -17.1100 -73.6100 1 849 -10.0700 -119.3700
-8.5674701776e-02 -2.9273960959e-01 -2.6262142304e+00
202 210 202
2 0 1074 -21.8400 -73.8200 1 1186 -14.4600 -120.1800
2.5751881139e-02 -3.8736650680e-01 -2.6412431927e+00
187 139 135
3 0 1085 6.1700 -97.0400 1 864 10.5900 -135.9100 2 944 -11.5700 -58.2100
7.6056317028e-02 -3.9832332329e-01 -2.6525410260e+00
47 10 6
2 0 1086 18.4900 -99.4000 1 865 21.4500 -135.8400
-6.0030914099e-01 -4.1780077054e-01 -2.7491444016e+00
52 149 181
2 0 1088 -144.9400 -100.3900 1 872 -130.3400 -145.9400
-7.8542945952e-02 -4.0583811964e-01 -2.6339232575e+00
25 23 23
2 0 1091 -20.0700 -101.9300 1 867 -11.9900 -142.7900
-4.0691638080e-01 -4.5292743587e-01 -2.7219691911e+00
41 56 40
2 0 1100 -99.1800 -109.9300 1 1207 -86.6400 -151.4700
-6.7047403548e-01 -4.9848715407e-01 -2.7473930884e+00
176 75 101
2 0 1106 -161.7300 -119.7100 1 1213 -144.4500 -163.9300
2.1373034843e+00 -1.0300395740e+00 -4.7633444658e+00
88 75 74
2 0 1115 298.8900 -143.6900 1 765 224.8100 -69.5100
5.4259824818e-01 -6.4237256096e-01 -2.5416103500e+00
130 129 124
2 0 1134 139.7100 -165.7100 1 1230 127.9800 -184.5800
-4.2862242101e-01 -6.7155893381e-01 -2.5355588753e+00
33 67 49
2 0 1142 -111.4800 -174.1200 1 1258 -85.5700 -216.3500
-9.2425520196e-02 -6.7710261854e-01 -2.4849530913e+00
36 38 41
2 0 1146 -24.8600 -179.1000 1 1441 -7.2900 -214.6600
-3.4328479408e-01 -6.9008004234e-01 -2.5015912018e+00
29 59 51
2 0 1151 -90.3400 -181.1700 1 1266 -65.2300 -222.1000
1.9674566623e+00 -1.4045705779e+00 -4.1895429373e+00
118 116 119
2 0 1184 309.9000 -221.2100 1 1203 236.3400 -145.3300
1.7517448621e+00 -1.4098437862e+00 -4.1896412973e+00
89 76 81
2 0 1185 276.4500 -222.7400 1 875 209.3000 -149.2700
1.7517448621e+00 -1.4098437862e+00 -4.1896412973e+00
89 76 81
2 0 1186 276.4500 -222.7400 1 876 209.3000 -149.2700
8.5045649043e-01 -8.8949088518e-01 -2.5063664520e+00
180 189 180
2 0 1207 218.7900 -230.8900 1 947 193.7900 -226.8700
4.3419263368e-01 8.6790799353e-01 -2.8605461030e+00
189 198 194
2 0 1229 99.5900 200.6200 1 986 84.3600 157.3800
1.0147278379e+00 2.4531258466e-01 -2.9760765516e+00
67 61 59
2 0 1276 225.2300 54.7500 1 1043 192.3000 32.7100
-5.2323875899e-01 1.5957702659e-01 -2.7339873570e+00
151 198 199
3 0 1286 -127.3600 38.9000 1 1082 -123.4600 -22.2900 2 1098 -149.5800 38.0400
7.3303372625e-01 1.4448445799e-01 -2.8959035110e+00
206 217 215
2 0 1290 167.1300 33.0800 1 1361 143.7600 4.9200
-5.1866855888e-01 1.2450979124e-01 -2.7500631724e+00
131 174 192
2 0 1291 -125.6700 30.0600 1 1086 -121.7400 -28.9000
8.5939002818e-01 6.4452956521e-02 -2.9448718408e+00
126 119 111
2 0 1300 192.9100 14.6700 1 686 164.2000 -6.8300
-6.3028611088e-01 -2.2456715662e-03 -2.7255047429e+00
202 101 120
2 0 1307 -153.5500 -0.4500 1 1107 -145.6800 -60.8700
-4.7294886381e-01 -1.1712954564e-01 -2.6963555620e+00
64 106 78
3 0 1321 -116.5600 -28.7200 1 1136 -106.8200 -85.0400 2 1134 -142.0500 -17.3400
3.8483346193e-02 -1.2361035949e-01 -2.6333288958e+00
252 43 39
3 0 1322 9.4700 -30.8000 1 1131 12.2200 -80.9900 2 1294 -14.1700 10.2500
-5.5402171108e-02 -1.2728149700e-01 -2.6188823793e+00
214 218 210
3 0 1324 -14.3800 -32.2500 1 1395 -8.9300 -84.8900 2 1297 -39.9300 7.3000
4.0145391896e-02 -1.4099616496e-01 -2.6305962361e+00
253 39 39
2 0 1327 9.8500 -35.6200 1 1140 12.5300 -84.7400
-8.9264784921e-02 -1.4926214528e-01 -2.6155802614e+00
206 211 205
3 0 1329 -22.7000 -37.9200 1 1151 -16.3500 -90.5200 2 1117 -49.2400 0.7600
-4.4976298325e-02 -1.8457530876e-01 -2.6232437477e+00
215 218 214
3 0 1334 -11.5300 -46.6800 1 1156 -6.1900 -96.5700 2 1123 -36.1300 -6.9300
-8.5256544132e-02 -1.8591807768e-01 -2.6189830581e+00
203 206 199
3 0 1335 -21.8300 -47.1200 1 1159 -15.0400 -98.0300 2 1126 -47.3900 -8.5600
-1.1562979415e-02 -2.1142390121e-01 -2.6264486936e+00
209 214 209
3 0 1336 -3.1100 -53.6100 1 1402 1.4100 -101.1600 2 1308 -26.3000 -12.4400
6.6583895318e-02 -2.2967691239e-01 -2.6371237481e+00
35 23 20
3 0 1338 16.4000 -57.7400 1 1166 18.7600 -102.5500 2 1131 -3.7500 -14.9500
-8.1484269640e-02 -2.3535857588e-01 -2.6214279920e+00
27 28 33
3 0 1339 -20.9900 -59.3200 1 1406 -13.7600 -108.5000 2 1315 -45.3800 -21.1500
-1.1765969766e-01 -2.8380214188e-01 -2.6236464348e+00
211 212 205
2 0 1340 -29.9400 -71.6500 1 1185 -21.6800 -119.2400
-1.6975759807e-01 -2.8719402422e-01 -2.6188910433e+00
46 21 20
3 0 1342 -43.1400 -72.5500 1 1413 -33.3500 -121.6300 2 1145 -69.1800 -37.9100
-4.7189037176e-01 -3.5065173339e-01 -2.7043712243e+00
97 159 103
3 0 1347 -116.1300 -85.8500 1 1201 -103.2200 -134.0200 2 1327 -140.9800 -75.0700
-4.8804412489e-01 -3.7712800862e-01 -2.7047734352e+00
92 161 100
3 0 1348 -119.8700 -92.2000 1 1202 -105.6000 -139.3300 2 1163 -146.0800 -82.9200
9.9286913518e-01 -4.4528924610e-01 -2.9143220444e+00
25 26 23
2 0 1350 223.9800 -100.6800 1 1168 189.0200 -103.2800
4.5900110866e-01 -5.0092913488e-01 -2.8224834468e+00
127 136 130
2 0 1354 107.1900 -117.3100 1 1198 92.6600 -132.2700
2.1100122886e+00 -1.0123599483e+00 -4.7846296566e+00
110 101 110
2 0 1361 294.0500 -140.6200 1 1111 220.4500 -66.9300
2.2117989347e+00 -1.0805998177e+00 -4.7252482602e+00
102 91 95
2 0 1367 311.4100 -151.7300 1 1392 235.1400 -76.1900
-2.3270979766e-01 -6.1340906657e-01 -2.6154252218e+00
29 24 17
2 0 1369 -59.0200 -154.6400 1 1571 -43.6200 -190.5300
5.5907212309e-01 -6.0900138328e-01 -2.5611574774e+00
122 135 130
2 0 1371 142.4400 -156.2600 1 1223 130.7200 -175.2400
-2.0876628294e-01 -7.1523557804e-01 -2.4373059179e+00
183 203 199
2 0 1393 -56.4300 -192.4600 1 1594 -32.1500 -231.5700
4.8953009522e-02 7.8618866867e-01 -2.9333539445e+00
165 166 158
2 0 1441 10.4100 178.3300 1 1479 -4.1200 135.5500
-6.0314644132e-01 6.9032709108e-01 -2.8744441301e+00
177 176 171
2 0 1448 -139.6100 159.6800 1 1484 -152.0600 104.4400
5.5113915960e-01 6.2214267037e-01 -2.9065924074e+00
93 96 81
2 0 1451 125.4900 142.1500 1 1485 106.0900 103.6400
-7.9939541114e-01 4.1273543257e-01 -2.8758447711e+00
111 91 84
2 0 1457 -185.2600 95.4500 1 1498 -191.9700 37.8200
6.7762651059e-01 3.5682160256e-01 -2.8291195585e+00
108 112 91
2 0 1464 158.1300 83.4600 1 1341 137.9500 45.4400
7.0772016652e-01 3.5467444264e-01 -2.8071907618e+00
212 229 227
2 0 1465 166.2200 83.4400 1 1343 146.0100 44.5900
-6.8838972343e-01 3.4196318384e-02 -2.7059246838e+00
101 176 185
2 0 1494 -168.6900 8.4400 1 1526 -160.4000 -55.4100
-4.2108199572e-01 1.3261698360e-02 -2.7026505348e+00
78 89 73
2 0 1495 -103.6600 3.2500 1 1385 -96.9600 -54.9900
-6.8234485320e-01 -7.2482275196e-03 -2.7112801757e+00
101 180 186
3 0 1497 -166.9700 -1.8100 1 1529 -158.0100 -64.0200 2 1301 -190.6600 -2.1600
-4.2042104820e-01 -5.0212589865e-02 -2.7079770110e+00
74 88 75
3 0 1501 -103.4000 -12.2400 1 1531 -96.2600 -68.7800 2 1299 -127.2800 -0.6900
-2.5800629207e-01 -1.4667912894e-01 -2.6045370710e+00
148 89 55
2 0 1503 -65.5100 -37.2900 1 1399 -55.3600 -94.7000
-1.4969244432e-01 -1.4963794060e-01 -2.6107811218e+00
210 215 211
3 0 1504 -38.2400 -38.1200 1 1398 -29.9600 -92.2600 2 1300 -65.8000 -1.4200
-1.0664604031e-01 -1.7687466523e-01 -2.6155478938e+00
24 25 27
3 0 1505 -27.1400 -44.7700 1 1401 -19.9600 -96.9300 2 1306 -53.6100 -6.9000
-1.1691498280e-01 -2.0413852447e-01 -2.6180705454e+00
24 22 23
3 0 1506 -29.7400 -51.6400 1 1403 -22.1500 -102.8000 2 1310 -55.8200 -14.4200
-1.1691498280e-01 -2.0413852447e-01 -2.6180705454e+00
24 22 23
3 0 1507 -29.7400 -51.6400 1 1404 -22.1500 -102.8000 2 1311 -55.8200 -14.4200
-6.5649272991e-01 -2.3638680627e-01 -2.7280911382e+00
107 165 175
3 0 1509 -159.7400 -57.2900 1 1548 -146.7400 -111.5100 2 1322 -185.1900 -56.4900
-2.7784865888e-02 -2.2952666112e-01 -2.6274066971e+00
28 24 28
3 0 1510 -7.2400 -57.9700 1 1405 -2.0100 -105.3700 2 1313 -30.4200 -17.9300
-6.0357770635e-01 -2.6004353214e-01 -2.7436309854e+00
110 170 165
3 0 1511 -146.0400 -62.6400 1 1408 -134.0800 -113.9800 2 1323 -170.7500 -61.7600
-1.6485772605e-01 -2.4674119171e-01 -2.6151994684e+00
26 27 28
3 0 1512 -41.9300 -62.5700 1 1409 -32.6400 -113.1800 2 1316 -68.5300 -26.8600
-1.8592622884e-01 -3.2073978172e-01 -2.6209976807e+00
211 183 41
3 0 1521 -47.1900 -80.9100 1 1554 -36.6900 -128.8900 2 1440 -73.1300 -47.5500
-2.7135960727e-01 -6.1263028464e-01 -2.6395707397e+00
112 113 107
2 0 1529 -67.5200 -152.7800 1 1688 -53.4800 -189.1000
5.9669452009e-01 -6.2298211498e-01 -2.5430422312e+00
80 114 41
2 0 1531 153.9900 -160.3700 1 1429 138.7300 -179.4600
-1.9117343276e-01 -6.5580343770e-01 -2.5202515982e+00
39 48 43
2 0 1537 -49.8600 -171.0200 1 1579 -31.5800 -209.0500
-3.2374012228e-02 7.6806251125e-01 -2.9035830970e+00
181 182 174
2 0 1588 -7.8000 176.0300 1 1481 -21.4400 130.0100
-1.9921145838e-01 6.9709058592e-01 -2.9300851738e+00
146 145 140
2 0 1592 -45.8200 158.5500 1 1613 -58.8100 112.4000
1.0037319800e+00 7.2170470188e-01 -3.0001937766e+00
193 200 202
2 0 1593 220.2400 158.9600 1 1480 191.3200 131.2500
-2.0551714673e-01 6.5239598202e-01 -2.9148827197e+00
190 195 191
3 0 1594 -47.7100 149.3000 1 1617 -59.8400 101.5100 2 1243 -65.0300 123.9500
-4.0804252328e-02 2.2492354891e-01 -2.8422513589e+00
235 112 161
2 0 1610 -9.9300 52.8400 1 1638 -16.3000 6.6700
-4.9650368365e-01 1.6872885028e-01 -2.7497644663e+00
220 92 138
2 0 1618 -120.2000 40.7900 1 1650 -117.5000 -18.7300
-6.0999604705e-01 1.5593938244e-01 -2.7212389120e+00
215 78 128
2 0 1619 -148.8400 38.0400 1 1653 -144.1900 -25.5200
-6.9621936168e-01 1.4892158207e-01 -2.7011108033e+00
188 146 152
3 0 1623 -170.6900 36.5000 1 1518 -164.9900 -30.0200 2 1282 -193.3300 32.6500
-5.9290997515e-01 8.7369095691e-02 -2.7226934672e+00
215 84 131
2 0 1627 -144.6200 21.3500 1 1658 -138.7500 -40.5100
-5.9290997515e-01 8.7369095691e-02 -2.7226934672e+00
215 84 131
2 0 1628 -144.6200 21.3500 1 1659 -138.7500 -40.5100
-6.5613343792e-01 3.1541609079e-02 -2.7158062382e+00
205 82 128
2 0 1630 -160.2600 7.8000 1 1525 -152.6300 -54.6700
-4.0827706805e-01 -1.8961066856e-02 -2.7096858426e+00
55 71 62
2 0 1633 -100.1300 -4.5600 1 1663 -93.6700 -61.3800
-5.4152026414e-01 -3.2203518720e-02 -2.6841148942e+00
73 93 68
2 0 1634 -133.9200 -7.9400 1 1664 -124.3500 -68.8300
-4.9433938387e-01 -9.8594335088e-02 -2.6913345375e+00
85 163 117
3 0 1636 -122.3400 -24.3900 1 1534 -112.0600 -81.8200 2 1432 -147.5400 -13.1700
1.0905224994e-02 -1.0630347464e-01 -2.6238486047e+00
72 10 10
3 0 1638 2.4300 -26.9300 1 1533 5.7800 -78.5200 2 1422 -22.0900 14.7600
-1.9301933974e-01 -1.5993840394e-01 -2.6084394970e+00
205 208 201
3 0 1640 -49.1500 -40.7000 1 1537 -39.9400 -95.7200 2 1429 -77.4800 -5.5800
-1.4612760031e-01 -2.0410595049e-01 -2.6145643018e+00
209 210 205
3 0 1641 -37.1400 -51.7300 1 1546 -28.8000 -103.7400 2 1434 -63.9800 -15.2500
-8.5867620085e-02 -2.0157588629e-01 -2.6203738224e+00
106 107 102
3 0 1642 -22.0500 -51.1700 1 1543 -15.0000 -101.1700 2 1431 -47.2500 -12.6300
9.8613699784e-01 -4.9118085191e-01 -2.9562522874e+00
107 100 95
2 0 1651 219.4300 -109.5300 1 1547 184.1100 -108.6200
-4.3614216608e-01 -4.9645773977e-01 -2.7177186051e+00
30 40 27
3 0 1654 -106.6100 -120.6700 1 1681 -91.9200 -161.0600 2 1546 -131.5500 -113.5200
-4.9005272083e-01 -5.1449625691e-01 -2.7126606356e+00
92 155 98
2 0 1655 -119.7800 -125.2200 1 1564 -103.9300 -166.6000
-3.9068017969e-01 -5.2646432491e-01 -2.7294338426e+00
78 157 106
2 0 1656 -95.1900 -127.4900 1 1682 -81.7700 -164.9200
5.7099851392e-01 -6.3871015430e-01 -2.5588423853e+00
19 19 15
2 0 1666 146.3000 -163.5800 1 1686 132.3900 -181.4300
-4.3094114134e-01 -6.9952110846e-01 -2.4948485375e+00
21 58 47
2 0 1671 -113.9000 -184.1600 1 1696 -84.9200 -226.9600
-9.3491526039e-02 7.1248838377e-01 -2.9392140773e+00
179 181 177
2 0 1691 -21.7800 161.5400 1 1710 -35.4200 117.3200
-2.4420003729e-01 6.8067144114e-01 -2.9135537596e+00
194 199 192
2 0 1694 -56.3100 155.6400 1 1715 -68.5200 107.7700
6.5853466610e-01 4.2490560990e-01 -2.8336390704e+00
211 232 228
2 0 1702 153.3500 99.2100 1 1625 133.8800 60.0500
8.2191751484e-01 -6.9468617459e-03 -2.9776048974e+00
69 55 43
2 0 1721 182.4700 -1.3900 1 1651 154.3600 -19.6200
8.2191751484e-01 -6.9468617459e-03 -2.9776048974e+00
69 55 43
2 0 1722 182.4700 -1.3900 1 1652 154.3600 -19.6200
-4.9757753616e-01 -5.9866410405e-02 -2.6862343198e+00
59 80 64
2 0 1727 -123.2300 -14.8500 1 1665 -113.3000 -73.7300
-1.4874783569e-01 -8.7899748599e-02 -2.6079344554e+00
216 218 214
3 0 1729 -37.8700 -22.4500 1 1666 -30.5400 -79.0700 2 1527 -66.3700 14.0000
-4.8657351852e-01 -1.7394132166e-01 -2.6955332750e+00
43 48 43
3 0 1731 -119.8700 -42.6800 1 1745 -108.8800 -97.5400 2 1538 -145.8800 -31.3800
-4.5605972755e-02 -2.7325808196e-01 -2.6288676400e+00
210 214 213
3 0 1736 -11.6600 -68.9900 1 1674 -5.9300 -114.9200 2 1590 -34.3900 -29.9300
-4.1491958274e-01 -3.1708544885e-01 -2.7153556512e+00
106 168 103
2 0 1737 -101.5900 -77.2600 1 1676 -90.3300 -124.4200
-4.1540110571e-01 -3.1755512942e-01 -2.7162972540e+00
106 168 103
3 0 1738 -101.5900 -77.2600 1 1677 -90.3300 -124.4200 2 1592 -126.0900 -66.0700
8.5338550079e-01 -6.7660948801e-01 -2.4578559731e+00
50 30 21
2 0 1751 224.3000 -179.6900 1 1572 200.9300 -191.3600
5.5099137860e-01 -5.5067431837e-01 -2.5569890509e+00
12 17 11
2 0 1793 140.2600 -141.8700 1 1751 130.0500 -164.0700
5.5099137860e-01 -5.5067431837e-01 -2.5569890509e+00
12 17 11
2 0 1794 140.2600 -141.8700 1 1752 130.0500 -164.0700
1.9153421301e-01 -6.2681442608e-01 -2.5037423341e+00
244 254 81
2 0 1796 50.1400 -164.4900 1 1811 54.7600 -194.9100
-3.6763255013e-01 5.7099659612e-01 -2.8532658461e+00
177 177 169
2 0 1807 -85.3500 133.5100 1 1822 -95.3600 79.0600
-4.3879140811e-01 2.7518843066e-01 -2.7540277512e+00
55 176 222
2 0 1811 -106.0300 66.4200 1 1828 -105.9300 6.4800
-4.3116114574e-01 -1.7444868545e-01 -2.7054128134e+00
95 180 128
3 0 1825 -105.7500 -42.7500 1 1794 -96.3700 -95.6300 2 1632 -130.9600 -30.2500
-4.5864821351e-01 -2.6307585319e-01 -2.7193841048e+00
39 33 35
2 0 1827 -112.2900 -64.0800 1 1836 -100.9600 -113.6600
-4.6507701923e-01 -4.4784697015e-01 -2.7126575959e+00
95 167 100
3 0 1831 -113.8700 -109.2500 1 1839 -100.0500 -152.8400 2 1633 -138.8800 -100.8500
-4.6507701923e-01 -4.4784697015e-01 -2.7126575959e+00
95 167 100
3 0 1832 -113.8700 -109.2500 1 1838 -100.0500 -152.8400 2 1634 -138.8800 -100.8500
5.7853424171e-01 -4.7484337291e-01 -2.6633116146e+00
110 180 91
2 0 1833 141.9900 -117.7900 1 1837 128.1100 -138.2500
-1.7982277939e-01 -5.7842065523e-01 -2.5903456400e+00
233 232 75
2 0 1836 -45.5900 -147.0300 1 1807 -32.0900 -185.2500
2.1954652143e-01 -5.7500420541e-01 -2.5028236711e+00
28 25 18
2 0 1837 57.2600 -151.1800 1 1805 61.1700 -183.6000
-5.8584234496e-01 -2.4325506676e-02 -2.7222529715e+00
19 21 20
2 0 1854 -142.7500 -5.7500 1 1864 -135.0300 -65.1900
1.0622657541e+00 5.0757635874e-01 -2.9918259766e+00
30 25 25
2 0 1874 234.2700 112.3200 1 1875 201.6900 86.8900
-4.4345791815e-01 -1.4006715512e-01 -2.7275673301e+00
110 185 119
3 0 1880 -108.3600 -32.7900 1 1869 -99.0200 -87.3000 2 1656 -132.1900 -25.6500
-6.3105480539e-01 -3.3811353486e-01 -2.7294418144e+00
169 184 140
2 0 1883 -153.2000 -81.7400 1 1888 -139.1100 -132.2900
-1.0829761672e-01 -3.5642904010e-01 -2.6313259292e+00
15 15 15
2 0 1884 -27.0600 -89.4400 1 1873 -19.5600 -133.8000
-5.2573281045e-01 -2.4746829903e-01 -2.7066649598e+00
31 36 27
3 0 1898 -128.5600 -60.2200 1 1885 -117.0300 -113.3200 2 1691 -154.9300 -51.9800
-2.9772022905e-01 -5.2160377445e-01 -2.7192078870e+00
48 42 32
2 0 1903 -73.2900 -126.9900 1 1902 -60.9000 -162.6200
6.8581689014e-01 -4.7959083815e-01 -2.6441810673e+00
138 142 139
2 0 1911 170.0600 -119.3600 1 1910 150.7600 -138.7600
-1.0372685190e-01 -5.1574112838e-01 -2.6024903064e+00
218 196 48
2 0 1915 -26.1400 -130.6200 1 1911 -16.0800 -169.3500
6.5267591994e-01 5.9335740347e-01 -2.7921416897e+00
222 234 229
2 0 42 153.8300 140.2600 2 493 125.4900 167.3800
1.0313359724e+00 6.4825606904e-01 -3.0966866366e+00
166 168 172
2 0 45 219.9100 138.9200 2 502 209.0000 148.4300
6.5989331525e-01 5.4048400690e-01 -2.8244164412e+00
213 230 224
2 0 64 154.1400 126.5300 2 35 129.3700 152.8600
6.7833508885e-01 4.5028168814e-01 -2.8272122641e+00
171 178 166
2 0 82 158.1400 105.3000 2 508 137.7300 136.2900
6.9082561083e-01 2.3785093532e-01 -2.8029266966e+00
200 213 209
2 0 119 162.6000 56.0600 2 83 149.9800 97.9600
8.2432552784e-01 2.2965824769e-01 -2.9227779197e+00
174 180 170
2 0 122 186.0500 52.0800 2 106 183.5400 85.5100
7.7781031912e-01 2.0747738896e-01 -2.9461309000e+00
180 181 179
2 0 130 174.4200 46.8000 2 120 172.8800 75.8800
8.4563729991e-01 2.0488682425e-01 -2.9148195434e+00
185 193 188
2 0 131 191.4500 46.5800 2 111 190.0600 82.3800
-6.8049684618e-01 1.0989643282e-01 -2.7058897563e+00
118 171 183
2 0 153 -166.8200 26.9300 2 185 -189.4400 24.3600
9.8585033282e-01 4.3093213973e-02 -2.9466974203e+00
211 210 205
2 0 170 220.7200 9.7500 2 144 233.7500 50.0700
-1.5263790061e-01 -4.3331486590e-02 -2.6047389338e+00
166 106 63
2 0 195 -38.9900 -11.1900 2 183 -68.0600 24.8700
-2.5876381970e-01 -5.6353506718e-02 -2.5963374333e+00
146 89 55
2 0 199 -66.2300 -14.5700 2 195 -96.4000 18.1500
-1.0131348438e-01 -6.1015343580e-02 -2.6098107831e+00
152 114 89
2 0 204 -25.9100 -15.6500 2 188 -53.9300 22.3200
3.4784657771e-02 -1.0401301507e-01 -2.6275785672e+00
239 43 43
2 0 217 8.5600 -26.3500 2 200 -15.7100 15.8200
-1.6155771293e-02 -1.0688960797e-01 -2.6221845241e+00
51 6 6
2 0 220 -4.1900 -27.1000 2 203 -29.7900 13.4900
-3.7150621463e-02 -1.0846105112e-01 -2.6190384007e+00
47 49 55
2 0 223 -9.6500 -27.5800 2 204 -35.4800 12.6300
-1.7069537758e-01 -1.5955266787e-01 -2.6092788798e+00
206 208 202
2 0 238 -43.4300 -40.5700 2 244 -71.4900 -4.6300
-2.0572516955e-02 -1.8924479395e-01 -2.6221992775e+00
49 54 51
2 0 245 -5.4300 -47.8900 2 247 -29.4900 -6.9000
-8.4191574060e-02 -2.1702289056e-01 -2.6200311129e+00
210 213 206
2 0 252 -21.4300 -54.9000 2 262 -46.6300 -16.4400
5.1110255470e-02 -2.3111677435e-01 -2.6355367134e+00
20 15 19
2 0 253 12.5400 -58.1500 2 261 -8.1600 -15.8400
-6.2566474713e-02 -2.3677505454e-01 -2.6229475439e+00
24 26 35
2 0 256 -15.9500 -59.8100 2 268 -40.2300 -20.8300
-1.0663308599e-01 -2.6378429199e-01 -2.6225777336e+00
8 11 15
2 0 266 -27.1000 -66.6200 2 292 -51.9300 -29.5800
5.6580962597e-02 -2.6471969775e-01 -2.6382324107e+00
209 211 211
2 0 267 13.8200 -66.5200 2 278 -5.7100 -24.4400
-1.2938772835e-01 -2.7590085270e-01 -2.6208871818e+00
201 209 203
2 0 273 -32.8600 -69.7100 2 300 -58.1400 -33.4800
-1.2938772835e-01 -2.7590085270e-01 -2.6208871818e+00
201 209 203
2 0 274 -32.8600 -69.7100 2 301 -58.1400 -33.4800
-1.4859630866e-01 -3.9463060281e-01 -2.6274828357e+00
148 121 118
2 0 299 -37.6400 -99.3200 2 665 -61.5200 -66.1700
9.6230596010e-01 6.5509923414e-02 -2.9413860736e+00
206 210 203
2 0 627 215.6500 14.7700 2 558 226.7300 54.6600
9.2389614112e-01 -7.7020169422e-02 -2.9465464719e+00
170 171 165
2 0 643 206.8700 -17.2200 2 584 224.9300 21.1300
-6.9496396947e-02 -1.5416663665e-01 -2.6180747116e+00
218 217 212
2 0 659 -17.8500 -39.1300 2 607 -43.5600 0.1500
-2.5067811448e-01 -2.1813840200e-01 -2.6067145077e+00
140 80 49
2 0 674 -63.8800 -55.4800 2 622 -92.6200 -22.3700
-1.4998369308e-01 -2.4215572920e-01 -2.6160878116e+00
20 20 26
2 0 685 -38.2200 -61.3600 2 625 -64.4300 -25.1600
-6.7780996005e-01 -2.6267098621e-01 -2.7278197447e+00
153 42 75
2 0 691 -164.8500 -63.6000 2 949 -190.6500 -63.6400
-3.7785695574e-02 -2.9102498501e-01 -2.6290660919e+00
213 214 211
2 0 707 -9.8100 -73.3300 2 932 -32.0100 -34.3000
-4.2000942497e-01 -4.7702833458e-01 -2.7211322798e+00
97 144 106
2 0 751 -102.5100 -115.8500 2 967 -126.7300 -107.9100
6.4103318256e-01 4.6686161562e-01 -2.8522579663e+00
172 182 167
2 0 953 148.4500 108.4200 2 794 128.0100 134.0400
8.5729546380e-01 2.5544094513e-01 -2.9144592839e+00
187 192 186
2 0 972 194.3900 58.1100 2 812 190.1100 93.0800
7.0484783948e-01 1.2782471367e-01 -2.8517572371e+00
109 113 82
2 0 988 163.2800 29.7000 2 1078 158.6100 68.6400
-6.6390535124e-02 -1.2673912488e-01 -2.6161833428e+00
211 216 210
2 0 1026 -16.8600 -32.1600 2 872 -43.4300 7.1600
-1.1846361537e-01 -1.2903957903e-01 -2.6119386779e+00
207 213 209
2 0 1029 -30.2500 -32.8500 2 875 -57.5300 4.8800
-5.3579976491e-01 -1.5788339298e-01 -2.6864938054e+00
37 42 35
2 0 1032 -132.2600 -38.8300 2 927 -159.0400 -28.5400
-2.3504979766e-01 -2.8079091869e-01 -2.6145657140e+00
131 77 41
2 0 1069 -59.6800 -71.1000 2 934 -87.4100 -38.5600
-6.1308686387e-01 -3.2867992724e-01 -2.7443151888e+00
49 153 185
2 0 1076 -148.2300 -79.0900 2 956 -173.5100 -79.0800
-6.0968874983e-01 -3.7265690647e-01 -2.7508417580e+00
52 152 187
2 0 1080 -147.0600 -89.4600 2 963 -172.3100 -90.5800
-1.6032069650e-01 -4.0833768002e-01 -2.6281895810e+00
26 26 17
2 0 1095 -40.7000 -102.7700 2 1153 -64.4800 -70.3700
-1.6032069650e-01 -4.0833768002e-01 -2.6281895810e+00
26 26 17
2 0 1096 -40.7000 -102.7700 2 1154 -64.4800 -70.3700
8.8770326663e-01 1.4460118190e-02 -2.9590019289e+00
203 207 200
2 0 1305 198.1600 3.3500 2 1281 210.0800 38.2300
5.6521950533e-02 -1.0691456280e-01 -2.6291434375e+00
47 19 17
2 0 1318 14.0400 -27.0600 2 1112 -9.7000 15.8900
5.6521950533e-02 -1.0691456280e-01 -2.6291434375e+00
47 19 17
2 0 1319 14.0400 -27.0600 2 1111 -9.7000 15.8900
-6.7134027016e-02 -1.7407452884e-01 -2.6204726396e+00
31 30 35
2 0 1332 -17.0900 -44.0600 2 1304 -42.6000 -5.0200
-6.7134027016e-02 -1.7407452884e-01 -2.6204726396e+00
31 30 35
2 0 1333 -17.0900 -44.0600 2 1305 -42.6000 -5.0200
4.3812745296e-02 -2.8629273891e-01 -2.6362770874e+00
211 216 210
2 0 1341 10.8600 -71.8900 2 1142 -9.1100 -30.4100
-1.2632971797e-01 7.2008838067e-01 -2.9069568001e+00
184 188 181
2 0 1445 -29.4600 164.9200 2 1237 -49.8000 139.8900
8.8330695196e-01 8.0648466769e-02 -2.9353995357e+00
208 214 207
2 0 1489 198.9600 18.3200 2 1272 205.5200 55.1400
8.8330695196e-01 8.0648466769e-02 -2.9353995357e+00
208 214 207
2 0 1490 198.9600 18.3200 2 1273 205.5200 55.1400
-5.1287779509e-01 3.5205282745e-01 -2.7344667047e+00
216 100 143
2 0 1605 -124.5500 85.4500 2 1261 -146.2600 78.1200
8.5210695032e-01 3.1752725845e-02 -2.9710401089e+00
182 188 181
2 0 1631 189.1200 7.1400 2 1520 200.2700 39.1700
-4.3676277852e-01 -4.9656707645e-01 -2.7180339496e+00
30 40 27
2 0 1653 -106.6100 -120.6700 2 1545 -131.5500 -113.5200
6.2290674320e-01 5.5771608076e-01 -2.8492957396e+00
122 127 107
2 0 1698 144.5900 129.6500 2 1492 119.8900 150.5900
4.1675753055e-02 -1.9251818013e-01 -2.6328030706e+00
156 159 159
2 0 1732 10.1600 -48.5400 2 1535 -11.6900 -6.2200
-4.3412064153e-01 -3.8498077072e-01 -2.7115168554e+00
29 31 28
2 0 1741 -105.9300 -93.7000 2 1542 -131.6800 -83.6200
-6.0921565917e-01 3.1912099984e-01 -2.7116219519e+00
209 126 141
2 1 139 -147.5500 11.3200 2 121 -170.4000 70.4100
-1.7430058834e-01 -1.4748705722e-01 -2.6098463963e+00
37 34 35
2 1 335 -35.7500 -92.4700 2 240 -72.4800 -1.8700
-1.7430058834e-01 -1.4748705722e-01 -2.6098463963e+00
37 34 35
2 1 336 -35.7500 -92.4700 2 241 -72.4800 -1.8700
5.5513240977e-02 -2.4290809915e-01 -2.6367356737e+00
177 182 177
2 1 363 16.3800 -105.6100 2 618 -6.5300 -18.7300
-5.9196723971e-01 -2.4094194886e-01 -2.7451838989e+00
85 30 22
2 1 371 -131.8400 -109.6600 2 330 -167.4700 -56.8000
5.4539586605e-03 -3.8679792992e-01 -2.6397438509e+00
165 132 133
2 1 408 6.1900 -136.4100 2 652 -17.3800 -58.7600
-1.2655465391e-01 -2.2498588832e-01 -2.6180953163e+00
210 215 207
2 1 823 -24.1100 -107.4200 2 903 -58.1700 -20.0600
-1.5521481126e-01 -2.2735804436e-01 -2.6152636020e+00
211 211 203
2 1 826 -30.5700 -108.8200 2 908 -66.1500 -21.5800
-9.3465597706e-02 -2.5223993300e-01 -2.6222308534e+00
212 217 213
2 1 838 -16.4400 -112.1300 2 923 -48.4600 -26.0000
-7.2649357214e-01 4.0361596815e-02 -2.7031042369e+00
130 156 172
2 1 1105 -169.7900 -55.0700 2 871 -201.3700 7.5700
-6.1379699193e-01 -1.3710589151e-01 -2.7344577836e+00
161 168 116
2 1 1150 -138.9600 -89.0500 2 1143 -173.1300 -31.8400
-8.5181733444e-02 -1.8590078955e-01 -2.6189839730e+00
201 204 193
2 1 1160 -15.0400 -98.0300 2 1127 -47.3900 -8.5600
-4.7324334371e-01 -4.1073932021e-01 -2.7042404847e+00
30 57 35
2 1 1204 -101.6300 -145.9100 2 1331 -142.5300 -91.0700
3.5463951445e-01 3.3971340297e-02 -2.9655712438e+00
96 149 68
2 1 1374 62.9300 -19.9500 2 1290 76.5500 20.0000
-5.7899810426e-01 1.5612922565e-01 -2.7253366598e+00
168 157 164
2 1 1375 -136.7700 -24.6200 2 1099 -163.4600 36.1100
-4.5392380195e-01 -5.7741406939e-02 -2.6983026170e+00
61 86 67
2 1 1532 -103.1400 -71.4100 2 1302 -137.2800 -3.0500
-1.6900080990e-01 -1.2577604729e-01 -2.6071794358e+00
189 189 194
2 1 1536 -34.7600 -87.8700 2 1426 -71.4200 4.0300
-1.8968109527e-01 -9.1685105532e-02 -2.6038339011e+00
208 204 203
2 1 1744 -39.6400 -80.9800 2 1529 -77.6900 11.6800
