# Bundle file v0.3
3 47
6.8261040132e+02 4.5634325209e-03 3.0939602405e-03
9.9943729846e-01 1.8745256832e-03 3.3489888128e-02
-1.8181595366e-03 9.9999687918e-01 -1.7134538480e-03
-3.3492995525e-02 1.6515997254e-03 9.9943758758e-01
4.8147840164e-02 -2.7682801622e-03 -5.1565972916e-02
6.2977337703e+02 -3.9255045872e-02 -1.1368060786e-02
8.2792795349e-01 -2.2241931572e-01 5.1484458997e-01
2.0537430898e-01 9.7446990368e-01 9.0718245364e-02
-5.2187804805e-01 3.0627680667e-02 8.5247008636e-01
9.2224214191e-01 1.7780982302e-01 -1.2779985453e-01
0 0 0
0 0 0
0 0 0
0 0 0
0 0 0
-2.9730804625e-01 1.9539440303e-01 -1.4342739047e+00
230 230 235
2 0 94 -137.3400 90.0900 1 1476 -56.0300 94.0500
3.2141159721e-01 -3.3384211063e-01 -1.2957948459e+00
71 96 33
2 0 407 163.6300 -168.5800 1 351 263.6800 -88.0400
3.4309393798e-01 2.0059518874e-01 -1.4717872101e+00
146 156 142
2 0 588 152.3300 88.6800 1 86 162.8000 125.3300
-9.4163106100e-02 -6.0362687379e-02 -1.3435090708e+00
31 32 33
2 0 647 -44.6900 -29.8500 1 205 85.2100 -11.3300
-6.9862114804e-02 -9.4520033381e-02 -1.3488536908e+00
213 219 217
2 0 668 -32.7600 -46.5800 1 238 96.5300 -25.5600
-2.6781170808e-02 -1.1565830131e-01 -1.3553094659e+00
214 218 212
2 0 676 -11.7600 -56.2900 1 254 112.6900 -31.3800
-3.2054224848e-01 -1.2422049164e-01 -1.4146955807e+00
196 65 113
2 0 680 -150.0700 -57.9500 1 764 -23.5500 -74.1000
-8.3399208459e-02 -1.1814451683e-01 -1.3495680833e+00
206 207 204
2 0 681 -39.3700 -57.7900 1 284 93.8200 -39.1100
-3.5064174164e-01 -1.3537818029e-01 -1.4093960761e+00
153 42 75
2 0 692 -164.8500 -63.6000 1 1126 -34.7600 -84.2900
-7.2170714358e-02 -1.3671904972e-01 -1.3522342003e+00
28 24 29
2 0 701 -33.8900 -66.8800 1 297 99.2000 -46.7700
-2.5212696827e-01 5.1136903068e-01 -1.6049374600e+00
76 45 41
2 0 914 -106.5000 212.5900 1 1445 -105.0700 221.9100
1.2089233655e-01 2.7628812140e-01 -1.4501435008e+00
187 213 222
2 0 945 54.8700 125.2700 1 988 94.8400 150.4700
3.6762107138e-01 1.6776292103e-01 -1.4513014720e+00
214 232 233
2 0 967 165.6400 74.9700 1 579 178.5400 115.4700
-3.7925773750e-01 5.0655759943e-02 -1.3897959589e+00
188 119 139
2 0 993 -180.4600 24.5900 1 1079 -67.0100 12.9400
-3.4783724423e-01 2.8922035435e-02 -1.3965133611e+00
100 176 182
2 0 1000 -164.6600 14.0100 1 1081 -50.5100 4.2500
-3.4783724423e-01 2.8922035435e-02 -1.3965133611e+00
100 176 182
2 0 1001 -164.6600 14.0100 1 1082 -50.5100 4.2500
3.3671171176e-02 6.0591950058e-03 -1.3776045320e+00
34 36 20
2 0 1005 17.0600 3.2900 1 1345 114.2700 30.6800
1.4205276447e-01 -1.3275443083e-02 -1.2948700185e+00
135 211 118
2 0 1008 74.1900 -6.6600 1 156 180.8200 36.3200
-2.8074596256e-01 -5.6829918895e-02 -1.3840080007e+00
40 54 42
2 0 1022 -133.5900 -27.3300 1 1105 -5.5000 -32.7700
-5.9784601032e-03 -6.4953584203e-02 -1.3546085879e+00
248 42 39
2 0 1024 -1.6000 -31.6000 1 684 115.0400 -4.8700
-9.1382338295e-02 -8.9782511266e-02 -1.3459811386e+00
32 29 37
2 0 1037 -43.3200 -44.2800 1 712 88.7500 -25.7000
-7.7210134605e-02 -8.9303877514e-02 -1.3488666695e+00
27 26 32
2 0 1039 -36.3400 -43.9200 1 1095 93.1900 -23.9400
1.7102223722e-02 -1.1856922737e-01 -1.3610111524e+00
33 31 31
2 0 1052 9.4000 -57.4400 1 718 126.7000 -27.9700
-3.5884659225e-01 -1.2786849930e-01 -1.4086597380e+00
130 199 195
2 0 1054 -168.7900 -59.8100 1 1125 -39.3100 -81.7800
-7.5299623189e-02 -1.2182276739e-01 -1.3497426187e+00
24 23 26
2 0 1055 -35.4100 -59.5600 1 737 97.2400 -39.9600
-3.1733321179e-01 -1.6974064666e-01 -1.4188463422e+00
49 153 185
2 0 1076 -148.2300 -79.0900 1 793 -17.7200 -97.2100
-3.1525372756e-01 -1.9312198355e-01 -1.4206440967e+00
52 152 187
2 0 1080 -147.0600 -89.4600 1 806 -14.3900 -109.3100
-2.4557607036e-01 -2.1286731824e-01 -1.4004391616e+00
41 60 42
2 0 1089 -115.7200 -100.7900 1 1141 23.7000 -108.4400
-2.6891197062e-01 6.4896895804e-02 -1.4135003320e+00
131 174 192
2 0 1291 -125.6700 30.0600 1 1070 -22.5900 30.8600
-3.2622538342e-01 -7.1270125799e-04 -1.4051986609e+00
202 101 120
2 0 1307 -153.5500 -0.4500 1 1086 -38.8100 -9.2700
-3.5604653680e-01 1.8174694873e-02 -1.3958553327e+00
101 176 185
2 0 1494 -168.6900 8.4400 1 1520 -53.0500 -2.0700
-3.5300813245e-01 -4.2601308386e-03 -1.3984372141e+00
101 180 186
2 0 1497 -166.9700 -1.8100 1 1523 -49.3500 -14.3200
-3.5300813245e-01 -4.2601308386e-03 -1.3984372141e+00
101 180 186
2 0 1498 -166.9700 -1.8100 1 1524 -49.3500 -14.3200
-8.1088173357e-02 -7.7934010424e-02 -1.3453874972e+00
210 215 211
2 0 1504 -38.2400 -38.1200 1 1366 91.6500 -18.9700
-6.3751813513e-02 -1.0586112723e-01 -1.3513972412e+00
24 22 23
2 0 1506 -29.7400 -51.6400 1 1371 99.3100 -30.8500
-6.3751813513e-02 -1.0586112723e-01 -1.3513972412e+00
24 22 23
2 0 1507 -29.7400 -51.6400 1 1372 99.3100 -30.8500
-3.1235971434e-01 -1.3330366759e-01 -1.4173308122e+00
110 170 165
2 0 1511 -146.0400 -62.6400 1 1386 -19.5300 -77.1600
-8.8538112653e-02 -1.2712867505e-01 -1.3492043447e+00
26 27 28
2 0 1512 -41.9300 -62.5700 1 1377 92.9000 -43.8200
-2.4957704199e-01 -1.6920464406e-01 -1.3967594848e+00
31 31 26
2 0 1520 -117.7600 -79.7500 1 1389 18.0800 -87.4400
-9.9261198781e-02 -1.6430942000e-01 -1.3530134063e+00
211 183 41
2 0 1521 -47.1900 -80.9100 1 1384 91.5900 -63.2500
-3.0784816156e-01 4.3741675156e-02 -1.4066825129e+00
215 84 131
2 0 1627 -144.6200 21.3500 1 1628 -35.8900 15.4700
-3.0784816156e-01 4.3741675156e-02 -1.4066825129e+00
215 84 131
2 0 1628 -144.6200 21.3500 1 1629 -35.8900 15.4700
-1.0325589913e-01 -8.2702645892e-02 -1.3448273069e+00
205 208 201
2 0 1640 -49.1500 -40.7000 1 1529 83.7600 -23.6500
-4.8110380780e-02 -1.0635628872e-01 -1.3504380665e+00
106 107 102
2 0 1642 -22.0500 -51.1700 1 1531 105.6400 -29.9700
-2.3756895276e-01 -1.3376937013e-01 -1.3938390754e+00
39 33 35
2 0 1826 -112.2900 -64.0800 1 1769 19.7400 -66.7600
-3.0199394708e-01 -1.0813432675e-02 -1.3968121951e+00
19 21 20
2 0 1854 -142.7500 -5.7500 1 1816 -24.2600 -11.0400
-2.3026558553e-01 -6.6309227111e-02 -1.4012321440e+00
110 185 119
2 0 1880 -108.3600 -32.7900 1 1818 12.7800 -30.7000
