# Bundle file v0.3
3 230
6.5395575360e+02 -9.5579909902e-02 7.1071176110e-04
9.9997097191e-01 -1.4506823851e-03 7.4800309424e-03
1.3568283268e-03 9.9992048657e-01 1.2537126719e-02
-7.4976235684e-03 -1.2526613673e-02 9.9989342912e-01
1.8322977025e-02 3.0805694770e-02 3.8205402654e-02
7.0721389425e+02 9.6647338559e-02 5.3949737971e-03
7.6157232216e-01 2.4560032493e-01 -5.9974000910e-01
-2.4477205564e-01 9.6587266125e-01 8.4715069629e-02
6.0007852727e-01 8.2282942577e-02 7.9569798194e-01
-1.5593847304e+00 1.9437722788e-01 -9.1733665567e-01
6.6592128068e+02 -6.6735581169e-02 -1.2093842792e-02
9.5175525237e-01 -9.5114314645e-02 2.9174510578e-01
1.0238303203e-01 9.9469763248e-01 -9.7126047433e-03
-2.8927435826e-01 3.9113771089e-02 9.5644678815e-01
9.6641486873e-01 3.1248696735e-02 9.3507654711e-02
2.3000674159e-02 7.1534856094e-01 -2.6500439801e+00
190 195 188
2 0 28 5.0700 176.6500 2 15 40.2000 210.6200
3.1241644323e-01 6.7025158987e-01 -2.6458314422e+00
144 150 136
2 0 38 76.8400 165.8000 2 537 113.0400 199.3900
2.9543618805e-01 6.7010063611e-01 -2.6663725672e+00
139 141 129
2 0 40 72.0500 164.3200 2 539 106.6000 197.9700
7.5135192074e-01 5.9598535685e-01 -2.8127617780e+00
26 22 32
2 0 65 173.4700 137.4300 2 47 189.9100 172.0100
1.9827923614e-01 5.0899723038e-01 -2.5889829482e+00
58 89 83
2 0 74 50.0100 129.2200 2 54 96.1700 159.5200
-5.4993320945e-01 4.7206195374e-01 -2.4205273661e+00
129 112 109
2 0 77 -149.6500 128.4200 2 557 -99.8500 151.5700
-2.3064940122e-01 4.9569972854e-01 -2.5560816238e+00
143 141 136
2 0 80 -59.9300 127.3900 2 59 -13.4700 154.0700
5.1415917645e-01 5.2196150733e-01 -2.6946729137e+00
164 177 161
2 0 84 124.5600 126.5900 2 554 156.8200 159.1100
2.8592433066e-01 4.2385731372e-01 -2.4953607786e+00
98 156 72
2 0 104 75.3100 112.0300 2 74 131.9500 142.0500
2.8504397839e-01 4.0972890000e-01 -2.4909537438e+00
106 153 81
2 0 109 75.2400 108.3800 2 78 132.6900 138.4600
-6.9627273050e-02 4.0387815747e-01 -2.6154085911e+00
124 108 99
2 0 118 -18.0500 101.7500 2 85 27.6400 126.1700
2.0766471186e-01 3.9011324068e-01 -2.5381306974e+00
52 76 37
2 0 119 53.7000 101.0800 2 83 107.7100 129.8600
5.3268905928e-01 3.8749564528e-01 -2.7041104831e+00
144 152 136
2 0 122 128.8900 93.3400 2 86 162.8000 125.3300
-6.0647842249e-01 2.7790126169e-01 -2.3798367863e+00
93 73 66
2 0 131 -168.1100 77.2100 2 592 -110.2500 89.2500
-4.0589037859e-01 9.0980199120e-02 -2.3264691099e+00
161 170 186
2 0 173 -115.5500 25.8000 2 632 -35.5200 34.4200
5.3690767082e-02 -7.1877136955e-02 -2.3448526890e+00
64 68 65
2 0 218 15.4800 -19.9200 2 192 104.3600 -3.7100
-3.2569867142e-02 -8.6620195593e-02 -2.3086274104e+00
41 35 29
3 0 230 -8.9700 -24.7800 2 205 85.2100 -11.3300 1 170 -56.1600 -19.1400
3.2927297300e-02 -1.7255539218e-01 -2.3319768630e+00
219 219 216
3 0 286 9.8100 -48.7000 2 273 103.0200 -35.4700 1 202 -45.5600 -45.3600
1.0945990740e-01 -2.9096628264e-01 -2.3621077365e+00
22 19 18
2 0 363 31.1000 -81.4100 2 322 122.9800 -67.3900
1.0408495510e-01 -3.0232671541e-01 -2.3562254691e+00
179 138 138
3 0 370 29.6800 -84.9000 2 763 122.5900 -70.8700 1 267 -36.4100 -83.2300
8.0845303429e-01 -3.1558837708e-01 -2.3446431979e+00
23 80 17
2 0 386 226.2800 -87.5600 2 302 296.4100 -48.4600
5.9441271501e-01 -3.5808691948e-01 -2.4765579009e+00
92 144 75
2 0 415 158.2700 -95.2600 2 319 226.3000 -64.2700
-4.4803656794e-01 -6.1349116034e-01 -2.3605590693e+00
73 68 73
2 0 566 -125.0200 -171.5500 2 898 -29.0500 -193.6300
2.4990518680e-01 6.5420197482e-01 -2.7082085300e+00
135 138 125
2 0 672 59.8900 157.8400 2 540 91.5000 190.8800
2.0300005075e-01 4.9615225828e-01 -2.5825264178e+00
222 243 253
2 0 689 51.3600 125.9800 2 555 98.4300 156.7400
-4.9841535047e-02 4.8992606306e-01 -2.5686568290e+00
113 109 104
2 0 690 -13.2200 125.4000 2 986 35.0200 153.4100
1.6928996153e-01 4.7647254522e-01 -2.5835772769e+00
24 28 33
2 0 693 42.7800 121.2600 2 558 90.4100 150.7400
1.9472530432e-01 4.6319898914e-01 -2.5782933898e+00
96 137 81
2 0 697 49.3800 117.7500 2 560 97.7200 147.9900
-2.3265165852e-02 4.5902572790e-01 -2.5773551623e+00
145 129 121
2 0 699 -6.3800 117.0600 2 563 42.0400 144.4800
-2.3265165852e-02 4.5902572790e-01 -2.5773551623e+00
145 129 121
2 0 700 -6.3800 117.0600 2 564 42.0400 144.4800
5.8990772755e-01 3.8690097568e-01 -2.6811571328e+00
222 234 234
2 0 719 143.9300 94.3200 2 571 178.3900 126.4200
5.8581926804e-01 3.4314714586e-01 -2.6808493949e+00
215 233 232
2 0 724 143.0600 83.6000 2 579 178.5400 115.4700
5.8581926804e-01 3.4314714586e-01 -2.6808493949e+00
215 233 232
2 0 725 143.0600 83.6000 2 580 178.5400 115.4700
-3.9398804239e-02 6.6672988809e-02 -2.4611482324e+00
108 173 131
2 0 771 -10.6800 17.9700 2 1066 60.5900 34.7800
3.4489919333e-01 3.3801422765e-02 -2.3336816246e+00
143 212 120
2 0 777 98.1600 10.2300 2 156 180.8200 36.3200
1.3617519717e-01 -1.0927547354e-01 -2.3771234729e+00
49 22 20
3 0 803 38.3600 -30.2500 2 691 123.3000 -12.1100 1 697 -14.7300 -37.6300
1.4783757625e-01 -1.1708214551e-01 -2.3804554186e+00
212 214 211
3 0 805 41.3600 -32.5700 2 210 126.2400 -13.7400 1 702 -12.3800 -40.5800
9.1457546901e-03 -1.3821502370e-01 -2.3235158607e+00
220 222 219
3 0 816 3.0000 -39.2700 2 238 96.5300 -25.5600 1 696 -49.2800 -35.2900
-1.2788514115e-02 -1.4094634278e-01 -2.3150124105e+00
217 221 218
3 0 817 -3.2100 -40.2000 2 242 91.5000 -27.4400 1 191 -54.8800 -34.1600
1.4277881600e-01 -1.6322960707e-01 -2.3763402025e+00
43 38 36
3 0 826 40.0600 -45.3000 2 718 126.7000 -27.9700 1 725 -16.8800 -51.4900
7.7046765194e-02 -1.6539864816e-01 -2.3494696439e+00
217 216 212
3 0 828 22.1000 -46.3600 2 254 112.6900 -31.3800 1 204 -33.9500 -46.9500
7.7068719005e-02 -1.6561056352e-01 -2.3494371797e+00
217 216 212
2 0 829 22.1000 -46.3600 2 255 112.6900 -31.3800
7.2507009708e-02 -1.7738153438e-01 -2.3478009535e+00
33 27 27
3 0 836 20.8900 -49.8500 2 726 111.9300 -35.0200 1 719 -35.8900 -49.6900
-7.7389193572e-03 -1.7856077052e-01 -2.3160542791e+00
211 211 209
3 0 838 -1.7000 -50.7200 2 284 93.8200 -39.1100 1 201 -56.1100 -43.8100
4.2525713898e-02 -1.9189945250e-01 -2.3369190501e+00
212 214 213
2 0 844 12.4000 -54.3300 2 287 105.5800 -40.6100
1.1495960314e-02 -2.0693009224e-01 -2.3230828128e+00
13 14 10
3 0 852 3.6200 -58.9000 2 297 99.2000 -46.7700 1 212 -53.0800 -52.2600
1.1495960314e-02 -2.0693009224e-01 -2.3230828128e+00
13 14 10
3 0 853 3.6200 -58.9000 2 298 99.2000 -46.7700 1 213 -53.0800 -52.2600
5.7584325737e-02 -2.1415353103e-01 -2.3403295588e+00
22 21 17
3 0 856 16.6900 -60.0600 2 299 109.8700 -47.0900 1 224 -42.1900 -57.7600
-4.0562190515e-01 -2.3624265435e-01 -2.3098602961e+00
202 71 111
2 0 865 -116.1700 -67.2500 2 764 -23.5500 -74.1000
-4.0562190515e-01 -2.3624265435e-01 -2.3098602961e+00
202 71 111
2 0 866 -116.1700 -67.2500 2 765 -23.5500 -74.1000
1.7443605759e-01 -2.9082892548e-01 -2.3862404567e+00
171 137 135
3 0 881 48.7200 -80.5700 2 316 136.7400 -63.5900 1 269 -17.4300 -86.2800
1.5597791990e-01 -2.9599690421e-01 -2.3857982953e+00
178 131 129
3 0 882 44.4500 -81.6000 2 1122 131.6300 -66.6400 1 755 -21.6200 -85.5800
6.6872621358e-02 -3.1967165840e-01 -2.3403122771e+00
27 23 20
3 0 888 19.5300 -90.2200 2 766 115.0300 -78.2600 1 752 -47.1700 -84.6000
2.5518143685e-03 -3.2892845617e-01 -2.3181697896e+00
34 29 11
3 0 891 1.2600 -93.7000 2 1127 100.5000 -84.7300 1 261 -63.1900 -81.7600
2.5518143685e-03 -3.2892845617e-01 -2.3181697896e+00
34 29 11
3 0 892 1.2600 -93.7000 2 1128 100.5000 -84.7300 1 262 -63.1900 -81.7600
-3.7688844878e-01 -3.8466145093e-01 -2.3214496443e+00
57 153 180
2 0 903 -107.2800 -109.4500 2 810 -10.7800 -120.2400
3.4776291585e-01 -4.0265129018e-01 -2.3681770043e+00
106 151 78
2 0 905 97.5500 -112.2200 2 1130 186.4300 -89.7300
-1.9212040216e-01 -4.3270838741e-01 -2.3491569513e+00
113 137 121
2 0 917 -53.9200 -121.9900 2 814 43.7700 -124.4000
-1.8307730498e-01 -5.6584773211e-01 -2.1778396899e+00
45 86 68
2 0 976 -54.9500 -171.6200 2 872 71.2000 -178.6600
4.9833705311e-01 5.6639832725e-01 -2.6838845224e+00
164 172 152
2 0 1100 121.1100 137.3600 2 975 153.6400 171.3800
1.8521821874e-01 4.7427492243e-01 -2.5802224084e+00
187 216 227
2 0 1114 46.9100 120.8600 2 988 94.8400 150.4700
2.2145892955e-01 3.9702451470e-01 -2.5192499288e+00
46 68 33
2 0 1126 57.7500 103.9500 2 999 113.3700 132.6400
-4.8946530727e-01 3.5954533617e-01 -2.3983717092e+00
159 168 160
2 0 1128 -134.7700 98.8200 2 1293 -75.7700 117.7000
5.5684327345e-01 3.6839627208e-01 -2.7057713830e+00
108 108 95
3 0 1134 134.5300 88.7300 2 576 168.4500 120.2900 1 629 151.8800 48.8400
-5.2108035932e-01 3.8079052324e-02 -2.2622020584e+00
197 130 150
2 0 1174 -152.2500 11.8500 2 1079 -67.0100 12.9400
9.9967055247e-02 -8.0107205822e-02 -2.3617683701e+00
250 46 39
3 0 1194 28.3300 -22.2300 2 684 115.0400 -4.8700 1 1075 -22.2000 -27.3700
9.9825447979e-02 -8.0641701588e-02 -2.3610710172e+00
250 46 39
2 0 1195 28.3300 -22.2300 2 685 115.0400 -4.8700
-4.3701350691e-01 -8.2644923275e-02 -2.2972952346e+00
208 75 117
3 0 1196 -125.7500 -23.2200 2 711 -37.6100 -25.3200 1 654 -125.7700 6.9500
1.3746301903e-01 -9.3052133873e-02 -2.3760438158e+00
248 47 38
3 0 1198 38.5600 -25.5600 2 688 123.5600 -7.7000 1 1082 -13.4500 -33.3500
-4.3396491841e-01 -1.0262371889e-01 -2.3012783370e+00
216 75 125
2 0 1202 -124.8600 -29.4100 2 720 -36.2800 -30.9700
-3.4241020473e-01 -1.1783367645e-01 -2.2906215903e+00
56 68 54
2 0 1205 -98.9700 -33.7900 2 1105 -5.5000 -32.7700
7.3231027014e-02 -1.3011886474e-01 -2.3492593272e+00
218 223 216
3 0 1208 21.0200 -36.6500 2 702 110.6600 -20.3700 1 1087 -32.6000 -38.2100
7.3231027014e-02 -1.3011886474e-01 -2.3492593272e+00
218 223 216
3 0 1209 21.0200 -36.6500 2 703 110.6600 -20.3700 1 1088 -32.6000 -38.2100
-3.1327437461e-03 -1.3085790084e-01 -2.3201630679e+00
30 25 25
3 0 1210 -0.3100 -37.1300 2 1095 93.1900 -23.9400 1 1080 -51.7100 -32.4600
-2.3912661244e-02 -1.3398656586e-01 -2.3102883921e+00
39 34 36
3 0 1212 -6.4200 -38.3000 2 712 88.7500 -25.7000 1 688 -57.2800 -31.6400
1.2790415544e-01 -1.5769642589e-01 -2.3719056030e+00
217 223 222
3 0 1217 36.0200 -43.8200 2 716 123.2000 -27.0000 1 1102 -20.1000 -48.8800
1.2905364134e-01 -1.7234318333e-01 -2.3729247294e+00
30 30 22
3 0 1224 36.5300 -48.0100 2 1102 123.5400 -30.9200 1 1105 -20.8300 -52.9100
5.5559020589e-03 -1.8321304858e-01 -2.3201728761e+00
21 20 18
3 0 1231 2.0000 -52.0100 2 737 97.2400 -39.9600 1 709 -53.2100 -45.9100
5.7134814550e-03 -1.8343949911e-01 -2.3206350450e+00
21 20 18
2 0 1232 2.0000 -52.0100 2 738 97.2400 -39.9600
-4.6233743584e-01 -2.4826913759e-01 -2.2823888571e+00
135 189 192
3 0 1249 -133.7700 -71.3300 2 1125 -39.3100 -81.7800 1 182 -141.5000 -29.5200
-4.4811517528e-01 -2.5931939921e-01 -2.2892811561e+00
159 41 74
2 0 1250 -129.4500 -74.6800 2 1126 -34.7600 -84.2900
-3.9355004973e-01 -3.0883085193e-01 -2.3115805375e+00
55 158 191
3 0 1260 -112.2400 -88.1400 2 793 -17.7200 -97.2100 1 712 -129.1500 -47.6400
-2.7918917539e-01 -3.3676162637e-01 -2.3083997897e+00
99 160 106
2 0 1264 -79.9200 -96.4800 2 1132 19.2500 -100.6900
-3.8640422534e-01 -3.4706147335e-01 -2.3151467021e+00
61 155 186
2 0 1268 -110.2600 -98.5600 2 806 -14.3900 -109.3100
6.0885680335e-01 -4.5998157834e-01 -2.4077141135e+00
144 146 136
2 0 1286 166.7100 -125.5500 2 789 243.1800 -93.1600
4.1793078863e-02 6.8975149516e-01 -2.6533351764e+00
145 144 138
2 0 1415 9.7200 170.9500 2 1253 45.3400 202.7900
-5.8236696467e-01 3.6036051427e-01 -2.3786548656e+00
152 140 146
2 0 1440 -161.3900 99.9500 2 1470 -104.9000 117.1800
2.0771295583e-01 3.6619642949e-01 -2.5595165212e+00
48 62 25
2 0 1443 53.2700 94.5600 2 1290 105.7100 121.7400
-3.8120755057e-02 2.6873349821e-01 -2.5400429600e+00
208 232 192
3 0 1456 -10.8100 69.7800 2 1026 47.4000 91.4800 1 1336 0.5500 60.0300
-3.6097564940e-01 7.7148465135e-02 -2.3478804463e+00
159 178 198
3 0 1492 -101.9300 21.6600 2 1070 -22.5900 30.8600 1 1044 -96.3000 37.5100
-4.3398928211e-01 -3.7360800601e-02 -2.3061708031e+00
202 109 126
2 0 1509 -124.6000 -10.4800 2 1086 -38.8100 -9.2700
-4.2196951464e-01 -9.4663329982e-02 -2.3084119189e+00
198 104 122
2 0 1516 -121.0400 -26.9300 2 1099 -33.2400 -27.8500
-9.9464262886e-03 -1.1294619170e-01 -2.3149999715e+00
216 217 217
3 0 1518 -2.5100 -31.9600 2 1366 91.6500 -18.9700 1 1382 -52.5300 -27.2900
2.5137250093e-02 -1.2989380797e-01 -2.3317838540e+00
32 30 30
3 0 1525 7.6500 -36.8500 2 1368 99.6200 -22.3200 1 1386 -44.4800 -34.3700
1.9389105434e-02 -1.5593407532e-01 -2.3282160444e+00
26 22 23
3 0 1527 5.9400 -44.2600 2 1371 99.3100 -30.8500 1 1390 -47.6200 -40.1000
1.9389105434e-02 -1.5593407532e-01 -2.3282160444e+00
26 22 23
3 0 1528 5.9400 -44.2600 2 1372 99.3100 -30.8500 1 1391 -47.6200 -40.1000
9.1429938622e-02 -1.7001644396e-01 -2.3531862453e+00
35 31 28
2 0 1530 26.1100 -47.5600 2 1374 116.2100 -32.1100
9.1730959401e-02 -1.6989641249e-01 -2.3542448140e+00
35 31 28
3 0 1531 26.1100 -47.5600 2 1375 116.2100 -32.1100 1 1397 -30.6400 -49.1900
5.0187915866e-02 -1.7813186234e-01 -2.3376183971e+00
37 31 34
2 0 1533 14.5900 -50.2200 2 1376 107.2400 -36.2800
-1.3516169972e-02 -1.9379172517e-01 -2.3139246842e+00
34 30 30
3 0 1534 -3.4300 -55.3700 2 1377 92.9000 -43.8200 1 1393 -58.4500 -47.1900
-3.9222370732e-01 -2.4901877674e-01 -2.3153777642e+00
117 175 167
3 0 1539 -111.8500 -71.0400 2 1386 -19.5300 -77.1600 1 1083 -125.0200 -34.5000
-2.0681176626e-01 -2.9525752554e-01 -2.3459784713e+00
29 21 17
2 0 1544 -58.2800 -83.4500 2 1388 35.8300 -82.4400
-2.7759419472e-01 -2.9539604969e-01 -2.3122791028e+00
46 38 37
2 0 1545 -79.3300 -84.1800 2 1389 18.0800 -87.4400
-2.0605358446e-01 5.3995922614e-01 -2.5679200249e+00
187 191 184
2 0 1667 -53.3300 137.8800 2 1454 -8.7900 166.5400
-4.7279510687e-01 -4.6621580329e-02 -2.2816237787e+00
115 179 189
3 0 1707 -137.0300 -12.9400 2 1523 -49.3500 -14.3200 1 1362 -132.1700 16.9900
-4.7272886605e-01 -4.6781895920e-02 -2.2822584244e+00
115 179 189
2 0 1708 -137.0300 -12.9400 2 1524 -49.3500 -14.3200
-2.5825785415e-01 -5.8350727808e-02 -2.3330720167e+00
90 99 85
2 0 1709 -73.3500 -16.5600 2 1361 14.6700 -9.6100
1.1072458192e-01 -6.2350292394e-02 -2.3654893392e+00
122 14 9
2 0 1710 31.2800 -17.4300 2 1519 116.9000 1.3300
-2.6327984023e-02 -9.3548397807e-02 -2.3100803142e+00
198 199 197
3 0 1711 -7.2500 -26.7400 2 1522 87.0400 -13.1600 1 1546 -55.2000 -21.4500
-4.2981099628e-02 -1.2493205728e-01 -2.3042363614e+00
209 209 207
3 0 1715 -11.8700 -35.7600 2 1529 83.7600 -23.6500 1 1550 -61.2400 -28.0300
-3.3401432421e-01 -1.3820268099e-01 -2.2966205797e+00
79 98 79
2 0 1716 -96.2500 -39.2800 2 1538 -2.7700 -39.3200
-2.2489944806e-03 -1.5461241974e-01 -2.3224910575e+00
211 214 210
2 0 1719 -0.3900 -44.5000 2 1370 93.9500 -30.5900
-2.5208470814e-02 -2.5537376791e-01 -2.3101631591e+00
214 186 42
3 0 1729 -6.5600 -73.3600 2 1384 91.5900 -63.2500 1 1403 -65.1100 -61.4300
1.2304998173e-01 -6.8374709014e-01 -2.0054334646e+00
143 153 144
2 0 1781 41.9600 -223.7800 2 1587 196.1700 -214.5200
8.3761570723e-01 2.2046322485e-01 -2.8789719660e+00
14 15 14
2 0 1812 189.8100 50.2500 2 1310 206.1400 82.1400
-4.1503218887e-01 3.8098312935e-02 -2.3167809132e+00
217 98 141
3 0 1828 -118.5500 11.5900 2 1628 -35.8900 15.4700 1 1524 -112.2500 33.0300
-4.1503218887e-01 3.8098312935e-02 -2.3167809132e+00
217 98 141
3 0 1829 -118.5500 11.5900 2 1629 -35.8900 15.4700 1 1523 -112.2500 33.0300
-3.2836655958e-01 -2.9319944260e-02 -2.2984812176e+00
82 89 82
2 0 1830 -94.6000 -8.0300 2 1631 -4.6000 -3.0500
-2.3062119372e-01 -4.3089600925e-01 -2.3240543960e+00
41 45 38
3 0 1845 -65.0400 -122.5900 2 1645 34.7900 -127.1600 1 1676 -108.2300 -87.7000
3.9436972587e-01 -5.1352416248e-01 -2.2259507053e+00
9 13 9
2 0 1858 117.8300 -151.3300 2 1695 225.0900 -126.9200
-3.1616927500e-01 4.5441314979e-01 -2.5217221690e+00
183 180 173
2 0 1887 -83.0400 119.9200 2 1661 -34.0600 141.6900
-3.1126692864e-01 -7.4108150406e-02 -2.3010744794e+00
78 91 73
2 0 1918 -89.5500 -20.8000 2 1686 1.9400 -17.2800
-2.3071025419e-01 -2.8221386303e-01 -2.3388246225e+00
111 168 110
2 0 1930 -65.1900 -79.6300 2 1693 29.1000 -80.0000
3.3676949884e-01 -4.6939819801e-01 -2.2911776070e+00
242 253 117
2 0 1936 97.8400 -134.8000 2 1738 197.8700 -113.1300
-1.5961541659e-01 5.0120472452e-01 -2.5717123452e+00
187 191 182
2 0 1955 -41.3900 127.2800 2 1707 4.7600 156.0700
-3.2122810802e-01 -1.0895478549e-01 -2.2977424484e+00
89 143 105
2 0 1967 -92.6200 -31.5800 2 1687 0.2300 -28.5200
-3.9876406405e-01 1.9210115961e-01 -2.3360114063e+00
79 176 218
2 0 2005 -113.0100 54.0100 2 1760 -37.2300 67.9800
-2.6383620129e-01 -2.3636803757e-01 -2.3196568013e+00
43 42 39
2 0 2017 -75.3400 -68.0300 2 1769 19.7400 -66.7600
-2.5684117338e-01 -3.9249631357e-01 -2.3159740584e+00
95 168 112
2 0 2020 -73.2500 -112.3500 2 1776 26.9400 -116.7600
3.1518334464e-01 -4.2966335030e-01 -2.3433906494e+00
19 19 15
2 0 2021 89.6200 -119.9800 2 1774 182.8400 -100.9200
-3.9098751353e-01 -4.7155519757e-02 -2.3129820211e+00
18 17 18
3 0 2039 -113.6700 -12.2500 2 1816 -24.2600 -11.0400 1 1870 -113.1800 10.3200
4.1886857115e-02 -2.7811281876e-01 -2.3339028985e+00
18 16 16
3 0 2050 10.7300 -79.3600 2 1802 109.0400 -66.2200 1 1882 -49.4700 -72.5900
-2.6900036112e-01 -1.2516724650e-01 -2.3395375539e+00
113 187 126
2 0 2068 -76.2700 -36.1800 2 1818 12.7800 -30.7000
-1.7391025923e-01 1.3495596505e-01 -2.1635785131e+00
224 118 152
2 0 151 -52.8900 42.7700 1 100 -93.6900 47.4500
-9.7671766707e-02 1.2521942749e-01 -2.5015629742e+00
228 125 155
2 0 163 -26.0400 32.8900 1 643 -24.5700 30.6300
6.5745979907e-02 -7.3888319282e-02 -2.3477150444e+00
214 222 221
2 0 221 18.8800 -20.6000 1 174 -30.6900 -23.5400
1.4907453042e-01 -8.4217310671e-02 -2.3830223514e+00
142 13 2
2 0 225 41.7800 -23.4500 1 190 -9.6300 -32.1500
-3.2520331878e-02 -8.6552804834e-02 -2.3085344520e+00
41 35 29
2 0 231 -8.9700 -24.7800 1 171 -56.1600 -19.1400
9.4747936507e-02 -9.3287334203e-02 -2.3590799639e+00
122 18 8
2 0 235 26.9700 -26.1600 1 183 -24.5200 -30.3200
5.1870362200e-02 -1.0953892622e-01 -2.3411496333e+00
209 208 205
2 0 247 15.0400 -30.8600 1 184 -36.5800 -31.2100
1.5669281569e-01 -1.7388101546e-01 -2.3828310534e+00
212 217 216
2 0 284 43.8900 -48.1300 1 219 -13.9000 -55.3700
1.5669281569e-01 -1.7388101546e-01 -2.3828310534e+00
212 217 216
2 0 285 43.8900 -48.1300 1 220 -13.9000 -55.3700
8.4038080591e-02 -1.8502643609e-01 -2.3515475548e+00
211 217 213
2 0 287 24.0400 -51.8900 1 214 -33.5500 -52.4800
8.4038080591e-02 -1.8502643609e-01 -2.3515475548e+00
211 217 213
2 0 288 24.0400 -51.8900 1 215 -33.5500 -52.4800
1.6159858180e-01 -2.1074656096e-01 -2.3842022504e+00
204 202 198
2 0 309 45.2300 -58.3200 1 244 -15.0700 -64.9700
8.8732632287e-02 -2.2191651873e-01 -2.3530411789e+00
216 217 215
2 0 317 25.3700 -62.3300 1 239 -34.7100 -61.8900
1.8513930347e-01 -2.9125411540e-01 -2.3906517090e+00
97 9 0
2 0 360 51.6400 -80.5000 1 274 -14.5700 -86.8600
1.8513930347e-01 -2.9125411540e-01 -2.3906517090e+00
97 9 0
2 0 361 51.6400 -80.5000 1 273 -14.5700 -86.8600
1.0416390420e-01 -3.0282716760e-01 -2.3559109144e+00
179 138 138
2 0 369 29.6800 -84.9000 1 266 -36.4100 -83.2300
7.3467515715e-02 -3.0648057363e-01 -2.3439919348e+00
179 140 139
2 0 376 21.1400 -86.2400 1 263 -44.3700 -81.8100
5.6525294552e-02 -3.1049993643e-01 -2.3374263131e+00
160 117 119
2 0 384 16.4000 -87.6200 1 259 -48.8500 -81.4500
-2.6585388923e-01 -3.3103317466e-01 -2.3097596667e+00
46 71 39
2 0 414 -76.0800 -94.6800 1 236 -110.4400 -61.8800
6.9714249085e-01 2.3149092967e-01 -2.8003620463e+00
206 212 206
2 0 749 162.7300 53.8900 1 662 186.0500 2.3000
-3.1769049902e-02 1.6038495693e-01 -2.2526082522e+00
181 210 214
2 0 753 -9.1000 48.6500 1 639 -50.4100 42.6400
-4.5981838112e-01 -7.0668671399e-02 -2.2855971209e+00
173 157 167
2 0 795 -133.1600 -19.9300 1 139 -130.7900 10.4100
1.1569642456e-01 -8.9417642880e-02 -2.3679117440e+00
80 20 10
2 0 796 32.7100 -24.9200 1 185 -18.8500 -31.0200
1.0828988581e-01 -9.9776507184e-02 -2.3647417447e+00
238 43 41
2 0 799 30.6900 -27.8800 1 691 -21.4300 -33.0100
8.8046356949e-02 -1.0209290211e-01 -2.3553161713e+00
238 42 45
2 0 802 25.1100 -28.5300 1 689 -26.9800 -32.1500
1.0188627661e-01 -1.2452757128e-01 -2.3613146356e+00
224 223 219
2 0 809 28.9300 -34.7500 1 699 -24.7800 -38.8000
1.0188627661e-01 -1.2452757128e-01 -2.3613146356e+00
224 223 219
2 0 810 28.9300 -34.7500 1 700 -24.7800 -38.8000
-1.2487180169e-02 -1.4102585053e-01 -2.3143757727e+00
217 221 218
2 0 818 -3.2100 -40.2000 1 192 -54.8800 -34.1600
1.5226112552e-01 -1.5289783279e-01 -2.3821767227e+00
219 221 223
2 0 822 42.6800 -42.4000 1 720 -13.5200 -49.7000
1.4250094122e-01 -1.6306510130e-01 -2.3770141694e+00
43 38 36
2 0 825 40.0600 -45.3000 1 724 -16.8800 -51.4900
1.1631778253e-01 -1.6933655398e-01 -2.3649081183e+00
31 29 28
2 0 830 32.9400 -47.2400 1 722 -24.2600 -51.0500
1.1631778253e-01 -1.6933655398e-01 -2.3649081183e+00
31 29 28
2 0 831 32.9400 -47.2400 1 723 -24.2600 -51.0500
1.4489500180e-01 -1.7685559814e-01 -2.3774620994e+00
221 222 222
2 0 832 40.7100 -49.0600 1 730 -17.2300 -55.1900
1.4743291660e-02 -1.7360338848e-01 -2.3236810316e+00
211 217 212
2 0 834 4.5800 -49.3100 1 705 -50.3400 -44.2600
1.4743291660e-02 -1.7360338848e-01 -2.3236810316e+00
211 217 212
2 0 835 4.5800 -49.3100 1 706 -50.3400 -44.2600
1.0435263311e-01 -1.8381168179e-01 -2.3604034983e+00
215 215 211
2 0 839 29.6400 -51.3300 1 727 -28.1900 -53.7900
4.2382213422e-02 -1.9229712657e-01 -2.3343849647e+00
212 214 213
2 0 845 12.4000 -54.3300 1 209 -44.6200 -51.0600
5.7746913310e-02 -2.1371065297e-01 -2.3400569202e+00
22 21 17
2 0 857 16.6900 -60.0600 1 225 -42.1900 -57.7600
1.5848790364e-01 -2.9432689965e-01 -2.3801433215e+00
178 131 129
2 0 883 44.4500 -81.6000 1 756 -21.6200 -85.5800
-3.8756746110e-01 -4.6372895708e-01 -2.3044488124e+00
178 72 110
2 0 928 -111.0100 -133.0200 1 750 -137.9200 -83.2400
1.3807039708e-01 -4.6198813248e-01 -2.2653195730e+00
62 64 28
2 0 929 40.9600 -134.1100 1 807 -55.6000 -127.2300
-2.5855863525e-01 -4.7313718993e-01 -2.3073030295e+00
51 80 57
2 0 931 -73.9100 -135.4700 1 282 -117.8300 -95.3700
-2.2683754948e-02 1.0429436292e-01 -1.9076682329e+00
171 191 211
2 0 1157 -6.8100 40.3800 1 1043 -118.4400 38.5600
1.4591652260e-01 -5.9663348652e-02 -2.3825649440e+00
82 19 7
2 0 1187 40.8900 -16.5700 1 1073 -8.7700 -25.8400
1.4591652260e-01 -5.9663348652e-02 -2.3825649440e+00
82 19 7
2 0 1188 40.8900 -16.5700 1 1074 -8.7700 -25.8400
1.3318516017e-01 -7.2796343404e-02 -2.3768801888e+00
255 44 41
2 0 1192 37.4300 -20.1300 1 1077 -13.0000 -28.3000
1.3318516017e-01 -7.2796343404e-02 -2.3768801888e+00
255 44 41
2 0 1193 37.4300 -20.1300 1 1076 -13.0000 -28.3000
1.2491244853e-02 -9.2692203986e-02 -2.3262587238e+00
213 214 213
2 0 1199 3.9000 -26.1800 1 683 -45.3400 -24.1800
1.2491244853e-02 -9.2692203986e-02 -2.3262587238e+00
213 214 213
2 0 1200 3.9000 -26.1800 1 684 -45.3400 -24.1800
1.5722926748e-01 -1.0818003592e-01 -2.3870992673e+00
66 15 4
2 0 1203 43.9100 -29.7000 1 1089 -8.9700 -39.1700
4.3020485433e-02 -1.3641876625e-01 -2.3360860222e+00
210 212 208
2 0 1213 12.5600 -38.4700 1 1085 -40.7500 -37.2700
1.1814154797e-01 -1.4319617695e-01 -2.3673956420e+00
37 31 34
2 0 1214 33.4200 -39.9700 1 1092 -21.8500 -44.6000
1.1814154797e-01 -1.4319617695e-01 -2.3673956420e+00
37 31 34
2 0 1215 33.4200 -39.9700 1 1093 -21.8500 -44.6000
1.0341552868e-01 -1.5619582484e-01 -2.3607804038e+00
215 219 215
2 0 1219 29.3900 -43.7200 1 1098 -26.5500 -46.7000
1.6382964815e-01 -1.6210691810e-01 -2.3866514548e+00
66 17 16
2 0 1221 45.8000 -44.8400 1 1106 -11.1500 -52.9400
1.2954530729e-01 -1.7259422561e-01 -2.3717464519e+00
30 30 22
2 0 1223 36.5300 -48.0100 1 1104 -20.8300 -52.9100
1.6743867218e-01 -1.8274445561e-01 -2.3868436707e+00
51 19 17
2 0 1229 46.8000 -50.5400 1 1113 -11.7300 -58.3900
2.7933068373e-02 -1.8615004251e-01 -2.3299431828e+00
20 20 17
2 0 1233 8.3100 -52.6900 1 714 -47.6500 -48.4400
2.7933068373e-02 -1.8615004251e-01 -2.3299431828e+00
20 20 17
2 0 1234 8.3100 -52.6900 1 715 -47.6500 -48.4400
1.6941515662e-01 -1.9911976892e-01 -2.3876566819e+00
59 13 13
2 0 1235 47.3300 -55.0400 1 1116 -12.2600 -62.6600
1.1031129896e-01 -2.1713599202e-01 -2.3596905087e+00
209 211 206
2 0 1238 31.3500 -60.7800 1 739 -29.2500 -62.4200
5.4012186054e-02 -2.2652070373e-01 -2.3356682840e+00
212 215 209
2 0 1246 15.7200 -64.0700 1 737 -44.3600 -60.3200
1.4732675546e-01 -2.9616897115e-01 -2.3712058243e+00
169 123 122
2 0 1253 41.5100 -82.3700 1 753 -25.3300 -85.1900
-4.2062458997e-01 -3.9181768176e-01 -2.2936053714e+00
165 35 71
2 0 1274 -121.2200 -112.4700 1 242 -141.0100 -65.1500
-4.2319496048e-01 -4.5500778705e-01 -2.2946114730e+00
179 81 103
2 0 1287 -121.7400 -130.9400 1 748 -144.6200 -78.7800
2.5995198884e-01 -6.9486730986e-01 -2.0006158464e+00
51 21 8
2 0 1393 87.1700 -227.1000 1 1251 -98.5100 -210.5300
-1.4671264105e-01 5.9928223030e-01 -2.6055709161e+00
187 188 180
2 0 1424 -37.7300 151.9000 1 1296 9.0900 136.8100
7.2688716866e-01 1.5082987972e-01 -2.8260384573e+00
203 206 200
2 0 1482 168.2000 34.4200 1 1545 190.2800 -20.4400
-3.3241231518e-01 4.5421968400e-02 -2.3627457229e+00
182 81 114
2 0 1497 -93.2300 12.8400 1 1049 -90.9600 28.4300
-3.3241231518e-01 4.5421968400e-02 -2.3627457229e+00
182 81 114
2 0 1498 -93.2300 12.8400 1 1050 -90.9600 28.4300
6.0656404677e-02 -8.5986310211e-02 -2.3454063424e+00
215 217 212
2 0 1514 17.4800 -24.1200 1 1380 -32.7700 -26.0700
3.6776619592e-02 -1.0767733723e-01 -2.3336924554e+00
213 214 209
2 0 1517 10.8000 -30.3900 1 1078 -40.5200 -29.6300
-2.8967433545e-01 -1.1774425775e-01 -2.3098900131e+00
74 116 88
2 0 1519 -83.0200 -33.5300 1 1068 -102.1300 -10.5700
5.6209788724e-02 -1.2591641218e-01 -2.3423581832e+00
36 33 33
2 0 1520 16.2500 -35.3900 1 1388 -36.6000 -35.6900
5.6209788724e-02 -1.2591641218e-01 -2.3423581832e+00
36 33 33
2 0 1521 16.2500 -35.3900 1 1389 -36.6000 -35.6900
2.5631921319e-02 -1.3019963726e-01 -2.3306890825e+00
32 30 30
2 0 1524 7.6500 -36.8500 1 1385 -44.4800 -34.3700
-2.6908903888e-01 -3.1305936752e-01 -2.3076992940e+00
101 162 105
2 0 1548 -77.1000 -89.5400 1 1112 -110.3100 -57.5400
-3.9330389240e-01 6.4251585406e-02 -2.3311717331e+00
109 186 196
2 0 1696 -111.6900 18.3100 1 1345 -105.0300 36.9800
-4.5558303177e-01 -9.4393221602e-03 -2.2912689814e+00
216 98 138
2 0 1703 -131.6100 -2.1800 1 1531 -125.8000 24.0000
-2.6407865425e-01 -6.3383984229e-03 -2.3345186292e+00
89 100 87
2 0 1704 -74.9100 -1.6300 1 1365 -87.3600 13.5000
-4.3212051844e-01 9.5471531833e-02 -2.3096631624e+00
218 98 136
2 0 1822 -123.7800 27.5400 1 1517 -113.1700 46.6900
-4.9331783496e-01 8.5558220000e-02 -2.2720095393e+00
178 158 168
2 0 1823 -143.6000 25.7000 1 1341 -129.8900 48.0200
1.4143092820e-01 -1.3189858879e-01 -2.3778337155e+00
172 175 172
2 0 1836 39.7100 -36.4500 1 1667 -15.0100 -43.8100
1.4143092820e-01 -1.3189858879e-01 -2.3778337155e+00
172 175 172
2 0 1837 39.7100 -36.4500 1 1668 -15.0100 -43.8100
1.4694551340e-01 -1.9807427714e-01 -2.3790870986e+00
217 215 220
2 0 1839 41.2500 -54.9100 1 1672 -17.9200 -60.6700
-2.3008069323e-01 -4.6330615149e-01 -2.3186142486e+00
74 154 106
2 0 1849 -65.4600 -131.9500 1 1565 -110.7100 -95.3700
-1.6069370308e-02 -6.0524143654e-02 -2.3178205255e+00
216 221 216
2 0 1915 -4.2600 -17.1300 1 1662 -50.0200 -14.1100
8.4355714498e-02 -2.0699369378e-01 -2.3461079600e+00
218 217 213
2 0 1927 24.2000 -58.1800 1 1751 -35.7600 -57.9400
7.6077445414e-02 -9.3540149202e-02 -2.3507518948e+00
86 10 7
2 2 203 110.3800 -9.8200 1 181 -29.3800 -28.8900
-2.1665023853e-02 -1.2092387691e-01 -2.3128461407e+00
212 215 208
2 2 231 88.8200 -21.9100 1 180 -55.5100 -28.4100
-1.7107814336e-01 1.6348086941e-01 -2.3775772141e+00
70 185 219
2 2 613 29.2800 64.1700 1 1037 -54.9900 44.8900
-4.8948393859e-01 7.2344993863e-02 -2.2763314173e+00
149 164 178
2 2 647 -58.4400 25.5100 1 102 -129.1400 45.4300
7.0241465997e-01 -4.4390900465e-01 -2.3790029201e+00
100 113 42
2 2 772 269.0800 -86.4700 1 886 86.2400 -178.4100
-2.6583964180e-01 -3.6449040138e-01 -2.3123319107e+00
33 64 41
2 2 1141 23.7000 -108.4400 1 745 -111.9700 -69.7700
-5.4820316399e-02 -4.0486246817e-02 -2.3062066749e+00
137 77 45
2 2 1357 77.8100 2.3000 1 1064 -57.8000 -6.5700
-3.2562028738e-02 -2.1671058599e-01 -2.3074577431e+00
208 199 199
2 2 1381 89.0600 -52.2000 1 1399 -64.2600 -51.1300
-3.2562028738e-02 -2.1671058599e-01 -2.3074577431e+00
208 199 199
2 2 1382 89.0600 -52.2000 1 1398 -64.2600 -51.1300
