# Bundle file v0.3
3 130
6.5446460499e+02 -4.5570630074e-02 -5.3527321793e-03
9.9998474415e-01 9.8123445196e-04 5.4358657789e-03
-1.0209999907e-03 9.9997270578e-01 7.3174625957e-03
-5.4285372647e-03 -7.3229009805e-03 9.9995845219e-01
1.3446067037e-02 1.8518096415e-02 4.1397172876e-02
6.7794425997e+02 -1.0122535240e-02 4.0601685522e-03
9.4727651731e-01 -9.3643594741e-02 3.0642793103e-01
1.0143081889e-01 9.9479674688e-01 -9.5509878752e-03
-3.0393912011e-01 4.0128662508e-02 9.5184594432e-01
9.9099899291e-01 3.1564918147e-02 4.7748602882e-02
0 0 0
0 0 0
0 0 0
0 0 0
0 0 0
2.0134514980e-02 6.9800445723e-01 -2.6144793231e+00
190 195 188
2 0 28 5.0700 176.6500 1 15 40.2000 210.6200
3.0344331196e-01 6.5401811889e-01 -2.6093833613e+00
144 150 136
2 0 38 76.8400 165.8000 1 537 113.0400 199.3900
2.8672195914e-01 6.5363038882e-01 -2.6286591236e+00
139 141 129
2 0 40 72.0500 164.3200 1 539 106.6000 197.9700
7.2032860619e-01 7.0735560896e-01 -2.8755169143e+00
181 177 188
2 0 45 164.5100 160.3100 1 961 170.6500 197.2700
7.2861913616e-01 5.7831729789e-01 -2.7638130267e+00
26 22 32
2 0 65 173.4700 137.4300 1 47 189.9100 172.0100
1.9279842908e-01 4.9812042252e-01 -2.5552947697e+00
58 89 83
2 0 74 50.0100 129.2200 1 54 96.1700 159.5200
-5.4305030277e-01 4.6321268217e-01 -2.4022846498e+00
129 112 109
2 0 77 -149.6500 128.4200 1 557 -99.8500 151.5700
-2.2844070357e-01 4.8542075905e-01 -2.5266520739e+00
143 141 136
2 0 80 -59.9300 127.3900 1 59 -13.4700 154.0700
5.0057482109e-01 5.0887704011e-01 -2.6537624264e+00
164 177 161
2 0 84 124.5600 126.5900 1 554 156.8200 159.1100
2.7962798963e-01 4.1581848806e-01 -2.4661774850e+00
98 156 72
2 0 104 75.3100 112.0300 1 74 131.9500 142.0500
2.7884756238e-01 4.0203584938e-01 -2.4619223602e+00
106 153 81
2 0 109 75.2400 108.3800 1 78 132.6900 138.4600
-7.0014227247e-02 3.9519154770e-01 -2.5811657795e+00
124 108 99
2 0 118 -18.0500 101.7500 1 85 27.6400 126.1700
2.0271314672e-01 3.8248144115e-01 -2.5067147786e+00
52 76 37
2 0 119 53.7000 101.0800 1 83 107.7100 129.8600
5.1927918664e-01 3.7790809475e-01 -2.6619490579e+00
144 152 136
2 0 122 128.8900 93.3400 1 86 162.8000 125.3300
-5.9947316745e-01 2.7291614760e-01 -2.3645475132e+00
93 73 66
2 0 131 -168.1100 77.2100 1 592 -110.2500 89.2500
-4.0185643884e-01 8.9214381068e-02 -2.3109056838e+00
161 170 186
2 0 173 -115.5500 25.8000 1 632 -35.5200 34.4200
5.3209839965e-02 -7.1212704139e-02 -2.3234757230e+00
64 68 65
2 0 218 15.4800 -19.9200 1 192 104.3600 -3.7100
-3.1679520218e-02 -8.6530716804e-02 -2.2903237608e+00
41 35 29
2 0 230 -8.9700 -24.7800 1 205 85.2100 -11.3300
3.3281394191e-02 -1.7105119371e-01 -2.3126012187e+00
219 219 216
2 0 286 9.8100 -48.7000 1 273 103.0200 -35.4700
1.0881997460e-01 -2.8752634352e-01 -2.3406905975e+00
22 19 18
2 0 363 31.1000 -81.4100 1 322 122.9800 -67.3900
1.0367796737e-01 -2.9846530862e-01 -2.3357297905e+00
179 138 138
2 0 370 29.6800 -84.9000 1 763 122.5900 -70.8700
7.9542521216e-01 -3.0905449049e-01 -2.3267049958e+00
23 80 17
2 0 386 226.2800 -87.5600 1 302 296.4100 -48.4600
5.8493241784e-01 -3.5149230636e-01 -2.4496018398e+00
92 144 75
2 0 415 158.2700 -95.2600 1 319 226.3000 -64.2700
-4.4108152720e-01 -6.0634932087e-01 -2.3463101150e+00
73 68 73
2 0 566 -125.0200 -171.5500 1 898 -29.0500 -193.6300
2.4206291203e-01 6.3773155730e-01 -2.6678442370e+00
135 138 125
2 0 672 59.8900 157.8400 1 540 91.5000 190.8800
1.9750224679e-01 4.8565468523e-01 -2.5491003352e+00
222 243 253
2 0 689 51.3600 125.9800 1 555 98.4300 156.7400
-5.0679749063e-02 4.7983960692e-01 -2.5372908778e+00
113 109 104
2 0 690 -13.2200 125.4000 1 986 35.0200 153.4100
1.6451695185e-01 4.6647464221e-01 -2.5501614985e+00
24 28 33
2 0 693 42.7800 121.2600 1 558 90.4100 150.7400
1.8953245246e-01 4.5354208758e-01 -2.5449769455e+00
96 137 81
2 0 697 49.3800 117.7500 1 560 97.7200 147.9900
-2.4508794003e-02 4.4955759984e-01 -2.5452085053e+00
145 129 121
2 0 699 -6.3800 117.0600 1 563 42.0400 144.4800
-2.4508794003e-02 4.4955759984e-01 -2.5452085053e+00
145 129 121
2 0 700 -6.3800 117.0600 1 564 42.0400 144.4800
5.7519603362e-01 3.7740654825e-01 -2.6403612873e+00
222 234 234
2 0 719 143.9300 94.3200 1 571 178.3900 126.4200
5.7147323985e-01 3.3478699329e-01 -2.6399335022e+00
215 233 232
2 0 724 143.0600 83.6000 1 579 178.5400 115.4700
5.7147323985e-01 3.3478699329e-01 -2.6399335022e+00
215 233 232
2 0 725 143.0600 83.6000 1 580 178.5400 115.4700
-3.9318971005e-02 6.5115006603e-02 -2.4347691331e+00
108 173 131
2 0 771 -10.6800 17.9700 1 1066 60.5900 34.7800
3.4020316390e-01 3.3574925453e-02 -2.3116362746e+00
143 212 120
2 0 777 98.1600 10.2300 1 156 180.8200 36.3200
1.3510417751e-01 -1.0823160161e-01 -2.3551816678e+00
49 22 20
2 0 803 38.3600 -30.2500 1 691 123.3000 -12.1100
1.4588034791e-01 -1.1561097941e-01 -2.3562188172e+00
212 214 211
2 0 805 41.3600 -32.5700 1 210 126.2400 -13.7400
9.6447605375e-03 -1.3691078472e-01 -2.3044905802e+00
220 222 219
2 0 816 3.0000 -39.2700 1 238 96.5300 -25.5600
-1.1843032908e-02 -1.3993735436e-01 -2.2971050886e+00
217 221 218
2 0 817 -3.2100 -40.2000 1 242 91.5000 -27.4400
1.4094811196e-01 -1.6139797731e-01 -2.3521615205e+00
43 38 36
2 0 826 40.0600 -45.3000 1 718 126.7000 -27.9700
7.6541859789e-02 -1.6380398813e-01 -2.3280545710e+00
217 216 212
2 0 828 22.1000 -46.3600 1 254 112.6900 -31.3800
7.6541859789e-02 -1.6380398813e-01 -2.3280545710e+00
217 216 212
2 0 829 22.1000 -46.3600 1 255 112.6900 -31.3800
7.2346146326e-02 -1.7553343384e-01 -2.3274422764e+00
33 27 27
2 0 836 20.8900 -49.8500 1 726 111.9300 -35.0200
-6.6867731311e-03 -1.7709138222e-01 -2.2985074128e+00
211 211 209
2 0 838 -1.7000 -50.7200 1 284 93.8200 -39.1100
4.2486557644e-02 -1.8986669623e-01 -2.3163664347e+00
212 214 213
2 0 844 12.4000 -54.3300 1 287 105.5800 -40.6100
1.1822533550e-02 -2.0486726118e-01 -2.3032188557e+00
13 14 10
2 0 852 3.6200 -58.9000 1 297 99.2000 -46.7700
1.1822533550e-02 -2.0486726118e-01 -2.3032188557e+00
13 14 10
2 0 853 3.6200 -58.9000 1 298 99.2000 -46.7700
-4.0104346216e-01 -2.3469750654e-01 -2.2956077741e+00
202 71 111
2 0 865 -116.1700 -67.2500 1 764 -23.5500 -74.1000
-4.0104346216e-01 -2.3469750654e-01 -2.2956077741e+00
202 71 111
2 0 866 -116.1700 -67.2500 1 765 -23.5500 -74.1000
1.7268899837e-01 -2.8635303155e-01 -2.3632955386e+00
171 137 135
2 0 881 48.7200 -80.5700 1 316 136.7400 -63.5900
1.5793257769e-01 -2.9350787464e-01 -2.3727198465e+00
178 131 129
2 0 882 44.4500 -81.6000 1 1122 131.6300 -66.6400
6.7585652356e-02 -3.1592931039e-01 -2.3228149193e+00
27 23 20
2 0 888 19.5300 -90.2200 1 766 115.0300 -78.2600
3.7339052169e-03 -3.2522256620e-01 -2.3011825701e+00
34 29 11
2 0 891 1.2600 -93.7000 1 1127 100.5000 -84.7300
3.7339052169e-03 -3.2522256620e-01 -2.3011825701e+00
34 29 11
2 0 892 1.2600 -93.7000 1 1128 100.5000 -84.7300
-3.7206211802e-01 -3.8134018550e-01 -2.3068467700e+00
57 153 180
2 0 903 -107.2800 -109.4500 1 810 -10.7800 -120.2400
3.4405108949e-01 -3.9678796183e-01 -2.3469543911e+00
106 151 78
2 0 905 97.5500 -112.2200 1 1130 186.4300 -89.7300
-1.8899372995e-01 -4.2829987818e-01 -2.3314813126e+00
113 137 121
2 0 917 -53.9200 -121.9900 1 814 43.7700 -124.4000
-1.7981986892e-01 -5.6078266012e-01 -2.1688336527e+00
45 86 68
2 0 976 -54.9500 -171.6200 1 872 71.2000 -178.6600
4.8498295929e-01 5.5219822924e-01 -2.6438719063e+00
164 172 152
2 0 1100 121.1100 137.3600 1 975 153.6400 171.3800
1.8016531712e-01 4.6435021355e-01 -2.5469208899e+00
187 216 227
2 0 1114 46.9100 120.8600 1 988 94.8400 150.4700
2.1633564091e-01 3.8941508731e-01 -2.4888613067e+00
46 68 33
2 0 1126 57.7500 103.9500 1 999 113.3700 132.6400
-4.8393971195e-01 3.5337521650e-01 -2.3805415789e+00
159 168 160
2 0 1128 -134.7700 98.8200 1 1293 -75.7700 117.7000
5.4170224963e-01 3.5812481940e-01 -2.6606242902e+00
108 108 95
2 0 1134 134.5300 88.7300 1 576 168.4500 120.2900
-5.1622224633e-01 3.6905752131e-02 -2.2519731963e+00
197 130 150
2 0 1174 -152.2500 11.8500 1 1079 -67.0100 12.9400
9.8764251180e-02 -7.9812595942e-02 -2.3387247722e+00
250 46 39
2 0 1194 28.3300 -22.2300 1 684 115.0400 -4.8700
9.8764251180e-02 -7.9812595942e-02 -2.3387247722e+00
250 46 39
2 0 1195 28.3300 -22.2300 1 685 115.0400 -4.8700
-4.3235824874e-01 -8.3453783095e-02 -2.2849819657e+00
208 75 117
2 0 1196 -125.7500 -23.2200 1 711 -37.6100 -25.3200
1.3544611266e-01 -9.2590957472e-02 -2.3512409584e+00
248 47 38
2 0 1198 38.5600 -25.5600 1 688 123.5600 -7.7000
-4.2949044736e-01 -1.0244344431e-01 -2.2874775517e+00
216 75 125
2 0 1202 -124.8600 -29.4100 1 720 -36.2800 -30.9700
-3.3882430362e-01 -1.1736251779e-01 -2.2759765827e+00
56 68 54
2 0 1205 -98.9700 -33.7900 1 1105 -5.5000 -32.7700
7.2885542015e-02 -1.2860934168e-01 -2.3285505071e+00
218 223 216
2 0 1208 21.0200 -36.6500 1 702 110.6600 -20.3700
7.2885542015e-02 -1.2860934168e-01 -2.3285505071e+00
218 223 216
2 0 1209 21.0200 -36.6500 1 703 110.6600 -20.3700
-1.8593094512e-03 -1.2996728582e-01 -2.3035684815e+00
30 25 25
2 0 1210 -0.3100 -37.1300 1 1095 93.1900 -23.9400
-2.2877411286e-02 -1.3304638853e-01 -2.2926162760e+00
39 34 36
2 0 1212 -6.4200 -38.3000 1 712 88.7500 -25.7000
1.2641602742e-01 -1.5614772410e-01 -2.3483344679e+00
217 223 222
2 0 1217 36.0200 -43.8200 1 716 123.2000 -27.0000
1.2857210962e-01 -1.7036254085e-01 -2.3525384547e+00
30 30 22
2 0 1224 36.5300 -48.0100 1 1102 123.5400 -30.9200
6.1075009191e-03 -1.8160446623e-01 -2.3010548775e+00
21 20 18
2 0 1231 2.0000 -52.0100 1 737 97.2400 -39.9600
6.1075009191e-03 -1.8160446623e-01 -2.3010548775e+00
21 20 18
2 0 1232 2.0000 -52.0100 1 738 97.2400 -39.9600
-4.5718242760e-01 -2.4684468099e-01 -2.2720556746e+00
135 189 192
2 0 1249 -133.7700 -71.3300 1 1125 -39.3100 -81.7800
-4.4316103256e-01 -2.5765550030e-01 -2.2766947353e+00
159 41 74
2 0 1250 -129.4500 -74.6800 1 1126 -34.7600 -84.2900
-3.8837286006e-01 -3.0727140581e-01 -2.3011615587e+00
55 158 191
2 0 1260 -112.2400 -88.1400 1 793 -17.7200 -97.2100
-2.7556252052e-01 -3.3391448341e-01 -2.2928984030e+00
99 160 106
2 0 1264 -79.9200 -96.4800 1 1132 19.2500 -100.6900
-3.8163351684e-01 -3.4426509545e-01 -2.3009096421e+00
61 155 186
2 0 1268 -110.2600 -98.5600 1 806 -14.3900 -109.3100
6.0006343207e-01 -4.5170293887e-01 -2.3858787916e+00
144 146 136
2 0 1286 166.7100 -125.5500 1 789 243.1800 -93.1600
3.8592467166e-02 6.7314729442e-01 -2.6173444138e+00
145 144 138
2 0 1415 9.7200 170.9500 1 1253 45.3400 202.7900
-5.7559569361e-01 3.5411864404e-01 -2.3632543326e+00
152 140 146
2 0 1440 -161.3900 99.9500 1 1470 -104.9000 117.1800
2.0275457321e-01 3.5887745078e-01 -2.5269007100e+00
48 62 25
2 0 1443 53.2700 94.5600 1 1290 105.7100 121.7400
-4.0785258277e-02 2.6201220221e-01 -2.5007850172e+00
208 232 192
2 0 1456 -10.8100 69.7800 1 1026 47.4000 91.4800
-4.2960694699e-01 -3.7808675959e-02 -2.2920963310e+00
202 109 126
2 0 1509 -124.6000 -10.4800 1 1086 -38.8100 -9.2700
-4.1758928502e-01 -9.4543238091e-02 -2.2940834807e+00
198 104 122
2 0 1516 -121.0400 -26.9300 1 1099 -33.2400 -27.8500
-9.5553953151e-03 -1.1240499818e-01 -2.2952284578e+00
216 217 217
2 0 1518 -2.5100 -31.9600 1 1366 91.6500 -18.9700
2.5883369258e-02 -1.2885984399e-01 -2.3137332679e+00
32 30 30
2 0 1525 7.6500 -36.8500 1 1368 99.6200 -22.3200
1.9843019940e-02 -1.5487140771e-01 -2.3088564057e+00
26 22 23
2 0 1527 5.9400 -44.2600 1 1371 99.3100 -30.8500
1.9843019940e-02 -1.5487140771e-01 -2.3088564057e+00
26 22 23
2 0 1528 5.9400 -44.2600 1 1372 99.3100 -30.8500
9.0729737974e-02 -1.6812294253e-01 -2.3315704870e+00
35 31 28
2 0 1530 26.1100 -47.5600 1 1374 116.2100 -32.1100
9.0729737974e-02 -1.6812294253e-01 -2.3315704870e+00
35 31 28
2 0 1531 26.1100 -47.5600 1 1375 116.2100 -32.1100
5.0034219992e-02 -1.7624302079e-01 -2.3169592653e+00
37 31 34
2 0 1533 14.5900 -50.2200 1 1376 107.2400 -36.2800
-1.2535809933e-02 -1.9201295975e-01 -2.2960312912e+00
34 30 30
2 0 1534 -3.4300 -55.3700 1 1377 92.9000 -43.8200
-3.8735656452e-01 -2.4755370305e-01 -2.3038024512e+00
117 175 167
2 0 1539 -111.8500 -71.0400 1 1386 -19.5300 -77.1600
-2.0395209681e-01 -2.9259550800e-01 -2.3276690993e+00
29 21 17
2 0 1544 -58.2800 -83.4500 1 1388 35.8300 -82.4400
-2.7408650918e-01 -2.9300311788e-01 -2.2964409318e+00
46 38 37
2 0 1545 -79.3300 -84.1800 1 1389 18.0800 -87.4400
-2.0426970720e-01 5.2850054392e-01 -2.5377551934e+00
187 191 184
2 0 1667 -53.3300 137.8800 1 1454 -8.7900 166.5400
-4.6808991318e-01 -4.7171203706e-02 -2.2701044798e+00
115 179 189
2 0 1707 -137.0300 -12.9400 1 1523 -49.3500 -14.3200
-4.6808991318e-01 -4.7171203706e-02 -2.2701044798e+00
115 179 189
2 0 1708 -137.0300 -12.9400 1 1524 -49.3500 -14.3200
-2.5547641531e-01 -5.8347037538e-02 -2.3151522137e+00
90 99 85
2 0 1709 -73.3500 -16.5600 1 1361 14.6700 -9.6100
1.0944502049e-01 -6.1729530306e-02 -2.3427647307e+00
122 14 9
2 0 1710 31.2800 -17.4300 1 1519 116.9000 1.3300
-2.5750680988e-02 -9.3104925187e-02 -2.2908426150e+00
198 199 197
2 0 1711 -7.2500 -26.7400 1 1522 87.0400 -13.1600
-4.1570456966e-02 -1.2416823836e-01 -2.2877001117e+00
209 209 207
2 0 1715 -11.8700 -35.7600 1 1529 83.7600 -23.6500
-3.3043229079e-01 -1.3752939497e-01 -2.2816864052e+00
79 98 79
2 0 1716 -96.2500 -39.2800 1 1538 -2.7700 -39.3200
-1.8791651932e-03 -1.5309765855e-01 -2.3026103152e+00
211 214 210
2 0 1719 -0.3900 -44.5000 1 1370 93.9500 -30.5900
-2.3159652937e-02 -2.5320001483e-01 -2.2957785510e+00
214 186 42
2 0 1729 -6.5600 -73.3600 1 1384 91.5900 -63.2500
1.2444664337e-01 -6.7720209779e-01 -2.0045480061e+00
143 153 144
2 0 1781 41.9600 -223.7800 1 1587 196.1700 -214.5200
-4.1080723124e-01 3.5880458928e-02 -2.3016422670e+00
217 98 141
2 0 1828 -118.5500 11.5900 1 1628 -35.8900 15.4700
-4.1080723124e-01 3.5880458928e-02 -2.3016422670e+00
217 98 141
2 0 1829 -118.5500 11.5900 1 1629 -35.8900 15.4700
-3.2505268904e-01 -2.9662101143e-02 -2.2831681250e+00
82 89 82
2 0 1830 -94.6000 -8.0300 1 1631 -4.6000 -3.0500
-2.2623116880e-01 -4.2740387800e-01 -2.3130958260e+00
41 45 38
2 0 1845 -65.0400 -122.5900 1 1645 34.7900 -127.1600
3.9129617605e-01 -5.0646568572e-01 -2.2133468310e+00
9 13 9
2 0 1858 117.8300 -151.3300 1 1695 225.0900 -126.9200
-3.0801882775e-01 -7.4002112683e-02 -2.2854691445e+00
78 91 73
2 0 1918 -89.5500 -20.8000 1 1686 1.9400 -17.2800
-2.2764321622e-01 -2.7978575532e-01 -2.3211303230e+00
111 168 110
2 0 1930 -65.1900 -79.6300 1 1693 29.1000 -80.0000
3.3392146323e-01 -4.6293163206e-01 -2.2745003607e+00
242 253 117
2 0 1936 97.8400 -134.8000 1 1738 197.8700 -113.1300
-1.5860097094e-01 4.9071421372e-01 -2.5408724449e+00
187 191 182
2 0 1955 -41.3900 127.2800 1 1707 4.7600 156.0700
-3.1784132001e-01 -1.0852493081e-01 -2.2823489055e+00
89 143 105
2 0 1967 -92.6200 -31.5800 1 1687 0.2300 -28.5200
-3.9482897626e-01 1.8913254088e-01 -2.3199730526e+00
79 176 218
2 0 2005 -113.0100 54.0100 1 1760 -37.2300 67.9800
-2.6063702907e-01 -2.3452641700e-01 -2.3027920076e+00
43 42 39
2 0 2017 -75.3400 -68.0300 1 1769 19.7400 -66.7600
-2.5324724836e-01 -3.8890060268e-01 -2.3001422478e+00
95 168 112
2 0 2020 -73.2500 -112.3500 1 1776 26.9400 -116.7600
3.1227570761e-01 -4.2368734492e-01 -2.3238683739e+00
19 19 15
2 0 2021 89.6200 -119.9800 1 1774 182.8400 -100.9200
-3.8963317722e-01 -4.5564660668e-02 -2.2775031610e+00
18 17 18
2 0 2039 -113.6700 -12.2500 1 1816 -24.2600 -11.0400
3.6624848191e-02 -2.7216703949e-01 -2.2962160407e+00
18 16 16
2 0 2050 10.7300 -79.3600 1 1802 109.0400 -66.2200
-2.6597427012e-01 -1.2448062423e-01 -2.3214242700e+00
113 187 126
2 0 2068 -76.2700 -36.1800 1 1818 12.7800 -30.7000
