# Bundle file v0.3
3 332
6.7803301601e+02 -7.4461980886e-02 -1.1439955147e-02
9.9985275976e-01 7.8650323049e-03 1.5251231890e-02
-7.3900326349e-03 9.9949345553e-01 -3.0955125130e-02
-1.5486969522e-02 3.0837860189e-02 9.9940441271e-01
3.2308482865e-02 -6.7088869320e-02 -3.0728151396e-02
6.7959347692e+02 -7.4762738383e-02 -1.8926710183e-02
9.5785373944e-01 1.0103770678e-01 -2.6890071710e-01
-1.2721860211e-01 9.8850056555e-01 -8.1743863291e-02
2.5754929844e-01 1.1250783846e-01 9.5969283896e-01
-6.3924414716e-01 -1.8479916247e-01 1.0415459431e-02
6.9133291875e+02 -1.4018718290e-01 -1.4361285331e-03
9.5072350836e-01 3.9695861544e-02 -3.0748829119e-01
6.2527661132e-02 9.4684194869e-01 3.1556396467e-01
3.0366939628e-01 -3.1924060328e-01 8.9770280994e-01
-5.0676226900e-01 8.8883084471e-01 3.5938436705e-02
1.6732512602e-02 6.1368549320e-01 -2.3532726918e+00
190 195 188
3 0 28 5.0700 176.6500 2 14 77.1300 218.4800 1 10 22.2700 190.0600
3.8406144183e-01 5.3672957986e-01 -2.3397431679e+00
158 170 156
2 0 57 109.8600 153.9800 2 16 190.5100 217.0300
4.0950455986e-01 5.1032964027e-01 -2.3527591279e+00
192 206 198
3 0 59 116.2200 145.7700 2 23 199.6600 208.7600 1 34 141.5100 148.7400
4.0166321557e-01 5.0377333054e-01 -2.3639949318e+00
135 147 124
3 0 61 113.6400 143.2900 2 487 197.3400 204.5800 1 556 138.9600 146.4800
4.3306187431e-01 3.8192644106e-01 -2.3940366427e+00
206 218 207
3 0 111 120.7200 107.4900 2 63 210.5900 167.7000 1 81 145.2800 105.7800
1.9292975240e-01 3.3222994737e-01 -2.2362286871e+00
53 77 37
2 0 120 58.2500 99.7800 2 61 127.2800 172.0400
-4.2907026139e-01 -2.3444485275e-03 -1.9975027121e+00
141 168 192
3 0 200 -142.9900 -1.5500 2 915 -109.2500 83.6400 1 168 -172.2400 10.3200
-2.8500380720e-02 -7.1545257128e-02 -2.0300343589e+00
41 35 29
3 0 230 -8.9700 -24.7800 2 597 34.1500 69.5000 1 647 -44.6900 -29.8500
8.2219860560e-02 -1.1229211487e-01 -2.0672497636e+00
54 52 55
3 0 259 26.2600 -36.9900 2 182 79.4700 53.0700 1 245 -5.4300 -47.8900
8.2219860560e-02 -1.1229211487e-01 -2.0672497636e+00
54 52 55
3 0 260 26.2600 -36.9900 2 181 79.4700 53.0700 1 246 -5.4300 -47.8900
5.4968062524e-02 -1.4203262726e-01 -2.0533450440e+00
222 223 222
3 0 282 17.7500 -47.4900 2 626 67.7200 43.4600 1 675 -16.8600 -56.8100
1.3852949092e-01 -1.4744018322e-01 -2.0869706103e+00
212 217 216
3 0 284 43.8900 -48.1300 2 198 102.7700 39.1700 1 259 13.7400 -61.1800
3.0315671209e-02 -1.4499681173e-01 -2.0438027799e+00
219 219 216
3 0 286 9.8100 -48.7000 2 951 57.4100 43.0000 1 677 -26.1200 -57.0900
1.4262297453e-01 -1.7943633854e-01 -2.0870643722e+00
204 202 198
3 0 309 45.2300 -58.3200 2 639 104.4300 27.4500 1 705 13.9300 -72.0500
7.9269164489e-02 -1.8842450750e-01 -2.0596149020e+00
216 217 215
3 0 317 25.3700 -62.3300 2 980 77.6300 26.1700 1 708 -9.8100 -73.3300
1.6398987053e-01 -2.4962724816e-01 -2.0893382715e+00
97 9 0
2 0 360 51.6400 -80.5000 2 655 113.4500 1.3800
9.3210177300e-02 -2.5891275312e-01 -2.0605652894e+00
179 138 138
3 0 369 29.6800 -84.9000 2 660 83.1300 -0.2700 1 730 -7.5600 -97.6500
-2.3799047687e-01 -3.0043571133e-01 -2.0198470990e+00
38 82 43
3 0 424 -78.4700 -99.7300 2 680 -48.8800 -18.9200 1 296 -118.6100 -95.7800
-1.8815789676e-01 -3.5785351868e-01 -2.0370688583e+00
88 126 81
3 0 461 -61.9300 -117.5200 2 1032 -29.1300 -41.5700 1 751 -102.5100 -115.8500
3.9307011580e-01 5.4282978763e-01 -2.3353395721e+00
211 226 221
3 0 675 112.8000 155.8900 2 483 193.2400 219.7400 1 552 136.8000 160.7700
3.7328758272e-01 5.2401623167e-01 -2.3529292063e+00
139 148 129
2 0 679 106.3500 149.7700 2 840 187.4600 210.7300
4.4237172083e-01 3.9130581158e-01 -2.3938675743e+00
173 180 166
3 0 707 123.3200 110.2200 2 863 213.5400 170.6100 1 953 148.4500 108.4200
4.2375877615e-01 3.8746816298e-01 -2.3961820784e+00
164 177 160
3 0 710 118.0200 109.3200 2 518 207.4600 168.4900 1 582 142.5700 107.5000
4.2879878677e-01 3.1291025091e-01 -2.4121029353e+00
101 120 84
2 0 722 118.2400 87.8800 2 872 211.3800 145.4600
6.9906243040e-01 2.6832932168e-01 -2.5436756433e+00
47 46 45
2 0 735 181.5900 71.8200 2 879 299.7900 121.0800
7.0839320969e-01 2.4975145244e-01 -2.5523052642e+00
33 40 37
2 0 740 182.7800 66.6100 2 547 303.6600 115.1000
4.9493139029e-01 1.8514945791e-01 -2.3762513057e+00
163 175 163
3 0 750 138.4300 52.7300 2 883 236.3300 116.3500 1 985 157.2400 41.3100
-2.5458794453e-01 -1.9967452213e-02 -2.0407646168e+00
98 110 100
3 0 789 -83.0500 -6.9300 2 918 -45.1800 77.5400 1 1006 -113.1100 -2.0200
-4.0233126212e-01 -5.7914409932e-02 -2.0098698483e+00
173 157 167
3 0 795 -133.1600 -19.9300 2 607 -100.5500 64.1700 1 641 -163.5500 -8.7500
1.2016117556e-01 -9.1186386271e-02 -2.0833586081e+00
49 22 20
3 0 803 38.3600 -30.2500 2 932 95.2600 59.4200 1 1035 9.2300 -41.4300
1.2939527471e-01 -9.9010223628e-02 -2.0882952650e+00
212 214 211
3 0 805 41.3600 -32.5700 2 934 99.0500 56.0900 1 663 12.4300 -44.2700
1.1265960407e-01 -1.0134730439e-01 -2.0812514651e+00
222 224 221
3 0 806 36.0900 -33.4800 2 933 92.1200 55.8100 1 665 6.2400 -44.6100
8.9876948209e-02 -1.0465729623e-01 -2.0710320619e+00
224 223 219
3 0 809 28.9300 -34.7500 2 937 82.6100 55.4400 1 1040 -2.3400 -45.1400
8.9876948209e-02 -1.0465729623e-01 -2.0710320619e+00
224 223 219
3 0 810 28.9300 -34.7500 2 938 82.6100 55.4400 1 1041 -2.3400 -45.1400
8.6614814096e-03 -1.1639197328e-01 -2.0397809104e+00
220 222 219
3 0 816 3.0000 -39.2700 2 940 48.7900 53.2300 1 668 -32.7600 -46.5800
-1.0380558515e-02 -1.1863579764e-01 -2.0326014918e+00
217 221 218
3 0 817 -3.2100 -40.2000 2 942 40.8600 52.8700 1 666 -39.9200 -46.7200
1.2566764693e-01 -1.3763853785e-01 -2.0810084969e+00
43 38 36
3 0 825 40.0600 -45.3000 2 952 97.1700 43.2100 1 1051 9.4000 -57.4400
1.2566764693e-01 -1.3763853785e-01 -2.0810084969e+00
43 38 36
3 0 826 40.0600 -45.3000 2 953 97.1700 43.2100 1 1052 9.4000 -57.4400
6.8446565871e-02 -1.3922703313e-01 -2.0587958533e+00
217 216 212
3 0 828 22.1000 -46.3600 2 625 73.3400 44.0800 1 676 -11.7600 -56.2900
1.0303067722e-01 -1.4322890443e-01 -2.0728528396e+00
31 29 28
3 0 830 32.9400 -47.2400 2 627 87.9100 41.6500 1 682 0.8500 -58.6600
1.3853754143e-02 -1.4650448894e-01 -2.0377592270e+00
211 217 212
3 0 834 4.5800 -49.3100 2 949 50.4100 42.7700 1 678 -32.2200 -57.0900
6.5085435112e-02 -1.5038827102e-01 -2.0593351008e+00
33 27 27
3 0 836 20.8900 -49.8500 2 630 72.3000 39.8100 1 684 -13.4000 -59.9200
-5.2605145289e-03 -1.5022213162e-01 -2.0306658265e+00
211 211 209
3 0 838 -1.7000 -50.7200 2 955 42.3600 41.8600 1 681 -39.3700 -57.7900
5.8801611932e-02 -1.6009776467e-01 -2.0559919540e+00
224 226 223
3 0 842 19.0100 -53.0300 2 967 69.3900 36.4800 1 690 -16.0600 -63.0700
3.8237059345e-02 -1.6336607037e-01 -2.0474216413e+00
212 214 213
3 0 844 12.4000 -54.3300 2 968 60.6600 35.8900 1 693 -23.7900 -63.6400
3.8237059345e-02 -1.6336607037e-01 -2.0474216413e+00
212 214 213
3 0 845 12.4000 -54.3300 2 969 60.6600 35.8900 1 694 -23.7900 -63.6400
1.1154177659e-01 -1.8123850718e-01 -2.0724930720e+00
218 219 214
2 0 855 35.4100 -59.4800 2 977 91.4000 28.0100
5.2212054719e-02 -1.8071603793e-01 -2.0479503272e+00
22 21 17
3 0 856 16.6900 -60.0600 2 975 66.0700 29.9100 1 703 -19.5400 -70.2400
5.2212054719e-02 -1.8071603793e-01 -2.0479503272e+00
22 21 17
3 0 857 16.6900 -60.0600 2 976 66.0700 29.9100 1 704 -19.5400 -70.2400
1.5430875607e-01 -2.4952625313e-01 -2.0862923623e+00
171 137 135
3 0 881 48.7200 -80.5700 2 1000 109.2700 1.5400 1 725 15.2700 -96.1500
4.6213367040e-03 -2.8139127373e-01 -2.0268354501e+00
34 29 11
3 0 891 1.2600 -93.7000 2 1016 44.6900 -6.8900 1 1095 -40.7000 -102.7700
4.6213367040e-03 -2.8139127373e-01 -2.0268354501e+00
34 29 11
3 0 892 1.2600 -93.7000 2 1017 44.6900 -6.8900 1 1096 -40.7000 -102.7700
-3.6364714919e-01 -5.7763053216e-01 -2.0748150253e+00
61 62 66
2 0 1002 -116.3700 -183.2400 2 1118 -93.3100 -131.5600
-9.8242052481e-02 5.3481322339e-01 -2.3151632427e+00
178 178 172
2 0 1090 -28.4300 156.5500 2 847 40.7100 200.5500
-1.6450133515e-01 3.7993970842e-01 -2.2582732356e+00
92 82 74
2 0 1117 -48.5400 114.2400 2 1154 14.5600 166.5700
-1.4770328385e-01 3.8140323167e-01 -2.2641244598e+00
183 185 180
2 0 1118 -43.7700 114.2400 2 1153 20.4900 166.8600
4.4092253436e-01 2.4289430246e-01 -2.4084717559e+00
76 92 47
2 0 1144 122.0700 68.6800 2 1175 216.6700 126.3400
-2.8729866074e-01 1.0737965188e-01 -2.0849281758e+00
202 166 170
2 0 1159 -91.9300 34.3200 2 1179 -47.2700 110.6800
8.8002398097e-02 -6.6156105841e-02 -2.0772180772e+00
250 46 39
3 0 1195 28.3300 -22.2300 2 926 82.8600 68.0900 1 1025 -1.6000 -31.6000
-3.8008781143e-01 -6.8149800838e-02 -2.0149130531e+00
208 75 117
3 0 1196 -125.7500 -23.2200 2 929 -92.7800 60.8800 1 1015 -156.0400 -13.1400
-3.7829907789e-01 -8.6781411695e-02 -2.0170957935e+00
216 75 125
3 0 1202 -124.8600 -29.4100 2 939 -92.4700 54.2200 1 1020 -155.7300 -19.0900
6.5278781031e-02 -1.1079531083e-01 -2.0623400614e+00
218 223 216
3 0 1209 21.0200 -36.6500 2 1212 72.5300 53.7400 1 1334 -11.5300 -46.6800
-2.0873076646e-02 -1.1299319133e-01 -2.0315135477e+00
39 34 36
3 0 1212 -6.4200 -38.3000 2 1210 36.6600 54.6300 1 1037 -43.3200 -44.2800
3.8109080532e-02 -1.1496405581e-01 -2.0502282514e+00
210 212 208
3 0 1213 12.5600 -38.4700 2 1211 60.9000 53.1200 1 1335 -21.8300 -47.1200
1.0438789251e-01 -1.2023498985e-01 -2.0734474232e+00
37 31 34
3 0 1214 33.4200 -39.9700 2 1215 88.4000 50.0000 1 1047 2.2400 -50.8600
1.0438789251e-01 -1.2023498985e-01 -2.0734474232e+00
37 31 34
3 0 1215 33.4200 -39.9700 2 1216 88.4000 50.0000 1 1048 2.2400 -50.8600
9.1326729053e-02 -1.2991708466e-01 -2.0649240268e+00
215 219 215
3 0 1219 29.3900 -43.7200 2 1411 82.6100 47.3900 1 1336 -3.1100 -53.6100
5.8719499206e-03 -1.5448775087e-01 -2.0345219698e+00
21 20 18
3 0 1231 2.0000 -52.0100 2 956 46.9100 40.0500 1 1055 -35.4100 -59.5600
5.8719499206e-03 -1.5448775087e-01 -2.0345219698e+00
21 20 18
3 0 1232 2.0000 -52.0100 2 957 46.9100 40.0500 1 1056 -35.4100 -59.5600
4.7499146570e-02 -1.9249983111e-01 -2.0451701879e+00
212 215 209
3 0 1246 15.7200 -64.0700 2 1226 63.5900 25.5600 1 1074 -21.8400 -73.8200
-4.0194557151e-01 -2.1211515616e-01 -1.9984087190e+00
135 189 192
3 0 1249 -133.7700 -71.3300 2 987 -107.5900 12.2500 1 1054 -168.7900 -59.8100
-3.9011624984e-01 -2.2288876581e-01 -2.0031463266e+00
159 41 74
3 0 1250 -129.4500 -74.6800 2 991 -103.1400 8.0400 1 692 -164.8500 -63.6000
-3.4250293689e-01 -2.5146740559e-01 -2.0153113663e+00
57 156 187
2 0 1258 -113.2000 -83.7000 2 1008 -85.4700 -2.5400
-3.3494163271e-01 -2.9812450785e-01 -2.0233425806e+00
61 155 186
3 0 1268 -110.2600 -98.5600 2 1247 -82.9900 -20.4200 1 1080 -147.0600 -89.4600
-1.2984649991e-01 5.1467795344e-01 -2.2944074369e+00
187 188 180
3 0 1424 -37.7300 151.9000 2 1334 29.3700 197.5600 1 1445 -29.4600 164.9200
4.5170054600e-01 2.5631858472e-01 -2.3963759845e+00
100 111 76
2 0 1454 125.6000 72.5700 2 1174 219.9300 132.5400
6.3209799782e-01 1.2347342252e-01 -2.4822096763e+00
203 206 200
3 0 1482 168.2000 34.4200 2 1385 283.9900 86.3600 1 1489 198.9600 18.3200
6.3209799782e-01 1.2347342252e-01 -2.4822096763e+00
203 206 200
3 0 1483 168.2000 34.4200 2 1386 283.9900 86.3600 1 1490 198.9600 18.3200
6.4221254260e-01 9.2707483891e-02 -2.4926563673e+00
135 128 115
2 0 1490 169.9200 26.1200 2 1391 288.5500 76.0100
5.3925906759e-02 -7.0704012579e-02 -2.0601238489e+00
215 217 212
3 0 1514 17.4800 -24.1200 2 1398 68.3600 68.0700 1 1324 -14.3800 -32.2500
3.2421272592e-02 -8.9126115923e-02 -2.0490306975e+00
213 214 209
3 0 1517 10.8000 -30.3900 2 1206 58.5100 62.4700 1 1329 -22.7000 -37.9200
-8.4229552949e-03 -9.3280863759e-02 -2.0331629295e+00
216 217 217
3 0 1518 -2.5100 -31.9600 2 1405 41.7300 62.0200 1 1504 -38.2400 -38.1200
-2.5276560523e-01 -9.9638858607e-02 -2.0296345953e+00
74 116 88
3 0 1519 -83.0200 -33.5300 2 1213 -47.6400 52.1100 1 1321 -116.5600 -28.7200
-3.5704341459e-01 -1.2822167255e-01 -2.0272573508e+00
173 175 126
2 0 1526 -117.3000 -42.7000 2 1415 -84.9400 39.2200
1.8807806034e-02 -1.3057235542e-01 -2.0413889862e+00
26 22 23
3 0 1527 5.9400 -44.2600 2 1409 53.0400 48.3500 1 1506 -29.7400 -51.6400
1.8807806034e-02 -1.3057235542e-01 -2.0413889862e+00
26 22 23
3 0 1528 5.9400 -44.2600 2 1410 53.0400 48.3500 1 1507 -29.7400 -51.6400
8.0927724967e-02 -1.4326074411e-01 -2.0637709351e+00
35 31 28
3 0 1531 26.1100 -47.5600 2 1413 78.4800 42.2500 1 1510 -7.2400 -57.9700
-1.1104557801e-02 -1.6497337737e-01 -2.0299102886e+00
34 30 30
3 0 1534 -3.4300 -55.3700 2 1416 39.8100 36.2300 1 1512 -41.9300 -62.5700
-3.4136522602e-01 -2.1620632017e-01 -2.0302547220e+00
117 175 167
3 0 1539 -111.8500 -71.0400 2 1429 -81.8200 8.2100 1 1511 -146.0400 -62.6400
-2.3302594239e-01 -2.6933096057e-01 -2.0223908065e+00
101 162 105
3 0 1548 -77.1000 -89.5400 2 1433 -45.4700 -7.3300 1 1347 -116.1300 -85.8500
-6.6633856568e-02 5.5540981861e-01 -2.3128787527e+00
175 178 171
3 0 1658 -19.0900 162.0100 2 1330 49.8300 207.5400 1 1588 -7.8000 176.0300
-2.5876762725e-01 2.4844401677e-01 -2.1168443998e+00
229 120 162
2 0 1681 -81.4000 78.8100 2 1355 -31.2200 149.3500
-3.9947530646e-01 -6.5470839950e-03 -2.0164099095e+00
216 98 138
3 0 1703 -131.6100 -2.1800 2 1535 -97.2300 80.2400 1 1630 -160.2600 7.8000
-4.2041154139e-01 -7.2754343028e-03 -2.0022335154e+00
112 181 190
2 0 1705 -139.5700 -3.0200 2 1388 -106.2000 81.5100
-4.1306736819e-01 -3.7240353459e-02 -2.0041249854e+00
115 179 189
3 0 1708 -137.0300 -12.9400 2 1394 -104.5800 71.5500 1 1498 -166.9700 -1.8100
9.8348020588e-02 -5.0179864954e-02 -2.0730784905e+00
122 14 9
3 0 1710 31.2800 -17.4300 2 1539 86.4800 75.0000 1 1638 2.4300 -26.9300
-2.9629824296e-01 -8.2100017139e-02 -2.0086554771e+00
102 126 100
2 0 1713 -98.2700 -28.2600 2 1545 -65.4600 59.8500
-3.6472158519e-02 -1.0441020838e-01 -2.0256653170e+00
209 209 207
2 0 1714 -11.8700 -35.7600 2 1546 30.3600 58.2600
-2.8970905778e-01 -1.1504341259e-01 -2.0099572632e+00
79 98 79
2 0 1716 -96.2500 -39.2800 2 1408 -63.6900 48.5200
-1.3789029270e-03 -1.3215124870e-01 -2.0350546392e+00
211 214 210
3 0 1719 -0.3900 -44.5000 2 1550 44.5000 47.9100 1 1641 -37.1400 -51.7300
-3.3097098665e-01 2.3150654084e-01 -2.0753877803e+00
223 117 151
2 0 1805 -106.0500 74.6800 2 1512 -59.7400 148.1800
-2.8823197619e-01 -2.2473765545e-02 -2.0189998725e+00
82 89 82
2 0 1830 -94.6000 -8.0300 2 1536 -60.0600 78.6600
-3.0605879576e-01 -4.1662269308e-02 -2.0105648444e+00
95 108 90
3 0 1832 -101.5200 -14.5500 2 1540 -67.4000 73.1000 1 1634 -133.9200 -7.9400
-2.5688937393e-01 -1.4126557747e-01 -2.0224931313e+00
61 58 53
3 0 1838 -84.7500 -47.3800 2 1623 -51.1400 38.4400 1 1731 -119.8700 -42.6800
-2.3133812586e-01 -3.8908200567e-01 -2.0144074055e+00
99 158 93
3 0 1847 -76.5000 -128.9400 2 1628 -49.2800 -52.1700 1 1655 -119.7800 -125.2200
-1.0879452159e-01 5.0932431591e-01 -2.3142441368e+00
174 174 166
3 0 1881 -31.5300 149.6200 2 1602 37.5200 193.6900 1 1691 -21.7800 161.5400
-2.3229667515e-01 -1.0905927471e-01 -2.0397015430e+00
113 187 126
3 0 2068 -76.2700 -36.1800 2 1739 -39.7400 48.2200 1 1880 -108.3600 -32.7900
-3.3936404071e-01 6.3667282422e-01 -2.1066115626e+00
85 53 43
2 0 14 -106.4400 203.2000 1 913 -110.6000 218.5700
-8.9643774493e-02 5.6401960475e-01 -2.3184394702e+00
187 190 184
2 0 39 -25.6200 165.1500 1 543 -13.8600 178.1300
-4.8181975844e-01 4.0829280941e-01 -2.1467119325e+00
129 112 109
2 0 77 -149.6500 128.4200 1 37 -152.8700 144.4100
-1.9482573115e-01 4.2934119327e-01 -2.2729588953e+00
169 168 157
2 0 78 -57.2900 128.2700 1 41 -53.3700 140.2700
-2.3520713490e-01 4.0141280325e-01 -2.2603059083e+00
177 180 169
2 0 93 -69.6200 120.6700 1 565 -67.3200 132.8500
2.4704939402e-01 3.7075569596e-01 -2.2096720406e+00
98 156 72
2 0 104 75.3100 112.0300 1 577 77.3900 111.8900
4.3179597970e-01 3.9757391157e-01 -2.3896179228e+00
195 216 209
2 0 105 120.5000 112.0600 1 579 145.2200 110.8700
4.6242608956e-01 3.9340615529e-01 -2.3824124256e+00
174 186 170
2 0 106 129.3500 111.2300 1 79 154.8000 108.6500
5.3054071738e-01 3.7259978984e-01 -2.3909605738e+00
141 139 129
2 0 114 147.5700 105.1000 1 958 176.1900 99.5200
5.3054071738e-01 3.7259978984e-01 -2.3909605738e+00
141 139 129
2 0 115 147.5700 105.1000 1 959 176.1900 99.5200
1.7375572746e-01 3.3042900637e-01 -2.2512782083e+00
37 56 20
2 0 121 51.8900 98.6800 1 86 54.4100 99.6200
4.6209806376e-01 3.3064677201e-01 -2.3867061977e+00
144 152 136
2 0 122 128.8900 93.3400 1 588 152.3300 88.6800
4.9875455866e-01 2.0826916129e-01 -2.3659045897e+00
200 209 203
2 0 141 139.9600 59.3300 1 601 159.0600 48.4900
6.3095370587e-01 1.5526609196e-01 -2.4579609769e+00
207 213 207
2 0 152 169.7100 43.1200 1 152 199.7400 27.8600
6.5556845986e-01 1.4485466443e-01 -2.4848052917e+00
211 210 201
2 0 156 174.2800 40.0100 1 618 206.9300 24.1400
-8.5154954402e-02 1.0679701134e-01 -2.1978696936e+00
228 125 155
2 0 163 -26.0400 32.8900 1 609 -38.3600 35.9800
6.8438436245e-03 9.9225461144e-02 -2.2510273125e+00
231 120 159
2 0 167 1.6500 30.3400 1 147 -5.5100 30.6000
-1.2881789774e-01 7.0239824862e-02 -2.1698541029e+00
228 134 170
2 0 178 -39.8100 21.8800 1 615 -55.7400 25.5000
-4.3116713309e-01 5.4532758701e-02 -2.0013599294e+00
209 117 145
2 0 182 -143.2600 17.4500 1 148 -170.6700 29.4900
-2.5094351226e-01 3.8455747401e-02 -2.0991584993e+00
161 103 135
2 0 186 -79.8100 12.0800 1 620 -102.3000 18.7400
-1.8896312353e-01 3.6152760095e-03 -2.0763868342e+00
185 195 186
2 0 196 -60.6400 0.6100 1 180 -87.4400 4.2900
-1.8896312353e-01 3.6152760095e-03 -2.0763868342e+00
185 195 186
2 0 197 -60.6400 0.6100 1 181 -87.4400 4.2900
4.7383382467e-02 -5.7971791257e-02 -2.0599561260e+00
64 68 65
2 0 218 15.4800 -19.9200 1 221 -15.8600 -27.6800
4.7383382467e-02 -5.7971791257e-02 -2.0599561260e+00
64 68 65
2 0 219 15.4800 -19.9200 1 222 -15.8600 -27.6800
1.3088481304e-01 -6.9583429935e-02 -2.0903958060e+00
142 13 2
2 0 224 41.7800 -23.4500 1 651 14.1800 -34.0900
1.3088481304e-01 -6.9583429935e-02 -2.0903958060e+00
142 13 2
2 0 225 41.7800 -23.4500 1 652 14.1800 -34.0900
-2.8096592670e-02 -7.1050630681e-02 -2.0269623438e+00
41 35 29
2 0 231 -8.9700 -24.7800 1 648 -44.6900 -29.8500
8.3401395835e-02 -7.7208140069e-02 -2.0687436293e+00
122 18 8
2 0 234 26.9700 -26.1600 1 232 -3.7800 -35.4500
8.3401395835e-02 -7.7208140069e-02 -2.0687436293e+00
122 18 8
2 0 235 26.9700 -26.1600 1 233 -3.7800 -35.4500
-2.0692442999e-02 -1.0112417827e-01 -2.0253273676e+00
211 214 214
2 0 255 -6.6000 -34.7300 1 238 -43.4300 -40.5700
-7.4554055912e-02 -1.2459493929e-01 -2.0061574556e+00
179 108 63
2 0 273 -24.5400 -42.8900 1 669 -64.0500 -46.8600
7.9031231430e-02 -1.8878450738e-01 -2.0611500403e+00
216 217 215
2 0 316 25.3700 -62.3300 1 707 -9.8100 -73.3300
7.3610780726e-01 -2.6350420844e-01 -2.4910261449e+00
69 60 53
2 0 332 193.0700 -68.6400 1 302 214.9400 -101.6100
7.4862674921e-01 -2.6714707799e-01 -2.4966064944e+00
60 43 33
2 0 340 195.9400 -69.6100 1 739 218.5600 -102.7100
1.1639685650e-01 -2.5427865389e-01 -2.0699203239e+00
180 138 140
2 0 365 36.9700 -82.8700 1 297 1.0800 -96.7900
7.9902759978e-02 -2.5986352355e-01 -2.0553367954e+00
180 139 142
2 0 372 25.4600 -85.2300 1 732 -12.4800 -97.7900
6.6333027565e-02 -2.6231069261e-01 -2.0505515502e+00
179 140 139
2 0 376 21.1400 -86.2400 1 731 -17.4900 -98.2000
7.6510773735e-01 -2.6122209601e-01 -2.0524687805e+00
97 128 56
2 0 380 243.7100 -86.3500 1 349 231.8500 -139.4100
5.1429729363e-02 -2.6555406519e-01 -2.0452983102e+00
160 117 119
2 0 384 16.4000 -87.6200 1 734 -23.0300 -98.7500
7.5303590482e-01 -2.6433099936e-01 -2.0512676334e+00
106 136 59
2 0 388 240.0400 -87.3200 1 354 227.0900 -139.9700
-2.3061397784e-01 -2.8538344955e-01 -2.0223814211e+00
46 71 39
2 0 414 -76.0800 -94.6800 1 717 -115.5900 -91.2000
8.0995819569e-01 -2.9299298923e-01 -2.0814613991e+00
107 126 60
2 0 417 253.8100 -94.8500 1 784 246.4400 -150.4200
-1.7491719139e-01 -3.5199309868e-01 -2.0441462840e+00
100 130 97
2 0 454 -57.3600 -115.0300 1 747 -97.3200 -114.2600
1.4280085354e-01 -3.9288897727e-01 -1.9758763142e+00
207 222 117
2 0 499 47.4300 -133.6300 1 377 -3.8600 -153.7800
1.5918759013e-01 -3.9242358549e-01 -1.9771375391e+00
217 236 122
2 0 501 52.8700 -133.4100 1 790 1.8900 -154.5500
1.8527743998e-01 -4.0069490657e-01 -1.9700212270e+00
180 195 84
2 0 508 61.8000 -136.7500 1 396 9.9100 -159.8500
1.9620550648e-01 -4.0154124477e-01 -1.9708622224e+00
183 202 85
2 0 509 65.4100 -136.9500 1 398 13.7500 -160.8000
7.9005595518e-01 -4.8966990881e-01 -1.9689808420e+00
147 146 144
2 0 546 259.5300 -165.0200 1 892 230.1100 -234.3500
1.2395965949e-01 5.6630160532e-01 -2.2702052153e+00
222 232 233
2 0 670 37.2200 168.0000 1 545 48.0000 177.5100
-4.7961943677e-02 5.6524851706e-01 -2.3244214739e+00
168 172 165
2 0 671 -13.4900 164.8200 1 544 -0.9400 177.6300
-4.7061020170e-01 4.7239299224e-01 -2.1696483491e+00
135 119 121
2 0 680 -144.5800 147.0400 1 551 -144.5700 163.6800
1.4554112003e-01 4.1147245391e-01 -2.2904326551e+00
24 28 33
2 0 693 42.7800 121.2600 1 572 50.7700 125.7700
-4.0648859320e-01 3.3432714835e-01 -2.0994912943e+00
230 229 232
2 0 713 -128.8800 106.8700 1 69 -140.3800 120.5500
5.0859370453e-01 2.9283264799e-01 -2.3628662657e+00
215 233 232
2 0 724 143.0600 83.6000 1 967 165.6400 74.9700
6.7237470032e-01 1.2890654052e-01 -2.4954804564e+00
209 213 206
2 0 760 177.8700 35.6200 1 621 211.4700 18.8300
3.0127936028e-01 3.7294994948e-02 -2.0532918707e+00
143 212 120
2 0 776 98.1600 10.2300 1 1007 74.1900 -6.6600
3.0127936028e-01 3.7294994948e-02 -2.0532918707e+00
143 212 120
2 0 777 98.1600 10.2300 1 1008 74.1900 -6.6600
-3.4906917579e-01 2.4283726352e-02 -2.0445509098e+00
212 115 144
2 0 779 -113.7600 7.5300 1 624 -139.9900 16.8700
6.6090125909e-01 8.7083888110e-03 -2.4863305808e+00
192 198 185
2 0 784 175.0300 3.6500 1 1019 203.0400 -17.4500
1.0144527686e-01 -7.3509653379e-02 -2.0728727190e+00
80 20 10
2 0 796 32.7100 -24.9200 1 654 2.7200 -34.8800
9.5229430937e-02 -8.2814189167e-02 -2.0719345314e+00
238 43 41
2 0 799 30.6900 -27.8800 1 658 0.2500 -37.8200
7.7589448630e-02 -8.4563984735e-02 -2.0655983224e+00
238 42 45
2 0 802 25.1100 -28.5300 1 657 -6.2500 -37.8700
-1.0180567365e-02 -1.1830067914e-01 -2.0307623294e+00
217 221 218
2 0 818 -3.2100 -40.2000 1 667 -39.9200 -46.7200
1.3415713163e-01 -1.2920382364e-01 -2.0865223381e+00
219 221 223
2 0 822 42.6800 -42.4000 1 673 12.8300 -54.7300
1.0295770452e-01 -1.4337452597e-01 -2.0735753161e+00
31 29 28
2 0 831 32.9400 -47.2400 1 683 0.8500 -58.6600
1.3853651218e-02 -1.4647865075e-01 -2.0376119385e+00
211 217 212
2 0 835 4.5800 -49.3100 1 679 -32.2200 -57.0900
9.2435738345e-02 -1.5566236572e-01 -2.0660952138e+00
215 215 211
2 0 839 29.6400 -51.3300 1 1061 -3.7400 -62.7700
1.9831041068e-02 -1.6744496014e-01 -2.0418018744e+00
210 210 207
2 0 848 6.3900 -55.8300 1 696 -30.4700 -64.4200
1.1187660489e-02 -1.7611694783e-01 -2.0392319900e+00
13 14 10
2 0 852 3.6200 -58.9000 1 701 -33.8900 -66.8800
-3.5273552188e-01 -2.0272376093e-01 -2.0232435297e+00
202 71 111
2 0 865 -116.1700 -67.2500 1 680 -150.0700 -57.9500
1.4093621934e-01 -2.5255786979e-01 -2.0840869715e+00
178 131 129
2 0 883 44.4500 -81.6000 1 728 10.5000 -96.6000
6.1145347552e-02 -2.7359079301e-01 -2.0457980003e+00
27 23 20
2 0 888 19.5300 -90.2200 1 1091 -20.0700 -101.9300
-3.7292584745e-01 -3.0588589991e-01 -2.0015424613e+00
141 28 56
2 0 897 -123.9800 -102.0800 1 292 -161.9100 -91.5700
-3.2627890218e-01 -3.3171406551e-01 -2.0258962051e+00
57 153 180
2 0 903 -107.2800 -109.4500 1 1088 -144.9400 -100.3900
-3.3583929680e-01 -4.0234549171e-01 -2.0138306185e+00
178 72 110
2 0 928 -111.0100 -133.0200 1 760 -151.2400 -123.3800
1.2368766496e-01 -3.9508439763e-01 -1.9785728542e+00
62 64 28
2 0 929 40.9600 -134.1100 1 1120 -10.1800 -153.0100
-2.2298634621e-01 -4.0906454850e-01 -2.0140996498e+00
51 80 57
2 0 931 -73.9100 -135.4700 1 765 -117.6400 -132.2600
3.8269644409e-02 -4.3600016074e-01 -1.9737707647e+00
41 33 3
2 0 948 12.4700 -148.2100 1 793 -40.8000 -161.4000
3.8269644409e-02 -4.3600016074e-01 -1.9737707647e+00
41 33 3
2 0 949 12.4700 -148.2100 1 794 -40.8000 -161.4000
5.9164668328e-01 -4.8550697333e-01 -1.9070976784e+00
145 150 146
2 0 974 201.9700 -170.1400 1 1196 152.3800 -227.4500
3.2682061742e-01 -5.1273555955e-01 -1.7937634896e+00
153 169 169
2 0 1014 119.3900 -191.7700 1 887 41.7100 -234.4800
2.5819143730e-01 6.6541728879e-01 -2.3788837026e+00
196 207 201
2 0 1082 73.0400 188.5900 1 1229 99.5900 200.6200
-8.7066872515e-02 5.4513941979e-01 -2.3161937253e+00
140 134 124
2 0 1088 -24.8400 159.3600 1 922 -13.9500 172.7100
-8.7066872515e-02 5.4513941979e-01 -2.3161937253e+00
140 134 124
2 0 1089 -24.8400 159.3600 1 923 -13.9500 172.7100
7.0901701244e-02 5.0279715218e-01 -2.2587301137e+00
160 164 162
2 0 1096 21.5700 150.1200 1 933 28.2400 158.3900
-1.1890973743e-01 4.4107974698e-01 -2.3058969159e+00
190 200 196
2 0 1107 -34.4500 129.8900 1 1239 -27.4700 141.1600
1.3759454441e-01 4.2437010435e-01 -2.2967762526e+00
157 173 187
2 0 1109 40.3400 124.8200 1 569 49.1300 129.9000
1.5932058902e-01 4.1034743351e-01 -2.2875296909e+00
187 216 227
2 0 1114 46.9100 120.8600 1 945 54.8700 125.2700
1.9157128268e-01 3.4666854121e-01 -2.2344941375e+00
46 68 33
2 0 1126 57.7500 103.9500 1 954 59.6800 104.9100
4.8214220795e-01 3.1539973106e-01 -2.3858950710e+00
108 108 95
2 0 1134 134.5300 88.7300 1 1463 158.1300 83.4600
3.0002586976e-01 2.8931698036e-01 -2.3216181534e+00
117 16 10
2 0 1136 86.2700 83.9400 1 1268 96.9800 81.4300
-3.2241096191e-01 9.2822372216e-02 -2.0635421836e+00
166 199 201
2 0 1162 -104.0600 29.6400 1 1286 -127.3600 38.9000
-3.4201523496e-01 4.2289945560e-02 -2.0512072653e+00
102 184 198
2 0 1173 -111.1200 13.4500 1 995 -136.3900 22.6200
-4.5547229384e-01 3.7673161472e-02 -1.9886413971e+00
197 130 150
2 0 1174 -152.2500 11.8500 1 993 -180.4600 24.5900
-2.7388536851e-01 2.7221473315e-02 -2.0837305647e+00
131 201 204
2 0 1177 -87.7400 8.6100 1 1299 -111.6100 15.5400
-3.3805746884e-01 2.6437118005e-02 -2.0505187989e+00
116 188 196
2 0 1179 -109.8600 8.1900 1 998 -135.7400 17.3100
-5.8943761502e-02 1.4584130210e-02 -2.1469814542e+00
200 200 183
2 0 1181 -18.4900 4.5500 1 1004 -38.4800 4.0900
-3.4588166527e-01 1.1206839114e-02 -2.0411416787e+00
126 191 195
2 0 1182 -112.9200 3.2900 1 1302 -139.8900 12.2900
1.1707270855e-01 -6.0036203250e-02 -2.0843903774e+00
255 44 41
2 0 1193 37.4300 -20.1300 1 1322 9.4700 -30.8000
8.7780692235e-02 -6.5447569389e-02 -2.0719750449e+00
250 46 39
2 0 1194 28.3300 -22.2300 1 1024 -1.6000 -31.6000
1.1345408654e-02 -7.6100174750e-02 -2.0417883293e+00
213 214 213
2 0 1199 3.9000 -26.1800 1 1028 -30.2500 -32.8500
1.1345408654e-02 -7.6100174750e-02 -2.0417883293e+00
213 214 213
2 0 1200 3.9000 -26.1800 1 1029 -30.2500 -32.8500
-2.9861361495e-01 -9.9160485328e-02 -2.0080552089e+00
56 68 54
2 0 1205 -98.9700 -33.7900 1 1022 -133.5900 -27.3300
-1.3507213531e-03 -1.0922944097e-01 -2.0342062465e+00
30 25 25
2 0 1210 -0.3100 -37.1300 1 1039 -36.3400 -43.9200
1.1268130562e-01 -1.3299802236e-01 -2.0765935038e+00
217 223 222
2 0 1217 36.0200 -43.8200 1 1049 4.7100 -55.5100
1.1458012167e-01 -1.4642785689e-01 -2.0783060342e+00
30 30 22
2 0 1223 36.5300 -48.0100 1 1057 5.0300 -60.0900
1.1458012167e-01 -1.4642785689e-01 -2.0783060342e+00
30 30 22
2 0 1224 36.5300 -48.0100 1 1058 5.0300 -60.0900
2.5581602915e-02 -1.5762905302e-01 -2.0435666788e+00
20 20 17
2 0 1233 8.3100 -52.6900 1 1059 -28.0900 -61.2000
2.5581602915e-02 -1.5762905302e-01 -2.0435666788e+00
20 20 17
2 0 1234 8.3100 -52.6900 1 1060 -28.0900 -61.2000
9.7772574410e-02 -1.8436055979e-01 -2.0650874158e+00
209 211 206
2 0 1238 31.3500 -60.7800 1 1071 -3.1000 -72.6000
2.4305541330e-02 -1.8684063820e-01 -2.0386510840e+00
214 213 211
2 0 1239 7.7400 -62.0100 1 1340 -29.9400 -71.6500
1.3082712199e-01 -2.5323191645e-01 -2.0731299183e+00
169 123 122
2 0 1253 41.5100 -82.3700 1 1085 6.1700 -97.0400
1.6417838056e-01 -2.5870564264e-01 -2.0906086475e+00
70 11 2
2 0 1255 51.6500 -83.3100 1 1086 18.4900 -99.4000
1.6417838056e-01 -2.5870564264e-01 -2.0906086475e+00
70 11 2
2 0 1256 51.6500 -83.3100 1 1087 18.4900 -99.4000
-2.4192883798e-01 -2.8975507598e-01 -2.0175811718e+00
99 160 106
2 0 1264 -79.9200 -96.4800 1 1348 -119.8700 -92.2000
5.0387581316e-01 -3.6024855370e-01 -2.1750306450e+00
131 141 135
2 0 1272 151.7700 -110.6000 1 1118 133.0400 -144.7600
-1.8081912567e-01 -3.3915800789e-01 -2.0412928678e+00
42 59 43
2 0 1273 -59.3000 -111.1600 1 1100 -99.1800 -109.9300
-1.5589561803e-01 -3.6111532792e-01 -2.0516024769e+00
27 26 17
2 0 1279 -51.0300 -117.5600 1 1103 -90.7700 -117.6300
-3.6690205318e-01 -3.9400238938e-01 -2.0040286892e+00
179 81 103
2 0 1287 -121.7400 -130.9400 1 1106 -161.7300 -119.7100
-3.5185941439e-01 -4.0573996046e-01 -2.0041470309e+00
158 32 64
2 0 1291 -116.7100 -134.9600 1 761 -157.5900 -124.1500
1.4061891197e-01 -4.6118095106e-01 -1.9103632578e+00
89 107 91
2 0 1314 48.2700 -161.9200 1 1154 -13.7300 -184.8200
1.4061891197e-01 -4.6118095106e-01 -1.9103632578e+00
89 107 91
2 0 1315 48.2700 -161.9200 1 1155 -13.7300 -184.8200
7.1907134692e-01 -4.8371542522e-01 -1.9465730303e+00
182 187 179
2 0 1317 239.5100 -165.3200 1 1418 202.8400 -230.4700
2.7623339579e-01 -4.8479738274e-01 -1.8296592135e+00
87 106 120
2 0 1336 99.2100 -178.1600 1 1410 26.6600 -214.3400
-2.5271652528e-01 -5.2906211969e-01 -1.7742259727e+00
132 128 125
2 0 1363 -93.0700 -199.8500 1 1397 -169.2600 -195.9300
-1.8808879583e-01 -5.4776556532e-01 -1.7666552589e+00
103 125 123
2 0 1373 -69.4100 -207.6900 1 1173 -149.6400 -208.6400
-1.5749740993e-02 5.7282881227e-01 -2.3424893826e+00
164 164 154
2 0 1416 -4.2400 165.9400 1 1441 10.4100 178.3300
-4.3061527914e-01 3.1101372242e-01 -2.1061543861e+00
159 166 159
2 0 1441 -136.2800 99.4900 1 951 -146.9700 113.1000
6.2575080287e-01 1.4521257346e-01 -2.4794820017e+00
86 73 51
2 0 1476 166.6400 40.6900 1 1293 197.6700 24.8600
6.2575080287e-01 1.4521257346e-01 -2.4794820017e+00
86 73 51
2 0 1477 166.6400 40.6900 1 1294 197.6700 24.8600
-9.6464099676e-02 1.1573443802e-01 -2.1956327851e+00
161 188 205
2 0 1481 -29.4800 35.6200 1 1287 -41.7600 39.2700
-3.1584339563e-01 6.7466129656e-02 -2.0659526042e+00
159 178 198
2 0 1492 -101.9300 21.6600 1 1291 -125.6700 30.0600
6.3695352691e-01 7.3534983902e-02 -2.4933763589e+00
196 200 189
2 0 1493 168.5100 20.9400 1 1305 198.1600 3.3500
-3.7842728551e-01 -3.0224315840e-02 -2.0227322479e+00
202 109 126
2 0 1509 -124.6000 -10.4800 1 1307 -153.5500 -0.4500
4.9948891060e-02 -1.0527266526e-01 -2.0554170241e+00
36 33 33
2 0 1520 16.2500 -35.3900 1 1332 -17.0900 -44.0600
4.9948891060e-02 -1.0527266526e-01 -2.0554170241e+00
36 33 33
2 0 1521 16.2500 -35.3900 1 1333 -17.0900 -44.0600
2.3281824079e-02 -1.0934066875e-01 -2.0443162207e+00
32 30 30
2 0 1524 7.6500 -36.8500 1 1505 -27.1400 -44.7700
4.4888595191e-02 -1.5018664395e-01 -2.0485645991e+00
37 31 34
2 0 1533 14.5900 -50.2200 1 1339 -20.9900 -59.3200
-2.4088041896e-01 -2.5280293280e-01 -2.0233912427e+00
46 38 37
2 0 1545 -79.3300 -84.1800 1 1520 -117.7600 -79.7500
9.6350189907e-02 -4.4326989129e-01 -1.9513741131e+00
99 111 99
2 0 1579 32.4800 -152.9300 1 1375 -24.1100 -169.9200
1.9596996714e-01 -4.4788672004e-01 -1.9196276181e+00
43 57 57
2 0 1583 67.1200 -156.8700 1 1544 7.1400 -182.7300
7.9042824084e-02 -4.6863986232e-01 -1.8867177368e+00
59 64 66
2 0 1593 27.5800 -166.9200 1 1545 -38.1800 -185.6600
5.0017770970e-01 -4.7888516280e-01 -1.9146258141e+00
147 150 142
2 0 1595 170.2900 -166.8000 1 1679 117.6800 -217.5200
4.6873956526e-01 -4.9332718484e-01 -1.8886421449e+00
144 147 137
2 0 1603 162.0400 -174.7900 1 1568 103.6800 -223.7100
1.7195446340e-01 6.1989006794e-01 -2.3141196219e+00
221 234 235
2 0 1653 50.3400 180.4900 1 1585 67.7300 191.5700
1.0716593220e-01 5.8006875565e-01 -2.2777077340e+00
164 169 167
2 0 1655 32.1400 171.7200 1 1440 43.6600 181.8500
1.1286998218e-01 5.4906664737e-01 -2.2743773075e+00
213 227 227
2 0 1660 33.8800 162.4600 1 1589 44.1300 172.0900
-1.7846540167e-01 4.9019684938e-01 -2.2819143267e+00
140 139 132
2 0 1663 -52.1700 145.8300 1 1592 -45.8200 158.5500
-4.5371005333e-01 4.6042505345e-01 -2.1733879214e+00
174 173 168
2 0 1664 -139.1300 142.8400 1 1448 -139.6100 159.6800
-1.8180605764e-01 4.6156225790e-01 -2.2807439763e+00
187 191 184
2 0 1667 -53.3300 137.8800 1 1594 -47.7100 149.3000
-1.3018233528e-02 1.6686487479e-01 -2.2453498679e+00
237 110 160
2 0 1689 -4.0500 50.4700 1 1610 -9.9300 52.8400
-3.4379749292e-01 5.6677674934e-02 -2.0519800733e+00
109 186 196
2 0 1696 -111.6900 18.3100 1 1482 -136.4000 27.2800
-3.0145784184e-01 2.3824679658e-02 -2.0695729669e+00
155 178 190
2 0 1701 -97.1900 7.5500 1 1492 -121.9900 15.1900
-2.3101038739e-01 -2.9929027109e-03 -2.0534661966e+00
89 100 87
2 0 1704 -74.9100 -1.6300 1 1495 -103.6600 3.2500
-4.1258989765e-01 -3.7073842202e-02 -2.0037424322e+00
115 179 189
2 0 1707 -137.0300 -12.9400 1 1497 -166.9700 -1.8100
-2.2598856281e-01 -4.8964088900e-02 -2.0534514422e+00
90 99 85
2 0 1709 -73.3500 -16.5600 1 1501 -103.4000 -12.2400
-3.6771643259e-02 -1.0375490607e-01 -2.0222810913e+00
209 209 207
2 0 1715 -11.8700 -35.7600 1 1640 -49.1500 -40.7000
-1.9584664764e-02 -2.1893442336e-01 -2.0222458468e+00
214 186 42
2 0 1729 -6.5600 -73.3600 1 1521 -47.1900 -80.9100
1.1485897701e-01 -4.6573848178e-01 -1.8866715194e+00
180 136 67
2 0 1752 40.0300 -165.8100 1 1675 -25.5400 -187.4100
-2.0650804448e-01 4.7543176065e-01 -2.2652518949e+00
187 192 186
2 0 1790 -60.7300 141.9600 1 1693 -56.3100 155.6400
-2.0650804448e-01 4.7543176065e-01 -2.2652518949e+00
187 192 186
2 0 1791 -60.7300 141.9600 1 1694 -56.3100 155.6400
-4.3090357164e-01 7.7461700512e-02 -1.9968526458e+00
178 158 168
2 0 1823 -143.6000 25.7000 1 1623 -170.6900 36.5000
-2.2016477774e-01 -2.5602674693e-02 -2.0594824509e+00
93 105 97
2 0 1831 -71.2400 -8.9100 1 1633 -100.1300 -4.5600
-1.9745380690e-01 -3.7269085597e-01 -2.0305603817e+00
41 45 38
2 0 1845 -65.0400 -122.5900 1 1654 -106.6100 -120.6700
-1.9831226346e-01 -4.0051633684e-01 -2.0257053229e+00
74 154 106
2 0 1849 -65.4600 -131.9500 1 1657 -108.2800 -129.9300
1.0175486158e-01 -3.9454851136e-01 -1.9622176880e+00
232 233 78
2 0 1852 34.0400 -135.2800 1 1747 -19.3300 -153.0000
1.8616399946e-01 5.4909078400e-01 -2.4059903752e+00
204 218 219
2 0 1878 52.0000 154.1100 1 1762 74.5000 164.4900
-1.0942011225e-01 5.0920349961e-01 -2.3140640229e+00
174 174 166
2 0 1880 -31.5300 149.6200 1 1690 -21.7800 161.5400
-2.7640266106e-01 3.9311771888e-01 -2.2242718819e+00
183 180 173
2 0 1887 -83.0400 119.9200 1 1697 -83.7300 132.2900
-1.0235148190e-01 3.2332383362e-01 -2.3144079876e+00
229 240 238
2 0 1889 -29.8900 95.5800 1 1768 -25.3200 103.6500
-3.8155559404e-01 2.5851868143e-01 -2.1097008134e+00
229 233 237
2 0 1891 -120.7300 83.0500 1 1703 -133.4700 94.1700
-3.3229650962e-03 -1.3787958640e-02 -2.0439314341e+00
194 126 80
2 0 1911 -0.6900 -5.9500 1 1780 -32.8000 -10.5600
-1.3777322199e-02 -4.8645343095e-02 -2.0391197490e+00
216 221 216
2 0 1915 -4.2600 -17.1300 1 1729 -37.8700 -22.4500
-3.4663646146e-02 -5.0709286129e-02 -2.0141454741e+00
213 213 208
2 0 1917 -11.1100 -18.2500 1 1728 -47.6700 -23.1400
-2.7136985187e-01 -5.9466708971e-02 -2.0147305668e+00
78 91 73
2 0 1918 -89.5500 -20.8000 1 1727 -123.2300 -14.8500
7.4794412269e-02 -1.7480228888e-01 -2.0516598843e+00
218 217 213
2 0 1927 24.2000 -58.1800 1 1736 -11.6600 -68.9900
-1.9964380553e-01 -2.4250477572e-01 -2.0466892038e+00
111 168 110
2 0 1930 -65.1900 -79.6300 1 1738 -101.5900 -77.2600
2.9592570386e-01 -3.9845895101e-01 -1.9872924028e+00
242 253 117
2 0 1936 97.8400 -134.8000 1 1796 50.1400 -164.4900
-5.9800945653e-02 -5.5575064293e-01 -1.7409946388e+00
15 23 19
2 0 1941 -21.9300 -214.1000 1 1757 -110.0600 -225.7800
-7.0759451968e-02 5.2023770631e-01 -2.3292342822e+00
147 143 136
2 0 1949 -20.1700 151.6600 1 1761 -8.7000 163.7200
-1.4170672369e-01 4.2874809801e-01 -2.2865136390e+00
187 191 182
2 0 1954 -41.3900 127.2800 1 1805 -36.4300 138.4700
-1.4170672369e-01 4.2874809801e-01 -2.2865136390e+00
187 191 182
2 0 1955 -41.3900 127.2800 1 1806 -36.4300 138.4700
2.2484255250e-01 5.1043595196e-01 -2.4043253996e+00
39 35 26
2 0 1993 62.5900 143.9100 1 1801 85.0000 151.1200
-8.5003592967e-02 4.5417352919e-01 -2.3130659500e+00
180 184 180
2 0 1995 -24.5400 133.4800 1 1803 -16.3800 144.0300
-4.2839930466e-01 2.6929608099e-01 -2.1170093913e+00
71 48 36
2 0 1999 -134.9800 85.6800 1 1769 -145.8000 99.4900
-2.2062534219e-01 -1.3974367571e-01 -2.0428992742e+00
98 182 125
2 0 2016 -72.0000 -46.4700 1 1825 -105.7500 -42.7500
-2.2930859083e-01 -2.0389066320e-01 -2.0278613851e+00
43 42 39
2 0 2017 -75.3400 -68.0300 1 1826 -112.2900 -64.0800
-2.2930859083e-01 -2.0389066320e-01 -2.0278613851e+00
43 42 39
2 0 2018 -75.3400 -68.0300 1 1827 -112.2900 -64.0800
-2.2223188061e-01 -3.4052876944e-01 -2.0265395217e+00
95 168 112
2 0 2019 -73.2500 -112.3500 1 1832 -113.8700 -109.2500
-2.2223188061e-01 -3.4052876944e-01 -2.0265395217e+00
95 168 112
2 0 2020 -73.2500 -112.3500 1 1831 -113.8700 -109.2500
-3.1767853928e-01 -3.9670481764e-01 -2.0258635277e+00
65 151 172
2 0 2022 -104.5900 -130.1000 1 1788 -143.8500 -121.9400
1.8394463463e-02 -3.9649988526e-01 -1.9773219793e+00
232 235 82
2 0 2024 5.6900 -134.2900 1 1836 -45.5900 -147.0300
-7.9043540076e-02 3.7999054890e-01 -2.2957568575e+00
105 96 79
2 0 2030 -22.9700 112.1500 1 1843 -18.5500 121.6600
3.4173620089e-02 -2.4169108455e-01 -2.0527415084e+00
18 16 16
2 0 2050 10.7300 -79.3600 1 1884 -27.0600 -89.4400
-3.4101840758e-01 3.0027787961e-01 -2.1277400632e+00
230 236 236
2 0 2077 -106.8600 95.1700 1 1891 -117.9000 106.7600
-4.3947263023e-01 1.5578314957e-01 -2.0080262179e+00
189 209 166
2 0 2078 -145.4200 50.9700 1 1893 -169.5100 63.9400
4.4560120410e-01 4.4950600107e-01 -2.3851393103e+00
160 168 154
2 2 45 213.0800 188.0700 1 63 151.5700 127.0900
5.0645362529e-01 2.3303193922e-01 -2.3578949372e+00
195 205 201
2 2 88 239.1000 134.0000 1 119 162.6000 56.0600
5.7881700881e-01 2.2761828672e-01 -2.4649005754e+00
177 178 172
2 2 105 263.3400 117.8000 1 122 186.0500 52.0800
2.3046481535e-01 1.0492376837e-01 -2.3813887907e+00
86 71 19
2 2 141 148.8300 83.3300 1 614 71.7000 25.9400
6.4234291611e-02 -5.6356785131e-02 -2.0668944518e+00
95 106 106
2 2 157 72.6400 72.4100 1 223 -9.6500 -27.5800
4.1905616564e-02 -1.3757415307e-01 -2.0498372994e+00
214 219 216
2 2 190 62.3900 45.1500 1 252 -21.4300 -54.9000
1.3385591433e-01 -1.3917453845e-01 -2.0865464789e+00
99 106 109
2 2 195 100.7400 42.0800 1 253 12.5400 -58.1500
1.3871633322e-01 -1.4751543373e-01 -2.0865769083e+00
220 220 224
2 2 199 102.7700 39.1700 1 260 13.7400 -61.1800
3.1190482111e-02 -1.7240483174e-01 -2.0411533820e+00
52 53 54
2 2 206 57.3700 33.2500 1 266 -27.1000 -66.6200
1.5822137332e-02 -1.8320109046e-01 -2.0371481943e+00
207 207 209
2 2 210 50.9100 29.3500 1 274 -32.8600 -69.7100
-9.0796686619e-02 1.7700970247e-01 -3.0835413213e+00
72 71 82
2 2 221 89.2200 18.9700 1 971 27.2200 58.5000
1.7786657663e-01 1.1680042901e-01 -2.3998217507e+00
27 26 8
2 2 588 132.1400 82.7100 1 610 57.3200 31.6600
-3.7862109722e-01 -2.3100702789e-01 -2.0051992436e+00
207 125 137
2 2 654 -99.0400 5.2200 1 700 -161.2700 -66.7300
1.2024722301e-02 -2.7080041666e-01 -2.0313535458e+00
156 113 114
2 2 666 48.3200 -3.2000 1 299 -37.6400 -99.3200
-4.2590092583e-01 3.0088630039e-02 -2.0004255901e+00
215 114 146
2 2 900 -106.9900 93.9000 1 997 -169.7500 21.0100
7.4486206927e-02 -1.5745955590e-01 -2.0620897224e+00
221 221 221
2 2 963 76.0000 37.0900 1 689 -10.1500 -62.6100
1.0366821830e-01 -1.6902227736e-01 -2.0721006439e+00
83 81 88
2 2 971 88.1300 32.2800 1 1064 0.0600 -67.4400
1.0366821830e-01 -1.6902227736e-01 -2.0721006439e+00
83 81 88
2 2 972 88.1300 32.2800 1 1065 0.0600 -67.4400
1.3186924846e-01 -1.7971770328e-01 -2.0830161059e+00
219 224 224
2 2 978 99.7600 27.6400 1 1070 10.2500 -71.9000
-3.9049102815e-01 -2.2292617461e-01 -2.0035076168e+00
159 42 71
2 2 990 -103.1400 8.0400 1 691 -164.8500 -63.6000
2.8763304279e-02 -2.7885583709e-01 -2.0354537893e+00
49 43 41
2 2 1014 55.2200 -6.4100 1 1094 -31.9100 -102.6700
1.8974837320e-02 -2.8104026533e-01 -2.0317027841e+00
49 38 34
2 2 1018 51.1800 -7.0500 1 738 -35.8400 -103.0800
-4.1136730672e-01 1.0297555315e-02 -2.0083055051e+00
121 186 192
2 2 1192 -101.6100 86.7700 1 1000 -164.6600 14.0100
-4.1136730672e-01 1.0297555315e-02 -2.0083055051e+00
121 186 192
2 2 1193 -101.6100 86.7700 1 1001 -164.6600 14.0100
1.4539343414e-01 -1.3643117430e-01 -2.0873931708e+00
112 97 105
2 2 1219 105.4000 43.3000 1 1338 16.4000 -57.7400
1.5117936628e-01 -1.6787689458e-01 -2.0846707868e+00
104 60 64
2 2 1224 107.7400 32.3200 1 1066 16.8400 -68.7600
1.3565362894e-01 -1.7901932799e-01 -2.0809732543e+00
207 205 207
2 2 1421 101.5300 28.2500 1 1341 10.8600 -71.8900
3.8821430149e-02 -1.2705165964e-01 -2.0500195064e+00
135 139 139
2 2 1549 61.2400 48.8600 1 1642 -22.0500 -51.1700
-3.7696378369e-01 -2.0199966444e-01 -2.0073370588e+00
112 181 187
2 2 1553 -97.1900 15.4000 1 1509 -159.7400 -57.2900
