# Bundle file v0.3
3 129
5.6410738978e+02 -2.6471907810e-02 -2.0579545123e-02
9.9956203928e-01 -7.9726179841e-04 2.9581987814e-02
1.1257870795e-03 9.9993786375e-01 -1.1090592406e-02
-2.9571307594e-02 1.1119038182e-02 9.9950082779e-01
1.9121557222e-01 6.2931400702e-02 1.8872343565e+00
7.2950865086e+02 -1.0126937315e-01 -1.5203464255e-02
9.0049674883e-01 -1.1432723182e-01 4.1956511940e-01
3.8600699448e-01 6.5446065024e-01 -6.5013833720e-01
-2.0026034447e-01 7.4740252967e-01 6.3347079892e-01
9.4553917882e-01 -1.1885469497e+00 1.1886969345e+00
6.1108968001e+02 -1.6594612945e-02 2.0467289814e-02
9.4766582530e-01 -2.6063408508e-01 1.8438914624e-01
1.6006444388e-01 8.8758150270e-01 4.3194727672e-01
-2.7624057877e-01 -3.7982752633e-01 8.8284890717e-01
4.6719650112e-01 9.5534258849e-01 1.6016741882e+00
-1.5422213643e-01 -7.9828957175e-02 -1.9867886152e+00
122 170 178
3 0 121 -128.7400 29.1600 2 866 -188.1200 12.5800 1 1010 -131.0000 -63.3900
-1.5422213643e-01 -7.9828957175e-02 -1.9867886152e+00
122 170 178
3 0 122 -128.7400 29.1600 2 867 -188.1200 12.5800 1 1011 -131.0000 -63.3900
-1.4141883233e-01 -8.7639438673e-02 -1.9775980248e+00
36 37 39
2 0 170 -56.1600 -19.1400 2 599 -73.2700 5.9300
-1.4141883233e-01 -8.7639438673e-02 -1.9775980248e+00
36 37 39
2 0 171 -56.1600 -19.1400 2 600 -73.2700 5.9300
-1.3726879973e-01 -8.9084459395e-02 -1.9763836995e+00
56 15 14
2 0 181 -29.3800 -28.8900 2 602 -34.7800 5.1100
-1.5638363338e-01 -8.9732624605e-02 -1.9865489513e+00
135 194 196
3 0 182 -141.5000 -29.5200 2 946 -194.5200 -60.3200 1 1074 -127.7600 -110.9200
-1.3655229761e-01 -8.9278383376e-02 -1.9761680731e+00
121 12 10
2 0 183 -24.5200 -30.3200 2 601 -28.3300 5.4500
-1.3573912996e-01 -8.9350510007e-02 -1.9759624732e+00
84 6 3
2 0 185 -18.8500 -31.0200 2 598 -21.4700 6.8400
-1.3432547817e-01 -8.9513505341e-02 -1.9755272525e+00
111 5 2
2 0 189 -9.6300 -32.1500 2 596 -8.7600 9.1000
-1.3432547817e-01 -8.9513505341e-02 -1.9755272525e+00
111 5 2
2 0 190 -9.6300 -32.1500 2 595 -8.7600 9.1000
-1.4122346064e-01 -8.9935890545e-02 -1.9773989544e+00
206 207 202
3 0 191 -54.8800 -34.1600 2 610 -67.1700 -10.5700 1 452 -7.1600 -115.6300
-1.3552170994e-01 -9.0669382412e-02 -1.9759075940e+00
205 214 205
2 0 198 -17.6400 -39.6800 2 882 -16.5800 -2.7600
-1.4141679367e-01 -9.1376099832e-02 -1.9772842494e+00
209 208 204
2 0 201 -56.1100 -43.8100 2 909 -66.1500 -21.5800
-1.3978451753e-01 -9.1581324749e-02 -1.9768550073e+00
213 214 206
2 0 202 -45.5600 -45.3600 2 619 -51.5100 -19.2900
-1.4047687847e-01 -9.2406048822e-02 -1.9770552262e+00
210 208 199
2 0 208 -49.9700 -50.7100 2 926 -55.9900 -27.4900
-1.3963503640e-01 -9.2454211254e-02 -1.9768702108e+00
211 214 206
2 0 209 -44.6200 -51.0600 2 924 -48.4600 -26.0000
-1.3868292969e-01 -9.2546286517e-02 -1.9766161067e+00
207 209 201
2 0 210 -38.4300 -51.8000 2 921 -39.9300 -24.4300
-1.3793750455e-01 -9.2623046222e-02 -1.9763391911e+00
196 199 195
2 0 214 -33.5500 -52.4800 2 623 -33.1700 -22.9600
-1.3793750455e-01 -9.2623046222e-02 -1.9763391911e+00
196 199 195
2 0 215 -33.5500 -52.4800 2 624 -33.1700 -22.9600
-1.3497605847e-01 -9.2987851554e-02 -1.9755659644e+00
204 205 201
2 0 219 -13.9000 -55.3700 2 617 -6.5300 -18.7300
-1.3497605847e-01 -9.2987851554e-02 -1.9755659644e+00
204 205 201
2 0 220 -13.9000 -55.3700 2 618 -6.5300 -18.7300
-1.3928386923e-01 -9.3418341857e-02 -1.9765249802e+00
13 15 11
2 0 224 -42.1900 -57.7600 2 930 -43.3200 -31.9000
-1.3928386923e-01 -9.3418341857e-02 -1.9765249802e+00
13 15 11
2 0 225 -42.1900 -57.7600 2 931 -43.3200 -31.9000
-1.5067362667e-01 -9.4807201303e-02 -1.9831900638e+00
27 64 29
2 0 236 -110.4400 -61.8800 2 670 -141.4300 -81.5100
-1.3813904092e-01 -9.4027430423e-02 -1.9763104815e+00
212 212 209
2 0 238 -34.7100 -61.8900 2 932 -32.0100 -34.3000
-1.3516199790e-01 -9.4419826998e-02 -1.9755534104e+00
225 221 218
2 0 244 -15.0700 -64.9700 2 628 -4.8800 -30.3100
-1.5167665920e-01 -9.5462251171e-02 -1.9832085848e+00
110 164 110
2 0 247 -116.6500 -65.8800 2 962 -149.1100 -88.5400
-1.4253207624e-01 -9.7184205612e-02 -1.9771957968e+00
32 26 11
3 0 261 -63.1900 -81.7600 2 1153 -64.4800 -70.3700 1 543 -8.5000 -146.3700
-1.4253207624e-01 -9.7184205612e-02 -1.9771957968e+00
32 26 11
3 0 262 -63.1900 -81.7600 2 1154 -64.4800 -70.3700 1 544 -8.5000 -146.3700
-1.3962837677e-01 -9.7066469625e-02 -1.9765757833e+00
171 139 128
2 0 263 -44.3700 -81.8100 2 661 -38.7200 -62.3900
-1.3840791849e-01 -9.7230781896e-02 -1.9762019153e+00
188 145 143
2 0 266 -36.4100 -83.2300 2 947 -27.3100 -60.5500
-1.3554710536e-01 -9.7587489756e-02 -1.9754775122e+00
183 142 138
2 0 269 -17.4300 -86.2800 2 941 -0.8600 -56.4500
-1.3509548203e-01 -9.7689080017e-02 -1.9754658298e+00
84 4 0
2 0 273 -14.5700 -86.8600 2 651 3.3800 -56.5400
-1.3509548203e-01 -9.7689080017e-02 -1.9754658298e+00
84 4 0
2 0 274 -14.5700 -86.8600 2 650 3.3800 -56.5400
-1.1520528397e-01 -1.0809426998e-01 -1.9596484952e+00
99 133 48
2 0 429 146.6300 -190.2400 2 948 273.4200 -60.6400
-1.4528485780e-01 -7.0919058621e-02 -1.9860519166e+00
63 170 200
2 0 611 -75.5700 82.7900 2 824 -131.5900 81.3600
-1.5597297861e-01 -8.0092849849e-02 -1.9870888655e+00
153 152 169
3 0 645 -138.8200 27.7000 2 871 -201.3700 7.5700 1 1466 -143.2500 -68.2300
-1.5310037712e-01 -8.2023131940e-02 -1.9864795156e+00
194 94 105
2 0 650 -121.8200 16.3800 2 1118 -177.1800 -0.1000
-1.5370604457e-01 -8.3641540735e-02 -1.9865548118e+00
201 64 113
3 0 654 -125.7700 6.9500 2 889 -179.7500 -12.4800 1 1030 -120.3000 -79.3700
-1.5381336453e-01 -8.4534800789e-02 -1.9864367968e+00
201 66 108
2 0 663 -126.3500 1.5300 2 900 -179.7800 -18.4800
-1.0218322792e-01 -8.8053138891e-02 -1.9752763286e+00
217 222 215
2 0 682 203.2700 -22.1800 2 834 220.0500 57.7600
-1.3974507118e-01 -8.8378184612e-02 -1.9769953809e+00
211 215 209
2 0 684 -45.3400 -24.1800 2 875 -57.5300 4.8800
-1.3812793627e-01 -8.8554491353e-02 -1.9766135244e+00
212 215 209
2 0 685 -34.7500 -25.4600 2 872 -43.4300 7.1600
-1.3812793627e-01 -8.8554491353e-02 -1.9766135244e+00
212 215 209
2 0 686 -34.7500 -25.4600 2 873 -43.4300 7.1600
-1.3689649019e-01 -8.9489415593e-02 -1.9763736107e+00
233 37 33
3 0 689 -26.9800 -32.1500 2 878 -31.0500 2.9000 1 427 23.3200 -106.2400
-1.4035474425e-01 -9.0078931843e-02 -1.9771757610e+00
215 218 207
2 0 696 -49.2800 -35.2900 2 886 -59.5000 -9.6000
-1.3509379830e-01 -9.0342430614e-02 -1.9757101603e+00
27 18 24
2 0 697 -14.7300 -37.6300 2 879 -13.5400 1.0800
-1.3660205095e-01 -9.0549252110e-02 -1.9761427054e+00
210 214 207
2 0 699 -24.7800 -38.8000 2 883 -26.1000 -4.2000
-1.3659485669e-01 -9.0550925832e-02 -1.9761301668e+00
210 214 207
3 0 700 -24.7800 -38.8000 2 884 -26.1000 -4.2000 1 1076 26.6800 -110.9400
-1.3473731116e-01 -9.0796261845e-02 -1.9756435253e+00
217 218 216
3 0 702 -12.3800 -40.5800 2 881 -9.5300 -1.7300 1 1068 39.9100 -109.0400
-1.4051621571e-01 -9.1435982839e-02 -1.9770898402e+00
212 215 209
2 0 705 -50.3400 -44.2600 2 902 -58.1700 -20.0600
-1.4051621571e-01 -9.1435982839e-02 -1.9770898402e+00
212 215 209
2 0 706 -50.3400 -44.2600 2 903 -58.1700 -20.0600
-1.4095626275e-01 -9.1697603432e-02 -1.9771997712e+00
16 16 20
2 0 709 -53.2100 -45.9100 2 913 -61.4700 -23.1500
-1.4095626275e-01 -9.1697603432e-02 -1.9771997712e+00
16 16 20
2 0 710 -53.2100 -45.9100 2 914 -61.4700 -23.1500
-1.5424486359e-01 -9.2769821119e-02 -1.9860986690e+00
44 154 188
2 0 712 -129.1500 -47.6400 2 956 -173.5100 -79.0800
-1.4010064767e-01 -9.2064732336e-02 -1.9769822393e+00
17 17 27
2 0 714 -47.6500 -48.4400 2 918 -53.3000 -24.0100
-1.4010064767e-01 -9.2064732336e-02 -1.9769822393e+00
17 17 27
2 0 715 -47.6500 -48.4400 2 919 -53.3000 -24.0100
-1.3830299151e-01 -9.2207475868e-02 -1.9764632727e+00
34 33 42
2 0 719 -35.8900 -49.6900 2 906 -37.3100 -20.6500
-1.3493049700e-01 -9.2130911530e-02 -1.9755618529e+00
214 218 216
2 0 720 -13.5200 -49.7000 2 888 -8.1300 -11.9200
-1.3651007394e-01 -9.2384183237e-02 -1.9759485264e+00
12 11 19
2 0 722 -24.2600 -51.0500 2 898 -21.0900 -17.6300
-1.3651007394e-01 -9.2384183237e-02 -1.9759485264e+00
12 11 19
2 0 723 -24.2600 -51.0500 2 899 -21.0900 -17.6300
-1.3539245064e-01 -9.2406810182e-02 -1.9757227602e+00
24 23 28
3 0 724 -16.8800 -51.4900 2 893 -11.7100 -15.3700 1 457 36.7400 -116.3600
-1.3542215375e-01 -9.2417387340e-02 -1.9756962899e+00
24 23 28
2 0 725 -16.8800 -51.4900 2 894 -11.7100 -15.3700
-1.3715704610e-01 -9.2793395834e-02 -1.9762060530e+00
208 214 203
2 0 727 -28.1900 -53.7900 2 912 -26.2500 -22.6300
-1.3552674711e-01 -9.2977506127e-02 -1.9756653430e+00
217 222 218
3 0 730 -17.2300 -55.1900 2 904 -11.5500 -19.8800 1 469 36.0400 -119.4200
-1.3728784945e-01 -9.4084500294e-02 -1.9760516837e+00
209 210 207
3 0 739 -29.2500 -62.4200 2 1144 -24.3500 -32.6100 1 1107 24.7700 -126.3400
-1.3672868839e-01 -9.7501082400e-02 -1.9754960654e+00
181 143 141
3 0 753 -25.3300 -85.1900 2 944 -11.5700 -58.2100 1 526 32.3100 -139.6900
-1.3672340117e-01 -9.7464204419e-02 -1.9757326414e+00
181 143 141
2 0 754 -25.3300 -85.1900 2 945 -11.5700 -58.2100
-1.3617391120e-01 -9.7504574203e-02 -1.9756297318e+00
163 123 123
2 0 755 -21.6200 -85.5800 2 942 -6.6500 -57.2900
-1.2086969744e-01 -6.3599855458e-02 -1.9814847207e+00
183 186 181
2 0 999 73.5100 131.9700 2 1045 26.3500 160.1000
-1.4934352250e-01 -8.6487060476e-02 -1.9836150698e+00
58 107 77
2 0 1068 -102.1300 -10.5700 2 1134 -142.0500 -17.3400
-1.3418260492e-01 -8.8581880917e-02 -1.9756257226e+00
54 17 6
2 0 1074 -8.7700 -25.8400 2 1111 -9.7000 15.8900
-1.3894871909e-01 -8.9133528456e-02 -1.9769339673e+00
208 212 206
3 0 1078 -40.5200 -29.6300 2 1117 -49.2400 0.7600 1 1065 8.2300 -107.9500
-1.4074254701e-01 -8.9647923667e-02 -1.9772851958e+00
22 22 28
2 0 1080 -51.7100 -32.4600 2 1125 -63.7400 -7.2100
-1.5359620128e-01 -9.0674288410e-02 -1.9858617960e+00
117 175 174
3 0 1083 -125.0200 -34.5000 2 1323 -170.7500 -61.7600 1 1792 -106.9400 -110.4900
-1.3902770869e-01 -9.0362887454e-02 -1.9767957199e+00
211 211 202
2 0 1085 -40.7500 -37.2700 2 1126 -47.3900 -8.5600
-1.3902770869e-01 -9.0362887454e-02 -1.9767957199e+00
211 211 202
2 0 1086 -40.7500 -37.2700 2 1127 -47.3900 -8.5600
-1.3776131673e-01 -9.0502092866e-02 -1.9765325240e+00
216 223 214
2 0 1088 -32.6000 -38.2100 2 1123 -36.1300 -6.9300
-1.3617022948e-01 -9.1396393565e-02 -1.9758878160e+00
25 25 29
2 0 1092 -21.8500 -44.6000 2 1128 -20.4400 -9.1800
-1.3617022948e-01 -9.1396393565e-02 -1.9758878160e+00
25 25 29
2 0 1093 -21.8500 -44.6000 2 1129 -20.4400 -9.1800
-1.3918423616e-01 -9.1965743401e-02 -1.9767622918e+00
27 24 34
2 0 1099 -41.8600 -47.8100 2 1315 -45.3800 -21.1500
-1.3590092750e-01 -9.2034652812e-02 -1.9757857022e+00
221 222 219
2 0 1102 -20.1000 -48.8800 2 1130 -16.6400 -13.4000
-1.3602315273e-01 -9.2642650117e-02 -1.9758754347e+00
29 24 31
2 0 1104 -20.8300 -52.9100 2 1135 -16.5200 -18.6400
-1.3602315273e-01 -9.2642650117e-02 -1.9758754347e+00
29 24 31
2 0 1105 -20.8300 -52.9100 2 1136 -16.5200 -18.6400
-1.3455993243e-01 -9.2619558128e-02 -1.9754848035e+00
42 12 12
2 0 1106 -11.1500 -52.9400 2 1131 -3.7500 -14.9500
-1.5053503962e-01 -9.4104525302e-02 -1.9829339845e+00
96 160 105
2 0 1112 -110.3100 -57.5400 2 1327 -140.9800 -75.0700
-1.5123188188e-01 -9.4877807888e-02 -1.9831475074e+00
97 160 105
2 0 1115 -114.0300 -62.3100 2 1163 -146.0800 -82.9200
-1.3557412888e-01 -9.4310520289e-02 -1.9756806792e+00
209 213 207
2 0 1118 -17.4300 -64.3700 2 1142 -9.1100 -30.4100
-1.3111444838e-01 -6.1443682103e-02 -1.9874167078e+00
195 198 191
2 0 1296 9.0900 136.8100 2 1237 -49.8000 139.8900
-1.5445142993e-01 -7.6624378699e-02 -1.9870670103e+00
181 142 152
3 0 1341 -129.8900 48.0200 2 1282 -193.3300 32.6500 1 1928 -139.0800 -48.2700
-1.5479625722e-01 -8.0472204624e-02 -1.9867761887e+00
108 181 185
3 0 1353 -132.0300 25.8000 2 1296 -191.9300 7.3000 1 1934 -133.7500 -68.1300
-1.5482104805e-01 -8.1887399913e-02 -1.9867636667e+00
114 177 184
3 0 1362 -132.1700 16.9900 2 1301 -190.6600 -2.1600 1 1935 -131.3200 -74.1200
-1.3777966023e-01 -8.8662773696e-02 -1.9764650764e+00
213 217 212
2 0 1380 -32.7700 -26.0700 2 1297 -39.9300 7.3000
-1.4077974815e-01 -8.8825278908e-02 -1.9774252864e+00
211 216 206
3 0 1382 -52.5300 -27.2900 2 1300 -65.8000 -1.4200 1 1501 -4.7100 -109.4700
-1.5518637686e-01 -8.9555216938e-02 -1.9862848846e+00
133 163 169
3 0 1383 -134.3700 -28.4800 2 1322 -185.1900 -56.4900 1 1942 -119.7100 -108.2500
-1.3962600190e-01 -8.9927048140e-02 -1.9770392850e+00
28 26 33
2 0 1385 -44.4800 -34.3700 2 1306 -53.6100 -6.9000
-1.3840557744e-01 -9.0104711502e-02 -1.9766143087e+00
29 27 33
2 0 1388 -36.6000 -35.6900 2 1304 -42.6000 -5.0200
-1.3840557744e-01 -9.0104711502e-02 -1.9766143087e+00
29 27 33
2 0 1389 -36.6000 -35.6900 2 1305 -42.6000 -5.0200
-1.4009687190e-01 -9.0803375851e-02 -1.9770602756e+00
25 23 25
2 0 1390 -47.6200 -40.1000 2 1310 -55.8200 -14.4200
-1.4008461308e-01 -9.0798206890e-02 -1.9770742896e+00
25 23 25
3 0 1391 -47.6200 -40.1000 2 1311 -55.8200 -14.4200 1 1512 2.0000 -117.0800
-1.4180398553e-01 -9.1911750560e-02 -1.9774209682e+00
25 26 27
3 0 1393 -58.4500 -47.1900 2 1316 -68.5300 -26.8600 1 1522 -9.2000 -124.5500
-1.3748276654e-01 -9.2103183278e-02 -1.9762754205e+00
24 23 27
3 0 1397 -30.6400 -49.1900 2 1313 -30.4200 -17.9300 1 1516 21.6100 -118.5000
-1.4268255956e-01 -9.2512370734e-02 -1.9775314439e+00
200 199 196
2 0 1399 -64.2600 -51.1300 2 1318 -75.0200 -33.3100
-1.4281334886e-01 -9.4137070179e-02 -1.9778204021e+00
208 185 45
2 0 1403 -65.1100 -61.4300 2 1440 -73.1300 -47.5500
-1.3395672140e-01 -6.3338023904e-02 -1.9883584288e+00
195 200 194
2 0 1499 -8.4600 125.0200 2 1243 -65.0300 123.9500
-1.0396284633e-01 -8.7807592290e-02 -1.9758989452e+00
214 224 216
2 0 1545 190.2800 -20.4400 2 1272 205.5200 55.1400
-1.4127539407e-01 -8.7981493909e-02 -1.9774734098e+00
190 191 191
2 0 1546 -55.2000 -21.4500 2 1426 -71.4200 4.0300
-1.4220800091e-01 -8.8995837561e-02 -1.9776428463e+00
206 208 202
2 0 1550 -61.2400 -28.0300 2 1429 -77.4800 -5.5800
-1.4101559199e-01 -9.0619993502e-02 -1.9773414033e+00
210 212 205
3 0 1551 -53.3800 -38.7600 2 1434 -63.9800 -15.2500 1 1802 -5.3600 -117.9600
-1.4045001066e-01 -8.6869239404e-02 -1.9773185353e+00
212 219 211
2 0 1662 -50.0200 -14.1100 2 1527 -66.3700 14.0000
-1.0484140336e-01 -8.9457369772e-02 -1.9770677505e+00
173 186 177
2 0 1666 182.0700 -30.9400 2 1520 200.2700 39.1700
-1.0583997080e-01 -9.0662043410e-02 -1.9776770020e+00
54 35 27
2 0 1749 173.7800 -38.0300 2 1583 195.7200 27.8100
-1.4870386080e-01 -7.7548545969e-02 -1.9863912607e+00
177 183 182
2 0 107 -96.0100 43.1800 1 301 -96.2000 -39.2300
-1.4161738196e-01 -8.9544498475e-02 -1.9775027695e+00
23 23 29
2 0 688 -57.2800 -31.6400 1 1088 -10.3400 -114.7600
-1.5437769008e-01 -9.4300952049e-02 -1.9856922734e+00
55 150 178
2 0 735 -130.0000 -56.9600 1 1106 -105.9000 -126.2200
-1.0608786880e-01 -9.8330505820e-02 -1.9753632248e+00
175 181 175
2 0 760 178.8800 -89.2500 1 334 202.4200 -61.1300
-1.1413129320e-01 -1.2146691118e-01 -2.0052197827e+00
99 121 44
2 0 886 86.2400 -178.4100 1 306 75.9300 -40.4000
-1.4465916225e-01 -7.1532112019e-02 -1.9862831571e+00
127 189 195
2 0 1022 -71.5600 79.1600 1 1737 -77.1700 1.0400
-1.4873908851e-01 -7.8507085993e-02 -1.9862727521e+00
138 166 181
2 0 1044 -96.3000 37.5100 1 1448 -94.6400 -44.2900
-1.5627032692e-01 -9.4198987052e-02 -1.9862123251e+00
145 34 52
2 2 363 -188.4600 -93.8100 1 498 -119.1400 -128.4900
-1.5052785819e-01 -7.7227828487e-02 -1.9864884508e+00
154 165 181
2 2 568 -162.5500 34.9000 1 992 -109.5000 -42.6300
-1.5402279595e-01 -8.9891226573e-02 -1.9861078131e+00
199 67 115
2 2 940 -175.0500 -56.8100 1 1061 -111.2800 -107.0700
-1.4880245469e-01 -7.7142058539e-02 -1.9862890221e+00
146 195 194
2 2 1098 -149.5800 38.0400 1 1445 -97.2000 -38.1500
-1.4529477079e-01 -7.3748685830e-02 -1.9860345303e+00
54 175 221
2 2 1268 -127.3900 64.1300 1 1919 -77.7300 -13.0800
-1.3481177334e-01 -8.9113146652e-02 -1.9758561598e+00
251 49 55
2 2 1294 -14.1700 10.2500 1 1496 37.8100 -101.6700
-1.4708396340e-01 -8.4590906726e-02 -1.9835271248e+00
85 108 98
2 2 1299 -127.2800 -0.6900 1 1474 -66.8600 -79.3300
-1.4840106544e-01 -8.4618782788e-02 -1.9837007162e+00
87 113 102
2 2 1302 -137.2800 -3.0500 1 1778 -76.4900 -82.5700
-1.5507052068e-01 -7.9209399456e-02 -1.9869361424e+00
206 84 128
2 2 1421 -195.0500 15.1200 1 1932 -138.7500 -62.7900
-1.3909693807e-01 -9.0870301234e-02 -1.9768029385e+00
145 145 144
2 2 1431 -47.2500 -12.6300 1 1800 9.1700 -115.9100
