# Bundle file v0.3
3 288
7.0538341525e+02 -1.0351746612e-01 -1.2526363076e-02
8.9550097676e-01 1.5653019817e-01 4.1662488847e-01
-2.2837722098e-03 9.3771426167e-01 -3.4739998250e-01
-4.4505368779e-01 3.1014554731e-01 8.4008151656e-01
1.4731396542e+00 -1.1791267540e+00 -7.1801167497e-01
6.9683444753e+02 -1.0175060678e-01 -1.7693941446e-02
9.9960001490e-01 1.8681160952e-03 -2.8219148881e-02
-7.1418662443e-04 9.9916517515e-01 4.0846575135e-02
2.8271896979e-02 -4.0810083375e-02 9.9876685815e-01
-7.7230154557e-02 1.2477044590e-01 3.6029410819e-01
6.9081357284e+02 -1.2030972789e-01 2.1478048822e-02
9.9027230925e-01 8.9352113483e-02 1.0666280208e-01
-8.9851611668e-02 9.9595515598e-01 -1.2314643724e-04
-1.0624237107e-01 -9.4618761648e-03 9.9429524362e-01
7.3278420214e-01 2.1535510753e-01 3.8905461838e-01
4.3626539596e-01 8.1647777231e-01 -3.4425230520e+00
160 167 149
3 1 12 102.1000 177.9400 2 16 190.5100 217.0300 0 57 109.8600 153.9800
4.7660101060e-01 7.8036603709e-01 -3.4300141550e+00
191 207 196
3 1 21 111.3400 170.9600 2 23 199.6600 208.7600 0 59 116.2200 145.7700
-2.8786830629e-01 2.0186691807e-02 -3.0204346414e+00
26 26 24
3 1 599 -73.2700 5.9300 2 597 34.1500 69.5000 0 230 -8.9700 -24.7800
3.0168844483e-01 -1.2927116850e-01 -3.3332475341e+00
45 81 22
3 1 633 75.1700 -33.0000 2 224 153.9900 13.9000 0 239 63.9200 -27.4600
-1.1742859158e-01 -2.8496276383e-02 -2.9875962642e+00
52 52 53
3 1 247 -29.4900 -6.9000 2 182 79.4700 53.0700 0 259 26.2600 -36.9900
-1.1742859158e-01 -2.8496276383e-02 -2.9875962642e+00
52 52 53
3 1 246 -29.4900 -6.9000 2 181 79.4700 53.0700 0 260 26.2600 -36.9900
-1.6130408734e-01 -7.0208647058e-02 -2.9704823962e+00
219 221 217
3 1 614 -41.2800 -17.7500 2 626 67.7200 43.4600 0 282 17.7500 -47.4900
-3.0380757377e-02 -7.3692672562e-02 -2.9611714670e+00
211 213 208
3 1 617 -6.5300 -18.7300 2 198 102.7700 39.1700 0 284 43.8900 -48.1300
-1.9965735735e-01 -7.5744744422e-02 -2.9718272833e+00
212 214 211
3 1 619 -51.5100 -19.2900 2 951 57.4100 43.0000 0 286 9.8100 -48.7000
-2.3928865247e-02 -1.1712113666e-01 -2.9445351273e+00
216 220 219
3 1 628 -4.8800 -30.3100 2 639 104.4300 27.4500 0 309 45.2300 -58.3200
7.6028104092e-03 -2.1149461626e-01 -2.9041657394e+00
84 16 19
3 1 650 3.3800 -56.5400 2 655 113.4500 1.3800 0 360 51.6400 -80.5000
-1.0408935205e-01 -2.2707762228e-01 -2.9039868739e+00
189 147 148
3 1 947 -27.3100 -60.5500 2 660 83.1300 -0.2700 0 369 29.6800 -84.9000
-1.2419996418e-01 -2.2976417958e-01 -2.9067155594e+00
184 142 140
3 1 659 -32.9300 -61.2900 2 663 77.5600 -0.5900 0 372 25.4600 -85.2300
-5.5394593499e-01 -3.1619790180e-01 -3.0356393710e+00
53 76 51
3 1 670 -141.4300 -81.5100 2 674 -45.0500 -13.2800 0 414 -76.0800 -94.6800
-4.8800686971e-01 -4.1350880109e-01 -2.9955304802e+00
111 152 113
3 1 967 -126.7300 -107.9100 2 1032 -29.1300 -41.5700 0 461 -61.9300 -117.5200
4.4281681144e-01 8.2848275304e-01 -3.4298830430e+00
210 226 226
3 1 488 103.6200 181.7400 2 483 193.2400 219.7400 0 675 112.8000 155.8900
5.4490844367e-01 6.0599706550e-01 -3.4032966174e+00
172 182 171
3 1 794 128.0100 134.0400 2 863 213.5400 170.6100 0 707 123.3200 110.2200
6.0709098123e-01 3.4159587788e-01 -3.2582450273e+00
174 189 178
3 1 826 149.0700 79.8800 2 883 236.3300 116.3500 0 750 138.4300 52.7300
8.0441390203e-01 3.1152717612e-01 -3.2935766521e+00
197 201 192
3 1 546 193.7800 71.2400 2 890 274.1700 102.8400 0 754 162.9100 47.9700
-5.8002891832e-01 3.9440405032e-02 -3.1918304305e+00
100 113 105
3 1 870 -138.4800 8.3100 2 918 -45.1800 77.5400 0 789 -83.0500 -6.9300
-5.7951404702e-02 1.6985250378e-03 -2.9925832486e+00
45 30 41
3 1 879 -13.5400 1.0800 2 932 95.2600 59.4200 0 803 38.3600 -30.2500
-4.2633518752e-02 -9.1476841792e-03 -2.9894926533e+00
221 228 223
3 1 881 -9.5300 -1.7300 2 934 99.0500 56.0900 0 805 41.3600 -32.5700
-6.9186425829e-02 -1.3004332688e-02 -2.9894522174e+00
225 226 224
3 1 882 -16.5800 -2.7600 2 933 92.1200 55.8100 0 806 36.0900 -33.4800
-1.0522176047e-01 -1.8305005454e-02 -2.9893157185e+00
222 226 227
3 1 883 -26.1000 -4.2000 2 937 82.6100 55.4400 0 809 28.9300 -34.7500
-1.0522176047e-01 -1.8305005454e-02 -2.9893157185e+00
222 226 227
3 1 884 -26.1000 -4.2000 2 938 82.6100 55.4400 0 810 28.9300 -34.7500
-2.3164510146e-01 -3.8828647921e-02 -2.9920650204e+00
219 220 216
3 1 886 -59.5000 -9.6000 2 940 48.7900 53.2300 0 816 3.0000 -39.2700
-2.6102106522e-01 -4.2850248686e-02 -2.9932635666e+00
216 215 213
3 1 610 -67.1700 -10.5700 2 942 40.8600 52.8700 0 817 -3.2100 -40.2000
-3.7387650330e-02 -4.8288031892e-02 -2.9699511716e+00
217 223 221
3 1 888 -8.1300 -11.9200 2 943 100.7300 46.0700 0 822 42.6800 -42.4000
-5.0666592733e-02 -6.0859272549e-02 -2.9664061770e+00
40 40 44
3 1 893 -11.7100 -15.3700 2 952 97.1700 43.2100 0 825 40.0600 -45.3000
-5.0666592733e-02 -6.0859272549e-02 -2.9664061770e+00
40 40 44
3 1 894 -11.7100 -15.3700 2 953 97.1700 43.2100 0 826 40.0600 -45.3000
-8.5463021192e-02 -6.9693115954e-02 -2.9668804761e+00
39 40 43
3 1 898 -21.0900 -17.6300 2 627 87.9100 41.6500 0 830 32.9400 -47.2400
-2.2499566601e-01 -7.8778109802e-02 -2.9734746739e+00
220 220 219
3 1 902 -58.1700 -20.0600 2 949 50.4100 42.7700 0 834 4.5800 -49.3100
-2.5487905119e-01 -8.4792466992e-02 -2.9736685558e+00
208 207 206
3 1 909 -66.1500 -21.5800 2 955 42.3600 41.8600 0 838 -1.7000 -50.7200
-1.5472010267e-01 -9.5224369886e-02 -2.9627563164e+00
216 220 215
3 1 921 -39.9300 -24.4300 2 967 69.3900 36.4800 0 842 19.0100 -53.0300
-1.8681115195e-01 -1.0081909361e-01 -2.9635257405e+00
215 215 210
3 1 923 -48.4600 -26.0000 2 968 60.6600 35.8900 0 844 12.4000 -54.3300
-1.8681115195e-01 -1.0081909361e-01 -2.9635257405e+00
215 215 210
3 1 924 -48.4600 -26.0000 2 969 60.6600 35.8900 0 845 12.4000 -54.3300
-1.6703758546e-01 -1.2250592086e-01 -2.9499958601e+00
35 30 36
3 1 930 -43.3200 -31.9000 2 975 66.0700 29.9100 0 856 16.6900 -60.0600
-1.6703758546e-01 -1.2250592086e-01 -2.9499958601e+00
35 30 36
3 1 931 -43.3200 -31.9000 2 976 66.0700 29.9100 0 857 16.6900 -60.0600
-7.6981428593e-03 -2.1169900487e-01 -2.9051178313e+00
192 144 144
3 1 941 -0.8600 -56.4500 2 1000 109.2700 1.5400 0 881 48.7200 -80.5700
-2.4069662652e-01 -2.6349960979e-01 -2.9060678476e+00
33 30 24
3 1 1153 -64.4800 -70.3700 2 1016 44.6900 -6.8900 0 891 1.2600 -93.7000
-2.4069662652e-01 -2.6349960979e-01 -2.9060678476e+00
33 30 24
3 1 1154 -64.4800 -70.3700 2 1017 44.6900 -6.8900 0 892 1.2600 -93.7000
-2.1308479323e-01 7.2383714732e-01 -3.6864407663e+00
180 177 169
3 1 504 -38.1300 144.1100 2 847 40.7100 200.5500 0 1090 -28.4300 156.5500
5.1215761050e-01 7.4271818943e-01 -3.4237740748e+00
166 170 147
3 1 1043 119.9500 163.2300 2 1145 206.6200 200.1100 0 1100 121.1100 137.3600
-1.7813560125e-01 5.8342252089e-01 -3.5691180929e+00
157 153 155
3 1 61 -33.0600 120.6800 2 508 49.8300 177.0200 0 1110 -16.8500 123.7200
-7.5996618652e-01 -4.4461974506e-02 -3.2149862617e+00
211 67 121
3 1 889 -179.7500 -12.4800 2 929 -92.7800 60.8800 0 1196 -125.7500 -23.2200
-7.5628894089e-01 -7.0310052867e-02 -3.2049783639e+00
211 69 120
3 1 900 -179.7800 -18.4800 2 939 -92.4700 54.2200 0 1202 -124.8600 -29.4100
-1.4280845233e-01 -2.8259852721e-02 -2.9916052485e+00
223 217 217
3 1 1123 -36.1300 -6.9300 2 1212 72.5300 53.7400 0 1209 21.0200 -36.6500
-1.8590771203e-01 -3.4926394708e-02 -2.9898016185e+00
206 207 205
3 1 1126 -47.3900 -8.5600 2 1211 60.9000 53.1200 0 1213 12.5600 -38.4700
-8.3911628652e-02 -3.7878964279e-02 -2.9767741176e+00
42 41 49
3 1 1128 -20.4400 -9.1800 2 1215 88.4000 50.0000 0 1214 33.4200 -39.9700
-8.3911628652e-02 -3.7878964279e-02 -2.9767741176e+00
42 41 49
3 1 1129 -20.4400 -9.1800 2 1216 88.4000 50.0000 0 1215 33.4200 -39.9700
-6.9171886595e-02 -5.3959251107e-02 -2.9704493063e+00
220 224 220
3 1 1130 -16.6400 -13.4000 2 1217 92.5200 45.4900 0 1217 36.0200 -43.8200
-2.3726098332e-01 -9.0321004864e-02 -2.9708622719e+00
30 29 30
3 1 913 -61.4700 -23.1500 2 956 46.9100 40.0500 0 1231 2.0000 -52.0100
-2.3726098332e-01 -9.0321004864e-02 -2.9708622719e+00
30 29 30
3 1 914 -61.4700 -23.1500 2 957 46.9100 40.0500 0 1232 2.0000 -52.0100
-7.9695647984e-01 -2.4108112890e-01 -3.1399575811e+00
149 205 208
3 1 946 -194.5200 -60.3200 2 987 -107.5900 12.2500 0 1249 -133.7700 -71.3300
-7.0563276302e-01 -2.9224683951e-01 -3.1135083173e+00
58 158 184
3 1 954 -173.9100 -74.1600 2 1008 -85.4700 -2.5400 0 1258 -113.2000 -83.7000
-6.9131403806e-01 -3.5694104835e-01 -3.0923568120e+00
65 157 187
3 1 963 -172.3100 -90.5800 2 1247 -82.9900 -20.4200 0 1268 -110.2600 -98.5600
8.4938118688e-01 2.4151556010e-01 -3.2789574970e+00
190 193 188
3 1 1272 205.5200 55.1400 2 1385 283.9900 86.3600 0 1482 168.2000 34.4200
8.4938118688e-01 2.4151556010e-01 -3.2789574970e+00
190 193 188
3 1 1273 205.5200 55.1400 2 1386 283.9900 86.3600 0 1483 168.2000 34.4200
8.7116883242e-01 1.9718858788e-01 -3.2733590222e+00
125 114 96
3 1 1277 211.1900 44.7800 2 1391 288.5500 76.0100 0 1490 169.9200 26.1200
-1.5956489796e-01 2.5796635397e-02 -3.0119022175e+00
218 215 212
3 1 1297 -39.9300 7.3000 2 1398 68.3600 68.0700 0 1514 17.4800 -24.1200
-1.9505760717e-01 2.1376526627e-04 -3.0020369561e+00
209 212 207
3 1 1117 -49.2400 0.7600 2 1206 58.5100 62.4700 0 1517 10.8000 -30.3900
-2.5817167473e-01 -7.7203568564e-03 -3.0052450105e+00
215 217 216
3 1 1300 -65.8000 -1.4200 2 1405 41.7300 62.0200 0 1518 -2.5100 -31.9600
-5.8242975705e-01 -6.6462970760e-02 -3.1413111917e+00
75 117 93
3 1 1134 -142.0500 -17.3400 2 1213 -47.6400 52.1100 0 1519 -83.0200 -33.5300
-7.2148530864e-01 -1.2640580882e-01 -3.1849515773e+00
173 178 126
3 1 1143 -173.1300 -31.8400 2 1415 -84.9400 39.2200 0 1526 -117.3000 -42.7000
-2.1682153280e-01 -5.7281578099e-02 -2.9811177189e+00
31 29 32
3 1 1310 -55.8200 -14.4200 2 1409 53.0400 48.3500 0 1527 5.9400 -44.2600
-2.1682153280e-01 -5.7281578099e-02 -2.9811177189e+00
31 29 32
3 1 1311 -55.8200 -14.4200 2 1410 53.0400 48.3500 0 1528 5.9400 -44.2600
-1.2054479439e-01 -7.0795301004e-02 -2.9678205891e+00
34 31 38
3 1 1313 -30.4200 -17.9300 2 1413 78.4800 42.2500 0 1531 26.1100 -47.5600
-2.6293413233e-01 -1.0548646148e-01 -2.9689443842e+00
33 31 37
3 1 1316 -68.5300 -26.8600 2 1416 39.8100 36.2300 0 1534 -3.4300 -55.3700
-6.9757152297e-01 -2.4618467769e-01 -3.1404312008e+00
113 170 164
3 1 1323 -170.7500 -61.7600 2 1429 -81.8200 8.2100 0 1539 -111.8500 -71.0400
-5.5646224953e-01 -2.9405071492e-01 -3.0472187427e+00
106 168 105
3 1 1327 -140.9800 -75.0700 2 1433 -45.4700 -7.3300 0 1548 -77.1000 -89.5400
-1.7425975494e-01 7.5823802576e-01 -3.6697735536e+00
188 190 187
3 1 1234 -30.1900 152.2100 2 1330 49.8300 207.5400 0 1658 -19.0900 162.0100
-7.8654758168e-01 3.7066793443e-02 -3.2537651214e+00
215 82 129
3 1 1424 -183.6100 6.7200 2 1535 -97.2300 80.2400 0 1703 -131.6100 -2.1800
-5.2956665601e-01 2.0285090796e-03 -3.1761764677e+00
85 108 98
3 1 1299 -127.2800 -0.6900 2 1205 -32.0800 67.8000 0 1709 -73.3500 -16.5600
-6.5242710181e-01 -4.3541641918e-02 -3.1520581457e+00
103 132 110
3 1 1307 -158.0600 -11.8200 2 1545 -65.4600 59.8500 0 1713 -98.2700 -28.2600
-2.4753335387e-01 -6.0595349127e-02 -2.9850434298e+00
214 213 209
3 1 1434 -63.9800 -15.2500 2 1550 44.5000 47.9100 0 1719 -0.3900 -44.5000
-6.6368609299e-01 3.5715232945e-01 -3.3892671451e+00
219 97 142
3 1 1261 -146.2600 78.1200 2 1512 -59.7400 148.1800 0 1805 -106.0500 74.6800
-6.6559311189e-01 1.0144326160e-02 -3.1780622361e+00
92 114 93
3 1 1298 -159.7400 1.1100 2 1540 -67.4000 73.1000 0 1832 -101.5200 -14.5500
-5.0608898101e-01 -4.3333340546e-01 -2.9866771254e+00
50 56 49
3 1 1546 -131.5500 -113.5200 2 1627 -35.1800 -46.5900 0 1845 -65.0400 -122.5900
-5.5864929995e-01 -4.5665056314e-01 -2.9780535670e+00
96 158 98
3 1 1459 -146.2500 -119.6200 2 1628 -49.2800 -52.1700 0 1847 -76.5000 -128.9400
-2.2771700282e-01 6.8736515374e-01 -3.6799047574e+00
182 182 173
3 1 1495 -41.7000 136.8400 2 1602 37.5200 193.6900 0 1881 -31.5300 149.6200
5.0084805831e-02 8.3182394297e-01 -3.5135463596e+00
222 234 235
2 1 13 16.0100 176.6800 2 477 105.0900 226.7800
2.9169983546e-01 8.2393528576e-01 -3.5493238079e+00
130 132 117
2 1 19 68.0800 173.0500 2 17 152.9900 215.5600
-2.0104876666e-01 7.6116674919e-01 -3.6807008211e+00
191 196 192
2 1 36 -35.8100 152.2100 2 24 43.8800 207.8000
9.0661110427e-02 6.1488121288e-01 -3.4499678264e+00
9 19 24
2 1 51 25.0200 133.4700 2 502 113.7800 183.2600
5.0629267190e-01 5.8696646958e-01 -3.4265689300e+00
151 167 147
2 1 57 118.6700 128.7400 2 64 203.1600 166.4100
1.1608208971e-02 5.0055363333e-01 -3.6701015838e+00
151 154 149
2 1 78 8.0900 99.4800 2 75 83.4800 149.5900
6.1087803255e-01 4.1735997780e-01 -3.2524906486e+00
204 214 213
2 1 83 149.9800 97.9600 2 88 239.1000 134.0000
6.0873435893e-01 3.9874628594e-01 -3.2572747016e+00
159 168 155
2 1 96 149.3800 93.0800 2 94 237.8200 129.8800
2.9342675794e-01 3.8433812687e-01 -3.2054219503e+00
121 165 90
2 1 97 74.8700 92.3800 2 80 172.4300 137.5200
7.7106931762e-01 3.8004910439e-01 -3.3377362252e+00
176 179 172
2 1 106 183.5400 85.5100 2 105 263.3400 117.8000
7.9364069302e-01 3.6262552895e-01 -3.3152492124e+00
184 185 175
2 1 111 190.0600 82.3800 2 112 270.1600 114.0400
-8.2117404405e-01 1.1156393552e-01 -3.2764236741e+00
118 174 183
2 1 185 -189.4400 24.3600 2 896 -103.6900 98.8200
3.4436880243e-01 7.8510911503e-02 -3.3486823299e+00
71 114 42
2 1 201 84.5300 15.3300 2 172 166.5200 60.6700
-1.4311581287e-01 4.5423233068e-02 -3.0158975769e+00
58 59 58
2 1 204 -35.4800 12.6300 2 157 72.6400 72.4100
-1.7034241497e-01 -2.7152795235e-03 -2.9882856949e+00
210 204 199
2 1 236 -43.2800 0.2200 2 615 65.9300 61.2000
-2.8360164593e-01 -8.3237730540e-03 -3.0040999781e+00
46 46 47
2 1 240 -72.4800 -1.8700 2 612 35.1000 62.8600
-2.8360164593e-01 -8.3237730540e-03 -3.0040999781e+00
46 46 47
2 1 241 -72.4800 -1.8700 2 613 35.1000 62.8600
2.9018524724e-01 -1.9454086843e-02 -3.3392148447e+00
86 138 56
2 1 248 72.0300 -7.2100 2 197 153.5000 39.3400
-1.5653609088e-01 -5.1831772531e-02 -2.9760886543e+00
36 36 36
2 1 255 -39.9200 -12.9000 2 186 69.0700 48.1100
-1.5653609088e-01 -5.1831772531e-02 -2.9760886543e+00
36 36 36
2 1 256 -39.9200 -12.9000 2 187 69.0700 48.1100
-3.6872224289e-02 -6.2902443024e-02 -2.9680412293e+00
40 39 42
2 1 261 -8.1600 -15.8400 2 195 100.7400 42.0800
-1.8135502457e-01 -6.5383898876e-02 -2.9724289831e+00
214 215 211
2 1 262 -46.6300 -16.4400 2 190 62.3900 45.1500
-1.5624624712e-01 -8.1836801542e-02 -2.9607597180e+00
33 34 35
2 1 268 -40.2300 -20.8300 2 196 69.3000 40.2600
2.1479830612e-01 -7.9251871045e-02 -3.3634599249e+00
68 108 43
2 1 271 54.1300 -21.5800 2 211 133.8400 27.3100
2.3405593056e-01 -1.0767834015e-01 -3.3534501100e+00
39 73 20
2 1 288 58.7100 -28.0100 2 648 138.2800 20.2200
-1.9943732839e-01 -1.1340185284e-01 -2.9537066790e+00
18 16 17
2 1 292 -51.9300 -29.5800 2 206 57.3700 33.2500
-2.2231582801e-01 -1.2896001567e-01 -2.9534924634e+00
215 214 215
2 1 301 -58.1400 -33.4800 2 210 50.9100 29.3500
3.2664615317e-01 -1.4967943893e-01 -3.3279873982e+00
52 87 32
2 1 312 80.8500 -37.6900 2 229 159.9100 8.3800
3.5953971615e-01 -1.8508475399e-01 -3.3418478144e+00
46 71 23
2 1 319 88.2900 -45.9100 2 239 165.3900 -0.5700
-3.3212151169e-02 -3.6968360659e-01 -2.6794611887e+00
185 203 85
2 1 383 -10.6900 -107.0800 2 281 115.5900 -45.2000
-7.0851342609e-01 -4.5748219420e-01 -3.0549082796e+00
183 87 114
2 1 398 -179.4600 -116.7400 2 286 -89.9700 -47.5300
-1.9908369432e-01 -4.1684187470e-01 -2.7458363487e+00
164 138 12
2 1 399 -58.4200 -118.2800 2 296 61.1900 -54.0200
4.5990422448e-01 7.8486711136e-01 -3.4387435575e+00
147 153 132
2 1 491 107.4500 171.3100 2 485 195.3600 209.7600
2.9540080595e-02 7.1177571649e-01 -3.5184767656e+00
105 94 72
2 1 500 11.5200 150.8900 2 490 98.4700 201.5500
1.8947543085e-01 5.8861963973e-01 -3.2554460377e+00
61 86 37
2 1 507 48.8800 138.2900 2 501 148.2900 185.9200
-3.0516175773e-01 6.6879229710e-01 -3.6575625817e+00
189 189 184
2 1 510 -57.9200 134.2700 2 36 21.3000 193.0200
5.8958843211e-01 5.4935578582e-01 -3.3306395090e+00
217 233 234
2 1 514 141.2300 125.1200 2 519 228.8000 160.6000
-5.5954452427e-03 4.7828654145e-01 -3.6743480644e+00
146 148 143
2 1 531 4.5200 94.6500 2 531 79.3700 145.2900
8.7098217835e-01 3.0518103599e-01 -3.2699177816e+00
194 200 192
2 1 547 211.1100 70.5000 2 564 290.3700 100.5200
8.3555804133e-01 2.9258406771e-01 -3.2671246520e+00
203 209 202
2 1 550 202.9800 67.6700 2 568 283.1600 98.7000
2.0221866745e-01 2.3440522047e-01 -2.8997383137e+00
150 213 119
2 1 551 56.6900 66.1100 2 545 174.9300 116.6600
2.3376340406e-01 1.0024498913e-01 -3.3659977261e+00
35 37 11
2 1 585 58.4000 20.3300 2 602 141.3400 67.7200
2.2016698033e-01 2.1458028150e-02 -3.3809531996e+00
102 142 69
2 1 605 55.1200 1.8000 2 621 135.7900 49.8900
-3.5300361412e-01 -8.7954143297e-02 -2.9610869766e+00
166 108 70
2 1 622 -92.6200 -22.3700 2 192 16.3300 43.8300
7.8024190414e-03 -1.3472325017e-01 -2.9362945840e+00
245 52 59
2 1 635 3.7100 -35.8200 2 645 112.9300 22.6000
-1.6820133277e-01 -2.3882046434e-01 -2.9082015869e+00
170 125 122
2 1 663 -44.8800 -63.7100 2 1007 65.2400 -1.9700
-2.2919855114e-01 -2.4844003026e-01 -2.9092617978e+00
168 124 127
2 1 665 -61.5200 -66.1700 2 666 48.3200 -3.2000
-4.6551244491e-01 -4.0638288533e-01 -3.0001652482e+00
91 125 95
2 1 685 -120.7700 -105.9900 2 1031 -22.9400 -40.2100
-5.5903674397e-02 -3.8162544836e-01 -2.6755841078e+00
23 25 7
2 1 692 -17.6600 -110.5200 2 287 108.9500 -48.6100
3.1738025121e-01 8.4465423904e-01 -3.4954814840e+00
135 140 123
2 1 777 74.5200 180.6900 2 836 162.3500 222.8400
3.3974757750e-01 8.4128397176e-01 -3.5100215382e+00
117 121 106
2 1 778 79.2200 178.7900 2 480 165.8200 220.7400
-2.0039990271e-01 7.3866811409e-01 -3.6747987322e+00
155 151 141
2 1 791 -35.8300 148.0600 2 842 43.8400 203.4500
9.0996805196e-01 2.5245539903e-01 -3.2765676086e+00
209 209 200
2 1 834 220.0500 57.7600 2 913 296.8000 87.4400
-8.0678773946e-01 6.0149101975e-02 -3.2500566421e+00
112 177 182
2 1 866 -188.1200 12.5800 2 1192 -101.6100 86.7700
-8.0678773946e-01 6.0149101975e-02 -3.2500566421e+00
112 177 182
2 1 867 -188.1200 12.5800 2 1193 -101.6100 86.7700
-2.1328046545e-01 -6.8176150043e-02 -2.9731562439e+00
31 27 30
2 1 896 -55.0300 -17.4600 2 945 53.7700 45.5200
-2.1328046545e-01 -6.8176150043e-02 -2.9731562439e+00
31 27 30
2 1 897 -55.0300 -17.4600 2 946 53.7700 45.5200
-4.1435786134e-02 -1.1800380213e-01 -2.9459728347e+00
216 220 214
2 1 928 -9.6700 -30.5900 2 978 99.7600 27.6400
3.6126376901e-01 -1.5773193560e-01 -3.3292691424e+00
50 82 24
2 1 935 88.9600 -39.4500 2 994 167.3200 5.6300
-7.7901464110e-01 -2.5493801214e-01 -3.1356646169e+00
158 47 81
2 1 949 -190.6500 -63.6400 2 990 -103.1400 8.0400
-5.8226849715e-01 -3.4420559990e-01 -3.0299040599e+00
113 166 110
2 1 962 -149.1100 -88.5400 2 1029 -53.3100 -20.4900
7.8226615141e-01 -5.9379906106e-01 -3.4245122892e+00
181 188 177
2 1 995 183.1900 -140.5800 2 1100 238.8800 -96.4100
5.2123267425e-01 -5.9249936661e-01 -3.0005896725e+00
140 128 128
2 1 1007 140.2800 -157.6500 2 1108 225.0900 -107.4000
-1.8330832260e-02 7.6963768582e-01 -3.5035859266e+00
167 172 166
2 1 1042 1.0400 164.0100 2 1141 90.0300 216.2300
7.4430549457e-02 7.2632122269e-01 -3.5830606131e+00
174 176 171
2 1 1051 21.2900 150.3900 2 1146 104.6300 199.4600
-2.7620398937e+00 1.9107654055e+00 -9.4809614229e+00
12 11 11
2 1 1058 -190.8400 122.3900 2 1338 -219.5100 183.0000
-1.1482039990e-01 5.7211830309e-01 -3.5294390212e+00
111 88 76
2 1 1060 -19.8600 120.1400 2 1342 64.5900 175.1200
6.1120140001e-01 5.1913834351e-01 -3.2840368139e+00
209 226 225
2 1 1062 148.3600 120.3200 2 1159 237.5100 155.7100
-3.5218679821e+00 1.2721845673e+00 -9.1100547131e+00
47 22 13
2 1 1069 -257.4200 79.0600 2 1166 -292.2900 145.7000
6.4563851660e-01 2.9384738374e-01 -3.2530397851e+00
112 110 78
2 1 1078 158.6100 68.6400 2 1183 244.5600 104.5700
8.7789797510e-01 2.9012500837e-01 -3.2804192485e+00
98 71 54
2 1 1079 212.1100 66.6200 2 1188 290.3500 96.5900
8.7789797510e-01 2.9012500837e-01 -3.2804192485e+00
98 71 54
2 1 1080 212.1100 66.6200 2 1189 290.3500 96.5900
-7.2913327513e-01 4.8307753717e-02 -3.2221706170e+00
75 171 196
2 1 1115 -171.8200 9.8300 2 1195 -82.6700 83.0700
-7.5409293691e-01 5.5920417030e-03 -3.2333024213e+00
206 106 128
2 1 1118 -177.1800 -0.1000 2 1202 -89.8300 72.3100
3.6801435749e-01 -3.1856025192e-03 -3.3321229634e+00
128 184 97
2 1 1120 90.4400 -3.2800 2 1221 171.5400 41.3200
3.6801435749e-01 -3.1856025192e-03 -3.3321229634e+00
128 184 97
2 1 1121 90.4400 -3.2800 2 1222 171.5400 41.3200
-2.0535149645e-02 -5.8348736018e-02 -2.9631376494e+00
54 39 43
2 1 1131 -3.7500 -14.9500 2 1219 105.4000 43.3000
-1.2763526960e-02 -9.9303078271e-02 -2.9453224775e+00
55 27 30
2 1 1139 -1.8400 -25.9100 2 1224 107.7400 32.3200
-2.6303865201e-01 -1.4544676419e-01 -2.9495687475e+00
49 25 28
2 1 1145 -69.1800 -37.9100 2 1225 39.7300 25.9700
5.8230378995e-01 -2.9296131823e-01 -2.5372493258e+00
84 102 40
2 1 1164 185.4400 -87.9700 2 1446 310.9500 -38.9900
-7.4616069182e-02 -3.7851189477e-01 -2.7014056368e+00
69 69 30
2 1 1172 -22.7600 -109.0000 2 1254 101.4900 -46.3300
-1.7005375290e-01 -5.6222863867e-01 -2.2725656077e+00
147 136 126
2 1 1215 -67.2200 -193.4200 2 1300 100.9800 -122.2400
-3.3454712290e-01 -5.8172060098e-01 -2.2970341662e+00
126 116 117
2 1 1216 -124.7900 -197.2700 2 1302 38.7800 -123.8300
-2.6746071733e-01 6.9880179171e-01 -3.6693121001e+00
194 194 192
2 1 1237 -49.8000 139.8900 2 1334 29.3700 197.5600
-3.3817215913e-01 6.5825077430e-01 -3.6597918352e+00
151 144 143
2 1 1241 -64.7000 131.8300 2 1335 14.1000 191.6600
-3.3485975443e-01 6.1108293247e-01 -3.6255095859e+00
195 202 195
2 1 1243 -65.0300 123.9500 2 1337 14.8800 183.4600
5.4719764238e-01 5.3845829372e-01 -3.3884319040e+00
137 148 123
2 1 1244 129.3900 119.5800 2 1350 214.3000 156.8000
8.3845958327e-01 3.0321663141e-01 -3.2712760204e+00
190 199 194
2 1 1267 203.3700 70.0300 2 1380 283.4500 100.9100
3.4026461747e-01 1.4342625619e-01 -3.3427108274e+00
199 232 92
2 1 1283 83.6600 30.4900 2 1538 167.2800 75.8200
3.3892420952e-01 1.0925003892e-01 -3.3576349542e+00
26 53 10
2 1 1287 83.0500 22.3100 2 1399 165.1900 67.6600
3.1149611105e-01 9.8335033040e-02 -3.3606880668e+00
106 156 76
2 1 1290 76.5500 20.0000 2 1402 158.7900 65.4900
3.1149611105e-01 9.8335033040e-02 -3.3606880668e+00
106 156 76
2 1 1291 76.5500 20.0000 2 1403 158.7900 65.4900
-1.3377730544e-01 3.1622446387e-02 -3.0038941813e+00
43 35 41
2 1 1295 -33.2700 9.1000 2 1397 75.4200 68.9200
-5.7174455527e-01 -7.8802077157e-03 -3.1752404701e+00
87 113 102
2 1 1302 -137.2800 -3.0500 2 1401 -44.0200 66.0600
-1.0536420027e-01 -4.9752922134e-02 -2.9755867027e+00
216 217 213
2 1 1308 -26.3000 -12.4400 2 1411 82.6100 47.3900
-7.5899445197e-01 -2.2539675007e-01 -3.1426008925e+00
106 171 177
2 1 1322 -185.1900 -56.4900 2 1553 -97.1900 15.4000
3.9232192504e-01 -4.3382973156e-01 -2.2571469722e+00
186 193 181
2 1 1356 139.8800 -148.5500 2 1289 299.5600 -89.5400
3.6906531540e-01 -4.3795518604e-01 -2.2639815925e+00
179 189 180
2 1 1357 130.9400 -149.9000 2 1288 290.6700 -89.9200
3.4680635649e-01 -4.5980525430e-01 -2.2536768262e+00
154 147 141
2 1 1368 123.2100 -158.3000 2 1466 284.6600 -98.0400
-3.3695130996e-01 -5.5157298815e-01 -2.4110945031e+00
129 132 127
2 1 1373 -117.5900 -178.2900 2 1296 32.3800 -105.8000
-4.7795303442e-01 -5.7483189381e-01 -2.4545802645e+00
120 118 113
2 1 1375 -160.9100 -181.4100 2 1470 -18.5100 -108.5300
-3.4597010337e-01 -5.9856225257e-01 -2.2920420150e+00
157 155 150
2 1 1377 -129.2000 -203.6100 2 1584 34.3300 -130.0900
-4.6281137987e-01 -6.1957990842e-01 -2.3120375045e+00
155 154 145
2 1 1378 -168.4900 -208.1400 2 1477 -10.1700 -133.6100
-4.8099104105e-01 -6.3684968906e-01 -2.3085608402e+00
43 25 26
2 1 1380 -175.1000 -214.3200 2 1479 -17.3200 -139.7600
-4.5113359627e-01 -6.3506920791e-01 -2.3042686291e+00
43 29 28
2 1 1381 -165.1100 -214.5000 2 1480 -6.1200 -140.0600
-3.0210328009e-01 -6.1777045042e-01 -2.2467775467e+00
92 89 87
2 1 1382 -116.8000 -214.7800 2 1481 52.7900 -141.9100
-1.8184241358e-01 7.0963810777e-01 -3.6672637370e+00
147 142 135
2 1 1390 -32.1100 142.4400 2 1600 47.4200 197.6000
-3.8654277445e-01 6.3635557504e-01 -3.6522711482e+00
199 203 196
2 1 1393 -75.0300 127.8200 2 1501 3.7200 188.5500
8.4185500440e-01 2.7442843376e-01 -3.2883870004e+00
89 68 51
2 1 1404 203.2500 62.5500 2 1526 281.7400 93.9500
-6.2755787381e-01 1.8090812593e-01 -3.3183823092e+00
223 88 138
2 1 1410 -142.1500 39.6800 2 1521 -54.7700 109.4000
-6.2755787381e-01 1.8090812593e-01 -3.3183823092e+00
223 88 138
2 1 1411 -142.1500 39.6800 2 1522 -54.7700 109.4000
-1.8478151804e-01 -5.1007784893e-02 -2.9835392916e+00
145 145 144
2 1 1431 -47.2500 -12.6300 2 1549 61.2400 48.8600
-6.0450971470e-01 -5.0265668619e-02 -3.1373105013e+00
90 170 127
2 1 1432 -147.5400 -13.1700 2 1547 -53.0300 56.8700
1.1441572147e-01 -5.4091344544e-01 -2.2315293748e+00
112 116 112
2 1 1480 37.1900 -190.2400 2 1581 207.3800 -123.3800
1.1441572147e-01 -5.4091344544e-01 -2.2315293748e+00
112 116 112
2 1 1481 37.1900 -190.2400 2 1582 207.3800 -123.3800
6.0923918571e-02 7.6426019736e-01 -3.5145430793e+00
112 104 85
2 1 1488 18.4800 161.8700 2 1596 106.1600 212.5300
5.6989313372e-01 5.7820364337e-01 -3.3824764956e+00
214 229 226
2 1 1497 134.7000 128.6500 2 1503 220.1500 165.2800
-2.0290047248e-01 6.1488049258e-01 -3.6222392257e+00
179 182 178
2 1 1498 -37.2600 124.6800 2 1648 42.9100 181.4800
1.0243420359e+00 3.8394291699e-01 -3.3967395508e+00
205 202 199
2 1 1502 237.3300 84.4200 2 1523 307.6300 109.2000
-5.0792675691e-02 -2.5974990742e-02 -2.9787089252e+00
169 178 178
2 1 1535 -11.6900 -6.2200 2 1621 97.2200 52.3000
-5.1698339590e-01 -3.2357632291e-01 -3.0404674121e+00
54 51 57
2 1 1542 -131.6800 -83.6200 2 1624 -35.5100 -15.9400
-1.4487122557e-01 -5.4872293742e-01 -2.2814492263e+00
162 162 150
2 1 1556 -57.7000 -187.9400 2 1640 109.6300 -117.2900
-3.8913863510e-01 -6.0381964997e-01 -2.3084924205e+00
143 140 136
2 1 1558 -143.1200 -203.6400 2 1642 17.4900 -129.8500
-7.0614011485e-01 -1.2246522144e-02 -3.2151841990e+00
25 26 23
2 1 1653 -166.9700 -4.8700 2 1720 -78.3500 67.7600
-1.9517022323e-01 -2.0592840894e-01 -2.9345830990e+00
21 21 19
2 1 1674 -51.4800 -54.3700 2 1741 57.3200 7.7200
-1.8316888430e-01 -3.5537850234e-01 -2.8589952693e+00
224 196 42
2 1 1707 -50.5300 -96.4800 2 1757 61.0100 -35.1000
-2.7871640263e-01 -1.9521046720e-02 -3.0007859422e+00
210 211 208
2 1 244 -71.4900 -4.6300 0 255 -6.6000 -34.7300
9.2418587193e-01 6.1297942946e-02 -3.1932923026e+00
200 202 195
2 1 592 229.9400 13.4100 0 203 181.0600 -2.5800
-8.2527499225e-01 5.8541270703e-02 -3.2518350246e+00
205 95 130
2 1 593 -192.2800 12.0900 0 195 -140.1700 1.7000
-4.1028570697e-02 3.1920721718e-02 -3.0017859730e+00
106 19 14
2 1 595 -8.7600 9.1000 0 225 41.7800 -23.4500
-2.8850261957e-01 2.1171994971e-02 -3.0192257935e+00
26 26 24
2 1 600 -73.2700 5.9300 0 231 -8.9700 -24.7800
-1.1506903700e-01 1.8534331583e-02 -3.0032833082e+00
106 22 28
2 1 601 -28.3300 5.4500 0 235 26.9700 -26.1600
-1.7290185719e-01 -1.9947846656e-03 -3.0009542369e+00
214 208 205
2 1 607 -43.5600 0.1500 0 247 15.0400 -30.8600
-2.6131219007e-01 -4.2537027228e-02 -2.9929523178e+00
216 215 213
2 1 611 -67.1700 -10.5700 0 818 -3.2100 -40.2000
-1.3004007678e-01 -8.9652808542e-02 -2.9624640305e+00
222 224 221
2 1 624 -33.1700 -22.9600 0 288 24.0400 -51.8900
7.8720750429e-03 -2.1198111694e-01 -2.9046398748e+00
84 16 19
2 1 651 3.3800 -56.5400 0 361 51.6400 -80.5000
-8.5790492176e-02 -2.2405543397e-01 -2.9043420283e+00
177 132 128
2 1 654 -22.3500 -59.7700 0 887 33.3500 -83.9700
-1.4555839070e-01 -2.3373851538e-01 -2.9071175174e+00
187 135 132
2 1 661 -38.7200 -62.3900 0 376 21.1400 -86.2400
-3.1118374237e-01 -2.6844771354e-01 -2.9155481628e+00
158 97 53
2 1 668 -83.4800 -71.4000 0 412 -14.1800 -94.5400
-2.2725287445e-01 1.6695756623e-02 -3.0119478350e+00
211 212 207
2 1 875 -57.5300 4.8800 0 1200 3.9000 -26.1800
-1.2500260114e-01 8.7438996696e-03 -2.9990698096e+00
244 45 48
2 1 878 -31.0500 2.9000 0 802 25.1100 -28.5300
-1.4026050172e-01 -6.5374347774e-02 -2.9704904874e+00
217 218 218
2 1 895 -35.6700 -16.4300 0 828 22.1000 -46.3600
-8.5387787036e-02 -6.9839158319e-02 -2.9670515713e+00
39 40 43
2 1 899 -21.0900 -17.6300 0 831 32.9400 -47.2400
-2.2495453908e-01 -7.8877016022e-02 -2.9735939550e+00
220 220 219
2 1 903 -58.1700 -20.0600 0 835 4.5800 -49.3100
-4.8783748102e-02 -7.7522682975e-02 -2.9587621434e+00
222 224 220
2 1 904 -11.5500 -19.8800 0 832 40.7100 -49.0600
-1.4583985983e-01 -8.0962507668e-02 -2.9664705687e+00
32 32 36
2 1 906 -37.3100 -20.6500 0 836 20.8900 -49.8500
-2.5505948206e-01 -8.4700340177e-02 -2.9736320741e+00
208 207 206
2 1 908 -66.1500 -21.5800 0 837 -1.7000 -50.7200
-1.0358648045e-01 -8.7756633609e-02 -2.9602405836e+00
215 215 212
2 1 912 -26.2500 -22.6300 0 839 29.6400 -51.3300
-2.0602449012e-01 -9.3702293191e-02 -2.9685290163e+00
30 29 32
2 1 918 -53.3000 -24.0100 0 1233 8.3100 -52.6900
-2.0602449012e-01 -9.3702293191e-02 -2.9685290163e+00
30 29 32
2 1 919 -53.3000 -24.0100 0 1234 8.3100 -52.6900
-2.1554793710e-01 -1.0671467745e-01 -2.9639409449e+00
214 213 210
2 1 926 -55.9900 -27.4900 0 848 6.3900 -55.8300
-1.2439950523e-01 -1.3212470333e-01 -2.9431863210e+00
215 217 211
2 1 932 -32.0100 -34.3000 0 316 25.3700 -62.3300
-7.1729319387e-01 -2.2615117792e-01 -3.1430917132e+00
199 67 115
2 1 940 -175.0500 -56.8100 0 865 -116.1700 -67.2500
-2.8859841308e-02 -2.1515731278e-01 -2.9050100693e+00
168 128 137
2 1 942 -6.6500 -57.2900 0 882 44.4500 -81.6000
-7.0037289269e-01 -3.1295191794e-01 -3.1081456735e+00
57 156 185
2 1 956 -173.5100 -79.0800 0 1260 -112.2400 -88.1400
-4.4983604278e-01 -4.3550962144e-01 -2.9873324671e+00
117 134 119
2 1 969 -117.2900 -114.2800 0 918 -53.9200 -121.9900
-6.5700940657e-01 1.7262488697e-01 -3.3062329954e+00
146 195 194
2 1 1098 -149.5800 38.0400 0 1162 -104.0600 29.6400
-7.1608779629e-01 1.6443798744e-01 -3.3021128983e+00
181 155 165
2 1 1099 -163.4600 36.1100 0 1488 -116.6700 27.9300
-2.7877585951e-02 1.9377473930e-03 -2.9962409069e+00
57 26 30
2 1 1116 -5.5200 1.0300 0 1203 43.9100 -29.7000
-2.4843300007e-01 -2.9452750222e-02 -2.9953634311e+00
40 37 44
2 1 1125 -63.7400 -7.2100 0 1210 -0.3100 -37.1300
-6.7935045213e-02 -7.3343263505e-02 -2.9641508947e+00
35 35 35
2 1 1135 -16.5200 -18.6400 0 1223 36.5300 -48.0100
-6.7935045213e-02 -7.3343263505e-02 -2.9641508947e+00
35 35 35
2 1 1136 -16.5200 -18.6400 0 1224 36.5300 -48.0100
-9.5772171628e-02 -1.2553632926e-01 -2.9421550704e+00
210 211 207
2 1 1144 -24.3500 -32.6100 0 1238 31.3500 -60.7800
-5.7198981541e-01 -3.2205430392e-01 -3.0330276336e+00
107 168 109
2 1 1163 -146.0800 -82.9200 0 1264 -79.9200 -96.4800
-4.3312038802e-01 -4.1904460513e-01 -2.9983500330e+00
34 28 18
2 1 1171 -112.2100 -109.4400 0 1279 -51.0300 -117.5600
-1.1027021285e-01 -5.3888222192e-01 -2.2716944612e+00
46 22 13
2 1 1212 -45.4900 -185.2500 0 1393 87.1700 -227.1000
8.7051656663e-01 1.9754156256e-01 -3.2735959828e+00
125 114 96
2 1 1278 211.1900 44.7800 0 1491 169.9200 26.1200
-8.1087281404e-01 -2.1350087726e-03 -3.2308489767e+00
105 180 187
2 1 1301 -190.6600 -2.1600 0 1707 -137.0300 -12.9400
-1.6802312820e-01 -2.1351986937e-02 -2.9924948129e+00
44 43 54
2 1 1304 -42.6000 -5.0200 0 1520 16.2500 -35.3900
-1.6802312820e-01 -2.1351986937e-02 -2.9924948129e+00
44 43 54
2 1 1305 -42.6000 -5.0200 0 1521 16.2500 -35.3900
-2.0974315124e-01 -2.8284116408e-02 -2.9936995854e+00
36 33 40
2 1 1306 -53.6100 -6.9000 0 1524 7.6500 -36.8500
-1.7630281158e-01 -8.2859011213e-02 -2.9688513370e+00
41 39 46
2 1 1315 -45.3800 -21.1500 0 1533 14.5900 -50.2200
-9.2338383807e-02 5.4856267994e-02 -3.0179677615e+00
78 35 29
2 1 1422 -22.0900 14.7600 0 1710 31.2800 -17.4300
-2.8077488560e-01 1.3628742077e-02 -3.0146600876e+00
200 200 201
2 1 1426 -71.4200 4.0300 0 1711 -7.2500 -26.7400
-3.0229732873e-01 -2.3759577410e-02 -3.0025332990e+00
208 208 203
2 1 1429 -77.4800 -5.5800 0 1715 -11.8700 -35.7600
-2.7665347864e-01 -1.8099151846e-01 -2.9436576978e+00
216 182 41
2 1 1440 -73.1300 -47.5500 0 1729 -6.5600 -73.3600
-2.6409253980e-01 5.2538880391e-02 -3.0326828377e+00
218 219 214
2 1 1527 -66.3700 14.0000 0 1915 -4.2600 -17.1300
-2.6409253980e-01 5.2538880391e-02 -3.0326828377e+00
218 219 214
2 1 1528 -66.3700 14.0000 0 1916 -4.2600 -17.1300
-5.0027963302e-01 -2.5790200452e-01 -3.0628958973e+00
118 176 118
2 1 1592 -126.0900 -66.0700 0 1930 -65.1900 -79.6300
-5.3897084854e-01 -3.8949587918e-01 -3.0096681345e+00
97 165 111
2 1 1634 -138.8800 -100.8500 0 2019 -73.2500 -112.3500
-2.9911498807e-01 -1.1240622612e-01 -2.9819658692e+00
214 202 191
2 1 1690 -77.8500 -29.3500 0 2080 -11.9900 -55.4800
1.2405295547e-01 5.3866976298e-01 -3.3299758036e+00
60 76 39
2 2 61 127.2800 172.0400 0 120 58.2500 99.7800
5.3265006821e-01 5.9088418903e-01 -3.4039758034e+00
207 217 210
2 2 63 210.5900 167.7000 0 111 120.7200 107.4900
4.7272517753e-01 7.6481267173e-01 -3.4435753257e+00
131 136 113
2 2 487 197.3400 204.5800 0 61 113.6400 143.2900
5.2320194558e-01 5.9666845380e-01 -3.4177529181e+00
164 177 164
2 2 518 207.4600 168.4900 0 710 118.0200 109.3200
9.9183455438e-01 4.0165569661e-01 -3.3812063875e+00
33 29 30
2 2 547 303.6600 115.1000 0 740 182.7800 66.6100
-5.6581362794e-01 -3.3782531700e-01 -3.0289337324e+00
75 105 89
2 2 680 -48.8800 -18.9200 0 424 -78.4700 -99.7300
4.2833693541e-01 7.9133795039e-01 -3.4556317379e+00
127 134 109
2 2 840 187.4600 210.7300 0 679 106.3500 149.7700
5.4121036253e-01 4.8845705371e-01 -3.3999748610e+00
113 129 101
2 2 872 211.3800 145.4600 0 722 118.2400 87.8800
9.7420321347e-01 4.2874572405e-01 -3.3845954429e+00
46 41 40
2 2 879 299.7900 121.0800 0 735 181.5900 71.8200
-8.3626436388e-01 4.4190171073e-02 -3.2507320756e+00
142 176 195
2 2 915 -109.2500 83.6400 0 200 -142.9900 -1.5500
-7.4015951316e-02 -1.2043248921e-01 -2.9437675230e+00
217 220 218
2 2 977 91.4000 28.0100 0 855 35.4100 -59.4800
-6.9251863226e-01 -7.7054334385e-01 -3.0440971138e+00
67 65 64
2 2 1118 -93.3100 -131.5600 0 1002 -116.3700 -183.2400
-3.0703882241e-01 5.2373086212e-01 -3.5832104026e+00
184 182 174
2 2 1153 20.4900 166.8600 0 1118 -43.7700 114.2400
-3.3266139275e-01 5.2062868644e-01 -3.5852159792e+00
97 77 65
2 2 1154 14.5600 166.5700 0 1117 -48.5400 114.2400
5.6293953299e-01 4.2191956990e-01 -3.3422067467e+00
104 113 81
2 2 1174 219.9300 132.5400 0 1454 125.6000 72.5700
5.5654033673e-01 3.9627631055e-01 -3.3573054442e+00
86 94 54
2 2 1175 216.6700 126.3400 0 1144 122.0700 68.6800
-5.9694485565e-01 1.9032587056e-01 -3.3231340717e+00
208 177 182
2 2 1179 -47.2700 110.6800 0 1159 -91.9300 34.3200
-2.7497798511e-01 -3.7052793992e-02 -3.0016807802e+00
67 64 72
2 2 1210 36.6600 54.6300 0 1212 -6.4200 -38.3000
-1.7600555120e-01 -1.3848338123e-01 -2.9398885728e+00
213 211 212
2 2 1226 63.5900 25.5600 0 1246 15.7200 -64.0700
-5.4189527972e-01 3.7805090444e-01 -3.4092014878e+00
226 138 171
2 2 1355 -31.2200 149.3500 0 1681 -81.4000 78.8100
-8.2219525567e-01 3.7344429631e-02 -3.2484449515e+00
111 188 200
2 2 1388 -106.2000 81.5100 0 1705 -139.5700 -3.0200
-8.1105230843e-01 -3.2828056292e-03 -3.2328477061e+00
112 191 203
2 2 1394 -104.5800 71.5500 0 1708 -137.0300 -12.9400
-6.4329159763e-01 -8.7569900269e-02 -3.1318832785e+00
110 132 120
2 2 1408 -63.6900 48.5200 0 1716 -96.2500 -39.2800
-6.3724453008e-01 3.7351839889e-02 -3.1840156775e+00
102 116 116
2 2 1536 -60.0600 78.6600 0 1830 -94.6000 -8.0300
-2.9974737248e-01 -2.5959999397e-02 -3.0073161131e+00
210 211 211
2 2 1546 30.3600 58.2600 0 1714 -11.8700 -35.7600
-5.9142247794e-01 -1.2205702706e-01 -3.1173424712e+00
92 100 102
2 2 1623 -51.1400 38.4400 0 1838 -84.7500 -47.3800
-5.5008400761e-01 -7.8658523447e-02 -3.1390898654e+00
137 203 156
2 2 1739 -39.7400 48.2200 0 2068 -76.2700 -36.1800
