# Bundle file v0.3
3 166
6.8344303676e+02 1.6663326693e-02 1.1893160758e-03
9.9999055787e-01 3.0663138801e-03 3.0792685882e-03
-3.0565846954e-03 9.9999033792e-01 -3.1593276532e-03
-3.0889263263e-03 3.1498857772e-03 9.9999026833e-01
6.4547565251e-03 -5.7113555167e-03 -4.3657614682e-02
6.2213927325e+02 -4.5421564033e-02 -1.0662632098e-02
8.4615923806e-01 -1.7693890581e-01 5.0269987812e-01
3.2096072154e-01 9.2221380768e-01 -2.1565228528e-01
-4.2543948933e-01 3.4382308900e-01 8.3713017171e-01
8.5032073175e-01 -4.5740603495e-01 -6.8774378244e-02
7.0019924129e+02 4.4231782297e-02 -1.1940140726e-03
9.0622825490e-01 -2.2251188421e-01 3.5949799918e-01
6.6769525918e-02 9.1495318488e-01 3.9799811544e-01
-4.1748314988e-01 -3.3667362663e-01 8.4401344106e-01
7.6805310393e-01 8.3494129383e-01 -4.4091344207e-03
-1.9526902697e-01 1.1570888613e-01 -1.7655941610e+00
172 182 191
2 0 105 -73.2600 43.9600 1 694 -97.3200 -14.2800
-2.3948276584e-01 8.9493890488e-02 -1.7709958203e+00
217 79 130
2 0 116 -89.9000 33.8700 1 221 -113.0900 -30.4600
-3.4409204333e-01 7.7368204819e-02 -1.7846548277e+00
122 170 178
3 0 121 -128.7400 29.1600 1 1099 -157.0900 -49.5600 2 1192 -101.6100 86.7700
-3.4409204333e-01 7.7368204819e-02 -1.7846548277e+00
122 170 178
3 0 122 -128.7400 29.1600 1 1100 -157.0900 -49.5600 2 1193 -101.6100 86.7700
-3.3456262143e-01 5.1703533152e-02 -1.7841005554e+00
205 70 122
2 0 131 -124.7800 19.7600 1 746 -149.8800 -58.6000
-3.5061666281e-01 2.6848210253e-02 -1.7849611060e+00
162 148 161
3 0 139 -130.7900 10.4100 1 767 -154.0100 -70.7700 2 607 -100.5500 64.1700
-1.3926608014e-01 -4.7863097736e-02 -1.6367421418e+00
36 37 39
3 0 170 -56.1600 -19.1400 1 315 -36.2300 -86.2100 2 597 34.1500 69.5000
-1.3944550080e-01 -4.7135983995e-02 -1.6347436806e+00
36 37 39
2 0 171 -56.1600 -19.1400 1 316 -36.2300 -86.2100
-7.5924858803e-02 -5.6878562363e-02 -1.6165643910e+00
203 207 202
2 0 174 -30.6900 -23.5400 1 304 -7.3000 -81.9100
-7.2501803281e-02 -6.9667137732e-02 -1.6156369851e+00
56 15 14
2 0 181 -29.3800 -28.8900 1 317 -4.7600 -86.3200
-3.8099861096e-01 -7.9368842319e-02 -1.7938355303e+00
135 194 196
3 0 182 -141.5000 -29.5200 1 1180 -155.3100 -114.6700 2 987 -107.5900 12.2500
-6.0837723176e-02 -7.3182026708e-02 -1.6122253755e+00
121 12 10
2 0 183 -24.5200 -30.3200 1 318 0.5400 -86.3400
-4.7124738022e-02 -7.4803417570e-02 -1.6097836734e+00
84 6 3
2 0 185 -18.8500 -31.0200 1 313 6.2500 -85.0800
-2.4462509813e-02 -7.6883116651e-02 -1.6033087383e+00
111 5 2
2 0 189 -9.6300 -32.1500 1 305 16.2300 -82.9300
-2.4462509813e-02 -7.6883116651e-02 -1.6033087383e+00
111 5 2
2 0 190 -9.6300 -32.1500 1 306 16.2300 -82.9300
-1.3595642476e-01 -8.4273516835e-02 -1.6345701607e+00
206 207 202
3 0 191 -54.8800 -34.1600 1 809 -31.3800 -99.9500 2 942 40.8600 52.8700
-4.3826609878e-02 -9.5974262010e-02 -1.6073026270e+00
205 214 205
3 0 198 -17.6400 -39.6800 1 801 9.5000 -92.9500 2 933 92.1200 55.8100
-1.3881446662e-01 -1.0706379069e-01 -1.6348942438e+00
209 208 204
3 0 201 -56.1100 -43.8100 1 827 -30.5700 -108.8200 2 955 42.3600 41.8600
-1.1239245388e-01 -1.1022670023e-01 -1.6264317350e+00
213 214 206
3 0 202 -45.5600 -45.3600 1 368 -18.7500 -106.8100 2 951 57.4100 43.0000
-1.2332460552e-01 -1.2390821825e-01 -1.6301664704e+00
210 208 199
2 0 208 -49.9700 -50.7100 1 842 -22.4900 -113.2800
-1.0997868024e-01 -1.2491228699e-01 -1.6259409474e+00
211 214 206
3 0 209 -44.6200 -51.0600 1 839 -16.4400 -112.1300 2 969 60.6600 35.8900
-9.4407746233e-02 -1.2653770798e-01 -1.6215412901e+00
207 209 201
3 0 210 -38.4300 -51.8000 1 380 -9.6400 -110.7400 2 967 69.3900 36.4800
-1.3105016094e-01 -1.2785610984e-01 -1.6316683292e+00
38 37 40
2 0 212 -53.0800 -52.2600 1 389 -25.3800 -115.8600
-1.3105016094e-01 -1.2785610984e-01 -1.6316683292e+00
38 37 40
2 0 213 -53.0800 -52.2600 1 390 -25.3800 -115.8600
-8.2669323064e-02 -1.2722374938e-01 -1.6170407800e+00
196 199 195
2 0 214 -33.5500 -52.4800 1 372 -4.3600 -109.6700
-8.2425524053e-02 -1.2771528538e-01 -1.6179849626e+00
196 199 195
3 0 215 -33.5500 -52.4800 1 373 -4.3600 -109.6700 2 963 76.0000 37.0900
-3.4384577034e-02 -1.3304496519e-01 -1.6037398620e+00
204 205 201
3 0 219 -13.9000 -55.3700 1 362 16.3800 -105.6100 2 198 102.7700 39.1700
-3.4650781756e-02 -1.3300765608e-01 -1.6043016371e+00
204 205 201
2 0 220 -13.9000 -55.3700 1 363 16.3800 -105.6100
-1.0399740539e-01 -1.3942414060e-01 -1.6230738269e+00
13 15 11
3 0 224 -42.1900 -57.7600 1 844 -12.5400 -116.6800 2 975 66.0700 29.9100
-1.0399740539e-01 -1.3942414060e-01 -1.6230738269e+00
13 15 11
3 0 225 -42.1900 -57.7600 1 845 -12.5400 -116.6800 2 976 66.0700 29.9100
-2.8897364360e-01 -1.6189168930e-01 -1.7392984442e+00
27 64 29
3 0 236 -110.4400 -61.8800 1 411 -101.9300 -138.0500 2 674 -45.0500 -13.2800
-8.5379553479e-02 -1.5012962487e-01 -1.6183725070e+00
212 212 209
2 0 238 -34.7100 -61.8900 1 846 -3.8400 -118.3700
-1.2007767221e-01 -1.9878390327e-01 -1.6277371062e+00
161 122 123
2 0 259 -48.8500 -81.4500 1 419 -14.6800 -140.5400
-1.0912871248e-01 -1.9939923917e-01 -1.6242903239e+00
171 139 128
2 0 263 -44.3700 -81.8100 1 415 -9.9600 -139.5100
-8.9358032815e-02 -2.0234414356e-01 -1.6186866063e+00
188 145 143
3 0 266 -36.4100 -83.2300 1 412 -1.2700 -138.0600 2 660 83.1300 -0.2700
-8.9407196923e-02 -2.0204890237e-01 -1.6180095513e+00
188 145 143
2 0 267 -36.4100 -83.2300 1 413 -1.2700 -138.0600
-4.2889023872e-02 -2.0789011807e-01 -1.6055333231e+00
183 142 138
3 0 269 -17.4300 -86.2800 1 405 18.5700 -134.1100 2 1000 109.2700 1.5400
-4.2955079883e-02 -2.0766458451e-01 -1.6050518379e+00
183 142 138
2 0 270 -17.4300 -86.2800 1 406 18.5700 -134.1100
-3.7337322561e-01 7.3308004070e-02 -1.7921261307e+00
153 152 169
2 0 645 -138.8200 27.7000 1 1105 -169.7900 -55.0700
-3.3685337389e-01 1.7859143515e-02 -1.7827452484e+00
201 64 113
3 0 654 -125.7700 6.9500 1 1118 -146.8900 -72.3000 2 929 -92.7800 60.8800
-2.5054060658e-01 1.5394347262e-02 -1.7378639445e+00
68 89 77
2 0 655 -95.6700 6.1900 1 763 -104.7500 -65.5600
-2.5054060658e-01 1.5394347262e-02 -1.7378639445e+00
68 89 77
2 0 656 -95.6700 6.1900 1 762 -104.7500 -65.5600
4.4426004628e-01 8.1964133071e-03 -1.5928370654e+00
207 216 211
2 0 662 186.0500 2.3000 1 669 165.7300 14.4800
-3.3862894985e-01 3.5422035720e-03 -1.7834709297e+00
201 66 108
3 0 663 -126.3500 1.5300 1 1126 -146.1000 -78.0100 2 939 -92.4700 54.2200
-3.3026133403e-01 -2.8651913980e-02 -1.7833297245e+00
184 170 132
2 0 667 -123.2400 -10.2900 1 1150 -138.9600 -89.0500
4.4120841690e-01 -6.2511770837e-02 -1.6091995165e+00
190 195 188
2 0 687 182.9800 -26.7300 1 692 162.5200 -10.0100
-1.4184145287e-01 -7.8614342339e-02 -1.6375350063e+00
23 23 29
3 0 688 -57.2800 -31.6400 1 1161 -34.5900 -98.3400 2 1210 36.6600 54.6300
-6.6556246071e-02 -7.7449141026e-02 -1.6140542946e+00
233 37 33
2 0 689 -26.9800 -32.1500 1 791 -1.5800 -88.5200
-5.3220700803e-02 -7.9511208839e-02 -1.6097608088e+00
230 37 30
2 0 691 -21.4300 -33.0100 1 790 4.4000 -87.8300
-1.2185434335e-01 -8.6238686276e-02 -1.6300262045e+00
215 218 207
2 0 695 -49.2800 -35.2900 1 806 -25.0800 -98.8800
-1.2186889173e-01 -8.6364798846e-02 -1.6304518995e+00
215 218 207
3 0 696 -49.2800 -35.2900 1 807 -25.0800 -98.8800 2 940 48.7900 53.2300
-3.6832416539e-02 -9.0245928704e-02 -1.6047617027e+00
27 18 24
3 0 697 -14.7300 -37.6300 1 797 11.9500 -89.8800 2 932 95.2600 59.4200
-6.1297638132e-02 -9.3850875196e-02 -1.6117784157e+00
210 214 207
3 0 699 -24.7800 -38.8000 1 803 1.9900 -94.3600 2 937 82.6100 55.4400
-6.1297638132e-02 -9.3850875196e-02 -1.6117784157e+00
210 214 207
3 0 700 -24.7800 -38.8000 1 804 1.9900 -94.3600 2 938 82.6100 55.4400
-3.1101133058e-02 -9.7763405958e-02 -1.6038242978e+00
217 218 216
3 0 702 -12.3800 -40.5800 1 799 15.0200 -92.0000 2 934 99.0500 56.0900
-1.2433643177e-01 -1.0801953880e-01 -1.6304816237e+00
212 215 209
3 0 705 -50.3400 -44.2600 1 822 -24.1100 -107.4200 2 949 50.4100 42.7700
-1.2417858915e-01 -1.0802661588e-01 -1.6301652495e+00
212 215 209
2 0 706 -50.3400 -44.2600 1 823 -24.1100 -107.4200
-1.3157107483e-01 -1.1216113754e-01 -1.6327646208e+00
16 16 20
3 0 709 -53.2100 -45.9100 1 832 -26.8800 -109.8600 2 956 46.9100 40.0500
-1.3157107483e-01 -1.1216113754e-01 -1.6327646208e+00
16 16 20
3 0 710 -53.2100 -45.9100 1 833 -26.8800 -109.8600 2 957 46.9100 40.0500
-1.1749618244e-01 -1.1814259922e-01 -1.6273064175e+00
17 17 27
2 0 714 -47.6500 -48.4400 1 835 -20.1900 -110.5800
-1.1749618244e-01 -1.1814259922e-01 -1.6273064175e+00
17 17 27
2 0 715 -47.6500 -48.4400 1 836 -20.1900 -110.5800
-8.8465396775e-02 -1.2060402592e-01 -1.6189985282e+00
34 33 42
2 0 719 -35.8900 -49.6900 1 824 -7.4400 -107.8800
-3.3939213127e-02 -1.1897079250e-01 -1.6038060131e+00
214 218 216
3 0 720 -13.5200 -49.7000 1 810 15.5300 -100.3200 2 943 100.7300 46.0700
-5.9495005596e-02 -1.2324331543e-01 -1.6105078010e+00
12 11 19
3 0 722 -24.2600 -51.0500 1 359 5.3000 -105.1500 2 627 87.9100 41.6500
-5.9696065750e-02 -1.2297241365e-01 -1.6101287171e+00
12 11 19
2 0 723 -24.2600 -51.0500 1 360 5.3000 -105.1500
-4.1994629184e-02 -1.2353920502e-01 -1.6056567557e+00
24 23 28
3 0 724 -16.8800 -51.4900 1 815 12.6500 -103.1000 2 952 97.1700 43.2100
-4.1994629184e-02 -1.2353920502e-01 -1.6056567557e+00
24 23 28
3 0 725 -16.8800 -51.4900 1 816 12.6500 -103.1000 2 953 97.1700 43.2100
-5.7827120613e-02 -1.3306146572e-01 -1.6105139009e+00
208 209 205
3 0 729 -23.6600 -54.8700 1 828 6.4100 -108.5900 2 966 90.3700 36.8300
-1.0976920553e-01 -1.4660289906e-01 -1.6255044046e+00
207 208 201
3 0 737 -44.3600 -60.3200 1 1186 -14.4600 -120.1800 2 1226 63.5900 25.5600
-7.1888757601e-02 -1.5094928221e-01 -1.6142673910e+00
209 210 207
2 0 739 -29.2500 -62.4200 1 1182 2.0500 -116.9800
-1.1588475102e-01 -2.0666117297e-01 -1.6270251423e+00
28 23 19
3 0 752 -47.1700 -84.6000 1 867 -11.9900 -142.7900 2 1012 68.7500 -5.3200
-6.2117793889e-02 -2.0563713010e-01 -1.6097933098e+00
181 143 141
2 0 753 -25.3300 -85.1900 1 864 10.5900 -135.9100
-5.3124753544e-02 -2.0630194100e-01 -1.6074586178e+00
163 123 123
2 0 755 -21.6200 -85.5800 1 862 14.3400 -134.9900
4.2810128575e-01 -2.1192951190e-01 -1.5954277149e+00
175 181 175
2 0 760 178.8800 -89.2500 1 756 167.3600 -63.9600
1.8199273543e-01 -3.7567938536e-01 -1.4039629721e+00
99 121 44
2 0 886 86.2400 -178.4100 1 482 155.5000 -188.2400
-3.1687677056e-01 1.0237266975e-01 -1.7821784664e+00
138 154 170
2 0 1043 -118.4400 38.5600 1 1090 -147.9500 -35.7000
-2.5701303557e-01 9.9169277496e-02 -1.7742926960e+00
138 166 181
2 0 1044 -96.3000 37.5100 1 1086 -121.7400 -28.9000
-2.2839085593e-01 2.3191879091e-03 -1.7319679340e+00
62 82 71
2 0 1062 -87.6000 1.0100 1 1113 -93.5300 -67.7300
-2.6695883239e-01 -2.7960602325e-02 -1.7367780920e+00
58 107 77
3 0 1068 -102.1300 -10.5700 1 1136 -106.8200 -85.0400 2 1213 -47.6400 52.1100
4.4409924999e-01 -5.3797831162e-02 -1.6051970093e+00
139 138 128
2 0 1071 184.5700 -23.2800 1 686 164.2000 -6.8300
-2.2767448488e-02 -6.1963938608e-02 -1.6025162712e+00
54 17 6
2 0 1073 -8.7700 -25.8400 1 1124 15.8500 -77.2200
-2.2767448488e-02 -6.1963938608e-02 -1.6025162712e+00
54 17 6
2 0 1074 -8.7700 -25.8400 1 1125 15.8500 -77.2200
-5.5305550026e-02 -6.6052476982e-02 -1.6103280690e+00
247 39 39
2 0 1075 -22.2000 -27.3700 1 1134 2.4300 -83.0200
-3.2964344557e-02 -6.7986890308e-02 -1.6040241126e+00
254 38 36
2 0 1076 -13.0000 -28.3000 1 1131 12.2200 -80.9900
-3.2964344557e-02 -6.7986890308e-02 -1.6040241126e+00
254 38 36
2 0 1077 -13.0000 -28.3000 1 1130 12.2200 -80.9900
-9.9756714041e-02 -7.1711542050e-02 -1.6228959069e+00
208 212 206
2 0 1078 -40.5200 -29.6300 1 1151 -16.3500 -90.5200
-1.2798517188e-01 -7.9446376899e-02 -1.6318826142e+00
22 22 28
2 0 1080 -51.7100 -32.4600 1 1157 -28.3800 -97.0600
-3.3312893890e-02 -7.9596502104e-02 -1.6067262790e+00
245 40 34
2 0 1081 -13.4500 -33.3500 1 1140 12.5300 -84.7400
-3.3530183821e-01 -9.3597725294e-02 -1.7843975625e+00
117 175 174
2 0 1083 -125.0200 -34.5000 1 1408 -134.0800 -113.9800
-1.0052185504e-01 -9.0904351263e-02 -1.6236195719e+00
211 211 202
3 0 1085 -40.7500 -37.2700 1 1159 -15.0400 -98.0300 2 1211 60.9000 53.1200
-1.0048717787e-01 -9.0547194417e-02 -1.6223971863e+00
211 211 202
2 0 1086 -40.7500 -37.2700 1 1160 -15.0400 -98.0300
-8.0649970240e-02 -9.2697894469e-02 -1.6161847303e+00
216 223 214
2 0 1087 -32.6000 -38.2100 1 1155 -6.1900 -96.5700
-8.0176891404e-02 -9.3417269603e-02 -1.6174180891e+00
216 223 214
3 0 1088 -32.6000 -38.2100 1 1156 -6.1900 -96.5700 2 1212 72.5300 53.7400
-5.4039226122e-02 -1.0702744903e-01 -1.6093562818e+00
25 25 29
3 0 1092 -21.8500 -44.6000 1 1162 6.1500 -98.3200 2 1215 88.4000 50.0000
-5.4039226122e-02 -1.0702744903e-01 -1.6093562818e+00
25 25 29
3 0 1093 -21.8500 -44.6000 1 1163 6.1500 -98.3200 2 1216 88.4000 50.0000
-1.0321673055e-01 -1.1631378899e-01 -1.6211947790e+00
27 24 34
2 0 1099 -41.8600 -47.8100 1 1406 -13.7600 -108.5000
-5.1675339716e-02 -1.2763055563e-01 -1.6085315242e+00
29 24 31
2 0 1104 -20.8300 -52.9100 1 1173 8.8400 -105.9300
-5.1675339716e-02 -1.2763055563e-01 -1.6085315242e+00
29 24 31
2 0 1105 -20.8300 -52.9100 1 1174 8.8400 -105.9300
-2.8021475527e-02 -1.2698343498e-01 -1.6023921415e+00
42 12 12
2 0 1106 -11.1500 -52.9400 1 1166 18.7600 -102.5500
-1.5091228782e-01 -1.3696251595e-01 -1.6379471189e+00
53 16 14
2 0 1110 -61.0400 -55.7900 1 1413 -33.3500 -121.6300
-2.9640295147e-02 -1.4032191564e-01 -1.6019260914e+00
40 15 18
2 0 1113 -11.7300 -58.3900 1 1175 19.1700 -107.9700
-3.0846736945e-02 -1.4952730109e-01 -1.6001615670e+00
44 10 12
3 0 1116 -12.2600 -62.6600 1 1176 19.4000 -111.6500 2 1224 107.7400 32.3200
-4.2810282379e-02 -1.5432632166e-01 -1.6056147483e+00
209 213 207
3 0 1118 -17.4300 -64.3700 1 1411 14.4300 -114.4600 2 1421 101.5300 28.2500
-3.4853569431e-01 1.2746409529e-01 -1.7863311782e+00
181 142 152
2 0 1341 -129.8900 48.0200 1 1518 -164.9900 -30.0200
-3.5480633406e-01 4.4527313486e-02 -1.7882356964e+00
114 177 184
2 0 1362 -132.1700 16.9900 1 1529 -158.0100 -64.0200
1.9920486224e-01 -2.9936531099e-02 -1.7151785934e+00
98 154 76
2 0 1372 77.8500 -11.9400 1 1374 62.9300 -19.9500
-8.0490524316e-02 -6.3270642212e-02 -1.6176205753e+00
213 217 212
3 0 1380 -32.7700 -26.0700 1 1395 -8.9300 -84.8900 2 1398 68.3600 68.0700
-1.2989411929e-01 -6.6596181066e-02 -1.6324794497e+00
211 216 206
3 0 1382 -52.5300 -27.2900 1 1398 -29.9600 -92.2600 2 1405 41.7300 62.0200
-3.6127759268e-01 -7.6762858665e-02 -1.7877995004e+00
133 163 169
3 0 1383 -134.3700 -28.4800 1 1548 -146.7400 -111.5100 2 1553 -97.1900 15.4000
-1.1018906432e-01 -8.4036276191e-02 -1.6253745015e+00
28 26 33
2 0 1385 -44.4800 -34.3700 1 1401 -19.9600 -96.9300
-1.1749792272e-01 -9.7878556011e-02 -1.6282262385e+00
25 23 25
3 0 1390 -47.6200 -40.1000 1 1403 -22.1500 -102.8000 2 1409 53.0400 48.3500
-1.1749792272e-01 -9.7878556011e-02 -1.6282262385e+00
25 23 25
3 0 1391 -47.6200 -40.1000 1 1404 -22.1500 -102.8000 2 1410 53.0400 48.3500
-1.4504511113e-01 -1.1649450322e-01 -1.6380674778e+00
25 26 27
3 0 1393 -58.4500 -47.1900 1 1409 -32.6400 -113.1800 2 1416 39.8100 36.2300
-7.5410300712e-02 -1.1880067483e-01 -1.6157763637e+00
24 23 27
3 0 1397 -30.6400 -49.1900 1 1405 -2.0100 -105.3700 2 1413 78.4800 42.2500
-1.5855556307e-01 -1.2524564183e-01 -1.6433724686e+00
200 199 196
2 0 1398 -64.2600 -51.1300 1 1550 -38.1600 -117.3600
-1.6166344092e-01 -1.5156888011e-01 -1.6398477705e+00
208 185 45
2 0 1403 -65.1100 -61.4300 1 1554 -36.6900 -128.8900
-2.4526860284e-02 3.3907123765e-01 -1.8105406873e+00
195 200 194
2 0 1499 -8.4600 125.0200 1 1617 -59.8400 101.5100
-3.0286875452e-01 1.2350887839e-01 -1.7792876474e+00
207 78 115
2 0 1517 -113.1700 46.6900 1 1653 -144.1900 -25.5200
-2.4184408991e-01 1.1979261129e-01 -1.7721370827e+00
216 82 134
2 0 1519 -90.5700 45.4000 1 1650 -117.5000 -18.7300
4.0085165197e-03 1.0577232801e-01 -1.7383010546e+00
233 105 153
2 0 1520 2.2000 40.6100 1 1638 -16.3000 6.6700
-3.3768488452e-01 6.2847257415e-02 -1.7849456864e+00
211 80 120
2 0 1531 -125.8000 24.0000 1 1525 -152.6300 -54.6700
-1.3694490716e-01 -5.2679800399e-02 -1.6348273059e+00
190 191 191
2 0 1546 -55.2000 -21.4500 1 1536 -34.7600 -87.8700
-1.5175640157e-01 -6.8751032664e-02 -1.6395542809e+00
206 208 202
2 0 1550 -61.2400 -28.0300 1 1537 -39.9400 -95.7200
-1.3214316400e-01 -9.5436247945e-02 -1.6332746339e+00
210 212 205
3 0 1551 -53.3800 -38.7600 1 1546 -28.8000 -103.7400 2 1550 44.5000 47.9100
-1.4350678605e-01 -3.2936684800e-02 -1.6385985868e+00
209 206 196
2 0 1661 -57.6100 -13.2600 1 1667 -39.8800 -80.8500
-1.2392696597e-01 -3.4441273924e-02 -1.6311517373e+00
212 219 211
2 0 1662 -50.0200 -14.1100 1 1666 -30.5400 -79.0700
-2.5469905933e-01 -1.3823494883e-01 -1.7341477590e+00
114 166 102
2 0 1669 -97.6800 -52.9400 1 1676 -90.3300 -124.4200
-2.5469905933e-01 -1.3823494883e-01 -1.7341477590e+00
114 166 102
2 0 1670 -97.6800 -52.9400 1 1677 -90.3300 -124.4200
-4.4353030305e-02 -1.4596784696e-01 -1.6058342592e+00
214 218 210
2 0 1672 -17.9200 -60.6700 1 1673 13.4800 -111.8200
-1.2553022713e-01 -1.3788280589e-01 -1.6321430968e+00
211 215 207
2 0 1750 -50.6200 -56.1600 1 1749 -22.6900 -118.7800
-8.7949224219e-02 -1.4060906758e-01 -1.6203990276e+00
205 207 204
2 0 1751 -35.7600 -57.9400 1 1674 -5.9300 -114.9200
-2.5936974304e-01 3.5776624825e-01 -1.8670964201e+00
105 84 83
2 0 28 -92.4200 128.6700 2 857 -96.0300 177.2600
-2.2355251176e-01 1.1415230244e-01 -1.7642434196e+00
165 163 184
2 0 106 -84.2200 43.5600 2 555 -45.7700 108.2200
-8.3776558139e-02 -1.1362680783e-01 -1.6178256058e+00
221 222 216
2 0 204 -33.9500 -46.9500 2 625 73.3400 44.0800
-8.5454034145e-02 -1.5007026509e-01 -1.6181130950e+00
212 212 209
2 0 239 -34.7100 -61.8900 2 980 77.6300 26.1700
-3.7233447814e-02 -1.5640079070e-01 -1.6048099981e+00
225 221 218
2 0 244 -15.0700 -64.9700 2 639 104.4300 27.4500
-1.5695308240e-01 -2.0090999403e-01 -1.6413491099e+00
32 26 11
2 0 261 -63.1900 -81.7600 2 1016 44.6900 -6.8900
-1.5695308240e-01 -2.0090999403e-01 -1.6413491099e+00
32 26 11
2 0 262 -63.1900 -81.7600 2 1017 44.6900 -6.8900
-3.5672639396e-02 -2.0932490582e-01 -1.6038190202e+00
84 4 0
2 0 274 -14.5700 -86.8600 2 655 113.4500 1.3800
4.6752147735e-01 -3.7298035912e-02 -1.5901504147e+00
205 208 200
2 0 677 196.2500 -16.4800 2 906 290.1000 91.9300
-1.1222312757e-01 -5.8788325969e-02 -1.6278782305e+00
211 215 209
2 0 683 -45.3400 -24.1800 2 927 50.2900 67.2100
4.5700054389e-01 8.1691812533e-03 -1.5867578942e+00
192 199 192
2 0 1059 192.3500 2.5100 2 885 280.0300 110.8700
4.5700054389e-01 8.1691812533e-03 -1.5867578942e+00
192 199 192
2 0 1060 192.3500 2.5100 2 886 280.0300 110.8700
2.2809454483e-02 3.6398722835e-01 -1.7797160768e+00
195 198 191
2 0 1296 9.0900 136.8100 2 1334 29.3700 197.5600
4.5535434658e-01 -4.6153408710e-02 -1.5994929254e+00
214 224 216
2 0 1545 190.2800 -20.4400 2 1385 283.9900 86.3600
3.4500586054e-01 2.6813458442e-01 -1.5942495450e+00
192 209 199
2 1 43 124.5300 103.9800 2 23 199.6600 208.7600
3.4372840149e-01 2.6386921461e-01 -1.6033709207e+00
129 146 127
2 1 45 121.7500 102.3800 2 487 197.3400 204.5800
3.4986809307e-01 1.7804293327e-01 -1.6188314073e+00
161 180 162
2 1 83 123.2600 69.0800 2 518 207.4600 168.4900
3.5256881106e-01 1.7224860674e-01 -1.6135510481e+00
210 224 216
2 1 86 125.9400 66.8200 2 63 210.5900 167.7000
-3.0985105694e-01 1.2807473348e-01 -1.7803988149e+00
200 85 121
2 1 208 -148.2600 -24.6300 2 115 -89.0800 110.0300
-1.4186422497e-01 -6.2846700010e-02 -1.6354621872e+00
37 34 35
2 1 335 -35.7500 -92.4700 2 612 35.1000 62.8600
-1.4186422497e-01 -6.2846700010e-02 -1.6354621872e+00
37 34 35
2 1 336 -35.7500 -92.4700 2 613 35.1000 62.8600
-9.4109114331e-02 -1.1282040937e-01 -1.6208499316e+00
217 216 214
2 1 361 -10.5400 -105.6100 2 626 67.7200 43.4600
-1.1233419980e-01 -1.1006667583e-01 -1.6265199944e+00
210 211 210
2 1 367 -18.7500 -106.8100 2 950 57.4100 43.0000
-2.9784895432e-01 -1.7150313622e-01 -1.7412608282e+00
23 69 32
2 1 423 -104.4900 -142.5900 2 680 -48.8800 -18.9200
-3.4299655811e-01 1.0467628349e-01 -1.7845205318e+00
100 173 183
2 1 722 -159.8200 -38.7000 2 896 -103.6900 98.8200
-2.4985945302e-01 2.7248565613e-02 -1.7363445695e+00
65 86 77
2 1 751 -105.4300 -60.9400 2 918 -45.1800 77.5400
-6.9976256313e-02 -1.3071948315e-01 -1.6139858474e+00
214 214 206
2 1 829 1.2000 -109.2500 2 965 83.2000 37.0100
-1.0996367236e-01 -1.2509128987e-01 -1.6259198299e+00
212 217 213
2 1 838 -16.4400 -112.1300 2 968 60.6600 35.8900
5.4679483407e-01 2.5558646781e-02 -1.5975705268e+00
57 51 48
2 1 1044 192.3000 32.7100 2 547 303.6600 115.1000
-3.5208020866e-01 9.3860812778e-02 -1.7851848535e+00
199 88 129
2 1 1094 -162.7700 -44.4400 2 900 -106.9900 93.9000
-2.9362651208e-01 -1.8226986337e-01 -1.7399635848e+00
30 57 35
2 1 1204 -101.6300 -145.9100 2 1249 -45.3100 -23.8800
-6.5949810410e-02 -1.1025244355e-01 -1.6123824006e+00
212 214 208
2 1 1402 1.4100 -101.1600 2 1411 82.6100 47.3900
-7.3602537222e-02 5.3907752488e-01 -1.8955565264e+00
48 30 25
2 1 1474 -110.4900 182.7800 2 1647 -41.6200 227.9400
-2.5231387124e-01 1.5211519945e-03 -1.7356524580e+00
61 86 67
2 1 1532 -103.1400 -71.4100 2 1401 -44.0200 66.0600
-1.0158796218e-01 -9.9270863234e-02 -1.6247394759e+00
164 164 161
2 1 1543 -15.0000 -101.1700 2 1549 61.2400 48.8600
