# Bundle file v0.3
3 54
5.8454381920e+02 -1.0927699287e-02 -2.0697728608e-03
9.9978716982e-01 -5.3163267303e-03 1.9933683371e-02
5.0739707611e-03 9.9991283726e-01 1.2189040689e-02
-1.9996746820e-02 -1.2085303566e-02 9.9972700051e-01
2.8924305548e-02 1.7376874030e-02 1.4884855612e-01
6.9827965127e+02 8.3886303701e-03 1.3265585337e-03
7.3962627964e-01 2.6539785722e-01 -6.1847954197e-01
-2.7072336488e-01 9.5866116009e-01 8.7622142426e-02
6.1616704405e-01 1.0262922349e-01 7.8090038822e-01
-9.4375803971e-01 1.8465213065e-01 -4.6942994936e-01
0 0 0
0 0 0
0 0 0
0 0 0
0 0 0
-6.9684763745e-02 5.9568633843e-02 -1.5210023986e+00
210 232 242
2 0 154 -30.4700 24.9200 1 758 -16.0200 52.3200
4.2590142735e-04 -2.0858516901e-01 -1.4124495361e+00
163 131 134
2 0 297 1.0800 -96.7900 1 289 -54.8400 -60.8000
-8.7853058597e-02 8.5865754636e-02 -1.5145237223e+00
228 123 155
2 0 609 -38.3600 35.9800 1 99 -20.2500 65.1700
4.1223329221e-03 -5.8938240712e-02 -1.4030006897e+00
59 11 12
2 0 645 2.4800 -27.2200 1 798 -39.4900 1.6900
-1.4702510257e-02 -8.1727759537e-02 -1.4006051925e+00
240 39 35
2 0 657 -6.2500 -37.8700 1 809 -48.6900 -5.7400
-3.9555872460e-02 -8.3866505536e-02 -1.3999438489e+00
218 217 212
2 0 659 -17.8500 -39.1300 1 174 -56.6700 -3.4400
2.5316299686e-02 -9.5471764806e-02 -1.4051779714e+00
221 224 222
2 0 663 12.4300 -44.2700 1 203 -36.3800 -16.4900
1.1950930762e-02 -9.5809657035e-02 -1.4042075803e+00
219 223 222
2 0 665 6.2400 -44.6100 1 201 -40.8900 -14.7900
2.6213563117e-02 -1.1866974001e-01 -1.4070879704e+00
218 220 217
2 0 673 12.8300 -54.7300 1 222 -38.2900 -26.8500
-2.6716275045e-02 -1.2108822611e-01 -1.4042605684e+00
214 218 212
2 0 676 -11.7600 -56.2900 1 209 -55.7100 -20.8200
-3.0328343465e-02 -1.2852392709e-01 -1.4051133540e+00
23 24 27
2 0 684 -13.4000 -59.9200 1 213 -57.3400 -23.3000
2.8411215639e-02 -1.5565046001e-01 -1.4096446057e+00
221 226 222
2 0 705 13.9300 -72.0500 1 256 -41.0700 -42.6700
3.1172547451e-02 -2.0786285379e-01 -1.4144822618e+00
192 144 139
2 0 725 15.2700 -96.1500 1 298 -44.7400 -64.9800
3.1172547451e-02 -2.0786285379e-01 -1.4144822618e+00
192 144 139
2 0 726 15.2700 -96.1500 1 299 -44.7400 -64.9800
-5.1615160905e-02 -2.1187060542e-01 -1.4116052940e+00
176 129 125
2 0 734 -23.0300 -98.7500 1 274 -70.8600 -54.6900
-3.6998215587e-01 3.4183751794e-02 -1.4702834117e+00
100 176 182
2 0 1000 -164.6600 14.0100 1 743 -113.3700 71.7000
-3.6998215587e-01 3.4183751794e-02 -1.4702834117e+00
100 176 182
2 0 1001 -164.6600 14.0100 1 744 -113.3700 71.7000
-4.7588185194e-03 -6.7861180493e-02 -1.4004495223e+00
248 42 39
2 0 1024 -1.6000 -31.6000 1 800 -44.0200 -0.8000
-6.5934015380e-02 -7.0175722285e-02 -1.3986938022e+00
207 213 209
2 0 1029 -30.2500 -32.8500 1 792 -63.4000 5.4600
1.8509858054e-02 -8.9638130218e-02 -1.4049535796e+00
32 23 22
2 0 1035 9.2300 -41.4300 1 817 -37.9500 -13.2800
-9.4082709340e-02 -9.3995589794e-02 -1.4007712405e+00
32 29 37
2 0 1037 -43.3200 -44.2800 1 801 -73.5900 -0.9500
-9.4082709340e-02 -9.3995589794e-02 -1.4007712405e+00
32 29 37
2 0 1038 -43.3200 -44.2800 1 802 -73.5900 -0.9500
-7.9183088918e-02 -9.3616479773e-02 -1.4015518566e+00
27 26 32
2 0 1039 -36.3400 -43.9200 1 805 -69.0100 -2.6900
-6.4963210697e-03 -9.6656527580e-02 -1.4029432316e+00
223 222 222
2 0 1041 -2.3400 -45.1400 1 195 -47.0900 -12.7500
3.4295616416e-03 -1.1008322737e-01 -1.4045865088e+00
30 28 29
2 0 1047 2.2400 -50.8600 1 825 -45.1700 -20.2200
3.4295616416e-03 -1.1008322737e-01 -1.4045865088e+00
30 28 29
2 0 1048 2.2400 -50.8600 1 826 -45.1700 -20.2200
8.6572983955e-03 -1.1969865847e-01 -1.4067201121e+00
216 221 219
2 0 1049 4.7100 -55.5100 1 832 -43.9600 -24.7500
1.8717663392e-02 -1.2396147057e-01 -1.4063545717e+00
33 31 31
2 0 1051 9.4000 -57.4400 1 838 -41.4300 -27.9000
1.8717663392e-02 -1.2396147057e-01 -1.4063545717e+00
33 31 31
2 0 1052 9.4000 -57.4400 1 839 -41.4300 -27.9000
-7.7385147817e-02 -1.2739267538e-01 -1.4030666537e+00
24 23 26
2 0 1055 -35.4100 -59.5600 1 820 -71.7600 -16.9700
-7.7385147817e-02 -1.2739267538e-01 -1.4030666537e+00
24 23 26
2 0 1056 -35.4100 -59.5600 1 821 -71.7600 -16.9700
9.2624379446e-03 -1.2927829431e-01 -1.4071584912e+00
28 26 29
2 0 1058 5.0300 -60.0900 1 1234 -44.7100 -28.7500
-6.1844849484e-02 -1.3065728552e-01 -1.4041978677e+00
24 22 30
2 0 1059 -28.0900 -61.2000 1 823 -67.1900 -20.0400
-6.1844849484e-02 -1.3065728552e-01 -1.4041978677e+00
24 22 30
2 0 1060 -28.0900 -61.2000 1 824 -67.1900 -20.0400
3.4499488789e-02 -1.3804188383e-01 -1.4087965445e+00
43 15 12
2 0 1062 16.7500 -64.0400 1 852 -37.3300 -35.8400
3.4697259560e-02 -1.4839534246e-01 -1.4097777236e+00
40 15 15
2 0 1066 16.8400 -68.7600 1 861 -38.1900 -40.3400
-8.2869843152e-03 -1.5652974262e-01 -1.4084991204e+00
209 213 207
2 0 1071 -3.1000 -72.6000 1 854 -52.8500 -38.1000
-3.8704043562e-02 -1.6488209816e-01 -1.4544042339e+00
207 210 205
2 0 1072 -17.1100 -73.6100 1 858 -49.6400 -38.9900
-3.3880285290e-01 -1.7957302057e-01 -1.4932340469e+00
49 153 185
2 0 1076 -148.2300 -79.0900 1 191 -119.5700 -10.6400
-4.5268785374e-02 -2.1871764824e-01 -1.4112153623e+00
25 23 23
2 0 1091 -20.0700 -101.9300 1 890 -69.8800 -58.3700
5.0700874441e-01 2.8867602194e-01 -1.5455126795e+00
134 103 97
2 0 1249 208.3600 119.7900 1 1949 242.9700 98.9800
-3.2056334859e-02 -6.9304464742e-02 -1.3997466042e+00
214 218 210
2 0 1324 -14.3800 -32.2500 1 1210 -52.8200 1.7500
-4.9822158722e-02 -8.1448339572e-02 -1.3981643639e+00
206 211 205
2 0 1329 -22.7000 -37.9200 1 1212 -60.0500 -1.3000
-3.8091511820e-02 -9.3857168467e-02 -1.4016738388e+00
31 30 35
2 0 1333 -17.0900 -44.0600 1 1214 -56.7700 -7.5400
-1.4100732488e-01 6.5645826217e-02 -1.5095056284e+00
191 98 131
2 0 1483 -61.3300 27.4700 1 1672 -39.2100 62.0500
-8.2987792100e-02 -8.1422137498e-02 -1.3984172331e+00
210 215 211
2 0 1504 -38.2400 -38.1200 1 1510 -69.7600 2.7100
-6.5214814548e-02 -1.1007510676e-01 -1.4023764132e+00
24 22 23
2 0 1507 -29.7400 -51.6400 1 1219 -66.4600 -11.0900
-1.7050753584e-02 -1.2471329798e-01 -1.4041723756e+00
28 24 28
2 0 1510 -7.2400 -57.9700 1 1519 -53.2100 -23.5500
-9.1501370396e-02 -1.3352012142e-01 -1.4049075615e+00
26 27 28
2 0 1512 -41.9300 -62.5700 1 1226 -75.9100 -17.6100
-3.8149182163e-01 8.3404205471e-02 -1.4635791792e+00
188 146 152
2 0 1623 -170.6900 36.5000 1 1163 -113.4800 90.6500
-3.2627216873e-01 4.9934293367e-02 -1.4763539967e+00
215 84 131
2 0 1628 -144.6200 21.3500 1 1670 -99.4400 73.2400
-3.6117433643e-01 2.1854969775e-02 -1.4735644191e+00
205 82 128
2 0 1630 -160.2600 7.8000 1 1490 -111.3500 67.0900
-7.0893248818e-02 -2.2494233772e-02 -1.3914410354e+00
133 81 50
2 0 1780 -32.8000 -10.5600 1 1894 -61.7300 26.3000
-2.4034340569e-01 1.5352662538e-01 -1.4846202737e+00
55 176 222
2 0 1811 -106.0300 66.4200 1 1947 -64.4800 105.8700
