# Bundle file v0.3
3 274
5.6020702461e+02 -6.7451741051e-02 -2.0702855469e-02
9.4410513795e-01 1.8738007316e-01 2.7120876955e-01
2.3788434663e-04 8.2234360387e-01 -5.6899116038e-01
-3.2964440221e-01 5.3725199428e-01 7.7633424679e-01
9.0815684635e-01 -2.0821899837e+00 -3.0919381743e-01
6.7304899487e+02 -8.7731892998e-02 -1.5238546334e-02
9.9987542738e-01 1.0852758889e-02 -1.1460687252e-02
-1.0403829378e-02 9.9920328663e-01 3.8529888758e-02
1.1869711962e-02 -3.8405853954e-02 9.9919172350e-01
-2.4388203374e-02 1.1428110053e-01 3.9840089972e-01
6.6588921250e+02 -9.2257979296e-02 -1.4644337217e-02
9.8700096238e-01 9.8069080779e-02 1.2732460745e-01
-9.8352653016e-02 9.9514328833e-01 -4.0732452456e-03
-1.2710568797e-01 -8.5024159600e-03 9.9185273756e-01
7.8704059659e-01 2.0153386822e-01 4.2268584173e-01
4.8355133718e-01 7.9438400575e-01 -3.3827913648e+00
191 207 196
3 1 21 111.3400 170.9600 2 23 199.6600 208.7600 0 43 124.5300 103.9800
-2.8856575913e-01 1.7877661854e-02 -2.9565132232e+00
26 26 24
3 1 599 -73.2700 5.9300 2 597 34.1500 69.5000 0 315 -36.2300 -86.2100
-2.8428193635e-01 -9.8539392109e-03 -2.9450577985e+00
46 46 47
3 1 240 -72.4800 -1.8700 2 612 35.1000 62.8600 0 335 -35.7500 -92.4700
-2.8428193635e-01 -9.8539392109e-03 -2.9450577985e+00
46 46 47
3 1 241 -72.4800 -1.8700 2 613 35.1000 62.8600 0 336 -35.7500 -92.4700
-8.6968309551e-02 -6.8835096496e-02 -2.9077862910e+00
39 40 43
3 1 898 -21.0900 -17.6300 2 627 87.9100 41.6500 0 359 5.3000 -105.1500
-1.6241164221e-01 -7.0009506360e-02 -2.9124353227e+00
219 221 217
3 1 614 -41.2800 -17.7500 2 626 67.7200 43.4600 0 361 -10.5400 -105.6100
-3.2139926409e-02 -7.2325482905e-02 -2.9031168550e+00
211 213 208
3 1 617 -6.5300 -18.7300 2 198 102.7700 39.1700 0 362 16.3800 -105.6100
-2.0051136684e-01 -7.5908975810e-02 -2.9137791258e+00
212 214 211
3 1 619 -51.5100 -19.2900 2 951 57.4100 43.0000 0 368 -18.7500 -106.8100
-1.5595549761e-01 -9.5147002677e-02 -2.9037924551e+00
216 220 215
3 1 921 -39.9300 -24.4300 2 967 69.3900 36.4800 0 380 -9.6400 -110.7400
-8.8692441997e-03 -2.0949706376e-01 -2.8502410032e+00
192 144 144
3 1 941 -0.8600 -56.4500 2 1000 109.2700 1.5400 0 405 18.5700 -134.1100
-5.4992790719e-01 -3.1854957368e-01 -2.9805605869e+00
53 76 51
3 1 670 -141.4300 -81.5100 2 674 -45.0500 -13.2800 0 411 -101.9300 -138.0500
-1.2501639525e-01 -2.2855246260e-01 -2.8514117833e+00
184 142 140
3 1 659 -32.9300 -61.2900 2 663 77.5600 -0.5900 0 414 -5.5100 -138.6700
-1.6862822980e-01 -2.3789455421e-01 -2.8530369485e+00
170 125 122
3 1 663 -44.8800 -63.7100 2 1007 65.2400 -1.9700 0 419 -14.6800 -140.5400
-8.1399175165e-01 1.0276471875e-01 -3.2090727349e+00
118 174 183
3 1 185 -189.4400 24.3600 2 896 -103.6900 98.8200 0 722 -159.8200 -38.7000
-5.7648734112e-01 3.3545005102e-02 -3.1263782369e+00
100 113 105
3 1 870 -138.4800 8.3100 2 918 -45.1800 77.5400 0 751 -105.4300 -60.9400
-6.0270698141e-02 2.1380132652e-03 -2.9321348887e+00
45 30 41
3 1 879 -13.5400 1.0800 2 932 95.2600 59.4200 0 797 11.9500 -89.8800
-4.4985395793e-02 -8.6708318039e-03 -2.9283552908e+00
221 228 223
3 1 881 -9.5300 -1.7300 2 934 99.0500 56.0900 0 799 15.0200 -92.0000
-7.1346186244e-02 -1.2721353345e-02 -2.9283336271e+00
225 226 224
3 1 882 -16.5800 -2.7600 2 933 92.1200 55.8100 0 801 9.5000 -92.9500
-1.0717841237e-01 -1.8340097583e-02 -2.9278682269e+00
222 226 227
3 1 883 -26.1000 -4.2000 2 937 82.6100 55.4400 0 803 1.9900 -94.3600
-1.0717841237e-01 -1.8340097583e-02 -2.9278682269e+00
222 226 227
3 1 884 -26.1000 -4.2000 2 938 82.6100 55.4400 0 804 1.9900 -94.3600
-2.3269020479e-01 -4.0017341126e-02 -2.9309303771e+00
219 220 216
3 1 886 -59.5000 -9.6000 2 940 48.7900 53.2300 0 807 -25.0800 -98.8800
-2.6179774868e-01 -4.4311211030e-02 -2.9310477955e+00
216 215 213
3 1 610 -67.1700 -10.5700 2 942 40.8600 52.8700 0 809 -31.3800 -99.9500
-3.9058423388e-02 -4.6930046943e-02 -2.9128517531e+00
217 223 221
3 1 888 -8.1300 -11.9200 2 943 100.7300 46.0700 0 810 15.5300 -100.3200
-5.2268883510e-02 -5.9631743274e-02 -2.9087851158e+00
40 40 44
3 1 893 -11.7100 -15.3700 2 952 97.1700 43.2100 0 815 12.6500 -103.1000
-5.2268883510e-02 -5.9631743274e-02 -2.9087851158e+00
40 40 44
3 1 894 -11.7100 -15.3700 2 953 97.1700 43.2100 0 816 12.6500 -103.1000
-2.2565335582e-01 -7.9216003932e-02 -2.9154531301e+00
220 220 219
3 1 902 -58.1700 -20.0600 2 949 50.4100 42.7700 0 822 -24.1100 -107.4200
-2.5530592962e-01 -8.5487420225e-02 -2.9153239644e+00
208 207 206
3 1 909 -66.1500 -21.5800 2 955 42.3600 41.8600 0 827 -30.5700 -108.8200
-1.0508457148e-01 -8.7894353253e-02 -2.9016119365e+00
215 215 212
3 1 912 -26.2500 -22.6300 2 965 83.2000 37.0100 0 829 1.2000 -109.2500
-2.3780013073e-01 -9.0835007809e-02 -2.9127424137e+00
30 29 30
3 1 913 -61.4700 -23.1500 2 956 46.9100 40.0500 0 832 -26.8800 -109.8600
-2.3780013073e-01 -9.0835007809e-02 -2.9127424137e+00
30 29 30
3 1 914 -61.4700 -23.1500 2 957 46.9100 40.0500 0 833 -26.8800 -109.8600
-1.8787104402e-01 -1.0105408717e-01 -2.9037754806e+00
215 215 210
3 1 923 -48.4600 -26.0000 2 968 60.6600 35.8900 0 838 -16.4400 -112.1300
-1.8787104402e-01 -1.0105408717e-01 -2.9037754806e+00
215 215 210
3 1 924 -48.4600 -26.0000 2 969 60.6600 35.8900 0 839 -16.4400 -112.1300
-1.6782995352e-01 -1.2200588923e-01 -2.8936074812e+00
35 30 36
3 1 930 -43.3200 -31.9000 2 975 66.0700 29.9100 0 844 -12.5400 -116.6800
-1.6782995352e-01 -1.2200588923e-01 -2.8936074812e+00
35 30 36
3 1 931 -43.3200 -31.9000 2 976 66.0700 29.9100 0 845 -12.5400 -116.6800
-5.7731732039e-01 -3.4650164401e-01 -2.9728257093e+00
113 166 110
3 1 962 -149.1100 -88.5400 2 1029 -53.3100 -20.4900 0 868 -107.6800 -143.7500
-8.0124153258e-01 5.2958878469e-02 -3.1924845551e+00
112 177 182
3 1 866 -188.1200 12.5800 2 1192 -101.6100 86.7700 0 1099 -157.0900 -49.5600
-8.0124153258e-01 5.2958878469e-02 -3.1924845551e+00
112 177 182
3 1 867 -188.1200 12.5800 2 1193 -101.6100 86.7700 0 1100 -157.0900 -49.5600
-7.5428640873e-01 -5.0885732869e-02 -3.1548307320e+00
211 67 121
3 1 889 -179.7500 -12.4800 2 929 -92.7800 60.8800 0 1118 -146.8900 -72.3000
-7.5053629446e-01 -7.6687075172e-02 -3.1444151675e+00
211 69 120
3 1 900 -179.7800 -18.4800 2 939 -92.4700 54.2200 0 1126 -146.1000 -78.0100
-5.7899301498e-01 -7.1065585461e-02 -3.0801385561e+00
75 117 93
3 1 1134 -142.0500 -17.3400 2 1213 -47.6400 52.1100 0 1136 -106.8200 -85.0400
-7.1647930839e-01 -1.3201918871e-01 -3.1276799901e+00
173 178 126
3 1 1143 -173.1300 -31.8400 2 1415 -84.9400 39.2200 0 1150 -138.9600 -89.0500
-1.4475069190e-01 -2.8949217159e-02 -2.9274959664e+00
223 217 217
3 1 1123 -36.1300 -6.9300 2 1212 72.5300 53.7400 0 1156 -6.1900 -96.5700
-1.8713645919e-01 -3.5656177084e-02 -2.9283838574e+00
206 207 205
3 1 1126 -47.3900 -8.5600 2 1211 60.9000 53.1200 0 1159 -15.0400 -98.0300
-8.5401617524e-02 -3.6961172090e-02 -2.9195529755e+00
42 41 49
3 1 1128 -20.4400 -9.1800 2 1215 88.4000 50.0000 0 1162 6.1500 -98.3200
-8.5401617524e-02 -3.6961172090e-02 -2.9195529755e+00
42 41 49
3 1 1129 -20.4400 -9.1800 2 1216 88.4000 50.0000 0 1163 6.1500 -98.3200
-2.2384261867e-02 -5.6936028431e-02 -2.9067117882e+00
54 39 43
3 1 1131 -3.7500 -14.9500 2 1219 105.4000 43.3000 0 1166 18.7600 -102.5500
-1.4990182497e-02 -9.7841015964e-02 -2.8883146245e+00
55 27 30
3 1 1139 -1.8400 -25.9100 2 1224 107.7400 32.3200 0 1176 19.4000 -111.6500
-7.9022705842e-01 -2.4635602128e-01 -3.0823026415e+00
149 205 208
3 1 946 -194.5200 -60.3200 2 987 -107.5900 12.2500 0 1180 -155.3100 -114.6700
-5.5307047032e-01 -2.9626129138e-01 -2.9885141970e+00
106 168 105
3 1 1327 -140.9800 -75.0700 2 1433 -45.4700 -7.3300 0 1201 -103.2200 -134.0200
-5.4865580997e-01 -3.5527896150e-01 -2.9637798893e+00
47 65 50
3 1 1331 -142.5300 -91.0700 2 1249 -45.3100 -23.8800 0 1204 -101.6300 -145.9100
3.2193599314e-01 1.0532244604e-01 -3.3187094907e+00
106 156 76
3 1 1290 76.5500 20.0000 2 1402 158.7900 65.4900 0 1374 62.9300 -19.9500
-1.6139130475e-01 2.4991457861e-02 -2.9485857617e+00
218 215 212
3 1 1297 -39.9300 7.3000 2 1398 68.3600 68.0700 0 1395 -8.9300 -84.8900
-2.5874159056e-01 -9.1069080143e-03 -2.9438050284e+00
215 217 216
3 1 1300 -65.8000 -1.4200 2 1405 41.7300 62.0200 0 1398 -29.9600 -92.2600
-1.0714176769e-01 -4.9421363541e-02 -2.9157639125e+00
216 217 213
3 1 1308 -26.3000 -12.4400 2 1411 82.6100 47.3900 0 1402 1.4100 -101.1600
-2.1744545094e-01 -5.7551880689e-02 -2.9221326736e+00
31 29 32
3 1 1310 -55.8200 -14.4200 2 1409 53.0400 48.3500 0 1403 -22.1500 -102.8000
-2.1744545094e-01 -5.7551880689e-02 -2.9221326736e+00
31 29 32
3 1 1311 -55.8200 -14.4200 2 1410 53.0400 48.3500 0 1404 -22.1500 -102.8000
-1.2181891121e-01 -7.0229816720e-02 -2.9107282915e+00
34 31 38
3 1 1313 -30.4200 -17.9300 2 1413 78.4800 42.2500 0 1405 -2.0100 -105.3700
-6.9243739588e-01 -2.5123532262e-01 -3.0830438940e+00
113 170 164
3 1 1323 -170.7500 -61.7600 2 1429 -81.8200 8.2100 0 1408 -134.0800 -113.9800
-2.6342714202e-01 -1.0641188192e-01 -2.9095120810e+00
33 31 37
3 1 1316 -68.5300 -26.8600 2 1416 39.8100 36.2300 0 1409 -32.6400 -113.1800
-2.6338606732e-01 -1.4586859984e-01 -2.8944575667e+00
49 25 28
3 1 1145 -69.1800 -37.9100 2 1225 39.7300 25.9700 0 1413 -33.3500 -121.6300
-5.2705350986e-01 -2.1691819174e-03 -3.1115412008e+00
85 108 98
3 1 1299 -127.2800 -0.6900 2 1205 -32.0800 67.8000 0 1531 -96.2600 -68.7800
-5.6672611690e-01 -1.2931032411e-02 -3.1069536871e+00
87 113 102
3 1 1302 -137.2800 -3.0500 2 1401 -44.0200 66.0600 0 1532 -103.1400 -71.4100
-6.0234493138e-01 -5.4611254979e-02 -3.0852711121e+00
90 170 127
3 1 1432 -147.5400 -13.1700 2 1547 -53.0300 56.8700 0 1534 -112.0600 -81.8200
-1.8559197201e-01 -5.1274996216e-02 -2.9237145055e+00
145 145 144
3 1 1431 -47.2500 -12.6300 2 1549 61.2400 48.8600 0 1543 -15.0000 -101.1700
-2.4837599524e-01 -6.1787630553e-02 -2.9232931460e+00
214 213 209
3 1 1434 -63.9800 -15.2500 2 1550 44.5000 47.9100 0 1546 -28.8000 -103.7400
-7.5226969599e-01 -2.3036227251e-01 -3.0834657965e+00
106 171 177
3 1 1322 -185.1900 -56.4900 2 1553 -97.1900 15.4000 0 1548 -146.7400 -111.5100
4.3388571208e-01 8.1823156618e-01 -3.3628997778e+00
160 167 149
2 1 12 102.1000 177.9400 2 16 190.5100 217.0300
4.9472667324e-02 8.2887743540e-01 -3.4356443074e+00
222 234 235
2 1 13 16.0100 176.6800 2 477 105.0900 226.7800
2.9088040186e-01 8.2304214412e-01 -3.4654517402e+00
130 132 117
2 1 19 68.0800 173.0500 2 17 152.9900 215.5600
-1.9736493636e-01 7.5547398642e-01 -3.5995636890e+00
191 196 192
2 1 36 -35.8100 152.2100 2 24 43.8800 207.8000
9.0694127812e-02 6.1329454465e-01 -3.3723643885e+00
9 19 24
2 1 51 25.0200 133.4700 2 502 113.7800 183.2600
5.0442522827e-01 5.8897908611e-01 -3.3415797221e+00
151 167 147
2 1 57 118.6700 128.7400 2 64 203.1600 166.4100
-1.7494561423e-01 5.7752781174e-01 -3.4845283596e+00
157 153 155
2 1 61 -33.0600 120.6800 2 508 49.8300 177.0200
1.6614109087e-02 4.9804399367e-01 -3.5843811022e+00
151 154 149
2 1 78 8.0900 99.4800 2 75 83.4800 149.5900
6.0694927627e-01 4.2135449736e-01 -3.1713414564e+00
204 214 213
2 1 83 149.9800 97.9600 2 88 239.1000 134.0000
6.0503546539e-01 4.0277468585e-01 -3.1758206416e+00
159 168 155
2 1 96 149.3800 93.0800 2 94 237.8200 129.8800
2.9062608885e-01 3.8610691081e-01 -3.1326487732e+00
121 165 90
2 1 97 74.8700 92.3800 2 80 172.4300 137.5200
7.6755260529e-01 3.8502879743e-01 -3.2487285218e+00
176 179 172
2 1 106 183.5400 85.5100 2 105 263.3400 117.8000
7.8969046801e-01 3.6790648809e-01 -3.2264855429e+00
184 185 175
2 1 111 190.0600 82.3800 2 112 270.1600 114.0400
3.4630315539e-01 8.1396303096e-02 -3.2673027992e+00
71 114 42
2 1 201 84.5300 15.3300 2 172 166.5200 60.6700
-1.4466594844e-01 4.5072625706e-02 -2.9564110617e+00
58 59 58
2 1 204 -35.4800 12.6300 2 157 72.6400 72.4100
-1.7184348112e-01 -3.0520931511e-03 -2.9301526430e+00
210 204 199
2 1 236 -43.2800 0.2200 2 615 65.9300 61.2000
-1.1935042099e-01 -2.8798921988e-02 -2.9228877894e+00
52 52 53
2 1 246 -29.4900 -6.9000 2 181 79.4700 53.0700
-1.1935042099e-01 -2.8798921988e-02 -2.9228877894e+00
52 52 53
2 1 247 -29.4900 -6.9000 2 182 79.4700 53.0700
2.9307041280e-01 -1.6619374915e-02 -3.2589907789e+00
86 138 56
2 1 248 72.0300 -7.2100 2 197 153.5000 39.3400
-1.5785596557e-01 -5.1819073564e-02 -2.9180648519e+00
36 36 36
2 1 255 -39.9200 -12.9000 2 186 69.0700 48.1100
-1.5785596557e-01 -5.1819073564e-02 -2.9180648519e+00
36 36 36
2 1 256 -39.9200 -12.9000 2 187 69.0700 48.1100
-3.8631862254e-02 -6.1750810333e-02 -2.9083289223e+00
40 39 42
2 1 261 -8.1600 -15.8400 2 195 100.7400 42.0800
-1.8253127248e-01 -6.5532250986e-02 -2.9149244638e+00
214 215 211
2 1 262 -46.6300 -16.4400 2 190 62.3900 45.1500
-1.5756034864e-01 -8.1663053558e-02 -2.9032624679e+00
33 34 35
2 1 268 -40.2300 -20.8300 2 196 69.3000 40.2600
2.1893706470e-01 -7.6911193703e-02 -3.2835590095e+00
68 108 43
2 1 271 54.1300 -21.5800 2 211 133.8400 27.3100
2.3820065088e-01 -1.0502956280e-01 -3.2735361052e+00
39 73 20
2 1 288 58.7100 -28.0100 2 648 138.2800 20.2200
-2.0044400326e-01 -1.1347410490e-01 -2.8970888025e+00
18 16 17
2 1 292 -51.9300 -29.5800 2 206 57.3700 33.2500
-2.2310560667e-01 -1.2917515511e-01 -2.8972583418e+00
215 214 215
2 1 301 -58.1400 -33.4800 2 210 50.9100 29.3500
3.3032089499e-01 -1.4597734289e-01 -3.2471975280e+00
52 87 32
2 1 312 80.8500 -37.6900 2 229 159.9100 8.3800
3.6359939506e-01 -1.8098637731e-01 -3.2597825539e+00
46 71 23
2 1 319 88.2900 -45.9100 2 239 165.3900 -0.5700
-3.7169307154e-02 -3.6653972461e-01 -2.6305493551e+00
185 203 85
2 1 383 -10.6900 -107.0800 2 281 115.5900 -45.2000
-7.0218689446e-01 -4.6050224014e-01 -3.0009620168e+00
183 87 114
2 1 398 -179.4600 -116.7400 2 286 -89.9700 -47.5300
-2.0092083396e-01 -4.1513580654e-01 -2.6970543576e+00
164 138 12
2 1 399 -58.4200 -118.2800 2 296 61.1900 -54.0200
4.3895025399e-01 8.2862067802e-01 -3.3465426509e+00
210 226 226
2 1 488 103.6200 181.7400 2 483 193.2400 219.7400
4.5678447000e-01 7.8572179040e-01 -3.3554470403e+00
147 153 132
2 1 491 107.4500 171.3100 2 485 195.3600 209.7600
3.0107163571e-02 7.0906873896e-01 -3.4398772172e+00
105 94 72
2 1 500 11.5200 150.8900 2 490 98.4700 201.5500
-2.0852901797e-01 7.1765765531e-01 -3.6014914833e+00
180 177 169
2 1 504 -38.1300 144.1100 2 847 40.7100 200.5500
1.8615480419e-01 5.8863663916e-01 -3.1839071641e+00
61 86 37
2 1 507 48.8800 138.2900 2 501 148.2900 185.9200
-3.0067335141e-01 6.6243715255e-01 -3.5781792955e+00
189 189 184
2 1 510 -57.9200 134.2700 2 36 21.3000 193.0200
5.8596713159e-01 5.5241772973e-01 -3.2474875878e+00
217 233 234
2 1 514 141.2300 125.1200 2 519 228.8000 160.6000
-2.6522506864e-04 4.7569268184e-01 -3.5886276162e+00
146 148 143
2 1 531 4.5200 94.6500 2 531 79.3700 145.2900
7.9804197934e-01 3.1583296127e-01 -3.1995517607e+00
197 201 192
2 1 546 193.7800 71.2400 2 890 274.1700 102.8400
8.6593180962e-01 3.1137747499e-01 -3.1805173855e+00
194 200 192
2 1 547 211.1100 70.5000 2 564 290.3700 100.5200
8.3098186532e-01 2.9863397260e-01 -3.1788813178e+00
203 209 202
2 1 550 202.9800 67.6700 2 568 283.1600 98.7000
1.9594004876e-01 2.3683002564e-01 -2.8401788909e+00
150 213 119
2 1 551 56.6900 66.1100 2 545 174.9300 116.6600
2.3629512898e-01 1.0205391638e-01 -3.2862080902e+00
35 37 11
2 1 585 58.4000 20.3300 2 602 141.3400 67.7200
2.2369262146e-01 2.3408202628e-02 -3.3005336080e+00
102 142 69
2 1 605 55.1200 1.8000 2 621 135.7900 49.8900
-3.5354186490e-01 -8.9539041379e-02 -2.9066153178e+00
166 108 70
2 1 622 -92.6200 -22.3700 2 192 16.3300 43.8300
-2.5397353178e-02 -1.1542966316e-01 -2.8871362361e+00
216 220 219
2 1 628 -4.8800 -30.3100 2 639 104.4300 27.4500
3.0746006982e-01 -1.2546105065e-01 -3.2626919510e+00
45 81 22
2 1 633 75.1700 -33.0000 2 224 153.9900 13.9000
5.9820483225e-03 -1.3281716238e-01 -2.8768435797e+00
245 52 59
2 1 635 3.7100 -35.8200 2 645 112.9300 22.6000
6.1627884623e-03 -2.0910150224e-01 -2.8470742523e+00
84 16 19
2 1 650 3.3800 -56.5400 2 655 113.4500 1.3800
-2.2964920164e-01 -2.4812423489e-01 -2.8547313388e+00
168 124 127
2 1 665 -61.5200 -66.1700 2 666 48.3200 -3.2000
-4.6206412168e-01 -4.0767125852e-01 -2.9457481895e+00
91 125 95
2 1 685 -120.7700 -105.9900 2 1031 -22.9400 -40.2100
-5.9742916679e-02 -3.7862465094e-01 -2.6272051501e+00
23 25 7
2 1 692 -17.6600 -110.5200 2 287 108.9500 -48.6100
3.1537330486e-01 8.4405049964e-01 -3.4133803636e+00
135 140 123
2 1 777 74.5200 180.6900 2 836 162.3500 222.8400
3.3789583795e-01 8.4079455469e-01 -3.4267598279e+00
117 121 106
2 1 778 79.2200 178.7900 2 480 165.8200 220.7400
-1.9662327780e-01 7.3310570878e-01 -3.5937795923e+00
155 151 141
2 1 791 -35.8300 148.0600 2 842 43.8400 203.4500
5.4136920149e-01 6.0734057909e-01 -3.3160309872e+00
172 182 171
2 1 794 128.0100 134.0400 2 863 213.5400 170.6100
6.0486636738e-01 3.4642609774e-01 -3.1800626822e+00
174 189 178
2 1 826 149.0700 79.8800 2 883 236.3300 116.3500
9.0500462139e-01 2.5916721785e-01 -3.1855002868e+00
209 209 200
2 1 834 220.0500 57.7600 2 913 296.8000 87.4400
-2.1431094030e-01 -6.8605086146e-02 -2.9160938853e+00
31 27 30
2 1 896 -55.0300 -17.4600 2 945 53.7700 45.5200
-2.1431094030e-01 -6.8605086146e-02 -2.9160938853e+00
31 27 30
2 1 897 -55.0300 -17.4600 2 946 53.7700 45.5200
-4.3064710555e-02 -1.1662465330e-01 -2.8870776618e+00
216 220 214
2 1 928 -9.6700 -30.5900 2 978 99.7600 27.6400
3.6486670112e-01 -1.5369439318e-01 -3.2477323918e+00
50 82 24
2 1 935 88.9600 -39.4500 2 994 167.3200 5.6300
-7.7255985837e-01 -2.5993751472e-01 -3.0790548059e+00
158 47 81
2 1 949 -190.6500 -63.6400 2 990 -103.1400 8.0400
-7.0117908424e-01 -2.9651877694e-01 -3.0666636732e+00
58 158 184
2 1 954 -173.9100 -74.1600 2 1008 -85.4700 -2.5400
-6.8576284659e-01 -3.6070383219e-01 -3.0385921895e+00
65 157 187
2 1 963 -172.3100 -90.5800 2 1247 -82.9900 -20.4200
-4.8434955956e-01 -4.1480950653e-01 -2.9435705926e+00
111 152 113
2 1 967 -126.7300 -107.9100 2 1032 -29.1300 -41.5700
7.8831242901e-01 -5.8394176565e-01 -3.3292511032e+00
181 188 177
2 1 995 183.1900 -140.5800 2 1100 238.8800 -96.4100
5.2227312295e-01 -5.8419181318e-01 -2.9290228723e+00
140 128 128
2 1 1007 140.2800 -157.6500 2 1108 225.0900 -107.4000
-1.8351162196e-02 7.6629096376e-01 -3.4267774119e+00
167 172 166
2 1 1042 1.0400 164.0100 2 1141 90.0300 216.2300
5.1152715064e-01 7.4744243819e-01 -3.3484657566e+00
166 170 147
2 1 1043 119.9500 163.2300 2 1145 206.6200 200.1100
7.5802334470e-02 7.2377811630e-01 -3.5011587017e+00
174 176 171
2 1 1051 21.2900 150.3900 2 1146 104.6300 199.4600
-2.6288440828e+00 1.8351364844e+00 -9.1258691544e+00
12 11 11
2 1 1058 -190.8400 122.3900 2 1338 -219.5100 183.0000
-1.1238093884e-01 5.6851353228e-01 -3.4517795667e+00
111 88 76
2 1 1060 -19.8600 120.1400 2 1342 64.5900 175.1200
6.0691748572e-01 5.2261196588e-01 -3.2020927850e+00
209 226 225
2 1 1062 148.3600 120.3200 2 1159 237.5100 155.7100
-3.3506954069e+00 1.1901788608e+00 -8.7208448253e+00
47 22 13
2 1 1069 -257.4200 79.0600 2 1166 -292.2900 145.7000
6.4251437569e-01 2.9860867919e-01 -3.1704093521e+00
112 110 78
2 1 1078 158.6100 68.6400 2 1183 244.5600 104.5700
8.7307625308e-01 2.9641790945e-01 -3.1903361164e+00
98 71 54
2 1 1079 212.1100 66.6200 2 1188 290.3500 96.5900
8.7307625308e-01 2.9641790945e-01 -3.1903361164e+00
98 71 54
2 1 1080 212.1100 66.6200 2 1189 290.3500 96.5900
-7.2427008612e-01 4.1703746930e-02 -3.1619722724e+00
75 171 196
2 1 1115 -171.8200 9.8300 2 1195 -82.6700 83.0700
-7.4848095728e-01 -1.0309213414e-03 -3.1728750245e+00
206 106 128
2 1 1118 -177.1800 -0.1000 2 1202 -89.8300 72.3100
3.7027820366e-01 2.7779468941e-04 -3.2507005983e+00
128 184 97
2 1 1120 90.4400 -3.2800 2 1221 171.5400 41.3200
3.7027820366e-01 2.7779468941e-04 -3.2507005983e+00
128 184 97
2 1 1121 90.4400 -3.2800 2 1222 171.5400 41.3200
-7.0456158364e-02 -5.2699266924e-02 -2.9101619688e+00
220 224 220
2 1 1130 -16.6400 -13.4000 2 1217 92.5200 45.4900
-2.4073314297e-01 -2.6311352746e-01 -2.8577476330e+00
33 30 24
2 1 1153 -64.4800 -70.3700 2 1016 44.6900 -6.8900
-2.4073314297e-01 -2.6311352746e-01 -2.8577476330e+00
33 30 24
2 1 1154 -64.4800 -70.3700 2 1017 44.6900 -6.8900
5.7279223690e-01 -2.8416552700e-01 -2.4835646703e+00
84 102 40
2 1 1164 185.4400 -87.9700 2 1446 310.9500 -38.9900
-7.7981757980e-02 -3.7575608862e-01 -2.6523010705e+00
69 69 30
2 1 1172 -22.7600 -109.0000 2 1254 101.4900 -46.3300
-1.7880943995e-01 -5.5829094731e-01 -2.2417830905e+00
147 136 126
2 1 1215 -67.2200 -193.4200 2 1300 100.9800 -122.2400
-3.4205165825e-01 -5.7903687502e-01 -2.2676999143e+00
126 116 117
2 1 1216 -124.7900 -197.2700 2 1302 38.7800 -123.8300
-1.7002004955e-01 7.5434400621e-01 -3.5907563139e+00
188 190 187
2 1 1234 -30.1900 152.2100 2 1330 49.8300 207.5400
-2.6318267434e-01 6.9269058367e-01 -3.5891340722e+00
194 194 192
2 1 1237 -49.8000 139.8900 2 1334 29.3700 197.5600
-3.3341793428e-01 6.5156395753e-01 -3.5806508822e+00
151 144 143
2 1 1241 -64.7000 131.8300 2 1335 14.1000 191.6600
-3.3029453904e-01 6.0476613273e-01 -3.5475013673e+00
195 202 195
2 1 1243 -65.0300 123.9500 2 1337 14.8800 183.4600
5.4486228252e-01 5.4106646531e-01 -3.3037533295e+00
137 148 123
2 1 1244 129.3900 119.5800 2 1350 214.3000 156.8000
-6.5898626407e-01 3.4773777622e-01 -3.3186088176e+00
219 97 142
2 1 1261 -146.2600 78.1200 2 1512 -59.7400 148.1800
8.3382696380e-01 3.0921716741e-01 -3.1828099671e+00
190 199 194
2 1 1267 203.3700 70.0300 2 1380 283.4500 100.9100
8.4332647781e-01 2.4690148301e-01 -3.1852969704e+00
190 193 188
2 1 1272 205.5200 55.1400 2 1385 283.9900 86.3600
8.4332647781e-01 2.4690148301e-01 -3.1852969704e+00
190 193 188
2 1 1273 205.5200 55.1400 2 1386 283.9900 86.3600
8.6469399325e-01 2.0303699140e-01 -3.1774715292e+00
125 114 96
2 1 1277 211.1900 44.7800 2 1391 288.5500 76.0100
3.4155739838e-01 1.4603927999e-01 -3.2619217518e+00
199 232 92
2 1 1283 83.6600 30.4900 2 1538 167.2800 75.8200
3.4076669366e-01 1.1194215524e-01 -3.2761191608e+00
26 53 10
2 1 1287 83.0500 22.3100 2 1399 165.1900 67.6600
3.1361977795e-01 1.0083217153e-01 -3.2795913977e+00
106 156 76
2 1 1291 76.5500 20.0000 2 1403 158.7900 65.4900
-1.3544152417e-01 3.1442671354e-02 -2.9446681278e+00
43 35 41
2 1 1295 -33.2700 9.1000 2 1397 75.4200 68.9200
-6.6128282384e-01 4.2518400570e-03 -3.1162013564e+00
92 114 93
2 1 1298 -159.7400 1.1100 2 1540 -67.4000 73.1000
-6.4892376583e-01 -4.8206592268e-02 -3.0980717960e+00
103 132 110
2 1 1307 -158.0600 -11.8200 2 1545 -65.4600 59.8500
3.8039239119e-01 -4.2551114853e-01 -2.2184794366e+00
186 193 181
2 1 1356 139.8800 -148.5500 2 1289 299.5600 -89.5400
3.5737954379e-01 -4.2985832089e-01 -2.2254727700e+00
179 189 180
2 1 1357 130.9400 -149.9000 2 1288 290.6700 -89.9200
3.3521782010e-01 -4.5180437044e-01 -2.2159684759e+00
154 147 141
2 1 1368 123.2100 -158.3000 2 1466 284.6600 -98.0400
-3.4276790396e-01 -5.4940600338e-01 -2.3773278763e+00
129 132 127
2 1 1373 -117.5900 -178.2900 2 1296 32.3800 -105.8000
-4.8213093895e-01 -5.7371765659e-01 -2.4211504384e+00
120 118 113
2 1 1375 -160.9100 -181.4100 2 1470 -18.5100 -108.5300
-3.5335583170e-01 -5.9585882635e-01 -2.2630972922e+00
157 155 150
2 1 1377 -129.2000 -203.6100 2 1584 34.3300 -130.0900
-4.6907261181e-01 -6.1764464113e-01 -2.2839763420e+00
155 154 145
2 1 1378 -168.4900 -208.1400 2 1477 -10.1700 -133.6100
-4.8704590030e-01 -6.3491804715e-01 -2.2809102041e+00
43 25 26
2 1 1380 -175.1000 -214.3200 2 1479 -17.3200 -139.7600
-4.5744817212e-01 -6.3293665498e-01 -2.2763801550e+00
43 29 28
2 1 1381 -165.1100 -214.5000 2 1480 -6.1200 -140.0600
-3.1028506165e-01 -6.1450361475e-01 -2.2190181325e+00
92 89 87
2 1 1382 -116.8000 -214.7800 2 1481 52.7900 -141.9100
-1.7801435472e-01 7.0441007413e-01 -3.5860622238e+00
147 142 135
2 1 1390 -32.1100 142.4400 2 1600 47.4200 197.6000
-3.8151333284e-01 6.2926069083e-01 -3.5739605248e+00
199 203 196
2 1 1393 -75.0300 127.8200 2 1501 3.7200 188.5500
8.3770978391e-01 2.8054777789e-01 -3.1989940149e+00
89 68 51
2 1 1404 203.2500 62.5500 2 1526 281.7400 93.9500
-6.2297018280e-01 1.7436863962e-01 -3.2539478057e+00
223 88 138
2 1 1410 -142.1500 39.6800 2 1521 -54.7700 109.4000
-6.2297018280e-01 1.7436863962e-01 -3.2539478057e+00
223 88 138
2 1 1411 -142.1500 39.6800 2 1522 -54.7700 109.4000
-7.8093728638e-01 2.8339490117e-02 -3.1885373741e+00
215 82 129
2 1 1424 -183.6100 6.7200 2 1535 -97.2300 80.2400
-5.5486825500e-01 -4.5856640867e-01 -2.9281683691e+00
96 158 98
2 1 1459 -146.2500 -119.6200 2 1628 -49.2800 -52.1700
1.0386725536e-01 -5.3460310247e-01 -2.1983369618e+00
112 116 112
2 1 1480 37.1900 -190.2400 2 1581 207.3800 -123.3800
1.0386725536e-01 -5.3460310247e-01 -2.1983369618e+00
112 116 112
2 1 1481 37.1900 -190.2400 2 1582 207.3800 -123.3800
6.0851382797e-02 7.6162941340e-01 -3.4358122396e+00
112 104 85
2 1 1488 18.4800 161.8700 2 1596 106.1600 212.5300
-2.2365587645e-01 6.7698473623e-01 -3.5823993593e+00
182 182 173
2 1 1495 -41.7000 136.8400 2 1602 37.5200 193.6900
5.6697222159e-01 5.8082235507e-01 -3.2977132441e+00
214 229 226
2 1 1497 134.7000 128.6500 2 1503 220.1500 165.2800
-1.9894768993e-01 6.0994335354e-01 -3.5424642572e+00
179 182 178
2 1 1498 -37.2600 124.6800 2 1648 42.9100 181.4800
1.0186083561e+00 3.9016128046e-01 -3.2972278388e+00
205 202 199
2 1 1502 237.3300 84.4200 2 1523 307.6300 109.2000
-5.2655162233e-02 -2.5117675491e-02 -2.9188881972e+00
169 178 178
2 1 1535 -11.6900 -6.2200 2 1621 97.2200 52.3000
-5.1334054567e-01 -3.2577579438e-01 -2.9851059727e+00
54 51 57
2 1 1542 -131.6800 -83.6200 2 1624 -35.5100 -15.9400
-5.0392359126e-01 -4.3628983513e-01 -2.9495858709e+00
50 56 49
2 1 1546 -131.5500 -113.5200 2 1627 -35.1800 -46.5900
-1.5368360157e-01 -5.4466986243e-01 -2.2499325365e+00
162 162 150
2 1 1556 -57.7000 -187.9400 2 1640 109.6300 -117.2900
-3.9599183897e-01 -6.0145265753e-01 -2.2795297386e+00
143 140 136
2 1 1558 -143.1200 -203.6400 2 1642 17.4900 -129.8500
-7.0106719107e-01 -1.8234392463e-02 -3.1550345090e+00
25 26 23
2 1 1653 -166.9700 -4.8700 2 1720 -78.3500 67.7600
-1.9568847493e-01 -2.0554868888e-01 -2.8785574451e+00
21 21 19
2 1 1674 -51.4800 -54.3700 2 1741 57.3200 7.7200
-1.8367747591e-01 -3.5410532720e-01 -2.8056608224e+00
224 196 42
2 1 1707 -50.5300 -96.4800 2 1757 61.0100 -35.1000
-7.6203144900e-01 3.1183293133e-01 -3.2977728776e+00
209 128 142
2 1 121 -170.4000 70.4100 0 139 -147.5500 11.3200
-2.6696518920e-01 8.5572165598e-03 -2.9502629573e+00
36 36 34
2 1 230 -67.8300 3.1300 0 322 -31.7300 -88.4300
-6.8220572957e-01 -2.3095008295e-01 -3.0907766917e+00
97 33 27
2 1 330 -167.4700 -56.8000 0 371 -131.8400 -109.6600
-7.4881713956e-01 -3.7499865972e-01 -3.0360957024e+00
145 34 52
2 1 363 -188.4600 -93.8100 0 418 -146.4700 -140.3500
-4.3235101036e-02 3.2958045342e-02 -2.9444291411e+00
106 19 14
2 1 595 -8.7600 9.1000 0 306 16.2300 -82.9300
-4.3235101036e-02 3.2958045342e-02 -2.9444291411e+00
106 19 14
2 1 596 -8.7600 9.1000 0 305 16.2300 -82.9300
-9.0892751062e-02 2.3985735386e-02 -2.9429818716e+00
64 24 21
2 1 598 -21.4700 6.8400 0 313 6.2500 -85.0800
-2.8843749302e-01 1.9190652607e-02 -2.9549242399e+00
26 26 24
2 1 600 -73.2700 5.9300 0 316 -36.2300 -86.2100
-1.1701524674e-01 1.8327155805e-02 -2.9428600151e+00
106 22 28
2 1 601 -28.3300 5.4500 0 318 0.5400 -86.3400
-1.4150405386e-01 1.6999522365e-02 -2.9461231519e+00
75 17 14
2 1 602 -34.7800 5.1100 0 317 -4.7600 -86.3200
-6.6372049978e-01 -4.8460925105e-02 -3.0882564327e+00
59 84 63
2 1 612 -162.3100 -11.4700 0 779 -125.3600 -80.9700
-3.2578299567e-02 -7.2499259090e-02 -2.9037092349e+00
211 213 208
2 1 618 -6.5300 -18.7300 0 363 16.3800 -105.6100
-1.3131411386e-01 -8.9250099180e-02 -2.9029585756e+00
222 224 221
2 1 624 -33.1700 -22.9600 0 373 -4.3600 -109.6700
-6.8959454711e-02 -2.1869237178e-01 -2.8508312505e+00
187 138 140
2 1 652 -17.3800 -58.7600 0 408 6.1900 -136.4100
-1.4619377261e-01 -2.3273719936e-01 -2.8523260779e+00
187 135 132
2 1 661 -38.7200 -62.3900 0 415 -9.9600 -139.5100
-8.7066144417e-01 8.9172051534e-02 -3.2033525669e+00
193 121 140
2 1 857 -203.1100 21.1200 0 1093 -173.1500 -42.1600
-8.5566800896e-01 3.1038628075e-02 -3.1834759352e+00
156 176 192
2 1 871 -201.3700 7.5700 0 1105 -169.7900 -55.0700
-1.7442421389e-01 2.4561568037e-02 -2.9476442990e+00
217 215 215
2 1 873 -43.4300 7.1600 0 785 -11.4100 -85.2100
-2.2789462347e-01 1.5494509996e-02 -2.9492314873e+00
211 212 207
2 1 874 -57.5300 4.8800 0 1144 -23.1200 -87.0300
-1.2671887185e-01 8.5631953606e-03 -2.9393607391e+00
244 45 48
2 1 878 -31.0500 2.9000 0 791 -1.5800 -88.5200
-1.4155842583e-01 -6.4925283367e-02 -2.9134817445e+00
217 218 218
2 1 895 -35.6700 -16.4300 0 821 -6.1000 -104.3700
-8.6853340304e-02 -6.8909003584e-02 -2.9077752472e+00
39 40 43
2 1 899 -21.0900 -17.6300 0 360 5.3000 -105.1500
-2.2534702240e-01 -7.9211215100e-02 -2.9152205667e+00
220 220 219
2 1 903 -58.1700 -20.0600 0 823 -24.1100 -107.4200
-1.4695135431e-01 -8.0728462378e-02 -2.9071721997e+00
32 32 36
2 1 906 -37.3100 -20.6500 0 824 -7.4400 -107.8800
-2.5508305937e-01 -8.5205128316e-02 -2.9148597025e+00
208 207 206
2 1 908 -66.1500 -21.5800 0 826 -30.5700 -108.8200
-2.0616207926e-01 -9.3738968166e-02 -2.9078368143e+00
30 29 32
2 1 918 -53.3000 -24.0100 0 835 -20.1900 -110.5800
-2.0616207926e-01 -9.3738968166e-02 -2.9078368143e+00
30 29 32
2 1 919 -53.3000 -24.0100 0 836 -20.1900 -110.5800
-2.1571625133e-01 -1.0680291624e-01 -2.9044781190e+00
214 213 210
2 1 926 -55.9900 -27.4900 0 842 -22.4900 -113.2800
-7.1205233464e-01 -2.3122514423e-01 -3.0874341475e+00
199 67 115
2 1 940 -175.0500 -56.8100 0 834 -138.2100 -110.5600
-2.9886774635e-02 -2.1279415349e-01 -2.8500054381e+00
168 128 137
2 1 942 -6.6500 -57.2900 0 862 14.3400 -134.9900
-4.7833371433e-02 -2.1638556624e-01 -2.8495811384e+00
183 138 132
2 1 944 -11.5700 -58.2100 0 864 10.5900 -135.9100
-6.5323885525e-01 1.6595073899e-01 -3.2435466079e+00
146 195 194
2 1 1098 -149.5800 38.0400 0 1082 -123.4600 -22.2900
-7.1211953623e-01 1.5683991672e-01 -3.2395543029e+00
181 155 165
2 1 1099 -163.4600 36.1100 0 1375 -136.7700 -24.6200
-1.9542166448e-01 -1.4619771191e-04 -2.9406258636e+00
209 212 207
2 1 1117 -49.2400 0.7600 0 1151 -16.3500 -90.5200
-2.4893821552e-01 -3.0876972669e-02 -2.9342891675e+00
40 37 44
2 1 1125 -63.7400 -7.2100 0 1157 -28.3800 -97.0600
-1.8661519085e-01 -3.5478861653e-02 -2.9277871008e+00
206 207 205
2 1 1127 -47.3900 -8.5600 0 1160 -15.0400 -98.0300
-6.9658772992e-02 -7.2503052734e-02 -2.9048127862e+00
35 35 35
2 1 1135 -16.5200 -18.6400 0 1173 8.8400 -105.9300
-6.9658772992e-02 -7.2503052734e-02 -2.9048127862e+00
35 35 35
2 1 1136 -16.5200 -18.6400 0 1174 8.8400 -105.9300
-1.7462695469e-02 -8.3679418049e-02 -2.8984670490e+00
57 28 30
2 1 1137 -2.4500 -21.7400 0 1175 19.1700 -107.9700
-9.7369519477e-02 -1.2455370059e-01 -2.8878181453e+00
210 211 207
2 1 1144 -24.3500 -32.6100 0 1182 2.0500 -116.9800
-5.6721564040e-01 -3.2414242622e-01 -2.9790632476e+00
107 168 109
2 1 1163 -146.0800 -82.9200 0 1202 -105.6000 -139.3300
-8.3604122343e-01 1.4006410486e-01 -3.2242768031e+00
193 141 148
2 1 1282 -193.3300 32.6500 0 1518 -164.9900 -30.0200
-8.0410036540e-01 -9.7018417666e-03 -3.1670856564e+00
105 180 187
2 1 1301 -190.6600 -2.1600 0 1529 -158.0100 -64.0200
-2.1036672915e-01 -2.9412542469e-02 -2.9305431018e+00
36 33 40
2 1 1306 -53.6100 -6.9000 0 1401 -19.9600 -96.9300
-1.7696812699e-01 -8.2864970795e-02 -2.9078882777e+00
41 39 46
2 1 1315 -45.3800 -21.1500 0 1406 -13.7600 -108.5000
-9.4817826764e-02 5.4293034397e-02 -2.9547661280e+00
78 35 29
2 1 1422 -22.0900 14.7600 0 1533 5.7800 -78.5200
-2.8101675393e-01 1.1813741826e-02 -2.9516216088e+00
200 200 201
2 1 1426 -71.4200 4.0300 0 1536 -34.7600 -87.8700
-3.0200945564e-01 -2.5140596199e-02 -2.9412571713e+00
208 208 203
2 1 1429 -77.4800 -5.5800 0 1537 -39.9400 -95.7200
-2.7609630009e-01 -1.8140502189e-01 -2.8840739508e+00
216 182 41
2 1 1440 -73.1300 -47.5500 0 1554 -36.6900 -128.8900
-2.6408658956e-01 5.0704965397e-02 -2.9660330522e+00
218 219 214
2 1 1527 -66.3700 14.0000 0 1666 -30.5400 -79.0700
-3.0630162840e-01 4.1823167907e-02 -2.9651861533e+00
209 210 205
2 1 1529 -77.6900 11.6800 0 1744 -39.6400 -80.9800
-1.3539872677e-01 -1.1529789900e-01 -2.8957982800e+00
210 210 208
2 1 1590 -34.3900 -29.9300 0 1674 -5.9300 -114.9200
-5.3528632192e-01 -3.9061035254e-01 -2.9536149817e+00
97 165 111
2 1 1634 -138.8800 -100.8500 0 1838 -100.0500 -152.8400
-6.1974929585e-01 -2.0894071656e-01 -3.0407192509e+00
47 43 40
2 1 1691 -154.9300 -51.9800 0 1885 -117.0300 -113.3200
5.4993256233e-01 6.0725836922e-01 -3.3664850795e+00
207 217 210
2 2 63 210.5900 167.7000 0 86 125.9400 66.8200
-7.6275133936e-01 1.5801677397e-01 -3.2384552491e+00
212 114 147
2 2 115 -89.0800 110.0300 0 208 -148.2600 -24.6300
9.9854088112e-01 2.3815097480e-01 -3.2284077718e+00
203 199 196
2 2 147 309.3800 78.9700 0 167 188.3500 -9.1000
4.8496122929e-01 7.8006441745e-01 -3.4007063092e+00
131 136 113
2 2 487 197.3400 204.5800 0 45 121.7500 102.3800
5.3972274164e-01 6.1254121244e-01 -3.3793986148e+00
164 177 164
2 2 518 207.4600 168.4900 0 83 123.2600 69.0800
-7.8641329105e-01 -4.0055079303e-02 -3.1545006386e+00
175 162 172
2 2 607 -100.5500 64.1700 0 767 -154.0100 -70.7700
-5.6180451905e-01 -3.4022829132e-01 -2.9731714609e+00
75 105 89
2 2 680 -48.8800 -18.9200 0 423 -104.4900 -142.5900
-8.2563624586e-01 7.9191878641e-02 -3.1979222073e+00
215 114 146
2 2 900 -106.9900 93.9000 0 1094 -162.7700 -44.4400
-2.0049361450e-01 -7.5676832045e-02 -2.9136802398e+00
214 215 213
2 2 950 57.4100 43.0000 0 367 -18.7500 -106.8100
-1.5532502510e-01 -2.4856555114e-01 -2.8476467824e+00
48 36 32
2 2 1012 68.7500 -5.3200 0 867 -11.9900 -142.7900
-2.7677360753e-01 -3.9244805247e-02 -2.9371359141e+00
67 64 72
2 2 1210 36.6600 54.6300 0 1161 -34.5900 -98.3400
-1.7625085561e-01 -1.3832144234e-01 -2.8881988283e+00
213 211 212
2 2 1226 63.5900 25.5600 0 1186 -14.4600 -120.1800
-3.7159663036e-02 -1.1402046043e-01 -2.8879027367e+00
207 205 207
2 2 1421 101.5300 28.2500 0 1411 14.4300 -114.4600
-5.9036413119e-01 8.9936719913e-01 -3.8998477116e+00
75 36 22
2 2 1647 -41.6200 227.9400 0 1474 -110.4900 182.7800
