# Bundle file v0.3
3 12
6.6080306000e+02 0.0000000000e+00 0.0000000000e+00
1.0000000000e+00 0.0000000000e+00 0.0000000000e+00
0.0000000000e+00 1.0000000000e+00 0.0000000000e+00
0.0000000000e+00 0.0000000000e+00 1.0000000000e+00
-0.0000000000e+00 -0.0000000000e+00 -0.0000000000e+00
6.6080306000e+02 0.0000000000e+00 0.0000000000e+00
8.3137089355e-01 1.8474792503e-01 -5.2410937937e-01
-4.8089900939e-01 7.1181432322e-01 -5.1191455540e-01
2.7849341127e-01 6.7763454270e-01 6.8062680408e-01
-6.3968762249e-01 -6.1022234751e-01 -4.6736327651e-01
0 0 0
0 0 0
0 0 0
0 0 0
0 0 0
1.9926434598e-01 -2.1688002378e-02 -1.0430489525e+00
192 189 186
2 0 210 126.2400 -13.7400 1 1068 39.9100 -109.0400
-5.0499661037e-02 4.8935754716e-02 -9.3948031711e-01
151 167 179
2 0 632 -35.5200 34.4200 1 992 -109.5000 -42.6300
-3.3416018011e-02 -1.0433609875e-01 -9.3128743228e-01
199 64 113
2 0 764 -23.5500 -74.1000 1 1061 -111.2800 -107.0700
-6.9685750631e-02 5.8634801608e-03 -9.1167191353e-01
105 179 182
2 0 1082 -50.5100 4.2500 1 1011 -131.0000 -63.3900
-5.4211336042e-02 -1.1278054619e-01 -9.1129531844e-01
127 189 192
2 0 1125 -39.3100 -81.7800 1 1074 -127.7600 -110.9200
1.5138311126e-01 -1.2771542194e-01 -9.9652126295e-01
39 24 13
2 0 1127 100.5000 -84.7300 1 543 -8.5000 -146.3700
1.4165160751e-01 -4.6134369970e-02 -9.9394153506e-01
210 206 204
2 0 1370 93.9500 -30.5900 1 1802 -5.3600 -117.9600
1.5092310753e-01 -4.6883283686e-02 -1.0042337502e+00
28 21 20
2 0 1372 99.3100 -30.8500 1 1512 2.0000 -117.0800
1.3948576871e-01 -6.5789606199e-02 -9.9188301350e-01
41 30 32
2 0 1377 92.9000 -43.8200 1 1522 -9.2000 -124.5500
-2.6807696370e-02 -1.0939113034e-01 -9.3399273588e-01
104 165 163
2 0 1386 -19.5300 -77.1600 1 1792 -106.9400 -110.4900
-6.7928416947e-02 -1.9767860712e-02 -9.1060202560e-01
107 180 188
2 0 1523 -49.3500 -14.3200 1 1935 -131.3200 -74.1200
1.6098966193e-01 -4.5601283881e-02 -1.0130692615e+00
158 154 153
2 0 1531 105.6400 -29.9700 1 1800 9.1700 -115.9100
