# Bundle file v0.3
3 205
6.4096091981e+02 -5.7924754746e-02 -6.1677350787e-05
9.9982757696e-01 1.2646141310e-02 -1.3597480170e-02
-1.2606289027e-02 9.9991599937e-01 3.0125885620e-03
1.3634435594e-02 -2.8406553572e-03 9.9990301172e-01
-3.1163877689e-02 5.3705238340e-02 1.0078104604e+00
6.0022113493e+02 -3.7459222781e-02 -4.3599047066e-02
7.7967798162e-01 2.5208366101e-01 -5.7319810959e-01
-2.5969039037e-01 9.6312740632e-01 7.0331361031e-02
5.6979219557e-01 9.4018227227e-02 8.1639293653e-01
-9.5866402403e-01 1.6116043132e-01 6.8555046352e-01
6.4554495268e+02 -1.4104399652e-02 8.1752547376e-03
8.9738125565e-01 1.8490066903e-03 -4.4125215375e-01
1.5128014911e-01 9.3809643302e-01 3.1159171819e-01
4.1451320666e-01 -3.4636925893e-01 8.4155043697e-01
-7.6594836840e-01 5.6976267494e-01 8.0157697417e-01
1.2583302899e-01 1.2027914361e-01 -1.7021349989e+00
158 170 156
2 0 57 109.8600 153.9800 2 12 102.1000 177.9400
-1.1792554750e-01 -4.8695550393e-02 -1.5909113736e+00
204 110 136
2 0 195 -140.1700 1.7000 2 593 -192.2800 12.0900
2.1752919761e-01 -4.8754834790e-02 -1.7495538545e+00
191 197 188
2 0 203 181.0600 -2.5800 2 592 229.9400 13.4100
4.9885182551e-02 -7.0166709716e-02 -1.6184771424e+00
142 13 2
3 0 225 41.7800 -23.4500 2 595 -8.7600 9.1000 1 190 -9.6300 -32.1500
1.8861966869e-03 -7.1372827941e-02 -1.5990374437e+00
41 35 29
3 0 230 -8.9700 -24.7800 2 599 -73.2700 5.9300 1 170 -56.1600 -19.1400
1.8861966869e-03 -7.1372827941e-02 -1.5990374437e+00
41 35 29
3 0 231 -8.9700 -24.7800 2 600 -73.2700 5.9300 1 171 -56.1600 -19.1400
3.5509973953e-02 -7.2819055123e-02 -1.6124400617e+00
122 18 8
3 0 235 26.9700 -26.1600 2 601 -28.3300 5.4500 1 183 -24.5200 -30.3200
8.0478993266e-02 -7.8347497659e-02 -1.7290441331e+00
50 89 27
2 0 239 63.9200 -27.4600 2 633 75.1700 -33.0000
2.4354057417e-02 -7.7189191613e-02 -1.6076247197e+00
209 208 205
3 0 247 15.0400 -30.8600 2 607 -43.5600 0.1500 1 184 -36.5800 -31.2100
4.2942936313e-03 -8.0930396900e-02 -1.5985766928e+00
211 214 214
2 0 255 -6.6000 -34.7300 2 244 -71.4900 -4.6300
3.4984030394e-02 -8.3308720878e-02 -1.6121381718e+00
54 52 55
2 0 259 26.2600 -36.9900 2 247 -29.4900 -6.9000
3.4984030394e-02 -8.3308720878e-02 -1.6121381718e+00
54 52 55
2 0 260 26.2600 -36.9900 2 246 -29.4900 -6.9000
2.7147702270e-02 -9.2811420474e-02 -1.6073400638e+00
222 223 222
2 0 282 17.7500 -47.4900 2 614 -41.2800 -17.7500
5.2185415910e-02 -9.3962276019e-02 -1.6182342468e+00
212 217 216
3 0 284 43.8900 -48.1300 2 617 -6.5300 -18.7300 1 219 -13.9000 -55.3700
5.2185415910e-02 -9.3962276019e-02 -1.6182342468e+00
212 217 216
3 0 285 43.8900 -48.1300 2 618 -6.5300 -18.7300 1 220 -13.9000 -55.3700
1.9649743986e-02 -9.3805092349e-02 -1.6044759163e+00
219 219 216
3 0 286 9.8100 -48.7000 2 619 -51.5100 -19.2900 1 202 -45.5600 -45.3600
3.3077696703e-02 -9.7125108852e-02 -1.6099461004e+00
211 217 213
3 0 287 24.0400 -51.8900 2 623 -33.1700 -22.9600 1 214 -33.5500 -52.4800
3.3077696703e-02 -9.7125108852e-02 -1.6099461004e+00
211 217 213
3 0 288 24.0400 -51.8900 2 624 -33.1700 -22.9600 1 215 -33.5500 -52.4800
5.3641206748e-02 -1.0368266370e-01 -1.6183513812e+00
204 202 198
3 0 309 45.2300 -58.3200 2 628 -4.8800 -30.3100 1 244 -15.0700 -64.9700
3.4511019620e-02 -1.0676586494e-01 -1.6097764273e+00
216 217 215
3 0 316 25.3700 -62.3300 2 932 -32.0100 -34.3000 1 238 -34.7100 -61.8900
6.0066304075e-02 -1.2506028645e-01 -1.6199383715e+00
97 9 0
3 0 360 51.6400 -80.5000 2 650 3.3800 -56.5400 1 274 -14.5700 -86.8600
6.0066304075e-02 -1.2506028645e-01 -1.6199383715e+00
97 9 0
3 0 361 51.6400 -80.5000 2 651 3.3800 -56.5400 1 273 -14.5700 -86.8600
3.8868001185e-02 -1.2818194990e-01 -1.6102031863e+00
179 138 138
3 0 369 29.6800 -84.9000 2 947 -27.3100 -60.5500 1 266 -36.4100 -83.2300
3.4694078988e-02 -1.2843057790e-01 -1.6088928871e+00
180 139 142
2 0 372 25.4600 -85.2300 2 659 -32.9300 -61.2900
3.0714290323e-02 -1.2933200921e-01 -1.6071503870e+00
179 140 139
3 0 376 21.1400 -86.2400 2 661 -38.7200 -62.3900 1 263 -44.3700 -81.8100
-1.8069783214e-03 -1.3559078977e-01 -1.5950929491e+00
156 90 48
2 0 412 -14.1800 -94.5400 2 668 -83.4800 -71.4000
-5.8967971593e-02 -1.3725596317e-01 -1.5982436227e+00
46 71 39
3 0 414 -76.0800 -94.6800 2 670 -141.4300 -81.5100 1 236 -110.4400 -61.8800
1.4369305640e-01 7.5587071921e-02 -1.7182117249e+00
173 180 166
2 0 707 123.3200 110.2200 2 794 128.0100 134.0400
1.9381921141e-01 8.8516174704e-03 -1.7411965946e+00
194 202 189
2 0 754 162.9100 47.9700 2 546 193.7800 71.2400
-6.7308061817e-02 -5.6334465255e-02 -1.6028616043e+00
98 110 100
2 0 789 -83.0500 -6.9300 2 870 -138.4800 8.3100
4.0869606380e-02 -7.1765480182e-02 -1.6144956775e+00
80 20 10
3 0 796 32.7100 -24.9200 2 598 -21.4700 6.8400 1 185 -18.8500 -31.0200
3.3790045322e-02 -7.5137801715e-02 -1.6112524471e+00
238 42 45
3 0 802 25.1100 -28.5300 2 878 -31.0500 2.9000 1 689 -26.9800 -32.1500
4.6564789305e-02 -7.6895494738e-02 -1.6168557155e+00
49 22 20
3 0 803 38.3600 -30.2500 2 879 -13.5400 1.0800 1 697 -14.7300 -37.6300
4.9442076873e-02 -7.9192918905e-02 -1.6182673387e+00
212 214 211
3 0 805 41.3600 -32.5700 2 881 -9.5300 -1.7300 1 702 -12.3800 -40.5800
4.4313568671e-02 -7.9954761188e-02 -1.6160674066e+00
222 224 221
3 0 806 36.0900 -33.4800 2 882 -16.5800 -2.7600 1 198 -17.6400 -39.6800
3.7462137244e-02 -8.1119368113e-02 -1.6129469661e+00
224 223 219
3 0 809 28.9300 -34.7500 2 883 -26.1000 -4.2000 1 699 -24.7800 -38.8000
3.7462137244e-02 -8.1119368113e-02 -1.6129469661e+00
224 223 219
3 0 810 28.9300 -34.7500 2 884 -26.1000 -4.2000 1 700 -24.7800 -38.8000
1.3073012249e-02 -8.5103913342e-02 -1.6027594045e+00
220 222 219
3 0 816 3.0000 -39.2700 2 886 -59.5000 -9.6000 1 696 -49.2800 -35.2900
7.3725372817e-03 -8.5796714213e-02 -1.6004473423e+00
217 221 218
3 0 817 -3.2100 -40.2000 2 610 -67.1700 -10.5700 1 191 -54.8800 -34.1600
7.3725372817e-03 -8.5796714213e-02 -1.6004473423e+00
217 221 218
3 0 818 -3.2100 -40.2000 2 611 -67.1700 -10.5700 1 192 -54.8800 -34.1600
5.0979135115e-02 -8.8325477277e-02 -1.6178499805e+00
219 221 223
3 0 822 42.6800 -42.4000 2 888 -8.1300 -11.9200 1 720 -13.5200 -49.7000
4.8417350517e-02 -9.1111107962e-02 -1.6166693250e+00
43 38 36
3 0 825 40.0600 -45.3000 2 893 -11.7100 -15.3700 1 724 -16.8800 -51.4900
4.8417350517e-02 -9.1111107962e-02 -1.6166693250e+00
43 38 36
3 0 826 40.0600 -45.3000 2 894 -11.7100 -15.3700 1 725 -16.8800 -51.4900
3.1236950569e-02 -9.1813028326e-02 -1.6090097110e+00
217 216 212
2 0 828 22.1000 -46.3600 2 895 -35.6700 -16.4300
4.1587527626e-02 -9.2869267364e-02 -1.6136718055e+00
31 29 28
3 0 830 32.9400 -47.2400 2 898 -21.0900 -17.6300 1 722 -24.2600 -51.0500
4.1587527626e-02 -9.2869267364e-02 -1.6136718055e+00
31 29 28
3 0 831 32.9400 -47.2400 2 899 -21.0900 -17.6300 1 723 -24.2600 -51.0500
4.8909393108e-02 -9.4833261951e-02 -1.6165973750e+00
221 222 222
3 0 832 40.7100 -49.0600 2 904 -11.5500 -19.8800 1 730 -17.2300 -55.1900
1.4755216993e-02 -9.4276902619e-02 -1.6025278407e+00
211 217 212
3 0 834 4.5800 -49.3100 2 902 -58.1700 -20.0600 1 705 -50.3400 -44.2600
1.4755216993e-02 -9.4276902619e-02 -1.6025278407e+00
211 217 212
3 0 835 4.5800 -49.3100 2 903 -58.1700 -20.0600 1 706 -50.3400 -44.2600
3.0042030231e-02 -9.5124759472e-02 -1.6087706134e+00
33 27 27
3 0 836 20.8900 -49.8500 2 906 -37.3100 -20.6500 1 719 -35.8900 -49.6900
9.0729002375e-03 -9.5568946995e-02 -1.5998018838e+00
211 211 209
2 0 837 -1.7000 -50.7200 2 908 -66.1500 -21.5800
9.0290623836e-03 -9.5497684234e-02 -1.6000395841e+00
211 211 209
3 0 838 -1.7000 -50.7200 2 909 -66.1500 -21.5800 1 201 -56.1100 -43.8100
3.8248940918e-02 -9.6827375094e-02 -1.6121957582e+00
215 215 211
3 0 839 29.6400 -51.3300 2 912 -26.2500 -22.6300 1 727 -28.1900 -53.7900
2.8210972795e-02 -9.8115081751e-02 -1.6080083435e+00
224 226 223
3 0 842 19.0100 -53.0300 2 921 -39.9300 -24.4300 1 210 -38.4300 -51.8000
2.2066414644e-02 -9.9315463242e-02 -1.6054279261e+00
212 214 213
2 0 844 12.4000 -54.3300 2 923 -48.4600 -26.0000
2.2021923195e-02 -9.9258123573e-02 -1.6055023096e+00
212 214 213
3 0 845 12.4000 -54.3300 2 924 -48.4600 -26.0000 1 209 -44.6200 -51.0600
1.6557212265e-02 -1.0047921797e-01 -1.6033166741e+00
210 210 207
3 0 848 6.3900 -55.8300 2 926 -55.9900 -27.4900 1 208 -49.9700 -50.7100
2.6333322183e-02 -1.0466512752e-01 -1.6063287535e+00
22 21 17
3 0 856 16.6900 -60.0600 2 930 -43.3200 -31.9000 1 224 -42.1900 -57.7600
2.6333322183e-02 -1.0466512752e-01 -1.6063287535e+00
22 21 17
3 0 857 16.6900 -60.0600 2 931 -43.3200 -31.9000 1 225 -42.1900 -57.7600
-9.6489908829e-02 -1.1223305412e-01 -1.5977526183e+00
202 71 111
2 0 865 -116.1700 -67.2500 2 940 -175.0500 -56.8100
5.7261626208e-02 -1.2508623526e-01 -1.6184382295e+00
171 137 135
3 0 881 48.7200 -80.5700 2 941 -0.8600 -56.4500 1 269 -17.4300 -86.2800
5.3166794715e-02 -1.2576158117e-01 -1.6166839837e+00
178 131 129
3 0 882 44.4500 -81.6000 2 942 -6.6500 -57.2900 1 755 -21.6200 -85.5800
4.2239100968e-02 -1.2745083190e-01 -1.6118288802e+00
166 120 115
2 0 887 33.3500 -83.9700 2 654 -22.3500 -59.7700
1.2427021477e-02 -1.3539385527e-01 -1.5997318441e+00
34 29 11
3 0 891 1.2600 -93.7000 2 1153 -64.4800 -70.3700 1 261 -63.1900 -81.7600
1.2427021477e-02 -1.3539385527e-01 -1.5997318441e+00
34 29 11
3 0 892 1.2600 -93.7000 2 1154 -64.4800 -70.3700 1 262 -63.1900 -81.7600
-3.9170980825e-02 -1.6368950479e-01 -1.6062818361e+00
113 137 121
2 0 918 -53.9200 -121.9900 2 969 -117.2900 -114.2800
1.3986817862e-01 1.0431943354e-01 -1.7104679273e+00
164 172 152
2 0 1100 121.1100 137.3600 2 1043 119.9500 163.2300
-1.0453882678e-02 8.1683195318e-02 -1.6816418982e+00
148 145 143
2 0 1110 -16.8500 123.7200 2 61 -33.0600 120.6800
-8.8424935745e-02 -2.1945980790e-02 -1.6096946814e+00
166 199 201
2 0 1162 -104.0600 29.6400 2 1098 -149.5800 38.0400
4.8812781342e-02 -6.3822355726e-02 -1.6188761236e+00
82 19 7
3 0 1188 40.8900 -16.5700 2 1111 -9.7000 15.8900 1 1074 -8.7700 -25.8400
-1.0579607717e-01 -7.1443424891e-02 -1.5968201110e+00
208 75 117
3 0 1196 -125.7500 -23.2200 2 889 -179.7500 -12.4800 1 654 -125.7700 6.9500
1.3866934830e-02 -7.2812082367e-02 -1.6035378839e+00
213 214 213
3 0 1200 3.9000 -26.1800 2 875 -57.5300 4.8800 1 684 -45.3400 -24.1800
-1.0478269105e-01 -7.7254056261e-02 -1.5965921473e+00
216 75 125
3 0 1202 -124.8600 -29.4100 2 900 -179.7800 -18.4800 1 663 -126.3500 1.5300
5.1996163933e-02 -7.6679127449e-02 -1.6200395890e+00
66 15 4
3 0 1203 43.9100 -29.7000 2 1116 -5.5200 1.0300 1 1089 -8.9700 -39.1700
2.9877706365e-02 -8.2989802669e-02 -1.6101796590e+00
218 223 216
3 0 1209 21.0200 -36.6500 2 1123 -36.1300 -6.9300 1 1088 -32.6000 -38.2100
9.9689361853e-03 -8.3042906871e-02 -1.6014080141e+00
30 25 25
3 0 1210 -0.3100 -37.1300 2 1125 -63.7400 -7.2100 1 1080 -51.7100 -32.4600
2.1970907907e-02 -8.4458508323e-02 -1.6063265604e+00
210 212 208
3 0 1213 12.5600 -38.4700 2 1126 -47.3900 -8.5600 1 1085 -40.7500 -37.2700
4.1978103595e-02 -8.5847747900e-02 -1.6140446905e+00
37 31 34
3 0 1214 33.4200 -39.9700 2 1128 -20.4400 -9.1800 1 1092 -21.8500 -44.6000
4.1978103595e-02 -8.5847747900e-02 -1.6140446905e+00
37 31 34
3 0 1215 33.4200 -39.9700 2 1129 -20.4400 -9.1800 1 1093 -21.8500 -44.6000
4.4660872780e-02 -8.9493232774e-02 -1.6152561729e+00
217 223 222
3 0 1217 36.0200 -43.8200 2 1130 -16.6400 -13.4000 1 1102 -20.1000 -48.8800
5.4044851538e-02 -9.0807666410e-02 -1.6192831286e+00
66 17 16
3 0 1221 45.8000 -44.8400 2 1131 -3.7500 -14.9500 1 1106 -11.1500 -52.9400
4.4991219855e-02 -9.3704424066e-02 -1.6152620612e+00
30 30 22
3 0 1223 36.5300 -48.0100 2 1135 -16.5200 -18.6400 1 1104 -20.8300 -52.9100
4.4991219855e-02 -9.3704424066e-02 -1.6152620612e+00
30 30 22
3 0 1224 36.5300 -48.0100 2 1136 -16.5200 -18.6400 1 1105 -20.8300 -52.9100
1.2409476829e-02 -9.6783264034e-02 -1.6015466736e+00
21 20 18
3 0 1231 2.0000 -52.0100 2 913 -61.4700 -23.1500 1 709 -53.2100 -45.9100
1.2409476829e-02 -9.6783264034e-02 -1.6015466736e+00
21 20 18
3 0 1232 2.0000 -52.0100 2 914 -61.4700 -23.1500 1 710 -53.2100 -45.9100
1.8290973273e-02 -9.7573018876e-02 -1.6041877066e+00
20 20 17
3 0 1233 8.3100 -52.6900 2 918 -53.3000 -24.0100 1 714 -47.6500 -48.4400
1.8290973273e-02 -9.7573018876e-02 -1.6041877066e+00
20 20 17
3 0 1234 8.3100 -52.6900 2 919 -53.3000 -24.0100 1 715 -47.6500 -48.4400
4.0126833712e-02 -1.0551845551e-01 -1.6117781545e+00
209 211 206
3 0 1238 31.3500 -60.7800 2 1144 -24.3500 -32.6100 1 739 -29.2500 -62.4200
-1.1101679581e-01 -1.1557743326e-01 -1.5906942668e+00
135 189 192
3 0 1249 -133.7700 -71.3300 2 946 -194.5200 -60.3200 1 182 -141.5000 -29.5200
5.0086337472e-02 -1.2645368481e-01 -1.6146172234e+00
169 123 122
3 0 1253 41.5100 -82.3700 2 944 -11.5700 -58.2100 1 753 -25.3300 -85.1900
-9.3617174283e-02 -1.2745057437e-01 -1.5979835726e+00
57 156 187
2 0 1258 -113.2000 -83.7000 2 954 -173.9100 -74.1600
-9.2707738620e-02 -1.3172872417e-01 -1.5983464606e+00
55 158 191
3 0 1260 -112.2400 -88.1400 2 956 -173.5100 -79.0800 1 712 -129.1500 -47.6400
-6.2097114029e-02 -1.3863290601e-01 -1.5962331904e+00
99 160 106
3 0 1264 -79.9200 -96.4800 2 1163 -146.0800 -82.9200 1 1115 -114.0300 -62.3100
-9.0942477275e-02 -1.4136872924e-01 -1.5988426236e+00
61 155 186
2 0 1268 -110.2600 -98.5600 2 963 -172.3100 -90.5800
-3.6611680255e-02 -1.5975106590e-01 -1.6089362686e+00
27 26 17
2 0 1279 -51.0300 -117.5600 2 1171 -112.2100 -109.4400
8.2071645022e-02 -2.2768954918e-01 -1.5118714958e+00
51 21 8
3 0 1393 87.1700 -227.1000 2 1212 -45.4900 -185.2500 1 1251 -98.5100 -210.5300
-3.3180730247e-02 1.1266466428e-01 -1.6860124337e+00
187 188 180
3 0 1424 -37.7300 151.9000 2 1237 -49.8000 139.8900 1 1296 9.0900 136.8100
2.0196938479e-01 -6.5278961117e-03 -1.7477280770e+00
203 206 200
3 0 1482 168.2000 34.4200 2 1272 205.5200 55.1400 1 1545 190.2800 -20.4400
2.0158061413e-01 -6.2267608698e-03 -1.7474086425e+00
203 206 200
2 0 1483 168.2000 34.4200 2 1273 205.5200 55.1400
-9.9254437892e-02 -2.3983562716e-02 -1.6039536000e+00
180 165 174
2 0 1488 -116.6700 27.9300 2 1099 -163.4600 36.1100
2.0483259244e-01 -1.5490224849e-02 -1.7516224318e+00
135 128 115
2 0 1490 169.9200 26.1200 2 1277 211.1900 44.7800
2.0483259244e-01 -1.5490224849e-02 -1.7516224318e+00
135 128 115
2 0 1491 169.9200 26.1200 2 1278 211.1900 44.7800
2.6589370564e-02 -7.0949667908e-02 -1.6090453471e+00
215 217 212
3 0 1514 17.4800 -24.1200 2 1297 -39.9300 7.3000 1 1380 -32.7700 -26.0700
2.0368314705e-02 -7.6718155959e-02 -1.6055586068e+00
213 214 209
3 0 1517 10.8000 -30.3900 2 1117 -49.2400 0.7600 1 1078 -40.5200 -29.6300
8.0024151102e-03 -7.8122970835e-02 -1.6007593666e+00
216 217 217
3 0 1518 -2.5100 -31.9600 2 1300 -65.8000 -1.4200 1 1382 -52.5300 -27.2900
-6.6535469178e-02 -8.0726719450e-02 -1.6001019391e+00
74 116 88
3 0 1519 -83.0200 -33.5300 2 1134 -142.0500 -17.3400 1 1068 -102.1300 -10.5700
2.5433030493e-02 -8.1586171424e-02 -1.6078237197e+00
36 33 33
3 0 1520 16.2500 -35.3900 2 1304 -42.6000 -5.0200 1 1388 -36.6000 -35.6900
2.5433030493e-02 -8.1586171424e-02 -1.6078237197e+00
36 33 33
3 0 1521 16.2500 -35.3900 2 1305 -42.6000 -5.0200 1 1389 -36.6000 -35.6900
1.7312304466e-02 -8.2847090704e-02 -1.6047170625e+00
32 30 30
3 0 1524 7.6500 -36.8500 2 1306 -53.6100 -6.9000 1 1385 -44.4800 -34.3700
-9.8021312610e-02 -8.9644723078e-02 -1.5988115736e+00
173 175 126
2 0 1526 -117.3000 -42.7000 2 1143 -173.1300 -31.8400
1.5995034398e-02 -8.9476702158e-02 -1.6036722125e+00
26 22 23
3 0 1527 5.9400 -44.2600 2 1310 -55.8200 -14.4200 1 1390 -47.6200 -40.1000
1.5995034398e-02 -8.9476702158e-02 -1.6036722125e+00
26 22 23
3 0 1528 5.9400 -44.2600 2 1311 -55.8200 -14.4200 1 1391 -47.6200 -40.1000
3.4994251258e-02 -9.3013249973e-02 -1.6107842094e+00
35 31 28
3 0 1531 26.1100 -47.5600 2 1313 -30.4200 -17.9300 1 1397 -30.6400 -49.1900
2.4042266158e-02 -9.5303055421e-02 -1.6063596234e+00
37 31 34
3 0 1533 14.5900 -50.2200 2 1315 -45.3800 -21.1500 1 1099 -41.8600 -47.8100
7.4352323945e-03 -9.9756271750e-02 -1.5995211496e+00
34 30 30
3 0 1534 -3.4300 -55.3700 2 1316 -68.5300 -26.8600 1 1393 -58.4500 -47.1900
-9.3023691664e-02 -1.1623129089e-01 -1.6001913558e+00
117 175 167
3 0 1539 -111.8500 -71.0400 2 1323 -170.7500 -61.7600 1 1083 -125.0200 -34.5000
-5.9551033285e-02 -1.3223072622e-01 -1.5980991070e+00
101 162 105
3 0 1548 -77.1000 -89.5400 2 1327 -140.9800 -75.0700 1 1112 -110.3100 -57.5400
-1.1522809035e-01 -6.2043645285e-02 -1.5922040623e+00
115 179 189
3 0 1707 -137.0300 -12.9400 2 1301 -190.6600 -2.1600 1 1362 -132.1700 16.9900
-5.8427890729e-02 -6.4878925798e-02 -1.6074268049e+00
90 99 85
2 0 1709 -73.3500 -16.5600 2 1299 -127.2800 -0.6900
3.9698802957e-02 -6.4747310171e-02 -1.6150524752e+00
122 14 9
2 0 1710 31.2800 -17.4300 2 1422 -22.0900 14.7600
3.5418905747e-03 -7.3221990691e-02 -1.5993459491e+00
198 199 197
3 0 1711 -7.2500 -26.7400 2 1426 -71.4200 4.0300 1 1546 -55.2000 -21.4500
-7.9661352449e-02 -7.5739276262e-02 -1.5943093098e+00
102 126 100
2 0 1713 -98.2700 -28.2600 2 1307 -158.0600 -11.8200
-4.7546173605e-04 -8.1516011921e-02 -1.5972513121e+00
209 209 207
3 0 1715 -11.8700 -35.7600 2 1429 -77.4800 -5.5800 1 1550 -61.2400 -28.0300
1.0021466606e-02 -8.9857362254e-02 -1.6013185581e+00
211 214 210
3 0 1719 -0.3900 -44.5000 2 1434 -63.9800 -15.2500 1 1551 -53.3800 -38.7600
4.6560844817e-03 -1.1641276179e-01 -1.5983877387e+00
214 186 42
3 0 1729 -6.5600 -73.3600 2 1440 -73.1300 -47.5500 1 1403 -65.1100 -61.4300
-1.2202480633e-01 -2.7290166165e-02 -1.5913549662e+00
178 158 168
3 0 1823 -143.6000 25.7000 2 1282 -193.3300 32.6500 1 1341 -129.8900 48.0200
-4.8642700194e-02 -1.6356184429e-01 -1.6005846358e+00
41 45 38
3 0 1845 -65.0400 -122.5900 2 1546 -131.5500 -113.5200 1 1676 -108.2300 -87.7000
6.2538905240e-03 -6.4350425111e-02 -1.6016295421e+00
216 221 216
3 0 1915 -4.2600 -17.1300 2 1527 -66.3700 14.0000 1 1662 -50.0200 -14.1100
6.3771145084e-03 -6.4515915023e-02 -1.6015100201e+00
216 221 216
2 0 1916 -4.2600 -17.1300 2 1528 -66.3700 14.0000
-4.9919886030e-02 -1.2380738294e-01 -1.6046416560e+00
111 168 110
2 0 1930 -65.1900 -79.6300 2 1592 -126.0900 -66.0700
-5.6176469900e-02 -1.5317723892e-01 -1.5992118489e+00
95 168 112
2 0 2019 -73.2500 -112.3500 2 1634 -138.8800 -100.8500
-6.9807293391e-04 -1.0050041019e-01 -1.5989403172e+00
223 204 194
2 0 2080 -11.9900 -55.4800 2 1690 -77.8500 -29.3500
-3.5510863956e-02 -1.2684088504e-02 -1.5601861498e+00
224 118 152
2 0 151 -52.8900 42.7700 1 100 -93.6900 47.4500
-1.7458776677e-02 -1.5564372813e-02 -1.6547129534e+00
228 125 155
2 0 163 -26.0400 32.8900 1 643 -24.5700 30.6300
2.7815834281e-02 -6.7686449699e-02 -1.6091913522e+00
214 222 221
2 0 221 18.8800 -20.6000 1 174 -30.6900 -23.5400
3.4437426778e-02 -1.0688859788e-01 -1.6101196935e+00
216 217 215
2 0 317 25.3700 -62.3300 1 239 -34.7100 -61.8900
3.8822124914e-02 -1.2830888787e-01 -1.6105668339e+00
179 138 138
2 0 370 29.6800 -84.9000 1 267 -36.4100 -83.2300
2.6330731591e-02 -1.3047804227e-01 -1.6056543246e+00
160 117 119
2 0 384 16.4000 -87.6200 1 259 -48.8500 -81.4500
1.9374218112e-01 1.5090428082e-02 -1.7413633613e+00
206 212 206
2 0 749 162.7300 53.8900 1 662 186.0500 2.3000
1.6027151235e-03 -5.7197467353e-03 -1.5839062504e+00
181 210 214
2 0 753 -9.1000 48.6500 1 639 -50.4100 42.6400
-1.1193850459e-01 -6.8676431124e-02 -1.5937536327e+00
173 157 167
2 0 795 -133.1600 -19.9300 1 139 -130.7900 10.4100
3.9099827459e-02 -7.4447382035e-02 -1.6135847817e+00
238 43 41
2 0 799 30.6900 -27.8800 1 691 -21.4300 -33.0100
1.4015292934e-02 -1.0318618414e-01 -1.6023867248e+00
13 14 10
2 0 852 3.6200 -58.9000 1 212 -53.0800 -52.2600
1.4015292934e-02 -1.0318618414e-01 -1.6023867248e+00
13 14 10
2 0 853 3.6200 -58.9000 1 213 -53.0800 -52.2600
5.3052199127e-02 -1.2592819101e-01 -1.6170355599e+00
178 131 129
2 0 883 44.4500 -81.6000 1 756 -21.6200 -85.5800
2.9283183039e-02 -1.3289217371e-01 -1.6059086556e+00
27 23 20
2 0 888 19.5300 -90.2200 1 752 -47.1700 -84.6000
-9.0780721544e-02 -1.7343818002e-01 -1.5966715984e+00
178 72 110
2 0 928 -111.0100 -133.0200 1 750 -137.9200 -83.2400
4.8737316553e-02 -1.6943686912e-01 -1.5843402687e+00
62 64 28
2 0 929 40.9600 -134.1100 1 807 -55.6000 -127.2300
-5.6456177502e-02 -1.7532830489e-01 -1.5975254378e+00
51 80 57
2 0 931 -73.9100 -135.4700 1 282 -117.8300 -95.3700
1.5524888781e-01 5.1611252600e-02 -1.7128270781e+00
108 108 95
2 0 1134 134.5300 88.7300 1 629 151.8800 48.8400
6.2000936585e-03 -1.9850177363e-02 -1.4903857974e+00
171 191 211
2 0 1157 -6.8100 40.3800 1 1043 -118.4400 38.5600
4.8826490634e-02 -6.3730052205e-02 -1.6183960565e+00
82 19 7
2 0 1187 40.8900 -16.5700 1 1073 -8.7700 -25.8400
4.5534390770e-02 -6.7240123550e-02 -1.6168611351e+00
255 44 41
2 0 1192 37.4300 -20.1300 1 1077 -13.0000 -28.3000
4.5534390770e-02 -6.7240123550e-02 -1.6168611351e+00
255 44 41
2 0 1193 37.4300 -20.1300 1 1076 -13.0000 -28.3000
3.6786257101e-02 -6.9119987257e-02 -1.6129888564e+00
250 46 39
2 0 1194 28.3300 -22.2300 1 1075 -22.2000 -27.3700
4.6660549680e-02 -7.2342653643e-02 -1.6167689117e+00
248 47 38
2 0 1198 38.5600 -25.5600 1 1082 -13.4500 -33.3500
1.3867953065e-02 -7.2811081083e-02 -1.6035351603e+00
213 214 213
2 0 1199 3.9000 -26.1800 1 683 -45.3400 -24.1800
3.0023371005e-02 -8.2753557808e-02 -1.6093544536e+00
218 223 216
2 0 1208 21.0200 -36.6500 1 1087 -32.6000 -38.2100
3.8039631674e-02 -8.9417343445e-02 -1.6123662298e+00
215 219 215
2 0 1219 29.3900 -43.7200 1 1098 -26.5500 -46.7000
5.4961863769e-02 -9.6301019941e-02 -1.6191442142e+00
51 19 17
2 0 1229 46.8000 -50.5400 1 1113 -11.7300 -58.3900
5.5543473420e-02 -1.0064214248e-01 -1.6193194184e+00
59 13 13
2 0 1235 47.3300 -55.0400 1 1116 -12.2600 -62.6600
2.5340740709e-02 -1.0818146571e-01 -1.6054747188e+00
212 215 209
2 0 1246 15.7200 -64.0700 1 737 -44.3600 -60.3200
-9.9877590452e-02 -1.5432290609e-01 -1.5940742033e+00
165 35 71
2 0 1274 -121.2200 -112.4700 1 242 -141.0100 -65.1500
-1.0019444711e-01 -1.7117997059e-01 -1.5938614505e+00
179 81 103
2 0 1287 -121.7400 -130.9400 1 748 -144.6200 -78.7800
1.7286813777e-02 1.1745474787e-01 -1.6382608902e+00
145 144 138
2 0 1415 9.7200 170.9500 1 592 22.2300 143.6000
-2.9732320842e-03 2.3402886903e-02 -1.6672832850e+00
208 232 192
2 0 1456 -10.8100 69.7800 1 1336 0.5500 60.0300
-8.6841684733e-02 -2.9152151153e-02 -1.6120468604e+00
159 178 198
2 0 1492 -101.9300 21.6600 1 1044 -96.3000 37.5100
-7.9062933932e-02 -3.7401810854e-02 -1.6158888861e+00
182 81 114
2 0 1497 -93.2300 12.8400 1 1049 -90.9600 28.4300
-7.9062933932e-02 -3.7401810854e-02 -1.6158888861e+00
182 81 114
2 0 1498 -93.2300 12.8400 1 1050 -90.9600 28.4300
1.7473159725e-02 -8.2727974740e-02 -1.6045767526e+00
32 30 30
2 0 1525 7.6500 -36.8500 1 1386 -44.4800 -34.3700
-9.5165568131e-02 -3.2473874077e-02 -1.6071096474e+00
109 186 196
2 0 1696 -111.6900 18.3100 1 1345 -105.0300 36.9800
-1.1113360137e-01 -5.2299308980e-02 -1.5956063311e+00
216 98 138
2 0 1703 -131.6100 -2.1800 1 1531 -125.8000 24.0000
-6.0315215250e-02 -5.0943851233e-02 -1.6076188798e+00
89 100 87
2 0 1704 -74.9100 -1.6300 1 1365 -87.3600 13.5000
-1.0546720221e-01 -2.4185507911e-02 -1.6011414338e+00
218 98 136
2 0 1822 -123.7800 27.5400 1 1517 -113.1700 46.6900
-1.0073483657e-01 -3.8934793037e-02 -1.6029855718e+00
217 98 141
2 0 1828 -118.5500 11.5900 1 1524 -112.2500 33.0300
-1.0073483657e-01 -3.8934793037e-02 -1.6029855718e+00
217 98 141
2 0 1829 -118.5500 11.5900 1 1523 -112.2500 33.0300
4.7934750941e-02 -8.2882673127e-02 -1.6169175026e+00
172 175 172
2 0 1836 39.7100 -36.4500 1 1667 -15.0100 -43.8100
4.7934750941e-02 -8.2882673127e-02 -1.6169175026e+00
172 175 172
2 0 1837 39.7100 -36.4500 1 1668 -15.0100 -43.8100
4.9636855308e-02 -1.0042372899e-01 -1.6170731190e+00
217 215 220
2 0 1839 41.2500 -54.9100 1 1672 -17.9200 -60.6700
-4.9014990247e-02 -1.7265814745e-01 -1.6007442859e+00
74 154 106
2 0 1849 -65.4600 -131.9500 1 1565 -110.7100 -95.3700
3.3254994153e-02 -1.0290307918e-01 -1.6082340442e+00
218 217 213
2 0 1927 24.2000 -58.1800 1 1751 -35.7600 -57.9400
2.0918867816e-02 -1.2295218695e-01 -1.6079319016e+00
18 16 16
2 0 2050 10.7300 -79.3600 1 1882 -49.4700 -72.5900
4.9828932191e-02 -6.9971444080e-02 -1.6186398962e+00
106 19 14
2 2 596 -8.7600 9.1000 1 189 -9.6300 -32.1500
3.0237120546e-02 -7.2691617851e-02 -1.6110577259e+00
75 17 14
2 2 602 -34.7800 5.1100 1 181 -29.3800 -28.8900
-8.2944822231e-02 2.6917335939e-02 -1.6231284951e+00
67 176 210
2 2 824 -131.5900 81.3600 1 611 -75.5700 82.7900
2.1449882819e-01 -4.9978973051e-03 -1.7510802731e+00
209 209 200
2 2 834 220.0500 57.7600 1 682 203.2700 -22.1800
-1.1565139494e-01 -4.7503260871e-02 -1.5936301159e+00
112 177 182
2 2 866 -188.1200 12.5800 1 121 -128.7400 29.1600
-1.1565139494e-01 -4.7503260871e-02 -1.5936301159e+00
112 177 182
2 2 867 -188.1200 12.5800 1 122 -128.7400 29.1600
-1.2577396957e-01 -5.2267244695e-02 -1.5886149823e+00
156 176 192
2 2 871 -201.3700 7.5700 1 645 -138.8200 27.7000
2.3894759455e-02 -7.0805956956e-02 -1.6085278788e+00
217 215 215
2 2 872 -43.4300 7.1600 1 685 -34.7500 -25.4600
2.3894759455e-02 -7.0805956956e-02 -1.6085278788e+00
217 215 215
2 2 873 -43.4300 7.1600 1 686 -34.7500 -25.4600
5.0288028671e-02 -1.2662878569e-01 -1.6142492903e+00
183 138 132
2 2 945 -11.5700 -58.2100 1 754 -25.3300 -85.1900
2.4932620341e-01 -1.5059956057e-01 -1.6182285664e+00
101 123 38
2 2 948 273.4200 -60.6400 1 429 146.6300 -190.2400
-6.2512082191e-02 -1.4347051184e-01 -1.5938655362e+00
113 166 110
2 2 962 -149.1100 -88.5400 1 247 -116.6500 -65.8800
4.7643117695e-02 1.2058496915e-01 -1.6973653881e+00
168 177 172
2 2 1045 26.3500 160.1000 1 999 73.5100 131.9700
-1.0574023826e-01 -5.9480432141e-02 -1.5986576772e+00
206 106 128
2 2 1118 -177.1800 -0.1000 1 650 -121.8200 16.3800
2.1602971262e-02 -8.4362304294e-02 -1.6067887230e+00
206 207 205
2 2 1127 -47.3900 -8.5600 1 1086 -40.7500 -37.2700
5.1056960429e-02 -1.0381523838e-01 -1.6169025882e+00
219 221 215
2 2 1142 -9.1100 -30.4100 1 1118 -17.4300 -64.3700
-4.7949978351e-02 9.4661042876e-02 -1.6798757639e+00
195 202 195
2 2 1243 -65.0300 123.9500 1 1499 -8.4600 125.0200
-1.1860293153e-01 -5.2316406452e-02 -1.5927278324e+00
106 179 192
2 2 1296 -191.9300 7.3000 1 1353 -132.0300 25.8000
3.1978221371e-03 -1.0520530106e-01 -1.5970584791e+00
208 202 197
2 2 1318 -75.0200 -33.3100 1 1399 -64.2600 -51.1300
-1.0311472534e-01 -1.1234345708e-01 -1.5932575236e+00
106 171 177
2 2 1322 -185.1900 -56.4900 1 1383 -134.3700 -28.4800
-4.1636323871e+00 2.3446125406e+00 -1.6734330070e+01
144 151 143
2 2 1336 118.4000 -125.6000 1 61 234.6100 91.9300
1.9574986109e-01 -2.0084345554e-02 -1.7501526195e+00
180 185 173
2 2 1520 200.2700 39.1700 1 1666 182.0700 -30.9400
1.9020896665e-01 -3.0166804038e-02 -1.7497546811e+00
165 149 140
2 2 1583 195.7200 27.8100 1 1749 173.7800 -38.0300
