# Bundle file v0.3
3 288
6.6853150332e+02 -1.0922100933e-02 -1.1805149946e-03
8.2658005950e-01 3.1939913681e-01 -4.6341082922e-01
-1.4981360663e-01 9.1853127619e-01 3.6586360564e-01
5.4251386019e-01 -2.3299031324e-01 8.0708997357e-01
-1.2192824621e+00 1.1046031406e+00 -1.1751573645e+00
6.9401682901e+02 -1.1213560949e-01 2.5720235368e-02
9.9887576378e-01 -1.0614757445e-02 -4.6201032982e-02
1.0828774748e-02 9.9993175465e-01 4.3844822530e-03
4.6151339761e-02 -4.8798536385e-03 9.9892253997e-01
-1.4417318840e-01 -4.1628829889e-02 -5.2889822643e-01
7.0626236227e+02 -9.0167804217e-02 -4.5503716494e-02
9.9055275828e-01 5.5901558379e-02 -1.2522080033e-01
-1.0058442894e-01 9.1684430513e-01 -3.8636678533e-01
9.3209472261e-02 3.9531194761e-01 9.1380548169e-01
-2.1199260088e-01 -1.1531219532e+00 -6.7423511867e-01
-6.6412446452e-01 -1.5864130850e-01 -2.4740488372e+00
101 174 180
3 1 1099 -157.0900 -49.5600 2 1010 -131.0000 -63.3900 0 121 -128.7400 29.1600
-6.6412446452e-01 -1.5864130850e-01 -2.4740488372e+00
101 174 180
3 1 1100 -157.0900 -49.5600 2 1011 -131.0000 -63.3900 0 122 -128.7400 29.1600
-6.5935999401e-01 -2.5356949513e-01 -2.5056025675e+00
169 146 156
3 1 767 -154.0100 -70.7700 2 1029 -127.3300 -78.9000 0 139 -130.7900 10.4100
-6.8420298707e-01 -4.6053287402e-01 -2.5656394277e+00
131 189 192
3 1 1180 -155.3100 -114.6700 2 1074 -127.7600 -110.9200 0 182 -141.5000 -29.5200
-1.1632558246e-01 -3.8890954359e-01 -2.5376599283e+00
214 217 208
3 1 809 -31.3800 -99.9500 2 452 -7.1600 -115.6300 0 191 -54.8800 -34.1600
-1.1549152963e-01 -4.3132313979e-01 -2.5561840493e+00
211 211 203
3 1 827 -30.5700 -108.8200 2 472 -6.7300 -121.1600 0 201 -56.1100 -43.8100
5.3495744112e-04 -4.4114962326e-01 -2.5895049285e+00
210 211 211
3 1 373 -4.3600 -109.6700 2 476 19.1700 -122.2800 0 215 -33.5500 -52.4800
1.1317411301e-03 -4.8271527517e-01 -2.6081525803e+00
213 215 213
3 1 846 -3.8400 -118.3700 2 496 19.3300 -127.3800 0 238 -34.7100 -61.8900
-7.1615216930e-01 -1.8125333617e-01 -2.4600695021e+00
130 156 172
3 1 1105 -169.7900 -55.0700 2 1466 -143.2500 -68.2300 0 645 -138.8200 27.7000
-1.2978856200e-01 -3.8100326603e-01 -2.5301552748e+00
29 27 33
3 1 1161 -34.5900 -98.3400 2 1088 -10.3400 -114.7600 0 688 -57.2800 -31.6400
1.4152073056e-02 -3.4244942121e-01 -2.5684010366e+00
227 37 30
3 1 791 -1.5800 -88.5200 2 427 23.3200 -106.2400 0 689 -26.9800 -32.1500
4.1096442881e-02 -3.3988748076e-01 -2.5747263884e+00
236 35 30
3 1 790 4.4000 -87.8300 2 420 29.5000 -105.7200 0 691 -21.4300 -33.0100
8.8641389113e-02 -3.6202942320e-01 -2.5948420372e+00
224 225 217
3 1 799 15.0200 -92.0000 2 1068 39.9100 -109.0400 0 702 -12.3800 -40.5800
-9.9775421114e-02 -4.3703043919e-01 -2.5620280348e+00
30 29 35
3 1 833 -26.8800 -109.8600 2 474 -3.3200 -121.9900 0 710 -53.2100 -45.9100
7.6351987992e-02 -4.1393356568e-01 -2.6102986384e+00
36 34 37
3 1 815 12.6500 -103.1000 2 457 36.7400 -116.3600 0 724 -16.8800 -51.4900
7.6351987992e-02 -4.1393356568e-01 -2.6102986384e+00
36 34 37
3 1 816 12.6500 -103.1000 2 458 36.7400 -116.3600 0 725 -16.8800 -51.4900
-4.7806926184e-02 -4.8895662970e-01 -2.5967558797e+00
207 212 203
3 1 1186 -14.4600 -120.1800 2 1114 7.9600 -128.7400 0 737 -44.3600 -60.3200
2.6635945493e-02 -4.7778159033e-01 -2.6150873851e+00
207 209 204
3 1 1182 2.0500 -116.9800 2 1107 24.7700 -126.3400 0 739 -29.2500 -62.4200
6.4451096558e-02 -5.7190566342e-01 -2.6531868915e+00
168 130 128
3 1 864 10.5900 -135.9100 2 526 32.3100 -139.6900 0 753 -25.3300 -85.1900
8.6841727688e-01 -2.8569352950e-01 -3.0898723947e+00
181 183 178
3 1 756 167.3600 -63.9600 2 334 202.4200 -61.1300 0 760 178.8800 -89.2500
-5.1443806528e-01 -7.0230441627e-02 -2.5198608827e+00
143 167 182
3 1 1086 -121.7400 -28.9000 2 1448 -94.6400 -44.2900 0 1044 -96.3000 37.5100
-3.9514418284e-01 -2.4570785228e-01 -2.5492098871e+00
55 78 65
3 1 1113 -93.5300 -67.7300 2 1475 -66.8600 -79.3300 0 1062 -87.6000 1.0100
-4.5466162206e-01 -3.2214912564e-01 -2.5440296024e+00
55 102 71
3 1 1136 -106.8200 -85.0400 2 1040 -80.2800 -93.2100 0 1068 -102.1300 -10.5700
-5.1130316160e-02 -3.4862727739e-01 -2.5492122666e+00
206 211 202
3 1 1151 -16.3500 -90.5200 2 1065 8.2300 -107.9500 0 1078 -40.5200 -29.6300
-5.9196987540e-01 -4.6153840427e-01 -2.5944659571e+00
107 162 163
3 1 1408 -134.0800 -113.9800 2 1792 -106.9400 -110.4900 0 1083 -125.0200 -34.5000
4.7319723252e-02 -3.8995778683e-01 -2.5953239327e+00
30 26 28
3 1 1162 6.1500 -98.3200 2 1079 30.5000 -112.8500 0 1092 -21.8500 -44.6000
-6.8765853342e-01 -7.0049351461e-02 -2.4385936766e+00
191 140 149
3 1 1518 -164.9900 -30.0200 2 1928 -139.0800 -48.2700 0 1341 -129.8900 48.0200
-6.7304993348e-01 -2.2305644838e-01 -2.4919399018e+00
96 174 184
3 1 1529 -158.0100 -64.0200 2 1935 -131.3200 -74.1200 0 1362 -132.1700 16.9900
-1.0881220479e-01 -3.5369257583e-01 -2.5312560558e+00
208 210 206
3 1 1398 -29.9600 -92.2600 2 1501 -4.7100 -109.4700 0 1382 -52.5300 -27.2900
-6.4682641486e-01 -4.4596928732e-01 -2.5733278805e+00
117 162 164
3 1 1548 -146.7400 -111.5100 2 1942 -119.7100 -108.2500 0 1383 -134.3700 -28.4800
-7.7178833805e-02 -4.0458607208e-01 -2.5575230318e+00
24 22 23
3 1 1404 -22.1500 -102.8000 2 1512 2.0000 -117.0800 0 1391 -47.6200 -40.1000
-1.2490408439e-01 -4.5076437777e-01 -2.5577115937e+00
30 27 27
3 1 1409 -32.6400 -113.1800 2 1522 -9.2000 -124.5500 0 1393 -58.4500 -47.1900
-1.5187313481e-01 -4.7190929612e-01 -2.5660136351e+00
202 199 194
3 1 1550 -38.1600 -117.3600 2 1948 -14.6400 -126.3500 0 1398 -64.2600 -51.1300
-6.4540346569e-01 -1.8179936661e-01 -2.4852740498e+00
204 75 125
3 1 1525 -152.6300 -54.6700 2 1933 -125.9700 -67.6600 0 1531 -125.8000 24.0000
-1.0725366539e-01 -4.0716779353e-01 -2.5488568731e+00
209 211 205
3 1 1546 -28.8000 -103.7400 2 1802 -5.3600 -117.9600 0 1551 -53.3800 -38.7600
-1.5036680606e-01 -3.0052344568e-01 -2.5016154435e+00
208 204 204
3 1 1667 -39.8800 -80.8500 2 2036 -15.5700 -102.4200 0 1661 -57.6100 -13.2600
-1.0903043236e-01 -2.9327034363e-01 -2.5119205903e+00
217 218 212
3 1 1666 -30.5400 -79.0700 2 1940 -4.9500 -100.3200 0 1662 -50.0200 -14.1100
-3.9655533829e-01 -5.1357188062e-01 -2.6255100448e+00
101 165 97
3 1 1676 -90.3300 -124.4200 2 1944 -64.3600 -120.9000 0 1669 -97.6800 -52.9400
-3.9655533829e-01 -5.1357188062e-01 -2.6255100448e+00
101 165 97
3 1 1677 -90.3300 -124.4200 2 1945 -64.3600 -120.9000 0 1670 -97.6800 -52.9400
2.5031688369e-01 4.4357209926e-01 -2.6331043169e+00
39 74 77
2 1 61 48.9400 86.4100 2 905 95.5100 60.0800
2.5031688369e-01 4.4357209926e-01 -2.6331043169e+00
39 74 77
2 1 62 48.9400 86.4100 2 906 95.5100 60.0800
2.1922523668e+00 1.8008977425e-01 -6.1799693031e+00
53 45 47
2 1 136 241.4500 14.0000 2 861 312.6300 134.3400
1.9296762023e+00 -1.0905272531e-02 -5.9795828733e+00
78 75 76
2 1 163 220.4900 -6.1800 2 867 284.2400 110.7300
-2.6056514582e-01 -6.1465634635e-02 -2.6404760612e+00
168 88 120
2 1 210 -61.4100 -25.6300 2 297 -32.2300 -36.7100
1.8620902307e+00 -2.4622054765e-01 -5.6223359345e+00
14 18 21
2 1 223 223.9200 -33.0900 2 134 281.1000 73.3500
2.0157691613e+00 -3.3596646327e-01 -5.6794702836e+00
105 98 106
2 1 234 239.4000 -42.6500 2 901 295.4200 63.2900
1.9885797486e+00 -3.5594772384e-01 -5.6534372930e+00
75 73 79
2 1 237 237.1700 -45.1100 2 904 292.5800 60.3900
1.7896359153e+00 -3.9799543152e-01 -5.5870433181e+00
93 82 85
2 1 246 217.0000 -50.6300 2 161 269.7400 55.5200
-6.8111705313e-01 -1.6429915584e-01 -2.4714531603e+00
199 91 125
2 1 247 -161.1800 -51.0300 2 338 -134.8600 -64.4100
-3.4368806015e-01 -1.7545225373e-01 -2.5535919842e+00
192 208 197
2 1 249 -82.2600 -51.9100 2 342 -55.0100 -66.4200
-3.4368806015e-01 -1.7545225373e-01 -2.5535919842e+00
192 208 197
2 1 250 -82.2600 -51.9100 2 343 -55.0100 -66.4200
-6.9013749159e-01 -1.7630567917e-01 -2.4633266321e+00
142 164 190
2 1 253 -163.6900 -53.9000 2 345 -137.3300 -67.4800
1.8224628911e+00 -4.8760283819e-01 -5.5128151006e+00
92 79 82
2 1 263 223.1200 -61.4700 2 179 273.5200 42.0200
2.1574178760e+00 -5.5666459198e-01 -5.4521966243e+00
102 99 108
2 1 271 263.5700 -69.5300 2 203 313.9100 27.5600
1.7939133081e+00 -6.0131288364e-01 -5.4048600902e+00
90 69 71
2 1 284 223.4200 -75.8700 2 926 270.1600 24.9200
1.8526078491e+00 -6.0206145097e-01 -5.3873106536e+00
137 126 132
2 1 285 231.0000 -76.0600 2 206 277.6100 23.3700
-6.7719440941e-01 -2.8798747135e-01 -2.5094640011e+00
84 170 185
2 1 290 -157.7400 -78.2000 2 376 -130.6800 -84.8500
2.0794848667e+00 -6.3064197972e-01 -5.3965212538e+00
110 106 113
2 1 295 256.4900 -78.9600 2 940 304.6200 17.6700
1.7058592756e+00 -7.1920982948e-01 -5.2804065661e+00
95 80 83
2 1 330 216.8500 -91.6600 2 241 260.0200 6.9400
1.7859552112e+00 -8.0018719706e-01 -5.2071820138e+00
126 113 116
2 1 353 228.9300 -102.4100 2 950 269.7700 -6.7900
1.7960463017e+00 -8.2354338906e-01 -5.1712485133e+00
123 111 116
2 1 365 231.3300 -105.8500 2 952 271.4700 -11.3700
-6.3118773461e-02 -4.2468833106e-01 -2.5720254668e+00
210 211 210
2 1 367 -18.7500 -106.8100 2 467 5.2600 -119.4600
1.8746953864e+00 -8.3791752678e-01 -5.1636146713e+00
90 67 66
2 1 369 241.0400 -107.5900 2 957 281.1400 -14.3900
1.7460610795e+00 -8.8506262139e-01 -5.1069995298e+00
121 114 121
2 1 387 227.4400 -114.6500 2 277 265.4600 -21.0400
2.0451194062e+00 -9.5784707473e-01 -5.0507232055e+00
83 72 76
2 1 394 266.0900 -124.1500 2 985 302.6100 -36.1200
1.6285675584e+00 -9.5290372608e-01 -5.0421291417e+00
123 110 113
2 1 397 215.0800 -124.5700 2 291 250.7500 -30.7200
1.7628193795e+00 -1.0160920088e+00 -4.9914754056e+00
86 78 82
2 1 404 233.5900 -133.2900 2 310 267.2900 -42.4000
1.9336453195e+00 -1.0605053059e+00 -4.9483667009e+00
92 82 83
2 1 417 256.3800 -139.5200 2 325 289.0500 -52.1000
-6.5878955424e-01 -5.8689157072e-01 -2.6154791524e+00
131 34 48
2 1 418 -146.4700 -140.3500 2 498 -119.1400 -128.4900
1.9177407404e+00 -1.0822411369e+00 -4.9305504717e+00
118 111 115
2 1 424 255.1900 -142.7200 2 329 286.8900 -55.3800
1.8565091342e+00 -1.1554740242e+00 -4.8439085072e+00
87 78 82
2 1 439 250.8200 -154.4300 2 347 279.7400 -68.0600
2.0410687427e+00 -1.2014708691e+00 -4.8013413530e+00
69 54 51
2 1 445 276.1000 -161.0600 2 363 303.3200 -78.2800
2.0410687427e+00 -1.2014708691e+00 -4.8013413530e+00
69 54 51
2 1 446 276.1000 -161.0600 2 364 303.3200 -78.2800
2.0818194406e+00 -1.3729174896e+00 -4.6431116429e+00
87 77 82
2 1 483 288.5400 -188.2200 2 1066 308.6400 -108.4500
5.1904869555e-02 -8.0282350000e-01 -2.5864438160e+00
211 235 121
2 1 486 7.9200 -189.4700 2 647 24.7800 -187.4100
5.1904869555e-02 -8.0282350000e-01 -2.5864438160e+00
211 235 121
2 1 487 7.9200 -189.4700 2 648 24.7800 -187.4100
7.5007436734e-02 -8.0486021806e-01 -2.5857538961e+00
217 243 109
2 1 490 13.0400 -189.9600 2 655 29.5400 -188.4300
1.8558604959e+00 -1.3849047359e+00 -4.6134395903e+00
108 95 102
2 1 494 260.1300 -191.5000 2 438 279.9600 -108.8900
1.9449901058e+00 -1.3872780636e+00 -4.6170453524e+00
103 87 91
2 1 496 271.6700 -191.4400 2 441 291.4500 -110.0900
-2.9163785364e-01 -8.4730159854e-01 -2.5385624405e+00
36 85 159
2 1 512 -68.8500 -201.7500 2 669 -48.3500 -192.1000
-2.7328866281e-01 -8.4918873165e-01 -2.5352106195e+00
23 79 164
2 1 514 -65.0900 -202.4100 2 672 -44.4900 -193.3600
1.6813906757e+00 -1.4408981414e+00 -4.5364222861e+00
90 80 81
2 1 516 239.8500 -202.2800 2 463 257.7800 -118.2600
1.5934990544e+00 -1.4729396973e+00 -4.5072074881e+00
106 90 93
2 1 523 229.0400 -207.9500 2 480 246.0600 -122.7600
-3.9152741728e-01 -9.1585170102e-01 -2.5190899273e+00
33 70 50
2 1 530 -91.5200 -217.8300 2 691 -69.7200 -203.2900
-5.1761717012e-01 -9.1999925705e-01 -2.5129716358e+00
142 153 149
2 1 531 -119.8000 -218.7500 2 684 -95.3400 -201.3400
1.7027003823e+00 -1.5365347306e+00 -4.4528351956e+00
99 83 89
2 1 532 246.0800 -218.4600 2 516 260.0900 -135.3400
1.8903105979e+00 -1.5693452711e+00 -4.4398525157e+00
140 133 133
2 1 537 272.2200 -222.8900 2 535 284.3000 -142.4800
-7.3868825463e-01 5.5094842090e-01 -2.5141712567e+00
71 52 45
2 1 597 -172.1100 109.4800 2 875 -148.9700 98.9200
2.0815404040e-01 4.0670397245e-01 -2.6416911280e+00
28 36 46
2 1 623 39.6900 77.9800 2 913 84.3800 53.2000
6.6956416993e-01 2.4045051685e-01 -2.7881096463e+00
201 218 217
2 1 646 136.8200 40.7600 2 938 186.3700 17.6700
2.1358372699e+00 -1.6416012361e-02 -5.9789735138e+00
65 59 63
2 1 683 242.1900 -6.5400 2 1347 307.9600 107.6600
2.0617962493e+00 -2.3656742802e-02 -5.9711532055e+00
63 60 68
2 1 688 234.7800 -7.3900 2 1346 299.3800 107.5100
2.1702454562e+00 -1.0892711806e-01 -5.8878535979e+00
69 67 73
2 1 695 249.0700 -16.5600 2 1353 312.4800 94.1200
8.2601409602e-01 -7.6682735503e-02 -3.0624659564e+00
109 111 97
2 1 707 160.0000 -23.8600 2 975 201.5100 -25.2100
-7.1364556394e-01 -7.2474460336e-02 -2.4235369160e+00
193 56 105
2 1 711 -171.8600 -30.6100 2 1453 -146.0700 -49.8100
-4.9984978885e-01 -8.2142018075e-02 -2.5269709106e+00
220 98 137
2 1 713 -118.1600 -31.5400 2 996 -91.0600 -46.4500
8.8669386214e-01 -1.2765538585e-01 -3.0612870288e+00
200 207 197
2 1 714 172.1700 -33.6200 2 984 211.8800 -35.9000
1.8860294946e+00 -3.0736404389e-01 -5.6624638844e+00
102 104 105
2 1 724 225.4800 -39.7300 2 147 281.2700 67.4800
2.1330787850e+00 -3.4068982838e-01 -5.6754702177e+00
74 66 71
2 1 728 252.2900 -43.0600 2 1372 309.4800 61.1700
2.1330787850e+00 -3.4068982838e-01 -5.6754702177e+00
74 66 71
2 1 729 252.2900 -43.0600 2 1373 309.4800 61.1700
2.1344422844e+00 -4.2819862948e-01 -5.5920425126e+00
102 100 114
2 1 739 255.5400 -53.5200 2 1378 310.0600 48.1000
2.1344422844e+00 -4.2819862948e-01 -5.5920425126e+00
102 100 114
2 1 740 255.5400 -53.5200 2 1379 310.0600 48.1000
2.0882274025e+00 -5.0054220249e-01 -5.5132530577e+00
80 70 75
2 1 755 253.3600 -62.5400 2 1384 305.1100 37.3300
1.8683872570e+00 -6.3212927576e-01 -5.3789799076e+00
87 72 72
2 1 775 232.6700 -79.7100 2 933 279.4500 19.3300
1.8683872570e+00 -6.3212927576e-01 -5.3789799076e+00
87 72 72
2 1 776 232.6700 -79.7100 2 934 279.4500 19.3300
1.7480658098e+00 -7.0022600432e-01 -5.2993703977e+00
138 126 130
2 1 794 221.3100 -89.0400 2 1405 265.1200 9.4700
6.3682701147e-02 -3.6462056452e-01 -2.5848537058e+00
225 225 222
2 1 801 9.5000 -92.9500 2 1071 34.2900 -109.8900
3.0259590344e-02 -3.6977460484e-01 -2.5770148165e+00
224 227 222
2 1 804 1.9900 -94.3600 2 1076 26.6800 -110.9400
2.0174378255e+00 -8.1334092999e-01 -5.2002321513e+00
87 68 67
2 1 818 256.9300 -103.6800 2 1418 298.2200 -11.5300
1.6644258912e+00 -8.4542209499e-01 -5.1377320465e+00
122 118 123
2 1 831 216.3800 -109.3700 2 955 255.5100 -13.9100
-6.1136252205e-01 -4.4469494937e-01 -2.5902372844e+00
196 61 104
2 1 834 -138.2100 -110.5600 2 1061 -111.2800 -107.0700
1.6806247924e+00 -9.1551774644e-01 -5.0842128861e+00
92 85 92
2 1 848 220.0500 -118.9800 2 974 257.2300 -24.8900
-2.5819216791e-02 -4.8699384282e-01 -2.6058892821e+00
208 210 208
2 1 849 -10.0700 -119.3700 2 1110 13.5900 -127.8700
1.6754918401e+00 -9.6565007687e-01 -5.0259011191e+00
117 115 117
2 1 858 221.3800 -126.4200 2 983 256.8100 -33.6600
1.1387397200e-01 -5.7427351017e-01 -2.6678986536e+00
77 9 1
2 1 865 21.4500 -135.8400 2 527 42.8600 -139.5500
1.7876822555e+00 -1.1444681978e+00 -4.8611575369e+00
98 89 87
2 1 879 241.4200 -152.7100 2 1015 270.7300 -64.8700
1.8190285263e+00 -1.1501466092e+00 -4.8574235239e+00
117 114 123
2 1 880 245.5900 -153.4600 2 1018 274.6400 -66.1400
1.8016451318e+00 -1.2571435835e+00 -4.7428198474e+00
124 115 116
2 1 892 247.3200 -170.6400 2 1479 273.2300 -85.2300
1.6523190213e+00 -1.3244119788e+00 -4.6656041440e+00
145 135 140
2 1 895 231.0900 -182.2500 2 1045 253.7700 -95.8500
1.8480990478e+00 -1.3420779957e+00 -4.6520683032e+00
140 135 140
2 1 900 257.4800 -184.5300 2 1049 279.0600 -101.3400
2.0272884573e+00 -1.3760165624e+00 -4.6266192850e+00
79 62 72
2 1 904 282.1400 -189.3700 2 1070 302.0900 -109.2300
1.9012802926e+00 -1.3834247626e+00 -4.6192785118e+00
145 144 149
2 1 905 265.8800 -190.9700 2 1069 285.7400 -108.9200
1.9580775378e+00 -1.4119649148e+00 -4.5777091063e+00
139 128 134
2 1 910 275.3000 -196.0800 2 1092 293.5300 -115.7500
1.8526968316e+00 -1.4174136965e+00 -4.5797001348e+00
146 129 135
2 1 911 261.1500 -197.0400 2 1089 279.5900 -114.8400
1.8526968316e+00 -1.4174136965e+00 -4.5797001348e+00
146 129 135
2 1 912 261.1500 -197.0400 2 1090 279.5900 -114.8400
-3.0282969950e-01 -8.3652723331e-01 -2.5469111452e+00
194 213 218
2 1 916 -71.2400 -198.8400 2 1197 -50.1100 -188.9300
1.6590811542e+00 -1.4567560371e+00 -4.5201838888e+00
134 124 125
2 1 922 237.2500 -205.1100 2 1519 255.0400 -120.9300
1.6590811542e+00 -1.4567560371e+00 -4.5201838888e+00
134 124 125
2 1 923 237.2500 -205.1100 2 1520 255.0400 -120.9300
1.8239919737e+00 -1.4889192519e+00 -4.5045422632e+00
97 79 78
2 1 927 260.3900 -209.5700 2 1112 276.0600 -127.8500
-1.7230393352e-01 -9.2242399401e-01 -2.5186718010e+00
47 49 51
2 1 936 -42.7000 -219.8200 2 1243 -24.8800 -210.3400
-3.3279523949e-01 -9.3597502958e-01 -2.5026621080e+00
53 74 67
2 1 939 -79.0700 -223.5600 2 1242 -58.4300 -210.3800
-4.2047500258e-01 -9.5041208319e-01 -2.4698073401e+00
43 52 61
2 1 952 -99.9100 -228.8400 2 1256 -77.8400 -214.7700
2.0448561320e+00 -1.6208151579e+00 -4.4022844496e+00
137 128 133
2 1 954 295.3000 -230.9700 2 1137 303.9700 -153.0200
-5.2158275207e-01 8.5738638856e-01 -2.6055104345e+00
135 122 128
2 1 982 -120.2900 173.5800 2 1880 -89.9600 175.4900
8.9439730859e-02 7.3733153617e-01 -2.6461176956e+00
199 204 200
2 1 988 12.6900 149.1100 2 860 63.0000 135.0500
4.0034047972e-01 7.2107566091e-01 -2.6540316117e+00
203 217 213
2 1 989 80.7100 146.4100 2 1341 140.7900 124.5700
2.5174509918e-01 4.2474000056e-01 -2.6317380911e+00
221 245 252
2 1 1020 49.4000 82.3300 2 1375 95.2900 55.5900
2.2496682657e-01 4.0018142918e-01 -2.6336267702e+00
188 216 228
2 1 1025 43.7600 76.8200 2 1376 87.9700 50.7200
6.1663705285e-01 3.1934705163e-01 -2.7957195212e+00
120 133 108
2 1 1033 125.3600 57.0700 2 1721 176.6900 36.3800
9.8440184543e-01 2.1045272599e-01 -3.0185958748e+00
57 51 48
2 1 1043 192.3000 32.7100 2 1393 246.5500 22.9800
9.8440184543e-01 2.1045272599e-01 -3.0185958748e+00
57 51 48
2 1 1044 192.3000 32.7100 2 1394 246.5500 22.9800
-3.0693955315e-04 1.1086773814e-02 -2.7475132371e+00
90 207 222
2 1 1069 -3.7800 -9.0300 2 1746 29.4200 -18.0700
2.1596044961e+00 -6.3068429865e-02 -5.9443875226e+00
98 91 103
2 1 1072 245.9100 -11.5400 2 1687 310.6400 101.1200
1.9408224488e+00 -8.8050924563e-02 -5.9001357820e+00
97 91 98
2 1 1077 224.2900 -14.5400 2 1689 285.8400 99.5900
-4.0540813629e-01 -8.7730718823e-02 -2.5853677698e+00
124 179 202
2 1 1088 -94.7200 -32.1000 2 1446 -67.0000 -43.9800
-7.2405635793e-01 -1.2318361068e-01 -2.4369379049e+00
191 118 135
2 1 1093 -173.1500 -42.1600 2 1005 -147.1000 -58.6300
1.9989483778e+00 -4.3389361342e-01 -5.5808966347e+00
100 97 106
2 1 1104 240.7700 -54.4600 2 1377 294.1100 48.6700
-3.9503851509e-01 -2.4578948808e-01 -2.5505760397e+00
55 78 65
2 1 1112 -93.5300 -67.7300 2 1474 -66.8600 -79.3300
-4.5490866266e-01 -3.2278963287e-01 -2.5460168284e+00
55 102 71
2 1 1137 -106.8200 -85.0400 2 1041 -80.2800 -93.2100
-5.2018751538e-01 -3.2387330803e-01 -2.5169582096e+00
39 52 39
2 1 1141 -122.6100 -86.0600 2 1043 -96.0200 -95.0100
-7.9034977823e-02 -3.3119885210e-01 -2.5343600252e+00
207 212 208
2 1 1145 -23.1200 -87.0300 2 1057 1.8600 -105.8000
1.9578267901e+00 -6.9864235027e-01 -5.3433000185e+00
112 108 111
2 1 1147 244.1600 -87.8900 2 1736 289.8900 9.0400
-6.6520454494e-01 -4.7488885577e-01 -2.5673532648e+00
155 40 79
2 1 1184 -151.1300 -117.9000 2 1081 -123.5800 -113.8000
1.9218436487e+00 -9.3896651318e-01 -5.0823784318e+00
93 81 81
2 1 1188 249.5600 -121.4400 2 1437 286.9500 -30.7300
1.9218436487e+00 -9.3896651318e-01 -5.0823784318e+00
93 81 81
2 1 1189 249.5600 -121.4400 2 1438 286.9500 -30.7300
5.6840976759e-01 -5.8193294536e-01 -2.8239871191e+00
39 56 14
2 1 1195 116.3800 -130.6700 2 1116 137.2300 -133.3800
-4.6768436831e-01 -5.8170271693e-01 -2.6195322642e+00
95 160 103
2 1 1202 -105.6000 -139.3300 2 1529 -79.7300 -132.0100
1.7616863324e+00 -1.0956549181e+00 -4.9082971304e+00
127 123 126
2 1 1203 236.3400 -145.3300 2 1458 267.4500 -56.2000
2.0740571920e+00 -1.2100823648e+00 -4.7899431974e+00
129 119 125
2 1 1212 280.9100 -162.4000 2 1476 307.5600 -80.3800
1.8656480625e+00 -1.2584871945e+00 -4.7422416477e+00
127 120 125
2 1 1217 256.1300 -170.6300 2 1480 280.9700 -86.1900
1.8656480625e+00 -1.2584871945e+00 -4.7422416477e+00
127 120 125
2 1 1218 256.1300 -170.6300 2 1481 280.9700 -86.1900
2.0300997143e+00 -1.4034036700e+00 -4.5992579796e+00
123 116 122
2 1 1236 283.7700 -193.9500 2 1508 302.5200 -114.2300
-1.9086547932e-01 -8.5690102333e-01 -2.5999620509e+00
22 58 37
2 1 1243 -45.1200 -200.1800 2 1573 -25.4200 -188.4000
-4.0397738863e-01 -9.4588951083e-01 -2.4803312066e+00
34 38 39
2 1 1270 -95.8000 -227.1300 2 1608 -73.9700 -213.0600
-1.5091113624e-01 -9.5526974955e-01 -2.4933562568e+00
25 61 49
2 1 1274 -38.2700 -228.9200 2 1627 -21.6800 -219.7200
-7.5224583820e-02 2.6501048879e-01 -2.6425249890e+00
231 106 154
2 1 1338 -21.8700 46.1100 2 2013 13.9800 27.9500
7.0982792302e-01 2.5661198103e-01 -2.7639583869e+00
221 234 234
2 1 1343 146.0100 44.5900 2 1730 196.9700 18.1700
1.8933198011e+00 -6.0514668925e-01 -5.4016235398e+00
108 101 108
2 1 1392 235.1400 -76.1900 2 1725 282.1800 23.1300
-4.5417415440e-01 -6.1053471953e-01 -2.6247779347e+00
33 58 39
2 1 1419 -102.3900 -145.3400 2 1536 -76.7400 -136.8000
1.8616961821e+00 -1.1517102099e+00 -4.8436370350e+00
91 82 87
2 1 1421 251.5500 -153.9400 2 1766 280.4600 -67.7100
1.8335325480e+00 -1.1866497605e+00 -4.8228918524e+00
113 108 113
2 1 1423 248.6900 -159.0600 2 1770 276.5700 -72.5800
-3.1702546007e-01 -8.2386024064e-01 -2.5901947019e+00
43 45 39
2 1 1430 -73.1800 -193.4200 2 1958 -51.0300 -180.9100
-3.6996331690e-01 -7.8923867886e-02 -2.5947047167e+00
186 80 112
2 1 1517 -86.7200 -30.0100 2 1927 -58.5500 -42.1300
-4.3619224687e-01 -2.6099370335e-01 -2.5386219371e+00
61 86 67
2 1 1532 -103.1400 -71.4100 2 1778 -76.4900 -82.5700
1.9348136837e+00 -7.6351964066e-01 -5.2602937602e+00
118 112 120
2 1 1540 244.7800 -96.8600 2 1912 287.5800 -1.9000
1.9348136837e+00 -7.6351964066e-01 -5.2602937602e+00
118 112 120
2 1 1541 244.7800 -96.8600 2 1911 287.5800 -1.9000
-4.5684369550e-02 -3.9824406245e-01 -2.5639593074e+00
164 164 161
2 1 1543 -15.0000 -101.1700 2 1800 9.1700 -115.9100
1.8711288614e+00 -1.0230669410e+00 -4.9917024003e+00
92 82 85
2 1 1555 247.0200 -133.9300 2 2028 280.7800 -44.5700
-1.5370588888e-01 -9.0605302962e-01 -2.5415891730e+00
95 102 101
2 1 1581 -37.7700 -214.6900 2 1965 -20.5000 -205.0500
6.5222216292e-01 3.3117097951e-01 -2.7752127447e+00
219 235 234
2 1 1625 133.8800 60.0500 2 2011 185.4600 36.5700
5.9887089406e-01 3.0370067171e-02 -2.9584939842e+00
66 114 47
2 1 1641 118.0000 -3.5600 2 2017 160.1200 -9.0300
-2.3918112962e-01 -8.2852339232e-02 -2.6274082512e+00
223 237 243
2 1 1654 -58.2000 -30.3500 2 2080 -27.0700 -42.9000
-3.3384810529e-01 -1.0491790569e-01 -2.5903388943e+00
224 219 206
2 1 1655 -79.5100 -35.7200 2 2083 -50.2600 -48.7400
-1.2858123530e-01 -9.3297367407e-01 -2.5101640186e+00
31 30 33
2 1 1693 -33.0400 -222.8200 2 2059 -16.2300 -214.3900
-5.1181592532e-01 1.5168642739e-01 -2.4614985003e+00
218 90 139
2 1 1729 -124.6800 21.5100 2 2075 -97.4500 -2.7900
6.4165065476e-01 -3.2688846851e-01 -3.3007700654e+00
125 127 126
2 1 1740 119.1500 -68.4500 2 2082 152.7500 -45.2200
-8.5483602374e-02 -2.4431421050e-01 -2.5103142824e+00
96 54 29
2 1 1741 -26.1400 -67.9300 2 2032 1.7400 -91.5500
-8.5483602374e-02 -2.4431421050e-01 -2.5103142824e+00
96 54 29
2 1 1742 -26.1400 -67.9300 2 2033 1.7400 -91.5500
1.9659112114e+00 -1.1735969162e+00 -4.8394078303e+00
97 89 92
2 1 1750 264.8300 -156.6100 2 2086 293.3900 -71.8100
-1.2936796991e-01 -7.8960453803e-01 -2.6077763604e+00
226 232 75
2 1 1806 -32.0900 -185.2500 2 2155 -11.6000 -177.8500
-1.7143327694e-02 -8.0187486479e-01 -2.6081215295e+00
237 239 76
2 1 1808 -7.3900 -187.9700 2 2100 11.2800 -182.7200
-4.4011697622e-01 -4.5856681576e-01 -2.5914672475e+00
31 27 24
2 1 1836 -100.9600 -113.6600 2 2139 -75.3900 -113.8300
-4.4967679642e-01 -6.4704534051e-01 -2.6332561679e+00
95 163 103
2 1 1839 -100.0500 -152.8400 2 2149 -76.4300 -142.2000
9.1278465230e-01 7.3319091831e-01 -2.9233461535e+00
209 218 216
2 1 1847 179.5100 138.4000 2 2209 257.2700 130.1000
-4.1887985537e-01 -3.3384974160e-01 -2.5528397203e+00
99 180 114
2 1 1869 -99.0200 -87.3000 2 2183 -71.6700 -95.5100
-6.7808010637e-01 1.4107803456e-03 -2.4041931297e+00
166 194 160
2 1 1879 -165.3600 -13.5300 2 2215 -139.7300 -37.1000
-4.3813257090e-01 3.4479741600e-01 -2.6561791458e+00
219 229 231
2 1 1919 -100.1200 61.9200 2 2249 -68.8100 54.7300
-4.7889060208e-01 -7.8611730425e-02 -2.5360156175e+00
225 78 132
2 1 221 -113.0900 -30.4600 0 116 -89.9000 33.8700
-9.2437417805e-03 -3.1042280341e-01 -2.5481125162e+00
216 214 206
2 1 304 -7.3000 -81.9100 0 174 -30.6900 -23.5400
9.3916740049e-02 -3.2046297615e-01 -2.5876934811e+00
95 6 3
2 1 305 16.2300 -82.9300 0 189 -9.6300 -32.1500
9.3916740049e-02 -3.2046297615e-01 -2.5876934811e+00
95 6 3
2 1 306 16.2300 -82.9300 0 190 -9.6300 -32.1500
4.9824041970e-02 -3.2782800220e-01 -2.5759598271e+00
63 9 4
2 1 313 6.2500 -85.0800 0 185 -18.8500 -31.0200
-1.3437247969e-01 -3.2409575501e-01 -2.5126031554e+00
19 18 20
2 1 315 -36.2300 -86.2100 0 170 -56.1600 -19.1400
-1.3437247969e-01 -3.2409575501e-01 -2.5126031554e+00
19 18 20
2 1 316 -36.2300 -86.2100 0 171 -56.1600 -19.1400
1.0726336297e-03 -3.3169473857e-01 -2.5586304042e+00
54 15 11
2 1 317 -4.7600 -86.3200 0 181 -29.3800 -28.8900
2.4585589307e-02 -3.3232037382e-01 -2.5662819878e+00
108 16 10
2 1 318 0.5400 -86.3400 0 183 -24.5200 -30.3200
4.3355898292e-02 -4.2195859802e-01 -2.5986981234e+00
26 17 25
2 1 359 5.3000 -105.1500 0 722 -24.2600 -51.0500
4.3355898292e-02 -4.2195859802e-01 -2.5986981234e+00
26 17 25
2 1 360 5.3000 -105.1500 0 723 -24.2600 -51.0500
9.2918111517e-02 -4.2705198214e-01 -2.6192230743e+00
177 182 177
2 1 362 16.3800 -105.6100 0 219 -13.9000 -55.3700
9.2918111517e-02 -4.2705198214e-01 -2.6192230743e+00
177 182 177
2 1 363 16.3800 -105.6100 0 220 -13.9000 -55.3700
-6.3126066328e-02 -4.2455721024e-01 -2.5687826712e+00
210 211 210
2 1 368 -18.7500 -106.8100 0 202 -45.5600 -45.3600
1.5739631779e-04 -4.4071565597e-01 -2.5917694942e+00
210 211 211
2 1 372 -4.3600 -109.6700 0 214 -33.5500 -52.4800
-2.3237954415e-02 -4.4433446511e-01 -2.5851127300e+00
213 216 211
2 1 380 -9.6400 -110.7400 0 210 -38.4300 -51.8000
-9.3413244667e-02 -4.6530518545e-01 -2.5714072990e+00
31 27 26
2 1 389 -25.3800 -115.8600 0 212 -53.0800 -52.2600
-9.3413244667e-02 -4.6530518545e-01 -2.5714072990e+00
31 27 26
2 1 390 -25.3800 -115.8600 0 213 -53.0800 -52.2600
1.0065290154e-01 -5.6576575582e-01 -2.6650458293e+00
177 141 137
2 1 405 18.5700 -134.1100 0 269 -17.4300 -86.2800
1.0065290154e-01 -5.6576575582e-01 -2.6650458293e+00
177 141 137
2 1 406 18.5700 -134.1100 0 270 -17.4300 -86.2800
-4.5130676202e-01 -5.7559090733e-01 -2.6198559841e+00
30 60 32
2 1 411 -101.9300 -138.0500 0 236 -110.4400 -61.8800
1.0327689095e-02 -5.7871700983e-01 -2.6393770557e+00
186 146 142
2 1 412 -1.2700 -138.0600 0 266 -36.4100 -83.2300
1.0327689095e-02 -5.7871700983e-01 -2.6393770557e+00
186 146 142
2 1 413 -1.2700 -138.0600 0 267 -36.4100 -83.2300
-2.8957739461e-02 -5.8339276080e-01 -2.6295224982e+00
169 128 128
2 1 415 -9.9600 -139.5100 0 263 -44.3700 -81.8100
-5.0467487687e-02 -5.8754631373e-01 -2.6245386985e+00
155 115 107
2 1 419 -14.6800 -140.5400 0 259 -48.8500 -81.4500
8.3416808420e-01 1.1693956114e-01 -2.9406238927e+00
209 218 215
2 1 669 165.7300 14.4800 0 662 186.0500 2.3000
8.3808959508e-01 1.1463805608e-02 -3.0053726996e+00
134 128 116
2 1 686 164.2000 -6.8300 0 1071 184.5700 -23.2800
8.3159897030e-01 -4.1070546097e-03 -3.0154029592e+00
192 194 187
2 1 692 162.5200 -10.0100 0 687 182.9800 -26.7300
-4.0900348628e-01 -6.6812081650e-03 -2.5488978309e+00
166 180 180
2 1 694 -97.3200 -14.2800 0 105 -73.2600 43.9600
-6.3713859512e-01 -1.9953051870e-01 -2.4979381472e+00
212 68 121
2 1 746 -149.8800 -58.6000 0 131 -124.7800 19.7600
-4.4096529751e-01 -2.3361976245e-01 -2.5278464990e+00
75 92 78
2 1 762 -104.7500 -65.5600 0 656 -95.6700 6.1900
-4.4096529751e-01 -2.3361976245e-01 -2.5278464990e+00
75 92 78
2 1 763 -104.7500 -65.5600 0 655 -95.6700 6.1900
7.4610578030e-02 -3.5139841862e-01 -2.5904349926e+00
25 19 16
2 1 797 11.9500 -89.8800 0 697 -14.7300 -37.6300
3.0161285033e-02 -3.6982419332e-01 -2.5793748425e+00
224 227 222
2 1 803 1.9900 -94.3600 0 699 -24.7800 -38.8000
-8.9154756649e-02 -3.8557755288e-01 -2.5481949640e+00
214 219 215
2 1 806 -25.0800 -98.8800 0 695 -49.2800 -35.2900
-8.9154756649e-02 -3.8557755288e-01 -2.5481949640e+00
214 219 215
2 1 807 -25.0800 -98.8800 0 696 -49.2800 -35.2900
-8.6578172665e-02 -4.2609942082e-01 -2.5614388214e+00
210 215 207
2 1 822 -24.1100 -107.4200 0 705 -50.3400 -44.2600
-8.6578172665e-02 -4.2609942082e-01 -2.5614388214e+00
210 215 207
2 1 823 -24.1100 -107.4200 0 706 -50.3400 -44.2600
-1.3243343825e-02 -4.3154541824e-01 -2.5849882636e+00
17 21 24
2 1 824 -7.4400 -107.8800 0 719 -35.8900 -49.6900
4.8181981718e-02 -4.3819110629e-01 -2.6063693422e+00
204 210 203
2 1 828 6.4100 -108.5900 0 729 -23.6600 -54.8700
-9.9127539458e-02 -4.3704925430e-01 -2.5612344875e+00
30 29 35
2 1 832 -26.8800 -109.8600 0 709 -53.2100 -45.9100
-6.9738030826e-02 -4.4141177997e-01 -2.5700583761e+00
17 15 21
2 1 835 -20.1900 -110.5800 0 714 -47.6500 -48.4400
-6.9738030826e-02 -4.4141177997e-01 -2.5700583761e+00
17 15 21
2 1 836 -20.1900 -110.5800 0 715 -47.6500 -48.4400
-5.3364401268e-02 -4.4927550260e-01 -2.5774767142e+00
212 217 213
2 1 839 -16.4400 -112.1300 0 209 -44.6200 -51.0600
-8.0478876356e-02 -4.5408008609e-01 -2.5732750807e+00
208 209 200
2 1 842 -22.4900 -113.2800 0 208 -49.9700 -50.7100
-3.7755922534e-02 -4.7371309662e-01 -2.5938801785e+00
21 20 16
2 1 844 -12.5400 -116.6800 0 224 -42.1900 -57.7600
8.1305778954e-02 -5.6855800239e-01 -2.6586491819e+00
153 122 119
2 1 862 14.3400 -134.9900 0 755 -21.6200 -85.5800
-3.8706332546e-02 -5.9909427828e-01 -2.6297811331e+00
38 25 26
2 1 867 -11.9900 -142.7900 0 752 -47.1700 -84.6000
-6.2167639030e-01 -9.8135036590e-02 -2.4754404804e+00
143 155 171
2 1 1090 -147.9500 -35.7000 0 1043 -118.4400 38.5600
-6.3014518581e-01 -2.6258825526e-01 -2.5189801588e+00
201 59 112
2 1 1118 -146.8900 -72.3000 0 654 -125.7700 6.9500
9.3097983546e-02 -2.9298787548e-01 -2.5775976265e+00
49 13 2
2 1 1124 15.8500 -77.2200 0 1073 -8.7700 -25.8400
9.3097983546e-02 -2.9298787548e-01 -2.5775976265e+00
49 13 2
2 1 1125 15.8500 -77.2200 0 1074 -8.7700 -25.8400
-6.2961672019e-01 -2.8920616880e-01 -2.5291936903e+00
203 60 113
2 1 1126 -146.1000 -78.0100 0 663 -126.3500 1.5300
7.6795781013e-02 -3.0944092637e-01 -2.5749671561e+00
246 41 31
2 1 1130 12.2200 -80.9900 0 1077 -13.0000 -28.3000
7.6795781013e-02 -3.0944092637e-01 -2.5749671561e+00
246 41 31
2 1 1131 12.2200 -80.9900 0 1076 -13.0000 -28.3000
3.3430385691e-02 -3.1694910393e-01 -2.5633453341e+00
244 42 40
2 1 1134 2.4300 -83.0200 0 1075 -22.2000 -27.3700
7.6810059506e-02 -3.2926131008e-01 -2.5869156866e+00
244 41 28
2 1 1140 12.5300 -84.7400 0 1081 -13.4500 -33.3500
-6.0450855228e-01 -3.4172881211e-01 -2.5564773771e+00
161 168 116
2 1 1150 -138.9600 -89.0500 0 667 -123.2400 -10.2900
-5.8932265592e-03 -3.7787340536e-01 -2.5682303332e+00
215 219 211
2 1 1155 -6.1900 -96.5700 0 1087 -32.6000 -38.2100
-5.8932265592e-03 -3.7787340536e-01 -2.5682303332e+00
215 219 211
2 1 1156 -6.1900 -96.5700 0 1088 -32.6000 -38.2100
-1.0308123836e-01 -3.7634378333e-01 -2.5408546585e+00
27 30 34
2 1 1157 -28.3800 -97.0600 0 1080 -51.7100 -32.4600
-4.5198611893e-02 -3.8351076497e-01 -2.5585249375e+00
201 204 193
2 1 1159 -15.0400 -98.0300 0 1085 -40.7500 -37.2700
-4.5198611893e-02 -3.8351076497e-01 -2.5585249375e+00
201 204 193
2 1 1160 -15.0400 -98.0300 0 1086 -40.7500 -37.2700
4.7730764102e-02 -3.9030991226e-01 -2.5934763649e+00
30 26 28
2 1 1163 6.1500 -98.3200 0 1093 -21.8500 -44.6000
1.0386935779e-01 -4.1300100684e-01 -2.6180156688e+00
44 13 14
2 1 1166 18.7600 -102.5500 0 1106 -11.1500 -52.9400
5.9363876021e-02 -4.2605404406e-01 -2.6067369250e+00
26 25 28
2 1 1173 8.8400 -105.9300 0 1104 -20.8300 -52.9100
5.9363876021e-02 -4.2605404406e-01 -2.6067369250e+00
26 25 28
2 1 1174 8.8400 -105.9300 0 1105 -20.8300 -52.9100
1.0566039684e-01 -4.3814977235e-01 -2.6251678235e+00
52 8 4
2 1 1175 19.1700 -107.9700 0 1113 -11.7300 -58.3900
1.0613430877e-01 -4.5661940114e-01 -2.6325713228e+00
50 11 6
2 1 1176 19.4000 -111.6500 0 1116 -12.2600 -62.6600
3.2141922058e-01 -4.7547030950e-02 -2.9333625036e+00
96 149 68
2 1 1374 62.9300 -19.9500 0 1372 77.8500 -11.9400
-1.6809472351e-02 -3.2398647119e-01 -2.5497689605e+00
217 212 211
2 1 1395 -8.9300 -84.8900 0 1380 -32.7700 -26.0700
-6.6013289615e-02 -3.7648916664e-01 -2.5499643872e+00
25 25 24
2 1 1401 -19.9600 -96.9300 0 1385 -44.4800 -34.3700
-7.7099367528e-02 -4.0455101107e-01 -2.5575808092e+00
24 22 23
2 1 1403 -22.1500 -102.8000 0 1390 -47.6200 -40.1000
1.0719650762e-02 -4.2172552020e-01 -2.5908481221e+00
28 28 33
2 1 1405 -2.0100 -105.3700 0 1397 -30.6400 -49.1900
-4.0720541478e-02 -4.3203879356e-01 -2.5721492424e+00
29 28 33
2 1 1406 -13.7600 -108.5000 0 1099 -41.8600 -47.8100
-1.2951294038e-01 -4.9117827560e-01 -2.5696072476e+00
43 16 14
2 1 1413 -33.3500 -121.6300 0 1110 -61.0400 -55.7900
-1.2872580799e-01 -3.3246697715e-01 -2.5188034754e+00
189 189 194
2 1 1536 -34.7600 -87.8700 0 1546 -55.2000 -21.4500
-1.5293730175e-01 -3.6842459954e-01 -2.5239555500e+00
205 207 198
2 1 1537 -39.9400 -95.7200 0 1550 -61.2400 -28.0300
-1.4465723863e-01 -5.2326420230e-01 -2.5731768541e+00
209 184 39
2 1 1554 -36.6900 -128.8900 0 1403 -65.1100 -61.4300
-2.4391461916e-01 5.1833986179e-01 -2.6121913259e+00
194 197 191
2 1 1617 -59.8400 101.5100 0 1499 -8.4600 125.0200
-5.4832728580e-02 8.5471696067e-02 -2.6931824766e+00
236 96 154
2 1 1638 -16.3000 6.6700 0 1520 2.2000 40.6100
-4.9321590160e-01 -2.5012661542e-02 -2.5145853697e+00
222 83 134
2 1 1650 -117.5000 -18.7300 0 1519 -90.5700 45.4000
-6.0222092620e-01 -5.2651117128e-02 -2.4688671603e+00
213 74 118
2 1 1653 -144.1900 -25.5200 0 1517 -113.1700 46.6900
7.9445592763e-02 -4.5563666908e-01 -2.6219002006e+00
213 213 210
2 1 1673 13.4800 -111.8200 0 1672 -17.9200 -60.6700
-7.9595541161e-03 -4.6647473995e-01 -2.6015523878e+00
205 207 204
2 1 1674 -5.9300 -114.9200 0 1751 -35.7600 -57.9400
-8.2012067243e-02 -4.7962559507e-01 -2.5841939836e+00
210 215 208
2 1 1749 -22.6900 -118.7800 0 1750 -50.6200 -56.1600
-5.1963873829e-01 -4.2315691487e-02 -2.5117043858e+00
162 170 181
2 2 301 -96.2000 -39.2300 0 107 -96.0100 43.1800
-1.2215691877e-01 -6.0898984325e-01 -2.6133678475e+00
35 28 8
2 2 543 -8.5000 -146.3700 0 261 -63.1900 -81.7600
-5.9803918816e-01 -5.7575605878e-01 -2.6311715415e+00
46 144 179
2 2 1106 -105.9000 -126.2200 0 735 -130.0000 -56.9600
-4.3332824783e-01 1.6507050581e-01 -2.4911177209e+00
113 185 190
2 2 1737 -77.1700 1.0400 0 1022 -71.5600 79.1600
-6.7666497769e-01 -1.8177829497e-01 -2.4715587539e+00
85 169 181
2 2 1934 -133.7500 -68.1300 0 1353 -132.0300 25.8000
