# Bundle file v0.3
3 285
6.7456720273e+02 -3.3821911516e-02 -1.1289219763e-02
9.9999691055e-01 1.8323459899e-03 1.6797028729e-03
-1.8255356245e-03 9.9999014410e-01 -4.0471121693e-03
-1.6871020276e-03 4.0440333085e-03 9.9999039969e-01
5.0480677495e-03 -1.3141522365e-02 -5.6791994563e-02
6.7416769500e+02 -4.0781923741e-02 -1.6196901287e-02
9.5460618449e-01 1.0283789135e-01 -2.7955572011e-01
-1.2261058709e-01 9.9097710747e-01 -5.4138862201e-02
2.7146579246e-01 8.5957783645e-02 9.5860188971e-01
-9.9560855523e-01 -1.8793383660e-01 8.5489448944e-03
6.7930378669e+02 -1.8208454867e-02 -1.7140689111e-05
9.6827945547e-01 1.1389732649e-01 -2.2240120310e-01
-2.3097395759e-01 7.4753300130e-01 -6.2277238450e-01
9.5320129237e-02 6.5438659139e-01 7.5012816370e-01
-6.7944245670e-01 -2.3209955268e+00 -8.5612277135e-01
-5.0603200293e-01 9.6136856841e-01 -3.1341676740e+00
85 53 43
2 0 14 -106.4400 203.2000 1 913 -110.6000 218.5700
2.6071363200e-02 9.3572848245e-01 -3.5163447783e+00
190 195 188
2 0 28 5.0700 176.6500 1 10 22.2700 190.0600
-1.3435551263e-01 8.6007661147e-01 -3.4618403454e+00
187 190 184
2 0 39 -25.6200 165.1500 1 543 -13.8600 178.1300
6.0715251822e-01 7.6609167027e-01 -3.5430782499e+00
135 147 124
2 0 61 113.6400 143.2900 1 556 138.9600 146.4800
-7.2458748883e-01 6.2008090600e-01 -3.1995963453e+00
129 112 109
2 0 77 -149.6500 128.4200 1 37 -152.8700 144.4100
-2.9395021734e-01 6.5578621654e-01 -3.3959401090e+00
169 168 157
2 0 78 -57.2900 128.2700 1 41 -53.3700 140.2700
-3.5506703123e-01 6.1333462115e-01 -3.3769542645e+00
177 180 169
2 0 93 -69.6200 120.6700 1 565 -67.3200 132.8500
3.7587961962e-01 5.6091027447e-01 -3.3125400542e+00
98 156 72
2 0 104 75.3100 112.0300 1 577 77.3900 111.8900
6.5173689424e-01 6.0672283320e-01 -3.5870554330e+00
195 216 209
2 0 105 120.5000 112.0600 1 579 145.2200 110.8700
6.9805839285e-01 5.9974770961e-01 -3.5769151123e+00
174 186 170
2 0 106 129.3500 111.2300 1 79 154.8000 108.6500
6.5424316046e-01 5.8331239168e-01 -3.5945134266e+00
206 218 207
2 0 111 120.7200 107.4900 1 81 145.2800 105.7800
8.0043746287e-01 5.6782002960e-01 -3.5918615482e+00
141 139 129
2 0 114 147.5700 105.1000 1 958 176.1900 99.5200
8.0043746287e-01 5.6782002960e-01 -3.5918615482e+00
141 139 129
2 0 115 147.5700 105.1000 1 959 176.1900 99.5200
2.6380763003e-01 5.0240511865e-01 -3.3753809498e+00
37 56 20
2 0 121 51.8900 98.6800 1 86 54.4100 99.6200
6.9716486831e-01 5.0519398656e-01 -3.5860559525e+00
144 152 136
2 0 122 128.8900 93.3400 1 588 152.3300 88.6800
7.5214091907e-01 3.1895919193e-01 -3.5605252552e+00
200 209 203
2 0 141 139.9600 59.3300 1 601 159.0600 48.4900
9.4912007683e-01 2.4113871549e-01 -3.7037742522e+00
207 213 207
2 0 152 169.7100 43.1200 1 152 199.7400 27.8600
9.8553037828e-01 2.2623120334e-01 -3.7449735284e+00
211 210 201
2 0 156 174.2800 40.0100 1 618 206.9300 24.1400
-1.2946821164e-01 1.6378549328e-01 -3.2975462569e+00
228 125 155
2 0 163 -26.0400 32.8900 1 609 -38.3600 35.9800
8.8513177197e-03 1.5370639024e-01 -3.3804017286e+00
231 120 159
2 0 167 1.6500 30.3400 1 147 -5.5100 30.6000
-1.9539823231e-01 1.0759467771e-01 -3.2556251349e+00
228 134 170
2 0 178 -39.8100 21.8800 1 615 -55.7400 25.5000
-6.4929264434e-01 7.9379353078e-02 -2.9957617964e+00
209 117 145
2 0 182 -143.2600 17.4500 1 148 -170.6700 29.4900
-3.7916832403e-01 5.7563097385e-02 -3.1473806546e+00
161 103 135
2 0 186 -79.8100 12.0800 1 620 -102.3000 18.7400
-6.3658851978e-01 6.8765514697e-03 -3.0001119768e+00
204 110 136
3 0 195 -140.1700 1.7000 1 166 -169.0100 12.9400 2 338 -134.8600 -64.4100
-2.8388244847e-01 3.4254756368e-03 -3.1128951125e+00
185 195 186
3 0 196 -60.6400 0.6100 1 180 -87.4400 4.2900 2 342 -55.0100 -66.4200
-2.8388244847e-01 3.4254756368e-03 -3.1128951125e+00
185 195 186
3 0 197 -60.6400 0.6100 1 181 -87.4400 4.2900 2 343 -55.0100 -66.4200
-6.4701565968e-01 -6.9959880058e-03 -2.9916533598e+00
141 168 192
2 0 200 -142.9900 -1.5500 1 168 -172.2400 10.3200
7.2810939166e-02 -9.2664523774e-02 -3.0984819097e+00
64 68 65
2 0 218 15.4800 -19.9200 1 221 -15.8600 -27.6800
7.2810939166e-02 -9.2664523774e-02 -3.0984819097e+00
64 68 65
2 0 219 15.4800 -19.9200 1 222 -15.8600 -27.6800
1.9865892451e-01 -1.0974400399e-01 -3.1469185593e+00
142 13 2
2 0 224 41.7800 -23.4500 1 651 14.1800 -34.0900
1.9865892451e-01 -1.0974400399e-01 -3.1469185593e+00
142 13 2
2 0 225 41.7800 -23.4500 1 652 14.1800 -34.0900
-4.1054090484e-02 -1.1317227360e-01 -3.0474894959e+00
41 35 29
2 0 230 -8.9700 -24.7800 1 647 -44.6900 -29.8500
-4.1054090484e-02 -1.1317227360e-01 -3.0474894959e+00
41 35 29
2 0 231 -8.9700 -24.7800 1 648 -44.6900 -29.8500
1.2705479495e-01 -1.2177084313e-01 -3.1133748290e+00
122 18 8
2 0 234 26.9700 -26.1600 1 232 -3.7800 -35.4500
1.2705479495e-01 -1.2177084313e-01 -3.1133748290e+00
122 18 8
2 0 235 26.9700 -26.1600 1 233 -3.7800 -35.4500
-3.0067447546e-02 -1.5887386292e-01 -3.0464048535e+00
211 214 214
2 0 255 -6.6000 -34.7300 1 238 -43.4300 -40.5700
1.2464505315e-01 -1.7522846883e-01 -3.1138189333e+00
54 52 55
2 0 259 26.2600 -36.9900 1 245 -5.4300 -47.8900
1.2464505315e-01 -1.7522846883e-01 -3.1138189333e+00
54 52 55
2 0 260 26.2600 -36.9900 1 246 -5.4300 -47.8900
-1.1151578482e-01 -1.9473787290e-01 -3.0172723127e+00
179 108 63
2 0 273 -24.5400 -42.8900 1 669 -64.0500 -46.8600
8.3356195857e-02 -2.2071089519e-01 -3.0939022883e+00
222 223 222
2 0 282 17.7500 -47.4900 1 675 -16.8600 -56.8100
2.0935382537e-01 -2.2826578146e-01 -3.1469807857e+00
212 217 216
2 0 284 43.8900 -48.1300 1 259 13.7400 -61.1800
4.6028716911e-02 -2.2531091780e-01 -3.0784361549e+00
219 219 216
2 0 286 9.8100 -48.7000 1 677 -26.1200 -57.0900
2.1569224260e-01 -2.7634158917e-01 -3.1463732637e+00
204 202 198
2 0 309 45.2300 -58.3200 1 705 13.9300 -72.0500
1.1955030247e-01 -2.9109291437e-01 -3.1063749596e+00
216 217 215
2 0 316 25.3700 -62.3300 1 707 -9.8100 -73.3300
1.1955030247e-01 -2.9109291437e-01 -3.1063749596e+00
216 217 215
2 0 317 25.3700 -62.3300 1 708 -9.8100 -73.3300
1.1026106571e+00 -3.9128276052e-01 -3.7729257602e+00
69 60 53
2 0 332 193.0700 -68.6400 1 302 214.9400 -101.6100
1.1212211080e+00 -3.9660334400e-01 -3.7816478435e+00
60 43 33
2 0 340 195.9400 -69.6100 1 739 218.5600 -102.7100
1.7536899074e-01 -3.9021151129e-01 -3.1232073205e+00
180 138 140
2 0 365 36.9700 -82.8700 1 297 1.0800 -96.7900
1.4022118174e-01 -3.9770807484e-01 -3.1100060013e+00
179 138 138
2 0 369 29.6800 -84.9000 1 730 -7.5600 -97.6500
1.2032177237e-01 -3.9893839024e-01 -3.1005431672e+00
180 139 142
2 0 372 25.4600 -85.2300 1 732 -12.4800 -97.7900
9.9836658540e-02 -4.0271768676e-01 -3.0931028562e+00
179 140 139
2 0 376 21.1400 -86.2400 1 731 -17.4900 -98.2000
1.1537949174e+00 -4.0534866334e-01 -3.1145094391e+00
97 128 56
2 0 380 243.7100 -86.3500 1 349 231.8500 -139.4100
7.7332466265e-02 -4.0770926525e-01 -3.0849681764e+00
160 117 119
2 0 384 16.4000 -87.6200 1 734 -23.0300 -98.7500
1.1357178702e+00 -4.1003749875e-01 -3.1124875409e+00
106 136 59
2 0 388 240.0400 -87.3200 1 354 227.0900 -139.9700
-3.4943713854e-01 -4.3598338514e-01 -3.0450263916e+00
46 71 39
2 0 414 -76.0800 -94.6800 1 717 -115.5900 -91.2000
1.2198116968e+00 -4.5218002348e-01 -3.1604726517e+00
107 126 60
2 0 417 253.8100 -94.8500 1 784 246.4400 -150.4200
-3.5998918713e-01 -4.5830085006e-01 -3.0402080269e+00
38 82 43
2 0 424 -78.4700 -99.7300 1 296 -118.6100 -95.7800
-2.6610940350e-01 -5.3635511507e-01 -3.0817245216e+00
100 130 97
2 0 454 -57.3600 -115.0300 1 747 -97.3200 -114.2600
-2.8677290274e-01 -5.4590657059e-01 -3.0726116228e+00
88 126 81
2 0 461 -61.9300 -117.5200 1 751 -102.5100 -115.8500
2.1583527264e-01 -6.0359276005e-01 -2.9876651912e+00
207 222 117
2 0 499 47.4300 -133.6300 1 377 -3.8600 -153.7800
2.4061078634e-01 -6.0296352476e-01 -2.9899372153e+00
217 236 122
2 0 501 52.8700 -133.4100 1 790 1.8900 -154.5500
2.8013264807e-01 -6.1590847751e-01 -2.9801877915e+00
180 195 84
2 0 508 61.8000 -136.7500 1 396 9.9100 -159.8500
2.9663713336e-01 -6.1722984736e-01 -2.9817563872e+00
183 202 85
2 0 509 65.4100 -136.9500 1 398 13.7500 -160.8000
1.1884918740e+00 -7.5197930153e-01 -2.9995912875e+00
147 146 144
2 0 546 259.5300 -165.0200 1 892 230.1100 -234.3500
1.8983280980e-01 8.5960988688e-01 -3.3935781564e+00
222 232 233
2 0 670 37.2200 168.0000 1 545 48.0000 177.5100
-7.1403543237e-02 8.6186894426e-01 -3.4717680711e+00
168 172 165
2 0 671 -13.4900 164.8200 1 544 -0.9400 177.6300
-7.0733753495e-01 7.1756090342e-01 -3.2319444779e+00
135 119 121
2 0 680 -144.5800 147.0400 1 551 -144.5700 163.6800
2.2092031440e-01 6.2678828968e-01 -3.4307507101e+00
24 28 33
2 0 693 42.7800 121.2600 1 572 50.7700 125.7700
6.6780149422e-01 5.9703914281e-01 -3.5906970787e+00
173 180 166
2 0 707 123.3200 110.2200 1 953 148.4500 108.4200
-6.1108003269e-01 5.0623551203e-01 -3.1331046766e+00
230 229 232
2 0 713 -128.8800 106.8700 1 69 -140.3800 120.5500
7.6753069138e-01 4.4654229757e-01 -3.5525477997e+00
215 233 232
2 0 724 143.0600 83.6000 1 967 165.6400 74.9700
7.4698078814e-01 2.8449961676e-01 -3.5750913455e+00
163 175 163
2 0 750 138.4300 52.7300 1 985 157.2400 41.3100
1.0104647821e+00 2.0238818354e-01 -3.7619487681e+00
209 213 206
2 0 760 177.8700 35.6200 1 621 211.4700 18.8300
4.5844692932e-01 4.9298218693e-02 -3.0906041840e+00
143 212 120
2 0 776 98.1600 10.2300 1 1007 74.1900 -6.6600
4.5844692932e-01 4.9298218693e-02 -3.0906041840e+00
143 212 120
2 0 777 98.1600 10.2300 1 1008 74.1900 -6.6600
-5.2653819888e-01 3.4691592329e-02 -3.0635489285e+00
212 115 144
2 0 779 -113.7600 7.5300 1 624 -139.9900 16.8700
9.9255002785e-01 2.0413901590e-02 -3.7532715212e+00
192 198 185
2 0 784 175.0300 3.6500 1 1019 203.0400 -17.4500
-3.8344103283e-01 -3.3084908056e-02 -3.0603992152e+00
98 110 100
2 0 789 -83.0500 -6.9300 1 1006 -113.1100 -2.0200
-6.0497394182e-01 -9.0281902540e-02 -3.0084992131e+00
173 157 167
3 0 795 -133.1600 -19.9300 1 641 -163.5500 -8.7500 2 1029 -127.3300 -78.9000
1.5435576050e-01 -1.1615056076e-01 -3.1198825772e+00
80 20 10
2 0 796 32.7100 -24.9200 1 654 2.7200 -34.8800
1.4486765992e-01 -1.3023818744e-01 -3.1186980303e+00
238 43 41
2 0 799 30.6900 -27.8800 1 658 0.2500 -37.8200
1.1824160880e-01 -1.3299623193e-01 -3.1087819136e+00
238 42 45
2 0 802 25.1100 -28.5300 1 657 -6.2500 -37.8700
1.8221455873e-01 -1.4266248808e-01 -3.1366051397e+00
49 22 20
2 0 803 38.3600 -30.2500 1 1035 9.2300 -41.4300
1.9675340214e-01 -1.5386165147e-01 -3.1414941207e+00
212 214 211
2 0 805 41.3600 -32.5700 1 663 12.4300 -44.2700
1.3679753234e-01 -1.6319571751e-01 -3.1173715421e+00
224 223 219
2 0 810 28.9300 -34.7500 1 1041 -2.3400 -45.1400
1.4373722821e-02 -1.8129802636e-01 -3.0671695305e+00
220 222 219
2 0 816 3.0000 -39.2700 1 668 -32.7600 -46.5800
-1.3333574757e-02 -1.8432319930e-01 -3.0507039484e+00
217 221 218
3 0 817 -3.2100 -40.2000 1 666 -39.9200 -46.7200 2 452 -7.1600 -115.6300
-1.4399205293e-02 -1.8477265883e-01 -3.0555453355e+00
217 221 218
2 0 818 -3.2100 -40.2000 1 667 -39.9200 -46.7200
2.0314105360e-01 -2.0027783977e-01 -3.1435622753e+00
219 221 223
2 0 822 42.6800 -42.4000 1 673 12.8300 -54.7300
1.9101400386e-01 -2.1348611071e-01 -3.1374850722e+00
43 38 36
3 0 825 40.0600 -45.3000 1 1051 9.4000 -57.4400 2 457 36.7400 -116.3600
1.9037134934e-01 -2.1360958646e-01 -3.1380711080e+00
43 38 36
2 0 826 40.0600 -45.3000 1 1052 9.4000 -57.4400
1.0400872240e-01 -2.1616522586e-01 -3.1014550659e+00
217 216 212
2 0 828 22.1000 -46.3600 1 676 -11.7600 -56.2900
1.5598610662e-01 -2.2200760761e-01 -3.1238341693e+00
31 29 28
2 0 830 32.9400 -47.2400 1 682 0.8500 -58.6600
1.5598610662e-01 -2.2200760761e-01 -3.1238341693e+00
31 29 28
2 0 831 32.9400 -47.2400 1 683 0.8500 -58.6600
2.1635182147e-02 -2.2739637097e-01 -3.0675824301e+00
211 217 212
2 0 834 4.5800 -49.3100 1 678 -32.2200 -57.0900
2.1635182147e-02 -2.2739637097e-01 -3.0675824301e+00
211 217 212
2 0 835 4.5800 -49.3100 1 679 -32.2200 -57.0900
9.8445307115e-02 -2.3277013085e-01 -3.1005071465e+00
33 27 27
2 0 836 20.8900 -49.8500 1 684 -13.4000 -59.9200
-7.4066601517e-03 -2.3329284780e-01 -3.0573223856e+00
211 211 209
2 0 838 -1.7000 -50.7200 1 681 -39.3700 -57.7900
1.4007624533e-01 -2.4083363744e-01 -3.1127799322e+00
215 215 211
2 0 839 29.6400 -51.3300 1 1061 -3.7400 -62.7700
8.9518855684e-02 -2.4727283979e-01 -3.0946888450e+00
224 226 223
2 0 842 19.0100 -53.0300 1 690 -16.0600 -63.0700
5.8423150101e-02 -2.5247795220e-01 -3.0818643704e+00
212 214 213
2 0 844 12.4000 -54.3300 1 693 -23.7900 -63.6400
5.8423150101e-02 -2.5247795220e-01 -3.0818643704e+00
212 214 213
2 0 845 12.4000 -54.3300 1 694 -23.7900 -63.6400
3.0421012441e-02 -2.5903985819e-01 -3.0748992886e+00
210 210 207
2 0 848 6.3900 -55.8300 1 696 -30.4700 -64.4200
1.7293214211e-02 -2.7220537732e-01 -3.0711933944e+00
13 14 10
2 0 852 3.6200 -58.9000 1 701 -33.8900 -66.8800
-5.3406018354e-01 -3.0982335856e-01 -3.0413992802e+00
202 71 111
3 0 865 -116.1700 -67.2500 1 680 -150.0700 -57.9500 2 1061 -111.2800 -107.0700
2.3279532030e-01 -3.8265344191e-01 -3.1487808434e+00
171 137 135
2 0 881 48.7200 -80.5700 1 725 15.2700 -96.1500
2.1227690891e-01 -3.8724562810e-01 -3.1451241615e+00
178 131 129
2 0 883 44.4500 -81.6000 1 728 10.5000 -96.6000
9.1966477425e-02 -4.1993138172e-01 -3.0862814914e+00
27 23 20
2 0 888 19.5300 -90.2200 1 1091 -20.0700 -101.9300
6.2108261384e-03 -4.3250917075e-01 -3.0591864409e+00
34 29 11
3 0 891 1.2600 -93.7000 1 1095 -40.7000 -102.7700 2 543 -8.5000 -146.3700
6.2108261384e-03 -4.3250917075e-01 -3.0591864409e+00
34 29 11
3 0 892 1.2600 -93.7000 1 1096 -40.7000 -102.7700 2 544 -8.5000 -146.3700
-5.6681686974e-01 -4.6741737520e-01 -3.0181906614e+00
141 28 56
3 0 897 -123.9800 -102.0800 1 292 -161.9100 -91.5700 2 498 -119.1400 -128.4900
-4.9434516110e-01 -5.0477849732e-01 -3.0500699466e+00
57 153 180
2 0 903 -107.2800 -109.4500 1 1088 -144.9400 -100.3900
-5.0888345645e-01 -6.1167629805e-01 -3.0345397187e+00
178 72 110
2 0 928 -111.0100 -133.0200 1 760 -151.2400 -123.3800
1.8683571109e-01 -6.0665882949e-01 -2.9913792320e+00
62 64 28
2 0 929 40.9600 -134.1100 1 1120 -10.1800 -153.0100
-3.3855112497e-01 -6.2314904159e-01 -3.0377691995e+00
51 80 57
2 0 931 -73.9100 -135.4700 1 765 -117.6400 -132.2600
5.7258965612e-02 -6.6790742316e-01 -2.9839882796e+00
41 33 3
2 0 948 12.4700 -148.2100 1 793 -40.8000 -161.4000
5.7258965612e-02 -6.6790742316e-01 -2.9839882796e+00
41 33 3
2 0 949 12.4700 -148.2100 1 794 -40.8000 -161.4000
8.9280467543e-01 -7.4797759309e-01 -2.9004209589e+00
145 150 146
2 0 974 201.9700 -170.1400 1 1196 152.3800 -227.4500
4.9589834682e-01 -7.9208503879e-01 -2.7233126924e+00
153 169 169
2 0 1014 119.3900 -191.7700 1 887 41.7100 -234.4800
3.9118421929e-01 1.0116466090e+00 -3.5563322182e+00
196 207 201
2 0 1082 73.0400 188.5900 1 1229 99.5900 200.6200
-1.3059900570e-01 8.3152628509e-01 -3.4592409155e+00
140 134 124
2 0 1088 -24.8400 159.3600 1 922 -13.9500 172.7100
-1.3059900570e-01 8.3152628509e-01 -3.4592409155e+00
140 134 124
2 0 1089 -24.8400 159.3600 1 923 -13.9500 172.7100
1.0928297267e-01 7.6397609617e-01 -3.3775723624e+00
160 164 162
2 0 1096 21.5700 150.1200 1 933 28.2400 158.3900
-1.7963352890e-01 6.7438539327e-01 -3.4470376525e+00
190 200 196
2 0 1107 -34.4500 129.8900 1 1239 -27.4700 141.1600
2.0885982987e-01 6.4660831087e-01 -3.4396547425e+00
157 173 187
2 0 1109 40.3400 124.8200 1 569 49.1300 129.9000
2.4183374444e-01 6.2483370610e-01 -3.4267109297e+00
187 216 227
2 0 1114 46.9100 120.8600 1 945 54.8700 125.2700
2.9124393058e-01 5.2609293654e-01 -3.3497563627e+00
46 68 33
2 0 1126 57.7500 103.9500 1 954 59.6800 104.9100
7.2733248476e-01 4.8189139640e-01 -3.5858620961e+00
108 108 95
2 0 1134 134.5300 88.7300 1 1463 158.1300 83.4600
4.5327154698e-01 4.4185867468e-01 -3.4862036801e+00
117 16 10
2 0 1136 86.2700 83.9400 1 1268 96.9800 81.4300
-4.8600833358e-01 1.3902215470e-01 -3.0900352073e+00
166 199 201
2 0 1162 -104.0600 29.6400 1 1286 -127.3600 38.9000
-5.1585412205e-01 6.2166099074e-02 -3.0730125801e+00
102 184 198
2 0 1173 -111.1200 13.4500 1 995 -136.3900 22.6200
-6.8568500332e-01 5.3557455758e-02 -2.9757849543e+00
197 130 150
3 0 1174 -152.2500 11.8500 1 993 -180.4600 24.5900 2 1005 -147.1000 -58.6300
-4.1366033319e-01 4.0108709102e-02 -3.1240517633e+00
131 201 204
2 0 1177 -87.7400 8.6100 1 1299 -111.6100 15.5400
-5.1000473320e-01 3.8103279399e-02 -3.0726800799e+00
116 188 196
2 0 1179 -109.8600 8.1900 1 998 -135.7400 17.3100
-8.9517702388e-02 2.1720748959e-02 -3.2248113418e+00
200 200 183
2 0 1181 -18.4900 4.5500 1 1004 -38.4800 4.0900
-5.2176895693e-01 1.4728275144e-02 -3.0589949499e+00
126 191 195
2 0 1182 -112.9200 3.2900 1 1302 -139.8900 12.2900
1.7793569079e-01 -9.5397026083e-02 -3.1371035430e+00
255 44 41
2 0 1193 37.4300 -20.1300 1 1322 9.4700 -30.8000
1.3373603171e-01 -1.0385271772e-01 -3.1178789541e+00
250 46 39
2 0 1194 28.3300 -22.2300 1 1024 -1.6000 -31.6000
1.3373603171e-01 -1.0385271772e-01 -3.1178789541e+00
250 46 39
2 0 1195 28.3300 -22.2300 1 1025 -1.6000 -31.6000
-5.7505282468e-01 -1.0676316649e-01 -3.0265379493e+00
208 75 117
2 0 1196 -125.7500 -23.2200 1 1015 -156.0400 -13.1400
1.8385664203e-02 -1.2056492056e-01 -3.0709554731e+00
213 214 213
2 0 1199 3.9000 -26.1800 1 1028 -30.2500 -32.8500
1.8385664203e-02 -1.2056492056e-01 -3.0709554731e+00
213 214 213
2 0 1200 3.9000 -26.1800 1 1029 -30.2500 -32.8500
-5.7134735110e-01 -1.3443809708e-01 -3.0275685055e+00
216 75 125
2 0 1202 -124.8600 -29.4100 1 1020 -155.7300 -19.0900
-4.5058052784e-01 -1.5412991210e-01 -3.0145399478e+00
56 68 54
2 0 1205 -98.9700 -33.7900 1 1022 -133.5900 -27.3300
9.9503534114e-02 -1.7259617895e-01 -3.1034274064e+00
218 223 216
2 0 1209 21.0200 -36.6500 1 1334 -11.5300 -46.6800
-1.0037589577e-03 -1.7096506859e-01 -3.0605687442e+00
30 25 25
2 0 1210 -0.3100 -37.1300 1 1039 -36.3400 -43.9200
-2.8020439006e-02 -1.7500949573e-01 -3.0437082828e+00
39 34 36
3 0 1212 -6.4200 -38.3000 1 1037 -43.3200 -44.2800 2 1088 -10.3400 -114.7600
5.9119125440e-02 -1.7891347637e-01 -3.0836368125e+00
210 212 208
2 0 1213 12.5600 -38.4700 1 1335 -21.8300 -47.1200
1.5815186636e-01 -1.8743578075e-01 -3.1257700039e+00
37 31 34
2 0 1214 33.4200 -39.9700 1 1047 2.2400 -50.8600
1.5815186636e-01 -1.8743578075e-01 -3.1257700039e+00
37 31 34
2 0 1215 33.4200 -39.9700 1 1048 2.2400 -50.8600
1.7075910906e-01 -2.0624540773e-01 -3.1281964210e+00
217 223 222
2 0 1217 36.0200 -43.8200 1 1049 4.7100 -55.5100
1.3820723346e-01 -2.0290365535e-01 -3.1164707805e+00
215 219 215
2 0 1219 29.3900 -43.7200 1 1336 -3.1100 -53.6100
1.7347670809e-01 -2.2654051105e-01 -3.1313786028e+00
30 30 22
2 0 1223 36.5300 -48.0100 1 1057 5.0300 -60.0900
1.7347670809e-01 -2.2654051105e-01 -3.1313786028e+00
30 30 22
2 0 1224 36.5300 -48.0100 1 1058 5.0300 -60.0900
9.6742317388e-03 -2.3954629522e-01 -3.0630195678e+00
21 20 18
2 0 1231 2.0000 -52.0100 1 1055 -35.4100 -59.5600
9.6742317388e-03 -2.3954629522e-01 -3.0630195678e+00
21 20 18
2 0 1232 2.0000 -52.0100 1 1056 -35.4100 -59.5600
3.9188975569e-02 -2.4415025510e-01 -3.0772961478e+00
20 20 17
2 0 1233 8.3100 -52.6900 1 1059 -28.0900 -61.2000
3.9188975569e-02 -2.4415025510e-01 -3.0772961478e+00
20 20 17
2 0 1234 8.3100 -52.6900 1 1060 -28.0900 -61.2000
1.4791347696e-01 -2.8439077239e-01 -3.1125752731e+00
209 211 206
2 0 1238 31.3500 -60.7800 1 1071 -3.1000 -72.6000
3.7093009254e-02 -2.8857661242e-01 -3.0710206920e+00
214 213 211
2 0 1239 7.7400 -62.0100 1 1340 -29.9400 -71.6500
7.3459989404e-02 -2.9621926180e-01 -3.0783030010e+00
212 215 209
2 0 1246 15.7200 -64.0700 1 1074 -21.8400 -73.8200
-6.0747865748e-01 -3.2452280405e-01 -3.0038533571e+00
135 189 192
3 0 1249 -133.7700 -71.3300 1 1054 -168.7900 -59.8100 2 1074 -127.7600 -110.9200
-5.8695034937e-01 -3.3961395909e-01 -3.0049881860e+00
159 41 74
3 0 1250 -129.4500 -74.6800 1 692 -164.8500 -63.6000 2 1081 -123.5800 -113.8000
1.9718691404e-01 -3.8883534944e-01 -3.1298989111e+00
169 123 122
3 0 1253 41.5100 -82.3700 1 1085 6.1700 -97.0400 2 526 32.3100 -139.6900
2.4729084903e-01 -3.9647718248e-01 -3.1557965541e+00
70 11 2
2 0 1255 51.6500 -83.3100 1 1086 18.4900 -99.4000
2.4729084903e-01 -3.9647718248e-01 -3.1557965541e+00
70 11 2
2 0 1256 51.6500 -83.3100 1 1087 18.4900 -99.4000
-3.6648188941e-01 -4.4266523931e-01 -3.0377463533e+00
99 160 106
2 0 1264 -79.9200 -96.4800 1 1348 -119.8700 -92.2000
-5.0632134551e-01 -4.5380338693e-01 -3.0434248105e+00
61 155 186
3 0 1268 -110.2600 -98.5600 1 1080 -147.0600 -89.4600 2 1106 -105.9000 -126.2200
7.5799167708e-01 -5.4887129056e-01 -3.2960688732e+00
131 141 135
2 0 1272 151.7700 -110.6000 1 1118 133.0400 -144.7600
-2.7488940394e-01 -5.1701934793e-01 -3.0767810020e+00
42 59 43
2 0 1273 -59.3000 -111.1600 1 1100 -99.1800 -109.9300
-2.3755307647e-01 -5.5003923595e-01 -3.0937595838e+00
27 26 17
2 0 1279 -51.0300 -117.5600 1 1103 -90.7700 -117.6300
-5.5547698311e-01 -5.9909000809e-01 -3.0187980589e+00
179 81 103
2 0 1287 -121.7400 -130.9400 1 1106 -161.7300 -119.7100
-5.3286223558e-01 -6.1697226958e-01 -3.0198013802e+00
158 32 64
2 0 1291 -116.7100 -134.9600 1 761 -157.5900 -124.1500
2.1310727704e-01 -7.0906001983e-01 -2.8918384899e+00
89 107 91
2 0 1314 48.2700 -161.9200 1 1154 -13.7300 -184.8200
2.1310727704e-01 -7.0906001983e-01 -2.8918384899e+00
89 107 91
2 0 1315 48.2700 -161.9200 1 1155 -13.7300 -184.8200
1.0830335230e+00 -7.4395493637e-01 -2.9635990352e+00
182 187 179
2 0 1317 239.5100 -165.3200 1 1418 202.8400 -230.4700
4.1928790935e-01 -7.4850420569e-01 -2.7746804311e+00
87 106 120
2 0 1336 99.2100 -178.1600 1 1410 26.6600 -214.3400
-2.0856385945e-01 -7.6254518433e-01 -2.8129366748e+00
24 67 47
3 0 1337 -49.1600 -178.8400 1 1152 -116.3800 -182.9900 2 1605 -66.4600 -212.2200
-3.7931113940e-01 -8.1280673563e-01 -2.6830551537e+00
132 128 125
2 0 1363 -93.0700 -199.8500 1 1397 -169.2600 -195.9300
-2.8169773341e-01 -8.4191281007e-01 -2.6736457423e+00
103 125 123
2 0 1373 -69.4100 -207.6900 1 1173 -149.6400 -208.6400
-2.2964068694e-02 8.7379534487e-01 -3.4994903321e+00
164 164 154
2 0 1416 -4.2400 165.9400 1 1441 10.4100 178.3300
-1.9609425888e-01 7.8557946176e-01 -3.4305819632e+00
187 188 180
2 0 1424 -37.7300 151.9000 1 1445 -29.4600 164.9200
-6.4787621788e-01 4.7143346736e-01 -3.1434741585e+00
159 166 159
2 0 1441 -136.2800 99.4900 1 951 -146.9700 113.1000
9.4082372482e-01 2.2687109382e-01 -3.7365206609e+00
86 73 51
2 0 1476 166.6400 40.6900 1 1293 197.6700 24.8600
9.4082372482e-01 2.2687109382e-01 -3.7365206609e+00
86 73 51
2 0 1477 166.6400 40.6900 1 1294 197.6700 24.8600
-1.4648140444e-01 1.7733244091e-01 -3.2935533119e+00
161 188 205
2 0 1481 -29.4800 35.6200 1 1287 -41.7600 39.2700
9.5134677675e-01 1.9395422432e-01 -3.7453582138e+00
203 206 200
2 0 1482 168.2000 34.4200 1 1489 198.9600 18.3200
9.5134677675e-01 1.9395422432e-01 -3.7453582138e+00
203 206 200
2 0 1483 168.2000 34.4200 1 1490 198.9600 18.3200
-4.7637097088e-01 1.0067666342e-01 -3.0947878655e+00
159 178 198
2 0 1492 -101.9300 21.6600 1 1291 -125.6700 30.0600
9.5692119149e-01 1.1894787540e-01 -3.7607616336e+00
196 200 189
2 0 1493 168.5100 20.9400 1 1305 198.1600 3.3500
-5.7090369241e-01 -4.8457800136e-02 -3.0322490134e+00
202 109 126
2 0 1509 -124.6000 -10.4800 1 1307 -153.5500 -0.4500
8.2064794600e-02 -1.1189394687e-01 -3.0974678836e+00
215 217 212
2 0 1514 17.4800 -24.1200 1 1324 -14.3800 -32.2500
5.0573924053e-02 -1.4040960548e-01 -3.0855298575e+00
213 214 209
2 0 1517 10.8000 -30.3900 1 1329 -22.7000 -37.9200
-1.1293250996e-02 -1.4666713684e-01 -3.0577001789e+00
216 217 217
2 0 1518 -2.5100 -31.9600 1 1504 -38.2400 -38.1200
-3.8174191491e-01 -1.5428978032e-01 -3.0462117141e+00
74 116 88
2 0 1519 -83.0200 -33.5300 1 1321 -116.5600 -28.7200
7.6360494634e-02 -1.6455537547e-01 -3.0936055978e+00
36 33 33
2 0 1520 16.2500 -35.3900 1 1332 -17.0900 -44.0600
7.6360494634e-02 -1.6455537547e-01 -3.0936055978e+00
36 33 33
2 0 1521 16.2500 -35.3900 1 1333 -17.0900 -44.0600
3.6127814880e-02 -1.7093791180e-01 -3.0763894316e+00
32 30 30
2 0 1524 7.6500 -36.8500 1 1505 -27.1400 -44.7700
2.7792709276e-02 -2.0398077350e-01 -3.0763559624e+00
26 22 23
2 0 1527 5.9400 -44.2600 1 1506 -29.7400 -51.6400
2.7792709276e-02 -2.0398077350e-01 -3.0763559624e+00
26 22 23
2 0 1528 5.9400 -44.2600 1 1507 -29.7400 -51.6400
1.2306205529e-01 -2.2214295805e-01 -3.1094873914e+00
35 31 28
2 0 1531 26.1100 -47.5600 1 1510 -7.2400 -57.9700
6.8417496665e-02 -2.3284022632e-01 -3.0849799427e+00
37 31 34
2 0 1533 14.5900 -50.2200 1 1339 -20.9900 -59.3200
-1.5194611155e-02 -2.5455816002e-01 -3.0509988891e+00
34 30 30
3 0 1534 -3.4300 -55.3700 1 1512 -41.9300 -62.5700 2 1522 -9.2000 -124.5500
-5.1259455197e-01 -3.2800697815e-01 -3.0419574161e+00
117 175 167
3 0 1539 -111.8500 -71.0400 1 1511 -146.0400 -62.6400 2 1792 -106.9400 -110.4900
-3.6475762732e-01 -3.8658090547e-01 -3.0450201165e+00
46 38 37
2 0 1545 -79.3300 -84.1800 1 1520 -117.7600 -79.7500
-3.5413741830e-01 -4.1207633005e-01 -3.0445462265e+00
101 162 105
2 0 1548 -77.1000 -89.5400 1 1347 -116.1300 -85.8500
1.4551505604e-01 -6.8020292312e-01 -2.9518993392e+00
99 111 99
2 0 1579 32.4800 -152.9300 1 1375 -24.1100 -169.9200
2.9676093817e-01 -6.8906998722e-01 -2.9065417125e+00
43 57 57
2 0 1583 67.1200 -156.8700 1 1544 7.1400 -182.7300
1.2036913745e-01 -7.2074090518e-01 -2.8551970966e+00
59 64 66
2 0 1593 27.5800 -166.9200 1 1545 -38.1800 -185.6600
7.5535364838e-01 -7.3747393211e-01 -2.9085765528e+00
147 150 142
2 0 1595 170.2900 -166.8000 1 1679 117.6800 -217.5200
7.0828379564e-01 -7.6004787186e-01 -2.8692365673e+00
144 147 137
2 0 1603 162.0400 -174.7900 1 1568 103.6800 -223.7100
2.6190673390e-01 9.4156292007e-01 -3.4587746824e+00
221 234 235
2 0 1653 50.3400 180.4900 1 1585 67.7300 191.5700
1.6438441784e-01 8.8081253894e-01 -3.4040047573e+00
164 169 167
2 0 1655 32.1400 171.7200 1 1440 43.6600 181.8500
-1.0105331305e-01 8.4769875969e-01 -3.4607001513e+00
175 178 171
2 0 1658 -19.0900 162.0100 1 1588 -7.8000 176.0300
1.7284354276e-01 8.3395208928e-01 -3.4003192657e+00
213 227 227
2 0 1660 33.8800 162.4600 1 1589 44.1300 172.0900
-2.6872849725e-01 7.4787844709e-01 -3.4074915468e+00
140 139 132
2 0 1663 -52.1700 145.8300 1 1592 -45.8200 158.5500
-6.8215701177e-01 6.9965359970e-01 -3.2384135344e+00
174 173 168
2 0 1664 -139.1300 142.8400 1 1448 -139.6100 159.6800
-2.7407178206e-01 7.0466217955e-01 -3.4067647824e+00
187 191 184
2 0 1667 -53.3300 137.8800 1 1594 -47.7100 149.3000
-2.0539174533e-02 2.5616575692e-01 -3.3686720618e+00
237 110 160
2 0 1689 -4.0500 50.4700 1 1610 -9.9300 52.8400
-5.1842893930e-01 8.3995199107e-02 -3.0735750386e+00
109 186 196
2 0 1696 -111.6900 18.3100 1 1482 -136.4000 27.2800
-4.5509818744e-01 3.4618143819e-02 -3.1022519563e+00
155 178 190
2 0 1701 -97.1900 7.5500 1 1492 -121.9900 15.1900
-5.9949315959e-01 -1.1845349854e-02 -3.0155544608e+00
216 98 138
2 0 1703 -131.6100 -2.1800 1 1630 -160.2600 7.8000
-3.4842315314e-01 -7.2465496818e-03 -3.0805233210e+00
89 100 87
2 0 1704 -74.9100 -1.6300 1 1495 -103.6600 3.2500
-6.2254196763e-01 -5.9339828326e-02 -3.0044777266e+00
115 179 189
3 0 1707 -137.0300 -12.9400 1 1497 -166.9700 -1.8100 2 1935 -131.3200 -74.1200
-6.2212913082e-01 -5.9290060808e-02 -3.0032804743e+00
115 179 189
2 0 1708 -137.0300 -12.9400 1 1498 -166.9700 -1.8100
-3.4122409681e-01 -7.6934174391e-02 -3.0824303080e+00
90 99 85
2 0 1709 -73.3500 -16.5600 1 1501 -103.4000 -12.2400
1.4794742177e-01 -8.1622285054e-02 -3.1242077037e+00
122 14 9
2 0 1710 31.2800 -17.4300 1 1638 2.4300 -26.9300
-5.4401611203e-02 -1.6284543341e-01 -3.0415726321e+00
209 209 207
2 0 1715 -11.8700 -35.7600 1 1640 -49.1500 -40.7000
-1.3130574945e-03 -2.0505829319e-01 -3.0568648406e+00
211 214 210
3 0 1719 -0.3900 -44.5000 1 1641 -37.1400 -51.7300 2 1802 -5.3600 -117.9600
-2.9374808882e-02 -3.3744852324e-01 -3.0466212534e+00
214 186 42
2 0 1729 -6.5600 -73.3600 1 1521 -47.1900 -80.9100
1.7456864473e-01 -7.1663666709e-01 -2.8557784289e+00
180 136 67
2 0 1752 40.0300 -165.8100 1 1675 -25.5400 -187.4100
-3.1094404271e-01 7.2507492029e-01 -3.3822305410e+00
187 192 186
2 0 1790 -60.7300 141.9600 1 1693 -56.3100 155.6400
-3.1094404271e-01 7.2507492029e-01 -3.3822305410e+00
187 192 186
2 0 1791 -60.7300 141.9600 1 1694 -56.3100 155.6400
-6.4858434484e-01 1.1388310325e-01 -2.9881089085e+00
178 158 168
2 0 1823 -143.6000 25.7000 1 1623 -170.6900 36.5000
-3.3232970965e-01 -4.1349761444e-02 -3.0907206252e+00
93 105 97
2 0 1831 -71.2400 -8.9100 1 1633 -100.1300 -4.5600
-4.6265503047e-01 -6.7352119441e-02 -3.0184847026e+00
95 108 90
2 0 1832 -101.5200 -14.5500 1 1634 -133.9200 -7.9400
-3.8868991650e-01 -2.1788379966e-01 -3.0391728256e+00
61 58 53
2 0 1838 -84.7500 -47.3800 1 1731 -119.8700 -42.6800
-3.0005905206e-01 -5.6790356257e-01 -3.0616146194e+00
41 45 38
2 0 1845 -65.0400 -122.5900 1 1654 -106.6100 -120.6700
-3.5016892155e-01 -5.9187362173e-01 -3.0338317652e+00
99 158 93
2 0 1847 -76.5000 -128.9400 1 1655 -119.7800 -125.2200
-3.0144297501e-01 -6.1007779128e-01 -3.0554289863e+00
74 154 106
2 0 1849 -65.4600 -131.9500 1 1657 -108.2800 -129.9300
1.5397106285e-01 -6.0631086704e-01 -2.9661867476e+00
232 233 78
2 0 1852 34.0400 -135.2800 1 1747 -19.3300 -153.0000
2.8109687670e-01 8.3878808585e-01 -3.6007126865e+00
204 218 219
2 0 1878 52.0000 154.1100 1 1762 74.5000 164.4900
-1.6474647373e-01 7.7744264307e-01 -3.4569308759e+00
174 174 166
2 0 1880 -31.5300 149.6200 1 1690 -21.7800 161.5400
-1.6474647373e-01 7.7744264307e-01 -3.4569308759e+00
174 174 166
2 0 1881 -31.5300 149.6200 1 1691 -21.7800 161.5400
-4.1667131147e-01 5.9953727553e-01 -3.3218964114e+00
183 180 173
2 0 1887 -83.0400 119.9200 1 1697 -83.7300 132.2900
-1.5590766273e-01 4.9664569891e-01 -3.4649335790e+00
229 240 238
2 0 1889 -29.8900 95.5800 1 1768 -25.3200 103.6500
-5.7458336777e-01 3.9201016021e-01 -3.1519027559e+00
229 233 237
2 0 1891 -120.7300 83.0500 1 1703 -133.4700 94.1700
-3.3325578684e-03 -2.5911506051e-02 -3.0713585273e+00
194 126 80
2 0 1911 -0.6900 -5.9500 1 1780 -32.8000 -10.5600
-1.9394917132e-02 -7.8849029013e-02 -3.0652563006e+00
216 221 216
2 0 1915 -4.2600 -17.1300 1 1729 -37.8700 -22.4500
-5.0561757067e-02 -8.2803093426e-02 -3.0271527148e+00
213 213 208
2 0 1917 -11.1100 -18.2500 1 1728 -47.6700 -23.1400
-4.0918984900e-01 -9.4004504209e-02 -3.0235667009e+00
78 91 73
2 0 1918 -89.5500 -20.8000 1 1727 -123.2300 -14.8500
1.1345187414e-01 -2.7025569820e-01 -3.0913529408e+00
218 217 213
2 0 1927 24.2000 -58.1800 1 1736 -11.6600 -68.9900
-3.0277342393e-01 -3.7049150377e-01 -3.0805714454e+00
111 168 110
2 0 1930 -65.1900 -79.6300 1 1738 -101.5900 -77.2600
4.4712059303e-01 -6.1261195137e-01 -3.0089231695e+00
242 253 117
2 0 1936 97.8400 -134.8000 1 1796 50.1400 -164.4900
-8.7442272241e-02 -8.5613029051e-01 -2.6377629904e+00
15 23 19
2 0 1941 -21.9300 -214.1000 1 1757 -110.0600 -225.7800
-1.0644271720e-01 7.9443818643e-01 -3.4803072465e+00
147 143 136
2 0 1949 -20.1700 151.6600 1 1761 -8.7000 163.7200
-2.1386133819e-01 6.5511060538e-01 -3.4176890197e+00
187 191 182
2 0 1954 -41.3900 127.2800 1 1805 -36.4300 138.4700
-2.1386133819e-01 6.5511060538e-01 -3.4176890197e+00
187 191 182
2 0 1955 -41.3900 127.2800 1 1806 -36.4300 138.4700
3.3937956048e-01 7.8004322963e-01 -3.6005634881e+00
39 35 26
2 0 1993 62.5900 143.9100 1 1801 85.0000 151.1200
-1.2832024973e-01 6.9420742618e-01 -3.4581457497e+00
180 184 180
2 0 1995 -24.5400 133.4800 1 1803 -16.3800 144.0300
-6.4526074867e-01 4.0886159258e-01 -3.1614221588e+00
71 48 36
2 0 1999 -134.9800 85.6800 1 1769 -145.8000 99.4900
-3.3364787928e-01 -2.1490315323e-01 -3.0702700202e+00
98 182 125
2 0 2016 -72.0000 -46.4700 1 1825 -105.7500 -42.7500
-3.4698337839e-01 -3.1252569376e-01 -3.0500194025e+00
43 42 39
2 0 2017 -75.3400 -68.0300 1 1826 -112.2900 -64.0800
-3.5053340406e-01 -3.1373239970e-01 -3.0590962063e+00
43 42 39
3 0 2018 -75.3400 -68.0300 1 1827 -112.2900 -64.0800 2 2139 -75.3900 -113.8300
-3.3722437582e-01 -5.1923051955e-01 -3.0537017965e+00
95 168 112
2 0 2019 -73.2500 -112.3500 1 1832 -113.8700 -109.2500
-3.3722437582e-01 -5.1923051955e-01 -3.0537017965e+00
95 168 112
2 0 2020 -73.2500 -112.3500 1 1831 -113.8700 -109.2500
-4.8169950725e-01 -6.0292106258e-01 -3.0527642941e+00
65 151 172
2 0 2022 -104.5900 -130.1000 1 1788 -143.8500 -121.9400
2.7477070176e-02 -6.0798616947e-01 -2.9871384021e+00
232 235 82
2 0 2024 5.6900 -134.2900 1 1836 -45.5900 -147.0300
-1.1965895400e-01 5.8138288803e-01 -3.4350271499e+00
105 96 79
2 0 2030 -22.9700 112.1500 1 1843 -18.5500 121.6600
5.1258036362e-02 -3.7115429057e-01 -3.0948165781e+00
18 16 16
2 0 2050 10.7300 -79.3600 1 1884 -27.0600 -89.4400
-3.5315363041e-01 -1.6987379426e-01 -3.0738367938e+00
113 187 126
2 0 2068 -76.2700 -36.1800 1 1880 -108.3600 -32.7900
-5.1329320234e-01 4.5563456591e-01 -3.1783799669e+00
230 236 236
2 0 2077 -106.8600 95.1700 1 1891 -117.9000 106.7600
-6.6093892670e-01 2.3286275508e-01 -3.0017029470e+00
189 209 166
2 0 2078 -145.4200 50.9700 1 1893 -169.5100 63.9400
7.6971734328e-01 4.8083578975e-01 -3.5699247051e+00
213 227 226
2 0 1135 143.1300 89.2400 2 1730 196.9700 18.1700
-5.2976685335e-02 -7.7936185062e-01 -2.7768942803e+00
28 63 52
2 0 1347 -12.6700 -185.2800 2 1288 -39.7900 -227.9800
-4.8414545734e-01 1.3272758246e-01 -3.0969414432e+00
166 177 185
2 1 140 -126.3200 37.2900 2 301 -96.2000 -39.2300
1.9348674089e+00 -1.0825769532e+00 -6.3564748111e+00
82 67 77
2 1 342 297.1200 -136.1100 2 179 273.5200 42.0200
-1.3979414418e-01 -6.6922517127e-01 -2.8961016104e+00
31 64 139
2 1 393 -90.9500 -158.9400 2 669 -48.3500 -192.1000
-1.3979414418e-01 -6.6922517127e-01 -2.8961016104e+00
31 64 139
2 1 394 -90.9500 -158.9400 2 670 -48.3500 -192.1000
1.9193079742e+00 -1.3558922227e+00 -5.7724469875e+00
110 103 110
2 1 445 300.3200 -189.0200 2 277 265.4600 -21.0400
1.9526981959e+00 -1.4410023764e+00 -5.5966635718e+00
69 68 74
2 1 483 306.6000 -208.4300 2 310 267.2900 -42.4000
9.9203950473e-01 -1.5652471868e-01 -3.7503761549e+00
172 175 168
2 1 672 198.2800 -52.7600 2 334 202.4200 -61.1300
-5.6558746820e-01 -3.5022556884e-01 -3.0028800530e+00
194 107 124
2 1 700 -161.2700 -66.7300 2 456 -119.7500 -116.4200
-5.5409398281e-01 -1.2097803540e-01 -3.0330134828e+00
194 97 113
2 1 1018 -151.5200 -16.6400 2 1478 -115.4700 -82.0700
9.1609834094e-02 -2.9418467363e-01 -3.0962614558e+00
207 210 205
2 1 1072 -17.1100 -73.6100 2 1110 13.5900 -127.8700
