# Bundle file v0.3
3 6
6.6080306000e+02 0.0000000000e+00 0.0000000000e+00
1.0000000000e+00 0.0000000000e+00 0.0000000000e+00
0.0000000000e+00 1.0000000000e+00 0.0000000000e+00
0.0000000000e+00 0.0000000000e+00 1.0000000000e+00
-0.0000000000e+00 -0.0000000000e+00 -0.0000000000e+00
6.6080306000e+02 0.0000000000e+00 0.0000000000e+00
-2.5488548351e-01 -4.2164101400e-01 8.7020241646e-01
-5.3874043120e-01 8.0923519888e-01 2.3430138859e-01
-8.0298950061e-01 -4.0909320235e-01 -4.3341736663e-01
3.8934791887e-01 -2.7072481836e-02 -9.2069282543e-01
0 0 0
0 0 0
0 0 0
0 0 0
0 0 0
-2.2511919823e-02 -1.0204003071e-02 -4.0890443950e-01
199 208 205
2 0 203 -36.3800 -16.4900 1 1068 39.9100 -109.0400
-1.0045720760e-01 6.3533415557e-02 -5.8553791164e-01
107 166 174
2 0 743 -113.3700 71.7000 1 1010 -131.0000 -63.3900
-1.0045720760e-01 6.3533415557e-02 -5.8553791164e-01
107 166 174
2 0 744 -113.3700 71.7000 1 1011 -131.0000 -63.3900
-3.1670295310e-02 -3.7335728063e-03 -4.2981776551e-01
234 35 28
2 0 809 -48.6900 -5.7400 1 427 23.3200 -106.2400
-2.6220994448e-02 -1.7657873869e-02 -4.1822149242e-01
15 14 19
2 0 838 -41.4300 -27.9000 1 457 36.7400 -116.3600
-1.0087649383e-01 8.0582075204e-02 -5.8741186388e-01
177 139 147
2 0 1163 -113.4800 90.6500 1 1928 -139.0800 -48.2700
