# Bundle file v0.3
3 287
6.8902209492e+02 -1.0438488730e-01 1.7542727188e-02
9.9861238664e-01 -1.7117942028e-02 -4.9802382617e-02
1.7602771535e-02 9.9980168767e-01 9.3127746224e-03
4.9633090654e-02 -1.0176512055e-02 9.9871567271e-01
-1.6385025417e-01 -3.6381165057e-02 -5.6552292542e-01
6.9759893473e+02 -8.5891963069e-02 -4.0884055569e-02
9.9024387458e-01 4.9861286868e-02 -1.3011887226e-01
-9.5889195393e-02 9.2136730925e-01 -3.7667962999e-01
1.0110554413e-01 3.8548169025e-01 9.1715949291e-01
-2.3469905447e-01 -1.1544662961e+00 -6.8946695836e-01
6.7254224229e+02 -7.7737562876e-02 -8.7495542981e-03
9.2014790747e-01 2.0801817876e-02 -3.9101804658e-01
2.3786253733e-01 7.6353718246e-01 6.0036021215e-01
3.1104540137e-01 -6.4542873764e-01 6.9761916754e-01
-1.1515947701e+00 1.8414929337e+00 -9.6584747022e-01
2.6904402783e-01 4.6247351298e-01 -2.6754208930e+00
39 74 77
2 0 61 48.9400 86.4100 1 905 95.5100 60.0800
2.6904402783e-01 4.6247351298e-01 -2.6754208930e+00
39 74 77
2 0 62 48.9400 86.4100 1 906 95.5100 60.0800
2.3057078095e+00 1.9868832210e-01 -6.4762065220e+00
53 45 47
2 0 136 241.4500 14.0000 1 861 312.6300 134.3400
2.0260694230e+00 -2.0036788285e-03 -6.2585610777e+00
78 75 76
2 0 163 220.4900 -6.1800 1 867 284.2400 110.7300
-2.6235630268e-01 -5.5399650922e-02 -2.6861589710e+00
168 88 120
2 0 210 -61.4100 -25.6300 1 297 -32.2300 -36.7100
1.9501914001e+00 -2.5075682151e-01 -5.8703048325e+00
14 18 21
2 0 223 223.9200 -33.0900 1 134 281.1000 73.3500
2.1114320304e+00 -3.4599166050e-01 -5.9329205436e+00
105 98 106
2 0 234 239.4000 -42.6500 1 901 295.4200 63.2900
2.0824962315e+00 -3.6689338472e-01 -5.9047185482e+00
75 73 79
2 0 237 237.1700 -45.1100 1 904 292.5800 60.3900
1.8727483973e+00 -4.0996625776e-01 -5.8327966130e+00
93 82 85
2 0 246 217.0000 -50.6300 1 161 269.7400 55.5200
-6.9610135593e-01 -1.5935190262e-01 -2.5088874018e+00
199 91 125
2 0 247 -161.1800 -51.0300 1 338 -134.8600 -64.4100
-3.4850577803e-01 -1.7296643322e-01 -2.5962563022e+00
192 208 197
2 0 249 -82.2600 -51.9100 1 342 -55.0100 -66.4200
-3.4850577803e-01 -1.7296643322e-01 -2.5962563022e+00
192 208 197
2 0 250 -82.2600 -51.9100 1 343 -55.0100 -66.4200
-7.0542918918e-01 -1.7171369835e-01 -2.5004912918e+00
142 164 190
2 0 253 -163.6900 -53.9000 1 345 -137.3300 -67.4800
1.9059661787e+00 -5.0450297464e-01 -5.7526645568e+00
92 79 82
2 0 263 223.1200 -61.4700 1 179 273.5200 42.0200
2.2561458332e+00 -5.7925606569e-01 -5.6874213379e+00
102 99 108
2 0 271 263.5700 -69.5300 1 203 313.9100 27.5600
1.8743307689e+00 -6.2389135729e-01 -5.6361924934e+00
90 69 71
2 0 284 223.4200 -75.8700 1 926 270.1600 24.9200
1.9357402516e+00 -6.2506610231e-01 -5.6172505467e+00
137 126 132
2 0 285 231.0000 -76.0600 1 206 277.6100 23.3700
-6.9339078606e-01 -2.8693848057e-01 -2.5495682534e+00
84 170 185
2 0 290 -157.7400 -78.2000 1 376 -130.6800 -84.8500
2.1733909779e+00 -6.5647233167e-01 -5.6274909847e+00
110 106 113
2 0 295 256.4900 -78.9600 1 940 304.6200 17.6700
1.7802062279e+00 -7.4712736176e-01 -5.5019916091e+00
95 80 83
2 0 330 216.8500 -91.6600 1 241 260.0200 6.9400
1.8630052489e+00 -8.3254101951e-01 -5.4234135560e+00
126 113 116
2 0 353 228.9300 -102.4100 1 950 269.7700 -6.7900
1.8731288703e+00 -8.5706931939e-01 -5.3847630606e+00
123 111 116
2 0 365 231.3300 -105.8500 1 952 271.4700 -11.3700
-6.0660815857e-02 -4.3249643205e-01 -2.6193513559e+00
210 211 210
2 0 367 -18.7500 -106.8100 1 467 5.2600 -119.4600
1.9553139488e+00 -8.7261365620e-01 -5.3767305359e+00
90 67 66
2 0 369 241.0400 -107.5900 1 957 281.1400 -14.3900
4.8050292233e-03 -4.5047648435e-01 -2.6390731176e+00
210 211 211
3 0 373 -4.3600 -109.6700 1 476 19.1700 -122.2800 2 624 -33.1700 -22.9600
1.8198572290e+00 -9.2118298392e-01 -5.3156993145e+00
121 114 121
2 0 387 227.4400 -114.6500 1 277 265.4600 -21.0400
2.1317837214e+00 -9.9918924550e-01 -5.2560985505e+00
83 72 76
2 0 394 266.0900 -124.1500 1 985 302.6100 -36.1200
1.6959030813e+00 -9.9144989863e-01 -5.2458974504e+00
123 110 113
2 0 397 215.0800 -124.5700 1 291 250.7500 -30.7200
1.8355901377e+00 -1.0583600917e+00 -5.1920218078e+00
86 78 82
2 0 404 233.5900 -133.2900 1 310 267.2900 -42.4000
2.0135800764e+00 -1.1058079286e+00 -5.1463415703e+00
92 82 83
2 0 417 256.3800 -139.5200 1 325 289.0500 -52.1000
-6.7797774573e-01 -5.9545271776e-01 -2.6613448022e+00
131 34 48
3 0 418 -146.4700 -140.3500 1 498 -119.1400 -128.4900 2 363 -188.4600 -93.8100
1.9966498932e+00 -1.1284244200e+00 -5.1272912855e+00
118 111 115
2 0 424 255.1900 -142.7200 1 329 286.8900 -55.3800
1.9314236337e+00 -1.2044609699e+00 -5.0345109979e+00
87 78 82
2 0 439 250.8200 -154.4300 1 347 279.7400 -68.0600
2.1235610503e+00 -1.2535948905e+00 -4.9897683168e+00
69 54 51
2 0 445 276.1000 -161.0600 1 363 303.3200 -78.2800
2.1235610503e+00 -1.2535948905e+00 -4.9897683168e+00
69 54 51
2 0 446 276.1000 -161.0600 1 364 303.3200 -78.2800
2.1635270246e+00 -1.4325799583e+00 -4.8218046760e+00
87 77 82
2 0 483 288.5400 -188.2200 1 1066 308.6400 -108.4500
5.5368106232e-02 -8.2428112629e-01 -2.6385847449e+00
211 235 121
2 0 486 7.9200 -189.4700 1 647 24.7800 -187.4100
5.5368106232e-02 -8.2428112629e-01 -2.6385847449e+00
211 235 121
2 0 487 7.9200 -189.4700 1 648 24.7800 -187.4100
7.9236684497e-02 -8.2656146667e-01 -2.6380294126e+00
217 243 109
2 0 490 13.0400 -189.9600 1 655 29.5400 -188.4300
1.9273478458e+00 -1.4435373718e+00 -4.7891435983e+00
108 95 102
2 0 494 260.1300 -191.5000 1 438 279.9600 -108.8900
2.0203903528e+00 -1.4465977187e+00 -4.7934040236e+00
103 87 91
2 0 496 271.6700 -191.4400 1 441 291.4500 -110.0900
-2.9970466923e-01 -8.6762600954e-01 -2.5869312117e+00
36 85 159
2 0 512 -68.8500 -201.7500 1 669 -48.3500 -192.1000
-2.8074572270e-01 -8.6973767298e-01 -2.5836071008e+00
23 79 164
2 0 514 -65.0900 -202.4100 1 672 -44.4900 -193.3600
1.7443117487e+00 -1.5005954750e+00 -4.7064494024e+00
90 80 81
2 0 516 239.8500 -202.2800 1 463 257.7800 -118.2600
1.6521690441e+00 -1.5333548413e+00 -4.6750497918e+00
106 90 93
2 0 523 229.0400 -207.9500 1 480 246.0600 -122.7600
-4.0325275934e-01 -9.3765262865e-01 -2.5665918115e+00
33 70 50
2 0 530 -91.5200 -217.8300 1 691 -69.7200 -203.2900
-5.3344229960e-01 -9.4090311906e-01 -2.5594297374e+00
142 153 149
2 0 531 -119.8000 -218.7500 1 684 -95.3400 -201.3400
1.7653383772e+00 -1.6001999681e+00 -4.6179920533e+00
99 83 89
2 0 532 246.0800 -218.4600 1 516 260.0900 -135.3400
1.9607379911e+00 -1.6356467774e+00 -4.6054093463e+00
140 133 133
2 0 537 272.2200 -222.8900 1 535 284.3000 -142.4800
-7.5016813018e-01 5.7909371465e-01 -2.5471478513e+00
71 52 45
2 0 597 -172.1100 109.4800 1 875 -148.9700 98.9200
2.2524232364e-01 4.2480378431e-01 -2.6846228718e+00
28 36 46
2 0 623 39.6900 77.9800 1 913 84.3800 53.2000
7.0021955254e-01 2.5088736619e-01 -2.8411860184e+00
201 218 217
2 0 646 136.8200 40.7600 1 938 186.3700 17.6700
2.2428343214e+00 -9.2504939299e-03 -6.2575070427e+00
65 59 63
2 0 683 242.1900 -6.5400 1 1347 307.9600 107.6600
2.1648668064e+00 -1.6405865068e-02 -6.2491732998e+00
63 60 68
2 0 688 234.7800 -7.3900 1 1346 299.3800 107.5100
2.2773750854e+00 -1.0736187833e-01 -6.1584832372e+00
69 67 73
2 0 695 249.0700 -16.5600 1 1353 312.4800 94.1200
8.6000521880e-01 -7.6773588168e-02 -3.1325826827e+00
109 111 97
2 0 707 160.0000 -23.8600 1 975 201.5100 -25.2100
-7.2846946895e-01 -6.4569241527e-02 -2.4580651820e+00
193 56 105
2 0 711 -171.8600 -30.6100 1 1453 -146.0700 -49.8100
-5.0883328525e-01 -7.5593487817e-02 -2.5668723365e+00
220 98 137
2 0 713 -118.1600 -31.5400 1 996 -91.0600 -46.4500
9.2247407585e-01 -1.2999033486e-01 -3.1321359314e+00
200 207 197
2 0 714 172.1700 -33.6200 1 984 211.8800 -35.9000
1.9752499763e+00 -3.1510052771e-01 -5.9143088711e+00
102 104 105
2 0 724 225.4800 -39.7300 1 147 281.2700 67.4800
2.2344697231e+00 -3.5173120201e-01 -5.9284947456e+00
74 66 71
2 0 728 252.2900 -43.0600 1 1372 309.4800 61.1700
2.2344697231e+00 -3.5173120201e-01 -5.9284947456e+00
74 66 71
2 0 729 252.2900 -43.0600 1 1373 309.4800 61.1700
2.2344175344e+00 -4.4393229574e-01 -5.8383433261e+00
102 100 114
2 0 739 255.5400 -53.5200 1 1378 310.0600 48.1000
2.2344175344e+00 -4.4393229574e-01 -5.8383433261e+00
102 100 114
2 0 740 255.5400 -53.5200 1 1379 310.0600 48.1000
2.1846472893e+00 -5.1979369525e-01 -5.7532678680e+00
80 70 75
2 0 755 253.3600 -62.5400 1 1384 305.1100 37.3300
9.0337705142e-01 -2.9406110812e-01 -3.1661783518e+00
181 183 178
2 0 756 167.3600 -63.9600 1 334 202.4200 -61.1300
-6.7553586653e-01 -2.5276577486e-01 -2.5485381656e+00
169 146 156
2 0 767 -154.0100 -70.7700 1 1029 -127.3300 -78.9000
1.9519818663e+00 -6.5672570691e-01 -5.6083635850e+00
87 72 72
2 0 775 232.6700 -79.7100 1 933 279.4500 19.3300
1.9519818663e+00 -6.5672570691e-01 -5.6083635850e+00
87 72 72
2 0 776 232.6700 -79.7100 1 934 279.4500 19.3300
4.7685104211e-02 -3.4612261986e-01 -2.6235836776e+00
236 35 30
2 0 790 4.4000 -87.8300 1 420 29.5000 -105.7200
1.9997709643e-02 -3.4763228068e-01 -2.6148021728e+00
227 37 30
3 0 791 -1.5800 -88.5200 1 427 23.3200 -106.2400 2 878 -31.0500 2.9000
1.8247278202e+00 -7.2747273850e-01 -5.5224600684e+00
138 126 130
2 0 794 221.3100 -89.0400 1 1405 265.1200 9.4700
9.6198397258e-02 -3.6987804637e-01 -2.6455021822e+00
224 225 217
3 0 799 15.0200 -92.0000 1 1068 39.9100 -109.0400 2 881 -9.5300 -1.7300
7.0663307377e-02 -3.7308080109e-01 -2.6377411687e+00
225 225 222
3 0 801 9.5000 -92.9500 1 1071 34.2900 -109.8900 2 882 -16.5800 -2.7600
3.6074655535e-02 -3.7753625355e-01 -2.6275831745e+00
224 227 222
3 0 804 1.9900 -94.3600 1 1076 26.6800 -110.9400 2 884 -26.1000 -4.2000
-1.1537686513e-01 -3.9613696082e-01 -2.5844993031e+00
214 217 208
3 0 809 -31.3800 -99.9500 1 452 -7.1600 -115.6300 2 610 -67.1700 -10.5700
8.3410133493e-02 -4.2202973377e-01 -2.6596756388e+00
36 34 37
3 0 815 12.6500 -103.1000 1 457 36.7400 -116.3600 2 893 -11.7100 -15.3700
8.3410133493e-02 -4.2202973377e-01 -2.6596756388e+00
36 34 37
3 0 816 12.6500 -103.1000 1 458 36.7400 -116.3600 2 894 -11.7100 -15.3700
2.1052441204e+00 -8.4775517310e-01 -5.4163436716e+00
87 68 67
2 0 818 256.9300 -103.6800 1 1418 298.2200 -11.5300
-1.1443873420e-01 -4.3799269167e-01 -2.6006145616e+00
211 211 203
3 0 827 -30.5700 -108.8200 1 472 -6.7300 -121.1600 2 909 -66.1500 -21.5800
1.7348758681e+00 -8.7916473565e-01 -5.3484768206e+00
122 118 123
2 0 831 216.3800 -109.3700 1 955 255.5100 -13.9100
-9.8320201345e-02 -4.4455729840e-01 -2.6081966387e+00
30 29 35
3 0 833 -26.8800 -109.8600 1 474 -3.3200 -121.9900 2 914 -61.4700 -23.1500
-6.2693780328e-01 -4.4809088252e-01 -2.6324173662e+00
196 61 104
3 0 834 -138.2100 -110.5600 1 1061 -111.2800 -107.0700 2 940 -175.0500 -56.8100
5.2519152138e-03 -4.9329934846e-01 -2.6594947731e+00
213 215 213
2 0 846 -3.8400 -118.3700 1 496 19.3300 -127.3800
1.7509561720e+00 -9.5266095483e-01 -5.2911535347e+00
92 85 92
2 0 848 220.0500 -118.9800 1 974 257.2300 -24.8900
-2.2751876804e-02 -4.9710084909e-01 -2.6554495994e+00
208 210 208
2 0 849 -10.0700 -119.3700 1 1110 13.5900 -127.8700
1.7448204773e+00 -1.0050623986e+00 -5.2285903406e+00
117 115 117
2 0 858 221.3800 -126.4200 1 983 256.8100 -33.6600
6.9636304828e-02 -5.8492180145e-01 -2.7048574125e+00
168 130 128
3 0 864 10.5900 -135.9100 1 526 32.3100 -139.6900 2 944 -11.5700 -58.2100
1.2073710812e-01 -5.8822693294e-01 -2.7216585689e+00
77 9 1
2 0 865 21.4500 -135.8400 1 527 42.8600 -139.5500
1.8596945170e+00 -1.1925705201e+00 -5.0527463854e+00
98 89 87
2 0 879 241.4200 -152.7100 1 1015 270.7300 -64.8700
1.8923924181e+00 -1.1986943322e+00 -5.0488706208e+00
117 114 123
2 0 880 245.5900 -153.4600 1 1018 274.6400 -66.1400
1.8725859612e+00 -1.3101229924e+00 -4.9265063766e+00
124 115 116
2 0 892 247.3200 -170.6400 1 1479 273.2300 -85.2300
1.7156087270e+00 -1.3792486825e+00 -4.8437092487e+00
145 135 140
2 0 895 231.0900 -182.2500 1 1045 253.7700 -95.8500
1.9198374581e+00 -1.3988879489e+00 -4.8301275727e+00
140 135 140
2 0 900 257.4800 -184.5300 1 1049 279.0600 -101.3400
2.1064504324e+00 -1.4354052587e+00 -4.8039488471e+00
79 62 72
2 0 904 282.1400 -189.3700 1 1070 302.0900 -109.2300
1.9748131967e+00 -1.4423029564e+00 -4.7955745538e+00
145 144 149
2 0 905 265.8800 -190.9700 1 1069 285.7400 -108.9200
2.0335783835e+00 -1.4723375814e+00 -4.7516535602e+00
139 128 134
2 0 910 275.3000 -196.0800 1 1092 293.5300 -115.7500
1.9235679484e+00 -1.4773457769e+00 -4.7533029890e+00
146 129 135
2 0 911 261.1500 -197.0400 1 1089 279.5900 -114.8400
1.9235679484e+00 -1.4773457769e+00 -4.7533029890e+00
146 129 135
2 0 912 261.1500 -197.0400 1 1090 279.5900 -114.8400
-3.1124416315e-01 -8.5640317306e-01 -2.5954651152e+00
194 213 218
2 0 916 -71.2400 -198.8400 1 1197 -50.1100 -188.9300
1.7208064925e+00 -1.5169321792e+00 -4.6890911449e+00
134 124 125
2 0 922 237.2500 -205.1100 1 1519 255.0400 -120.9300
1.7208064925e+00 -1.5169321792e+00 -4.6890911449e+00
134 124 125
2 0 923 237.2500 -205.1100 1 1520 255.0400 -120.9300
1.8925674499e+00 -1.5515198037e+00 -4.6734225790e+00
97 79 78
2 0 927 260.3900 -209.5700 1 1112 276.0600 -127.8500
-1.7685765977e-01 -9.4622933627e-01 -2.5677016332e+00
47 49 51
2 0 936 -42.7000 -219.8200 1 1243 -24.8800 -210.3400
-3.4263558558e-01 -9.5893917504e-01 -2.5500957127e+00
53 74 67
2 0 939 -79.0700 -223.5600 1 1242 -58.4300 -210.3800
-4.3305186451e-01 -9.7314278172e-01 -2.5154839378e+00
43 52 61
2 0 952 -99.9100 -228.8400 1 1256 -77.8400 -214.7700
2.1213435997e+00 -1.6903349229e+00 -4.5668461006e+00
137 128 133
2 0 954 295.3000 -230.9700 1 1137 303.9700 -153.0200
-5.2451380771e-01 8.9426172443e-01 -2.6407561326e+00
135 122 128
2 0 982 -120.2900 173.5800 1 1880 -89.9600 175.4900
1.0504000052e-01 7.6659142727e-01 -2.6856341732e+00
199 204 200
2 0 988 12.6900 149.1100 1 860 63.0000 135.0500
4.2560306569e-01 7.4762870424e-01 -2.6949310951e+00
203 217 213
2 0 989 80.7100 146.4100 1 1341 140.7900 124.5700
2.7039284742e-01 4.4302785525e-01 -2.6741916392e+00
221 245 252
2 0 1020 49.4000 82.3300 1 1375 95.2900 55.5900
2.4257927410e-01 4.1789790582e-01 -2.6763127126e+00
188 216 228
2 0 1025 43.7600 76.8200 1 1376 87.9700 50.7200
6.4604626333e-01 3.3281356910e-01 -2.8480655706e+00
120 133 108
2 0 1033 125.3600 57.0700 1 1721 176.6900 36.3800
1.0254064429e+00 2.1907726635e-01 -3.0840942769e+00
57 51 48
2 0 1043 192.3000 32.7100 1 1393 246.5500 22.9800
1.0254064429e+00 2.1907726635e-01 -3.0840942769e+00
57 51 48
2 0 1044 192.3000 32.7100 1 1394 246.5500 22.9800
6.5727316564e-03 1.8292080790e-02 -2.7984060273e+00
90 207 222
2 0 1069 -3.7800 -9.0300 1 1746 29.4200 -18.0700
2.2671247637e+00 -5.8735093559e-02 -6.2199509132e+00
98 91 103
2 0 1072 245.9100 -11.5400 1 1687 310.6400 101.1200
2.0365237708e+00 -8.3750894773e-02 -6.1721579965e+00
97 91 98
2 0 1077 224.2900 -14.5400 1 1689 285.8400 99.5900
-5.3046525365e-01 -2.9806172111e-02 -2.5472867260e+00
155 181 182
3 0 1082 -123.4600 -22.2900 1 1445 -97.2000 -38.1500 2 1098 -149.5800 38.0400
-5.2357239527e-01 -6.3039309604e-02 -2.5597846669e+00
143 167 182
2 0 1086 -121.7400 -28.9000 1 1448 -94.6400 -44.2900
-4.1180881411e-01 -8.1766954972e-02 -2.6282342859e+00
124 179 202
2 0 1088 -94.7200 -32.1000 1 1446 -67.0000 -43.9800
-7.4004538600e-01 -1.1726792390e-01 -2.4750012747e+00
191 118 135
3 0 1093 -173.1500 -42.1600 1 1005 -147.1000 -58.6300 2 857 -203.1100 21.1200
-6.7890309748e-01 -1.5386713969e-01 -2.5133461229e+00
101 174 180
3 0 1099 -157.0900 -49.5600 1 1010 -131.0000 -63.3900 2 866 -188.1200 12.5800
-6.7890309748e-01 -1.5386713969e-01 -2.5133461229e+00
101 174 180
3 0 1100 -157.0900 -49.5600 1 1011 -131.0000 -63.3900 2 867 -188.1200 12.5800
2.0921379317e+00 -4.4906974940e-01 -5.8263060342e+00
100 97 106
2 0 1104 240.7700 -54.4600 1 1377 294.1100 48.6700
-7.3244784068e-01 -1.7704048830e-01 -2.4986987523e+00
130 156 172
3 0 1105 -169.7900 -55.0700 1 1466 -143.2500 -68.2300 2 871 -201.3700 7.5700
-4.0533669240e-01 -2.4712841384e-01 -2.5940587289e+00
55 78 65
3 0 1112 -93.5300 -67.7300 1 1474 -66.8600 -79.3300 2 1299 -127.2800 -0.6900
-4.0206609530e-01 -2.4527421492e-01 -2.5935083750e+00
55 78 65
2 0 1113 -93.5300 -67.7300 1 1475 -66.8600 -79.3300
-6.4713805812e-01 -2.6127463230e-01 -2.5654624123e+00
201 59 112
3 0 1118 -146.8900 -72.3000 1 1030 -120.3000 -79.3700 2 889 -179.7500 -12.4800
-4.6428485118e-01 -3.2402614075e-01 -2.5880157652e+00
55 102 71
3 0 1136 -106.8200 -85.0400 1 1040 -80.2800 -93.2100 2 1134 -142.0500 -17.3400
-4.6446464996e-01 -3.2440805226e-01 -2.5891557067e+00
55 102 71
2 0 1137 -106.8200 -85.0400 1 1041 -80.2800 -93.2100
-5.3164983825e-01 -3.2514120514e-01 -2.5585483553e+00
39 52 39
2 0 1141 -122.6100 -86.0600 1 1043 -96.0200 -95.0100
-7.6205520594e-02 -3.3586041504e-01 -2.5791195201e+00
207 212 208
2 0 1145 -23.1200 -87.0300 1 1057 1.8600 -105.8000
2.0449239724e+00 -7.2709986061e-01 -5.5701646760e+00
112 108 111
2 0 1147 244.1600 -87.8900 1 1736 289.8900 9.0400
-4.7097719466e-02 -3.5345737559e-01 -2.5946230967e+00
206 211 202
3 0 1151 -16.3500 -90.5200 1 1065 8.2300 -107.9500 2 1117 -49.2400 0.7600
5.3961533922e-02 -3.9644171939e-01 -2.6425208471e+00
30 26 28
3 0 1162 6.1500 -98.3200 1 1079 30.5000 -112.8500 2 1128 -20.4400 -9.1800
-7.0162431811e-01 -4.6361931215e-01 -2.6066610001e+00
131 189 192
3 0 1180 -155.3100 -114.6700 1 1074 -127.7600 -110.9200 2 946 -194.5200 -60.3200
3.2011060445e-02 -4.8686992775e-01 -2.6632580792e+00
207 209 204
3 0 1182 2.0500 -116.9800 1 1107 24.7700 -126.3400 2 1144 -24.3500 -32.6100
-6.8298735036e-01 -4.7989387092e-01 -2.6114983790e+00
155 40 79
2 0 1184 -151.1300 -117.9000 1 1081 -123.5800 -113.8000
-4.5560290136e-02 -4.9909928770e-01 -2.6456638591e+00
207 212 203
2 0 1186 -14.4600 -120.1800 1 1114 7.9600 -128.7400
2.0032377346e+00 -9.7869447160e-01 -5.2897824802e+00
93 81 81
2 0 1188 249.5600 -121.4400 1 1437 286.9500 -30.7300
2.0032377346e+00 -9.7869447160e-01 -5.2897824802e+00
93 81 81
2 0 1189 249.5600 -121.4400 1 1438 286.9500 -30.7300
5.9035610282e-01 -5.9901571364e-01 -2.8870182228e+00
39 56 14
2 0 1195 116.3800 -130.6700 1 1116 137.2300 -133.3800
-4.7984082882e-01 -5.8966608863e-01 -2.6621084336e+00
95 160 103
3 0 1202 -105.6000 -139.3300 1 1529 -79.7300 -132.0100 2 1163 -146.0800 -82.9200
1.8332150317e+00 -1.1414553243e+00 -5.1030176053e+00
127 123 126
2 0 1203 236.3400 -145.3300 1 1458 267.4500 -56.2000
2.1578580940e+00 -1.2627812698e+00 -4.9777477159e+00
129 119 125
2 0 1212 280.9100 -162.4000 1 1476 307.5600 -80.3800
1.9394448287e+00 -1.3119431633e+00 -4.9261821872e+00
127 120 125
2 0 1217 256.1300 -170.6300 1 1480 280.9700 -86.1900
1.9394448287e+00 -1.3119431633e+00 -4.9261821872e+00
127 120 125
2 0 1218 256.1300 -170.6300 1 1481 280.9700 -86.1900
2.1089681394e+00 -1.4639393189e+00 -4.7749372456e+00
123 116 122
2 0 1236 283.7700 -193.9500 1 1508 302.5200 -114.2300
-1.9603006238e-01 -8.7830159039e-01 -2.6515668380e+00
22 58 37
2 0 1243 -45.1200 -200.1800 1 1573 -25.4200 -188.4000
-4.1606020141e-01 -9.6860394004e-01 -2.5264910863e+00
34 38 39
2 0 1270 -95.8000 -227.1300 1 1608 -73.9700 -213.0600
-1.5485512614e-01 -9.8035299450e-01 -2.5418172587e+00
25 61 49
2 0 1274 -38.2700 -228.9200 1 1627 -21.6800 -219.7200
-6.8400193401e-02 2.8055242666e-01 -2.6858842209e+00
231 106 154
2 0 1338 -21.8700 46.1100 1 2013 13.9800 27.9500
7.4189124325e-01 2.6713869754e-01 -2.8159196154e+00
221 234 234
2 0 1343 146.0100 44.5900 1 1730 196.9700 18.1700
1.9785190290e+00 -6.2854784041e-01 -5.6327913072e+00
108 101 108
2 0 1392 235.1400 -76.1900 1 1725 282.1800 23.1300
-1.0728029665e-01 -3.5895686455e-01 -2.5769772686e+00
208 210 206
3 0 1398 -29.9600 -92.2600 1 1501 -4.7100 -109.4700 2 1300 -65.8000 -1.4200
-7.5087985829e-02 -4.1186904902e-01 -2.6043824861e+00
24 22 23
3 0 1404 -22.1500 -102.8000 1 1512 2.0000 -117.0800 2 1311 -55.8200 -14.4200
1.5294950569e-02 -4.2951488238e-01 -2.6393161634e+00
28 28 33
3 0 1405 -2.0100 -105.3700 1 1516 21.6100 -118.5000 2 1313 -30.4200 -17.9300
-6.0932151748e-01 -4.6877411352e-01 -2.6433674186e+00
107 162 163
3 0 1408 -134.0800 -113.9800 1 1792 -106.9400 -110.4900 2 1323 -170.7500 -61.7600
-1.2452201542e-01 -4.5878547290e-01 -2.6029091765e+00
30 27 27
3 0 1409 -32.6400 -113.1800 1 1522 -9.2000 -124.5500 2 1316 -68.5300 -26.8600
-4.6650022832e-01 -6.2156810449e-01 -2.6737133268e+00
33 58 39
2 0 1419 -102.3900 -145.3400 1 1536 -76.7400 -136.8000
1.9368728713e+00 -1.2005583045e+00 -5.0342216372e+00
91 82 87
2 0 1421 251.5500 -153.9400 1 1766 280.4600 -67.7100
1.9070208774e+00 -1.2368668113e+00 -5.0120681797e+00
113 108 113
2 0 1423 248.6900 -159.0600 1 1770 276.5700 -72.5800
-3.2610727380e-01 -8.4316839569e-01 -2.6403199436e+00
43 45 39
2 0 1430 -73.1800 -193.4200 1 1958 -51.0300 -180.9100
-3.7519793324e-01 -7.2879679264e-02 -2.6380668189e+00
186 80 112
2 0 1517 -86.7200 -30.0100 1 1927 -58.5500 -42.1300
-7.0220198359e-01 -6.2714270105e-02 -2.4757441696e+00
191 140 149
3 0 1518 -164.9900 -30.0200 1 1928 -139.0800 -48.2700 2 1282 -193.3300 32.6500
-6.5911289975e-01 -1.7702509063e-01 -2.5197661368e+00
204 75 125
2 0 1525 -152.6300 -54.6700 1 1933 -125.9700 -67.6600
-6.8820475865e-01 -2.1981477749e-01 -2.5304441744e+00
96 174 184
3 0 1529 -158.0100 -64.0200 1 1935 -131.3200 -74.1200 2 1301 -190.6600 -2.1600
-4.4536955526e-01 -2.6072142832e-01 -2.5791910195e+00
61 86 67
3 0 1532 -103.1400 -71.4100 1 1778 -76.4900 -82.5700 2 1302 -137.2800 -3.0500
2.0196261375e+00 -7.9502610222e-01 -5.4807908539e+00
118 112 120
2 0 1540 244.7800 -96.8600 1 1912 287.5800 -1.9000
2.0196261375e+00 -7.9502610222e-01 -5.4807908539e+00
118 112 120
2 0 1541 244.7800 -96.8600 1 1911 287.5800 -1.9000
-4.2950634131e-02 -4.0619895525e-01 -2.6125953615e+00
164 164 161
3 0 1543 -15.0000 -101.1700 1 1800 9.1700 -115.9100 2 1431 -47.2500 -12.6300
-1.0582265739e-01 -4.1443689375e-01 -2.5948046447e+00
209 211 205
3 0 1546 -28.8000 -103.7400 1 1802 -5.3600 -117.9600 2 1434 -63.9800 -15.2500
-6.6349795405e-01 -4.4932194988e-01 -2.6143205375e+00
117 162 164
3 0 1548 -146.7400 -111.5100 1 1942 -119.7100 -108.2500 2 1322 -185.1900 -56.4900
-1.5187155489e-01 -4.8008174640e-01 -2.6147609643e+00
202 199 194
2 0 1550 -38.1600 -117.3600 1 1948 -14.6400 -126.3500
1.9488366175e+00 -1.0663232879e+00 -5.1925680409e+00
92 82 85
2 0 1555 247.0200 -133.9300 1 2028 280.7800 -44.5700
-1.5764880295e-01 -9.2942778155e-01 -2.5914768445e+00
95 102 101
2 0 1581 -37.7700 -214.6900 1 1965 -20.5000 -205.0500
6.8286802644e-01 3.4462822491e-01 -2.8266178988e+00
219 235 234
2 0 1625 133.8800 60.0500 1 2011 185.4600 36.5700
6.2572452149e-01 3.5135520501e-02 -3.0215271963e+00
66 114 47
2 0 1641 118.0000 -3.5600 1 2017 160.1200 -9.0300
-2.4035196995e-01 -7.7737996480e-02 -2.6729396590e+00
223 237 243
2 0 1654 -58.2000 -30.3500 1 2080 -27.0700 -42.9000
-3.3807036911e-01 -1.0002578972e-01 -2.6339955119e+00
224 219 206
2 0 1655 -79.5100 -35.7200 1 2083 -50.2600 -48.7400
-1.0681454113e-01 -2.9715800060e-01 -2.5570825469e+00
217 218 212
3 0 1666 -30.5400 -79.0700 1 1940 -4.9500 -100.3200 2 1527 -66.3700 14.0000
-1.4991282991e-01 -3.0213617641e-01 -2.5362052746e+00
208 204 204
2 0 1667 -39.8800 -80.8500 1 2036 -15.5700 -102.4200
-4.0621942490e-01 -5.2210456879e-01 -2.6756799753e+00
101 165 97
2 0 1676 -90.3300 -124.4200 1 1944 -64.3600 -120.9000
-4.0621942490e-01 -5.2210456879e-01 -2.6756799753e+00
101 165 97
2 0 1677 -90.3300 -124.4200 1 1945 -64.3600 -120.9000
-1.3171734977e-01 -9.5748663580e-01 -2.5592458692e+00
31 30 33
2 0 1693 -33.0400 -222.8200 1 2059 -16.2300 -214.3900
-5.1876441399e-01 1.6547977115e-01 -2.4964731205e+00
218 90 139
2 0 1729 -124.6800 21.5100 1 2075 -97.4500 -2.7900
6.6736585482e-01 -3.3399142877e-01 -3.3846453022e+00
125 127 126
2 0 1740 119.1500 -68.4500 1 2082 152.7500 -45.2200
-8.2089710745e-02 -2.4613805143e-01 -2.5532500419e+00
96 54 29
2 0 1741 -26.1400 -67.9300 1 2032 1.7400 -91.5500
-8.2089710745e-02 -2.4613805143e-01 -2.5532500419e+00
96 54 29
2 0 1742 -26.1400 -67.9300 1 2033 1.7400 -91.5500
2.0455691324e+00 -1.2240732820e+00 -5.0301303990e+00
97 89 92
2 0 1750 264.8300 -156.6100 1 2086 293.3900 -71.8100
-1.3202231802e-01 -8.0922302664e-01 -2.6595624542e+00
226 232 75
2 0 1806 -32.0900 -185.2500 1 2155 -11.6000 -177.8500
-1.6104502185e-02 -8.2276317713e-01 -2.6607261167e+00
237 239 76
2 0 1808 -7.3900 -187.9700 1 2100 11.2800 -182.7200
-4.5057020723e-01 -4.6467253168e-01 -2.6377606559e+00
31 27 24
2 0 1836 -100.9600 -113.6600 1 2139 -75.3900 -113.8300
-4.6216247943e-01 -6.5927758104e-01 -2.6827604552e+00
95 163 103
2 0 1839 -100.0500 -152.8400 1 2149 -76.4300 -142.2000
9.5412055848e-01 7.5882928819e-01 -2.9782080023e+00
209 218 216
2 0 1847 179.5100 138.4000 1 2209 257.2700 130.1000
-4.2740276443e-01 -3.3609593938e-01 -2.5966138860e+00
99 180 114
2 0 1869 -99.0200 -87.3000 1 2183 -71.6700 -95.5100
-6.9100109007e-01 1.1303253655e-02 -2.4374662286e+00
166 194 160
2 0 1879 -165.3600 -13.5300 1 2215 -139.7300 -37.1000
-4.4279761990e-01 3.6551994414e-01 -2.6981107595e+00
219 229 231
2 0 1919 -100.1200 61.9200 1 2249 -68.8100 54.7300
-6.1432876914e-01 1.2070634095e-01 -2.4599790800e+00
209 126 141
2 0 139 -147.5500 11.3200 2 121 -170.4000 70.4100
1.0238118340e-01 -3.2548008061e-01 -2.6361578331e+00
95 6 3
2 0 305 16.2300 -82.9300 2 596 -8.7600 9.1000
1.0238118340e-01 -3.2548008061e-01 -2.6361578331e+00
95 6 3
2 0 306 16.2300 -82.9300 2 595 -8.7600 9.1000
5.6202640804e-02 -3.3343289110e-01 -2.6219285535e+00
63 9 4
2 0 313 6.2500 -85.0800 2 598 -21.4700 6.8400
-1.3382059784e-01 -3.2902645240e-01 -2.5579718227e+00
19 18 20
2 0 315 -36.2300 -86.2100 2 599 -73.2700 5.9300
-1.3382059784e-01 -3.2902645240e-01 -2.5579718227e+00
19 18 20
2 0 316 -36.2300 -86.2100 2 600 -73.2700 5.9300
6.2650120257e-03 -3.3693816376e-01 -2.6087967920e+00
54 15 11
2 0 317 -4.7600 -86.3200 2 602 -34.7800 5.1100
3.0492413607e-02 -3.3797495740e-01 -2.6150366585e+00
108 16 10
2 0 318 0.5400 -86.3400 2 601 -28.3300 5.4500
-1.1463786316e-01 -3.4064639936e-01 -2.5686866801e+00
26 31 32
2 0 322 -31.7300 -88.4300 2 230 -67.8300 3.1300
-1.3345084169e-01 -3.5903749017e-01 -2.5697295727e+00
37 34 35
2 0 335 -35.7500 -92.4700 2 240 -72.4800 -1.8700
-1.3345084169e-01 -3.5903749017e-01 -2.5697295727e+00
37 34 35
2 0 336 -35.7500 -92.4700 2 241 -72.4800 -1.8700
4.9294616827e-02 -4.3021851449e-01 -2.6497925973e+00
26 17 25
2 0 359 5.3000 -105.1500 2 898 -21.0900 -17.6300
4.9294616827e-02 -4.3021851449e-01 -2.6497925973e+00
26 17 25
2 0 360 5.3000 -105.1500 2 899 -21.0900 -17.6300
-2.3008646818e-02 -4.2805908103e-01 -2.6249913861e+00
217 216 214
2 0 361 -10.5400 -105.6100 2 614 -41.2800 -17.7500
1.0038140943e-01 -4.3575137720e-01 -2.6696059192e+00
177 182 177
2 0 362 16.3800 -105.6100 2 617 -6.5300 -18.7300
1.0038140943e-01 -4.3575137720e-01 -2.6696059192e+00
177 182 177
2 0 363 16.3800 -105.6100 2 618 -6.5300 -18.7300
-6.0575644246e-02 -4.3189146205e-01 -2.6149305143e+00
210 211 210
2 0 368 -18.7500 -106.8100 2 619 -51.5100 -19.2900
-5.9923884309e-01 -4.4654527528e-01 -2.6449709414e+00
85 30 22
2 0 371 -131.8400 -109.6600 2 330 -167.4700 -56.8000
-2.0183820366e-02 -4.5355141577e-01 -2.6347379819e+00
213 216 211
2 0 380 -9.6400 -110.7400 2 921 -39.9300 -24.4300
1.0697271711e-01 -5.7896274953e-01 -2.7165248603e+00
177 141 137
2 0 405 18.5700 -134.1100 2 941 -0.8600 -56.4500
4.8855371288e-02 -5.8603318550e-01 -2.6989081052e+00
165 132 133
2 0 408 6.1900 -136.4100 2 652 -17.3800 -58.7600
-4.6278150176e-01 -5.8514107650e-01 -2.6652980089e+00
30 60 32
2 0 411 -101.9300 -138.0500 2 670 -141.4300 -81.5100
-6.0759839715e-03 -5.9346967239e-01 -2.6832875583e+00
168 133 127
2 0 414 -5.5100 -138.6700 2 659 -32.9300 -61.2900
-2.6911294395e-02 -5.9636429883e-01 -2.6782262495e+00
169 128 128
2 0 415 -9.9600 -139.5100 2 661 -38.7200 -62.3900
-4.9022574324e-02 -6.0011445778e-01 -2.6728382681e+00
155 115 107
2 0 419 -14.6800 -140.5400 2 663 -44.8800 -63.7100
-4.5134864657e-01 -2.1121229883e-01 -2.5625804777e+00
65 86 77
2 0 751 -105.4300 -60.9400 2 870 -138.4800 8.3100
-5.4158960117e-01 -3.0029821395e-01 -2.5487458461e+00
55 78 57
2 0 779 -125.3600 -80.9700 2 612 -162.3100 -11.4700
-2.3310036879e-02 -3.2972230044e-01 -2.5931346080e+00
205 215 207
2 0 785 -11.4100 -85.2100 2 873 -43.4300 7.1600
8.2318619826e-02 -3.5764639899e-01 -2.6384771145e+00
25 19 16
2 0 797 11.9500 -89.8800 2 879 -13.5400 1.0800
3.5716573196e-02 -3.7691285952e-01 -2.6285596887e+00
224 227 222
2 0 803 1.9900 -94.3600 2 883 -26.1000 -4.2000
-8.7445192470e-02 -3.9213949575e-01 -2.5945712792e+00
214 219 215
2 0 807 -25.0800 -98.8800 2 886 -59.5000 -9.6000
9.7226929444e-02 -4.0943926305e-01 -2.6597803303e+00
217 219 214
2 0 810 15.5300 -100.3200 2 888 -8.1300 -11.9200
-2.6817964049e-03 -4.2332764281e-01 -2.6308075898e+00
221 224 221
2 0 821 -6.1000 -104.3700 2 895 -35.6700 -16.4300
-8.4971821887e-02 -4.3354484442e-01 -2.6080351449e+00
210 215 207
2 0 822 -24.1100 -107.4200 2 902 -58.1700 -20.0600
-8.4971821887e-02 -4.3354484442e-01 -2.6080351449e+00
210 215 207
2 0 823 -24.1100 -107.4200 2 903 -58.1700 -20.0600
-9.4360913345e-03 -4.3997534002e-01 -2.6329794735e+00
17 21 24
2 0 824 -7.4400 -107.8800 2 906 -37.3100 -20.6500
-1.1412731247e-01 -4.3851840890e-01 -2.5997666271e+00
211 211 203
2 0 826 -30.5700 -108.8200 2 908 -66.1500 -21.5800
2.9638679899e-02 -4.4915588179e-01 -2.6486384703e+00
214 214 206
2 0 829 1.2000 -109.2500 2 912 -26.2500 -22.6300
-9.7938952367e-02 -4.4469796056e-01 -2.6079601601e+00
30 29 35
2 0 832 -26.8800 -109.8600 2 913 -61.4700 -23.1500
-6.8065363662e-02 -4.4991143399e-01 -2.6180922875e+00
17 15 21
2 0 835 -20.1900 -110.5800 2 918 -53.3000 -24.0100
-6.8065363662e-02 -4.4991143399e-01 -2.6180922875e+00
17 15 21
2 0 836 -20.1900 -110.5800 2 919 -53.3000 -24.0100
-5.1249993968e-02 -4.5841077989e-01 -2.6261375626e+00
212 217 213
2 0 838 -16.4400 -112.1300 2 923 -48.4600 -26.0000
-5.1249993968e-02 -4.5841077989e-01 -2.6261375626e+00
212 217 213
2 0 839 -16.4400 -112.1300 2 924 -48.4600 -26.0000
-7.8986595955e-02 -4.6251193488e-01 -2.6192916276e+00
208 209 200
2 0 842 -22.4900 -113.2800 2 926 -55.9900 -27.4900
-3.4426443805e-02 -4.8180385398e-01 -2.6389492636e+00
21 20 16
2 0 844 -12.5400 -116.6800 2 930 -43.3200 -31.9000
-3.4426443805e-02 -4.8180385398e-01 -2.6389492636e+00
21 20 16
2 0 845 -12.5400 -116.6800 2 931 -43.3200 -31.9000
8.6890177951e-02 -5.8181834512e-01 -2.7099926865e+00
153 122 119
2 0 862 14.3400 -134.9900 2 942 -6.6500 -57.2900
-4.9100943605e-01 -6.1214311812e-01 -2.6629298140e+00
104 165 111
2 0 868 -107.6800 -143.7500 2 962 -149.1100 -88.5400
-6.4516331995e-01 -2.8885481916e-01 -2.5718464520e+00
203 60 113
2 0 1126 -146.1000 -78.0100 2 900 -179.7800 -18.4800
-7.6038181983e-02 -3.3584362927e-01 -2.5789602861e+00
207 212 208
2 0 1144 -23.1200 -87.0300 2 874 -57.5300 4.8800
-6.2045341185e-01 -3.4375135940e-01 -2.6023103372e+00
161 168 116
2 0 1150 -138.9600 -89.0500 2 1143 -173.1300 -31.8400
-1.7735825927e-03 -3.8560436162e-01 -2.6199306749e+00
215 219 211
2 0 1156 -6.1900 -96.5700 2 1123 -36.1300 -6.9300
-1.0185614208e-01 -3.8256240195e-01 -2.5859341869e+00
27 30 34
2 0 1157 -28.3800 -97.0600 2 1125 -63.7400 -7.2100
-4.2469033650e-02 -3.9054749442e-01 -2.6075496267e+00
201 204 193
2 0 1159 -15.0400 -98.0300 2 1126 -47.3900 -8.5600
-4.2469033650e-02 -3.9054749442e-01 -2.6075496267e+00
201 204 193
2 0 1160 -15.0400 -98.0300 2 1127 -47.3900 -8.5600
5.4252657911e-02 -3.9716271101e-01 -2.6413850571e+00
30 26 28
2 0 1163 6.1500 -98.3200 2 1129 -20.4400 -9.1800
1.1169659478e-01 -4.2142415524e-01 -2.6688946301e+00
44 13 14
2 0 1166 18.7600 -102.5500 2 1131 -3.7500 -14.9500
6.5433438241e-02 -4.3499110708e-01 -2.6562213949e+00
26 25 28
2 0 1173 8.8400 -105.9300 2 1135 -16.5200 -18.6400
6.5433438241e-02 -4.3499110708e-01 -2.6562213949e+00
26 25 28
2 0 1174 8.8400 -105.9300 2 1136 -16.5200 -18.6400
1.1349721536e-01 -4.4802554913e-01 -2.6778355828e+00
52 8 4
2 0 1175 19.1700 -107.9700 2 1137 -2.4500 -21.7400
1.1464237790e-01 -4.6574058157e-01 -2.6813092149e+00
50 11 6
2 0 1176 19.4000 -111.6500 2 1139 -1.8400 -25.9100
-4.6283265739e-01 -5.6203682481e-01 -2.6569092164e+00
87 156 95
2 0 1201 -103.2200 -134.0200 2 1327 -140.9800 -75.0700
-4.6418926876e-01 -6.2437462891e-01 -2.6716843484e+00
30 57 35
2 0 1204 -101.6300 -145.9100 2 1331 -142.5300 -91.0700
3.3899967451e-01 -4.4126189319e-02 -3.0009156177e+00
96 149 68
2 0 1374 62.9300 -19.9500 2 1290 76.5500 20.0000
-5.8444762315e-01 -4.1733866980e-02 -2.5235604321e+00
168 157 164
2 0 1375 -136.7700 -24.6200 2 1099 -163.4600 36.1100
-1.1603432909e-02 -3.2870419800e-01 -2.5985363896e+00
217 212 211
2 0 1395 -8.9300 -84.8900 2 1297 -39.9300 7.3000
-6.4187697939e-02 -3.8384556074e-01 -2.5971074150e+00
25 25 24
2 0 1401 -19.9600 -96.9300 2 1306 -53.6100 -6.9000
3.2304565988e-02 -4.0956122084e-01 -2.6373507500e+00
212 214 208
2 0 1402 1.4100 -101.1600 2 1308 -26.3000 -12.4400
-7.5175759262e-02 -4.1174035060e-01 -2.6045874044e+00
24 22 23
2 0 1403 -22.1500 -102.8000 2 1310 -55.8200 -14.4200
-3.8243175042e-02 -4.4117756429e-01 -2.6232209855e+00
29 28 33
2 0 1406 -13.7600 -108.5000 2 1315 -45.3800 -21.1500
-1.2945147335e-01 -5.0019647951e-01 -2.6156733602e+00
43 16 14
2 0 1413 -33.3500 -121.6300 2 1145 -69.1800 -37.9100
5.5928270985e-02 -3.0161841353e-01 -2.6120646602e+00
98 9 1
2 0 1533 5.7800 -78.5200 2 1422 -22.0900 14.7600
-4.8520072716e-01 -3.0726431550e-01 -2.5735540024e+00
76 158 112
2 0 1534 -112.0600 -81.8200 2 1432 -147.5400 -13.1700
-1.2752337858e-01 -3.3708792414e-01 -2.5625191721e+00
189 189 194
2 0 1536 -34.7600 -87.8700 2 1426 -71.4200 4.0300
-1.5253439600e-01 -3.7337238816e-01 -2.5675811031e+00
205 207 198
2 0 1537 -39.9400 -95.7200 2 1429 -77.4800 -5.5800
-1.4641583698e-01 -5.3519736781e-01 -2.6230037434e+00
209 184 39
2 0 1554 -36.6900 -128.8900 2 1440 -73.1300 -47.5500
-3.1153513161e-03 -4.7491092690e-01 -2.6484525993e+00
205 207 204
2 0 1674 -5.9300 -114.9200 2 1590 -34.3900 -29.9300
-1.4857421764e-01 -3.0423015775e-01 -2.5459681838e+00
208 204 203
2 0 1744 -39.6400 -80.9800 2 1529 -77.6900 11.6800
-4.5735896492e-01 -6.5944227269e-01 -2.6919060077e+00
95 163 103
2 0 1838 -100.0500 -152.8400 2 1634 -138.8800 -100.8500
-5.2164771127e-01 -4.5957213273e-01 -2.6207788354e+00
31 31 28
2 0 1885 -117.0300 -113.3200 2 1691 -154.9300 -51.9800
8.2304085422e-02 -4.4078815618e-01 -2.6633440914e+00
212 215 208
2 1 469 36.0400 -119.4200 2 904 -11.5500 -19.8800
-1.2216150840e-01 -6.1982643153e-01 -2.6601977164e+00
35 28 8
2 1 543 -8.5000 -146.3700 2 1153 -64.4800 -70.3700
-1.2216150840e-01 -6.1982643153e-01 -2.6601977164e+00
35 28 8
2 1 544 -8.5000 -146.3700 2 1154 -64.4800 -70.3700
-5.8254837928e-01 -4.6013537593e-02 -2.5279193061e+00
138 155 172
2 1 992 -109.5000 -42.6300 2 568 -162.5500 34.9000
8.4115404449e-02 -3.2154251858e-01 -2.6265094255e+00
244 42 32
2 1 1496 37.8100 -101.6700 2 1294 -14.1700 10.2500
-4.4472850438e-01 1.0213010925e-01 -2.5510227694e+00
31 167 210
2 1 1919 -77.7300 -13.0800 2 1268 -127.3900 64.1300
-7.0788330718e-01 -1.4488094628e-01 -2.4964046807e+00
201 70 117
2 1 1932 -138.7500 -62.7900 2 1421 -195.0500 15.1200
-6.9278738225e-01 -1.7976726856e-01 -2.5130753372e+00
85 169 181
2 1 1934 -133.7500 -68.1300 2 1296 -191.9300 7.3000
