# Bundle file v0.3
3 336
6.5285020414e+02 -5.5837910834e-02 -5.2419834701e-03
9.9999253480e-01 -8.1200467827e-04 -3.7776978060e-03
7.9848201557e-04 9.9999327393e-01 -3.5797362919e-03
3.7805791596e-03 3.5766931447e-03 9.9998645715e-01
-1.1940000846e-02 -1.1004025178e-02 4.5795270480e-02
6.5430086114e+02 -6.6069565819e-02 -1.0655747391e-02
9.5533007995e-01 1.0106400548e-01 -2.7772379288e-01
-1.1974474270e-01 9.9148872703e-01 -5.1100888150e-02
2.7019554943e-01 8.2074179683e-02 9.5930088820e-01
-9.8890388687e-01 -1.7755311404e-01 1.0106683702e-01
6.6197838453e+02 -5.2916258092e-02 -1.8532693009e-02
9.5543748361e-01 -9.0352185906e-02 2.8102615076e-01
1.0183997881e-01 9.9444738708e-01 -2.6514393330e-02
-2.7707008793e-01 5.3952542482e-02 9.5933377379e-01
1.2414106245e+00 -1.2085984182e-02 1.4683827660e-01
-5.0462550813e-01 9.6425033498e-01 -3.1277724227e+00
85 53 43
2 0 14 -106.4400 203.2000 1 913 -110.6000 218.5700
2.7200934823e-02 9.4038941599e-01 -3.5166308714e+00
190 195 188
3 0 28 5.0700 176.6500 1 10 22.2700 190.0600 2 15 40.2000 210.6200
-1.3479612514e-01 8.6502694782e-01 -3.4647092154e+00
187 190 184
2 0 39 -25.6200 165.1500 1 543 -13.8600 178.1300
6.1043456924e-01 7.6851708429e-01 -3.5468581312e+00
135 147 124
2 0 61 113.6400 143.2900 1 556 138.9600 146.4800
-7.2588827369e-01 6.2292372743e-01 -3.1964204024e+00
129 112 109
3 0 77 -149.6500 128.4200 1 37 -152.8700 144.4100 2 557 -99.8500 151.5700
-2.9517624507e-01 6.5917751859e-01 -3.3977744232e+00
169 168 157
2 0 78 -57.2900 128.2700 1 41 -53.3700 140.2700
-3.5653051259e-01 6.1657307489e-01 -3.3784689488e+00
177 180 169
2 0 93 -69.6200 120.6700 1 565 -67.3200 132.8500
3.7708571623e-01 5.5926149748e-01 -3.3094956738e+00
98 156 72
3 0 104 75.3100 112.0300 1 577 77.3900 111.8900 2 74 131.9500 142.0500
6.5481679401e-01 6.0830316413e-01 -3.5922570672e+00
195 216 209
2 0 105 120.5000 112.0600 1 579 145.2200 110.8700
7.0135487406e-01 6.0106017863e-01 -3.5817071142e+00
174 186 170
2 0 106 129.3500 111.2300 1 79 154.8000 108.6500
6.5728208541e-01 5.8479065606e-01 -3.5999793586e+00
206 218 207
2 0 111 120.7200 107.4900 1 81 145.2800 105.7800
8.0442571168e-01 5.6886401241e-01 -3.5971464421e+00
141 139 129
2 0 114 147.5700 105.1000 1 958 176.1900 99.5200
8.0442571168e-01 5.6886401241e-01 -3.5971464421e+00
141 139 129
2 0 115 147.5700 105.1000 1 959 176.1900 99.5200
2.6446736000e-01 5.0241570275e-01 -3.3756064869e+00
37 56 20
2 0 121 51.8900 98.6800 1 86 54.4100 99.6200
7.0003925364e-01 5.0624426938e-01 -3.5886232936e+00
144 152 136
3 0 122 128.8900 93.3400 1 588 152.3300 88.6800 2 86 162.8000 125.3300
7.5456712174e-01 3.1822500155e-01 -3.5648566638e+00
200 209 203
2 0 141 139.9600 59.3300 1 601 159.0600 48.4900
9.5419944639e-01 2.4025927057e-01 -3.7136542092e+00
207 213 207
2 0 152 169.7100 43.1200 1 152 199.7400 27.8600
9.9143736566e-01 2.2534698846e-01 -3.7567224169e+00
211 210 201
2 0 156 174.2800 40.0100 1 618 206.9300 24.1400
-1.3032901599e-01 1.6387496875e-01 -3.2983285725e+00
228 125 155
2 0 163 -26.0400 32.8900 1 609 -38.3600 35.9800
7.8143886376e-03 1.5361601550e-01 -3.3828709142e+00
231 120 159
2 0 167 1.6500 30.3400 1 147 -5.5100 30.6000
-1.9623328951e-01 1.0766992329e-01 -3.2557523482e+00
228 134 170
2 0 178 -39.8100 21.8800 1 615 -55.7400 25.5000
-6.4769906087e-01 8.0303261660e-02 -2.9897511766e+00
209 117 145
2 0 182 -143.2600 17.4500 1 148 -170.6700 29.4900
-3.7940964489e-01 5.7921431895e-02 -3.1453717979e+00
161 103 135
2 0 186 -79.8100 12.0800 1 620 -102.3000 18.7400
-2.8510354242e-01 3.3851075962e-03 -3.1133384785e+00
185 195 186
2 0 196 -60.6400 0.6100 1 180 -87.4400 4.2900
-2.8510354242e-01 3.3851075962e-03 -3.1133384785e+00
185 195 186
2 0 197 -60.6400 0.6100 1 181 -87.4400 4.2900
-6.4560205827e-01 -5.9986756484e-03 -2.9857737064e+00
141 168 192
2 0 200 -142.9900 -1.5500 1 168 -172.2400 10.3200
7.2647584478e-02 -9.3558827449e-02 -3.0951835168e+00
64 68 65
3 0 218 15.4800 -19.9200 1 221 -15.8600 -27.6800 2 192 104.3600 -3.7100
7.2559546393e-02 -9.3418850873e-02 -3.0956582484e+00
64 68 65
2 0 219 15.4800 -19.9200 1 222 -15.8600 -27.6800
1.9802130251e-01 -1.1080384343e-01 -3.1445114498e+00
142 13 2
2 0 224 41.7800 -23.4500 1 651 14.1800 -34.0900
1.9802130251e-01 -1.1080384343e-01 -3.1445114498e+00
142 13 2
2 0 225 41.7800 -23.4500 1 652 14.1800 -34.0900
-4.1000779971e-02 -1.1322253220e-01 -3.0446492032e+00
41 35 29
3 0 230 -8.9700 -24.7800 1 647 -44.6900 -29.8500 2 205 85.2100 -11.3300
-4.0896086327e-02 -1.1358115074e-01 -3.0441623141e+00
41 35 29
2 0 231 -8.9700 -24.7800 1 648 -44.6900 -29.8500
1.2658526670e-01 -1.2261735732e-01 -3.1107028357e+00
122 18 8
2 0 234 26.9700 -26.1600 1 232 -3.7800 -35.4500
1.2658526670e-01 -1.2261735732e-01 -3.1107028357e+00
122 18 8
2 0 235 26.9700 -26.1600 1 233 -3.7800 -35.4500
-3.0049983336e-02 -1.5921440254e-01 -3.0431536630e+00
211 214 214
2 0 255 -6.6000 -34.7300 1 238 -43.4300 -40.5700
1.2403595439e-01 -1.7600497708e-01 -3.1113433627e+00
54 52 55
2 0 259 26.2600 -36.9900 1 245 -5.4300 -47.8900
1.2403595439e-01 -1.7600497708e-01 -3.1113433627e+00
54 52 55
2 0 260 26.2600 -36.9900 1 246 -5.4300 -47.8900
-1.1125310461e-01 -1.9477654166e-01 -3.0137279144e+00
179 108 63
2 0 273 -24.5400 -42.8900 1 669 -64.0500 -46.8600
8.2771434216e-02 -2.2129673570e-01 -3.0913074572e+00
222 223 222
2 0 282 17.7500 -47.4900 1 675 -16.8600 -56.8100
2.0841258173e-01 -2.2924953138e-01 -3.1449046443e+00
212 217 216
2 0 284 43.8900 -48.1300 1 259 13.7400 -61.1800
4.5461680809e-02 -2.2630647239e-01 -3.0761031133e+00
219 219 216
3 0 286 9.8100 -48.7000 1 677 -26.1200 -57.0900 2 273 103.0200 -35.4700
2.1463329063e-01 -2.7731418408e-01 -3.1443953055e+00
204 202 198
2 0 309 45.2300 -58.3200 1 705 13.9300 -72.0500
1.1868559328e-01 -2.9172442216e-01 -3.1040553518e+00
216 217 215
2 0 316 25.3700 -62.3300 1 707 -9.8100 -73.3300
1.1868559328e-01 -2.9172442216e-01 -3.1040553518e+00
216 217 215
2 0 317 25.3700 -62.3300 1 708 -9.8100 -73.3300
1.1094030955e+00 -3.9860602193e-01 -3.7882531890e+00
69 60 53
2 0 332 193.0700 -68.6400 1 302 214.9400 -101.6100
1.1284132376e+00 -4.0413694702e-01 -3.7974857727e+00
60 43 33
2 0 340 195.9400 -69.6100 1 739 218.5600 -102.7100
1.7414676961e-01 -3.9099748115e-01 -3.1212459809e+00
180 138 140
2 0 365 36.9700 -82.8700 1 297 1.0800 -96.7900
1.3905905806e-01 -3.9836269398e-01 -3.1079286626e+00
179 138 138
2 0 369 29.6800 -84.9000 1 730 -7.5600 -97.6500
1.1921125199e-01 -3.9950934664e-01 -3.0983682507e+00
180 139 142
2 0 372 25.4600 -85.2300 1 732 -12.4800 -97.7900
9.8769478285e-02 -4.0321365184e-01 -3.0908584258e+00
179 140 139
2 0 376 21.1400 -86.2400 1 731 -17.4900 -98.2000
1.1519795539e+00 -4.0859698184e-01 -3.1079077445e+00
97 128 56
2 0 380 243.7100 -86.3500 1 349 231.8500 -139.4100
7.6314598689e-02 -4.0812186211e-01 -3.0826402637e+00
160 117 119
2 0 384 16.4000 -87.6200 1 734 -23.0300 -98.7500
1.1338243434e+00 -4.1319712857e-01 -3.1059109167e+00
106 136 59
2 0 388 240.0400 -87.3200 1 354 227.0900 -139.9700
-3.5001657525e-01 -4.3555701568e-01 -3.0419170748e+00
46 71 39
2 0 414 -76.0800 -94.6800 1 717 -115.5900 -91.2000
1.2190688402e+00 -4.5616724515e-01 -3.1551450780e+00
107 126 60
2 0 417 253.8100 -94.8500 1 784 246.4400 -150.4200
-3.6059257374e-01 -4.5784148130e-01 -3.0369798708e+00
38 82 43
2 0 424 -78.4700 -99.7300 1 296 -118.6100 -95.7800
-2.6738522299e-01 -5.3640187118e-01 -3.0795329220e+00
100 130 97
2 0 454 -57.3600 -115.0300 1 747 -97.3200 -114.2600
-2.8799995943e-01 -5.4587239928e-01 -3.0701967464e+00
88 126 81
2 0 461 -61.9300 -117.5200 1 751 -102.5100 -115.8500
2.1443229870e-01 -6.0346595630e-01 -2.9838134093e+00
207 222 117
2 0 499 47.4300 -133.6300 1 377 -3.8600 -153.7800
2.3913926129e-01 -6.0289176585e-01 -2.9860579739e+00
217 236 122
2 0 501 52.8700 -133.4100 1 790 1.8900 -154.5500
2.7854588846e-01 -6.1580621981e-01 -2.9760818887e+00
180 195 84
2 0 508 61.8000 -136.7500 1 396 9.9100 -159.8500
2.9500003854e-01 -6.1716673703e-01 -2.9776276258e+00
183 202 85
2 0 509 65.4100 -136.9500 1 398 13.7500 -160.8000
1.1863547664e+00 -7.5527377671e-01 -2.9925571442e+00
147 146 144
2 0 546 259.5300 -165.0200 1 892 230.1100 -234.3500
1.9136025978e-01 8.6197137108e-01 -3.3937553074e+00
222 232 233
2 0 670 37.2200 168.0000 1 545 48.0000 177.5100
-7.1517297630e-02 8.6664996927e-01 -3.4747997716e+00
168 172 165
2 0 671 -13.4900 164.8200 1 544 -0.9400 177.6300
-7.0871029816e-01 7.2170575888e-01 -3.2285022619e+00
135 119 121
2 0 680 -144.5800 147.0400 1 551 -144.5700 163.6800
2.2239784512e-01 6.2703037491e-01 -3.4274292787e+00
24 28 33
3 0 693 42.7800 121.2600 1 572 50.7700 125.7700 2 558 90.4100 150.7400
6.7096755793e-01 5.9855127479e-01 -3.5960147756e+00
173 180 166
2 0 707 123.3200 110.2200 1 953 148.4500 108.4200
-6.1064866266e-01 5.0795222871e-01 -3.1286070878e+00
230 229 232
2 0 713 -128.8800 106.8700 1 69 -140.3800 120.5500
7.7047120107e-01 4.4696719474e-01 -3.5573899963e+00
215 233 232
3 0 724 143.0600 83.6000 1 967 165.6400 74.9700 2 579 178.5400 115.4700
7.4936750116e-01 2.8367942729e-01 -3.5800130598e+00
163 175 163
2 0 750 138.4300 52.7300 1 985 157.2400 41.3100
1.0167996004e+00 2.0130833875e-01 -3.7745529481e+00
209 213 206
2 0 760 177.8700 35.6200 1 621 211.4700 18.8300
4.5764003301e-01 4.7260328796e-02 -3.0853875076e+00
143 212 120
2 0 776 98.1600 10.2300 1 1007 74.1900 -6.6600
4.5749039078e-01 4.6740082013e-02 -3.0878338387e+00
143 212 120
3 0 777 98.1600 10.2300 1 1008 74.1900 -6.6600 2 156 180.8200 36.3200
-5.2598072647e-01 3.5368110116e-02 -3.0595657179e+00
212 115 144
2 0 779 -113.7600 7.5300 1 624 -139.9900 16.8700
9.9806939041e-01 1.7700687600e-02 -3.7657909967e+00
192 198 185
2 0 784 175.0300 3.6500 1 1019 203.0400 -17.4500
-3.8291462517e-01 -3.2776321810e-02 -3.0569608843e+00
98 110 100
2 0 789 -83.0500 -6.9300 1 1006 -113.1100 -2.0200
-6.0547458219e-01 -8.9486356114e-02 -3.0064318135e+00
173 157 167
2 0 795 -133.1600 -19.9300 1 641 -163.5500 -8.7500
1.5383769352e-01 -1.1707364050e-01 -3.1172077361e+00
80 20 10
2 0 796 32.7100 -24.9200 1 654 2.7200 -34.8800
1.4433123673e-01 -1.3111955160e-01 -3.1160806613e+00
238 43 41
2 0 799 30.6900 -27.8800 1 658 0.2500 -37.8200
1.1777258246e-01 -1.3380160618e-01 -3.1060986658e+00
238 42 45
2 0 802 25.1100 -28.5300 1 657 -6.2500 -37.8700
1.8097782783e-01 -1.4395820871e-01 -3.1378959869e+00
49 22 20
3 0 803 38.3600 -30.2500 1 1035 9.2300 -41.4300 2 691 123.3000 -12.1100
1.9583027838e-01 -1.5426618190e-01 -3.1405280815e+00
212 214 211
3 0 805 41.3600 -32.5700 1 663 12.4300 -44.2700 2 210 126.2400 -13.7400
1.3619196781e-01 -1.6401638487e-01 -3.1148619776e+00
224 223 219
2 0 810 28.9300 -34.7500 1 1041 -2.3400 -45.1400
1.4056966121e-02 -1.8118054143e-01 -3.0646507497e+00
220 222 219
3 0 816 3.0000 -39.2700 1 668 -32.7600 -46.5800 2 238 96.5300 -25.5600
-1.4714836922e-02 -1.8481016250e-01 -3.0533264237e+00
217 221 218
3 0 817 -3.2100 -40.2000 1 666 -39.9200 -46.7200 2 242 91.5000 -27.4400
-1.4536459954e-02 -1.8511777531e-01 -3.0524708360e+00
217 221 218
2 0 818 -3.2100 -40.2000 1 667 -39.9200 -46.7200
2.0228223015e-01 -2.0125714414e-01 -3.1413622167e+00
219 221 223
2 0 822 42.6800 -42.4000 1 673 12.8300 -54.7300
1.8950896291e-01 -2.1453831119e-01 -3.1358611610e+00
43 38 36
2 0 825 40.0600 -45.3000 1 1051 9.4000 -57.4400
1.8959110963e-01 -2.1478807897e-01 -3.1352557989e+00
43 38 36
3 0 826 40.0600 -45.3000 1 1052 9.4000 -57.4400 2 718 126.7000 -27.9700
1.0330367867e-01 -2.1724144167e-01 -3.0992465453e+00
217 216 212
3 0 828 22.1000 -46.3600 1 676 -11.7600 -56.2900 2 254 112.6900 -31.3800
1.5518598309e-01 -2.2282131588e-01 -3.1215265494e+00
31 29 28
2 0 830 32.9400 -47.2400 1 682 0.8500 -58.6600
1.5518598309e-01 -2.2282131588e-01 -3.1215265494e+00
31 29 28
2 0 831 32.9400 -47.2400 1 683 0.8500 -58.6600
2.1254551133e-02 -2.2777751323e-01 -3.0647238901e+00
211 217 212
2 0 834 4.5800 -49.3100 1 678 -32.2200 -57.0900
2.1254551133e-02 -2.2777751323e-01 -3.0647238901e+00
211 217 212
2 0 835 4.5800 -49.3100 1 679 -32.2200 -57.0900
9.7769923187e-02 -2.3330349420e-01 -3.0980833447e+00
33 27 27
3 0 836 20.8900 -49.8500 1 684 -13.4000 -59.9200 2 726 111.9300 -35.0200
-7.8548809775e-03 -2.3404581541e-01 -3.0550107610e+00
211 211 209
3 0 838 -1.7000 -50.7200 1 681 -39.3700 -57.7900 2 284 93.8200 -39.1100
1.3928579208e-01 -2.4156705465e-01 -3.1103920918e+00
215 215 211
2 0 839 29.6400 -51.3300 1 1061 -3.7400 -62.7700
8.8851884691e-02 -2.4784483144e-01 -3.0921624221e+00
224 226 223
2 0 842 19.0100 -53.0300 1 690 -16.0600 -63.0700
5.7629996025e-02 -2.5243492861e-01 -3.0804417010e+00
212 214 213
3 0 844 12.4000 -54.3300 1 693 -23.7900 -63.6400 2 287 105.5800 -40.6100
5.7845340314e-02 -2.5294353005e-01 -3.0792201908e+00
212 214 213
2 0 845 12.4000 -54.3300 1 694 -23.7900 -63.6400
2.9901828819e-02 -2.5942231751e-01 -3.0722182010e+00
210 210 207
2 0 848 6.3900 -55.8300 1 696 -30.4700 -64.4200
1.7678417652e-02 -2.7176104626e-01 -3.0642534334e+00
13 14 10
3 0 852 3.6200 -58.9000 1 701 -33.8900 -66.8800 2 297 99.2000 -46.7700
-5.3376705916e-01 -3.0975112178e-01 -3.0365748236e+00
202 71 111
3 0 865 -116.1700 -67.2500 1 680 -150.0700 -57.9500 2 764 -23.5500 -74.1000
2.3148451058e-01 -3.8308889488e-01 -3.1472262717e+00
171 137 135
3 0 881 48.7200 -80.5700 1 725 15.2700 -96.1500 2 316 136.7400 -63.5900
2.1097357977e-01 -3.8821511428e-01 -3.1434299122e+00
178 131 129
2 0 883 44.4500 -81.6000 1 728 10.5000 -96.6000
9.0520355089e-02 -4.2063698053e-01 -3.0860448840e+00
27 23 20
3 0 888 19.5300 -90.2200 1 1091 -20.0700 -101.9300 2 766 115.0300 -78.2600
5.8383431930e-03 -4.3236262487e-01 -3.0554084990e+00
34 29 11
3 0 891 1.2600 -93.7000 1 1095 -40.7000 -102.7700 2 1127 100.5000 -84.7300
5.8383431930e-03 -4.3236262487e-01 -3.0554084990e+00
34 29 11
3 0 892 1.2600 -93.7000 1 1096 -40.7000 -102.7700 2 1128 100.5000 -84.7300
-5.6449275739e-01 -4.6530352802e-01 -3.0068049906e+00
141 28 56
2 0 897 -123.9800 -102.0800 1 292 -161.9100 -91.5700
-4.9605955900e-01 -5.0532391493e-01 -3.0481640687e+00
57 153 180
3 0 903 -107.2800 -109.4500 1 1088 -144.9400 -100.3900 2 810 -10.7800 -120.2400
-5.1014015217e-01 -6.1124367378e-01 -3.0305802226e+00
178 72 110
2 0 928 -111.0100 -133.0200 1 760 -151.2400 -123.3800
1.8549155879e-01 -6.0652569533e-01 -2.9876435257e+00
62 64 28
2 0 929 40.9600 -134.1100 1 1120 -10.1800 -153.0100
-3.3970064670e-01 -6.2289700885e-01 -3.0345215109e+00
51 80 57
2 0 931 -73.9100 -135.4700 1 765 -117.6400 -132.2600
5.6102179107e-02 -6.6756486525e-01 -2.9802955204e+00
41 33 3
2 0 948 12.4700 -148.2100 1 793 -40.8000 -161.4000
5.6102179107e-02 -6.6756486525e-01 -2.9802955204e+00
41 33 3
2 0 949 12.4700 -148.2100 1 794 -40.8000 -161.4000
8.8921617043e-01 -7.4857832568e-01 -2.8928710430e+00
145 150 146
2 0 974 201.9700 -170.1400 1 1196 152.3800 -227.4500
4.9307116677e-01 -7.8955635112e-01 -2.7160055084e+00
153 169 169
2 0 1014 119.3900 -191.7700 1 887 41.7100 -234.4800
3.9419054598e-01 1.0174302148e+00 -3.5610705293e+00
196 207 201
2 0 1082 73.0400 188.5900 1 1229 99.5900 200.6200
-1.3104742062e-01 8.3615876018e-01 -3.4620535663e+00
140 134 124
2 0 1088 -24.8400 159.3600 1 922 -13.9500 172.7100
-1.3104742062e-01 8.3615876018e-01 -3.4620535663e+00
140 134 124
2 0 1089 -24.8400 159.3600 1 923 -13.9500 172.7100
1.1027823387e-01 7.6583122456e-01 -3.3777566297e+00
160 164 162
2 0 1096 21.5700 150.1200 1 933 28.2400 158.3900
6.5301691098e-01 7.4083337575e-01 -3.5616928628e+00
164 172 152
3 0 1100 121.1100 137.3600 1 941 147.5700 139.0900 2 975 153.6400 171.3800
-1.8063384339e-01 6.7791396318e-01 -3.4500922873e+00
190 200 196
2 0 1107 -34.4500 129.8900 1 1239 -27.4700 141.1600
2.0967946769e-01 6.4814413245e-01 -3.4414988154e+00
157 173 187
2 0 1109 40.3400 124.8200 1 569 49.1300 129.9000
2.4339822033e-01 6.2465586567e-01 -3.4230193911e+00
187 216 227
3 0 1114 46.9100 120.8600 1 945 54.8700 125.2700 2 988 94.8400 150.4700
2.9282887032e-01 5.2423182956e-01 -3.3426851290e+00
46 68 33
3 0 1126 57.7500 103.9500 1 954 59.6800 104.9100 2 999 113.3700 132.6400
7.3034424181e-01 4.8121241435e-01 -3.5873357552e+00
108 108 95
3 0 1134 134.5300 88.7300 1 1463 158.1300 83.4600 2 576 168.4500 120.2900
4.5435045293e-01 4.4197697826e-01 -3.4888702473e+00
117 16 10
2 0 1136 86.2700 83.9400 1 1268 96.9800 81.4300
-4.8546591986e-01 1.3960267785e-01 -3.0864131410e+00
166 199 201
2 0 1162 -104.0600 29.6400 1 1286 -127.3600 38.9000
-5.1533845853e-01 6.2816151786e-02 -3.0691857280e+00
102 184 198
2 0 1173 -111.1200 13.4500 1 995 -136.3900 22.6200
-6.8573988875e-01 5.3675419043e-02 -2.9739879910e+00
197 130 150
3 0 1174 -152.2500 11.8500 1 993 -180.4600 24.5900 2 1079 -67.0100 12.9400
-4.1373032168e-01 4.0528167539e-02 -3.1215736147e+00
131 201 204
2 0 1177 -87.7400 8.6100 1 1299 -111.6100 15.5400
-5.0954343883e-01 3.8740958760e-02 -3.0689241745e+00
116 188 196
2 0 1179 -109.8600 8.1900 1 998 -135.7400 17.3100
-9.0157928113e-02 2.1340262985e-02 -3.2243746168e+00
200 200 183
2 0 1181 -18.4900 4.5500 1 1004 -38.4800 4.0900
-5.2119869591e-01 1.5392922230e-02 -3.0549929110e+00
126 191 195
2 0 1182 -112.9200 3.2900 1 1302 -139.8900 12.2900
1.7738457050e-01 -9.6420112518e-02 -3.1345848614e+00
255 44 41
2 0 1193 37.4300 -20.1300 1 1322 9.4700 -30.8000
1.3307607607e-01 -1.0523367730e-01 -3.1164218532e+00
250 46 39
3 0 1194 28.3300 -22.2300 1 1024 -1.6000 -31.6000 2 684 115.0400 -4.8700
1.3307607607e-01 -1.0523367730e-01 -3.1164218532e+00
250 46 39
3 0 1195 28.3300 -22.2300 1 1025 -1.6000 -31.6000 2 685 115.0400 -4.8700
-5.7502448928e-01 -1.0744837820e-01 -3.0232031919e+00
208 75 117
3 0 1196 -125.7500 -23.2200 1 1015 -156.0400 -13.1400 2 711 -37.6100 -25.3200
1.8282466697e-02 -1.2112023605e-01 -3.0679024399e+00
213 214 213
2 0 1199 3.9000 -26.1800 1 1028 -30.2500 -32.8500
1.8282466697e-02 -1.2112023605e-01 -3.0679024399e+00
213 214 213
2 0 1200 3.9000 -26.1800 1 1029 -30.2500 -32.8500
-5.7145253182e-01 -1.3321460235e-01 -3.0245732811e+00
216 75 125
3 0 1202 -124.8600 -29.4100 1 1020 -155.7300 -19.0900 2 720 -36.2800 -30.9700
-4.5049475620e-01 -1.5331390033e-01 -3.0120305341e+00
56 68 54
3 0 1205 -98.9700 -33.7900 1 1022 -133.5900 -27.3300 2 1105 -5.5000 -32.7700
9.8955026776e-02 -1.7195863542e-01 -3.1011482030e+00
218 223 216
3 0 1209 21.0200 -36.6500 1 1334 -11.5300 -46.6800 2 703 110.6600 -20.3700
-1.9432912859e-03 -1.7154448423e-01 -3.0611648337e+00
30 25 25
3 0 1210 -0.3100 -37.1300 1 1039 -36.3400 -43.9200 2 1095 93.1900 -23.9400
-2.9303794256e-02 -1.7545150106e-01 -3.0472297330e+00
39 34 36
3 0 1212 -6.4200 -38.3000 1 1037 -43.3200 -44.2800 2 712 88.7500 -25.7000
5.8726423322e-02 -1.7948215422e-01 -3.0808463076e+00
210 212 208
2 0 1213 12.5600 -38.4700 1 1335 -21.8300 -47.1200
1.5742953619e-01 -1.8829048975e-01 -3.1233876140e+00
37 31 34
2 0 1214 33.4200 -39.9700 1 1047 2.2400 -50.8600
1.5742953619e-01 -1.8829048975e-01 -3.1233876140e+00
37 31 34
2 0 1215 33.4200 -39.9700 1 1048 2.2400 -50.8600
1.6961662339e-01 -2.0769559484e-01 -3.1280513513e+00
217 223 222
3 0 1217 36.0200 -43.8200 1 1049 4.7100 -55.5100 2 716 123.2000 -27.0000
1.3750515985e-01 -2.0367630586e-01 -3.1140217977e+00
215 219 215
2 0 1219 29.3900 -43.7200 1 1336 -3.1100 -53.6100
1.7262067984e-01 -2.2740781021e-01 -3.1291565448e+00
30 30 22
2 0 1223 36.5300 -48.0100 1 1057 5.0300 -60.0900
1.7212475187e-01 -2.2729982636e-01 -3.1324462805e+00
30 30 22
3 0 1224 36.5300 -48.0100 1 1058 5.0300 -60.0900 2 1102 123.5400 -30.9200
9.4159884522e-03 -2.4016429356e-01 -3.0595537026e+00
21 20 18
3 0 1231 2.0000 -52.0100 1 1055 -35.4100 -59.5600 2 737 97.2400 -39.9600
9.4159884522e-03 -2.4016429356e-01 -3.0595537026e+00
21 20 18
3 0 1232 2.0000 -52.0100 1 1056 -35.4100 -59.5600 2 738 97.2400 -39.9600
3.8685136671e-02 -2.4457362112e-01 -3.0745975426e+00
20 20 17
2 0 1233 8.3100 -52.6900 1 1059 -28.0900 -61.2000
3.8685136671e-02 -2.4457362112e-01 -3.0745975426e+00
20 20 17
2 0 1234 8.3100 -52.6900 1 1060 -28.0900 -61.2000
1.4700661476e-01 -2.8510273471e-01 -3.1102601246e+00
209 211 206
2 0 1238 31.3500 -60.7800 1 1071 -3.1000 -72.6000
3.6502630763e-02 -2.8892720208e-01 -3.0683409710e+00
214 213 211
2 0 1239 7.7400 -62.0100 1 1340 -29.9400 -71.6500
7.2763120153e-02 -2.9665060354e-01 -3.0756487344e+00
212 215 209
2 0 1246 15.7200 -64.0700 1 1074 -21.8400 -73.8200
-6.0810119067e-01 -3.2481829249e-01 -3.0002114546e+00
135 189 192
3 0 1249 -133.7700 -71.3300 1 1054 -168.7900 -59.8100 2 1125 -39.3100 -81.7800
-5.8963625478e-01 -3.3962713849e-01 -3.0061098294e+00
159 41 74
3 0 1250 -129.4500 -74.6800 1 692 -164.8500 -63.6000 2 1126 -34.7600 -84.2900
1.9592145733e-01 -3.8946678219e-01 -3.1264101726e+00
169 123 122
2 0 1253 41.5100 -82.3700 1 1085 6.1700 -97.0400
2.4592237074e-01 -3.9757122398e-01 -3.1541948783e+00
70 11 2
2 0 1255 51.6500 -83.3100 1 1086 18.4900 -99.4000
2.4592237074e-01 -3.9757122398e-01 -3.1541948783e+00
70 11 2
2 0 1256 51.6500 -83.3100 1 1087 18.4900 -99.4000
-5.1749317742e-01 -4.0646465891e-01 -3.0407219669e+00
55 158 191
3 0 1260 -112.2400 -88.1400 1 1076 -148.2300 -79.0900 2 793 -17.7200 -97.2100
-3.6690460705e-01 -4.4227706107e-01 -3.0341169770e+00
99 160 106
3 0 1264 -79.9200 -96.4800 1 1348 -119.8700 -92.2000 2 1132 19.2500 -100.6900
-5.0840511953e-01 -4.5554432355e-01 -3.0420305486e+00
61 155 186
3 0 1268 -110.2600 -98.5600 1 1080 -147.0600 -89.4600 2 806 -14.3900 -109.3100
7.5714494516e-01 -5.5244497048e-01 -3.2958126524e+00
131 141 135
2 0 1272 151.7700 -110.6000 1 1118 133.0400 -144.7600
-2.7605404945e-01 -5.1698615822e-01 -3.0744663412e+00
42 59 43
2 0 1273 -59.3000 -111.1600 1 1100 -99.1800 -109.9300
-2.3897101532e-01 -5.5023682358e-01 -3.0918480997e+00
27 26 17
2 0 1279 -51.0300 -117.5600 1 1103 -90.7700 -117.6300
-5.5652228744e-01 -5.9844834310e-01 -3.0142746559e+00
179 81 103
2 0 1287 -121.7400 -130.9400 1 1106 -161.7300 -119.7100
-5.3395502610e-01 -6.1638890542e-01 -3.0153855405e+00
158 32 64
2 0 1291 -116.7100 -134.9600 1 761 -157.5900 -124.1500
2.1174108724e-01 -7.0798755696e-01 -2.8867814825e+00
89 107 91
2 0 1314 48.2700 -161.9200 1 1154 -13.7300 -184.8200
2.1174108724e-01 -7.0798755696e-01 -2.8867814825e+00
89 107 91
2 0 1315 48.2700 -161.9200 1 1155 -13.7300 -184.8200
1.0800691507e+00 -7.4615059018e-01 -2.9561428339e+00
182 187 179
2 0 1317 239.5100 -165.3200 1 1418 202.8400 -230.4700
4.1699179259e-01 -7.4646506375e-01 -2.7680179894e+00
87 106 120
2 0 1336 99.2100 -178.1600 1 1410 26.6600 -214.3400
-3.7672916384e-01 -8.0846134090e-01 -2.6732583758e+00
132 128 125
2 0 1363 -93.0700 -199.8500 1 1397 -169.2600 -195.9300
-2.7964481645e-01 -8.3750036096e-01 -2.6643638221e+00
103 125 123
2 0 1373 -69.4100 -207.6900 1 1173 -149.6400 -208.6400
-2.2928460618e-02 8.7886454659e-01 -3.5032743983e+00
164 164 154
2 0 1416 -4.2400 165.9400 1 1441 10.4100 178.3300
-1.9680365818e-01 7.8978841009e-01 -3.4328083611e+00
187 188 180
2 0 1424 -37.7300 151.9000 1 1445 -29.4600 164.9200
-6.4782514739e-01 4.7334556094e-01 -3.1392328856e+00
159 166 159
2 0 1441 -136.2800 99.4900 1 951 -146.9700 113.1000
9.4613370634e-01 2.2604947261e-01 -3.7478403809e+00
86 73 51
2 0 1476 166.6400 40.6900 1 1293 197.6700 24.8600
9.4613370634e-01 2.2604947261e-01 -3.7478403809e+00
86 73 51
2 0 1477 166.6400 40.6900 1 1294 197.6700 24.8600
-1.4731830958e-01 1.7748961675e-01 -3.2942296986e+00
161 188 205
2 0 1481 -29.4800 35.6200 1 1287 -41.7600 39.2700
9.5676275449e-01 1.9286026994e-01 -3.7570913859e+00
203 206 200
2 0 1482 168.2000 34.4200 1 1489 198.9600 18.3200
9.5676275449e-01 1.9286026994e-01 -3.7570913859e+00
203 206 200
2 0 1483 168.2000 34.4200 1 1490 198.9600 18.3200
-4.7595712656e-01 1.0240652752e-01 -3.0913257984e+00
159 178 198
3 0 1492 -101.9300 21.6600 1 1291 -125.6700 30.0600 2 1070 -22.5900 30.8600
9.6235325755e-01 1.1722715154e-01 -3.7732963076e+00
196 200 189
2 0 1493 168.5100 20.9400 1 1305 198.1600 3.3500
-5.7170069480e-01 -4.7439645052e-02 -3.0313377122e+00
202 109 126
3 0 1509 -124.6000 -10.4800 1 1307 -153.5500 -0.4500 2 1086 -38.8100 -9.2700
8.1752777333e-02 -1.1263689814e-01 -3.0946509639e+00
215 217 212
2 0 1514 17.4800 -24.1200 1 1324 -14.3800 -32.2500
5.0290607852e-02 -1.4102133192e-01 -3.0826793913e+00
213 214 209
2 0 1517 10.8000 -30.3900 1 1329 -22.7000 -37.9200
-1.1088681688e-02 -1.4753298351e-01 -3.0533528607e+00
216 217 217
3 0 1518 -2.5100 -31.9600 1 1504 -38.2400 -38.1200 2 1366 91.6500 -18.9700
-3.8141175119e-01 -1.5387058126e-01 -3.0427488381e+00
74 116 88
2 0 1519 -83.0200 -33.5300 1 1321 -116.5600 -28.7200
7.5934402225e-02 -1.6520036290e-01 -3.0908867435e+00
36 33 33
2 0 1520 16.2500 -35.3900 1 1332 -17.0900 -44.0600
7.5934402225e-02 -1.6520036290e-01 -3.0908867435e+00
36 33 33
2 0 1521 16.2500 -35.3900 1 1333 -17.0900 -44.0600
3.5829006446e-02 -1.7145575165e-01 -3.0735174710e+00
32 30 30
2 0 1524 7.6500 -36.8500 1 1505 -27.1400 -44.7700
2.7794567171e-02 -2.0444425364e-01 -3.0717213001e+00
26 22 23
3 0 1527 5.9400 -44.2600 1 1506 -29.7400 -51.6400 2 1371 99.3100 -30.8500
2.7794567171e-02 -2.0444425364e-01 -3.0717213001e+00
26 22 23
3 0 1528 5.9400 -44.2600 1 1507 -29.7400 -51.6400 2 1372 99.3100 -30.8500
1.2260390028e-01 -2.2308212037e-01 -3.1055279269e+00
35 31 28
3 0 1531 26.1100 -47.5600 1 1510 -7.2400 -57.9700 2 1375 116.2100 -32.1100
6.7823503499e-02 -2.3354145656e-01 -3.0824849531e+00
37 31 34
3 0 1533 14.5900 -50.2200 1 1339 -20.9900 -59.3200 2 1376 107.2400 -36.2800
-1.5805440372e-02 -2.5446144637e-01 -3.0502331592e+00
34 30 30
3 0 1534 -3.4300 -55.3700 1 1512 -41.9300 -62.5700 2 1377 92.9000 -43.8200
-5.1592005984e-01 -3.2785685737e-01 -3.0457893995e+00
117 175 167
3 0 1539 -111.8500 -71.0400 1 1511 -146.0400 -62.6400 2 1386 -19.5300 -77.1600
-3.6490313002e-01 -3.8720020860e-01 -3.0407805311e+00
46 38 37
3 0 1545 -79.3300 -84.1800 1 1520 -117.7600 -79.7500 2 1389 18.0800 -87.4400
-3.5463031988e-01 -4.1162925772e-01 -3.0414035805e+00
101 162 105
2 0 1548 -77.1000 -89.5400 1 1347 -116.1300 -85.8500
1.4425358948e-01 -6.7964856203e-01 -2.9476639158e+00
99 111 99
2 0 1579 32.4800 -152.9300 1 1375 -24.1100 -169.9200
2.9508996216e-01 -6.8827146502e-01 -2.9014961455e+00
43 57 57
2 0 1583 67.1200 -156.8700 1 1544 7.1400 -182.7300
1.1945674374e-01 -7.1915119031e-01 -2.8497671686e+00
59 64 66
2 0 1593 27.5800 -166.9200 1 1545 -38.1800 -185.6600
7.5210173264e-01 -7.3767647185e-01 -2.9017783011e+00
147 150 142
2 0 1595 170.2900 -166.8000 1 1679 117.6800 -217.5200
7.0497111838e-01 -7.5969814374e-01 -2.8622655727e+00
144 147 137
2 0 1603 162.0400 -174.7900 1 1568 103.6800 -223.7100
2.6389879144e-01 9.4534583928e-01 -3.4605489766e+00
221 234 235
2 0 1653 50.3400 180.4900 1 1585 67.7300 191.5700
1.6584728292e-01 8.8360691182e-01 -3.4045140260e+00
164 169 167
2 0 1655 32.1400 171.7200 1 1440 43.6600 181.8500
-1.0128662992e-01 8.5232588380e-01 -3.4634105648e+00
175 178 171
2 0 1658 -19.0900 162.0100 1 1588 -7.8000 176.0300
1.7421069698e-01 8.3629463236e-01 -3.4007446614e+00
213 227 227
2 0 1660 33.8800 162.4600 1 1589 44.1300 172.0900
-2.6973848760e-01 7.5189559990e-01 -3.4092979072e+00
140 139 132
2 0 1663 -52.1700 145.8300 1 1592 -45.8200 158.5500
-6.8349534605e-01 7.0362046521e-01 -3.2353150578e+00
174 173 168
2 0 1664 -139.1300 142.8400 1 1448 -139.6100 159.6800
-2.7357671376e-01 7.0899925007e-01 -3.4024269989e+00
187 191 184
3 0 1667 -53.3300 137.8800 1 1594 -47.7100 149.3000 2 1454 -8.7900 166.5400
-2.1319629974e-02 2.5641568546e-01 -3.3705828810e+00
237 110 160
2 0 1689 -4.0500 50.4700 1 1610 -9.9300 52.8400
-5.1786650286e-01 8.4649275405e-02 -3.0697013727e+00
109 186 196
2 0 1696 -111.6900 18.3100 1 1482 -136.4000 27.2800
-4.5497241287e-01 3.5130423689e-02 -3.0992646627e+00
155 178 190
2 0 1701 -97.1900 7.5500 1 1492 -121.9900 15.1900
-5.9844391491e-01 -1.0970630739e-02 -3.0104377562e+00
216 98 138
2 0 1703 -131.6100 -2.1800 1 1630 -160.2600 7.8000
-3.4803535806e-01 -7.0440897183e-03 -3.0774386630e+00
89 100 87
2 0 1704 -74.9100 -1.6300 1 1495 -103.6600 3.2500
-6.2221570640e-01 -5.9057660045e-02 -3.0005260965e+00
115 179 189
3 0 1707 -137.0300 -12.9400 1 1497 -166.9700 -1.8100 2 1523 -49.3500 -14.3200
-6.2221570640e-01 -5.9057660045e-02 -3.0005260965e+00
115 179 189
3 0 1708 -137.0300 -12.9400 1 1498 -166.9700 -1.8100 2 1524 -49.3500 -14.3200
-3.3945611534e-01 -7.5707467055e-02 -3.0747358838e+00
90 99 85
3 0 1709 -73.3500 -16.5600 1 1501 -103.4000 -12.2400 2 1361 14.6700 -9.6100
1.4737959068e-01 -8.1839039156e-02 -3.1223966272e+00
122 14 9
3 0 1710 31.2800 -17.4300 1 1638 2.4300 -26.9300 2 1519 116.9000 1.3300
-5.4518316970e-02 -1.6299556259e-01 -3.0391427161e+00
209 209 207
3 0 1715 -11.8700 -35.7600 1 1640 -49.1500 -40.7000 2 1529 83.7600 -23.6500
-1.7706706203e-03 -2.0357602161e-01 -3.0594308048e+00
211 214 210
3 0 1719 -0.3900 -44.5000 1 1641 -37.1400 -51.7300 2 1370 93.9500 -30.5900
-3.0434295906e-02 -3.3654621314e-01 -3.0465842702e+00
214 186 42
3 0 1729 -6.5600 -73.3600 1 1521 -47.1900 -80.9100 2 1384 91.5900 -63.2500
1.7343688907e-01 -7.1512823837e-01 -2.8503446660e+00
180 136 67
2 0 1752 40.0300 -165.8100 1 1675 -25.5400 -187.4100
-3.1197481199e-01 7.2883145941e-01 -3.3833977229e+00
187 192 186
2 0 1790 -60.7300 141.9600 1 1693 -56.3100 155.6400
-3.1197481199e-01 7.2883145941e-01 -3.3833977229e+00
187 192 186
2 0 1791 -60.7300 141.9600 1 1694 -56.3100 155.6400
-6.4677762010e-01 1.1475208873e-01 -2.9818956560e+00
178 158 168
2 0 1823 -143.6000 25.7000 1 1623 -170.6900 36.5000
-5.4652944821e-01 5.1755185556e-02 -3.0505201485e+00
217 98 141
3 0 1828 -118.5500 11.5900 1 1627 -144.6200 21.3500 2 1628 -35.8900 15.4700
-5.4652944821e-01 5.1755185556e-02 -3.0505201485e+00
217 98 141
3 0 1829 -118.5500 11.5900 1 1628 -144.6200 21.3500 2 1629 -35.8900 15.4700
-3.3214986852e-01 -4.1165637630e-02 -3.0879309696e+00
93 105 97
2 0 1831 -71.2400 -8.9100 1 1633 -100.1300 -4.5600
-4.6172149782e-01 -6.6794999646e-02 -3.0141319980e+00
95 108 90
2 0 1832 -101.5200 -14.5500 1 1634 -133.9200 -7.9400
-3.8848036544e-01 -2.1738816270e-01 -3.0356656505e+00
61 58 53
2 0 1838 -84.7500 -47.3800 1 1731 -119.8700 -42.6800
-3.0180170498e-01 -5.6823211706e-01 -3.0606866965e+00
41 45 38
3 0 1845 -65.0400 -122.5900 1 1654 -106.6100 -120.6700 2 1645 34.7900 -127.1600
-3.5116557259e-01 -5.9151976887e-01 -3.0304848843e+00
99 158 93
2 0 1847 -76.5000 -128.9400 1 1655 -119.7800 -125.2200
-3.0271866724e-01 -6.0999644571e-01 -3.0526348658e+00
74 154 106
2 0 1849 -65.4600 -131.9500 1 1657 -108.2800 -129.9300
1.5278901659e-01 -6.0590734767e-01 -2.9621532051e+00
232 233 78
2 0 1852 34.0400 -135.2800 1 1747 -19.3300 -153.0000
2.8267911512e-01 8.4370275729e-01 -3.6070713623e+00
204 218 219
2 0 1878 52.0000 154.1100 1 1762 74.5000 164.4900
-1.6551931499e-01 7.8179032071e-01 -3.4599583662e+00
174 174 166
2 0 1880 -31.5300 149.6200 1 1690 -21.7800 161.5400
-1.6551931499e-01 7.8179032071e-01 -3.4599583662e+00
174 174 166
2 0 1881 -31.5300 149.6200 1 1691 -21.7800 161.5400
-4.1785438905e-01 6.0243370770e-01 -3.3219899774e+00
183 180 173
2 0 1887 -83.0400 119.9200 1 1697 -83.7300 132.2900
-1.5735104701e-01 4.9913298731e-01 -3.4690840962e+00
229 240 238
2 0 1889 -29.8900 95.5800 1 1768 -25.3200 103.6500
-5.7456032543e-01 3.9347048058e-01 -3.1484765000e+00
229 233 237
2 0 1891 -120.7300 83.0500 1 1703 -133.4700 94.1700
-3.1394349065e-03 -2.6597416628e-02 -3.0680888400e+00
194 126 80
2 0 1911 -0.6900 -5.9500 1 1780 -32.8000 -10.5600
-1.9288561407e-02 -7.9391380376e-02 -3.0620841641e+00
216 221 216
2 0 1915 -4.2600 -17.1300 1 1729 -37.8700 -22.4500
-5.0171389553e-02 -8.3241798370e-02 -3.0234686343e+00
213 213 208
2 0 1917 -11.1100 -18.2500 1 1728 -47.6700 -23.1400
-4.1023077998e-01 -9.4728004505e-02 -3.0245561020e+00
78 91 73
3 0 1918 -89.5500 -20.8000 1 1727 -123.2300 -14.8500 2 1686 1.9400 -17.2800
1.1270463608e-01 -2.7083605506e-01 -3.0887537528e+00
218 217 213
2 0 1927 24.2000 -58.1800 1 1736 -11.6600 -68.9900
-3.0326991427e-01 -3.7095814069e-01 -3.0772772782e+00
111 168 110
3 0 1930 -65.1900 -79.6300 1 1738 -101.5900 -77.2600 2 1693 29.1000 -80.0000
4.4439703359e-01 -6.1584707253e-01 -3.0151518818e+00
242 253 117
3 0 1936 97.8400 -134.8000 1 1796 50.1400 -164.4900 2 1738 197.8700 -113.1300
-8.6324753523e-02 -8.5147567595e-01 -2.6292870191e+00
15 23 19
2 0 1941 -21.9300 -214.1000 1 1757 -110.0600 -225.7800
-1.0699281546e-01 7.9893994197e-01 -3.4838574196e+00
147 143 136
2 0 1949 -20.1700 151.6600 1 1761 -8.7000 163.7200
-2.1484307166e-01 6.5834036604e-01 -3.4200287075e+00
187 191 182
2 0 1954 -41.3900 127.2800 1 1805 -36.4300 138.4700
-2.1203244740e-01 6.5899272025e-01 -3.4085083729e+00
187 191 182
3 0 1955 -41.3900 127.2800 1 1806 -36.4300 138.4700 2 1707 4.7600 156.0700
3.4114585031e-01 7.8418337583e-01 -3.6069185239e+00
39 35 26
2 0 1993 62.5900 143.9100 1 1801 85.0000 151.1200
-1.2907015531e-01 6.9775908001e-01 -3.4613830537e+00
180 184 180
2 0 1995 -24.5400 133.4800 1 1803 -16.3800 144.0300
-6.4561572093e-01 4.1075061920e-01 -3.1578644543e+00
71 48 36
2 0 1999 -134.9800 85.6800 1 1769 -145.8000 99.4900
-3.3377378060e-01 -2.1460567018e-01 -3.0674401988e+00
98 182 125
2 0 2016 -72.0000 -46.4700 1 1825 -105.7500 -42.7500
-3.4743453577e-01 -3.1033307338e-01 -3.0479599866e+00
43 42 39
3 0 2017 -75.3400 -68.0300 1 1826 -112.2900 -64.0800 2 1769 19.7400 -66.7600
-3.4719842979e-01 -3.1210522924e-01 -3.0469096349e+00
43 42 39
2 0 2018 -75.3400 -68.0300 1 1827 -112.2900 -64.0800
-3.3818786700e-01 -5.1895576923e-01 -3.0508085628e+00
95 168 112
2 0 2019 -73.2500 -112.3500 1 1832 -113.8700 -109.2500
-3.3672203876e-01 -5.1729346911e-01 -3.0465513709e+00
95 168 112
3 0 2020 -73.2500 -112.3500 1 1831 -113.8700 -109.2500 2 1776 26.9400 -116.7600
-4.8314346916e-01 -6.0266568494e-01 -3.0493504078e+00
65 151 172
2 0 2022 -104.5900 -130.1000 1 1788 -143.8500 -121.9400
2.6507518920e-02 -6.0761733099e-01 -2.9835405268e+00
232 235 82
2 0 2024 5.6900 -134.2900 1 1836 -45.5900 -147.0300
-1.2044572030e-01 5.8390274649e-01 -3.4378890558e+00
105 96 79
2 0 2030 -22.9700 112.1500 1 1843 -18.5500 121.6600
-5.1595976162e-01 -6.0107249175e-02 -3.0268197387e+00
18 17 18
3 0 2039 -113.6700 -12.2500 1 1854 -142.7500 -5.7500 2 1816 -24.2600 -11.0400
5.5462306043e-02 -3.6478683385e-01 -3.0671310148e+00
18 16 16
3 0 2050 10.7300 -79.3600 1 1884 -27.0600 -89.4400 2 1802 109.0400 -66.2200
-3.5450821211e-01 -1.6619452425e-01 -3.0753452630e+00
113 187 126
3 0 2068 -76.2700 -36.1800 1 1880 -108.3600 -32.7900 2 1818 12.7800 -30.7000
-5.1329563728e-01 4.5714325147e-01 -3.1754363436e+00
230 236 236
2 0 2077 -106.8600 95.1700 1 1891 -117.9000 106.7600
-6.5905507755e-01 2.3371765052e-01 -2.9952851570e+00
189 209 166
2 0 2078 -145.4200 50.9700 1 1893 -169.5100 63.9400
4.0864987035e-01 8.8021253624e-01 -3.5122351898e+00
144 150 136
2 0 38 76.8400 165.8000 2 537 113.0400 199.3900
3.8595850776e-01 8.7966203605e-01 -3.5390918947e+00
139 141 129
2 0 40 72.0500 164.3200 2 539 106.6000 197.9700
9.8363244406e-01 7.7782327276e-01 -3.7355927811e+00
26 22 32
2 0 65 173.4700 137.4300 2 47 189.9100 172.0100
2.5930485042e-01 6.6904118054e-01 -3.4321087897e+00
58 89 83
2 0 74 50.0100 129.2200 2 54 96.1700 159.5200
-3.0706302283e-01 6.5162769722e-01 -3.3800187788e+00
143 141 136
2 0 80 -59.9300 127.3900 2 59 -13.4700 154.0700
6.7461029725e-01 6.8373471894e-01 -3.5771624902e+00
164 177 161
2 0 84 124.5600 126.5900 2 554 156.8200 159.1100
3.7569530743e-01 5.4003031997e-01 -3.3024265484e+00
106 153 81
2 0 109 75.2400 108.3800 2 78 132.6900 138.4600
-9.5217608908e-02 5.2961215749e-01 -3.4594374368e+00
124 108 99
2 0 118 -18.0500 101.7500 2 85 27.6400 126.1700
2.7273620433e-01 5.1320678819e-01 -3.3627322781e+00
52 76 37
2 0 119 53.7000 101.0800 2 83 107.7100 129.8600
-7.9986544107e-01 3.6723005655e-01 -3.1375672546e+00
93 73 66
2 0 131 -168.1100 77.2100 2 592 -110.2500 89.2500
-5.3480736859e-01 1.2182827204e-01 -3.0637170778e+00
161 170 186
2 0 173 -115.5500 25.8000 2 632 -35.5200 34.4200
1.4621593924e-01 -3.8356303410e-01 -3.1145806155e+00
22 19 18
2 0 363 31.1000 -81.4100 2 322 122.9800 -67.3900
1.3936599810e-01 -3.9806197332e-01 -3.1073128801e+00
179 138 138
2 0 370 29.6800 -84.9000 2 763 122.5900 -70.8700
1.0668106504e+00 -4.1404826265e-01 -3.1022479747e+00
23 80 17
2 0 386 226.2800 -87.5600 2 302 296.4100 -48.4600
7.8493967774e-01 -4.7399351368e-01 -3.2733732439e+00
92 144 75
2 0 415 158.2700 -95.2600 2 319 226.3000 -64.2700
-5.8955278211e-01 -8.0872104019e-01 -3.0974159097e+00
73 68 73
2 0 566 -125.0200 -171.5500 2 898 -29.0500 -193.6300
3.2534468500e-01 8.5804236604e-01 -3.5933963051e+00
135 138 125
2 0 672 59.8900 157.8400 2 540 91.5000 190.8800
2.6565653705e-01 6.5222088999e-01 -3.4233622698e+00
222 243 253
2 0 689 51.3600 125.9800 2 555 98.4300 156.7400
-6.8399427174e-02 6.4406126967e-01 -3.3998075669e+00
113 109 104
2 0 690 -13.2200 125.4000 2 986 35.0200 153.4100
2.5485675461e-01 6.0884393091e-01 -3.4169450138e+00
96 137 81
2 0 697 49.3800 117.7500 2 560 97.7200 147.9900
-3.3380167636e-02 6.0317426710e-01 -3.4111584852e+00
145 129 121
2 0 699 -6.3800 117.0600 2 563 42.0400 144.4800
-3.3380167636e-02 6.0317426710e-01 -3.4111584852e+00
145 129 121
2 0 700 -6.3800 117.0600 2 564 42.0400 144.4800
7.7522162172e-01 5.0581203347e-01 -3.5580673457e+00
222 234 234
2 0 719 143.9300 94.3200 2 571 178.3900 126.4200
7.7006768301e-01 4.4810963208e-01 -3.5569000838e+00
215 233 232
2 0 725 143.0600 83.6000 2 580 178.5400 115.4700
-5.2689541838e-02 8.7211472695e-02 -3.2487280919e+00
108 173 131
2 0 771 -10.6800 17.9700 2 1066 60.5900 34.7800
1.0341955311e-01 -2.1757082909e-01 -3.0994140075e+00
217 216 212
2 0 829 22.1000 -46.3600 2 255 112.6900 -31.3800
1.6966305240e-02 -2.7167411672e-01 -3.0618977783e+00
13 14 10
2 0 853 3.6200 -58.9000 2 298 99.2000 -46.7700
-5.3384174895e-01 -3.0982919461e-01 -3.0357532953e+00
202 71 111
2 0 866 -116.1700 -67.2500 2 765 -23.5500 -74.1000
2.1168636534e-01 -3.9258796170e-01 -3.1600592786e+00
178 131 129
2 0 882 44.4500 -81.6000 2 1122 131.6300 -66.6400
4.6133175056e-01 -5.3109847687e-01 -3.1256439964e+00
106 151 78
2 0 905 97.5500 -112.2200 2 1130 186.4300 -89.7300
-2.5230399779e-01 -5.7021722175e-01 -3.0882606895e+00
113 137 121
2 0 917 -53.9200 -121.9900 2 814 43.7700 -124.4000
-2.3743275241e-01 -7.4182845642e-01 -2.8600930327e+00
45 86 68
2 0 976 -54.9500 -171.6200 2 872 71.2000 -178.6600
-6.4598004241e-01 4.7467156559e-01 -3.1645712263e+00
159 168 160
2 0 1128 -134.7700 98.8200 2 1293 -75.7700 117.7000
1.8233719009e-01 -1.2291692390e-01 -3.1351441653e+00
248 47 38
2 0 1198 38.5600 -25.5600 2 688 123.5600 -7.7000
9.8624437560e-02 -1.7048722923e-01 -3.1009542319e+00
218 223 216
2 0 1208 21.0200 -36.6500 2 702 110.6600 -20.3700
8.0437762393e-01 -6.0665304008e-01 -3.1802548545e+00
144 146 136
2 0 1286 166.7100 -125.5500 2 789 243.1800 -93.1600
5.1275864335e-02 9.0589114978e-01 -3.5181619954e+00
145 144 138
2 0 1415 9.7200 170.9500 2 1253 45.3400 202.7900
-7.6799591429e-01 4.7605078434e-01 -3.1382341949e+00
152 140 146
2 0 1440 -161.3900 99.9500 2 1470 -104.9000 117.1800
2.7256129449e-01 4.8122241849e-01 -3.3906071626e+00
48 62 25
2 0 1443 53.2700 94.5600 2 1290 105.7100 121.7400
-5.5107244219e-02 3.5077175258e-01 -3.3448563484e+00
208 232 192
2 0 1456 -10.8100 69.7800 2 1026 47.4000 91.4800
-5.5558531842e-01 -1.2287741914e-01 -3.0359916238e+00
198 104 122
2 0 1516 -121.0400 -26.9300 2 1099 -33.2400 -27.8500
3.5830247194e-02 -1.7035273638e-01 -3.0788225976e+00
32 30 30
2 0 1525 7.6500 -36.8500 2 1368 99.6200 -22.3200
1.2238684721e-01 -2.2347922092e-01 -3.1046439539e+00
35 31 28
2 0 1530 26.1100 -47.5600 2 1374 116.2100 -32.1100
-2.7192261904e-01 -3.8865802539e-01 -3.0859484742e+00
29 21 17
2 0 1544 -58.2800 -83.4500 2 1388 35.8300 -82.4400
-3.2900482660e-02 -1.2192067462e-01 -3.0461647084e+00
198 199 197
2 0 1711 -7.2500 -26.7400 2 1522 87.0400 -13.1600
-4.3935526557e-01 -1.8010010569e-01 -3.0208869261e+00
79 98 79
2 0 1716 -96.2500 -39.2800 2 1538 -2.7700 -39.3200
1.6934280626e-01 -8.9309077869e-01 -2.6373773384e+00
143 153 144
2 0 1781 41.9600 -223.7800 2 1587 196.1700 -214.5200
-4.3205769220e-01 -3.6359900661e-02 -3.0254167577e+00
82 89 82
2 0 1830 -94.6000 -8.0300 2 1631 -4.6000 -3.0500
5.2461621894e-01 -6.7400115130e-01 -2.9366796131e+00
9 13 9
2 0 1858 117.8300 -151.3300 2 1695 225.0900 -126.9200
-4.2254304955e-01 -1.4149846308e-01 -3.0230881076e+00
89 143 105
2 0 1967 -92.6200 -31.5800 2 1687 0.2300 -28.5200
-5.2556177347e-01 2.5509853099e-01 -3.0786675373e+00
79 176 218
2 0 2005 -113.0100 54.0100 2 1760 -37.2300 67.9800
4.1857793317e-01 -5.6622806773e-01 -3.0916580281e+00
19 19 15
2 0 2021 89.6200 -119.9800 2 1774 182.8400 -100.9200
-5.8126118677e-01 3.7031159232e-01 -3.1282475146e+00
230 230 235
2 1 94 -137.3400 90.0900 2 1476 -56.0300 94.0500
9.0156415177e-01 -5.9001624603e-01 -3.1512731798e+00
71 96 33
2 1 407 163.6300 -168.5800 2 351 263.6800 -88.0400
-6.1931457958e-01 1.2587832455e-02 -3.0042576986e+00
100 176 182
2 1 1000 -164.6600 14.0100 2 1081 -50.5100 4.2500
-6.1931457958e-01 1.2587832455e-02 -3.0042576986e+00
100 176 182
2 1 1001 -164.6600 14.0100 2 1082 -50.5100 4.2500
1.8082801578e-01 4.8974254494e-02 -3.1937264641e+00
34 36 20
2 1 1005 17.0600 3.2900 2 1345 114.2700 30.6800
-3.4770833288e-01 -4.7976620797e-01 -3.0443141988e+00
41 60 42
2 1 1089 -115.7200 -100.7900 2 1141 23.7000 -108.4400
-6.3310491321e-01 -1.1932099878e-02 -2.9964523722e+00
101 176 185
2 1 1494 -168.6900 8.4400 2 1520 -53.0500 -2.0700
6.0450797892e-02 -2.0147794448e-01 -3.0786516740e+00
106 107 102
2 1 1642 -22.0500 -51.1700 2 1531 105.6400 -29.9700
