# Bundle file v0.3
3 118
0 0 0
0 0 0
0 0 0
0 0 0
0 0 0
6.6283632552e+02 -6.4363064149e-04 -1.3387792599e-04
9.9999268130e-01 -1.3895115517e-03 -3.5646326853e-03
1.4036351269e-03 9.9999116336e-01 3.9627030956e-03
3.5590949641e-03 -3.9676775374e-03 9.9998579509e-01
-4.5065691617e-03 5.2089348814e-03 -2.6561075991e-03
6.6242221401e+02 7.0546784428e-04 2.0242480285e-04
9.3849889656e-01 3.0753866024e-02 -3.4390990226e-01
1.9262296484e-01 7.7999610159e-01 5.9540110423e-01
2.8655926885e-01 -6.2502822434e-01 7.2610157982e-01
-4.5701931276e-01 8.5564211192e-01 -2.2183976043e-01
-2.6116331724e-01 1.9953661219e-02 -1.1717835065e+00
209 126 141
2 1 139 -147.5500 11.3200 2 121 -170.4000 70.4100
2.9911110762e-02 -1.5358872350e-01 -1.2223723927e+00
95 6 3
2 1 305 16.2300 -82.9300 2 596 -8.7600 9.1000
2.9911110762e-02 -1.5358872350e-01 -1.2223723927e+00
95 6 3
2 1 306 16.2300 -82.9300 2 595 -8.7600 9.1000
1.1326072273e-02 -1.5699813703e-01 -1.2175871392e+00
63 9 4
2 1 313 6.2500 -85.0800 2 598 -21.4700 6.8400
-6.5439078506e-02 -1.5622183354e-01 -1.1960761142e+00
19 18 20
2 1 315 -36.2300 -86.2100 2 599 -73.2700 5.9300
-6.5439078506e-02 -1.5622183354e-01 -1.1960761142e+00
19 18 20
2 1 316 -36.2300 -86.2100 2 600 -73.2700 5.9300
-8.7599574496e-03 -1.5866891088e-01 -1.2133602092e+00
54 15 11
2 1 317 -4.7600 -86.3200 2 602 -34.7800 5.1100
9.9973762596e-04 -1.5894337377e-01 -1.2153392061e+00
108 16 10
2 1 318 0.5400 -86.3400 2 601 -28.3300 5.4500
-5.7544171629e-02 -1.6075170401e-01 -1.1998698646e+00
26 31 32
2 1 322 -31.7300 -88.4300 2 230 -67.8300 3.1300
-6.4878635253e-02 -1.6816062399e-01 -1.2005779820e+00
37 34 35
2 1 335 -35.7500 -92.4700 2 240 -72.4800 -1.8700
-6.4878635253e-02 -1.6816062399e-01 -1.2005779820e+00
37 34 35
2 1 336 -35.7500 -92.4700 2 241 -72.4800 -1.8700
9.7083899403e-03 -1.9550070343e-01 -1.2283218820e+00
26 17 25
2 1 359 5.3000 -105.1500 2 898 -21.0900 -17.6300
9.7083899403e-03 -1.9550070343e-01 -1.2283218820e+00
26 17 25
2 1 360 5.3000 -105.1500 2 899 -21.0900 -17.6300
-1.9517091353e-02 -1.9501986727e-01 -1.2199190694e+00
217 216 214
2 1 361 -10.5400 -105.6100 2 614 -41.2800 -17.7500
3.0430597207e-02 -1.9742631000e-01 -1.2351677096e+00
177 182 177
2 1 362 16.3800 -105.6100 2 617 -6.5300 -18.7300
3.0430597207e-02 -1.9742631000e-01 -1.2351677096e+00
177 182 177
2 1 363 16.3800 -105.6100 2 618 -6.5300 -18.7300
-3.4612713065e-02 -1.9673642449e-01 -1.2166666849e+00
210 211 210
2 1 368 -18.7500 -106.8100 2 619 -51.5100 -19.2900
-2.4769014850e-01 -2.0576196542e-01 -1.2406787770e+00
85 30 22
2 1 371 -131.8400 -109.6600 2 330 -167.4700 -56.8000
-8.1476494422e-03 -2.0338799010e-01 -1.2254957645e+00
210 211 211
2 1 373 -4.3600 -109.6700 2 624 -33.1700 -22.9600
-1.8052742834e-02 -2.0512976828e-01 -1.2236244818e+00
213 216 211
2 1 380 -9.6400 -110.7400 2 921 -39.9300 -24.4300
3.4785348639e-02 -2.5417765984e-01 -1.2531518060e+00
177 141 137
2 1 405 18.5700 -134.1100 2 941 -0.8600 -56.4500
1.1394278227e-02 -2.5728746654e-01 -1.2472627275e+00
165 132 133
2 1 408 6.1900 -136.4100 2 652 -17.3800 -58.7600
-1.9223956680e-01 -2.5985608750e-01 -1.2448468454e+00
30 60 32
2 1 411 -101.9300 -138.0500 2 670 -141.4300 -81.5100
-1.0684018399e-02 -2.6051504719e-01 -1.2421146631e+00
168 133 127
2 1 414 -5.5100 -138.6700 2 659 -32.9300 -61.2900
-1.9039240033e-02 -2.6176976785e-01 -1.2405099790e+00
169 128 128
2 1 415 -9.9600 -139.5100 2 661 -38.7200 -62.3900
-2.7707150765e-01 -2.6494106742e-01 -1.2478922790e+00
131 34 48
2 1 418 -146.4700 -140.3500 2 363 -188.4600 -93.8100
-2.7900556443e-02 -2.6336580378e-01 -1.2387991780e+00
155 115 107
2 1 419 -14.6800 -140.5400 2 663 -44.8800 -63.7100
-1.9239787704e-01 -1.1139597422e-01 -1.2059835153e+00
65 86 77
2 1 751 -105.4300 -60.9400 2 870 -138.4800 8.3100
-2.2759982069e-01 -1.4716307595e-01 -1.2018713236e+00
55 78 57
2 1 779 -125.3600 -80.9700 2 612 -162.3100 -11.4700
-2.0858278964e-02 -1.5593676840e-01 -1.2077614910e+00
205 215 207
2 1 785 -11.4100 -85.2100 2 873 -43.4300 7.1600
-3.0332760750e-03 -1.6298084384e-01 -1.2151735428e+00
227 37 30
2 1 791 -1.5800 -88.5200 2 878 -31.0500 2.9000
2.2177505401e-02 -1.6648679973e-01 -1.2235189247e+00
25 19 16
2 1 797 11.9500 -89.8800 2 879 -13.5400 1.0800
2.7767991995e-02 -1.7088501295e-01 -1.2266014641e+00
224 225 217
2 1 799 15.0200 -92.0000 2 881 -9.5300 -1.7300
1.7471352258e-02 -1.7229792306e-01 -1.2240055155e+00
225 225 222
2 1 801 9.5000 -92.9500 2 882 -16.5800 -2.7600
3.5778874988e-03 -1.7439519400e-01 -1.2204055661e+00
224 227 222
2 1 803 1.9900 -94.3600 2 883 -26.1000 -4.2000
3.5778874988e-03 -1.7439519400e-01 -1.2204055661e+00
224 227 222
2 1 804 1.9900 -94.3600 2 884 -26.1000 -4.2000
-4.5924208028e-02 -1.8108670083e-01 -1.2093209973e+00
214 219 215
2 1 807 -25.0800 -98.8800 2 886 -59.5000 -9.6000
-5.7188721515e-02 -1.8253887827e-01 -1.2062939988e+00
214 217 208
2 1 809 -31.3800 -99.9500 2 610 -67.1700 -10.5700
2.8829848082e-02 -1.8699036060e-01 -1.2314403868e+00
217 219 214
2 1 810 15.5300 -100.3200 2 888 -8.1300 -11.9200
2.3384360358e-02 -1.9218807968e-01 -1.2314266241e+00
36 34 37
2 1 815 12.6500 -103.1000 2 893 -11.7100 -15.3700
2.3384360358e-02 -1.9218807968e-01 -1.2314266241e+00
36 34 37
2 1 816 12.6500 -103.1000 2 894 -11.7100 -15.3700
-1.1357329193e-02 -1.9303954795e-01 -1.2218460051e+00
221 224 221
2 1 821 -6.1000 -104.3700 2 895 -35.6700 -16.4300
-4.4424969681e-02 -1.9751606724e-01 -1.2144176512e+00
210 215 207
2 1 822 -24.1100 -107.4200 2 902 -58.1700 -20.0600
-4.4424969681e-02 -1.9751606724e-01 -1.2144176512e+00
210 215 207
2 1 823 -24.1100 -107.4200 2 903 -58.1700 -20.0600
-1.3897529264e-02 -1.9968033168e-01 -1.2227660576e+00
17 21 24
2 1 824 -7.4400 -107.8800 2 906 -37.3100 -20.6500
-5.6128271636e-02 -1.9962967212e-01 -1.2117047262e+00
211 211 203
2 1 826 -30.5700 -108.8200 2 908 -66.1500 -21.5800
-5.6128271636e-02 -1.9962967212e-01 -1.2117047262e+00
211 211 203
2 1 827 -30.5700 -108.8200 2 909 -66.1500 -21.5800
1.9878737945e-03 -2.0312068675e-01 -1.2281683102e+00
214 214 206
2 1 829 1.2000 -109.2500 2 912 -26.2500 -22.6300
-4.9507095826e-02 -2.0200962749e-01 -1.2146033268e+00
30 29 35
2 1 832 -26.8800 -109.8600 2 913 -61.4700 -23.1500
-4.9507095826e-02 -2.0200962749e-01 -1.2146033268e+00
30 29 35
2 1 833 -26.8800 -109.8600 2 914 -61.4700 -23.1500
-2.5862428706e-01 -2.0665631339e-01 -1.2358657680e+00
196 61 104
2 1 834 -138.2100 -110.5600 2 940 -175.0500 -56.8100
-3.7415883979e-02 -2.0392616239e-01 -1.2179930757e+00
17 15 21
2 1 835 -20.1900 -110.5800 2 918 -53.3000 -24.0100
-3.7415883979e-02 -2.0392616239e-01 -1.2179930757e+00
17 15 21
2 1 836 -20.1900 -110.5800 2 919 -53.3000 -24.0100
-3.0530214863e-02 -2.0721525247e-01 -1.2208113151e+00
212 217 213
2 1 838 -16.4400 -112.1300 2 923 -48.4600 -26.0000
-3.0530214863e-02 -2.0721525247e-01 -1.2208113151e+00
212 217 213
2 1 839 -16.4400 -112.1300 2 924 -48.4600 -26.0000
-4.1653538963e-02 -2.0898432089e-01 -1.2186383129e+00
208 209 200
2 1 842 -22.4900 -113.2800 2 926 -55.9900 -27.4900
-2.3459052297e-02 -2.1641209946e-01 -1.2254641252e+00
21 20 16
2 1 844 -12.5400 -116.6800 2 930 -43.3200 -31.9000
-2.3459052297e-02 -2.1641209946e-01 -1.2254641252e+00
21 20 16
2 1 845 -12.5400 -116.6800 2 931 -43.3200 -31.9000
2.6695910468e-02 -2.5541371729e-01 -1.2509363136e+00
153 122 119
2 1 862 14.3400 -134.9900 2 942 -6.6500 -57.2900
1.9691257472e-02 -2.5675030577e-01 -1.2492050494e+00
168 130 128
2 1 864 10.5900 -135.9100 2 944 -11.5700 -58.2100
-2.0320753041e-01 -2.7059631421e-01 -1.2443906930e+00
104 165 111
2 1 868 -107.6800 -143.7500 2 962 -149.1100 -88.5400
-2.2446870277e-01 -4.0764793163e-02 -1.2016253617e+00
155 181 182
2 1 1082 -123.4600 -22.2900 2 1098 -149.5800 38.0400
-3.0848966112e-01 -7.5191894575e-02 -1.1790021013e+00
191 118 135
2 1 1093 -173.1500 -42.1600 2 857 -203.1100 21.1200
-2.8347477881e-01 -8.9630278148e-02 -1.1922965856e+00
101 174 180
2 1 1099 -157.0900 -49.5600 2 866 -188.1200 12.5800
-2.8347477881e-01 -8.9630278148e-02 -1.1922965856e+00
101 174 180
2 1 1100 -157.0900 -49.5600 2 867 -188.1200 12.5800
-3.0475680493e-01 -9.8896662856e-02 -1.1878064853e+00
130 156 172
2 1 1105 -169.7900 -55.0700 2 871 -201.3700 7.5700
-2.6913136851e-01 -1.3251181956e-01 -1.2110405572e+00
201 59 112
2 1 1118 -146.8900 -72.3000 2 889 -179.7500 -12.4800
-2.6828944925e-01 -1.4327397978e-01 -1.2136270466e+00
203 60 113
2 1 1126 -146.1000 -78.0100 2 900 -179.7800 -18.4800
-1.9628239059e-01 -1.5636781485e-01 -1.2155304255e+00
55 102 71
2 1 1136 -106.8200 -85.0400 2 1134 -142.0500 -17.3400
-4.2045280054e-02 -1.5864618251e-01 -1.2031778922e+00
207 212 208
2 1 1144 -23.1200 -87.0300 2 874 -57.5300 4.8800
-2.5761119197e-01 -1.6501909202e-01 -1.2248181092e+00
161 168 116
2 1 1150 -138.9600 -89.0500 2 1143 -173.1300 -31.8400
-2.9922325139e-02 -1.6570485162e-01 -1.2083745232e+00
206 211 202
2 1 1151 -16.3500 -90.5200 2 1117 -49.2400 0.7600
-1.1437575702e-02 -1.7805198437e-01 -1.2176883761e+00
215 219 211
2 1 1156 -6.1900 -96.5700 2 1123 -36.1300 -6.9300
-5.1871923870e-02 -1.7734798096e-01 -1.2062314662e+00
27 30 34
2 1 1157 -28.3800 -97.0600 2 1125 -63.7400 -7.2100
-2.7816629904e-02 -1.8022273319e-01 -1.2135643010e+00
201 204 193
2 1 1159 -15.0400 -98.0300 2 1126 -47.3900 -8.5600
-2.7816629904e-02 -1.8022273319e-01 -1.2135643010e+00
201 204 193
2 1 1160 -15.0400 -98.0300 2 1127 -47.3900 -8.5600
1.1317066614e-02 -1.8234510824e-01 -1.2250358493e+00
30 26 28
2 1 1162 6.1500 -98.3200 2 1128 -20.4400 -9.1800
1.1317066614e-02 -1.8234510824e-01 -1.2250358493e+00
30 26 28
2 1 1163 6.1500 -98.3200 2 1129 -20.4400 -9.1800
3.4829610785e-02 -1.9167398044e-01 -1.2347259743e+00
44 13 14
2 1 1166 18.7600 -102.5500 2 1131 -3.7500 -14.9500
1.6276314547e-02 -1.9730700867e-01 -1.2305346094e+00
26 25 28
2 1 1173 8.8400 -105.9300 2 1135 -16.5200 -18.6400
1.6276314547e-02 -1.9730700867e-01 -1.2305346094e+00
26 25 28
2 1 1174 8.8400 -105.9300 2 1136 -16.5200 -18.6400
3.5875863550e-02 -2.0222714232e-01 -1.2381286828e+00
52 8 4
2 1 1175 19.1700 -107.9700 2 1137 -2.4500 -21.7400
3.6503040311e-02 -2.0923914666e-01 -1.2394044553e+00
50 11 6
2 1 1176 19.4000 -111.6500 2 1139 -1.8400 -25.9100
-2.8844589481e-01 -2.1279132659e-01 -1.2275596566e+00
131 189 192
2 1 1180 -155.3100 -114.6700 2 946 -194.5200 -60.3200
3.7108207837e-03 -2.1828064133e-01 -1.2333986283e+00
207 209 204
2 1 1182 2.0500 -116.9800 2 1144 -24.3500 -32.6100
-1.9257813572e-01 -2.5071737139e-01 -1.2416015995e+00
87 156 95
2 1 1201 -103.2200 -134.0200 2 1327 -140.9800 -75.0700
-1.9901218599e-01 -2.6200836772e-01 -1.2433048056e+00
95 160 103
2 1 1202 -105.6000 -139.3300 2 1163 -146.0800 -82.9200
-1.9236878536e-01 -2.7533111605e-01 -1.2472271449e+00
30 57 35
2 1 1204 -101.6300 -145.9100 2 1331 -142.5300 -91.0700
1.2939618551e-01 -4.1208561359e-02 -1.3665169715e+00
96 149 68
2 1 1374 62.9300 -19.9500 2 1290 76.5500 20.0000
-2.4712050813e-01 -4.4663997255e-02 -1.1949242505e+00
168 157 164
2 1 1375 -136.7700 -24.6200 2 1099 -163.4600 36.1100
-1.6109870052e-02 -1.5547937782e-01 -1.2096826489e+00
217 212 211
2 1 1395 -8.9300 -84.8900 2 1297 -39.9300 7.3000
-5.4599321365e-02 -1.6813743245e-01 -1.2027061428e+00
208 210 206
2 1 1398 -29.9600 -92.2600 2 1300 -65.8000 -1.4200
-3.6686154850e-02 -1.7766347799e-01 -1.2098864914e+00
25 25 24
2 1 1401 -19.9600 -96.9300 2 1306 -53.6100 -6.9000
2.5905926637e-03 -1.8738483410e-01 -1.2238082250e+00
212 214 208
2 1 1402 1.4100 -101.1600 2 1308 -26.3000 -12.4400
-4.0736255630e-02 -1.8881103757e-01 -1.2129522064e+00
24 22 23
2 1 1403 -22.1500 -102.8000 2 1310 -55.8200 -14.4200
-4.0736255630e-02 -1.8881103757e-01 -1.2129522064e+00
24 22 23
2 1 1404 -22.1500 -102.8000 2 1311 -55.8200 -14.4200
-3.8945845332e-03 -1.9538742642e-01 -1.2248548272e+00
28 28 33
2 1 1405 -2.0100 -105.3700 2 1313 -30.4200 -17.9300
-2.5522825458e-02 -2.0030085320e-01 -1.2194598533e+00
29 28 33
2 1 1406 -13.7600 -108.5000 2 1315 -45.3800 -21.1500
-2.5213918172e-01 -2.1402461829e-01 -1.2411761134e+00
107 162 163
2 1 1408 -134.0800 -113.9800 2 1323 -170.7500 -61.7600
-5.9878828811e-02 -2.0776092945e-01 -1.2129889681e+00
30 27 27
2 1 1409 -32.6400 -113.1800 2 1316 -68.5300 -26.8600
-6.1524256319e-02 -2.2417570397e-01 -1.2180718434e+00
43 16 14
2 1 1413 -33.3500 -121.6300 2 1145 -69.1800 -37.9100
-2.9392716955e-01 -5.3637549040e-02 -1.1783691080e+00
191 140 149
2 1 1518 -164.9900 -30.0200 2 1282 -193.3300 32.6500
-2.8631231676e-01 -1.1607450798e-01 -1.1984954923e+00
96 174 184
2 1 1529 -158.0100 -64.0200 2 1301 -190.6600 -2.1600
-1.7625487295e-01 -1.2623311298e-01 -1.2171785153e+00
55 75 63
2 1 1531 -96.2600 -68.7800 2 1299 -127.2800 -0.6900
-1.8949770946e-01 -1.3127539918e-01 -1.2117855062e+00
61 86 67
2 1 1532 -103.1400 -71.4100 2 1302 -137.2800 -3.0500
1.0828387709e-02 -1.4434262956e-01 -1.2138495301e+00
98 9 1
2 1 1533 5.7800 -78.5200 2 1422 -22.0900 14.7600
-2.0485390353e-01 -1.4973313206e-01 -1.2104216961e+00
76 158 112
2 1 1534 -112.0600 -81.8200 2 1432 -147.5400 -13.1700
-6.2800051930e-02 -1.5939626530e-01 -1.1977047416e+00
189 189 194
2 1 1536 -34.7600 -87.8700 2 1426 -71.4200 4.0300
-7.2402161686e-02 -1.7394640028e-01 -1.2000429604e+00
205 207 198
2 1 1537 -39.9400 -95.7200 2 1429 -77.4800 -5.5800
-2.7917217105e-02 -1.8634487759e-01 -1.2156792846e+00
164 164 161
2 1 1543 -15.0000 -101.1700 2 1431 -47.2500 -12.6300
-5.2685624679e-02 -1.8998457087e-01 -1.2097104358e+00
209 211 205
2 1 1546 -28.8000 -103.7400 2 1434 -63.9800 -15.2500
-2.7312934864e-01 -2.0735863332e-01 -1.2291955345e+00
117 162 164
2 1 1548 -146.7400 -111.5100 2 1322 -185.1900 -56.4900
-6.7900262509e-02 -2.3813328097e-01 -1.2211973322e+00
209 184 39
2 1 1554 -36.6900 -128.8900 2 1440 -73.1300 -47.5500
-5.5040094946e-02 -1.4324287998e-01 -1.1956221981e+00
217 218 212
2 1 1666 -30.5400 -79.0700 2 1527 -66.3700 14.0000
-1.0879151259e-02 -2.1352642467e-01 -1.2286463085e+00
205 207 204
2 1 1674 -5.9300 -114.9200 2 1590 -34.3900 -29.9300
-7.1687031223e-02 -1.4643481765e-01 -1.1917661305e+00
208 204 203
2 1 1744 -39.6400 -80.9800 2 1529 -77.6900 11.6800
-1.8904424080e-01 -2.8921354415e-01 -1.2549607745e+00
95 163 103
2 1 1838 -100.0500 -152.8400 2 1634 -138.8800 -100.8500
-2.1727029023e-01 -2.1039744557e-01 -1.2291135716e+00
31 31 28
2 1 1885 -117.0300 -113.3200 2 1691 -154.9300 -51.9800
