# Bundle file v0.3
3 40
6.1521504226e+02 2.0809133302e-02 1.6183086211e-03
9.9957955670e-01 1.4150462376e-02 2.5307592586e-02
-1.4263911209e-02 9.9988898526e-01 4.3078999687e-03
-2.5243824293e-02 -4.6670739946e-03 9.9967042957e-01
2.3100932994e-02 2.1034467263e-03 4.3382859721e-02
6.9515852452e+02 -1.8511676580e-02 -4.0637355696e-03
5.5034604980e-01 -2.8387614634e-01 7.8519650981e-01
3.5169452094e-01 9.3174405606e-01 9.0354733864e-02
-7.5725173451e-01 2.2642293949e-01 6.1261934597e-01
9.3928486622e-01 1.3375892220e-01 -3.1531190299e-01
0 0 0
0 0 0
0 0 0
0 0 0
0 0 0
-2.1734038511e-01 7.7264592356e-02 -1.1025700992e+00
163 150 167
2 0 102 -129.1400 45.4300 1 647 -58.4400 25.5100
-8.5129333438e-02 -2.8865158875e-02 -1.0101706508e+00
36 37 39
2 0 170 -56.1600 -19.1400 1 205 85.2100 -11.3300
-8.3959475983e-02 -4.3608467685e-02 -1.0098911750e+00
213 211 208
2 0 180 -55.5100 -28.4100 1 231 88.8200 -21.9100
-4.2948647220e-02 -4.3760398783e-02 -9.9899774170e-01
56 15 14
2 0 181 -29.3800 -28.8900 1 203 110.3800 -9.8200
-8.4404232128e-02 -6.7388886419e-02 -1.0092571479e+00
209 208 204
2 0 201 -56.1100 -43.8100 1 284 93.8200 -39.1100
-4.9564432759e-02 -7.1614285703e-02 -1.0001396211e+00
221 222 216
2 0 204 -33.9500 -46.9500 1 254 112.6900 -31.3800
-7.9366327094e-02 -8.0372868381e-02 -1.0076847626e+00
38 37 40
2 0 212 -53.0800 -52.2600 1 297 99.2000 -46.7700
-6.2117022826e-02 -8.8521615416e-02 -1.0029014436e+00
13 15 11
2 0 224 -42.1900 -57.7600 1 299 109.8700 -47.0900
-9.4617585408e-02 -1.2683465858e-01 -1.0113697340e+00
32 26 11
2 0 262 -63.1900 -81.7600 1 1128 100.5000 -84.7300
-5.2389050278e-02 -1.2738175327e-01 -9.9948333154e-01
188 145 143
2 0 267 -36.4100 -83.2300 1 763 122.5900 -70.8700
-8.6482662585e-02 -4.8163650384e-02 -1.0099467295e+00
23 23 29
2 0 688 -57.2800 -31.6400 1 712 88.7500 -25.7000
-7.3705716530e-02 -5.3503410532e-02 -1.0067032623e+00
215 218 207
2 0 696 -49.2800 -35.2900 1 238 96.5300 -25.5600
-7.9758089870e-02 -7.0595972970e-02 -1.0075641266e+00
16 16 20
2 0 709 -53.2100 -45.9100 1 737 97.2400 -39.9600
-2.1513094407e-01 -8.2296849328e-02 -1.1027521863e+00
44 154 188
2 0 712 -129.1500 -47.6400 1 793 -17.7200 -97.2100
-5.2450799768e-02 -7.5705670817e-02 -1.0009730741e+00
34 33 42
2 0 719 -35.8900 -49.6900 1 726 111.9300 -35.0200
-2.3052789256e-02 -7.8042996624e-02 -9.9368857024e-01
24 23 28
2 0 725 -16.8800 -51.4900 1 718 126.7000 -27.9700
-1.8064101196e-01 -1.1591901581e-01 -1.0740171051e+00
28 62 34
2 0 745 -111.9700 -69.7700 1 1141 23.7000 -108.4400
-2.9685818427e-02 -1.3126589344e-01 -9.9763699598e-01
163 123 123
2 0 755 -21.6200 -85.5800 1 1122 131.6300 -66.6400
1.1885180950e-01 -2.3714039373e-01 -8.7354800648e-01
99 121 44
2 0 886 86.2400 -178.4100 1 772 269.0800 -86.4700
-8.7377048783e-02 7.7748852873e-02 -1.0594412909e+00
57 181 217
2 0 1037 -54.9900 44.8900 1 613 29.2800 64.1700
-1.6042251575e-01 6.3955733484e-02 -1.0959091232e+00
138 166 181
2 0 1044 -96.3000 37.5100 1 1070 -22.5900 30.8600
-8.8161852373e-02 -9.0809884094e-03 -1.0134450255e+00
90 49 31
2 0 1064 -57.8000 -6.5700 1 1357 77.8100 2.3000
-3.1853311050e-02 -4.1235486506e-02 -9.9677243642e-01
247 39 39
2 0 1075 -22.2000 -27.3700 1 684 115.0400 -4.8700
-7.7705614378e-02 -4.9377067036e-02 -1.0083748756e+00
22 22 28
2 0 1080 -51.7100 -32.4600 1 1095 93.1900 -23.9400
-1.8314382229e-02 -5.0491097530e-02 -9.9312688377e-01
245 40 34
2 0 1082 -13.4500 -33.3500 1 688 123.5600 -7.7000
-2.0811262821e-01 -5.9093926573e-02 -1.1019977359e+00
117 175 174
2 0 1083 -125.0200 -34.5000 1 1386 -19.5300 -77.1600
-2.8120694381e-02 -7.4330034906e-02 -9.9554731711e-01
221 222 219
2 0 1102 -20.1000 -48.8800 1 716 123.2000 -27.0000
-7.9191205639e-02 -4.1689839958e-02 -1.0076655689e+00
211 216 206
2 0 1382 -52.5300 -27.2900 1 1366 91.6500 -18.9700
-7.1166134852e-02 -6.1509616984e-02 -1.0062901557e+00
25 23 25
2 0 1390 -47.6200 -40.1000 1 1371 99.3100 -30.8500
-7.1166134852e-02 -6.1509616984e-02 -1.0062901557e+00
25 23 25
2 0 1391 -47.6200 -40.1000 1 1372 99.3100 -30.8500
-8.7955826191e-02 -7.2525133397e-02 -1.0102346365e+00
25 26 27
2 0 1393 -58.4500 -47.1900 1 1377 92.9000 -43.8200
-4.4353665687e-02 -7.4925922048e-02 -9.9836918419e-01
24 23 27
2 0 1397 -30.6400 -49.1900 1 1375 116.2100 -32.1100
-9.7320719757e-02 -7.9501586827e-02 -1.0130968128e+00
200 199 196
2 0 1398 -64.2600 -51.1300 1 1382 89.0600 -52.2000
-9.7320719757e-02 -7.9501586827e-02 -1.0130968128e+00
200 199 196
2 0 1399 -64.2600 -51.1300 1 1381 89.0600 -52.2000
-9.8182220066e-02 -9.4996980109e-02 -1.0133849284e+00
208 185 45
2 0 1403 -65.1100 -61.4300 1 1384 91.5900 -63.2500
-1.8821368006e-01 5.4843903795e-02 -1.0994487560e+00
212 72 128
2 0 1523 -112.2500 33.0300 1 1629 -35.8900 15.4700
-1.8821368006e-01 5.4843903795e-02 -1.0994487560e+00
212 72 128
2 0 1524 -112.2500 33.0300 1 1628 -35.8900 15.4700
-8.3459747435e-02 -3.2232145122e-02 -1.0093483432e+00
190 191 191
2 0 1546 -55.2000 -21.4500 1 1522 87.0400 -13.1600
-9.2895937431e-02 -4.2613534564e-02 -1.0122097929e+00
206 208 202
2 0 1550 -61.2400 -28.0300 1 1529 83.7600 -23.6500
-1.8780984941e-01 1.8591969975e-02 -1.0951054133e+00
59 70 50
2 0 1870 -113.1800 10.3200 1 1816 -24.2600 -11.0400
