# Bundle file v0.3
3 37
6.6526876942e+02 -1.8058806486e-02 -2.1376111517e-03
9.9993141618e-01 -4.3063691736e-04 1.1703738494e-02
5.0666188413e-04 9.9997878803e-01 -6.4935962691e-03
-1.1700693852e-02 6.4990807516e-03 9.9991042384e-01
2.7721975291e-02 -1.6356066489e-02 -3.2677594225e-03
6.5674848086e+02 5.4694489211e-03 1.7063153148e-04
9.0237800925e-01 -1.8457633435e-01 3.8941687844e-01
2.2426467258e-01 9.7276445218e-01 -5.8606119261e-02
-3.6799359376e-01 1.4021732197e-01 9.1919520102e-01
9.1549663354e-01 -1.6985533790e-01 -3.3976886845e-01
0 0 0
0 0 0
0 0 0
0 0 0
0 0 0
4.7114210210e-01 5.0780587412e-01 -2.3651054498e+00
97 159 76
2 0 74 131.9500 142.0500 1 49 81.8600 142.7900
3.6507798540e-01 4.9366183355e-01 -2.3981434385e+00
37 58 21
2 0 79 100.8500 136.4600 1 57 55.3500 134.0500
3.8894008557e-01 3.6282894881e-01 -2.4346884527e+00
64 105 45
2 0 105 105.7600 98.9100 1 84 61.8000 101.4200
3.4557566534e-01 1.5088377178e-01 -2.2843725596e+00
61 98 38
2 0 147 100.6200 43.5100 1 139 79.9400 48.4700
7.9274121371e-01 -1.1336094410e-01 -2.5959576349e+00
28 37 12
2 0 245 201.1800 -28.4800 1 188 138.7400 10.6000
1.4459865725e-01 -9.3623374365e-02 -2.0713517880e+00
19 19 9
2 0 250 47.4900 -30.7600 1 262 72.9400 -30.6100
4.3305726906e-01 7.5971478212e-01 -2.5267784002e+00
137 145 128
2 0 537 113.0400 199.3900 1 540 44.0700 197.1000
6.2890210939e-01 6.3370723104e-01 -2.6405726886e+00
161 174 154
2 0 554 156.8200 159.1100 1 30 76.3100 167.7800
3.3094028418e-01 5.5060964051e-01 -2.4230817424e+00
30 37 48
2 0 558 90.4100 150.7400 1 47 42.4600 146.2900
-3.7316265679e-01 4.0526561205e-01 -2.0443219834e+00
82 64 63
2 0 566 -120.3200 130.9200 1 870 -94.7800 84.4900
3.8252845256e-01 4.5946711094e-01 -2.3966753828e+00
31 49 19
2 0 570 105.7200 127.0200 1 64 60.8300 126.2100
-3.5131318420e-01 3.0778157525e-01 -1.9873367322e+00
84 58 51
2 0 585 -116.2400 101.8100 1 586 -76.4800 55.1500
6.1641417957e-01 -3.1223336399e-01 -2.3018465560e+00
50 68 23
2 0 781 177.2000 -89.8500 1 300 152.5200 -48.4000
7.3808088243e-01 -4.3044854747e-01 -2.1351720518e+00
14 12 14
2 0 826 228.6200 -133.5100 1 342 206.9300 -74.2700
7.7915137752e-01 -5.0266386586e-01 -2.0160597117e+00
38 30 14
2 0 856 255.5200 -165.0000 1 362 238.7700 -94.1900
1.2279481553e-01 5.4016064058e-01 -2.3380224623e+00
107 98 91
2 0 986 35.0200 153.4100 1 845 4.2400 138.7200
3.4795234502e-01 5.5108357869e-01 -2.4265487129e+00
187 217 224
2 0 988 94.8400 150.4700 1 558 45.8500 147.0900
-4.0517111819e-01 4.2480197843e-01 -2.0657377040e+00
75 44 36
2 0 995 -129.5600 135.7100 1 1081 -107.7100 88.7200
-4.0517111819e-01 4.2480197843e-01 -2.0657377040e+00
75 44 36
2 0 996 -129.5600 135.7100 1 1082 -107.7100 88.7200
7.8057095498e-01 -1.2370169886e-01 -2.6050569520e+00
66 75 40
2 0 1103 197.3000 -31.2000 1 906 135.8200 8.1900
7.8057095498e-01 -1.2370169886e-01 -2.6050569520e+00
66 75 40
2 0 1104 197.3000 -31.2000 1 907 135.8200 8.1900
-1.0758006370e-01 -2.4531541999e-01 -1.9587015294e+00
163 39 68
2 0 1126 -34.7600 -84.2900 1 368 31.0400 -97.9000
6.3414518617e-01 -3.2199909422e-01 -2.2899567511e+00
46 68 19
2 0 1131 183.2200 -93.1500 1 698 158.1100 -49.9300
-3.6103097235e-01 5.0711300012e-01 -2.0607999246e+00
99 75 72
2 0 1266 -115.5000 162.8000 1 1072 -99.1600 117.5200
-3.8937743789e-01 4.8057928590e-01 -2.0631501981e+00
39 24 17
2 0 1271 -124.4900 154.1700 1 1190 -106.4100 107.2900
-3.6937632507e-01 4.8004223274e-01 -2.0577106603e+00
104 79 73
2 0 1272 -118.5000 153.9500 1 1077 -99.6100 108.8000
-3.9597989981e-01 2.1046560921e-01 -2.0020989864e+00
36 27 22
2 0 1321 -130.1600 69.0200 1 1106 -85.3300 20.5300
7.9565568845e-02 2.2484015859e-01 -2.2157193128e+00
132 191 200
2 0 1325 24.2900 66.6700 1 126 22.9900 54.5700
3.4972926523e-01 1.4276212959e-01 -2.2888902019e+00
52 75 29
2 0 1343 101.5500 40.9400 1 885 80.6600 46.7800
7.8366499330e-01 -1.8625450160e-01 -2.5148267511e+00
44 48 14
2 0 1379 205.4800 -48.6000 1 918 150.0600 -6.4600
-3.5654416055e-01 5.3727646141e-01 -2.0617533909e+00
33 20 14
2 0 1453 -113.9500 172.5800 1 1186 -99.8900 127.3400
-3.8119937158e-01 1.9266078226e-01 -1.9991423687e+00
79 76 77
2 0 1487 -125.4700 63.0400 1 1110 -79.2700 16.0000
2.2960990938e-02 -1.3424577842e-01 -2.0275920414e+00
44 46 35
2 0 1639 8.7000 -45.3200 1 1130 50.5300 -51.5600
7.8139072423e-01 -1.6283126356e-01 -2.5241437665e+00
83 50 21
2 0 1689 203.9100 -42.8000 1 1335 147.7500 -0.7500
7.8139072423e-01 -1.6283126356e-01 -2.5241437665e+00
83 50 21
2 0 1690 203.9100 -42.8000 1 1336 147.7500 -0.7500
7.3552591871e-01 -4.1445990059e-01 -2.1612429108e+00
10 12 7
2 0 1695 225.0900 -126.9200 1 1299 201.4700 -69.7200
6.1239551129e-01 -3.3836642605e-01 -2.2196470909e+00
26 28 14
2 0 1774 182.8400 -100.9200 1 1384 164.9400 -57.6500
