# Bundle file v0.3
3 95
6.6650309393e+02 -2.3976696833e-02 -9.4020864239e-03
9.9993435296e-01 -3.4014752973e-04 1.1453124550e-02
3.2917546496e-04 9.9999948515e-01 9.5986898525e-04
-1.1453445151e-02 -9.5603588510e-04 9.9993395011e-01
3.2931244815e-02 -3.1868169080e-04 -1.1724323212e-01
6.5792896191e+02 -1.7096646500e-02 8.6166398361e-03
9.4029294995e-01 7.7366800603e-02 -3.3145670371e-01
-1.0746713433e-01 9.9149254613e-01 -7.3439403610e-02
3.2295507939e-01 1.0467525556e-01 9.4060783941e-01
-9.8616878357e-01 -1.0326156528e-01 3.3734262525e-02
0 0 0
0 0 0
0 0 0
0 0 0
0 0 0
3.3813383689e-01 6.5231469465e-01 -2.8263141878e+00
218 229 227
2 0 16 76.4000 146.7600 1 11 85.6400 191.7000
3.2879969148e-01 6.3124285158e-01 -2.8292242428e+00
200 216 211
2 0 20 74.2300 141.8000 1 661 82.8400 185.9000
8.1949892167e-01 2.6842352049e-01 -2.7118522287e+00
210 211 203
2 0 88 192.3600 62.4300 1 1167 207.8700 80.7500
4.7838712961e-01 2.4159541829e-01 -2.7791224682e+00
206 26 28
2 0 97 110.0400 54.6400 1 91 110.5000 79.2700
-6.1813132421e-01 1.4446251504e-01 -3.0998574630e+00
122 170 178
2 0 121 -128.7400 29.1600 1 743 -113.3700 71.7000
8.5571524128e-01 -5.5332445722e-02 -2.6751961587e+00
200 207 198
2 0 167 203.6200 -13.8000 1 819 208.1200 -15.8800
-1.5976094017e-01 -1.3237470520e-01 -2.7731449700e+00
192 195 189
2 0 184 -36.5800 -31.2100 1 174 -56.6700 -3.4400
-8.2436014744e-02 -1.3135782310e-01 -2.7522555068e+00
84 6 3
2 0 185 -18.8500 -31.0200 1 181 -40.9400 -5.8900
-7.7462127829e-02 -1.6702344378e-01 -2.7478072821e+00
205 214 205
2 0 198 -17.6400 -39.6800 1 201 -40.8900 -14.7900
-1.4809787032e-01 -2.0065974611e-01 -2.7678955417e+00
221 222 216
2 0 204 -33.9500 -46.9500 1 209 -55.7100 -20.8200
-1.4809787032e-01 -2.0065974611e-01 -2.7678955417e+00
221 222 216
2 0 205 -33.9500 -46.9500 1 210 -55.7100 -20.8200
-1.6803611431e-01 -2.2127531149e-01 -2.7754623540e+00
207 209 201
2 0 210 -38.4300 -51.8000 1 218 -59.8200 -24.8900
-1.8457955295e-01 -2.4778190739e-01 -2.7807445542e+00
13 15 11
2 0 224 -42.1900 -57.7600 1 233 -63.4300 -30.7600
-1.8457955295e-01 -2.4778190739e-01 -2.7807445542e+00
13 15 11
2 0 225 -42.1900 -57.7600 1 234 -63.4300 -30.7600
-6.6239769258e-02 -2.7548191065e-01 -2.7390532256e+00
225 221 218
2 0 244 -15.0700 -64.9700 1 256 -41.0700 -42.6700
-2.1404602172e-01 -3.5173757262e-01 -2.7885655808e+00
161 122 123
2 0 259 -48.8500 -81.4500 1 274 -70.8600 -54.6900
-7.6454371089e-02 -3.6721016986e-01 -2.7424543224e+00
183 142 138
2 0 269 -17.4300 -86.2800 1 298 -44.7400 -64.9800
-7.6454371089e-02 -3.6721016986e-01 -2.7424543224e+00
183 142 138
2 0 270 -17.4300 -86.2800 1 299 -44.7400 -64.9800
-2.7843062614e+00 -1.0144225561e+00 -5.9998587207e+00
72 52 51
2 0 302 -306.9300 -111.1400 1 249 -168.2900 -36.7300
8.6734802156e-04 6.5896553975e-01 -3.0859912989e+00
194 192 182
2 0 593 -0.3600 136.2400 1 668 20.7700 182.3000
6.6346255355e-01 4.0963137440e-01 -2.6738556324e+00
226 238 236
2 0 602 158.1700 96.9300 1 695 164.1100 126.2200
-6.4889744414e-01 4.1701979689e-01 -3.1076829593e+00
205 122 138
2 0 607 -134.7800 85.4800 1 55 -114.8600 130.8600
-6.4730768821e-01 2.6414345958e-01 -3.1079032955e+00
194 74 117
2 0 623 -134.4700 53.8700 1 73 -116.5000 97.7500
4.6021382083e-01 2.3224812505e-01 -2.7619846198e+00
214 28 28
2 0 625 106.5500 52.8700 1 741 104.4800 77.1800
8.3759027674e-01 -5.0481261144e-02 -2.6789476037e+00
105 75 68
2 0 670 199.0600 -12.5600 1 1222 202.7500 -13.8000
8.3759027674e-01 -5.0481261144e-02 -2.6789476037e+00
105 75 68
2 0 671 199.0600 -12.5600 1 1223 202.7500 -13.8000
-1.9864192257e-01 -1.0191383881e-01 -2.7881298197e+00
211 215 209
2 0 684 -45.3400 -24.1800 1 792 -63.4000 5.4600
-2.5221188015e-01 -1.3546478944e-01 -2.8095499673e+00
23 23 29
2 0 688 -57.2800 -31.6400 1 801 -73.5900 -0.9500
-1.1771704841e-01 -1.3573428003e-01 -2.7575351780e+00
233 37 33
2 0 689 -26.9800 -32.1500 1 809 -48.6900 -5.7400
-9.3641202885e-02 -1.3909142255e-01 -2.7499807528e+00
230 37 30
2 0 691 -21.4300 -33.0100 1 810 -43.9300 -7.4100
8.8655502988e-01 -1.3515394960e-01 -2.6682972073e+00
210 214 207
2 0 693 211.3900 -32.7200 1 862 214.9800 -40.7300
-2.1627812506e-01 -1.5073451330e-01 -2.7956341187e+00
215 218 207
2 0 696 -49.2800 -35.2900 1 179 -67.3600 -5.8600
-6.4791531127e-02 -1.5878913796e-01 -2.7459049597e+00
27 18 24
2 0 697 -14.7300 -37.6300 1 817 -37.9500 -13.2800
9.0283221790e-01 -1.5834331012e-01 -2.6685884965e+00
205 210 204
2 0 698 215.2000 -38.2200 1 1248 219.2700 -48.1500
-1.0842147819e-01 -1.6352199750e-01 -2.7571520980e+00
210 214 207
2 0 700 -24.7800 -38.8000 1 195 -47.0900 -12.7500
-5.4815778535e-02 -1.7044036352e-01 -2.7403423995e+00
217 218 216
2 0 702 -12.3800 -40.5800 1 203 -36.3800 -16.4900
-2.3338141613e-01 -1.9797291532e-01 -2.7969638455e+00
16 16 20
2 0 709 -53.2100 -45.9100 1 820 -71.7600 -16.9700
-2.3338141613e-01 -1.9797291532e-01 -2.7969638455e+00
16 16 20
2 0 710 -53.2100 -45.9100 1 821 -71.7600 -16.9700
-2.0888286998e-01 -2.0780905035e-01 -2.7904544659e+00
17 17 27
2 0 714 -47.6500 -48.4400 1 823 -67.1900 -20.0400
-2.0888286998e-01 -2.0780905035e-01 -2.7904544659e+00
17 17 27
2 0 715 -47.6500 -48.4400 1 824 -67.1900 -20.0400
-1.5678426988e-01 -2.1261435707e-01 -2.7732765073e+00
34 33 42
2 0 718 -35.8900 -49.6900 1 212 -57.3400 -23.3000
-1.5678426988e-01 -2.1261435707e-01 -2.7732765073e+00
34 33 42
2 0 719 -35.8900 -49.6900 1 213 -57.3400 -23.3000
-5.9401728011e-02 -2.1080871527e-01 -2.7390141589e+00
214 218 216
2 0 720 -13.5200 -49.7000 1 222 -38.2900 -26.8500
-1.0597776771e-01 -2.1666615905e-01 -2.7533250862e+00
12 11 19
2 0 722 -24.2600 -51.0500 1 835 -47.8300 -26.2800
-1.0597776771e-01 -2.1666615905e-01 -2.7533250862e+00
12 11 19
2 0 723 -24.2600 -51.0500 1 836 -47.8300 -26.2800
-7.4039671320e-02 -2.1799004491e-01 -2.7433997101e+00
24 23 28
2 0 724 -16.8800 -51.4900 1 838 -41.4300 -27.9000
-7.4039671320e-02 -2.1799004491e-01 -2.7433997101e+00
24 23 28
2 0 725 -16.8800 -51.4900 1 839 -41.4300 -27.9000
-1.2751444890e-01 -2.6725019812e-01 -2.7610452355e+00
209 210 207
2 0 739 -29.2500 -62.4200 1 854 -52.8500 -38.1000
-2.0640836194e-01 -3.6509010973e-01 -2.7838302640e+00
28 23 19
2 0 752 -47.1700 -84.6000 1 890 -69.8800 -58.3700
7.6123592893e-01 -3.7862105841e-01 -2.7112470793e+00
175 181 175
2 0 760 178.8800 -89.2500 1 951 170.3400 -102.8700
-2.7595929726e+00 -9.3875225788e-01 -6.2171997303e+00
46 27 25
2 0 764 -294.1700 -99.5300 1 220 -153.9000 -27.0800
-2.7595929726e+00 -9.3875225788e-01 -6.2171997303e+00
46 27 25
2 0 765 -294.1700 -99.5300 1 221 -153.9000 -27.0800
-1.2295842815e-01 -7.6138430439e-01 -2.3235070363e+00
165 177 164
2 0 927 -31.6700 -208.4400 1 1408 -112.9400 -194.8200
-4.3548430566e-01 -7.9367867485e-01 -2.3993491661e+00
110 102 103
2 0 928 -113.6900 -210.7600 1 544 -177.5300 -178.9500
1.0651619453e+00 4.6157896893e-01 -2.7340149852e+00
187 183 189
2 0 1013 247.2500 105.9100 1 1787 292.4600 135.0000
5.2505473203e-01 7.1857253831e-02 -2.9220782495e+00
191 226 82
2 0 1053 114.7300 14.9600 1 1199 124.7800 32.7800
5.2505473203e-01 7.1857253831e-02 -2.9220782495e+00
191 226 82
2 0 1054 114.7300 14.9600 1 1200 124.7800 32.7800
-9.7183493891e-02 -1.1411143382e-01 -2.7530618950e+00
247 39 39
2 0 1075 -22.2000 -27.3700 1 800 -44.0200 -0.8000
-1.7700273059e-01 -1.2579927137e-01 -2.7771697841e+00
208 212 206
2 0 1078 -40.5200 -29.6300 1 1212 -60.0500 -1.3000
-2.2716120625e-01 -1.3898753453e-01 -2.8010364503e+00
22 22 28
2 0 1080 -51.7100 -32.4600 1 805 -69.0100 -2.6900
-1.7855706063e-01 -1.5745939109e-01 -2.7809427042e+00
211 211 202
2 0 1086 -40.7500 -37.2700 1 813 -60.5800 -8.5900
-9.5290958149e-02 -1.8977607171e-01 -2.7502256660e+00
25 25 29
2 0 1092 -21.8500 -44.6000 1 825 -45.1700 -20.2200
-9.5290958149e-02 -1.8977607171e-01 -2.7502256660e+00
25 25 29
2 0 1093 -21.8500 -44.6000 1 826 -45.1700 -20.2200
-1.8316224830e-01 -2.0351355348e-01 -2.7780173599e+00
27 24 34
2 0 1099 -41.8600 -47.8100 1 1227 -62.6800 -19.9000
-9.1182074067e-02 -2.2458161232e-01 -2.7517085212e+00
29 24 31
2 0 1104 -20.8300 -52.9100 1 1233 -44.7100 -28.7500
-9.1182074067e-02 -2.2458161232e-01 -2.7517085212e+00
29 24 31
2 0 1105 -20.8300 -52.9100 1 1234 -44.7100 -28.7500
-5.2032778289e-02 -2.4669909790e-01 -2.7381180954e+00
40 15 18
2 0 1113 -11.7300 -58.3900 1 852 -37.3300 -35.8400
-6.7066583944e-02 -3.8128919870e-01 -2.7373282230e+00
55 10 4
2 0 1131 -15.2600 -89.6900 1 1267 -43.3200 -69.0400
-6.7066583944e-02 -3.8128919870e-01 -2.7373282230e+00
55 10 4
2 0 1132 -15.2600 -89.6900 1 1268 -43.3200 -69.0400
4.6414581958e-02 6.6095123475e-01 -3.0859564055e+00
195 198 191
2 0 1296 9.0900 136.8100 1 1463 31.0300 182.4300
-6.2277902988e-01 2.3344123207e-01 -3.0960609920e+00
181 142 152
2 0 1341 -129.8900 48.0200 1 1163 -113.4800 90.6500
-6.4387742192e-01 1.5350880934e-01 -3.1076350842e+00
208 80 124
2 0 1347 -133.8300 31.3200 1 1176 -117.2600 73.6300
-6.3469017675e-01 8.5443234076e-02 -3.1003592998e+00
114 177 184
2 0 1362 -132.1700 16.9900 1 1191 -117.1900 59.2400
-2.3041869283e-01 -1.1653305040e-01 -2.7972523814e+00
211 216 206
2 0 1382 -52.5300 -27.2900 1 1510 -69.7600 2.7100
-1.6030000938e-01 -1.5058276710e-01 -2.7766811552e+00
29 27 33
2 0 1389 -36.6000 -35.6900 1 1214 -56.7700 -7.5400
-2.0885702383e-01 -1.7128351183e-01 -2.7917119406e+00
25 23 25
2 0 1390 -47.6200 -40.1000 1 1218 -66.4600 -11.0900
-2.0885702383e-01 -1.7128351183e-01 -2.7917119406e+00
25 23 25
2 0 1391 -47.6200 -40.1000 1 1219 -66.4600 -11.0900
-2.5707707266e-01 -2.0440665883e-01 -2.8078930247e+00
25 26 27
2 0 1393 -58.4500 -47.1900 1 1226 -75.9100 -17.6100
-1.3363816642e-01 -2.0960166748e-01 -2.7616504786e+00
24 23 27
2 0 1397 -30.6400 -49.1900 1 1519 -53.2100 -23.5500
-2.8258053102e-01 -2.2393076721e-01 -2.8130413924e+00
200 199 196
2 0 1398 -64.2600 -51.1300 1 1228 -81.1800 -21.8400
4.9092496482e-01 7.2247288951e-01 -2.8043797168e+00
211 222 221
2 0 1495 111.6100 163.9500 1 1777 127.6800 211.8500
-8.4905280266e-02 3.7432121526e-01 -3.0031295435e+00
222 111 151
2 0 1509 -18.4500 79.1200 1 1656 -9.8600 117.8400
-5.3483974359e-01 1.5931376804e-01 -3.0779843537e+00
212 72 128
2 0 1523 -112.2500 33.0300 1 1670 -99.4400 73.2400
-6.0365928813e-01 1.2179025437e-01 -3.0961378160e+00
211 80 120
2 0 1531 -125.8000 24.0000 1 1490 -111.3500 67.0900
9.6030023491e-01 -1.0348510636e-01 -2.6966844479e+00
175 173 171
2 0 1549 226.3300 -24.6700 1 1817 239.1600 -33.3100
-2.6973894942e-01 -1.2055126335e-01 -2.8135851541e+00
206 208 202
2 0 1550 -61.2400 -28.0300 1 1509 -76.7500 3.0000
-5.2023061050e-01 -7.7712300163e-01 -2.4378445170e+00
125 121 118
2 0 1603 -134.2200 -203.2900 1 1600 -190.3200 -167.1600
-7.9566852035e-02 -7.8401328329e-01 -2.2906939139e+00
134 132 133
2 0 1612 -19.8900 -217.7400 1 1765 -106.8200 -206.9100
2.7131084940e-01 6.2572196684e-01 -2.8438178871e+00
219 229 228
2 0 1626 60.9400 139.9900 1 1868 68.6500 183.8600
9.2498024455e-01 3.3377658537e-01 -2.7011206936e+00
129 92 79
2 0 1636 217.7500 77.3400 1 1949 242.9700 98.9800
-7.8681669653e-02 -2.5634101247e-01 -2.7412600966e+00
214 218 210
2 0 1672 -17.9200 -60.6700 1 1820 -43.4300 -37.2200
-1.9395402237e-01 -1.7377258502e-02 -2.7806721371e+00
113 63 38
2 0 1744 -44.3200 -5.0300 1 1894 -61.7300 26.3000
-1.5598036618e-01 -2.4799280710e-01 -2.7676761765e+00
205 207 204
2 0 1751 -35.7600 -57.9400 1 1904 -58.3300 -32.1800
-3.5345809169e-01 3.1082356631e-01 -3.0445507386e+00
49 168 212
2 0 1799 -74.9100 64.3000 1 1947 -64.4800 105.8700
-7.6779397608e-02 -7.8962161975e-01 -2.3106771465e+00
138 137 138
2 0 1910 -19.3900 -216.4500 1 2073 -103.2300 -207.5200
