# Bundle file v0.3
2 277
6.6699687872e+02 -8.7733432819e-02 1.0381368575e-02
9.9999747445e-01 1.9134970479e-03 1.1788219149e-03
-1.9167794485e-03 9.9999427184e-01 2.7896669637e-03
-1.1734771429e-03 -2.7919194598e-03 9.9999541406e-01
1.1101072382e-03 1.4721832561e-02 1.3892494009e-02
6.6571379714e+02 -8.9517154138e-02 -1.8736197129e-02
9.9898208464e-01 -3.1194757317e-02 -3.2583457128e-02
2.2393336387e-02 9.6999473719e-01 -2.4209243754e-01
3.9157796771e-02 2.4111635562e-01 9.6970591934e-01
-6.7274576462e-02 -8.7359018082e-01 -4.6858643150e-01
1.3354429548e+00 7.1765728572e-01 -3.2341031483e+00
229 187 202
2 0 209 270.5500 146.3600 1 197 261.3400 122.8300
4.8852968317e-01 1.7814254132e+00 -8.5430464808e+00
58 43 47
2 0 231 37.5600 137.8800 1 11 51.0000 232.3400
8.9480136259e-01 9.1173748305e-01 -4.4628054695e+00
187 145 61
2 0 244 132.7700 135.6800 1 139 136.9700 161.3700
-3.6211021779e-01 1.8689593768e+00 -9.7051953827e+00
6 13 27
2 0 259 -25.3000 127.3400 1 16 -11.9200 228.7100
-4.5777625930e-01 1.8242133009e+00 -9.7644891701e+00
22 51 102
2 0 267 -31.8300 123.5500 1 27 -18.0700 224.8900
-4.7746527208e-01 5.2902110350e-01 -2.9361552142e+00
210 161 173
2 0 270 -108.5200 121.7500 1 296 -96.4400 70.3100
1.0085033432e-03 1.8279977390e+00 -1.0046805974e+01
37 32 47
2 0 272 -0.4400 120.2400 1 30 13.7800 224.5900
-5.0265177163e-01 4.5814920659e-01 -2.8765084630e+00
242 188 204
2 0 291 -116.9300 107.9700 1 318 -102.6000 53.6500
1.1261585645e+00 5.9669002419e-01 -3.9199338746e+00
212 163 63
2 0 301 190.0500 101.1400 1 212 188.3300 109.7100
-8.5201450407e-01 3.8433841041e-01 -3.0123890472e+00
234 158 170
2 0 329 -188.1500 86.5100 1 340 -165.5100 41.6000
1.0538684407e+00 3.5731403131e-01 -3.9364090238e+00
93 41 4
2 0 376 177.4300 60.5800 1 291 175.1400 71.4500
1.2612338239e+00 3.0909359445e-01 -3.4449401875e+00
169 138 33
2 0 380 241.5100 59.8300 1 327 231.2300 51.4800
-7.4068351117e-01 1.1874467475e-01 -2.8498883203e+00
210 148 165
2 0 435 -173.7600 29.6800 1 470 -147.0700 -17.4300
-4.0670898103e-01 8.5916850644e-02 -2.9156276327e+00
150 106 118
2 0 449 -93.9100 21.4100 1 475 -76.9200 -18.8900
-3.7643439648e+00 1.7751328598e-01 -1.0673325457e+01
94 73 89
2 0 473 -233.4600 10.5000 1 930 -210.2300 108.2700
-4.0057822652e+00 1.4914196323e-01 -9.7557891148e+00
98 74 70
2 0 475 -271.0400 9.7400 1 233 -245.0500 100.6800
-3.1141414012e-02 4.2172789672e-02 -3.3548748387e+00
172 14 27
2 0 476 -6.6800 9.4900 1 445 1.6200 -3.7900
-3.8431767307e+00 -2.1825454413e-02 -9.4652137787e+00
100 74 68
2 0 492 -268.2300 -1.8200 1 250 -240.8100 87.7600
-3.8558662820e+00 -2.0783434483e-01 -1.0170499980e+01
7 7 9
2 0 512 -250.9600 -13.8900 1 962 -223.5900 81.2300
-3.5460654458e+00 -4.9954830510e-01 -8.8634041322e+00
38 26 26
2 0 535 -264.4100 -37.3800 1 328 -233.1800 49.9600
1.3155986295e+00 -2.7184224643e-01 -3.1772575551e+00
84 58 3
2 0 550 272.5300 -55.7600 1 534 250.1000 -62.3100
1.3155986295e+00 -2.7184224643e-01 -3.1772575551e+00
84 58 3
2 0 551 272.5300 -55.7600 1 535 250.1000 -62.3100
1.3290458094e+00 -3.5517149043e-01 -3.0899461428e+00
72 46 1
2 0 574 282.5700 -74.9400 1 582 256.9600 -82.4500
1.3290458094e+00 -3.5517149043e-01 -3.0899461428e+00
72 46 1
2 0 575 282.5700 -74.9400 1 583 256.9600 -82.4500
-3.7679979986e+00 -1.1277602562e+00 -7.9826803837e+00
57 54 64
2 0 592 -309.9700 -92.5400 1 454 -268.5500 -9.0600
1.0600228314e+00 -6.1957041472e-01 -3.9529870010e+00
41 28 6
2 0 612 177.3800 -103.8000 1 565 170.6400 -73.9700
-2.0936149276e+00 -1.5220144771e+00 -7.3988066856e+00
12 12 14
2 0 660 -188.1100 -136.2900 1 513 -153.1100 -49.5600
-2.0936149276e+00 -1.5220144771e+00 -7.3988066856e+00
12 12 14
2 0 661 -188.1100 -136.2900 1 512 -153.1100 -49.5600
6.1662756286e-01 -1.0314817279e+00 -4.9935178799e+00
23 15 16
2 0 663 81.4000 -137.5900 1 577 89.0700 -78.1000
-4.7604163098e-01 -1.4062843420e+00 -6.3410683568e+00
31 36 51
2 0 677 -51.0400 -147.8400 1 548 -27.7500 -68.0000
-1.2027827972e-01 -1.4289237407e+00 -6.2939053514e+00
11 9 4
2 0 685 -13.5600 -151.4600 1 555 5.8400 -70.9600
-1.2027827972e-01 -1.4289237407e+00 -6.2939053514e+00
11 9 4
2 0 686 -13.5600 -151.4600 1 556 5.8400 -70.9600
-1.1032215235e-01 -1.4821949437e+00 -6.3587873441e+00
31 28 20
2 0 698 -12.5300 -155.4600 1 563 7.2300 -73.6000
-1.1032215235e-01 -1.4821949437e+00 -6.3587873441e+00
31 28 20
2 0 699 -12.5300 -155.4600 1 564 7.2300 -73.6000
-1.9420063152e+00 -1.8516106842e+00 -7.4699721389e+00
7 7 9
2 0 734 -172.8100 -164.1500 1 559 -137.3800 -72.7800
-4.4805587958e+00 -2.3755853729e+00 -9.4451468734e+00
37 35 37
2 0 735 -310.6800 -164.2900 1 530 -262.5500 -62.5800
-4.4805587958e+00 -2.3755853729e+00 -9.4451468734e+00
37 35 37
2 0 736 -310.6800 -164.2900 1 531 -262.5500 -62.5800
6.7647514785e-01 -1.2206540003e+00 -4.7865319016e+00
40 12 11
2 0 756 92.9800 -169.4200 1 610 98.8500 -108.8900
-1.5567989004e+00 -1.9541488763e+00 -7.5875508830e+00
8 6 7
2 0 760 -136.8800 -170.9300 1 569 -104.3900 -76.7600
-2.3344992890e+00 -1.9913222030e+00 -7.3885293984e+00
7 5 8
2 0 783 -209.2800 -177.7300 1 586 -168.7800 -86.0600
-2.3344992890e+00 -1.9913222030e+00 -7.3885293984e+00
7 5 8
2 0 784 -209.2800 -177.7300 1 587 -168.7800 -86.0600
-1.9369431674e+00 -2.0493489680e+00 -7.4546099719e+00
8 8 9
2 0 794 -172.5800 -181.8200 1 590 -135.8900 -88.1100
-1.6524303455e+00 -2.1214629445e+00 -7.5812701129e+00
8 8 8
2 0 807 -145.1500 -185.4100 1 591 -111.0100 -89.4600
7.3313107387e-01 -1.3189667080e+00 -4.6637307532e+00
115 93 107
2 0 813 103.1700 -187.5300 1 637 107.7100 -126.3200
-2.0310792531e+00 -2.1484297630e+00 -7.4655361440e+00
6 6 6
2 0 822 -180.4900 -190.0900 1 594 -142.3700 -95.2600
8.3527488725e-01 -1.3299700729e+00 -4.4362501663e+00
138 119 141
2 0 837 123.6600 -198.4200 1 666 124.5600 -139.9200
1.2743026145e+00 9.1056908463e-01 -3.3933898301e+00
218 55 76
2 0 946 246.2700 176.7700 1 140 241.2800 160.9700
9.8154144806e-01 9.8043840370e-01 -4.2017358837e+00
209 174 106
2 0 972 154.4900 154.6900 1 867 157.0900 172.1700
1.3015625506e+00 7.7149714387e-01 -3.3173987380e+00
237 194 201
2 0 976 257.4000 153.4200 1 905 249.9300 134.0700
-4.5323550450e-01 5.4719698435e-01 -2.9575581448e+00
236 176 187
2 0 1005 -102.4700 124.9600 1 971 -90.7600 74.7900
-4.6635167072e-01 5.3789863460e-01 -2.9473469515e+00
144 88 102
2 0 1007 -105.8000 123.3000 1 975 -93.6600 72.5200
-4.6635167072e-01 5.3789863460e-01 -2.9473469515e+00
144 88 102
2 0 1008 -105.8000 123.3000 1 976 -93.6600 72.5200
-4.2734780273e-01 1.5455252609e+00 -9.6860299954e+00
15 18 35
2 0 1024 -29.9300 105.5000 1 834 -15.7100 205.5200
-8.3174610573e-01 4.2213335579e-01 -3.0212238796e+00
241 186 202
2 0 1031 -183.2200 94.5600 1 997 -161.6500 49.4300
-6.9926930595e-01 4.0205274861e-01 -2.8985664785e+00
133 62 81
2 0 1032 -161.0500 94.1500 1 339 -141.0600 41.8100
-2.2538228550e-01 3.5048733334e-01 -3.4376061800e+00
193 155 159
2 0 1060 -44.3300 69.2600 1 321 -34.1100 52.4000
-5.2010495872e-01 2.7775187678e-01 -2.8944641949e+00
236 213 231
2 0 1063 -120.5100 65.8400 1 1050 -102.9700 17.4700
5.4604833766e-01 2.9050911579e-01 -2.9943054438e+00
146 89 103
2 0 1064 121.3400 65.9100 1 364 114.5800 29.4200
-4.9522143053e-01 2.6415834923e-01 -2.8957023488e+00
213 142 157
2 0 1072 -114.6500 62.6800 1 402 -97.8100 14.9200
-5.2492672318e-01 2.6154950182e-01 -2.8910388631e+00
143 164 210
2 0 1073 -121.7200 62.1800 1 405 -103.9200 14.0400
-6.3079013906e-01 2.4473645263e-01 -2.8708705774e+00
179 232 255
2 0 1077 -147.0800 58.7000 1 1061 -125.9500 9.2200
1.0362548669e+00 3.4552200889e-01 -3.9389832786e+00
154 97 86
2 0 1079 174.4000 58.5700 1 978 172.2000 69.5900
-1.7231060204e-01 2.4725623067e-01 -3.3319686082e+00
182 135 145
2 0 1085 -35.0500 50.8100 1 357 -25.3200 30.8500
-5.5368613981e-01 1.5065126925e-01 -2.8544437488e+00
236 222 243
2 0 1098 -130.0500 37.0800 1 457 -109.6300 -10.0600
1.3181296866e+00 1.3797413065e-01 -3.2722527699e+00
178 148 30
2 0 1118 265.3600 28.4400 1 403 249.6100 15.1400
1.3181296866e+00 1.3797413065e-01 -3.2722527699e+00
178 148 30
2 0 1119 265.3600 28.4400 1 404 249.6100 15.1400
-4.6321170974e-01 1.0641587096e-01 -2.8709638585e+00
189 140 151
2 0 1121 -108.4700 26.5600 1 471 -89.9500 -17.5500
-5.4071359159e-01 1.0192023996e-01 -2.8444902803e+00
215 153 164
2 0 1126 -127.5700 25.7800 1 1103 -106.6100 -20.2300
-5.7299284903e-01 8.6902113633e-02 -2.8347801719e+00
168 101 120
2 0 1130 -135.5400 22.3400 1 481 -113.3800 -23.8900
-5.1938552799e-01 8.2962809113e-02 -2.8446159496e+00
195 137 151
2 0 1133 -122.5500 21.3200 1 482 -102.0500 -23.8900
1.3621915721e+00 6.9841058597e-02 -3.1361180982e+00
169 140 29
2 0 1139 285.6400 15.3600 1 443 265.5500 -3.0500
1.3621915721e+00 6.9841058597e-02 -3.1361180982e+00
169 140 29
2 0 1140 285.6400 15.3600 1 444 265.5500 -3.0500
-3.5537992396e+00 1.7029683718e-01 -1.0765037645e+01
97 79 98
2 0 1148 -219.2700 9.9500 1 928 -195.6900 108.8200
-4.4432147291e+00 5.0148386354e-02 -9.9069676107e+00
33 32 38
2 0 1160 -295.2200 3.0300 1 944 -267.3700 94.1800
-3.8784952589e+00 -1.2651015316e-01 -9.2272288113e+00
26 16 18
2 0 1179 -277.2400 -9.2800 1 968 -248.6900 78.6300
1.3920392006e+00 -4.3287604931e-02 -2.9771966979e+00
138 155 120
2 0 1180 306.7800 -8.7400 1 495 280.7900 -32.3100
1.3920392006e+00 -4.3287604931e-02 -2.9771966979e+00
138 155 120
2 0 1181 306.7800 -8.7400 1 496 280.7900 -32.3100
-3.8612649746e+00 -1.3207867123e-01 -9.4652678256e+00
94 74 66
2 0 1182 -269.3900 -9.4900 1 271 -241.2600 80.3600
-2.9129889076e-02 -5.2141036219e-02 -3.2635103305e+00
200 34 52
2 0 1183 -6.6500 -9.5300 1 1111 2.2100 -24.6000
-3.5540666658e+00 -1.6598407300e-01 -1.0169206515e+01
31 28 29
2 0 1185 -231.9800 -11.2300 1 263 -205.4700 84.5000
9.6383201055e-01 -8.1048163878e-02 -3.4502503648e+00
158 98 109
2 0 1188 185.2300 -15.0100 1 469 175.9700 -16.5900
-3.7398491728e+00 -2.9341594137e-01 -1.0129958710e+01
11 9 10
2 0 1190 -244.5000 -19.5400 1 280 -217.0000 75.8200
-3.8528945708e+00 -3.0148950888e-01 -1.0151696419e+01
13 11 12
2 0 1191 -251.1800 -20.0000 1 970 -223.2800 75.2600
1.3119846046e+00 -1.5060093059e-01 -3.2176627897e+00
100 61 3
2 0 1198 268.4400 -30.2200 1 504 248.6400 -38.8400
-4.2281190011e+00 -5.0521399634e-01 -9.0838149324e+00
14 13 15
2 0 1202 -306.1200 -36.6600 1 993 -272.2700 50.7200
-4.2281190011e+00 -5.0521399634e-01 -9.0838149324e+00
14 13 15
2 0 1203 -306.1200 -36.6600 1 994 -272.2700 50.7200
9.7397195537e-01 -1.9333110969e-01 -3.4655429644e+00
137 88 93
2 0 1204 186.3700 -36.5100 1 501 176.3500 -34.4700
-3.4713992877e+00 -6.2881137027e-01 -8.6263404231e+00
41 29 25
2 0 1209 -265.8600 -48.2300 1 1011 -233.3200 38.0100
-3.0564629128e+00 -1.0412601300e+00 -8.7153362681e+00
23 36 69
2 0 1235 -232.6400 -79.2000 1 1057 -199.1100 11.2300
-3.1344920823e+00 -1.0539321274e+00 -8.7376749576e+00
21 39 73
2 0 1236 -237.7100 -79.9100 1 1058 -204.0000 10.5700
-3.3679847112e+00 -9.8344075270e-01 -8.0833625170e+00
56 37 44
2 0 1237 -274.8900 -80.1400 1 1066 -237.8900 4.0900
-3.3580749515e+00 -1.0911418635e+00 -7.9485380327e+00
50 35 45
2 0 1243 -278.4900 -90.3200 1 1083 -240.1300 -6.3700
-3.3580749515e+00 -1.0911418635e+00 -7.9485380327e+00
50 35 45
2 0 1244 -278.4900 -90.3200 1 1084 -240.1300 -6.3700
1.1332124087e+00 -5.2032496106e-01 -3.7363083284e+00
175 155 52
2 0 1245 200.1800 -91.9300 1 554 190.4000 -70.9600
1.1581241598e+00 -5.2586866391e-01 -3.6717380530e+00
189 164 55
2 0 1246 208.2700 -94.5000 1 567 196.6100 -75.2100
1.1278231537e+00 -5.3818828996e-01 -3.7699467059e+00
93 71 13
2 0 1247 197.7200 -94.3300 1 558 187.8700 -71.7300
1.0930266021e+00 -5.8592613963e-01 -3.8761649125e+00
143 125 29
2 0 1252 186.3200 -99.9900 1 1150 178.5300 -73.1500
1.1491103020e+00 -5.7365675948e-01 -3.6998040902e+00
170 131 54
2 0 1253 205.1000 -102.3600 1 579 193.6600 -80.8100
1.1429413713e+00 -6.0063704173e-01 -3.7013497590e+00
96 62 25
2 0 1264 203.8500 -107.1300 1 585 192.4700 -84.7700
8.9065323512e-01 -8.1629238469e-01 -4.3419492735e+00
34 29 33
2 0 1274 135.4000 -124.8300 1 580 135.4900 -81.3300
-5.8842125581e-01 -1.2771964446e+00 -6.3066595626e+00
44 49 71
2 0 1282 -63.0200 -135.0600 1 519 -39.4600 -57.5900
-5.8842125581e-01 -1.2771964446e+00 -6.3066595626e+00
44 49 71
2 0 1283 -63.0200 -135.0600 1 520 -39.4600 -57.5900
-5.7496947954e-01 -1.3188736210e+00 -6.3240442602e+00
16 22 45
2 0 1290 -61.4500 -139.0600 1 1137 -37.8200 -60.8100
1.0964242250e+00 -8.0672824783e-01 -3.8122003421e+00
36 18 4
2 0 1291 189.5300 -139.7800 1 608 179.9700 -108.2900
1.0964242250e+00 -8.0672824783e-01 -3.8122003421e+00
36 18 4
2 0 1292 189.5300 -139.7800 1 609 179.9700 -108.2900
-1.4425822796e+00 -1.7480149065e+00 -7.6381920245e+00
3 42 73
2 0 1308 -126.1200 -152.2100 1 1132 -95.9900 -59.8000
-1.4425822796e+00 -1.7480149065e+00 -7.6381920245e+00
3 42 73
2 0 1309 -126.1200 -152.2100 1 1133 -95.9900 -59.8000
-1.7078668193e-01 -1.4790883482e+00 -6.3808605830e+00
35 31 21
2 0 1313 -18.9300 -154.5800 1 561 1.6900 -72.7100
-1.7078668193e-01 -1.4790883482e+00 -6.3808605830e+00
35 31 21
2 0 1314 -18.9300 -154.5800 1 562 1.6900 -72.7100
-1.4641857962e+00 -1.7888435861e+00 -7.6521104866e+00
9 11 16
2 0 1317 -127.7700 -155.4300 1 533 -97.2400 -62.5300
8.1056639484e-01 -1.0887489130e+00 -4.5324540550e+00
23 18 23
2 0 1322 117.9100 -159.4700 1 605 120.0400 -105.8200
-3.4287584095e+00 -2.1066207706e+00 -8.5718129372e+00
52 42 48
2 0 1326 -263.2700 -161.4500 1 1142 -220.1000 -64.2000
-4.4454089414e+00 -2.3592607152e+00 -9.4774595555e+00
9 6 11
2 0 1327 -307.3500 -162.7000 1 1135 -259.7600 -60.9100
8.5860936617e-01 -1.1985090163e+00 -4.4154592970e+00
64 61 69
2 0 1359 127.9900 -179.8500 1 634 128.3300 -125.2200
8.1560284988e-01 -1.2281718750e+00 -4.4923755568e+00
42 36 43
2 0 1361 119.3500 -181.2000 1 629 121.2700 -124.6900
8.1560284988e-01 -1.2281718750e+00 -4.4923755568e+00
42 36 43
2 0 1362 119.3500 -181.2000 1 630 121.2700 -124.6900
8.0402989942e-01 -1.2567332830e+00 -4.5275268745e+00
112 99 106
2 0 1364 116.8600 -184.0000 1 636 118.8900 -126.1600
7.7399820398e-01 -1.3167330591e+00 -4.5849883016e+00
118 109 124
2 0 1370 110.7400 -190.3000 1 1192 114.2200 -130.2100
7.9339067122e-01 -1.4309149555e+00 -4.4862478187e+00
146 128 144
2 0 1394 115.8000 -210.9500 1 681 118.1700 -149.0700
8.4174886632e-01 -1.4461963308e+00 -4.3833596145e+00
153 138 155
2 0 1403 125.7700 -217.9700 1 693 126.2400 -156.8800
8.4174886632e-01 -1.4461963308e+00 -4.3833596145e+00
153 138 155
2 0 1404 125.7700 -217.9700 1 694 126.2400 -156.8800
9.3885348430e-01 1.2708322310e+00 -4.2615505360e+00
148 129 71
2 0 1430 144.9400 197.1700 1 1280 149.7000 217.3800
1.0294874251e+00 1.1718800926e+00 -4.0657268932e+00
206 156 63
2 0 1436 167.1300 190.4300 1 1284 169.2800 203.7900
9.7865574781e-01 1.0669881612e+00 -4.2403902857e+00
201 181 111
2 0 1454 152.4000 166.6800 1 1299 155.8000 185.6100
-4.2454062066e-01 1.7644339386e+00 -9.6861999287e+00
2 17 47
2 0 1499 -29.6500 120.4600 1 1278 -16.0900 221.1700
-4.2454062066e-01 1.7644339386e+00 -9.6861999287e+00
2 17 47
2 0 1500 -29.6500 120.4600 1 1279 -16.0900 221.1700
-4.6121083857e-01 1.4848049097e+00 -9.6826439388e+00
10 37 74
2 0 1516 -32.2700 101.3800 1 1286 -17.9300 201.1300
-8.4430592051e-01 3.5248549357e-01 -2.9943516246e+00
229 148 164
2 0 1532 -187.4800 79.9900 1 1432 -164.6100 34.7300
1.2408090595e+00 3.7470584707e-01 -3.5090225018e+00
182 147 43
2 0 1540 233.2300 71.1200 1 1405 224.9200 64.6900
1.2408090595e+00 3.7470584707e-01 -3.5090225018e+00
182 147 43
2 0 1541 233.2300 71.1200 1 1406 224.9200 64.6900
-4.2507092369e-01 2.8378956902e-01 -2.9242855060e+00
144 82 103
2 0 1546 -97.7300 66.5500 1 1049 -82.6700 20.4600
-3.8297754496e-01 2.8613083671e-01 -2.9579016074e+00
91 37 44
2 0 1548 -86.8200 66.2800 1 387 -73.5700 22.5800
1.1211282931e+00 3.7526656408e-01 -3.8734363871e+00
151 101 35
2 0 1550 191.6400 64.5800 1 1399 188.2900 73.1500
-4.1967217006e-01 2.6167183686e-01 -2.9306384731e+00
229 174 183
2 0 1551 -96.2100 61.3600 1 1444 -81.2300 16.3600
-5.8858980173e-01 2.4641496113e-01 -2.8798477689e+00
255 254 251
2 0 1553 -136.8700 58.9100 1 1060 -117.0800 10.1800
-4.0255127730e+00 7.8591339888e-01 -1.0506210564e+01
90 76 85
2 0 1560 -253.2300 48.8800 1 894 -232.4200 144.3800
1.1095408499e+00 2.5793684361e-01 -3.7614434535e+00
113 64 47
2 0 1565 194.9400 45.9500 1 1682 190.6500 51.3000
-6.8941608701e-01 1.8269778276e-01 -2.8513024908e+00
232 170 179
2 0 1567 -161.5800 44.6000 1 1465 -137.9300 -4.4400
-5.5135346855e-01 1.3289405082e-01 -2.8578058958e+00
206 136 159
2 0 1578 -129.4300 32.8900 1 1092 -108.7000 -13.4000
-5.8644154305e-01 1.2635711178e-01 -2.8511565377e+00
210 142 163
2 0 1580 -138.2000 31.4600 1 1095 -115.6500 -15.2000
-8.4058295804e-02 1.3454035135e-01 -3.3822750130e+00
184 25 38
2 0 1584 -17.1600 27.7100 1 1053 -8.1000 13.2200
1.2891315041e+00 1.3842095367e-01 -3.3282743092e+00
76 51 7
2 0 1585 255.2800 28.0800 1 1442 241.1900 17.3200
1.3306994566e+00 1.1842303723e-01 -3.2098992012e+00
219 185 70
2 0 1589 272.7500 25.0200 1 1062 255.7200 8.9900
1.3449686985e+00 9.2850356377e-02 -3.1937413204e+00
217 188 53
2 0 1593 277.2100 19.8100 1 1069 258.8200 3.7500
-3.5091166386e+00 2.2138266259e-01 -1.0784162321e+01
32 10 13
2 0 1596 -216.1200 13.0600 1 1350 -193.0800 112.0800
-6.2802440257e-01 4.5895155556e-02 -2.8474352202e+00
207 155 167
2 0 1598 -147.7600 12.6300 1 1118 -123.3900 -31.4600
1.2841925847e+00 1.5042406153e-02 -3.3791560702e+00
214 182 51
2 0 1601 250.7000 3.4900 1 1457 236.1300 -2.1600
9.0142114251e-01 -3.0035127596e-03 -3.4785026267e+00
149 94 91
2 0 1606 171.9700 0.0400 1 1460 164.5200 -2.4500
-3.7642992997e+00 -4.4681285480e-02 -9.4236324389e+00
31 27 22
2 0 1609 -263.9500 -3.4300 1 1382 -236.6900 86.0900
-3.7642992997e+00 -4.4681285480e-02 -9.4236324389e+00
31 27 22
2 0 1610 -263.9500 -3.4300 1 1383 -236.6900 86.0900
-3.7926723261e+00 -7.5495272805e-02 -9.3448918457e+00
92 73 75
2 0 1616 -268.1500 -5.6100 1 1388 -240.2100 83.3200
-3.7626040453e+00 -1.3226799115e-01 -9.3678379958e+00
34 26 25
2 0 1619 -265.4300 -9.6000 1 1397 -237.3000 79.7600
-3.7108863638e+00 -2.2689605406e-01 -9.1840223890e+00
33 26 19
2 0 1623 -266.9300 -16.5500 1 1400 -237.9800 71.8100
7.9311357559e-01 -9.4796046425e-02 -3.4781420921e+00
118 65 68
2 0 1624 151.3300 -17.4900 1 1100 145.5000 -18.2900
-4.2980177812e+00 -2.8461858319e-01 -9.4273396088e+00
34 30 44
2 0 1626 -299.9300 -20.0500 1 1676 -268.9400 68.8900
-4.2835653167e+00 -3.5139041619e-01 -9.2972271339e+00
12 11 17
2 0 1628 -302.8800 -25.0100 1 1407 -271.2600 63.2000
-4.1651834725e+00 -4.4816678564e-01 -9.2135038016e+00
5 5 4
2 0 1630 -297.5500 -32.1500 1 1413 -265.0800 56.1400
-3.5561712515e+00 -5.9043573384e-01 -9.9111252995e+00
105 94 110
2 0 1637 -237.9200 -39.7600 1 1415 -208.4700 55.5800
-3.4915704781e+00 -6.9800976185e-01 -8.4708181506e+00
42 29 21
2 0 1641 -272.1100 -54.4200 1 1434 -238.3600 30.8600
-3.4915704781e+00 -6.9800976185e-01 -8.4708181506e+00
42 29 21
2 0 1642 -272.1100 -54.4200 1 1435 -238.3600 30.8600
1.2080329731e+00 -3.9393764515e-01 -3.5353510299e+00
190 166 56
2 0 1651 225.4700 -73.2900 1 1138 211.6900 -62.2800
1.3161572335e+00 -3.5155472245e-01 -3.1052920491e+00
205 180 47
2 0 1652 278.5200 -73.8300 1 1156 253.7400 -80.8700
1.3161572335e+00 -3.5155472245e-01 -3.1052920491e+00
205 180 47
2 0 1653 278.5200 -73.8300 1 1157 253.7400 -80.8700
1.2023329383e+00 -4.2041042302e-01 -3.5619341449e+00
164 135 122
2 0 1654 222.9100 -77.7200 1 1143 209.1400 -64.9400
1.1082431420e+00 -4.9308893866e-01 -3.8164595052e+00
23 16 10
2 0 1658 191.9500 -85.4000 1 1141 183.5200 -62.7200
-3.5308231517e+00 -1.1591125122e+00 -8.7803525481e+00
62 48 52
2 0 1659 -265.7300 -87.1200 1 1067 -228.9600 3.4300
1.1489870904e+00 -4.9879553444e-01 -3.7050662725e+00
187 164 52
2 0 1660 204.9000 -88.8700 1 1148 193.9800 -69.3100
1.2115800809e+00 -4.7401244809e-01 -3.4920799323e+00
115 82 63
2 0 1661 228.7800 -89.3000 1 1152 213.5300 -77.3800
1.2115800809e+00 -4.7401244809e-01 -3.4920799323e+00
115 82 63
2 0 1662 228.7800 -89.3000 1 1153 213.5300 -77.3800
1.1664776158e+00 -5.5349011559e-01 -3.6398472830e+00
188 167 48
2 0 1670 211.4800 -100.2900 1 1155 199.0700 -81.1800
8.7964650084e-01 -7.6449063470e-01 -4.3869217256e+00
8 10 9
2 0 1691 132.7200 -115.8300 1 1149 132.8200 -72.4900
-3.5278162535e+00 -1.4071911506e+00 -7.9304307011e+00
80 62 77
2 0 1692 -292.6000 -116.3900 1 1482 -250.0600 -30.2300
8.7468823562e-01 -8.3757298310e-01 -4.4056156359e+00
12 12 10
2 0 1694 131.0000 -126.2700 1 1154 131.9100 -80.9900
9.2019374219e-01 -8.6002098876e-01 -4.2823852585e+00
9 8 10
2 0 1696 142.1400 -133.3100 1 1503 140.3500 -89.7700
-6.2074101485e-01 -1.3427543737e+00 -6.3306324001e+00
36 42 62
2 0 1703 -66.3800 -141.3700 1 1140 -41.8100 -62.8500
-1.4758898191e+00 -1.6977794809e+00 -7.5862393794e+00
6 38 64
2 0 1712 -130.0900 -148.8300 1 1128 -99.3900 -57.4000
9.4252187853e-01 -1.0083868496e+00 -4.2347085688e+00
8 8 10
2 0 1720 146.7400 -157.7800 1 1174 144.2900 -111.3600
9.7298975943e-01 -1.0218593702e+00 -4.1231944327e+00
26 22 27
2 0 1726 155.3600 -164.0100 1 1185 151.4400 -119.3900
7.2104210299e-01 -1.1774509817e+00 -4.6986172361e+00
71 57 61
2 0 1728 101.0700 -166.4500 1 1169 105.6700 -108.1500
7.2104210299e-01 -1.1774509817e+00 -4.6986172361e+00
71 57 61
2 0 1729 101.0700 -166.4500 1 1170 105.6700 -108.1500
6.7442404176e-01 -1.2738499474e+00 -4.7908942344e+00
60 10 11
2 0 1738 92.3500 -176.5300 1 1178 98.7100 -114.7700
7.6058177138e-01 -1.3401791579e+00 -4.6022034740e+00
120 109 131
2 0 1747 108.3700 -192.9500 1 1194 112.1900 -132.0300
7.6058177138e-01 -1.3401791579e+00 -4.6022034740e+00
120 109 131
2 0 1748 108.3700 -192.9500 1 1195 112.1900 -132.0300
7.6058177138e-01 -1.3401791579e+00 -4.6022034740e+00
120 109 131
2 0 1749 108.3700 -192.9500 1 1196 112.1900 -132.0300
1.3142740551e+00 8.5314308249e-01 -3.2660867843e+00
223 127 59
2 0 1779 263.6400 171.9300 1 1603 256.1700 149.5800
-7.3565276247e-01 6.5707097436e-01 -3.1485603649e+00
198 191 227
2 0 1783 -155.0000 140.0800 1 1828 -140.9000 99.3700
4.2579793475e-01 7.3774061082e-01 -3.9730859280e+00
106 34 33
2 0 1792 70.2900 124.2700 1 1340 75.3600 130.5100
-3.2388719510e-01 1.7698572340e+00 -9.6811087755e+00
9 15 21
2 0 1795 -22.7600 120.8900 1 1575 -9.1000 221.8400
-3.4465076249e-01 3.3702299623e-01 -2.9648240587e+00
83 29 34
2 0 1817 -77.8200 77.5600 1 1021 -66.3800 33.1700
-5.6199827464e-01 2.7855894024e-01 -2.8776634083e+00
163 212 249
2 0 1821 -130.7300 66.4000 1 1443 -112.3200 16.6700
-4.3034164064e+00 6.9972983437e-01 -9.9886776543e+00
4 6 5
2 0 1832 -283.7000 45.7100 1 1611 -261.3200 136.7900
-4.2503480162e+00 6.2523282861e-01 -1.0010994059e+01
46 43 50
2 0 1833 -279.7600 40.7300 1 1618 -256.9700 132.1900
-4.2503480162e+00 6.2523282861e-01 -1.0010994059e+01
46 43 50
2 0 1834 -279.7600 40.7300 1 1619 -256.9700 132.1900
-4.6486144524e+00 4.4125356696e-01 -1.0456182779e+01
69 54 64
2 0 1842 -292.6500 27.3600 1 1632 -267.9700 121.1600
-4.6475177578e+00 3.6834989091e-01 -1.0626465720e+01
5 5 4
2 0 1847 -288.8400 22.4000 1 1635 -262.3600 117.5400
-3.9007517309e-02 1.0441344328e-01 -3.3958399224e+00
209 34 54
2 0 1849 -8.1600 21.6300 1 1452 0.1300 8.7200
1.2633721122e+00 5.8301840524e-02 -3.3455324583e+00
94 50 6
2 0 1854 249.1700 12.1000 1 1453 234.7000 3.8300
1.3436458530e+00 4.8434806544e-02 -3.1814019917e+00
177 149 40
2 0 1855 277.9600 10.7000 1 1079 258.8900 -4.9300
1.6817107721e-01 -7.2631478160e-02 -3.2654054648e+00
186 30 44
2 0 1872 34.1200 -13.8400 1 1723 37.9600 -27.3000
1.3745718181e+00 -1.4223597744e-01 -2.9864728716e+00
212 184 54
2 0 1879 301.7800 -30.4300 1 1494 275.6700 -50.5200
-3.4674208745e+00 -7.9793960024e-01 -8.3683708819e+00
53 41 36
2 0 1887 -273.4400 -62.9100 1 1694 -238.6800 22.1800
-1.5430653865e+00 -1.8476781781e+00 -7.6045074948e+00
5 5 5
2 0 1922 -135.5900 -161.3800 1 1501 -103.5200 -68.3100
6.6295859324e-01 -1.2297621776e+00 -4.8247979091e+00
53 19 17
2 0 1925 90.4700 -169.3700 1 1510 96.5700 -108.0700
-2.3288733788e+00 -2.0303160843e+00 -7.3726988999e+00
48 44 50
2 0 1935 -209.0900 -181.5500 1 1748 -168.4800 -89.4700
8.4424399406e-01 -1.2319735237e+00 -4.4228711008e+00
110 106 126
2 0 1936 125.4400 -184.5000 1 1517 126.3600 -128.9300
8.7056408442e-01 -1.2974692249e+00 -4.3805743009e+00
127 123 141
2 0 1939 130.6900 -196.0100 1 1522 130.2500 -139.1300
-1.0937366988e+00 -2.1114133215e+00 -6.3736536646e+00
25 12 14
2 0 1946 -114.5100 -219.1000 1 1761 -81.5700 -129.0900
2.2937706104e-02 -1.6974262420e+00 -4.9480470774e+00
93 77 81
2 0 1949 1.8700 -227.1900 1 1531 19.9700 -154.2800
1.1397415125e+00 -1.2866005526e+00 -3.6680341261e+00
79 64 29
2 0 1950 203.6300 -230.2500 1 1231 187.6500 -184.4800
1.2227715013e+00 1.0449573520e+00 -3.5894083688e+00
225 165 171
2 0 1960 223.9000 191.7200 1 1800 221.5900 185.6500
1.0862137430e+00 1.0569864214e+00 -3.9401892401e+00
208 159 56
2 0 1965 181.8500 177.3200 1 1588 182.7900 185.7000
1.0862137430e+00 1.0569864214e+00 -3.9401892401e+00
208 159 56
2 0 1966 181.8500 177.3200 1 1589 182.7900 185.7000
1.3583230285e+00 6.7690490420e-01 -3.1286901320e+00
229 44 67
2 0 1983 284.0500 142.6400 1 1640 272.7200 113.3500
1.3901338093e+00 6.4727573969e-01 -3.0550291314e+00
234 125 63
2 0 1985 297.4800 139.5400 1 1647 283.9400 106.2700
-6.1656037081e-01 2.3689293913e-01 -2.8870081054e+00
17 23 47
2 0 2011 -143.0500 56.5600 1 1700 -122.2000 8.4800
-4.8702903308e-01 1.4135472002e-01 -2.8609960975e+00
230 170 178
2 0 2016 -114.3200 34.8200 1 1711 -95.6400 -11.2700
1.2254461238e+00 1.1625782986e-01 -3.2934422835e+00
156 104 99
2 0 2021 245.9400 23.9100 1 1853 230.9400 11.8400
-3.8745563946e+00 3.3674922880e-01 -9.8530498762e+00
27 23 22
2 0 2022 -259.8800 22.1700 1 1819 -235.7000 113.8300
-4.6745916180e+00 3.4398242911e-01 -1.0323633343e+01
5 6 5
2 0 2023 -297.7500 21.5400 1 1818 -272.4000 114.4700
-3.7755167852e+00 1.1091345340e-01 -1.0524261152e+01
40 26 29
2 0 2030 -237.8100 6.5000 1 1824 -213.1200 103.4300
-3.7755167852e+00 1.1091345340e-01 -1.0524261152e+01
40 26 29
2 0 2031 -237.8100 6.5000 1 1825 -213.1200 103.4300
1.2671272825e+00 -1.6169882827e-01 -3.2082071222e+00
165 119 118
2 0 2036 260.4300 -32.6400 1 1731 240.7100 -41.4500
-3.7560132143e+00 -6.5822362321e-01 -8.4188486880e+00
52 51 63
2 0 2042 -293.7300 -51.4700 1 1844 -258.7500 32.4300
1.3047419250e+00 -3.1757327508e-01 -3.1646029440e+00
202 173 48
2 0 2053 271.6500 -65.5700 1 1744 247.9700 -70.9900
-3.6539988538e+00 -1.0091890382e+00 -8.1066641747e+00
63 65 72
2 0 2059 -296.4600 -81.7500 1 1855 -257.7700 2.1100
-3.6539988538e+00 -1.0091890382e+00 -8.1066641747e+00
63 65 72
2 0 2060 -296.4600 -81.7500 1 1856 -257.7700 2.1100
1.1386044396e+00 -6.7221856399e-01 -3.6983768832e+00
183 164 46
2 0 2073 203.0700 -119.9700 1 1751 191.4400 -95.5600
1.1858582121e+00 -6.5589529092e-01 -3.6220157438e+00
189 164 46
2 0 2074 215.3100 -119.2700 1 1880 202.6400 -97.7300
-2.2975242308e+00 -2.1621960849e+00 -7.3197603643e+00
30 28 36
2 0 2087 -207.5000 -194.5700 1 1881 -166.2800 -100.9900
-6.1156934492e-02 -1.6057682135e+00 -5.2141689017e+00
58 42 44
2 0 2089 -9.0900 -204.3600 1 1886 10.5800 -131.2800
-2.2007974366e+00 -2.2015500817e+00 -6.5226370655e+00
119 61 53
2 0 2097 -222.1800 -221.4000 1 1885 -176.8100 -131.5600
1.1177620653e+00 1.0760201575e+00 -3.9148133345e+00
213 187 121
2 0 2108 188.8100 181.4400 1 1798 188.4100 189.2400
1.3337755078e+00 7.2006013848e-01 -3.2463021097e+00
234 187 204
2 0 2116 269.6000 146.2400 1 1812 259.8500 123.5400
1.3337755078e+00 7.2006013848e-01 -3.2463021097e+00
234 187 204
2 0 2117 269.6000 146.2400 1 1813 259.8500 123.5400
-6.7434462168e-01 3.0050618347e-01 -2.8869261868e+00
238 173 185
2 0 2141 -155.4100 71.1600 1 1847 -135.7800 20.9100
-7.0298673487e-02 1.5970077528e-01 -3.3979540095e+00
209 35 52
2 0 2152 -15.0000 32.5900 1 1849 -4.9700 18.2300
-4.0185802677e+00 1.7399937418e-01 -9.5693083205e+00
7 9 7
2 0 2154 -276.9600 11.6700 1 1917 -250.8600 101.0900
1.3024285651e+00 6.6729850804e-02 -3.3521927736e+00
215 187 52
2 0 2155 256.7200 13.6000 1 1704 240.7800 5.9000
-3.8255848356e+00 3.9346164593e-02 -1.0340933052e+01
106 96 120
2 0 2157 -245.0700 2.0800 1 1918 -219.5300 97.8300
-3.8188283609e+00 -8.0784533762e-02 -9.2957076100e+00
102 74 70
2 0 2160 -271.1600 -6.0000 1 1924 -243.3200 82.4700
-4.3938517929e+00 -1.3096340179e-01 -9.6590546519e+00
79 74 94
2 0 2162 -299.2500 -9.1600 1 1926 -269.7500 80.7700
-3.8153830583e+00 -3.3571525465e-01 -1.0027627290e+01
8 7 10
2 0 2166 -251.8300 -22.4800 1 1928 -223.5200 72.1500
-4.2474354302e+00 -4.2754451105e-01 -9.1727159422e+00
43 41 56
2 0 2167 -304.3200 -30.7700 1 1932 -271.9000 56.8700
-4.1716277767e+00 -5.9946387506e-01 -8.9121308712e+00
81 77 90
2 0 2169 -307.6000 -44.2600 1 1937 -272.9700 42.3300
-3.5623307754e+00 -7.3710369431e-01 -8.4240149302e+00
112 80 75
2 0 2173 -278.8900 -57.7100 1 1948 -244.3500 27.2200
1.2437753169e+00 -4.7981972761e-01 -3.4514828788e+00
196 171 45
2 0 2185 237.5600 -91.4000 1 1977 220.6400 -80.5600
-3.5486397284e+00 -1.2739074633e+00 -7.9386257152e+00
5 7 8
2 0 2189 -294.0500 -105.2900 1 1960 -252.6100 -20.3400
1.0831421462e+00 -6.5202918034e-01 -3.8740146054e+00
159 135 41
2 0 2192 184.8600 -111.3700 1 1877 176.4800 -82.7100
-4.4029862496e+00 -2.2457737913e+00 -9.3521825450e+00
56 49 65
2 0 2198 -308.3700 -156.9700 1 1872 -261.5300 -56.6700
-4.4029862496e+00 -2.2457737913e+00 -9.3521825450e+00
56 49 65
2 0 2199 -308.3700 -156.9700 1 1873 -261.5300 -56.6700
1.0107641216e+00 -1.0308110717e+00 -4.0462511803e+00
140 137 152
2 0 2201 164.5600 -168.4700 1 1883 158.6400 -124.9600
-9.3613442528e-01 -1.8019712687e+00 -6.4125874942e+00
70 29 11
2 0 2202 -97.6400 -186.5200 1 1978 -68.5900 -101.0600
-1.0976928669e+00 -2.1462026848e+00 -6.4003239322e+00
18 16 15
2 0 2207 -114.3700 -221.7400 1 1884 -81.4200 -130.9700
-1.2662064347e-01 2.1325705435e-01 -3.3526197751e+00
63 2 6
2 0 2233 -25.1200 43.6300 1 1950 -17.2400 25.7900
-4.0056024354e+00 6.7275240785e-01 -1.0361926116e+01
98 86 96
2 0 2234 -255.3200 42.3800 1 2001 -234.0000 136.9800
-4.0056024354e+00 6.7275240785e-01 -1.0361926116e+01
98 86 96
2 0 2235 -255.3200 42.3800 1 2002 -234.0000 136.9800
-1.8142118812e-01 1.9399570244e-01 -3.3096475117e+00
237 229 236
2 0 2236 -36.9500 40.3900 1 2020 -27.1000 20.4600
-2.6681013357e-01 1.6031108269e-01 -3.2311575839e+00
199 182 196
2 0 2237 -55.8500 34.5000 1 1953 -43.3900 10.8300
-9.3687157388e-02 1.0238718777e-01 -3.3960260834e+00
106 3 6
2 0 2240 -18.8500 21.2400 1 1954 -9.6800 8.1600
5.4961327278e-01 -1.1158439636e-02 -3.0705072423e+00
153 15 19
2 0 2242 119.2800 -1.3600 1 1963 112.4800 -24.8900
-3.4201353486e+00 -1.3374837433e+00 -7.8571316712e+00
128 99 96
2 0 2255 -286.4800 -111.7600 1 2029 -245.1100 -26.5700
-7.1182485751e-01 -1.3517121969e+00 -6.3159091021e+00
16 22 37
2 0 2260 -75.8300 -142.6000 1 1974 -50.8900 -64.2700
-4.5300102210e+00 -2.4975877038e+00 -9.7895235838e+00
3 3 3
2 0 2262 -303.0800 -166.8100 1 1875 -256.1700 -62.7400
-5.7787576978e-01 2.1819910469e-01 -2.8655892172e+00
21 21 28
2 0 2285 -134.9000 52.6400 1 2070 -115.3000 3.8900
-5.7787576978e-01 2.1819910469e-01 -2.8655892172e+00
21 21 28
2 0 2286 -134.9000 52.6400 1 2071 -115.3000 3.8900
-4.2612112004e+00 7.8867876488e-01 -1.0427423447e+01
14 11 11
2 0 2287 -269.4600 49.3800 1 2056 -248.3700 143.7000
-4.4095804974e-01 5.2118212332e-02 -2.9019286519e+00
180 129 141
2 0 2289 -102.2400 13.7400 1 2030 -83.7800 -26.3600
1.2998261937e+00 -2.7310617519e-01 -3.2756364619e+00
204 180 48
2 0 2297 261.0300 -54.3600 1 2036 242.0000 -56.8800
1.2205221431e+00 -6.3144375006e-01 -3.4260141155e+00
192 168 48
2 0 2303 235.3100 -121.3700 1 2041 215.6900 -105.9600
-3.3448519073e+00 -1.6072472306e+00 -8.1819205767e+00
59 46 51
2 0 2304 -269.3300 -129.1800 1 2032 -228.2900 -38.8800
-2.0469697638e+00 -2.0551430103e+00 -6.9084015095e+00
5 5 5
2 0 2314 -196.6300 -196.0600 1 2083 -155.1700 -105.8300
-3.3506473572e-01 1.4815314955e-01 -3.1121700685e+00
18 9 13
2 0 2325 -73.2700 33.3500 1 2103 -57.7900 3.0600
1.7752892395e-01 8.3366362756e-02 -3.3285868078e+00
44 5 5
2 0 2326 35.1000 17.8000 1 2104 39.2400 3.0900
1.3423081554e+00 2.2015706862e-02 -3.0947214335e+00
198 173 42
2 0 2349 284.3500 5.6200 1 2110 264.9800 -14.3000
1.3011288223e+00 -5.2975984239e-03 -3.2882690351e+00
220 187 61
2 0 2350 260.9100 -0.4800 1 2139 243.9500 -9.7100
1.2610167123e+00 -3.5585490754e-01 -3.3768987331e+00
202 175 44
2 0 2354 245.4800 -68.9500 1 2114 229.3000 -65.1100
1.0135860071e+00 -9.8967706575e-02 -3.5125992784e+00
174 115 133
2 0 2393 190.9300 -18.1200 1 2170 182.3200 -16.5900
