# Bundle file v0.3
3 38
2.1277768891e+03 -4.5721074620e-04 -1.5882346749e-05
9.9996235223e-01 5.0746463569e-03 7.0386142253e-03
-5.1548695329e-03 9.9992142631e-01 1.1426658383e-02
-6.9800749251e-03 -1.1462511333e-02 9.9990994064e-01
4.3505107241e-03 6.8174926294e-03 -2.4954531291e-03
2.1383320292e+03 2.1470673874e-03 9.0254864687e-05
9.0133673055e-01 -2.5062403766e-01 -3.5324168767e-01
1.6232524589e-01 -5.6066094364e-01 8.1197895344e-01
-4.0155026175e-01 -7.8920649898e-01 -4.6466169334e-01
-1.8760831532e-01 5.0892233312e-01 -8.3343543515e-01
0 0 0
0 0 0
0 0 0
0 0 0
0 0 0
5.8186387807e-02 1.0429062792e-02 -5.9674656128e-01
64 47 29
2 0 512 207.7900 35.4400 1 429 265.0100 101.3700
5.3802905178e-02 -8.0859299453e-03 -6.2653164369e-01
129 104 74
2 0 648 181.2000 -29.1300 1 2028 323.4300 51.8500
-1.4865778934e-02 -1.8625710534e-02 -5.8754290933e-01
189 157 129
2 0 749 -53.3700 -66.4600 1 1845 44.5500 158.0600
-3.1913711406e-02 -2.4831071576e-02 -6.1232672389e-01
160 130 106
2 0 790 -110.7500 -86.1100 1 1966 25.3800 84.7000
-9.1724897849e-03 -2.5926423402e-02 -5.9283310622e-01
114 93 72
2 0 810 -32.9300 -92.2200 1 252 80.5300 162.7700
-2.8070508083e-02 -2.6971608305e-02 -6.1207283066e-01
129 96 69
2 0 815 -97.4600 -93.6500 1 457 41.5300 93.0900
-2.2266948315e-02 -2.9608900879e-02 -6.1037804450e-01
147 123 100
2 0 837 -77.5700 -103.1100 1 404 63.3200 108.5900
-5.6717782363e-02 -3.4187912894e-02 -6.4763458159e-01
126 106 89
2 0 860 -187.5900 -112.7600 1 2151 -5.7900 -30.8000
-3.6609933542e-02 -3.3310185270e-02 -6.2890759133e-01
160 128 103
2 0 861 -124.0100 -113.1500 1 2040 42.0500 46.8900
-1.6955149098e-02 -3.5232227469e-02 -6.1388325570e-01
95 79 64
2 0 884 -59.2300 -122.0300 1 2798 95.0000 114.4000
-5.9452490316e-02 -3.8713000098e-02 -6.5647666904e-01
168 146 106
2 0 893 -193.9700 -126.2800 1 2188 1.9900 -54.3900
-6.5569819471e-02 -5.2295761726e-02 -6.8207116265e-01
72 49 20
2 0 988 -205.8500 -165.0300 1 3033 34.5900 -125.0700
-2.8672101647e-02 -4.9814097065e-02 -6.4614410130e-01
133 110 80
2 0 991 -95.1700 -165.2700 1 2052 120.5500 33.2500
-2.8672101647e-02 -4.9814097065e-02 -6.4614410130e-01
133 110 80
2 0 992 -95.1700 -165.2700 1 2051 120.5500 33.2500
6.4065739540e-02 7.5521526809e-03 -5.9546894871e-01
131 113 86
2 0 1465 228.4800 25.7200 1 2794 285.6000 114.7600
6.1297965018e-02 6.8802008497e-03 -5.9917493721e-01
104 91 75
2 0 1468 217.3000 23.0100 1 1928 283.4200 104.0900
6.3561120222e-02 5.1641580947e-03 -5.9940886103e-01
129 108 81
2 0 1480 224.9600 17.0600 1 407 293.2500 108.5000
-1.3584944555e-02 -1.8258414512e-02 -5.8564327616e-01
119 94 81
2 0 1574 -48.8300 -65.3000 1 1835 45.9400 163.6600
-1.9354946350e-02 -1.9117998494e-02 -5.9229838181e-01
113 91 79
2 0 1580 -69.0900 -67.8400 1 2765 35.9000 142.1000
-2.0677781672e-02 -2.2307137003e-02 -5.9837460156e-01
113 93 77
2 0 1599 -73.1900 -78.7400 1 1886 43.2800 130.0600
-2.5690963381e-02 -2.3640160923e-02 -6.0480254348e-01
201 152 111
2 0 1604 -90.0800 -82.8100 1 2805 35.8700 109.9300
-1.1405883948e-02 -2.9158326325e-02 -5.9983179581e-01
98 80 65
2 0 1632 -40.5700 -102.8900 1 1860 86.5900 147.6100
-5.8296981587e-02 -3.8309249711e-02 -6.5504713993e-01
249 232 194
2 0 1671 -190.5200 -125.2500 1 2964 3.8800 -49.2000
5.7037312465e-02 1.0197837413e-02 -5.9812270313e-01
103 89 63
2 0 2080 203.0800 34.6100 1 2829 263.9400 97.4000
6.0520100245e-02 3.5042120948e-03 -6.0480661443e-01
127 113 84
2 0 2099 212.1500 10.9500 1 3404 294.2700 94.8900
4.6255802594e-02 -1.0444053582e-02 -6.3675873985e-01
124 104 79
2 0 2137 152.9800 -36.8200 1 3446 318.9100 20.6800
5.1320329911e-02 -1.0706343309e-02 -6.3301322187e-01
107 87 60
2 0 2138 171.1600 -38.0500 1 3442 329.4500 35.9600
-5.0886926820e-02 -3.4227037420e-02 -6.4424460359e-01
243 236 193
2 0 2203 -168.8800 -113.6300 1 3780 11.8300 -14.3100
-5.2218506655e-02 -3.6388599795e-02 -6.4830663121e-01
240 225 182
2 0 2212 -172.1400 -120.2200 1 3480 15.2300 -24.6900
-4.5955808521e-02 -3.6779459960e-02 -6.4308557969e-01
231 192 153
2 0 2219 -152.6600 -122.4300 1 3771 32.1300 -0.4500
-5.9548094959e-02 -3.7561997759e-02 -6.5466769471e-01
170 141 102
2 0 2220 -194.4200 -122.9800 1 3797 -2.8200 -50.6500
5.5651266376e-02 7.8126868812e-03 -6.0288347929e-01
100 85 60
2 0 2429 196.5300 25.7500 1 3407 269.7900 88.0300
5.5671149162e-02 5.9742850791e-03 -6.0544759552e-01
56 47 41
2 0 2432 195.7700 19.0400 1 3409 276.0500 84.5100
6.0738395920e-02 5.1565617501e-03 -6.0241893037e-01
67 55 39
2 0 2604 214.0400 16.7300 1 3731 288.9000 98.2000
4.6705479073e-02 -1.4000752827e-02 -6.4209907380e-01
74 61 44
2 0 2808 152.9700 -48.4200 1 4061 334.4900 11.9600
5.8143672856e-02 4.4560578556e-03 -6.0530590232e-01
68 58 48
2 0 2837 203.5700 14.3700 1 4056 286.4500 90.1300
8.2814287158e-02 7.0704687823e-04 -5.8850818653e-01
170 148 128
2 0 2841 297.9100 1.9800 1 3892 341.9900 159.4200
-5.4089949620e-02 -3.2899034997e-02 -6.4400532806e-01
94 69 47
2 0 2847 -180.2400 -108.8700 1 4092 -2.0900 -18.8000
