# Bundle file v0.3
3 291
1.2620782061e+03 1.7337934329e-01 2.9144341003e-02
9.9957682726e-01 -2.9035510846e-02 -1.7622477630e-03
2.9053916712e-02 9.9951150125e-01 1.1516457510e-02
1.4270006803e-03 -1.1562784258e-02 9.9993213054e-01
-1.0731169202e-02 2.3434442143e-02 9.2085445779e-01
1.8286255795e+03 5.4003116802e-02 2.9478558248e-03
9.2645639512e-01 1.1903651125e-01 -3.5708382340e-01
-1.3106751842e-01 9.9132706445e-01 -9.5894161039e-03
3.5284536778e-01 5.5686266476e-02 9.3402311864e-01
-9.7665278833e-01 -6.3543738234e-02 -4.1738517696e-01
1.1236537962e+03 -4.2790065429e-02 -2.1918656279e-03
7.4863914696e-01 -5.1598937705e-01 -4.1628642833e-01
5.4585744604e-01 1.2336348421e-01 8.2874670399e-01
-3.7626995129e-01 -8.4766527211e-01 3.7401137712e-01
-1.1834119117e+00 2.4488767414e+00 -2.8838010646e-01
-9.4385998910e-03 3.6805051712e-01 -2.5341179828e+00
101 83 71
2 0 15 -20.7400 284.7800 1 101 -24.3000 216.2500
-5.3741170008e-01 3.7383563604e-01 -2.8796363208e+00
104 104 96
2 0 88 -362.9100 228.3700 1 79 -224.5800 226.3600
-5.3741170008e-01 3.7383563604e-01 -2.8796363208e+00
104 104 96
2 0 89 -362.9100 228.3700 1 80 -224.5800 226.3600
2.8846667545e-01 2.6054513767e-01 -2.5318288480e+00
120 86 49
2 0 140 216.9000 207.5700 1 274 154.8500 124.6500
4.7353186333e-03 2.3692262058e-01 -2.5745691921e+00
155 141 128
2 0 213 -6.4700 176.6500 1 270 -16.0400 127.0200
2.5717788549e-01 2.1535555322e-01 -2.5596692971e+00
43 28 21
2 0 239 189.3300 168.1700 1 322 136.1700 94.7900
3.8274215291e-01 9.5248070534e-02 -2.9518802972e+00
76 69 65
2 0 466 234.1200 59.4100 1 487 267.4600 5.9400
3.8576112542e-01 4.1573659065e-02 -2.9615763541e+00
129 109 80
3 0 534 234.3700 25.0200 1 548 269.0800 -27.2000 2 277 223.6600 149.6700
3.4345170834e-01 3.6472454470e-02 -2.9737174948e+00
82 71 53
2 0 542 208.1100 21.7000 1 1130 242.9500 -25.8200
3.5482910629e-01 3.4067712603e-02 -2.9729838415e+00
81 68 51
2 0 545 215.3600 20.3000 1 549 249.2800 -28.0300
4.3478929264e-01 3.3348443468e-03 -2.9891888982e+00
141 117 83
2 0 578 263.8500 3.1300 1 600 296.0200 -53.1400
4.3192369997e-01 -2.0524452783e-02 -2.9922710990e+00
127 104 70
2 0 599 262.1000 -11.3900 1 632 292.8900 -67.1700
4.3625272006e-01 -3.1744471738e-02 -2.9974599317e+00
153 132 98
2 0 613 264.3400 -18.1000 1 652 295.2300 -74.1400
2.4101823117e-01 -3.3046042701e-02 -2.9415210322e+00
70 61 56
2 0 628 148.0400 -22.8900 1 1157 174.0000 -59.1300
1.1339312305e-01 -4.8266733679e-02 -2.7125306366e+00
44 32 25
2 0 668 76.6700 -36.9100 1 1162 57.2900 -63.2600
3.8829791502e-01 -9.7078925588e-02 -3.0043131156e+00
173 149 115
2 0 727 235.1100 -58.4700 1 700 263.1200 -108.3900
-7.0739905768e-02 -8.3274178217e-02 -2.6812268267e+00
189 157 129
2 0 749 -53.3700 -66.4600 1 640 -58.6700 -68.9900
-3.3083945351e-01 -8.6112009735e-02 -2.6777062144e+00
87 56 26
2 0 764 -241.8300 -74.7000 1 588 -203.0200 -47.9500
-1.5276993584e-01 -1.0885310916e-01 -2.6981303834e+00
160 130 106
2 0 790 -110.7500 -86.1100 1 655 -102.3300 -76.5800
-1.9138224256e-01 -1.4141132529e-01 -2.7160511414e+00
127 94 70
2 0 852 -136.3500 -109.2800 1 680 -121.3300 -92.1000
-1.0151313942e-01 -1.5803052623e-01 -2.6924901385e+00
129 110 93
3 0 880 -75.5700 -120.3100 1 706 -77.4300 -111.1200 2 2500 -56.3600 143.1000
-1.0151313942e-01 -1.5803052623e-01 -2.6924901385e+00
129 110 93
3 0 881 -75.5700 -120.3100 1 707 -77.4300 -111.1200 2 2501 -56.3600 143.1000
4.7642230224e-02 -1.7739605687e-01 -2.7649339224e+00
82 52 26
2 0 896 32.1600 -126.2700 1 753 20.5700 -134.2400
3.2517776152e-02 -1.9485424571e-01 -2.7712687076e+00
157 112 74
2 0 925 22.0800 -138.2400 1 768 12.0700 -142.9200
-2.9675569028e-01 -2.2008082649e-01 -2.7519135038e+00
72 49 20
2 0 988 -205.8500 -165.0300 1 733 -173.9400 -127.1600
-1.0510723925e-01 -2.8955006856e-01 -2.7483293200e+00
159 124 97
2 0 1085 -71.3600 -208.8600 1 824 -76.6100 -187.3400
-5.8336293514e-02 -3.2288762296e-01 -2.8140336205e+00
85 55 28
2 0 1109 -36.7900 -223.5700 1 840 -38.2000 -207.5000
-3.8771197706e-01 -3.4561225652e-01 -2.7620082577e+00
57 54 42
2 0 1153 -267.1700 -254.3900 1 831 -226.9200 -191.0100
-1.2074625302e-01 -3.9223003664e-01 -2.8383933636e+00
38 30 18
2 0 1164 -76.5600 -269.0500 1 853 -71.1400 -239.4700
-1.1900581862e-01 -3.9675197266e-01 -2.8408268775e+00
120 113 102
2 0 1165 -75.2300 -271.7100 1 855 -69.9700 -242.1000
-4.7258888058e-01 3.9645722422e-01 -2.9032822209e+00
65 63 51
2 0 1208 -316.1000 240.5600 1 67 -184.9200 234.5200
4.0082978830e-02 2.9953402127e-01 -2.5537032342e+00
148 136 124
2 0 1226 19.5400 228.4400 1 190 5.2600 166.8600
-5.3712757112e-01 3.7087465055e-01 -2.8865535282e+00
30 30 22
2 0 1230 -361.3200 225.5700 1 84 -222.7800 224.2400
1.4159479087e-01 2.6882797853e-01 -2.5491337380e+00
193 176 169
2 0 1255 99.2300 207.6700 1 242 64.7600 139.8100
2.8605599183e-01 2.5611079086e-01 -2.5303523144e+00
54 29 22
2 0 1262 215.2600 204.1500 1 279 152.6000 121.8800
2.7086098131e-01 2.4928263072e-01 -2.5350060425e+00
115 110 104
2 0 1274 202.7700 197.3500 1 988 142.9000 118.5200
1.2575006784e-01 2.5661405025e-01 -2.5544437468e+00
177 162 153
2 0 1275 86.8400 197.0200 1 260 55.0100 132.5500
1.9579816059e-01 2.4561934991e-01 -2.5525212174e+00
144 133 129
2 0 1281 141.7600 190.3900 1 283 97.8200 120.4900
-1.7899168119e-02 2.4449364659e-01 -2.5740810368e+00
104 80 66
2 0 1288 -23.8700 181.8200 1 256 -29.2200 133.7600
1.2273583663e-01 2.3338264421e-01 -2.5621368148e+00
188 173 166
2 0 1294 84.5700 177.9700 1 989 52.9600 117.0500
-2.7245630810e-02 2.3743598042e-01 -2.5770427512e+00
177 152 132
2 0 1302 -30.8900 176.0900 1 267 -34.5500 129.4300
1.7970585220e-01 2.2541932711e-01 -2.5609195389e+00
145 135 133
2 0 1307 128.8900 173.3700 1 301 87.7500 107.7100
9.8068927696e-02 2.2501420825e-01 -2.5674914956e+00
195 176 169
2 0 1311 65.5600 170.1100 1 294 38.1500 113.3300
1.1611238270e-02 2.1861488072e-01 -2.5807276893e+00
204 169 143
2 0 1320 -0.7200 161.8900 1 293 -11.9200 114.7100
3.3141935693e-01 2.1505999603e-01 -2.6402989563e+00
85 76 68
2 0 1321 235.9200 160.9700 1 332 198.5100 87.3800
8.4994804622e-02 2.1093745779e-01 -2.5746852184e+00
184 163 151
2 0 1327 55.5800 158.1700 1 1001 30.6000 104.8400
-3.0287761432e-02 1.3742435481e-01 -2.6100103539e+00
108 78 62
2 0 1393 -30.2600 97.2500 1 378 -36.0200 64.8200
-3.0287761432e-02 1.3742435481e-01 -2.6100103539e+00
108 78 62
2 0 1394 -30.2600 97.2500 1 379 -36.0200 64.8200
3.5478770273e-01 1.0740053361e-01 -2.9225797407e+00
65 58 50
2 0 1420 219.4000 67.7000 1 1522 247.8400 15.2800
-5.8595198259e-02 8.7563921206e-02 -2.6289334887e+00
115 83 68
2 0 1425 -49.7300 58.5600 1 438 -51.7300 35.3100
1.1543137174e-01 7.4257961529e-02 -2.6131492275e+00
208 167 138
2 0 1430 79.9000 53.0200 1 473 46.9700 12.8900
3.7612737250e-01 4.2814283246e-02 -2.9632469133e+00
131 113 86
3 0 1465 228.4800 25.7200 1 1129 263.1200 -25.4300 2 1729 219.2100 145.1800
3.3150127202e-02 3.4168239883e-02 -2.6324024273e+00
142 125 117
2 0 1470 19.1700 20.9600 1 508 -1.1900 -5.7700
6.8166135947e-02 -2.2919628619e-03 -2.6418067737e+00
52 34 23
2 0 1495 45.5500 -5.2400 1 556 18.9100 -31.7200
3.3447902549e-01 -2.4289354368e-02 -2.9846014215e+00
131 105 71
2 0 1506 202.5500 -15.7200 1 1160 234.7400 -60.8900
4.0996129648e-01 -3.7220217188e-02 -2.9944793428e+00
96 79 49
2 0 1519 248.4800 -21.9100 1 1186 278.9900 -75.1700
1.5219700445e-01 -3.8817590469e-02 -2.7182754206e+00
82 47 34
2 0 1527 103.5700 -29.4900 1 618 82.1000 -60.6400
-1.8106515029e-01 -4.2095464874e-02 -2.6810878465e+00
153 130 112
2 0 1536 -133.5800 -39.1000 1 562 -117.5400 -34.5000
-1.3677105290e-01 -4.7590656760e-02 -2.6815305097e+00
107 78 55
2 0 1541 -101.4700 -42.4000 1 577 -93.2100 -41.2100
-1.3677105290e-01 -4.7590656760e-02 -2.6815305097e+00
107 78 55
2 0 1542 -101.4700 -42.4000 1 578 -93.2100 -41.2100
2.4043551793e-01 -6.6375294171e-02 -2.9809424612e+00
76 63 44
2 0 1545 145.5600 -43.4200 1 660 177.4500 -77.2900
-1.4952746619e-03 -6.7181417910e-02 -2.6672180271e+00
104 88 73
2 0 1554 -4.0700 -53.7100 1 629 -21.1000 -65.7100
1.2623077525e-01 -7.2949676434e-02 -2.7292339062e+00
75 50 31
2 0 1556 85.4900 -53.6800 1 1195 66.3700 -79.2700
-1.2890108328e-01 -6.8009192299e-02 -2.6825222733e+00
126 98 77
2 0 1560 -95.3700 -56.8200 1 603 -90.0200 -54.3700
-1.4925845009e-01 -7.9200352016e-02 -2.6908152224e+00
158 139 115
2 0 1571 -109.3200 -64.8300 1 612 -100.0900 -59.4800
-6.4278965281e-02 -8.1657819867e-02 -2.6784978936e+00
119 94 81
2 0 1574 -48.8300 -65.3000 1 638 -55.5400 -68.5800
1.1383677038e-01 -8.9703588249e-02 -2.7358127921e+00
61 42 36
2 0 1575 76.9100 -65.4800 1 1208 59.1800 -88.2300
1.1383677038e-01 -8.9703588249e-02 -2.7358127921e+00
61 42 36
2 0 1576 76.9100 -65.4800 1 1209 59.1800 -88.2300
-1.5921064829e-01 -7.9995104262e-02 -2.6915135728e+00
200 151 100
2 0 1577 -116.3600 -65.7200 1 611 -105.5000 -58.9300
-2.0997983657e-01 -1.1470217840e-01 -2.7081571699e+00
150 113 87
2 0 1615 -150.6500 -91.2500 1 654 -131.6200 -74.6100
-1.7876893644e-01 -1.2004818319e-01 -2.7073590288e+00
120 97 70
2 0 1619 -128.4300 -94.2800 1 666 -115.1300 -80.7100
-5.5200851982e-02 -1.4765644428e-01 -2.6985953421e+00
115 96 79
2 0 1646 -40.4800 -111.6200 1 701 -50.4200 -109.0500
-5.5200851982e-02 -1.4765644428e-01 -2.6985953421e+00
115 96 79
2 0 1647 -40.4800 -111.6200 1 702 -50.4200 -109.0500
-2.4491186136e-01 -1.4948844772e-01 -2.7242952131e+00
127 101 61
2 0 1653 -173.3600 -115.9600 1 679 -148.7700 -91.6200
-3.3742426205e-01 -1.8579913659e-01 -2.7564747439e+00
69 37 17
2 0 1690 -234.3400 -141.4600 1 696 -191.7700 -103.7600
-2.0255107112e-01 -1.8986483350e-01 -2.7302039884e+00
179 141 104
2 0 1694 -142.2500 -143.1800 1 719 -127.1800 -119.0200
-2.5559956964e-01 -1.8981945186e-01 -2.7378733775e+00
204 168 120
2 0 1696 -178.9500 -143.5500 1 709 -153.7400 -114.1900
-7.2479056043e-02 -1.9510721911e-01 -2.7129830667e+00
103 85 65
2 0 1698 -51.4400 -144.7800 1 757 -60.1700 -135.6900
-2.6805840407e-01 -2.0066658758e-01 -2.7424320119e+00
216 198 153
2 0 1708 -187.0600 -151.2500 1 718 -159.9300 -119.1000
-1.1626827782e-01 -2.0517253563e-01 -2.7221097269e+00
99 80 62
2 0 1709 -81.7800 -152.3800 1 760 -83.0600 -136.9000
-1.3345057256e-01 -2.0641909270e-01 -2.7255977801e+00
125 104 81
2 0 1713 -93.6900 -153.3200 1 756 -91.7800 -135.9100
-2.8390331606e-01 -2.1989042335e-01 -2.7509752268e+00
99 75 42
2 0 1730 -196.9400 -164.7000 1 740 -167.3900 -128.2100
-2.6835256378e-01 -2.2300189023e-01 -2.7486534042e+00
123 90 61
2 0 1731 -186.2700 -166.5300 1 751 -159.9800 -131.7500
2.9552415550e-03 -2.3883050137e-01 -2.7861848460e+00
74 45 23
2 0 1733 2.7200 -167.7800 1 1303 -4.5200 -165.6600
-3.0119500958e-03 -2.4712952540e-01 -2.7890934607e+00
87 56 29
2 0 1738 -1.1600 -173.3700 1 1308 -7.8100 -169.8000
-1.7258407547e-01 -2.4112622770e-01 -2.7404413709e+00
121 95 68
2 0 1741 -119.6800 -177.3300 1 781 -111.9500 -152.2200
-1.0541999115e-02 -2.5688112921e-01 -2.7914812375e+00
87 49 21
2 0 1746 -6.0700 -179.9600 1 809 -12.1800 -174.7300
-3.1765915489e-01 -2.4850885252e-01 -2.7608152838e+00
151 126 99
2 0 1752 -219.0500 -184.7200 1 1267 -184.4600 -141.2600
-9.8443736646e-02 -2.8199972000e-01 -2.7468516709e+00
119 85 57
2 0 1762 -66.9200 -203.5000 1 820 -72.7700 -183.6800
-6.2586912361e-02 -3.1423282031e-01 -2.8136197230e+00
138 111 88
2 0 1774 -39.7900 -218.0500 1 837 -39.9700 -201.7700
-3.2863635704e-01 -3.0927357343e-01 -2.7822419773e+00
154 143 121
2 0 1779 -223.3500 -224.9800 1 807 -188.5600 -174.2700
-3.0663511372e-01 -3.1513706359e-01 -2.7806242290e+00
145 134 112
2 0 1782 -208.2300 -228.5800 1 816 -177.9600 -179.9200
-3.3588057789e-01 -3.1949035994e-01 -2.7766672892e+00
58 49 34
2 0 1784 -228.9800 -232.9100 1 815 -194.4700 -179.8200
-2.9761811390e-01 -3.3271478560e-01 -2.7853383763e+00
166 157 140
2 0 1789 -201.2500 -239.9900 1 829 -173.2100 -190.6100
-2.7882668341e-01 -3.4802641407e-01 -2.7847187261e+00
125 100 77
2 0 1799 -188.1600 -250.1600 1 1329 -164.6000 -201.3600
-1.9277283015e-01 -3.6855104232e-01 -2.7798641630e+00
109 81 57
2 0 1805 -128.9900 -262.6600 1 849 -121.8400 -222.4800
-1.8013242136e-01 -4.1538413286e-01 -2.7972920044e+00
28 13 6
2 0 1809 -118.4800 -291.9600 1 1342 -114.1500 -250.2300
-5.5538360148e-01 3.7314355035e-01 -2.8656258078e+00
186 187 181
2 0 1840 -377.7700 229.4900 1 884 -237.3000 227.8300
-5.5538360148e-01 3.7314355035e-01 -2.8656258078e+00
186 187 181
2 0 1841 -377.7700 229.4900 1 885 -237.3000 227.8300
-5.4679189380e-01 3.7200271734e-01 -2.8725006714e+00
168 169 163
2 0 1843 -370.5600 227.9600 1 887 -231.2500 226.2800
-5.4679189380e-01 3.7200271734e-01 -2.8725006714e+00
168 169 163
2 0 1844 -370.5600 227.9600 1 888 -231.2500 226.2800
-5.2759947984e-01 3.5232959872e-01 -2.8829271660e+00
52 53 47
2 0 1874 -355.2800 214.2300 1 897 -219.9800 213.1800
1.3100607883e-01 2.5797235208e-01 -2.5532489838e+00
146 132 123
2 0 1897 90.9900 198.2900 1 259 58.1200 133.2300
3.3455684429e-01 2.2646135767e-01 -2.6368183875e+00
164 156 137
2 0 1939 238.6400 169.6600 1 1009 200.8400 95.0500
1.9644556314e-01 2.1903529474e-01 -2.5620296069e+00
173 164 159
2 0 1942 142.0000 168.4500 1 1479 97.9800 102.5300
1.9644556314e-01 2.1903529474e-01 -2.5620296069e+00
173 164 159
2 0 1943 142.0000 168.4500 1 1480 97.9800 102.5300
1.0073029286e-01 2.2013251654e-01 -2.5688307709e+00
159 142 135
2 0 1947 67.5900 166.4400 1 997 39.7500 109.6700
3.7085088283e-02 2.1836040410e-01 -2.5737190556e+00
217 189 177
2 0 1948 18.7000 163.1500 1 297 1.8300 112.8000
-4.5407895374e-02 2.0364978100e-01 -2.5879801569e+00
156 142 125
2 0 1968 -43.7100 148.8500 1 998 -45.2100 108.4600
4.7922016193e-01 6.6011682219e-02 -2.9912964179e+00
79 70 63
2 0 2072 290.2200 42.2000 1 1549 327.5300 -19.2300
2.0071973638e-01 2.6073382204e-02 -2.6978839672e+00
71 44 27
2 0 2092 137.9700 17.4400 1 1554 112.2300 -24.5400
3.4968624044e-01 1.8704988828e-02 -2.9827216527e+00
127 113 84
3 0 2099 212.1500 10.9500 1 1561 246.0500 -37.0200 2 3006 224.0600 122.6300
-3.7151946669e-01 1.4900251121e-02 -2.7060289983e+00
180 155 114
2 0 2110 -269.1200 -2.4600 1 468 -209.9200 15.2400
-1.7145994114e-01 -4.0047966865e-03 -2.6699820796e+00
204 166 136
2 0 2115 -128.2100 -11.6000 1 1113 -112.3400 -12.1800
-1.7145994114e-01 -4.0047966865e-03 -2.6699820796e+00
204 166 136
2 0 2116 -128.2100 -11.6000 1 1114 -112.3400 -12.1800
-3.9951664013e-01 1.3018243718e-03 -2.7272083011e+00
140 112 73
2 0 2117 -285.6800 -12.7000 1 479 -219.6500 9.3600
5.7721266331e-02 -1.8282390256e-02 -2.6473289609e+00
63 42 25
2 0 2122 38.1000 -17.1000 1 1142 12.7300 -40.9000
2.5299638355e-01 -5.6193096314e-02 -2.9825051395e+00
124 104 79
2 0 2137 152.9800 -36.8200 1 1581 185.5300 -72.5300
1.3237769359e-01 -6.5513798825e-02 -2.7276743760e+00
65 39 26
2 0 2143 89.7300 -48.5000 1 1583 70.2300 -75.1500
-1.9054288865e-01 -6.0170476122e-02 -2.6901992084e+00
151 135 121
2 0 2148 -139.2600 -52.4200 1 1143 -121.7500 -44.0900
-1.8509589434e-02 -7.4070538007e-02 -2.6705347681e+00
135 115 100
2 0 2153 -16.2900 -58.5100 1 641 -30.6500 -68.9000
-1.5390902016e-01 -7.6716160946e-02 -2.6909635370e+00
121 89 67
2 0 2158 -112.6800 -63.1900 1 1153 -102.4600 -57.5200
-2.6393974818e-01 -7.5598911906e-02 -2.7192756219e+00
99 73 53
2 0 2161 -188.6100 -64.4500 1 586 -155.2400 -46.3500
1.0723200845e-01 -9.8322728511e-02 -2.7381208058e+00
61 38 25
2 0 2164 72.4000 -71.5400 1 1218 55.1500 -92.8500
-1.5555841381e-01 -9.0131329625e-02 -2.6964203917e+00
169 144 127
2 0 2167 -113.1300 -73.2000 1 628 -102.9900 -64.6900
-3.2650590826e-01 -8.8064834994e-02 -2.6825981272e+00
182 142 106
2 0 2174 -237.9200 -75.9500 1 1567 -199.4900 -49.2400
-2.3374925171e-01 -9.3101699202e-02 -2.7034395270e+00
153 128 104
2 0 2175 -168.4400 -76.5200 1 1159 -144.2600 -59.8700
-1.2679883380e-01 -9.8402840391e-02 -2.6890157234e+00
129 99 79
2 0 2177 -92.9400 -78.2900 1 1582 -89.4100 -72.9800
-3.7335362832e-01 -9.6060627000e-02 -2.7080016409e+00
155 134 92
2 0 2179 -268.1700 -81.6300 1 590 -217.8000 -49.8100
-1.7142320298e-01 -1.0609318342e-01 -2.7022643699e+00
115 84 60
2 0 2182 -123.8500 -84.2700 1 1178 -111.3900 -73.2900
-3.3279242154e-01 -1.0156585260e-01 -2.6867928018e+00
208 182 145
2 0 2183 -241.7100 -85.6400 1 1568 -202.6000 -56.7000
-2.7925972926e-01 -1.0819526453e-01 -2.7286309571e+00
100 73 53
2 0 2184 -197.9600 -87.1300 1 626 -163.2000 -64.4900
-1.5974879031e-01 -1.1023360587e-01 -2.6999685223e+00
127 98 74
2 0 2185 -115.5600 -87.2900 1 1190 -105.8300 -76.6000
-3.3670789033e-01 -1.1134755680e-01 -2.6905652920e+00
250 231 185
2 0 2188 -243.8900 -92.5500 1 1572 -204.3000 -62.1700
-1.7225277440e-01 -1.1959478458e-01 -2.7066006628e+00
170 140 120
2 0 2190 -123.7900 -94.1900 1 1198 -111.7200 -80.6300
-7.6706007789e-02 -1.2346132760e-01 -2.6939186757e+00
130 117 101
2 0 2191 -56.4200 -94.9900 1 1216 -61.9200 -92.5300
-7.6706007789e-02 -1.2346132760e-01 -2.6939186757e+00
130 117 101
2 0 2192 -56.4200 -94.9900 1 1217 -61.9200 -92.5300
-2.3894431353e-01 -1.2584241433e-01 -2.7163866190e+00
210 160 103
2 0 2196 -170.2900 -99.5200 1 1193 -145.9800 -78.3700
-1.8220012480e-01 -1.3802640787e-01 -2.7109258260e+00
166 141 119
2 0 2200 -130.3100 -106.8200 1 1215 -117.3700 -91.2200
-7.1542751790e-02 -1.4613170602e-01 -2.7008591312e+00
135 118 98
2 0 2202 -52.0300 -111.0000 1 1234 -58.9900 -106.2200
-2.3843835792e-01 -1.4630760317e-01 -2.7237081721e+00
243 236 193
2 0 2203 -168.8800 -113.6300 1 1213 -145.2200 -90.2900
-2.5190938670e-01 -1.4812312923e-01 -2.7265915629e+00
206 165 115
2 0 2204 -178.0900 -115.1100 1 1211 -151.8400 -90.0200
-2.2995911313e-01 -1.4827898431e-01 -2.7191786249e+00
204 160 111
2 0 2205 -163.3000 -114.9100 1 682 -141.9500 -92.5700
-2.4369721024e-01 -1.5584974543e-01 -2.7270097689e+00
240 225 182
2 0 2212 -172.1400 -120.2200 1 1222 -147.8500 -95.4500
-6.0439213095e-02 -1.6044280313e-01 -2.7039459338e+00
96 76 60
2 0 2213 -43.8900 -120.1200 1 714 -53.0500 -116.6200
-4.8671672790e-01 -1.5396669304e-01 -2.7980686080e+00
192 160 112
2 0 2214 -332.5100 -121.0800 1 645 -254.7300 -70.9400
-2.1571955729e-01 -1.5973059480e-01 -2.7232762181e+00
231 192 153
2 0 2219 -152.6600 -122.4300 1 1227 -133.9900 -100.5100
4.1427268068e-02 -1.8810244755e-01 -2.7682157533e+00
64 40 24
2 0 2227 28.0600 -133.4900 1 1265 16.9500 -140.0200
-2.0889087678e-01 -1.8041539771e-01 -2.7293791074e+00
230 207 175
2 0 2229 -146.9600 -136.5900 1 1242 -130.1700 -113.0300
-2.6830643289e-01 -1.7974594583e-01 -2.7348416025e+00
222 174 116
2 0 2230 -188.3800 -136.9500 1 1235 -160.6200 -107.2800
-2.4361754849e-01 -1.8374342548e-01 -2.7330517641e+00
233 199 154
2 0 2234 -171.0700 -139.3900 1 1240 -148.1600 -111.8200
-2.1673026370e-01 -1.9341013157e-01 -2.7345264450e+00
212 189 157
2 0 2238 -151.8300 -145.5800 1 1247 -133.9900 -119.7700
-2.1673026370e-01 -1.9341013157e-01 -2.7345264450e+00
212 189 157
2 0 2239 -151.8300 -145.5800 1 1248 -133.9900 -119.7700
-1.2705055493e-01 -2.0385020802e-01 -2.7250376405e+00
99 80 65
2 0 2241 -89.2600 -151.4100 1 1261 -88.2100 -135.0000
-2.7061997500e-01 -2.0648364585e-01 -2.7425506354e+00
211 195 145
2 0 2245 -188.7800 -155.2800 1 1249 -161.6600 -122.4000
-1.4801633355e-01 -2.1932559640e-01 -2.7306338219e+00
113 90 65
2 0 2247 -103.4500 -162.1800 1 1269 -99.4600 -142.2000
-2.3269927733e-01 -2.2430405839e-01 -2.7449240885e+00
188 163 137
2 0 2250 -161.6500 -166.7700 1 754 -142.0400 -136.1300
-2.3269927733e-01 -2.2430405839e-01 -2.7449240885e+00
188 163 137
2 0 2251 -161.6500 -166.7700 1 755 -142.0400 -136.1300
-2.2648851427e-01 -2.2406876196e-01 -2.7421126893e+00
144 114 84
2 0 2253 -157.5400 -166.7800 1 758 -139.4100 -136.6000
-1.4456409766e-01 -2.4368296784e-01 -2.7376644399e+00
105 88 72
2 0 2266 -100.1900 -178.7700 1 1291 -97.5500 -156.5400
-1.0974642743e-01 -2.5263390305e-01 -2.7364563463e+00
94 72 51
2 0 2272 -75.7400 -184.2700 1 1301 -79.3800 -165.4900
-1.4565423583e-01 -2.5450691758e-01 -2.7419444726e+00
106 88 66
2 0 2278 -100.5300 -185.9800 1 796 -97.8600 -162.6700
-2.2333629903e-01 -2.6035567752e-01 -2.7494358463e+00
134 103 74
2 0 2283 -154.1700 -191.3300 1 1292 -138.3600 -158.0800
-2.2333629903e-01 -2.6035567752e-01 -2.7494358463e+00
134 103 74
2 0 2284 -154.1700 -191.3300 1 1293 -138.3600 -158.0800
-2.9042958299e-01 -2.6302892816e-01 -2.7617221985e+00
111 92 72
2 0 2289 -199.7600 -193.8200 1 1282 -170.9400 -152.4700
-2.5303291217e-01 -2.6995409783e-01 -2.7592202683e+00
131 103 74
2 0 2293 -173.8200 -198.1400 1 1296 -152.3000 -159.9500
-3.7117830775e-01 -2.7417813945e-01 -2.7881992003e+00
34 24 13
2 0 2294 -252.4400 -201.3100 1 1278 -206.5800 -149.7200
-3.1899249694e-01 -2.7499010416e-01 -2.7686585429e+00
175 138 94
2 0 2295 -218.7300 -202.2000 1 1289 -184.8700 -156.3700
-2.6793703347e-01 -2.9867885561e-01 -2.7678918746e+00
143 110 77
2 0 2306 -182.9800 -217.3700 1 1315 -159.9200 -175.1000
-1.3173232738e-01 -3.2407790477e-01 -2.7660032047e+00
111 88 69
2 0 2316 -88.4100 -231.9000 1 838 -89.3100 -203.6400
-2.9173035791e-01 -3.2349208693e-01 -2.7827534386e+00
170 156 126
2 0 2317 -197.5400 -234.0700 1 1321 -170.1500 -185.6400
-1.2254973935e-01 -4.1691153437e-01 -2.8415322840e+00
52 46 26
2 0 2331 -77.2500 -285.0700 1 1346 -73.1400 -253.5900
-1.9251831439e-01 -4.1564952795e-01 -2.7977502503e+00
35 22 6
2 0 2332 -126.9200 -292.2000 1 1341 -120.6700 -249.2700
-5.6760537340e-01 3.6771610784e-01 -2.8668339827e+00
32 32 24
2 0 2358 -385.5900 225.4700 1 1392 -243.4400 225.5300
-5.5741197659e-01 3.6667806959e-01 -2.8744819470e+00
30 33 26
2 0 2359 -377.1700 224.0500 1 1396 -236.3200 223.7700
-1.0235671516e-01 2.6351084285e-01 -2.5938221523e+00
81 42 27
2 0 2375 -87.9900 192.4600 1 1677 -72.7200 150.5100
2.0143948870e-01 2.4345047485e-01 -2.5517417535e+00
168 157 151
2 0 2377 146.3200 188.8200 1 987 101.0400 118.8100
2.7408762155e-03 1.7168415516e-01 -2.5941948720e+00
226 204 190
2 0 2404 -6.3400 124.6900 1 1492 -17.6700 84.7900
2.7814305224e-01 1.2988357064e-01 -2.6622802442e+00
48 35 26
2 0 2410 195.2900 95.0800 1 1513 161.5500 35.5600
-1.2962551100e-01 1.3114795942e-01 -2.6234567431e+00
94 61 47
2 0 2414 -103.5500 89.5500 1 1706 -90.8200 68.2400
4.6045292566e-01 9.4970922525e-02 -2.9996004527e+00
31 22 15
2 0 2421 276.9000 59.0900 1 1826 319.5200 -0.1400
3.2287824719e-01 3.2788976403e-02 -2.9818057557e+00
56 47 41
3 0 2432 195.7700 19.0400 1 1724 230.8500 -26.1100 2 3334 204.2200 113.7300
3.6465375055e-01 3.0025574175e-02 -2.9773790196e+00
120 103 76
2 0 2433 221.0400 18.1700 1 1730 255.3200 -31.4300
3.6465375055e-01 3.0025574175e-02 -2.9773790196e+00
120 103 76
2 0 2434 221.0400 18.1700 1 1731 255.3200 -31.4300
-4.3355447990e-01 3.5696199821e-02 -2.7511752364e+00
194 162 112
2 0 2435 -306.7900 11.1000 1 1077 -228.2600 31.1500
-2.6656530977e-01 -2.0024217194e-02 -2.6887991666e+00
35 29 24
2 0 2451 -194.9900 -24.9500 1 1722 -160.8000 -14.1400
2.7052339400e-01 -8.0541123459e-02 -2.9892305785e+00
137 114 81
2 0 2462 163.7700 -51.4600 1 1748 194.7000 -87.8800
-9.2852068181e-03 -7.6993755396e-02 -2.6717282619e+00
102 85 71
2 0 2466 -9.5200 -60.6000 1 1579 -25.2800 -71.2700
-9.2852068181e-03 -7.6993755396e-02 -2.6717282619e+00
102 85 71
2 0 2467 -9.5200 -60.6000 1 1580 -25.2800 -71.2700
3.2941972108e-01 -1.4115823986e-01 -3.0091826561e+00
128 103 68
2 0 2473 199.3700 -86.4400 1 1756 226.6500 -128.1800
-3.7363699210e-01 -1.3248249360e-01 -2.7077566435e+00
163 148 115
2 0 2482 -267.8500 -107.6800 1 646 -220.4600 -71.1600
-6.3300974575e-02 -1.4521962064e-01 -2.6982592615e+00
101 82 69
2 0 2483 -46.3200 -109.9700 1 1596 -54.9000 -106.9400
-4.7035207032e-01 -1.4096668413e-01 -2.7855375269e+00
177 142 93
2 0 2486 -323.5300 -112.3100 1 1166 -249.1500 -65.4200
-4.6359582784e-01 -2.2222884832e-01 -2.7784606345e+00
144 112 73
2 0 2501 -319.0500 -169.1400 1 1241 -252.9100 -111.8800
-1.4212405409e-01 -2.3467108682e-01 -2.7338242477e+00
100 81 67
2 0 2506 -98.8100 -173.0100 1 1611 -96.5000 -151.2600
-2.9045944076e-01 -2.4833184275e-01 -2.7584047263e+00
155 126 98
2 0 2508 -200.3200 -184.0600 1 1607 -170.8200 -143.8700
-2.9831454111e-01 -2.6250146637e-01 -2.7628018590e+00
157 123 87
2 0 2517 -205.1300 -193.6900 1 1609 -174.7500 -151.2000
-3.4593459161e-01 -2.7996112799e-01 -2.7756218723e+00
104 76 54
2 0 2523 -236.5400 -205.8900 1 1614 -197.3200 -156.0700
-2.7273757606e-01 -2.9303435762e-01 -2.7692167799e+00
179 157 125
2 0 2525 -186.2500 -213.4400 1 1621 -161.7200 -171.2500
-2.7974914874e-01 -3.0429139195e-01 -2.7731730641e+00
173 153 121
2 0 2527 -190.5500 -221.1100 1 1624 -165.1300 -176.7700
-2.7663454538e-01 -3.1747676344e-01 -2.7753218844e+00
134 101 76
2 0 2533 -188.0000 -229.9500 1 1629 -163.8300 -184.5900
-2.2563193942e-01 -4.0682178408e-01 -2.7857112408e+00
93 79 68
2 0 2543 -150.6800 -289.1000 1 1641 -140.4900 -241.2300
-2.2563193942e-01 -4.0682178408e-01 -2.7857112408e+00
93 79 68
2 0 2544 -150.6800 -289.1000 1 1642 -140.4900 -241.2300
-8.1051683721e-03 3.3463032568e-01 -2.5414846190e+00
126 114 98
2 0 2551 -18.9000 257.1300 1 1666 -24.2100 193.4000
-2.1832586962e-02 3.0888532949e-01 -2.5515024404e+00
133 117 99
2 0 2556 -28.7500 234.7300 1 1670 -32.1500 177.0500
1.2363417983e-01 2.5393308842e-01 -2.5540311720e+00
188 171 163
2 0 2568 85.2500 194.9900 1 1684 53.4000 130.8600
-6.2944712182e-02 2.5053094705e-01 -2.5731739748e+00
81 54 35
2 0 2572 -58.4200 185.4100 1 1804 -55.8700 141.0100
4.0002655994e-02 1.8764790268e-01 -2.5837516915e+00
214 196 189
2 0 2584 21.4200 138.9200 1 1696 3.5800 92.1300
-3.6882484804e-01 1.1020398056e-01 -2.7004704832e+00
148 118 81
2 0 2593 -270.0800 65.9200 1 1497 -203.5500 71.2000
3.5294398153e-01 2.8014390064e-02 -2.9773068108e+00
67 55 39
3 0 2604 214.0400 16.7300 1 1729 248.2000 -31.7200 2 3329 219.8900 127.6300
-1.4452454536e-01 -4.1017575178e-02 -2.6769920486e+00
207 161 128
2 0 2613 -107.4800 -37.8200 1 1734 -98.2000 -36.7300
-1.5315622135e-01 -5.7424066280e-02 -2.6826020763e+00
186 137 107
2 0 2619 -113.0400 -49.6200 1 1837 -102.7700 -45.9800
-4.5198676108e-01 -5.6043924482e-02 -2.7705329265e+00
203 167 114
2 0 2621 -314.6900 -53.2200 1 1550 -238.4500 -19.6400
4.0602403213e-01 -9.3322372306e-02 -3.0099800327e+00
173 151 130
2 0 2625 245.3300 -55.8900 1 1852 274.4400 -107.4600
1.0273651218e-01 -9.2089331020e-02 -2.7351402367e+00
117 101 76
2 0 2629 69.2300 -67.2900 1 1749 52.3900 -88.8000
-4.6857241908e-01 -2.0100774359e-01 -2.7826832669e+00
187 153 107
2 0 2647 -322.1300 -153.6200 1 1225 -252.8900 -100.0000
-1.2873336843e-01 -2.1357392564e-01 -2.7260678106e+00
150 120 92
2 0 2649 -90.2600 -157.9600 1 1764 -89.5900 -140.9400
-1.5867143038e-01 -2.2422457629e-01 -2.7358543955e+00
151 120 88
2 0 2651 -110.4600 -165.9000 1 1766 -104.3100 -143.3000
-3.5186837275e-01 -3.0877763181e-01 -2.7764006498e+00
34 25 17
2 0 2668 -240.2600 -226.0400 1 1773 -202.0800 -172.0100
-3.4360454529e-01 -3.1237732403e-01 -2.7803925431e+00
32 23 14
2 0 2669 -233.9600 -227.6600 1 1774 -197.0100 -174.8600
1.3591539652e-01 2.5686123460e-01 -2.5558401167e+00
144 130 121
2 0 2688 94.6500 197.2900 1 1805 61.6900 131.9500
-3.1336805010e-01 2.4238884880e-01 -2.6508746728e+00
90 68 44
2 0 2698 -240.0700 166.6900 1 1678 -178.2000 148.1700
2.7934820921e-01 1.4474648644e-01 -2.6625797798e+00
119 96 79
2 0 2708 195.9200 105.6800 1 1898 163.5300 45.3800
-5.1630014423e-02 1.1835925295e-01 -2.6177469321e+00
192 151 122
2 0 2712 -45.6000 82.2000 1 1816 -48.0700 54.1400
4.9688770049e-01 7.6765563435e-02 -3.0001020577e+00
144 127 111
2 0 2719 299.7900 48.9900 1 1910 339.9600 -14.2500
4.9533537266e-01 6.0231462172e-02 -2.9972024774e+00
42 32 24
2 0 2721 299.5200 39.0000 1 1914 337.4200 -24.1300
4.9533537266e-01 6.0231462172e-02 -2.9972024774e+00
42 32 24
2 0 2722 299.5200 39.0000 1 1915 337.4200 -24.1300
3.6951666024e-01 5.9919055674e-02 -2.9740311316e+00
117 95 62
2 0 2723 223.9900 36.3400 1 1909 259.9400 -13.7100
4.5420086852e-01 5.5462733192e-02 -2.9850928437e+00
61 51 41
2 0 2725 275.5300 35.6700 1 1913 311.0600 -23.8600
4.7399592653e-01 4.6435003324e-02 -2.9942603572e+00
93 83 61
2 0 2727 286.8100 30.3700 1 1916 323.2500 -30.8300
4.7399592653e-01 4.6435003324e-02 -2.9942603572e+00
93 83 61
2 0 2728 286.8100 30.3700 1 1917 323.2500 -30.8300
3.6604405975e-01 4.4897065638e-02 -2.9727546535e+00
66 55 38
2 0 2731 222.2000 27.1600 1 1912 256.6100 -22.4900
4.5924567389e-01 3.9135682439e-02 -2.9906720889e+00
26 17 10
2 0 2732 278.1800 25.8600 1 1918 313.4800 -34.2000
-9.5950743569e-02 3.8865427739e-02 -2.6451000105e+00
147 113 89
2 0 2734 -75.6400 21.7300 1 1824 -72.8400 7.5300
4.1720559272e-01 -1.9935940734e-03 -2.9902503284e+00
152 126 91
2 0 2740 252.8400 -0.3800 1 1921 285.3800 -54.8700
1.4146776609e-01 -4.1733445936e-02 -2.7217486044e+00
102 86 72
2 0 2748 95.9100 -31.8100 1 1923 76.2100 -61.3000
2.6875508284e-01 -6.9668630630e-02 -2.9809527289e+00
131 110 80
2 0 2751 163.3000 -45.9200 1 1927 193.2200 -80.6300
-4.8006989786e-01 -1.3061921171e-01 -2.7906050883e+00
213 174 119
2 0 2757 -329.7300 -104.4100 1 1737 -251.9200 -59.5900
-1.1946826920e-01 -2.4125958357e-01 -2.7345332343e+00
98 82 65
2 0 2762 -82.8200 -176.7700 1 1860 -84.3800 -157.7100
3.1109455144e-02 2.1571497440e-01 -2.5782630461e+00
207 181 164
2 0 2784 14.2300 160.3000 1 1880 -0.9900 111.6100
1.5914753484e-02 1.8963094969e-01 -2.5859781769e+00
213 196 180
2 0 2788 3.1200 139.5700 1 1883 -10.2800 95.2600
-5.9740786108e-02 1.4826857611e-01 -2.6090856610e+00
226 210 203
2 0 2791 -52.5700 104.8800 1 1890 -52.6800 73.8400
-5.9740786108e-02 1.4826857611e-01 -2.6090856610e+00
226 210 203
2 0 2792 -52.5700 104.8800 1 1891 -52.6800 73.8400
-1.7096312140e-01 -4.4491397161e-02 -2.6819336375e+00
191 138 97
2 0 2807 -126.0800 -41.0400 1 1920 -111.9400 -36.2500
2.5240939715e-01 -7.4373710318e-02 -2.9836927488e+00
74 61 44
2 0 2808 152.9700 -48.4200 1 1971 184.0500 -82.5300
-4.6124942331e-01 -8.5961032930e-02 -2.7797752487e+00
202 170 119
2 0 2809 -318.9100 -74.5700 1 1732 -242.6300 -34.9200
-2.6591949322e-01 -2.2886272525e-01 -2.7536026434e+00
124 97 77
2 0 2814 -183.9600 -170.2100 1 1936 -157.8000 -135.1000
-4.1669132350e-01 -3.6637088741e-01 -2.7475490781e+00
75 63 44
2 0 2822 -289.9500 -271.7600 1 1940 -247.2300 -201.4400
4.8093396659e-01 2.6043810382e-02 -2.9951146992e+00
45 37 26
2 0 2836 291.4500 17.8000 1 2001 325.9000 -43.3700
3.3642946155e-01 2.5064758886e-02 -2.9816513009e+00
68 58 48
3 0 2837 203.5700 14.3700 1 1999 238.5200 -31.4500 2 3696 214.8100 118.9000
6.1444552172e-02 1.3457988979e-02 -2.6344144356e+00
124 106 95
2 0 2838 40.2900 6.8700 1 1966 14.5300 -21.9900
4.9261962427e-01 2.4836061552e-04 -3.0046093766e+00
170 148 128
2 0 2841 297.9100 1.9800 1 2002 331.9600 -59.3900
-3.8116210361e-01 -7.7642538786e-03 -2.7120588567e+00
178 154 107
2 0 2842 -274.8000 -18.5100 1 1905 -214.8000 2.3000
2.0587181009e-01 -1.0704840619e-01 -2.9728804398e+00
27 11 4
2 0 2844 125.6800 -70.1000 1 2005 153.8000 -97.1600
-2.3418648057e-01 -1.3907867015e-01 -2.7247272603e+00
232 219 175
2 0 2848 -165.8800 -108.4500 1 1973 -142.1700 -86.2600
-2.9351979132e-01 -1.4653175580e-01 -2.7288596508e+00
80 57 40
2 0 2849 -207.3900 -114.5700 1 1972 -173.3500 -85.6800
-2.5465973952e-01 -1.8177871060e-01 -2.7369183024e+00
220 199 152
2 0 2852 -178.4500 -138.2800 1 1976 -152.9300 -109.1800
3.7901777470e-02 -2.4006745653e-01 -2.8195473459e+00
18 9 4
2 0 2854 25.9600 -164.4100 1 2034 21.9100 -168.8500
-2.4538300443e-01 -2.7491792878e-01 -2.7636306681e+00
130 103 74
2 0 2859 -167.9800 -201.1700 1 1982 -147.4300 -163.0900
2.7632964700e-01 -3.2802353321e-02 -2.9666494738e+00
111 89 59
2 0 2873 168.3800 -22.8900 1 2025 198.0600 -60.4500
3.8091062611e-01 -4.3078170744e-02 -3.0059667110e+00
147 118 84
3 0 2874 230.3800 -25.5100 1 2026 261.4600 -75.1700 2 3697 277.5500 118.0000
3.9593868147e-01 -1.1168312858e-01 -3.0127628344e+00
175 153 132
2 0 2876 239.1400 -66.8800 1 2028 267.5600 -117.4700
2.6832658009e-01 2.5811473493e-01 -2.5291433148e+00
166 161 158
2 0 2889 201.3900 204.9400 1 2022 140.8100 125.1100
2.5481850725e-01 -1.4374082514e-01 -3.0041118448e+00
20 10 4
2 0 2902 154.1300 -89.0800 1 2029 183.5100 -123.3800
-2.8635617234e-01 -3.0844288339e-01 -2.7762392808e+00
155 143 126
2 0 2921 -194.7200 -224.1200 1 2068 -168.0400 -178.0000
-3.6367382703e-01 -3.6025021524e-01 -2.7677412761e+00
229 229 217
2 0 2923 -249.2500 -263.2300 1 2070 -213.9600 -201.3700
4.5926476449e-01 5.8589711050e-02 -2.9921687557e+00
54 44 35
2 0 2930 277.7600 37.1900 1 2080 315.1400 -21.9800
-2.4481645833e-01 -1.6342871741e-01 -2.7255521946e+00
231 210 165
2 0 2938 -173.0100 -125.3700 1 2090 -149.3500 -100.2600
-7.8637029703e-02 -1.6155960018e-01 -2.6851956783e+00
95 79 64
2 0 884 -59.2300 -122.0300 2 2984 -39.6300 160.8200
-1.3862946307e-01 -1.9550156274e-01 -2.7308955616e+00
132 108 84
2 0 940 -96.6500 -145.5500 2 1815 -51.2900 88.1600
-1.2500027516e-01 -2.0135998580e-01 -2.7300322268e+00
92 74 60
2 0 949 -86.8500 -149.5200 2 2567 -38.1800 95.7600
-1.6563083598e-01 -2.0602733905e-01 -2.7485513318e+00
123 97 71
2 0 955 -113.3000 -152.6100 2 2609 -60.2500 56.9900
-1.6563083598e-01 -2.0602733905e-01 -2.7485513318e+00
123 97 71
2 0 956 -113.3000 -152.6100 2 2608 -60.2500 56.9900
-1.1808011471e-01 -2.1252491719e-01 -2.7348349236e+00
102 81 60
2 0 969 -81.0100 -157.1100 2 2568 -25.3500 94.4000
9.4626983620e-02 -2.6525487398e-01 -3.0021752555e+00
70 61 52
2 0 997 58.9900 -166.4700 1 813 86.5100 -177.4000
1.7192779547e-01 -2.7401381988e-01 -3.0296820931e+00
83 75 64
2 0 1005 104.9400 -168.2000 1 828 132.4800 -188.4900
5.2392839575e-01 2.9960936326e-01 -2.9157453989e+00
48 41 31
2 0 1278 327.3200 194.0500 1 984 364.9300 121.6800
1.4730386906e-01 -2.3833127339e-01 -3.0301244939e+00
60 53 45
2 0 1704 89.4700 -147.8200 1 798 121.7400 -165.0900
4.1622791189e-02 -3.6782617037e-01 -3.0619939276e+00
206 195 177
2 0 1778 27.8500 -224.3200 1 1334 62.1100 -225.7500
-1.8493623639e-01 -1.6685892570e-01 -2.7294822615e+00
137 103 78
2 0 2223 -130.5800 -126.2000 2 3048 -101.6100 66.8500
1.4952944191e-01 -2.2308003383e-01 -3.0374921346e+00
72 63 54
2 0 2232 90.1800 -137.9700 1 1615 125.2300 -156.5100
1.3191214641e-01 -2.9002691403e-01 -3.0106086220e+00
87 80 72
2 0 2267 81.8700 -180.0800 1 1325 106.3900 -194.8000
4.6423810826e-02 -4.1303247207e-01 -3.0575281339e+00
206 195 171
2 0 2673 31.6000 -251.9700 1 1866 60.7600 -251.4400
1.5380318712e-01 -2.5354265558e-01 -3.0299537246e+00
69 60 51
2 0 2761 93.6300 -156.4400 1 1862 124.1400 -174.8000
1.6029151369e-01 -3.1858509715e-01 -3.0230145789e+00
186 165 146
2 0 2769 99.0900 -195.3700 1 1985 121.8300 -213.6300
1.9753330454e-01 -2.9078499266e-01 -3.0314282228e+00
39 29 20
2 0 2817 120.6700 -178.0300 1 2010 145.5800 -200.1500
1.9753330454e-01 -2.9078499266e-01 -3.0314282228e+00
39 29 20
2 0 2818 120.6700 -178.0300 1 2011 145.5800 -200.1500
-3.2392461877e-01 -2.3022574312e-01 -2.8160110880e+00
62 31 3
2 1 732 -173.9400 -127.1600 2 3157 -146.6600 -98.5600
3.3034997821e-01 5.0418550620e-02 -2.9714091020e+00
71 55 32
2 1 1543 235.9000 -16.6900 2 3005 196.9800 123.8100
3.2119262483e-01 4.4052712351e-02 -2.9767054235e+00
117 95 64
2 1 1834 230.7800 -19.5500 2 3515 196.9800 117.0700
3.0919211965e-01 7.1747982659e-03 -2.9968055332e+00
143 117 82
2 1 2024 223.0400 -38.8400 2 3728 215.1600 99.1400
