# Bundle file v0.3
3 13
2.1330000000e+03 0.0000000000e+00 0.0000000000e+00
1.0000000000e+00 0.0000000000e+00 0.0000000000e+00
0.0000000000e+00 1.0000000000e+00 0.0000000000e+00
0.0000000000e+00 0.0000000000e+00 1.0000000000e+00
-0.0000000000e+00 -0.0000000000e+00 -0.0000000000e+00
2.1330000000e+03 0.0000000000e+00 0.0000000000e+00
5.8943439650e-01 3.3425204164e-01 7.3542006016e-01
-7.0244649767e-01 -2.3748813419e-01 6.7094582793e-01
3.9891855075e-01 -9.1207179475e-01 9.4810500935e-02
5.6841868398e-01 5.3547822876e-01 -6.2463050376e-01
0 0 0
0 0 0
0 0 0
0 0 0
0 0 0
1.0063113885e-01 -1.0172320616e-02 -7.9770404911e-01
137 112 81
2 0 548 269.0800 -27.2000 1 1150 123.5100 -222.8900
1.1160733996e-01 -2.5595500525e-02 -8.1279130125e-01
136 103 70
2 0 632 292.8900 -67.1700 1 1202 93.9100 -276.5600
6.7927442264e-02 -2.9586431287e-02 -8.1650732252e-01
86 67 44
2 0 660 177.4500 -77.2900 1 1382 -6.2800 -174.6100
9.8420004162e-02 -9.4900608229e-03 -7.9742310031e-01
145 118 87
2 0 1129 263.1200 -25.4300 1 1399 120.4800 -217.3000
9.0900259942e-02 -9.6502264219e-03 -7.9785946359e-01
97 80 60
2 0 1130 242.9500 -25.8200 1 1131 104.2500 -199.9300
8.6557065147e-02 -1.1875927162e-02 -8.0025252265e-01
76 59 44
2 0 1136 230.8100 -31.6200 1 1389 87.6700 -193.4300
8.7865423992e-02 -6.2165069486e-03 -7.9447617625e-01
71 55 32
2 0 1543 235.9000 -16.6900 1 1538 109.5500 -187.0700
9.2500197699e-02 -1.3917319539e-02 -8.0188145288e-01
145 122 95
2 0 1561 246.0500 -37.0200 1 1548 93.6000 -210.3700
7.0871900376e-02 -2.7693927596e-02 -8.1461458420e-01
137 112 81
2 0 1581 185.5300 -72.5300 1 1630 6.1200 -178.6400
8.6385730457e-02 -9.7580656151e-03 -7.9792995050e-01
66 53 43
2 0 1724 230.8500 -26.1100 1 1634 95.0600 -189.1900
9.3038090276e-02 -1.1909255916e-02 -7.9991200250e-01
78 62 46
2 0 1729 248.2000 -31.7200 1 1703 101.2900 -208.3200
7.0642636874e-02 -3.1679767873e-02 -8.1873463226e-01
75 60 41
2 0 1971 184.0500 -82.5300 1 1786 -8.7500 -184.9600
8.9417881473e-02 -1.1812042401e-02 -8.0004884114e-01
78 64 48
2 0 1999 238.5200 -31.4500 1 1804 93.8600 -199.9000
