# Bundle file v0.3
3 104
9.1340927325e+02 -1.6427188242e-02 -6.0440583132e-03
9.4576474298e-01 3.1003539180e-02 3.2336949687e-01
6.1381565236e-02 9.6044847016e-01 -2.7160824659e-01
-3.1900055548e-01 2.7672642939e-01 9.0645525476e-01
2.8016065061e-01 -2.6691073300e-01 3.2409568686e-01
1.1151091064e+03 3.3523207449e-02 9.1172087129e-03
9.8186209684e-01 -5.3444024095e-02 1.8190810613e-01
1.3214056611e-02 9.7640538428e-01 2.1554098047e-01
-1.8913543163e-01 -2.0922777503e-01 9.5940165033e-01
1.7438049521e-01 1.9442680817e-01 2.6790156602e-01
9.3811895090e+02 -3.6531285378e-02 2.6960063424e-03
8.5656920617e-01 -5.1300640520e-01 5.5799850075e-02
2.6771047431e-01 5.3421375613e-01 8.0183961283e-01
-4.4115790483e-01 -6.7189291630e-01 5.9492824108e-01
4.8014199873e-02 7.3731632458e-01 8.9480712863e-02
1.3023552018e-01 3.8040984257e-02 -8.9058458938e-01
69 55 36
3 1 1798 248.7200 73.0700 2 1304 161.2100 140.7500 0 512 207.7900 35.4400
1.4302686719e-01 3.3727707890e-02 -8.8217275111e-01
141 114 84
3 1 471 278.1100 70.6100 2 237 186.3800 155.0900 0 534 234.3700 25.0200
1.4418473671e-01 3.0460341867e-02 -8.8248185481e-01
159 130 96
3 1 1361 280.8700 65.0400 2 248 191.5800 152.3400 0 546 234.9600 19.3800
1.6108923480e-01 1.3384391426e-02 -8.7649919091e-01
130 101 69
3 1 1424 319.2800 38.8700 2 241 237.4200 154.5300 0 599 262.1000 -11.3900
1.4046275252e-01 3.3747683857e-02 -8.8429588588e-01
151 124 93
3 1 1808 271.9800 69.5900 2 1293 182.1800 150.7500 0 1465 228.4800 25.7200
-8.7027725433e-02 -2.1484643790e-02 -8.7204686275e-01
117 85 53
3 1 1491 -139.8300 -30.7500 2 2040 -160.0100 7.5400 0 1653 -173.3600 -115.9600
1.3563436671e-01 2.3388561090e-02 -8.9164088203e-01
149 123 86
3 1 2085 260.2500 47.8200 2 1923 185.3400 129.1900 0 2099 212.1500 10.9500
1.1462119552e-01 -1.1333055719e-02 -9.1645538226e-01
132 108 77
3 1 2121 214.3000 -21.9600 2 2354 189.5500 50.7700 0 2137 152.9800 -36.8200
-1.0976141623e-01 -3.1530079184e-02 -8.9643648183e-01
68 35 16
3 1 1924 -186.9900 -60.5000 2 2424 -200.2900 -69.8400 0 2210 -225.5700 -120.0600
-8.6261341893e-02 -2.3995159973e-02 -8.7284648126e-01
239 221 178
3 1 1907 -138.1200 -35.5700 2 2380 -155.4700 2.9600 0 2212 -172.1400 -120.2200
1.2704078847e-01 2.7328114789e-02 -8.9665258095e-01
67 61 51
3 1 2243 240.8700 52.0500 2 2320 167.1000 121.0600 0 2432 195.7700 19.0400
1.3574854658e-01 2.7091265573e-02 -8.9054614253e-01
78 66 51
3 1 2241 260.5000 54.8100 2 2586 181.5300 133.9200 0 2604 214.0400 16.7300
1.3673940337e-01 3.9831513876e-02 -8.8445623375e-01
132 103 71
3 1 2374 263.8300 79.7200 2 2721 170.2100 154.0700 0 2723 223.9900 36.3400
1.3673940337e-01 3.9831513876e-02 -8.8445623375e-01
132 103 71
3 1 2375 263.8300 79.7200 2 2722 170.2100 154.0700 0 2724 223.9900 36.3400
1.3764963378e-01 3.4022163584e-02 -8.8658180784e-01
81 64 48
3 1 2322 264.9800 68.7100 2 2723 177.5200 146.4500 0 2731 222.2000 27.1600
1.2076702090e-01 -1.6534311865e-02 -9.1408786589e-01
137 112 76
3 1 2393 227.3100 -29.5700 2 2815 205.3900 52.1300 0 2751 163.3000 -45.9200
1.1624183879e-01 -1.9174120826e-02 -9.1836060258e-01
78 62 47
3 1 2424 216.8600 -35.4500 2 2857 201.1400 40.8100 0 2808 152.9700 -48.4200
1.3101597918e-01 2.5108109099e-02 -8.9375505885e-01
80 66 51
3 1 2446 250.4200 49.7500 2 2854 176.2500 125.4600 0 2837 203.5700 14.3700
1.4971743170e-01 2.3321249698e-03 -8.8828455191e-01
141 111 75
3 1 2447 292.6000 14.8700 2 2887 232.2300 122.2400 0 2874 230.3800 -25.5100
1.4875374741e-01 -1.0321375377e-02 -8.9389271408e-01
91 67 40
3 1 2486 288.5900 -10.4700 2 2947 244.9700 102.4800 0 2919 221.7000 -42.7600
-4.5012529982e-02 6.4617393851e-02 -8.0565810703e-01
134 98 74
2 1 211 -43.6100 182.1700 2 63 -155.0700 257.2900
-6.7818464570e-02 5.6607772785e-02 -8.2507602634e-01
195 152 116
2 1 260 -97.2200 151.5500 2 1237 -194.1100 200.6100
1.5328209052e-01 2.1520660805e-02 -8.8000215870e-01
156 125 90
2 1 526 300.2200 50.6700 2 249 215.6400 152.6800
1.2565353024e-01 2.2553686967e-02 -8.9767717111e-01
132 111 81
2 1 542 239.4100 44.0900 2 319 170.7400 114.9400
1.2902590001e-01 2.1928045382e-02 -8.9601740458e-01
79 63 45
2 1 543 246.4500 43.7700 2 307 176.6500 118.3600
1.6420686572e-01 1.2349990953e-02 -8.7717408736e-01
125 100 59
2 1 557 323.4000 35.6400 2 242 242.4500 154.0300
-9.4201437192e-02 8.7690479420e-03 -8.7365949034e-01
107 74 55
2 1 590 -156.4100 27.0500 2 1420 -203.6500 38.6200
-8.3450941177e-02 -1.0819245098e-02 -8.6644626910e-01
213 194 160
2 1 655 -132.3400 -8.2300 2 457 -162.5000 35.5000
1.3885865374e-01 -1.7221311866e-02 -9.0523913393e-01
138 109 77
2 1 694 263.4100 -28.1600 2 387 235.0700 74.0200
1.2193346881e-01 -1.9441501724e-02 -9.1655869741e-01
139 114 84
2 1 715 227.2600 -36.2800 2 429 210.0500 46.5000
-9.3330511916e-02 -2.3963556435e-02 -8.7724596902e-01
226 205 170
2 1 716 -153.3300 -39.0600 2 1475 -171.1000 -9.6300
-1.1160503363e-01 -3.0571778521e-02 -8.9755783476e-01
86 59 46
2 1 750 -191.0400 -60.0500 2 1525 -204.9700 -71.3900
-9.3770486141e-02 -4.5458934333e-02 -8.8836400944e-01
92 63 27
2 1 789 -154.0600 -85.5800 2 1516 -149.4700 -62.2200
1.4009860812e-01 -5.4628614339e-02 -9.2902836972e-01
110 99 80
2 1 818 254.4800 -99.7800 2 525 277.0400 1.3900
-2.8895451873e-03 -7.5827451275e-02 -8.7325276845e-01
124 75 47
2 1 887 34.2900 -137.2800 2 1476 88.0400 -10.3200
1.1515727259e-03 -7.7917331409e-02 -8.7575789907e-01
112 82 50
2 1 896 41.1800 -141.5600 2 568 98.6500 -15.3100
-1.2508477152e-02 -1.1200467447e-01 -8.9613123486e-01
121 74 41
2 1 1003 10.2300 -213.8100 2 1569 115.2800 -114.6600
-1.3643525962e-02 -1.1617646171e-01 -8.9878531088e-01
113 68 36
2 1 1018 7.4800 -222.4400 2 1587 118.4800 -127.2800
1.2453058903e-01 3.2211940393e-02 -8.9442117646e-01
113 97 73
2 1 1370 238.0500 62.4200 2 1315 159.1000 127.5200
1.2453058903e-01 3.2211940393e-02 -8.9442117646e-01
113 97 73
2 1 1371 238.0500 62.4200 2 1314 159.1000 127.5200
1.2725133632e-01 -1.7160888646e-03 -9.0435281309e-01
116 86 51
2 1 1466 241.4300 -0.8100 2 369 200.0200 84.3100
-9.2145417545e-02 -2.4931823929e-02 -8.7778163799e-01
83 42 17
2 1 1499 -150.8500 -41.1600 2 2063 -167.3800 -11.2000
-9.1802107165e-02 -4.4119212511e-02 -8.8784291393e-01
227 200 169
2 1 1542 -149.9800 -82.7000 2 2094 -146.3700 -57.7600
-1.1370032975e-01 -4.6318299968e-02 -9.0627638994e-01
74 38 14
2 1 1552 -194.7600 -93.4800 2 2131 -193.9100 -113.1800
-1.0118869248e-01 -5.3156389917e-02 -8.9565595788e-01
182 148 113
2 1 1566 -169.3000 -103.2700 2 2122 -158.3800 -93.7300
-1.1096726294e-01 -9.2730021728e-02 -9.2141814310e-01
34 21 12
2 1 1624 -188.2400 -186.9600 2 2505 -137.4300 -217.4200
-1.1096726294e-01 -9.2730021728e-02 -9.2141814310e-01
34 21 12
2 1 1625 -188.2400 -186.9600 2 2504 -137.4300 -217.4200
-1.4854238777e-02 -1.2060524712e-01 -9.0090798632e-01
117 73 37
2 1 1658 4.9400 -231.6100 2 2147 122.0300 -139.5200
1.1027890479e-01 9.9620752355e-02 -8.4548893360e-01
45 27 19
2 1 1711 236.2800 211.8500 2 1816 77.8900 251.2800
1.2042637034e-01 7.5644699859e-02 -8.6395599292e-01
45 28 20
2 1 1730 245.3300 155.6400 2 1846 113.1300 207.6200
1.2602326794e-01 3.3027979534e-02 -8.9282703519e-01
67 50 33
2 1 1813 241.5400 64.6400 2 1921 160.7500 131.2600
-8.2548857783e-02 1.0203180238e-02 -8.5579785896e-01
68 49 34
2 1 1846 -130.4500 38.9700 2 2336 -181.4000 82.7900
1.5797197013e-01 7.0923899409e-03 -8.8378993439e-01
114 96 73
2 1 1860 308.3500 23.1900 2 1915 238.0400 136.8700
1.5797197013e-01 7.0923899409e-03 -8.8378993439e-01
114 96 73
2 1 1861 308.3500 23.1900 2 1916 238.0400 136.8700
-9.8849461630e-02 -3.4041955811e-03 -8.8073447268e-01
94 49 33
2 1 1876 -165.7100 -0.1300 2 2378 -202.4800 6.8700
-1.0002118646e-01 -7.2810513923e-03 -8.8327351633e-01
85 48 27
2 1 1889 -168.1000 -8.8100 2 2384 -201.2900 -3.8000
-1.0546677685e-01 -1.5522336359e-02 -8.8785433526e-01
68 33 11
2 1 1902 -178.9700 -26.9400 2 2403 -205.7900 -27.2400
-7.6997742844e-02 -2.1685728679e-02 -8.6726754601e-01
226 186 144
2 1 1905 -118.5800 -30.1200 2 2364 -136.8100 24.1400
-8.4879351400e-02 -3.5301194050e-02 -8.7704751259e-01
212 169 137
2 1 1926 -135.1700 -61.3700 2 2399 -140.2600 -18.9300
1.5724100620e-03 -5.8251888189e-02 -8.6247880841e-01
88 55 39
2 1 1950 45.6000 -98.8700 2 2017 75.1900 36.6800
-1.0439823241e-01 -6.2564210529e-02 -9.0197138074e-01
137 112 89
2 1 1966 -175.5100 -123.7000 2 2446 -155.8300 -123.3200
-1.0872855360e-01 -9.3194359974e-02 -9.2022532885e-01
143 116 89
2 1 1993 -183.9500 -187.4700 2 2688 -131.3300 -213.9400
-7.3945713263e-02 4.3001184604e-02 -8.3500598569e-01
55 29 11
2 1 2058 -111.2300 117.2000 2 2303 -194.3100 164.5600
-7.3945713263e-02 4.3001184604e-02 -8.3500598569e-01
55 29 11
2 1 2059 -111.2300 117.2000 2 2302 -194.3100 164.5600
-1.2022524805e-01 -1.1247409688e-03 -8.6800495422e-01
201 170 131
2 1 2102 -209.2100 9.4800 2 2621 -257.8100 21.4400
-1.2101625908e-01 -5.2065993142e-03 -8.7045586911e-01
230 199 152
2 1 2107 -210.7300 0.1500 2 2624 -255.7600 10.5600
-1.2248269778e-01 -9.7356745279e-03 -8.7276173750e-01
172 134 97
2 1 2112 -213.5800 -10.0100 2 2627 -255.0700 -1.1900
1.6525437380e-01 -1.7724353961e-02 -8.9086703420e-01
171 144 123
2 1 2333 320.0500 -23.6900 2 2592 276.8800 107.6700
1.5630673350e-01 2.0166517114e-02 -8.7901289257e-01
158 128 90
2 1 2382 306.6600 48.6400 2 2807 221.5200 154.3000
1.2333962983e-01 2.4083984199e-02 -8.9891937153e-01
143 119 85
2 1 2383 234.1300 46.3100 2 2812 165.6300 113.3400
-9.0625682201e-02 -4.6378290482e-02 -8.8887373722e-01
216 174 137
2 1 2397 -147.2600 -87.5500 2 2897 -141.4500 -62.2100
1.2469691960e-01 -4.2519530707e-03 -9.0721904824e-01
138 109 77
2 1 2422 235.6900 -6.4800 2 2856 198.3900 76.4200
1.1020841061e-01 -1.9503030746e-02 -9.2354090808e-01
125 99 68
2 1 2426 202.8500 -38.8500 2 2859 191.2200 30.0400
1.1666375201e-01 -8.0028762258e-04 -9.1120977524e-01
122 96 69
2 1 2448 218.6400 -2.0200 2 2888 181.7500 69.7500
1.2596480736e-01 1.7737431646e-02 -9.0006566408e-01
148 119 87
2 1 2460 238.6800 34.9500 2 2909 176.5700 107.2900
1.3631028274e-01 -8.6173413759e-02 -9.4730377205e-01
147 120 99
2 1 2498 240.3500 -157.3700 2 2964 308.1600 -62.3700
-9.3567052042e-02 -2.0028658212e-02 -8.7302346916e-01
138 114 92
2 1 697 -153.7400 -29.7700 0 860 -187.5900 -112.7600
-1.4031207125e-01 1.1430425312e-01 -1.0337272078e+00
220 211 194
2 1 1245 -245.2300 126.2900 2 1571 -324.6700 -117.5100
1.3673880180e-01 3.1089346862e-02 -8.8955790975e-01
132 114 92
2 1 1372 261.8400 62.6800 0 1468 217.3000 23.0100
1.3576837555e-01 2.9393796512e-02 -8.9003530166e-01
94 79 56
2 1 1375 259.8900 59.3700 0 545 215.3600 20.3000
1.4046019008e-01 2.8124849793e-02 -8.8681592585e-01
149 125 95
2 1 1381 270.9200 58.9100 0 1480 224.9600 17.0600
-1.5514578975e-01 4.2629115663e-02 -1.0294815810e+00
79 63 38
2 1 1448 -267.1100 19.1300 2 2206 -317.4200 -206.3900
1.2622653755e-01 -3.6192110712e-03 -9.0423699988e-01
137 106 75
2 1 1469 241.0300 -3.9900 0 648 181.2000 -29.1300
1.3531306971e-01 6.0237515381e-03 -8.9738956369e-01
142 109 73
2 1 1865 259.3800 15.7600 0 1506 202.5500 -15.7200
-9.6489945060e-02 -2.6550032961e-02 -8.7650795021e-01
158 123 89
2 1 1915 -159.5700 -44.2100 0 2220 -194.4200 -122.9800
-7.4789050643e-02 4.6187140101e-02 -8.3318803257e-01
151 118 97
2 1 2055 -114.5000 124.3700 0 2441 -133.7200 -1.6400
1.2120726872e-01 -2.0084832591e-02 -9.1309534725e-01
140 111 79
2 1 2259 229.5700 -36.0500 0 2462 163.7700 -51.4600
1.5873739272e-01 2.2387975502e-02 -8.7433913308e-01
172 149 117
2 2 226 224.1100 164.3500 0 578 263.8500 3.1300
1.3264936004e-01 3.0061654677e-02 -8.9221033465e-01
119 102 87
2 2 282 173.2300 132.1000 0 542 208.1100 21.7000
-4.0895234164e-02 2.0828573673e-02 -8.1917201226e-01
130 103 80
2 2 1247 -102.8200 191.9600 0 737 -52.4500 -61.3900
-4.0865527832e-02 1.8017525233e-02 -8.2036283270e-01
191 163 136
2 2 1259 -99.6600 186.7700 0 749 -53.3700 -66.4600
-4.5677225960e-02 1.4357683590e-02 -8.2545136765e-01
149 128 114
2 2 1274 -106.2400 169.9600 0 1585 -66.9300 -71.2900
1.5572225552e-01 -8.3439289408e-04 -8.8506198784e-01
151 130 99
2 2 1313 245.4800 127.7400 0 653 243.5900 -30.4900
-6.1947325841e-02 2.3165805646e-03 -8.4284794496e-01
171 139 116
2 2 1330 -129.2900 111.9900 0 790 -110.7500 -86.1100
-5.5912008767e-02 -6.4466694112e-03 -8.4137003614e-01
147 116 95
2 2 1335 -106.5700 108.7000 0 840 -97.4500 -103.6800
1.4550891075e-01 -2.8997202332e-02 -9.0157035739e-01
131 111 84
2 2 1373 261.6800 72.4500 0 754 208.1400 -67.8700
1.1573979542e-01 -1.9479233144e-02 -9.1905756004e-01
90 78 63
2 2 1419 200.6500 39.9300 0 694 151.5000 -47.5800
-4.6768698688e-02 1.6048610317e-02 -8.2567268437e-01
124 103 89
2 2 1875 -110.6400 170.5300 0 1579 -69.0900 -67.8400
-4.6768698688e-02 1.6048610317e-02 -8.2567268437e-01
124 103 89
2 2 1876 -110.6400 170.5300 0 1580 -69.0900 -67.8400
-3.7053740648e-02 -2.7805957930e-03 -8.2564444131e-01
128 116 102
2 2 1894 -68.5900 156.4400 0 1637 -49.3600 -104.9200
-7.7759709665e-02 -2.3723803594e-02 -8.6571706555e-01
214 191 145
2 2 2365 -136.8100 24.1400 0 2219 -152.6600 -122.4300
-3.5390281531e-02 -5.4799043566e-03 -8.2562324115e-01
114 104 94
2 2 2580 -61.5600 154.6500 0 2483 -46.3200 -109.9700
-3.5955308047e-02 -2.9294063817e-05 -8.2344304962e-01
160 144 129
2 2 2718 -69.2600 164.6000 0 2637 -45.5400 -100.8500
-8.3801062170e-02 -1.6894984359e-02 -8.6858858060e-01
245 244 213
2 2 2891 -157.7300 23.0900 0 2848 -165.8800 -108.4500
