# Bundle file v0.3
3 41
2.1687558497e+03 2.5731337895e-03 7.6157403714e-05
9.9994084715e-01 -2.0803684339e-03 1.0675873039e-02
1.9597256063e-03 9.9993424888e-01 1.1298557401e-02
-1.0698676251e-02 -1.1276967278e-02 9.9987917687e-01
9.8256788424e-03 1.0142471672e-02 -1.6848280751e-02
2.0838012799e+03 -1.2014210215e-03 -2.8809708412e-05
9.3224394976e-01 -3.3580057908e-01 1.3475603596e-01
-6.5720725091e-03 3.5665271905e-01 9.3421391868e-01
-3.6177068151e-01 -8.7180089991e-01 3.3028043375e-01
1.1855737118e-01 8.4389175101e-01 -4.8617376518e-01
0 0 0
0 0 0
0 0 0
0 0 0
0 0 0
9.0438444816e-02 1.4882942111e-02 -8.4370531062e-01
35 22 13
2 0 430 229.1200 39.7000 1 1231 216.9700 155.2600
1.2017050591e-01 1.0179075160e-02 -8.5278155342e-01
96 88 75
2 0 452 301.2200 27.0800 1 310 284.9400 127.1900
-4.1038325035e-02 3.7064226305e-03 -8.4635418491e-01
194 154 128
2 0 478 -100.6400 10.3800 1 260 -97.2200 151.5500
1.0193790440e-01 -1.2001892325e-02 -8.7358962471e-01
90 74 50
2 0 549 249.2800 -28.0300 1 1375 259.8900 59.3700
9.5944262244e-02 -1.4703668520e-02 -8.7908601033e-01
80 62 45
2 0 563 233.3200 -34.6600 1 543 246.4500 43.7700
-8.5052508109e-02 -1.9828225278e-02 -8.8608844987e-01
53 27 8
2 0 588 -203.0200 -47.9500 1 1442 -210.0000 27.4300
1.2001791105e-01 -2.8089078375e-02 -8.7589909644e-01
136 103 70
2 0 632 292.8900 -67.1700 1 1424 319.2800 38.8700
1.2001791105e-01 -2.8089078375e-02 -8.7589909644e-01
136 103 70
2 0 633 292.8900 -67.1700 1 1423 319.2800 38.8700
1.0648577728e-01 -3.5029241433e-02 -8.8865016289e-01
71 45 24
2 0 669 255.8700 -83.1000 1 635 290.5700 1.3600
-8.0601767770e-02 -4.4903429273e-02 -9.2177420487e-01
65 34 16
2 0 697 -187.1100 -104.6400 1 1556 -188.9400 -94.5200
-8.7864307943e-02 -7.4399617517e-02 -9.4794454965e-01
122 109 93
2 0 800 -198.5200 -169.1200 1 2004 -195.8100 -200.6600
-8.6433657444e-02 -7.4337313117e-02 -9.4753268734e-01
59 45 29
2 0 801 -195.4600 -169.0000 1 2001 -191.5600 -199.3700
-3.1627874963e-02 -1.0658766980e-01 -9.5632360092e-01
35 22 11
2 0 853 -71.1400 -239.4700 1 1666 -11.8100 -260.8300
-3.1196887708e-02 -1.0782713177e-01 -9.5723423477e-01
119 110 96
2 0 855 -69.9700 -242.1000 1 1667 -9.8700 -264.9200
1.4174059399e-01 3.4190212767e-02 -8.2221108863e-01
86 76 66
2 0 1016 368.2100 91.0500 1 1166 318.8900 216.2200
1.4174059399e-01 3.4190212767e-02 -8.2221108863e-01
86 76 66
2 0 1017 368.2100 91.0500 1 1167 318.8900 216.2200
1.0435171012e-01 3.1970539423e-02 -8.2229547095e-01
40 26 17
2 0 1019 271.2300 85.5000 1 1163 239.2700 218.6400
1.0282252564e-01 3.0304196114e-02 -8.2468511097e-01
40 26 17
2 0 1026 266.7700 80.7500 1 1711 236.2800 211.8500
1.0705161112e-01 -1.0904092609e-02 -8.6971726650e-01
145 118 87
2 0 1129 263.1200 -25.4300 1 1808 271.9800 69.5900
-7.0167372322e-02 -2.4809268213e-02 -8.9764635476e-01
80 43 24
2 0 1156 -166.3600 -59.0700 1 1889 -168.1000 -8.8100
9.7419545216e-02 -2.5698279167e-02 -8.8641604375e-01
142 108 69
2 0 1160 234.7400 -60.8900 1 1865 259.3800 15.7600
-7.4820748498e-02 -2.9252547638e-02 -9.0277400961e-01
63 34 16
2 0 1172 -176.6600 -69.3600 1 1902 -178.9700 -26.9400
8.4999375316e-02 -3.2525524900e-02 -8.9750745377e-01
115 89 61
2 0 1191 202.4800 -76.8200 1 1894 232.7800 -17.8400
9.6328548476e-02 -7.2941807795e-03 -8.7319848361e-01
71 55 32
2 0 1543 235.9000 -16.6900 1 1813 241.5400 64.6400
1.0097421121e-01 -1.5689290722e-02 -8.7700484510e-01
145 122 95
2 0 1561 246.0500 -37.0200 1 2085 260.2500 47.8200
-8.3592962844e-02 -2.0396702114e-02 -8.8691774037e-01
152 117 73
2 0 1567 -199.4900 -49.2400 1 2097 -205.6800 24.5800
-8.6134169773e-02 -2.5910994635e-02 -8.9399674113e-01
226 192 152
2 0 1572 -204.3000 -62.1700 1 2107 -210.7300 0.1500
-8.7542857760e-02 -2.8439835083e-02 -8.9682339459e-01
175 141 98
2 0 1577 -207.1900 -68.0400 1 2112 -213.5800 -10.0100
7.8265886149e-02 -3.0850256496e-02 -8.9983970675e-01
137 112 81
2 0 1581 185.5300 -72.5300 1 2121 214.3000 -21.9600
9.4764276026e-02 -1.1205031861e-02 -8.7697689172e-01
66 53 43
2 0 1724 230.8500 -26.1100 1 2243 240.8700 52.0500
1.0167428402e-01 -1.3532677616e-02 -8.7491019758e-01
78 62 46
2 0 1729 248.2000 -31.7200 1 2241 260.5000 54.8100
8.2296359784e-02 -3.7366485226e-02 -9.0295502683e-01
140 111 77
2 0 1748 194.7000 -87.8800 1 2259 229.5700 -36.0500
1.1670699254e-01 -2.3023347717e-02 -8.7380303168e-01
156 126 89
2 0 1921 285.3800 -54.8700 1 2382 306.6600 48.6400
8.1991254308e-02 -3.4487804296e-02 -9.0145110312e-01
136 109 79
2 0 1927 193.2200 -80.6300 1 2393 227.3100 -29.5700
-1.1103366782e-01 -8.9446024251e-02 -9.5917165983e-01
79 64 45
2 0 1939 -247.2300 -201.4400 1 2438 -256.5400 -253.5200
-1.1103366782e-01 -8.9446024251e-02 -9.5917165983e-01
79 64 45
2 0 1940 -247.2300 -201.4400 1 2439 -256.5400 -253.5200
7.7986340434e-02 -3.5177913973e-02 -9.0357980706e-01
75 60 41
2 0 1971 184.0500 -82.5300 1 2424 216.8600 -35.4500
9.7887009663e-02 -1.3388203259e-02 -8.7708955471e-01
78 64 48
2 0 1999 238.5200 -31.4500 1 2446 250.4200 49.7500
1.0827661615e-01 -3.1618862794e-02 -8.8445658402e-01
150 116 78
2 0 2026 261.4600 -75.1700 1 2447 292.6000 14.8700
8.3287089816e-02 -3.6910253114e-02 -9.0304910415e-01
139 112 78
2 0 2081 197.5900 -87.0900 1 2490 230.7800 -35.7900
-1.0206339654e-01 -7.3985799429e-02 -9.4872321495e-01
21 12 9
2 0 2083 -230.3600 -168.1700 1 2500 -237.3300 -203.4100
