# Bundle file v0.3
3 23
2.1335765206e+03 -1.6617593187e-03 -5.4198789098e-05
9.9971162566e-01 7.7363947403e-03 -2.2733537149e-02
-5.7321131885e-03 9.9619683562e-01 8.6942553302e-02
2.3319699682e-02 -8.6787170093e-02 9.9595390391e-01
-2.8524365671e-02 1.0860828942e-01 -5.9149928484e-03
2.1325741304e+03 1.8678632899e-03 7.8368285994e-05
4.2808103933e-01 7.0838262923e-01 5.6119575406e-01
-8.8323271884e-01 1.9639466425e-01 4.2582754751e-01
1.9143298601e-01 -6.7795515078e-01 7.0973954758e-01
6.9471414888e-01 5.4350525479e-01 -8.2931756257e-02
0 0 0
0 0 0
0 0 0
0 0 0
0 0 0
-6.4590344145e-02 5.8924856512e-02 -1.4447747960e+00
124 88 73
2 0 463 -87.8700 61.8500 1 1064 -187.4300 -5.6800
1.1645138389e-01 -8.9648717544e-04 -1.2318771792e+00
77 58 34
2 0 574 200.8200 -0.1400 1 1388 120.1700 -192.0600
1.4889858272e-01 -2.1038337119e-02 -1.2346986269e+00
136 106 77
2 0 652 256.6600 -35.7200 1 1197 118.0400 -274.6100
1.4751244986e-01 -2.6398156016e-02 -1.2384806904e+00
124 98 63
2 0 672 254.1600 -45.3100 1 1206 102.7200 -277.8600
1.4671101031e-01 -3.0795236229e-02 -1.2412998253e+00
127 97 68
2 0 690 252.0600 -53.2500 1 1211 91.1900 -281.4300
1.0875981331e-01 -6.2371501842e-03 -1.2368057890e+00
120 94 73
2 0 1307 187.1200 -9.9500 1 1537 97.4600 -183.3400
1.2139456189e-01 -7.9594449511e-03 -1.2343530382e+00
116 99 77
2 0 1314 209.3700 -12.6900 1 1396 110.7500 -208.3200
1.1477623559e-01 -2.7192769383e-02 -1.2475612534e+00
138 107 71
2 0 1345 196.4200 -47.3300 1 1549 56.1300 -216.9700
8.6662459033e-02 -4.3659743014e-02 -1.2634176834e+00
132 107 79
2 0 1382 146.4900 -76.7200 1 1114 -18.5200 -181.9800
5.4090802027e-02 -1.1169636297e-01 -1.3100698386e+00
84 74 64
2 0 1490 90.7900 -191.4600 1 1540 -222.6300 -192.6800
1.1376136792e-01 -1.1726780237e-03 -1.2320460717e+00
128 109 79
2 0 1704 196.3800 -0.5600 1 1633 116.7000 -186.6800
1.1256255908e-01 -3.3080214422e-03 -1.2339973091e+00
66 49 29
2 0 1706 194.0900 -4.5200 1 1538 109.5500 -187.0700
1.2320346361e-01 -1.0736247892e-02 -1.2345728562e+00
133 112 82
2 0 1718 212.6400 -17.5000 1 1637 107.9000 -213.8300
1.2320346361e-01 -1.0736247892e-02 -1.2345728562e+00
133 112 82
2 0 1719 212.6400 -17.5000 1 1638 107.9000 -213.8300
1.1905787243e-01 -1.3905217200e-02 -1.2384311589e+00
145 121 85
2 0 1723 204.8600 -23.4600 1 1548 93.6000 -210.3700
1.1096172514e-01 -5.1744619952e-03 -1.2358602760e+00
121 94 66
2 0 1899 190.8000 -8.0600 1 1697 102.6900 -186.6000
1.1096172514e-01 -5.1744619952e-03 -1.2358602760e+00
121 94 66
2 0 1900 190.8000 -8.0600 1 1698 102.6900 -186.6000
1.1070825912e-01 -8.5547466421e-03 -1.2373792066e+00
64 51 36
2 0 1902 190.3900 -14.0500 1 1634 95.0600 -189.1900
1.1974431201e-01 -1.1209687216e-02 -1.2363030847e+00
74 61 51
2 0 1904 206.4900 -18.5000 1 1703 101.2900 -208.3200
6.9347588379e-02 -5.9146493246e-02 -1.2705966856e+00
39 27 16
2 0 1928 116.8300 -103.2100 1 1693 -69.9700 -161.2200
8.9617021410e-02 -4.0887250026e-02 -1.2615819968e+00
76 61 42
2 0 2129 151.5800 -71.9100 1 1786 -8.7500 -184.9600
1.1482472003e-01 -1.1044031108e-02 -1.2384036565e+00
78 64 48
2 0 2160 197.5200 -18.4900 1 1804 93.8600 -199.9000
4.6756906036e-02 -1.1143423895e-01 -1.3141261164e+00
172 145 123
2 0 2196 76.0100 -191.6800 1 1814 -232.3300 -182.3000
