# Bundle file v0.3
3 154
1.3354910697e+03 7.6254957110e-02 1.3362079791e-03
9.9492560023e-01 3.4770388799e-03 1.0055327045e-01
-3.9939538805e-03 9.9997982290e-01 4.9398516458e-03
-1.0053406552e-01 -5.3163899885e-03 9.9491941265e-01
1.7949329316e-01 -5.0596023872e-03 3.8035512194e-01
1.0845829552e+03 9.8247754775e-02 5.4630398677e-02
8.9098420771e-01 -9.9935718278e-02 4.4289953016e-01
9.4154999974e-02 9.9493911669e-01 3.5085467825e-02
-4.4416435875e-01 1.0440607499e-02 8.9588448816e-01
7.8904645525e-01 6.2072441842e-02 6.0532659522e-01
1.0198069577e+03 8.6950154536e-02 1.0671922343e-01
9.5613879634e-01 -2.0396697180e-01 2.1022862925e-01
5.6656143818e-02 8.3294067218e-01 5.5045428330e-01
-2.8738246904e-01 -5.1439995242e-01 8.0796287380e-01
4.0742692295e-01 9.9869567558e-01 5.0896045676e-01
-2.6834902423e-01 2.4091893211e-01 -1.9365333117e+00
100 98 86
2 0 85 -248.1700 200.1800 1 88 -362.9100 228.3700
-2.6834902423e-01 2.4091893211e-01 -1.9365333117e+00
100 98 86
2 0 86 -248.1700 200.1800 1 89 -362.9100 228.3700
-2.6645223915e-01 2.3959895356e-01 -1.9415392161e+00
37 35 23
2 0 89 -246.1400 198.4600 1 1230 -361.3200 225.5700
3.1108774165e-01 1.7102390883e-01 -1.6554989951e+00
80 70 58
2 0 192 334.0800 162.4400 1 109 342.8800 220.2100
2.0021707244e-01 1.4128618455e-02 -1.7332546325e+00
77 58 34
3 0 574 200.8200 -0.1400 1 512 207.7900 35.4400 2 1798 248.7200 73.0700
-1.5389069317e-01 -1.3634904326e-03 -1.7047304428e+00
179 143 113
2 0 601 -149.1700 -14.6500 1 2123 -130.9800 -17.2800
-7.9400441372e-02 -4.2281188558e-02 -1.6601361424e+00
132 114 99
2 0 699 -70.4800 -58.4700 1 2152 -16.2900 -58.5100
-7.9400441372e-02 -4.2281188558e-02 -1.6601361424e+00
132 114 99
2 0 700 -70.4800 -58.4700 1 2153 -16.2900 -58.5100
-1.2542404124e-01 -5.6593677566e-02 -1.7043583200e+00
177 134 105
2 0 727 -119.9600 -71.0600 1 1604 -90.0800 -82.8100
-1.2542404124e-01 -5.6593677566e-02 -1.7043583200e+00
177 134 105
2 0 728 -119.9600 -71.0600 1 1605 -90.0800 -82.8100
-1.4190573752e-01 -5.8489971439e-02 -1.7187760562e+00
132 100 79
2 0 734 -136.9700 -72.2500 1 2185 -115.5600 -87.2900
1.6763229818e-01 -6.1643180314e-02 -1.7792334959e+00
137 114 83
2 0 738 158.9200 -72.3400 1 692 160.0200 -47.0000
1.7048941729e-01 -7.3363575122e-02 -1.7788109933e+00
124 98 65
2 0 761 161.6900 -83.2200 1 730 163.9000 -58.8600
-1.0288476356e-01 -6.8751806964e-02 -1.6916923041e+00
134 117 100
2 0 765 -96.4200 -84.0800 1 2192 -56.4200 -94.9900
-1.7963653474e-01 -7.8712373092e-02 -1.7583528514e+00
128 91 57
2 0 777 -174.6800 -90.7900 1 1653 -173.3600 -115.9600
-2.6390835352e-03 -7.5603831657e-02 -1.6747652876e+00
156 106 64
2 0 779 8.5200 -92.0100 1 798 63.7500 -87.9400
-1.5059239773e-01 -9.0173269347e-02 -1.7394748209e+00
135 105 79
2 0 806 -145.8900 -103.3300 1 2223 -130.5800 -126.2000
-1.8065757722e-01 -9.7177072347e-02 -1.7666661844e+00
201 160 113
2 0 816 -175.6100 -108.8700 1 2231 -175.4000 -137.5300
-1.6095119204e-01 -9.7965694870e-02 -1.7525979517e+00
210 186 152
2 0 818 -156.1700 -110.0100 1 2229 -146.9600 -136.5900
-2.1860807374e-02 -1.0645746779e-01 -1.7008314663e+00
90 52 29
2 0 839 -13.9500 -122.0800 1 896 32.1600 -126.2700
-1.9962954581e-01 -1.1486699553e-01 -1.7887531568e+00
88 58 28
2 0 844 -193.6900 -124.5300 1 1721 -203.3100 -160.1800
-1.2487190031e-01 -1.1530438298e-01 -1.7294948515e+00
122 102 78
2 0 852 -119.9300 -128.8700 1 1713 -93.6900 -153.3200
-1.1698232841e-01 -1.1545797200e-01 -1.7230446475e+00
104 84 62
2 0 854 -111.8900 -129.9300 1 1709 -81.7800 -152.3800
-2.7967591755e-02 -1.1625564199e-01 -1.7095872092e+00
142 97 66
2 0 859 -20.9500 -131.2600 1 925 22.0800 -138.2400
-1.7035667159e-01 -1.2310165122e-01 -1.7702199930e+00
174 147 117
2 0 862 -165.3600 -133.5300 1 2250 -161.6500 -166.7700
-1.3125189158e-01 -1.2231589303e-01 -1.7370522865e+00
118 93 69
2 0 864 -126.4900 -135.3400 1 2247 -103.4500 -162.1800
-2.3195646362e-01 -1.4954092851e-01 -1.8383766301e+00
44 28 15
2 0 897 -222.6500 -153.2300 1 2294 -252.4400 -201.3100
1.2031724222e-01 -1.6007614611e-01 -1.8534896400e+00
55 45 36
2 0 901 101.7900 -158.4800 1 1704 89.4700 -147.8200
6.5768281558e-02 -1.6688268706e-01 -1.8526772703e+00
93 84 73
2 0 911 52.7800 -165.4500 1 1728 43.8700 -162.7900
-2.1978904667e-01 -1.6715673589e-01 -1.8273187956e+00
53 38 22
3 0 919 -211.9500 -170.8300 1 1107 -233.1500 -221.0000 2 2001 -191.5600 -199.3700
-1.5201160195e-01 -1.6117847773e-01 -1.7708074372e+00
114 89 63
2 0 920 -147.5500 -171.3900 1 2301 -136.4500 -207.8000
-2.1255686272e-01 -1.7167055745e-01 -1.8244496276e+00
138 123 105
2 0 927 -205.0000 -175.6000 1 1779 -223.3500 -224.9800
-1.9664912674e-01 -1.8651658995e-01 -1.8176173418e+00
165 144 117
2 0 953 -190.0600 -190.2700 1 1789 -201.2500 -239.9900
-1.1712681370e-01 -1.8527249688e-01 -1.7557371533e+00
107 82 57
2 0 959 -112.9100 -195.9500 1 2316 -88.4100 -231.9000
-6.4011018865e-02 -1.9052286477e-01 -1.7684617284e+00
86 53 25
2 0 965 -61.2100 -199.1600 1 1109 -36.7900 -223.5700
-9.1433993536e-02 -2.3135046763e-01 -1.8038857908e+00
36 25 12
2 0 1002 -89.5200 -234.1500 1 1164 -76.5600 -269.0500
-8.9837209146e-02 -2.3415031878e-01 -1.8053293778e+00
114 102 88
2 0 1004 -88.0000 -236.3600 1 1165 -75.2300 -271.7100
-2.8132260641e-01 2.4132465359e-01 -1.9341837945e+00
186 183 174
2 0 1058 -260.0700 201.2600 1 1840 -377.7700 229.4900
-2.8132260641e-01 2.4132465359e-01 -1.9341837945e+00
186 183 174
2 0 1059 -260.0700 201.2600 1 1841 -377.7700 229.4900
-2.7498758536e-01 2.3921818138e-01 -1.9279567751e+00
174 171 162
3 0 1060 -254.0800 200.0400 1 1843 -370.5600 227.9600 2 1262 -290.5300 114.8700
-2.7492488731e-01 2.4056861119e-01 -1.9368061612e+00
174 171 162
2 0 1061 -254.0800 200.0400 1 1844 -370.5600 227.9600
-2.7354759244e-01 2.3506450849e-01 -1.9294934706e+00
30 27 18
3 0 1062 -252.3500 196.3600 1 2364 -368.7300 222.6100 2 1269 -288.8900 111.0800
-1.4960575260e-01 3.1245574730e-02 -1.6843878154e+00
149 118 94
2 0 1264 -144.7400 18.8500 1 2085 -121.1800 26.2500
2.0993278565e-01 2.9980605526e-02 -1.7093398001e+00
94 84 72
2 0 1270 216.0100 15.4500 1 475 231.0700 55.4200
2.1712832822e-01 3.1942770496e-03 -1.7255250923e+00
146 120 83
3 0 1311 219.5400 -10.9700 1 1465 228.4800 25.7200 2 1808 271.9800 69.5900
2.0905433512e-01 1.3646442820e-03 -1.7327083293e+00
116 99 77
3 0 1314 209.3700 -12.6900 1 1468 217.3000 23.0100 2 1372 261.8400 62.6800
2.0256127663e-01 -3.5153110528e-02 -1.7544647351e+00
138 107 71
3 0 1345 196.4200 -47.3300 1 1506 202.5500 -15.7200 2 1865 259.3800 15.7600
2.3883459013e-01 -4.5100276999e-02 -1.7309866367e+00
101 76 53
2 0 1364 238.1400 -58.4100 1 1519 248.4800 -21.9100
2.2400448781e-01 -6.0824673191e-02 -1.7432187141e+00
163 128 98
2 0 1377 220.6600 -73.0400 1 1537 229.6600 -40.0100
-1.7778727653e-01 -6.4958876710e-02 -1.7515097373e+00
202 153 102
2 0 1384 -172.9200 -77.2400 1 2196 -170.2900 -99.5200
1.0451598971e-03 -6.2341929181e-02 -1.6642614786e+00
68 42 31
2 0 1386 13.5600 -78.9600 1 2164 72.4000 -71.5400
-2.1343496786e-01 -7.9309442808e-02 -1.7941678205e+00
63 33 19
2 0 1396 -206.7300 -89.3100 1 2210 -225.5700 -120.0600
-1.7288907498e-01 -7.8515248576e-02 -1.7526769558e+00
191 145 105
2 0 1399 -168.0700 -90.9500 1 2205 -163.3000 -114.9100
-1.7839182331e-01 -8.2458895859e-02 -1.7602531192e+00
228 201 160
2 0 1403 -173.3900 -94.2900 1 2212 -172.1400 -120.2200
-1.4546978131e-01 -8.2998555988e-02 -1.7329885490e+00
158 124 97
2 0 1406 -140.7400 -96.7900 1 2208 -122.8000 -116.8100
1.5806391024e-01 -8.8869082838e-02 -1.7907452328e+00
150 116 79
2 0 1408 147.6000 -97.5200 1 2173 147.9900 -75.5800
-1.6534754513e-01 -8.5606589951e-02 -1.7502656871e+00
219 176 141
2 0 1411 -160.5800 -98.0800 1 2219 -152.6600 -122.4300
1.6198056223e-01 -9.2571412962e-02 -1.7890009902e+00
138 106 69
2 0 1417 151.5900 -101.1300 1 1601 152.6900 -78.8800
-1.6404917370e-01 -1.0541915440e-01 -1.7581368306e+00
201 176 143
2 0 1431 -159.2300 -117.0900 1 2238 -151.8300 -145.5800
-1.6404917370e-01 -1.0541915440e-01 -1.7581368306e+00
201 176 143
2 0 1432 -159.2300 -117.0900 1 2239 -151.8300 -145.5800
-1.8932563890e-01 -1.1166580127e-01 -1.7805115068e+00
205 176 135
2 0 1436 -183.8300 -121.9800 1 2245 -188.7800 -155.2800
-2.5879475833e-01 -1.2960974036e-01 -1.8146090503e+00
133 103 75
2 0 1451 -250.1600 -136.9600 1 2279 -280.5300 -186.9000
-1.2857769086e-01 -1.3698477706e-01 -1.7405422872e+00
111 90 68
2 0 1455 -123.9400 -149.9300 1 2266 -100.1900 -178.7700
-9.3309124552e-02 -1.4545193129e-01 -1.7200024348e+00
123 87 61
2 0 1470 -87.9200 -160.5000 1 2274 -50.1900 -184.4900
-1.8955084237e-01 -1.6972143887e-01 -1.8042734218e+00
170 144 116
2 0 1483 -183.5500 -175.6600 1 2527 -190.5500 -221.1100
-1.5484635175e-01 -2.2528748651e-01 -1.7988125662e+00
85 68 50
2 0 1501 -150.4400 -229.8700 1 1808 -143.2300 -278.8400
-2.8759430525e-01 2.3884380192e-01 -1.9393779854e+00
36 35 25
2 0 1581 -265.3200 198.6200 1 2358 -385.5900 225.4700
2.1289887416e-01 -3.6759910660e-03 -1.7332737640e+00
133 112 82
2 0 1718 212.6400 -17.5000 1 2433 221.0400 18.1700
2.1289887416e-01 -3.6759910660e-03 -1.7332737640e+00
133 112 82
2 0 1719 212.6400 -17.5000 1 2434 221.0400 18.1700
2.0667868590e-01 -9.8448683504e-03 -1.7400110510e+00
145 121 85
3 0 1723 204.8600 -23.4600 1 2099 212.1500 10.9500 2 2085 260.2500 47.8200
-7.5127992431e-02 -4.4131624268e-02 -1.6572284473e+00
110 92 78
2 0 1737 -65.7800 -60.1500 1 2467 -9.5200 -60.6000
1.5929060728e-01 -5.0588269102e-02 -1.7772273377e+00
131 108 79
2 0 1739 151.5400 -61.7400 1 2137 152.9800 -36.8200
2.1087864813e-01 -6.6793894764e-02 -1.7523532485e+00
113 85 56
2 0 1752 205.8200 -78.6500 1 2460 213.4200 -47.3500
-1.2772107417e-01 -1.3223309938e-01 -1.7383223421e+00
102 82 57
2 0 1788 -123.0600 -145.5400 1 2505 -98.8100 -173.0100
-1.2772107417e-01 -1.3223309938e-01 -1.7383223421e+00
102 82 57
2 0 1790 -123.0600 -145.5400 1 2506 -98.8100 -173.0100
1.2423207383e-01 -1.5086142031e-01 -1.8567476433e+00
72 62 50
2 0 1793 104.7800 -149.7900 1 2232 90.1800 -137.9700
8.8204817264e-02 -1.7769977603e-01 -1.8476828081e+00
70 63 55
2 0 1813 73.6800 -175.7800 1 2256 66.8800 -170.4300
-1.6648790378e-01 -2.2916764660e-01 -1.8045548718e+00
89 72 62
2 0 1823 -161.8200 -233.4300 1 2541 -157.8800 -284.5800
-1.6648790378e-01 -2.2916764660e-01 -1.8045548718e+00
89 72 62
2 0 1824 -161.8200 -233.4300 1 2542 -157.8800 -284.5800
-1.6180480263e-01 -2.3305464796e-01 -1.8003497493e+00
83 70 62
2 0 1825 -157.3200 -237.5700 1 2543 -150.6800 -289.1000
-1.6180480263e-01 -2.3305464796e-01 -1.8003497493e+00
83 70 62
2 0 1826 -157.3200 -237.5700 1 2544 -150.6800 -289.1000
-9.0846776710e-02 -2.3838924956e-01 -1.8040545364e+00
27 17 7
2 0 1827 -89.0200 -240.9200 1 2327 -75.2500 -276.7700
1.9271205497e-01 -3.4792183296e-04 -1.7454397974e+00
64 51 36
3 0 1902 190.3900 -14.0500 1 2432 195.7700 19.0400 2 2243 240.8700 52.0500
2.0730128828e-01 -4.5216341630e-03 -1.7366428150e+00
74 61 51
3 0 1904 206.4900 -18.5000 1 2604 214.0400 16.7300 2 2241 260.5000 54.8100
-7.9231889820e-02 -4.0565247922e-02 -1.6596254917e+00
128 110 96
2 0 1912 -70.2600 -56.5600 1 2624 -16.0300 -56.4000
-2.2633102222e-01 -1.7020795830e-01 -1.8267302051e+00
33 21 7
2 0 1944 -218.1200 -174.1000 1 2668 -240.2600 -226.0400
-2.2137484655e-01 -1.7249632880e-01 -1.8259183613e+00
34 24 14
2 0 1946 -213.4300 -176.3900 1 2669 -233.9600 -227.6600
2.5784726818e-01 7.5857794575e-03 -1.7069652583e+00
57 44 29
2 0 2011 263.5200 -6.8300 1 2725 275.5300 35.6700
2.1205596835e-01 4.9646931493e-03 -1.7285935597e+00
74 61 48
3 0 2012 213.6500 -9.2700 1 2731 222.2000 27.1600 2 2322 264.9800 68.7100
-1.8530835689e-01 -1.2486572672e-01 -1.7845267369e+00
104 76 51
2 0 2030 -179.7300 -133.9700 1 2814 -183.9600 -170.2100
7.1418175532e-02 -2.6771031947e-01 -1.9111345718e+00
193 175 147
2 0 2036 50.1200 -248.7900 1 2673 31.6000 -251.9700
2.8292785319e-01 1.8478120789e-02 -1.7005648044e+00
146 125 101
2 0 2068 290.0700 4.6100 1 2719 299.7900 48.9900
2.6136839855e-01 -2.0348740908e-03 -1.7087083036e+00
19 12 5
2 0 2076 266.4200 -16.4700 1 2732 278.1800 25.8600
1.7148741306e-01 -5.1105524752e-02 -1.7693195422e+00
108 87 56
2 0 2084 164.6700 -62.4700 1 2749 168.1300 -36.0300
1.6990561568e-01 -6.1050683817e-02 -1.7768237017e+00
143 114 79
2 0 2087 161.5400 -72.1300 1 2751 163.3000 -45.9200
-1.8234633647e-01 -9.7440020185e-02 -1.7697119348e+00
216 189 137
2 0 2091 -177.1300 -108.4200 1 2852 -178.4500 -138.2800
-2.7039322149e-01 -2.0145740709e-01 -1.8338792955e+00
69 56 39
3 0 2099 -260.6900 -203.7900 1 2822 -289.9500 -271.7600 2 2439 -256.5400 -253.5200
2.7292350477e-01 -1.0554130519e-02 -1.7047529131e+00
30 23 13
2 0 2127 278.9100 -24.5700 1 2836 291.4500 17.8000
1.5997770623e-01 -6.1739876990e-02 -1.7802190248e+00
76 61 42
2 0 2129 151.5800 -71.9100 1 2808 152.9700 -48.4200
-1.7393300086e-01 -7.2904987893e-02 -1.7544768481e+00
225 196 160
2 0 2131 -169.0000 -84.8800 1 2848 -165.8800 -108.4500
1.9956744147e-01 -5.2437254170e-03 -1.7429704533e+00
78 64 48
3 0 2160 197.5200 -18.4900 1 2837 203.5700 14.3700 2 2446 250.4200 49.7500
2.3863624579e-01 -8.8880795435e-02 -1.7515118608e+00
174 143 122
2 0 2164 232.4100 -99.7200 1 2876 239.1400 -66.8800
1.4351384507e-01 -1.9324339029e-01 -1.8371215780e+00
33 24 15
2 0 2167 125.3400 -190.8500 1 2818 120.6700 -178.0300
2.2586941720e-01 -4.6919226857e-02 -1.7418474921e+00
146 116 78
3 0 2187 222.4000 -59.3300 1 2874 230.3800 -25.5100 2 2447 292.6000 14.8700
1.6662268016e-01 -1.0402926139e-01 -1.7952637121e+00
31 12 3
2 0 2193 154.5600 -112.0600 1 2902 154.1300 -89.0800
-2.3657895793e-01 -1.9987635296e-01 -1.8272289653e+00
224 217 199
2 0 2238 -228.2700 -202.6900 1 2923 -249.2500 -263.2300
2.6176576772e-01 9.4907290635e-03 -1.7082127935e+00
38 28 18
2 0 2243 266.9900 -4.1900 1 2930 277.7600 37.1900
-2.5449345328e-01 -1.6797385275e-01 -1.8368605958e+00
23 14 9
2 0 2248 -244.2500 -170.0300 1 2941 -276.8000 -229.0900
-9.5506363379e-02 7.5842830284e-02 -1.6228807103e+00
117 91 74
2 0 446 -85.5600 67.9300 1 1393 -30.2600 97.2500
-9.5506363379e-02 7.5842830284e-02 -1.6228807103e+00
117 91 74
2 0 447 -85.5600 67.9300 1 1394 -30.2600 97.2500
2.0267459199e-01 -1.0072406052e-02 -1.7431508410e+00
86 67 43
2 0 628 200.3700 -23.9300 2 1837 255.0400 45.5300
2.6690046595e-01 -2.3170837232e-02 -1.7018596324e+00
91 71 46
2 0 661 274.6400 -38.3000 2 1362 342.2700 64.2400
1.9972445912e-01 -2.7790284773e-02 -1.7544346949e+00
142 108 71
2 0 663 194.3100 -40.5700 2 1445 254.0000 22.6200
2.5062857322e-01 -3.9451181013e-02 -1.7216588680e+00
127 97 68
2 0 690 252.0600 -53.2500 2 557 323.4000 35.6400
-2.0434047307e-01 -5.8522692409e-02 -1.7432798009e+00
68 33 17
2 0 729 -201.1100 -71.3600 2 1902 -178.9700 -26.9400
2.4714735231e-01 -7.6967198584e-02 -1.7503695648e+00
167 139 117
2 0 771 239.4200 -87.6100 2 1480 321.6800 -16.8500
-2.7186120847e-01 -2.0763978164e-01 -1.8357200881e+00
216 207 191
2 0 978 -261.0500 -209.0600 2 2018 -257.0300 -261.8500
8.1406392767e-02 1.0778982219e-01 -1.5273041382e+00
188 171 156
2 0 1175 124.9800 109.6100 1 1939 238.6400 169.6600
2.8106724541e-01 8.7350512206e-02 -1.6805301018e+00
54 46 35
2 0 1216 298.0200 71.8400 2 223 320.0100 173.1700
-1.6454491202e-01 5.7125390395e-02 -1.6339290154e+00
70 51 39
2 0 1234 -163.6000 49.2000 2 1724 -133.8000 177.2600
-2.6966119498e-01 3.9750378222e-02 -1.9129879906e+00
191 161 109
2 0 1258 -250.6200 23.3400 2 2261 -274.1200 -38.1100
1.9148822831e-01 9.0760757871e-03 -1.7418213716e+00
110 86 62
2 0 1300 190.0400 -5.2600 2 1370 238.0500 62.4200
1.9148822831e-01 9.0760757871e-03 -1.7418213716e+00
110 86 62
2 0 1301 190.0400 -5.2600 2 1371 238.0500 62.4200
1.8922338444e-01 4.2678098151e-03 -1.7450717610e+00
120 94 73
2 0 1307 187.1200 -9.9500 2 1820 236.1100 56.1100
1.6340833245e-02 -1.9809866418e-02 -1.5854666169e+00
100 67 48
2 0 1335 40.7600 -36.7300 2 1734 124.7900 147.4400
2.5911205695e-01 -3.0771699296e-02 -1.7121305300e+00
160 137 104
2 0 1344 263.6800 -45.4100 2 1827 332.5400 50.2200
2.5167180154e-01 -4.2460982290e-02 -1.7231623023e+00
153 128 97
2 0 1361 252.7500 -56.2500 2 1854 324.7500 32.0700
1.7844901382e-01 -5.4554438734e-02 -1.7795363910e+00
113 90 59
2 0 1370 167.6500 -64.8000 2 1894 232.7800 -17.8400
-1.9620340508e-01 -1.1680704120e-01 -1.7672076104e+00
198 147 86
2 0 1441 -191.9000 -127.7800 2 1958 -162.4800 -105.3000
-2.2299527069e-01 -1.6713971963e-01 -1.8289495373e+00
123 110 93
2 0 1479 -214.9300 -170.5900 2 2004 -195.8100 -200.6600
1.2935090121e-01 2.1365586608e-01 -1.6062868660e+00
19 11 7
2 0 1554 160.4300 216.6800 1 1812 211.3900 285.0700
-4.4348358663e-02 1.4073714712e-01 -1.5486715398e+00
143 123 112
2 0 1619 -22.8100 146.7000 1 2562 70.7400 206.6100
1.9625702556e-01 1.4081267900e-02 -1.7357627624e+00
128 109 79
2 0 1704 196.3800 -0.5600 2 2075 243.2300 70.9300
1.9496149386e-01 1.0035519415e-02 -1.7400347076e+00
66 49 29
2 0 1706 194.0900 -4.5200 2 1813 241.5400 64.6400
-2.3201080588e-01 -5.6252101884e-02 -1.7189848177e+00
163 122 82
2 0 1748 -231.2600 -70.2900 2 2112 -213.5800 -10.0100
3.6264504919e-02 3.2269069180e-02 -1.5390856368e+00
95 75 66
2 0 1884 71.7100 21.8500 2 2218 149.8400 243.7400
1.9271260715e-01 6.0290567771e-03 -1.7423852663e+00
121 94 66
2 0 1900 190.8000 -8.0600 2 2240 240.3200 59.4100
-2.8078979200e-01 -1.9956487413e-01 -1.8336883171e+00
235 226 207
2 0 2034 -268.6500 -202.0800 2 2410 -270.7000 -252.1500
2.4016949731e-01 -2.4049103782e-02 -1.7220374611e+00
156 124 86
2 0 2080 242.0000 -38.1300 2 2382 306.6600 48.6400
-2.7124008870e-01 -2.0186386082e-01 -1.8338256827e+00
69 56 39
2 0 2098 -260.6900 -203.7900 2 2438 -256.5400 -253.5200
-7.5461186444e-02 -2.4548062249e-01 -1.8331884669e+00
37 27 18
2 0 2197 -78.5900 -240.5100 2 2481 2.4700 -273.6300
1.7735139671e-01 -6.6572613253e-02 -1.7917163843e+00
144 116 77
2 0 2245 163.9500 -75.5800 2 2490 230.7800 -35.7900
2.2010563162e-01 1.3856938297e-03 -1.7211933075e+00
129 109 80
2 1 534 234.3700 25.0200 2 471 278.1100 70.6100
2.0656348468e-01 -1.3451605158e-03 -1.7335679252e+00
81 68 51
2 1 545 215.3600 20.3000 2 1375 259.8900 59.3700
2.2148707483e-01 -4.0208412292e-03 -1.7226928161e+00
141 122 92
2 1 546 234.9600 19.3800 2 1361 280.8700 65.0400
2.4765436531e-01 -3.6160664927e-02 -1.7208312506e+00
127 104 70
2 1 599 262.1000 -11.3900 2 1424 319.2800 38.8700
1.8732149462e-01 -4.6414265639e-02 -1.7697622082e+00
129 104 74
2 1 648 181.2000 -29.1300 2 1469 241.0300 -3.9900
2.1444281595e-01 -5.3306757980e-03 -1.7295714174e+00
129 108 81
2 1 1480 224.9600 17.0600 2 1381 270.9200 58.9100
-5.8346376227e-02 -2.3746991081e-01 -1.8278152569e+00
231 225 207
2 1 1806 -50.8500 -263.2800 2 1066 17.9800 -258.7500
-1.3805084791e-01 -2.4231196077e-01 -1.8091127968e+00
35 22 6
2 1 2333 -126.9200 -292.2000 2 2020 -72.2800 -269.3800
1.7770148576e-01 -6.7577380169e-02 -1.7904411532e+00
137 114 81
2 1 2462 163.7700 -51.4600 2 2259 229.5700 -36.0500
2.1013009716e-01 1.3062373671e-02 -1.7220654107e+00
117 95 62
2 1 2723 223.9900 36.3400 2 2374 263.8300 79.7200
2.1013009716e-01 1.3062373671e-02 -1.7220654107e+00
117 95 62
2 1 2724 223.9900 36.3400 2 2375 263.8300 79.7200
2.2418403093e-01 -6.3945787636e-02 -1.7574842801e+00
74 56 40
2 1 2919 221.7000 -42.7600 2 2486 288.5900 -10.4700
