# Bundle file v0.3
3 35
2.1015845420e+03 -6.8772694455e-03 5.1131766339e-04
9.9999392313e-01 2.5866973139e-03 2.3372415389e-03
-2.5310683308e-03 9.9972066664e-01 -2.3498561154e-02
-2.3973723344e-03 2.3492502638e-02 9.9972113858e-01
2.3839739822e-03 -2.3542566804e-02 9.1756375936e-03
2.1412448002e+03 6.0394919635e-02 2.0073941372e-03
9.6698502029e-01 3.1673359226e-02 -2.5285721038e-01
2.0362299640e-01 5.0057520644e-01 8.4140485977e-01
1.5322416866e-01 -8.6511343824e-01 4.7759930184e-01
-2.2954166567e-01 8.4483625204e-01 -5.3328114305e-01
0 0 0
0 0 0
0 0 0
0 0 0
0 0 0
9.7395696291e-02 1.7008029976e-02 -9.9682614718e-01
64 47 29
2 0 512 207.7900 35.4400 1 1798 248.7200 73.0700
1.1038356665e-01 1.2144749290e-02 -9.9876639727e-01
129 109 80
2 0 534 234.3700 25.0200 1 471 278.1100 70.6100
1.0137889814e-01 9.8366234889e-03 -1.0013150653e+00
81 68 51
2 0 545 215.3600 20.3000 1 1375 259.8900 59.3700
1.1100826102e-01 9.4761135423e-03 -1.0005383510e+00
141 122 92
2 0 546 234.9600 19.3800 1 1361 280.8700 65.0400
1.2553656299e-01 -5.2581480221e-03 -1.0102181211e+00
127 104 70
2 0 599 262.1000 -11.3900 1 1424 319.2800 38.8700
8.7092084492e-02 -1.4186756863e-02 -1.0189045735e+00
129 104 74
2 0 648 181.2000 -29.1300 1 1469 241.0300 -3.9900
-1.0742845328e-01 -3.2109041341e-02 -9.4425138403e-01
87 56 26
2 0 764 -241.8300 -74.7000 1 1442 -210.0000 27.4300
-8.5827350253e-02 -5.1012645120e-02 -9.6887316722e-01
126 106 89
2 0 860 -187.5900 -112.7600 1 697 -153.7400 -29.7700
-3.7590161318e-02 -1.3465116096e-01 -1.0484096097e+00
38 30 18
2 0 1164 -76.5600 -269.0500 1 1666 -11.8100 -260.8300
-3.6981022336e-02 -1.3616208852e-01 -1.0496253814e+00
120 113 102
2 0 1165 -75.2300 -271.7100 1 1667 -9.8700 -264.9200
1.0755348855e-01 1.2462377356e-02 -9.9878601381e-01
131 113 86
2 0 1465 228.4800 25.7200 1 1808 271.9800 69.5900
1.0238592400e-01 1.1143417489e-02 -1.0005423214e+00
104 91 75
2 0 1468 217.3000 23.0100 1 1372 261.8400 62.6800
1.0618311510e-01 8.3258994659e-03 -1.0019694327e+00
129 108 81
2 0 1480 224.9600 17.0600 1 1381 270.9200 58.9100
9.6996267611e-02 -7.5629062997e-03 -1.0143778011e+00
131 105 71
2 0 1506 202.5500 -15.7200 1 1865 259.3800 15.7600
-7.9442188168e-02 -5.2555125623e-02 -9.6998815766e-01
127 101 61
2 0 1653 -173.3600 -115.9600 1 1491 -139.8300 -30.7500
-2.5140669551e-02 -1.3231848947e-01 -1.0519569108e+00
231 225 207
2 0 1806 -50.8500 -263.2800 1 1066 17.9800 -258.7500
1.0038385441e-01 5.3642233020e-03 -1.0049479808e+00
127 113 84
2 0 2099 212.1500 10.9500 1 2085 260.2500 47.8200
7.3606481635e-02 -1.8118937020e-02 -1.0231331840e+00
124 104 79
2 0 2137 152.9800 -36.8200 1 2121 214.3000 -21.9600
8.2365594684e-02 -1.8667169019e-02 -1.0226377855e+00
107 87 60
2 0 2138 171.1600 -38.0500 1 1894 232.7800 -17.8400
-1.0412565548e-01 -5.5167505641e-02 -9.7857047214e-01
64 35 19
2 0 2210 -225.5700 -120.0600 1 1924 -186.9900 -60.5000
-8.9270102195e-02 -5.6013537585e-02 -9.7275559101e-01
170 141 102
2 0 2220 -194.4200 -122.9800 1 1915 -159.5700 -44.2100
-6.1772613291e-02 -1.4473964766e-01 -1.0395904613e+00
35 22 6
2 0 2333 -126.9200 -292.2000 1 2020 -72.2800 -269.3800
9.2137375801e-02 9.1860356873e-03 -1.0026745759e+00
56 47 41
2 0 2432 195.7700 19.0400 1 2243 240.8700 52.0500
-5.8318977874e-02 1.0029286267e-03 -9.2268091695e-01
151 125 107
2 0 2441 -133.7200 -1.6400 1 2055 -114.5000 124.3700
7.9306907722e-02 -2.5396568905e-02 -1.0278874593e+00
137 114 81
2 0 2462 163.7700 -51.4600 1 2259 229.5700 -36.0500
1.0108601889e-01 8.1404617420e-03 -1.0028591076e+00
67 55 39
2 0 2604 214.0400 16.7300 1 2241 260.5000 54.8100
1.0488885266e-01 1.7464550620e-02 -9.9528027565e-01
117 95 62
2 0 2723 223.9900 36.3400 1 2374 263.8300 79.7200
1.0488885266e-01 1.7464550620e-02 -9.9528027565e-01
117 95 62
2 0 2724 223.9900 36.3400 1 2375 263.8300 79.7200
1.0443211213e-01 1.3118622332e-02 -9.9880445700e-01
66 55 38
2 0 2731 222.2000 27.1600 1 2322 264.9800 68.7100
7.8865644456e-02 -2.2621841731e-02 -1.0258834774e+00
131 110 80
2 0 2751 163.3000 -45.9200 1 2393 227.3100 -29.5700
7.3784123721e-02 -2.3919364232e-02 -1.0270621182e+00
74 61 44
2 0 2808 152.9700 -48.4200 1 2424 216.8600 -35.4500
9.6132359805e-02 6.9885050431e-03 -1.0037474542e+00
68 58 48
2 0 2837 203.5700 14.3700 1 2446 250.4200 49.7500
1.1125042108e-01 -1.2207285307e-02 -1.0158816994e+00
147 118 84
2 0 2874 230.3800 -25.5100 1 2447 292.6000 14.8700
1.0754372478e-01 -2.0859383577e-02 -1.0235774098e+00
74 56 40
2 0 2919 221.7000 -42.7600 1 2486 288.5900 -10.4700
-1.3193222710e-01 -1.1020205433e-01 -1.0128452659e+00
22 14 9
2 0 2941 -276.8000 -229.0900 1 2500 -237.3300 -203.4100
