# Bundle file v0.3
3 381
1.3967998326e+03 1.0972993616e-01 -5.3596783700e-02
8.8810175268e-01 -5.4225748866e-04 -4.5964658471e-01
1.6586067740e-02 9.9938585793e-01 3.0867609673e-02
4.5934755821e-01 -3.5037307642e-02 8.8756532595e-01
-2.9347605662e+00 2.7435355891e-02 -4.2741442192e+00
1.6705980951e+03 3.0427040042e-01 4.7872678948e-02
8.4737716419e-01 8.0490188462e-02 -5.2485547646e-01
-1.5163359293e-02 9.9170924800e-01 1.2760423179e-01
5.3077491853e-01 -1.0017033990e-01 8.4157227192e-01
-3.5641797263e+00 1.0614373116e+00 -8.5835475258e+00
8.2409057855e+02 -1.5518782049e-02 1.6611583358e-03
4.7579808466e-01 -4.9757977374e-01 -7.2527963669e-01
8.7691687862e-01 3.3217339464e-01 3.4738685048e-01
6.8065928522e-02 -8.0129595323e-01 5.9438356699e-01
-5.1000666102e+00 2.6873853462e+00 -2.9579645623e+00
1.6399104751e+00 1.9587230368e+00 -5.9353217447e+00
114 90 75
2 0 30 198.1700 290.1000 1 11 143.8800 291.1500
6.9419694709e-01 1.9014599386e+00 -5.3162753537e+00
126 90 66
2 0 41 20.0000 285.0700 1 8 -4.3300 295.5200
1.6775872148e+00 1.5325268455e+00 -6.2061677059e+00
113 83 62
2 0 139 217.7600 215.7300 1 144 159.7400 227.7500
-3.1018874094e-01 1.4554591755e+00 -5.3759994971e+00
77 41 19
2 0 161 -112.0800 198.9200 1 140 -111.5100 228.4300
1.5955753829e+00 1.3411908124e+00 -6.2129690921e+00
63 39 28
2 0 186 205.9500 184.9900 1 179 148.6900 202.5200
-5.1147136777e-01 1.2969208356e+00 -5.2100967810e+00
10 9 1
2 0 198 -151.7900 176.2500 1 166 -145.9000 212.6700
1.5558149787e+00 1.2116093397e+00 -6.2894315889e+00
78 48 30
2 0 214 204.0800 163.2100 1 205 147.1500 183.4700
1.3504192092e+00 1.1221667726e+00 -8.1675746293e+00
85 73 61
2 0 276 258.6200 117.5600 1 312 221.8600 126.2300
1.5684148656e+00 1.0804160624e+00 -8.4513201084e+00
79 69 60
2 0 284 296.5200 110.4100 1 337 257.4600 116.0300
1.3432590932e+00 1.0640067648e+00 -8.2035895662e+00
51 37 26
2 0 285 259.0700 109.5000 1 330 222.3900 119.0600
1.2901377668e+00 8.9713746232e-01 -8.2019930491e+00
48 36 26
2 0 331 252.4900 87.9900 1 391 215.3400 100.2300
1.3496114672e+00 6.4235033542e-01 -6.3393800226e+00
175 127 79
2 0 372 176.9700 74.3600 1 356 121.2500 110.0700
1.3673235447e+00 6.2634240191e-01 -6.4074460363e+00
49 23 10
2 0 381 183.0900 71.3700 1 371 127.0000 106.4800
1.3129521077e+00 5.3742196968e-01 -6.3541717495e+00
112 76 49
2 0 409 172.7500 58.5400 1 409 116.7800 96.2300
1.3293883245e+00 5.2998080682e-01 -6.4258965072e+00
40 29 11
2 0 415 178.9000 56.9100 1 413 122.6600 93.6400
1.6075429020e+00 5.5911202176e-01 -8.7636109585e+00
128 102 68
2 0 441 312.3300 42.3900 1 520 271.3800 52.6100
1.3464862032e+00 4.6962994775e-01 -8.6741101314e+00
133 111 86
2 0 467 277.3500 31.1000 1 542 239.4100 44.0900
2.0773894721e+00 4.2132562998e-01 -8.9178041294e+00
159 136 99
2 0 474 376.4100 25.9100 1 559 327.3600 34.9200
1.5323969877e+00 3.6254789354e-01 -8.7676931956e+00
146 116 80
2 0 490 303.4000 17.9000 1 577 262.1400 30.8700
2.0405925659e+00 3.1837743222e-01 -8.9071608791e+00
170 145 99
2 0 504 371.4400 12.8600 1 599 322.2400 23.7900
-8.4701623859e-01 2.1404715707e-01 -5.4032254010e+00
21 10 3
2 0 516 -177.6700 9.1100 1 466 -176.4700 73.4500
1.1276808165e+00 4.5525061085e-02 -6.4373178661e+00
142 95 47
2 0 564 151.4400 -15.8200 1 565 96.5300 33.4500
1.9347924220e+00 5.9866866151e-02 -8.9507436211e+00
57 40 29
2 0 580 359.6200 -19.5600 1 650 310.6800 -5.5800
1.0683135880e+00 -7.2110966611e-02 -6.4127021330e+00
175 126 79
2 0 608 141.9700 -33.1900 1 608 87.4300 19.3800
1.0607446018e+00 -1.5603786286e-01 -6.4649950097e+00
140 96 61
2 0 639 143.8300 -45.6100 1 628 88.9500 8.1600
1.2484637739e+00 -2.5565112060e-01 -8.7496195446e+00
135 111 77
2 0 663 268.9500 -58.2400 1 715 227.2600 -36.2800
9.7296107393e-01 -4.9398148327e-01 -6.5924438732e+00
170 133 99
2 0 738 139.0400 -94.5800 1 710 83.8200 -35.1300
9.7296107393e-01 -4.9398148327e-01 -6.5924438732e+00
170 133 99
2 0 739 139.0400 -94.5800 1 711 83.8200 -35.1300
1.7024132456e+00 -5.5267163941e-01 -8.9728361239e+00
113 87 56
2 0 740 332.4900 -94.5100 1 769 282.0700 -73.6500
1.2065720680e+00 -6.7723016099e-01 -8.7791134302e+00
55 42 26
2 0 772 265.5500 -109.6700 1 784 221.2200 -82.7500
1.3057185091e+00 -7.0158181238e-01 -8.8451569142e+00
61 47 33
2 0 780 279.8300 -112.6300 1 794 234.2400 -86.5500
-3.5716774588e-01 -6.6112740722e-01 -5.7286545585e+00
117 86 72
2 0 799 -90.8800 -120.0200 1 718 -113.1800 -39.6800
7.3223074323e-01 -7.8653794878e-01 -6.4902050398e+00
131 104 78
2 0 830 101.2100 -136.9100 1 762 49.1000 -68.7600
7.7908147916e-01 -9.6131644724e-01 -6.5710536206e+00
129 87 53
2 0 875 112.3200 -161.6300 1 800 57.2100 -91.4900
7.6763136266e-01 -9.8531125444e-01 -6.5764178159e+00
134 91 46
2 0 880 111.0600 -165.0400 1 807 56.1600 -94.3700
7.8036164715e-01 -1.0072929895e+00 -6.6411362921e+00
65 36 16
2 0 884 116.4300 -167.5500 1 814 61.1800 -97.8300
7.4438877510e-01 -1.1196819446e+00 -6.6427190409e+00
65 35 21
2 0 910 111.7600 -183.5900 1 837 56.5100 -111.3100
6.7694796578e-01 -1.2691503524e+00 -6.6043026379e+00
137 98 63
2 0 952 100.8400 -205.1600 1 860 45.5700 -128.9200
2.4936141592e-01 -1.2987191495e+00 -5.9464370095e+00
72 45 23
2 0 978 3.2300 -216.0800 1 1585 -42.4400 -124.3500
2.4211038308e-01 -1.3926857724e+00 -5.9605361612e+00
114 96 74
2 0 1004 3.1400 -230.0100 1 881 -43.1000 -136.1700
9.4779203031e-01 -1.8183254664e+00 -9.0528632306e+00
66 58 47
2 0 1031 246.8800 -243.8400 1 991 199.6300 -208.2400
-7.0698000309e-01 -1.7681191015e+00 -5.8450307059e+00
187 145 112
2 0 1104 -126.5300 -278.9800 1 944 -151.5500 -174.9300
1.1171833131e+00 -2.1018299480e+00 -8.9970961783e+00
64 51 27
2 0 1109 265.1300 -280.8000 1 1044 212.3700 -241.2500
1.1171833131e+00 -2.1018299480e+00 -8.9970961783e+00
64 51 27
2 0 1110 265.1300 -280.8000 1 1045 212.3700 -241.2500
4.6392893052e-01 -1.9046635815e+00 -6.6661904988e+00
131 87 52
2 0 1128 76.8800 -293.7400 1 984 21.2100 -205.6300
4.0334934250e-01 1.8338073783e+00 -5.2865851350e+00
112 75 54
2 0 1172 -23.4000 270.1100 1 19 -38.9000 285.1000
2.1863402774e-01 1.8016599272e+00 -5.2629812650e+00
144 116 95
2 0 1175 -50.6300 263.0400 1 25 -60.9600 279.7500
2.0990635662e+00 2.2731722197e+00 -8.7794207964e+00
85 75 65
2 0 1178 374.1000 259.9600 1 1136 339.1500 244.6400
2.1544940430e+00 2.2659812014e+00 -8.7730448469e+00
83 74 67
2 0 1179 381.1000 259.9300 1 101 344.9700 244.5700
1.9764597912e-01 1.7708255581e+00 -5.2829370375e+00
140 124 106
2 0 1184 -51.9900 257.1600 1 38 -62.0400 275.0200
2.2539383226e+00 2.2196917632e+00 -8.7307555147e+00
50 41 32
2 0 1188 392.9800 256.6000 1 111 353.8900 241.3000
2.0918896682e+00 2.2256358633e+00 -8.8017055973e+00
82 75 65
2 0 1192 373.8000 253.3000 1 1142 338.8600 238.6900
2.2099663514e+00 2.2035314811e+00 -8.7585469871e+00
94 85 78
2 0 1195 388.0100 253.4400 1 125 349.9000 238.1200
2.2387933648e+00 2.2006115432e+00 -8.7547429829e+00
90 83 75
2 0 1196 391.6400 253.3600 1 124 353.0000 238.3700
3.5826670355e-01 1.7079903261e+00 -5.3152907327e+00
124 82 55
2 0 1200 -27.4500 248.7000 1 56 -43.1200 267.4200
5.0213501455e-01 1.6590189876e+00 -5.3417151106e+00
172 131 101
2 0 1208 -5.4700 242.2500 1 63 -26.1100 261.6600
3.3192584954e-01 1.6293922472e+00 -5.3340944903e+00
116 73 50
2 0 1216 -29.7100 235.3000 1 74 -45.3900 256.6100
2.0186239729e-01 1.6004588389e+00 -5.2683778284e+00
115 86 67
2 0 1226 -52.7700 230.4200 1 81 -64.0700 254.4100
1.1662625823e-01 1.4572463800e+00 -5.3069239150e+00
151 131 113
2 0 1244 -61.3000 205.9700 1 130 -71.9300 234.1300
-3.0711615672e-01 1.4964965033e+00 -5.3822994813e+00
70 37 16
2 0 1247 -111.1500 205.0600 1 133 -110.3500 233.2900
1.6586653760e+00 1.4154935522e+00 -6.2834329885e+00
47 21 4
2 0 1267 218.7600 195.4300 1 1177 160.8500 210.5000
4.8171593201e-01 1.3713516992e+00 -5.3767691047e+00
139 104 82
2 0 1268 -5.7900 195.4900 1 1160 -28.8200 223.5900
1.4820110141e+00 1.6789506150e+00 -8.0180730715e+00
71 54 44
2 0 1274 269.3600 192.8300 1 190 233.6300 193.4000
1.4415365670e+00 1.6564394256e+00 -8.0229661719e+00
42 25 15
2 0 1278 264.3700 189.3800 1 1193 229.3400 190.4500
1.4795696843e-01 1.0901518322e+00 -5.3924780533e+00
144 124 110
2 0 1333 -50.6100 147.2800 1 200 -66.1300 185.5900
1.6591608927e+00 1.2478201544e+00 -8.8252769084e+00
97 86 64
2 0 1353 320.1800 126.9000 1 310 284.9400 127.1900
1.6591608927e+00 1.2478201544e+00 -8.8252769084e+00
97 86 64
2 0 1354 320.1800 126.9000 1 311 284.9400 127.1900
1.4161766636e+00 9.7077164220e-01 -6.2340770405e+00
93 61 36
2 0 1357 180.8200 125.8800 1 255 125.8200 154.1800
-6.4131454933e-01 9.4393261952e-01 -5.0148703855e+00
56 22 13
2 0 1358 -185.4400 124.7800 1 221 -178.0300 173.5000
1.5166460178e+00 1.1631521200e+00 -8.2509748469e+00
93 84 77
2 0 1359 282.8900 123.3700 1 1743 243.4100 129.1400
-6.0441827542e-01 9.3291498386e-01 -5.2183379496e+00
72 42 26
2 0 1362 -163.1100 119.7600 1 236 -158.3500 166.9300
1.3699406155e+00 1.1033413595e+00 -8.1713832121e+00
50 38 26
2 0 1366 261.2400 115.2700 1 317 223.9200 124.0800
1.3439591072e+00 1.0854133089e+00 -8.1729653594e+00
84 74 62
2 0 1371 258.0400 112.7600 1 1253 221.1200 121.9600
2.0694113798e+00 9.8296673409e-01 -8.8940646983e+00
88 74 61
2 0 1391 374.1300 96.1000 1 402 329.7900 97.8800
2.1095984960e+00 8.9735587395e-01 -8.9087211253e+00
113 96 80
2 0 1405 379.7100 85.3500 1 434 334.2100 88.3400
-1.5402674780e+00 7.5105513566e-01 -5.5239345615e+00
144 112 71
2 0 1411 -249.6500 82.2700 1 294 -227.4400 134.0900
1.2232421799e+00 8.5034122304e-01 -8.1932358333e+00
48 30 18
2 0 1413 243.9900 82.0000 1 1306 207.4100 94.7500
2.1155918628e+00 8.5655002537e-01 -8.9096441371e+00
106 91 74
2 0 1415 380.5600 80.3200 1 1333 334.5700 83.7500
1.3736503223e+00 5.9761608548e-01 -6.4173658764e+00
149 117 88
2 0 1440 184.3900 66.7900 1 1289 128.1800 102.9500
1.4422786346e+00 7.2290494668e-01 -8.5778967580e+00
72 52 35
3 0 1449 284.6000 63.4400 1 1798 248.7200 73.0700 2 1129 138.5400 116.7400
1.6749383718e+00 7.1534387633e-01 -8.7262681422e+00
139 115 80
2 0 1453 319.3300 62.2800 1 471 278.1100 70.6100
1.7198930953e+00 6.5971307632e-01 -8.6704037946e+00
159 133 98
3 0 1462 322.6200 56.1700 1 1361 280.8700 65.0400 2 248 161.7100 135.5200
1.1693108708e+00 4.3613887561e-01 -6.3116499787e+00
125 107 94
2 0 1486 150.1300 42.9200 1 442 97.4300 84.4400
3.0203092680e-01 4.1257440804e-01 -5.5678757748e+00
176 149 135
2 0 1487 -16.4500 42.0100 1 412 -44.9500 96.0100
1.3920222845e+00 4.7458815158e-01 -8.7253744902e+00
72 51 33
2 0 1497 284.7000 31.5700 1 543 246.4500 43.7700
2.0326528407e+00 4.4801527582e-01 -8.8378210204e+00
134 105 70
3 0 1500 367.7600 30.1900 1 1424 319.2800 38.8700 2 218 201.1800 151.6500
2.0492684083e+00 4.2484071603e-01 -8.8962185048e+00
121 92 63
2 0 1507 372.2000 26.4100 1 557 323.4000 35.6400
2.0635267979e+00 3.9476481972e-01 -8.8989243045e+00
165 141 109
2 0 1515 374.2200 22.8400 1 1854 324.7500 32.0700
1.1646568721e+00 2.7336856667e-01 -6.3419772457e+00
88 53 34
2 0 1522 151.2600 18.4600 1 1364 97.1200 63.5300
1.2313852941e+00 2.5271162176e-01 -6.4618847797e+00
26 12 20
2 0 1529 167.0100 14.8500 1 1379 111.4300 58.6800
-8.1520285160e-01 2.3136183485e-01 -5.3947697585e+00
20 10 4
2 0 1539 -174.4600 11.8100 1 459 -173.7900 75.7600
1.4743388977e+00 2.8397931689e-01 -8.7363894072e+00
141 106 68
2 0 1547 295.3600 8.3400 1 1445 254.0000 22.6200
-1.6509322958e+00 1.6425890861e-01 -5.5934781552e+00
153 125 88
2 0 1568 -256.3300 -1.1100 1 490 -238.9700 63.4300
1.7446315958e+00 2.0970102250e-01 -8.8595732720e+00
125 96 58
2 0 1569 332.8100 -0.9600 1 621 287.4600 12.5500
-1.4718654194e+00 1.5153708683e-01 -5.4922773583e+00
170 139 96
2 0 1571 -244.6900 -2.0600 1 488 -230.2700 63.9200
1.9899045318e+00 2.0041035174e-01 -8.9239338135e+00
186 157 115
2 0 1572 365.6300 -1.9700 1 1455 316.5400 10.3800
1.1680283125e+00 8.0600735318e-02 -6.4883997074e+00
37 23 14
2 0 1589 159.7500 -10.7400 1 1432 104.3100 36.8300
-8.8850360806e-01 5.0346395906e-02 -5.1339642338e+00
70 30 19
2 0 1592 -206.8500 -14.5700 1 1378 -202.8200 59.0400
-4.0456240680e-01 1.4702892963e-02 -5.5516363300e+00
243 188 142
2 0 1605 -110.3200 -20.0800 1 1403 -123.5000 46.2600
-8.0417849305e-01 -2.6167013373e-02 -5.6429914361e+00
76 39 21
2 0 1614 -152.4400 -26.6500 1 554 -157.2100 39.5400
1.9297606221e+00 -1.0452232716e-01 -8.9552054871e+00
166 143 110
2 0 1641 359.4300 -39.8100 1 1485 309.0600 -24.0600
1.5493263953e+00 -1.6312234446e-01 -8.8452762854e+00
132 106 73
2 0 1656 308.7000 -46.9700 1 694 263.4100 -28.1600
-7.1444210726e-01 -1.7844599109e-01 -5.6274846939e+00
139 108 86
2 0 1659 -142.9700 -48.8500 1 603 -151.0000 21.4700
1.6908080349e-01 -3.6491544744e-01 -5.7134694754e+00
194 170 155
2 0 1693 -23.8300 -77.0700 1 644 -56.9600 -4.1000
-1.0471691705e+00 -4.0026100041e-01 -5.2094330452e+00
192 165 123
2 0 1700 -220.1300 -82.5000 1 633 -217.6300 2.0500
-8.1331270761e-01 -4.1550401907e-01 -5.6733066741e+00
141 110 87
2 0 1702 -151.6100 -83.2800 1 654 -159.7800 -7.7200
-5.1440191946e-01 -4.1766332088e-01 -5.6458881331e+00
217 198 167
2 0 1703 -116.9100 -84.1000 1 655 -132.3400 -8.2300
-1.4410802195e+00 -4.3775784897e-01 -5.4499630315e+00
185 157 110
2 0 1705 -245.6300 -86.5400 1 648 -237.1100 -5.5800
1.7326971288e+00 -5.3378679497e-01 -8.9839063364e+00
156 135 96
2 0 1712 336.3900 -92.4600 1 1533 286.0900 -71.5500
-3.0161549041e-01 -4.9935960375e-01 -5.7009813103e+00
117 89 74
2 0 1716 -85.8900 -96.3800 1 673 -107.7900 -19.5500
-3.0161549041e-01 -4.9935960375e-01 -5.7009813103e+00
117 89 74
2 0 1717 -85.8900 -96.3800 1 674 -107.7900 -19.5500
9.4931975470e-01 -6.1173213849e-01 -8.6038787904e+00
62 51 45
2 0 1721 228.3200 -101.6700 1 1536 187.3400 -72.6800
-7.0093760978e-01 -5.9976526762e-01 -5.6329236755e+00
132 111 90
2 0 1732 -141.2800 -110.6000 1 697 -153.7400 -29.7700
-1.8514683298e+00 -6.3284976798e-01 -5.6895589230e+00
140 107 73
2 0 1735 -271.5800 -112.2200 1 701 -258.6100 -31.0400
1.4531037321e+00 -7.4819260100e-01 -9.0228480583e+00
101 89 71
2 0 1741 303.7500 -117.7800 1 1559 257.0100 -94.2000
-6.9778003523e-01 -6.7429402990e-01 -5.6457258186e+00
249 227 190
2 0 1745 -139.9000 -121.4500 1 716 -153.3300 -39.0600
1.4301835694e+00 -7.9830093412e-01 -9.0297194015e+00
103 92 74
2 0 1748 301.3900 -123.6200 1 818 254.4800 -99.7800
-1.2125698594e+00 -6.8313585762e-01 -5.2632858079e+00
167 147 113
2 0 1749 -236.0700 -124.2000 1 707 -232.3500 -33.0600
-1.7588763380e+00 -7.6806555830e-01 -5.6469293929e+00
129 101 70
2 0 1760 -265.1100 -131.6000 1 728 -255.0800 -46.6900
-7.5130448542e-01 -7.5848094185e-01 -5.6547573193e+00
169 138 98
2 0 1763 -145.8600 -133.5600 1 733 -158.8200 -49.2400
-4.7643126130e-01 -1.0078086454e+00 -5.7927643898e+00
124 93 70
2 0 1784 -101.1600 -170.0100 1 783 -124.2900 -82.5300
-5.0009554972e-01 -1.0330690252e+00 -5.7864519833e+00
199 156 116
2 0 1789 -104.6400 -173.6800 1 791 -127.3500 -85.4300
-5.0009554972e-01 -1.0330690252e+00 -5.7864519833e+00
199 156 116
2 0 1790 -104.6400 -173.6800 1 792 -127.3500 -85.4300
-7.4872201160e-01 -1.0492983478e+00 -5.7639417763e+00
104 70 34
3 0 1791 -137.1600 -175.1200 1 789 -154.0600 -85.5800 2 1363 -110.6300 -46.9900
-7.3237230189e-01 -1.0478347054e+00 -5.7376104440e+00
104 70 34
2 0 1792 -137.1600 -175.1200 1 790 -154.0600 -85.5800
-1.7228157892e+00 -1.0888656040e+00 -5.5927874041e+00
188 148 103
2 0 1795 -266.5500 -177.5400 1 785 -259.5600 -84.2200
-1.1678075743e+00 -1.1694040371e+00 -5.7010876725e+00
85 61 47
2 0 1804 -192.9400 -190.8000 1 810 -200.0100 -97.6500
-8.4803795400e-01 -1.2006204555e+00 -5.7059639326e+00
204 170 125
2 0 1811 -154.1000 -197.2100 1 1566 -169.3000 -103.2700
-5.5781540397e-01 -1.2341809486e+00 -5.8017440192e+00
181 145 117
2 0 1817 -110.9700 -202.7500 1 833 -133.9800 -109.8600
6.0492382714e-01 -1.3447686478e+00 -6.5552796559e+00
115 69 38
2 0 1830 88.5300 -216.3100 1 887 34.2900 -137.2800
-1.7842861660e+00 -1.5249948261e+00 -5.6068313392e+00
170 132 85
2 0 1853 -273.0300 -238.7600 1 883 -269.5200 -136.2400
2.0037902342e-01 -1.4793991003e+00 -5.9520391521e+00
63 44 30
2 0 1860 -2.9800 -242.8600 1 1601 -48.9400 -146.7200
-1.8896191779e+00 -1.5827947810e+00 -5.6693707969e+00
179 139 89
2 0 1862 -279.4600 -245.0000 1 898 -274.8700 -142.8800
4.6442689389e-01 -1.8334085951e+00 -8.5854288336e+00
93 85 76
2 0 1867 172.7200 -248.7000 1 1643 129.2300 -203.7500
4.6442689389e-01 -1.8334085951e+00 -8.5854288336e+00
93 85 76
2 0 1868 172.7200 -248.7000 1 1644 129.2300 -203.7500
2.1807409771e-01 -1.5403690590e+00 -5.9965795018e+00
129 101 75
2 0 1872 2.5300 -251.2800 1 913 -44.8300 -154.9300
-1.4373449084e+00 -1.5652485272e+00 -5.3893484821e+00
144 113 78
2 0 1873 -252.9100 -251.5800 1 897 -254.6300 -141.8900
-4.1256810558e-01 -1.5945584089e+00 -5.8706840890e+00
136 105 79
2 0 1879 -87.6700 -255.7200 1 1608 -118.7700 -156.0000
4.3442440901e-01 -1.9040730774e+00 -8.6079019520e+00
99 85 76
2 0 1882 170.4300 -256.6400 1 994 126.8000 -211.4400
4.4376227286e-01 -1.6403282379e+00 -6.5921937974e+00
154 110 84
2 0 1884 70.0500 -256.7500 1 941 16.6300 -172.7800
-1.4216598919e+00 -1.6085484255e+00 -5.3632450782e+00
139 110 85
2 0 1886 -253.7900 -258.7200 1 903 -255.4700 -147.1100
4.6186529526e-01 -1.9247982053e+00 -8.6028498184e+00
34 23 17
2 0 1887 173.3800 -259.4900 1 1004 129.0600 -213.9900
1.4594410280e-01 -1.6007770337e+00 -5.9516754300e+00
183 139 102
2 0 1888 -10.2600 -260.6700 1 925 -55.8400 -161.5600
-8.7916548569e-01 -1.6636029140e+00 -5.8038771728e+00
158 134 107
2 0 1892 -150.6600 -262.8700 1 923 -170.1900 -160.4700
-5.8651919827e-01 -1.6515803713e+00 -5.8454215529e+00
147 111 75
2 0 1893 -111.4400 -263.0200 1 924 -138.4300 -161.5200
2.5973698626e-01 -1.7119993627e+00 -6.0129941180e+00
189 135 91
2 0 1908 8.9700 -277.3700 1 947 -40.9100 -176.9400
1.1418186001e+00 -2.0927161727e+00 -9.0162533950e+00
130 119 101
2 0 1909 268.7800 -279.5200 1 1663 215.7400 -240.6100
-9.0718978142e-01 -1.8015216936e+00 -5.8014212558e+00
128 110 88
2 0 1911 -154.3900 -282.7300 1 946 -174.7500 -177.2300
-9.2104049672e-01 -1.8473929000e+00 -5.8049140266e+00
145 119 92
2 0 1916 -156.0000 -289.2700 1 952 -176.1800 -182.7200
-9.5427467278e-01 -1.8912014378e+00 -5.8291134382e+00
129 110 86
2 0 1921 -158.1700 -294.7700 1 961 -178.0300 -187.9100
1.6668165174e+00 2.0033034445e+00 -5.9643035796e+00
38 28 23
2 0 1927 203.7600 296.5400 1 1678 149.2800 296.3900
-2.3906326144e-01 1.8022555836e+00 -5.2140808188e+00
77 56 38
2 0 1952 -116.4400 256.6800 1 1103 -112.0400 278.3900
-2.3664375636e-01 1.7763804567e+00 -5.3366948215e+00
73 32 17
2 0 1956 -105.5100 250.1700 1 1112 -103.8500 269.6800
3.7376974432e-01 1.7049909156e+00 -5.3305822247e+00
169 132 100
2 0 1957 -24.1100 248.1000 1 1113 -40.4600 266.5400
1.9463705131e+00 2.0219065830e+00 -8.7467213228e+00
90 77 69
2 0 1970 353.5300 227.1100 1 1167 318.8900 216.2200
1.5114426152e+00 1.8340634140e+00 -7.9812490956e+00
44 26 14
2 0 1979 271.8300 214.4800 1 1711 236.2800 211.8500
1.3342873404e+00 1.4461177806e+00 -5.5739491880e+00
192 165 148
2 0 1980 131.3000 213.9800 1 1147 80.5600 233.5300
-3.4227664443e-01 1.4634721163e+00 -5.3278234325e+00
90 46 24
2 0 1988 -120.2200 200.7900 1 1148 -118.1300 230.8500
-3.7945645741e-01 1.4479087177e+00 -5.3268217719e+00
101 58 39
2 0 1989 -124.8900 198.2900 1 1154 -122.4300 228.3700
-4.8188503025e-01 1.2837202235e+00 -5.0003198200e+00
39 18 5
2 0 2008 -166.2400 179.1800 1 1164 -159.0500 217.7200
1.5754514788e+00 1.2387901900e+00 -6.2513386631e+00
142 98 59
2 0 2024 204.9700 168.2400 1 1721 147.5500 188.2500
1.1288666602e-01 1.2103592273e+00 -5.3737076257e+00
144 109 87
2 0 2026 -56.3600 166.4800 1 1187 -70.4700 200.3900
1.4897930128e+00 1.3635639774e+00 -8.3517282544e+00
73 59 50
2 0 2044 282.9400 146.9600 1 265 247.0000 149.4700
1.1582738272e+00 1.0343808692e+00 -5.6345388482e+00
116 92 80
2 0 2045 108.5500 143.8200 1 1209 60.4000 177.5300
1.3640613173e+00 7.9700356313e-01 -6.2587189018e+00
80 50 34
2 0 2072 174.7600 98.8900 1 1243 119.5600 131.2900
-6.4856947209e-01 7.2519580972e-01 -5.4593084242e+00
30 26 17
2 0 2080 -148.1300 85.1600 1 1242 -147.2500 134.6900
-5.5022812718e-01 6.8228743399e-01 -5.4043882165e+00
94 45 21
2 0 2088 -140.6600 79.7800 1 1740 -141.5500 131.4200
1.3127656373e+00 6.7625840378e-01 -6.2787187413e+00
56 31 24
2 0 2092 168.5200 80.0200 1 1260 113.8100 115.5200
1.3127656373e+00 6.7625840378e-01 -6.2787187413e+00
56 31 24
2 0 2093 168.5200 80.0200 1 1261 113.8100 115.5200
1.6468861477e+00 6.9760974010e-01 -8.6375848725e+00
154 128 94
3 0 2130 312.5700 60.8500 1 1808 271.9800 69.5900 2 1109 153.6300 131.2300
-1.7681071503e+00 5.7581582115e-01 -5.6920274532e+00
166 123 76
2 0 2145 -260.2300 55.2300 1 359 -238.2200 108.9500
-1.4024896926e+00 5.4587774165e-01 -5.4549115110e+00
155 121 84
2 0 2146 -239.5200 54.8300 1 1268 -222.4800 111.5000
1.5226915870e+00 6.4548531433e-01 -8.7326837737e+00
123 106 80
2 0 2152 300.6900 52.8400 1 1372 261.8400 62.6800
-2.5811391832e-01 4.8103359105e-01 -5.4770205777e+00
200 158 127
2 0 2160 -97.3300 50.6600 1 1279 -109.0900 105.4000
-2.5811391832e-01 4.8103359105e-01 -5.4770205777e+00
200 158 127
2 0 2161 -97.3300 50.6600 1 1280 -109.0900 105.4000
1.3127774475e+00 5.7021605192e-01 -8.6517425865e+00
119 93 70
2 0 2172 272.0400 42.9000 1 1820 236.1100 56.1100
1.2156423507e+00 4.0098977088e-01 -6.3177815007e+00
57 39 22
2 0 2187 157.0100 37.8300 1 1789 102.5900 80.0100
1.8486074845e+00 1.7865562211e-01 -8.8563710148e+00
137 118 78
2 0 2250 345.9000 -4.4200 1 1460 298.0800 8.8400
2.0002443861e+00 1.7363837266e-01 -8.9559000638e+00
88 62 38
2 0 2251 368.0800 -5.0600 1 1870 318.5900 6.5600
-1.7421661202e+00 1.3472766489e-01 -5.6468663158e+00
146 113 71
2 0 2252 -261.9300 -5.6200 1 497 -243.6400 58.9300
1.1230181205e+00 9.0725011184e-02 -6.3824280988e+00
166 112 57
2 0 2260 147.7200 -9.0500 1 1417 93.2600 40.1500
1.0955900213e+00 8.1015541666e-02 -6.3649580363e+00
78 42 25
2 0 2264 142.9900 -10.4300 1 1422 89.0600 39.2200
1.9786901439e+00 1.0872803999e-01 -8.9589766682e+00
88 69 52
2 0 2270 365.2800 -13.6000 1 1877 316.2100 -0.2000
1.9786901439e+00 1.0872803999e-01 -8.9589766682e+00
88 69 52
2 0 2271 365.2800 -13.6000 1 1878 316.2100 -0.2000
1.9922212727e+00 9.2038433661e-02 -9.0397370629e+00
159 135 108
2 0 2290 369.3700 -15.7900 1 2109 320.8800 -3.3000
1.2875615442e+00 -8.4746147698e-02 -8.7563277068e+00
104 83 54
2 0 2309 273.7500 -37.2400 1 1894 232.7800 -17.8400
-1.2211809944e+00 -1.2268149742e-01 -5.3349444398e+00
178 155 113
2 0 2312 -229.2600 -40.8900 1 562 -221.9200 33.8700
-5.3134784370e-01 -1.2757354154e-01 -5.5571136350e+00
150 119 103
2 0 2313 -125.8500 -41.2800 1 1857 -137.4900 28.7000
-9.7777389362e-01 -1.9598650823e-01 -5.1916415562e+00
68 36 18
2 0 2323 -212.8700 -51.8500 1 1442 -210.0000 27.4300
9.4980567569e-01 -3.2345208121e-01 -6.4273734944e+00
86 50 36
2 0 2338 126.7000 -70.1500 1 1474 73.0000 -11.7200
9.0013565343e-02 -3.6623007075e-01 -5.7421261954e+00
204 172 156
2 0 2345 -32.0800 -76.9600 1 645 -63.4000 -4.6900
-5.8923538817e-01 -4.0878781394e-01 -5.6145619969e+00
87 59 48
2 0 2348 -128.8300 -82.8600 1 1470 -141.8700 -6.4300
-6.0439441826e-01 -4.3620496641e-01 -5.6286224663e+00
89 58 39
2 0 2352 -129.5000 -86.7500 1 1472 -142.7800 -10.0400
9.4745169049e-01 -6.6853904219e-01 -8.6413337174e+00
34 24 15
2 0 2375 229.6200 -108.4600 1 1942 188.5100 -79.2800
9.4745169049e-01 -6.6853904219e-01 -8.6413337174e+00
34 24 15
2 0 2376 229.6200 -108.4600 1 1943 188.5100 -79.2800
-5.8645422661e-01 -6.0057484124e-01 -5.6690447564e+00
121 92 63
2 0 2377 -124.1700 -110.7700 1 1491 -139.8300 -30.7500
1.5360553203e+00 -8.2212483434e-01 -9.1016986556e+00
156 131 109
2 0 2388 316.4000 -126.6700 1 1956 268.6400 -103.4200
7.9315740668e-01 -7.8889165453e-01 -6.4823343937e+00
65 34 13
2 0 2398 108.9900 -137.5100 1 1935 55.0000 -69.3200
-5.9065738856e-01 -8.3529788415e-01 -5.7135980064e+00
207 162 119
2 0 2407 -121.3200 -144.8900 1 1523 -139.6000 -60.0300
-3.8742076587e-01 -8.3696945978e-01 -5.7554570280e+00
211 190 156
2 0 2409 -92.7100 -145.6500 1 1525 -116.2500 -61.5500
-6.1847398366e-01 -9.0085689201e-01 -5.7234357153e+00
214 176 129
2 0 2419 -124.2500 -154.4200 1 1531 -142.1000 -67.9200
-6.9537253998e-01 -1.0221114397e+00 -5.7410337805e+00
225 199 165
2 0 2427 -132.2500 -171.4800 1 1542 -149.9800 -82.7000
-7.0803300719e-01 -1.0573340604e+00 -5.7463825211e+00
233 209 162
2 0 2429 -133.4400 -176.5100 1 1548 -151.1900 -86.9800
-1.1504797887e+00 -1.1304501970e+00 -5.7440634181e+00
73 36 18
2 0 2437 -187.1800 -184.7100 1 1552 -194.7600 -93.4800
-1.7199181142e+00 -1.1651937995e+00 -5.5851474074e+00
202 165 120
2 0 2441 -267.0900 -188.4900 1 1554 -260.7500 -93.2600
-7.3203793089e-01 -1.1542784511e+00 -5.7591871310e+00
217 194 154
2 0 2443 -135.4900 -190.3800 1 1949 -153.6500 -98.8100
-8.8216941190e-01 -1.2286609757e+00 -5.7825659518e+00
52 27 12
3 0 2451 -151.3400 -200.6000 1 1569 -167.0900 -106.5500 2 1832 -108.2200 -76.2200
-8.3956239716e-01 -1.2255262244e+00 -5.7279475698e+00
52 27 12
2 0 2452 -151.3400 -200.6000 1 1570 -167.0900 -106.5500
4.7379337199e-01 -1.4575179904e+00 -8.6117905046e+00
47 36 30
2 0 2455 174.7100 -202.3500 1 1610 133.9800 -162.8300
6.1753065835e-01 -1.2993841875e+00 -6.5432329172e+00
78 42 16
2 0 2461 89.5900 -209.9000 1 863 35.1400 -131.8100
-2.1431699856e+00 -1.4163984411e+00 -5.8432905319e+00
175 141 92
2 0 2463 -291.3500 -217.1200 1 1584 -282.3300 -122.9200
-9.2543034823e-01 -1.4325050151e+00 -5.7314741738e+00
144 111 91
2 0 2474 -161.7100 -230.0900 1 1970 -177.5500 -131.3800
-2.0674539912e+00 -1.5108541388e+00 -5.7901559478e+00
196 162 116
2 0 2476 -288.1000 -231.4900 1 1592 -280.7300 -134.0400
-2.0674539912e+00 -1.5108541388e+00 -5.7901559478e+00
196 162 116
2 0 2477 -288.1000 -231.4900 1 1593 -280.7300 -134.0400
5.6373576035e-01 -1.4678047427e+00 -6.5686140298e+00
95 57 36
2 0 2479 84.0400 -233.5100 1 1978 29.5400 -152.2700
-1.2181744430e+00 -1.5897100839e+00 -5.8422585495e+00
116 89 72
2 0 2491 -187.7500 -248.4100 1 1603 -199.0400 -149.2400
-2.2061401991e+00 -1.6610292452e+00 -5.8607801836e+00
190 152 102
2 0 2493 -297.2900 -249.8500 1 1977 -289.3900 -151.2100
5.0748444358e-01 -1.6515051066e+00 -6.5803222233e+00
87 49 25
2 0 2504 77.3600 -259.4500 1 1985 22.7800 -174.4200
-1.5347379680e+00 -1.7035547240e+00 -5.4304526579e+00
169 138 99
2 0 2512 -260.4700 -270.0300 1 1979 -262.8300 -158.6400
-1.7714435908e+00 -1.7584276048e+00 -5.5867188439e+00
210 176 128
2 0 2513 -273.9300 -272.5400 1 1611 -272.8100 -164.3700
-1.7714435908e+00 -1.7584276048e+00 -5.5867188439e+00
210 176 128
2 0 2514 -273.9300 -272.5400 1 1612 -272.8100 -164.3700
-1.5859884782e+00 -1.7797732161e+00 -5.4865414785e+00
152 122 84
2 0 2519 -261.8300 -279.5700 1 1616 -263.7100 -167.8300
-1.0388539603e+00 -1.8893104614e+00 -5.8049370808e+00
38 24 12
2 0 2527 -170.0600 -294.0400 1 1624 -188.2400 -186.9600
-1.3735414746e+00 -1.9320584680e+00 -5.8908500829e+00
90 76 63
2 0 2533 -202.3900 -294.6800 1 1995 -214.0600 -189.6900
6.1212635338e-01 1.7793465814e+00 -5.3444431185e+00
126 92 67
2 0 2544 10.4000 263.3900 1 1104 -12.8400 277.6400
2.3797732941e-01 1.7665718952e+00 -5.2782288129e+00
116 88 64
2 0 2547 -46.9700 256.9700 1 1686 -57.9200 275.3600
1.6640157037e+00 2.1247253054e+00 -8.0068241332e+00
51 33 22
2 0 2548 292.5400 253.8700 1 2033 256.6300 245.7100
4.7975378771e-01 1.6406980778e+00 -5.3286413212e+00
136 99 76
2 0 2554 -9.6800 239.1600 1 1690 -29.5000 259.8300
6.2526325241e-01 1.5860755643e+00 -5.3818478513e+00
155 121 93
2 0 2556 14.8200 231.3700 1 1696 -10.6300 251.9900
4.0045220025e-02 1.4295841314e+00 -5.3255346314e+00
176 127 95
2 0 2565 -70.0200 200.4700 1 1707 -79.1400 229.2200
1.6062959769e+00 1.3119692089e+00 -6.2468199689e+00
146 97 64
2 0 2572 209.2500 179.8600 1 2040 151.6000 197.9200
-4.5556826566e-01 9.8722286334e-01 -5.4503773020e+00
68 38 20
2 0 2587 -124.6600 125.5600 1 1729 -125.7100 167.7400
1.4278066276e+00 1.1759663868e+00 -8.2452424322e+00
79 69 59
2 0 2588 271.4100 124.3200 1 1742 233.8900 130.4600
-2.1488103824e-01 7.3756511168e-01 -5.3570418145e+00
145 111 83
2 0 2604 -101.4500 90.9100 1 2052 -110.3900 140.5300
-2.5036979839e-01 6.5645433513e-01 -5.4503252146e+00
75 46 28
2 0 2611 -98.4000 77.4400 1 1744 -108.3900 127.7300
2.1352666467e+00 8.2850792643e-01 -8.9418560599e+00
61 47 33
2 0 2612 383.9200 76.4000 1 2071 337.9500 80.2900
-4.7965540129e-01 5.6114432815e-01 -5.5013085992e+00
107 75 56
2 0 2617 -123.6700 61.2600 1 1762 -128.8900 114.2100
1.3586601095e+00 6.5492192821e-01 -8.6609027144e+00
60 49 32
2 0 2623 278.1900 54.0200 1 1813 241.5400 64.6400
2.1636950242e+00 5.8137611603e-01 -8.9220277463e+00
91 75 57
2 0 2628 387.3700 46.0200 1 2082 338.3000 52.9300
1.5338225414e+00 5.0761311081e-01 -8.6832109284e+00
147 121 87
3 0 2632 300.3300 36.4200 1 2085 260.2500 47.8200 2 1677 163.2800 115.7200
1.4736617985e+00 4.9126433988e-01 -8.7173192636e+00
78 64 47
2 0 2635 294.3200 33.8200 1 2086 254.7900 45.8900
1.1893740693e+00 3.3087814133e-01 -6.3304098707e+00
61 39 34
2 0 2638 154.0400 27.1600 1 1803 99.7500 70.9800
2.1274614398e+00 4.0507493146e-01 -8.9862265140e+00
174 148 123
2 0 2639 384.8400 23.8100 1 2095 335.4500 31.8200
-9.6301664934e-01 1.4616390017e-01 -5.1653116423e+00
98 76 55
2 0 2652 -213.0400 -0.2800 1 1806 -206.8400 70.1100
2.0306196493e+00 1.6806628655e-01 -9.0156904795e+00
163 137 112
2 0 2660 373.4600 -6.2500 1 2104 324.5700 5.4000
1.9675817778e+00 2.5935588574e-02 -9.0143595553e+00
156 134 110
2 0 2678 365.8700 -23.4800 1 2113 316.3900 -10.7000
-4.9916655632e-01 -2.5904779011e-02 -5.5429231802e+00
150 120 102
2 0 2679 -122.9800 -26.2200 1 1844 -134.1000 41.4600
-4.6879314122e-01 -4.5283455519e-02 -5.5524391815e+00
77 55 34
2 0 2681 -118.4900 -29.1500 1 1846 -130.4500 38.9700
1.0921309543e+00 -1.2677918985e-01 -8.8035000991e+00
123 102 72
3 0 2691 252.5700 -42.8400 1 2121 214.3000 -21.9600 2 1721 191.9900 55.8500
1.1375127762e+00 -1.7343172866e-01 -8.7501519178e+00
83 68 48
2 0 2695 255.6100 -48.1300 1 1901 216.5600 -27.0200
9.8577884641e-01 -2.2794915762e-01 -8.4034149469e+00
73 59 50
2 0 2697 224.3300 -54.8400 1 2124 184.3700 -28.2400
9.6616846665e-01 -4.7483452286e-01 -8.6468860355e+00
64 44 27
2 0 2716 231.9000 -84.6800 1 2139 192.0000 -58.3400
1.1036278701e+00 -5.3123719210e-01 -8.7668478039e+00
150 114 81
2 0 2717 252.7500 -91.4700 1 2143 211.0900 -66.3300
1.1867292990e+00 -5.6444442214e-01 -8.7891893550e+00
118 90 57
2 0 2720 263.4700 -95.6700 1 2145 220.3700 -70.5000
1.2311270720e+00 -5.8517954714e-01 -8.8242297547e+00
124 84 57
2 0 2722 270.0200 -98.2300 1 2146 226.4100 -73.2700
1.4548416916e+00 -6.7401601568e-01 -8.9236886007e+00
122 96 60
2 0 2726 300.5800 -109.2100 1 1946 253.2900 -85.1300
-3.9415654316e-01 -5.8919240197e-01 -5.6921320413e+00
220 182 144
2 0 2727 -98.4600 -109.6000 1 1905 -118.5800 -30.1200
-3.9415654316e-01 -5.8919240197e-01 -5.6921320413e+00
220 182 144
2 0 2728 -98.4600 -109.6000 1 1906 -118.5800 -30.1200
-5.7195613690e-01 -6.3873970361e-01 -5.6780915416e+00
245 230 192
2 0 2734 -121.7000 -116.3800 1 1907 -138.1200 -35.5700
-7.3259154141e-01 -7.2225138719e-01 -5.6113127873e+00
168 126 81
2 0 2735 -147.2400 -128.7700 1 1915 -159.5700 -44.2100
-2.0579806843e+00 -8.2088973287e-01 -5.8000853739e+00
213 175 124
2 0 2739 -284.8300 -136.7100 1 1922 -270.9800 -53.6700
-1.0294059837e+00 -8.5711277310e-01 -5.7402827562e+00
77 42 23
2 0 2743 -172.7000 -146.0800 1 1925 -180.4800 -61.1200
-5.5421861018e-01 -8.4456952091e-01 -5.7242179244e+00
210 184 147
2 0 2744 -116.0800 -146.3800 1 1926 -135.1700 -61.3700
7.6717150515e-01 -8.6160918316e-01 -6.4947055674e+00
66 42 32
2 0 2748 106.2600 -147.8900 1 1940 52.3000 -78.2800
-2.1153785925e+00 -9.2068558268e-01 -5.8302919899e+00
212 173 121
2 0 2749 -288.5400 -149.8300 1 1930 -274.9900 -65.3600
-3.5082713830e-01 -8.6307139724e-01 -5.7609169318e+00
173 139 113
2 0 2751 -87.7800 -149.6800 1 1928 -112.3500 -64.9200
-1.9626845605e+00 -1.0821734409e+00 -5.7422146036e+00
197 160 115
2 0 2758 -280.0800 -173.6200 1 1545 -269.7600 -83.8300
-2.2232094940e+00 -1.2127407762e+00 -5.9173690464e+00
213 171 113
2 0 2762 -293.0200 -187.9500 1 1951 -281.3100 -99.4700
-8.0187721305e-01 -1.2128167179e+00 -5.7384386440e+00
231 175 115
2 0 2768 -145.9000 -198.8500 1 1958 -162.4800 -105.3000
-2.2549666331e+00 -1.4400415653e+00 -5.9210249292e+00
191 155 106
2 0 2774 -296.5900 -218.4200 1 1968 -286.5100 -125.5900
-1.7228014348e+00 -1.4858145671e+00 -5.5739284238e+00
213 173 121
2 0 2779 -269.0000 -234.2600 1 1969 -265.8700 -131.6600
-9.0342768207e-01 -1.5553527009e+00 -5.7810267566e+00
203 146 97
2 0 2783 -155.2100 -247.2900 1 1974 -173.1000 -146.9100
-9.9827015874e-01 -1.7752587196e+00 -5.7899012025e+00
53 39 27
2 0 2800 -166.4000 -278.2900 1 1984 -183.9400 -173.1500
-1.0556228993e+00 -1.8289536259e+00 -5.7870769332e+00
143 119 95
2 0 2807 -173.3400 -285.4600 1 2174 -190.6000 -179.3700
1.9251887532e+00 2.3922623713e+00 -8.2420929854e+00
28 17 13
2 0 2813 335.0200 286.8000 1 2030 298.2700 271.7500
1.2795578356e-01 1.6766289811e+00 -5.2712634951e+00
182 129 84
2 0 2818 -62.4300 241.5800 1 2031 -71.2000 262.9500
-8.7869228547e-02 1.1564810826e+00 -5.2874388922e+00
154 121 93
2 0 2824 -90.2900 157.3800 1 2042 -97.8900 195.5000
-1.1368151018e-01 1.0992978526e+00 -5.3068319153e+00
141 113 91
2 0 2827 -92.1200 147.9800 1 2043 -99.8100 187.5500
-2.5905153143e-01 8.8646461138e-01 -5.3801305540e+00
93 60 36
2 0 2834 -105.0700 113.1800 1 2045 -112.0000 157.9600
1.4915019871e+00 1.0530388707e+00 -8.3374115508e+00
34 25 18
2 0 2836 282.8300 107.8500 1 2314 243.9000 115.0800
1.2921520625e+00 5.9448461296e-01 -6.2856024890e+00
62 41 24
2 0 2843 165.9700 67.4700 1 2064 111.1400 105.1100
1.2921520625e+00 5.9448461296e-01 -6.2856024890e+00
62 41 24
2 0 2844 165.9700 67.4700 1 2065 111.1400 105.1100
-2.6953270253e-01 5.7072671869e-01 -5.4491586910e+00
49 34 15
2 0 2845 -101.0700 64.3200 1 2058 -111.2300 117.2000
1.3641991359e+00 5.3975858244e-01 -8.6322896027e+00
63 56 47
3 0 2855 277.8700 39.9200 1 2243 240.8700 52.0500 2 2027 149.4800 103.5600
1.1484519199e+00 3.1102411488e-01 -6.3157280982e+00
157 118 86
2 0 2861 147.3700 23.9500 1 2078 94.3300 68.9900
-1.7505681898e+00 2.5778148813e-01 -5.6665111312e+00
152 119 76
2 0 2866 -260.7900 11.4800 1 1799 -241.8800 72.7200
-1.4250120988e+00 5.1180093292e-02 -5.4850743464e+00
133 109 71
2 0 2869 -240.0600 -16.3200 1 2083 -227.4100 52.1900
-1.4905106619e+00 1.9282071093e-02 -5.4970711243e+00
156 125 84
2 0 2870 -246.4900 -20.9300 1 2246 -233.1800 48.1100
-1.4184850808e+00 -4.3177640949e-02 -5.4475136470e+00
177 150 104
2 0 2873 -242.7400 -29.7700 1 2088 -230.7300 41.6500
9.9785031646e-01 -8.0974118614e-02 -6.3859939133e+00
155 115 86
2 0 2874 130.6900 -34.6300 1 2100 78.1700 18.9500
1.2215682852e+00 -2.4914529993e-01 -8.8871459037e+00
133 109 75
3 0 2879 271.3500 -57.8000 1 2259 229.5700 -36.0500 2 2260 212.9000 60.9100
-1.0081825516e+00 -3.3176167461e-01 -5.2608184311e+00
210 174 132
2 0 2882 -210.4600 -72.0300 1 2102 -209.2100 9.4800
-9.5751027581e-01 -4.1112110471e-01 -5.2032821404e+00
243 226 167
3 0 2884 -211.7700 -83.5400 1 2107 -210.7300 0.1500 2 2092 -221.5000 -12.0700
-2.0384916541e+00 -4.5933347874e-01 -5.8147554658e+00
224 183 129
2 0 2885 -280.9200 -87.4400 1 2114 -263.9200 -12.1600
-1.0538768634e+00 -4.8843366994e-01 -5.2833102369e+00
203 152 105
2 0 2888 -214.3300 -95.3200 1 2112 -213.5800 -10.0100
-2.0234441305e+00 -5.8176348894e-01 -5.7880604037e+00
206 165 113
2 0 2889 -281.9800 -104.3300 1 1899 -265.7800 -25.8800
1.5223982803e+00 -7.7203567211e-01 -9.0540342170e+00
48 34 21
2 0 2894 313.0000 -121.0000 1 2269 265.6400 -97.2100
1.4836203331e+00 -8.5251916001e-01 -9.0793888444e+00
53 41 25
2 0 2896 309.3300 -130.3900 1 2273 262.0900 -106.1700
-9.1085766218e-01 -7.5969443744e-01 -5.7180335284e+00
90 56 44
2 0 2897 -160.0300 -132.5900 1 2134 -169.8300 -49.6600
-9.1605645631e-01 -8.4618027827e-01 -5.7081064054e+00
89 61 40
2 0 2899 -161.7000 -145.2500 1 2140 -171.8500 -59.8900
-1.9377690785e+00 -1.0159666263e+00 -5.7244811327e+00
200 166 121
2 0 2904 -278.8300 -164.7900 1 2147 -268.0400 -75.9800
3.9722159030e-01 -1.8931149609e+00 -8.5825732588e+00
36 23 15
2 0 2921 164.9100 -255.5500 1 2191 122.2000 -209.6300
9.1747485353e-01 -1.9913022740e+00 -8.8379781849e+00
85 75 65
2 0 2928 235.4500 -268.1700 1 2296 185.5400 -226.3200
-1.8903830324e+00 -1.7835831841e+00 -5.6730993025e+00
162 129 88
2 0 2930 -279.7700 -273.2600 1 2169 -277.0100 -166.9200
-1.8903830324e+00 -1.7835831841e+00 -5.6730993025e+00
162 129 88
2 0 2931 -279.7700 -273.2600 1 2170 -277.0100 -166.9200
-6.4748608966e-01 -1.7383058049e+00 -5.8549223698e+00
201 163 125
2 0 2932 -118.4200 -275.0100 1 2171 -144.6200 -171.7700
-6.4748608966e-01 -1.7383058049e+00 -5.8549223698e+00
201 163 125
2 0 2933 -118.4200 -275.0100 1 2172 -144.6200 -171.7700
9.8368321870e-01 -2.0698499334e+00 -8.8644392400e+00
46 36 28
2 0 2935 244.3000 -278.0600 1 2297 193.0200 -235.8000
3.7388078145e-01 -1.8053505821e+00 -6.5586163835e+00
38 21 13
2 0 2938 58.6800 -280.8100 1 2180 6.1600 -192.0100
-6.6782167726e-01 -1.8240858964e+00 -5.8560121007e+00
187 157 119
2 0 2940 -121.0000 -287.4000 1 2175 -147.4400 -182.2000
-1.0936430209e+00 -1.8692213470e+00 -5.7621250020e+00
106 75 50
2 0 2941 -180.1400 -291.5300 1 2177 -196.4500 -183.8500
2.0128578285e+00 2.3460705276e+00 -8.2037836536e+00
26 17 12
2 0 2946 345.3500 282.8600 1 2214 306.0000 268.8200
6.9682203431e-02 1.7467623274e+00 -5.2173421887e+00
138 115 94
2 0 2950 -74.6400 253.2200 1 2213 -80.5000 273.3100
1.3421056275e+00 1.5920281649e+00 -5.5307359260e+00
93 75 61
2 0 2953 129.8300 238.9800 1 2217 80.2300 254.1700
1.5298450460e+00 1.0589881991e+00 -8.4499983522e+00
80 71 62
2 0 2962 291.5400 107.2300 1 2315 253.2700 113.8000
1.5298450460e+00 1.0589881991e+00 -8.4499983522e+00
80 71 62
2 0 2963 291.5400 107.2300 1 2316 253.2700 113.8000
2.0820267334e+00 1.0658495491e+00 -9.0721523833e+00
174 148 129
2 0 2964 380.6500 104.4000 1 2234 339.0800 103.5700
2.0819996838e+00 8.9703446216e-01 -8.9249992892e+00
105 89 68
2 0 2965 376.6300 84.9900 1 2319 331.8500 87.9200
1.5352984465e+00 5.6929030780e-01 -8.6696784174e+00
72 59 48
3 0 2973 299.8800 44.1300 1 2241 260.5000 54.8100 2 2020 158.4800 117.7100
-1.0554883632e+00 1.2936596495e-02 -5.2169860119e+00
112 95 70
2 0 2978 -219.6300 -20.4600 1 2242 -213.6400 52.5200
-5.6644515194e-01 -1.0832725731e-02 -5.5421544426e+00
110 76 57
2 0 2979 -131.4400 -24.0400 1 2247 -140.7700 43.3100
-2.4780923748e-01 -1.5114689226e-01 -5.6514747419e+00
186 151 128
2 0 2986 -82.4800 -44.6400 1 2251 -102.3900 23.8200
9.5724518100e-01 -2.1880757135e-01 -6.4066564858e+00
154 108 61
2 0 2990 126.4500 -54.8400 1 2255 73.5900 1.5400
-7.9382461711e-01 -2.9746252347e-01 -5.6567017121e+00
145 119 94
2 0 2993 -150.5200 -66.2200 1 2253 -157.7800 6.7800
8.7005391321e-01 -4.7062540761e-01 -6.4557595256e+00
166 121 82
2 0 2998 117.4600 -91.6100 1 2335 64.8400 -29.9300
9.2147173689e-01 -7.3682489539e-01 -8.6902932564e+00
27 18 11
2 0 3003 228.7500 -116.2100 1 2338 187.4600 -87.3900
-3.0188506863e-01 -7.3606953635e-01 -5.7784292182e+00
184 147 120
2 0 3007 -80.1300 -130.9100 1 2262 -104.8700 -49.7500
6.8801227767e-01 -9.8021921951e-01 -6.5053340151e+00
146 105 67
2 0 3008 96.3500 -164.6700 1 2268 43.4700 -92.5100
5.6438206398e-01 -1.3322957742e+00 -6.5544078103e+00
145 99 66
2 0 3017 83.2400 -214.1100 1 2277 29.9700 -135.5300
3.4821664903e-01 -1.4263217340e+00 -5.9712087498e+00
203 146 101
2 0 3021 17.8500 -235.9600 1 2279 -31.3900 -141.1700
-1.0565559069e+00 -1.5777729817e+00 -5.7611584111e+00
101 69 50
2 0 3022 -175.4500 -249.6700 1 2281 -189.3900 -148.3600
-1.1094203410e+00 -1.7901647738e+00 -5.7809820306e+00
107 76 56
2 0 3026 -180.4000 -279.5100 1 2287 -195.5100 -174.0700
1.3521233478e+00 1.1990338625e+00 -8.2082629297e+00
46 29 22
2 0 3034 260.2200 126.5400 1 2369 224.7600 134.2700
1.5622228982e+00 7.8949120921e-01 -8.6605005870e+00
125 101 67
2 0 3038 303.1000 71.6200 1 2374 263.8300 79.7200
1.5622228982e+00 7.8949120921e-01 -8.6605005870e+00
125 101 67
2 0 3039 303.1000 71.6200 1 2375 263.8300 79.7200
1.4222456279e+00 7.8019266642e-01 -8.6288834186e+00
133 104 71
2 0 3040 284.7000 69.9700 1 2417 247.7400 79.1300
1.5817072204e+00 6.9051811459e-01 -8.6325233316e+00
74 59 42
3 0 3041 303.5300 60.0200 1 2322 264.9800 68.7100 2 2239 151.3500 126.2100
1.9049011337e+00 5.3319008070e-01 -8.8488340230e+00
161 131 93
2 0 3044 352.2100 39.5400 1 2382 306.6600 48.6400
1.3068070374e+00 4.8765268023e-01 -8.6385264404e+00
138 116 80
3 0 3045 271.5600 33.3700 1 2383 234.1300 46.3100 2 2364 150.7500 97.1800
-1.5454209615e+00 -1.5345031797e-01 -5.5269648068e+00
142 117 77
2 0 3049 -250.6400 -45.7300 1 2250 -237.5800 27.2700
-1.3894621841e+00 -3.8458780538e-01 -5.4088377529e+00
181 152 104
2 0 3050 -243.4300 -79.1800 1 2254 -234.5400 1.4600
-2.3742800794e+00 -1.4338198534e+00 -5.9794767425e+00
135 107 73
2 0 3059 -304.2200 -215.9600 1 2275 -292.3200 -124.5900
-1.5645010076e+00 -1.5056659651e+00 -5.4909177487e+00
123 102 76
2 0 3060 -258.1400 -239.7800 1 2345 -258.1600 -134.5300
-1.7293050286e+00 -1.8344972547e+00 -5.5814629673e+00
188 150 102
2 0 3064 -269.7800 -283.9600 1 2286 -270.2800 -173.8900
2.1135371436e+00 2.1596094668e+00 -8.8613701453e+00
112 97 82
2 0 3071 378.3000 243.9800 1 2363 343.0600 229.8100
1.6066992308e+00 1.5728451797e+00 -6.1654344740e+00
103 71 54
2 0 3072 205.1000 221.9200 1 2362 149.6100 233.6700
1.6355799642e+00 1.1592036462e+00 -8.9132833157e+00
29 20 13
2 0 3075 319.9500 114.2800 1 2416 285.7500 116.1000
-5.2462028507e-01 8.7576252849e-01 -5.4125542173e+00
86 46 19
2 0 3076 -136.6200 108.8300 1 2367 -136.4500 154.9400
1.4262816962e+00 9.2432617599e-01 -8.4782582352e+00
30 20 10
2 0 3077 280.0900 90.1200 1 2444 242.0900 97.1500
-1.4574739995e+00 2.8432586606e-01 -5.4824689484e+00
163 128 84
2 0 3078 -243.5400 17.1000 1 2372 -228.5200 79.7300
1.2043676354e+00 -1.8890124130e-01 -8.8630010808e+00
128 103 71
3 0 3082 267.8900 -50.0500 1 2393 227.3100 -29.5700 2 2444 206.5500 62.3200
9.5759074824e-01 -2.3383223414e-01 -6.4355662281e+00
175 126 74
2 0 3083 127.9600 -57.2200 1 2421 75.4400 -0.5600
1.1046057166e+00 -2.4751246644e-01 -8.8657679338e+00
68 55 38
3 0 3084 256.3500 -57.3000 1 2424 216.8600 -35.4500 2 2494 205.8200 51.3800
1.0286448755e+00 -2.8605843961e-01 -8.7153433160e+00
114 88 55
2 0 3085 241.7300 -61.5200 1 2426 202.8500 -38.8500
9.9071054582e-01 -6.7408397434e-01 -8.7546822754e+00
52 43 34
2 0 3090 238.9600 -108.8500 1 2430 198.2800 -81.0800
-2.1603995935e+00 -9.8267824129e-01 -5.8293172348e+00
195 157 110
2 0 3093 -294.0600 -158.2400 1 2396 -279.2700 -72.2100
1.4372281920e+00 5.2340771866e-01 -8.6984683648e+00
74 61 45
2 0 3102 289.1600 37.7500 1 2446 250.4200 49.7500
1.1575479502e+00 5.6917706641e-02 -8.7430465933e+00
105 86 56
3 0 3106 258.8800 -19.8100 1 2448 218.6400 -2.0200 2 2493 178.7700 69.0600
1.0163177106e+00 -5.3338034772e-01 -8.4282608363e+00
14 10 7
2 0 3109 229.7100 -92.3400 1 2450 185.8500 -62.9500
-9.1006031389e-01 -7.7533091620e-01 -5.6786604866e+00
82 57 36
2 0 3111 -163.4600 -135.3500 1 2427 -172.4800 -50.8900
-1.5555037134e+00 -1.1212618269e+00 -5.4914674273e+00
119 99 72
2 0 3116 -256.3300 -184.2800 1 2399 -252.5600 -87.9400
1.7967106145e+00 2.2584115881e-01 -8.8423990855e+00
141 113 76
2 0 3124 338.6100 0.9000 1 2447 292.6000 14.8700
-5.0718894372e-01 -4.9729455218e-01 -5.6554888880e+00
215 188 153
2 0 3128 -115.2800 -95.8100 1 2423 -131.8100 -18.1500
-1.3726602295e+00 -1.3384909573e+00 -5.4332788859e+00
71 40 18
2 0 3129 -240.5100 -217.8700 1 2452 -242.5500 -114.8200
-2.3950348121e+00 -1.5891074310e+00 -6.0213070332e+00
156 130 97
2 0 3130 -302.9200 -235.8800 1 2454 -292.9600 -142.6300
1.3594744407e+00 3.8038923668e-01 -8.6418662426e+00
132 106 73
2 0 3136 277.8100 20.2100 1 2460 238.6800 34.9500
1.3408883494e+00 -7.7291418479e-01 -9.2490477400e+00
39 30 15
2 0 3141 297.5100 -119.5900 1 2464 255.5700 -97.9200
1.2241909599e+00 -9.4631128198e-01 -9.1220307113e+00
134 113 92
2 0 3142 279.5500 -140.9400 1 2466 237.2400 -114.6600
9.6946976229e-01 -1.6151336620e+00 -9.2681190660e+00
133 112 91
2 0 3143 256.3500 -217.2800 1 2484 213.4700 -186.6100
-1.8800224197e+00 -1.4114757261e+00 -5.6978972479e+00
193 153 104
2 0 3144 -275.8100 -220.6500 1 2453 -269.2400 -122.6300
1.7400696672e+00 5.3361460817e-01 -8.5971507477e+00
147 118 84
2 0 3159 323.7800 41.4000 1 2489 277.6200 52.1700
1.3132998417e+00 -2.4755300497e-01 -8.6944334847e+00
129 104 73
2 0 3161 275.3700 -56.4900 1 2490 230.7800 -35.7900
-1.0094038622e+00 -6.3753294754e-01 -5.6076264110e+00
98 72 54
2 0 1739 -179.5700 -115.6700 2 1376 -169.7300 -51.1200
-6.7494003199e-01 8.5744158738e-02 -5.5077065529e+00
88 48 24
2 0 2262 -148.8900 -9.9400 2 1263 -189.7300 27.8600
-9.6626014208e-01 -5.7542276682e-01 -5.6212859198e+00
75 34 16
2 0 2371 -173.4000 -106.6800 2 1806 -168.0600 -43.0600
1.5860150500e+00 6.1189948705e-01 -8.6535056019e+00
135 115 86
2 0 2625 306.0200 49.6800 2 1118 157.7700 123.7300
-9.2138054142e-01 -1.2631728432e+00 -5.7767011007e+00
198 170 137
2 0 2771 -156.3600 -204.8900 2 2125 -109.7500 -83.2200
1.3450682267e+00 4.2625644407e-02 -8.7890556073e+00
137 106 75
2 1 1469 241.0300 -3.9900 2 1189 192.2000 84.0200
-8.5668081460e-01 -1.1026084773e+00 -5.7394113690e+00
205 176 137
2 1 1550 -166.6500 -91.5800 2 1822 -118.2700 -62.9600
1.4869712901e+00 4.8541173540e-01 -8.6874827665e+00
84 69 48
2 1 1837 255.0400 45.5300 2 1143 162.8600 110.9700
1.3058188226e+00 1.3514188315e-02 -8.7787993877e+00
138 109 77
2 1 2422 235.6900 -6.4800 2 2443 192.4400 80.4700
