# Bundle file v0.3
3 431
2.0909013378e+03 -3.0903523126e-02 -3.0261442336e-03
9.9998411869e-01 -2.4185152341e-03 5.0904957413e-03
2.4463905149e-03 9.9998200942e-01 -5.4768613621e-03
-5.0771582877e-03 5.4892277229e-03 9.9997204503e-01
4.8842518425e-02 -1.7957780811e-01 -4.1206483507e+00
2.0451786070e+03 1.9626612297e-01 1.3699339754e-02
9.9884190533e-01 4.7879513185e-02 4.7329031551e-03
-4.7801845628e-02 9.9873889938e-01 -1.5349085467e-02
-5.4618412280e-03 1.5105068267e-02 9.9987099428e-01
4.4124998930e-01 -4.1206439494e-01 -2.5680276567e+00
4.1119960764e+03 -2.6888811248e-04 -8.6125831413e-07
-5.3569974728e-01 8.3917294592e-01 -9.3885822138e-02
-8.3686790541e-01 -5.4244986923e-01 -7.3486381509e-02
-1.1259613520e-01 3.9203395317e-02 9.9286716339e-01
-2.7421919891e+00 -8.0391526701e-01 6.4039861208e+01
3.2661672100e+00 2.7600392642e+00 -2.0766205903e+01
30 24 13
2 0 52 268.7700 226.2800 1 86 330.4400 222.1000
3.9945633901e-01 1.6004305905e+00 -1.1544773554e+01
43 23 8
2 0 90 51.4800 198.2000 1 135 125.4900 195.6800
-1.8988343776e-01 1.3642388540e+00 -9.0396260635e+00
113 98 84
2 0 95 -30.0300 197.0500 1 919 48.2500 193.3900
-6.2110187633e-02 1.3469896422e+00 -1.0293284291e+01
152 136 123
2 0 141 -10.1200 177.0600 1 177 63.1600 175.0100
-4.1663187126e-01 1.3593555784e+00 -1.1466060406e+01
153 138 121
2 0 179 -57.6300 166.6000 1 190 5.2600 166.8600
-4.2840135440e-01 1.3354397958e+00 -1.1526230991e+01
159 140 126
2 0 191 -58.9700 162.9500 1 942 3.2700 162.7400
1.1375036096e+00 1.0282249323e+00 -1.1073713721e+01
45 43 31
2 0 304 155.1600 125.6400 1 995 236.9100 109.7900
2.3566737752e+00 1.2866624115e+00 -1.7068348101e+01
40 28 16
2 0 317 228.2800 118.7200 1 999 290.6200 107.2100
3.4680443239e+00 1.2481707347e+00 -1.9093548854e+01
80 70 61
2 0 356 307.4700 106.7000 1 1017 368.2100 91.0500
1.1464154377e+00 8.9146167931e-01 -1.1625153641e+01
98 87 73
2 0 362 150.6700 103.7700 1 338 227.4400 86.6200
1.1464154377e+00 8.9146167931e-01 -1.1625153641e+01
98 87 73
2 0 363 150.6700 103.7700 1 339 227.4400 86.6200
8.0371872097e-01 8.7242136448e-01 -1.1571685099e+01
36 23 16
2 0 365 105.5700 101.3400 1 337 178.4100 86.4800
-1.4701855557e+00 8.8450569019e-01 -1.4385550563e+01
16 5 0
2 0 395 -169.1300 88.2400 1 326 -127.3800 92.1400
-6.9190727617e-01 6.7675199037e-01 -1.3321276645e+01
117 91 74
2 0 446 -85.5600 67.9300 1 378 -36.0200 64.8200
-6.9190727617e-01 6.7675199037e-01 -1.3321276645e+01
117 91 74
2 0 447 -85.5600 67.9300 1 379 -36.0200 64.8200
-7.1498424075e-01 6.2726904359e-01 -1.3408262188e+01
124 88 73
2 0 462 -87.8700 61.8500 1 1054 -39.1900 58.3400
-7.1498424075e-01 6.2726904359e-01 -1.3408262188e+01
124 88 73
2 0 463 -87.8700 61.8500 1 1055 -39.1900 58.3400
5.9792311679e-01 5.8596082927e-01 -1.2343947386e+01
95 77 67
2 0 465 73.9800 60.3800 1 411 138.4700 45.8700
3.1227796885e+00 6.9895165727e-01 -2.0213407482e+01
74 63 55
2 0 471 263.2100 54.5300 1 1071 315.5500 40.5000
-7.8061310383e-01 5.0963237250e-01 -1.3775350186e+01
124 85 64
2 0 491 -93.9300 47.0400 1 422 -47.4300 43.4100
3.0650376254e+00 5.5063334983e-01 -2.0812041912e+01
106 97 88
2 0 500 251.9800 41.4900 1 452 301.2200 27.0800
3.0650376254e+00 5.5063334983e-01 -2.0812041912e+01
106 97 88
2 0 501 251.9800 41.4900 1 453 301.2200 27.0800
-8.1440448394e-01 4.4544997650e-01 -1.3954149941e+01
119 88 68
2 0 505 -96.8500 39.5000 1 438 -51.7300 35.3100
-1.0986589421e+00 3.8781465704e-01 -1.4568684829e+01
147 126 106
2 0 516 -125.6200 32.3300 1 449 -84.6800 29.6700
-1.6074818563e+00 2.9228346025e-01 -1.5948291685e+01
78 35 18
2 0 539 -170.5000 21.0400 1 1082 -136.0900 21.7400
1.9653959234e+00 1.3116591907e-01 -2.0332584385e+01
49 35 26
2 0 563 163.3100 5.8900 1 510 207.0100 -5.7300
2.6776285752e+00 3.8219087329e-02 -2.1359134770e+01
143 115 76
2 0 577 214.6000 -1.5400 1 524 258.5600 -14.8500
6.8517942235e-01 7.9234756052e-02 -1.3893994539e+01
51 23 2
2 0 579 76.9500 -2.6300 1 529 132.2600 -18.9500
2.8206644839e+00 2.8827830996e-02 -2.0802867455e+01
104 77 48
2 0 581 231.6600 -2.4300 1 1119 277.4900 -17.5300
6.0813579098e-01 4.1473480712e-02 -1.3822953543e+01
138 95 70
2 0 587 68.2900 -7.1900 1 540 123.0700 -23.3400
5.8012826898e-01 -6.0229598748e-03 -1.3859012218e+01
135 87 60
2 0 596 64.9100 -12.6400 1 1132 118.9800 -29.0000
1.6607300591e+00 -9.9945367757e-02 -2.0967358193e+01
57 42 35
2 0 600 133.6000 -13.2700 1 541 173.5900 -23.5500
6.1804516257e-01 -4.7278277696e-02 -1.4280192848e+01
49 29 7
2 0 609 67.4900 -16.7800 1 558 120.1300 -32.7000
5.6152780024e-01 -5.4525356617e-02 -1.4168110978e+01
145 97 68
2 0 611 61.5100 -17.8000 1 559 114.0500 -33.6800
5.6152780024e-01 -5.4525356617e-02 -1.4168110978e+01
145 97 68
2 0 612 61.5100 -17.8000 1 560 114.0500 -33.6800
-1.1036126056e+00 -8.4744506678e-02 -1.5429562019e+01
112 85 58
2 0 615 -121.0800 -19.3700 1 539 -84.0600 -23.7000
-8.4197759990e-01 -9.7585677478e-02 -1.4783146666e+01
143 115 94
2 0 621 -95.9400 -21.8100 1 551 -56.0300 -28.7000
2.5619658109e+00 -2.4354681377e-01 -2.1981607007e+01
86 67 43
3 0 628 200.3700 -23.9300 1 1560 240.8000 -36.2100 2 2536 221.3800 117.4200
-1.1647827923e+00 -1.9989489553e-01 -1.5689809895e+01
102 77 54
2 0 640 -125.9300 -30.9900 1 564 -90.5900 -35.6100
-1.1954578769e+00 -2.6084402394e-01 -1.5881272338e+01
113 82 58
2 0 655 -128.2800 -37.2900 1 577 -93.2100 -41.2100
-1.1954578769e+00 -2.6084402394e-01 -1.5881272338e+01
113 82 58
2 0 656 -128.2800 -37.2900 1 578 -93.2100 -41.2100
-1.9368276058e+00 -3.5368630710e-01 -1.8180408563e+01
70 40 21
2 0 662 -185.3800 -40.8600 1 572 -157.8400 -39.1000
3.1989024035e+00 -5.0692077600e-01 -2.1633488966e+01
124 98 63
3 0 672 254.1600 -45.3100 1 623 297.6500 -63.3600 2 1708 277.5600 158.0200
2.2296599420e+00 -5.7421542189e-01 -2.2826212260e+01
130 103 70
2 0 678 167.8600 -48.1500 1 615 204.1800 -60.0000
-1.3211179570e+00 -4.4913436679e-01 -1.6413954970e+01
174 133 105
2 0 693 -137.8500 -55.0900 1 611 -105.5000 -58.9300
-6.1124135338e-01 -4.2774468212e-01 -1.4758887985e+01
132 114 99
2 0 700 -70.4800 -58.4700 1 641 -30.6500 -68.9000
-1.7440060096e+00 -5.2380929001e-01 -1.7421760899e+01
145 119 92
2 0 703 -173.0300 -59.4400 1 1159 -144.2600 -59.8700
-8.6349461993e-01 -4.7508162182e-01 -1.5457686643e+01
163 137 117
2 0 706 -95.3000 -61.1300 1 640 -58.6700 -68.9900
2.0437058462e-01 -4.7409196794e-01 -1.5456512496e+01
103 95 84
2 0 708 18.6400 -60.9000 1 1182 62.4900 -74.5100
-5.0843024360e-01 -4.6706863934e-01 -1.4623686655e+01
112 87 72
2 0 712 -59.5600 -63.5000 1 1185 -18.6900 -74.7900
2.0248829540e+00 -8.6453987718e-01 -2.4052061681e+01
83 65 43
2 0 720 144.9600 -67.1500 1 660 177.4500 -77.2900
-2.0990093819e+00 -6.7589195035e-01 -1.8924865328e+01
65 37 16
2 0 721 -194.3200 -68.4200 1 1169 -169.6800 -66.6100
-2.1610406388e+00 -7.0201258463e-01 -1.8793762831e+01
68 33 17
2 0 729 -201.1100 -71.3600 1 1172 -176.6600 -69.3600
-1.3280183641e+00 -6.2742940394e-01 -1.6669080546e+01
132 100 79
2 0 734 -136.9700 -72.2500 1 1190 -105.8300 -76.6000
-1.2966953768e+00 -6.2747528325e-01 -1.6688367100e+01
152 122 98
2 0 736 -133.7800 -72.2500 1 655 -102.3300 -76.5800
-1.3671938815e+00 -6.3518403949e-01 -1.6777201862e+01
163 135 113
2 0 737 -140.1100 -72.4700 1 657 -109.6000 -76.7400
3.0419015407e+00 -8.7932721410e-01 -2.2204911092e+01
183 153 118
2 0 742 236.3000 -73.9600 1 677 276.0000 -90.4700
-7.2551819443e-01 -6.2020682352e-01 -1.5338213599e+01
124 105 89
2 0 746 -81.0100 -77.2000 1 670 -43.9800 -86.9000
1.3501063018e+00 -1.0001519602e+00 -2.3620349405e+01
70 58 48
2 0 752 96.7000 -78.5700 1 672 127.1600 -87.2400
-8.9124565960e-01 -7.0850172945e-01 -1.5861671528e+01
134 117 100
2 0 764 -96.4200 -84.0800 1 1216 -61.9200 -92.5300
-8.9124565960e-01 -7.0850172945e-01 -1.5861671528e+01
134 117 100
2 0 765 -96.4200 -84.0800 1 1217 -61.9200 -92.5300
-1.4630876526e+00 -8.1160919421e-01 -1.7327458784e+01
162 134 112
2 0 772 -146.2900 -87.7500 1 1214 -117.3700 -91.2200
-1.4630876526e+00 -8.1160919421e-01 -1.7327458784e+01
162 134 112
2 0 773 -146.2900 -87.7500 1 1215 -117.3700 -91.2200
2.7732104101e+00 -1.1016231482e+00 -2.3002820490e+01
139 105 70
2 0 775 208.6000 -88.2500 1 1230 244.3400 -103.7200
-1.8247667545e+00 -8.8581051089e-01 -1.8219090965e+01
128 91 57
2 0 777 -174.6800 -90.7900 1 679 -148.7700 -91.6200
2.9807686386e+00 -1.1367900870e+00 -2.2802145235e+01
160 133 97
2 0 778 226.2700 -91.7600 1 700 263.1200 -108.3900
5.6118153477e-02 -8.4492110310e-01 -1.6321035578e+01
88 54 29
2 0 788 2.3700 -95.7200 1 703 41.1900 -109.0600
-1.9492325333e+00 -9.6674543942e-01 -1.8518137240e+01
87 62 25
2 0 792 -183.8300 -96.8000 1 688 -159.4300 -97.2900
1.7256564442e+00 -1.3208582484e+00 -2.4765885173e+01
39 26 18
2 0 794 119.5700 -98.2500 1 699 148.4700 -107.4900
-8.1089596895e-01 -9.5200036969e-01 -1.6227466673e+01
104 82 59
2 0 812 -86.9400 -107.7800 1 714 -53.0500 -116.6200
-1.6185185491e+00 -1.0842176066e+00 -1.8085750618e+01
210 186 152
2 0 818 -156.1700 -110.0100 1 1242 -130.1700 -113.0300
2.7880180114e+00 -1.4503951011e+00 -2.3804506290e+01
161 127 92
2 0 822 203.4600 -111.4800 1 731 236.4500 -126.7100
-1.9769595913e+00 -1.2279267137e+00 -1.8985226738e+01
199 171 134
2 0 831 -182.8500 -118.3200 1 718 -159.9300 -119.1000
2.2995390510e+00 -1.7966005868e+00 -2.7316459834e+01
128 112 93
2 0 834 147.3800 -120.5500 1 746 172.5300 -130.3800
-1.0545804483e-01 -1.1631188884e+00 -1.7276186538e+01
90 52 29
2 0 839 -13.9500 -122.0800 1 753 20.5700 -134.2400
-2.1520040434e+00 -1.2979245481e+00 -1.9328735302e+01
191 158 122
2 0 840 -195.7700 -122.5800 1 726 -174.4300 -122.6300
8.1037516742e-01 -1.7460861081e+00 -2.5652974596e+01
54 39 32
2 0 845 52.0400 -124.3300 1 749 75.1700 -131.3000
-2.1773000358e+00 -1.3802972613e+00 -1.9724411959e+01
69 41 20
2 0 848 -195.1500 -127.7900 1 732 -173.9400 -127.1600
-2.1773000358e+00 -1.3802972613e+00 -1.9724411959e+01
69 41 20
2 0 849 -195.1500 -127.7900 1 733 -173.9400 -127.1600
-2.0952859985e+00 -1.3768241197e+00 -1.9582669049e+01
103 74 54
2 0 851 -189.0100 -128.2900 1 740 -167.3900 -128.2100
-1.1947695263e+00 -1.2354639121e+00 -1.7345756762e+01
122 102 78
2 0 852 -119.9300 -128.8700 1 756 -91.7800 -135.9100
-1.7494630963e+00 -1.3386678483e+00 -1.8743914664e+01
173 151 124
2 0 853 -164.0100 -129.9100 1 1255 -140.0900 -132.3100
-1.1142492158e+00 -1.2501860379e+00 -1.7430838987e+01
104 84 62
2 0 854 -111.8900 -129.9300 1 760 -83.0600 -136.9000
-1.7893584116e-01 -1.2800784337e+00 -1.7616905253e+01
142 97 66
2 0 859 -20.9500 -131.2600 1 768 12.0700 -142.9200
-1.7709094794e+00 -1.3842883720e+00 -1.8814917650e+01
174 147 117
2 0 862 -165.3600 -133.5300 1 754 -142.0400 -136.1300
-1.2728242839e+00 -1.3148143481e+00 -1.7522810119e+01
118 93 69
2 0 864 -126.4900 -135.3400 1 1269 -99.4600 -142.2000
-2.0552824907e+00 -1.4789305239e+00 -1.9669815674e+01
111 86 67
2 0 869 -184.8300 -136.7500 1 759 -163.5200 -137.1400
2.1416282105e+00 -2.1340526800e+00 -2.8374269186e+01
127 107 91
2 0 872 132.1000 -138.0500 1 776 154.8100 -146.5500
1.0412379504e+00 -2.0717323344e+00 -2.7354431311e+01
53 42 36
2 0 875 63.8400 -138.8200 1 1273 85.2400 -144.8100
-1.8515259787e+00 -1.4656836667e+00 -1.9057875512e+01
124 95 65
2 0 876 -170.7200 -139.1400 1 765 -148.8300 -141.8000
5.8505208509e-01 -2.1678162122e+00 -2.7159436106e+01
36 22 13
2 0 889 33.7800 -146.3800 1 1281 54.2600 -150.9400
-1.4272521595e+00 -1.4909186300e+00 -1.8289973862e+01
124 97 74
2 0 890 -137.0800 -146.9500 1 781 -111.9500 -152.2200
-1.0711570569e+00 -1.5489152485e+00 -1.7655967917e+01
106 76 48
2 0 898 -106.5900 -157.0700 1 1301 -79.3800 -165.4900
-1.0711570569e+00 -1.5489152485e+00 -1.7655967917e+01
106 76 48
2 0 899 -106.5900 -157.0700 1 1302 -79.3800 -165.4900
1.7185501417e+00 -2.5240222417e+00 -2.9286278664e+01
55 45 36
2 0 901 101.7900 -158.4800 1 798 121.7400 -165.0900
-2.4339539335e+00 -1.9149595389e+00 -2.1131470354e+01
134 104 75
2 0 907 -206.1900 -164.4700 1 1297 -188.4400 -162.7900
-3.9839633219e-01 -1.7288711135e+00 -1.8852743907e+01
87 51 22
2 0 909 -40.2500 -164.4200 1 809 -12.1800 -174.7300
1.0792930946e+00 -2.6505466260e+00 -2.8701290202e+01
51 45 40
2 0 916 63.2100 -169.6000 1 1316 81.9200 -175.0700
1.1415729803e+00 -2.5828700476e+00 -2.7973775127e+01
13 8 4
2 0 917 68.8500 -169.3800 1 811 88.5700 -175.5800
-2.5352234388e+00 -2.0196403147e+00 -2.1434399744e+01
53 38 22
2 0 919 -211.9500 -170.8300 1 801 -195.4600 -169.0000
-2.4570792968e+00 -2.0844926420e+00 -2.1502208636e+01
138 123 105
2 0 927 -205.0000 -175.6000 1 807 -188.5600 -174.2700
-1.0512099085e+00 -1.8277112340e+00 -1.8239361730e+01
150 115 86
2 0 933 -102.3300 -178.8700 1 824 -76.6100 -187.3400
-2.3145198210e+00 -2.1222818103e+00 -2.1272820001e+01
141 120 93
2 0 936 -195.2200 -180.5200 1 816 -177.9600 -179.9200
-2.1907906912e+00 -2.1410932821e+00 -2.0887617338e+01
167 139 110
2 0 942 -187.5500 -184.9000 1 1321 -170.1500 -185.6400
-2.2463450409e+00 -2.2340227244e+00 -2.1191941157e+01
165 144 117
2 0 953 -190.0600 -190.2700 1 829 -173.2100 -190.6100
-6.9103687288e-01 -2.1980565013e+00 -2.0352537650e+01
123 98 74
2 0 958 -63.4800 -193.8900 1 837 -39.9700 -201.7700
-1.1923748924e+00 -2.0671450045e+00 -1.8820126904e+01
107 82 57
2 0 959 -112.9100 -195.9500 1 838 -89.3100 -203.6400
-1.8151436229e+00 -2.2534595558e+00 -2.0533297220e+01
130 104 79
2 0 962 -158.5900 -197.4500 1 1327 -139.3800 -200.1900
-6.6759125817e-01 -2.2682076769e+00 -2.0422736899e+01
86 53 25
2 0 965 -61.2100 -199.1600 1 840 -38.2000 -207.5000
1.7762429441e+00 -3.1520293807e+00 -2.8561839155e+01
169 147 124
2 0 970 107.9300 -202.4900 1 842 126.7900 -211.0300
1.8680487510e+00 -3.1745463842e+00 -2.8644715174e+01
132 120 100
2 0 972 113.5700 -203.2500 1 844 132.2900 -212.2700
-1.2647694107e+00 -2.2900650780e+00 -1.9434232048e+01
137 103 61
2 0 979 -116.5800 -210.2800 1 847 -94.8600 -217.5600
-1.3730928508e+00 -2.4700218389e+00 -1.9967725877e+01
160 117 82
2 0 993 -123.7000 -221.0700 1 1335 -103.3700 -227.5100
-1.0667177164e+00 -2.8905735756e+00 -2.2254264150e+01
36 25 12
2 0 1002 -89.5200 -234.1500 1 853 -71.1400 -239.4700
-1.0491581225e+00 -2.9192248700e+00 -2.2246743536e+01
114 102 88
2 0 1004 -88.0000 -236.3600 1 855 -69.9700 -242.1000
1.0207188434e+00 2.2297450488e+00 -1.3017993089e+01
34 16 20
2 0 1026 121.6700 258.3700 1 33 199.0600 260.3800
9.1881108925e-01 2.1335329269e+00 -1.3899788806e+01
22 18 9
2 0 1035 103.3800 235.0800 1 877 174.4100 236.5000
3.0288000269e+00 2.7277402931e+00 -2.0094264717e+01
19 12 4
2 0 1041 256.0600 229.2900 1 1390 318.7600 225.9200
3.0288000269e+00 2.7277402931e+00 -2.0094264717e+01
19 12 4
2 0 1042 256.0600 229.2900 1 1391 318.7600 225.9200
-4.6758958739e-01 1.5542518431e+00 -1.1263754831e+01
199 168 139
2 0 1063 -65.2200 195.2100 1 913 -0.7100 198.1500
-3.3947883190e-01 1.4858805144e+00 -1.0941062817e+01
145 128 110
2 0 1071 -48.8000 188.7700 1 921 18.7000 191.6100
-2.5076836826e-01 1.4119194738e+00 -1.0942318074e+01
143 121 107
2 0 1077 -36.4800 178.4500 1 1428 31.6400 179.7300
-1.2190741980e-01 1.2561368761e+00 -1.0875322944e+01
166 143 129
2 0 1085 -18.3500 158.3500 1 1446 50.0900 154.9400
2.9959384662e+00 1.4565133378e+00 -1.6606670228e+01
39 33 21
2 0 1118 297.9800 138.7700 1 1468 367.9600 123.8400
1.9899765060e-01 1.0459269839e+00 -9.9613329112e+00
154 144 136
2 0 1124 28.8900 136.7800 1 976 105.2400 127.0200
5.8013237682e-01 1.0337506170e+00 -9.9354017086e+00
152 110 58
2 0 1128 85.7400 135.6000 1 983 167.8200 122.0500
6.4339262029e-01 1.0288544902e+00 -1.0049974098e+01
140 93 45
2 0 1132 94.2900 133.8800 1 985 176.4600 119.9600
1.0343317076e+00 1.0136407468e+00 -1.0913773876e+01
51 33 19
2 0 1147 142.6100 124.8600 1 1474 223.9600 109.1700
9.8088988049e-01 9.1546999615e-01 -1.1348951029e+01
61 51 42
2 0 1176 131.0900 108.2900 1 1486 207.9900 92.6900
-7.8120778598e-02 8.0883890003e-01 -1.1532447092e+01
193 174 167
2 0 1197 -12.0100 92.4900 1 1022 50.4600 83.7300
-1.8532294581e-01 7.8375279865e-01 -1.1906816946e+01
178 158 147
2 0 1204 -25.9600 87.2900 1 1029 33.5800 79.5500
2.1324389521e+00 8.3376006714e-01 -1.8082036331e+01
63 48 37
2 0 1217 196.3600 71.1000 1 1052 251.0500 59.5000
7.9493849495e-01 4.8693800000e-01 -1.2602549468e+01
134 96 64
2 0 1236 97.3600 47.3900 1 1079 161.8500 30.9200
-1.5644313565e+00 4.5289300817e-01 -1.5803514387e+01
80 58 43
2 0 1245 -167.2000 38.0100 1 1073 -131.4400 39.3000
6.9550477866e-01 3.6465128279e-01 -1.2913942699e+01
61 43 34
2 0 1249 83.2700 31.8000 1 1520 144.3800 15.3000
3.1841550860e+00 3.6052413857e-01 -2.1315792576e+01
66 57 46
2 0 1257 256.5100 25.0900 1 1096 304.1600 10.5600
6.5480283137e-01 2.9085235423e-01 -1.3138140581e+01
65 41 35
2 0 1259 77.0600 22.4000 1 1101 136.4800 6.3400
-1.3082635488e+00 2.7242345861e-01 -1.5191173151e+01
149 118 94
2 0 1264 -144.7400 18.8500 1 1519 -106.6800 17.8300
-1.5033523326e+00 2.6851986444e-01 -1.6082207905e+01
78 52 37
2 0 1265 -159.0100 18.0800 1 1518 -123.5000 19.0700
7.2337265895e-01 2.5073991881e-01 -1.3235776278e+01
88 61 58
2 0 1267 84.8500 17.5600 1 1107 144.1900 0.8500
-1.3272300179e+00 2.3036366206e-01 -1.5271848599e+01
150 117 97
2 0 1273 -146.3000 14.1600 1 1091 -108.5600 13.2800
3.2780788070e+00 2.1506968232e-01 -2.1096389475e+01
65 56 46
2 0 1275 266.6200 13.1800 1 1533 314.6600 -2.6300
-1.3403188005e+00 1.5881017626e-01 -1.5602078894e+01
69 47 25
2 0 1284 -145.3900 6.5300 1 489 -108.6200 5.6200
-9.5312072020e-01 1.2482152723e-01 -1.4735941406e+01
175 150 130
2 0 1288 -108.5600 2.7300 1 1531 -68.0300 -1.9600
-1.3652738036e+00 9.5361853436e-02 -1.5635261957e+01
81 52 27
2 0 1290 -147.4500 0.2500 1 1108 -111.9200 -1.7200
3.3629930706e+00 3.8550600595e-02 -2.0663466716e+01
81 72 62
2 0 1293 278.6300 -1.6300 1 1549 327.5300 -19.2300
-1.7362292634e+00 -1.9751566855e-02 -1.7114530842e+01
73 36 19
2 0 1306 -174.1500 -10.1200 1 1111 -143.6800 -9.6000
-1.3770860153e+00 -5.7111675520e-03 -1.5840045661e+01
183 144 115
2 0 1308 -147.5400 -10.6000 1 1113 -112.3400 -12.1800
-1.3770860153e+00 -5.7111675520e-03 -1.5840045661e+01
183 144 115
2 0 1309 -147.5400 -10.6000 1 1114 -112.3400 -12.1800
2.7610981683e+00 -7.7316686986e-02 -2.1547995442e+01
146 120 83
3 0 1311 219.5400 -10.9700 1 1129 263.1200 -25.4300 2 1729 219.2100 145.1800
-1.8150358296e+00 -1.0933401234e-01 -1.7789632396e+01
74 40 21
2 0 1321 -177.1700 -18.6800 1 1117 -147.0300 -16.2700
2.4564100710e+00 -1.9015362581e-01 -2.2119343595e+01
76 58 41
2 0 1322 190.5900 -19.2300 1 1136 230.8100 -31.6200
-1.0733725110e+00 -9.2887048024e-02 -1.5408258520e+01
173 145 124
2 0 1323 -118.1000 -20.4500 1 1127 -80.6100 -24.6900
3.8991938306e-01 -2.3024923363e-01 -1.4601255257e+01
100 67 48
2 0 1335 40.7600 -36.7300 1 1146 89.4400 -52.0200
-1.5661825842e+00 -3.4822810201e-01 -1.6821882568e+01
183 144 108
2 0 1341 -159.9600 -43.8800 1 1144 -128.7700 -45.0800
3.2978763327e+00 -5.0357624530e-01 -2.1492062522e+01
160 137 104
3 0 1344 263.6800 -45.4100 1 1164 308.0000 -64.0000 2 2473 282.8500 166.7800
2.5643197484e+00 -5.5387565195e-01 -2.2477588119e+01
138 107 71
2 0 1345 196.4200 -47.3300 1 1160 234.7400 -60.8900
-1.6728586427e+00 -4.0356317661e-01 -1.7082907410e+01
141 115 90
2 0 1346 -168.5500 -48.6000 1 1145 -138.6600 -49.3700
1.7960899668e+00 -5.5578720615e-01 -2.2170722266e+01
73 65 54
2 0 1347 137.8600 -48.2900 1 1157 174.0000 -59.1300
1.3830127009e-01 -3.5651349465e-01 -1.5002464738e+01
36 24 19
2 0 1349 12.1200 -49.7300 1 1162 57.2900 -63.2600
-2.0270076162e+00 -5.3456334999e-01 -1.8659181401e+01
83 48 28
2 0 1362 -189.9200 -56.3800 1 1151 -164.0500 -54.5300
3.0312025328e+00 -6.7746434784e-01 -2.1931126844e+01
101 76 53
2 0 1364 238.1400 -58.4100 1 1186 278.9900 -75.1700
-2.0503160273e+00 -5.8359781648e-01 -1.8691346172e+01
77 44 24
2 0 1366 -191.7200 -60.7200 1 1156 -166.3600 -59.0700
2.3703771379e-01 -5.0757247309e-01 -1.5349357129e+01
81 52 31
2 0 1368 22.4100 -64.7400 1 1194 66.3700 -79.2700
2.3703771379e-01 -5.0757247309e-01 -1.5349357129e+01
81 52 31
2 0 1369 22.4100 -64.7400 1 1195 66.3700 -79.2700
2.2605595747e+00 -8.0303866572e-01 -2.3222622069e+01
113 90 59
2 0 1370 167.6500 -64.8000 1 1191 202.4800 -76.8200
2.1100094384e+00 -8.4261083217e-01 -2.3617242962e+01
100 80 55
3 0 1371 153.3200 -66.3500 1 1192 187.2400 -78.0600 2 2632 241.1200 38.7900
-1.3870825446e+00 -6.0502501697e-01 -1.6801551258e+01
110 84 59
2 0 1373 -141.9900 -69.4000 1 1178 -111.3900 -73.2900
3.1096601906e+00 -8.6914669369e-01 -2.2273585565e+01
85 59 41
2 0 1376 241.2200 -72.4900 1 1212 280.6500 -89.9700
2.0504594694e+00 -9.9699159985e-01 -2.4123524987e+01
132 107 79
2 0 1382 146.4900 -76.7200 1 673 178.4100 -87.2600
-1.7749950737e+00 -7.2516703257e-01 -1.7804733922e+01
202 153 102
2 0 1384 -172.9200 -77.2400 1 1193 -145.9800 -78.3700
2.7905025870e+00 -9.4055696078e-01 -2.2209387890e+01
115 82 50
2 0 1385 216.5700 -78.4200 1 1221 254.5700 -94.8800
1.6010845515e-01 -6.5913029318e-01 -1.5811680810e+01
68 42 31
2 0 1386 13.5600 -78.9600 1 1218 55.1500 -92.8500
2.9876716369e+00 -9.7646600623e-01 -2.2565104460e+01
148 117 82
2 0 1388 228.8900 -80.1300 1 1223 266.9000 -96.6800
-1.8268342149e+00 -8.0897658656e-01 -1.8132256613e+01
208 157 113
2 0 1392 -175.4600 -83.9000 1 1203 -149.2700 -84.6000
-1.4166684438e+00 -8.0966630967e-01 -1.7101295009e+01
128 100 78
2 0 1394 -143.0700 -88.5100 1 1589 -113.8600 -92.7400
-1.8557235891e+00 -8.7021410021e-01 -1.8218448036e+01
195 155 117
2 0 1398 -177.5000 -89.2600 1 1211 -151.8400 -90.0200
-8.1624902467e-01 -7.9717446348e-01 -1.6039252603e+01
140 122 102
2 0 1400 -87.9900 -92.5600 1 1592 -53.5200 -101.3400
-1.8159501540e+00 -9.2666049747e-01 -1.8269008398e+01
228 201 160
2 0 1403 -173.3900 -94.2900 1 1222 -147.8500 -95.4500
-5.8947550591e-01 -8.0717881212e-01 -1.5543089986e+01
109 95 82
2 0 1404 -65.6400 -95.9700 1 1236 -29.3700 -107.5100
-8.2069816683e-01 -8.3040757630e-01 -1.5789165132e+01
105 87 67
2 0 1407 -89.3100 -97.2300 1 1596 -54.9000 -106.9400
2.0956253243e+00 -1.3010960068e+00 -2.4538342683e+01
150 116 79
2 0 1408 147.6000 -97.5200 1 1238 177.7900 -108.6200
-1.6540986419e+00 -9.4946096308e-01 -1.7932697647e+01
219 176 141
2 0 1410 -160.5800 -98.0800 1 1226 -133.9900 -100.5100
-1.6540986419e+00 -9.4946096308e-01 -1.7932697647e+01
219 176 141
2 0 1411 -160.5800 -98.0800 1 1227 -133.9900 -100.5100
-8.6495140687e-01 -8.4573874531e-01 -1.6053383828e+01
128 109 89
2 0 1412 -93.0700 -97.6400 1 1234 -58.9900 -106.2200
-1.8733875710e+00 -1.0260808554e+00 -1.8544397769e+01
237 213 162
2 0 1419 -176.7400 -102.2400 1 1593 -152.0300 -103.1200
-1.9189409916e+00 -1.1209803492e+00 -1.8692425955e+01
240 218 168
2 0 1425 -179.6100 -110.0300 1 1239 -156.0700 -111.2700
-1.8241277615e+00 -1.1080850878e+00 -1.8474575534e+01
207 165 121
2 0 1426 -172.6000 -110.1000 1 1240 -148.1600 -111.8200
-1.6698562808e+00 -1.1753471307e+00 -1.8357541028e+01
201 176 143
2 0 1431 -159.2300 -117.0900 1 1247 -133.9900 -119.7700
-1.6698562808e+00 -1.1753471307e+00 -1.8357541028e+01
201 176 143
2 0 1432 -159.2300 -117.0900 1 1248 -133.9900 -119.7700
-2.0195032853e+00 -1.2926087920e+00 -1.9360600824e+01
205 176 135
2 0 1436 -183.8300 -121.9800 1 1249 -161.6600 -122.4000
-1.1588593312e+00 -1.2202329738e+00 -1.7281900910e+01
101 83 61
2 0 1442 -116.8100 -127.8500 1 1261 -88.2100 -135.0000
-1.1588593312e+00 -1.2202329738e+00 -1.7281900910e+01
101 83 61
2 0 1443 -116.8100 -127.8500 1 1262 -88.2100 -135.0000
-1.5034298227e-02 -1.2557839174e+00 -1.7719532504e+01
55 28 8
2 0 1444 -5.0300 -127.9900 1 1266 28.3900 -140.5900
-2.8563516877e+00 -1.5150738932e+00 -2.0164585806e+01
133 103 75
2 0 1451 -250.1600 -136.9600 1 1258 -232.8200 -133.5000
-2.2829437597e+00 -1.6571158699e+00 -2.0347632880e+01
172 126 84
2 0 1453 -199.3100 -147.8300 1 1277 -180.2200 -147.2100
-2.3988303312e+00 -1.6978042766e+00 -2.0743497396e+01
134 109 84
2 0 1454 -206.2800 -148.9200 1 1276 -187.4600 -147.1200
-1.2646997153e+00 -1.4927689904e+00 -1.7905353908e+01
111 90 68
2 0 1455 -123.9400 -149.9300 1 1291 -97.5500 -156.5400
-3.2548799022e-01 -1.5937888897e+00 -1.8472696218e+01
73 44 23
2 0 1460 -34.0300 -154.8700 1 1304 -4.5200 -165.6600
-2.3525688162e+00 -1.7884960234e+00 -2.0624970608e+01
158 127 95
2 0 1462 -203.0800 -157.1800 1 1289 -184.8700 -156.3700
-1.9472123940e+00 -1.7573490790e+00 -2.0040463257e+01
126 97 67
2 0 1465 -172.8500 -158.6200 1 1296 -152.3000 -159.9500
-1.0948957282e+00 -1.6137490845e+00 -1.7826708351e+01
146 118 89
2 0 1471 -108.1800 -162.0200 1 1309 -81.4000 -170.1600
-2.5443878347e+00 -1.9922257402e+00 -2.1144127749e+01
123 110 93
2 0 1479 -214.9300 -170.5900 1 800 -198.5200 -169.1200
-2.1102405616e+00 -1.9955878443e+00 -2.0493248850e+01
170 144 116
2 0 1483 -183.5500 -175.6600 1 1624 -165.1300 -176.7700
1.4196548788e+00 -2.8575846934e+00 -2.7977151414e+01
74 67 60
2 0 1486 86.9000 -187.2600 1 1325 106.3900 -194.8000
-2.9552536619e+00 -2.1747261353e+00 -2.0935040554e+01
18 10 4
2 0 1487 -251.4100 -187.7400 1 1320 -236.4500 -184.9800
1.4692592925e+00 -2.8995573766e+00 -2.7752739946e+01
84 74 64
2 0 1490 90.7900 -191.4600 1 1326 110.5200 -199.4200
-2.8545331147e+00 -2.2523066682e+00 -2.1060915678e+01
49 42 32
2 0 1493 -241.6900 -193.0800 1 831 -226.9200 -191.0100
-1.7050636107e+00 -2.7300647423e+00 -2.1005475825e+01
88 72 55
2 0 1502 -146.6500 -233.1700 1 1338 -129.1300 -237.3900
-1.9553478230e+00 -2.8515462262e+00 -2.0966301288e+01
86 73 56
2 0 1506 -167.7800 -243.7500 1 1339 -151.5800 -247.4500
-1.1067764917e+00 -3.0168553756e+00 -2.2339597368e+01
81 72 63
2 0 1508 -92.3700 -243.2900 1 1340 -74.7600 -248.8300
-1.6120887910e+00 -2.9163291330e+00 -2.1075478162e+01
80 67 58
2 0 1510 -138.7000 -248.0300 1 1344 -121.3300 -253.0200
-1.6120887910e+00 -2.9163291330e+00 -2.1075478162e+01
80 67 58
2 0 1511 -138.7000 -248.0300 1 1345 -121.3300 -253.0200
-1.9459705561e+00 -2.9719727345e+00 -2.1296029958e+01
220 207 188
2 0 1513 -165.0500 -250.4000 1 1347 -149.2100 -253.9200
-1.6409740854e+00 -2.9707957219e+00 -2.1212836485e+01
33 17 3
2 0 1514 -140.3600 -251.1000 1 1643 -123.4200 -255.9800
9.8218889095e-01 2.3111182167e+00 -1.2931332012e+01
16 11 6
2 0 1520 117.6900 270.8500 1 1351 195.5600 271.6500
2.7523154133e+00 3.9613581000e+00 -2.6522439709e+01
92 80 56
2 0 1522 181.0400 266.0000 1 19 230.7700 272.7400
8.9044664931e-01 2.1630323133e+00 -1.3903673987e+01
57 49 43
2 0 1533 100.1100 238.8700 1 1368 170.9500 239.9300
-9.0682260583e-01 1.6382520409e+00 -9.7144517788e+00
121 101 77
2 0 1538 -137.8500 228.0200 1 1789 -72.2700 237.3600
3.1649953097e+00 2.7688191351e+00 -2.0686597873e+01
18 11 3
2 0 1539 261.1400 227.5300 1 1394 322.6500 224.0800
3.1649953097e+00 2.7688191351e+00 -2.0686597873e+01
18 11 3
2 0 1540 261.1400 227.5300 1 1395 322.6500 224.0800
1.5146578797e+00 2.1453473325e+00 -1.4747463280e+01
34 25 16
2 0 1541 164.2600 226.6500 1 1393 236.2900 224.4500
1.4588363120e+00 2.0304206142e+00 -1.4490561008e+01
19 11 7
2 0 1554 160.4300 216.6800 1 1408 232.5300 213.7700
1.4588363120e+00 2.0304206142e+00 -1.4490561008e+01
19 11 7
2 0 1555 160.4300 216.6800 1 1409 232.5300 213.7700
-1.0782699850e+00 1.6568361319e+00 -1.1340945027e+01
32 13 5
2 0 1564 -147.5700 208.1300 1 1404 -90.2100 216.7600
-6.4157169089e-01 1.5937879425e+00 -1.1478991308e+01
104 82 68
2 0 1583 -87.7800 198.0500 1 1663 -26.0100 202.5100
-6.1158158037e-01 1.5667793793e+00 -1.1419883902e+01
138 121 103
2 0 1591 -84.1900 194.4900 1 1664 -21.6900 199.6200
-9.2343689264e-01 1.4916936230e+00 -1.2963193440e+01
67 33 15
2 0 1607 -115.7300 168.7100 1 1434 -62.1100 174.8700
-1.0120711872e+00 1.3390021712e+00 -1.3511145344e+01
74 39 22
2 0 1620 -122.7500 146.2100 1 1677 -72.7200 150.5100
-3.9927823477e-02 1.1491136785e+00 -1.0800756681e+01
180 158 147
2 0 1624 -6.8700 144.0800 1 1679 62.1900 138.6100
-1.0626553242e+00 1.2459928807e+00 -1.3762232708e+01
69 33 14
2 0 1631 -127.1800 133.1400 1 1462 -78.5200 137.5400
2.9607555476e-01 9.8638669617e-01 -1.0435307710e+01
193 179 168
2 0 1641 41.5100 123.9900 1 1470 115.9300 113.5700
4.2730090617e-02 7.6042280080e-01 -1.1362546891e+01
201 185 178
2 0 1668 4.3900 87.0600 1 1493 68.5200 76.2400
-1.1354383084e+00 5.8652928136e-01 -1.4298292511e+01
143 120 98
2 0 1678 -131.8300 54.7600 1 1503 -88.9300 54.3600
7.8641299630e-01 5.2072421769e-01 -1.2547836361e+01
61 39 43
2 0 1683 96.6300 51.7300 1 1513 161.5500 35.5600
2.4076890220e+00 6.3723494920e-01 -1.9226098505e+01
65 51 43
2 0 1684 210.9000 50.7400 1 1512 262.3200 38.2200
6.9655114111e-01 3.1492546651e-01 -1.3002319584e+01
122 73 48
2 0 1691 82.8000 25.3400 1 1524 143.4500 9.1100
2.5162289455e+00 2.2397143244e-01 -2.0308214539e+01
42 27 18
2 0 1699 210.5400 13.9500 1 1529 257.1700 0.1600
2.5162289455e+00 2.2397143244e-01 -2.0308214539e+01
42 27 18
2 0 1700 210.5400 13.9500 1 1530 257.1700 0.1600
3.4810963404e+00 1.7484395694e-01 -2.1159766551e+01
123 104 86
2 0 1701 282.7100 9.9900 1 1534 331.2800 -6.9500
5.5918597420e-01 8.8437024624e-02 -1.3716287111e+01
89 56 40
2 0 1705 63.0200 -1.8000 1 1546 118.0700 -17.5200
2.4681029878e+00 -1.0584731555e-03 -2.1786290436e+01
66 49 29
3 0 1706 194.0900 -4.5200 1 1543 235.9000 -16.6900 2 3005 196.9800 123.8100
2.4699306306e+00 -2.4351084928e-03 -2.1801906002e+01
66 49 29
2 0 1707 194.0900 -4.5200 1 1544 235.9000 -16.6900
-1.4037776982e+00 3.4060977619e-02 -1.5873048966e+01
68 37 21
2 0 1708 -150.1100 -6.4000 1 1537 -114.9200 -7.5600
5.2693501276e-01 2.6060995964e-02 -1.3902168057e+01
78 50 35
2 0 1712 58.5500 -8.8800 1 1554 112.2300 -24.5400
6.3175851948e-01 -2.3127065513e-03 -1.4096781354e+01
62 33 22
2 0 1713 69.8600 -11.8600 1 1558 123.4900 -28.0100
5.0607298008e-01 -1.2734232936e-02 -1.4035147351e+01
77 53 51
2 0 1715 55.7500 -13.0200 1 1725 108.3500 -28.9100
5.0607298008e-01 -1.2734232936e-02 -1.4035147351e+01
77 53 51
2 0 1716 55.7500 -13.0200 1 1726 108.3500 -28.9100
2.6663972013e+00 -1.5910148422e-01 -2.1484997186e+01
133 112 82
2 0 1718 212.6400 -17.5000 1 1730 255.3200 -31.4300
2.6663972013e+00 -1.5910148422e-01 -2.1484997186e+01
133 112 82
2 0 1719 212.6400 -17.5000 1 1731 255.3200 -31.4300
4.7736566299e-01 -6.4091155725e-02 -1.4148605323e+01
84 58 44
2 0 1720 51.9600 -18.9500 1 1559 103.8400 -34.4300
2.6147463393e+00 -2.4025799753e-01 -2.1906936363e+01
145 121 85
3 0 1723 204.8600 -23.4600 1 1561 246.0500 -37.0200 2 3006 224.0600 122.6300
3.3922476743e+00 -3.6470976431e-01 -2.0952355726e+01
88 67 46
2 0 1731 277.7100 -35.2500 1 1150 324.2600 -53.7100
2.9767780154e-01 -3.8917067868e-01 -1.4904673684e+01
74 48 40
2 0 1735 29.7000 -53.6800 1 1741 76.1800 -68.4200
-5.6402650176e-01 -4.3679635546e-01 -1.4581141623e+01
110 92 78
2 0 1737 -65.7800 -60.1500 1 1580 -25.2800 -71.2700
2.6133479452e-01 -4.6287810976e-01 -1.5183451000e+01
68 52 29
2 0 1738 25.2100 -60.7100 1 1583 70.2300 -75.1500
2.0837697290e+00 -7.7539461737e-01 -2.3594579881e+01
131 108 79
3 0 1739 151.5400 -61.7400 1 1581 185.5300 -72.5300 2 3074 233.9300 40.4700
-2.3064426117e+00 -5.7207915557e-01 -1.7712782281e+01
45 28 13
2 0 1742 -224.5900 -63.1400 1 1569 -199.6100 -60.8700
-2.3428303406e+00 -5.8206536981e-01 -1.7616443696e+01
217 188 148
2 0 1743 -229.0100 -64.4200 1 1572 -204.3000 -62.1700
-2.3819926791e+00 -6.4880717655e-01 -1.7762631006e+01
163 122 82
2 0 1748 -231.2600 -70.2900 1 1577 -207.1900 -68.0400
1.3603906669e-01 -6.2560442327e-01 -1.5860735150e+01
117 95 76
2 0 1749 11.0700 -75.1000 1 1749 52.3900 -88.8000
1.3979323954e+00 -9.7060459885e-01 -2.3283135179e+01
46 33 24
2 0 1750 101.5900 -77.5300 1 1587 132.9200 -86.5300
3.1070057835e+00 -9.8027984648e-01 -2.2551694421e+01
155 130 109
2 0 1754 238.3000 -80.5300 1 1590 276.8700 -97.4700
-1.9831071571e+00 -8.0271036384e-01 -1.8346069699e+01
145 119 93
2 0 1756 -188.1900 -82.2200 1 1745 -163.3800 -82.2900
-2.1184919697e+00 -9.0378521371e-01 -1.9082285673e+01
75 57 42
2 0 1758 -194.8600 -88.5100 1 1747 -171.3000 -87.2600
1.7369051207e+00 -1.2461520874e+00 -2.4558850644e+01
26 11 4
2 0 1761 121.4300 -93.4100 1 1594 150.6800 -103.1400
-1.4464037034e+00 -9.0213796368e-01 -1.7244748765e+01
136 105 76
2 0 1762 -144.9400 -96.7700 1 1591 -116.7600 -101.3500
1.3692004654e+00 -1.3646039374e+00 -2.4500514796e+01
57 49 40
2 0 1767 94.8800 -102.3700 1 1597 122.8000 -110.9900
-2.7110473795e+00 -1.2485089351e+00 -1.9415569648e+01
176 142 103
2 0 1773 -244.8900 -117.9400 1 1600 -225.7000 -114.9400
2.2280372149e+00 -1.8133693264e+00 -2.7362454062e+01
46 31 19
2 0 1776 142.3900 -121.5200 1 1253 167.3200 -131.0000
-1.5063186372e-01 -1.1794593445e+00 -1.7352091207e+01
116 83 57
2 0 1777 -18.3900 -123.2800 1 1760 15.8000 -135.0000
-2.1605105835e+00 -1.5907573215e+00 -2.0056131036e+01
149 116 86
2 0 1786 -191.2200 -144.1500 1 1606 -170.8200 -143.8700
-2.1605105835e+00 -1.5907573215e+00 -2.0056131036e+01
149 116 86
2 0 1787 -191.2200 -144.1500 1 1607 -170.8200 -143.8700
-1.2681872849e+00 -1.4650364010e+00 -1.8170827419e+01
102 82 57
2 0 1789 -123.0600 -145.5400 1 1610 -96.5000 -151.2600
-1.2681872849e+00 -1.4650364010e+00 -1.8170827419e+01
102 82 57
2 0 1790 -123.0600 -145.5400 1 1611 -96.5000 -151.2600
1.7616943854e+00 -2.3801895619e+00 -2.9208796865e+01
72 62 50
2 0 1793 104.7800 -149.7900 1 1615 125.2300 -156.5100
-2.2272760929e+00 -1.7069381387e+00 -2.0415736274e+01
150 118 88
2 0 1795 -194.2400 -151.7800 1 1608 -174.7500 -151.2000
-2.2272760929e+00 -1.7069381387e+00 -2.0415736274e+01
150 118 88
2 0 1796 -194.2400 -151.7800 1 1609 -174.7500 -151.2000
1.9177557575e+00 -2.4245958541e+00 -2.9114952183e+01
49 34 21
2 0 1797 115.0000 -152.8800 1 1616 135.4900 -160.5500
-2.5546602806e+00 -1.8592587648e+00 -2.1332646956e+01
108 84 60
2 0 1799 -214.3200 -158.3500 1 1614 -197.3200 -156.0700
-2.3560387234e+00 -1.9452863854e+00 -2.0969868843e+01
134 114 90
2 0 1805 -200.7700 -167.9800 1 1618 -183.1800 -167.1900
-2.0699707746e+00 -1.9228256147e+00 -2.0387702244e+01
182 154 117
2 0 1806 -181.0900 -170.4200 1 1620 -161.7200 -171.2500
-2.0699707746e+00 -1.9228256147e+00 -2.0387702244e+01
182 154 117
2 0 1807 -181.0900 -170.4200 1 1621 -161.7200 -171.2500
-2.2213841075e+00 -1.9815568453e+00 -2.0843123898e+01
147 122 92
2 0 1808 -190.5600 -171.9800 1 1622 -172.3600 -171.9000
1.2102045476e+00 -2.6672162787e+00 -2.7823793865e+01
70 63 55
2 0 1813 73.6800 -175.7800 1 1626 93.4500 -182.4600
-2.1135220632e+00 -2.1146488735e+00 -2.0765484520e+01
126 95 65
2 0 1814 -182.1900 -183.8200 1 1629 -163.8300 -184.5900
-1.1107603102e+00 -1.9811194171e+00 -1.8523935779e+01
164 124 83
2 0 1818 -106.5800 -190.5800 1 1779 -82.2600 -199.0700
2.1653360353e+00 -3.1021259062e+00 -2.8693990863e+01
165 139 117
2 0 1821 132.3400 -198.1800 1 1633 151.7100 -208.1900
-1.8405136470e+00 -2.7956331285e+00 -2.1118435970e+01
83 70 62
2 0 1825 -157.3200 -237.5700 1 1641 -140.4900 -241.2300
-1.8405136470e+00 -2.7956331285e+00 -2.1118435970e+01
83 70 62
2 0 1826 -157.3200 -237.5700 1 1642 -140.4900 -241.2300
1.0466364277e+00 2.2768104244e+00 -1.3102948777e+01
49 48 42
2 0 1833 124.2000 263.5000 1 1649 201.5900 264.6300
3.1623691169e+00 2.9100671990e+00 -2.0844486458e+01
41 31 16
2 0 1835 259.1900 238.0600 1 1790 320.8400 235.2100
-5.3053779782e-01 1.6346754636e+00 -1.1189010836e+01
29 16 9
2 0 1840 -74.1800 206.7900 1 1792 -9.4000 211.8300
-5.3053779782e-01 1.6346754636e+00 -1.1189010836e+01
29 16 9
2 0 1841 -74.1800 206.7900 1 1793 -9.4000 211.8300
-8.6739719900e-01 1.6003262698e+00 -1.2766588641e+01
70 38 17
2 0 1844 -109.8700 184.5600 1 1667 -54.8000 190.4400
-6.9683346748e-01 1.5160903441e+00 -1.1757242680e+01
91 71 54
2 0 1845 -93.7000 184.4500 1 1797 -34.1100 188.4500
-1.2011368851e+00 1.4143151511e+00 -1.2677243011e+01
56 30 13
2 0 1847 -151.7200 162.6700 1 1671 -101.3400 168.0800
3.2426774101e-02 1.1734896446e+00 -1.0643335606e+01
180 160 148
2 0 1849 3.3600 148.7900 1 1803 74.5100 143.3100
9.9319132947e-01 1.0272988772e+00 -1.0884265980e+01
122 109 103
2 0 1852 137.1500 126.8700 1 1687 218.3200 111.8100
3.8847670231e-01 9.5649964513e-01 -1.0167926603e+01
91 83 72
2 0 1853 56.1100 122.0400 1 1689 133.1100 109.5300
-9.2615898737e-01 1.0882424131e+00 -1.2939562256e+01
87 61 43
2 0 1854 -115.9300 119.9000 1 1806 -65.2000 121.2400
3.5201122728e-01 9.6007539772e-01 -1.0444982242e+01
131 122 112
2 0 1855 49.5700 120.3300 1 1688 124.3800 108.7900
3.3747964614e-01 9.3284532733e-01 -1.0586921613e+01
150 137 128
2 0 1856 47.0400 115.7300 1 1692 120.3400 103.5200
8.4778013621e-01 6.2662772512e-01 -1.2171501595e+01
59 39 31
2 0 1873 106.8900 66.1200 1 1818 175.2700 50.1100
7.3180109363e-01 4.1994869761e-01 -1.2740088560e+01
63 44 34
2 0 1878 88.6600 38.7400 1 1712 151.4200 22.4000
-9.9632417194e-01 2.0382002971e-01 -1.4705330229e+01
147 111 90
2 0 1889 -113.5100 11.5300 1 1823 -72.8400 7.5300
-9.9632417194e-01 2.0382002971e-01 -1.4705330229e+01
147 111 90
2 0 1890 -113.5100 11.5300 1 1824 -72.8400 7.5300
2.6381452283e+00 1.7244583517e-01 -2.0476854519e+01
68 57 48
2 0 1891 219.2500 9.2600 1 1720 266.0100 -4.4100
2.4296136377e+00 -1.1997554254e-01 -2.1902351977e+01
64 51 36
3 0 1902 190.3900 -14.0500 1 1724 230.8500 -26.1100 2 3334 204.2200 113.7300
-1.1444467778e+00 -4.8357984405e-02 -1.5449613721e+01
173 137 109
2 0 1903 -125.4100 -15.5500 1 1832 -88.3500 -19.2100
2.6330893428e+00 -1.7654853147e-01 -2.1879987035e+01
74 61 51
3 0 1904 206.4900 -18.5000 1 1729 248.2000 -31.7200 2 3329 219.8900 127.6300
-1.2450646343e+00 -2.2465884787e-01 -1.5971924110e+01
190 144 108
2 0 1905 -132.8100 -33.1800 1 1734 -98.2000 -36.7300
-1.2850163518e+00 -3.1254180789e-01 -1.6052948922e+01
165 131 92
2 0 1907 -136.3300 -42.0000 1 1836 -102.7700 -45.9800
-1.9457331313e+00 -5.2927319907e-01 -1.8321563672e+01
132 107 84
2 0 1913 -185.0900 -56.9300 1 1838 -158.5000 -55.7400
-1.4540549431e+00 -6.1574222201e-01 -1.7044549310e+01
172 137 110
2 0 1918 -147.2100 -69.6700 1 1743 -117.0600 -72.6700
-1.4540549431e+00 -6.1574222201e-01 -1.7044549310e+01
172 137 110
2 0 1919 -147.2100 -69.6700 1 1744 -117.0600 -72.6700
1.5411455839e+00 -1.2156176394e+00 -2.4190709941e+01
38 28 21
2 0 1923 108.6000 -92.7300 1 1750 138.1300 -101.7700
2.4491497907e+00 -1.6873166161e+00 -2.5552074852e+01
50 32 25
2 0 1932 167.0900 -120.9600 1 1857 195.4900 -132.8800
2.5644712982e+00 -1.7771539416e+00 -2.5478997128e+01
63 44 26
2 0 1934 175.6200 -127.6800 1 1763 204.2100 -140.2100
-1.9289223800e+00 -1.4726136503e+00 -1.9401921642e+01
145 118 88
2 0 1937 -175.6100 -137.8700 1 1762 -153.5500 -139.1300
-4.1162604689e-01 -1.6769534053e+00 -1.8845992703e+01
121 89 63
2 0 1941 -41.5900 -159.8800 1 1772 -13.0900 -169.6600
-2.6155445041e+00 -2.0637912346e+00 -2.1486042903e+01
33 21 7
2 0 1944 -218.1200 -174.1000 1 1773 -202.0800 -172.0100
-2.5365732560e+00 -2.0722263716e+00 -2.1270009702e+01
34 24 14
2 0 1946 -213.4300 -176.3900 1 1774 -197.0100 -174.8600
-2.8796256594e+00 -2.2417131956e+00 -2.0339620140e+01
229 222 203
2 0 1950 -250.9700 -198.3900 1 1938 -235.7100 -196.8600
-1.1571575071e+00 -2.1790428916e+00 -1.9068705026e+01
41 37 28
2 0 1952 -107.8800 -203.1600 1 1635 -86.3000 -212.2500
1.9523950390e+00 -3.1985856130e+00 -2.8757757357e+01
63 50 35
2 0 1953 118.4700 -204.0600 1 1783 137.2500 -213.2000
-1.6601789397e+00 -2.3153703206e+00 -2.0140172102e+01
126 100 74
2 0 1954 -147.5700 -206.0900 1 1781 -127.9700 -210.4700
-1.6256008845e+00 -2.7609356717e+00 -2.1030089282e+01
100 87 71
2 0 1957 -139.9200 -235.4900 1 1640 -122.2200 -240.0900
-7.0717546948e-01 1.8113546805e+00 -9.3299760470e+00
15 9 5
2 0 1960 -110.3800 261.9900 1 1786 -38.5700 271.7700
2.7313660560e+00 3.5601744796e+00 -2.3783083029e+01
146 131 101
2 0 1961 198.3900 261.7600 1 1648 252.6200 265.8000
3.5022817144e+00 2.6400099976e+00 -2.0455717115e+01
49 39 26
2 0 1965 292.4000 219.2700 1 1660 355.7500 212.5900
-3.4641792687e-01 1.5874765273e+00 -1.0128054590e+01
80 67 51
2 0 1967 -51.8500 214.5000 1 1869 20.0000 217.8500
7.3770910247e-01 5.0391590013e-01 -1.2639198025e+01
121 90 70
2 0 1997 89.9200 49.2600 1 1900 153.9000 33.7100
2.4537912333e+00 3.0918268930e-01 -1.9940762238e+01
82 73 64
2 0 2006 208.3700 21.0800 1 1825 256.3500 7.9500
3.1924865317e+00 -2.3751160126e-02 -2.0734903093e+01
57 44 29
2 0 2011 263.5200 -6.8300 1 1913 311.0600 -23.8600
2.6975980658e+00 -5.8392345739e-02 -2.1652309976e+01
74 61 48
2 0 2012 213.6500 -9.2700 1 1912 256.6100 -22.4900
3.8202942638e-01 -1.6220665161e-01 -1.4556583668e+01
104 80 61
2 0 2014 40.0300 -29.1500 1 1835 89.1000 -44.1500
3.0417440206e+00 -1.0369781354e+00 -2.2695336667e+01
49 33 18
2 0 2020 231.9900 -84.2900 1 1848 269.5900 -101.2300
3.1314452736e+00 -1.1272367171e+00 -2.2899139588e+01
165 138 115
2 0 2022 236.9200 -90.8700 1 1852 274.4400 -107.4600
1.6446335589e+00 -1.2899922549e+00 -2.4640636578e+01
66 57 48
2 0 2024 114.3000 -96.4200 1 1850 143.1600 -105.5900
2.0145631638e+00 -1.6797983465e+00 -2.7308093675e+01
34 25 17
2 0 2027 128.3300 -113.1200 1 1853 153.5700 -121.2400
2.0145631638e+00 -1.6797983465e+00 -2.7308093675e+01
34 25 17
2 0 2028 128.3300 -113.1200 1 1854 153.5700 -121.2400
2.3653483901e+00 -1.8757056511e+00 -2.7975196317e+01
143 121 100
2 0 2029 148.2800 -123.2200 1 1757 172.9100 -132.1700
-1.9704724874e+00 -1.4245655155e+00 -1.9329939376e+01
104 76 51
2 0 2030 -179.7300 -133.9700 1 1936 -157.8000 -135.1000
-1.1206229786e+00 -1.4610582801e+00 -1.7497958011e+01
98 80 58
2 0 2032 -112.2600 -149.9800 1 1860 -84.3800 -157.7100
1.7642547738e+00 -2.6777508803e+00 -2.9320385052e+01
63 53 44
2 0 2033 104.4800 -167.9900 1 1862 124.1400 -174.8000
-7.7291723448e-01 1.5881026294e+00 -1.2230596376e+01
112 89 71
2 0 2041 -101.3000 187.7400 1 1949 -43.1300 194.7500
1.0245960608e+00 9.0753062499e-01 -1.1547536961e+01
42 33 24
2 0 2049 135.1900 106.2300 1 1886 211.1500 90.1800
9.8750891831e-01 8.5369818831e-01 -1.1745435486e+01
53 39 31
2 0 2051 128.3900 97.5700 1 1887 202.4800 82.2300
9.3657298501e-01 7.4616628997e-01 -1.2001219877e+01
53 38 31
2 0 2056 119.6500 82.3500 1 1892 190.7500 66.4400
7.9919823639e-01 5.9915660656e-01 -1.2544644695e+01
121 92 66
2 0 2057 98.5400 62.3800 1 1898 163.5300 45.3800
-9.1346811507e-01 6.0313224803e-01 -1.3953670969e+01
186 162 149
2 0 2058 -108.4900 57.5100 1 1893 -62.9500 55.6200
-9.1346811507e-01 6.0313224803e-01 -1.3953670969e+01
186 162 149
2 0 2059 -108.4900 57.5100 1 1894 -62.9500 55.6200
2.5634461275e+00 3.5195760545e-01 -2.0110211683e+01
19 9 7
2 0 2064 216.3300 24.8600 1 1902 264.4500 11.3900
-1.1232738631e+00 2.2311965619e-01 -1.4971967945e+01
173 142 117
2 0 2066 -125.9200 13.7000 1 1904 -86.6500 10.7700
3.4785622822e+00 1.0782683296e-01 -2.0533206244e+01
146 125 101
2 0 2068 290.0700 4.6100 1 1910 339.9600 -14.2500
-1.2025254021e+00 1.0299980296e-01 -1.5411612480e+01
158 129 112
2 0 2069 -131.6300 0.9500 1 1906 -94.5800 -2.1200
2.6778361232e+00 5.4927960746e-02 -2.1242413542e+01
128 99 64
2 0 2070 215.6800 -0.1500 1 1909 259.9400 -13.7100
3.4911886411e+00 -1.1609897778e-02 -2.0747226192e+01
36 23 11
2 0 2072 288.4600 -5.6400 1 1914 337.4200 -24.1300
3.4911886411e+00 -1.1609897778e-02 -2.0747226192e+01
36 23 11
2 0 2073 288.4600 -5.6400 1 1915 337.4200 -24.1300
3.2305292887e+00 -1.3972742040e-01 -2.0764881961e+01
19 12 5
2 0 2076 266.4200 -16.4700 1 1918 313.4800 -34.2000
-1.3069919289e+00 -8.6593471193e-02 -1.5881233533e+01
161 127 106
2 0 2077 -139.8300 -18.9000 1 1911 -104.8300 -21.5000
3.4870870921e+00 -1.5652690355e-01 -2.0609400237e+01
160 135 112
2 0 2078 289.7100 -18.2000 1 1967 338.5900 -37.0600
-1.3827857477e+00 -2.3604672779e-01 -1.6247493378e+01
174 125 85
2 0 2079 -145.3000 -33.7900 1 1920 -111.9400 -36.2500
3.0051880256e+00 -4.0976994402e-01 -2.1313621569e+01
156 124 86
2 0 2080 242.0000 -38.1300 1 1921 285.3800 -54.8700
-1.5186763729e+00 -4.5626966728e-01 -1.6994777811e+01
158 121 90
2 0 2082 -153.9800 -54.0900 1 1922 -123.3000 -55.9500
2.2719087497e+00 -7.9153565903e-01 -2.3811374377e+01
108 87 56
2 0 2084 164.6700 -62.4700 1 1926 198.7300 -73.4200
2.2719087497e+00 -7.9153565903e-01 -2.3811374377e+01
108 87 56
2 0 2085 164.6700 -62.4700 1 1925 198.7300 -73.4200
2.2239617314e+00 -9.0532274961e-01 -2.3911603766e+01
143 114 79
3 0 2087 161.5400 -72.1300 1 1927 193.2200 -80.6300 2 3616 251.1800 42.7600
1.4700084056e+00 -1.1286586050e+00 -2.3920502985e+01
75 62 53
2 0 2088 104.4600 -87.2300 1 1931 134.4400 -96.1900
-1.8946642675e+00 -1.1050549563e+00 -1.8762614784e+01
216 189 137
2 0 2090 -177.1300 -108.4200 1 1975 -152.9300 -109.1800
-1.8946642675e+00 -1.1050549563e+00 -1.8762614784e+01
216 189 137
2 0 2091 -177.1300 -108.4200 1 1976 -152.9300 -109.1800
-1.9554529298e+00 -1.2682241213e+00 -1.8955951074e+01
201 159 116
2 0 2094 -181.1100 -122.1300 1 1935 -158.2700 -123.2300
-3.0697093357e+00 -2.3693140335e+00 -2.0951322915e+01
69 56 39
2 0 2098 -260.6900 -203.7900 1 1939 -247.2300 -201.4400
-3.0697093357e+00 -2.3693140335e+00 -2.0951322915e+01
69 56 39
2 0 2099 -260.6900 -203.7900 1 1940 -247.2300 -201.4400
-4.7601132588e-01 1.5699450067e+00 -1.1225277298e+01
159 125 94
2 0 2112 -66.5600 197.6000 1 1993 -1.7700 201.2100
2.1031622897e+00 4.5640133248e-01 -1.9351303382e+01
34 21 13
2 0 2120 182.7700 34.6500 1 1959 231.1900 22.3600
7.5586312511e-01 3.7516901573e-01 -1.3005237963e+01
67 45 34
2 0 2121 89.9900 32.6700 1 1960 151.6300 16.6900
3.2176656029e+00 3.7565378193e-01 -2.1245860834e+01
68 56 42
2 0 2122 260.0300 26.4700 1 1961 308.0300 11.5800
2.2188375899e+00 3.2921105381e-01 -1.9656323608e+01
74 64 54
2 0 2123 190.3900 22.9900 1 1962 238.0700 10.4500
2.3119352471e+00 2.2483995379e-01 -2.0058991202e+01
41 29 17
2 0 2125 194.9600 13.4500 1 1965 241.7800 1.3000
3.3967049074e+00 -2.3979313446e-01 -2.0891997965e+01
30 23 13
2 0 2127 278.9100 -24.5700 1 2001 325.9000 -43.3700
3.4706268059e+00 -4.0169539279e-01 -2.0789513321e+01
166 140 117
3 0 2128 287.9400 -36.1200 1 2002 331.9600 -59.3900 2 3603 286.1300 187.0500
2.1215851877e+00 -9.3529661549e-01 -2.4174727853e+01
76 61 42
3 0 2129 151.5800 -71.9100 1 1971 184.0500 -82.5300 2 3674 247.4700 30.2200
1.5250464086e+00 -9.7314048816e-01 -2.3155770931e+01
68 55 46
2 0 2130 111.8600 -78.0900 1 1928 143.7200 -87.8300
-1.7408789454e+00 -8.0907515738e-01 -1.7908435599e+01
225 196 160
2 0 2131 -169.0000 -84.8800 1 1973 -142.1700 -86.2600
-2.1418653683e+00 -8.8910094399e-01 -1.9068960732e+01
80 57 43
2 0 2132 -197.2800 -87.4300 1 1972 -173.3500 -85.6800
-4.6138986858e-01 -6.9438809237e-01 -1.5036655886e+01
145 120 103
2 0 2133 -53.3100 -86.6700 1 2006 -14.2800 -98.9400
-8.0005754042e-01 -1.3587182944e+00 -1.6804628294e+01
146 106 76
2 0 2139 -83.4900 -144.9100 1 1981 -52.8300 -155.3600
-8.8209561960e-01 -2.6311493379e+00 -2.1405839557e+01
128 92 59
2 0 2146 -76.5300 -220.5800 1 1986 -57.0400 -228.0400
-1.5506994258e+00 -2.7359893416e+00 -2.0811769435e+01
91 76 59
2 0 2148 -134.7000 -235.4900 1 1987 -116.6800 -240.7900
-4.5841713465e-01 1.6895535324e+00 -1.0036481609e+01
116 109 101
2 0 2152 -68.7500 230.5500 1 1944 2.8400 237.1000
-2.2170344593e-01 1.3499309555e+00 -1.1224450119e+01
169 143 130
2 0 2153 -31.9300 167.3300 1 2019 34.5600 166.8800
2.5410871972e+00 -1.8219541406e-01 -2.2069682713e+01
78 64 48
3 0 2160 197.5200 -18.4900 1 1999 238.5200 -31.4500 2 3696 214.8100 118.9000
3.1195876834e+00 -1.2758501621e+00 -2.3347624496e+01
174 143 122
2 0 2164 232.4100 -99.7200 1 2028 267.5600 -117.4700
-2.8035038800e+00 -1.3010556430e+00 -1.9773659513e+01
81 49 27
2 0 2165 -249.5000 -120.6500 1 2007 -230.9300 -116.9900
2.3018932312e+00 -1.8708124328e+00 -2.6964660979e+01
147 118 100
2 0 2166 149.6100 -126.5900 1 2031 174.3400 -137.8700
2.0342444760e+00 -2.9475678528e+00 -2.8327677773e+01
33 24 15
2 0 2167 125.3400 -190.8500 1 2011 145.5800 -200.1500
-1.8633256327e+00 -3.0622119790e+00 -2.1426470989e+01
220 210 188
2 0 2168 -157.3500 -256.3300 1 2012 -141.8900 -260.4800
1.3280179435e+00 2.0609933274e+00 -1.4049179850e+01
24 15 10
2 0 2172 149.5100 224.9200 1 2017 223.0200 223.4000
-8.6576334322e-01 1.7352124465e+00 -1.2587019346e+01
51 25 10
2 0 2173 -110.8700 202.9500 1 2039 -54.1600 211.0000
3.9013628534e-01 1.0282048764e+00 -9.5819739562e+00
178 169 164
2 0 2178 59.2900 138.0600 1 2022 140.8100 125.1100
2.3157504984e-01 1.0042325783e+00 -1.0904240185e+01
175 162 154
2 0 2179 30.9200 123.0100 1 2046 101.8500 113.8200
2.3967600482e+00 -2.9090596615e-01 -2.2408645388e+01
138 111 78
3 0 2184 183.4300 -26.0400 1 2024 223.0400 -38.8400 2 3728 215.1600 99.1400
2.1748419301e+00 -5.9757612283e-01 -2.3049139419e+01
121 92 62
2 0 2185 161.9700 -49.9000 1 2025 198.0600 -60.4500
-2.4350101728e+00 -5.5065748141e-01 -1.7893617671e+01
180 151 109
2 0 2186 -234.8200 -60.3300 1 2047 -210.9700 -57.4800
2.9081315482e+00 -7.1806534083e-01 -2.2586515447e+01
146 116 78
3 0 2187 222.4000 -59.3300 1 2026 261.4600 -75.1700 2 3697 277.5500 118.0000
-1.9054835201e+00 -5.8510251889e-01 -1.8424593185e+01
135 105 78
2 0 2188 -180.7400 -61.9800 1 2048 -153.9000 -60.7600
1.9676288747e+00 -1.0386870507e+00 -2.4203241583e+01
116 89 59
2 0 2189 139.9800 -79.5100 1 2027 171.3200 -89.8300
1.7708586654e+00 -1.1620080076e+00 -2.4514670820e+01
24 9 4
2 0 2192 124.1100 -87.4000 1 2005 153.8000 -97.1600
2.2381937441e+00 -1.5354758411e+00 -2.5133438044e+01
31 12 3
2 0 2193 154.5600 -112.0600 1 2029 183.5100 -123.3800
2.2381937441e+00 -1.5354758411e+00 -2.5133438044e+01
31 12 3
2 0 2194 154.5600 -112.0600 1 2030 183.5100 -123.3800
1.3337976065e+00 -3.1377214541e+00 -3.0091940013e+01
172 145 123
2 0 2196 76.0100 -191.6800 1 2052 92.3000 -197.8000
1.1642728823e+00 2.1792690162e+00 -1.3523800475e+01
54 45 36
2 0 2201 134.9200 245.7200 1 2037 210.4400 245.4500
3.3078102270e+00 3.1066825057e+00 -2.1160147672e+01
97 82 61
2 0 2224 267.7900 251.4500 1 2055 330.1000 249.1700
9.2770038619e-02 1.4414217367e+00 -1.0758167958e+01
49 40 33
2 0 2227 11.6500 185.3600 1 2074 85.1100 183.3000
3.5678590708e+00 3.2438109815e-01 -2.1044739813e+01
149 122 101
2 0 2229 291.1700 22.2900 1 2061 341.2800 5.6100
2.5960932374e+00 1.1076530181e-01 -2.0527735448e+01
105 78 51
2 0 2230 215.3700 4.3900 1 2062 261.2200 -9.9600
2.1215478516e+00 -2.5170129646e+00 -2.9057211538e+01
144 117 98
2 0 2235 127.6900 -159.4600 1 2067 149.0500 -167.0500
-1.8943093921e+00 -2.2035163001e+00 -2.0203938117e+01
117 89 62
2 0 2237 -167.2500 -195.8800 1 2069 -148.3300 -198.8500
-2.7325038601e+00 -2.4064063233e+00 -2.1420797788e+01
224 217 199
2 0 2238 -228.2700 -202.6900 1 2070 -213.9600 -201.3700
3.2049338604e+00 6.2934508861e-03 -2.0525477632e+01
38 28 18
2 0 2243 266.9900 -4.1900 1 2080 315.1400 -21.9800
2.8028468449e+00 -2.5415017246e-01 -2.1667906140e+01
150 122 85
2 0 2244 222.1100 -24.9700 1 2089 264.5100 -39.5400
2.2479491699e+00 -9.5944104322e-01 -2.3641716103e+01
144 116 77
2 0 2245 163.9500 -75.5800 1 2081 197.5900 -87.0900
-1.8269182463e+00 -9.7410601588e-01 -1.8215411311e+01
216 200 153
2 0 2246 -174.9600 -99.1400 1 2090 -149.3500 -100.2600
2.3034792560e+00 -2.3444771111e+00 -2.8048842123e+01
151 123 102
2 0 2247 144.0000 -153.2900 1 2082 166.8100 -162.9500
-2.8797990633e+00 -1.9688611999e+00 -2.0906965642e+01
23 14 9
2 0 2248 -244.2500 -170.0300 1 2083 -230.3600 -168.1700
-2.0991804521e+00 -2.6638946811e+00 -2.1489310836e+01
74 57 47
2 0 2250 -176.0600 -223.0800 1 2085 -160.2400 -224.9600
3.6531797253e+00 -9.1221772221e-01 -2.3031557859e+01
170 142 120
2 0 2255 276.1900 -72.8000 1 2093 315.4000 -92.4900
-1.0652693460e+00 -2.4916285715e+00 -2.0219202757e+01
47 38 29
2 0 2256 -95.8900 -220.3000 1 2091 -74.9700 -227.9800
6.3132418749e-01 -9.6998751220e-01 -1.9257174349e+01
40 25 18
2 0 2263 52.7800 -92.4300 1 2103 87.0300 -105.2600
