# Bundle file v0.3
3 35
2.1000436725e+03 -5.0904759001e-03 6.0902602623e-04
9.9993078463e-01 -6.7351700668e-04 1.1746162226e-02
1.4244507844e-03 9.9794634796e-01 -6.4039499789e-02
-1.1678908004e-02 6.4051799101e-02 9.9787823412e-01
1.2170663508e-02 -6.8246385775e-02 1.0659931611e-02
2.1421037538e+03 6.3725433108e-02 2.1400850844e-03
9.6837952298e-01 2.2071517360e-02 -2.4850341566e-01
2.0043145545e-01 5.2428809066e-01 8.2761659581e-01
1.4855413538e-01 -8.5125486555e-01 5.0328602479e-01
-2.4087649402e-01 8.8764269196e-01 -5.4184620911e-01
0 0 0
0 0 0
0 0 0
0 0 0
0 0 0
1.0430381051e-01 1.7697380825e-02 -1.0645929029e+00
64 47 29
2 0 512 207.7900 35.4400 1 1798 248.7200 73.0700
1.1816041743e-01 1.2381364481e-02 -1.0664172620e+00
129 109 80
2 0 534 234.3700 25.0200 1 471 278.1100 70.6100
1.0856849644e-01 9.8444612228e-03 -1.0691015319e+00
81 68 51
2 0 545 215.3600 20.3000 1 1375 259.8900 59.3700
1.1883348528e-01 9.4579911491e-03 -1.0682085875e+00
141 122 92
2 0 546 234.9600 19.3800 1 1361 280.8700 65.0400
1.3436612918e-01 -6.7234286181e-03 -1.0779105317e+00
127 104 70
2 0 599 262.1000 -11.3900 1 1424 319.2800 38.8700
9.3400138727e-02 -1.6471968600e-02 -1.0870770744e+00
129 104 74
2 0 648 181.2000 -29.1300 1 1469 241.0300 -3.9900
-1.1484955749e-01 -3.1640548469e-02 -1.0086664508e+00
87 56 26
2 0 764 -241.8300 -74.7000 1 1442 -210.0000 27.4300
-9.1640800656e-02 -5.2942999644e-02 -1.0340638480e+00
126 106 89
2 0 860 -187.5900 -112.7600 1 697 -153.7400 -29.7700
-3.9719033075e-02 -1.4579850726e-01 -1.1153153135e+00
38 30 18
2 0 1164 -76.5600 -269.0500 1 1666 -11.8100 -260.8300
-3.9062826126e-02 -1.4746577955e-01 -1.1165472292e+00
120 113 102
2 0 1165 -75.2300 -271.7100 1 1667 -9.8700 -264.9200
1.1514247983e-01 1.2729693408e-02 -1.0664656154e+00
131 113 86
2 0 1465 228.4800 25.7200 1 1808 271.9800 69.5900
1.0964020062e-01 1.1267325099e-02 -1.0683178117e+00
104 91 75
2 0 1468 217.3000 23.0100 1 1372 261.8400 62.6800
1.1369427606e-01 8.1879454856e-03 -1.0697182791e+00
129 108 81
2 0 1480 224.9600 17.0600 1 1381 270.9200 58.9100
1.0394766641e-01 -9.2516290282e-03 -1.0824262631e+00
131 105 71
2 0 1506 202.5500 -15.7200 1 1865 259.3800 15.7600
-8.4822797823e-02 -5.4660906755e-02 -1.0351570588e+00
127 101 61
2 0 1653 -173.3600 -115.9600 1 1491 -139.8300 -30.7500
-2.6398995641e-02 -1.4350905013e-01 -1.1190533166e+00
231 225 207
2 0 1806 -50.8500 -263.2800 1 1066 17.9800 -258.7500
1.0752324266e-01 4.9240852743e-03 -1.0728183490e+00
127 113 84
2 0 2099 212.1500 10.9500 1 2085 260.2500 47.8200
7.9037886708e-02 -2.0795608023e-02 -1.0915181821e+00
124 104 79
2 0 2137 152.9800 -36.8200 1 2121 214.3000 -21.9600
-1.1698162395e-01 -4.1191091081e-02 -1.0180594495e+00
250 231 185
2 0 2188 -243.8900 -92.5500 1 2107 -210.7300 0.1500
-1.1108793923e-01 -5.7721020966e-02 -1.0443356428e+00
64 35 19
2 0 2210 -225.5700 -120.0600 1 1924 -186.9900 -60.5000
-9.5296823994e-02 -5.8431473003e-02 -1.0380487596e+00
170 141 102
2 0 2220 -194.4200 -122.9800 1 1915 -159.5700 -44.2100
-6.5631475536e-02 -1.5610092950e-01 -1.1058319120e+00
35 22 6
2 0 2333 -126.9200 -292.2000 1 2020 -72.2800 -269.3800
9.8719451262e-02 9.1269629758e-03 -1.0705800159e+00
56 47 41
2 0 2432 195.7700 19.0400 1 2243 240.8700 52.0500
-6.2516752703e-02 4.4133657143e-03 -9.8645956831e-01
151 125 107
2 0 2441 -133.7200 -1.6400 1 2055 -114.5000 124.3700
8.5134596097e-02 -2.8782995002e-02 -1.0962858308e+00
137 114 81
2 0 2462 163.7700 -51.4600 1 2259 229.5700 -36.0500
1.0826352015e-01 7.9711502928e-03 -1.0706873805e+00
67 55 39
2 0 2604 214.0400 16.7300 1 2241 260.5000 54.8100
1.1228606546e-01 1.8222630166e-02 -1.0629219919e+00
117 95 62
2 0 2723 223.9900 36.3400 1 2374 263.8300 79.7200
1.1228606546e-01 1.8222630166e-02 -1.0629219919e+00
117 95 62
2 0 2724 223.9900 36.3400 1 2375 263.8300 79.7200
1.1181465892e-01 1.3439937042e-02 -1.0665243558e+00
66 55 38
2 0 2731 222.2000 27.1600 1 2322 264.9800 68.7100
8.4656163840e-02 -2.5736045089e-02 -1.0942543418e+00
131 110 80
2 0 2751 163.3000 -45.9200 1 2393 227.3100 -29.5700
7.9241697470e-02 -2.7151177436e-02 -1.0954940119e+00
74 61 44
2 0 2808 152.9700 -48.4200 1 2424 216.8600 -35.4500
1.0298330715e-01 6.7233730937e-03 -1.0716240959e+00
68 58 48
2 0 2837 203.5700 14.3700 1 2446 250.4200 49.7500
1.1915157901e-01 -1.4322493429e-02 -1.0837845989e+00
147 118 84
2 0 2874 230.3800 -25.5100 1 2447 292.6000 14.8700
1.1523221312e-01 -2.3866868215e-02 -1.0916820644e+00
74 56 40
2 0 2919 221.7000 -42.7600 1 2486 288.5900 -10.4700
-1.4063136966e-01 -1.1780087035e-01 -1.0791173742e+00
22 14 9
2 0 2941 -276.8000 -229.0900 1 2500 -237.3300 -203.4100
