# Bundle file v0.3
3 409
1.2324001386e+03 1.6521047253e-01 2.0838192272e-02
3.8509658587e-02 9.9563647639e-01 -8.5000076890e-02
-5.5997191184e-01 9.1954032922e-02 8.2339292794e-01
8.2761613333e-01 1.5889075024e-02 5.6106957959e-01
-5.4877750951e-01 6.2663288586e+00 -5.0691573249e+00
1.5514282866e+03 6.8466656796e-02 -4.9409643261e-02
9.1339080487e-01 -6.1800605184e-03 -4.0703690794e-01
2.0760995017e-02 9.9929077558e-01 3.1415393127e-02
4.0655407840e-01 -3.7145022432e-02 9.1287131001e-01
-2.5644747405e+00 7.8561820550e-02 -4.3263442178e+00
1.9849249692e+03 2.6928387373e-01 2.7891822264e-02
8.7461929851e-01 7.4455746368e-02 -4.7905889461e-01
-1.1104543258e-02 9.9095405767e-01 1.3374133508e-01
4.8468316640e-01 -1.1165302245e-01 8.6753433983e-01
-3.2188147311e+00 1.1140110169e+00 -9.7115914418e+00
1.3167637483e+00 9.1653716392e-01 -7.8846107133e+00
51 37 26
3 1 285 259.0700 109.5000 2 330 222.3900 119.0600 0 512 159.3600 -129.6400
1.3089341414e+00 9.4012826809e-01 -7.8804044633e+00
84 74 62
3 1 1371 258.0400 112.7600 2 1253 221.1200 121.9600 0 1088 162.8100 -128.1600
1.3158669904e+00 3.8613348010e-01 -8.3658074833e+00
133 111 86
3 1 467 277.3500 31.1000 2 542 239.4100 44.0900 0 1121 85.4500 -189.0400
1.2256564392e+00 -2.7149711595e-01 -8.4367048833e+00
135 111 77
3 1 663 268.9500 -58.2400 2 715 227.2600 -36.2800 0 1127 -7.6000 -195.9000
1.3652083473e+00 3.8792953697e-01 -8.3914250701e+00
72 51 33
3 1 1497 284.7000 31.5700 2 543 246.4500 43.7700 0 1128 86.4300 -196.6100
1.5979743010e+00 1.1031936945e+00 -8.5450873011e+00
97 86 64
3 1 1353 320.1800 126.9000 2 310 284.9400 127.1900 0 1155 195.9200 -228.2600
1.5979743010e+00 1.1031936945e+00 -8.5450873011e+00
97 86 64
3 1 1354 320.1800 126.9000 2 311 284.9400 127.1900 0 1156 195.9200 -228.2600
1.1396842746e+00 -1.9323439366e+00 -8.6565333874e+00
130 119 101
3 1 1909 268.7800 -279.5200 2 1663 215.7400 -240.6100 0 1159 -233.4700 -231.7700
1.9285289356e+00 3.7233492857e-01 -8.5742682479e+00
134 105 70
3 1 1500 367.7600 30.1900 2 1424 319.2800 38.8700 0 1202 93.9100 -276.5600
1.9588348023e+00 3.4772705193e-01 -8.5856533335e+00
121 92 63
3 1 1507 372.2000 26.4100 2 557 323.4000 35.6400 0 1211 91.1900 -281.4300
5.5249570612e-01 -1.3493082564e+00 -8.2285167139e+00
47 36 30
3 1 2455 174.7100 -202.3500 2 1610 133.9800 -162.8300 0 1368 -156.8200 -125.7200
1.3757825085e+00 6.2352348324e-01 -8.3662029683e+00
72 52 35
3 1 1449 284.6000 63.4400 2 1798 248.7200 73.0700 0 1388 120.1700 -192.0600
1.4817207501e+00 5.4389700113e-01 -8.4083148651e+00
123 106 80
3 1 2152 300.6900 52.8400 2 1372 261.8400 62.6800 0 1396 110.7500 -208.3200
1.5659011928e+00 6.0062228849e-01 -8.4164344634e+00
154 128 94
3 1 2130 312.5700 60.8500 2 1808 271.9800 69.5900 0 1399 120.4800 -217.3000
1.2833313996e+00 4.7671398105e-01 -8.3519828482e+00
119 93 70
3 1 2172 272.0400 42.9000 2 1820 236.1100 56.1100 0 1537 97.4600 -183.3400
1.3266617008e+00 5.5451313097e-01 -8.3566076655e+00
60 49 32
3 1 2623 278.1900 54.0200 2 1813 241.5400 64.6400 0 1538 109.5500 -187.0700
1.4728248615e+00 4.2437416838e-01 -8.4221154488e+00
147 121 87
3 1 2632 300.3300 36.4200 2 2085 260.2500 47.8200 0 1548 93.6000 -210.3700
4.8081887721e-01 -1.7354811720e+00 -8.2021514660e+00
36 23 15
3 1 2921 164.9100 -255.5500 2 2191 122.2000 -209.6300 0 1614 -207.0200 -121.3800
1.1213576139e+00 -1.6084965339e-01 -8.3821558862e+00
123 102 72
3 1 2691 252.5700 -42.8400 2 2121 214.3000 -21.9600 0 1630 6.1200 -178.6400
1.9126383598e+00 2.1167955559e+00 -7.9716462177e+00
26 17 12
3 1 2946 345.3500 282.8600 2 2214 306.0000 268.8200 0 1631 365.3500 -185.9500
1.3202788971e+00 4.5242319207e-01 -8.3712065427e+00
63 56 47
3 1 2855 277.8700 39.9200 2 2243 240.8700 52.0500 0 1634 95.0600 -189.1900
1.2432737495e+00 -2.6506722902e-01 -8.4387302829e+00
133 109 75
3 1 2879 271.3500 -57.8000 2 2259 229.5700 -36.0500 0 1701 -5.7900 -197.5300
1.4749710752e+00 4.7934939023e-01 -8.4073733098e+00
72 59 48
3 1 2973 299.8800 44.1300 2 2241 260.5000 54.8100 0 1703 101.2900 -208.3200
1.5061984775e+00 6.7995975956e-01 -8.3764739592e+00
125 101 67
3 1 3039 303.1000 71.6200 2 2375 263.8300 79.7200 0 1746 131.0200 -205.8100
1.5091312941e+00 5.9541950100e-01 -8.3898378750e+00
74 59 42
3 1 3041 303.5300 60.0200 2 2322 264.9800 68.7100 0 1747 119.1600 -208.2700
1.1401125866e+00 -2.6942481517e-01 -8.4117106297e+00
68 55 38
3 1 3084 256.3500 -57.3000 2 2424 216.8600 -35.4500 0 1786 -8.7500 -184.9600
1.3227982911e+00 1.0428923148e+00 -7.8981922807e+00
46 29 22
3 1 3034 260.2200 126.5400 2 2369 224.7600 134.2700 0 1802 178.7800 -130.0800
1.3962676317e+00 4.3566836119e-01 -8.3977777059e+00
74 61 45
3 1 3102 289.1600 37.7500 2 2446 250.4200 49.7500 0 1804 93.8600 -199.9000
1.4664724822e+00 1.7938538225e+00 -5.9141844794e+00
114 90 75
2 1 30 198.1700 290.1000 2 11 143.8800 291.1500
5.5101051215e-01 1.7441064268e+00 -5.3772029922e+00
126 90 66
2 1 41 20.0000 285.0700 2 8 -4.3300 295.5200
1.5112378101e+00 1.3888622023e+00 -6.1610478923e+00
113 83 62
2 1 139 217.7600 215.7300 2 144 159.7400 227.7500
-3.7464458995e-01 1.3208297911e+00 -5.4724066293e+00
77 41 19
2 1 161 -112.0800 198.9200 2 140 -111.5100 228.4300
1.4332368156e+00 1.2092026459e+00 -6.1704364730e+00
63 39 28
2 1 186 205.9500 184.9900 2 179 148.6900 202.5200
-5.7035003277e-01 1.1749483928e+00 -5.3264523221e+00
10 9 1
2 1 198 -151.7900 176.2500 2 166 -145.9000 212.6700
1.3987594123e+00 1.0869636852e+00 -6.2417316903e+00
78 48 30
2 1 214 204.0800 163.2100 2 205 147.1500 183.4700
1.3010987807e+00 9.8248930968e-01 -7.9185469170e+00
85 73 61
2 1 276 258.6200 117.5600 2 312 221.8600 126.2300
1.5135997712e+00 9.4213169818e-01 -8.1615563840e+00
79 69 60
2 1 284 296.5200 110.4100 2 337 257.4600 116.0300
1.2464337379e+00 7.7666929325e-01 -7.9493473974e+00
48 36 26
2 1 331 252.4900 87.9900 2 391 215.3400 100.2300
1.2049596172e+00 5.5564211956e-01 -6.2952312866e+00
175 127 79
2 1 372 176.9700 74.3600 2 356 121.2500 110.0700
1.2248096651e+00 5.4029271329e-01 -6.3562110777e+00
49 23 10
2 1 381 183.0900 71.3700 2 371 127.0000 106.4800
1.1708776166e+00 4.5801353915e-01 -6.3102236317e+00
112 76 49
2 1 409 172.7500 58.5400 2 409 116.7800 96.2300
1.1897990938e+00 4.5068129371e-01 -6.3745117146e+00
40 29 11
2 1 415 178.9000 56.9100 2 413 122.6600 93.6400
1.5608505519e+00 4.6519675425e-01 -8.4307161472e+00
128 102 68
2 1 441 312.3300 42.3900 2 520 271.3800 52.6100
1.9968355360e+00 3.3831411137e-01 -8.5589179176e+00
159 136 99
2 1 474 376.4100 25.9100 2 559 327.3600 34.9200
1.4915098115e+00 2.8675418545e-01 -8.4351448299e+00
146 116 80
2 1 490 303.4000 17.9000 2 577 262.1400 30.8700
1.9620823814e+00 2.4460116752e-01 -8.5498793649e+00
170 145 99
2 1 504 371.4400 12.8600 2 599 322.2400 23.7900
-8.7321464265e-01 1.6944203767e-01 -5.5240912605e+00
21 10 3
2 1 516 -177.6700 9.1100 2 466 -176.4700 73.4500
1.0004663636e+00 1.5214075648e-03 -6.3921319155e+00
142 95 47
2 1 564 151.4400 -15.8200 2 565 96.5300 33.4500
1.8656412390e+00 9.5939333924e-03 -8.5887028997e+00
57 40 29
2 1 580 359.6200 -19.5600 2 650 310.6800 -5.5800
9.4354862922e-01 -1.0728065299e-01 -6.3720507272e+00
175 126 79
2 1 608 141.9700 -33.1900 2 608 87.4300 19.3800
9.3897776930e-01 -1.8502739739e-01 -6.4193229609e+00
140 96 61
2 1 639 143.8300 -45.6100 2 628 88.9500 8.1600
8.6333982021e-01 -4.9705434009e-01 -6.5364295587e+00
170 133 99
2 1 738 139.0400 -94.5800 2 710 83.8200 -35.1300
8.6333982021e-01 -4.9705434009e-01 -6.5364295587e+00
170 133 99
2 1 739 139.0400 -94.5800 2 711 83.8200 -35.1300
1.6514736598e+00 -5.4547002535e-01 -8.6113219305e+00
113 87 56
2 1 740 332.4900 -94.5100 2 769 282.0700 -73.6500
1.1913532663e+00 -6.5424521925e-01 -8.4503696608e+00
55 42 26
2 1 772 265.5500 -109.6700 2 784 221.2200 -82.7500
1.2843221436e+00 -6.7702934384e-01 -8.5059461558e+00
61 47 33
2 1 780 279.8300 -112.6300 2 794 234.2400 -86.5500
-4.1046481436e-01 -6.4415142506e-01 -5.8038367090e+00
117 86 72
2 1 799 -90.8800 -120.0200 2 718 -113.1800 -39.6800
6.3462504589e-01 -7.6614356892e-01 -6.4523972592e+00
131 104 78
2 1 830 101.2100 -136.9100 2 762 49.1000 -68.7600
6.8166674443e-01 -9.2788902721e-01 -6.5228964773e+00
129 87 53
2 1 875 112.3200 -161.6300 2 800 57.2100 -91.4900
6.7137069852e-01 -9.4991176367e-01 -6.5279883464e+00
134 91 46
2 1 880 111.0600 -165.0400 2 807 56.1600 -94.3700
6.8669102784e-01 -9.6975364336e-01 -6.5854779335e+00
65 36 16
2 1 884 116.4300 -167.5500 2 814 61.1800 -97.8300
6.5334538903e-01 -1.0733045399e+00 -6.5877200595e+00
65 35 21
2 1 910 111.7600 -183.5900 2 837 56.5100 -111.3100
5.8865556287e-01 -1.2112524827e+00 -6.5551312557e+00
137 98 63
2 1 952 100.8400 -205.1600 2 860 45.5700 -128.9200
1.5593024497e-01 -1.2415026371e+00 -5.9773779094e+00
72 45 23
2 1 978 3.2300 -216.0800 2 1585 -42.4400 -124.3500
1.4984993171e-01 -1.3286602043e+00 -5.9898814648e+00
114 96 74
2 1 1004 3.1400 -230.0100 2 881 -43.1000 -136.1700
9.6708552282e-01 -1.6814716939e+00 -8.6929720400e+00
66 58 47
2 1 1031 246.8800 -243.8400 2 991 199.6300 -208.2400
-7.2536774362e-01 -1.6645656089e+00 -5.9152400074e+00
187 145 112
2 1 1104 -126.5300 -278.9800 2 944 -151.5500 -174.9300
1.1158409638e+00 -1.9438582023e+00 -8.6453209907e+00
64 51 27
2 1 1109 265.1300 -280.8000 2 1044 212.3700 -241.2500
1.1158409638e+00 -1.9438582023e+00 -8.6453209907e+00
64 51 27
2 1 1110 265.1300 -280.8000 2 1045 212.3700 -241.2500
3.9494844360e-01 -1.7956377784e+00 -6.6152525960e+00
131 87 52
2 1 1128 76.8800 -293.7400 2 984 21.2100 -205.6300
2.7939831101e-01 1.6789916554e+00 -5.3605617492e+00
112 75 54
2 1 1172 -23.4000 270.1100 2 19 -38.9000 285.1000
1.0725473275e-01 1.6480822612e+00 -5.3455172303e+00
144 116 95
2 1 1175 -50.6300 263.0400 2 25 -60.9600 279.7500
2.0230327801e+00 2.0334553425e+00 -8.4467738844e+00
85 75 65
2 1 1178 374.1000 259.9600 2 1136 339.1500 244.6400
2.0738086159e+00 2.0278172630e+00 -8.4407743240e+00
83 74 67
2 1 1179 381.1000 259.9300 2 101 344.9700 244.5700
8.8787924099e-02 1.6187456000e+00 -5.3651093869e+00
140 124 106
2 1 1184 -51.9900 257.1600 2 38 -62.0400 275.0200
2.1635531823e+00 1.9876119556e+00 -8.4028951053e+00
50 41 32
2 1 1188 392.9800 256.6000 2 111 353.8900 241.3000
2.0170064953e+00 1.9892014090e+00 -8.4657532302e+00
82 75 65
2 1 1192 373.8000 253.3000 2 1142 338.8600 238.6900
2.1239030968e+00 1.9715400064e+00 -8.4273660145e+00
94 85 78
2 1 1195 388.0100 253.4400 2 125 349.9000 238.1200
2.1503774278e+00 1.9693323463e+00 -8.4237353108e+00
90 83 75
2 1 1196 391.6400 253.3600 2 124 353.0000 238.3700
2.3818216614e-01 1.5603553955e+00 -5.3899463244e+00
124 82 55
2 1 1200 -27.4500 248.7000 2 56 -43.1200 267.4200
3.7223444582e-01 1.5148566390e+00 -5.4095427890e+00
172 131 101
2 1 1208 -5.4700 242.2500 2 63 -26.1100 261.6600
2.1421106160e-01 1.4863432186e+00 -5.4089931825e+00
116 73 50
2 1 1216 -29.7100 235.3000 2 74 -45.3900 256.6100
9.0306784896e-02 1.4596076503e+00 -5.3525899625e+00
115 86 67
2 1 1226 -52.7700 230.4200 2 81 -64.0700 254.4100
1.2598770468e-02 1.3249150405e+00 -5.3929394062e+00
151 131 113
2 1 1244 -61.3000 205.9700 2 130 -71.9300 234.1300
-3.7104457415e-01 1.3589168016e+00 -5.4777872566e+00
70 37 16
2 1 1247 -111.1500 205.0600 2 133 -110.3500 233.2900
1.4962879301e+00 1.2780110760e+00 -6.2322071698e+00
47 21 4
2 1 1267 218.7600 195.4300 2 1177 160.8500 210.5000
3.5262518567e-01 1.2449631399e+00 -5.4449656120e+00
139 104 82
2 1 1268 -5.7900 195.4900 2 1160 -28.8200 223.5900
1.4179255231e+00 1.4948036718e+00 -7.7865492256e+00
71 54 44
2 1 1274 269.3600 192.8300 2 190 233.6300 193.4000
1.3809105050e+00 1.4737754499e+00 -7.7915858863e+00
42 25 15
2 1 1278 264.3700 189.3800 2 1193 229.3400 190.4500
4.3011832509e-02 9.8147366560e-01 -5.4740227154e+00
144 124 110
2 1 1333 -50.6100 147.2800 2 200 -66.1300 185.5900
1.2639136439e+00 8.6247688575e-01 -6.1967733117e+00
93 61 36
2 1 1357 180.8200 125.8800 2 255 125.8200 154.1800
-7.0567346533e-01 8.4861485191e-01 -5.1530168708e+00
56 22 13
2 1 1358 -185.4400 124.7800 2 221 -178.0300 173.5000
1.4572563784e+00 1.0195992164e+00 -7.9883825256e+00
93 84 77
2 1 1359 282.8900 123.3700 2 1743 243.4100 129.1400
-6.5853938508e-01 8.3654164525e-01 -5.3409199930e+00
72 42 26
2 1 1362 -163.1100 119.7600 2 236 -158.3500 166.9300
1.3189895953e+00 9.6530919674e-01 -7.9214584590e+00
50 38 26
2 1 1366 261.2400 115.2700 2 317 223.9200 124.0800
1.9917291345e+00 8.5060786199e-01 -8.5392942423e+00
88 74 61
2 1 1391 374.1300 96.1000 2 402 329.7900 97.8800
2.0287752259e+00 7.7246531247e-01 -8.5513613982e+00
113 96 80
2 1 1405 379.7100 85.3500 2 434 334.2100 88.3400
-1.4832367555e+00 6.6634411173e-01 -5.6515314086e+00
144 112 71
2 1 1411 -249.6500 82.2700 2 294 -227.4400 134.0900
1.1847052622e+00 7.3405008842e-01 -7.9431829148e+00
48 30 18
2 1 1413 243.9900 82.0000 2 1306 207.4100 94.7500
2.0340735708e+00 7.3524083729e-01 -8.5520419177e+00
106 91 74
2 1 1415 380.5600 80.3200 2 1333 334.5700 83.7500
1.2310591703e+00 5.1348306227e-01 -6.3648493564e+00
149 117 88
2 1 1440 184.3900 66.7900 2 1289 128.1800 102.9500
1.6215104268e+00 6.0743993869e-01 -8.3976844934e+00
139 115 80
2 1 1453 319.3300 62.2800 2 471 278.1100 70.6100
1.6415338311e+00 5.6348390500e-01 -8.4139598136e+00
159 133 98
2 1 1462 322.6200 56.1700 2 1361 280.8700 65.0400
1.0346255292e+00 3.6443678117e-01 -6.2770695104e+00
125 107 94
2 1 1486 150.1300 42.9200 2 442 97.4300 84.4400
1.8963446490e-01 3.4869597313e-01 -5.6336096901e+00
176 149 135
2 1 1487 -16.4500 42.0100 2 412 -44.9500 96.0100
1.9831407188e+00 3.1420358309e-01 -8.5427604781e+00
165 141 109
2 1 1515 374.2200 22.8400 2 1854 324.7500 32.0700
1.0309149132e+00 2.1306469933e-01 -6.3047715868e+00
88 53 34
2 1 1522 151.2600 18.4600 2 1364 97.1200 63.5300
1.0990598364e+00 1.9326832395e-01 -6.4105060558e+00
26 12 20
2 1 1529 167.0100 14.8500 2 1379 111.4300 58.6800
-8.4484098482e-01 1.8535886259e-01 -5.5152730605e+00
20 10 4
2 1 1539 -174.4600 11.8100 2 459 -173.7900 75.7600
1.4367547003e+00 2.1568856795e-01 -8.4089771514e+00
141 106 68
2 1 1547 295.3600 8.3400 2 1445 254.0000 22.6200
-1.8083328210e+00 1.9523936784e-01 -5.8810787373e+00
181 147 101
2 1 1550 -271.4900 7.7100 2 477 -249.9700 68.6000
-1.5822063653e+00 1.2668393339e-01 -5.7207213609e+00
153 125 88
2 1 1568 -256.3300 -1.1100 2 490 -238.9700 63.4300
1.6884616925e+00 1.4687763037e-01 -8.5118151153e+00
125 96 58
2 1 1569 332.8100 -0.9600 2 621 287.4600 12.5500
-1.4300930300e+00 1.1430386438e-01 -5.6238801623e+00
170 139 96
2 1 1571 -244.6900 -2.0600 2 488 -230.2700 63.9200
1.9156836147e+00 1.3729167231e-01 -8.5649090763e+00
186 157 115
2 1 1572 365.6300 -1.9700 2 1455 316.5400 10.3800
1.0407636171e+00 3.3808194324e-02 -6.4366922494e+00
37 23 14
2 1 1589 159.7500 -10.7400 2 1432 104.3100 36.8300
-9.3128670442e-01 1.7967952883e-02 -5.2776012139e+00
70 30 19
2 1 1592 -206.8500 -14.5700 2 1378 -202.8200 59.0400
-1.8116060410e+00 1.8104974513e-02 -5.8687085352e+00
208 172 122
2 1 1603 -273.2000 -18.7500 2 534 -252.9200 46.7300
-4.6197704757e-01 -1.7717065676e-02 -5.6453926822e+00
243 188 142
2 1 1605 -110.3200 -20.0800 2 1403 -123.5000 46.2600
-8.1900020886e-01 -5.3143966792e-02 -5.7422181027e+00
76 39 21
2 1 1614 -152.4400 -26.6500 2 554 -157.2100 39.5400
1.8604300167e+00 -1.3997809783e-01 -8.5928401812e+00
166 143 110
2 1 1641 359.4300 -39.8100 2 1485 309.0600 -24.0600
1.5079335105e+00 -1.9071175545e-01 -8.5020834248e+00
132 106 73
2 1 1656 308.7000 -46.9700 2 694 263.4100 -28.1600
-7.3965668358e-01 -1.9457784864e-01 -5.7249266369e+00
139 108 86
2 1 1659 -142.9700 -48.8500 2 603 -151.0000 21.4700
7.1497785341e-02 -3.7405081635e-01 -5.7720517193e+00
194 170 155
2 1 1693 -23.8300 -77.0700 2 644 -56.9600 -4.1000
-1.0731010812e+00 -3.9923023966e-01 -5.3525816537e+00
192 165 123
2 1 1700 -220.1300 -82.5000 2 633 -217.6300 2.0500
-8.2721866390e-01 -4.1292124272e-01 -5.7692117346e+00
141 110 87
2 1 1702 -151.6100 -83.2800 2 654 -159.7800 -7.7200
-5.5808071832e-01 -4.1753975656e-01 -5.7346418588e+00
217 198 167
2 1 1703 -116.9100 -84.1000 2 655 -132.3400 -8.2300
-1.4100002464e+00 -4.2957539727e-01 -5.5843473758e+00
185 157 110
2 1 1705 -245.6300 -86.5400 2 648 -237.1100 -5.5800
1.6797098388e+00 -5.2857168398e-01 -8.6203867513e+00
156 135 96
2 1 1712 336.3900 -92.4600 2 1533 286.0900 -71.5500
-3.6088735130e-01 -4.9484432512e-01 -5.7772621305e+00
117 89 74
2 1 1716 -85.8900 -96.3800 2 673 -107.7900 -19.5500
-3.6088735130e-01 -4.9484432512e-01 -5.7772621305e+00
117 89 74
2 1 1717 -85.8900 -96.3800 2 674 -107.7900 -19.5500
9.5008209638e-01 -5.9312961142e-01 -8.3033667645e+00
62 51 45
2 1 1721 228.3200 -101.6700 2 1536 187.3400 -72.6800
-2.0711331453e+00 -5.7888010910e-01 -6.0288693098e+00
204 159 106
2 1 1725 -292.1200 -107.0300 2 699 -274.2900 -30.4600
-7.2939688019e-01 -5.8465050356e-01 -5.7284584725e+00
132 111 90
2 1 1732 -141.2800 -110.6000 2 697 -153.7400 -29.7700
-1.7586478971e+00 -6.0426003193e-01 -5.8120938728e+00
140 107 73
2 1 1735 -271.5800 -112.2200 2 701 -258.6100 -31.0400
1.4263134867e+00 -7.1979289645e-01 -8.6572955869e+00
101 89 71
2 1 1741 303.7500 -117.7800 2 1559 257.0100 -94.2000
-7.2602404275e-01 -6.5360814535e-01 -5.7397728151e+00
249 227 190
2 1 1745 -139.9000 -121.4500 2 716 -153.3300 -39.0600
1.4056243996e+00 -7.6489262948e-01 -8.6636669541e+00
103 92 74
2 1 1748 301.3900 -123.6200 2 818 254.4800 -99.7800
-1.2202869441e+00 -6.5989448282e-01 -5.4062511647e+00
167 147 113
2 1 1749 -236.0700 -124.2000 2 707 -232.3500 -33.0600
-1.6807009038e+00 -7.2979018185e-01 -5.7709850369e+00
129 101 70
2 1 1760 -265.1100 -131.6000 2 728 -255.0800 -46.6900
-7.7431979473e-01 -7.3095559102e-01 -5.7493603801e+00
169 138 98
2 1 1763 -145.8600 -133.5600 2 733 -158.8200 -49.2400
-5.1620487798e-01 -9.6361084142e-01 -5.8645741122e+00
124 93 70
2 1 1784 -101.1600 -170.0100 2 783 -124.2900 -82.5300
-5.3826828088e-01 -9.8680874986e-01 -5.8595001109e+00
199 156 116
2 1 1789 -104.6400 -173.6800 2 791 -127.3500 -85.4300
-5.3826828088e-01 -9.8680874986e-01 -5.8595001109e+00
199 156 116
2 1 1790 -104.6400 -173.6800 2 792 -127.3500 -85.4300
-7.5261329263e-01 -9.9824436506e-01 -5.8226937430e+00
104 70 34
2 1 1791 -137.1600 -175.1200 2 789 -154.0600 -85.5800
-7.5261329263e-01 -9.9824436506e-01 -5.8226937430e+00
104 70 34
2 1 1792 -137.1600 -175.1200 2 790 -154.0600 -85.5800
-1.6551732501e+00 -1.0262219538e+00 -5.7199202633e+00
188 148 103
2 1 1795 -266.5500 -177.5400 2 785 -259.5600 -84.2200
-1.1491546085e+00 -1.1058224329e+00 -5.8021584833e+00
85 61 47
2 1 1804 -192.9400 -190.8000 2 810 -200.0100 -97.6500
-8.6040887708e-01 -1.1387014922e+00 -5.7968413033e+00
204 170 125
2 1 1811 -154.1000 -197.2100 2 1566 -169.3000 -103.2700
-5.9049985550e-01 -1.1722893774e+00 -5.8741320585e+00
181 145 117
2 1 1817 -110.9700 -202.7500 2 833 -133.9800 -109.8600
5.1942882854e-01 -1.2809041554e+00 -6.5133271253e+00
115 69 38
2 1 1830 88.5300 -216.3100 2 887 34.2900 -137.2800
-1.7123742612e+00 -1.4275985919e+00 -5.7328785856e+00
170 132 85
2 1 1853 -273.0300 -238.7600 2 883 -269.5200 -136.2400
1.1069229740e-01 -1.4088903678e+00 -5.9832052342e+00
63 44 30
2 1 1860 -2.9800 -242.8600 2 1601 -48.9400 -146.7200
-1.8015919383e+00 -1.4783082923e+00 -5.7920161738e+00
179 139 89
2 1 1862 -279.4600 -245.0000 2 898 -274.8700 -142.8800
5.0763855839e-01 -1.6937437590e+00 -8.2979615616e+00
93 85 76
2 1 1867 172.7200 -248.7000 2 1643 129.2300 -203.7500
5.0763855839e-01 -1.6937437590e+00 -8.2979615616e+00
93 85 76
2 1 1868 172.7200 -248.7000 2 1644 129.2300 -203.7500
1.2951824738e-01 -1.4652111681e+00 -6.0226575480e+00
129 101 75
2 1 1872 2.5300 -251.2800 2 913 -44.8300 -154.9300
-1.4192459558e+00 -1.4737352620e+00 -5.5251161356e+00
144 113 78
2 1 1873 -252.9100 -251.5800 2 897 -254.6300 -141.8900
-4.5536439716e-01 -1.5077060051e+00 -5.9299794303e+00
136 105 79
2 1 1879 -87.6700 -255.7200 2 1608 -118.7700 -156.0000
4.8168898470e-01 -1.7568915997e+00 -8.3180518894e+00
99 85 76
2 1 1882 170.4300 -256.6400 2 994 126.8000 -211.4400
3.7288463581e-01 -1.5515890515e+00 -6.5507134985e+00
154 110 84
2 1 1884 70.0500 -256.7500 2 941 16.6300 -172.7800
-1.4074471658e+00 -1.5146389240e+00 -5.5004825184e+00
139 110 85
2 1 1886 -253.7900 -258.7200 2 903 -255.4700 -147.1100
5.0589494703e-01 -1.7763567298e+00 -8.3133820446e+00
34 23 17
2 1 1887 173.3800 -259.4900 2 1004 129.0600 -213.9900
6.0305445480e-02 -1.5210641217e+00 -5.9841095153e+00
183 139 102
2 1 1888 -10.2600 -260.6700 2 925 -55.8400 -161.5600
-8.8371912655e-01 -1.5656416785e+00 -5.8839815774e+00
158 134 107
2 1 1892 -150.6600 -262.8700 2 923 -170.1900 -160.4700
-6.1549517383e-01 -1.5583477822e+00 -5.9124244835e+00
147 111 75
2 1 1893 -111.4400 -263.0200 2 924 -138.4300 -161.5200
1.6824882406e-01 -1.6255152491e+00 -6.0350383560e+00
189 135 91
2 1 1908 8.9700 -277.3700 2 947 -40.9100 -176.9400
-9.1005576462e-01 -1.6931346436e+00 -5.8819276882e+00
128 110 88
2 1 1911 -154.3900 -282.7300 2 946 -174.7500 -177.2300
-9.2253875854e-01 -1.7353787402e+00 -5.8851949950e+00
145 119 92
2 1 1916 -156.0000 -289.2700 2 952 -176.1800 -182.7200
-9.5099600486e-01 -1.7749371395e+00 -5.9078463293e+00
129 110 86
2 1 1921 -158.1700 -294.7700 2 961 -178.0300 -187.9100
1.4935079482e+00 1.8355252914e+00 -5.9398265645e+00
38 28 23
2 1 1927 203.7600 296.5400 2 1678 149.2800 296.3900
-3.1534461514e-01 1.6463263972e+00 -5.3147668411e+00
77 56 38
2 1 1952 -116.4400 256.6800 2 1103 -112.0400 278.3900
-3.0667238627e-01 1.6204763722e+00 -5.4304589561e+00
73 32 17
2 1 1956 -105.5100 250.1700 2 1112 -103.8500 269.6800
2.5331759721e-01 1.5573952441e+00 -5.4036818690e+00
169 132 100
2 1 1957 -24.1100 248.1000 2 1113 -40.4600 266.5400
1.8794291486e+00 1.8013658320e+00 -8.4173808758e+00
90 77 69
2 1 1970 353.5300 227.1100 2 1167 318.8900 216.2200
1.4441820434e+00 1.6381495859e+00 -7.7544124992e+00
44 26 14
2 1 1979 271.8300 214.4800 2 1711 236.2800 211.8500
1.1576309177e+00 1.3155687304e+00 -5.5937357275e+00
192 165 148
2 1 1980 131.3000 213.9800 2 1147 80.5600 233.5300
-4.0675592230e-01 1.3287887803e+00 -5.4285143647e+00
90 46 24
2 1 1988 -120.2200 200.7900 2 1148 -118.1300 230.8500
-4.4115066146e-01 1.3142879618e+00 -5.4293796378e+00
101 58 39
2 1 1989 -124.8900 198.2900 2 1154 -122.4300 228.3700
-5.5646066535e-01 1.1651290973e+00 -5.1291655977e+00
39 18 5
2 1 2008 -166.2400 179.1800 2 1164 -159.0500 217.7200
1.4154772928e+00 1.1128775285e+00 -6.2062661253e+00
142 98 59
2 1 2024 204.9700 168.2400 2 1721 147.5500 188.2500
1.0468584804e-02 1.0938136932e+00 -5.4575745660e+00
144 109 87
2 1 2026 -56.3600 166.4800 2 1187 -70.4700 200.3900
1.4388466339e+00 1.2014027647e+00 -8.0769538096e+00
73 59 50
2 1 2044 282.9400 146.9600 2 265 247.0000 149.4700
9.9275089486e-01 9.2777192852e-01 -5.6581693980e+00
116 92 80
2 1 2045 108.5500 143.8200 2 1209 60.4000 177.5300
1.2153131159e+00 7.0024860772e-01 -6.2214483565e+00
80 50 34
2 1 2072 174.7600 98.8900 2 1243 119.5600 131.2900
-6.8496730170e-01 6.4210476502e-01 -5.5671047880e+00
30 26 17
2 1 2080 -148.1300 85.1600 2 1242 -147.2500 134.6900
-5.9929001577e-01 6.0246414639e-01 -5.5129786206e+00
94 45 21
2 1 2088 -140.6600 79.7800 2 1740 -141.5500 131.4200
1.1677600930e+00 5.8767344289e-01 -6.2416539742e+00
56 31 24
2 1 2092 168.5200 80.0200 2 1260 113.8100 115.5200
1.1677600930e+00 5.8767344289e-01 -6.2416539742e+00
56 31 24
2 1 2093 168.5200 80.0200 2 1261 113.8100 115.5200
-1.6762911763e+00 5.0482828064e-01 -5.8131774063e+00
166 123 76
2 1 2145 -260.2300 55.2300 2 359 -238.2200 108.9500
-1.3675799584e+00 4.7771824259e-01 -5.5867489536e+00
155 121 84
2 1 2146 -239.5200 54.8300 2 1268 -222.4800 111.5000
-3.2986642840e-01 4.1462831590e-01 -5.5709204073e+00
200 158 127
2 1 2160 -97.3300 50.6600 2 1279 -109.0900 105.4000
-3.2986642840e-01 4.1462831590e-01 -5.5709204073e+00
200 158 127
2 1 2161 -97.3300 50.6600 2 1280 -109.0900 105.4000
1.0777289282e+00 3.3157180659e-01 -6.2809283961e+00
57 39 22
2 1 2187 157.0100 37.8300 2 1789 102.5900 80.0100
-1.7818521564e+00 1.8966616211e-01 -5.8880413539e+00
198 162 113
2 1 2229 -267.5700 6.9300 2 1356 -246.7400 67.7700
1.7831718518e+00 1.1819498758e-01 -8.5080057757e+00
137 118 78
2 1 2250 345.9000 -4.4200 2 1460 298.0800 8.8400
1.9263427873e+00 1.1284980991e-01 -8.5927066487e+00
88 62 38
2 1 2251 368.0800 -5.0600 2 1870 318.5900 6.5600
-1.6596103107e+00 9.9899830056e-02 -5.7716599277e+00
146 113 71
2 1 2252 -261.9300 -5.6200 2 497 -243.6400 58.9300
9.9345603674e-01 4.3536565196e-02 -6.3427842062e+00
166 112 57
2 1 2260 147.7200 -9.0500 2 1417 93.2600 40.1500
9.6703696302e-01 3.4694886405e-02 -6.3280575841e+00
78 42 25
2 1 2264 142.9900 -10.4300 2 1422 89.0600 39.2200
1.9064670030e+00 5.3829435319e-02 -8.5953196745e+00
88 69 52
2 1 2270 365.2800 -13.6000 2 1877 316.2100 -0.2000
1.9064670030e+00 5.3829435319e-02 -8.5953196745e+00
88 69 52
2 1 2271 365.2800 -13.6000 2 1878 316.2100 -0.2000
1.9222206919e+00 3.8552080038e-02 -8.6651282131e+00
159 135 108
2 1 2290 369.3700 -15.7900 2 2109 320.8800 -3.3000
1.2662655932e+00 -1.1788101179e-01 -8.4289052686e+00
104 83 54
2 1 2309 273.7500 -37.2400 2 1894 232.7800 -17.8400
-1.2191056677e+00 -1.4030390838e-01 -5.4735100832e+00
178 155 113
2 1 2312 -229.2600 -40.8900 2 562 -221.9200 33.8700
-5.7806700666e-01 -1.4884327547e-01 -5.6548470348e+00
150 119 103
2 1 2313 -125.8500 -41.2800 2 1857 -137.4900 28.7000
-1.0101292465e+00 -2.1017222824e-01 -5.3341818439e+00
68 36 18
2 1 2323 -212.8700 -51.8500 2 1442 -210.0000 27.4300
8.3355874509e-01 -3.3951128442e-01 -6.3892763929e+00
86 50 36
2 1 2338 126.7000 -70.1500 2 1474 73.0000 -11.7200
7.0010853624e-04 -3.7447598365e-01 -5.8011413509e+00
204 172 156
2 1 2345 -32.0800 -76.9600 2 645 -63.4000 -4.6900
-6.2820993809e-01 -4.0884744932e-01 -5.7085460289e+00
87 59 48
2 1 2348 -128.8300 -82.8600 2 1470 -141.8700 -6.4300
-6.4120616871e-01 -4.3404551543e-01 -5.7218961292e+00
89 58 39
2 1 2352 -129.5000 -86.7500 2 1472 -142.7800 -10.0400
9.5012008665e-01 -6.4435034517e-01 -8.3356968378e+00
34 24 15
2 1 2375 229.6200 -108.4600 2 1942 188.5100 -79.2800
9.5012008665e-01 -6.4435034517e-01 -8.3356968378e+00
34 24 15
2 1 2376 229.6200 -108.4600 2 1943 188.5100 -79.2800
-6.2293118330e-01 -5.8622750105e-01 -5.7576038708e+00
121 92 63
2 1 2377 -124.1700 -110.7700 2 1491 -139.8300 -30.7500
1.5050087333e+00 -7.8727829110e-01 -8.7244903657e+00
156 131 109
2 1 2388 316.4000 -126.6700 2 1956 268.6400 -103.4200
6.9020713310e-01 -7.6911139108e-01 -6.4432722938e+00
65 34 13
2 1 2398 108.9900 -137.5100 2 1935 55.0000 -69.3200
-6.2479758321e-01 -8.0327041595e-01 -5.7973709742e+00
207 162 119
2 1 2407 -121.3200 -144.8900 2 1523 -139.6000 -60.0300
-4.3704566837e-01 -8.0665500575e-01 -5.8285652320e+00
211 190 156
2 1 2409 -92.7100 -145.6500 2 1525 -116.2500 -61.5500
-6.4956533334e-01 -8.6360048894e-01 -5.8067471384e+00
214 176 129
2 1 2419 -124.2500 -154.4200 2 1531 -142.1000 -67.9200
-7.1874292080e-01 -9.7482825869e-01 -5.8247989457e+00
225 199 165
2 1 2427 -132.2500 -171.4800 2 1542 -149.9800 -82.7000
-7.2999148560e-01 -1.0072322078e+00 -5.8298626111e+00
233 209 162
2 1 2429 -133.4400 -176.5100 2 1548 -151.1900 -86.9800
-1.1300409200e+00 -1.0694770194e+00 -5.8407690307e+00
73 36 18
2 1 2437 -187.1800 -184.7100 2 1552 -194.7600 -93.4800
-1.6537546801e+00 -1.0967425416e+00 -5.7126317774e+00
202 165 120
2 1 2441 -267.0900 -188.4900 2 1554 -260.7500 -93.2600
-7.5128026390e-01 -1.0965555105e+00 -5.8417344055e+00
217 194 154
2 1 2443 -135.4900 -190.3800 2 1949 -153.6500 -98.8100
-8.5122511594e-01 -1.1615737121e+00 -5.8163550621e+00
52 27 12
2 1 2451 -151.3400 -200.6000 2 1569 -167.0900 -106.5500
-8.5122511594e-01 -1.1615737121e+00 -5.8163550621e+00
52 27 12
2 1 2452 -151.3400 -200.6000 2 1570 -167.0900 -106.5500
5.3041189779e-01 -1.2392049195e+00 -6.5023402742e+00
78 42 16
2 1 2461 89.5900 -209.9000 2 863 35.1400 -131.8100
-2.0107913539e+00 -1.3186833810e+00 -5.9558147364e+00
175 141 92
2 1 2463 -291.3500 -217.1200 2 1584 -282.3300 -122.9200
-9.2973591414e-01 -1.3520679683e+00 -5.8211726940e+00
144 111 91
2 1 2474 -161.7100 -230.0900 2 1970 -177.5500 -131.3800
-1.9489709756e+00 -1.4073897922e+00 -5.9058203485e+00
196 162 116
2 1 2476 -288.1000 -231.4900 2 1592 -280.7300 -134.0400
-1.9489709756e+00 -1.4073897922e+00 -5.9058203485e+00
196 162 116
2 1 2477 -288.1000 -231.4900 2 1593 -280.7300 -134.0400
4.8200409462e-01 -1.3940942465e+00 -6.5262355410e+00
95 57 36
2 1 2479 84.0400 -233.5100 2 1978 29.5400 -152.2700
-1.1860393738e+00 -1.4913370102e+00 -5.9292335702e+00
116 89 72
2 1 2491 -187.7500 -248.4100 2 1603 -199.0400 -149.2400
-2.0672322315e+00 -1.5421512701e+00 -5.9723200168e+00
190 152 102
2 1 2493 -297.2900 -249.8500 2 1977 -289.3900 -151.2100
4.3055174682e-01 -1.5632663572e+00 -6.5378472101e+00
87 49 25
2 1 2504 77.3600 -259.4500 2 1985 22.7800 -174.4200
-1.5048276957e+00 -1.5998583056e+00 -5.5651360418e+00
169 138 99
2 1 2512 -260.4700 -270.0300 2 1979 -262.8300 -158.6400
-1.7045401726e+00 -1.6438877325e+00 -5.7134553536e+00
210 176 128
2 1 2513 -273.9300 -272.5400 2 1611 -272.8100 -164.3700
-1.7045401726e+00 -1.6438877325e+00 -5.7134553536e+00
210 176 128
2 1 2514 -273.9300 -272.5400 2 1612 -272.8100 -164.3700
-1.5467369190e+00 -1.6685982877e+00 -5.6171209538e+00
152 122 84
2 1 2519 -261.8300 -279.5700 2 1616 -263.7100 -167.8300
-1.0292806958e+00 -1.7722802003e+00 -5.8887121396e+00
38 24 12
2 1 2527 -170.0600 -294.0400 2 1624 -188.2400 -186.9600
-1.3241061420e+00 -1.8043363625e+00 -5.9759569568e+00
90 76 63
2 1 2533 -202.3900 -294.6800 2 1995 -214.0600 -189.6900
4.7530229578e-01 1.6283326936e+00 -5.4072903599e+00
126 92 67
2 1 2544 10.4000 263.3900 2 1104 -12.8400 277.6400
1.2571508917e-01 1.6150553979e+00 -5.3591682595e+00
116 88 64
2 1 2547 -46.9700 256.9700 2 1686 -57.9200 275.3600
1.5876812361e+00 1.9067656597e+00 -7.7753137998e+00
51 33 22
2 1 2548 292.5400 253.8700 2 2033 256.6300 245.7100
3.5067255481e-01 1.4977549063e+00 -5.3982400838e+00
136 99 76
2 1 2554 -9.6800 239.1600 2 1690 -29.5000 259.8300
4.8784810675e-01 1.4465135731e+00 -5.4427249206e+00
155 121 93
2 1 2556 14.8200 231.3700 2 1696 -10.6300 251.9900
-5.7097176548e-02 1.2986201831e+00 -5.4134557130e+00
176 127 95
2 1 2565 -70.0200 200.4700 2 1707 -79.1400 229.2200
1.4446822644e+00 1.1814572267e+00 -6.2009116970e+00
146 97 64
2 1 2572 209.2500 179.8600 2 2040 151.6000 197.9200
-5.0735867707e-01 8.8492705334e-01 -5.5504121751e+00
68 38 20
2 1 2587 -124.6600 125.5600 2 1729 -125.7100 167.7400
1.3758513159e+00 1.0310672096e+00 -7.9850240426e+00
79 69 59
2 1 2588 271.4100 124.3200 2 1742 233.8900 130.4600
-2.9573039967e-01 6.5361898596e-01 -5.4573129754e+00
145 111 83
2 1 2604 -101.4500 90.9100 2 2052 -110.3900 140.5300
-3.2307445651e-01 5.7770305138e-01 -5.5453265182e+00
75 46 28
2 1 2611 -98.4000 77.4400 2 1744 -108.3900 127.7300
2.0533610273e+00 7.0944511321e-01 -8.5796437233e+00
61 47 33
2 1 2612 383.9200 76.4000 2 2071 337.9500 80.2900
-5.2974746765e-01 4.8945264317e-01 -5.6006016321e+00
107 75 56
2 1 2617 -123.6700 61.2600 2 1762 -128.8900 114.2100
2.0772485881e+00 4.8412297031e-01 -8.5618959458e+00
91 75 57
2 1 2628 387.3700 46.0200 2 2082 338.3000 52.9300
1.4363745290e+00 4.0398748028e-01 -8.3924898960e+00
78 64 47
2 1 2635 294.3200 33.8200 2 2086 254.7900 45.8900
1.0535833505e+00 2.6644160871e-01 -6.2933614529e+00
61 39 34
2 1 2638 154.0400 27.1600 2 1803 99.7500 70.9800
2.0455773440e+00 3.2318584670e-01 -8.6179217058e+00
174 148 123
2 1 2639 384.8400 23.8100 2 2095 335.4500 31.8200
-9.9594762912e-01 1.0731847341e-01 -5.3088388635e+00
98 76 55
2 1 2652 -213.0400 -0.2800 2 1806 -206.8400 70.1100
1.9567575159e+00 1.0756728549e-01 -8.6439978375e+00
163 137 112
2 1 2660 373.4600 -6.2500 2 2104 324.5700 5.4000
1.8981827250e+00 -2.1434417513e-02 -8.6436984816e+00
156 134 110
2 1 2678 365.8700 -23.4800 2 2113 316.3900 -10.7000
-5.4904530428e-01 -5.4816842703e-02 -5.6407070514e+00
150 120 102
2 1 2679 -122.9800 -26.2200 2 1844 -134.1000 41.4600
-5.2078750363e-01 -7.2971932468e-02 -5.6482508273e+00
77 55 34
2 1 2681 -118.4900 -29.1500 2 1846 -130.4500 38.9700
1.1297066389e+00 -1.9718213192e-01 -8.4257958490e+00
83 68 48
2 1 2695 255.6100 -48.1300 2 1901 216.5600 -27.0200
9.7422250896e-01 -2.4622762601e-01 -8.1295999158e+00
73 59 50
2 1 2697 224.3300 -54.8400 2 2124 184.3700 -28.2400
9.6814317406e-01 -4.6902412779e-01 -8.3400315741e+00
64 44 27
2 1 2716 231.9000 -84.6800 2 2139 192.0000 -58.3400
1.0982379056e+00 -5.2087652493e-01 -8.4411350770e+00
150 114 81
2 1 2717 252.7500 -91.4700 2 2143 211.0900 -66.3300
1.1743680036e+00 -5.5170775950e-01 -8.4591889425e+00
118 90 57
2 1 2720 263.4700 -95.6700 2 2145 220.3700 -70.5000
1.2162188497e+00 -5.7077332155e-01 -8.4887225919e+00
124 84 57
2 1 2722 270.0200 -98.2300 2 2146 226.4100 -73.2700
1.4234809231e+00 -6.5321837468e-01 -8.5717588376e+00
122 96 60
2 1 2726 300.5800 -109.2100 2 1946 253.2900 -85.1300
-4.4624660509e-01 -5.7735206359e-01 -5.7720209580e+00
220 182 144
2 1 2727 -98.4600 -109.6000 2 1905 -118.5800 -30.1200
-4.4624660509e-01 -5.7735206359e-01 -5.7720209580e+00
220 182 144
2 1 2728 -98.4600 -109.6000 2 1906 -118.5800 -30.1200
-6.0930831444e-01 -6.2165900477e-01 -5.7652036145e+00
245 230 192
2 1 2734 -121.7000 -116.3800 2 1907 -138.1200 -35.5700
-7.6022650511e-01 -6.9796453364e-01 -5.7092412753e+00
168 126 81
2 1 2735 -147.2400 -128.7700 2 1915 -159.5700 -44.2100
-1.9342159474e+00 -7.7394333041e-01 -5.9164626520e+00
213 175 124
2 1 2739 -284.8300 -136.7100 2 1922 -270.9800 -53.6700
-1.0197783250e+00 -8.1844545095e-01 -5.8350008020e+00
77 42 23
2 1 2743 -172.7000 -146.0800 2 1925 -180.4800 -61.1200
-5.9093511345e-01 -8.1215825775e-01 -5.8056768217e+00
210 184 147
2 1 2744 -116.0800 -146.3800 2 1926 -135.1700 -61.3700
6.6671718308e-01 -8.3608825149e-01 -6.4550741595e+00
66 42 32
2 1 2748 106.2600 -147.8900 2 1940 52.3000 -78.2800
-1.9832821884e+00 -8.6452666661e-01 -5.9447996482e+00
212 173 121
2 1 2749 -288.5400 -149.8300 2 1930 -274.9900 -65.3600
-4.0342590560e-01 -8.3121781044e-01 -5.8321069254e+00
173 139 113
2 1 2751 -87.7800 -149.6800 2 1928 -112.3500 -64.9200
-1.8563979421e+00 -1.0154088516e+00 -5.8611751653e+00
197 160 115
2 1 2758 -280.0800 -173.6200 2 1545 -269.7600 -83.8300
-2.0735010102e+00 -1.1298001715e+00 -6.0247785024e+00
213 171 113
2 1 2762 -293.0200 -187.9500 2 1951 -281.3100 -99.4700
-8.1627390372e-01 -1.1501485540e+00 -5.8247362691e+00
231 175 115
2 1 2768 -145.9000 -198.8500 2 1958 -162.4800 -105.3000
-2.1031967333e+00 -1.3376045221e+00 -6.0281865085e+00
191 155 106
2 1 2774 -296.5900 -218.4200 2 1968 -286.5100 -125.5900
-1.6597806891e+00 -1.3928439969e+00 -5.7014776886e+00
213 173 121
2 1 2779 -269.0000 -234.2600 2 1969 -265.8700 -131.6600
-9.0679214797e-01 -1.4653646077e+00 -5.8646857768e+00
203 146 97
2 1 2783 -155.2100 -247.2900 2 1974 -173.1000 -146.9100
-9.9302571281e-01 -1.6675155823e+00 -5.8743768595e+00
53 39 27
2 1 2800 -166.4000 -278.2900 2 1984 -183.9400 -173.1500
-1.0454358779e+00 -1.7164226523e+00 -5.8734344573e+00
143 119 95
2 1 2807 -173.3400 -285.4600 2 2174 -190.6000 -179.3700
1.8408303172e+00 2.1521885793e+00 -7.9798965406e+00
28 17 13
2 1 2813 335.0200 286.8000 2 2030 298.2700 271.7500
2.3060589833e-02 1.5304404113e+00 -5.3574741272e+00
182 129 84
2 1 2818 -62.4300 241.5800 2 2031 -71.2000 262.9500
-1.7953522765e-01 1.0441702185e+00 -5.3849629987e+00
154 121 93
2 1 2824 -90.2900 157.3800 2 2042 -97.8900 195.5000
-2.0263993000e-01 9.9067932844e-01 -5.4044597550e+00
141 113 91
2 1 2827 -92.1200 147.9800 2 2043 -99.8100 187.5500
-3.3349498104e-01 7.9198890156e-01 -5.4795773919e+00
93 60 36
2 1 2834 -105.0700 113.1800 2 2045 -112.0000 157.9600
1.4377348102e+00 9.1805656880e-01 -8.0637889447e+00
34 25 18
2 1 2836 282.8300 107.8500 2 2314 243.9000 115.0800
1.1483991110e+00 5.1153117883e-01 -6.2487397618e+00
62 41 24
2 1 2843 165.9700 67.4700 2 2064 111.1400 105.1100
1.1483991110e+00 5.1153117883e-01 -6.2487397618e+00
62 41 24
2 1 2844 165.9700 67.4700 2 2065 111.1400 105.1100
-3.4133753707e-01 4.9809790672e-01 -5.5452433911e+00
49 34 15
2 1 2845 -101.0700 64.3200 2 2058 -111.2300 117.2000
1.0147643006e+00 2.4818985583e-01 -6.2814956585e+00
157 118 86
2 1 2861 147.3700 23.9500 2 2078 94.3300 68.9900
-1.6649976963e+00 2.1295716655e-01 -5.7901055484e+00
152 119 76
2 1 2866 -260.7900 11.4800 2 1799 -241.8800 72.7200
-1.3893098788e+00 2.1554165151e-02 -5.6160295261e+00
133 109 71
2 1 2869 -240.0600 -16.3200 2 2083 -227.4100 52.1900
-1.4475182092e+00 -7.4919327688e-03 -5.6290465980e+00
156 125 84
2 1 2870 -246.4900 -20.9300 2 2246 -233.1800 48.1100
-1.3870484627e+00 -6.5542713051e-02 -5.5816077643e+00
177 150 104
2 1 2873 -242.7400 -29.7700 2 2088 -230.7300 41.6500
8.7689530319e-01 -1.1504510038e-01 -6.3504588178e+00
155 115 86
2 1 2874 130.6900 -34.6300 2 2100 78.1700 18.9500
-1.0336051862e+00 -3.3571734338e-01 -5.3988523015e+00
210 174 132
2 1 2882 -210.4600 -72.0300 2 2102 -209.2100 9.4800
-1.0423055116e+00 -4.0665391253e-01 -5.3995704974e+00
243 226 167
2 1 2884 -211.7700 -83.5400 2 2107 -210.7300 0.1500
-1.9130337071e+00 -4.4271938372e-01 -5.9298766814e+00
224 183 129
2 1 2885 -280.9200 -87.4400 2 2114 -263.9200 -12.1600
-1.0742766373e+00 -4.8058372335e-01 -5.4206085436e+00
203 152 105
2 1 2888 -214.3300 -95.3200 2 2112 -213.5800 -10.0100
-1.9026268065e+00 -5.5518072288e-01 -5.9049876394e+00
206 165 113
2 1 2889 -281.9800 -104.3300 2 1899 -265.7800 -25.8800
1.4906201840e+00 -7.4204305369e-01 -8.6833459117e+00
48 34 21
2 1 2894 313.0000 -121.0000 2 2269 265.6400 -97.2100
1.4562738342e+00 -8.1434681699e-01 -8.7058393604e+00
53 41 25
2 1 2896 309.3300 -130.3900 2 2273 262.0900 -106.1700
-9.1405448156e-01 -7.2988474482e-01 -5.8118194481e+00
90 56 44
2 1 2897 -160.0300 -132.5900 2 2134 -169.8300 -49.6600
-9.1987246261e-01 -8.0987478307e-01 -5.8025095968e+00
89 61 40
2 1 2899 -161.7000 -145.2500 2 2140 -171.8500 -59.8900
-1.8352001150e+00 -9.5506770983e-01 -5.8446880833e+00
200 166 121
2 1 2904 -278.8300 -164.7900 2 2147 -268.0400 -75.9800
9.2797021942e-01 -1.8418854717e+00 -8.5096831087e+00
85 75 65
2 1 2928 235.4500 -268.1700 2 2296 185.5400 -226.3200
-1.8036727239e+00 -1.6635082325e+00 -5.7946766522e+00
162 129 88
2 1 2930 -279.7700 -273.2600 2 2169 -277.0100 -166.9200
-1.8036727239e+00 -1.6635082325e+00 -5.7946766522e+00
162 129 88
2 1 2931 -279.7700 -273.2600 2 2170 -277.0100 -166.9200
-6.7054210445e-01 -1.6376776054e+00 -5.9224467862e+00
201 163 125
2 1 2932 -118.4200 -275.0100 2 2171 -144.6200 -171.7700
-6.7054210445e-01 -1.6376776054e+00 -5.9224467862e+00
201 163 125
2 1 2933 -118.4200 -275.0100 2 2172 -144.6200 -171.7700
9.8874480438e-01 -1.9143296358e+00 -8.5321640127e+00
46 36 28
2 1 2935 244.3000 -278.0600 2 2297 193.0200 -235.8000
3.0642400623e-01 -1.7039404633e+00 -6.5221144118e+00
38 21 13
2 1 2938 58.6800 -280.8100 2 2180 6.1600 -192.0100
-6.8933861357e-01 -1.7169528192e+00 -5.9235809077e+00
187 157 119
2 1 2940 -121.0000 -287.4000 2 2175 -147.4400 -182.2000
-1.0818818616e+00 -1.7536496882e+00 -5.8517506157e+00
106 75 50
2 1 2941 -180.1400 -291.5300 2 2177 -196.4500 -183.8500
-3.2927823560e-02 1.5965173726e+00 -5.3084588521e+00
138 115 94
2 1 2950 -74.6400 253.2200 2 2213 -80.5000 273.3100
1.1640455310e+00 1.4535786895e+00 -5.5528564711e+00
93 75 61
2 1 2953 129.8300 238.9800 2 2217 80.2300 254.1700
1.4782074776e+00 9.2247397681e-01 -8.1608554247e+00
80 71 62
2 1 2962 291.5400 107.2300 2 2315 253.2700 113.8000
1.4782074776e+00 9.2247397681e-01 -8.1608554247e+00
80 71 62
2 1 2963 291.5400 107.2300 2 2316 253.2700 113.8000
2.0112533758e+00 9.2466167074e-01 -8.6936990763e+00
174 148 129
2 1 2964 380.6500 104.4000 2 2234 339.0800 103.5700
2.0040896966e+00 7.7199143722e-01 -8.5657153711e+00
105 89 68
2 1 2965 376.6300 84.9900 2 2319 331.8500 87.9200
-1.0772940594e+00 -1.5782856843e-02 -5.3600986559e+00
112 95 70
2 1 2978 -219.6300 -20.4600 2 2242 -213.6400 52.5200
-6.1024571633e-01 -4.0439860465e-02 -5.6423209636e+00
110 76 57
2 1 2979 -131.4400 -24.0400 2 2247 -140.7700 43.3100
-3.1330036309e-01 -1.7245023374e-01 -5.7311292583e+00
186 151 128
2 1 2986 -82.4800 -44.6400 2 2251 -102.3900 23.8200
8.3979081049e-01 -2.4257454889e-01 -6.3704725014e+00
154 108 61
2 1 2990 126.4500 -54.8400 2 2255 73.5900 1.5400
-8.1008346418e-01 -3.0400831034e-01 -5.7537181329e+00
145 119 94
2 1 2993 -150.5200 -66.2200 2 2253 -157.7800 6.7800
7.6092209384e-01 -4.7511840815e-01 -6.4173177648e+00
166 121 82
2 1 2998 117.4600 -91.6100 2 2335 64.8400 -29.9300
-2.0331384521e+00 -6.4432355272e-01 -5.9886120629e+00
200 159 107
2 1 3002 -290.9600 -116.9100 2 2261 -274.1200 -38.1100
9.2891076984e-01 -7.0556616538e-01 -8.3784723389e+00
27 18 11
2 1 3003 228.7500 -116.2100 2 2338 187.4600 -87.3900
-3.5703612041e-01 -7.1381367008e-01 -5.8468657519e+00
184 147 120
2 1 3007 -80.1300 -130.9100 2 2262 -104.8700 -49.7500
5.9410010294e-01 -9.4489171976e-01 -6.4669445299e+00
146 105 67
2 1 3008 96.3500 -164.6700 2 2268 43.4700 -92.5100
4.8220575927e-01 -1.2687319011e+00 -6.5139849965e+00
145 99 66
2 1 3017 83.2400 -214.1100 2 2277 29.9700 -135.5300
2.4793959459e-01 -1.3614587304e+00 -5.9955045842e+00
203 146 101
2 1 3021 17.8500 -235.9600 2 2279 -31.3900 -141.1700
-1.0466284628e+00 -1.4841796833e+00 -5.8511518208e+00
101 69 50
2 1 3022 -175.4500 -249.6700 2 2281 -189.3900 -148.3600
-1.0941165408e+00 -1.6797080661e+00 -5.8696362899e+00
107 76 56
2 1 3026 -180.4000 -279.5100 2 2287 -195.5100 -174.0700
1.5160238856e+00 6.7532421720e-01 -8.3424719220e+00
125 101 67
2 1 3038 303.1000 71.6200 2 2374 263.8300 79.7200
1.3869879290e+00 6.6703587493e-01 -8.3171290426e+00
133 104 71
2 1 3040 284.7000 69.9700 2 2417 247.7400 79.1300
1.8362967576e+00 4.4079859883e-01 -8.5008071348e+00
161 131 93
2 1 3044 352.2100 39.5400 2 2382 306.6600 48.6400
1.2807526918e+00 4.0080780992e-01 -8.3352168434e+00
138 116 80
2 1 3045 271.5600 33.3700 2 2383 234.1300 46.3100
-1.4952955966e+00 -1.6634144953e-01 -5.6573523644e+00
142 117 77
2 1 3049 -250.6400 -45.7300 2 2250 -237.5800 27.2700
-1.3662638093e+00 -3.8109243898e-01 -5.5451023495e+00
181 152 104
2 1 3050 -243.4300 -79.1800 2 2254 -234.5400 1.4600
-2.2033263598e+00 -1.3293521428e+00 -6.0832361041e+00
135 107 73
2 1 3059 -304.2200 -215.9600 2 2275 -292.3200 -124.5900
-1.5250002742e+00 -1.4148734317e+00 -5.6217536557e+00
123 102 76
2 1 3060 -258.1400 -239.7800 2 2345 -258.1600 -134.5300
-1.6678999426e+00 -1.7150383568e+00 -5.7072193010e+00
188 150 102
2 1 3064 -269.7800 -283.9600 2 2286 -270.2800 -173.8900
2.0389045811e+00 1.9277095060e+00 -8.5169679424e+00
112 97 82
2 1 3071 378.3000 243.9800 2 2363 343.0600 229.8100
1.4432216131e+00 1.4268577987e+00 -6.1263782663e+00
103 71 54
2 1 3072 205.1000 221.9200 2 2362 149.6100 233.6700
1.5969260731e+00 1.0093993567e+00 -8.5602747119e+00
29 20 13
2 1 3075 319.9500 114.2800 2 2416 285.7500 116.1000
-5.7370663336e-01 7.8185023160e-01 -5.5185139087e+00
86 46 19
2 1 3076 -136.6200 108.8300 2 2367 -136.4500 154.9400
1.3841043673e+00 7.9937598180e-01 -8.1873362119e+00
30 20 10
2 1 3077 280.0900 90.1200 2 2444 242.0900 97.1500
-1.4172192325e+00 2.3669811249e-01 -5.6147160055e+00
163 128 84
2 1 3078 -243.5400 17.1000 2 2372 -228.5200 79.7300
1.2141567717e+00 -2.1253591194e-01 -8.4549983694e+00
128 103 71
2 1 3082 267.8900 -50.0500 2 2393 227.3100 -29.5700
8.4170034246e-01 -2.5644549489e-01 -6.3963281125e+00
175 126 74
2 1 3083 127.9600 -57.2200 2 2421 75.4400 -0.5600
1.0289652372e+00 -2.9837547882e-01 -8.3977941640e+00
114 88 55
2 1 3085 241.7300 -61.5200 2 2426 202.8500 -38.8500
9.9509018519e-01 -6.4910246483e-01 -8.4323960945e+00
52 43 34
2 1 3090 238.9600 -108.8500 2 2430 198.2800 -81.0800
-2.0233357903e+00 -9.2086817862e-01 -5.9442911769e+00
195 157 110
2 1 3093 -294.0600 -158.2400 2 2396 -279.2700 -72.2100
1.1778901402e+00 5.5576241311e-03 -8.3327937666e+00
105 86 56
2 1 3106 258.8800 -19.8100 2 2448 218.6400 -2.0200
1.0016539283e+00 -5.2374785285e-01 -8.1509771463e+00
14 10 7
2 1 3109 229.7100 -92.3400 2 2450 185.8500 -62.9500
-9.1617232761e-01 -7.4470073219e-01 -5.7757519497e+00
82 57 36
2 1 3111 -163.4600 -135.3500 2 2427 -172.4800 -50.8900
-1.5140548651e+00 -1.0594032073e+00 -5.6234776856e+00
119 99 72
2 1 3116 -256.3300 -184.2800 2 2399 -252.5600 -87.9400
1.7354089877e+00 1.6134672754e-01 -8.4961837949e+00
141 113 76
2 1 3124 338.6100 0.9000 2 2447 292.6000 14.8700
-5.5129889093e-01 -4.9134522801e-01 -5.7429621336e+00
215 188 153
2 1 3128 -115.2800 -95.8100 2 2423 -131.8100 -18.1500
-1.3559520511e+00 -1.2635897644e+00 -5.5644470812e+00
71 40 18
2 1 3129 -240.5100 -217.8700 2 2452 -242.5500 -114.8200
-2.2194592372e+00 -1.4704873576e+00 -6.1209067148e+00
156 130 97
2 1 3130 -302.9200 -235.8800 2 2454 -292.9600 -142.6300
1.3283097532e+00 3.0386792908e-01 -8.3289750053e+00
132 106 73
2 1 3136 277.8100 20.2100 2 2460 238.6800 34.9500
1.3355370734e+00 -7.3911697738e-01 -8.8521183985e+00
39 30 15
2 1 3141 297.5100 -119.5900 2 2464 255.5700 -97.9200
1.2233210961e+00 -8.9546234455e-01 -8.7448779860e+00
134 113 92
2 1 3142 279.5500 -140.9400 2 2466 237.2400 -114.6600
9.9856837650e-01 -1.4943652841e+00 -8.8753527039e+00
133 112 91
2 1 3143 256.3500 -217.2800 2 2484 213.4700 -186.6100
-1.7889690988e+00 -1.3200187677e+00 -5.8177936110e+00
193 153 104
2 1 3144 -275.8100 -220.6500 2 2453 -269.2400 -122.6300
1.6740443686e+00 4.4258699084e-01 -8.2850156153e+00
147 118 84
2 1 3159 323.7800 41.4000 2 2489 277.6200 52.1700
1.4097687252e+00 6.9363253804e-01 -8.3492226349e+00
136 109 74
2 1 375 288.8400 73.2700 0 589 131.1300 -192.8000
1.3468071146e+00 6.7010073979e-01 -8.3233789053e+00
114 91 63
2 1 384 279.5100 69.9300 0 570 126.5000 -184.0300
1.4489749960e+00 6.6420114310e-01 -8.3654767252e+00
141 121 92
2 1 386 294.7300 69.4600 0 604 127.5400 -198.8800
1.6155984327e+00 6.4182977571e-01 -8.4279936611e+00
118 91 61
2 1 392 319.4300 67.0200 0 648 127.3900 -223.1200
1.5206144976e+00 4.6732132877e-01 -8.4299733977e+00
142 117 84
2 1 440 306.8400 42.4000 0 1140 100.6200 -215.5300
1.2470766227e+00 4.3661156160e-01 -8.3387616752e+00
110 93 65
2 1 454 266.9800 38.0100 0 561 91.2100 -178.8100
1.2062050171e+00 -2.3816238648e-01 -8.4163545100e+00
130 108 76
2 1 653 265.2900 -53.2900 0 582 -3.9300 -191.5000
1.1500725783e+00 -1.8663530867e+00 -8.6312131007e+00
63 53 34
2 1 1090 268.4100 -271.5600 0 656 -225.7200 -229.5600
1.4153928853e+00 5.0456159910e-01 -8.3889909671e+00
99 82 59
2 1 1481 291.2100 47.1200 0 1131 104.2500 -199.9300
1.1159457266e+00 -3.1156505080e-01 -8.4001518244e+00
79 62 41
2 1 1678 252.8700 -63.3200 0 1115 -14.7300 -182.0100
1.8371368304e+00 1.4648762872e-01 -8.5905191394e+00
126 100 63
2 1 2247 355.4900 -1.1300 0 1419 59.3000 -270.6300
1.0730474629e+00 -2.4529799464e-01 -8.3760584841e+00
73 56 36
2 1 2324 246.2100 -54.1500 0 1382 -6.2800 -174.6100
1.7067075151e+00 1.1002415423e-01 -8.5480549612e+00
132 103 59
2 1 2868 336.4600 -6.6700 0 1705 52.4100 -252.2000
2.2276345521e+00 2.0145661610e+00 -8.5042651334e+00
50 43 34
2 2 120 365.7300 240.7000 0 1215 358.7400 -284.2900
1.5547873889e+00 9.3087079957e-01 -8.2142812091e+00
88 77 69
2 2 341 264.5100 113.9000 0 1122 168.0100 -190.0700
1.8252419890e+00 6.3818558638e-01 -8.4984173183e+00
112 85 55
2 2 467 306.5400 72.6700 0 703 131.2300 -253.3900
1.2962044545e+00 5.7248803449e-01 -8.3327677116e+00
101 84 58
2 2 479 237.2400 67.3500 0 565 111.3400 -181.3100
1.6918800097e+00 1.6910238754e-01 -8.5507125216e+00
150 120 84
2 2 618 289.6700 14.8300 0 695 60.1500 -250.2800
1.8471307215e+00 6.4811334855e-02 -8.6182529463e+00
134 100 60
2 2 636 310.0900 0.7300 0 1200 47.3200 -275.7900
1.0499826873e+00 -2.4212361999e-01 -8.3589931890e+00
134 112 82
2 2 703 204.3000 -30.9500 0 551 -5.4200 -170.5100
1.0499826873e+00 -2.4212361999e-01 -8.3589931890e+00
134 112 82
2 2 704 204.3000 -30.9500 0 552 -5.4200 -170.5100
1.1683003535e+00 -1.8689954410e+00 -8.6773693499e+00
47 39 21
2 2 1032 221.3600 -232.7900 0 670 -224.7300 -235.7400
1.7298465566e+00 1.5488107597e+00 -8.4429840228e+00
58 45 37
2 2 1202 300.0500 182.9800 0 1551 266.1300 -225.9400
1.4153111127e+00 6.6594070358e-01 -8.3641240117e+00
149 124 91
2 2 1342 253.0600 78.1200 0 1391 126.9900 -195.3600
1.4681674631e+00 5.1567412069e-01 -8.4065077992e+00
94 79 56
2 2 1375 259.8900 59.3700 0 1395 106.2900 -207.1400
1.9170883768e+00 3.7403303456e-01 -8.5880741716e+00
130 101 69
2 2 1423 319.2800 38.8700 0 1203 93.9100 -276.5600
1.3396821892e+00 1.7064787300e-02 -8.4084080943e+00
116 86 51
2 2 1466 241.4300 -0.8100 0 1133 33.2700 -200.6000
1.3387436318e+00 -8.8869507592e-03 -8.4058775415e+00
137 106 75
2 2 1469 241.0300 -3.9900 0 1132 29.6200 -200.5400
1.4651355486e+00 1.6397638741e-01 -8.4612349574e+00
142 109 73
2 2 1865 259.3800 15.7600 0 1549 56.1300 -216.9700
1.3415052073e+00 6.0403095670e-01 -8.3448920425e+00
131 107 81
2 2 2074 243.2300 70.9300 0 1632 116.7000 -186.6800
1.3415052073e+00 6.0403095670e-01 -8.3448920425e+00
131 107 81
2 2 2075 243.2300 70.9300 0 1633 116.7000 -186.6800
1.5977878555e-01 -2.3968514424e+00 -8.8509803376e+00
183 167 141
2 2 2204 114.5500 -285.4100 0 1535 -273.9800 -167.5300
1.3191524418e+00 5.0900208537e-01 -8.3536329451e+00
122 98 68
2 2 2240 240.3200 59.4100 0 1698 102.6900 -186.6000
