# Bundle file v0.3
3 26
2.1339494776e+03 2.9972871441e-04 1.0636397590e-05
9.9999409608e-01 -3.5349725848e-04 -3.4180164884e-03
3.3960837494e-04 9.9999168766e-01 -4.0631606708e-03
3.4194243928e-03 4.0619758953e-03 9.9998590384e-01
-2.0478573218e-03 -2.3291662232e-03 1.6993902797e-04
2.1288717711e+03 -4.3005623339e-04 -1.2253782750e-05
8.9970810825e-01 -3.8866708201e-01 -1.9865351572e-01
-4.5074750162e-02 -5.3540998903e-01 8.4338864739e-01
-4.3415848125e-01 -7.4984934687e-01 -4.9923177999e-01
-1.3444919501e-01 5.3220288930e-01 -8.3731232739e-01
0 0 0
0 0 0
0 0 0
0 0 0
0 0 0
8.3837704277e-02 1.3767682470e-02 -5.4350129465e-01
64 55 48
2 0 395 329.0900 53.4300 1 128 150.9800 217.5300
8.0960496402e-02 -1.4586310014e-02 -5.8376983680e-01
148 118 84
2 0 600 296.0200 -53.1400 1 226 224.1100 164.3500
8.0972103472e-02 -1.8671203378e-02 -5.9003128054e-01
136 103 70
2 0 632 292.8900 -67.1700 1 241 237.4200 154.5300
-1.6187536301e-02 -1.9128831187e-02 -5.8978992570e-01
173 142 119
2 0 640 -58.6700 -68.9900 1 1259 -99.6600 186.7700
5.2437736890e-02 -2.3164797158e-02 -6.3172584391e-01
86 67 44
2 0 660 177.4500 -77.2900 1 1421 190.8200 38.2200
-4.5515388874e-02 -2.8151650595e-02 -6.4934450633e-01
122 92 53
2 0 679 -148.7700 -91.6200 1 2040 -160.0100 7.5400
-4.8741010881e-02 -2.9382734862e-02 -6.5520092873e-01
82 52 18
2 0 685 -158.0900 -94.6400 1 2063 -167.3800 -11.2000
6.5994913019e-02 -3.8371715012e-02 -6.3894097679e-01
147 114 79
2 0 734 221.3500 -127.5600 1 434 273.9400 44.6000
9.0096726981e-02 2.2431573534e-02 -5.2135419546e-01
86 76 66
2 0 1017 368.2100 91.0500 1 1176 139.2300 256.9500
7.1956005868e-02 -7.0113576724e-03 -5.8360961643e-01
145 118 87
2 0 1129 263.1200 -25.4300 1 1293 182.1800 150.7500
6.7192048188e-02 -7.2271220859e-03 -5.9035521982e-01
97 80 60
2 0 1130 242.9500 -25.8200 1 282 173.2300 132.1000
8.4344278354e-02 -1.7612270846e-02 -5.8424871535e-01
168 142 112
2 0 1164 308.0000 -64.0000 1 1879 240.8500 168.7200
5.0195784820e-02 -4.5829364105e-02 -6.8025060027e-01
138 115 97
2 0 1271 159.2300 -143.0700 1 2432 278.6500 -84.7200
6.5076521550e-02 -4.6701285232e-03 -5.8897621084e-01
71 55 32
2 0 1543 235.9000 -16.6900 1 1921 160.7500 131.2600
6.8394562224e-02 -1.0389080015e-02 -5.9345971428e-01
145 122 95
2 0 1561 246.0500 -37.0200 1 1923 185.3400 129.1900
5.4374115085e-02 -2.1535863179e-02 -6.2675832711e-01
137 112 81
2 0 1581 185.5300 -72.5300 1 2354 189.5500 50.7700
-6.5604761293e-02 3.2481336544e-02 -6.7475876107e-01
166 128 85
2 0 1691 -206.7900 103.9900 1 2779 -309.0100 -220.1000
6.4220566643e-02 -7.3394094993e-03 -5.9427241215e-01
66 53 43
2 0 1724 230.8500 -26.1100 1 2320 167.1000 121.0600
6.8719287209e-02 -8.8870922537e-03 -5.9082714118e-01
78 62 46
2 0 1729 248.2000 -31.7200 1 2586 181.5300 133.9200
5.2230093161e-02 -2.1204396022e-02 -6.2909621906e-01
115 90 62
2 0 1844 177.6700 -71.1700 1 2736 183.7300 42.6700
7.8601187475e-02 -1.5200427633e-02 -5.8779264526e-01
156 126 89
2 0 1921 285.3800 -54.8700 1 2807 221.5200 154.3000
5.6975880852e-02 -2.4162791760e-02 -6.2802716029e-01
136 109 79
2 0 1927 193.2200 -80.6300 1 2815 205.3900 52.1300
5.4456338291e-02 -2.4766482443e-02 -6.3190493181e-01
75 60 41
2 0 1971 184.0500 -82.5300 1 2857 201.1400 40.8100
6.6334692939e-02 -8.8464021069e-03 -5.9375223565e-01
78 64 48
2 0 1999 238.5200 -31.4500 1 2854 176.2500 125.4600
6.2926193470e-02 -1.1160011821e-02 -6.0157939107e-01
143 117 82
2 0 2024 223.0400 -38.8400 1 2909 176.5700 107.2900
7.3894415921e-02 -2.1434452706e-02 -6.0312432871e-01
150 116 78
2 0 2026 261.4600 -75.1700 1 2887 232.2300 122.2400
