# Bundle file v0.3
3 383
1.5708004480e+03 6.1270894601e-02 -4.3425793615e-02
9.1541050605e-01 -5.3120529636e-03 -4.0248650599e-01
2.1324693843e-02 9.9914873505e-01 3.5313774679e-02
4.0195629469e-01 -4.0909501865e-02 9.1474452708e-01
-2.5149124195e+00 8.0315220888e-02 -4.1795353403e+00
1.9785507253e+03 2.9493794749e-01 2.9076587270e-02
8.7806774298e-01 7.6144679350e-02 -4.7243944220e-01
-1.3910135666e-02 9.9090341302e-01 1.3385415267e-01
4.7833413726e-01 -1.1096131698e-01 8.7113950620e-01
-3.1370321772e+00 1.0626641119e+00 -9.1830381474e+00
5.4214694595e+02 1.2631052386e-01 4.4222747491e-02
6.6089438487e-01 -4.1762152405e-01 -6.2354701081e-01
7.3593149234e-01 5.2344130210e-01 4.2943456060e-01
1.4704914358e-01 -7.4269877199e-01 6.5328024879e-01
-3.3320271573e+00 3.0178511140e+00 5.4644630562e-01
1.4626163758e+00 1.7331172422e+00 -5.7279544937e+00
114 90 75
2 0 30 198.1700 290.1000 1 11 143.8800 291.1500
5.8124333897e-01 1.6858033055e+00 -5.2259737657e+00
126 90 66
2 0 41 20.0000 285.0700 1 8 -4.3300 295.5200
1.5042108474e+00 1.3478493127e+00 -5.9717883934e+00
113 83 62
2 0 139 217.7600 215.7300 1 144 159.7400 227.7500
-3.1464952734e-01 1.2845606523e+00 -5.3424961344e+00
77 41 19
2 0 161 -112.0800 198.9200 1 140 -111.5100 228.4300
1.4288475093e+00 1.1763754495e+00 -5.9838021810e+00
63 39 28
2 0 186 205.9500 184.9900 1 179 148.6900 202.5200
-5.0490963581e-01 1.1449931126e+00 -5.2070458544e+00
10 9 1
2 0 198 -151.7900 176.2500 1 166 -145.9000 212.6700
1.3952860669e+00 1.0599886516e+00 -6.0550922030e+00
78 48 30
2 0 214 204.0800 163.2100 1 205 147.1500 183.4700
1.2940012193e+00 9.7052739676e-01 -7.7104100118e+00
85 73 61
2 0 276 258.6200 117.5600 1 312 221.8600 126.2300
1.4982294841e+00 9.3285793565e-01 -7.9463775662e+00
79 69 60
2 0 284 296.5200 110.4100 1 337 257.4600 116.0300
1.2887958408e+00 9.1942182763e-01 -7.7421357485e+00
51 37 26
2 0 285 259.0700 109.5000 1 330 222.3900 119.0600
1.2405897196e+00 7.7335562189e-01 -7.7441333420e+00
48 36 26
2 0 331 252.4900 87.9900 1 391 215.3400 100.2300
1.2078866678e+00 5.5227338271e-01 -6.1144714987e+00
175 127 79
2 0 372 176.9700 74.3600 1 356 121.2500 110.0700
1.2267250977e+00 5.3787766360e-01 -6.1741083936e+00
49 23 10
2 0 381 183.0900 71.3700 1 371 127.0000 106.4800
1.1749708727e+00 4.5891939706e-01 -6.1302016726e+00
112 76 49
2 0 409 172.7500 58.5400 1 409 116.7800 96.2300
1.1929073938e+00 4.5220641914e-01 -6.1930704796e+00
40 29 11
2 0 415 178.9000 56.9100 1 413 122.6600 93.6400
1.5418439543e+00 4.7645808456e-01 -8.2167702034e+00
128 102 68
2 0 441 312.3300 42.3900 1 520 271.3800 52.6100
1.3076530799e+00 3.9919426575e-01 -8.1502493288e+00
133 111 86
2 0 467 277.3500 31.1000 1 542 239.4100 44.0900
1.9628732367e+00 3.5451348125e-01 -8.3335716499e+00
159 136 99
2 0 474 376.4100 25.9100 1 559 327.3600 34.9200
1.4744326954e+00 3.0513931218e-01 -8.2245088425e+00
146 116 80
2 0 490 303.4000 17.9000 1 577 262.1400 30.8700
1.9291360307e+00 2.6452493592e-01 -8.3264963882e+00
170 145 99
2 0 504 371.4400 12.8600 1 599 322.2400 23.7900
-7.9505474112e-01 1.8135105769e-01 -5.4025356785e+00
21 10 3
2 0 516 -177.6700 9.1100 1 466 -176.4700 73.4500
1.0098945168e+00 2.2350166197e-02 -6.2166129337e+00
142 95 47
2 0 564 151.4400 -15.8200 1 565 96.5300 33.4500
1.8354010705e+00 3.9030432762e-02 -8.3696063642e+00
57 40 29
2 0 580 359.6200 -19.5600 1 650 310.6800 -5.5800
9.5503270914e-01 -8.1927755112e-02 -6.1985059416e+00
175 126 79
2 0 608 141.9700 -33.1900 1 608 87.4300 19.3800
9.5026078953e-01 -1.5621538713e-01 -6.2456556133e+00
140 96 61
2 0 639 143.8300 -45.6100 1 628 88.9500 8.1600
1.2201835616e+00 -2.3240120454e-01 -8.2242508090e+00
135 111 77
2 0 663 268.9500 -58.2400 1 715 227.2600 -36.2800
8.7626947536e-01 -4.5480362626e-01 -6.3644401000e+00
170 133 99
2 0 738 139.0400 -94.5800 1 710 83.8200 -35.1300
8.7626947536e-01 -4.5480362626e-01 -6.3644401000e+00
170 133 99
2 0 739 139.0400 -94.5800 1 711 83.8200 -35.1300
1.6274747063e+00 -4.9445664949e-01 -8.4016034531e+00
113 87 56
2 0 740 332.4900 -94.5100 1 769 282.0700 -73.6500
1.1823740646e+00 -5.9954186144e-01 -8.2544273198e+00
55 42 26
2 0 772 265.5500 -109.6700 1 784 221.2200 -82.7500
1.2721304460e+00 -6.2130391714e-01 -8.3075214939e+00
61 47 33
2 0 780 279.8300 -112.6300 1 794 234.2400 -86.5500
-3.4852814162e-01 -5.9805028740e-01 -5.6681697707e+00
117 86 72
2 0 799 -90.8800 -120.0200 1 718 -113.1800 -39.6800
6.5581588443e-01 -7.1306651948e-01 -6.2874745180e+00
131 104 78
2 0 830 101.2100 -136.9100 1 762 49.1000 -68.7600
7.0061567762e-01 -8.6799540930e-01 -6.3569419816e+00
129 87 53
2 0 875 112.3200 -161.6300 1 800 57.2100 -91.4900
6.9060167230e-01 -8.8910944399e-01 -6.3623376953e+00
134 91 46
2 0 880 111.0600 -165.0400 1 807 56.1600 -94.3700
7.0500626562e-01 -9.0799518943e-01 -6.4188974392e+00
65 36 16
2 0 884 116.4300 -167.5500 1 814 61.1800 -97.8300
6.7267011115e-01 -1.0073471735e+00 -6.4223752376e+00
65 35 21
2 0 910 111.7600 -183.5900 1 837 56.5100 -111.3100
6.1032644493e-01 -1.1398017825e+00 -6.3920931715e+00
137 98 63
2 0 952 100.8400 -205.1600 1 860 45.5700 -128.9200
1.9677620141e-01 -1.1701712965e+00 -5.8303110657e+00
72 45 23
2 0 978 3.2300 -216.0800 1 1585 -42.4400 -124.3500
1.9071708715e-01 -1.2537205297e+00 -5.8431815489e+00
114 96 74
2 0 1004 3.1400 -230.0100 1 881 -43.1000 -136.1700
9.6288755095e-01 -1.5883978302e+00 -8.5066734824e+00
66 58 47
2 0 1031 246.8800 -243.8400 1 991 199.6300 -208.2400
-6.5499063831e-01 -1.5768536700e+00 -5.7885757244e+00
187 145 112
2 0 1104 -126.5300 -278.9800 1 944 -151.5500 -174.9300
1.1076019940e+00 -1.8409440820e+00 -8.4557108456e+00
64 51 27
2 0 1109 265.1300 -280.8000 1 1044 212.3700 -241.2500
1.1076019940e+00 -1.8409440820e+00 -8.4557108456e+00
64 51 27
2 0 1110 265.1300 -280.8000 1 1045 212.3700 -241.2500
4.2253453907e-01 -1.7007405943e+00 -6.4576305765e+00
131 87 52
2 0 1128 76.8800 -293.7400 1 984 21.2100 -205.6300
3.1853260050e-01 1.6246638940e+00 -5.2170961415e+00
112 75 54
2 0 1172 -23.4000 270.1100 1 19 -38.9000 285.1000
1.5190680731e-01 1.5957699545e+00 -5.2070529192e+00
144 116 95
2 0 1175 -50.6300 263.0400 1 25 -60.9600 279.7500
1.9924134422e+00 1.9784638709e+00 -8.2004866798e+00
85 75 65
2 0 1178 374.1000 259.9600 1 1136 339.1500 244.6400
2.0414534782e+00 1.9727788056e+00 -8.1931341986e+00
83 74 67
2 0 1179 381.1000 259.9300 1 101 344.9700 244.5700
1.3407669167e-01 1.5678179074e+00 -5.2264883477e+00
140 124 106
2 0 1184 -51.9900 257.1600 1 38 -62.0400 275.0200
2.1281042423e+00 1.9335969982e+00 -8.1536147714e+00
50 41 32
2 0 1188 392.9800 256.6000 1 111 353.8900 241.3000
1.9863864073e+00 1.9363408219e+00 -8.2201866920e+00
82 75 65
2 0 1192 373.8000 253.3000 1 1142 338.8600 238.6900
2.0897095279e+00 1.9186123555e+00 -8.1792280141e+00
94 85 78
2 0 1195 388.0100 253.4400 1 125 349.9000 238.1200
2.1152660625e+00 1.9163573111e+00 -8.1749243890e+00
90 83 75
2 0 1196 391.6400 253.3600 1 124 353.0000 238.3700
2.7900512859e-01 1.5112262117e+00 -5.2462255413e+00
124 82 55
2 0 1200 -27.4500 248.7000 1 56 -43.1200 267.4200
4.0872323229e-01 1.4671844854e+00 -5.2617941470e+00
172 131 101
2 0 1208 -5.4700 242.2500 1 63 -26.1100 261.6600
2.5596707712e-01 1.4404810815e+00 -5.2651694953e+00
116 73 50
2 0 1216 -29.7100 235.3000 1 74 -45.3900 256.6100
1.3584190653e-01 1.4152436533e+00 -5.2141514797e+00
115 86 67
2 0 1226 -52.7700 230.4200 1 81 -64.0700 254.4100
6.1154626022e-02 1.2864939890e+00 -5.2545347576e+00
151 131 113
2 0 1244 -61.3000 205.9700 1 130 -71.9300 234.1300
-3.1131908745e-01 1.3211352699e+00 -5.3478079613e+00
70 37 16
2 0 1247 -111.1500 205.0600 1 133 -110.3500 233.2900
1.4894022607e+00 1.2424095647e+00 -6.0426819204e+00
47 21 4
2 0 1267 218.7600 195.4300 1 1177 160.8500 210.5000
3.9027275052e-01 1.2088818098e+00 -5.2962482619e+00
139 104 82
2 0 1268 -5.7900 195.4900 1 1160 -28.8200 223.5900
1.4085756540e+00 1.4604464333e+00 -7.5719785872e+00
71 54 44
2 0 1274 269.3600 192.8300 1 190 233.6300 193.4000
1.3727651948e+00 1.4404404262e+00 -7.5780291520e+00
42 25 15
2 0 1278 264.3700 189.3800 1 1193 229.3400 190.4500
9.1472338334e-02 9.5752297946e-01 -5.3315165128e+00
144 124 110
2 0 1333 -50.6100 147.2800 1 200 -66.1300 185.5900
1.5951666325e+00 1.0775381273e+00 -8.2622766456e+00
97 86 64
2 0 1353 320.1800 126.9000 1 310 284.9400 127.1900
1.5951666325e+00 1.0775381273e+00 -8.2622766456e+00
97 86 64
2 0 1354 320.1800 126.9000 1 311 284.9400 127.1900
1.2653548821e+00 8.4526474120e-01 -6.0150150228e+00
93 61 36
2 0 1357 180.8200 125.8800 1 255 125.8200 154.1800
-6.3450615090e-01 8.3134172072e-01 -5.0403007281e+00
56 22 13
2 0 1358 -185.4400 124.7800 1 221 -178.0300 173.5000
1.4446991245e+00 1.0061981033e+00 -7.7754052323e+00
93 84 77
2 0 1359 282.8900 123.3700 1 1743 243.4100 129.1400
-5.8858957500e-01 8.2027806647e-01 -5.2209864557e+00
72 42 26
2 0 1362 -163.1100 119.7600 1 236 -158.3500 166.9300
1.3112357130e+00 9.5403032173e-01 -7.7130586914e+00
50 38 26
2 0 1366 261.2400 115.2700 1 317 223.9200 124.0800
1.2882420519e+00 9.3830376919e-01 -7.7155873212e+00
84 74 62
2 0 1371 258.0400 112.7600 1 1253 221.1200 121.9600
1.9588524775e+00 8.4619961776e-01 -8.3091414955e+00
88 74 61
2 0 1391 374.1300 96.1000 1 402 329.7900 97.8800
1.9944707335e+00 7.7120495168e-01 -8.3209634675e+00
113 96 80
2 0 1405 379.7100 85.3500 1 434 334.2100 88.3400
-1.3950544013e+00 6.6136502484e-01 -5.5510668419e+00
144 112 71
2 0 1411 -249.6500 82.2700 1 294 -227.4400 134.0900
1.1809387151e+00 7.3249765555e-01 -7.7396028083e+00
48 30 18
2 0 1413 243.9900 82.0000 1 1306 207.4100 94.7500
1.9995284878e+00 7.3547198378e-01 -8.3218679074e+00
106 91 74
2 0 1415 380.5600 80.3200 1 1333 334.5700 83.7500
1.2326216582e+00 5.1227091464e-01 -6.1827810458e+00
149 117 88
2 0 1440 184.3900 66.7900 1 1289 128.1800 102.9500
1.3876727473e+00 6.2136536155e-01 -8.0735197758e+00
72 52 35
3 0 1449 284.6000 63.4400 1 1798 248.7200 73.0700 2 429 265.0100 101.3700
1.6009017631e+00 6.1279075020e-01 -8.1811589854e+00
139 115 80
2 0 1453 319.3300 62.2800 1 471 278.1100 70.6100
1.6373023634e+00 5.6487122266e-01 -8.1350436950e+00
159 133 98
3 0 1462 322.6200 56.1700 1 1361 280.8700 65.0400 2 1912 295.7100 117.5600
1.0437976452e+00 3.6932305773e-01 -6.1006802290e+00
125 107 94
2 0 1486 150.1300 42.9200 1 442 97.4300 84.4400
2.3331530269e-01 3.5193051445e-01 -5.4840656346e+00
176 149 135
2 0 1487 -16.4500 42.0100 1 412 -44.9500 96.0100
1.3499107399e+00 4.0338448592e-01 -8.1923981322e+00
72 51 33
2 0 1497 284.7000 31.5700 1 543 246.4500 43.7700
1.9090660378e+00 3.8255632665e-01 -8.3001097266e+00
134 105 70
2 0 1500 367.7600 30.1900 1 1424 319.2800 38.8700
1.9370969292e+00 3.5767313705e-01 -8.3159940129e+00
121 92 63
2 0 1507 372.2000 26.4100 1 557 323.4000 35.6400
1.9496654041e+00 3.3129332175e-01 -8.3180788048e+00
165 141 109
2 0 1515 374.2200 22.8400 1 1854 324.7500 32.0700
1.0399277499e+00 2.2452414438e-01 -6.1288212066e+00
88 53 34
2 0 1522 151.2600 18.4600 1 1364 97.1200 63.5300
1.1049881687e+00 2.0601714571e-01 -6.2318226679e+00
26 12 20
2 0 1529 167.0100 14.8500 1 1379 111.4300 58.6800
-7.6744585829e-01 1.9652808623e-01 -5.3931215096e+00
20 10 4
2 0 1539 -174.4600 11.8100 1 459 -173.7900 75.7600
1.4214686861e+00 2.3678158321e-01 -8.2004422331e+00
141 106 68
2 0 1547 295.3600 8.3400 1 1445 254.0000 22.6200
-1.7108098243e+00 2.0970855745e-01 -5.7820219448e+00
181 147 101
2 0 1550 -271.4900 7.7100 1 477 -249.9700 68.6000
-1.4881098326e+00 1.4260106943e-01 -5.6171717971e+00
153 125 88
2 0 1568 -256.3300 -1.1100 1 490 -238.9700 63.4300
1.6644369375e+00 1.7083598513e-01 -8.2969004937e+00
125 96 58
2 0 1569 332.8100 -0.9600 1 621 287.4600 12.5500
-1.3386776707e+00 1.2997748688e-01 -5.5173007992e+00
170 139 96
2 0 1571 -244.6900 -2.0600 1 488 -230.2700 63.9200
1.8840627687e+00 1.6157121558e-01 -8.3435857025e+00
186 157 115
2 0 1572 365.6300 -1.9700 1 1455 316.5400 10.3800
1.0485218642e+00 5.3448215545e-02 -6.2595817590e+00
37 23 14
2 0 1589 159.7500 -10.7400 1 1432 104.3100 36.8300
-8.5035942580e-01 3.5227950700e-02 -5.1637603455e+00
70 30 19
2 0 1592 -206.8500 -14.5700 1 1378 -202.8200 59.0400
-1.7133705734e+00 3.9259351695e-02 -5.7696132526e+00
208 172 122
2 0 1603 -273.2000 -18.7500 1 534 -252.9200 46.7300
-3.9656074982e-01 1.8172330686e-03 -5.5108847494e+00
243 188 142
2 0 1605 -110.3200 -20.0800 1 1403 -123.5000 46.2600
-7.4319609317e-01 -3.1363326591e-02 -5.6144658636e+00
76 39 21
2 0 1614 -152.4400 -26.6500 1 554 -157.2100 39.5400
1.8301845913e+00 -1.0471640971e-01 -8.3749489876e+00
166 143 110
2 0 1641 359.4300 -39.8100 1 1485 309.0600 -24.0600
1.4892960082e+00 -1.5356454550e-01 -8.2945669496e+00
132 106 73
2 0 1656 308.7000 -46.9700 1 694 263.4100 -28.1600
-6.6627404103e-01 -1.6713050612e-01 -5.5961713011e+00
139 108 86
2 0 1659 -142.9700 -48.8500 1 603 -151.0000 21.4700
1.1778638676e-01 -3.3943807920e-01 -5.6255077944e+00
194 170 155
2 0 1693 -23.8300 -77.0700 1 644 -56.9600 -4.1000
-9.8770254314e-01 -3.6448393833e-01 -5.2404593233e+00
192 165 123
2 0 1700 -220.1300 -82.5000 1 633 -217.6300 2.0500
-7.5178942532e-01 -3.7630180283e-01 -5.6427807666e+00
141 110 87
2 0 1702 -151.6100 -83.2800 1 654 -159.7800 -7.7200
-4.9057845129e-01 -3.8098702412e-01 -5.6023155731e+00
217 198 167
2 0 1703 -116.9100 -84.1000 1 655 -132.3400 -8.2300
-1.3172363715e+00 -3.9258183011e-01 -5.4769422601e+00
185 157 110
2 0 1705 -245.6300 -86.5400 1 648 -237.1100 -5.5800
1.6547582022e+00 -4.7817613370e-01 -8.4098685203e+00
156 135 96
2 0 1712 336.3900 -92.4600 1 1533 286.0900 -71.5500
-3.0016566755e-01 -4.5501533410e-01 -5.6402130009e+00
117 89 74
2 0 1716 -85.8900 -96.3800 1 673 -107.7900 -19.5500
-3.0016566755e-01 -4.5501533410e-01 -5.6402130009e+00
117 89 74
2 0 1717 -85.8900 -96.3800 1 674 -107.7900 -19.5500
9.4956429694e-01 -5.4116896387e-01 -8.1135435127e+00
62 51 45
2 0 1721 228.3200 -101.6700 1 1536 187.3400 -72.6800
-1.9664144364e+00 -5.3425732214e-01 -5.9333382813e+00
204 159 106
2 0 1725 -292.1200 -107.0300 1 699 -274.2900 -30.4600
-6.5798697101e-01 -5.4263844502e-01 -5.6161514180e+00
132 111 90
3 0 1732 -141.2800 -110.6000 1 697 -153.7400 -29.7700 2 2151 -5.7900 -30.8000
-1.6589406616e+00 -5.5946844060e-01 -5.7107167802e+00
140 107 73
2 0 1735 -271.5800 -112.2200 1 701 -258.6100 -31.0400
1.4089572405e+00 -6.6200956763e-01 -8.4545394954e+00
101 89 71
2 0 1741 303.7500 -117.7800 1 1559 257.0100 -94.2000
-6.5359753081e-01 -6.0728749650e-01 -5.6123089973e+00
249 227 190
2 0 1745 -139.9000 -121.4500 1 716 -153.3300 -39.0600
1.3888627887e+00 -7.0540193059e-01 -8.4616144561e+00
103 92 74
2 0 1748 301.3900 -123.6200 1 818 254.4800 -99.7800
-1.1309775812e+00 -6.1429027205e-01 -5.2972704553e+00
167 147 113
2 0 1749 -236.0700 -124.2000 1 707 -232.3500 -33.0600
-1.5821028793e+00 -6.8024922480e-01 -5.6677861633e+00
129 101 70
2 0 1760 -265.1100 -131.6000 1 728 -255.0800 -46.6900
-7.0058289340e-01 -6.8144380869e-01 -5.6232203432e+00
169 138 98
2 0 1763 -145.8600 -133.5600 1 733 -158.8200 -49.2400
-4.5175935432e-01 -9.0424428118e-01 -5.7318216936e+00
124 93 70
2 0 1784 -101.1600 -170.0100 1 783 -124.2900 -82.5300
-4.7311053874e-01 -9.2651659599e-01 -5.7274294138e+00
199 156 116
2 0 1789 -104.6400 -173.6800 1 791 -127.3500 -85.4300
-4.7311053874e-01 -9.2651659599e-01 -5.7274294138e+00
199 156 116
2 0 1790 -104.6400 -173.6800 1 792 -127.3500 -85.4300
-6.8038646794e-01 -9.3765838881e-01 -5.6959564634e+00
104 70 34
2 0 1791 -137.1600 -175.1200 1 789 -154.0600 -85.5800
-6.8038646794e-01 -9.3765838881e-01 -5.6959564634e+00
104 70 34
2 0 1792 -137.1600 -175.1200 1 790 -154.0600 -85.5800
-1.5560801928e+00 -9.6516910014e-01 -5.6166038519e+00
188 148 103
2 0 1795 -266.5500 -177.5400 1 785 -259.5600 -84.2200
-1.0649935402e+00 -1.0411473808e+00 -5.6854731969e+00
85 61 47
2 0 1804 -192.9400 -190.8000 1 810 -200.0100 -97.6500
-7.8516162382e-01 -1.0729273963e+00 -5.6762104877e+00
204 170 125
3 0 1811 -154.1000 -197.2100 1 1566 -169.3000 -103.2700 2 3025 30.2700 -123.0100
-5.2405370637e-01 -1.1044475589e+00 -5.7439045336e+00
181 145 117
2 0 1817 -110.9700 -202.7500 1 833 -133.9800 -109.8600
5.4369262715e-01 -1.2067535798e+00 -6.3525316393e+00
115 69 38
2 0 1830 88.5300 -216.3100 1 887 34.2900 -137.2800
-1.6105585469e+00 -1.3506802877e+00 -5.6298902081e+00
170 132 85
2 0 1853 -273.0300 -238.7600 1 883 -269.5200 -136.2400
1.5291736132e-01 -1.3306874888e+00 -5.8376703275e+00
63 44 30
2 0 1860 -2.9800 -242.8600 1 1601 -48.9400 -146.7200
-1.6979026681e+00 -1.3993952308e+00 -5.6903761478e+00
179 139 89
2 0 1862 -279.4600 -245.0000 1 898 -274.8700 -142.8800
5.1942505095e-01 -1.6012299331e+00 -8.1251692201e+00
93 85 76
2 0 1867 172.7200 -248.7000 1 1643 129.2300 -203.7500
5.1942505095e-01 -1.6012299331e+00 -8.1251692201e+00
93 85 76
2 0 1868 172.7200 -248.7000 1 1644 129.2300 -203.7500
1.7080984946e-01 -1.3846133882e+00 -5.8763202388e+00
129 101 75
2 0 1872 2.5300 -251.2800 1 913 -44.8300 -154.9300
-1.3233509557e+00 -1.3949698664e+00 -5.4180537248e+00
144 113 78
2 0 1873 -252.9100 -251.5800 1 897 -254.6300 -141.8900
-3.9376373128e-01 -1.4260309445e+00 -5.7969689981e+00
136 105 79
2 0 1879 -87.6700 -255.7200 1 1608 -118.7700 -156.0000
4.9410164474e-01 -1.6620787711e+00 -8.1459790460e+00
99 85 76
2 0 1882 170.4300 -256.6400 1 994 126.8000 -211.4400
4.0177608144e-01 -1.4665682890e+00 -6.3933924040e+00
154 110 84
2 0 1884 70.0500 -256.7500 1 941 16.6300 -172.7800
-1.3116282874e+00 -1.4342455340e+00 -5.3936022317e+00
139 110 85
2 0 1886 -253.7900 -258.7200 1 903 -255.4700 -147.1100
5.1763052725e-01 -1.6808014009e+00 -8.1407868885e+00
34 23 17
2 0 1887 173.3800 -259.4900 1 1004 129.0600 -213.9900
1.0419430165e-01 -1.4382927032e+00 -5.8399737726e+00
183 139 102
2 0 1888 -10.2600 -260.6700 1 925 -55.8400 -161.5600
-8.0814192777e-01 -1.4821390445e+00 -5.7609885454e+00
158 134 107
2 0 1892 -150.6600 -262.8700 1 923 -170.1900 -160.4700
-5.4860606747e-01 -1.4748087779e+00 -5.7832183967e+00
147 111 75
2 0 1893 -111.4400 -263.0200 1 924 -138.4300 -161.5200
2.0804971889e-01 -1.5382839332e+00 -5.8883285713e+00
189 135 91
2 0 1908 8.9700 -277.3700 1 947 -40.9100 -176.9400
1.1300748271e+00 -1.8330757516e+00 -8.4711583212e+00
130 119 101
2 0 1909 268.7800 -279.5200 1 1663 215.7400 -240.6100
-8.3347022664e-01 -1.6045209588e+00 -5.7595777620e+00
128 110 88
2 0 1911 -154.3900 -282.7300 1 946 -174.7500 -177.2300
-8.4561905463e-01 -1.6450838766e+00 -5.7632173404e+00
145 119 92
2 0 1916 -156.0000 -289.2700 1 952 -176.1800 -182.7200
-8.7341361866e-01 -1.6830730508e+00 -5.7862806661e+00
129 110 86
2 0 1921 -158.1700 -294.7700 1 961 -178.0300 -187.9100
1.4886556530e+00 1.7729698562e+00 -5.7520646902e+00
38 28 23
2 0 1927 203.7600 296.5400 1 1678 149.2800 296.3900
-2.6030698379e-01 1.5970468197e+00 -5.1928863586e+00
77 56 38
2 0 1952 -116.4400 256.6800 1 1103 -112.0400 278.3900
-2.5002830126e-01 1.5718574757e+00 -5.3016310020e+00
73 32 17
2 0 1956 -105.5100 250.1700 1 1112 -103.8500 269.6800
2.9371125418e-01 1.5083564954e+00 -5.2590305568e+00
169 132 100
2 0 1957 -24.1100 248.1000 1 1113 -40.4600 266.5400
1.8530099552e+00 1.7569169960e+00 -8.1793777853e+00
90 77 69
2 0 1970 353.5300 227.1100 1 1167 318.8900 216.2200
1.4344839203e+00 1.5973659332e+00 -7.5378180835e+00
44 26 14
2 0 1979 271.8300 214.4800 1 1711 236.2800 211.8500
1.1656277958e+00 1.2751427107e+00 -5.4243566563e+00
192 165 148
2 0 1980 131.3000 213.9800 1 1147 80.5600 233.5300
-3.4620393325e-01 1.2922945902e+00 -5.3014661323e+00
90 46 24
2 0 1988 -120.2200 200.7900 1 1148 -118.1300 230.8500
-3.7928711474e-01 1.2784169531e+00 -5.3027399091e+00
101 58 39
2 0 1989 -124.8900 198.2900 1 1154 -122.4300 228.3700
-4.9216227709e-01 1.1350231376e+00 -5.0166681391e+00
39 18 5
2 0 2008 -166.2400 179.1800 1 1164 -159.0500 217.7200
1.4115136625e+00 1.0845312787e+00 -6.0198757306e+00
142 98 59
2 0 2024 204.9700 168.2400 1 1721 147.5500 188.2500
6.0168323336e-02 1.0650487801e+00 -5.3157654161e+00
144 109 87
2 0 2026 -56.3600 166.4800 1 1187 -70.4700 200.3900
1.4269354718e+00 1.1811582449e+00 -7.8616252344e+00
73 59 50
2 0 2044 282.9400 146.9600 1 265 247.0000 149.4700
1.0065148654e+00 9.0511059560e-01 -5.4920470144e+00
116 92 80
2 0 2045 108.5500 143.8200 1 1209 60.4000 177.5300
1.2183486569e+00 6.9023955169e-01 -6.0409214330e+00
80 50 34
2 0 2072 174.7600 98.8900 1 1243 119.5600 131.2900
-6.1319134189e-01 6.3448297688e-01 -5.4396587334e+00
30 26 17
2 0 2080 -148.1300 85.1600 1 1242 -147.2500 134.6900
-5.3003904367e-01 5.9607889275e-01 -5.3850519194e+00
94 45 21
2 0 2088 -140.6600 79.7800 1 1740 -141.5500 131.4200
1.1723680217e+00 5.8268143480e-01 -6.0622614485e+00
56 31 24
2 0 2092 168.5200 80.0200 1 1260 113.8100 115.5200
1.1723680217e+00 5.8268143480e-01 -6.0622614485e+00
56 31 24
2 0 2093 168.5200 80.0200 1 1261 113.8100 115.5200
1.5730903284e+00 5.9751605137e-01 -8.1076883372e+00
154 128 94
3 0 2130 312.5700 60.8500 1 1808 271.9800 69.5900 2 2794 285.6000 114.7600
-1.5824368361e+00 5.0696224368e-01 -5.7123766723e+00
166 123 76
2 0 2145 -260.2300 55.2300 1 359 -238.2200 108.9500
-1.2791887446e+00 4.7897051674e-01 -5.4807920383e+00
155 121 84
2 0 2146 -239.5200 54.8300 1 1268 -222.4800 111.5000
1.4878127437e+00 5.4482399063e-01 -8.1206044727e+00
123 106 80
3 0 2152 300.6900 52.8400 1 1372 261.8400 62.6800 2 1928 283.4200 104.0900
-2.6828754205e-01 4.1556816648e-01 -5.4338483430e+00
200 158 127
2 0 2160 -97.3300 50.6600 1 1279 -109.0900 105.4000
-2.6828754205e-01 4.1556816648e-01 -5.4338483430e+00
200 158 127
2 0 2161 -97.3300 50.6600 1 1280 -109.0900 105.4000
1.2778007856e+00 4.8700742310e-01 -8.1314974043e+00
119 93 70
2 0 2172 272.0400 42.9000 1 1820 236.1100 56.1100
1.0852483593e+00 3.3783411926e-01 -6.1038789865e+00
57 39 22
2 0 2187 157.0100 37.8300 1 1789 102.5900 80.0100
-1.6848164090e+00 2.0430353763e-01 -5.7878599568e+00
198 162 113
2 0 2229 -267.5700 6.9300 1 1356 -246.7400 67.7700
1.7560714587e+00 1.4312672614e-01 -8.2907808934e+00
137 118 78
2 0 2250 345.9000 -4.4200 1 1460 298.0800 8.8400
1.8942927162e+00 1.3818578352e-01 -8.3708990092e+00
88 62 38
2 0 2251 368.0800 -5.0600 1 1870 318.5900 6.5600
-1.5639970821e+00 1.1720957849e-01 -5.6694124978e+00
146 113 71
2 0 2252 -261.9300 -5.6200 1 497 -243.6400 58.9300
1.0034306626e+00 6.2383610519e-02 -6.1679489825e+00
166 112 57
2 0 2260 147.7200 -9.0500 1 1417 93.2600 40.1500
9.7806436259e-01 5.3864799320e-02 -6.1539396169e+00
78 42 25
2 0 2264 142.9900 -10.4300 1 1422 89.0600 39.2200
1.8749211825e+00 8.1526449632e-02 -8.3747441988e+00
88 69 52
2 0 2270 365.2800 -13.6000 1 1877 316.2100 -0.2000
1.8749211825e+00 8.1526449632e-02 -8.3747441988e+00
88 69 52
2 0 2271 365.2800 -13.6000 1 1878 316.2100 -0.2000
1.8899217860e+00 6.7130679942e-02 -8.4436330614e+00
159 135 108
2 0 2290 369.3700 -15.7900 1 2109 320.8800 -3.3000
1.2558178815e+00 -8.3647977029e-02 -8.2271670326e+00
104 83 54
2 0 2309 273.7500 -37.2400 1 1894 232.7800 -17.8400
-1.1308354664e+00 -1.1550064529e-01 -5.3626952554e+00
178 155 113
2 0 2312 -229.2600 -40.8900 1 562 -221.9200 33.8700
-5.0906680442e-01 -1.2370834964e-01 -5.5232356427e+00
150 119 103
2 0 2313 -125.8500 -41.2800 1 1857 -137.4900 28.7000
-9.2665298620e-01 -1.8327923192e-01 -5.2207370435e+00
68 36 18
2 0 2323 -212.8700 -51.8500 1 1442 -210.0000 27.4300
8.4863964958e-01 -3.0432010341e-01 -6.2188809066e+00
86 50 36
2 0 2338 126.7000 -70.1500 1 1474 73.0000 -11.7200
4.9315917762e-02 -3.3971716246e-01 -5.6553811970e+00
204 172 156
2 0 2345 -32.0800 -76.9600 1 645 -63.4000 -4.6900
-5.5838980556e-01 -3.7270742019e-01 -5.5784077523e+00
87 59 48
2 0 2348 -128.8300 -82.8600 1 1470 -141.8700 -6.4300
-5.7102183118e-01 -3.9682021101e-01 -5.5917887892e+00
89 58 39
2 0 2352 -129.5000 -86.7500 1 1472 -142.7800 -10.0400
9.4933579592e-01 -5.9035812777e-01 -8.1460653353e+00
34 24 15
2 0 2375 229.6200 -108.4600 1 1942 188.5100 -79.2800
9.4933579592e-01 -5.9035812777e-01 -8.1460653353e+00
34 24 15
2 0 2376 229.6200 -108.4600 1 1943 188.5100 -79.2800
-5.5375304695e-01 -5.4262848748e-01 -5.6271264307e+00
121 92 63
2 0 2377 -124.1700 -110.7700 1 1491 -139.8300 -30.7500
1.4848445475e+00 -7.2676799376e-01 -8.5196855782e+00
156 131 109
2 0 2388 316.4000 -126.6700 1 1956 268.6400 -103.4200
7.0953245310e-01 -7.1593721689e-01 -6.2773352688e+00
65 34 13
2 0 2398 108.9900 -137.5100 1 1935 55.0000 -69.3200
-5.5610489125e-01 -7.5065702808e-01 -5.6672287708e+00
207 162 119
2 0 2407 -121.3200 -144.8900 1 1523 -139.6000 -60.0300
-3.7463651801e-01 -7.5379188643e-01 -5.6938487123e+00
211 190 156
2 0 2409 -92.7100 -145.6500 1 1525 -116.2500 -61.5500
-5.8915231362e-01 -8.0825348712e-01 -5.6902538479e+00
214 176 129
3 0 2419 -124.2500 -154.4200 1 1531 -142.1000 -67.9200 2 3503 33.3200 -57.8200
-6.4752073883e-01 -9.1517363002e-01 -5.6970942575e+00
225 199 165
2 0 2427 -132.2500 -171.4800 1 1542 -149.9800 -82.7000
-6.5850661341e-01 -9.4625426611e-01 -5.7024916218e+00
233 209 162
2 0 2429 -133.4400 -176.5100 1 1548 -151.1900 -86.9800
-1.0467922345e+00 -1.0061556798e+00 -5.7229621462e+00
73 36 18
2 0 2437 -187.1800 -184.7100 1 1552 -194.7600 -93.4800
-1.5544593709e+00 -1.0329229458e+00 -5.6093212800e+00
202 165 120
2 0 2441 -267.0900 -188.4900 1 1554 -260.7500 -93.2600
-6.7931624079e-01 -1.0319393846e+00 -5.7150264821e+00
217 194 154
2 0 2443 -135.4900 -190.3800 1 1949 -153.6500 -98.8100
-7.7604707917e-01 -1.0944443610e+00 -5.6926025928e+00
52 27 12
2 0 2451 -151.3400 -200.6000 1 1569 -167.0900 -106.5500
-7.7604707917e-01 -1.0944443610e+00 -5.6926025928e+00
52 27 12
2 0 2452 -151.3400 -200.6000 1 1570 -167.0900 -106.5500
5.3077721791e-01 -1.2725935017e+00 -8.1444886513e+00
47 36 30
2 0 2455 174.7100 -202.3500 1 1610 133.9800 -162.8300
5.5445211934e-01 -1.1667537858e+00 -6.3411650663e+00
78 42 16
2 0 2461 89.5900 -209.9000 1 863 35.1400 -131.8100
-1.9040555804e+00 -1.2459555521e+00 -5.8576820493e+00
175 141 92
2 0 2463 -291.3500 -217.1200 1 1584 -282.3300 -122.9200
-8.4627161412e-01 -1.2758866482e+00 -5.6856997541e+00
144 111 91
3 0 2474 -161.7100 -230.0900 1 1970 -177.5500 -131.3800 2 3555 43.3200 -167.4200
-1.8429472771e+00 -1.3312446038e+00 -5.8065562345e+00
196 162 116
2 0 2476 -288.1000 -231.4900 1 1592 -280.7300 -134.0400
-1.8429472771e+00 -1.3312446038e+00 -5.8065562345e+00
196 162 116
2 0 2477 -288.1000 -231.4900 1 1593 -280.7300 -134.0400
5.0740586406e-01 -1.3153682019e+00 -6.3664715725e+00
95 57 36
2 0 2479 84.0400 -233.5100 1 1978 29.5400 -152.2700
-1.1018394725e+00 -1.4110802230e+00 -5.8123089345e+00
116 89 72
2 0 2491 -187.7500 -248.4100 1 1603 -199.0400 -149.2400
-1.9584196517e+00 -1.4608031194e+00 -5.8748007232e+00
190 152 102
2 0 2493 -297.2900 -249.8500 1 1977 -289.3900 -151.2100
4.5751099858e-01 -1.4777486387e+00 -6.3797033706e+00
87 49 25
2 0 2504 77.3600 -259.4500 1 1985 22.7800 -174.4200
-1.4061467626e+00 -1.5159921013e+00 -5.4587185284e+00
169 138 99
2 0 2512 -260.4700 -270.0300 1 1979 -262.8300 -158.6400
-1.6018948063e+00 -1.5583620536e+00 -5.6098902379e+00
210 176 128
2 0 2513 -273.9300 -272.5400 1 1611 -272.8100 -164.3700
-1.6018948063e+00 -1.5583620536e+00 -5.6098902379e+00
210 176 128
2 0 2514 -273.9300 -272.5400 1 1612 -272.8100 -164.3700
-1.4474372037e+00 -1.5819733487e+00 -5.5111593380e+00
152 122 84
2 0 2519 -261.8300 -279.5700 1 1616 -263.7100 -167.8300
-9.4894473604e-01 -1.6806237737e+00 -5.7688357219e+00
38 24 12
2 0 2527 -170.0600 -294.0400 1 1624 -188.2400 -186.9600
-1.2357947799e+00 -1.7117492734e+00 -5.8615214771e+00
90 76 63
2 0 2533 -202.3900 -294.6800 1 1995 -214.0600 -189.6900
5.0828403480e-01 1.5753763358e+00 -5.2568865936e+00
126 92 67
2 0 2544 10.4000 263.3900 1 1104 -12.8400 277.6400
1.6971582012e-01 1.5641573761e+00 -5.2200038512e+00
116 88 64
2 0 2547 -46.9700 256.9700 1 1686 -57.9200 275.3600
1.5737224902e+00 1.8540423377e+00 -7.5515369276e+00
51 33 22
2 0 2548 292.5400 253.8700 1 2033 256.6300 245.7100
3.8781149849e-01 1.4508880250e+00 -5.2515565099e+00
136 99 76
2 0 2554 -9.6800 239.1600 1 1690 -29.5000 259.8300
5.2050306203e-01 1.4014610675e+00 -5.2911510981e+00
155 121 93
2 0 2556 14.8200 231.3700 1 1696 -10.6300 251.9900
-6.1217402099e-03 1.2615641329e+00 -5.2758634049e+00
176 127 95
2 0 2565 -70.0200 200.4700 1 1707 -79.1400 229.2200
1.4397202745e+00 1.1500148740e+00 -6.0136367781e+00
146 97 64
2 0 2572 209.2500 179.8600 1 2040 151.6000 197.9200
-4.4147783048e-01 8.6686912910e-01 -5.4193236966e+00
68 38 20
2 0 2587 -124.6600 125.5600 1 1729 -125.7100 167.7400
1.3660914155e+00 1.0173525727e+00 -7.7738431292e+00
79 69 59
2 0 2588 271.4100 124.3200 1 1742 233.8900 130.4600
-2.3541825803e-01 6.4407384884e-01 -5.3226695295e+00
145 111 83
2 0 2604 -101.4500 90.9100 1 2052 -110.3900 140.5300
-2.6179817609e-01 5.7170497181e-01 -5.4086319136e+00
75 46 28
2 0 2611 -98.4000 77.4400 1 1744 -108.3900 127.7300
2.0180279203e+00 7.1083671830e-01 -8.3490167429e+00
61 47 33
2 0 2612 383.9200 76.4000 1 2071 337.9500 80.2900
-4.6226136931e-01 4.8783599232e-01 -5.4679211651e+00
107 75 56
2 0 2617 -123.6700 61.2600 1 1762 -128.8900 114.2100
1.3191141668e+00 5.6075741820e-01 -8.1370189297e+00
60 49 32
2 0 2623 278.1900 54.0200 1 1813 241.5400 64.6400
2.0408273173e+00 4.9439340203e-01 -8.3329508457e+00
91 75 57
2 0 2628 387.3700 46.0200 1 2082 338.3000 52.9300
1.4704963697e+00 4.3249793037e-01 -8.1633330813e+00
147 121 87
3 0 2632 300.3300 36.4200 1 2085 260.2500 47.8200 2 3404 294.2700 94.8900
1.4214842359e+00 4.1764614872e-01 -8.1824645908e+00
78 64 47
2 0 2635 294.3200 33.8200 1 2086 254.7900 45.8900
1.0618653843e+00 2.7556044233e-01 -6.1169082304e+00
61 39 34
2 0 2638 154.0400 27.1600 1 1803 99.7500 70.9800
2.0098327550e+00 3.4018190150e-01 -8.3907272617e+00
174 148 123
2 0 2639 384.8400 23.8100 1 2095 335.4500 31.8200
-9.1357773780e-01 1.2115594959e-01 -5.1961175301e+00
98 76 55
2 0 2652 -213.0400 -0.2800 1 1806 -206.8400 70.1100
1.9235012026e+00 1.3331482019e-01 -8.4211204909e+00
163 137 112
2 0 2660 373.4600 -6.2500 1 2104 324.5700 5.4000
1.8667146333e+00 9.3953385839e-03 -8.4233177999e+00
156 134 110
2 0 2678 365.8700 -23.4800 1 2113 316.3900 -10.7000
-4.8088435197e-01 -3.3662321404e-02 -5.5084880560e+00
150 120 102
2 0 2679 -122.9800 -26.2200 1 1844 -134.1000 41.4600
-4.5364082865e-01 -5.1051762394e-02 -5.5153988982e+00
77 55 34
2 0 2681 -118.4900 -29.1500 1 1846 -130.4500 38.9700
1.0717323839e+00 -1.1704916448e-01 -8.3198844414e+00
123 102 72
3 0 2691 252.5700 -42.8400 1 2121 214.3000 -21.9600 2 3446 318.9100 20.6800
1.0878669428e+00 -1.5487451148e-01 -8.3357742320e+00
83 68 48
3 0 2695 255.6100 -48.1300 1 1901 216.5600 -27.0200 2 2902 325.1200 18.9800
9.7451214825e-01 -2.0810408340e-01 -7.9376299182e+00
73 59 50
2 0 2697 224.3300 -54.8400 1 2124 184.3700 -28.2400
9.6707861865e-01 -4.2162921304e-01 -8.1485319597e+00
64 44 27
2 0 2716 231.9000 -84.6800 1 2139 192.0000 -58.3400
1.0924393875e+00 -4.7121126621e-01 -8.2464218760e+00
150 114 81
2 0 2717 252.7500 -91.4700 1 2143 211.0900 -66.3300
1.1660332544e+00 -5.0083691153e-01 -8.2628058356e+00
118 90 57
2 0 2720 263.4700 -95.6700 1 2145 220.3700 -70.5000
1.2063835938e+00 -5.1909415888e-01 -8.2913194836e+00
124 84 57
2 0 2722 270.0200 -98.2300 1 2146 226.4100 -73.2700
1.4066748966e+00 -5.9820041243e-01 -8.3691582957e+00
122 96 60
2 0 2726 300.5800 -109.2100 1 1946 253.2900 -85.1300
-3.8290693031e-01 -5.3410103804e-01 -5.6374919924e+00
220 182 144
2 0 2727 -98.4600 -109.6000 1 1905 -118.5800 -30.1200
-3.8290693031e-01 -5.3410103804e-01 -5.6374919924e+00
220 182 144
2 0 2728 -98.4600 -109.6000 1 1906 -118.5800 -30.1200
-5.4067151279e-01 -5.7658236696e-01 -5.6344717370e+00
245 230 192
2 0 2734 -121.7000 -116.3800 1 1907 -138.1200 -35.5700
-6.8669196541e-01 -6.4991794218e-01 -5.5835131728e+00
168 126 81
2 0 2735 -147.2400 -128.7700 1 1915 -159.5700 -44.2100
-1.8307893839e+00 -7.2226102761e-01 -5.8180893137e+00
213 175 124
2 0 2739 -284.8300 -136.7100 1 1922 -270.9800 -53.6700
-9.3959944271e-01 -7.6516061840e-01 -5.7138481834e+00
77 42 23
2 0 2743 -172.7000 -146.0800 1 1925 -180.4800 -61.1200
-5.2346441984e-01 -7.5915328308e-01 -5.6748147929e+00
210 184 147
2 0 2744 -116.0800 -146.3800 1 1926 -135.1700 -61.3700
6.8670975857e-01 -7.8013339864e-01 -6.2898205115e+00
66 42 32
2 0 2748 106.2600 -147.8900 1 1940 52.3000 -78.2800
-1.8786597744e+00 -8.0929451984e-01 -5.8471522064e+00
212 173 121
2 0 2749 -288.5400 -149.8300 1 1930 -274.9900 -65.3600
-3.4222084296e-01 -7.7733108046e-01 -5.6968217459e+00
173 139 113
2 0 2751 -87.7800 -149.6800 1 1928 -112.3500 -64.9200
-1.7536665563e+00 -9.5453087260e-01 -5.7611699823e+00
197 160 115
2 0 2758 -280.0800 -173.6200 1 1545 -269.7600 -83.8300
-1.9667128487e+00 -1.0642506704e+00 -5.9279570814e+00
213 171 113
2 0 2762 -293.0200 -187.9500 1 1951 -281.3100 -99.4700
-7.4313454554e-01 -1.0827955734e+00 -5.6977750215e+00
231 175 115
3 0 2768 -145.9000 -198.8500 1 1958 -162.4800 -105.3000 2 3817 39.6100 -119.5000
-1.9949596047e+00 -1.2641075716e+00 -5.9315496706e+00
191 155 106
2 0 2774 -296.5900 -218.4200 1 1968 -286.5100 -125.5900
-1.5592309487e+00 -1.3173073599e+00 -5.5978011028e+00
213 173 121
2 0 2779 -269.0000 -234.2600 1 1969 -265.8700 -131.6600
-8.3032694478e-01 -1.3859454713e+00 -5.7422183205e+00
203 146 97
2 0 2783 -155.2100 -247.2900 1 1974 -173.1000 -146.9100
-9.1389475542e-01 -1.5800536693e+00 -5.7540143580e+00
53 39 27
2 0 2800 -166.4000 -278.2900 1 1984 -183.9400 -173.1500
-9.6447222249e-01 -1.6270412123e+00 -5.7539993483e+00
143 119 95
2 0 2807 -173.3400 -285.4600 1 2174 -190.6000 -179.3700
1.8182855140e+00 2.0890633548e+00 -7.7427785693e+00
28 17 13
2 0 2813 335.0200 286.8000 1 2030 298.2700 271.7500
7.0585764046e-02 1.4834292624e+00 -5.2207057334e+00
182 129 84
2 0 2818 -62.4300 241.5800 1 2031 -71.2000 262.9500
-1.2398645553e-01 1.0179048260e+00 -5.2506821576e+00
154 121 93
2 0 2824 -90.2900 157.3800 1 2042 -97.8900 195.5000
-1.4614094700e-01 9.6674089029e-01 -5.2698830055e+00
141 113 91
2 0 2827 -92.1200 147.9800 1 2043 -99.8100 187.5500
-2.7216798207e-01 7.7684282738e-01 -5.3451402857e+00
93 60 36
2 0 2834 -105.0700 113.1800 1 2045 -112.0000 157.9600
1.4252763233e+00 9.0932087075e-01 -7.8515986366e+00
34 25 18
2 0 2836 282.8300 107.8500 1 2314 243.9000 115.0800
1.1536118747e+00 5.0986876471e-01 -6.0700105492e+00
62 41 24
2 0 2843 165.9700 67.4700 1 2064 111.1400 105.1100
1.1536118747e+00 5.0986876471e-01 -6.0700105492e+00
62 41 24
2 0 2844 165.9700 67.4700 1 2065 111.1400 105.1100
-2.7945974299e-01 4.9547816111e-01 -5.4091524148e+00
49 34 15
2 0 2845 -101.0700 64.3200 1 2058 -111.2300 117.2000
1.3097792100e+00 4.6340955387e-01 -8.1624696021e+00
63 56 47
2 0 2855 277.8700 39.9200 1 2243 240.8700 52.0500
1.0244647599e+00 2.5807705969e-01 -6.1061773354e+00
157 118 86
2 0 2861 147.3700 23.9500 1 2078 94.3300 68.9900
-1.5695377070e+00 2.2597659229e-01 -5.6876119922e+00
152 119 76
2 0 2866 -260.7900 11.4800 1 1799 -241.8800 72.7200
-1.2985228642e+00 4.0768197995e-02 -5.5081630463e+00
133 109 71
2 0 2869 -240.0600 -16.3200 1 2083 -227.4100 52.1900
-1.3551707282e+00 1.2994621268e-02 -5.5223655049e+00
156 125 84
2 0 2870 -246.4900 -20.9300 1 2246 -233.1800 48.1100
-1.2958463896e+00 -4.3028183614e-02 -5.4742050550e+00
177 150 104
2 0 2873 -242.7400 -29.7700 1 2088 -230.7300 41.6500
8.9087938429e-01 -8.9411986302e-02 -6.1785906310e+00
155 115 86
2 0 2874 130.6900 -34.6300 1 2100 78.1700 18.9500
1.2350004212e+00 -2.2915695437e-01 -8.2348914758e+00
133 109 75
2 0 2879 271.3500 -57.8000 1 2259 229.5700 -36.0500
-9.4957454750e-01 -3.0344098943e-01 -5.2845119914e+00
210 174 132
2 0 2882 -210.4600 -72.0300 1 2102 -209.2100 9.4800
-9.5807822519e-01 -3.7145930452e-01 -5.2856880320e+00
243 226 167
2 0 2884 -211.7700 -83.5400 1 2107 -210.7300 0.1500
-1.8113554454e+00 -4.0367632005e-01 -5.8314966640e+00
224 183 129
2 0 2885 -280.9200 -87.4400 1 2114 -263.9200 -12.1600
-9.8914296391e-01 -4.4228385951e-01 -5.3070908171e+00
203 152 105
2 0 2888 -214.3300 -95.3200 1 2112 -213.5800 -10.0100
-1.8007899259e+00 -5.1191977644e-01 -5.8067286533e+00
206 165 113
2 0 2889 -281.9800 -104.3300 1 1899 -265.7800 -25.8800
1.4710862189e+00 -6.8334673690e-01 -8.4790178430e+00
48 34 21
2 0 2894 313.0000 -121.0000 1 2269 265.6400 -97.2100
1.4376582558e+00 -7.5288056399e-01 -8.5026696223e+00
53 41 25
2 0 2896 309.3300 -130.3900 1 2273 262.0900 -106.1700
-8.3658796157e-01 -6.8023193335e-01 -5.6879223435e+00
90 56 44
2 0 2897 -160.0300 -132.5900 1 2134 -169.8300 -49.6600
-8.4230948948e-01 -7.5701398415e-01 -5.6793583203e+00
89 61 40
2 0 2899 -161.7000 -145.2500 1 2140 -171.8500 -59.8900
-1.7330513007e+00 -8.9656607347e-01 -5.7445224401e+00
200 166 121
2 0 2904 -278.8300 -164.7900 1 2147 -268.0400 -75.9800
4.6053004418e-01 -1.6523012059e+00 -8.1256912310e+00
36 23 15
2 0 2921 164.9100 -255.5500 1 2191 122.2000 -209.6300
9.2597231095e-01 -1.7431532843e+00 -8.3257316581e+00
85 75 65
2 0 2928 235.4500 -268.1700 1 2296 185.5400 -226.3200
-1.6992950232e+00 -1.5772642514e+00 -5.6925754954e+00
162 129 88
2 0 2930 -279.7700 -273.2600 1 2169 -277.0100 -166.9200
-1.6992950232e+00 -1.5772642514e+00 -5.6925754954e+00
162 129 88
2 0 2931 -279.7700 -273.2600 1 2170 -277.0100 -166.9200
-6.0200495483e-01 -1.5509826077e+00 -5.7945072654e+00
201 163 125
2 0 2932 -118.4200 -275.0100 1 2171 -144.6200 -171.7700
-6.0200495483e-01 -1.5509826077e+00 -5.7945072654e+00
201 163 125
2 0 2933 -118.4200 -275.0100 1 2172 -144.6200 -171.7700
9.8483430698e-01 -1.8128084598e+00 -8.3466446293e+00
46 36 28
2 0 2935 244.3000 -278.0600 1 2297 193.0200 -235.8000
3.3760966541e-01 -1.6129138620e+00 -6.3672311946e+00
38 21 13
2 0 2938 58.6800 -280.8100 1 2180 6.1600 -192.0100
-6.2017859104e-01 -1.6270745985e+00 -5.7961699880e+00
187 157 119
2 0 2940 -121.0000 -287.4000 1 2175 -147.4400 -182.2000
-9.9954541333e-01 -1.6628403222e+00 -5.7334307709e+00
106 75 50
2 0 2941 -180.1400 -291.5300 1 2177 -196.4500 -183.8500
1.8945272912e+00 2.0497246668e+00 -7.7064000668e+00
26 17 12
2 0 2946 345.3500 282.8600 1 2214 306.0000 268.8200
1.5755787497e-02 1.5470252980e+00 -5.1755969819e+00
138 115 94
2 0 2950 -74.6400 253.2200 1 2213 -80.5000 273.3100
1.1719799259e+00 1.4067965791e+00 -5.3838213845e+00
93 75 61
2 0 2953 129.8300 238.9800 1 2217 80.2300 254.1700
1.4639513920e+00 9.1408577112e-01 -7.9468365652e+00
80 71 62
2 0 2962 291.5400 107.2300 1 2315 253.2700 113.8000
1.4639513920e+00 9.1408577112e-01 -7.9468365652e+00
80 71 62
2 0 2963 291.5400 107.2300 1 2316 253.2700 113.8000
1.9774123835e+00 9.1811638610e-01 -8.4606803009e+00
174 148 129
2 0 2964 380.6500 104.4000 1 2234 339.0800 103.5700
1.9705600923e+00 7.7089216350e-01 -8.3358768609e+00
105 89 68
2 0 2965 376.6300 84.9900 1 2319 331.8500 87.9200
1.4724348779e+00 4.8585602093e-01 -8.1509331119e+00
72 59 48
3 0 2973 299.8800 44.1300 1 2241 260.5000 54.8100 2 3731 288.9000 98.2000
-9.9234599388e-01 3.3459441407e-03 -5.2477841976e+00
112 95 70
2 0 2978 -219.6300 -20.4600 1 2242 -213.6400 52.5200
-5.4017621304e-01 -1.9811144895e-02 -5.5114704258e+00
110 76 57
2 0 2979 -131.4400 -24.0400 1 2247 -140.7700 43.3100
-2.5324567973e-01 -1.4625825247e-01 -5.5920021490e+00
186 151 128
2 0 2986 -82.4800 -44.6400 1 2251 -102.3900 23.8200
8.5487158469e-01 -2.1150346717e-01 -6.1996788489e+00
154 108 61
2 0 2990 126.4500 -54.8400 1 2255 73.5900 1.5400
-7.3499286913e-01 -2.7190016329e-01 -5.6267729296e+00
145 119 94
2 0 2993 -150.5200 -66.2200 1 2253 -157.7800 6.7800
7.7821895622e-01 -4.3416286432e-01 -6.2488030656e+00
166 121 82
2 0 2998 117.4600 -91.6100 1 2335 64.8400 -29.9300
-1.9286869488e+00 -5.9736104980e-01 -5.8924563042e+00
200 159 107
2 0 3002 -290.9600 -116.9100 1 2261 -274.1200 -38.1100
9.2851842667e-01 -6.4914794853e-01 -8.1893413643e+00
27 18 11
2 0 3003 228.7500 -116.2100 1 2338 187.4600 -87.3900
-2.9727425517e-01 -6.6471087867e-01 -5.7097086764e+00
184 147 120
2 0 3007 -80.1300 -130.9100 1 2262 -104.8700 -49.7500
6.1640470860e-01 -8.8446728154e-01 -6.3036023211e+00
146 105 67
2 0 3008 96.3500 -164.6700 1 2268 43.4700 -92.5100
5.0777396443e-01 -1.1950925651e+00 -6.3538160422e+00
145 99 66
2 0 3017 83.2400 -214.1100 1 2277 29.9700 -135.5300
2.8532015729e-01 -1.2850930721e+00 -5.8469866220e+00
203 146 101
2 0 3021 17.8500 -235.9600 1 2279 -31.3900 -141.1700
-9.6583632531e-01 -1.4041758878e+00 -5.7321419648e+00
101 69 50
2 0 3022 -175.4500 -249.6700 1 2281 -189.3900 -148.3600
-1.0117899772e+00 -1.5918828384e+00 -5.7514821856e+00
107 76 56
2 0 3026 -180.4000 -279.5100 1 2287 -195.5100 -174.0700
1.2979171486e+00 1.0376504885e+00 -7.7447761172e+00
46 29 22
2 0 3034 260.2200 126.5400 1 2369 224.7600 134.2700
1.4992680677e+00 6.7784920747e-01 -8.1282872219e+00
125 101 67
2 0 3038 303.1000 71.6200 1 2374 263.8300 79.7200
1.4992680677e+00 6.7784920747e-01 -8.1282872219e+00
125 101 67
2 0 3039 303.1000 71.6200 1 2375 263.8300 79.7200
1.3745753735e+00 6.6997848102e-01 -8.1063357462e+00
133 104 71
2 0 3040 284.7000 69.9700 1 2417 247.7400 79.1300
1.4835656877e+00 6.0294926944e-01 -8.2075260010e+00
74 59 42
2 0 3041 303.5300 60.0200 1 2322 264.9800 68.7100
1.8079330342e+00 4.5293501470e-01 -8.2795017389e+00
161 131 93
2 0 3044 352.2100 39.5400 1 2382 306.6600 48.6400
1.2712454196e+00 4.1449591143e-01 -8.1291773241e+00
138 116 80
2 0 3045 271.5600 33.3700 1 2383 234.1300 46.3100
-1.4018263480e+00 -1.3939801095e-01 -5.5516857065e+00
142 117 77
2 0 3049 -250.6400 -45.7300 1 2250 -237.5800 27.2700
-1.2746867475e+00 -3.4618168301e-01 -5.4376283888e+00
181 152 104
2 0 3050 -243.4300 -79.1800 1 2254 -234.5400 1.4600
-2.0933904845e+00 -1.2561731063e+00 -5.9886648841e+00
135 107 73
2 0 3059 -304.2200 -215.9600 1 2275 -292.3200 -124.5900
-1.4271452162e+00 -1.3384369603e+00 -5.5157069631e+00
123 102 76
2 0 3060 -258.1400 -239.7800 1 2345 -258.1600 -134.5300
-1.5659679863e+00 -1.6266192151e+00 -5.6027046817e+00
188 150 102
2 0 3064 -269.7800 -283.9600 1 2286 -270.2800 -173.8900
2.0072027028e+00 1.8778274345e+00 -8.2711494077e+00
112 97 82
2 0 3071 378.3000 243.9800 1 2363 343.0600 229.8100
1.4388936445e+00 1.3841246148e+00 -5.9390232966e+00
103 71 54
2 0 3072 205.1000 221.9200 1 2362 149.6100 233.6700
1.5772771423e+00 9.9971994577e-01 -8.3388760144e+00
29 20 13
2 0 3075 319.9500 114.2800 1 2416 285.7500 116.1000
-5.0569522632e-01 7.6810160731e-01 -5.3901229516e+00
86 46 19
2 0 3076 -136.6200 108.8300 1 2367 -136.4500 154.9400
1.3727592140e+00 7.9623542167e-01 -7.9760618723e+00
30 20 10
2 0 3077 280.0900 90.1200 1 2444 242.0900 97.1500
-1.3262658862e+00 2.4748031585e-01 -5.5079492505e+00
163 128 84
2 0 3078 -243.5400 17.1000 1 2372 -228.5200 79.7300
1.2050890269e+00 -1.7454555752e-01 -8.2550898907e+00
128 103 71
2 0 3082 267.8900 -50.0500 1 2393 227.3100 -29.5700
8.5647613114e-01 -2.2468493563e-01 -6.2253756404e+00
175 126 74
2 0 3083 127.9600 -57.2200 1 2421 75.4400 -0.5600
1.0825929711e+00 -2.2275797057e-01 -8.3762498745e+00
68 55 38
3 0 3084 256.3500 -57.3000 1 2424 216.8600 -35.4500 2 4061 334.4900 11.9600
1.0259728605e+00 -2.5725214672e-01 -8.2031106236e+00
114 88 55
2 0 3085 241.7300 -61.5200 1 2426 202.8500 -38.8500
9.9231507274e-01 -5.9463014100e-01 -8.2412871122e+00
52 43 34
2 0 3090 238.9600 -108.8500 1 2430 198.2800 -81.0800
-1.9179962963e+00 -8.6349093817e-01 -5.8482326964e+00
195 157 110
2 0 3093 -294.0600 -158.2400 1 2396 -279.2700 -72.2100
1.3984403085e+00 4.4176572198e-01 -8.1408397677e+00
74 61 45
3 0 3102 289.1600 37.7500 1 2446 250.4200 49.7500 2 4056 286.4500 90.1300
1.1711297749e+00 3.4671364153e-02 -8.1322532852e+00
105 86 56
2 0 3106 258.8800 -19.8100 1 2448 218.6400 -2.0200
1.0005995496e+00 -4.7494341357e-01 -7.9600804352e+00
14 10 7
2 0 3109 229.7100 -92.3400 1 2450 185.8500 -62.9500
-8.3856470614e-01 -6.9455176705e-01 -5.6528925791e+00
82 57 36
2 0 3111 -163.4600 -135.3500 1 2427 -172.4800 -50.8900
-1.4175151706e+00 -9.9718864495e-01 -5.5177085036e+00
119 99 72
2 0 3116 -256.3300 -184.2800 1 2399 -252.5600 -87.9400
1.6989406007e+00 1.8862828045e-01 -8.3150751644e+00
141 113 76
3 0 3124 338.6100 0.9000 1 2447 292.6000 14.8700 2 4055 347.1700 95.4300
-4.8414159554e-01 -4.5172056986e-01 -5.6106425101e+00
215 188 153
2 0 3128 -115.2800 -95.8100 1 2423 -131.8100 -18.1500
-1.2627822850e+00 -1.1931956571e+00 -5.4555084391e+00
71 40 18
2 0 3129 -240.5100 -217.8700 1 2452 -242.5500 -114.8200
-2.1089116158e+00 -1.3918716852e+00 -6.0257462816e+00
156 130 97
2 0 3130 -302.9200 -235.8800 1 2454 -292.9600 -142.6300
1.3170464214e+00 3.2127080100e-01 -8.1229280608e+00
132 106 73
2 0 3136 277.8100 20.2100 1 2460 238.6800 34.9500
1.3199538915e+00 -6.8002952364e-01 -8.6510957063e+00
39 30 15
2 0 3141 297.5100 -119.5900 1 2464 255.5700 -97.9200
1.2114478675e+00 -8.3091454013e-01 -8.5485176461e+00
134 113 92
2 0 3142 279.5500 -140.9400 1 2466 237.2400 -114.6600
9.9232963270e-01 -1.4078385334e+00 -8.6872159652e+00
133 112 91
2 0 3143 256.3500 -217.2800 1 2484 213.4700 -186.6100
-1.6867963819e+00 -1.2473071852e+00 -5.7163961459e+00
193 153 104
2 0 3144 -275.8100 -220.6500 1 2453 -269.2400 -122.6300
1.6519183419e+00 4.5377322473e-01 -8.0694874253e+00
147 118 84
2 0 3159 323.7800 41.4000 1 2489 277.6200 52.1700
1.2747408338e+00 -2.2620592569e-01 -8.1746749221e+00
129 104 73
2 0 3161 275.3700 -56.4900 1 2490 230.7800 -35.7900
-6.2081921755e-01 -7.1246696971e-01 -5.6799697355e+00
118 82 42
2 0 832 -130.1400 -138.4700 2 907 19.4300 -49.9600
-6.3531836868e-01 -7.6931070869e-01 -5.6844899493e+00
112 85 44
2 0 851 -131.7300 -147.7800 2 934 23.0200 -59.2700
-6.3899638437e-01 -9.5486859712e-01 -5.7153093230e+00
226 186 141
2 0 3115 -129.1300 -178.1400 2 4095 43.5500 -86.2100
-7.3677315342e-01 -8.1759562760e-01 -5.6499378414e+00
165 141 107
2 1 760 -163.3500 -67.7500 2 2229 9.9800 -77.6700
-9.1031630855e-01 -5.2023854825e-01 -5.6436737786e+00
68 33 11
2 1 1902 -178.9700 -26.9400 2 2975 -37.4700 -65.5700
-8.2664228070e-01 -1.2206433456e+00 -5.6751780947e+00
137 112 89
2 1 1966 -175.5100 -123.7000 2 3549 38.9900 -153.7900
