# Bundle file v0.3
3 358
1.0233250276e+03 4.1969442191e-01 -1.2454044303e-02
9.9322495894e-01 -6.7913508639e-02 9.4297064011e-02
8.1665784661e-02 9.8521244118e-01 -1.5062252606e-01
-8.2673336405e-02 1.5730289599e-01 9.8408379641e-01
1.1955333244e-01 -1.1078252789e-01 2.5266711017e-01
1.0138195800e+03 3.2217920196e-01 3.8453655853e-02
9.9960014693e-01 2.0824758118e-02 1.9127877650e-02
-1.5844789932e-02 9.7280651725e-01 -2.3107665964e-01
-2.3419839583e-02 2.3068118573e-01 9.7274750150e-01
1.6897079556e-02 -1.5358289724e-01 2.8492265769e-01
1.3762319348e+03 4.0049125627e-01 3.7517464330e-02
9.3358036322e-01 2.4286985970e-01 -2.6351838012e-01
-3.4908679194e-01 4.5004398053e-01 -8.2194819014e-01
-8.1031580889e-02 8.5934547583e-01 5.0493488299e-01
-1.8020862825e-01 -5.8867833201e-01 -2.4573185165e-01
1.2742028544e-01 4.9604239863e-02 -7.7277225462e-01
148 135 117
3 1 250 298.0100 162.1500 2 368 362.3000 56.5500 0 327 358.2100 137.7700
8.4624894491e-02 3.6853222483e-02 -7.7325912997e-01
86 72 52
3 1 312 195.7700 133.2400 2 1265 254.8200 77.4100 0 429 265.0100 101.3700
-5.6786807697e-02 1.9249665762e-02 -6.5326780436e-01
225 221 187
3 1 1869 -154.9600 49.9400 2 588 -140.9400 -57.5200 0 729 1.9700 5.6100
9.8765106571e-02 -5.4109968327e-03 -7.3510288351e-01
99 85 59
3 1 1899 242.2300 23.2800 2 1449 231.0400 -47.7100 0 731 328.7200 5.0800
4.0389231262e-02 8.1377158472e-03 -6.3852421690e-01
142 92 47
3 1 1942 136.9100 3.3700 2 1561 68.0700 -182.2600 0 766 276.4000 -8.7600
-5.6136876821e-02 1.3251395062e-02 -6.4788822000e-01
104 84 54
3 1 1895 -154.5000 29.3200 2 628 -146.1000 -75.6200 0 773 5.9600 -12.4400
-5.2008907999e-02 -1.8861612913e-03 -6.3444242910e-01
118 103 71
3 1 1975 -145.7500 -24.8000 2 710 -152.7200 -122.7700 0 934 23.0200 -59.2700
-4.0828646605e-02 -9.1793379592e-03 -6.2481600007e-01
172 155 132
3 1 2029 -113.6000 -55.0200 2 769 -137.0700 -159.5600 0 990 59.1100 -82.8400
9.2573209527e-02 3.7472644721e-02 -7.7111650267e-01
146 136 114
3 1 1749 215.4000 134.0400 2 1786 271.5300 67.9300 0 1928 283.4200 104.0900
1.0164946809e-01 1.4017831328e-02 -7.4821878647e-01
149 128 94
3 1 1841 244.5400 73.6000 2 1371 259.5100 -6.5000 0 2028 323.4300 51.8500
-4.0021859558e-02 -1.1175001037e-02 -6.2299838360e-01
159 143 125
3 1 2714 -111.5200 -63.1700 2 782 -137.5300 -165.8700 0 2246 62.5800 -88.9900
9.4534876128e-02 4.2162268781e-02 -7.7385947718e-01
166 152 119
3 1 1729 219.2100 145.1800 2 1777 281.5700 76.7900 0 2794 285.6000 114.7600
1.1976288674e-01 3.8360697775e-02 -7.6303913505e-01
132 123 95
3 1 2996 283.9200 134.0200 2 2138 328.6600 32.3300 0 2802 350.5700 111.0900
2.7610034007e-02 4.8413831426e-02 -6.7481114530e-01
194 148 99
3 1 2507 90.6100 138.1200 2 1907 88.7300 -54.7100 0 2813 207.6900 105.6500
9.4969934864e-02 3.7754522768e-02 -7.7046295202e-01
150 139 107
3 1 2516 221.0300 134.5500 2 2115 276.6200 65.2900 0 2814 289.5600 105.0700
9.4969934864e-02 3.7754522768e-02 -7.7046295202e-01
150 139 107
3 1 2517 221.0300 134.5500 2 2116 276.6200 65.2900 0 2815 289.5600 105.0700
9.8556420149e-02 4.1173399987e-04 -7.3904683497e-01
102 91 65
3 1 2632 241.1200 38.7900 2 1882 235.9200 -33.8600 0 2902 325.1200 18.9800
1.1394278088e-01 -8.7957573767e-03 -7.2743659776e-01
152 129 92
3 1 2656 284.1300 10.8800 2 1922 256.4900 -76.6300 0 2927 373.0300 -2.1500
-5.5127059946e-02 1.0426555600e-02 -6.4532734284e-01
131 113 80
3 1 3078 -152.3000 19.5400 2 1925 -146.8300 -84.7400 0 2941 9.9200 -21.1000
-7.2863301265e-02 -4.4634101519e-03 -6.4466247627e-01
80 49 26
3 1 3117 -205.2000 -23.3800 2 1927 -193.2300 -86.8200 0 2975 -37.4700 -65.5700
-5.2205885991e-02 -2.0700554674e-02 -6.1843451353e-01
215 191 150
3 1 3155 -151.5900 -95.6300 2 1553 -172.6500 -174.6600 0 3025 30.2700 -123.0100
9.5770925066e-02 3.3009379839e-02 -7.6654096027e-01
164 147 116
3 1 3006 224.0600 122.6300 2 2123 272.2700 52.0200 0 3404 294.2700 94.8900
8.7373779142e-02 2.8997632530e-02 -7.6633806087e-01
79 76 70
3 1 3334 204.2200 113.7300 2 2332 250.3900 53.7700 0 3409 276.0500 84.5100
9.6275005212e-02 1.0328158215e-03 -7.4038158419e-01
141 127 92
3 1 3074 233.9300 40.4700 2 2178 232.9300 -29.3100 0 3446 318.9100 20.6800
1.1458400207e-01 -1.1472573559e-02 -7.2541847580e-01
148 116 77
3 1 3091 286.6600 3.4900 2 2213 254.9700 -83.5700 0 3463 376.5100 -8.8500
4.4819220334e-02 -6.9401206623e-03 -6.2502222945e-01
98 67 43
3 1 3134 155.4800 -52.5000 2 2019 59.8300 -228.2300 0 3502 305.2400 -56.8400
-5.3532052572e-02 -2.7808130784e-03 -6.3382122128e-01
230 187 132
3 1 3121 -150.6900 -27.7900 2 1950 -156.9200 -123.8000 0 3506 18.9300 -62.5600
9.4116273454e-02 3.4795033132e-02 -7.6865886530e-01
90 85 66
3 1 3329 219.8900 127.6300 2 2418 270.9700 59.3500 0 3731 288.9000 98.2000
-4.8887210269e-02 -1.9871047079e-02 -6.1869783926e-01
244 197 144
3 1 3403 -140.7600 -92.9700 2 2247 -164.4700 -176.0300 0 3817 39.6100 -119.5000
1.1660990861e-01 3.1758051837e-02 -7.5935307208e-01
160 142 104
3 1 3697 277.5500 118.0000 2 2583 312.9100 21.1500 0 4055 347.1700 95.4300
9.1777905987e-02 3.1288662180e-02 -7.6610550646e-01
100 92 79
3 1 3696 214.8100 118.9000 2 2565 261.4000 52.7900 0 4056 286.4500 90.1300
1.0118961228e-01 -2.7033234472e-03 -7.3651897555e-01
88 81 61
3 1 3674 247.4700 30.2200 2 2546 237.9800 -43.5100 0 4061 334.4900 11.9600
8.4459348600e-02 1.0223517314e-01 -8.2870187883e-01
39 39 31
2 1 18 184.0300 285.4900 2 1079 347.3100 267.0900
1.1931652628e-01 4.5148003972e-02 -7.6886350920e-01
148 130 94
2 1 274 280.2100 151.6300 2 1291 337.6300 50.8400
9.6550909516e-02 4.3836312650e-02 -7.7497823986e-01
155 140 107
2 1 277 223.6600 149.6700 2 1263 287.9000 79.3000
8.6654010269e-02 4.0505372515e-02 -7.7503812817e-01
155 140 110
2 1 294 200.5900 142.1100 2 310 262.9200 83.5500
9.2534855198e-02 3.5887741255e-02 -7.7009730235e-01
103 93 68
2 1 319 215.0400 130.4000 2 1277 269.6200 64.3000
1.2580753951e-01 3.2078703451e-02 -7.5686332470e-01
149 133 84
2 1 352 300.9100 118.1700 2 445 333.4900 8.8000
1.1724175713e-01 2.7738392129e-02 -7.5592467106e-01
147 126 90
2 1 377 279.8700 107.7000 2 443 309.6300 9.4800
1.1856973385e-01 2.7147968385e-02 -7.5530886112e-01
53 34 12
2 1 380 283.1800 106.1200 2 452 311.8600 6.5500
1.1856973385e-01 2.7147968385e-02 -7.5530886112e-01
53 34 12
2 1 381 283.1800 106.1200 2 453 311.8600 6.5500
1.3390073899e-01 7.4628450188e-03 -7.3442933495e-01
138 122 89
2 1 489 332.3900 51.6800 2 604 317.5900 -64.5300
1.0515024627e-01 2.1733125178e-04 -7.3714739328e-01
154 139 110
2 1 537 257.3100 36.4500 2 551 249.5300 -42.9500
9.4917798614e-02 -4.0539235796e-03 -7.3643488482e-01
148 134 108
2 1 565 232.0100 26.4600 2 545 223.9500 -40.2600
4.4493098990e-02 5.8188992631e-03 -6.3900492994e-01
136 104 68
2 1 646 149.4500 -2.9500 2 824 76.2600 -186.9600
1.1231319512e-01 -3.4023687831e-02 -7.1879747616e-01
59 54 50
2 1 797 281.1400 -54.6400 2 693 227.3600 -112.5500
1.4641727354e-01 -3.4162853589e-02 -7.0370129623e-01
176 163 147
2 1 822 383.5100 -68.4300 2 785 293.6300 -168.7300
4.9712832367e-02 -1.2683428668e-02 -6.2222200351e-01
118 93 64
2 1 830 171.9100 -72.4200 2 921 65.6400 -243.2800
1.1848978647e-01 4.7701029754e-02 -7.7107242971e-01
147 129 94
2 1 1708 277.5600 158.0200 2 1284 339.2900 58.6200
1.2281908838e-01 4.4813724444e-02 -7.6733970354e-01
180 166 133
2 1 1718 289.4600 150.5900 2 1803 344.5700 44.7300
1.2563358546e-01 3.6340639752e-02 -7.6022437183e-01
203 184 148
2 1 1756 299.0900 129.0900 2 1343 338.9600 19.7700
9.1636974034e-02 2.8151575743e-02 -7.6423700944e-01
90 78 56
2 1 1777 215.0600 111.2400 2 1304 257.3700 45.9800
1.3227909498e-01 1.8900678721e-03 -7.3117780412e-01
162 140 103
2 1 1886 329.4800 36.8600 2 626 307.3900 -74.5500
1.3227909498e-01 1.8900678721e-03 -7.3117780412e-01
162 140 103
2 1 1887 329.4800 36.8600 2 627 307.3900 -74.5500
-5.9124937239e-02 4.6517658738e-03 -6.4107098400e-01
242 233 194
2 1 1948 -165.3700 0.0400 2 1494 -161.5800 -96.5000
-7.2318845588e-02 -8.5143906499e-03 -6.4062412412e-01
90 48 26
2 1 2009 -206.0800 -38.5300 2 668 -197.0300 -99.2100
-4.0466884676e-02 -6.0662368193e-03 -6.2664089670e-01
145 125 100
2 1 2012 -111.8600 -44.0000 2 760 -133.5700 -153.1400
-6.3223810391e-02 -2.7706468603e-02 -6.2701841298e-01
77 51 34
2 1 2085 -183.6100 -107.9600 2 759 -193.4300 -152.8300
1.2656214549e-01 -6.3870673698e-02 -6.9408746987e-01
86 80 72
2 1 2140 332.5200 -148.0600 2 1567 223.1500 -192.9900
-8.9370890229e-02 5.6211559899e-02 -7.0134175774e-01
94 53 33
2 1 2462 -229.6900 175.6700 2 1761 -166.8500 113.0000
1.2096711961e-01 5.1281424919e-02 -7.7304694540e-01
193 180 149
2 1 2473 282.8500 166.7800 2 2117 349.7100 64.3400
8.3794766110e-02 3.5163932356e-02 -7.7203590349e-01
144 130 102
2 1 2521 194.4600 129.3100 2 2106 250.4600 74.1900
9.4463859732e-02 3.0691154590e-02 -7.6567178735e-01
100 89 75
2 1 2536 221.3800 117.4200 2 2125 266.4200 49.1600
9.6543111585e-02 -3.8434624423e-03 -7.3636264684e-01
93 83 65
2 1 2646 236.1200 26.8700 2 1440 227.4200 -41.4200
4.9743921403e-02 -1.9725848818e-02 -6.1360446161e-01
163 115 65
2 1 2746 175.9700 -102.7000 2 1626 56.1500 -268.0500
4.9392815971e-02 -2.3399904628e-02 -6.1092007456e-01
138 98 51
2 1 2759 176.2100 -116.9700 2 1631 50.9700 -276.3100
-6.4448974572e-02 2.3387867748e-02 -6.5816836796e-01
190 174 144
2 1 3050 -175.3000 65.5300 2 1884 -153.4600 -36.7100
-6.3294659966e-02 1.9038597998e-02 -6.5419315815e-01
181 172 148
2 1 3065 -173.2900 50.7000 2 1905 -155.5100 -50.6600
-7.2845644553e-02 5.8673343979e-03 -6.5545521563e-01
107 64 41
2 1 3083 -200.8500 13.8900 2 1906 -181.2900 -53.6200
-6.9632429129e-02 -1.5174841095e-02 -6.3503708264e-01
84 43 27
2 1 3141 -200.1900 -62.9500 2 1947 -197.6900 -119.4200
-5.0414283768e-02 -2.1299173433e-02 -6.1767469902e-01
54 30 19
2 1 3156 -146.6600 -98.5600 2 1991 -169.6500 -177.8500
-5.0414283768e-02 -2.1299173433e-02 -6.1767469902e-01
54 30 19
2 1 3157 -146.6600 -98.5600 2 1990 -169.6500 -177.8500
5.0333938115e-02 -2.2136516826e-02 -6.1177553097e-01
166 117 67
2 1 3164 178.6900 -112.2000 2 2039 54.7900 -274.4200
1.0911271941e-01 -7.3345095679e-02 -6.6473283678e-01
115 111 100
2 1 3196 309.1000 -202.1100 2 1599 169.3800 -243.1800
1.0624124496e-01 8.4574695107e-04 -7.3733608708e-01
149 133 99
2 1 3361 260.0200 37.9800 2 2345 252.4500 -42.8500
-4.7629502469e-02 4.4687196028e-03 -6.3694598001e-01
244 228 192
2 1 3373 -131.6400 -4.0200 2 2227 -137.5100 -115.2500
-4.1240795828e-02 -5.4837242212e-02 -5.8823535597e-01
37 32 21
2 1 3456 -127.2900 -244.0200 2 2041 -184.9600 -277.0000
-9.1543817712e-02 1.4822340088e-02 -6.4581275773e-01
224 198 151
2 1 3537 -265.2600 35.3800 2 2347 -232.6100 -48.4400
-9.0387471063e-02 1.1513436897e-02 -6.4287408759e-01
246 240 203
2 1 3540 -263.2200 23.5000 2 2349 -233.3500 -59.1700
1.2208265326e-01 -5.6181921943e-02 -7.0244911543e-01
39 29 20
2 1 3566 315.3600 -121.0000 2 2447 222.5200 -167.6700
8.6607139925e-02 2.5670079725e-02 -7.6365152488e-01
153 137 111
2 1 3611 203.1500 105.4600 2 2538 244.1700 46.1300
1.0318757555e-01 2.4772408139e-03 -7.3935881990e-01
150 135 102
2 1 3616 251.1800 42.7600 2 2545 248.6700 -35.3600
3.8166926099e-02 7.2352831267e-03 -6.3882849737e-01
169 132 87
2 1 3622 130.2400 1.4000 2 2448 62.8600 -180.8500
-7.2418003080e-02 8.0692763019e-02 -6.9582086135e-01
95 75 58
2 1 71 -188.3600 244.5500 0 235 -58.7000 168.4400
-7.2418003080e-02 8.0692763019e-02 -6.9582086135e-01
95 75 58
2 1 72 -188.3600 244.5500 0 236 -58.7000 168.4400
1.7172487919e-02 7.7444808841e-02 -6.9088974771e-01
210 171 119
2 1 104 62.6100 226.2500 0 215 166.3500 178.3600
-2.0551807466e-02 7.5644171717e-02 -6.6989137611e-01
195 172 148
2 1 113 -43.9800 222.0500 0 243 81.4000 165.8400
-4.2273934851e-02 7.0418209643e-02 -6.7586482228e-01
125 97 75
2 1 133 -106.8600 208.4400 0 293 23.5100 147.4700
-2.0437922064e-02 6.6120920500e-02 -6.6350011024e-01
145 134 114
2 1 173 -44.2000 191.5900 0 315 85.7600 140.1800
-2.6342453608e-03 6.2224338549e-02 -6.5517165138e-01
127 95 79
2 1 209 9.0800 177.5800 0 343 138.5100 132.2400
-4.1873341509e-02 5.4508159925e-02 -6.6449602717e-01
121 99 75
2 1 259 -107.6800 158.0800 0 419 30.6200 104.6000
-4.7193862084e-02 5.2909709163e-02 -6.6496571712e-01
167 133 106
2 1 263 -123.3300 154.0600 0 1939 16.8500 99.1200
-7.3069466956e-02 3.9600725924e-02 -6.7066088897e-01
147 121 98
2 1 349 -196.8900 118.7400 0 2012 -49.2100 60.3400
1.1388892395e-01 3.0115523676e-02 -7.5563105916e-01
143 119 81
2 1 358 272.8500 112.9400 0 469 344.1900 91.0200
-5.5427331712e-02 3.6171588692e-02 -6.5820399601e-01
177 141 107
2 1 387 -149.1800 102.6700 0 598 -0.0200 51.5500
-1.5735055217e-02 3.5834395382e-02 -6.4010210566e-01
169 145 121
2 1 410 -31.9000 90.6900 0 584 114.3000 54.9200
4.5636904170e-03 3.0273395287e-02 -6.2987560414e-01
117 92 74
2 1 452 31.8100 67.1700 0 628 178.8700 41.2300
-4.7634552653e-02 2.5547529002e-02 -6.4847126037e-01
215 175 125
2 1 456 -128.2500 65.7500 0 671 25.3300 22.2600
1.0018761662e-01 1.1751690376e-03 -7.4422809094e-01
149 134 101
2 1 521 240.5700 42.3100 0 2073 324.4400 22.8800
-4.2643493347e-02 1.8980737582e-02 -6.4222480841e-01
130 113 96
2 1 522 -114.5500 42.2100 0 734 42.0600 3.5300
-5.2283660451e-02 1.4347915358e-02 -6.4332555714e-01
202 167 126
2 1 553 -143.7500 29.7800 0 772 16.3300 -10.8600
1.1005334259e-01 -6.2482374160e-03 -7.3680479661e-01
152 138 105
2 1 581 267.6800 21.8800 0 726 354.7100 5.8300
-5.6350553147e-02 1.1560182974e-02 -6.4372551281e-01
225 189 153
2 1 582 -155.9700 21.7400 0 2132 5.6100 -18.8300
-4.0139414947e-02 8.9008615668e-03 -6.3493909715e-01
147 129 108
2 1 618 -108.5700 7.2500 0 820 53.4800 -26.6700
-4.9594741438e-02 6.6663375083e-03 -6.3702700843e-01
245 227 185
2 1 625 -137.3500 2.5700 0 844 27.0500 -34.0100
-1.3023483468e-01 -1.3154984353e-02 -6.9744331620e-01
187 163 115
2 1 664 -337.9800 -9.0400 0 2983 -182.6900 -71.0100
-4.7119436827e-02 3.5169980558e-03 -6.3381328471e-01
251 229 190
2 1 667 -130.6200 -9.2700 0 882 35.5700 -43.7500
3.9678580488e-02 2.2453115093e-03 -6.3065696957e-01
131 104 74
2 1 703 138.0100 -19.1300 0 831 282.5200 -29.8300
-4.0748633679e-02 -8.3531530542e-04 -6.2906311229e-01
218 180 150
2 1 726 -112.0500 -25.8800 0 930 56.0600 -57.3500
4.0207762517e-02 5.2508340816e-04 -6.2886642337e-01
141 107 71
2 1 727 140.2100 -25.5200 0 853 286.2500 -35.6900
-3.8970789997e-02 -7.2690749795e-03 -6.2442231066e-01
230 195 155
2 1 780 -107.5800 -49.7500 0 979 64.0800 -77.1900
-9.7709470955e-02 -1.2400865700e-02 -6.4012284988e-01
160 147 112
2 1 781 -286.5500 -50.3000 0 2263 -103.0500 -95.4400
1.1623276686e-01 -3.7928029125e-02 -7.3011777342e-01
59 54 50
2 1 796 281.1400 -54.6400 0 2212 378.0600 -65.7600
-1.2472380138e-01 -3.2559224730e-02 -6.8249861126e-01
219 199 148
2 1 827 -332.0900 -70.3600 0 3036 -167.3500 -125.9100
-5.8694745509e-02 -2.0931060867e-02 -6.2740169983e-01
140 125 105
2 1 864 -169.0200 -87.4100 0 2285 9.9400 -118.1500
-3.0862551432e-02 -2.6813552839e-02 -6.0959707684e-01
135 115 90
2 1 938 -85.2900 -124.6000 0 1113 98.6700 -142.3400
1.2298165303e-02 -2.1995775979e-02 -5.9161059941e-01
173 146 122
2 1 959 60.0900 -132.8900 0 1093 244.2100 -133.2900
-3.1536099478e-02 -3.6938737796e-02 -6.0425914674e-01
223 178 139
2 1 1032 -88.9400 -162.8100 0 1189 101.7100 -177.0400
-2.8200005055e-02 -3.6787474035e-02 -6.0276047796e-01
151 131 112
2 1 1036 -78.2400 -164.0100 0 1190 112.7000 -177.5600
-2.9848202595e-02 -4.3188301158e-02 -5.9979610552e-01
224 198 157
2 1 1106 -84.6200 -188.1200 0 1241 110.9400 -200.2900
-2.9848202595e-02 -4.3188301158e-02 -5.9979610552e-01
224 198 157
2 1 1107 -84.6200 -188.1200 0 1242 110.9400 -200.2900
-2.0894682727e-02 -4.7815486108e-02 -5.9219366361e-01
228 195 165
2 1 1220 -55.9000 -213.8100 0 1287 144.7800 -221.0000
-1.6413484737e-02 -4.7491372703e-02 -5.8936196087e-01
186 172 160
2 1 1238 -40.7100 -217.4300 0 1292 160.8500 -221.9800
-4.1346858279e-02 -5.3435646426e-02 -5.9927781764e-01
165 135 104
2 1 1252 -123.8100 -221.4800 0 1339 78.5600 -234.8300
-1.4822032758e-02 -4.8862553108e-02 -5.8882090824e-01
212 195 184
2 1 1258 -35.3800 -222.6500 0 1311 166.6700 -226.6700
-3.3708401344e-02 -5.2754148809e-02 -5.9573858760e-01
154 132 109
2 1 1266 -99.0100 -224.6000 0 1340 103.7400 -234.9300
-2.8179532946e-02 -5.3358649732e-02 -5.9386401522e-01
147 129 112
2 1 1280 -80.7200 -229.2500 0 1342 122.1700 -237.7900
-9.7307839488e-02 -7.6636953512e-02 -6.2318950591e-01
214 188 138
2 1 1371 -295.5300 -259.8800 0 2590 -89.0200 -291.5300
-2.6321580634e-02 -6.0720536539e-02 -5.8940922198e-01
138 131 114
2 1 1377 -75.5200 -260.7600 0 1462 132.6100 -265.5600
8.9430177019e-02 1.0363874725e-01 -8.3628189324e-01
88 89 83
2 1 1539 191.4800 288.3400 0 104 232.3400 236.0000
7.9892821138e-02 9.5905281343e-02 -8.2924158225e-01
81 79 73
2 1 1556 172.7700 270.6000 0 136 218.0200 220.4100
-3.8354083056e-02 7.7706060592e-02 -6.7786424056e-01
147 127 105
2 1 1605 -95.2800 230.6600 0 1825 31.8700 167.4000
-3.4127694396e-02 7.3768107558e-02 -6.7420687736e-01
188 162 134
2 1 1621 -83.4400 217.6500 0 1844 44.5500 158.0600
-3.4127694396e-02 7.3768107558e-02 -6.7420687736e-01
188 162 134
2 1 1622 -83.4400 217.6500 0 1845 44.5500 158.0600
1.9209538977e-02 7.3476246319e-02 -6.8776181106e-01
100 71 50
2 1 1626 68.5300 214.1900 0 234 173.7300 168.7700
-7.0390439510e-02 6.7102215229e-02 -6.8571882831e-01
173 134 92
2 1 1645 -185.2200 202.7600 0 1881 -49.7400 134.0400
2.2293573924e-02 6.9051017477e-02 -6.8425726873e-01
198 150 91
2 1 1650 77.4800 200.8000 0 267 184.2000 157.9600
-2.5593335442e-02 6.7183592878e-02 -6.6605023097e-01
112 103 88
2 1 1655 -59.3100 195.7100 0 308 70.9000 142.0000
-4.0508646308e-02 6.6034238110e-02 -6.7189654856e-01
127 97 71
2 1 1657 -102.4200 194.7800 0 1879 30.0600 135.6600
-4.0508646308e-02 6.6034238110e-02 -6.7189654856e-01
127 97 71
2 1 1658 -102.4200 194.7800 0 1878 30.0600 135.6600
2.1574131317e-02 6.4772913377e-02 -6.8005454847e-01
100 73 55
2 1 1669 75.9700 187.6000 0 1866 185.5000 146.6900
-1.4740704976e-02 6.4692572583e-02 -6.5967677667e-01
170 146 122
2 1 1670 -27.3600 186.1700 0 328 102.9700 137.3100
-4.8504287527e-02 6.1619112769e-02 -6.7201074472e-01
117 89 67
2 1 1675 -125.6700 181.6700 0 1904 9.9400 123.0300
-4.2948617203e-02 6.2089022537e-02 -6.6972403351e-01
122 94 70
2 1 1677 -109.9200 182.2000 0 361 24.9400 125.1100
-3.0118222707e-02 5.5340795253e-02 -6.5950144867e-01
164 143 122
2 1 1707 -73.6000 158.4300 0 404 63.3200 108.5900
-6.1913243485e-02 5.2254204173e-02 -6.7141212647e-01
201 148 103
2 1 1712 -164.7800 155.2700 0 1948 -22.8600 95.3400
-3.0256369817e-02 5.2224332556e-02 -6.5720416640e-01
143 113 87
2 1 1722 -74.3100 148.0500 0 1937 64.2900 100.1400
-2.8520810206e-02 4.7532350155e-02 -6.5327670749e-01
131 110 89
2 1 1750 -69.6400 132.5700 0 487 71.3100 87.0000
-3.4726521823e-02 4.3193899633e-02 -6.5381824125e-01
138 114 88
2 1 1767 -88.2700 120.1100 0 1988 55.1300 73.9500
1.2660371525e-01 3.1294104438e-02 -7.5553735600e-01
183 167 131
2 1 1771 304.2100 115.6200 0 451 373.2700 96.3500
1.2347576136e-01 2.5008477250e-02 -7.5062023575e-01
123 108 80
2 1 1793 298.4900 99.3600 0 1972 371.0500 81.2300
1.2347576136e-01 2.5008477250e-02 -7.5062023575e-01
123 108 80
2 1 1794 298.4900 99.3600 0 1973 371.0500 81.2300
1.2113750093e-01 2.4244618496e-02 -7.5048521552e-01
117 102 79
2 1 1797 292.6400 97.5100 0 1978 365.7800 79.0600
1.2113750093e-01 2.4244618496e-02 -7.5048521552e-01
117 102 79
2 1 1798 292.6400 97.5100 0 1979 365.7800 79.0600
1.3100708278e-01 2.3969789946e-02 -7.4804544716e-01
147 124 84
2 1 1801 318.8800 95.9800 0 509 391.2900 80.2300
-3.9650218029e-02 3.4892053305e-02 -6.4957374932e-01
148 113 83
2 1 1805 -103.9200 93.6000 0 2032 44.8300 49.6100
-3.9650218029e-02 3.4892053305e-02 -6.4957374932e-01
148 113 83
2 1 1806 -103.9200 93.6000 0 2033 44.8300 49.6100
-4.0665272838e-02 3.3930897380e-02 -6.5018738527e-01
175 141 113
2 1 1810 -106.8400 91.1200 0 2040 42.0500 46.8900
-8.3494854945e-02 2.6383203600e-02 -6.7057046477e-01
37 34 28
2 1 1823 -226.3800 81.3500 0 2066 -73.5700 24.3900
-5.4729950756e-02 2.6906325110e-02 -6.5154219992e-01
155 125 93
2 1 1843 -148.8800 71.6900 0 2065 5.1200 25.5600
-1.5572931601e-02 3.0104410882e-02 -6.3651530599e-01
136 118 99
2 1 1844 -31.7300 71.2900 0 2047 117.5600 38.0200
-6.7040680011e-02 2.2546805401e-02 -6.5470626050e-01
147 124 90
2 1 1855 -184.7200 61.2200 0 2087 -27.6600 12.5300
5.7863882360e-04 2.8213311583e-02 -6.2818786915e-01
85 64 54
2 1 1857 19.2400 59.9800 0 2890 168.9300 33.9000
-5.6825229755e-02 2.0690924887e-02 -6.5025031511e-01
212 209 183
2 1 1865 -155.4100 52.9300 0 717 1.0200 7.8900
-4.2113673354e-02 1.6984646452e-02 -6.4072196424e-01
137 118 100
2 1 1888 -113.2900 35.3700 0 2107 44.4200 -2.4500
-2.9863992894e-02 1.8524935618e-02 -6.3495377415e-01
156 127 102
2 1 1889 -76.5900 35.7300 0 2102 80.3300 2.2200
4.0187370111e-03 1.6427916888e-02 -6.1936258567e-01
72 57 47
2 1 1909 30.4400 17.2800 0 752 187.1800 -2.5100
-2.1793973008e-02 1.3383213453e-02 -6.2822862118e-01
179 162 142
2 1 1914 -52.2800 15.3100 0 774 107.2400 -13.2400
-3.2607867510e-02 1.1940071945e-02 -6.3231088275e-01
181 158 136
2 1 1916 -85.6800 14.2900 0 795 75.0400 -17.8900
-1.6688271102e-02 1.1612720991e-02 -6.2460232388e-01
159 140 122
2 1 1934 -36.4600 7.1700 0 798 124.1800 -18.8600
-6.3679044975e-02 -2.0285219588e-03 -6.4121497547e-01
158 153 125
2 1 1967 -179.0600 -19.3500 0 2195 -11.0600 -58.7300
1.5954161731e-03 4.0986539816e-03 -6.1162800553e-01
175 157 144
2 1 1981 22.5900 -27.4400 0 2169 188.0100 -42.8900
7.7233546071e-03 2.5563693793e-04 -6.0720700102e-01
228 182 153
2 1 2013 43.2400 -44.1100 0 2189 210.8300 -55.1300
-1.0874454464e-01 -2.0220430540e-02 -6.5743917377e-01
155 140 101
2 1 2033 -306.4700 -57.7700 0 2280 -130.8700 -107.6200
4.5685091395e-02 -1.7251286825e-02 -6.1706204197e-01
134 98 73
2 1 2065 161.2000 -91.3400 0 2255 318.1400 -91.5400
4.5685091395e-02 -1.7251286825e-02 -6.1706204197e-01
134 98 73
2 1 2066 161.2000 -91.3400 0 2256 318.1400 -91.5400
-5.8328323912e-02 -2.4019343783e-02 -6.2587295928e-01
149 133 113
2 1 2073 -168.4600 -98.2300 0 2302 12.0000 -127.7500
-1.0400163055e-02 -1.8393034986e-02 -6.0357348768e-01
184 170 157
2 1 2083 -17.9800 -106.1400 0 2284 161.9800 -117.2300
-5.6402416341e-02 -2.9336088514e-02 -6.2044098396e-01
147 125 101
2 1 2101 -164.6900 -119.8000 0 3050 20.2800 -146.8100
1.8233971860e-03 -2.2250292941e-02 -5.9573593338e-01
163 141 125
2 1 2115 23.3500 -128.0200 0 2311 206.9900 -132.7700
-2.8696604007e-02 -2.8381411247e-02 -6.0676578207e-01
175 158 133
2 1 2123 -78.7500 -132.9900 0 2335 106.9800 -148.7200
-1.2255385133e-02 -3.3650323454e-02 -5.9550661210e-01
170 144 119
2 1 2165 -25.2100 -164.4900 0 2349 165.6400 -170.9400
-1.8340575050e-01 -1.2552459925e-01 -7.9590010166e-01
119 122 115
2 1 2186 -382.3300 -184.8500 0 2485 -259.1700 -259.4400
-8.3938986379e-02 -4.5550658599e-02 -6.0618774488e-01
152 135 104
2 1 2190 -265.5000 -188.9900 0 3093 -54.3800 -215.4100
-8.3938986379e-02 -4.5550658599e-02 -6.0618774488e-01
152 135 104
2 1 2191 -265.5000 -188.9900 0 3094 -54.3800 -215.4100
2.8422628023e-02 -4.0132567631e-02 -5.7723796811e-01
94 77 65
2 1 2248 120.6000 -215.6200 0 2388 318.8500 -202.2700
-2.1707992556e-02 -4.8274429482e-02 -5.9216235326e-01
190 159 128
2 1 2250 -58.5300 -215.9900 0 2409 142.1200 -221.9900
-2.0483752561e-02 -4.8965401470e-02 -5.9132427596e-01
221 185 152
2 1 2258 -54.6100 -219.0700 0 2413 146.9000 -225.2900
-2.3812095717e-02 -5.4263513182e-02 -5.9133664423e-01
120 109 93
2 1 2296 -66.2100 -236.5400 0 2435 137.5700 -242.2400
-3.3411876750e-02 -5.6785918062e-02 -5.9353843616e-01
163 145 123
2 1 2301 -98.7500 -241.0800 0 2451 106.9000 -249.9300
-8.3669336638e-02 -6.2324910552e-02 -6.0239814397e-01
139 116 85
2 1 2314 -267.3200 -247.9000 0 3176 -49.6000 -270.6700
-8.4708634728e-02 -6.4252027772e-02 -6.0379296725e-01
206 182 139
2 1 2319 -269.8500 -251.4800 0 3195 -52.4200 -275.4800
-8.1297800401e-02 -6.4809573447e-02 -5.9785026910e-01
196 172 127
2 1 2340 -262.9100 -262.8300 0 3233 -40.9200 -283.9400
1.6881316122e-02 -5.2401882404e-02 -5.6342871475e-01
143 116 74
2 1 2361 82.7400 -281.9900 0 2506 301.2400 -264.2900
1.6881316122e-02 -5.2401882404e-02 -5.6342871475e-01
143 116 74
2 1 2362 82.7400 -281.9900 0 2507 301.2400 -264.2900
-6.4637506312e-02 9.1403771621e-02 -7.0054326109e-01
122 97 73
2 1 2394 -165.5000 275.6300 0 1778 -42.0200 196.9300
-7.2940309024e-02 8.8453563467e-02 -7.0234530272e-01
141 136 117
2 1 2400 -188.0200 267.3400 0 1789 -62.3100 188.4200
-6.3855868236e-02 8.8059793277e-02 -6.9782606351e-01
127 96 70
2 1 2403 -163.9100 265.3600 0 1787 -39.0600 188.8700
7.9652297822e-02 9.3603671483e-02 -8.2752955663e-01
31 30 19
2 1 2405 172.5100 265.3400 0 2694 218.5400 216.1400
-5.8227576511e-02 8.4800288497e-02 -6.9315441309e-01
182 169 143
2 1 2416 -149.1300 254.8200 0 2721 -23.6100 181.7600
1.5404212151e-02 8.6715407780e-02 -6.9924045835e-01
87 69 53
2 1 2419 57.0600 253.8100 0 1774 156.2200 201.2000
-5.5011521944e-02 7.2706150388e-02 -6.8343231162e-01
193 176 147
2 1 2433 -142.0100 217.7100 0 2751 -11.3400 150.9300
2.0450413458e-02 7.4417468741e-02 -6.8906983899e-01
195 147 91
2 1 2435 71.8200 216.9200 0 2737 175.9300 171.5600
-3.8165417319e-02 6.8049069104e-02 -6.7133215394e-01
116 93 72
2 1 2440 -95.6800 200.0600 0 2765 35.9000 142.1000
-7.2250095891e-02 6.5368152881e-02 -6.8559224121e-01
87 63 39
2 1 2443 -190.4700 197.7300 0 1888 -54.1100 129.3500
-6.8970466453e-02 6.1503864163e-02 -6.8116923984e-01
179 137 97
2 1 2453 -182.4100 185.2100 0 1907 -44.4400 119.6200
-6.8970466453e-02 6.1503864163e-02 -6.8116923984e-01
179 137 97
2 1 2454 -182.4100 185.2100 0 1908 -44.4400 119.6200
-6.8634047014e-02 5.9412576264e-02 -6.7982756008e-01
173 131 88
2 1 2460 -181.7700 178.6900 0 1914 -42.9900 114.1900
-6.8634047014e-02 5.9412576264e-02 -6.7982756008e-01
173 131 88
2 1 2461 -181.7700 178.6900 0 1915 -42.9900 114.1900
-3.6266194023e-02 5.9761363776e-02 -6.6547988629e-01
128 111 83
2 1 2466 -90.9600 173.4600 0 2790 44.1000 120.1700
-6.2443382889e-02 5.5868292319e-02 -6.7447286807e-01
195 143 86
2 1 2471 -165.4500 166.5400 0 2811 -25.5300 105.3700
-3.9752587511e-02 5.6423803275e-02 -6.6463672261e-01
197 149 105
2 1 2474 -101.4300 163.9200 0 2805 35.8700 109.9300
1.2514326866e-01 4.8652983392e-02 -7.7098789107e-01
185 174 153
2 1 2477 294.2400 159.7000 0 1880 354.9900 135.0800
8.5005996193e-02 4.7362295728e-02 -7.8275066171e-01
115 97 75
2 1 2481 194.2300 158.8200 0 1903 258.8800 124.2100
-3.0655186286e-02 5.3906313329e-02 -6.5846935653e-01
130 107 83
2 1 2489 -75.3400 153.6700 0 1925 62.4900 104.6500
-4.5319649670e-02 5.2647248446e-02 -6.6435924247e-01
131 99 74
2 1 2492 -117.9000 152.8900 0 2824 21.9700 98.7700
-4.5319649670e-02 5.2647248446e-02 -6.6435924247e-01
131 99 74
2 1 2493 -117.9000 152.8900 0 2825 21.9700 98.7700
-4.9309338063e-02 5.1170363779e-02 -6.6645799740e-01
176 154 131
2 1 2499 -129.0200 148.7400 0 2831 11.0500 95.0800
-3.3620046632e-02 4.8842568339e-02 -6.5677596557e-01
128 105 89
2 1 2505 -84.4900 138.2600 0 1959 56.0900 89.8200
-5.7886234759e-02 3.9952360681e-02 -6.6162172173e-01
132 104 81
2 1 2539 -155.5400 115.1500 0 2867 -8.0700 62.1800
2.7095601106e-02 3.9423529004e-02 -6.6118230934e-01
155 128 108
2 1 2548 93.8200 107.9300 0 2851 215.6900 79.4900
1.3174676082e-01 2.8066973254e-02 -7.5570465523e-01
186 170 151
2 1 2549 315.8500 108.1300 0 2835 384.8800 90.3600
-3.3132386186e-02 3.8250561011e-02 -6.4970604118e-01
132 115 89
2 1 2553 -84.1200 103.2400 0 2014 61.7700 60.2400
-3.3132386186e-02 3.8250561011e-02 -6.4970604118e-01
132 115 89
2 1 2554 -84.1200 103.2400 0 2015 61.7700 60.2400
1.1726695055e-01 2.5615151810e-02 -7.5342845302e-01
144 125 86
2 1 2558 281.4400 101.7300 0 2847 353.9800 81.6300
1.1726695055e-01 2.5615151810e-02 -7.5342845302e-01
144 125 86
2 1 2559 281.4400 101.7300 0 2848 353.9800 81.6300
2.8266169263e-02 3.5784649806e-02 -6.5834302936e-01
153 128 104
2 1 2565 97.6400 96.1900 0 2861 221.4300 69.4200
3.3510639047e-02 2.8143153652e-02 -6.5062869045e-01
105 67 39
2 1 2591 114.8500 69.7500 0 2879 242.8900 48.5800
-1.2859488953e-02 2.6640992460e-02 -6.3215530695e-01
174 152 124
2 1 2605 -23.5100 58.2400 0 2897 128.2700 27.4000
-1.0475423105e-02 2.1062018243e-02 -6.2832139629e-01
143 125 112
2 1 2634 -16.2900 38.6700 0 2912 138.2200 10.7500
2.8053719403e-03 1.0789411967e-02 -6.1596389192e-01
149 133 125
2 1 2667 26.5500 -3.1000 0 2940 187.0400 -20.5300
1.2035285825e-01 -1.4140984137e-02 -7.2561319627e-01
66 57 43
2 1 2668 299.8300 -3.0700 0 2937 391.4500 -13.5600
-1.2670479451e-01 -1.3890283759e-02 -6.9149599634e-01
217 195 148
2 1 2674 -332.6700 -15.0700 0 3511 -174.7600 -75.0400
1.0265491121e-01 -2.0201842571e-02 -7.2462955595e-01
42 29 26
2 1 2675 254.5900 -17.0900 0 2152 350.3800 -30.7200
1.0265491121e-01 -2.0201842571e-02 -7.2462955595e-01
42 29 26
2 1 2676 254.5900 -17.0900 0 2153 350.3800 -30.7200
9.2633196601e-02 -1.9311324161e-02 -7.1978964251e-01
96 89 84
2 1 2677 232.7200 -17.5900 0 2949 331.3500 -32.3800
1.0321352522e-01 -2.1962112425e-02 -7.2352463765e-01
42 34 27
2 1 2679 256.3600 -21.8200 0 2157 352.9800 -35.1000
-5.1029824407e-02 -4.9750158785e-03 -6.3109534801e-01
130 103 83
2 1 2694 -143.6600 -36.5700 0 2215 27.2300 -69.6900
-9.3585528407e-02 -9.0745866157e-03 -6.3293438709e-01
184 175 142
2 1 2704 -279.1000 -47.4000 0 3811 -92.3300 -89.2600
-6.2191422199e-02 -1.1416225505e-02 -6.3567185520e-01
106 85 66
2 1 2705 -176.5800 -51.4100 0 3521 -3.8400 -87.2000
4.3876700964e-02 -8.3429159056e-03 -6.2270531405e-01
213 167 116
2 1 2709 153.6800 -58.5300 0 2204 304.8300 -62.7100
-4.7674457151e-02 -1.8723455593e-02 -6.2140322162e-01
111 87 64
2 1 2731 -136.3300 -86.7500 0 3021 42.8300 -113.8900
4.6194250060e-02 -2.2290435929e-02 -6.1479807623e-01
160 132 97
2 1 2751 163.3000 -108.9200 0 3013 323.2900 -108.0000
5.4013054022e-02 -3.2615759742e-02 -6.0710710341e-01
163 121 72
2 1 2785 192.4100 -150.8900 0 3047 359.4900 -142.9600
-1.7243649905e-02 -3.5024657539e-02 -5.9733563068e-01
198 175 150
2 1 2792 -42.1600 -165.9300 0 3064 149.2700 -174.8600
-1.5678865399e-02 -4.6984963118e-02 -5.9134140008e-01
202 188 175
2 1 2837 -37.9900 -212.8600 0 3098 161.3900 -217.7900
-2.5874962459e-02 -5.1153601893e-02 -5.9409262302e-01
177 162 140
2 1 2845 -72.7300 -221.7700 0 3104 128.6500 -230.1600
-1.2857645511e-02 -5.4150433952e-02 -5.8463214914e-01
215 199 185
2 1 2886 -29.0800 -246.9700 0 2444 177.7200 -248.0800
1.5396849773e-02 -4.8735197769e-02 -5.6451054955e-01
24 21 14
2 1 2900 77.1300 -266.7400 0 3125 293.4500 -250.2800
-2.8220640375e-02 -6.2809883810e-02 -5.8839850313e-01
57 51 37
2 1 2902 -82.5200 -268.9800 0 2538 128.0200 -274.3900
-5.9710859504e-02 8.2971052049e-02 -6.9244526174e-01
131 105 77
2 1 2949 -153.4500 249.3800 0 2729 -26.8800 176.9100
1.6087426842e-02 8.3865092384e-02 -6.9622915561e-01
77 64 47
2 1 2950 59.2200 245.4900 0 2714 159.9400 194.2000
-5.9242744385e-02 8.0364276257e-02 -6.9041475540e-01
126 105 80
2 1 2952 -152.5600 241.4600 0 3360 -24.8500 170.2700
-3.4896311716e-02 7.0310012265e-02 -6.7160789232e-01
116 98 78
2 1 2960 -86.0800 207.0300 0 2755 44.0200 148.4400
1.0639587225e-01 6.2164342863e-02 -7.8514712255e-01
166 155 139
2 1 2965 244.7400 193.1200 0 1843 302.0800 159.6400
1.1662721360e-01 6.1329314705e-02 -7.8565620800e-01
195 182 163
2 1 2969 267.8400 191.3000 0 3363 323.4500 160.1900
-4.9145154267e-02 5.7285327740e-02 -6.6922943371e-01
122 95 72
2 1 2977 -128.1400 168.5400 0 3389 9.8500 110.7300
-6.7746768090e-02 5.5921991795e-02 -6.7660202456e-01
196 142 86
2 1 2980 -180.1800 167.5400 0 3395 -39.5800 105.0100
6.9676037533e-02 5.1705666031e-02 -7.7214046919e-01
103 99 94
2 1 2983 164.7800 166.9200 0 2778 233.9700 129.9300
-1.9588597691e-02 5.4745178656e-02 -6.5440683493e-01
141 125 109
2 1 2985 -42.4500 154.4300 0 2808 93.8100 108.7200
-4.5262703448e-03 5.2046646899e-02 -6.4650965413e-01
132 126 118
2 1 2992 3.3900 142.4400 0 2817 139.4500 104.1600
3.1327848314e-02 3.5205887048e-02 -6.5605191252e-01
79 60 50
2 1 3029 107.3800 93.4100 0 2864 231.7100 68.1100
-2.0631810924e-02 3.2972602403e-02 -6.4148216135e-01
120 101 84
2 1 3038 -47.0200 82.8700 0 2883 100.4300 46.2600
-2.1369910502e-03 3.2689327434e-02 -6.3210313037e-01
209 173 141
2 1 3047 10.5800 76.3000 0 2882 157.8600 47.0800
-3.8514418222e-02 2.6871226607e-02 -6.4399343456e-01
141 115 101
2 1 3048 -101.6100 66.8500 0 3444 51.3700 26.2600
-5.9855529996e-02 2.2952438457e-02 -6.5205192286e-01
244 205 140
2 1 3054 -164.0400 60.5700 0 3452 -8.0000 14.1400
-5.9855529996e-02 2.2952438457e-02 -6.5205192286e-01
244 205 140
2 1 3055 -164.0400 60.5700 0 3453 -8.0000 14.1400
1.0277325915e-01 6.9742522044e-03 -7.4500042949e-01
125 112 80
2 1 3058 247.4800 56.1000 0 3442 329.4500 35.9600
3.4740332219e-02 2.3934467722e-02 -6.4671454162e-01
104 74 52
2 1 3060 119.4000 55.4300 0 3440 250.2600 36.1200
3.4740332219e-02 2.3934467722e-02 -6.4671454162e-01
104 74 52
2 1 3062 119.4000 55.4300 0 3441 250.2600 36.1200
-3.9991054563e-02 1.4626891533e-02 -6.3821315465e-01
224 223 199
2 1 3077 -107.3600 26.7200 0 3776 51.6300 -9.5700
1.1313657202e-01 -1.3222841899e-02 -7.3003938410e-01
146 119 81
2 1 3094 278.5500 1.8100 0 3464 369.2200 -11.1300
4.0036378935e-02 6.3173430601e-03 -6.3346888406e-01
124 80 54
2 1 3100 138.5800 -5.5500 0 3468 279.9600 -16.2600
-1.1021625874e-01 -8.8049848015e-03 -6.6321850851e-01
163 154 116
2 1 3113 -307.6100 -21.5700 0 3805 -136.8400 -74.3300
-3.6217745012e-02 1.0075086553e-03 -6.2769854618e-01
188 181 155
2 1 3116 -98.0700 -21.8500 0 3498 68.9700 -51.6700
-4.8409120012e-02 -1.1173668646e-03 -6.3282925504e-01
215 176 125
2 1 3118 -134.9600 -23.3700 0 3503 33.3200 -57.8200
4.3673146209e-02 -1.4037536232e-02 -6.2032360778e-01
179 146 107
2 1 3149 153.4400 -78.2200 0 3514 307.6400 -80.3600
4.5729058587e-02 -2.0566259148e-02 -6.1576920669e-01
169 136 101
2 1 3161 161.5700 -102.8800 0 3529 320.3000 -102.0200
-1.3343428422e-02 -2.6073881330e-02 -6.0044466756e-01
200 171 144
2 1 3170 -28.4000 -133.5400 0 3544 157.0600 -144.0300
5.7849290076e-02 -3.6973007225e-02 -6.0582679859e-01
112 87 61
2 1 3174 205.4300 -166.3300 0 2339 374.4000 -156.7000
-1.8593201092e-01 -1.2409455739e-01 -7.9222786619e-01
188 194 190
2 1 3184 -391.0200 -185.5600 0 3138 -266.1200 -260.2800
-1.8554359431e-01 -1.2805027573e-01 -7.9431850044e-01
20 21 15
2 1 3190 -388.1700 -191.7100 0 3625 -264.0900 -266.0900
-1.8188961619e-01 -1.2863333639e-01 -7.9618105027e-01
20 21 15
2 1 3191 -378.4300 -190.9200 0 3621 -255.5400 -264.6000
5.6865193808e-02 -4.8491642377e-02 -5.9827318378e-01
68 59 52
2 1 3214 206.0300 -213.3100 0 3081 384.7400 -199.6100
5.5534328482e-02 -4.9442811931e-02 -5.9789410388e-01
141 138 123
2 1 3218 201.6400 -216.8400 0 3566 381.1000 -203.0900
5.4534376905e-02 -5.1558233385e-02 -5.9190525443e-01
36 29 19
2 1 3229 202.5600 -233.2900 0 3097 387.5400 -216.4800
1.6021347815e-02 -5.0628694985e-02 -5.6346786340e-01
32 26 20
2 1 3260 79.6900 -275.5900 0 3612 297.6100 -258.1600
-7.2517197577e-02 9.1450425867e-02 -7.0328636397e-01
156 140 118
2 1 3278 -186.8300 276.5400 0 3704 -61.9400 195.7700
-7.2517197577e-02 9.1450425867e-02 -7.0328636397e-01
156 140 118
2 1 3279 -186.8300 276.5400 0 3705 -61.9400 195.7700
-1.1869468952e-02 8.9380266747e-02 -6.7950169738e-01
88 78 71
2 1 3282 -17.8500 264.7600 0 3701 98.0200 203.8500
8.2884890288e-02 9.3417279550e-02 -8.2757819151e-01
114 112 102
2 1 3283 179.3000 264.8700 0 3330 224.7600 216.4700
-6.8008926112e-02 7.2270967297e-02 -6.8806010204e-01
143 128 106
2 1 3296 -177.9100 218.0000 0 3717 -45.0600 147.9900
-6.8008926112e-02 7.2270967297e-02 -6.8806010204e-01
143 128 106
2 1 3297 -177.9100 218.0000 0 3718 -45.0600 147.9900
-1.4621266715e-02 6.7264149740e-02 -6.6162885141e-01
98 85 77
2 1 3302 -26.8600 194.2700 0 3720 101.9500 144.6800
-2.6605715870e-02 6.5252257618e-02 -6.6524171104e-01
140 133 118
2 1 3303 -62.4200 189.8800 0 3372 68.8700 136.3600
-2.6605715870e-02 6.5252257618e-02 -6.6524171104e-01
140 133 118
2 1 3304 -62.4200 189.8800 0 3373 68.8700 136.3600
8.7562526560e-02 5.9286900183e-02 -7.9990092809e-01
53 40 32
2 1 3305 194.3800 188.8400 0 3367 252.1800 148.8100
-6.5380244174e-02 6.0685051314e-02 -6.7941344003e-01
147 131 110
2 1 3308 -172.5700 182.3000 0 3727 -34.8000 117.7200
-2.0857945843e-02 6.2704397278e-02 -6.5993036422e-01
142 129 112
2 1 3309 -45.7700 180.5700 0 3725 86.7800 130.4600
1.2107491671e-01 5.4995938936e-02 -7.7537664389e-01
135 127 106
2 1 3310 283.2700 175.0800 0 3370 342.0300 148.0500
8.1239940095e-02 5.3250364741e-02 -7.7934392426e-01
100 97 86
2 1 3311 188.3400 171.8100 0 3375 253.3700 135.4800
1.1730929246e-01 4.9004846043e-02 -7.6784274871e-01
147 131 97
2 1 3315 277.6700 160.4000 0 3376 340.6800 133.4400
2.6316033802e-02 5.2006616019e-02 -6.6980363820e-01
82 65 51
2 1 3322 90.6600 147.7400 0 3383 206.0800 113.7200
1.1688296890e-01 2.9270494696e-02 -7.5664921317e-01
154 129 89
2 1 3335 279.2200 111.1600 0 3734 349.9600 90.0300
-1.5924761171e-02 4.1102563689e-02 -6.4450024381e-01
138 119 102
2 1 3337 -32.1100 108.4700 0 3418 110.5600 70.8700
2.8808532083e-02 3.5763242287e-02 -6.5811601579e-01
148 116 87
2 1 3341 99.3000 96.0700 0 3740 223.1000 69.3800
-1.8093591655e-02 3.5698779120e-02 -6.4097743600e-01
117 103 92
2 1 3344 -39.1700 90.9500 0 3748 107.3500 54.0900
-3.9234757978e-02 3.3324451767e-02 -6.4886859031e-01
184 148 112
2 1 3346 -102.8000 88.6800 0 3752 46.5000 45.1100
-4.6304914803e-02 1.7796595178e-02 -6.4285047418e-01
206 187 151
2 1 3360 -125.6300 39.4500 0 3771 32.1300 -0.4500
-5.3960678900e-02 1.3144873867e-02 -6.4400400412e-01
248 249 217
2 1 3363 -148.6300 26.8500 0 3780 11.8300 -14.3100
-3.7584559540e-02 1.3539909049e-02 -6.3523296166e-01
171 140 115
2 1 3365 -100.6000 21.3600 0 3778 59.6600 -13.2900
-5.3199720869e-02 9.5720598337e-03 -6.4145934202e-01
249 241 213
2 1 3370 -147.0400 14.3500 0 3480 15.2300 -24.6900
1.0875056355e-01 -1.4636589884e-02 -7.3160463342e-01
166 140 103
2 1 3372 266.2500 -0.4100 0 3467 357.2900 -14.5100
1.0246953519e-01 -1.7278479848e-02 -7.2605262529e-01
17 8 10
2 1 3377 253.7600 -9.3900 0 3478 348.3200 -23.6800
-1.1658102003e-01 -9.4134596429e-03 -6.7455190844e-01
166 151 116
2 1 3379 -317.4900 -15.3100 0 3944 -152.3600 -70.5900
-3.4386823795e-02 3.2071753792e-03 -6.2685663395e-01
175 143 119
2 1 3380 -92.4400 -16.0800 0 3792 74.0900 -45.4000
1.0022792276e-01 -2.2717510312e-02 -7.2111492420e-01
79 80 74
2 1 3384 250.2500 -24.7000 0 3490 348.4700 -38.5900
1.2137689215e-01 -3.2169007201e-02 -7.3631832790e-01
53 49 42
2 1 3388 290.5300 -37.9500 0 3796 383.0000 -49.2600
-2.1703736264e-02 -9.6576139819e-03 -6.1371478566e-01
186 154 127
2 1 3392 -54.2200 -67.4600 0 3808 119.8900 -87.1100
-1.2088346769e-01 -4.5200125871e-02 -6.7203028261e-01
229 204 148
2 1 3411 -328.3600 -113.0700 0 4026 -156.5900 -163.9900
-2.3948826173e-02 -3.4208998548e-02 -6.0059489505e-01
164 144 120
2 1 3427 -64.3800 -158.5000 0 3831 126.5000 -171.2100
-8.3534452349e-02 -6.1396558104e-02 -6.0218208166e-01
142 121 93
2 1 3457 -267.1500 -244.9000 0 3976 -49.1900 -268.4500
7.7802543298e-02 9.6299325446e-02 -8.2993941506e-01
47 44 35
2 1 3477 168.1700 271.4500 0 3700 213.5800 220.6900
-1.9107410286e-02 6.4916724670e-02 -6.6035104513e-01
105 92 79
2 1 3494 -40.4500 187.4200 0 3898 90.9800 136.8600
7.5540993832e-02 5.4903859126e-02 -7.8075962267e-01
100 100 90
2 1 3498 175.2000 175.2400 0 3722 240.2900 138.5100
7.5204448952e-02 5.4732393715e-02 -7.7866329605e-01
100 100 90
2 1 3499 175.2000 175.2400 0 3900 241.1800 137.2700
-1.6899477944e-01 3.6537950855e-02 -8.0411384595e-01
59 67 70
2 1 3505 -364.3800 154.6600 0 3741 -256.2000 65.1500
-1.6899477944e-01 3.6537950855e-02 -8.0411384595e-01
59 67 70
2 1 3506 -364.3800 154.6600 0 3742 -256.2000 65.1500
-9.2325142860e-03 5.4624128623e-02 -6.4907790187e-01
149 123 102
2 1 3507 -11.0700 152.0900 0 3729 124.8300 109.9200
-4.2952626886e-02 3.5564118090e-02 -6.5218188901e-01
133 105 84
2 1 3519 -113.2900 96.7700 0 3924 34.8800 51.6500
8.4851901029e-02 1.3993719719e-02 -7.4450464832e-01
45 35 26
2 1 3528 206.0700 72.1200 0 3751 289.0500 48.1000
-6.7405022801e-02 1.7191503706e-03 -6.5066750781e-01
120 101 80
2 1 3543 -186.3300 -0.9200 0 4012 -23.6600 -45.0900
4.7846251505e-02 -3.4965095596e-02 -6.0538305197e-01
62 43 29
2 1 3578 172.6000 -159.8200 0 3826 342.6600 -152.7000
-2.4916583138e-02 -3.9988626795e-02 -5.9668430566e-01
210 188 160
2 1 3584 -68.4700 -182.2900 0 4028 127.3500 -192.7300
-2.1966725004e-02 6.7826198782e-02 -6.6686672611e-01
149 138 120
2 1 3601 -48.4400 197.0100 0 3895 79.8800 145.0900
1.2315677440e-01 5.9939611885e-02 -7.8048329439e-01
195 182 163
2 1 3603 286.1300 187.0500 0 3892 341.9900 159.4200
1.2225214774e-01 2.3396956215e-02 -7.5432741238e-01
122 108 85
2 1 3612 292.3900 96.8800 0 3997 364.4700 77.8900
9.7717836075e-02 -7.7395273876e-03 -7.3961000539e-01
140 122 82
2 1 3619 235.6700 19.5300 0 3934 323.4100 1.9700
2.1188934161e-02 -1.6873289481e-02 -5.9271701539e-01
241 206 178
2 1 3631 90.9200 -114.9000 0 3953 270.7700 -114.9600
5.3575349648e-02 -4.3774508342e-02 -6.0139995425e-01
137 116 92
2 1 3639 193.3400 -193.9000 0 4027 368.1300 -181.7900
-1.2769601325e-01 -1.1915688408e-01 -6.9100804803e-01
214 181 128
2 1 3652 -327.8800 -279.6300 2 598 -298.9200 -60.7600
-6.7475532716e-02 8.4245648889e-02 -6.9951336720e-01
125 97 69
2 1 3657 -173.1100 254.3100 0 3988 -47.5300 178.3700
1.0091474390e-01 6.4161392560e-02 -8.0198100438e-01
175 164 146
2 1 3662 223.8600 198.8700 0 4050 277.5700 162.6500
1.1220231749e-01 4.5121886692e-02 -7.7049400408e-01
179 161 121
2 1 3664 262.8900 151.5500 0 3992 326.8600 124.3000
1.0258974478e-01 1.1302415375e-02 -7.5265250510e-01
143 124 91
2 1 3670 243.3300 69.1300 0 4058 321.9000 47.0100
-5.3878713729e-02 2.3680198411e-02 -6.4884714816e-01
203 186 157
2 1 3672 -147.0500 60.3700 0 4004 8.6400 16.5100
4.3456033516e-02 -9.4936627987e-03 -6.2205078117e-01
149 117 80
2 1 3678 152.4200 -62.2000 0 4067 304.5900 -66.9000
-5.9034572475e-02 1.1514963658e-02 -6.4539244155e-01
113 93 68
2 1 3704 -163.5600 22.8200 0 4092 -2.0900 -18.8000
-4.6426776053e-02 -9.9584668673e-03 -6.2348456893e-01
209 195 151
2 1 3705 -131.4700 -59.3900 0 4095 43.5500 -86.2100
-3.2284703469e-02 -6.0208334419e-02 -5.8917707077e-01
165 142 117
2 1 3718 -96.1800 -259.5100 0 4108 113.9800 -265.8800
-5.7325130865e-02 7.3658028101e-02 -6.8574294005e-01
123 98 78
2 1 3722 -148.0000 220.5900 0 4115 -17.9300 153.5000
1.0241935823e-01 6.5462054306e-02 -8.0438203711e-01
178 167 149
2 1 3723 226.2100 202.2800 0 4114 278.9400 165.2500
1.0148101450e-01 5.6868484908e-02 -7.8858914188e-01
71 58 46
2 1 3724 230.4400 181.2500 0 4116 288.8900 147.5100
-4.4426454485e-02 7.0618572035e-03 -6.3299427138e-01
157 154 142
2 1 3731 -122.4700 0.3700 0 4123 42.6300 -33.4900
-1.4993454827e-01 -9.7763840939e-02 -7.3608585516e-01
43 42 37
2 1 3755 -351.4800 -179.4800 2 2591 -304.7300 50.2200
-5.9212502541e-02 6.0395501126e-05 -6.3704814204e-01
157 126 83
2 2 690 -166.9300 -109.3500 0 2188 1.9900 -54.3900
-6.1059094479e-02 7.6196929154e-03 -6.4390230677e-01
133 110 87
2 2 1479 -163.3400 -85.6500 0 2151 -5.7900 -30.8000
-5.0719273190e-02 -2.9505022637e-02 -6.1112196666e-01
134 106 82
2 2 2003 -177.6100 -199.4600 0 3549 38.9900 -153.7900
