# Bundle file v0.3
3 331
4.0481535320e+02 -7.4871685753e-02 -5.6942769645e-01
-7.4517950867e-01 -6.3329703008e-01 2.0890756701e-01
1.3879662963e-01 1.5911836538e-01 9.7745426563e-01
-6.5225991404e-01 7.5737455562e-01 -3.0672252001e-02
5.4649389296e-01 2.1381724748e+00 1.8873671950e-01
2.3017322334e+03 5.5003199709e-02 2.3782657169e-03
9.9767966885e-01 3.4770087794e-02 5.8534770469e-02
-3.2041885010e-02 9.9838466404e-01 -4.6918868446e-02
-6.0071590324e-02 4.4934436750e-02 9.9718218016e-01
1.1776620958e-01 -9.9190833536e-02 -2.7474513187e-01
1.2074335844e+03 1.6028779214e-02 -2.1350682776e-02
9.5312924295e-01 3.0029345322e-01 3.6993083044e-02
-2.4582896618e-01 8.3987359386e-01 -4.8392196243e-01
-1.7638811079e-01 4.5214620234e-01 8.7432891184e-01
7.6727469820e-02 -1.0208438651e+00 7.9036004152e-01
1.5850050479e-01 1.2638955506e-01 -2.2280406182e+00
73 59 42
2 1 1129 138.5400 116.7400 2 312 195.7700 133.2400
1.7992968412e-01 1.2119213138e-01 -2.2165039609e+00
95 77 52
3 1 1143 162.8600 110.9700 2 2536 221.3800 117.4200 0 628 200.3700 -23.9300
2.2136517821e-01 1.7112559106e-01 -2.2270835406e+00
131 105 70
2 1 208 197.1000 155.5700 2 1708 277.5600 158.0200
-1.6536937685e-01 -4.5887411053e-02 -2.0601935087e+00
74 37 18
3 1 1806 -168.0600 -43.0600 2 3117 -205.2000 -23.3800 0 729 -201.1100 -71.3600
-1.3266423710e-01 3.1322879670e-03 -2.0699233715e+00
128 97 69
2 1 1773 -133.8700 5.2500 2 3078 -152.3000 19.5400
-1.1084999497e-01 -2.0204274180e-02 -2.0486954222e+00
197 146 99
2 1 1795 -113.1100 -19.6200 2 3118 -134.9600 -23.3700
-1.0471210773e-01 -7.4673145447e-02 -2.0189526496e+00
41 22 12
2 1 1832 -108.2200 -76.2200 2 3157 -146.6600 -98.5600
1.7917779504e-01 1.4351528229e-01 -2.2300851238e+00
147 124 93
3 1 1109 153.6300 131.2300 2 1729 219.2100 145.1800 0 1311 219.5400 -10.9700
-8.3238350568e-02 1.4605630789e-01 -2.1162360885e+00
118 102 82
2 1 2011 -81.4500 144.1600 2 3309 -45.7700 180.5700
1.6597465782e-01 1.1875973705e-01 -2.2283872150e+00
68 54 39
3 1 1683 140.9200 109.1500 2 3005 196.9800 123.8100 0 1706 194.0900 -4.5200
1.8144853983e-01 1.2650841458e-01 -2.2177924123e+00
142 122 88
3 1 1677 163.2800 115.7200 2 3006 224.0600 122.6300 0 1723 204.8600 -23.4600
2.1406126587e-01 6.3356600278e-02 -2.1865577381e+00
126 106 74
2 1 1721 191.9900 55.8500 2 3074 233.9300 40.4700
-2.2025248369e-01 -1.7502275159e-02 -2.0696181002e+00
225 197 149
3 1 2092 -221.5000 -12.0700 2 3540 -263.2200 23.5000 0 1743 -229.0100 -64.4200
-4.2323777555e-02 6.4188072097e-02 -2.0638765400e+00
93 82 72
3 1 2258 -42.6900 62.8500 2 3530 -25.9600 51.1400 0 1788 -123.0600 -145.5400
-4.2323777555e-02 6.4188072097e-02 -2.0638765400e+00
93 82 72
3 1 2257 -42.6900 62.8500 2 3532 -25.9600 51.1400 0 1790 -123.0600 -145.5400
1.7008411868e-01 1.1251061782e-01 -2.2210695539e+00
69 60 46
3 1 2027 149.4800 103.5600 2 3334 204.2200 113.7300 0 1902 190.3900 -14.0500
1.7897167907e-01 1.2894413039e-01 -2.2216002506e+00
85 68 52
3 1 2020 158.4800 117.7100 2 3329 219.8900 127.6300 0 1904 206.4900 -18.5000
1.7658855832e-01 1.3798840559e-01 -2.2297117383e+00
81 67 51
3 1 2239 151.3500 126.2100 2 3512 215.8400 140.1800 0 2012 213.6500 -9.2700
2.2895699521e-01 7.0496684121e-02 -2.1862753281e+00
133 110 78
2 1 2444 206.5500 62.3200 2 3616 251.1800 42.7600
2.2836259213e-01 5.9191213936e-02 -2.1812041883e+00
76 62 45
2 1 2494 205.8200 51.3800 2 3674 247.4700 30.2200
1.7562575795e-01 1.2019945681e-01 -2.2196002716e+00
80 70 54
3 1 2492 156.8900 110.4000 2 3696 214.8100 118.9000 0 2160 197.5200 -18.4900
-3.0135570703e-02 2.2415540574e-01 -2.1795789821e+00
93 78 68
2 1 109 -30.4900 215.3000 2 2396 41.6900 275.0400
1.1015458678e-01 2.3454674010e-01 -2.2932723255e+00
71 67 58
2 1 111 91.1600 215.0700 2 1551 179.5700 277.3900
1.0396691830e-01 2.2241987768e-01 -2.2925783638e+00
70 66 56
2 1 125 85.4800 204.4700 2 1560 168.6000 266.7900
3.2833321521e-02 2.1599814757e-01 -2.2757855209e+00
80 66 56
2 1 130 22.5000 201.7000 2 1552 96.8100 276.9300
1.0633350421e-01 2.0634552633e-01 -2.2842927721e+00
84 73 66
2 1 142 87.7900 190.1400 2 1584 166.1000 247.3500
1.0633350421e-01 2.0634552633e-01 -2.2842927721e+00
84 73 66
2 1 143 87.7900 190.1400 2 1585 166.1000 247.3500
-8.9076113855e-03 1.9484000560e-01 -2.1587696828e+00
109 85 62
2 1 149 -10.1300 187.5200 2 1611 56.1700 227.4400
-2.8980265232e-02 1.9291456869e-01 -2.1526217957e+00
83 69 58
2 1 150 -28.8000 186.6500 2 1607 32.9000 229.6800
4.5879550898e-02 1.9853138556e-01 -2.2650402070e+00
77 60 52
2 1 155 34.4600 185.6900 2 2421 105.0000 251.5400
-5.9505567980e-02 1.8553199522e-01 -2.1265337389e+00
166 123 88
2 1 160 -57.4900 181.3900 2 1616 -3.7400 221.5000
-2.0188598824e-01 1.8028748866e-01 -2.1855293299e+00
142 123 108
2 1 165 -194.0600 179.6400 2 1541 -171.7400 286.5500
1.4018847506e-02 1.7329813820e-01 -2.1377008664e+00
94 62 39
2 1 181 12.1100 166.6400 2 1669 75.9700 187.6000
-1.3088054466e-01 1.6521685950e-01 -2.1461431740e+00
124 98 75
2 1 188 -127.1200 163.7900 2 1605 -95.2800 230.6600
3.3955326610e-02 1.6882715955e-01 -2.1375267080e+00
90 57 30
2 1 191 31.1100 161.6800 2 1684 96.6700 176.1200
-1.1932849755e-01 1.6001656828e-01 -2.1381291040e+00
161 126 98
2 1 197 -116.3000 158.5300 2 1622 -83.4400 217.6500
-1.1932849755e-01 1.6001656828e-01 -2.1381291040e+00
161 126 98
2 1 198 -116.3000 158.5300 2 1621 -83.4400 217.6500
-9.1819934564e-02 1.6075442179e-01 -2.1281650291e+00
119 101 80
2 1 199 -89.4700 158.5100 2 1639 -50.9000 205.0700
-9.1819934564e-02 1.6075442179e-01 -2.1281650291e+00
119 101 80
2 1 200 -89.4700 158.5100 2 1640 -50.9000 205.0700
-2.1184085142e-01 1.5157339552e-01 -2.1740791972e+00
136 100 69
2 1 214 -204.9100 152.9700 2 1576 -192.6100 253.4000
2.2544873734e-01 1.6685036030e-01 -2.2245553962e+00
135 109 72
2 1 218 201.1800 151.6500 2 274 280.2100 151.6300
2.6877433911e-02 1.5679106572e-01 -2.1255782585e+00
102 62 32
2 1 219 24.6800 150.5500 2 1702 85.3500 160.1500
2.4603192560e-01 1.6553210011e-01 -2.2213139055e+00
160 141 117
2 1 221 220.3500 149.7600 2 1735 300.8300 143.1300
-1.8385494896e-01 1.4640994519e-01 -2.1593120947e+00
135 116 86
2 1 224 -178.6400 147.3200 2 1602 -162.6100 232.5700
-4.9056492840e-02 1.4796772811e-01 -2.1054660616e+00
111 93 76
2 1 228 -48.0800 144.9400 2 1695 -4.2300 166.4600
-1.2932292204e-01 1.3847337836e-01 -2.1330984561e+00
111 80 52
2 1 238 -126.6000 138.1700 2 1658 -102.4200 194.7800
-1.7799735338e-01 1.3595263563e-01 -2.1533545395e+00
131 113 85
2 1 239 -173.2200 137.1900 2 1624 -159.4500 216.6100
1.7814628551e-01 1.4782655418e-01 -2.2315242991e+00
140 115 81
2 1 247 156.4300 135.5900 2 277 223.6600 149.6700
-2.0237290943e-01 1.3299287102e-01 -2.1611845510e+00
153 109 72
2 1 249 -196.6500 135.1000 2 1614 -188.1600 224.5700
2.5104370844e-01 1.4669187549e-01 -2.2083698644e+00
141 114 70
2 1 255 226.1000 132.3100 2 352 300.9100 118.1700
1.6475505492e-01 1.4014825305e-01 -2.2320004841e+00
141 116 86
2 1 259 143.7000 128.8500 2 282 207.3200 146.3500
-8.2668571753e-02 1.2427548893e-01 -2.1055823779e+00
114 93 72
2 1 274 -81.3700 123.0500 2 1716 -52.6300 151.3600
-1.9880786167e-01 1.1410804482e-01 -2.1494088106e+00
84 59 33
2 1 281 -194.2000 116.9700 2 2443 -190.4700 197.7300
-1.9880786167e-01 1.1410804482e-01 -2.1494088106e+00
84 59 33
2 1 282 -194.2000 116.9700 2 2444 -190.4700 197.7300
2.4941280334e-01 1.2758936212e-01 -2.2016135240e+00
104 89 58
2 1 288 224.8700 114.6600 2 1797 292.6400 97.5100
2.4941280334e-01 1.2758936212e-01 -2.2016135240e+00
104 89 58
2 1 289 224.8700 114.6600 2 1798 292.6400 97.5100
-1.6433296374e-01 1.0976781919e-01 -2.1335570435e+00
135 112 91
2 1 291 -161.4200 111.6500 2 1687 -152.5200 174.8400
-1.8804888068e-01 1.0357615389e-01 -2.1400879710e+00
149 106 71
2 1 298 -184.3300 106.4900 2 2461 -181.7700 178.6900
-1.7040669918e-01 1.0296164593e-01 -2.1323234718e+00
137 90 46
2 1 300 -167.4400 105.2900 2 1691 -161.8700 168.8500
-9.1889025418e-02 1.0623171194e-01 -2.1013823821e+00
115 85 61
2 1 301 -90.9800 105.7500 2 1750 -69.6400 132.5700
-1.5882631400e-01 9.9368087238e-02 -2.1278904467e+00
136 124 105
2 1 306 -156.3100 101.4200 2 1705 -149.6900 159.1800
3.0041230541e-01 1.1205155623e-01 -2.1857614738e+00
162 138 112
2 1 311 273.8800 98.5300 2 1856 340.0800 61.5500
6.7506600641e-02 1.0278291036e-01 -2.0844824142e+00
90 58 32
2 1 312 65.1700 96.9000 2 2590 114.8500 69.7500
-2.4840265064e-01 7.6807611872e-02 -2.1436760875e+00
68 47 28
2 1 337 -243.2700 82.7700 2 1689 -260.0000 170.8300
-5.1063948507e-02 7.6421945612e-02 -2.0700060599e+00
117 88 61
2 1 352 -50.9000 74.9000 2 1844 -31.7300 71.2900
8.3644702596e-02 8.0156892633e-02 -2.0684361384e+00
101 61 27
2 1 354 81.7100 74.0600 2 1891 125.9500 32.5600
-1.1041010990e-01 6.9519761841e-02 -2.0908383453e+00
128 89 56
2 1 360 -110.1700 70.3800 2 1805 -103.9200 93.6000
-7.5021332700e-02 6.4978911665e-02 -2.0736097078e+00
114 82 59
2 1 369 -75.1800 64.4400 2 1847 -63.9900 68.5500
2.3471824593e-01 6.7864240961e-02 -2.1812718340e+00
136 116 85
2 1 378 212.0900 59.3300 2 537 257.3100 36.4500
-1.5038304553e-01 5.4987561817e-02 -2.1000386572e+00
152 116 81
2 1 381 -149.8500 57.6700 2 1802 -155.1000 95.4100
9.7808517101e-02 6.3143158406e-02 -2.0553666305e+00
133 78 42
2 1 383 96.2200 56.5500 2 1942 136.9100 3.3700
-2.1688796360e-01 3.9105536049e-02 -2.1201086089e+00
75 45 26
2 1 401 -215.1400 44.9000 2 1778 -235.5800 109.4100
-8.6052553600e-02 4.3362920397e-02 -2.0679954694e+00
134 99 71
2 1 408 -86.6000 43.3600 2 508 -84.4700 46.0400
-1.4069802823e-01 4.0465201533e-02 -2.0897084098e+00
137 97 62
2 1 412 -140.7800 42.9000 2 1843 -148.8800 71.6900
3.1621775860e-02 4.8204111556e-02 -2.0222171540e+00
123 91 69
2 1 415 32.8800 43.0400 2 1957 58.3500 -11.9800
3.1701256345e-01 5.1557086536e-02 -2.1608426937e+00
104 96 79
2 1 418 291.4000 41.0200 2 1955 335.8300 -10.4800
-1.2679231587e-01 3.8698782362e-02 -2.0856416756e+00
156 134 110
2 1 419 -126.9500 40.6200 2 1854 -133.4400 63.3800
2.7415976945e-02 4.5425815338e-02 -2.0233434232e+00
107 80 67
2 1 420 28.6000 40.4600 2 1958 52.0400 -12.9100
-1.7252836605e-01 3.4662281247e-02 -2.0990575417e+00
124 90 65
2 1 423 -172.1500 38.5300 2 1825 -187.3100 80.3600
-7.8141523429e-02 3.9030722294e-02 -2.0620930454e+00
131 94 67
2 1 424 -78.8900 38.6300 2 1889 -76.5900 35.7300
-5.5565926170e-02 3.2504376139e-02 -2.0505033099e+00
153 119 94
2 1 439 -56.2300 31.0800 2 1914 -52.2800 15.3100
-1.4191166342e-01 2.4753011700e-02 -2.0846947694e+00
195 177 146
2 1 444 -142.4700 27.3800 2 1865 -155.4100 52.9300
-1.2964304735e-01 2.4643070647e-02 -2.0776762289e+00
210 166 115
2 1 445 -130.3000 26.6400 2 1879 -141.5800 45.2300
-1.4086408866e-01 2.2564154104e-02 -2.0839542008e+00
202 184 151
2 1 448 -141.4100 25.1800 2 1869 -154.9600 49.9400
-1.6646275073e-01 2.1459361640e-02 -2.0924393871e+00
132 99 69
2 1 449 -166.5200 25.2200 2 1855 -184.7200 61.2200
-1.0597468895e-01 2.2513539010e-02 -2.0670371553e+00
212 164 120
2 1 453 -106.9800 23.3900 2 1893 -114.8400 29.8200
1.1875795600e-01 2.6804915510e-02 -2.0291764489e+00
99 71 45
2 1 460 118.3300 18.9700 2 2030 149.5100 -55.4400
-4.7406192274e-02 1.8537867696e-02 -2.0407244402e+00
143 104 71
2 1 464 -48.0300 16.6000 2 1951 -47.6100 -7.4900
-8.7829805865e-02 8.3751212565e-03 -2.0518851774e+00
128 93 62
2 1 474 -89.1600 8.2100 2 1946 -98.6000 0.9000
-1.2043926109e-01 -3.4219010111e-03 -2.0612244913e+00
186 142 94
2 1 486 -122.1600 -2.0300 2 1939 -140.3200 4.0800
-1.4435742962e-01 -7.9153315386e-03 -2.0664120133e+00
133 114 85
2 1 497 -146.1400 -5.4700 2 613 -169.4700 9.6600
-1.4173040422e-01 -1.2674643119e-02 -2.0629600819e+00
137 117 82
2 1 502 -143.5700 -10.4200 2 628 -168.1800 2.0100
-6.7421024876e-02 -9.1608313001e-03 -2.0363406050e+00
140 103 76
2 1 503 -68.7600 -10.5900 2 1994 -80.8700 -32.6000
2.3503977698e-01 -7.3099483232e-03 -2.1419804816e+00
16 7 1
2 1 509 215.3900 -12.7300 2 2022 234.8800 -51.7100
-9.3735928643e-02 -2.3237433044e-02 -2.0410195952e+00
142 125 111
2 1 529 -95.7400 -23.5700 2 2003 -116.3400 -36.1900
-8.7949309414e-02 -3.5289741943e-02 -2.0331034620e+00
143 123 102
2 1 550 -90.3500 -36.2700 2 2029 -113.6000 -55.0200
2.8117127091e-02 -3.8747869437e-02 -1.9800316124e+00
139 107 82
2 1 573 29.2200 -46.8700 2 2115 23.3500 -128.0200
3.0355354715e-02 -4.2480302742e-02 -1.9769614040e+00
134 107 85
2 1 578 31.7300 -50.9200 2 962 24.6600 -134.5900
9.7806290557e-02 -3.9484390170e-02 -1.9524003775e+00
89 59 42
2 1 581 103.0900 -51.7200 2 2173 108.8500 -169.1100
-3.9905302792e-02 -8.5765051989e-02 -1.9841842082e+00
167 138 117
2 1 669 -42.2700 -92.3800 2 1001 -74.6100 -152.0400
-4.6043063101e-02 -1.1473837430e-01 -1.9765966244e+00
146 125 106
2 1 728 -48.8400 -122.3700 2 2184 -92.1100 -183.8100
-7.5944423332e-02 -1.2693456714e-01 -1.9811787627e+00
169 134 96
2 1 746 -80.0100 -133.4600 2 1088 -131.3200 -183.8600
-1.6603761123e-02 -1.4016877571e-01 -1.9499091602e+00
121 102 84
2 1 775 -18.2800 -152.2300 2 2296 -66.2100 -236.5400
-3.8405978913e-02 -1.5765097080e-01 -1.9485005023e+00
134 108 91
2 1 802 -41.3500 -169.8000 2 2315 -98.1500 -248.2400
-1.0610224388e-01 -1.8042989568e-01 -1.9736966065e+00
72 36 14
2 1 827 -112.5800 -188.0700 2 2283 -183.6800 -231.4500
-2.6046988837e-02 2.1886150052e-01 -2.1771080589e+00
99 86 76
2 1 1005 -26.5600 210.2800 2 2401 44.4100 266.8100
-7.6911253851e-02 2.1108313212e-01 -2.1469443030e+00
89 62 38
2 1 1009 -74.0200 205.9500 2 2406 -15.6700 264.8300
4.9852437866e-03 1.9229895720e-01 -2.1508881222e+00
154 105 60
2 1 1034 3.3100 184.8100 2 2434 71.8200 216.9200
4.9852437866e-03 1.9229895720e-01 -2.1508881222e+00
154 105 60
2 1 1035 3.3100 184.8100 2 2435 71.8200 216.9200
-1.9962061179e-01 1.8352816291e-01 -2.1843890880e+00
124 88 63
2 1 1036 -191.9500 182.6700 2 2383 -168.1800 289.0700
-1.9962061179e-01 1.8352816291e-01 -2.1843890880e+00
124 88 63
2 1 1037 -191.9500 182.6700 2 2384 -168.1800 289.0700
-1.9473533725e-01 1.7460970008e-01 -2.1797506386e+00
114 82 59
2 1 1042 -187.5800 174.1600 2 2394 -165.5000 275.6300
-1.9473533725e-01 1.7460970008e-01 -2.1797506386e+00
114 82 59
2 1 1043 -187.5800 174.1600 2 2395 -165.5000 275.6300
-1.9149627290e-01 1.6856675000e-01 -2.1733034131e+00
106 79 49
2 1 1049 -184.9900 168.4600 2 2403 -163.9100 265.3600
9.6078201764e-03 1.7043797260e-01 -2.1407439547e+00
120 92 70
2 1 1060 7.4400 163.9100 2 2972 69.6600 187.2000
-2.0421150683e-01 1.6277176801e-01 -2.1775279030e+00
109 77 50
2 1 1061 -197.1900 163.2900 2 2942 -180.1200 264.6600
-2.1099835853e-01 1.6239525801e-01 -2.1797006488e+00
130 113 95
2 1 1062 -203.5600 163.1200 2 2400 -188.0200 267.3400
2.3685356419e-01 1.7636822819e-01 -2.2298816941e+00
159 137 113
2 1 1067 211.2200 159.9500 2 2477 294.2400 159.7000
2.2976912115e-01 1.7216279624e-01 -2.2249066027e+00
167 143 109
2 1 1069 205.2000 156.3500 2 2487 286.8000 155.7000
-6.4244762879e-02 1.5774648126e-01 -2.1117049687e+00
103 72 45
2 1 1070 -62.5400 154.9400 2 2455 -19.0000 185.3300
-1.2512295730e-01 1.4445003838e-01 -2.1330877091e+00
101 75 54
2 1 1084 -122.1700 143.8200 2 2439 -95.6800 200.0600
-1.6464612476e-01 1.4208881282e-01 -2.1502640277e+00
164 140 114
2 1 1088 -160.4200 142.6500 2 2433 -142.0100 217.7100
2.3222155434e-01 1.5335495974e-01 -2.2168391993e+00
115 95 67
2 1 1092 207.8900 139.0300 2 2518 283.0200 133.5000
3.5300002580e-02 1.4315825664e-01 -2.1154972838e+00
170 117 66
2 1 1095 33.0500 137.2400 2 2507 90.6100 138.1200
-2.4249252926e-01 1.3298197391e-01 -2.1886246248e+00
65 35 16
2 1 1097 -234.0900 136.1600 2 2425 -231.5500 248.3000
-2.4249252926e-01 1.3298197391e-01 -2.1886246248e+00
65 35 16
2 1 1098 -234.0900 136.1600 2 2426 -231.5500 248.3000
-1.8305498334e-01 1.3281389737e-01 -2.1520191258e+00
131 88 55
2 1 1103 -178.5000 134.3600 2 2436 -166.2300 214.2400
-7.4879284952e-02 1.3432630186e-01 -2.1075867656e+00
87 70 54
2 1 1106 -73.8600 132.4900 2 2984 -39.6300 160.8200
-1.1631474762e-01 1.2767875875e-01 -2.1215230628e+00
107 81 56
2 1 1113 -114.3000 127.3900 2 2466 -90.9600 173.4600
1.7943746355e-01 1.3501269824e-01 -2.2254631280e+00
134 115 85
2 1 1118 157.7700 123.7300 2 2516 221.0300 134.5500
-1.5307019985e-01 1.2084226504e-01 -2.1363202371e+00
153 130 106
2 1 1120 -149.8700 121.9600 2 1671 -135.9200 184.5300
-1.2244385505e-01 1.1800225007e-01 -2.1195478667e+00
166 118 78
2 1 1126 -120.5200 118.2300 2 2474 -101.4300 163.9200
-1.0026883542e-01 1.1881265324e-01 -2.1110644917e+00
113 83 58
2 1 1127 -98.6800 118.3200 2 2489 -75.3400 153.6700
-8.3845733488e-02 1.1755477127e-01 -2.1029296669e+00
120 101 81
2 1 1132 -82.6600 116.5500 2 2500 -56.3600 143.1000
-8.3845733488e-02 1.1755477127e-01 -2.1029296669e+00
120 101 81
2 1 1133 -82.6600 116.5500 2 2501 -56.3600 143.1000
-1.4673031023e-01 1.0986675219e-01 -2.1269911375e+00
151 125 104
2 1 1138 -144.3200 111.1600 2 2472 -132.2800 166.2900
-1.0459361800e-01 1.0617926440e-01 -2.1047805057e+00
112 82 58
2 1 1147 -103.6100 106.1100 2 2505 -84.4900 138.2600
-7.8493195583e-02 1.0597766217e-01 -2.0957963282e+00
100 78 58
2 1 1152 -77.6100 105.0700 2 2526 -54.0600 125.2500
-1.7269902349e-01 1.0020661446e-01 -2.1321864471e+00
172 116 68
2 1 1158 -169.6700 102.7100 2 2471 -165.4500 166.5400
-1.3845730610e-01 9.5048321110e-02 -2.1161662378e+00
165 140 116
2 1 1167 -136.7400 96.5000 2 2502 -127.8000 142.5000
-3.9853605826e-03 9.7505290886e-02 -2.0609490456e+00
102 70 39
2 1 1170 -3.5500 93.9900 2 2588 32.5400 74.1500
3.0311674782e-01 9.9019836201e-02 -2.1765474116e+00
172 144 108
2 1 1185 277.4900 86.2400 2 2624 339.4500 44.3000
-8.4390693023e-02 8.3887851556e-02 -2.0855094413e+00
134 104 78
2 1 1190 -84.1600 83.5100 2 2564 -68.4500 98.0300
-2.4506653557e-01 7.5968184584e-02 -2.1447385475e+00
22 13 5
2 1 1194 -239.9800 81.8600 2 2470 -256.0700 169.3000
-2.1999385682e-02 8.2036037456e-02 -2.0611643979e+00
136 105 84
2 1 1197 -21.4500 79.4100 2 2596 4.9000 63.3200
-6.4945880704e-02 7.9566996397e-02 -2.0771823866e+00
101 75 58
2 1 1200 -64.8600 78.5300 2 3038 -47.0200 82.8700
-1.3244697226e-01 7.4784356314e-02 -2.1046167832e+00
130 101 77
2 1 1207 -131.8100 76.4500 2 2543 -127.4500 113.1300
9.7397327316e-02 8.3032980331e-02 -2.0720128729e+00
74 41 19
2 1 1208 94.8000 76.4200 2 2639 142.2400 33.3600
9.7397327316e-02 8.3032980331e-02 -2.0720128729e+00
74 41 19
2 1 1209 94.8000 76.4200 2 2640 142.2400 33.3600
-2.1255909067e-01 7.0011698774e-02 -2.1458827216e+00
74 41 23
2 1 1210 -208.8300 75.0800 2 2490 -218.9200 152.8900
-2.1255909067e-01 7.0011698774e-02 -2.1458827216e+00
74 41 23
2 1 1211 -208.8300 75.0800 2 2491 -218.9200 152.8900
-6.9792472329e-02 5.8199721750e-02 -2.0685958151e+00
120 88 63
2 1 1225 -69.9900 57.5000 2 2608 -60.2500 56.9900
-6.9792472329e-02 5.8199721750e-02 -2.0685958151e+00
120 88 63
2 1 1226 -69.9900 57.5000 2 2609 -60.2500 56.9900
-3.3302841584e-02 5.9466650854e-02 -2.0537597706e+00
122 93 68
2 1 1227 -33.3900 57.2000 2 2634 -16.2900 38.6700
-3.9856028240e-02 5.4930601088e-02 -2.0555233301e+00
134 114 97
2 1 1229 -40.0200 52.9800 2 2636 -25.8300 36.9100
-1.4387508897e-01 4.7695146041e-02 -2.0948323157e+00
126 85 51
2 1 1233 -143.5900 50.2200 2 2580 -150.1100 82.9900
1.6691812721e-01 4.6854378233e-02 -2.1681747088e+00
74 52 41
2 1 1249 149.9700 41.5200 2 2641 183.8400 28.9300
-1.4051377060e-01 3.6480053915e-02 -2.0879822473e+00
193 148 108
2 1 1252 -140.7200 38.9400 2 2592 -150.0000 66.5300
-1.4051377060e-01 3.6480053915e-02 -2.0879822473e+00
193 148 108
2 1 1253 -140.7200 38.9400 2 2593 -150.0000 66.5300
1.1222921574e-02 4.1924498592e-02 -2.0260959377e+00
122 96 81
2 1 1255 12.0400 37.5500 2 1954 31.2400 -9.9200
-1.9040903688e-01 2.2642648031e-02 -2.1133466579e+00
80 44 19
2 1 1263 -189.7300 27.8600 2 2583 -209.8300 80.6400
1.2237403325e-01 2.6017599953e-02 -2.0271959042e+00
185 134 92
2 1 1276 122.0500 17.9600 2 2709 153.6800 -58.5300
-1.8523014892e-01 1.1312601960e-02 -2.1040666302e+00
77 41 20
2 1 1277 -185.3100 16.3400 2 2599 -207.9400 62.5400
2.4684757765e-01 2.2450735345e-02 -2.1539636050e+00
36 26 16
2 1 1279 225.7600 15.5400 2 2679 256.3600 -21.8200
-1.8300816265e-01 5.5099569235e-03 -2.1033425103e+00
71 39 18
2 1 1281 -183.2500 10.5900 2 2611 -207.0300 55.5300
2.0790741067e-01 1.0550921005e-02 -2.1451456234e+00
60 51 42
2 1 1286 189.9800 5.1400 2 1979 214.7300 -27.0700
-5.2544141929e-02 3.1014356715e-03 -2.0350739024e+00
154 112 79
2 1 1292 -53.7100 1.0700 2 2681 -58.8700 -25.3100
-7.5613597395e-02 -3.4792014020e-03 -2.0407922417e+00
167 127 92
2 1 1299 -76.9900 -4.4600 2 2678 -88.4900 -21.6200
-1.6889782660e-02 -1.0125595125e-02 -2.0128737155e+00
126 97 79
2 1 1316 -17.2700 -14.4100 2 2716 -21.1000 -63.5600
-8.6341490514e-02 -1.4925047296e-02 -2.0419495863e+00
186 142 99
2 1 1321 -88.6000 -15.5400 2 2687 -104.4800 -29.4200
-1.1470724492e-01 -3.2373129736e-02 -2.0453292558e+00
110 84 52
2 1 1337 -117.1000 -31.7700 2 2694 -143.6600 -36.5700
-8.4584309601e-02 -4.0326144098e-02 -2.0297615537e+00
138 115 99
2 1 1353 -86.9100 -41.6000 2 2714 -111.5200 -63.1700
-2.1929437657e-01 -5.1240887537e-02 -2.0462990716e+00
141 112 73
2 1 1365 -222.5100 -47.2800 2 1974 -274.4600 -24.2500
-1.3713457477e-01 -5.4611014023e-02 -2.0467024352e+00
90 67 46
2 1 1379 -140.2200 -53.1100 2 2705 -176.5800 -51.4100
-9.8946865188e-02 -6.4135152238e-02 -2.0235381480e+00
102 73 66
2 1 1395 -102.0400 -65.4500 2 2731 -136.3300 -86.7500
3.5676294216e-01 -6.8415389694e-02 -2.1173899799e+00
74 64 55
2 1 1412 332.3600 -75.8900 2 2140 332.5200 -148.0600
-1.2511905720e-02 -8.5350630216e-02 -1.9750926089e+00
174 142 111
2 1 1426 -13.5200 -93.5300 2 2792 -42.1600 -165.9300
8.7435923565e-02 -1.0048302701e-01 -1.9023730696e+00
30 20 18
2 1 1457 95.0100 -119.3600 2 2900 77.1300 -266.7400
-1.8831925959e-01 -1.2825433796e-01 -1.9935165221e+00
125 102 70
2 1 1467 -195.0300 -130.2700 2 2777 -265.9800 -145.3400
4.5532481637e-02 2.1637572572e-01 -2.2789704812e+00
64 47 37
2 1 1611 33.6200 201.4200 2 2936 109.6900 274.3700
6.4511736741e-02 2.1289343448e-01 -2.2804556941e+00
24 13 7
2 1 1616 50.2300 197.4100 2 2941 127.7200 265.4600
-1.9009961641e-01 1.8788198887e-01 -2.1826671973e+00
179 149 123
2 1 1623 -182.9000 186.5200 2 2382 -155.7800 290.1500
-6.9974170266e-02 1.8203129399e-01 -2.1314403133e+00
105 91 78
2 1 1629 -67.8800 178.2200 2 2954 -17.5400 223.0700
-1.8239080140e-01 1.6493415982e-01 -2.1687014565e+00
106 75 52
2 1 1639 -176.3900 164.7900 2 2946 -154.7200 256.4700
-5.8881127218e-02 1.6588843971e-01 -2.1197635686e+00
103 89 76
2 1 1641 -57.2300 162.5200 2 2962 -10.0300 196.1600
-1.8004013680e-01 1.6068894295e-01 -2.1647030978e+00
108 82 58
2 1 1642 -174.4600 160.7400 2 2949 -153.4500 249.3800
-7.0777687645e-02 1.5090913392e-01 -2.1132539160e+00
96 74 56
2 1 1652 -69.2700 148.4600 2 2975 -29.1500 180.5100
-2.0939547946e-01 1.4395994875e-01 -2.1709476292e+00
147 107 70
2 1 1653 -202.6200 145.6800 2 2951 -192.3900 242.9200
-1.6790167757e-01 1.3931782606e-01 -2.1506916232e+00
119 87 61
2 1 1656 -163.5700 140.1000 2 2957 -146.6900 215.8900
-1.6062102516e-01 1.3530229974e-01 -2.1428298557e+00
160 134 111
2 1 1661 -157.0300 136.0700 2 2437 -139.7100 205.7600
-3.8511654008e-02 1.3407481148e-01 -2.0945374415e+00
105 92 80
2 1 1667 -37.6300 131.1900 2 2992 3.3900 142.4400
-1.8977653831e-01 1.2279671251e-01 -2.1524279553e+00
129 113 99
2 1 1672 -185.3000 124.9800 2 3299 -176.9400 205.5300
6.5385537592e-02 1.2162946538e-01 -2.1007528944e+00
133 85 44
2 1 1676 62.5700 115.4500 2 3023 117.7600 98.5400
2.7606012823e-01 1.2652357066e-01 -2.1964379150e+00
128 95 52
2 1 1678 250.4500 113.0100 2 3349 319.4900 86.6700
-1.9554129295e-01 1.0705280464e-01 -2.1450000126e+00
79 56 31
2 1 1681 -191.3300 110.0900 2 2971 -189.1100 187.0600
-1.3387142754e-02 1.0560404593e-01 -2.0703095289e+00
96 72 58
2 1 1692 -12.8200 102.4300 2 3031 23.6900 90.9200
-1.8446343097e-01 9.6302686901e-02 -2.1353756873e+00
176 119 81
2 1 1694 -181.0700 99.3500 2 2980 -180.1800 167.5400
-9.2547473156e-02 9.4300068851e-02 -2.0954961495e+00
121 88 62
2 1 1701 -91.7900 94.1100 2 3009 -74.6200 116.9400
-1.3043011598e-01 8.8990087652e-02 -2.1078061171e+00
109 75 48
2 1 1705 -129.1600 90.2800 2 3002 -120.6600 129.3800
-1.3470769486e-01 8.7726893555e-02 -2.1103521469e+00
151 128 106
2 1 1706 -133.4200 89.2100 2 3000 -125.9200 130.6000
7.4074912011e-02 9.4030643666e-02 -2.0785805857e+00
91 55 29
2 1 1708 71.9100 88.1200 2 3062 119.4000 55.4300
-9.6742124025e-02 8.1431989748e-02 -2.0931657234e+00
120 88 63
2 1 1711 -96.0100 81.6800 2 2553 -84.1200 103.2400
-9.6742124025e-02 8.1431989748e-02 -2.0931657234e+00
120 88 63
2 1 1712 -96.0100 81.6800 2 2554 -84.1200 103.2400
-5.1593092265e-02 8.0309312639e-02 -2.0716878438e+00
145 115 85
2 1 1714 -51.2900 78.7900 2 3046 -31.0500 76.5300
-4.6861919206e-02 3.5141323921e-02 -2.0468242614e+00
122 94 71
2 1 1739 -47.4300 33.2800 2 3084 -40.9500 13.2400
-1.6010830131e-01 2.8093785510e-02 -2.0912491630e+00
177 148 121
2 1 1742 -160.2800 31.4600 2 3050 -175.3000 65.5300
-1.5022399033e-01 2.8042277651e-02 -2.0877427302e+00
211 156 109
2 1 1743 -150.4900 30.9800 2 3054 -164.0400 60.5700
-1.5022399033e-01 2.8042277651e-02 -2.0877427302e+00
211 156 109
2 1 1744 -150.4900 30.9800 2 3055 -164.0400 60.5700
1.2290070430e-01 3.0344647013e-02 -2.0301521014e+00
94 51 23
2 1 1755 122.5700 22.4500 2 3134 155.4800 -52.5000
1.8254837354e-01 2.7389076363e-02 -2.1577062410e+00
70 45 32
2 1 1756 165.2500 22.4000 2 3093 193.6000 1.5200
-9.3187430644e-02 9.4338589994e-03 -2.0572961228e+00
198 180 155
2 1 1766 -94.5000 9.6700 2 3088 -104.4100 6.8000
-9.3187430644e-02 9.4338589994e-03 -2.0572961228e+00
198 180 155
2 1 1767 -94.5000 9.6700 2 3089 -104.4100 6.8000
-1.6952215236e-01 -2.1014772553e-02 -2.0839476485e+00
93 57 31
2 1 1792 -171.1700 -16.6700 2 3083 -200.8500 13.8900
-7.6851959137e-02 -1.7894197896e-02 -2.0366040002e+00
183 155 126
2 1 1794 -78.7500 -19.0400 2 3126 -94.7000 -38.5300
-1.4396894199e-01 -5.5433118824e-02 -2.0529564004e+00
72 49 35
2 1 1816 -147.3100 -53.3000 2 2703 -183.9600 -46.3800
-1.5330653892e-01 -7.2108575822e-02 -2.0484621733e+00
74 37 15
2 1 1826 -157.0900 -69.8900 2 3141 -200.1900 -62.9500
-1.5124159855e-01 -7.8150039036e-02 -2.0452634962e+00
75 38 16
2 1 1830 -155.1200 -76.2000 2 3146 -199.9100 -71.4700
-6.2118725747e-02 -1.2835693474e-01 -1.9753539583e+00
153 130 106
2 1 1876 -65.7700 -135.9400 2 3192 -115.6500 -193.3400
-1.6684873791e-01 -1.8164394094e-01 -1.9587683573e+00
146 111 71
2 1 1904 -174.5900 -189.6300 2 3224 -260.3000 -228.6000
-9.0575699094e-02 2.1486684783e-01 -2.1551743533e+00
97 85 73
2 1 1980 -87.1600 209.7400 2 3280 -30.6500 276.9800
1.1394469644e-01 2.2409709398e-01 -2.2908181808e+00
86 77 67
2 1 1985 94.8000 205.8100 2 3283 179.3000 264.8700
-2.0692451570e-01 1.7276395220e-01 -2.1817143981e+00
102 67 51
2 1 1993 -199.2300 172.7800 2 3277 -180.1700 278.4200
-2.1188778465e-01 1.6902151067e-01 -2.1836539559e+00
138 122 94
2 1 1995 -204.0300 169.3500 2 3278 -186.8300 276.5400
-2.1188778465e-01 1.6902151067e-01 -2.1836539559e+00
138 122 94
2 1 1996 -204.0300 169.3500 2 3279 -186.8300 276.5400
1.6202571110e-01 1.8318399895e-01 -2.2414224863e+00
157 136 115
2 1 1997 141.6000 168.3300 2 2447 220.4100 192.7700
-2.0677284450e-01 1.5732121760e-01 -2.1743721558e+00
123 110 82
2 1 1999 -199.8500 158.2600 2 3286 -185.0400 258.2600
2.2119106891e-01 1.7292677198e-01 -2.2286116348e+00
135 108 74
2 1 2003 196.9200 157.2900 2 3315 277.6700 160.4000
-1.9361095596e-01 1.4396886030e-01 -2.1616162802e+00
104 77 54
2 1 2009 -187.7800 145.2900 2 3291 -174.7900 234.0600
1.4013995221e-01 1.5652802532e-01 -2.2382561381e+00
81 73 62
2 1 2010 121.0000 144.5900 2 3311 188.3400 171.8100
-1.9294651898e-01 1.3176886574e-01 -2.1560003132e+00
127 110 83
2 1 2016 -187.8200 133.6600 2 3296 -177.9100 218.0000
-1.9294651898e-01 1.3176886574e-01 -2.1560003132e+00
127 110 83
2 1 2017 -187.8200 133.6600 2 3297 -177.9100 218.0000
1.5692989550e-01 1.2170681470e-01 -2.2287370052e+00
131 106 78
2 1 2023 136.5200 112.2800 2 3513 192.5400 129.5800
-2.3566706640e-02 1.1311355066e-01 -2.0770503965e+00
122 100 79
2 1 2025 -22.8700 110.2000 2 3338 14.0600 105.8800
1.6336794939e-01 1.1357615568e-01 -2.2216546728e+00
119 95 67
2 1 2026 142.9400 104.5900 2 3515 196.9800 117.0700
2.8508287273e-01 1.0936117118e-01 -2.1849331605e+00
123 98 61
2 1 2029 260.1500 96.8300 2 3354 323.6800 62.7300
2.0605196707e-01 1.0221560221e-01 -2.2037845575e+00
121 94 67
2 1 2031 183.6300 92.4600 2 3348 238.5100 86.6900
1.8707606760e-01 9.9084690924e-02 -2.2094113311e+00
136 106 73
2 1 2032 165.5900 90.3500 2 3343 217.0300 91.4900
-1.3948753890e-01 8.5438871159e-02 -2.1120455003e+00
135 102 77
2 1 2033 -138.1500 87.1600 2 3326 -132.1600 130.4700
-6.0352891336e-02 8.7295379293e-02 -2.0795027399e+00
97 75 62
2 1 2034 -59.8100 86.0800 2 3344 -39.1700 90.9500
-1.6587197719e-01 7.8233109077e-02 -2.1192316189e+00
133 122 101
2 1 2040 -163.8400 81.1300 2 3325 -165.0300 134.6000
-1.3590804903e-01 7.9517598244e-02 -2.1082210078e+00
128 94 74
2 1 2041 -134.8500 81.2400 2 3332 -130.0000 121.1000
1.8197978943e-01 8.0828782482e-02 -2.2011720111e+00
44 31 22
2 1 2045 161.4200 73.5800 2 3527 206.0700 72.1200
1.8197978943e-01 8.0828782482e-02 -2.2011720111e+00
44 31 22
2 1 2046 161.4200 73.5800 2 3528 206.0700 72.1200
-1.0861156099e-01 6.6310747570e-02 -2.0890670417e+00
153 113 80
2 1 2049 -108.6100 67.1300 2 3346 -102.8000 88.6800
-1.1591880560e-01 6.3452513739e-02 -2.0913878760e+00
112 84 63
2 1 2050 -115.7000 64.6400 2 3345 -112.4000 89.1500
9.4903738391e-02 5.4944638209e-02 -2.0534768450e+00
155 112 85
2 1 2057 93.1500 48.4500 2 3374 130.5300 -5.2100
-2.2657020784e-01 2.2460635625e-02 -2.1074424657e+00
65 37 20
2 1 2064 -225.2800 28.6500 2 3521 -253.6200 88.6600
-9.9439593431e-02 2.2029373365e-02 -2.0659666250e+00
213 192 160
2 1 2066 -100.4500 22.6700 2 3077 -107.3600 26.7200
-9.3419602445e-02 2.1164157403e-02 -2.0613881975e+00
149 105 73
2 1 2068 -94.5900 21.4300 2 3365 -100.6000 21.3600
-1.3140461154e-01 9.3784447822e-03 -2.0721664885e+00
234 220 176
2 1 2073 -132.5900 11.4500 2 3363 -148.6300 26.8500
-1.2746209033e-01 8.6367016439e-04 -2.0676634499e+00
226 211 169
2 1 2079 -128.7500 2.7500 2 3370 -147.0400 14.3500
-8.8190097196e-02 1.7613560795e-03 -2.0508702823e+00
175 153 124
2 1 2082 -89.7800 1.6000 2 3375 -101.1500 -6.4000
-7.9813720975e-02 -1.4745322941e-03 -2.0444859733e+00
145 106 80
2 1 2084 -81.5100 -2.2000 2 3380 -92.4400 -16.0800
-2.2415122702e-01 -9.8953918181e-03 -2.0725072811e+00
215 187 144
2 1 2085 -224.9800 -4.6000 2 3537 -265.2600 35.3800
-1.2206530832e-01 -2.8614004610e-02 -2.0499684414e+00
211 162 99
2 1 2097 -124.5700 -27.5500 2 3121 -150.6900 -27.7900
-1.0132049594e-01 -6.9038786324e-02 -2.0204709963e+00
217 161 101
2 1 2118 -104.6900 -70.5500 2 3403 -140.7600 -92.9700
-1.3185430370e-01 -1.0011464236e-01 -2.0300983673e+00
66 39 19
2 1 2136 -136.6300 -99.9700 2 3408 -184.8300 -108.1500
-6.1114263512e-02 -1.6478092433e-01 -1.9545266244e+00
35 21 11
2 1 2167 -65.2400 -175.7400 2 3455 -127.2900 -244.0200
-6.1114263512e-02 -1.6478092433e-01 -1.9545266244e+00
35 21 11
2 1 2168 -65.2400 -175.7400 2 3456 -127.2900 -244.0200
1.0249120582e-01 2.2581513955e-01 -2.2950768682e+00
42 36 24
2 1 2218 83.9100 207.4100 2 3477 168.1700 271.4500
-6.0028985373e-02 1.8096112449e-01 -2.1255564454e+00
83 64 47
2 1 2227 -58.7800 176.8400 2 3488 -5.4700 216.0500
-4.7451664358e-02 1.7245003189e-01 -2.1158464638e+00
152 111 79
2 1 2229 -45.9100 168.5600 2 3489 6.1500 198.0400
-8.8524008267e-02 1.5612944367e-01 -2.1240528392e+00
126 108 86
2 1 2232 -86.5500 153.9600 2 3601 -48.4400 197.0100
1.2773133544e-01 1.5584082700e-01 -2.2395918533e+00
87 74 66
2 1 2235 109.7400 144.4700 2 3498 175.2000 175.2400
1.2773133544e-01 1.5584082700e-01 -2.2395918533e+00
87 74 66
2 1 2236 109.7400 144.4700 2 3499 175.2000 175.2400
4.2635342258e-02 1.2754247644e-01 -2.1098732396e+00
120 85 58
2 1 2240 40.0700 121.9300 2 3516 93.2500 116.4200
-2.0224829844e-01 1.0829593867e-01 -2.1466449441e+00
126 100 72
2 1 2242 -197.5600 111.5100 2 3491 -196.6300 191.3600
-1.7157319462e-01 9.3898676476e-02 -2.1292614878e+00
173 129 84
2 1 2244 -169.0000 96.5600 2 3503 -166.0800 157.9700
-1.6923169940e-01 8.6423256495e-02 -2.1238969670e+00
129 111 88
2 1 2246 -167.1300 89.2100 2 3508 -165.9200 146.6500
6.7067915178e-02 9.4575104139e-02 -2.0815097830e+00
143 102 61
2 1 2247 64.7100 88.8600 2 3529 111.3700 59.7300
1.7786623496e-01 8.6254778244e-02 -2.2119167430e+00
48 31 23
2 1 2250 156.8200 79.0300 2 3523 201.8200 83.1300
-1.1796738363e-01 6.7806163163e-02 -2.0959402283e+00
112 81 57
2 1 2252 -117.5000 69.0600 2 3519 -113.2900 96.7700
8.6486933102e-02 6.8006298004e-02 -2.0604495194e+00
154 105 68
2 1 2259 84.5700 61.7500 2 3541 125.5000 14.7000
2.3600618698e-01 6.9938485337e-02 -2.1809995777e+00
133 112 79
2 1 2260 212.9000 60.9100 2 3361 260.0200 37.9800
2.0192561280e-01 6.6237838675e-02 -2.1898608799e+00
122 102 70
2 1 2261 180.8000 59.2100 2 3535 222.0800 47.9000
3.1141801170e-01 1.7658014528e-02 -2.1617374538e+00
101 89 73
2 1 2278 284.9400 9.4900 2 3389 314.7600 -38.5000
-1.5437915913e-01 -1.1743179110e-02 -2.0728020813e+00
113 89 63
2 1 2288 -156.3000 -8.6200 2 3371 -181.6200 12.4100
-1.4774534751e-01 -4.0325741575e-02 -2.0617761266e+00
82 57 40
2 1 2297 -150.2900 -37.6300 2 3551 -183.3800 -24.8300
-5.6174200939e-02 -1.6019819760e-01 -1.9560513205e+00
188 147 109
2 1 2327 -59.8900 -170.9500 2 3453 -119.9700 -239.8200
-2.1898894639e-01 1.3826032805e-01 -2.1692925602e+00
128 97 69
2 1 2357 -212.0700 140.6000 2 3599 -205.4300 239.1700
3.3462392364e-02 1.2828082648e-01 -2.1110798940e+00
41 25 17
2 1 2358 31.2800 123.0000 2 3609 82.9100 120.6800
1.5388409483e-01 1.2790252379e-01 -2.2285782034e+00
128 99 65
2 1 2359 133.9500 118.0800 2 3608 192.0400 136.2800
2.4970187737e-01 1.2687339081e-01 -2.2019723602e+00
102 86 59
2 1 2361 225.1800 114.0700 2 3612 292.3900 96.8800
1.7168008163e-01 1.0591784108e-01 -2.2168337820e+00
138 114 80
2 1 2364 150.7500 97.1800 2 3611 203.1500 105.4600
-5.5642361543e-02 5.4251597538e-02 -2.0625553041e+00
148 113 85
2 1 2370 -55.6300 53.0600 2 3673 -45.1200 45.0700
2.2035009883e-01 4.7380833080e-02 -2.1769589411e+00
129 103 69
2 1 2373 198.4700 40.4400 2 3619 235.6700 19.5300
3.2300706116e-01 5.0750717317e-03 -2.1511954856e+00
143 125 103
2 1 2380 297.1700 -3.1300 2 3557 323.2300 -58.1100
-1.6674444682e-01 -7.5387066804e-03 -2.0867399802e+00
125 100 78
2 1 2381 -167.7500 -3.4000 2 3539 -193.7600 28.3300
-1.5535638600e-01 -2.4082207064e-02 -2.0709419304e+00
107 81 59
2 1 2383 -157.8000 -20.8500 2 3543 -186.3300 -0.9200
3.3313550532e-01 -5.0075231998e-02 -2.1275965003e+00
33 23 14
2 1 2385 308.6700 -57.0900 2 3566 315.3600 -121.0000
-1.9688663034e-01 1.5764669603e-01 -2.1720407445e+00
118 88 63
2 1 2433 -191.0200 158.2700 2 3657 -173.1100 254.3100
2.1060086320e-01 1.6137242128e-01 -2.2267172190e+00
164 134 97
2 1 2434 186.8400 146.8600 2 3664 262.8900 151.5500
-1.8955872110e-01 1.4373523475e-01 -2.1667423166e+00
117 80 47
2 1 2435 -183.8000 144.8500 2 3659 -169.5400 234.3700
-1.8474370672e-01 1.3739260888e-01 -2.1544191236e+00
112 84 57
2 1 2436 -180.4400 138.7700 2 3660 -166.2900 220.7900
-2.7825545682e-02 9.4192613726e-02 -2.0684485133e+00
136 99 72
2 1 2440 -27.2800 91.6600 2 3699 2.3200 82.2000
-1.5477155161e-01 8.3308490609e-02 -2.1164176294e+00
124 93 64
2 1 2441 -153.3100 85.6300 2 3665 -150.3600 135.1300
2.1486277222e-01 8.9562666772e-02 -2.1965780787e+00
128 104 68
2 1 2443 192.4400 80.4700 2 3670 243.3300 69.1300
-1.4214467322e-01 5.7964185905e-02 -2.1030704135e+00
137 99 72
2 1 2445 -142.2400 60.3200 2 3669 -143.7700 97.4300
1.3733882298e-01 1.4597985710e-01 -2.2377865841e+00
21 11 10
2 1 2489 118.7700 135.3400 2 3663 180.8200 162.0800
2.3184448693e-01 1.3901078244e-01 -2.2123817978e+00
142 117 82
2 1 2490 207.6000 125.7800 2 3697 277.5500 118.0000
-1.5856214645e-01 1.1836385108e-01 -2.1352057175e+00
140 97 57
2 1 2491 -155.4400 119.7500 2 3692 -143.1000 183.1200
2.0057245514e-01 7.6887917006e-02 -2.1959090631e+00
116 93 62
2 1 2493 178.7700 69.0600 2 3702 224.2200 61.0100
3.2795689315e-01 -1.5506393852e-02 -2.1424828851e+00
68 58 49
2 1 2500 302.2100 -23.4000 2 3679 321.6900 -81.8100
1.7460460912e-01 1.7522151945e-01 -2.2410412472e+00
70 55 44
2 1 2523 152.0600 160.1200 2 3724 230.4400 181.2500
-1.6994970810e-01 1.4227691074e-01 -2.1525049855e+00
121 89 56
2 1 2524 -165.5300 142.9800 2 3722 -148.0000 220.5900
1.5616935548e-01 1.3721152441e-01 -2.2335684435e+00
118 89 60
2 1 2525 135.3600 126.2900 2 3725 197.5300 146.6600
1.8351218238e-01 1.0440868615e-01 -2.2130830476e+00
141 116 80
2 1 2527 161.8200 95.2800 2 3728 215.1600 99.1400
-1.3421940522e-01 7.0372439029e-02 -2.1021115108e+00
148 112 82
2 1 2529 -133.5900 72.1800 2 3727 -131.1400 107.7400
-1.1262276220e-01 -2.1608914690e-02 -2.0475616793e+00
207 174 125
2 1 2530 -115.0700 -21.0400 2 3732 -137.4500 -24.9800
-1.6532593327e-01 2.4574178826e-02 -2.0923428412e+00
177 142 103
2 1 2545 -165.0200 28.2400 2 3750 -182.7400 64.1100
3.8872076075e-01 -5.3807678501e-02 -2.0984439859e+00
156 135 114
2 1 2573 367.7700 -63.8000 2 3754 374.8900 -155.6300
1.9635187520e-01 1.3922459384e-01 -2.2269741831e+00
150 126 90
2 1 2579 172.5100 126.6100 2 3771 239.8300 134.5500
1.5432098946e-01 2.5214969018e-03 -2.0100876425e+00
161 116 75
2 1 500 155.0200 -7.3900 2 2079 182.7700 -102.0800
1.4767921365e-01 -3.9911130648e-03 -2.0032598296e+00
132 85 43
2 1 512 149.0200 -14.0600 2 2087 173.6900 -111.2400
1.3567470142e-01 -1.3163927532e-02 -2.0012491974e+00
51 33 18
2 1 528 136.8000 -23.0600 2 2760 156.4500 -118.1900
1.1235337942e-01 -4.8957837465e-02 -1.9430056847e+00
32 21 11
2 1 599 118.0500 -62.9300 2 2812 124.0700 -189.7600
1.8750653512e-01 -6.5852598854e-02 -1.9549248331e+00
132 120 108
2 1 645 192.9200 -81.8000 2 3218 201.6400 -216.8400
2.0246693157e-01 -6.6822218150e-02 -1.9497790315e+00
44 31 22
2 1 649 209.4700 -83.4500 2 2272 218.9400 -225.8500
1.5511841239e-01 -2.6763354976e-02 -1.9921312463e+00
141 108 73
2 1 1346 157.0200 -37.9400 2 2131 174.2000 -143.1500
1.6955570105e-01 -2.5973629626e-02 -1.9858119872e+00
159 108 69
2 1 1347 172.2300 -38.1100 2 2785 192.4100 -150.8900
1.8385241065e-01 -3.4930116602e-02 -1.9817030458e+00
105 75 48
2 1 1367 186.8400 -47.9500 2 3174 205.4300 -166.3300
2.0363306721e-01 -7.1705854099e-02 -1.9462200746e+00
38 24 14
2 1 1421 210.6800 -88.9900 2 2867 219.1400 -233.5100
2.0681262935e-01 -7.5832039194e-02 -1.9435203369e+00
39 33 30
2 1 1427 213.8800 -93.7400 2 2879 221.7600 -240.3100
1.2687478917e-01 1.1298461187e-02 -2.0213074616e+00
154 117 79
2 1 1776 126.6400 2.8500 2 3149 153.4400 -78.2200
1.3740425088e-01 -2.6396062999e-03 -2.0093051645e+00
153 110 76
2 1 1790 137.9300 -12.1000 2 3161 161.5700 -102.8800
1.9013561447e-01 -7.4202325189e-02 -1.9450315989e+00
40 28 17
2 1 1844 197.2400 -91.0800 2 3229 202.5600 -233.2900
1.9376499889e-01 -7.1430082745e-02 -1.9475127987e+00
102 90 76
2 1 2129 200.5200 -88.2100 2 3451 207.5900 -229.6400
1.3273416121e-01 -8.3271369053e-02 -1.9021356932e+00
44 28 17
2 1 2139 143.1900 -102.7300 2 3461 139.7700 -262.6100
-3.4640657811e-01 -1.5394425424e-02 -2.2598840941e+00
47 47 45
2 1 2283 -332.3600 2.5600 2 3505 -364.3800 154.6600
1.0394022625e-01 -6.5979414121e-02 -1.9350358315e+00
134 108 94
2 1 2307 109.6300 -80.9100 2 3444 107.8200 -210.3900
1.2206249637e-01 2.2998561117e-02 -2.0259849127e+00
125 91 54
2 1 2448 121.5500 14.8100 2 3678 152.4200 -62.2000
