# Bundle file v0.3
3 117
9.0080338628e+02 -3.5316729714e-02 2.1942287339e-03
9.5796797564e-01 1.7460481976e-01 2.2761923155e-01
-1.3629596041e-01 9.7518948263e-01 -1.7443876905e-01
-2.5242973048e-01 1.3608317269e-01 9.5799822614e-01
1.7251382074e-01 -1.4347623034e-01 2.5804778277e-01
8.6301492215e+02 3.3533087560e-02 6.8993941246e-02
9.9129324778e-01 -2.3120949583e-02 1.2962684364e-01
-1.7507299965e-02 9.5257805429e-01 3.0379029761e-01
-1.3050360666e-01 -3.0341468680e-01 9.4387940781e-01
1.2613890027e-01 2.3757906594e-01 3.2622720769e-01
8.7841671076e+02 5.8813261411e-03 2.3370928406e-02
9.1996970931e-01 -3.8425421424e-01 -7.7488275229e-02
2.8844914486e-01 5.2975402330e-01 7.9759498847e-01
-2.6542951001e-01 -7.5611465641e-01 5.9819545432e-01
-7.0672764697e-02 6.5934365619e-01 2.9516980033e-02
1.3062382832e-01 4.3685991225e-02 -7.9959961503e-01
72 52 35
3 1 1449 284.6000 63.4400 2 1304 161.2100 140.7500 0 512 207.7900 35.4400
1.4568189185e-01 4.0641359001e-02 -7.9282126344e-01
139 115 80
3 1 1453 319.3300 62.2800 2 237 186.3800 155.0900 0 534 234.3700 25.0200
1.3416599743e-01 3.5505701077e-02 -8.0229068880e-01
99 82 59
3 1 1481 291.2100 47.1200 2 282 173.2300 132.1000 0 542 208.1100 21.7000
1.4726958016e-01 3.7427436647e-02 -7.9350683710e-01
159 133 98
3 1 1462 322.6200 56.1700 2 248 191.5800 152.3400 0 546 234.9600 19.3800
1.6787960997e-01 2.2199026050e-02 -7.9074490987e-01
134 105 70
3 1 1500 367.7600 30.1900 2 241 237.4200 154.5300 0 599 262.1000 -11.3900
1.6421331940e-01 7.9884177065e-03 -8.0029012404e-01
126 100 63
3 1 2247 355.4900 -1.1300 2 1313 245.4800 127.7400 0 653 243.5900 -30.4900
1.4284539670e-01 4.0432027188e-02 -7.9470446274e-01
154 128 94
3 1 2130 312.5700 60.8500 2 1293 182.1800 150.7500 0 1465 228.4800 25.7200
1.1663673155e-01 -1.3205867492e-02 -8.3300072054e-01
73 56 36
3 1 2324 246.2100 -54.1500 2 1421 190.8200 38.2200 0 1545 145.5600 -43.4200
-8.1562530630e-02 -5.8662299624e-02 -7.5421403834e-01
121 92 63
3 1 2377 -124.1700 -110.7700 2 2040 -160.0100 7.5400 0 1653 -173.3600 -115.9600
1.3851446765e-01 2.9541054302e-02 -8.0256880781e-01
147 121 87
3 1 2632 300.3300 36.4200 2 1923 185.3400 129.1900 0 2099 212.1500 10.9500
1.1893019481e-01 -7.8298874424e-03 -8.2860506270e-01
123 102 72
3 1 2691 252.5700 -42.8400 2 2354 189.5500 50.7700 0 2137 152.9800 -36.8200
-1.1687534095e-01 -4.8710620914e-02 -7.4679117329e-01
243 226 167
3 1 2884 -211.7700 -83.5400 2 2624 -255.7600 10.5600 0 2188 -243.8900 -92.5500
-8.0511265891e-02 -6.0959211322e-02 -7.5531982224e-01
245 230 192
3 1 2734 -121.7000 -116.3800 2 2380 -155.4700 2.9600 0 2212 -172.1400 -120.2200
1.2843683771e-01 3.2616308736e-02 -8.0641909653e-01
63 56 47
3 1 2855 277.8700 39.9200 2 2320 167.1000 121.0600 0 2432 195.7700 19.0400
1.3816589091e-01 3.3309999418e-02 -8.0115288987e-01
72 59 48
3 1 2973 299.8800 44.1300 2 2586 181.5300 133.9200 0 2604 214.0400 16.7300
1.3813804849e-01 4.6162653662e-02 -7.9393704073e-01
125 101 67
3 1 3038 303.1000 71.6200 2 2721 170.2100 154.0700 0 2723 223.9900 36.3400
1.3813804849e-01 4.6162653662e-02 -7.9393704073e-01
125 101 67
3 1 3039 303.1000 71.6200 2 2722 170.2100 154.0700 0 2724 223.9900 36.3400
1.3943951898e-01 4.0583105276e-02 -7.9677148635e-01
74 59 42
3 1 3041 303.5300 60.0200 2 2723 177.5200 146.4500 0 2731 222.2000 27.1600
1.6081545671e-01 2.7639696113e-02 -7.9156303968e-01
161 131 93
3 1 3044 352.2100 39.5400 2 2807 221.5200 154.3000 0 2740 252.8400 -0.3800
1.2640693659e-01 -1.2265967400e-02 -8.2736288103e-01
128 103 71
3 1 3082 267.8900 -50.0500 2 2815 205.3900 52.1300 0 2751 163.3000 -45.9200
1.2164851341e-01 -1.5405066827e-02 -8.3159506988e-01
68 55 38
3 1 3084 256.3500 -57.3000 2 2857 201.1400 40.8100 0 2808 152.9700 -48.4200
1.3320413724e-01 3.0675870624e-02 -8.0403215786e-01
74 61 45
3 1 3102 289.1600 37.7500 2 2854 176.2500 125.4600 0 2837 203.5700 14.3700
1.5633649713e-01 9.5355285424e-03 -8.0243567902e-01
141 113 76
3 1 3124 338.6100 0.9000 2 2887 232.2300 122.2400 0 2874 230.3800 -25.5100
1.2809833527e-01 2.8087335372e-02 -8.0812779660e-01
133 111 86
2 1 467 277.3500 31.1000 2 319 170.7400 114.9400
1.7212202145e-01 1.9968686410e-02 -7.9064974335e-01
159 136 99
2 1 474 376.4100 25.9100 2 238 246.0200 155.0000
1.6741586061e-01 -1.7349280816e-02 -8.1266112314e-01
93 71 50
2 1 654 356.0200 -54.7300 2 355 275.5000 90.5300
1.6741586061e-01 -1.7349280816e-02 -8.1266112314e-01
93 71 50
2 1 655 356.0200 -54.7300 2 354 275.5000 90.5300
1.2085693273e-01 -1.8998221111e-02 -8.3599710022e-01
125 106 79
2 1 680 252.6100 -66.9900 2 464 202.8300 31.3100
1.2520077004e-01 -2.0482361896e-02 -8.3484582958e-01
119 95 68
2 1 688 261.7600 -69.3300 2 459 210.8600 33.7400
-8.1274597330e-02 -5.5058784326e-02 -7.5235648477e-01
98 64 33
2 1 754 -123.1100 -101.7300 2 499 -161.9500 16.4400
-6.8038332431e-02 -6.3061384814e-02 -7.5007150389e-01
117 86 72
2 1 799 -90.8800 -120.0200 2 496 -126.2400 20.1100
-8.4574580109e-02 -7.2243479898e-02 -7.6411545769e-01
112 85 44
2 1 851 -131.7300 -147.7800 2 595 -154.0100 -31.9800
-5.4349447875e-02 -9.0398061736e-02 -7.5747140285e-01
156 119 90
2 1 923 -58.1600 -189.6700 2 575 -70.2400 -21.5800
1.0001055544e-02 -9.1596029020e-02 -7.6132927870e-01
86 47 18
2 1 925 93.6000 -191.8700 2 500 79.7400 15.7700
1.3890571201e-01 -1.2488843535e-01 -8.8702277163e-01
63 53 34
2 1 1090 268.4100 -271.5600 2 806 345.4600 -147.0900
1.3897101726e-01 -1.2765461275e-01 -8.9052810420e-01
61 50 32
2 1 1098 266.5100 -276.7600 2 835 348.2500 -155.5100
1.0626647799e-01 9.6195340313e-02 -7.4453345301e-01
74 56 44
2 1 1241 274.5600 209.6700 2 78 81.8300 250.4100
1.6274854700e-01 1.0115223819e-01 -7.7318683829e-01
116 104 92
2 1 1284 353.6400 184.1700 2 115 159.5000 227.8700
1.3173789667e-01 2.7962216166e-02 -8.0691771254e-01
72 51 33
2 1 1497 284.7000 31.5700 2 307 176.6500 118.3600
1.6995941229e-01 2.0255860529e-02 -7.9079818354e-01
121 92 63
2 1 1507 372.2000 26.4100 2 242 242.4500 154.0300
1.5462257694e-01 9.6054478331e-03 -8.0484398095e-01
125 96 58
2 1 1569 332.8100 -0.9600 2 310 228.7200 117.8500
1.6890548691e-01 7.4444022113e-03 -7.9886252966e-01
186 157 115
2 1 1572 365.6300 -1.9700 2 1310 253.0400 131.7900
1.2087169350e-01 -1.7157542438e-02 -8.3512735596e-01
79 62 41
2 1 1678 252.8700 -63.3200 2 1427 201.1300 34.2700
-1.0935407180e-01 -7.8272658498e-02 -7.8410691826e-01
83 56 45
2 1 1783 -189.0800 -168.8200 2 1549 -201.2700 -97.7100
-8.6719441187e-02 -8.2682976335e-02 -7.7114167723e-01
104 70 34
2 1 1791 -137.1600 -175.1200 2 1516 -149.4700 -62.2200
-4.9755044111e-02 -8.9145644270e-02 -7.5416425049e-01
156 122 94
2 1 1802 -46.6700 -185.5300 2 1474 -60.9000 -9.5800
-9.3769563158e-02 -9.1056178612e-02 -7.7804184173e-01
204 170 125
2 1 1811 -154.1000 -197.2100 2 2122 -158.3800 -93.7300
8.7583530340e-03 -1.0115132066e-01 -7.6785652197e-01
115 69 38
2 1 1830 88.5300 -216.3100 2 1476 88.0400 -10.3200
1.6839360476e-01 2.5337684255e-02 -7.8825163956e-01
132 102 74
2 1 2190 370.4200 37.4600 2 1889 235.3400 160.8900
1.7131064889e-01 2.1326726752e-02 -7.8913152686e-01
181 158 114
2 1 2210 376.2000 29.3900 2 1892 243.5500 157.9500
-9.9519716283e-02 -3.8581766100e-02 -7.5669154085e-01
84 43 21
2 1 2332 -166.0800 -64.9300 2 2033 -212.0100 15.9900
-9.6977421519e-02 -4.1578107185e-02 -7.6040253686e-01
94 48 25
2 1 2340 -160.0200 -73.8700 2 2041 -202.3800 6.9000
-8.3684001147e-02 -4.7968863920e-02 -7.4858437200e-01
87 59 48
2 1 2348 -128.8300 -82.8600 2 2024 -173.5100 31.1700
1.6916112153e-02 -5.4178762737e-02 -7.3630507169e-01
171 119 68
2 1 2360 118.6900 -92.6200 2 1328 53.4300 113.2200
-6.8601438945e-02 -7.2539580852e-02 -7.5654779305e-01
211 190 156
2 1 2409 -92.7100 -145.6500 2 2054 -118.6300 -5.7200
1.1925227287e-02 -8.3864860737e-02 -7.5626897233e-01
74 47 32
2 1 2428 99.7500 -171.8600 2 2017 75.1900 36.6800
-9.4693431564e-02 -9.3941244628e-02 -7.8027044294e-01
200 171 138
2 1 2457 -156.2500 -204.6700 2 2439 -157.8600 -103.2500
9.0013281270e-03 -9.8626285404e-02 -7.6622472730e-01
78 42 16
2 1 2461 89.5900 -209.9000 2 2049 85.6700 -3.6100
7.8950879820e-03 -1.0381117483e-01 -7.6985623181e-01
88 55 29
2 1 2471 85.8900 -223.1000 2 2068 89.2100 -18.4200
7.4311690702e-03 -1.0795113762e-01 -7.7247581154e-01
95 57 36
2 1 2479 84.0400 -233.5100 2 2072 93.0100 -29.5100
-9.7794614370e-02 -1.0735033156e-01 -7.8975726425e-01
147 125 100
2 1 2481 -163.4800 -238.6700 2 2457 -152.7000 -145.6700
-1.0063765293e-01 -1.2985445481e-01 -8.0551801490e-01
38 24 12
2 1 2527 -170.0600 -294.0400 2 2505 -137.4300 -217.4200
1.2750163841e-01 3.8892981350e-02 -8.0245344670e-01
60 49 32
2 1 2623 278.1900 54.0200 2 1921 160.7500 131.2600
1.4004166512e-01 3.5025152940e-02 -7.9788092982e-01
135 115 86
2 1 2625 306.0200 49.6800 2 1301 183.0200 140.7500
1.7492150680e-01 2.8223883026e-02 -7.8305429070e-01
91 75 57
2 1 2628 387.3700 46.0200 2 1874 242.7500 173.7500
1.7315020839e-01 2.7307714431e-02 -7.8541043277e-01
175 150 117
2 1 2629 381.6500 42.8200 2 1879 240.8500 168.7200
1.6119530135e-01 -2.3698652552e-02 -8.2129853302e-01
114 88 60
2 1 2704 338.5100 -70.2300 2 2343 271.1400 68.8700
1.4270133020e-01 -4.0427536919e-02 -8.3846299691e-01
121 95 67
2 1 2725 294.1000 -106.9900 2 2371 258.8400 18.9900
1.1173739948e-01 -4.1531861430e-02 -8.4618496572e-01
65 56 47
2 1 2731 233.5600 -111.2400 2 2391 210.7100 -9.7300
-8.2705196492e-02 -7.0439545987e-02 -7.6287118968e-01
244 232 180
2 1 2741 -127.1500 -142.9800 2 2402 -151.1800 -25.6600
-7.8116184525e-02 -7.2312192185e-02 -7.5985225298e-01
210 184 147
2 1 2744 -116.0800 -146.3800 2 2399 -140.2600 -18.9300
-1.1633361938e-01 -4.4553783235e-02 -7.4425735050e-01
210 174 132
2 1 2882 -210.4600 -72.0300 2 2621 -257.8100 21.4400
-1.1792625943e-01 -5.2991371905e-02 -7.4940418806e-01
203 152 105
2 1 2888 -214.3300 -95.3200 2 2627 -255.0700 -1.1900
1.2658475736e-01 3.6224301517e-02 -8.0447315329e-01
124 93 61
2 1 2970 275.6900 47.9300 2 2587 161.4200 125.8100
1.1497296482e-01 -8.7778253319e-03 -8.3243368919e-01
112 91 64
2 1 2988 243.0200 -47.1400 2 2736 183.7300 42.6700
1.2567185908e-01 2.9732827083e-02 -8.0931759595e-01
138 116 80
2 1 3045 271.5600 33.3700 2 2812 165.6300 113.3400
1.1550024325e-01 -1.5740585393e-02 -8.3704162204e-01
114 88 55
2 1 3085 241.7300 -61.5200 2 2859 191.2200 30.0400
1.2166756176e-01 4.3707522950e-03 -8.2383076176e-01
105 86 56
2 1 3106 258.8800 -19.8100 2 2888 181.7500 69.7500
-8.3593702467e-02 -8.3898983173e-02 -7.7141605494e-01
226 186 141
2 1 3114 -129.1300 -178.1400 2 2897 -141.4500 -62.2100
-8.3593702467e-02 -8.3898983173e-02 -7.7141605494e-01
226 186 141
2 1 3115 -129.1300 -178.1400 2 2896 -141.4500 -62.2100
1.2894009157e-01 2.2914119894e-02 -8.1086363039e-01
132 106 73
2 1 3136 277.8100 20.2100 2 2909 176.5700 107.2900
1.5082478373e-01 -7.7573251859e-02 -8.7200982084e-01
150 126 102
2 1 3163 288.9100 -182.8100 2 2964 308.1600 -62.3700
1.7077490219e-01 1.8287262431e-02 -7.9090956293e-01
165 141 109
2 1 1515 374.2200 22.8400 0 613 264.3400 -18.1000
-8.8576495751e-02 -5.8239985693e-02 -7.5476759798e-01
132 111 90
2 1 1732 -141.2800 -110.6000 0 860 -187.5900 -112.7600
-7.9917745405e-02 -6.6455019005e-02 -7.5560022924e-01
196 164 125
2 1 1758 -120.3500 -130.7100 0 904 -172.8800 -129.6500
-6.5853113168e-02 -9.7333497860e-02 -7.6266744509e-01
158 121 93
2 1 1821 -87.3800 -208.5900 0 1037 -154.9600 -184.5500
1.1871954816e-01 -9.9328568899e-02 -8.8651706655e-01
52 45 37
2 1 1837 230.1500 -224.7700 0 938 94.5400 -144.3100
-3.8358340289e-02 -1.1392761427e-01 -7.5623779350e-01
119 92 71
2 1 1869 -18.1500 -248.8400 0 1776 -106.9800 -223.4100
1.3869589029e-01 3.7599774229e-02 -7.9997928886e-01
123 106 80
2 1 2152 300.6900 52.8400 0 1468 217.3000 23.0100
-1.1707832383e-01 -3.7635240047e-02 -7.3877796718e-01
68 36 18
2 1 2323 -212.8700 -51.8500 0 764 -241.8300 -74.7000
-8.1395361753e-02 -7.5537448803e-02 -7.6010306588e-01
214 176 129
2 1 2419 -124.2500 -154.4200 0 1696 -178.9500 -143.5500
1.6393744215e-01 1.3930959288e-02 -7.9641078381e-01
98 78 55
2 1 2644 356.9900 11.6600 0 1519 248.4800 -21.9100
-8.1710210896e-02 -4.8647887389e-02 -7.4831534344e-01
215 164 110
2 1 2715 -124.1700 -84.5400 0 2196 -170.2900 -99.5200
-9.0053425082e-02 -9.2266487621e-02 -7.7237708153e-01
231 175 115
2 1 2768 -145.9000 -198.8500 0 2248 -201.0100 -164.5900
1.2722385661e-01 -1.6197914334e-02 -8.2611958333e-01
133 109 75
2 1 2879 271.3500 -57.8000 0 2462 163.7700 -51.4600
-7.3030659898e-02 -1.0909121519e-01 -7.7153987318e-01
141 105 81
2 1 2913 -105.0000 -239.6000 0 2293 -173.8200 -198.1400
9.7547181866e-02 -1.1625127646e-01 -8.7455741564e-01
66 58 47
2 1 2922 204.8500 -255.9400 0 2256 66.8800 -170.4300
1.1188811157e-01 -1.2285812899e-01 -8.6900827111e-01
85 75 65
2 1 2928 235.4500 -268.1700 0 2271 86.8500 -184.1400
1.2293630119e-01 -1.3124705672e-01 -8.7212736730e-01
178 150 128
2 1 3066 253.7300 -284.4300 0 2769 99.0900 -195.3700
1.1116002140e-01 -4.1522529334e-02 -8.3919858216e-01
52 43 34
2 1 3089 238.9600 -108.8500 0 2755 124.1200 -81.6600
-1.8621324927e-01 9.6024394815e-02 -9.2560914884e-01
16 15 10
2 1 3133 -284.0500 80.3100 2 2912 -332.6200 -131.3800
1.6483138998e-01 3.1312562086e-02 -7.8761439699e-01
172 149 117
2 2 226 224.1100 164.3500 0 578 263.8500 3.1300
-3.5236209735e-02 -1.2339391319e-02 -7.0375168660e-01
130 103 80
2 2 1247 -102.8200 191.9600 0 737 -52.4500 -61.3900
-3.4920357351e-02 -1.5051817697e-02 -7.0513996483e-01
191 163 136
2 2 1259 -99.6600 186.7700 0 749 -53.3700 -66.4600
-3.9828656724e-02 -1.9156807393e-02 -7.0990684199e-01
149 128 114
2 2 1274 -106.2400 169.9600 0 1585 -66.9300 -71.2900
-5.6464393266e-02 -3.2661273034e-02 -7.2622216919e-01
171 139 116
2 2 1330 -129.2900 111.9900 0 790 -110.7500 -86.1100
-4.8870303394e-02 -4.0460627567e-02 -7.2608842273e-01
147 116 95
2 2 1335 -106.5700 108.7000 0 840 -97.4500 -103.6800
1.5580859316e-01 -2.1566818579e-02 -8.1859582887e-01
131 111 84
2 2 1373 261.6800 72.4500 0 754 208.1400 -67.8700
1.2122067872e-01 -1.5874706392e-02 -8.3221192828e-01
90 78 63
2 2 1419 200.6500 39.9300 0 694 151.5000 -47.5800
-4.1216269247e-02 -1.7638393162e-02 -7.0988061696e-01
124 103 89
2 2 1875 -110.6400 170.5300 0 1579 -69.0900 -67.8400
-4.1216269247e-02 -1.7638393162e-02 -7.0988061696e-01
124 103 89
2 2 1876 -110.6400 170.5300 0 1580 -69.0900 -67.8400
-2.8546255843e-02 -3.4731249931e-02 -7.1234092758e-01
128 116 102
2 2 1894 -68.5900 156.4400 0 1637 -49.3600 -104.9200
-7.1094064679e-02 -5.9564490131e-02 -7.4913509878e-01
214 191 145
2 2 2365 -136.8100 24.1400 0 2219 -152.6600 -122.4300
-2.6455965717e-02 -3.7132576804e-02 -7.1271355740e-01
114 104 94
2 2 2580 -61.5600 154.6500 0 2483 -46.3200 -109.9700
-2.7591528424e-02 -3.1970000491e-02 -7.1007059562e-01
160 144 129
2 2 2718 -69.2600 164.6000 0 2637 -45.5400 -100.8500
-7.8554396751e-02 -5.3588996136e-02 -7.5080099843e-01
245 244 213
2 2 2891 -157.7300 23.0900 0 2848 -165.8800 -108.4500
1.5662287669e-01 -3.1238667127e-03 -8.0927794933e-01
108 91 71
2 2 2947 244.9700 102.4800 0 2919 221.7000 -42.7600
