# Bundle file v0.3
3 726
8.9084426343e+02 2.9231280325e-01 8.6235822021e-02
8.9244620949e-01 2.8212545931e-01 -3.5205821732e-01
-4.4610340214e-01 4.3540078118e-01 -7.8193216736e-01
-6.7316549021e-02 8.5488676733e-01 5.1442890400e-01
-3.0678050865e-01 -7.1743570232e-01 -5.5083003993e-02
8.0778975580e+02 1.7079758407e-01 -2.4047121193e-02
9.9766375159e-01 3.8487143394e-02 5.6442701593e-02
-1.0427588816e-02 9.0231339508e-01 -4.3095452481e-01
-6.7515214294e-02 4.2935914670e-01 9.0060669495e-01
5.4702560395e-02 -3.8226120822e-01 3.9737605110e-01
8.3525177759e+02 2.0395531817e-01 2.3202472264e-02
9.3711977928e-01 2.6615764219e-01 -2.2575789860e-01
-3.3698922707e-01 5.2175694805e-01 -7.8371420046e-01
-9.0800771575e-02 8.1051205831e-01 5.7864101412e-01
-1.8989236401e-01 -7.3446100278e-01 8.7223466298e-02
-7.8011162290e-02 1.1367394008e-01 -9.1890233779e-01
118 90 68
3 1 63 -155.0700 257.2900 2 177 -62.1600 173.0400 0 211 -43.6100 182.1700
1.1436530166e-01 4.7318691698e-02 -1.0100592259e+00
158 141 112
3 1 237 186.3800 155.0900 2 1263 287.9000 79.3000 0 471 278.1100 70.6100
1.0830105012e-01 2.8033965139e-02 -9.9784218403e-01
95 82 65
3 1 307 176.6500 118.3600 2 1304 257.3700 45.9800 0 543 246.4500 43.7700
1.4416503086e-01 4.9921799814e-02 -9.9856217811e-01
147 131 100
3 1 242 242.4500 154.0300 2 376 342.6400 48.0100 0 557 323.4000 35.6400
1.4615094880e-01 5.0408736972e-02 -9.9876640358e-01
170 156 130
3 1 238 246.0200 155.0000 2 1301 346.4500 47.4600 0 559 327.3600 34.9200
-7.7603316359e-02 3.4118207523e-02 -8.4886590118e-01
228 222 200
3 1 457 -162.5000 35.5000 2 588 -140.9400 -57.5200 0 655 -132.3400 -8.2300
1.2321968369e-01 -3.9073869375e-03 -9.6148931469e-01
161 146 115
3 1 429 210.0500 46.5000 2 551 249.5300 -42.9500 0 715 227.2600 -36.2800
-8.0276829282e-02 1.9301458310e-02 -8.3528232904e-01
253 239 208
3 1 1475 -171.1000 -9.6300 2 1494 -161.5800 -96.5000 0 716 -153.3300 -39.0600
-6.9929819281e-02 9.5990588222e-03 -8.2454687037e-01
247 248 217
3 1 2079 -147.9100 -42.3500 2 1526 -150.1300 -134.1900 0 765 -146.9200 -72.0000
-7.0131252350e-02 3.5238568756e-03 -8.1869440263e-01
120 97 71
3 1 1516 -149.4700 -62.2200 2 1533 -156.8200 -151.0900 0 789 -154.0600 -85.5800
1.5789611900e-01 -2.2897748008e-02 -9.4081377011e-01
132 126 112
3 1 525 277.0400 1.3900 2 1503 288.3900 -108.8300 0 818 254.4800 -99.7800
2.7805508395e-02 2.4663972581e-02 -8.3247893720e-01
103 68 46
3 1 2049 85.6700 -3.6100 2 1988 68.5100 -175.7600 0 863 35.1400 -131.8100
2.8740874896e-02 2.2470508538e-02 -8.3051009729e-01
154 101 50
3 1 1476 88.0400 -10.3200 2 1561 68.0700 -182.2600 0 887 34.2900 -137.2800
3.3520646420e-02 1.9882255095e-02 -8.3105333911e-01
146 105 74
3 1 568 98.6500 -15.3100 2 824 76.2600 -186.9600 0 896 41.1800 -141.5600
3.7403973191e-02 -9.4812548864e-03 -7.9988821635e-01
138 94 54
3 1 1569 115.2800 -114.6600 2 1631 50.9700 -276.3100 0 1003 10.2300 -213.8100
3.8344096082e-02 -1.3015849615e-02 -7.9620105514e-01
141 96 60
3 1 1587 118.4800 -127.2800 2 1643 49.0200 -287.5700 0 1018 7.4800 -222.4400
9.8378102416e-02 1.0129138358e-01 -1.0800786266e+00
126 122 110
3 1 53 148.0800 266.6600 2 1106 324.1000 247.5300 0 1157 337.3900 226.2300
1.1719800684e-01 4.6216253566e-02 -1.0078011822e+00
175 159 127
3 1 248 191.5800 152.3400 2 1267 291.3400 72.8500 0 1361 280.8700 65.0400
9.8863204996e-02 3.1577573026e-02 -1.0047986575e+00
136 122 96
3 1 1315 159.1000 127.5200 2 1787 245.8900 64.3400 0 1370 238.0500 62.4200
9.8863204996e-02 3.1577573026e-02 -1.0047986575e+00
136 122 96
3 1 1314 159.1000 127.5200 2 1788 245.8900 64.3400 0 1371 238.0500 62.4200
1.4136272539e-01 4.9990699598e-02 -9.9931108804e-01
151 132 100
3 1 241 237.4200 154.5300 2 1291 337.6300 50.8400 0 1424 319.2800 38.8700
-1.7895381864e-01 -1.4459757632e-01 -9.1312377807e-01
99 89 70
3 1 2206 -317.4200 -206.3900 2 574 -300.9700 -53.4000 0 1448 -267.1100 19.1300
1.4900692995e-01 3.9406843856e-02 -9.8845492911e-01
204 187 158
3 1 1310 253.0400 131.7900 2 1343 338.9600 19.7700 0 1455 316.5400 10.3800
-8.2296893312e-02 3.2227223205e-02 -8.4838954880e-01
89 76 58
3 1 2024 -173.5100 31.1700 2 1910 -152.2100 -56.9100 0 1470 -141.8700 -6.4300
-7.5987357612e-02 2.5082658614e-02 -8.4004511656e-01
136 115 88
3 1 2040 -160.0100 7.5400 2 1925 -146.8300 -84.7400 0 1491 -139.8300 -30.7500
-6.8973498931e-02 4.5130737193e-03 -8.2065936316e-01
235 224 195
3 1 2094 -146.3700 -57.7600 2 1963 -152.3300 -147.1300 0 1542 -149.9800 -82.7000
-8.8025091899e-02 -1.7507369260e-02 -8.1343756898e-01
99 55 36
3 1 2131 -193.9100 -113.1800 2 1976 -204.0900 -167.0800 0 1552 -194.7600 -93.4800
-7.3100284727e-02 -6.2500101037e-03 -8.1021863317e-01
204 181 146
3 1 2122 -158.3800 -93.7300 2 1553 -172.6500 -174.6600 0 1566 -169.3000 -103.2700
-6.2356032211e-02 -4.1338132815e-02 -7.7760893434e-01
36 25 18
3 1 2505 -137.4300 -217.4200 2 2041 -184.9600 -277.0000 0 1624 -188.2400 -186.9600
1.2268064862e-01 -8.7143890398e-02 -8.6801335257e-01
121 117 109
3 1 2166 239.5800 -169.0800 2 1599 169.3800 -243.1800 0 1643 129.2300 -203.7500
4.8425383578e-02 9.6938849020e-02 -1.0411708781e+00
59 42 34
3 1 1816 77.8900 251.2800 2 1693 226.1800 224.9900 0 1711 236.2800 211.8500
1.0036328793e-01 3.8339816037e-02 -1.0098535133e+00
90 78 65
3 1 1304 161.2100 140.7500 2 1265 254.8200 77.4100 0 1798 248.7200 73.0700
1.1212175101e-01 4.4806759602e-02 -1.0094445404e+00
169 153 126
3 1 1293 182.1800 150.7500 2 1777 281.5700 76.7900 0 1808 271.9800 69.5900
9.9805877581e-02 3.3634453591e-02 -1.0058576949e+00
79 71 59
3 1 1921 160.7500 131.2600 2 2110 249.5900 67.5100 0 1813 241.5400 64.6400
1.4361533044e-01 5.7067269250e-02 -1.0045819795e+00
193 178 155
3 1 1879 240.8500 168.7200 2 2117 349.7100 64.3400 0 1827 332.5400 50.2200
-8.6939770452e-02 4.9209793126e-02 -8.6543854745e-01
90 73 54
3 1 2336 -181.4000 82.7900 2 2166 -144.5900 -3.1000 0 1846 -130.4500 38.9700
1.4170090677e-01 4.1196399979e-02 -9.9296358233e-01
134 122 96
3 1 1915 238.0400 136.8700 2 2138 328.6600 32.3300 0 1860 308.3500 23.1900
-9.5732716139e-02 1.8709863437e-02 -8.5249538399e-01
111 71 46
3 1 2378 -202.4800 6.8700 2 1906 -181.2900 -53.6200 0 1876 -165.7100 -0.1300
-9.4883762614e-02 1.5171643815e-02 -8.4915554316e-01
104 64 41
3 1 2384 -201.2900 -3.8000 2 2197 -182.6900 -63.9300 0 1889 -168.1000 -8.8100
-9.5731394372e-02 8.3491567779e-03 -8.4020522975e-01
87 52 30
3 1 2403 -205.7900 -27.2400 2 1927 -193.2300 -86.8200 0 1902 -178.9700 -26.9400
-6.6351543084e-02 3.1947027799e-02 -8.4216898943e-01
214 191 145
3 1 2364 -136.8100 24.1400 2 2209 -122.1100 -80.9400 0 1905 -118.5800 -30.1200
-6.6907352682e-02 1.8265211153e-02 -8.2894035808e-01
212 190 155
3 1 2399 -140.2600 -18.9300 2 1948 -137.5000 -119.6000 0 1926 -135.1700 -61.3700
1.4692536672e-01 -1.3307370648e-02 -9.4372277239e-01
140 115 83
3 1 2371 258.8400 18.9900 2 2216 279.3200 -90.7000 0 1945 247.5700 -82.5500
2.4268610167e-02 3.7671856504e-02 -8.4549588367e-01
115 77 58
3 1 2017 75.1900 36.6800 2 1959 75.9200 -136.0000 0 1950 45.6000 -98.8700
-6.9481103509e-02 -5.4848003243e-03 -8.1047616364e-01
242 198 141
3 1 2434 -149.2500 -91.7300 2 2247 -164.4700 -176.0300 0 1958 -162.4800 -105.3000
-7.1376960972e-02 -1.5011589687e-02 -8.0214828215e-01
155 137 124
3 1 2446 -155.8300 -123.3200 2 2003 -177.6100 -199.4600 0 1966 -175.5100 -123.7000
3.0348943149e-02 1.6474450096e-02 -8.2447328050e-01
125 86 53
3 1 2072 93.0100 -29.5100 2 2004 64.6100 -200.6100 0 1978 29.5400 -152.2700
-6.0113978533e-02 -3.9920980690e-02 -7.7782095635e-01
202 177 148
3 1 2688 -131.3300 -213.9400 2 2285 -179.8200 -277.2000 0 1993 -183.9500 -187.4700
-9.4648088326e-02 7.7364552968e-02 -8.9389492326e-01
75 58 36
3 1 2303 -194.3100 164.5600 2 2100 -131.9400 89.5900 0 2058 -111.2300 117.2000
9.8738426410e-02 3.6300872342e-02 -1.0083489545e+00
149 135 107
3 1 1914 158.8900 136.7400 2 2106 250.4600 74.1900 0 2075 243.2300 70.9300
1.4487446093e-01 5.9772814400e-02 -1.0057745343e+00
119 106 93
3 1 1874 242.7500 173.7500 2 2112 355.2900 68.2000 0 2082 338.3000 52.9300
1.1329491001e-01 3.4215640746e-02 -9.9993665502e-01
166 150 122
3 1 1923 185.3400 129.1900 2 2123 272.2700 52.0200 0 2085 260.2500 47.8200
1.4467855514e-01 5.1940669224e-02 -9.9966345531e-01
189 174 143
3 1 1892 243.5500 157.9500 2 2124 345.7000 51.3900 0 2093 326.8700 38.4100
-1.1511752074e-01 3.0520286161e-02 -8.4086090509e-01
228 205 164
3 1 2621 -257.8100 21.4400 2 2347 -232.6100 -48.4400 0 2102 -209.2100 9.4800
-1.1392805978e-01 2.7099420243e-02 -8.3759791648e-01
239 234 195
3 1 2624 -255.7600 10.5600 2 2349 -233.3500 -59.1700 0 2107 -210.7300 0.1500
1.1259772021e-01 -3.3047574778e-03 -9.6638026789e-01
143 129 99
3 1 2354 189.5500 50.7700 2 2178 232.9300 -29.3100 0 2121 214.3000 -21.9600
1.5563114636e-01 1.0313994735e-02 -9.6137110685e-01
138 119 88
3 1 2343 271.1400 68.8700 2 2190 318.4000 -50.4100 0 2137 288.4300 -51.2400
1.1139460597e-01 3.6177734799e-02 -1.0030472268e+00
91 85 66
3 1 2586 181.5300 133.9200 2 2418 270.9700 59.3500 0 2241 260.5000 54.8100
1.0336631743e-01 2.8713859374e-02 -1.0010701244e+00
82 79 69
3 1 2320 167.1000 121.0600 2 2332 250.3900 53.7700 0 2243 240.8700 52.0500
2.6447344952e-02 2.1834626284e-02 -8.3060598965e-01
170 126 86
3 1 2750 82.5400 -11.5100 2 2448 62.8600 -180.8500 0 2277 29.9700 -135.5300
1.6081313814e-01 2.8692156099e-02 -9.7639720584e-01
198 182 167
3 1 2592 276.8800 107.6700 2 2427 347.6900 -14.2800 0 2333 320.0500 -23.6900
1.0533373488e-01 4.5889264405e-02 -1.0127351917e+00
150 129 99
3 1 2722 170.2100 154.0700 2 2487 271.2000 86.5300 0 2375 263.8300 79.7200
1.3326321874e-01 4.8879738511e-02 -1.0027512098e+00
182 162 129
3 1 2807 221.5200 154.3000 2 2490 322.0100 59.2400 0 2382 306.6600 48.6400
1.0205717571e-01 2.4812289517e-02 -9.9790167813e-01
150 135 102
3 1 2812 165.6300 113.3400 2 2538 244.1700 46.1300 0 2383 234.1300 46.3100
1.2114784724e-01 -1.5632365246e-03 -9.6448959949e-01
153 138 107
3 1 2815 205.3900 52.1300 2 2545 248.6700 -35.3600 0 2393 227.3100 -29.5700
-6.6724701524e-02 3.1689735225e-03 -8.1936260429e-01
224 203 166
3 1 2897 -141.4500 -62.2100 2 2555 -148.6500 -152.6400 0 2397 -147.2600 -87.5500
-9.4103464682e-02 1.2438617940e-01 -9.6839668942e-01
138 112 90
3 1 2881 -176.6900 296.8900 2 2559 -61.7900 286.0000 0 2412 -32.4800 282.0600
9.8229633485e-02 4.0364711005e-02 -1.0117185558e+00
146 127 94
3 1 2809 157.4500 144.8300 2 2536 253.7600 83.0000 0 2417 247.7400 79.1300
1.1825042402e-01 -7.3945460932e-03 -9.6103920687e-01
95 83 68
3 1 2857 201.1400 40.8100 2 2546 237.9800 -43.5100 0 2424 216.8600 -35.4500
1.1249533037e-01 -1.3014533100e-02 -9.5802610909e-01
145 127 97
3 1 2859 191.2200 30.0400 2 2547 223.4700 -49.0100 0 2426 202.8500 -38.8500
1.0820961782e-01 3.1821697856e-02 -1.0000657466e+00
102 94 79
3 1 2854 176.2500 125.4600 2 2565 261.4000 52.7900 0 2446 250.4200 49.7500
1.3780206420e-01 3.3501846566e-02 -9.8871445816e-01
163 140 106
3 1 2887 232.2300 122.2400 2 2583 312.9100 21.1500 0 2447 292.6000 14.8700
1.0783759558e-01 2.2452900861e-02 -9.9364349166e-01
155 138 103
3 1 2909 176.5700 107.2900 2 2592 251.2900 34.7800 0 2460 238.6800 34.9500
1.6033213399e-01 -4.6429134863e-02 -9.3915657937e-01
175 162 153
3 1 2938 275.8900 -36.2600 2 2596 269.9400 -129.5600 0 2466 237.2400 -114.6600
1.4269259051e-01 2.4888658197e-02 -9.7737914535e-01
108 91 71
3 1 2947 244.9700 102.4800 2 2615 310.2400 -5.7900 0 2486 288.5900 -10.4700
4.3130620027e-02 1.1206102202e-01 -1.0496047463e+00
64 48 40
2 1 35 70.3500 280.0200 2 1675 233.8700 263.4700
1.0528191196e-01 8.0316753320e-02 -1.0636874439e+00
125 118 112
2 1 115 159.5000 227.8700 2 1163 311.4900 193.7900
7.4428052755e-03 9.3737561192e-02 -9.0189353091e-01
214 173 124
2 1 159 31.7300 197.7000 2 382 106.9700 43.6500
1.0688237247e-01 3.4717961686e-02 -1.0042043907e+00
119 102 87
2 1 282 173.2300 132.1000 2 1279 262.4400 62.0300
-1.1678638021e-01 5.9784766611e-02 -8.8501041975e-01
107 65 45
2 1 301 -246.1200 122.0400 2 336 -193.1700 68.5800
1.3904179296e-01 2.8911810702e-02 -9.8427907264e-01
153 130 99
2 1 323 235.1400 112.5300 2 443 309.6300 9.4800
1.5932311674e-01 1.1444737001e-02 -9.6120560308e-01
209 192 166
2 1 393 277.8900 70.6500 2 1454 325.7300 -52.3900
1.5625887614e-01 -9.2831161638e-04 -9.5199570637e-01
168 145 113
2 1 433 273.9400 44.6000 2 626 307.3900 -74.5500
1.5625887614e-01 -9.2831161638e-04 -9.5199570637e-01
168 145 113
2 1 434 273.9400 44.6000 2 627 307.3900 -74.5500
2.4359650467e-02 3.9061221411e-02 -8.4684292830e-01
175 126 85
2 1 451 75.4500 40.8400 2 728 77.8900 -132.0500
1.2349096623e-01 -1.0060010924e-02 -9.5694307857e-01
145 129 104
2 1 459 210.8600 33.7400 2 581 244.1600 -55.0800
-7.1073652246e-02 3.3517907611e-02 -8.4360006399e-01
219 174 127
2 1 471 -147.7700 29.0900 2 618 -131.0400 -72.9100
-7.7026278826e-02 2.7873593720e-02 -8.4294954030e-01
100 80 43
2 1 499 -161.9500 16.4400 2 628 -146.1000 -75.6200
2.6576435638e-02 2.7903549155e-02 -8.3545405167e-01
137 93 54
2 1 516 82.3800 6.2800 2 783 69.6900 -166.1700
3.3904613802e-02 1.8599028650e-02 -8.2921730467e-01
162 118 72
2 1 573 99.9500 -19.9900 2 833 75.6600 -191.7500
-7.2698537108e-02 1.2660613925e-02 -8.2789272548e-01
111 99 56
2 1 595 -154.0100 -31.9800 2 710 -152.7200 -122.7700
1.3389599714e-01 -4.7168812338e-02 -9.4057161235e-01
61 56 52
2 1 606 227.4800 -35.7700 2 694 227.3600 -112.5500
-5.6533832251e-02 1.2655332385e-02 -8.2034699613e-01
134 122 104
2 1 612 -115.8600 -40.8100 2 753 -123.3700 -149.4800
-1.4833377174e-02 2.0357517008e-02 -8.0568023159e-01
176 160 152
2 1 614 -11.7400 -41.8900 2 862 -39.0400 -204.6000
-6.0139775818e-02 8.9312802938e-03 -8.1887592734e-01
155 127 105
2 1 634 -124.8300 -50.5000 2 760 -133.5700 -153.1400
3.8421128794e-02 1.3257753359e-03 -8.1216775662e-01
120 93 71
2 1 682 114.2900 -75.9500 2 921 65.6400 -243.2800
3.8421128794e-02 1.3257753359e-03 -8.1216775662e-01
120 93 71
2 1 683 114.2900 -75.9500 2 922 65.6400 -243.2800
1.7680880570e-01 -7.3677005160e-02 -8.7501090166e-01
76 72 60
2 1 790 343.4800 -141.2800 2 952 269.6800 -257.2500
1.7706710068e-01 -7.5579501854e-02 -8.7261192749e-01
77 73 61
2 1 806 345.4600 -147.0900 2 965 268.2100 -262.4400
1.7606321915e-01 -7.6622311976e-02 -8.7242536035e-01
114 110 99
2 1 810 343.1700 -148.9500 2 966 265.6300 -262.6500
3.9977785255e-02 1.1531903178e-01 -1.0509628074e+00
24 13 9
2 1 1155 66.1200 286.3700 2 1070 231.1100 272.9200
1.1222064499e-01 3.9917605496e-02 -1.0049110828e+00
158 142 119
2 1 1301 183.0200 140.7500 2 2115 276.6200 65.2900
1.5988834419e-02 6.3619746161e-02 -8.7116954502e-01
198 149 94
2 1 1328 53.4300 113.2200 2 1907 88.7300 -54.7100
1.1278531236e-01 -9.3330436764e-03 -9.6160041655e-01
96 84 64
2 1 1421 190.8200 38.2200 2 1440 227.4200 -41.4200
1.1811145072e-01 -1.0506447496e-02 -9.5854025322e-01
107 92 71
2 1 1427 201.1300 34.2700 2 1450 234.7100 -49.8500
1.4542292521e-01 -6.5363239977e-02 -9.2761212910e-01
39 32 26
2 1 1527 249.7100 -74.3100 2 1532 229.3500 -149.9800
3.8036735941e-02 -5.6340911237e-03 -8.0273617549e-01
161 122 71
2 1 1556 116.1100 -102.7400 2 1626 56.1500 -268.0500
3.7959883763e-02 -1.0553252815e-02 -7.9812931970e-01
128 87 39
2 1 1573 116.9700 -119.3800 2 1634 50.6600 -281.2000
5.6987422628e-03 1.0398473730e-01 -9.1210697110e-01
92 70 57
2 1 1836 27.3800 225.2600 2 1775 115.8200 76.8800
6.5423728722e-03 1.0073860734e-01 -9.0898633834e-01
85 65 54
2 1 1840 29.2700 216.6000 2 2113 113.7400 66.2300
-1.1289944259e-01 7.1511013821e-02 -9.0372131483e-01
93 51 33
2 1 1891 -231.4200 158.7300 2 1761 -166.8500 113.0000
1.4759718463e-01 2.9382762084e-02 -9.8111442873e-01
174 151 119
2 1 1938 251.5100 111.5400 2 2159 325.0600 0.1300
1.4759718463e-01 2.9382762084e-02 -9.8111442873e-01
174 151 119
2 1 1939 251.5100 111.5400 2 2160 325.0600 0.1300
-9.9594221404e-02 2.2561209056e-02 -8.5350887833e-01
107 66 46
2 1 2033 -212.0100 15.9900 2 1903 -187.8500 -45.0600
-9.2661678456e-02 -2.8681700428e-03 -8.2971871450e-01
92 52 31
2 1 2095 -200.6000 -62.3300 2 1947 -197.6900 -119.4200
3.8568805581e-02 -8.0449504172e-03 -8.0070617437e-01
163 117 65
2 1 2130 117.7600 -110.5700 2 2039 54.7900 -274.4200
-7.1714023620e-02 1.4469307777e-02 -8.3012416264e-01
252 248 226
2 1 2402 -151.1800 -25.6600 2 2229 -148.3200 -117.4000
-8.2377792223e-02 -4.1317459944e-02 -7.9327026305e-01
83 50 35
2 1 2486 -184.6000 -191.8300 2 2021 -213.3800 -229.9900
1.4616196641e-01 -7.4108892351e-02 -9.1952372736e-01
38 28 19
2 1 2763 253.5600 -94.7300 2 2447 222.5200 -167.6700
3.1622190855e-02 4.8366850358e-03 -8.1325957617e-01
177 143 108
2 1 2827 98.2500 -67.1100 2 2520 54.5000 -233.6300
1.2997610774e-01 4.7867684834e-02 -1.0029300894e+00
179 159 126
2 1 249 215.6400 152.6800 0 526 300.2200 50.6700
1.0492068701e-01 2.6036023770e-02 -9.9730214263e-01
154 137 111
2 1 319 170.7400 114.9400 0 542 239.4100 44.0900
1.1873023323e-01 1.3818758013e-02 -9.7691530660e-01
129 109 76
2 1 369 200.0200 84.3100 0 1466 241.4300 -0.8100
1.3716001317e-01 1.0840484481e-02 -9.6795211382e-01
160 137 106
2 1 387 235.0700 74.0200 0 694 263.4100 -28.1600
-9.5442560247e-02 9.0424287304e-02 -9.0684780676e-01
193 149 115
2 1 1237 -194.1100 200.6100 0 260 -97.2200 151.5500
-9.7454743037e-02 2.8891624425e-02 -8.6385345128e-01
125 96 78
2 1 1420 -203.6500 38.6200 0 590 -156.4100 27.0500
-9.3933035446e-02 -5.2205332428e-03 -8.2624274923e-01
107 80 65
2 1 1525 -204.9700 -71.3900 0 750 -191.0400 -60.0500
-2.0701332118e-01 -1.4015355231e-01 -9.9627517539e-01
239 241 236
2 1 1571 -324.6700 -117.5100 0 1245 -245.2300 126.2900
7.1144999912e-02 7.3528082933e-02 -1.0319499891e+00
62 50 41
2 1 1846 113.1300 207.6200 0 1730 245.3300 155.6400
1.4156981076e-01 4.1164765158e-02 -9.9285247284e-01
134 122 96
2 1 1916 238.0400 136.8700 0 1861 308.3500 23.1900
-7.8704074244e-02 1.8697383560e-02 -8.3505844560e-01
92 58 31
2 1 2063 -167.3800 -11.2000 0 1499 -150.8500 -41.1600
3.9433228782e-02 -1.6322358093e-02 -7.9257077171e-01
152 107 66
2 1 2147 122.0300 -139.5200 0 1658 4.9400 -231.6100
-9.4683874716e-02 7.7309547139e-02 -8.9418496325e-01
75 58 36
2 1 2302 -194.3100 164.5600 0 2059 -111.2300 117.2000
-7.4062348860e-02 2.3596120182e-02 -8.3870967983e-01
247 246 214
2 1 2380 -155.4700 2.9600 0 1907 -138.1200 -35.5700
-9.2046684400e-02 -4.7955578509e-03 -8.2679077682e-01
88 50 34
2 1 2424 -200.2900 -69.8400 0 1924 -186.9900 -60.5000
-6.2324650293e-02 -4.1435561953e-02 -7.7772741825e-01
36 25 18
2 1 2504 -137.4300 -217.4200 0 1625 -188.2400 -186.9600
-1.1301197623e-01 2.3779801572e-02 -8.3336656548e-01
224 190 150
2 1 2627 -255.0700 -1.1900 0 2112 -213.5800 -10.0100
1.0937354717e-01 4.2332356553e-02 -1.0087218045e+00
97 87 76
2 1 2723 177.5200 146.4500 0 2322 264.9800 68.7100
1.1773419049e-01 9.8605764422e-03 -9.7420565493e-01
149 133 99
2 1 2856 198.3900 76.4200 0 2422 235.6900 -6.4800
1.0866542592e-01 5.2764203370e-03 -9.7500032616e-01
134 119 92
2 1 2888 181.7500 69.7500 0 2448 218.6400 -2.0200
1.6933642866e-01 -4.9240037741e-02 -9.1396843899e-01
183 169 158
2 1 2964 308.1600 -62.3700 0 2498 240.3500 -157.3700
-2.1809978014e-03 1.5279357845e-01 -9.8685523829e-01
103 76 57
2 2 31 171.0200 286.0000 0 66 174.7700 259.5500
-4.8920833530e-02 1.5061767829e-01 -9.5967601578e-01
140 100 70
2 2 39 52.8200 281.8900 0 61 65.3800 264.4000
-1.0572213520e-01 1.2278619962e-01 -9.5898792663e-01
127 107 89
2 2 42 -94.6900 278.6500 0 25 -60.9600 279.7500
2.1392285466e-03 1.4564033385e-01 -9.8386663952e-01
142 115 93
2 2 76 172.0400 263.7100 0 122 173.7300 240.4900
-1.2722551902e-03 1.4276383980e-01 -9.7566732783e-01
121 94 80
2 2 96 158.9900 248.8500 0 144 159.7400 227.7500
6.6116472440e-02 9.8825806085e-02 -1.0635827151e+00
76 59 51
2 2 98 263.7300 244.7800 0 1156 275.6500 227.5400
-7.5175645668e-02 1.2894539053e-01 -9.4710686100e-01
122 88 62
2 2 99 -29.5500 244.0600 0 115 -8.7700 240.3700
-3.1309809857e-05 1.4181502536e-01 -9.7482474386e-01
67 40 27
2 2 100 160.5000 244.7100 0 149 160.5900 224.0400
-7.7756947915e-02 1.2752962315e-01 -9.4742978486e-01
113 81 56
2 2 102 -35.9100 244.1800 0 107 -14.4100 241.5300
-7.7756947915e-02 1.2752962315e-01 -9.4742978486e-01
113 81 56
2 2 103 -35.9100 244.1800 0 108 -14.4100 241.5300
1.9184191061e-03 1.4228068203e-01 -9.7491178261e-01
57 32 13
2 2 104 165.1400 244.2200 0 150 164.8600 222.7800
4.0351977404e-03 1.3923749624e-01 -9.7704280405e-01
123 99 80
2 2 107 167.3600 239.8900 0 155 166.9300 219.7300
4.0351977404e-03 1.3923749624e-01 -9.7704280405e-01
123 99 80
2 2 108 167.3600 239.8900 0 156 166.9300 219.7300
-3.9721184842e-04 1.3992696299e-01 -9.7191662940e-01
124 86 62
2 2 113 156.7600 237.1700 0 160 156.4400 217.4300
-1.0168395551e-01 1.0969727136e-01 -9.4294276383e-01
140 116 94
2 2 122 -101.4600 226.4800 0 130 -71.9300 234.1300
9.5192624215e-02 8.9134074143e-02 -1.0750959656e+00
70 61 52
2 2 124 305.3100 226.0800 0 168 316.0800 207.4800
2.3312882619e-03 1.3383276591e-01 -9.6299957726e-01
79 41 23
2 2 134 153.5700 210.3300 0 189 150.5600 193.4100
-1.0032204137e-01 1.0387057055e-01 -9.3750409099e-01
129 109 99
2 2 140 -104.3200 206.7500 0 161 -76.1600 217.1400
3.2859063401e-03 1.3009467634e-01 -9.6014785944e-01
70 43 26
2 2 148 151.0200 198.5700 0 205 147.1500 183.4700
6.4601771300e-03 1.2545100154e-01 -9.5961679105e-01
47 28 14
2 2 165 153.1700 187.1900 0 220 148.3400 173.8700
3.5266678648e-03 1.2630772516e-01 -9.5600304164e-01
133 95 73
2 2 166 146.5300 185.4000 0 225 141.6500 172.4200
8.0269351050e-03 1.2059803834e-01 -9.5308914198e-01
51 25 10
2 2 184 149.7400 167.7400 0 252 143.0100 156.9300
-8.2819839309e-02 1.0013053477e-01 -9.2238466846e-01
116 85 64
2 2 191 -76.7800 161.5200 0 222 -57.0600 173.5300
8.4947582326e-03 1.1905225556e-01 -9.5057503609e-01
45 29 12
2 2 192 148.3700 161.0200 0 262 141.1000 150.8400
5.9118602709e-03 1.1760411941e-01 -9.4628091072e-01
124 85 55
2 2 197 140.1000 153.9400 0 272 132.6000 145.2600
-9.3644102965e-02 9.1876922698e-02 -9.1575561571e-01
126 98 77
2 2 202 -108.7400 146.9700 0 242 -86.1000 164.4500
6.7917789459e-02 6.1517228691e-02 -1.0159091184e+00
88 75 66
2 2 217 222.4800 132.2700 0 312 221.8600 126.2300
-2.9733535686e-02 1.1775289014e-01 -9.1416869443e-01
108 84 54
2 2 220 48.8500 130.6000 0 296 46.1100 131.4800
6.9837141879e-02 6.0352740105e-02 -1.0162541554e+00
47 34 24
2 2 221 224.7900 130.0600 0 317 223.9200 124.0800
7.8660546968e-03 1.1127429515e-01 -9.3693717504e-01
140 86 61
2 2 224 135.1900 127.6600 0 321 125.2900 122.2200
1.2278187300e-01 5.6957161075e-02 -1.0424858059e+00
53 39 28
2 2 225 314.8800 127.1100 0 342 312.3400 113.7900
8.9739299711e-02 6.1048448975e-02 -1.0213603699e+00
86 74 65
2 2 227 260.6800 125.1200 0 337 257.4600 116.0300
6.7873476820e-02 5.6326139618e-02 -1.0084771938e+00
44 32 18
2 2 246 216.3500 116.2300 0 350 214.0200 111.9600
9.2299747881e-03 1.0610501636e-01 -9.3337360008e-01
169 114 78
2 2 249 132.2300 112.9600 0 356 121.2500 110.0700
1.3088752255e-02 1.0349762158e-01 -9.3518221409e-01
58 27 14
2 2 257 138.6400 109.0000 0 371 127.0000 106.4800
7.1760732067e-02 5.3021740960e-02 -1.0041204128e+00
46 33 24
2 2 269 219.2300 104.2700 0 391 215.3400 100.2300
-5.8054144185e-02 9.4972057659e-02 -9.0108080492e-01
156 127 113
2 2 283 -37.1300 97.2500 0 345 -30.0700 112.3300
1.3337048838e-02 1.0280096424e-01 -9.2750486330e-01
32 21 11
2 2 286 135.7900 95.6700 0 413 122.6600 93.6400
-1.1916953889e-01 6.8627798668e-02 -8.9090072653e-01
12 8 0
2 2 294 -192.3800 92.9400 0 313 -162.0000 125.9100
4.5818090637e-03 9.6246911681e-02 -9.2044163756e-01
127 99 83
2 2 312 109.0900 81.3500 0 442 97.4300 84.4400
9.7497529126e-02 3.2097305060e-02 -1.0075025041e+00
100 79 52
2 2 332 244.3400 69.3200 0 479 237.2400 67.3500
-6.1718347239e-02 8.1680914390e-02 -8.9324220105e-01
135 103 89
2 2 341 -56.8500 67.7800 0 426 -49.4900 89.6300
-5.2204690556e-02 8.6792136547e-02 -8.9275377550e-01
177 147 128
2 2 344 -33.5200 66.3700 0 441 -29.7800 85.2900
1.1678990297e-02 9.3729872276e-02 -9.1642684805e-01
37 20 12
2 2 346 120.5700 65.6600 0 476 105.7200 69.4700
-1.4930373446e-01 2.7323252612e-02 -8.9031374408e-01
138 104 66
2 2 357 -263.9200 60.5500 0 363 -226.1000 108.7400
-7.4556602937e-02 7.4389711658e-02 -8.8838084668e-01
104 76 55
2 2 360 -91.8300 59.9300 0 437 -79.8600 86.5200
1.1742114322e-01 3.8005951276e-02 -1.0037253053e+00
134 109 75
2 2 362 283.2000 58.7900 0 520 271.3800 52.6100
1.5142291032e-01 5.5533219047e-02 -1.0035303001e+00
141 113 89
2 2 368 362.3000 56.5500 0 552 343.1300 41.1100
1.4408284115e-01 4.6385574008e-02 -9.9495761660e-01
134 105 72
2 2 384 338.3600 39.1300 0 585 318.4100 28.1100
1.4772240741e-01 4.4120262670e-02 -9.9311689244e-01
167 141 106
2 2 404 342.1700 31.9500 0 605 321.2000 21.0700
-8.3061818306e-02 5.9476796327e-02 -8.7683886402e-01
150 111 86
2 2 409 -124.1600 27.0100 0 494 -110.5300 62.1300
1.4827200409e-01 4.1730929055e-02 -9.8982079375e-01
168 140 102
2 2 415 340.3700 24.4700 0 619 318.4500 14.4400
2.0089806426e-02 7.8701596822e-02 -9.0374916082e-01
47 28 14
2 2 423 120.9400 18.3300 0 582 101.5500 28.5000
2.0089806426e-02 7.8701596822e-02 -9.0374916082e-01
47 28 14
2 2 424 120.9400 18.3300 0 583 101.5500 28.5000
-7.0968319935e-02 5.8223535235e-02 -8.7628372540e-01
119 83 61
2 2 426 -98.4200 14.9700 0 527 -89.6500 49.2100
2.0729677780e-02 7.6404703494e-02 -9.0272387420e-01
44 24 18
2 2 430 120.0300 13.1500 0 597 100.2800 24.4900
2.0729677780e-02 7.6404703494e-02 -9.0272387420e-01
44 24 18
2 2 431 120.0300 13.1500 0 598 100.2800 24.4900
-1.5490783822e-01 -2.5653717417e-03 -8.7852161342e-01
169 133 83
2 2 438 -286.7500 10.2800 0 477 -249.9700 68.6000
-1.4071791625e-01 1.7992146960e-02 -8.7016298589e-01
155 127 88
2 2 441 -263.8300 9.4200 0 488 -230.2700 63.9200
1.4851995530e-01 3.5397325687e-02 -9.8332970026e-01
134 103 57
2 2 445 333.4900 8.8000 0 636 310.0900 0.7300
1.4075446129e-01 2.8111098614e-02 -9.8339466925e-01
31 11 3
2 2 453 311.8600 6.5500 0 635 290.5700 1.3600
-1.3441140236e-01 2.7442021283e-02 -8.6342753492e-01
138 115 83
2 2 456 -255.5700 4.1000 0 508 -224.0100 57.6700
-1.0552418577e-01 3.7738041782e-02 -8.6838330281e-01
102 79 60
2 2 457 -185.8900 3.0000 0 528 -164.8000 48.9100
1.4792453878e-01 3.4472701487e-02 -9.7949817427e-01
51 41 23
2 2 459 331.4400 2.4800 0 647 306.8900 -4.3200
1.5078633622e-01 3.3240697591e-02 -9.8102925605e-01
82 55 30
2 2 462 335.0500 1.9200 0 650 310.6800 -5.5800
1.9181925544e-02 7.1817031170e-02 -8.9380367312e-01
142 99 74
2 2 474 109.9100 -6.6300 0 628 88.9500 8.1600
-5.5502530450e-02 6.2573298385e-02 -8.6612253042e-01
158 125 108
2 2 477 -69.4200 -10.0500 0 600 -67.8800 23.7500
-6.8733387126e-02 5.2382845151e-02 -8.6692482689e-01
111 82 60
2 2 481 -102.2200 -10.4800 0 588 -95.3500 27.6200
1.9964154739e-02 6.9263034991e-02 -8.9066995172e-01
143 86 49
2 2 494 108.3100 -15.6300 0 637 86.6300 0.3800
1.6553393615e-01 3.4139110363e-02 -9.7335085751e-01
182 154 130
2 2 500 362.6000 -17.8700 0 687 332.7900 -26.4600
-5.2922174318e-02 5.4645936019e-02 -8.6473338616e-01
188 153 134
2 2 507 -68.3300 -23.8800 0 622 -67.7600 12.1100
-1.4386576571e-01 -3.4228420688e-03 -8.5635338511e-01
144 111 67
2 2 536 -283.8700 -35.7000 0 587 -251.2500 27.7200
1.0912957182e-01 -5.4796079740e-03 -9.5843502923e-01
144 119 89
2 2 544 223.9500 -40.2600 0 703 204.3000 -30.9500
1.0912957182e-01 -5.4796079740e-03 -9.5843502923e-01
144 119 89
2 2 545 223.9500 -40.2600 0 704 204.3000 -30.9500
-2.0549230947e-01 -1.0662945656e-01 -8.8000418843e-01
226 219 201
2 2 579 -375.9200 -54.9700 0 594 -333.5800 24.8600
-1.3332727993e-02 6.4019862678e-02 -8.5376847781e-01
216 189 169
2 2 605 17.5000 -64.9400 0 706 -0.0900 -32.5300
8.7757154787e-02 -1.1315075914e-02 -9.3341138433e-01
64 51 43
2 2 612 179.7100 -68.9900 0 735 158.4000 -51.6900
-3.9265926980e-02 4.3645398544e-02 -8.3975263682e-01
168 142 127
2 2 658 -59.5300 -93.6400 0 732 -67.5500 -48.9200
-6.2355114528e-02 2.9973962935e-02 -8.3738913511e-01
228 185 137
2 2 660 -117.4600 -94.9700 0 724 -116.1800 -42.9100
-6.2355114528e-02 2.9973962935e-02 -8.3738913511e-01
228 185 137
2 2 661 -117.4600 -94.9700 0 725 -116.1800 -42.9100
-3.7885920623e-02 3.8959506133e-02 -8.3802568078e-01
166 139 122
2 2 677 -59.7700 -103.0600 0 745 -68.5600 -56.2100
-8.0721720913e-02 1.2533143852e-02 -8.3186271679e-01
157 126 83
2 2 690 -166.9300 -109.3500 0 733 -158.8200 -49.2400
2.9329054218e-02 3.4919021201e-02 -8.5205258631e-01
139 92 57
2 2 726 86.8200 -129.0700 0 807 56.1600 -94.3700
3.2937932263e-02 3.2542566824e-02 -8.5268630689e-01
59 30 18
2 2 729 92.6500 -132.7100 0 813 61.1800 -97.8300
3.2937932263e-02 3.2542566824e-02 -8.5268630689e-01
59 30 18
2 2 730 92.6500 -132.7100 0 814 61.1800 -97.8300
2.9910770348e-02 3.2605541442e-02 -8.5106612858e-01
128 77 47
2 2 733 85.9000 -133.5400 0 812 55.0700 -97.8800
-5.7074830611e-02 1.2854497239e-02 -8.2340965456e-01
108 85 61
2 2 744 -122.1300 -142.5700 0 783 -124.2900 -82.5300
8.3115046306e-02 -3.6616499299e-02 -8.9363191300e-01
54 37 30
2 2 750 144.8100 -147.2200 0 841 116.9100 -116.7000
-6.6918047021e-03 3.5029140815e-02 -8.2144016064e-01
140 115 99
2 2 779 -3.2600 -164.6000 0 840 -27.3600 -113.7100
3.2897052236e-02 2.2733089125e-02 -8.3738097066e-01
137 100 67
2 2 790 79.6200 -171.2000 0 860 45.5700 -128.9200
-6.6432435283e-02 -8.0691435633e-03 -8.1275311268e-01
171 143 116
2 2 800 -156.6300 -175.4500 0 822 -155.9700 -105.8600
-5.5209878281e-02 -2.2245906482e-03 -8.1374954217e-01
173 137 113
2 2 803 -130.2400 -176.3000 0 833 -133.9800 -109.8600
-8.0237828020e-03 2.0766760602e-02 -8.1297338789e-01
108 92 77
2 2 836 -19.2900 -193.6300 0 881 -43.1000 -136.1700
3.4827248657e-02 1.4854318999e-02 -8.2870756171e-01
130 90 56
2 2 846 74.5300 -196.3100 0 906 38.6300 -149.7500
3.4827248657e-02 1.4854318999e-02 -8.2870756171e-01
130 90 56
2 2 847 74.5300 -196.3100 0 907 38.6300 -149.7500
1.0655153713e-01 -6.4184068418e-02 -8.7557128932e-01
52 35 27
2 2 867 160.2500 -208.6000 0 940 125.2600 -172.4000
-5.2386052660e-02 -1.7551593410e-02 -8.0476622750e-01
137 111 88
2 2 869 -135.8600 -209.0300 0 880 -141.1600 -135.8200
2.1177265571e-03 1.1913470270e-02 -7.9772168790e-01
184 134 90
2 2 918 -10.8300 -241.5800 0 947 -40.9100 -176.9400
-3.1436174655e-02 -1.2145364110e-02 -7.8995868096e-01
167 127 92
2 2 938 -100.1700 -251.5300 0 945 -115.7900 -175.1600
1.1978474718e-01 -7.5526438840e-02 -8.5681731035e-01
38 25 12
2 2 946 170.6200 -254.9400 0 1004 129.0600 -213.9900
-3.6802248832e-02 -2.1367178531e-02 -7.8307567097e-01
136 106 77
2 2 985 -120.1900 -269.4800 0 958 -133.8700 -187.5500
1.6740052611e-01 -6.4876696448e-02 -8.6242181037e-01
44 31 15
2 2 987 261.2700 -269.4900 0 1041 208.8100 -238.0100
1.6962198133e-01 -6.4108007347e-02 -8.6126809650e-01
58 46 19
2 2 991 265.8100 -272.6700 0 1044 212.3700 -241.2500
1.6962198133e-01 -6.4108007347e-02 -8.6126809650e-01
58 46 19
2 2 992 265.8100 -272.6700 0 1045 212.3700 -241.2500
-8.8849070681e-03 -4.0152458807e-03 -7.8394809210e-01
169 132 98
2 2 1001 -51.7400 -276.1200 0 976 -78.1000 -200.5100
-9.6889569328e-02 -2.9647096460e-02 -7.6314068354e-01
143 115 75
2 2 1008 -274.0100 -280.7900 0 949 -262.9400 -178.8400
4.1847431731e-02 -1.0589008799e-02 -7.9907787704e-01
152 110 67
2 2 1012 59.2200 -282.3900 0 1014 17.0900 -219.3300
3.1985094681e-03 -9.0192425987e-04 -7.8161409669e-01
122 91 67
2 2 1023 -25.2100 -288.9300 0 999 -56.9900 -213.2200
-4.3815537720e-03 1.5361175477e-01 -9.8694154653e-01
105 77 66
2 2 1047 167.1800 289.5600 0 62 171.3800 263.2400
-4.7960843517e-02 1.5157728297e-01 -9.5726736754e-01
192 149 115
2 2 1060 54.4700 279.3500 0 1120 66.4800 261.1900
-9.4644189127e-02 1.2951621642e-01 -9.5725154507e-01
150 119 93
2 2 1061 -67.4100 278.7300 0 1105 -38.0600 276.0900
-8.9997312681e-02 1.3045828158e-01 -9.5564800700e-01
162 135 111
2 2 1067 -57.5500 273.8900 0 51 -29.6400 270.2200
-1.0520761468e-01 1.2186327502e-01 -9.5696737217e-01
128 105 92
2 2 1069 -95.2200 273.3800 0 38 -62.0400 275.0200
-8.8548729391e-02 1.2847547151e-01 -9.5460035215e-01
115 79 52
2 2 1078 -55.7200 266.9900 0 1118 -28.9100 264.2900
-8.6817847127e-02 1.2891290472e-01 -9.5357369254e-01
160 117 83
2 2 1083 -52.2300 264.6900 0 63 -26.1100 261.6600
-8.6817847127e-02 1.2891290472e-01 -9.5357369254e-01
160 117 83
2 2 1084 -52.2300 264.6900 0 64 -26.1100 261.6600
-6.8549068767e-03 1.4638976899e-01 -9.7707504015e-01
74 50 38
2 2 1087 150.9500 262.5900 0 116 153.6000 240.5200
-4.3813085874e-02 1.4820132352e-01 -9.5250433147e-01
124 107 92
2 2 1091 59.0300 261.1000 0 100 68.5800 244.5200
-9.4191245648e-02 1.2296708384e-01 -9.5084118365e-01
107 69 45
2 2 1095 -73.6700 256.0100 0 74 -45.3900 256.6100
2.6884161436e-03 1.4406761678e-01 -9.8114279764e-01
154 120 98
2 2 1098 170.7100 256.2200 0 132 171.6200 233.7200
-3.8057339796e-02 1.4692563808e-01 -9.5228120983e-01
106 82 67
2 2 1100 71.3100 252.8200 0 128 78.4800 236.3900
-1.0285295944e-01 1.1271884272e-01 -9.4793862748e-01
132 112 90
2 2 1110 -99.5600 240.5500 0 96 -68.8300 246.5400
4.9944709245e-02 9.4086937174e-02 -1.0505855530e+00
47 29 19
2 2 1115 228.1300 232.2000 0 1163 239.2700 218.6400
-9.6610677693e-02 1.1611757887e-01 -9.4038507177e-01
118 82 56
2 2 1116 -89.0700 229.5100 0 1145 -61.5700 234.4600
3.4601614166e-03 1.3662754514e-01 -9.7275924681e-01
46 19 3
2 2 1117 162.1100 229.1400 0 1177 160.8500 210.5000
-8.6763051798e-02 1.1885197723e-01 -9.4177354626e-01
156 123 98
2 2 1118 -64.5000 227.6400 0 138 -40.4200 230.1700
-9.6755867363e-02 1.1496880375e-01 -9.3989046023e-01
116 83 59
2 2 1119 -90.4200 226.8800 0 137 -62.5400 232.1500
-3.4626241524e-02 1.4078748205e-01 -9.4109631427e-01
184 159 147
2 2 1126 68.8100 219.9400 0 1182 72.5700 207.1500
1.2969822496e-03 1.3503356362e-01 -9.6390672594e-01
144 102 63
2 2 1129 152.8500 214.6800 0 1189 150.2700 197.3700
-6.9720105174e-02 1.2165498073e-01 -9.3712924503e-01
120 88 65
2 2 1137 -27.2500 210.1000 0 1179 -10.0700 210.0100
-5.6096880062e-02 1.2715067610e-01 -9.3735235168e-01
131 110 94
2 2 1140 7.3800 208.0600 0 174 19.1400 204.2500
-5.6096880062e-02 1.2715067610e-01 -9.3735235168e-01
131 110 94
2 2 1141 7.3800 208.0600 0 175 19.1400 204.2500
-3.2308990523e-02 1.3732347220e-01 -9.3717644225e-01
51 34 26
2 2 1144 69.5000 204.9700 0 188 71.5600 194.1300
-8.4589126136e-02 1.1268781316e-01 -9.3370527541e-01
158 131 107
2 2 1150 -67.7300 202.1400 0 1180 -45.5700 207.8700
9.4128106588e-02 8.0352450594e-02 -1.0625007703e+00
60 50 41
2 2 1155 292.6300 199.3400 0 1202 300.0500 182.9800
-8.4670225805e-02 1.0967930051e-01 -9.3445639868e-01
153 126 104
2 2 1159 -68.7100 198.1100 0 173 -46.7400 205.0500
8.1091726128e-03 1.2535479775e-01 -9.5915746783e-01
133 103 84
2 2 1168 156.4500 185.0100 0 227 151.0100 171.5200
-9.7477445780e-02 9.6817566897e-02 -9.2680354034e-01
140 114 92
2 2 1179 -107.8000 175.7600 0 193 -82.4200 190.1000
-7.7953138981e-02 1.0667576326e-01 -9.2226040549e-01
125 89 67
2 2 1186 -62.7500 167.7200 0 1210 -45.0900 176.9700
5.3820196347e-03 1.1957305657e-01 -9.5018010662e-01
154 113 89
2 2 1191 142.1900 163.5900 0 256 135.5700 153.9400
7.5362598511e-02 6.8012681293e-02 -1.0340357119e+00
77 60 49
2 2 1194 244.3400 159.1300 0 265 247.0000 149.4700
-3.0269163739e-02 1.2493864534e-01 -9.2360269607e-01
224 197 179
2 2 1195 57.7100 158.9000 0 254 56.8000 155.1900
1.0357460423e-01 6.0812739761e-02 -1.0465860874e+00
81 69 57
2 2 1201 286.6900 148.5800 0 1241 288.3400 136.4400
-1.3394886930e-01 8.3890923837e-02 -9.0101669154e-01
56 22 8
2 2 1202 -215.4000 145.6700 0 221 -178.0300 173.5000
1.0456023993e-01 5.7507200791e-02 -1.0422533655e+00
101 90 77
2 2 1206 284.5300 138.6000 0 310 284.9400 127.1900
1.0456023993e-01 5.7507200791e-02 -1.0422533655e+00
101 90 77
2 2 1207 284.5300 138.6000 0 311 284.9400 127.1900
-7.2701106631e-02 9.7448477141e-02 -9.1417790114e-01
124 96 75
2 2 1210 -60.4400 135.1700 0 266 -46.1300 148.7300
6.8968227833e-02 5.9492758592e-02 -1.0146654619e+00
88 76 62
2 2 1214 222.2400 127.4500 0 1253 221.1200 121.9600
-9.2568413367e-02 8.3317679603e-02 -9.0654347327e-01
141 120 100
2 2 1217 -115.9300 118.0000 0 282 -94.8400 139.9400
-1.2436305973e-01 6.6485146087e-02 -9.0044817734e-01
65 38 20
2 2 1227 -196.1800 109.8800 0 280 -164.2700 142.2500
7.8529008858e-02 5.7117472388e-02 -1.0082090485e+00
65 53 44
2 2 1229 235.8600 109.6200 0 1771 230.8300 104.8300
1.3330293141e-01 6.3152335418e-02 -1.0252022378e+00
116 100 76
2 2 1231 339.3400 105.7300 0 424 329.5700 90.0200
1.4320331018e-02 1.0309208553e-01 -9.3390865190e-01
147 113 80
2 2 1232 140.4000 105.4800 0 1289 128.1800 102.9500
1.3458523157e-02 1.0214083505e-01 -9.3238216484e-01
28 13 4
2 2 1234 137.2600 102.2400 0 1295 124.9300 100.5300
5.7108822653e-03 1.0252052230e-01 -9.2573097800e-01
73 42 22
2 2 1241 118.9000 97.9900 0 401 107.4800 98.0400
-7.9367414597e-02 8.2180198588e-02 -8.9965921266e-01
132 98 74
2 2 1245 -91.6500 93.8900 0 336 -76.5500 116.1500
-2.3207073629e-02 1.0577164231e-01 -9.0268895733e-01
59 30 12
2 2 1252 48.9600 86.8400 0 1308 42.1600 93.7400
-5.8343422268e-02 8.9059722867e-02 -8.9571747696e-01
143 114 98
2 2 1260 -44.0900 79.6300 0 399 -37.7900 98.1000
7.4120906891e-02 4.4657206356e-02 -9.9442167599e-01
46 30 17
2 2 1262 214.1500 80.1100 0 1340 207.5900 78.7600
-1.0806147387e-01 5.9375150880e-02 -8.9608439341e-01
80 35 12
2 2 1264 -164.8400 79.4500 0 343 -139.9100 112.8700
1.5417339816e-02 9.5696581847e-02 -9.2111978167e-01
28 12 17
2 2 1266 131.7400 73.4000 0 461 116.7600 75.0100
-5.5022389602e-02 8.6507927417e-02 -8.9277681155e-01
181 146 128
2 2 1270 -39.8900 68.2800 0 1321 -35.1200 87.7100
-5.3392530572e-02 8.6521102742e-02 -8.9201094357e-01
152 121 106
2 2 1273 -36.6800 65.6000 0 439 -32.7300 85.0800
-5.3392530572e-02 8.6521102742e-02 -8.9201094357e-01
152 121 106
2 2 1274 -36.6800 65.6000 0 440 -32.7300 85.0800
1.1051556514e-01 3.5915604578e-02 -1.0063960674e+00
95 79 54
2 2 1277 269.6200 64.3000 0 1375 259.8900 59.3700
-5.1755506680e-02 8.3281886470e-02 -8.9081613136e-01
195 157 131
2 2 1285 -35.4200 57.6400 0 456 -32.3800 78.4600
9.3507125044e-03 9.0664168681e-02 -9.1303086957e-01
88 50 36
2 2 1286 111.8600 57.5200 0 1364 97.1200 63.5300
-2.6362343638e-03 8.7910464705e-02 -9.0754593336e-01
75 61 52
2 2 1289 82.1400 53.7900 0 1363 70.3700 63.4100
-3.8507968775e-03 8.8223346728e-02 -9.0467010958e-01
61 48 40
2 2 1292 78.6400 50.2400 0 495 66.6200 60.4600
-3.8507968775e-03 8.8223346728e-02 -9.0467010958e-01
61 48 40
2 2 1293 78.6400 50.2400 0 496 66.6200 60.4600
-2.1898337998e-01 -1.1262792874e-01 -9.5550779800e-01
179 176 167
2 2 1296 -335.5600 47.3600 0 1262 -290.5300 114.8700
-2.1598846315e-01 -1.2111221206e-01 -9.6108557640e-01
21 19 7
2 2 1305 -325.8100 44.6800 0 348 -282.0400 111.8700
-1.5863608177e-01 3.7081250340e-03 -8.9216990125e-01
184 146 99
2 2 1306 -282.3300 41.8200 0 411 -243.4700 95.9400
-1.9792165488e-01 -1.1949866943e-01 -9.6039702316e-01
53 49 38
2 2 1314 -297.4800 35.3400 0 1297 -257.1800 100.1100
-1.9792165488e-01 -1.1949866943e-01 -9.6039702316e-01
53 49 38
2 2 1315 -297.4800 35.3400 0 1298 -257.1800 100.1100
-3.6559255778e-02 8.4583144802e-02 -8.8343650366e-01
157 137 128
2 2 1316 -5.0500 33.8500 0 1393 -9.4400 54.6000
1.1976241033e-01 2.8214709966e-02 -9.9393080354e-01
154 122 84
2 2 1317 276.6500 33.8400 0 577 262.1400 30.8700
1.1545614198e-02 8.2376354817e-02 -9.0350591151e-01
72 40 25
2 2 1322 106.1100 28.8400 0 1422 89.0600 39.2200
1.9534310583e-02 8.0793344894e-02 -9.0754249889e-01
32 11 2
2 2 1327 122.9100 27.6800 0 1432 104.3100 36.8300
-2.3812533155e-02 8.7622693643e-02 -8.8233280542e-01
120 101 91
2 2 1331 24.6100 25.7000 0 539 15.0800 43.8600
-1.0695319119e-01 4.6246317456e-02 -8.7377602459e-01
90 59 39
2 2 1336 -182.9700 23.8300 0 1360 -160.5200 66.2300
-8.4507421950e-02 5.6963189206e-02 -8.7628113266e-01
149 128 110
2 2 1337 -128.5900 24.0100 0 1374 -114.4800 60.1400
-8.4179848653e-02 5.3364837901e-02 -8.7458003094e-01
144 118 101
2 2 1346 -130.2500 16.2900 0 518 -116.5400 53.8500
1.3771863554e-01 3.2387329767e-02 -9.8561182927e-01
153 119 81
2 2 1349 311.2900 15.6500 0 1458 290.8200 9.7900
-8.3391567177e-02 5.1090538825e-02 -8.7297656131e-01
147 124 108
2 2 1352 -130.4300 10.0900 0 529 -117.2000 48.5800
-2.9265974886e-02 8.0948525081e-02 -8.7586119233e-01
169 145 136
2 2 1354 4.7100 9.5800 0 571 -3.5500 32.3600
8.0451851639e-02 1.5613256135e-02 -9.6364116140e-01
59 45 36
2 2 1358 194.6000 3.4100 0 1454 180.5100 11.4100
-8.3005642090e-02 4.7992717652e-02 -8.7129414143e-01
166 139 120
2 2 1359 -131.7300 3.0500 0 544 -119.0000 42.8900
-1.4731232723e-01 6.7972265333e-03 -8.6995013718e-01
139 107 67
2 2 1362 -278.5100 1.1200 0 497 -243.6400 58.9300
-1.7966202818e-02 8.0043499633e-02 -8.7500160465e-01
218 187 172
2 2 1364 28.8000 -2.2800 0 607 15.9100 19.8900
1.5055244658e-01 2.6272794145e-02 -9.8048238875e-01
42 22 3
2 2 1367 326.7700 -5.1800 0 1475 303.0400 -11.3600
-2.6199838743e-02 7.6176557611e-02 -8.7180249749e-01
203 175 161
2 2 1369 6.2900 -6.3000 0 613 -3.5900 18.6500
-9.9843050329e-02 3.7912789488e-02 -8.6531913346e-01
76 35 14
2 2 1370 -175.8400 -6.5300 0 554 -157.2100 39.5400
1.1952643316e-01 1.2546941694e-02 -9.7557010551e-01
137 107 71
2 2 1371 259.5100 -6.5000 0 1469 241.0300 -3.9900
-1.3205082134e-01 2.2780387144e-02 -8.5740057030e-01
131 109 71
2 2 1381 -256.3400 -13.7600 0 1413 -225.8100 42.3500
1.5468335475e-01 2.8530947620e-02 -9.7196437280e-01
171 144 105
2 2 1385 336.6100 -18.2200 0 1485 309.0600 -24.0600
-1.6922435226e-02 7.7411851022e-02 -8.6832348818e-01
231 194 178
2 2 1387 25.8900 -18.6500 0 631 11.6200 5.6700
-1.2296041405e-01 3.1248228481e-02 -8.4980472301e-01
134 104 70
2 2 1401 -242.1300 -24.7600 0 575 -215.1600 30.7800
-1.8506315322e-01 -1.1975460292e-01 -9.1763444872e-01
23 21 15
2 2 1404 -307.4300 -25.1700 0 1405 -271.2200 45.2000
-1.1837945216e-01 4.0978791735e-02 -8.4446138774e-01
58 36 20
2 2 1406 -235.7100 -27.0000 0 1442 -210.0000 27.4300
-5.1893201093e-02 5.8852402650e-02 -8.6091810504e-01
161 129 114
2 2 1407 -66.5000 -26.9500 0 625 -67.0900 9.0700
2.3738947071e-02 6.6125086967e-02 -8.8726812742e-01
53 32 19
2 2 1408 112.3600 -27.9100 0 660 88.9800 -10.9900
-3.1875895258e-02 6.8793295689e-02 -8.6179105129e-01
159 139 132
2 2 1409 -16.5000 -29.1500 0 1464 -25.1500 0.8700
5.4759421485e-03 6.4722289303e-02 -8.7824471438e-01
87 74 66
2 2 1417 69.6600 -32.2200 0 658 50.4600 -9.9000
-7.6300875090e-02 4.2662053451e-02 -8.5721326805e-01
172 140 120
2 2 1418 -129.1100 -33.6400 0 623 -120.4000 10.8700
-4.6101348358e-02 5.7461565734e-02 -8.5688324546e-01
164 133 113
2 2 1435 -57.0100 -40.5200 0 643 -60.3200 -3.8400
-4.4537847064e-02 5.6980280031e-02 -8.5786454059e-01
192 160 145
2 2 1437 -53.1900 -40.4200 0 644 -56.9600 -4.1000
-2.6652286198e-02 6.5678335672e-02 -8.5875601804e-01
164 144 132
2 2 1441 -8.3500 -42.8500 0 659 -19.6600 -11.2000
1.7660011459e-02 6.0431016665e-02 -8.8002555778e-01
77 39 28
2 2 1442 92.6200 -42.9300 0 1481 69.9700 -21.2300
-2.4970105303e-02 6.2749338349e-02 -8.6009365285e-01
194 166 154
2 2 1447 -5.6500 -45.0100 0 667 -17.2500 -12.9600
-7.7848134566e-02 3.4165168466e-02 -8.5029940818e-01
204 183 155
2 2 1457 -140.3400 -54.6100 0 649 -131.7000 -5.7100
1.6217516723e-01 1.2811448158e-02 -9.5985749407e-01
165 140 112
2 2 1458 332.2300 -54.9000 0 1521 301.1000 -56.6000
-7.5144641135e-02 3.4780678188e-02 -8.5055255988e-01
229 190 149
2 2 1459 -134.1300 -55.4100 0 652 -126.3900 -7.2600
-1.1708708424e-01 2.8259692615e-02 -8.3630017571e-01
180 149 101
2 2 1462 -241.7900 -58.1300 0 633 -217.6300 2.0500
-5.0920760461e-02 4.2653082404e-02 -8.4990325535e-01
173 145 124
2 2 1467 -78.8600 -66.4100 0 677 -80.8900 -22.8800
-5.0920760461e-02 4.2653082404e-02 -8.4990325535e-01
173 145 124
2 2 1468 -78.8600 -66.4100 0 678 -80.8900 -22.8800
-2.3292710028e-02 5.8600063189e-02 -8.4981858032e-01
203 168 146
2 2 1470 -10.1100 -70.6500 0 709 -23.9400 -34.5900
1.5782781705e-01 8.0007074673e-03 -9.4877690623e-01
172 146 107
2 2 1472 319.3600 -72.9100 0 1533 286.0900 -71.5500
-3.0918393222e-02 5.2201834867e-02 -8.4626883640e-01
187 165 152
2 2 1475 -32.6600 -78.5100 0 717 -43.6000 -38.7300
1.0185103507e-01 -1.5988729134e-02 -9.3582482441e-01
30 20 11
2 2 1476 200.0600 -78.2800 0 1524 176.6100 -60.9400
-8.2606557356e-02 2.2414466740e-02 -8.3842730798e-01
133 110 87
2 2 1479 -163.3400 -85.6500 0 697 -153.7400 -29.7700
-3.8327010305e-02 4.7545169261e-02 -8.4200177272e-01
172 150 136
2 2 1480 -54.1400 -85.8600 0 1501 -62.3400 -43.0900
1.1068893359e-01 -1.7554176014e-02 -9.3309538245e-01
75 62 54
2 2 1483 213.0100 -88.2600 0 1536 187.3400 -72.6800
-6.1716690853e-02 2.8053611840e-02 -8.4055168031e-01
117 88 68
2 2 1485 -114.3900 -91.4100 0 718 -113.1800 -39.6800
2.1971355460e-02 4.5377418435e-02 -8.6246656980e-01
109 67 41
2 2 1487 83.4300 -94.1100 0 755 56.6500 -63.9800
-1.1258702775e-01 3.4608919066e-02 -8.1655268644e-01
138 107 70
2 2 1489 -250.2700 -94.5600 0 695 -227.9000 -28.3700
1.6238974069e-01 -4.7229188193e-03 -9.4162147146e-01
99 77 54
2 2 1495 313.7100 -97.1100 0 1551 278.7700 -92.0500
1.4229319517e-01 -1.1021244150e-02 -9.3609801561e-01
70 54 37
2 2 1497 272.6200 -97.9600 0 796 240.7000 -88.1300
-8.6344201790e-02 1.0883516999e-02 -8.3473563859e-01
79 54 34
2 2 1498 -177.1800 -101.4000 0 722 -166.6700 -41.2200
-3.2106896918e-02 4.3160941071e-02 -8.3925400837e-01
203 176 159
2 2 1499 -44.2600 -100.8000 0 1519 -55.4000 -56.0900
1.4620409680e-01 -2.9410088455e-02 -9.3729496181e-01
107 91 76
2 2 1509 261.9200 -111.9900 0 817 231.5100 -99.5900
-1.1885767997e-02 4.7980859708e-02 -8.3794199265e-01
140 114 100
2 2 1511 2.1300 -114.1600 0 1534 -17.7700 -72.4200
-4.0389900530e-02 3.1564556381e-02 -8.3316798014e-01
198 167 147
2 2 1513 -71.8300 -117.9300 0 759 -79.9500 -67.5800
-8.1982533473e-02 8.4191992955e-03 -8.2801504685e-01
134 101 73
2 2 1516 -173.7800 -119.7700 0 747 -165.4800 -57.3500
-8.8432187024e-03 4.7020867547e-02 -8.3624061564e-01
190 157 134
2 2 1517 7.3100 -120.8600 0 774 -14.0600 -78.7000
-6.2543105803e-03 4.2474474636e-02 -8.3128101611e-01
139 91 59
2 2 1527 7.5500 -137.5100 0 802 -15.4700 -92.3600
1.4049311140e-01 -4.8433843827e-02 -9.2438848314e-01
73 63 53
2 2 1528 234.8500 -141.1400 0 1583 203.8300 -122.4400
-7.0904860000e-02 -5.1746642982e-04 -8.2330878103e-01
85 55 34
2 2 1529 -155.8900 -144.9700 0 1539 -152.5800 -80.1000
-7.0904860000e-02 -5.1746642982e-04 -8.2330878103e-01
85 55 34
2 2 1530 -155.8900 -144.9700 0 1540 -152.5800 -80.1000
-7.0200030707e-02 1.5705014723e-03 -8.1949569401e-01
100 63 44
2 2 1534 -156.8200 -151.0900 0 790 -154.0600 -85.5800
-6.8578232569e-02 6.9940009648e-04 -8.1981190459e-01
229 203 161
2 2 1536 -153.3300 -152.3500 0 1548 -151.1900 -86.9800
-1.2891780189e-02 3.4208561528e-02 -8.2311834007e-01
76 47 26
2 2 1540 -16.4500 -156.9300 0 823 -37.6200 -106.1000
-4.8128745532e-02 1.5990882025e-02 -8.1656750017e-01
187 155 132
2 2 1544 -106.4300 -160.5400 0 815 -113.1800 -98.9100
3.5311381139e-02 2.2935297184e-02 -8.4125324541e-01
48 22 5
2 2 1546 86.1300 -165.0200 0 852 52.1800 -124.4700
-5.4264434755e-02 -3.8366820270e-04 -8.1435516262e-01
115 88 61
2 2 1552 -127.1700 -174.3500 0 826 -131.2400 -108.3200
3.6109700646e-02 1.9655288442e-02 -8.3798987959e-01
51 29 7
2 2 1554 84.1200 -174.8300 0 866 49.5100 -132.3900
-6.3295083951e-02 -5.6148446642e-03 -8.1166070020e-01
149 119 102
2 2 1555 -150.0900 -178.1400 0 828 -150.7600 -108.3200
-6.3295083951e-02 -5.6148446642e-03 -8.1166070020e-01
149 119 102
2 2 1556 -150.0900 -178.1400 0 827 -150.7600 -108.3200
3.0397765971e-02 2.1643687083e-02 -8.3272595561e-01
156 98 53
2 2 1557 71.9000 -179.6200 0 1594 37.7100 -135.2800
-3.4925378757e-02 8.6397323475e-03 -8.1346115423e-01
175 147 126
2 2 1560 -83.0100 -182.4400 0 844 -95.1900 -120.3000
1.4480936791e-01 -6.8144111146e-02 -9.0058125960e-01
74 64 52
2 2 1567 223.1500 -192.9900 0 938 186.9700 -166.5500
-6.3900992532e-02 -2.1131001117e-02 -8.0407372661e-01
150 119 94
2 2 1570 -161.5300 -205.0400 0 861 -162.6000 -130.2100
-8.4731280850e-03 1.9338078032e-02 -8.0723858128e-01
59 39 22
2 2 1571 -24.3100 -206.8400 0 1601 -48.9400 -146.7200
-6.3456538499e-02 -2.0302943717e-02 -8.0182924191e-01
155 123 100
2 2 1573 -162.1600 -209.5200 0 868 -163.5500 -133.6500
-1.6201640001e-02 8.7702142971e-03 -8.0067505239e-01
118 97 80
2 2 1580 -50.7400 -223.7400 0 919 -72.4100 -157.6500
-1.6201640001e-02 8.7702142971e-03 -8.0067505239e-01
118 97 80
2 2 1581 -50.7400 -223.7400 0 920 -72.4100 -157.6500
1.4881603301e-01 -7.4485954811e-02 -8.8416796206e-01
63 53 43
2 2 1582 222.9100 -225.2200 0 1637 182.1300 -195.2700
-6.1507278564e-02 -2.9697232016e-02 -7.9680918002e-01
166 131 103
2 2 1584 -164.4700 -228.0800 0 904 -166.9600 -148.9300
-4.5000626829e-02 -1.8242090349e-02 -7.9342276390e-01
146 110 75
2 2 1594 -128.8300 -238.5100 0 924 -138.4300 -161.5200
-6.0198780680e-02 -2.9849635473e-02 -7.9038723200e-01
150 129 100
2 2 1598 -167.0400 -243.1100 0 923 -170.1900 -160.4700
1.1695702161e-01 -7.1932304837e-02 -8.6145437891e-01
100 90 79
2 2 1600 169.3800 -243.1800 0 1644 129.2300 -203.7500
1.6972412465e-01 -5.7939485848e-02 -8.6684762509e-01
126 115 95
2 2 1616 272.0300 -259.5800 0 1028 219.3300 -230.7200
-1.1256289537e-02 -2.6565565452e-03 -7.8846625529e-01
129 108 84
2 2 1618 -53.3600 -262.9500 0 1630 -78.1500 -189.7100
-1.1256289537e-02 -2.6565565452e-03 -7.8846625529e-01
129 108 84
2 2 1619 -53.3600 -262.9500 0 1631 -78.1500 -189.7100
4.0425848761e-02 -5.5789896301e-03 -8.0487843152e-01
130 89 46
2 2 1622 62.1300 -265.4300 0 984 21.2100 -205.6300
1.7106865682e-01 -6.2974341181e-02 -8.6228877961e-01
128 117 97
2 2 1628 269.4600 -271.0500 0 1663 215.7400 -240.6100
3.0911104447e-02 -1.0458997608e-02 -7.9793663593e-01
47 29 13
2 2 1630 36.3100 -276.7200 0 996 -2.2400 -212.3100
-7.4846153686e-02 -5.5145616020e-02 -7.7547625353e-01
88 75 61
2 2 1635 -215.8600 -282.0700 0 959 -214.3500 -187.8000
-7.4846153686e-02 -5.5145616020e-02 -7.7547625353e-01
88 75 61
2 2 1636 -215.8600 -282.0700 0 960 -214.3500 -187.8000
-7.3592148335e-03 -5.2155406654e-03 -7.8145463706e-01
182 144 109
2 2 1638 -50.6500 -284.0000 0 987 -77.8000 -206.8000
-7.3592148335e-03 -5.2155406654e-03 -7.8145463706e-01
182 144 109
2 2 1639 -50.6500 -284.0000 0 988 -77.8000 -206.8000
3.2379445315e-03 1.2779366306e-04 -7.8294754473e-01
126 95 69
2 2 1640 -23.6600 -284.9100 0 993 -55.5800 -210.5500
6.2245203465e-03 1.9019659099e-03 -7.8244958721e-01
76 47 20
2 2 1642 -16.3500 -287.2200 0 1001 -49.8500 -213.2100
-9.0231060572e-02 1.3412973744e-01 -9.6356655558e-01
109 72 48
2 2 1657 -51.1500 293.2200 0 1095 -22.1000 287.4000
-1.1759063500e-02 1.5288702281e-01 -9.8395824781e-01
100 87 72
2 2 1658 148.8900 290.2000 0 1117 155.0600 264.9200
-3.9186903804e-02 1.5590233430e-01 -9.6137679244e-01
165 139 124
2 2 1662 80.7200 286.4900 0 1116 89.9200 265.0200
2.2870865157e-02 1.1525874412e-01 -1.0524888658e+00
22 12 3
2 2 1664 200.3300 286.5400 0 1111 216.9000 270.5800
-9.4025027309e-02 1.2591995063e-01 -9.5487878504e-01
158 122 91
2 2 1672 -69.3000 267.5900 0 1113 -40.4600 266.5400
-8.7896606629e-02 1.2833047785e-01 -9.5214143000e-01
120 85 57
2 2 1676 -55.9800 262.4400 0 1690 -29.5000 259.8300
4.8000199999e-02 1.0040620580e-01 -1.0558849085e+00
44 26 14
2 2 1681 231.8600 249.6800 0 1703 244.8400 234.4300
-8.7017482506e-02 1.2449134560e-01 -9.4885883209e-01
109 72 46
2 2 1682 -57.8700 249.2400 0 1130 -32.4800 248.6000
-8.8151664401e-02 1.2230675675e-01 -9.4896847423e-01
153 119 91
2 2 1684 -61.3800 246.3100 0 1133 -35.7600 246.7700
-3.4429007035e-02 1.4559933981e-01 -9.4760702487e-01
37 20 10
2 2 1686 76.5600 239.3400 0 1159 81.0800 223.8600
-4.3625212476e-02 1.4258663938e-01 -9.4544036696e-01
55 37 25
2 2 1688 51.4500 238.6100 0 1158 59.6700 225.3900
5.2784525192e-02 9.0400885756e-02 -1.0435649901e+00
72 56 43
2 2 1695 228.2600 216.1900 0 1184 237.1000 203.2700
-1.2226568232e-01 9.4766416083e-02 -9.4041453293e-01
85 42 22
2 2 1697 -154.2900 215.0900 0 1148 -118.1300 230.8500
-4.1396941782e-02 1.3387993252e-01 -9.3849436150e-01
60 40 29
2 2 1701 46.4400 208.9400 0 1715 52.5000 200.4700
2.3682103524e-03 1.3138069142e-01 -9.6168192929e-01
150 95 56
2 2 1705 150.8000 203.9300 0 1721 147.5500 188.2500
-1.2236566982e-01 8.8078434276e-02 -9.3457932995e-01
98 61 39
2 2 1710 -160.3400 195.1000 0 1171 -125.4800 214.1300
-9.3872528398e-02 1.0551792042e-01 -9.2861719811e-01
118 86 67
2 2 1712 -95.1900 190.0100 0 1187 -70.4700 200.3900
6.9961846727e-02 7.8489882222e-02 -1.0400821318e+00
46 30 18
2 2 1719 245.9900 184.2600 0 1727 251.3300 171.7900
2.0193995022e-03 1.1747769226e-01 -9.4533494084e-01
105 68 49
2 2 1737 131.3800 155.2700 0 1734 124.7900 147.4400
-8.0183470545e-02 9.8319054710e-02 -9.1703084340e-01
177 145 122
2 2 1738 -75.0900 147.6700 0 1226 -57.2500 161.0600
7.3062270141e-02 6.3818769669e-02 -1.0206117707e+00
93 78 63
2 2 1748 234.3600 137.9800 0 1742 233.8900 130.4600
6.0782377850e-02 5.6849261844e-02 -1.0084827851e+00
37 21 13
2 2 1757 204.5000 121.3700 0 1255 203.5800 117.8400
4.4331821181e-03 1.0800101897e-01 -9.3270997736e-01
65 34 30
2 2 1759 123.4600 118.5200 0 1260 113.8100 115.5200
4.4331821181e-03 1.0800101897e-01 -9.3270997736e-01
65 34 30
2 2 1760 123.4600 118.5200 0 1261 113.8100 115.5200
6.1916473806e-02 5.1773142068e-02 -1.0026357883e+00
36 21 11
2 2 1763 200.9700 106.7000 0 1770 198.3700 105.0500
1.0012186861e-01 5.1005773557e-02 -1.0188018455e+00
111 83 52
2 2 1764 268.1800 103.5400 0 1782 262.8900 95.6700
-2.3581709209e-02 1.0837954190e-01 -9.0373282266e-01
49 27 14
2 2 1768 50.5200 92.9400 0 1780 44.0400 98.4900
7.8607497405e-03 9.6350885259e-02 -9.1928460662e-01
69 38 34
2 2 1776 115.8200 76.8800 0 1789 102.5900 80.0100
1.4544241590e-01 5.9795639364e-02 -1.0107481076e+00
93 74 54
2 2 1779 356.7600 74.8300 0 1817 340.5300 59.0600
1.1017874183e-01 3.8303824113e-02 -1.0071509994e+00
131 115 90
2 2 1786 271.5300 67.9300 0 1372 261.8400 62.6800
1.4993807141e-01 5.4085390179e-02 -1.0048541197e+00
164 140 113
2 2 1795 357.8700 57.6900 0 1842 339.5000 42.8500
1.0129030911e-01 2.5763460239e-02 -1.0045327660e+00
121 96 66
2 2 1796 244.5900 56.2400 0 1820 236.1100 56.1100
-2.2221341327e-01 -1.1041453305e-01 -9.5383527169e-01
176 176 168
2 2 1798 -342.4000 49.2300 0 1256 -296.5700 117.1600
-2.1974552679e-01 -1.0767495933e-01 -9.4964267390e-01
29 27 18
2 2 1802 -341.9100 45.2100 0 1765 -296.1500 113.2300
-2.1732305941e-01 -1.1461124563e-01 -9.5450400454e-01
18 15 6
2 2 1804 -333.4200 43.4100 0 1269 -288.8900 111.0800
-2.1379516290e-01 -1.1464619849e-01 -9.5234028753e-01
48 45 36
2 2 1811 -329.1200 38.8100 0 1278 -285.6100 106.3100
-5.4283064999e-02 6.9598377686e-02 -8.8531322600e-01
142 115 104
2 2 1822 -51.2200 31.9100 0 1816 -47.9200 58.8300
-1.9116506940e-02 9.1644794334e-02 -8.8424819557e-01
70 37 19
2 2 1824 38.8000 30.8300 0 1833 27.6900 46.2900
-1.8411854721e-02 8.9187043006e-02 -8.8338606336e-01
72 44 28
2 2 1829 38.1800 25.4400 0 1843 26.8100 41.8600
-7.0149265388e-02 6.3092136120e-02 -8.7868649135e-01
172 141 120
2 2 1830 -93.0600 24.6100 0 1385 -84.3500 56.7800
-1.2639009958e-01 4.9459411596e-02 -8.6213405157e-01
91 72 48
2 2 1834 -236.8000 22.6000 0 1806 -206.8400 70.1100
-1.7790798068e-02 8.7211790096e-02 -8.7960454704e-01
71 41 20
2 2 1842 36.3800 15.3400 0 1853 24.0100 33.5200
-1.5133119969e-01 6.1516551948e-03 -8.7426244080e-01
189 155 107
2 2 1843 -283.2600 10.5100 0 1356 -246.7400 67.7700
1.5337656528e-01 3.3096567513e-02 -9.8622762442e-01
93 70 50
2 2 1844 339.5800 7.1600 0 1878 316.2100 -0.2000
-2.0504342726e-01 -1.5500155312e-01 -9.5411457787e-01
22 22 10
2 2 1848 -311.5700 2.3500 0 1349 -272.8400 72.4700
-2.0504342726e-01 -1.5500155312e-01 -9.5411457787e-01
22 22 10
2 2 1849 -311.5700 2.3500 0 1350 -272.8400 72.4700
-1.2431017327e-01 4.4281245866e-02 -8.5564554811e-01
98 80 54
2 2 1850 -238.5800 2.6000 0 1394 -209.9500 53.2200
-3.4611932053e-02 7.3965030235e-02 -8.6981543771e-01
186 163 155
2 2 1859 -14.9000 -5.8800 0 1446 -21.5200 21.0000
-3.4611932053e-02 7.3965030235e-02 -8.6981543771e-01
186 163 155
2 2 1860 -14.9000 -5.8800 0 1447 -21.5200 21.0000
-3.8134662865e-02 6.7429421374e-02 -8.6600083286e-01
176 155 149
2 2 1866 -28.5100 -18.2900 0 1452 -34.3000 12.4900
1.6579080025e-02 6.4608871487e-02 -8.8336511787e-01
83 51 33
2 2 1879 94.9000 -31.4900 0 1474 73.0000 -11.7200
-4.6695567215e-02 5.8378757684e-02 -8.5994614502e-01
160 132 118
2 2 1881 -55.8900 -33.3400 0 1463 -58.6600 2.4500
1.1489643711e-01 -3.3539014807e-03 -9.6387862844e-01
97 77 52
2 2 1882 235.9200 -33.8600 0 1901 216.5600 -27.0200
-2.0450235747e-01 -1.1478831504e-01 -8.9674119602e-01
19 19 9
2 2 1889 -357.9600 -38.4400 0 1430 -317.0600 38.1500
7.8359415768e-02 3.5685700260e-04 -9.4155764346e-01
60 40 29
2 2 1901 174.5600 -41.1300 0 1900 156.4800 -26.6500
-1.8506761443e-02 6.4965964221e-02 -8.5369755951e-01
149 135 130
2 2 1911 6.5600 -59.8500 0 1903 -8.9600 -27.3500
-4.8407702379e-02 4.7568886292e-02 -8.4932973680e-01
173 145 126
2 2 1912 -71.5300 -64.1900 0 1482 -74.8100 -21.9600
-4.6322305544e-02 4.6894688296e-02 -8.5037561861e-01
199 172 155
2 2 1913 -66.6700 -64.3700 0 1897 -70.4800 -22.8400
1.5996174019e-01 8.9387018102e-03 -9.5341777246e-01
99 71 56
2 2 1915 324.1500 -66.5900 0 1932 291.8000 -66.0100
1.5996174019e-01 8.9387018102e-03 -9.5341777246e-01
99 71 56
2 2 1916 324.1500 -66.5900 0 1933 291.8000 -66.0100
8.6348112336e-02 -1.2951844421e-02 -9.3038835858e-01
39 21 11
2 2 1919 175.4500 -73.7800 0 1520 153.8900 -55.9400
-4.9726713818e-02 3.3971998907e-02 -8.3805688448e-01
200 172 150
2 2 1933 -87.8400 -99.1000 0 1508 -91.6900 -49.6300
2.2192195876e-02 4.5174760537e-02 -8.5937714486e-01
68 41 26
2 2 1934 82.5800 -100.2900 0 1935 55.0000 -69.3200
1.5335097128e-01 -1.2280795914e-02 -9.3823377120e-01
110 99 77
2 2 1937 290.3400 -102.4100 0 1559 257.0100 -94.2000
-8.2021127506e-02 1.5944797253e-02 -8.3266313470e-01
156 120 83
2 2 1938 -168.2200 -103.6800 0 1915 -159.5700 -44.2100
-3.9332642752e-02 3.6680151628e-02 -8.3851813780e-01
192 166 149
2 2 1939 -63.6800 -103.3200 0 1517 -71.7500 -55.7800
-1.3443153551e-02 4.7375892256e-02 -8.3660193147e-01
154 134 118
2 2 1944 -2.3800 -116.2900 0 1938 -21.8700 -73.7100
-5.8177283832e-02 2.1664311305e-02 -8.3185017485e-01
207 179 150
2 2 1945 -115.3000 -117.0000 0 1525 -116.2500 -61.5500
2.4344937276e-02 3.7135305884e-02 -8.5241432077e-01
93 51 26
2 2 1949 78.3300 -122.7600 0 1948 49.2400 -87.9800
-8.4107326062e-03 4.6318688630e-02 -8.3372674007e-01
204 164 139
2 2 1951 6.5100 -127.0300 0 1547 -15.4900 -83.8100
-6.8734186752e-02 9.7030537869e-03 -8.2771405565e-01
198 154 115
2 2 1952 -145.0300 -128.6200 0 1531 -142.1000 -67.9200
-5.5266582388e-02 1.3304929355e-02 -8.2300607783e-01
196 165 142
2 2 1962 -118.3200 -144.4600 0 1546 -121.3200 -84.1800
-5.4157138813e-02 9.0586568442e-03 -8.2003259109e-01
195 164 139
2 2 1966 -119.5800 -154.9500 0 1553 -123.2600 -92.8900
-5.3493704527e-02 7.2569013694e-03 -8.1614546653e-01
185 155 127
2 2 1975 -121.5900 -164.9900 0 1563 -125.9500 -100.9300
-6.3965037648e-02 -5.3650463842e-03 -8.1541336853e-01
157 125 99
2 2 1980 -148.5900 -169.3700 0 1953 -148.6600 -102.0200
1.5318030514e-01 -5.5217200367e-02 -9.1361668483e-01
142 123 99
2 2 1981 248.7300 -169.6000 0 1976 213.0500 -149.2000
1.9855645452e-02 1.8591593770e-02 -8.3264677035e-01
37 22 14
2 2 1986 47.8500 -174.9300 0 1588 17.9000 -127.7600
-7.1561416253e-02 -1.2201049226e-02 -8.1144326445e-01
46 27 13
2 2 1990 -169.6500 -177.8500 0 1569 -167.0900 -106.5500
-7.1561416253e-02 -1.2201049226e-02 -8.1144326445e-01
46 27 13
2 2 1991 -169.6500 -177.8500 0 1570 -167.0900 -106.5500
-4.8006037834e-02 -1.1078128817e-04 -8.1294457727e-01
160 123 94
2 2 1993 -114.7600 -181.4800 0 1577 -121.4500 -115.5500
-2.3444722053e-02 9.8940858091e-03 -8.0345436173e-01
142 120 101
2 2 2010 -64.1800 -211.4800 0 1600 -82.5200 -145.9800
3.3402454441e-02 5.1619486795e-03 -8.1641885223e-01
87 48 32
2 2 2019 59.8300 -228.2300 0 1985 22.7800 -174.4200
-3.7266085528e-02 -8.8960219553e-03 -7.9730011217e-01
142 110 82
2 2 2020 -106.1800 -228.8400 0 1608 -118.7700 -156.0000
-6.7609600999e-02 -4.0175428183e-02 -7.9063147320e-01
139 112 83
2 2 2024 -184.6800 -244.2400 0 1609 -185.3200 -160.2200
-3.0920407709e-02 -1.5246047630e-02 -7.8328514090e-01
134 106 77
2 2 2035 -104.9700 -268.9800 0 1627 -121.6300 -189.0900
-5.4344723295e-02 -4.1280537151e-02 -7.7704896080e-01
154 121 90
2 2 2043 -168.2800 -283.4700 0 1634 -175.0100 -194.1900
-6.3276414262e-02 -4.2904844232e-02 -7.7313170424e-01
122 106 90
2 2 2046 -191.0700 -287.5800 0 1635 -194.2800 -194.7300
-5.2922798489e-02 -4.1997518599e-02 -7.7560473768e-01
121 91 65
2 2 2047 -166.7900 -288.2500 0 1639 -173.8300 -198.0100
-1.0559125173e-01 -7.8074658729e-02 -7.6940866013e-01
161 131 93
2 2 2048 -288.5400 -289.8700 0 1623 -275.7900 -186.2700
-4.3588806422e-02 -3.1060990001e-02 -7.7253528709e-01
110 90 68
2 2 2051 -146.2000 -295.1500 0 1645 -157.6400 -205.5500
-2.8824167416e-02 -2.2518708630e-02 -7.7455082260e-01
172 131 91
2 2 2052 -109.7100 -295.4400 0 1648 -127.6400 -209.9000
-8.3017916579e-03 1.5216212535e-01 -9.8530067441e-01
79 51 41
2 2 2059 156.5800 287.4400 0 1688 161.3800 262.6700
4.5104488799e-02 1.0850247186e-01 -1.0610784511e+00
34 20 10
2 2 2063 235.7300 270.8800 0 1695 250.8300 253.4500
-1.0671076188e-01 1.1812898609e-01 -9.5117298879e-01
173 115 74
2 2 2065 -104.0600 259.0300 0 2031 -71.2000 262.9500
-7.8261797032e-02 1.3164906444e-01 -9.5023018158e-01
132 98 71
2 2 2066 -33.3200 256.9700 0 1696 -10.6300 251.9900
-4.2930876966e-02 1.4466474932e-01 -9.5307555050e-01
120 103 88
2 2 2068 58.6500 253.9900 0 1702 67.7300 239.2900
-1.0959582881e-01 9.5556380598e-02 -9.3267347758e-01
85 57 41
2 2 2075 -131.2600 193.4200 0 2038 -100.6800 208.6300
-1.1345901051e-01 7.4358268459e-02 -9.1959323004e-01
65 34 16
2 2 2080 -155.2400 142.8800 0 1729 -125.7100 167.7400
-6.2799627301e-02 9.8178484821e-02 -9.0943321831e-01
135 106 90
2 2 2086 -40.8900 120.0700 0 1739 -31.0100 133.1000
-9.5958422532e-02 7.8051868259e-02 -9.0002437803e-01
59 31 10
2 2 2094 -129.9600 102.3100 0 1744 -108.3900 127.7300
-1.1924030770e-01 7.6037206168e-02 -8.8807065905e-01
12 9 4
2 2 2096 -193.4100 98.9300 0 1741 -163.0400 130.4500
-7.6073264836e-02 8.5876310192e-02 -9.0136952966e-01
161 125 102
2 2 2097 -81.6000 99.3700 0 1754 -67.5700 119.7000
1.3943263050e-01 6.2875851544e-02 -1.0216189055e+00
65 48 32
2 2 2099 349.7000 97.0600 0 2071 337.9500 80.2900
9.8839574965e-02 3.6138497931e-02 -1.0085018868e+00
140 115 77
2 2 2105 250.4600 74.1900 0 2074 243.2300 70.9300
-2.8452048743e-02 9.7094228714e-02 -8.9502565254e-01
147 128 121
2 2 2114 27.2700 65.0600 0 1791 21.3000 77.6900
1.5405642815e-01 5.5569502992e-02 -1.0040392953e+00
185 155 131
2 2 2121 367.0400 55.7600 0 2091 347.6400 39.6800
1.1220451967e-01 3.0385316587e-02 -1.0000455879e+00
80 65 45
2 2 2125 266.4200 49.1600 0 1837 255.0400 45.5300
-2.6856175775e-02 9.1951597908e-02 -8.8928082952e-01
151 133 123
2 2 2127 24.3900 46.3900 0 1815 16.9700 62.0000
1.5163191314e-01 4.9373022509e-02 -1.0002308727e+00
171 143 116
2 2 2128 355.3400 44.9100 0 2095 335.4500 31.8200
-4.8931049440e-02 8.2690749006e-02 -8.8406805713e-01
139 117 104
2 2 2130 -33.6000 42.7900 0 1811 -32.4400 64.7700
-4.8931049440e-02 8.2690749006e-02 -8.8406805713e-01
139 117 104
2 2 2131 -33.6000 42.7900 0 1812 -32.4400 64.7700
-2.6271409987e-02 9.0581783373e-02 -8.8619146035e-01
157 138 131
2 2 2132 23.1300 38.5900 0 1821 15.0800 55.1600
-2.1120445411e-02 9.2494615139e-02 -8.8531055212e-01
213 185 173
2 2 2133 35.4900 35.4600 0 1826 25.2300 50.7700
-5.7848285845e-02 6.9065169300e-02 -8.7968895194e-01
159 122 103
2 2 2145 -62.8700 24.2900 0 2081 -58.7200 52.8700
1.2264585503e-01 2.3117043311e-02 -9.8701425562e-01
150 115 79
2 2 2149 275.8600 17.8300 0 1865 259.3800 15.7600
1.5474873204e-01 3.8162983424e-02 -9.8866844693e-01
166 140 115
2 2 2150 347.7400 15.1000 0 2104 324.5700 5.4000
1.5596726261e-01 3.3840078129e-02 -9.8533471199e-01
166 141 109
2 2 2155 344.8700 5.4500 0 2109 320.8800 -3.3000
1.1031909490e-01 1.2777914014e-02 -9.7687274078e-01
135 107 68
2 2 2158 244.3900 1.1000 0 2106 227.9900 4.5300
-5.5974296967e-02 6.2341663929e-02 -8.7086540869e-01
168 137 120
2 2 2162 -67.5200 -1.3000 0 1855 -65.1400 31.2900
-5.5974296967e-02 6.2341663929e-02 -8.7086540869e-01
168 137 120
2 2 2163 -67.5200 -1.3000 0 1856 -65.1400 31.2900
-3.2949693307e-02 7.4483641035e-02 -8.7238723649e-01
156 138 130
2 2 2165 -9.4400 -1.8500 0 2098 -16.3500 24.0700
-2.2895753025e-02 7.9391840548e-02 -8.7256460913e-01
152 133 126
2 2 2167 16.1300 -3.5700 0 1863 4.8500 19.8100
1.5554945200e-01 3.1551345639e-02 -9.8081819517e-01
160 134 111
2 2 2168 341.5300 -2.9700 0 2113 316.3900 -10.7000
1.5706478591e-01 2.8102066347e-02 -9.7560875694e-01
97 75 51
2 2 2176 340.3900 -15.1000 0 2119 313.5000 -20.8800
-1.3803784623e-01 1.1353373337e-02 -8.5761568987e-01
173 140 94
2 2 2177 -269.8300 -21.7900 0 1848 -238.0300 37.5300
-2.7488319440e-02 6.6893515856e-02 -8.6120592815e-01
148 131 123
2 2 2181 -8.1200 -36.1200 0 1885 -18.7200 -5.4700
-2.7488319440e-02 6.6893515856e-02 -8.6120592815e-01
148 131 123
2 2 2182 -8.1200 -36.1200 0 1886 -18.7200 -5.4700
-3.9697045311e-02 5.8576504468e-02 -8.5978302945e-01
177 157 148
2 2 2183 -40.5700 -38.7400 0 1881 -46.0300 -4.0200
-1.9656925254e-02 6.7011788773e-02 -8.6246791744e-01
148 129 122
2 2 2184 10.1400 -40.2200 0 1890 -3.7700 -9.8100
-1.4457449549e-02 6.7308827191e-02 -8.6145646651e-01
209 178 166
2 2 2185 21.1300 -45.6300 0 2116 5.1900 -16.1800
8.9757762669e-02 -7.9890808589e-03 -9.3850645568e-01
43 28 19
2 2 2194 186.6100 -59.7900 0 2132 165.9200 -44.4100
-1.3276191643e-01 3.9393221565e-03 -8.4194031142e-01
133 103 67
2 2 2195 -273.3900 -61.7600 0 1873 -244.2800 3.5300
-1.3276191643e-01 3.9393221565e-03 -8.4194031142e-01
133 103 67
2 2 2196 -273.3900 -61.7600 0 1874 -244.2800 3.5300
-1.5321935377e-02 6.3436817524e-02 -8.5225340175e-01
136 118 108
2 2 2199 11.9500 -67.0300 0 2129 -5.1300 -33.6400
8.2282367336e-02 -1.3148536454e-02 -9.3210389207e-01
65 43 30
2 2 2200 168.8900 -69.4000 0 2135 148.4800 -50.2600
-3.2312873953e-02 5.1200406708e-02 -8.4946044886e-01
193 174 165
2 2 2201 -34.3500 -72.3800 0 2127 -44.2100 -32.9900
1.0869461489e-01 -1.0999770979e-02 -9.3967643137e-01
91 67 43
2 2 2202 216.1500 -72.2000 0 2139 192.0000 -58.3400
-1.6894198468e-02 5.9358648015e-02 -8.5038651673e-01
173 156 148
2 2 2203 4.8800 -73.9100 0 1910 -11.6100 -38.5300
-2.3176058097e-02 5.3793134826e-02 -8.4838845405e-01
151 133 121
2 2 2206 -13.5300 -78.6000 0 1913 -27.2800 -40.9400
-1.4256170309e-02 5.7841105962e-02 -8.4922725682e-01
141 116 106
2 2 2207 9.1000 -79.8100 0 1916 -8.5100 -44.0500
-1.8776106803e-02 5.6343653622e-02 -8.4794710499e-01
64 44 28
2 2 2208 -2.4400 -80.5000 0 1914 -18.4300 -43.1800
-6.6442244160e-02 2.8691472830e-02 -8.4381906199e-01
210 173 121
2 2 2210 -122.1100 -80.9400 0 1906 -118.5800 -30.1200
1.2822992057e-01 -1.2921183671e-02 -9.4238565785e-01
142 107 70
2 2 2211 247.4700 -81.2100 0 2145 220.3700 -70.5000
-1.4053261876e-01 -1.6554675481e-02 -8.3820804458e-01
190 149 95
2 2 2212 -294.0400 -83.5000 0 2114 -263.9200 -12.1600
1.3103565122e-01 -9.7523162491e-03 -9.4036825449e-01
152 107 65
2 2 2213 254.9700 -83.5700 0 2146 226.4100 -73.2700
1.6442195073e-01 2.1750246161e-03 -9.4684504495e-01
165 138 114
2 2 2214 324.6100 -84.8600 0 2150 290.1100 -82.5300
-6.1371804409e-02 2.9029362584e-02 -8.4004811983e-01
124 98 77
2 2 2217 -113.7100 -91.5500 0 1911 -112.5900 -40.1600
-6.1371804409e-02 2.9029362584e-02 -8.4004811983e-01
124 98 77
2 2 2218 -113.7100 -91.5500 0 1912 -112.5900 -40.1600
1.4751008788e-01 -7.0019357118e-03 -9.3956719004e-01
126 92 55
2 2 2219 285.6500 -92.6500 0 1946 253.2900 -85.1300
-1.4904958309e-02 5.2361679137e-02 -8.4293332622e-01
167 141 126
2 2 2222 0.9200 -97.5700 0 1923 -17.2400 -57.9800
-1.0131501195e-02 5.1913629333e-02 -8.4086119371e-01
235 187 163
2 2 2224 10.0200 -105.7400 0 1931 -10.3700 -66.1700
-1.4552953218e-02 5.1116166704e-02 -8.3816167027e-01
144 121 110
2 2 2225 -1.7100 -108.4200 0 1934 -20.7200 -67.5400
2.3310189929e-02 4.1017276670e-02 -8.5623055532e-01
69 45 31
2 2 2226 80.5500 -111.0600 0 1940 52.3000 -78.2800
-5.5669360063e-02 2.1786379344e-02 -8.3112199808e-01
173 138 112
2 2 2230 -110.3900 -120.0200 0 1928 -112.3500 -64.9200
-8.8719097482e-02 -4.1870472043e-03 -8.2782173123e-01
74 41 22
2 2 2231 -191.1300 -126.9300 0 1925 -180.4800 -61.1200
-5.6669505809e-02 2.1585660867e-02 -8.2587899989e-01
192 166 135
2 2 2232 -116.3500 -130.0600 0 1936 -118.5900 -72.6000
1.4069382244e-01 -4.5275305392e-02 -9.3054990324e-01
66 57 45
2 2 2233 238.4200 -130.0600 0 2158 208.7100 -112.6000
-5.5801220255e-02 1.6631988194e-02 -8.2456528758e-01
204 172 141
2 2 2236 -117.1600 -137.9800 0 1941 -119.8500 -78.8500
-1.0339072207e-02 3.4236689226e-02 -8.2299697302e-01
128 112 96
2 2 2242 -10.8900 -159.3300 0 1959 -33.1200 -108.2400
-4.5367672972e-03 2.5552155895e-02 -8.1389674036e-01
131 109 94
2 2 2250 -8.3800 -190.3000 0 1971 -33.9200 -134.7700
1.4646972776e-01 -7.4367516397e-02 -8.8951695163e-01
78 66 54
2 2 2260 219.7000 -214.8500 0 1991 180.7900 -186.1000
3.1662528058e-02 3.8047833450e-04 -8.1225941895e-01
145 110 78
2 2 2268 51.2000 -239.1800 0 1987 14.4600 -182.4800
1.2508175193e-01 -7.0972324792e-02 -8.6252499050e-01
55 46 37
2 2 2270 183.9300 -245.7900 0 2011 142.0700 -207.8200
1.2952586275e-01 -7.0812182906e-02 -8.6340937012e-01
73 65 51
2 2 2271 191.6300 -247.0200 0 2012 149.0300 -209.6200
-2.1923841216e-03 5.9938403384e-03 -7.9356011161e-01
122 105 87
2 2 2273 -26.0000 -252.0400 0 1989 -54.4600 -183.8100
2.7264033712e-03 1.1217853150e-02 -7.9261652002e-01
154 109 70
2 2 2274 -12.8100 -254.5700 0 1990 -43.8800 -186.7200
-6.3778894026e-02 -4.1585864574e-02 -7.8503930269e-01
40 26 15
2 2 2275 -181.7300 -259.8700 0 1984 -183.9400 -173.1500
2.9379111062e-03 9.4278358830e-03 -7.8986866044e-01
160 111 75
2 2 2277 -14.8800 -262.1400 0 2182 -46.5700 -193.1100
-6.5479402748e-02 -4.8483854605e-02 -7.8283546141e-01
138 116 91
2 2 2281 -188.4100 -267.6200 0 2174 -190.6000 -179.3700
-7.8011404807e-03 -2.0952668897e-03 -7.8589684681e-01
115 92 70
2 2 2282 -47.2800 -271.3600 0 1999 -73.6800 -196.6500
-2.1678254584e-02 -2.1758997583e-02 -7.8317883410e-01
155 122 89
2 2 2286 -87.9700 -279.8100 0 2002 -107.8300 -200.0300
-9.4038656792e-02 -6.1401500750e-02 -7.7106397121e-01
88 63 39
2 2 2288 -261.5500 -283.6200 0 1988 -252.6200 -183.8300
-7.4478076827e-02 -6.0385462246e-02 -7.7604903198e-01
86 74 60
2 2 2289 -215.4300 -284.0800 0 1995 -214.0600 -189.6900
4.7605855289e-03 8.3865627737e-04 -7.8214219978e-01
201 148 96
2 2 2290 -20.3800 -287.5500 0 2013 -53.1600 -212.9900
-7.3999684992e-02 -5.3445668291e-02 -7.7162230694e-01
33 20 11
2 2 2291 -217.4600 -290.3600 0 1998 -216.0300 -194.1400
-6.1080482132e-02 -5.5419620025e-02 -7.7503004305e-01
46 31 15
2 2 2292 -187.3400 -291.7900 0 2001 -191.5600 -199.3700
-6.1080482132e-02 -5.5419620025e-02 -7.7503004305e-01
46 31 15
2 2 2293 -187.3400 -291.7900 0 2000 -191.5600 -199.3700
-1.0290527694e-01 1.2842091083e-01 -9.6076157108e-01
105 72 48
2 2 2299 -84.7000 289.7000 0 2208 -51.5600 288.0000
-1.1154094797e-01 1.1814288825e-01 -9.4989063013e-01
117 96 79
2 2 2301 -116.0700 261.7000 0 2215 -81.4400 266.2700
-1.0499258229e-01 9.0383082330e-02 -9.2558157578e-01
133 108 89
2 2 2305 -127.6600 169.9400 0 2043 -99.8100 187.5500
7.8548395703e-02 6.6586983644e-02 -1.0337918828e+00
31 18 10
2 2 2307 248.4300 154.9700 0 2226 250.4500 145.3500
-1.0363133820e-01 8.6363757678e-02 -9.0917918872e-01
88 56 33
2 2 2309 -138.0300 136.3700 0 2045 -112.0000 157.9600
-1.0143761781e-01 8.5480889515e-02 -9.1170713423e-01
137 103 78
2 2 2310 -131.3100 137.1600 0 2046 -106.3100 158.4700
1.2121009058e-01 5.8078893791e-02 -1.0408359511e+00
51 38 26
2 2 2311 313.3100 127.3500 0 2231 310.5300 113.9100
9.4740683539e-02 5.3110331204e-02 -1.0188396207e+00
43 27 18
2 2 2312 261.2200 109.0400 0 2066 256.5200 101.9700
5.8911336696e-03 1.0393629501e-01 -9.2950422058e-01
65 45 31
2 2 2314 121.9100 106.0200 0 2065 111.1400 105.1100
-9.8193727766e-02 7.3719313030e-02 -8.9956691137e-01
138 109 86
2 2 2318 -136.5400 97.1200 0 2055 -114.5000 124.3700
-9.8193727766e-02 7.3719313030e-02 -8.9956691137e-01
138 109 86
2 2 2319 -136.5400 97.1200 0 2056 -114.5000 124.3700
1.1907278961e-01 5.4170750221e-02 -1.0153011066e+00
110 77 42
2 2 2322 303.8700 90.9200 0 2237 294.0500 79.9700
1.4377915420e-01 6.4390099549e-02 -1.0155515999e+00
90 72 48
2 2 2325 359.2800 87.9400 0 2077 344.7100 70.4200
-2.2938620274e-02 9.8665443123e-02 -8.9233956287e-01
211 182 166
2 2 2331 39.3300 58.0700 0 2076 30.7400 69.8300
1.5142278857e-01 4.7831197037e-02 -9.9518441826e-01
169 143 118
2 2 2333 353.1200 36.4800 0 2099 331.8400 23.8600
1.5445080964e-01 4.1161833889e-02 -9.9204765878e-01
170 144 119
2 2 2334 350.6100 23.3700 0 2252 328.4400 12.0900
1.1771258693e-02 7.3337090678e-02 -8.9568116506e-01
150 108 71
2 2 2335 96.3500 3.9900 0 2100 78.1700 18.9500
-1.3442111651e-01 2.7122018790e-02 -8.5988171202e-01
123 99 61
2 2 2337 -258.9800 -2.5300 0 2083 -227.4100 52.1900
1.3821971095e-02 6.7657081808e-02 -8.8875639310e-01
165 107 71
2 2 2340 93.5200 -16.3100 0 2255 73.5900 1.5400
8.7282158332e-02 3.9995121957e-03 -9.5400807647e-01
44 27 17
2 2 2342 194.8600 -25.3000 0 2257 177.7000 -14.3400
-4.3603265762e-02 5.9841014468e-02 -8.6270024218e-01
145 123 113
2 2 2343 -46.6500 -28.9300 0 2105 -50.3100 5.3200
1.5361551935e-02 6.1950042223e-02 -8.7947017705e-01
164 110 71
2 2 2344 88.7700 -40.4400 0 2118 66.7000 -19.0200
1.2259483246e-01 1.1515715441e-03 -9.5850423098e-01
144 117 78
2 2 2345 252.4500 -42.8500 0 2259 229.5700 -36.0500
-9.3575925743e-02 2.1950600847e-02 -8.5643325937e-01
139 112 91
2 2 2346 -172.9500 -44.7500 0 2253 -157.7800 6.7800
-4.1029398682e-02 5.2952497218e-02 -8.5378686389e-01
152 126 113
2 2 2348 -49.9900 -55.3800 0 2117 -55.6700 -17.0500
1.8403558555e-02 5.0061413430e-02 -8.6556249881e-01
125 86 56
2 2 2354 80.6900 -80.7800 0 2138 55.4800 -52.8400
1.9853429430e-02 4.4512671223e-02 -8.6222990647e-01
143 100 68
2 2 2356 78.2500 -93.6700 0 2142 52.3100 -63.3400
-4.0461661221e-02 3.7081554796e-02 -8.3540787248e-01
181 152 134
2 2 2357 -67.9400 -108.2500 0 2265 -76.0400 -59.5700
-8.5903610182e-02 7.8845881751e-03 -8.3106306327e-01
80 52 31
2 2 2358 -179.9300 -111.5600 0 2134 -169.8300 -49.6600
-8.4624506309e-02 1.7845790690e-03 -8.2797686544e-01
87 60 43
2 2 2361 -180.9600 -124.1700 0 2140 -171.8500 -59.8900
-4.9417614526e-02 2.1237404661e-02 -8.2658496953e-01
191 160 139
2 2 2364 -100.2100 -134.1700 0 2148 -105.2600 -77.9600
-4.9417614526e-02 2.1237404661e-02 -8.2658496953e-01
191 160 139
2 2 2365 -100.2100 -134.1700 0 2149 -105.2600 -77.9600
-1.5966562383e-02 3.7983626921e-02 -8.2790728317e-01
200 155 124
2 2 2366 -18.3500 -140.9100 0 2153 -37.6500 -93.0400
2.8978675403e-02 3.2884817287e-04 -8.1423230264e-01
30 19 8
2 2 2377 46.4300 -233.2000 0 2173 11.2200 -176.6900
1.1571525375e-01 -7.8142801818e-02 -8.5845845964e-01
31 20 13
2 2 2380 162.1300 -250.8300 0 2191 122.2000 -209.6300
3.0168145875e-02 -4.3036623463e-03 -8.0719982421e-01
37 21 8
2 2 2381 42.7500 -252.3700 0 2180 6.1600 -192.0100
-4.4260367004e-02 -2.6877860077e-02 -7.8444822311e-01
185 154 117
2 2 2383 -136.8200 -264.5700 0 2175 -147.4400 -182.2000
1.5747848795e-01 -6.4400109799e-02 -8.5869073267e-01
39 32 20
2 2 2386 244.3700 -269.7200 0 2297 193.0200 -235.8000
-6.7492516116e-02 -5.8446204755e-02 -7.8214368363e-01
102 75 52
2 2 2387 -195.3100 -273.9500 0 2177 -196.4500 -183.8500
1.8206091439e-01 -6.8913960414e-02 -8.6486826862e-01
177 152 123
2 2 2388 282.7800 -276.1900 0 2298 228.3100 -247.2100
-4.2756657990e-02 -2.9806516443e-02 -7.7992739370e-01
193 146 105
2 2 2389 -138.0800 -277.7200 0 2181 -149.5200 -192.6800
-5.2888660940e-03 1.3402530125e-01 -9.6448991982e-01
97 72 51
2 2 2399 137.8100 219.1200 0 2221 137.3900 203.3000
-9.6968109367e-02 1.0269670895e-01 -9.3030077471e-01
152 114 86
2 2 2401 -102.1100 190.6000 0 2222 -76.1800 202.1500
9.7665881687e-04 1.1273820048e-01 -9.4034490848e-01
95 70 54
2 2 2403 123.0100 140.7800 0 2228 116.0100 135.3900
7.7921681980e-02 6.0944132938e-02 -1.0156968072e+00
100 90 78
2 2 2404 239.4100 124.8000 0 2313 236.6400 118.0000
8.3256055703e-02 5.8664152156e-02 -1.0183715950e+00
35 26 19
2 2 2405 246.8000 122.2300 0 2314 243.9000 115.0800
8.8902669074e-02 5.7998325511e-02 -1.0213903795e+00
87 78 67
2 2 2406 256.2000 121.9900 0 2315 253.2700 113.8000
8.8902669074e-02 5.7998325511e-02 -1.0213903795e+00
87 78 67
2 2 2407 256.2000 121.9900 0 2316 253.2700 113.8000
-8.1944888898e-02 9.0368283041e-02 -9.0686080459e-01
124 98 76
2 2 2408 -89.2000 120.1500 0 2311 -72.0900 138.4700
-1.0294810304e-01 7.3789480829e-02 -9.0390934874e-01
91 64 44
2 2 2412 -143.8900 108.3000 0 2227 -119.6000 135.1400
-7.8586518330e-02 7.3857167495e-02 -8.9488641055e-01
143 103 78
2 2 2417 -96.4600 73.5100 0 2235 -82.3600 99.3800
-5.0885460633e-02 7.6389753675e-02 -8.7904592332e-01
186 152 133
2 2 2419 -44.4100 27.1600 0 2325 -42.9300 52.4600
-7.3558795824e-02 5.9218833473e-02 -8.7544126470e-01
150 115 90
2 2 2420 -104.3500 16.7900 0 2244 -94.5300 51.1500
-1.2550916081e-01 4.5929432510e-02 -8.5347062623e-01
103 84 61
2 2 2421 -243.7100 1.6500 0 2242 -213.6400 52.5200
-1.4007922548e-01 4.8735020869e-03 -8.6785091769e-01
147 116 72
2 2 2423 -264.6700 -9.8000 0 2245 -233.1800 48.1100
-1.4007922548e-01 4.8735020869e-03 -8.6785091769e-01
147 116 72
2 2 2424 -264.6700 -9.8000 0 2246 -233.1800 48.1100
-7.1039110197e-02 5.0409364173e-02 -8.6425614589e-01
177 144 117
2 2 2428 -109.8600 -15.8600 0 2251 -102.3900 23.8200
9.1487707347e-02 9.0594952543e-03 -9.5523488419e-01
77 65 57
2 2 2429 206.5300 -21.7900 0 2332 188.3000 -12.0300
-1.3564377194e-01 8.0424000264e-03 -8.5398265339e-01
130 106 70
2 2 2431 -268.0300 -33.5700 0 2250 -237.5800 27.2700
-1.7412426655e-01 -1.1087917635e-01 -8.9859457711e-01
69 61 40
2 2 2434 -304.2000 -49.7600 0 2328 -269.5700 22.2500
1.7524927916e-02 5.6294546361e-02 -8.7655100963e-01
177 126 84
2 2 2435 87.7800 -53.4600 0 2335 64.8400 -29.9300
-5.9979619085e-02 3.7625468193e-02 -8.4571447266e-01
229 176 134
2 2 2436 -103.5100 -72.8700 0 2258 -102.3500 -25.6800
-5.5597543171e-02 3.1396052663e-02 -8.3596132559e-01
175 141 116
2 2 2438 -103.0900 -101.5200 0 2262 -104.8700 -49.7500
-5.5597543171e-02 3.1396052663e-02 -8.3596132559e-01
175 141 116
2 2 2439 -103.0900 -101.5200 0 2263 -104.8700 -49.7500
1.5832885762e-01 -1.1154849355e-02 -9.3849618336e-01
46 35 19
2 2 2440 299.9700 -103.9900 0 2269 265.6400 -97.2100
1.4478672573e-01 -3.3334271129e-02 -9.3697534956e-01
39 26 16
2 2 2441 255.9700 -114.0000 0 2272 226.1500 -101.5300
-3.4042282380e-02 3.8000611508e-02 -8.3198251759e-01
145 122 104
2 2 2442 -55.5700 -119.1300 0 2266 -66.8700 -70.0700
2.3166295222e-02 3.2945694912e-02 -8.5061310994e-01
154 112 70
2 2 2444 72.1000 -129.2900 0 2268 43.4700 -92.5100
-1.1696656731e-02 1.9790295078e-02 -8.1129414001e-01
129 104 88
2 2 2450 -28.7500 -195.1200 0 2278 -51.3700 -136.7300
-2.0366099226e-03 2.5202519587e-02 -8.1151386716e-01
203 148 111
2 2 2451 -4.4200 -197.7800 0 2279 -31.3900 -141.1700
-7.2549846669e-02 -3.9231483193e-02 -7.9500647817e-01
94 66 45
2 2 2457 -191.3100 -231.3900 0 2281 -189.3900 -148.3600
1.6020104847e-01 -6.1242724021e-02 -8.7321502946e-01
69 62 46
2 2 2460 252.6800 -244.0500 0 2354 204.6800 -214.6500
-7.1074360716e-02 -5.1623802901e-02 -7.9137795296e-01
102 70 45
2 2 2461 -193.7100 -247.9700 0 2284 -192.7300 -162.2800
-6.9136774014e-02 -4.5906347727e-02 -7.8336068662e-01
105 71 52
2 2 2462 -195.3200 -262.7900 0 2287 -195.5100 -174.0700
-1.3369531911e-02 -1.1089792260e-02 -7.8064010431e-01
146 107 74
2 2 2467 -67.1000 -285.1000 0 2291 -91.4600 -206.1900
8.5521007329e-03 -3.0997152140e-04 -7.8436161778e-01
30 20 12
2 2 2469 -11.5700 -285.9100 0 2353 -45.2100 -212.5600
-8.6096273888e-03 -1.2507105198e-02 -7.8098412535e-01
117 98 78
2 2 2470 -57.1700 -288.3400 0 2294 -83.5800 -210.4900
-6.2418349540e-03 1.3907301052e-01 -9.6645309772e-01
122 90 62
2 2 2479 141.3000 232.1300 0 2310 141.4500 213.9600
6.8267207468e-02 6.0978278204e-02 -1.0228410620e+00
45 28 20
2 2 2480 223.8500 140.1600 0 2369 224.7600 134.2700
1.6345772871e-03 1.1181170336e-01 -9.3510019045e-01
131 104 83
2 2 2481 121.7400 130.3800 0 2312 113.2900 125.9700
9.3040505606e-02 5.9318956869e-02 -1.0278325303e+00
33 22 16
2 2 2482 265.2900 129.5300 0 2370 263.5400 119.7500
1.3909365794e-01 6.4343602634e-02 -1.0309763145e+00
80 64 48
2 2 2483 350.8200 111.7100 0 2318 342.2800 93.5700
1.0582253664e-01 4.4801720589e-02 -1.0138213222e+00
130 100 64
2 2 2486 271.2000 86.5300 0 2374 263.8300 79.7200
-7.9785408613e-02 4.7967328829e-02 -8.7380220823e-01
173 136 108
2 2 2494 -122.9700 4.9900 0 2326 -111.1900 43.7200
-6.3887927862e-02 5.4567704591e-02 -8.6536248648e-01
184 152 137
2 2 2499 -92.0900 -14.1800 0 2384 -86.7700 22.5100
-4.6380145308e-02 5.3837536554e-02 -8.5380565143e-01
188 159 139
2 2 2503 -61.2900 -50.2800 0 2389 -64.8900 -11.4900
9.4469781070e-02 -4.2832030615e-03 -9.4057106006e-01
73 59 48
2 2 2504 197.9700 -56.6000 0 2395 176.4700 -42.6400
-5.0705260985e-02 4.7341324505e-02 -8.5214959709e-01
167 135 114
2 2 2505 -74.8800 -57.2300 0 2391 -76.7600 -15.7400
-5.0705260985e-02 4.7341324505e-02 -8.5214959709e-01
167 135 114
2 2 2506 -74.8800 -57.2300 0 2392 -76.7600 -15.7400
1.3297338941e-01 -3.5000918963e-02 -9.3552918802e-01
22 13 8
2 2 2511 235.0900 -110.2300 0 2400 207.2900 -96.0100
1.4168082311e-01 -4.4255067637e-02 -9.3062422811e-01
62 52 42
2 2 2512 240.8500 -129.2700 0 2402 210.8900 -113.3200
-6.0994029541e-02 -2.2373190976e-02 -8.0436479019e-01
153 124 100
2 2 2514 -155.5200 -207.2100 0 2343 -157.7200 -132.8800
-6.0994029541e-02 -2.2373190976e-02 -8.0436479019e-01
153 124 100
2 2 2515 -155.5200 -207.2100 0 2344 -157.7200 -132.8800
-5.9117515936e-02 -3.4422355172e-02 -7.9855807257e-01
146 113 91
2 2 2518 -159.1900 -228.7600 0 2403 -162.8400 -151.0600
-5.9117515936e-02 -3.4422355172e-02 -7.9855807257e-01
146 113 91
2 2 2519 -159.1900 -228.7600 0 2404 -162.8400 -151.0600
-7.1385040073e-02 -5.5870097625e-02 -7.7949513063e-01
114 94 75
2 2 2524 -205.1400 -275.7700 0 2350 -204.9100 -184.0300
-7.1482495777e-03 1.4492846136e-01 -9.7365758890e-01
104 72 51
2 2 2530 147.6300 254.8900 0 2362 149.6100 233.6700
-8.3370488598e-02 1.0583609815e-01 -9.2095885398e-01
126 98 77
2 2 2532 -75.8800 168.7600 0 2364 -57.1200 179.6800
-9.1439763001e-02 9.1511022957e-02 -9.1562900991e-01
150 113 86
2 2 2533 -104.4000 144.5000 0 2365 -81.8500 161.4100
1.0654941101e-01 5.7946137278e-02 -1.0345024292e+00
30 19 13
2 2 2534 287.4100 128.6200 0 2416 285.7500 116.1000
-1.1289881599e-01 6.7383554934e-02 -9.0382952735e-01
77 35 10
2 2 2535 -167.9800 107.2800 0 2368 -139.5600 136.9800
1.4945289218e-01 6.3241017040e-02 -1.0112726711e+00
177 149 125
2 2 2537 368.1400 77.2000 0 2377 351.2600 59.4100
-1.4305942246e-01 2.3839887161e-02 -8.7591513115e-01
151 118 80
2 2 2539 -263.4300 27.8200 0 2372 -228.5200 79.7300
-1.4625432516e-01 1.0244801499e-02 -8.7299734151e-01
134 106 66
2 2 2540 -273.4500 9.3600 0 2376 -238.4600 65.4500
1.5636486762e-02 6.4753819404e-02 -8.8996957866e-01
157 100 61
2 2 2542 95.4400 -18.8700 0 2421 75.4400 -0.5600
1.1898896752e-01 -1.8474805493e-02 -9.3166970110e-01
55 45 35
2 2 2550 225.9700 -96.2400 0 2430 198.2800 -81.0800
-8.8194619518e-02 1.0721767280e-02 -8.3560064657e-01
82 56 41
2 2 2551 -180.4300 -98.6900 0 2394 -169.3000 -38.3100
-3.8497640238e-02 3.1952440342e-02 -8.3084494485e-01
199 171 150
2 2 2553 -69.0000 -123.7200 0 2428 -78.2900 -72.6400
-7.3071943708e-02 4.3964171813e-03 -8.2350088818e-01
212 156 101
2 2 2554 -159.2200 -138.2900 0 2429 -154.7500 -75.2100
-6.6609054709e-02 7.2080527809e-04 -8.2038846838e-01
221 175 133
2 2 2556 -148.6500 -152.6400 0 2398 -147.2600 -87.5500
-9.0117746538e-02 1.2034914626e-01 -9.4552972706e-01
148 114 87
2 2 2560 -68.9700 239.2200 0 2414 -43.1600 241.1100
8.7290201481e-02 5.2853621016e-02 -1.0112612993e+00
28 18 10
2 2 2563 246.9100 104.0000 0 2444 242.0900 97.1500
-1.3690981275e-01 1.4117008885e-02 -8.5054101643e-01
140 110 75
2 2 2568 -273.9500 -32.2000 0 2419 -242.5900 28.7000
-1.3690981275e-01 1.4117008885e-02 -8.5054101643e-01
140 110 75
2 2 2569 -273.9500 -32.2000 0 2420 -242.5900 28.7000
-7.5364354669e-02 2.5820398138e-02 -8.4803590570e-01
211 188 147
2 2 2570 -139.1500 -69.4500 0 2423 -131.8100 -18.1500
1.0684082549e-01 -1.3629855167e-02 -9.3616448555e-01
3 3 5
2 2 2571 210.3800 -78.6900 0 2450 185.8500 -62.9500
-8.8143670587e-02 -1.0628332738e-02 -8.3766131556e-01
82 56 39
2 2 2574 -183.1800 -114.6200 0 2427 -172.4800 -50.8900
-3.6001453968e-02 2.1834459061e-02 -8.2319738955e-01
189 158 133
2 2 2575 -73.1600 -150.2700 0 2431 -84.1000 -94.6100
-1.2463081615e-01 4.4053721332e-02 -8.6689726544e-01
66 28 11
2 2 2582 -229.3300 22.9600 0 2445 -199.4500 69.9400
-7.1067805951e-02 5.4476583326e-02 -8.6829327689e-01
148 115 94
2 2 2584 -105.4300 -3.8800 0 2459 -97.8100 33.9000
-5.3168815334e-02 3.1631047978e-02 -8.2188050040e-01
186 151 130
2 2 2587 -107.7000 -131.5100 0 2451 -112.1800 -74.8800
1.2946034037e-01 6.2786150977e-02 -1.0470604457e+00
167 142 118
2 2 2590 332.7300 136.2700 0 2472 330.7100 119.5800
-2.0274203099e-01 -1.0781831377e-01 -9.6195813098e-01
16 16 9
2 2 2591 -304.7300 50.2200 0 2473 -262.0700 114.1500
1.1450335917e-01 -7.9316069459e-03 -9.4761099447e-01
117 91 58
2 2 2594 229.5500 -61.5800 0 2463 206.0400 -50.0900
1.5895785335e-01 -2.5930538546e-02 -9.4473284105e-01
56 43 27
2 2 2595 286.5000 -105.1800 0 2464 255.5700 -97.9200
-4.7758805266e-02 7.0563098012e-03 -8.1416263493e-01
175 139 113
2 2 2597 -110.7300 -173.4400 0 2465 -117.6000 -109.0100
-1.2121933888e-03 1.3649870812e-01 -9.6190726710e-01
172 121 76
2 2 2601 148.1000 216.3700 0 2482 145.8500 198.7300
1.3340770499e-01 5.8515983043e-02 -1.0281281685e+00
55 39 23
2 2 2602 333.9100 104.8000 0 2483 325.8900 88.6400
2.3205021293e-02 4.8485124736e-02 -8.6662757352e-01
177 117 59
2 2 2606 89.8800 -84.0000 0 2479 63.3900 -56.3600
2.3205021293e-02 4.8485124736e-02 -8.6662757352e-01
177 117 59
2 2 2607 89.8800 -84.0000 0 2480 63.3900 -56.3600
1.6236012923e-01 -6.3238669518e-02 -8.9449184496e-01
154 127 105
2 2 2609 255.6000 -209.8400 0 2484 213.4700 -186.6100
1.1858282177e-01 4.4434869055e-02 -9.9938398815e-01
150 121 85
2 2 2614 291.7800 58.4500 0 2489 277.6200 52.1700
1.0173089940e-01 6.4023913703e-02 -1.0429777001e+00
80 68 56
2 2 2618 286.3800 149.4800 0 2495 287.5500 136.2000
1.2350908245e-01 6.0681899648e-04 -9.5938014531e-01
146 118 81
2 2 2619 253.5900 -42.7200 0 2490 230.7800 -35.7900
1.2893332033e-01 -3.5955880467e-02 -9.2977888855e-01
45 34 28
2 2 2620 227.1300 -117.2400 0 2497 198.6400 -101.1300
