# Bundle file v0.3
3 50
2.1092924251e+03 2.5173981978e-02 1.4097667490e-03
9.9999460845e-01 -5.0273113457e-04 -3.2450469885e-03
5.5117069791e-04 9.9988818571e-01 1.4943636986e-02
3.2371715143e-03 -1.4945344991e-02 9.9988307186e-01
-3.4389461844e-03 1.4907747105e-02 8.9519665219e-03
2.1510615464e+03 -2.3744361098e-02 -1.3101703551e-03
3.8251945061e-02 -6.1391303684e-01 7.8844630248e-01
9.5131011164e-01 2.6387448182e-01 1.5930891166e-01
-3.0585267726e-01 7.4396306430e-01 5.9411539179e-01
8.6037229673e-01 1.6802834897e-01 -5.1374342793e-01
0 0 0
0 0 0
0 0 0
0 0 0
0 0 0
-1.6080771900e-01 9.1016970006e-02 -1.0685503270e+00
46 38 27
2 0 209 -319.7300 178.7600 1 1077 -91.9800 -273.4800
-1.5817958096e-01 7.4461198922e-02 -1.0615419172e+00
81 66 53
2 0 250 -316.8900 146.9700 1 1076 -58.6200 -272.4800
7.3936725621e-02 -6.0370153378e-02 -9.8858519178e-01
77 59 45
2 0 512 159.3600 -129.6400 1 330 222.3900 119.0600
-2.4523320447e-03 -8.0784167510e-02 -1.0124775690e+00
165 136 102
2 0 551 -5.4200 -170.5100 1 703 204.3000 -30.9500
-2.4523320447e-03 -8.0784167510e-02 -1.0124775690e+00
165 136 102
2 0 552 -5.4200 -170.5100 1 704 204.3000 -30.9500
5.2142855019e-02 -8.4583425736e-02 -9.9403149819e-01
121 98 69
2 0 565 111.3400 -181.3100 1 479 237.2400 67.3500
-1.0761787971e-01 -1.1249312588e-01 -1.0207327526e+00
80 66 50
2 0 670 -224.7300 -235.7400 1 1032 221.3600 -232.7900
2.7825439420e-02 -1.1512154349e-01 -9.7895090112e-01
185 151 112
2 0 695 60.1500 -250.2800 1 618 289.6700 14.8300
5.9820152146e-02 -1.1540091795e-01 -9.6820358571e-01
137 104 69
2 0 703 131.2300 -253.3900 1 467 306.5400 72.6700
4.0006398625e-02 -8.8285927232e-02 -9.9490875698e-01
171 145 111
2 0 1121 85.4500 -189.0400 1 542 239.4100 44.0900
7.7324073114e-02 -8.7493545419e-02 -9.7838653461e-01
119 104 97
2 0 1122 168.0100 -190.0700 1 341 264.5100 113.9000
-3.5246694451e-03 -9.2274456603e-02 -1.0049857523e+00
170 140 107
2 0 1127 -7.6000 -195.9000 1 715 227.2600 -36.2800
4.0363351351e-02 -9.1620632289e-02 -9.9244589796e-01
105 84 61
2 0 1128 86.4300 -196.6100 1 543 246.4500 43.7700
1.4033124921e-02 -9.3796687964e-02 -9.9714759352e-01
168 134 97
2 0 1132 29.6200 -200.5400 1 1469 241.0300 -3.9900
1.5770263008e-02 -9.3790609561e-02 -9.9688312254e-01
143 109 73
2 0 1133 33.2700 -200.6000 1 1466 241.4300 -0.8100
8.9967813120e-02 -1.0463824690e-01 -9.7551037823e-01
125 109 94
2 0 1155 195.9200 -228.2600 1 310 284.9400 127.1900
-1.1205585288e-01 -1.1081855236e-01 -1.0232231131e+00
173 156 138
2 0 1159 -233.4700 -231.7700 1 1663 215.7400 -240.6100
2.1716641351e-02 -1.2607589489e-01 -9.7243732570e-01
156 121 81
2 0 1200 47.3200 -275.7900 1 636 310.0900 0.7300
4.2739513129e-02 -1.2567794962e-01 -9.6619598655e-01
159 125 88
2 0 1202 93.9100 -276.5600 1 1424 319.2800 38.8700
4.2739513129e-02 -1.2567794962e-01 -9.6619598655e-01
159 125 88
2 0 1203 93.9100 -276.5600 1 1423 319.2800 38.8700
4.1358025509e-02 -1.2775006150e-01 -9.6481713028e-01
160 129 98
2 0 1211 91.1900 -281.4300 1 557 323.4000 35.6400
1.5726880659e-01 -1.2537458343e-01 -9.3513496640e-01
93 85 74
2 0 1215 358.7400 -284.2900 1 120 365.7300 240.7000
-1.5780837385e-01 8.1874896211e-02 -1.0639789773e+00
48 33 22
2 0 1305 -315.5400 161.3000 1 2019 -72.2800 -269.3800
-7.6876237670e-02 -6.0902674213e-02 -1.0436264539e+00
79 65 54
2 0 1368 -156.8200 -125.7200 1 1610 133.9800 -162.8300
5.6027729169e-02 -8.9236250158e-02 -9.8952909375e-01
101 79 57
2 0 1388 120.1700 -192.0600 1 1798 248.7200 73.0700
5.9065882537e-02 -9.0620372598e-02 -9.8760084039e-01
172 142 107
2 0 1391 126.9900 -195.3600 1 1342 253.0600 78.1200
4.9449165275e-02 -9.5958773876e-02 -9.8644832885e-01
118 96 73
2 0 1395 106.2900 -207.1400 1 1375 259.8900 59.3700
5.1422796196e-02 -9.6441397801e-02 -9.8550677516e-01
150 130 105
2 0 1396 110.7500 -208.3200 1 1372 261.8400 62.6800
5.5731833878e-02 -1.0018761602e-01 -9.8125690221e-01
179 149 117
2 0 1399 120.4800 -217.3000 1 1808 271.9800 69.5900
-1.6812724170e-01 1.0078481495e-01 -1.0744982034e+00
98 90 74
2 0 1468 -332.5800 196.8100 1 2303 -115.5500 -286.0300
-1.6080180593e-01 8.1870681620e-02 -1.0636536944e+00
121 114 96
2 0 1485 -321.2200 161.4900 1 2201 -71.9500 -275.8700
-1.3764183591e-01 -8.2986925364e-02 -1.0701272173e+00
216 206 181
2 0 1535 -273.9800 -167.5300 1 2204 114.5500 -285.4100
4.5876842430e-02 -8.5556936576e-02 -9.9528454248e-01
139 114 75
2 0 1537 97.4600 -183.3400 1 1820 236.1100 56.1100
5.1207140823e-02 -8.7197825962e-02 -9.9289412343e-01
91 77 58
2 0 1538 109.5500 -187.0700 1 1813 241.5400 64.6400
4.3499184702e-02 -9.7561089579e-02 -9.8722294166e-01
174 143 108
2 0 1548 93.6000 -210.3700 1 2085 260.2500 47.8200
2.6219276459e-02 -1.0082862599e-01 -9.8974545149e-01
168 133 91
2 0 1549 56.1300 -216.9700 1 1865 259.3800 15.7600
1.2056739647e-01 -1.0260102448e-01 -9.6450455186e-01
69 54 45
2 0 1551 266.1300 -225.9400 1 1202 300.0500 182.9800
3.0142390755e-03 -8.4361514345e-02 -1.0083648363e+00
164 134 98
2 0 1630 6.1200 -178.6400 1 2121 214.3000 -21.9600
1.6246759981e-01 -8.3611062264e-02 -9.4944450198e-01
44 28 28
2 0 1631 365.3500 -185.9500 1 2214 306.0000 268.8200
5.4504176339e-02 -8.6909532326e-02 -9.9162966287e-01
152 122 87
2 0 1632 116.7000 -186.6800 1 2074 243.2300 70.9300
5.4504176339e-02 -8.6909532326e-02 -9.9162966287e-01
152 122 87
2 0 1633 116.7000 -186.6800 1 2075 243.2300 70.9300
4.4459764251e-02 -8.8283410899e-02 -9.9398446892e-01
90 75 63
2 0 1634 95.0600 -189.1900 1 2243 240.8700 52.0500
4.8107537985e-02 -8.6998850017e-02 -9.9352148897e-01
151 123 86
2 0 1698 102.6900 -186.6000 1 2240 240.3200 59.4100
-2.9301283303e-03 -9.3073363986e-02 -1.0040996127e+00
175 145 109
2 0 1701 -5.7900 -197.5300 1 2259 229.5700 -36.0500
4.7064285908e-02 -9.6530722536e-02 -9.8642590873e-01
105 90 69
2 0 1703 101.2900 -208.3200 1 2241 260.5000 54.8100
6.0647659783e-02 -9.5119882715e-02 -9.8344066506e-01
162 128 91
2 0 1746 131.0200 -205.8100 1 2375 263.8300 79.7200
5.4954644300e-02 -9.6353484519e-02 -9.8352413404e-01
101 83 68
2 0 1747 119.1600 -208.2700 1 2322 264.9800 68.7100
-3.9712101179e-03 -8.7336280645e-02 -1.0085228097e+00
104 86 66
2 0 1786 -8.7500 -184.9600 1 2424 216.8600 -35.4500
8.2738269727e-02 -6.0553602228e-02 -9.8727319675e-01
60 39 29
2 0 1802 178.7800 -130.0800 1 2369 224.7600 134.2700
4.3821537124e-02 -9.2981347548e-02 -9.9071765003e-01
107 93 74
2 0 1804 93.8600 -199.9000 1 2446 250.4200 49.7500
