# Bundle file v0.3
3 97
2.0737446323e+03 -5.0990294640e-02 -3.6781969999e-03
9.9990213795e-01 1.3225634646e-02 4.5603841667e-03
-1.3220640876e-02 9.9991197239e-01 -1.1234466703e-03
-4.5748410221e-03 1.0630455262e-03 9.9998897032e-01
1.4680039396e-01 6.9781035264e-02 5.7988194331e+00
2.0865263198e+03 1.7886972913e-01 1.2204632691e-02
9.9797646998e-01 6.3525457774e-02 -2.7352471698e-03
-6.3541514310e-02 9.9795962831e-01 -6.2494973766e-03
2.3326640672e-03 6.4106530783e-03 9.9997673083e-01
2.4637597187e-01 -5.9179975268e-02 6.3458437340e+00
0 0 0
0 0 0
0 0 0
0 0 0
0 0 0
8.8918617075e-02 6.2422425015e-01 -1.3197479400e+01
43 23 8
2 0 90 51.4800 198.2000 1 135 125.4900 195.6800
-1.8529672104e-01 4.6868624532e-01 -1.1655467583e+01
113 98 84
2 0 95 -30.0300 197.0500 1 919 48.2500 193.3900
-1.2842955540e-01 4.8039358626e-01 -1.2404879997e+01
152 136 123
2 0 141 -10.1200 177.0600 1 177 63.1600 175.0100
-2.9775833797e-01 5.0222599876e-01 -1.3149084031e+01
153 138 121
2 0 179 -57.6300 166.6000 1 190 5.2600 166.8600
-3.0346770769e-01 4.9172013843e-01 -1.3188407736e+01
159 140 126
2 0 191 -58.9700 162.9500 1 942 3.2700 162.7400
4.3931191934e-01 3.5170435309e-01 -1.2904941025e+01
45 43 31
2 0 304 155.1600 125.6400 1 995 236.9100 109.7900
1.2062233185e+00 5.9385765754e-01 -1.7422381178e+01
40 28 16
2 0 317 228.2800 118.7200 1 999 290.6200 107.2100
1.9467038216e+00 6.3007208380e-01 -1.9358103927e+01
80 70 61
2 0 356 307.4700 106.7000 1 1017 368.2100 91.0500
4.5208864408e-01 2.9341182040e-01 -1.3264383691e+01
98 87 73
2 0 362 150.6700 103.7700 1 338 227.4400 86.6200
4.5208864408e-01 2.9341182040e-01 -1.3264383691e+01
98 87 73
2 0 363 150.6700 103.7700 1 339 227.4400 86.6200
2.8761211481e-01 2.8097178187e-01 -1.3225129104e+01
36 23 16
2 0 365 105.5700 101.3400 1 337 178.4100 86.4800
1.9728454874e-01 1.4861760224e-01 -1.3741395161e+01
95 77 67
2 0 465 73.9800 60.3800 1 411 138.4700 45.8700
2.5798144298e-01 -9.4544065938e-02 -1.4846717391e+01
51 23 2
2 0 579 76.9500 -2.6300 1 529 132.2600 -18.9500
2.1863541975e-01 -1.1435225122e-01 -1.4793554328e+01
138 95 70
2 0 587 68.2900 -7.1900 1 540 123.0700 -23.3400
2.0515214935e-01 -1.3854800863e-01 -1.4820172139e+01
135 87 60
2 0 596 64.9100 -12.6400 1 1132 118.9800 -29.0000
2.2836980561e-01 -1.5908557754e-01 -1.5134779367e+01
49 29 7
2 0 609 67.4900 -16.7800 1 558 120.1300 -32.7000
1.9858861869e-01 -1.6323030339e-01 -1.5049744799e+01
145 97 68
2 0 611 61.5100 -17.8000 1 559 114.0500 -33.6800
1.9858861869e-01 -1.6323030339e-01 -1.5049744799e+01
145 97 68
2 0 612 61.5100 -17.8000 1 560 114.0500 -33.6800
-4.0057277641e-01 -3.6560025838e-01 -1.5484992262e+01
132 114 99
2 0 700 -70.4800 -58.4700 1 641 -30.6500 -68.9000
2.4248420120e-02 -3.8749771955e-01 -1.6045695065e+01
103 95 84
2 0 708 18.6400 -60.9000 1 1182 62.4900 -74.5100
-3.4624838525e-01 -3.8434494197e-01 -1.5382708990e+01
112 87 72
2 0 712 -59.5600 -63.5000 1 1185 -18.6900 -74.7900
-4.9511654498e-02 -5.9455394925e-01 -1.6757510673e+01
88 54 29
2 0 788 2.3700 -95.7200 1 703 41.1900 -109.0600
3.9844655714e-01 9.6952148302e-01 -1.4193713503e+01
34 16 20
2 0 1026 121.6700 258.3700 1 33 199.0600 260.3800
3.5930442642e-01 9.4606048608e-01 -1.4829573514e+01
22 18 9
2 0 1035 103.3800 235.0800 1 877 174.4100 236.5000
-3.2241115843e-01 5.9097556629e-01 -1.3018271067e+01
199 168 139
2 0 1063 -65.2200 195.2100 1 913 -0.7100 198.1500
-2.6003368035e-01 5.5380230890e-01 -1.2810823165e+01
145 128 110
2 0 1071 -48.8000 188.7700 1 921 18.7000 191.6100
-2.1782546105e-01 5.1965513022e-01 -1.2811201352e+01
143 121 107
2 0 1077 -36.4800 178.4500 1 1428 31.6400 179.7300
-1.5609469644e-01 4.4637327259e-01 -1.2768559890e+01
166 143 129
2 0 1085 -18.3500 158.3500 1 1446 50.0900 154.9400
1.5395350707e+00 6.8342310197e-01 -1.7037318799e+01
39 33 21
2 0 1118 297.9800 138.7700 1 1468 367.9600 123.8400
-6.3355516468e-03 3.3915492922e-01 -1.2204083511e+01
154 144 136
2 0 1124 28.8900 136.7800 1 976 105.2400 127.0200
1.6851605760e-01 3.3612097141e-01 -1.2190635274e+01
152 110 58
2 0 1128 85.7400 135.6000 1 983 167.8200 122.0500
1.9841443972e-01 3.3570447365e-01 -1.2260748274e+01
140 93 45
2 0 1132 94.2900 133.8800 1 985 176.4600 119.9600
3.8874612987e-01 3.4204449717e-01 -1.2801893097e+01
51 33 19
2 0 1147 142.6100 124.8600 1 1474 223.9600 109.1700
3.6937323203e-01 3.0040172363e-01 -1.3081647579e+01
61 51 42
2 0 1176 131.0900 108.2900 1 1486 207.9900 92.6900
-1.3269885923e-01 2.4341020996e-01 -1.3192914202e+01
193 174 167
2 0 1197 -12.0100 92.4900 1 1022 50.4600 83.7300
-1.8427878613e-01 2.3428843096e-01 -1.3439557607e+01
178 158 147
2 0 1204 -25.9600 87.2900 1 1029 33.5800 79.5500
2.9665938453e-01 1.0374485657e-01 -1.3922446412e+01
134 96 64
2 0 1236 97.3600 47.3900 1 1079 161.8500 30.9200
2.5168460159e-01 4.4716484731e-02 -1.4138841978e+01
61 43 34
2 0 1249 83.2700 31.8000 1 1520 144.3800 15.3000
2.3410692141e-01 8.9553923008e-03 -1.4297125300e+01
65 41 35
2 0 1259 77.0600 22.4000 1 1101 136.4800 6.3400
2.6946581138e-01 -1.0034837644e-02 -1.4368121899e+01
88 61 58
2 0 1267 84.8500 17.5600 1 1107 144.1900 0.8500
1.1498313740e-01 -2.5520810830e-01 -1.5376479750e+01
100 67 48
2 0 1335 40.7600 -36.7300 1 1146 89.4400 -52.0200
-1.2778036034e-02 -3.2396847546e-01 -1.5683666046e+01
36 24 19
2 0 1349 12.1200 -49.7300 1 1162 57.2900 -63.2600
4.1349969769e-02 -4.0422501121e-01 -1.5961329465e+01
81 52 31
2 0 1368 22.4100 -64.7400 1 1194 66.3700 -79.2700
4.1349969769e-02 -4.0422501121e-01 -1.5961329465e+01
81 52 31
2 0 1369 22.4100 -64.7400 1 1195 66.3700 -79.2700
3.5231391378e-03 -4.8867249701e-01 -1.6334878459e+01
68 42 31
2 0 1386 13.5600 -78.9600 1 1218 55.1500 -92.8500
3.7758203667e-01 1.0066460928e+00 -1.4130591259e+01
16 11 6
2 0 1520 117.6900 270.8500 1 1351 195.5600 271.6500
3.4473240812e-01 9.6078539546e-01 -1.4831537312e+01
57 49 43
2 0 1533 100.1100 238.8700 1 1368 170.9500 239.9300
-5.1620427805e-01 6.0000132090e-01 -1.2064246774e+01
121 101 77
2 0 1538 -137.8500 228.0200 1 1789 -72.2700 237.3600
6.7846328353e-01 9.8279471349e-01 -1.5475654991e+01
34 25 16
2 0 1541 164.2600 226.6500 1 1393 236.2900 224.4500
6.4540252526e-01 9.1554951027e-01 -1.5280015788e+01
19 11 7
2 0 1554 160.4300 216.6800 1 1408 232.5300 213.7700
6.4540252526e-01 9.1554951027e-01 -1.5280015788e+01
19 11 7
2 0 1555 160.4300 216.6800 1 1409 232.5300 213.7700
-4.0674504671e-01 6.1276062943e-01 -1.3160538158e+01
104 82 68
2 0 1583 -87.7800 198.0500 1 1663 -26.0100 202.5100
-3.9183691373e-01 5.9897523583e-01 -1.3121739776e+01
138 121 103
2 0 1591 -84.1900 194.4900 1 1664 -21.6900 199.6200
-1.1686539252e-01 3.9578595784e-01 -1.2721868588e+01
180 158 147
2 0 1624 -6.8700 144.0800 1 1679 62.1900 138.6100
4.0286239819e-02 3.1793579905e-01 -1.2495488989e+01
193 179 168
2 0 1641 41.5100 123.9900 1 1470 115.9300 113.5700
-7.4906159522e-02 2.1967646095e-01 -1.3083085510e+01
201 185 178
2 0 1668 4.3900 87.0600 1 1493 68.5200 76.2400
2.9165432629e-01 1.1982766286e-01 -1.3884237067e+01
61 39 43
2 0 1683 96.6300 51.7300 1 1513 161.5500 35.5600
2.5341852798e-01 2.0598385301e-02 -1.4201583328e+01
122 73 48
2 0 1691 82.8000 25.3400 1 1524 143.4500 9.1100
1.9264866133e-01 -9.1203291047e-02 -1.4713969137e+01
89 56 40
2 0 1705 63.0200 -1.8000 1 1546 118.0700 -17.5200
1.7826702256e-01 -1.2268937188e-01 -1.4850582773e+01
78 50 35
2 0 1712 58.5500 -8.8800 1 1554 112.2300 -24.5400
2.3337297187e-01 -1.3610771655e-01 -1.4997108244e+01
62 33 22
2 0 1713 69.8600 -11.8600 1 1558 123.4900 -28.0100
1.6896711748e-01 -1.4242326403e-01 -1.4949060838e+01
77 53 51
2 0 1715 55.7500 -13.0200 1 1725 108.3500 -28.9100
1.6896711748e-01 -1.4242326403e-01 -1.4949060838e+01
77 53 51
2 0 1716 55.7500 -13.0200 1 1726 108.3500 -28.9100
1.5557313545e-01 -1.6875767685e-01 -1.5033742889e+01
84 58 44
2 0 1720 51.9600 -18.9500 1 1559 103.8400 -34.4300
7.0137284287e-02 -3.3931431946e-01 -1.5610980444e+01
74 48 40
2 0 1735 29.7000 -53.6800 1 1741 76.1800 -68.4200
-3.7482894923e-01 -3.6893913382e-01 -1.5349320908e+01
110 92 78
2 0 1737 -65.7800 -60.1500 1 1580 -25.2800 -71.2700
5.3043464538e-02 -3.7954065912e-01 -1.5829672375e+01
68 52 29
2 0 1738 25.2100 -60.7100 1 1583 70.2300 -75.1500
-9.4641829376e-03 -4.7138865078e-01 -1.6373877163e+01
117 95 76
2 0 1749 11.0700 -75.1000 1 1749 52.3900 -88.8000
4.1197504558e-01 9.9542239331e-01 -1.4252856356e+01
49 48 42
2 0 1833 124.2000 263.5000 1 1649 201.5900 264.6300
-3.5239794444e-01 6.2729606413e-01 -1.2971019792e+01
29 16 9
2 0 1840 -74.1800 206.7900 1 1792 -9.4000 211.8300
-3.5239794444e-01 6.2729606413e-01 -1.2971019792e+01
29 16 9
2 0 1841 -74.1800 206.7900 1 1793 -9.4000 211.8300
-4.3472879140e-01 5.8044754850e-01 -1.3344152426e+01
91 71 54
2 0 1845 -93.7000 184.4500 1 1797 -34.1100 188.4500
-8.3277362321e-02 4.0557388462e-01 -1.2622957075e+01
180 160 148
2 0 1849 3.3600 148.7900 1 1803 74.5100 143.3100
3.6893980759e-01 3.4776286834e-01 -1.2782575159e+01
122 109 103
2 0 1852 137.1500 126.8700 1 1687 218.3200 111.8100
8.2184419159e-02 3.0181223083e-01 -1.2331521039e+01
91 83 72
2 0 1853 56.1100 122.0400 1 1689 133.1100 109.5300
6.6479038867e-02 3.0626159464e-01 -1.2501981908e+01
131 122 112
2 0 1855 49.5700 120.3300 1 1688 124.3800 108.7900
6.0497560317e-02 2.9506398082e-01 -1.2590345487e+01
150 137 128
2 0 1856 47.0400 115.7300 1 1692 120.3400 103.5200
3.1685478673e-01 1.6895533019e-01 -1.3627451156e+01
59 39 31
2 0 1873 106.8900 66.1200 1 1818 175.2700 50.1100
2.6752800668e-01 7.1259365010e-02 -1.4017485202e+01
63 44 34
2 0 1878 88.6600 38.7400 1 1712 151.4200 22.4000
-4.2311485979e-01 6.7239115464e-01 -1.1829728117e+01
15 9 5
2 0 1960 -110.3800 261.9900 1 1786 -38.5700 271.7700
-2.6102220101e-01 5.8680048561e-01 -1.2303991877e+01
80 67 51
2 0 1967 -51.8500 214.5000 1 1869 20.0000 217.8500
2.6879866943e-01 1.1185394794e-01 -1.3946739352e+01
121 90 70
2 0 1997 89.9200 49.2600 1 1900 153.9000 33.7100
1.1008036464e-01 -2.2010606893e-01 -1.5341239666e+01
104 80 61
2 0 2014 40.0300 -29.1500 1 1835 89.1000 -44.1500
3.9264261879e-01 2.9921970001e-01 -1.3211662711e+01
42 33 24
2 0 2049 135.1900 106.2300 1 1886 211.1500 90.1800
3.7770277560e-01 2.7538454566e-01 -1.3342113371e+01
53 39 31
2 0 2051 128.3900 97.5700 1 1887 202.4800 82.2300
3.5701912906e-01 2.2590297991e-01 -1.3512821909e+01
53 38 31
2 0 2056 119.6500 82.3500 1 1892 190.7500 66.4400
2.9723564814e-01 1.5823678345e-01 -1.3881150998e+01
121 92 66
2 0 2057 98.5400 62.3800 1 1898 163.5300 45.3800
-3.2631457399e-01 5.9765739151e-01 -1.2993632729e+01
159 125 94
2 0 2112 -66.5600 197.6000 1 1993 -1.7700 201.2100
2.8234347759e-01 5.0878166614e-02 -1.4203885337e+01
67 45 34
2 0 2121 89.9900 32.6700 1 1960 151.6300 16.6900
-3.2255827917e-01 -5.0496195273e-01 -1.5705098338e+01
145 120 103
2 0 2133 -53.3100 -86.6700 1 2006 -14.2800 -98.9400
-3.1293802292e-01 6.3149049806e-01 -1.2249128725e+01
116 109 101
2 0 2152 -68.7500 230.5500 1 1944 2.8400 237.1000
-2.0438266583e-01 4.9519338238e-01 -1.2991478826e+01
169 143 130
2 0 2153 -31.9300 167.3300 1 2019 34.5600 166.8800
5.6984840425e-01 9.1738470295e-01 -1.4945881303e+01
24 15 10
2 0 2172 149.5100 224.9200 1 2017 223.0200 223.4000
7.9824825283e-02 3.2805872914e-01 -1.1977159807e+01
178 169 164
2 0 2178 59.2900 138.0600 1 2022 140.8100 125.1100
1.1549688240e-02 3.3124260548e-01 -1.2788929745e+01
175 162 154
2 0 2179 30.9200 123.0100 1 2046 101.8500 113.8200
4.7745211267e-01 9.6034089502e-01 -1.4556675876e+01
54 45 36
2 0 2201 134.9200 245.7200 1 2037 210.4400 245.4500
-5.6967308452e-02 5.3280758978e-01 -1.2693521119e+01
49 40 33
2 0 2227 11.6500 185.3600 1 2074 85.1100 183.3000
