# Bundle file v0.3
3 166
0 0 0
0 0 0
0 0 0
0 0 0
0 0 0
2.0342283677e+03 9.0718541612e-02 1.5455196171e-03
9.9940128361e-01 -6.5216353014e-04 3.4592614956e-02
-4.8638449290e-05 9.9979486537e-01 2.0254007347e-02
-3.4598727737e-02 -2.0243563472e-02 9.9919624007e-01
1.7710177248e-01 8.9615637967e-02 4.8843422693e-01
2.1607224136e+03 1.0110928925e-01 2.8255031899e-03
9.8032118932e-01 1.7067010543e-01 9.9207262257e-02
-1.6391116533e-01 9.8378859548e-01 -7.2753895241e-02
-1.1001588817e-01 5.5061007144e-02 9.9240354183e-01
7.4906186837e-01 -4.2862907225e-01 6.6000509397e-01
-2.8667999923e-01 1.2878793595e-02 -4.5603272318e+00
128 97 69
2 1 1773 -133.8700 5.2500 2 2941 9.9200 -21.1000
-2.3238247408e-01 -1.4644031686e-01 -4.4070543527e+00
41 22 12
2 1 1831 -108.2200 -76.2200 2 3033 34.5900 -125.0700
4.0417920635e-01 3.5431743864e-01 -5.6029510997e+00
147 124 93
2 1 1109 153.6300 131.2300 2 2794 285.6000 114.7600
-3.5480002273e-01 -8.1999837785e-02 -4.5834427023e+00
74 37 18
2 1 1806 -168.0600 -43.0600 2 2975 -37.4700 -65.5700
-1.3920420151e-01 1.7376334178e-01 -4.5519387787e+00
97 75 62
2 1 2034 -59.8100 86.0800 2 3748 107.3500 54.0900
4.2509693392e-01 3.1294100535e-01 -5.5734953392e+00
142 122 88
2 1 1677 163.2800 115.7200 2 3404 294.2700 94.8900
4.8322708712e-01 1.5846220222e-01 -5.4643216237e+00
126 106 74
2 1 1721 191.9900 55.8500 2 3446 318.9100 20.6800
3.9192961934e-01 2.8320325777e-01 -5.5892313136e+00
69 60 46
2 1 2027 149.4800 103.5600 2 3409 276.0500 84.5100
4.1410836246e-01 3.1852376052e-01 -5.5838094084e+00
85 68 52
2 1 2020 158.4800 117.7100 2 3731 288.9000 98.2000
5.3175860374e-01 1.6846463827e-01 -5.4503967237e+00
133 112 79
2 1 2260 212.9000 60.9100 2 3765 342.0400 20.5500
4.0870387896e-01 2.9934669015e-01 -5.5707085217e+00
80 70 54
2 1 2492 156.8900 110.4000 2 4056 286.4500 90.1300
3.0981160504e-01 6.7607100232e-01 -5.7747940886e+00
90 84 72
2 1 57 109.8100 248.6300 2 1700 254.7700 259.3700
1.0820403546e-01 6.1399455177e-01 -5.7736524078e+00
69 52 37
2 1 91 32.8400 225.7400 2 1712 165.8900 247.5900
1.1677996118e-01 5.9922960449e-01 -5.7718884241e+00
31 22 15
2 1 105 36.3500 220.4800 2 2671 168.2700 240.4200
2.6296561824e-01 5.8971337033e-01 -5.8481277788e+00
75 71 62
2 1 114 89.9500 212.5900 2 132 222.0400 224.7800
2.5181681540e-01 5.6923259876e-01 -5.8603956309e+00
70 66 56
2 1 125 85.4800 204.4700 2 142 214.8000 216.7500
-1.7072796229e-01 4.0177516041e-01 -4.7373543672e+00
106 90 75
2 1 144 -75.9200 188.9100 2 1801 97.8500 183.9000
-6.9741176580e-02 4.1175784992e-01 -4.8632641355e+00
83 69 58
2 1 150 -28.8000 186.6500 2 2724 140.8600 179.2600
-2.7962593326e-01 3.5318463067e-01 -4.7930715788e+00
124 98 75
2 1 188 -127.1200 163.7900 2 1825 31.8700 167.4000
-2.5622601005e-01 3.3956762724e-01 -4.7665173778e+00
161 126 98
2 1 197 -116.3000 158.5300 2 1845 44.5500 158.0600
-2.5622601005e-01 3.3956762724e-01 -4.7665173778e+00
161 126 98
2 1 198 -116.3000 158.5300 2 1844 44.5500 158.0600
-1.8683069511e-01 3.2642323092e-01 -4.6993408571e+00
120 103 83
2 1 209 -83.4700 155.1100 2 1867 84.8000 144.5800
-4.5126221770e-01 3.4034095029e-01 -4.9112515392e+00
136 100 69
2 1 214 -204.9100 152.9700 2 1814 -64.1000 175.7600
-2.3410767185e-01 3.0197352291e-01 -4.7170441882e+00
125 99 74
2 1 230 -106.1200 142.7800 2 335 55.9700 135.7500
-2.7765814130e-01 2.9436744740e-01 -4.7473770901e+00
111 80 52
2 1 238 -126.6000 138.1700 2 1878 30.0600 135.6600
5.3768273748e-01 3.6318353695e-01 -5.5235962962e+00
144 119 88
2 1 241 210.7200 137.2500 2 410 352.3000 108.1000
4.2333854846e-01 3.6422343048e-01 -5.5917625176e+00
159 133 98
2 1 248 161.7100 135.5200 2 1912 295.7100 117.5600
-4.2334613583e-01 2.5620569028e-01 -4.8314483481e+00
84 59 33
2 1 281 -194.2000 116.9700 2 1888 -54.1100 129.3500
-4.0053289946e-01 2.3175741263e-01 -4.7988319452e+00
149 106 71
2 1 297 -184.3300 106.4900 2 1914 -42.9900 114.1900
-4.0053289946e-01 2.3175741263e-01 -4.7988319452e+00
149 106 71
2 1 298 -184.3300 106.4900 2 1915 -42.9900 114.1900
5.6348764225e-01 2.3972109962e-01 -5.4474500211e+00
142 113 79
2 1 324 225.7100 89.6300 2 604 362.3800 50.1800
-5.5300298616e-01 1.5054407549e-01 -4.6984299009e+00
104 78 47
2 1 358 -261.8000 70.3500 2 1967 -128.2200 83.6200
-2.4055105442e-01 1.4557094698e-01 -4.6098715991e+00
128 89 56
2 1 360 -110.1700 70.3800 2 2032 44.8300 49.6100
1.6964385965e-01 1.1436264588e-01 -4.5059315678e+00
133 78 42
2 1 383 96.2200 56.5500 2 766 276.4000 -8.7600
-3.0257421266e-01 9.0516726793e-02 -4.6213785504e+00
137 97 62
2 1 412 -140.7800 42.9000 2 2065 5.1200 25.5600
-2.9759099797e-01 5.9871192999e-02 -4.6068748160e+00
167 137 105
2 1 443 -138.5900 27.9600 2 2094 5.7800 7.8300
-3.0563264111e-01 5.8578844819e-02 -4.6099400538e+00
195 177 146
2 1 444 -142.4700 27.3800 2 717 1.0200 7.8900
-3.0331930393e-01 5.4507658069e-02 -4.6106547614e+00
202 184 151
2 1 448 -141.4100 25.1800 2 729 1.9700 5.6100
-1.0279563075e-01 4.6323188207e-02 -4.4301176777e+00
141 106 83
2 1 451 -40.6500 24.1400 2 817 125.6500 -25.7000
-2.3315796903e-01 4.8049487625e-02 -4.5435705731e+00
212 164 120
2 1 453 -106.9800 23.3900 2 2117 43.7900 -7.4600
-4.0186846857e-01 4.8380786285e-02 -4.7229164365e+00
76 41 18
2 1 459 -187.4400 20.1200 2 692 -56.9000 15.6900
-3.3961414186e-01 3.2149188668e-02 -4.6090720867e+00
174 126 84
2 1 465 -159.5200 14.0800 2 2109 -19.8700 -3.3500
-2.6866266594e-01 2.4184538968e-02 -4.5482496785e+00
217 176 130
2 1 467 -124.8700 11.2500 2 2128 21.5800 -17.1800
-2.6310881664e-01 2.2036713138e-02 -4.5426713281e+00
186 140 94
2 1 470 -122.3600 9.8700 2 2133 25.0400 -18.8500
-3.0626412209e-01 -4.7602923980e-03 -4.5558017998e+00
227 199 159
2 1 490 -143.9100 -3.7300 2 2150 -2.2300 -29.1600
-3.2586131547e-01 -2.5915179310e-02 -4.5753032587e+00
147 123 95
2 1 514 -153.4600 -14.6000 2 2160 -16.0500 -38.0200
-1.9878970378e-01 -7.0318745235e-02 -4.4360745097e+00
143 123 102
2 1 550 -90.3500 -36.2700 2 990 59.1100 -82.8400
2.1188387562e-02 -9.0738444629e-02 -4.2046336958e+00
139 107 82
2 1 573 29.2200 -46.8700 2 2311 206.9900 -132.7700
-2.8968446797e-01 -1.8343854862e-01 -4.4971228127e+00
70 43 26
2 1 675 -137.1200 -95.1200 2 1095 -6.5000 -133.3500
-1.6427569815e-01 -2.5727623026e-01 -4.2711627082e+00
198 154 106
2 1 754 -72.7500 -137.2700 2 2396 72.8500 -208.1700
-6.6317151656e-02 -2.8050577553e-01 -4.1730539296e+00
121 102 84
2 1 775 -18.2800 -152.2300 2 2435 137.5700 -242.2400
-3.3554613029e-01 -3.0399890899e-01 -4.2249370080e+00
185 151 112
2 1 793 -167.4400 -165.4700 2 1302 -30.6000 -224.1200
-3.3083098847e-01 -4.0688371759e-01 -4.1564684478e+00
157 121 82
2 1 864 -167.0600 -225.9200 2 2610 -34.7000 -295.0700
-5.0134884568e-01 5.6147994379e-01 -5.1267741047e+00
116 83 53
2 1 983 -220.9100 241.2400 2 2627 -77.5100 288.5100
-4.8263260928e-01 5.5325563150e-01 -5.1021951676e+00
118 88 61
2 1 985 -213.4200 238.9900 2 2630 -68.1400 283.5100
-4.5861187698e-01 5.4086502848e-01 -5.0719799537e+00
99 66 39
2 1 989 -203.7700 234.9600 2 2633 -56.0500 276.2300
1.1912870228e-01 6.2168619643e-01 -5.7655250195e+00
53 37 20
2 1 995 37.2000 229.1000 2 2662 171.6500 250.1900
-4.5300410396e-01 4.9094117002e-01 -5.0351720921e+00
117 83 59
2 1 1003 -202.1300 215.1000 2 2660 -56.3600 251.2700
-6.2785473459e-02 4.7404198239e-01 -4.9529535698e+00
99 86 76
2 1 1005 -26.5600 210.2800 2 2701 142.4900 209.9200
-4.2698834918e-01 4.6063670713e-01 -4.9927229680e+00
156 126 102
2 1 1011 -191.4500 203.8600 2 2675 -44.3600 234.3100
-5.0670185825e-02 4.5388626469e-01 -4.9332668673e+00
103 85 68
2 1 1013 -20.8700 202.0500 2 2710 148.4700 198.8800
-3.0229302939e-02 4.4786056089e-01 -4.9135517431e+00
75 53 36
2 1 1017 -11.2800 200.2800 2 2714 159.9400 194.2000
-4.1717863866e-01 4.1948780808e-01 -4.9533036366e+00
116 88 68
2 1 1031 -187.9500 187.3100 2 2699 -41.4400 212.9500
-4.1494673253e-01 3.8811822652e-01 -4.9284859121e+00
114 82 59
2 1 1043 -187.5800 174.1600 2 1779 -42.0200 196.9300
-3.7889824316e-01 3.6434940952e-01 -4.8829491438e+00
172 146 123
2 1 1054 -172.0200 165.2300 2 2721 -23.6100 181.7600
-3.5140480730e-01 3.1001581413e-01 -4.8212076641e+00
164 140 114
2 1 1088 -160.4200 142.6500 2 2751 -11.3400 150.9300
5.3026621868e-01 3.6807066508e-01 -5.5167134274e+00
115 95 67
2 1 1092 207.8900 139.0300 2 2802 350.5700 111.0900
5.6489022674e-02 2.9402000861e-01 -4.7293115577e+00
170 117 66
2 1 1094 33.0500 137.2400 2 2812 207.6900 105.6500
5.6489022674e-02 2.9402000861e-01 -4.7293115577e+00
170 117 66
2 1 1095 33.0500 137.2400 2 2813 207.6900 105.6500
-1.6686742641e-01 2.7490486748e-01 -4.6424143270e+00
87 70 54
2 1 1106 -73.8600 132.4900 2 2798 95.0000 114.4000
4.1235673896e-01 3.3383072758e-01 -5.5826063610e+00
134 115 85
2 1 1118 157.7700 123.7300 2 2814 289.5600 105.0700
-2.6390457799e-01 2.4938678441e-01 -4.7040943027e+00
166 118 78
2 1 1126 -120.5200 118.2300 2 2805 35.8700 109.9300
3.6693348053e-01 3.1764666157e-01 -5.6184088237e+00
73 59 42
2 1 1129 138.5400 116.7400 2 429 265.0100 101.3700
9.7542914515e-02 2.3340550586e-01 -4.6532632814e+00
81 49 29
2 1 1140 55.0000 110.9400 2 2864 231.7100 68.1100
4.2383438431e-01 3.0074267609e-01 -5.5729890065e+00
95 77 52
2 1 1142 162.8600 110.9700 2 2837 292.7500 89.5800
4.2383438431e-01 3.0074267609e-01 -5.5729890065e+00
95 77 52
2 1 1143 162.8600 110.9700 2 2838 292.7500 89.5800
-3.6822654531e-01 2.2146386428e-01 -4.7669185388e+00
172 116 68
2 1 1158 -169.6700 102.7100 2 2811 -25.5300 105.3700
4.8649176218e-01 2.2848234852e-01 -5.4863763928e+00
133 104 70
2 1 1189 192.2000 84.0200 2 2028 323.4300 51.8500
-1.4940084896e-01 1.5827271677e-01 -4.5485979558e+00
101 75 58
2 1 1200 -64.8600 78.5300 2 2883 100.4300 46.2600
1.7270922594e-01 1.5800731345e-01 -4.5754115361e+00
74 41 19
2 1 1208 94.8000 76.4200 2 2081 273.7200 17.9300
-8.8447865660e-02 1.1117328250e-01 -4.4516948708e+00
122 93 68
2 1 1227 -33.3900 57.2000 2 2912 138.2200 10.7500
-3.2171574752e-01 4.2037782835e-02 -4.6025912249e+00
92 70 51
2 1 1272 -150.6800 19.1800 2 2103 -8.8700 0.0900
-3.2171574752e-01 4.2037782835e-02 -4.6025912249e+00
92 70 51
2 1 1273 -150.6800 19.1800 2 2104 -8.8700 0.0900
5.4699440848e-01 5.5152639229e-02 -5.3379656166e+00
36 26 16
2 1 1279 225.7600 15.5400 2 2157 352.9800 -35.1000
-3.1201102320e-01 -8.1949253292e-03 -4.5540058652e+00
123 106 79
2 1 1302 -146.7100 -5.2200 2 2151 -5.7900 -30.8000
-2.5973060995e-01 -8.1960341569e-03 -4.5188474273e+00
186 145 100
2 1 1303 -120.7000 -4.6900 2 2953 25.1800 -37.5400
-2.9333688133e-01 -3.5185394737e-02 -4.5209839243e+00
243 221 179
2 1 1324 -137.9100 -18.6700 2 2964 3.8800 -49.2000
-2.5134122094e-01 -6.1065666004e-02 -4.4830869496e+00
110 84 52
2 1 1337 -117.1000 -31.7700 2 2215 27.2300 -69.6900
5.6748933162e-02 -7.0842998423e-02 -4.1758405673e+00
130 104 87
2 1 1341 49.5600 -35.9800 2 3037 234.0700 -126.5100
-2.3798425210e-01 -9.0629829931e-02 -4.4511843532e+00
117 86 48
2 1 1362 -110.6300 -46.9900 2 2248 33.9700 -89.6100
-2.9707416464e-01 -1.0259006373e-01 -4.5075349662e+00
90 67 46
2 1 1379 -140.2200 -53.1100 2 3521 -3.8400 -87.2000
-2.2069537991e-01 -1.2593619443e-01 -4.4140600562e+00
102 73 66
2 1 1395 -102.0400 -65.4500 2 3021 42.8300 -113.8900
-2.0656913549e-01 -1.4205232415e-01 -4.3949295995e+00
147 121 93
2 1 1408 -95.0400 -74.3800 2 3035 50.9100 -125.5700
-1.0092731889e-02 -1.9714586437e-01 -4.1624323785e+00
180 121 87
2 1 1445 13.2500 -105.7600 2 3079 181.4500 -198.3300
1.1609628742e-01 -2.1239307553e-01 -3.9032368995e+00
30 20 18
2 1 1456 95.0100 -119.3600 2 3124 293.4500 -250.2800
1.1609628742e-01 -2.1239307553e-01 -3.9032368995e+00
30 20 18
2 1 1457 95.0100 -119.3600 2 3125 293.4500 -250.2800
-1.4434277470e-01 -2.8807483603e-01 -4.2386953511e+00
92 71 47
2 1 1487 -62.0700 -155.1500 2 3105 84.3100 -231.6000
2.8265696741e-01 7.0431290526e-01 -5.7942289104e+00
58 46 30
2 1 1588 98.7200 258.3000 2 3300 243.9900 273.0600
2.3799981105e-01 6.8184623285e-01 -5.7582829119e+00
85 77 66
2 1 1592 83.0800 252.4900 2 3302 226.4600 267.0600
-2.6741309177e-01 5.3439196159e-01 -4.9284438564e+00
83 66 46
2 1 1597 -120.1500 240.0300 2 2649 46.6200 259.5300
1.0730232161e-01 6.2303647192e-01 -5.7732606202e+00
166 147 123
2 1 1602 32.4900 229.2200 2 2661 166.2400 251.5300
-3.9331046797e-01 3.9272883178e-01 -4.9233135980e+00
170 146 122
2 1 1630 -177.8400 176.2700 2 3341 -30.2100 197.5600
-3.8390119785e-01 3.5411301022e-01 -4.8779094566e+00
108 82 58
2 1 1642 -174.4600 160.7400 2 2729 -26.8800 176.9100
3.2148638835e-01 3.8761587931e-01 -5.5995287029e+00
81 73 62
2 1 1655 120.9200 144.4700 2 3375 253.3700 135.4800
1.0677476899e-01 2.1845930870e-01 -4.6371963733e+00
72 51 41
2 1 1687 59.9900 104.1700 2 3428 237.0100 58.8400
1.0677476899e-01 2.1845930870e-01 -4.6371963733e+00
72 51 41
2 1 1688 59.9900 104.1700 2 3429 237.0100 58.8400
1.2777897716e-01 1.8266947957e-01 -4.5898905407e+00
91 55 29
2 1 1708 71.9100 88.1200 2 3441 250.2600 36.1200
-3.5743582516e-01 1.1873991140e-01 -4.6828466755e+00
87 69 48
2 1 1722 -166.5400 55.4000 2 3434 -25.1200 47.8400
1.7520311527e-01 1.0271418859e-01 -4.4933252382e+00
105 64 44
2 1 1725 99.5200 50.8600 2 3468 279.9600 -16.2600
-3.2226278828e-01 6.6317373127e-02 -4.6226647085e+00
211 156 109
2 1 1743 -150.4900 30.9800 2 3452 -8.0000 14.1400
-3.2226278828e-01 6.6317373127e-02 -4.6226647085e+00
211 156 109
2 1 1744 -150.4900 30.9800 2 3453 -8.0000 14.1400
-3.3212870129e-01 6.5121192429e-02 -4.6313840946e+00
110 79 48
2 1 1746 -155.2000 30.2400 2 2905 -13.9400 14.7100
2.1322494880e-01 4.4077072213e-02 -4.4169953607e+00
94 51 23
2 1 1755 122.5700 22.4500 2 3502 305.2400 -56.8400
-2.6950762613e-01 -4.7732310187e-03 -4.5424249984e+00
217 205 166
2 1 1781 -125.5100 -3.4700 2 3483 18.8100 -33.3100
-3.6456761072e-01 -2.8741103606e-02 -4.6493172323e+00
93 57 31
2 1 1792 -171.1700 -16.6700 2 2948 -40.8900 -32.2500
-2.4405538667e-01 -3.8158345452e-02 -4.4825654108e+00
197 146 99
2 1 1795 -113.1100 -19.6200 2 3503 33.3200 -57.8200
-3.3904811244e-01 -8.2648184396e-02 -4.5950369679e+00
74 43 24
2 1 1807 -159.9400 -43.4100 2 2978 -29.3900 -66.6400
-3.3904811244e-01 -8.2648184396e-02 -4.5950369679e+00
74 43 24
2 1 1808 -159.9400 -43.4100 2 2979 -29.3900 -66.6400
-4.9426730487e-01 -8.7970038117e-02 -4.5693924043e+00
143 119 78
2 1 1813 -239.0400 -46.7500 2 3800 -114.3900 -56.5800
-2.5225538395e-01 -1.2140110392e-01 -4.4283120911e+00
211 182 144
2 1 1822 -118.2700 -62.9600 2 3011 24.2800 -107.4100
1.2153740316e-01 -2.2138977536e-01 -3.8924387668e+00
26 24 18
2 1 1864 98.8200 -124.9600 2 3612 297.6100 -258.1600
1.4992689328e-01 -3.3943871706e-01 -4.2175778486e+00
133 101 62
2 1 1903 99.2600 -183.0000 2 3257 255.3200 -292.6200
-2.2207008204e-01 5.2818183696e-01 -4.8814160248e+00
74 59 50
2 1 1967 -99.7700 239.7500 2 3691 72.4500 253.4800
-5.0822623605e-01 4.9234454039e-01 -5.0743621727e+00
141 127 105
2 1 1977 -225.6700 213.7600 2 3690 -85.1300 256.0100
2.7685846665e-01 5.7328789671e-01 -5.8662189506e+00
86 77 67
2 1 1985 94.8000 205.8100 2 3330 224.7600 216.4700
-4.4063957011e-01 3.8643930638e-01 -4.9389409830e+00
102 67 51
2 1 1993 -199.2300 172.7800 2 3340 -55.5900 198.4200
-4.5145612284e-01 3.7949449383e-01 -4.9448577856e+00
138 122 94
2 1 1996 -204.0300 169.3500 2 3705 -61.9400 195.7700
5.3791545174e-02 3.0817418632e-01 -4.7451971298e+00
78 54 41
2 1 2013 31.2800 143.1600 2 3384 206.0800 113.7200
-2.9964589262e-01 1.8519662577e-01 -4.6965127725e+00
135 102 77
2 1 2033 -138.1500 87.1600 2 3736 11.4300 78.7900
-2.1988007407e-01 4.6765755034e-02 -4.5363711708e+00
213 192 160
2 1 2066 -100.4500 22.6700 2 3776 51.6300 -9.5700
-2.0789921931e-01 4.3779628121e-02 -4.5136158030e+00
149 105 73
2 1 2068 -94.5900 21.4300 2 3778 59.6600 -13.2900
-2.8449788570e-01 2.5150344725e-02 -4.5669138587e+00
234 220 176
2 1 2073 -132.5900 11.4500 2 3780 11.8300 -14.3100
-2.7637886316e-01 8.0408479100e-03 -4.5597381986e+00
226 211 169
2 1 2079 -128.7500 2.7500 2 3480 15.2300 -24.6900
-2.6617471972e-01 -5.2481070392e-02 -4.4973151485e+00
211 162 99
2 1 2097 -124.5700 -27.5500 2 3506 18.9300 -62.5600
-2.3321999018e-01 -7.9770590014e-02 -4.4689273960e+00
204 183 146
2 1 2101 -108.0400 -41.4600 2 3517 36.6000 -82.6900
-2.5063471677e-01 -8.3491713602e-02 -4.4622279479e+00
221 167 106
2 1 2107 -117.0100 -43.2800 2 3518 26.7800 -83.7000
-2.2561041880e-01 -1.3555806612e-01 -4.4063309447e+00
217 161 101
2 1 2118 -104.6900 -70.5500 2 3817 39.6100 -119.5000
-2.2218430567e-01 -1.8895742093e-01 -4.3661686645e+00
140 113 88
2 1 2135 -103.2800 -99.0400 2 3549 38.9900 -153.7900
-1.9112680545e-01 -2.0675349109e-01 -4.3316770607e+00
195 144 87
2 1 2141 -87.0100 -108.9300 2 3830 57.6400 -170.0900
-4.9210850608e-01 4.9164635506e-01 -5.0609839495e+00
91 66 43
2 1 2216 -218.9000 214.1300 2 3884 -76.7400 254.5300
4.5740456923e-01 4.7076932325e-01 -5.6455232267e+00
85 67 44
2 1 2228 172.5300 175.3800 2 3891 313.0800 161.5300
-1.9328744506e-01 3.2605212820e-01 -4.7193253342e+00
126 108 86
2 1 2232 -86.5500 153.9600 2 3895 79.8800 145.0900
2.9298024782e-01 3.8709574647e-01 -5.5981512168e+00
87 74 66
2 1 2235 109.7400 144.4700 2 3899 241.1800 137.2700
2.9298024782e-01 3.8709574647e-01 -5.5981512168e+00
87 74 66
2 1 2236 109.7400 144.4700 2 3900 241.1800 137.2700
-3.1893624360e-01 -7.1477110823e-02 -4.5689520216e+00
82 57 40
2 1 2297 -150.2900 -37.6300 2 4014 -16.0900 -63.9500
-1.5549825467e-01 -3.3541204801e-01 -4.1998744270e+00
130 112 92
2 1 2329 -68.1900 -182.5800 2 3853 75.9300 -263.4000
-5.6762776636e-01 4.8567820508e-01 -5.1408696114e+00
78 60 48
2 1 2352 -250.0000 206.7600 2 3983 -116.4200 256.9500
3.5750104364e-01 3.2444590214e-01 -5.6245984565e+00
128 99 65
2 1 2359 133.9500 118.0800 2 3906 261.6700 106.0000
5.6740804438e-01 3.0167728135e-01 -5.4849754055e+00
102 86 59
2 1 2361 225.1800 114.0700 2 3997 364.4700 77.8900
3.9521092098e-01 2.6801714506e-01 -5.5844185584e+00
138 114 80
2 1 2364 150.7500 97.1800 2 3737 277.0300 77.9700
-3.5793076224e-01 -1.9272846108e-03 -4.6518530772e+00
125 100 78
2 1 2381 -167.7500 -3.4000 2 4008 -34.9800 -18.2800
-3.3570001591e-01 -3.9880841136e-02 -4.5820379017e+00
107 81 59
2 1 2383 -157.8000 -20.8500 2 4012 -23.6600 -45.0900
2.6751903987e-01 7.1445693649e-01 -5.7775620195e+00
186 164 140
2 1 2428 93.7900 263.8300 2 3882 239.5900 278.3600
-4.7117014072e-01 4.5855215200e-01 -5.0210891579e+00
103 76 47
2 1 2432 -210.8400 201.2100 2 4047 -67.6300 236.9500
-4.2110431675e-01 3.5088202892e-01 -4.9041478412e+00
118 88 63
2 1 2433 -191.0200 158.2700 2 3988 -47.5300 178.3700
4.8264064336e-01 3.9009689363e-01 -5.5580531671e+00
164 134 97
2 1 2434 186.8400 146.8600 2 3992 326.8600 124.3000
4.8681431425e-01 2.1847909506e-01 -5.4906352690e+00
128 104 68
2 1 2443 192.4400 80.4700 2 4058 321.9000 47.0100
3.3345735557e-01 6.7775283550e-01 -5.7881805821e+00
29 25 16
2 1 2484 118.2500 248.2300 2 4044 263.6100 258.2800
3.3345735557e-01 6.7775283550e-01 -5.7881805821e+00
29 25 16
2 1 2485 118.2500 248.2300 2 4045 263.6100 258.2800
-4.0567267929e-01 4.6127221029e-01 -4.9624938215e+00
104 76 54
2 1 2487 -182.5500 205.6800 2 4087 -32.2200 233.3000
5.2785926490e-01 3.3330060344e-01 -5.5098318181e+00
142 117 82
2 1 2490 207.6000 125.7800 2 4055 347.1700 95.4300
5.1268846229e-01 1.4598186542e-01 -5.4314370624e+00
76 62 45
2 1 2494 205.8200 51.3800 2 4061 334.4900 11.9600
-3.0712330813e-01 1.3068510939e-02 -4.5709357014e+00
123 92 72
2 1 2498 -143.8300 5.4400 2 4092 -2.0900 -18.8000
-4.2315268843e-01 4.3014593900e-01 -4.9684126497e+00
127 100 73
2 1 2522 -190.3900 191.2200 2 4111 -44.0400 218.8800
4.0245600547e-01 4.2919015135e-01 -5.6219537652e+00
70 55 44
2 1 2523 152.0600 160.1200 2 4116 288.8900 147.5100
-3.6293123663e-01 3.1265905957e-01 -4.8399443034e+00
121 89 56
2 1 2524 -165.5300 142.9800 2 4115 -17.9300 153.5000
