# Bundle file v0.3
3 474
1.8732476266e+03 1.3595154810e-01 7.2296291911e-03
9.9941916748e-01 1.3675386541e-02 -3.1213962871e-02
-1.3183389437e-02 9.9978645113e-01 1.5913842267e-02
3.1424925109e-02 -1.5493093161e-02 9.9938603059e-01
-9.4033077380e-02 5.1677182675e-02 3.6641188938e-01
1.2805476983e+05 8.9588527516e-04 -2.7723076504e-19
-9.6875634171e-01 -1.1455110584e-01 2.1997544079e-01
6.3060308012e-02 -9.7156429072e-01 -2.2822407093e-01
2.3986360281e-01 -2.0722179699e-01 9.4843269603e-01
7.1645038335e-01 -7.9248423739e-01 2.1988453168e+02
1.8983596827e+03 3.5026525448e-01 6.6062428679e-03
9.9234205341e-01 -3.2662392031e-02 -1.1912353746e-01
6.2395139994e-02 9.6486831337e-01 2.5521752363e-01
1.0660251186e-01 -2.6069581126e-01 9.5951737788e-01
-4.0880895502e-01 8.2261790206e-01 1.0493601208e-01
5.1752957723e-01 4.3102600637e-01 -3.1861563709e+00
75 67 54
3 0 45 355.9700 284.1900 2 12 300.8900 292.9200 1 55 316.2400 268.9400
5.5706796235e-01 3.8710517903e-01 -3.2291863992e+00
48 41 30
3 0 93 377.3800 250.3800 2 1094 327.2100 258.4300 1 129 341.7500 235.7300
2.5653807054e-02 3.1365956930e-01 -2.9378479279e+00
135 101 76
2 0 112 19.4100 231.8200 2 82 -29.0900 258.2600
1.3804646611e-02 2.9511287923e-01 -2.9401370174e+00
134 102 79
3 0 134 11.0600 218.1000 2 103 -35.9100 244.1800 1 108 -14.4100 241.5300
2.9982487556e-01 3.0361347846e-01 -3.0034677862e+00
113 83 62
3 0 139 217.7600 215.7300 2 96 158.9900 248.8500 1 144 159.7400 227.7500
2.9541564494e-01 2.8645928084e-01 -3.0060516329e+00
118 80 67
3 0 156 214.0300 203.3200 2 113 156.7600 237.1700 1 160 156.4400 217.4300
2.8354561343e-01 2.3060465099e-01 -3.0164687391e+00
78 48 30
3 0 214 204.0800 163.2100 2 148 151.0200 198.5700 1 205 147.1500 183.4700
3.1017675100e-02 2.1886864280e-01 -2.9571922260e+00
142 116 99
2 0 218 22.9300 161.2400 2 158 -22.0600 192.3300
2.8585620302e-01 2.1486340301e-01 -3.0223592543e+00
57 26 10
3 0 227 205.2200 151.3500 2 165 153.1700 187.1900 1 220 148.3400 173.8700
3.8102161691e-01 1.8038237610e-01 -3.1953825623e+00
85 73 61
3 0 276 258.6200 117.5600 2 217 222.4800 132.2700 1 312 221.8600 126.2300
-2.2860123653e-01 1.5161707836e-01 -2.9759211011e+00
78 42 20
2 0 278 -164.0900 113.5800 2 216 -192.9800 132.7200
4.3951057058e-01 1.7150139737e-01 -3.2167249470e+00
79 69 60
3 0 284 296.5200 110.4100 2 227 260.6800 125.1200 1 337 257.4600 116.0300
3.7337478379e-01 1.3644202688e-01 -3.2009245973e+00
48 36 26
3 0 331 252.4900 87.9900 2 269 219.2300 104.2700 1 391 215.3400 100.2300
-5.0368770204e-01 1.1343112554e-01 -3.2312010869e+00
104 100 91
2 0 358 -323.5900 78.4700 2 1298 -328.3300 47.4500
2.4881444275e-01 1.0589726920e-01 -3.0347784297e+00
175 127 79
3 0 372 176.9700 74.3600 2 249 132.2300 112.9600 1 356 121.2500 110.0700
5.1478719079e-01 1.1781444593e-01 -3.2370306795e+00
125 96 62
2 0 376 345.0400 73.3300 2 296 311.5400 91.6000
-9.1722308113e-02 9.6266928193e-02 -2.9915858152e+00
144 123 113
2 0 378 -65.3600 72.2400 2 280 -99.0900 99.5400
2.5775617346e-01 1.0199529862e-01 -3.0427835799e+00
49 23 10
3 0 381 183.0900 71.3700 2 257 138.6400 109.0000 1 371 127.0000 106.4800
4.4027240540e-01 1.1150196550e-01 -3.2412824614e+00
141 121 92
2 0 386 294.7300 69.4600 2 310 262.9200 83.5500
2.5238371487e-01 8.1135546625e-02 -3.0439120921e+00
40 29 11
3 0 415 178.9000 56.9100 2 286 135.7900 95.6700 1 413 122.6600 93.6400
2.5187450453e-01 8.0669953603e-02 -3.0371504538e+00
40 29 11
2 0 416 178.9000 56.9100 2 287 135.7900 95.6700
4.6836970935e-01 7.0546102553e-02 -3.2482412025e+00
128 102 68
3 0 441 312.3300 42.3900 2 362 283.2000 58.7900 1 520 271.3800 52.6100
-9.5693976143e-02 5.4219521951e-02 -2.9983351602e+00
136 103 69
2 0 444 -68.3900 42.0800 2 329 -100.2800 70.7600
-1.0432350595e-01 3.4044673911e-02 -3.0021344487e+00
150 123 121
2 0 470 -74.4100 27.7700 2 364 -105.4900 56.4600
2.4098105366e-01 3.7839027916e-02 -3.0472196926e+00
41 23 10
2 0 473 170.3400 26.6100 2 1276 130.1900 65.3900
5.6513087745e-01 4.7957144168e-02 -3.2587042250e+00
159 136 99
3 0 474 376.4100 25.9100 2 1301 346.4500 47.4600 1 559 327.3600 34.9200
4.5584184277e-01 3.2872228629e-02 -3.2534118821e+00
146 116 80
3 0 490 303.4000 17.9000 2 1317 276.6500 33.8400 1 577 262.1400 30.8700
2.2961424815e-01 2.1791614718e-02 -3.0488132229e+00
67 36 10
2 0 497 162.1400 15.4300 2 371 123.0300 54.1300
5.5829478109e-01 2.8225611942e-02 -3.2590579753e+00
170 145 99
3 0 504 371.4400 12.8600 2 394 343.0200 35.0700 1 599 322.2400 23.7900
-1.0977150059e-01 -1.2346087306e-02 -3.0127111962e+00
140 102 76
2 0 538 -78.1200 -5.2000 2 416 -107.3900 23.9300
-3.9944203807e-01 -1.8173934706e-02 -3.0841066106e+00
172 138 87
2 0 544 -273.9500 -7.2400 2 472 -288.8500 -4.4500
-3.3474392063e-01 -2.4655148122e-02 -3.0271485070e+00
154 130 96
3 0 553 -235.1100 -11.6000 2 456 -255.5700 4.1000 1 508 -224.0100 57.6700
3.3058878291e-01 -1.8751834038e-02 -3.2377203821e+00
41 28 19
2 0 565 220.7700 -15.2800 2 468 197.1800 -0.4900
5.4251200136e-01 -2.1748967920e-02 -3.2671956883e+00
57 40 29
3 0 580 359.6200 -19.5600 2 462 335.0500 1.9200 1 650 310.6800 -5.5800
1.9571543339e-01 -5.6584532283e-02 -3.0561522488e+00
153 96 63
2 0 625 137.4200 -39.1700 2 466 102.7800 0.0800
5.4457589935e-01 -6.1684617439e-02 -3.2681181854e+00
96 77 47
2 0 637 361.2000 -44.8800 2 1403 338.5400 -24.4400
2.0553559846e-01 -6.5576887283e-02 -3.0686309632e+00
140 96 61
3 0 639 143.8300 -45.6100 2 474 109.9100 -6.6300 1 628 88.9500 8.1600
-1.1867645041e-01 -7.1628647568e-02 -3.0246344631e+00
227 176 149
2 0 641 -84.3200 -46.9800 2 498 -111.3100 -17.4700
-1.1115271096e-01 -7.3018373907e-02 -3.0243838721e+00
218 172 146
2 0 642 -79.0700 -48.0400 2 501 -106.2400 -18.0200
2.0395840894e-01 -7.1724964973e-02 -3.0647247173e+00
156 108 72
2 0 646 142.9000 -49.7500 2 482 109.1700 -11.0300
4.0638579308e-01 -8.4461768429e-02 -3.2652933220e+00
135 111 77
3 0 663 268.9500 -58.2400 2 551 249.5300 -42.9500 1 715 227.2600 -36.2800
4.6371004195e-01 -9.0023041687e-02 -3.2722090086e+00
101 76 45
2 0 673 306.2200 -62.8500 2 558 286.9400 -45.5000
5.2731277616e-01 -9.1249534037e-02 -3.2696820998e+00
172 150 110
2 0 676 349.0900 -64.1200 2 552 328.8000 -43.8100
3.8281560873e-01 -9.7540641212e-02 -3.2741007511e+00
125 106 79
2 0 680 252.6100 -66.9900 2 577 234.3900 -53.3500
3.9727895883e-01 -1.0085721588e-01 -3.2758936179e+00
119 95 68
2 0 688 261.7600 -69.3300 2 581 244.1600 -55.0800
-1.7888599537e-01 -1.2720960444e-01 -3.0400822528e+00
221 175 129
2 0 717 -126.0200 -85.2100 2 593 -149.5300 -59.2400
-6.7341838982e-02 -1.2839673375e-01 -3.0268011554e+00
173 140 122
2 0 724 -48.5700 -87.4600 2 576 -75.7500 -53.3300
3.2681554284e-01 -1.3725964727e-01 -3.2537595218e+00
30 19 13
3 0 732 216.7200 -92.1600 2 1476 200.0600 -78.2800 1 1524 176.6100 -60.9400
5.0779974634e-01 -1.3923404430e-01 -3.2773678587e+00
159 135 108
2 0 742 335.0800 -95.1100 2 630 318.1400 -75.9800
1.7122900218e-01 -1.4021225884e-01 -3.0741371485e+00
95 51 30
2 0 745 119.2100 -96.9700 2 595 89.5600 -59.0800
-1.5490552872e-01 -1.4521284498e-01 -3.0414645081e+00
237 198 152
2 0 747 -109.2800 -98.0200 2 615 -133.1400 -70.4300
-1.7495857274e-01 -1.5092789415e-01 -3.0452834424e+00
98 64 33
2 0 754 -123.1100 -101.7300 2 628 -146.1000 -75.6200
2.8616755799e-01 -1.6288804195e-01 -3.2608045320e+00
48 38 29
2 0 769 189.4500 -108.8500 2 664 174.1200 -95.9600
-1.2901537437e-01 -1.7677669389e-01 -3.0485917774e+00
117 86 72
3 0 799 -90.8800 -120.0200 2 1485 -114.3900 -91.4100 1 718 -113.1800 -39.6800
-1.6067360255e-01 -1.8174977977e-01 -3.0457849949e+00
206 165 128
2 0 806 -113.5900 -123.5100 2 663 -136.0200 -95.6000
1.8350620714e-01 -1.8689255357e-01 -3.0931116525e+00
55 35 29
2 0 814 127.0700 -128.8600 2 657 100.1800 -92.5100
-1.7186128277e-01 -1.9891056665e-01 -3.0529590501e+00
203 169 125
2 0 824 -120.9600 -135.1000 2 688 -142.6700 -108.6000
-1.5330483050e-01 -2.0770220985e-01 -3.0542512164e+00
157 136 119
2 0 834 -107.9400 -141.3500 2 698 -130.0200 -113.9600
-2.2465200830e-01 -2.1068103084e-01 -3.0631559645e+00
149 126 96
2 0 837 -156.9800 -142.3600 2 703 -176.8600 -120.0300
-2.2043308123e-01 -2.1772458985e-01 -3.0607076536e+00
142 107 67
2 0 848 -154.4500 -147.4600 2 717 -174.2200 -124.2100
-1.8789427937e-01 -2.1773029560e-01 -3.0591619488e+00
112 85 44
2 0 851 -131.7300 -147.7800 2 710 -152.7200 -122.7700
1.6282668642e-01 -2.3487962702e-01 -3.1011567634e+00
129 87 53
3 0 875 112.3200 -161.6300 2 719 87.6700 -125.6700 1 800 57.2100 -91.4900
1.6274886777e-01 -2.3476035155e-01 -3.0955116964e+00
129 87 53
2 0 876 112.3200 -161.6300 2 720 87.6700 -125.6700
1.6122867641e-01 -2.3979183005e-01 -3.1020766701e+00
134 91 46
3 0 880 111.0600 -165.0400 2 726 86.8200 -129.0700 1 807 56.1600 -94.3700
1.6910033085e-01 -2.4395072171e-01 -3.1090252973e+00
65 36 16
3 0 883 116.4300 -167.5500 2 729 92.6500 -132.7100 1 813 61.1800 -97.8300
1.6910033085e-01 -2.4395072171e-01 -3.1090252973e+00
65 36 16
3 0 884 116.4300 -167.5500 2 730 92.6500 -132.7100 1 814 61.1800 -97.8300
-1.6113808276e-01 -2.6335939756e-01 -3.0645842241e+00
131 108 89
2 0 905 -113.3600 -179.6700 2 760 -133.5700 -153.1400
1.5049770617e-01 -2.6952884542e-01 -3.1043481605e+00
75 40 20
2 0 915 103.6300 -184.9900 2 757 80.6900 -150.7600
-1.6661204634e-01 -2.7218919775e-01 -3.0661635100e+00
154 129 109
2 0 916 -117.1000 -185.6700 2 769 -137.0700 -159.5600
-1.6790447498e-01 -2.8056506585e-01 -3.0703898496e+00
151 123 102
2 0 924 -117.6300 -191.1900 2 782 -137.5300 -165.8700
1.5706888952e-01 -2.9063125795e-01 -3.1132547567e+00
60 36 6
3 0 944 107.3700 -199.7100 2 1546 86.1300 -165.0200 1 852 52.1800 -124.4700
1.3327045565e-01 -2.9202023167e-01 -3.1014076146e+00
109 60 29
2 0 945 91.3900 -200.5800 2 783 69.6900 -166.1700
1.4720775939e-01 -2.9905785371e-01 -3.1126465085e+00
137 98 63
3 0 952 100.8400 -205.1600 2 790 79.6200 -171.2000 1 860 45.5700 -128.9200
1.3849099522e-01 -3.0262387133e-01 -3.1043320785e+00
153 98 57
2 0 956 94.8500 -207.8000 2 795 73.7700 -173.5400
-2.3436057611e-01 -3.3086993137e-01 -3.0787385062e+00
116 85 54
2 0 994 -163.7600 -225.0700 2 861 -181.0800 -203.7300
1.3768224423e-01 -3.3470762708e-01 -3.1182345950e+00
127 85 57
3 0 1000 93.8000 -229.3900 2 847 74.5300 -196.3100 1 907 38.6300 -149.7500
6.6903605833e-03 -3.3241239541e-01 -3.0640325566e+00
114 96 74
3 0 1004 3.1400 -230.0100 2 836 -19.2900 -193.6300 1 881 -43.1000 -136.1700
3.5268323901e-01 -3.5615715553e-01 -3.3433676602e+00
53 44 35
2 0 1005 227.0100 -230.5100 2 896 226.9400 -226.9600
1.9187733104e-02 -3.4469704121e-01 -3.0607045172e+00
131 106 91
2 0 1019 11.7000 -238.7600 2 858 -10.2000 -201.8600
-2.7584229466e-02 -3.4681626219e-01 -3.0683262791e+00
106 89 73
2 0 1020 -20.6800 -239.0700 2 865 -41.7100 -205.8700
-2.2920535165e-02 -3.4641772683e-01 -3.0611650397e+00
140 112 89
2 0 1023 -17.8000 -239.4600 2 863 -39.0400 -204.6000
-1.8365236033e-01 -3.5603810348e-01 -3.0839060844e+00
141 120 91
2 0 1028 -128.4900 -242.6700 2 887 -146.0200 -219.6200
2.3133347052e-03 -3.5394081570e-01 -3.0645497452e+00
120 99 72
2 0 1033 -0.0100 -244.7200 2 870 -21.3800 -209.3400
-1.8689347422e-01 -3.7048494121e-01 -3.0889336620e+00
135 117 94
2 0 1043 -130.4800 -252.2600 2 900 -147.5600 -230.2400
3.8304834754e-01 -3.8850301969e-01 -3.3195984731e+00
62 53 44
2 0 1044 249.0400 -253.0400 2 929 247.4100 -245.7100
-3.9151370581e-01 -3.8841610627e-01 -3.0994783872e+00
152 118 73
2 0 1065 -270.7800 -261.9500 2 940 -284.7400 -251.8600
-1.6749894285e-02 -3.8090595506e-01 -3.0668816007e+00
114 88 65
2 0 1071 -13.6700 -263.2900 2 898 -33.6200 -229.0300
-2.2215406983e-01 -3.8949093637e-01 -3.0899273561e+00
92 63 32
2 0 1073 -155.1800 -265.1100 2 927 -171.1200 -244.8000
-1.9060657434e-01 -3.8954596131e-01 -3.0912747006e+00
148 128 103
2 0 1074 -133.1100 -265.2800 2 923 -149.6900 -243.8100
2.0269675846e-01 -4.0982544101e-01 -3.2854086045e+00
37 24 9
2 0 1078 133.4600 -267.1600 2 2033 128.7800 -261.5500
-1.1637888538e-01 -3.9134148232e-01 -3.0806577102e+00
154 125 93
2 0 1084 -82.5100 -268.2600 2 917 -100.3700 -241.2600
4.1212375860e-01 -4.1560514878e-01 -3.3123033472e+00
63 53 34
2 0 1090 268.4100 -271.5600 2 965 268.2100 -262.4400
-1.7953671078e-01 -4.0838045494e-01 -3.0873410092e+00
187 145 112
3 0 1104 -126.5300 -278.9800 2 951 -142.5600 -256.6500 1 944 -151.5500 -174.9300
4.0781261233e-01 -4.3034140513e-01 -3.3183446270e+00
64 51 27
3 0 1109 265.1300 -280.8000 2 991 265.8100 -272.6700 1 1044 212.3700 -241.2500
4.0781261233e-01 -4.3034140513e-01 -3.3183446270e+00
64 51 27
3 0 1110 265.1300 -280.8000 2 992 265.8100 -272.6700 1 1045 212.3700 -241.2500
-1.8187493236e-01 -4.1449082103e-01 -3.0928799526e+00
192 143 106
2 0 1116 -127.3100 -282.5900 2 962 -143.4000 -260.9900
4.1202142925e-01 -4.3490522697e-01 -3.3183635037e+00
126 111 88
2 0 1117 267.9200 -283.5300 2 1002 269.0700 -275.8800
-3.9495430414e-01 -4.2807931738e-01 -3.0997218285e+00
195 158 116
2 0 1123 -274.0000 -289.5100 2 1007 -287.3100 -279.5500
1.1419303451e-01 -4.3065950572e-01 -3.1349250350e+00
131 87 52
3 0 1128 76.8800 -293.7400 2 1622 62.1300 -265.4300 1 984 21.2100 -205.6300
-7.2236673941e-02 3.5525902035e-01 -2.9380813449e+00
144 116 95
3 0 1175 -50.6300 263.0400 2 42 -94.6900 278.6500 1 25 -60.9600 279.7500
5.5161326294e-01 4.0123491554e-01 -3.2258877002e+00
85 75 65
3 0 1178 374.1000 259.9600 2 1077 323.3300 267.4100 1 1136 339.1500 244.6400
5.6174122613e-01 4.0138003500e-01 -3.2248535082e+00
83 74 67
3 0 1179 381.1000 259.9300 2 1076 329.8100 268.5000 1 101 344.9700 244.5700
-7.3713188080e-02 3.4746556236e-01 -2.9394506172e+00
140 124 106
3 0 1184 -51.9900 257.1600 2 1069 -95.2200 273.3800 1 38 -62.0400 275.0200
4.1084726048e-01 3.8149228663e-01 -3.1621872806e+00
44 28 13
2 0 1191 284.0300 254.9900 2 1675 233.8700 263.4700
5.5175907329e-01 3.9149644990e-01 -3.2278276756e+00
82 75 65
3 0 1192 373.8000 253.3000 2 1092 323.7800 261.1900 1 1142 338.8600 238.6900
5.7162433909e-01 3.9118195349e-01 -3.2251667146e+00
94 85 78
3 0 1195 388.0100 253.4400 2 1088 336.3800 262.6900 1 125 349.9000 238.1200
5.7720035742e-01 3.9131822816e-01 -3.2245134912e+00
90 83 75
3 0 1196 391.6400 253.3600 2 77 340.3200 263.2700 1 124 353.0000 238.3700
-9.2619158505e-03 3.2759685387e-01 -2.9368748182e+00
172 131 101
3 0 1208 -5.4700 242.2500 2 1083 -52.2300 264.6900 1 63 -26.1100 261.6600
-4.2360880718e-02 3.1808794110e-01 -2.9406895819e+00
116 73 50
3 0 1216 -29.7100 235.3000 2 1095 -73.6700 256.0100 1 74 -45.3900 256.6100
4.1013291154e-01 3.5346907187e-01 -3.1730168329e+00
78 61 51
2 0 1221 282.4700 235.0100 2 1107 234.2500 243.7300
-8.5763179122e-02 2.7820043446e-01 -2.9479750435e+00
151 131 113
3 0 1244 -61.3000 205.9700 2 122 -101.4600 226.4800 1 130 -71.9300 234.1300
5.1470696376e-01 3.1877845744e-01 -3.2358009148e+00
70 59 53
2 0 1245 347.3400 206.1000 2 1131 302.5700 213.5200
3.0264001530e-01 2.7637832792e-01 -3.0134998599e+00
47 21 4
3 0 1267 218.7600 195.4300 2 1117 162.1100 229.1400 1 1177 160.8500 210.5000
-1.7732590225e-01 2.5651253791e-01 -2.9692824709e+00
107 74 54
2 0 1277 -127.1000 188.8300 2 1145 -160.3700 203.9000
5.2593532617e-01 2.8638365775e-01 -3.2405674946e+00
116 104 92
2 0 1284 353.6400 184.1700 2 1163 311.4900 193.7900
5.3101830431e-01 2.8628426019e-01 -3.2378515701e+00
73 61 50
2 0 1285 357.2600 184.2700 2 1162 314.9600 194.6500
4.7816784273e-01 1.9918290504e-01 -3.2424475732e+00
97 86 64
3 0 1353 320.1800 126.9000 2 1206 284.5300 138.6000 1 310 284.9400 127.1900
4.7816784273e-01 1.9918290504e-01 -3.2424475732e+00
97 86 64
3 0 1354 320.1800 126.9000 2 1207 284.5300 138.6000 1 311 284.9400 127.1900
2.6786716759e-01 1.7966824132e-01 -3.0228057603e+00
158 113 63
3 0 1355 192.0400 126.7900 2 1191 142.1900 163.5900 1 256 135.5700 153.9400
-2.5600828812e-01 1.6323548073e-01 -2.9453863638e+00
56 22 13
3 0 1358 -185.4400 124.7800 2 1202 -215.4000 145.6700 1 221 -178.0300 173.5000
3.8473608559e-01 1.7701582069e-01 -3.1964364503e+00
50 38 26
3 0 1366 261.2400 115.2700 2 221 224.7900 130.0600 1 317 223.9200 124.0800
3.8029760288e-01 1.7321141577e-01 -3.1969212143e+00
84 74 62
3 0 1371 258.0400 112.7600 2 1214 222.2400 127.4500 1 1253 221.1200 121.9600
3.7611473739e-01 1.4319790763e-01 -3.2046839700e+00
50 37 28
2 0 1397 254.5600 92.1100 2 263 220.2800 107.2900
-2.3495807349e-01 1.1717514444e-01 -2.9770353716e+00
69 39 24
3 0 1399 -168.3000 89.4400 2 1227 -196.1800 109.8800 1 280 -164.2700 142.2500
5.1210548418e-01 1.3729356248e-01 -3.2349720579e+00
69 51 40
2 0 1404 343.2400 86.1400 2 1233 309.3000 104.0000
3.6438443237e-01 1.2364441479e-01 -3.2105528328e+00
64 54 42
2 0 1417 245.9500 78.9100 2 293 213.5900 93.6900
-3.6858497837e-01 1.0287049850e-01 -3.0491342126e+00
156 117 74
2 0 1419 -255.9600 76.9900 2 314 -273.9100 80.3300
2.4046850522e-01 1.0705500948e-01 -3.0258382449e+00
172 126 70
2 0 1422 171.5800 76.0400 2 1221 126.7200 114.5500
2.4046850522e-01 1.0705500948e-01 -3.0258382449e+00
172 126 70
2 0 1423 171.5800 76.0400 2 1222 126.7200 114.5500
2.6003989350e-01 9.5930158362e-02 -3.0427596605e+00
149 117 88
3 0 1440 184.3900 66.7900 2 1232 140.4000 105.4800 1 1289 128.1800 102.9500
4.2623746997e-01 1.0213893106e-01 -3.2428871935e+00
72 52 35
3 0 1449 284.6000 63.4400 2 1265 254.8200 77.4100 1 1798 248.7200 73.0700
2.4427525721e-01 8.9136030639e-02 -3.0336202665e+00
129 89 71
2 0 1451 173.8800 63.1000 2 1235 130.0800 101.4600
4.7766780888e-01 1.0097331358e-01 -3.2416577655e+00
139 115 80
3 0 1453 319.3300 62.2800 2 1263 287.9000 79.3000 1 471 278.1100 70.6100
3.6229505791e-01 9.4336467670e-02 -3.2135914013e+00
46 31 24
2 0 1456 243.9700 59.3600 2 1778 213.4900 75.0800
4.8276442370e-01 9.1845550175e-02 -3.2453297598e+00
159 133 98
3 0 1462 322.6200 56.1700 2 1267 291.3400 72.8500 1 1361 280.8700 65.0400
4.3675475343e-01 7.7916093053e-02 -3.2467079706e+00
99 82 59
2 0 1481 291.2100 47.1200 2 1279 262.4400 62.0300
4.3675475343e-01 7.7916093053e-02 -3.2467079706e+00
99 82 59
2 0 1482 291.2100 47.1200 2 1280 262.4400 62.0300
2.1192052934e-01 6.0686072486e-02 -3.0390139680e+00
125 107 94
3 0 1486 150.1300 42.9200 2 312 109.0900 81.3500 1 442 97.4300 84.4400
2.4431172720e-01 5.0161953773e-02 -3.0523593423e+00
31 13 2
3 0 1491 172.7000 35.2300 2 1266 131.7400 73.4000 1 461 116.7600 75.0100
4.2719331081e-01 5.3085056447e-02 -3.2493190127e+00
72 51 33
3 0 1497 284.7000 31.5700 2 1304 257.3700 45.9800 1 543 246.4500 43.7700
5.5164923426e-01 5.3614592606e-02 -3.2553764239e+00
134 105 70
3 0 1500 367.7600 30.1900 2 1291 337.6300 50.8400 1 1424 319.2800 38.8700
5.5883590042e-01 4.8491045083e-02 -3.2564788550e+00
121 92 63
3 0 1507 372.2000 26.4100 2 376 342.6400 48.0100 1 557 323.4000 35.6400
5.6169913158e-01 4.2975071345e-02 -3.2569925616e+00
165 141 109
3 0 1515 374.2200 22.8400 2 1803 344.5700 44.7300 1 1854 324.7500 32.0700
2.1407624873e-01 2.5997291619e-02 -3.0458910463e+00
88 53 34
3 0 1522 151.2600 18.4600 2 1286 111.8600 57.5200 1 1364 97.1200 63.5300
-2.4684085866e-01 9.1789086011e-03 -3.0108938171e+00
20 10 4
3 0 1539 -174.4600 11.8100 2 1821 -199.1300 32.7900 1 459 -173.7900 75.7600
-4.8403453209e-01 1.1248123541e-02 -3.2278803835e+00
26 26 17
2 0 1540 -312.0300 11.6800 2 1380 -317.5300 -12.8700
3.3551797175e-01 1.8397867202e-02 -3.2317120033e+00
57 45 36
2 0 1546 224.5400 9.1000 2 1338 199.0100 23.7900
-3.9611710388e-01 3.2143519699e-03 -3.0812898620e+00
181 147 101
3 0 1550 -271.4900 7.7100 2 438 -286.7500 10.2800 1 477 -249.9700 68.6000
-3.5117884080e-01 -1.1046118651e-02 -3.0433435731e+00
170 139 96
3 0 1571 -244.6900 -2.0600 2 441 -263.8300 9.4200 1 488 -230.2700 63.9200
5.5044024058e-01 5.3065243138e-03 -3.2627447690e+00
186 157 115
3 0 1572 365.6300 -1.9700 2 1343 338.9600 19.7700 1 1455 316.5400 10.3800
-2.8747951308e-01 -2.0845306419e-02 -2.9892555423e+00
74 33 10
2 0 1586 -206.1300 -9.3800 2 1350 -230.3900 14.9800
2.2740760203e-01 -1.5314681933e-02 -3.0646103375e+00
37 23 14
3 0 1589 159.7500 -10.7400 2 1327 122.9100 27.6800 1 1432 104.3100 36.8300
-3.6306157834e-01 -3.0708689172e-02 -3.0565434061e+00
163 130 87
2 0 1596 -252.0300 -16.0100 2 473 -269.8900 -6.4200
5.2906879003e-01 -3.1080715543e-02 -3.2729532283e+00
44 20 11
3 0 1612 349.7200 -25.5600 2 1367 326.7700 -5.1800 1 1475 303.0400 -11.3600
-2.1857860004e-01 -4.4819961992e-02 -3.0413865337e+00
76 39 21
3 0 1614 -152.4400 -26.6500 2 1370 -175.8400 -6.5300 1 554 -157.2100 39.5400
5.4276026353e-01 -5.2979014952e-02 -3.2705691976e+00
166 143 110
3 0 1641 359.4300 -39.8100 2 1385 336.6100 -18.2200 1 1485 309.0600 -24.0600
1.9109253686e-01 -5.8681586372e-02 -3.0561865452e+00
77 49 30
2 0 1643 134.1600 -40.5900 2 1363 99.7000 -1.5000
2.1513400999e-01 -6.1553805815e-02 -3.0682219809e+00
46 31 21
2 0 1650 150.6300 -42.7700 2 1365 116.6400 -4.4600
3.6891557988e-01 -8.4263370604e-02 -3.2737118780e+00
127 102 73
2 0 1670 243.3300 -58.3300 2 556 225.0500 -45.3900
3.8347539353e-01 -9.1827550683e-02 -3.2751497023e+00
79 62 41
2 0 1678 252.8700 -63.3200 2 1450 234.7100 -49.8500
5.3227147722e-01 -8.9924639788e-02 -3.2703381126e+00
79 53 41
2 0 1679 352.3400 -63.2900 2 1444 332.0100 -42.9000
5.3227147722e-01 -8.9924639788e-02 -3.2703381126e+00
79 53 41
2 0 1680 352.3400 -63.2900 2 1445 332.0100 -42.9000
4.1029071398e-01 -1.0053230700e-01 -3.2765324436e+00
129 109 76
2 0 1685 270.0500 -69.3100 2 1456 252.8500 -54.4100
-2.4508430520e-01 -1.1223762367e-01 -3.0459949445e+00
101 72 55
2 0 1689 -171.8700 -74.0500 2 1455 -192.9700 -52.9300
5.3252585558e-01 -1.0730433090e-01 -3.2835721451e+00
158 134 110
3 0 1690 351.1300 -74.8300 2 1458 332.2300 -54.9000 1 1521 301.1000 -56.6000
-3.2589092274e-02 -1.1335141066e-01 -3.0217676302e+00
194 170 155
3 0 1693 -23.8300 -77.0700 2 1437 -53.1900 -40.4200 1 644 -56.9600 -4.1000
-3.9068798868e-01 -1.2603051780e-01 -3.0847177588e+00
135 103 64
2 0 1699 -268.7800 -81.5300 2 623 -283.9100 -73.9100
-3.0927507803e-01 -1.2440661512e-01 -3.0107971991e+00
192 165 123
3 0 1700 -220.1300 -82.5000 2 1462 -241.7900 -58.1300 1 633 -217.6300 2.0500
-1.6630202559e-01 -1.2580283209e-01 -3.0399814280e+00
217 198 167
3 0 1703 -116.9100 -84.1000 2 588 -140.9400 -57.5200 1 655 -132.3400 -8.2300
5.1040372613e-01 -1.3499093076e-01 -3.2816960350e+00
156 135 96
3 0 1712 336.3900 -92.4600 2 1472 319.3600 -72.9100 1 1533 286.0900 -71.5500
5.1211248876e-01 -1.3984294069e-01 -3.2762381696e+00
70 54 29
2 0 1715 337.9500 -95.6100 2 1473 321.1700 -76.0200
3.4537204434e-01 -1.5239292124e-01 -3.2650240679e+00
62 51 45
3 0 1721 228.3200 -101.6700 2 1483 213.0100 -88.2600 1 1536 187.3400 -72.6800
-3.2610862071e-01 -1.6012164573e-01 -3.0248555576e+00
174 147 107
2 0 1727 -231.0300 -107.3300 2 646 -251.2100 -85.0600
-2.0125202468e-01 -1.6422228928e-01 -3.0473734825e+00
132 111 90
3 0 1732 -141.2800 -110.6000 2 1479 -163.3400 -85.6500 1 697 -153.7400 -29.7700
-3.9434790635e-01 -1.7063709691e-01 -3.0886116492e+00
140 107 73
3 0 1735 -271.5800 -112.2200 2 1501 -286.0200 -104.1900 1 701 -258.6100 -31.0400
1.5380353123e-01 -1.7028333222e-01 -3.0814484881e+00
131 99 77
2 0 1740 106.6600 -117.4800 2 636 79.0600 -80.8200
4.6286068237e-01 -1.7580244865e-01 -3.2918096848e+00
101 89 71
3 0 1741 303.7500 -117.7800 2 1937 290.3400 -102.4100 1 1559 257.0100 -94.2000
-1.9935635112e-01 -1.7982831585e-01 -3.0503127507e+00
249 227 190
3 0 1745 -139.9000 -121.4500 2 1494 -161.5800 -96.5000 1 716 -153.3300 -39.0600
4.5932678544e-01 -1.8520305487e-01 -3.2936486100e+00
103 92 74
3 0 1748 301.3900 -123.6200 2 1503 288.3900 -108.8300 1 818 254.4800 -99.7800
-1.7148746330e-01 -1.9279263438e-01 -3.0542475188e+00
196 164 125
2 0 1758 -120.3500 -130.7100 2 682 -142.4900 -104.7400
-2.0809445220e-01 -1.9745007107e-01 -3.0545130601e+00
169 138 98
3 0 1763 -145.8600 -133.5600 2 690 -166.9300 -109.3500 1 733 -158.8200 -49.2400
-1.4376062403e-01 -2.4919199691e-01 -3.0630294614e+00
124 93 70
3 0 1784 -101.1600 -170.0100 2 744 -122.1300 -142.5700 1 783 -124.2900 -82.5300
-4.3844087730e-01 -2.5899762328e-01 -3.1363810331e+00
212 173 122
2 0 1785 -296.5400 -170.2800 2 789 -307.6400 -169.9200
-1.9583901068e-01 -2.5757541110e-01 -3.0668228224e+00
104 70 34
3 0 1791 -137.1600 -175.1200 2 1533 -156.8200 -151.0900 1 789 -154.0600 -85.5800
-1.9583901068e-01 -2.5757541110e-01 -3.0668228224e+00
104 70 34
3 0 1792 -137.1600 -175.1200 2 1534 -156.8200 -151.0900 1 790 -154.0600 -85.5800
-2.7700221559e-01 -2.8219459691e-01 -3.0794932933e+00
85 61 47
3 0 1804 -192.9400 -190.8000 2 1551 -209.7100 -173.1500 1 810 -200.0100 -97.6500
-2.1993769814e-01 -2.8984550977e-01 -3.0701390283e+00
204 170 125
3 0 1811 -154.1000 -197.2100 2 1553 -172.6500 -174.6600 1 1566 -169.3000 -103.2700
-3.9532742609e-01 -3.0125256191e-01 -3.0993745872e+00
198 159 110
2 0 1813 -272.2400 -201.6700 2 834 -286.2000 -192.3500
-3.7448000589e-01 -3.0015807476e-01 -3.0767114625e+00
165 130 91
2 0 1815 -260.5400 -202.5300 2 826 -276.1800 -188.2900
-1.5738220362e-01 -2.9665993119e-01 -3.0697541134e+00
181 145 117
3 0 1817 -110.9700 -202.7500 2 803 -130.2400 -176.3000 1 833 -133.9800 -109.8600
1.5311205423e-01 -3.0406880103e-01 -3.1170110933e+00
59 31 14
3 0 1822 104.4300 -208.6800 2 1554 84.1200 -174.8300 1 866 49.5100 -132.3900
1.3552472920e-01 -3.1115196001e-01 -3.1108441303e+00
150 100 55
3 0 1827 92.8700 -213.3800 2 1557 71.9000 -179.6200 1 1594 37.7100 -135.2800
1.2967498815e-01 -3.1512435923e-01 -3.1103846872e+00
115 69 38
3 0 1830 88.5300 -216.3100 2 1561 68.0700 -182.2600 1 887 34.2900 -137.2800
-4.1627325821e-01 -3.5211182126e-01 -3.1209139932e+00
163 126 80
2 0 1846 -284.5100 -234.9600 2 899 -297.1500 -229.9500
-3.9362793280e-01 -3.5443435772e-01 -3.0929890064e+00
170 132 85
3 0 1853 -273.0300 -238.7600 2 1585 -286.9600 -229.1900 1 883 -269.5200 -136.2400
-1.6243243178e-03 -3.5093943941e-01 -3.0654984310e+00
63 44 30
3 0 1860 -2.9800 -242.8600 2 1571 -24.3100 -206.8400 1 1601 -48.9400 -146.7200
-4.0420006940e-01 -3.6464521387e-01 -3.1023100196e+00
179 139 89
3 0 1862 -279.4600 -245.0000 2 1592 -292.5600 -237.6300 1 898 -274.8700 -142.8800
2.6407052288e-01 -3.8192394365e-01 -3.2923708569e+00
93 85 76
3 0 1867 172.7200 -248.7000 2 1599 169.3800 -243.1800 1 1643 129.2300 -203.7500
2.6407052288e-01 -3.8192394365e-01 -3.2923708569e+00
93 85 76
3 0 1868 172.7200 -248.7000 2 1600 169.3800 -243.1800 1 1644 129.2300 -203.7500
-3.5898265836e-01 -3.6871240648e-01 -3.0622388501e+00
144 113 78
3 0 1873 -252.9100 -251.5800 2 1590 -268.9900 -234.2800 1 897 -254.6300 -141.8900
-1.2384465479e-01 -3.7314085752e-01 -3.0783852669e+00
136 105 79
3 0 1879 -87.6700 -255.7200 2 2020 -106.1800 -228.8400 1 1608 -118.7700 -156.0000
3.9022919974e-01 -3.9238551446e-01 -3.3212800270e+00
63 56 45
2 0 1880 253.3300 -255.6000 2 1607 252.6000 -248.1500
-3.5866669258e-01 -3.7818430725e-01 -3.0592435965e+00
139 110 85
3 0 1886 -253.7900 -258.7200 2 915 -268.8200 -240.2100 1 903 -255.4700 -147.1100
2.6507813029e-01 -3.9906101716e-01 -3.2955598077e+00
34 23 17
3 0 1887 173.3800 -259.4900 2 946 170.6200 -254.9400 1 1004 129.0600 -213.9900
2.5018383267e-02 -3.7898583172e-01 -3.0657545622e+00
70 43 19
2 0 1889 15.5800 -262.5100 2 1583 -5.0300 -226.1400
-2.1517628159e-01 -3.8608705037e-01 -3.0880597394e+00
158 134 107
3 0 1892 -150.6600 -262.8700 2 1598 -167.0400 -243.1100 1 923 -170.1900 -160.4700
-1.5796048528e-01 -3.8450071480e-01 -3.0819040705e+00
147 111 75
3 0 1893 -111.4400 -263.0200 2 1594 -128.8300 -238.5100 1 924 -138.4300 -161.5200
3.5886093446e-01 -4.0707794330e-01 -3.3056689540e+00
87 77 68
2 0 1897 234.0800 -265.8500 2 1612 232.3100 -257.3900
1.5892465060e-02 -4.0056338651e-01 -3.0734849679e+00
189 135 91
3 0 1908 8.9700 -277.3700 2 918 -10.8300 -241.5800 1 947 -40.9100 -176.9400
4.1342974958e-01 -4.2831866529e-01 -3.3190636232e+00
130 119 101
3 0 1909 268.7800 -279.5200 2 1628 269.4600 -271.0500 1 1663 215.7400 -240.6100
-2.2803538284e-01 -4.1801856779e-01 -3.0964591678e+00
82 62 39
2 0 1912 -158.8400 -284.2200 2 973 -174.4100 -265.5600
-1.6051868746e-02 -4.1357359373e-01 -3.0719278895e+00
68 46 25
2 0 1913 -13.3800 -285.7900 2 2029 -32.0400 -252.4500
6.7609548207e-02 -4.2303873754e-01 -3.1164743138e+00
72 64 53
2 0 1917 45.1700 -289.1700 2 960 29.3900 -260.2800
4.1372440798e-01 3.9353655467e-01 -3.1614890524e+00
33 20 12
3 0 1950 285.9000 262.4000 2 2063 235.7300 270.8800 1 1695 250.8300 253.4500
-3.5175518786e-02 3.3542524734e-01 -2.9396478681e+00
169 132 100
3 0 1957 -24.1100 248.1000 2 1672 -69.3000 267.5900 1 1113 -40.4600 266.5400
3.9515302298e-01 3.2284961063e-01 -3.1695254476e+00
44 26 14
3 0 1979 271.8300 214.4800 2 1693 226.1800 224.9900 1 1711 236.2800 211.8500
-1.6817154432e-01 2.7154199794e-01 -2.9621433285e+00
90 46 24
3 0 1988 -120.2200 200.7900 2 1697 -154.2900 215.0900 1 1148 -118.1300 230.8500
3.9196266654e-01 2.8610351200e-01 -3.1773745459e+00
77 56 43
2 0 1996 268.4500 189.1200 2 1707 225.4100 201.1600
3.8929886192e-01 2.7825522155e-01 -3.1753774617e+00
72 55 44
2 0 2003 266.5100 183.9400 2 1160 224.1500 196.8000
-9.2393872487e-02 2.3943902001e-01 -2.9598888901e+00
136 116 100
2 0 2012 -66.2900 176.7300 2 1156 -104.9700 199.0700
-1.6516741348e-01 2.3285349687e-01 -2.9794767694e+00
74 39 23
2 0 2019 -117.8600 170.9300 2 1717 -150.6700 186.9000
2.8412897984e-01 2.3749140380e-01 -3.0122907812e+00
142 98 59
3 0 2024 204.9700 168.2400 2 1705 150.8000 203.9300 1 1721 147.5500 188.2500
-7.8946744551e-02 2.2399946336e-01 -2.9572047410e+00
144 109 87
3 0 2026 -56.3600 166.4800 2 1712 -95.1900 190.0100 1 1187 -70.4700 200.3900
1.6506125431e-01 2.1672693964e-01 -2.9520123368e+00
44 26 19
2 0 2033 120.7300 159.3000 2 1708 68.5400 198.8700
4.1737535981e-01 2.2551680370e-01 -3.2057665587e+00
73 59 50
3 0 2044 282.9400 146.9600 2 1194 244.3400 159.1300 1 265 247.0000 149.4700
-1.9449112605e-01 1.2678655820e-01 -2.9998213784e+00
88 43 24
2 0 2075 -137.8400 94.4300 2 1761 -166.8500 113.0000
5.0616725585e-01 1.3340003627e-01 -3.2326373718e+00
34 22 8
2 0 2084 339.9500 83.8700 2 2095 305.1300 101.5700
-1.8820069559e-01 1.0945681112e-01 -3.0129583366e+00
83 41 20
2 0 2086 -132.5100 81.5400 2 1766 -160.8000 99.3900
-5.2462144461e-01 1.1464561661e-01 -3.2257367804e+00
184 185 177
3 0 2089 -338.1600 80.1300 2 1798 -342.4000 49.2300 1 1256 -296.5700 117.1600
2.3647702878e-01 1.1331175150e-01 -3.0284444686e+00
56 31 24
3 0 2092 168.5200 80.0200 2 1759 123.4600 118.5200 1 1260 113.8100 115.5200
2.3647702878e-01 1.1331175150e-01 -3.0284444686e+00
56 31 24
3 0 2093 168.5200 80.0200 2 1760 123.4600 118.5200 1 1261 113.8100 115.5200
-5.1479740385e-01 1.1218993457e-01 -3.2300110972e+00
186 183 174
3 0 2096 -331.1500 78.2500 2 1296 -335.5600 47.3600 1 1262 -290.5300 114.8700
-5.2349541656e-01 1.0803574648e-01 -3.2261414777e+00
27 28 17
3 0 2099 -337.3500 75.8300 2 1802 -341.9100 45.2100 1 1765 -296.1500 113.2300
-5.0041336705e-01 1.0818604463e-01 -3.2339347798e+00
25 22 13
3 0 2100 -321.3800 75.1900 2 1305 -325.8100 44.6800 1 348 -282.0400 111.8700
-5.1171298901e-01 1.0601725631e-01 -3.2317834012e+00
28 24 15
3 0 2103 -328.9400 74.0900 2 1804 -333.4200 43.4100 1 1269 -288.8900 111.0800
4.6755892489e-01 9.8369679232e-02 -3.2421674868e+00
154 128 94
3 0 2130 312.5700 60.8500 2 1777 281.5700 76.7900 1 1808 271.9800 69.5900
4.5078461828e-01 8.6082230965e-02 -3.2454908704e+00
123 106 80
3 0 2152 300.6900 52.8400 2 1786 271.5300 67.9300 1 1372 261.8400 62.6800
5.8370629518e-01 8.9163800572e-02 -3.2536786868e+00
100 81 57
3 0 2153 389.5700 52.2800 2 1779 356.7600 74.8300 1 1817 340.5300 59.0600
-5.4904485725e-01 6.4892802704e-02 -3.2168673472e+00
53 54 45
2 0 2166 -355.7700 47.6000 2 1840 -359.7000 18.9200
4.0797378952e-01 7.0581385336e-02 -3.2447626930e+00
119 93 70
3 0 2172 272.0400 42.9000 2 1796 244.5900 56.2400 1 1820 236.1100 56.1100
2.2160745326e-01 5.3580500618e-02 -3.0399241512e+00
57 39 22
3 0 2187 157.0100 37.8300 2 1776 115.8200 76.8800 1 1789 102.5900 80.0100
4.2198311694e-01 5.7256714354e-02 -3.2531389461e+00
73 56 41
2 0 2206 280.7600 33.5500 2 1800 253.6200 47.5500
5.6427338986e-01 5.3271840038e-02 -3.2554843967e+00
181 158 114
3 0 2210 376.2000 29.3900 2 2124 345.7000 51.3900 1 2093 326.8700 38.4100
-3.8982572918e-01 2.0115874630e-03 -3.0782095857e+00
198 162 113
3 0 2229 -267.5700 6.9300 2 1843 -283.2600 10.5100 1 1356 -246.7400 67.7700
5.5420898518e-01 2.2461424494e-04 -3.2656501845e+00
88 62 38
3 0 2251 368.0800 -5.0600 2 1841 341.4500 16.3000 1 1870 318.5900 6.5600
-3.7944795028e-01 -1.6098278699e-02 -3.0664509510e+00
146 113 71
3 0 2252 -261.9300 -5.6200 2 1362 -278.5100 1.1200 1 497 -243.6400 58.9300
2.0318313484e-01 -1.5229462107e-02 -3.0534212469e+00
78 42 25
3 0 2264 142.9900 -10.4300 2 1322 106.1100 28.8400 1 1422 89.0600 39.2200
3.5753970835e-01 -1.4683327644e-02 -3.2392947868e+00
71 61 52
2 0 2269 238.5600 -12.8500 2 1847 214.5600 2.8500
5.5062627743e-01 -1.2512251817e-02 -3.2687345850e+00
88 69 52
3 0 2271 365.2800 -13.6000 2 1844 339.5800 7.1600 1 1878 316.2100 -0.2000
5.5810674289e-01 -1.5539558440e-02 -3.2731405446e+00
159 135 108
3 0 2290 369.3700 -15.7900 2 2155 344.8700 5.4500 1 2109 320.8800 -3.3000
-4.7680742755e-01 -3.2293819832e-02 -3.2256169514e+00
20 17 12
2 0 2297 -308.0000 -16.8300 2 1895 -313.7900 -38.8500
-3.0135951661e-01 -3.7898941889e-02 -2.9942879801e+00
114 90 76
3 0 2301 -215.3000 -21.1400 2 1850 -238.5800 2.6000 1 1394 -209.9500 53.2200
-3.1723872956e-01 -6.3354363716e-02 -3.0111193597e+00
140 120 83
2 0 2311 -225.3000 -39.3000 2 1865 -247.0700 -18.1700
-3.0923821999e-01 -7.5173567575e-02 -3.0068051352e+00
142 115 83
3 0 2320 -219.8700 -47.5800 2 1401 -242.1300 -24.7600 1 575 -215.1600 30.7800
5.3224779555e-01 -6.5367376739e-02 -3.2637232591e+00
114 85 53
2 0 2321 352.8800 -47.3900 2 1877 331.1600 -26.2800
-2.9837189745e-01 -8.1022700725e-02 -3.0012571690e+00
68 36 18
3 0 2323 -212.8700 -51.8500 2 1406 -235.7100 -27.0000 1 1442 -210.0000 27.4300
3.7315287016e-01 -7.7839498714e-02 -3.2746192617e+00
73 56 36
2 0 2324 246.2100 -54.1500 2 1440 227.4200 -41.4200
-2.3802583341e-01 -9.9338596070e-02 -3.0510710296e+00
84 43 21
2 0 2332 -166.0800 -64.9300 2 1903 -187.8500 -45.0600
4.1574274898e-01 -9.7269155918e-02 -3.2762421576e+00
114 91 60
2 0 2336 273.8400 -67.1900 2 1451 256.1100 -52.2000
1.8149341599e-01 -1.0126438829e-01 -3.0709523715e+00
86 50 36
3 0 2338 126.7000 -70.1500 2 1879 94.9000 -31.4900 1 1474 73.0000 -11.7200
-2.2974809926e-01 -1.1233230012e-01 -3.0553932438e+00
94 48 25
3 0 2340 -160.0200 -73.8700 2 1906 -181.2900 -53.6200 1 1876 -165.7100 -0.1300
-1.8707081708e-01 -1.1432770135e-01 -3.0374312612e+00
178 150 124
2 0 2343 -131.7600 -76.1300 2 1905 -155.5100 -50.6600
-1.8301868321e-01 -1.2412278396e-01 -3.0388941876e+00
87 59 48
3 0 2348 -128.8300 -82.8600 2 1910 -152.2100 -56.9100 1 1470 -141.8700 -6.4300
1.7038410155e-01 -1.3391682673e-01 -3.0726891023e+00
171 119 68
2 0 2360 118.6900 -92.6200 2 1907 88.7300 -54.7100
1.7038410155e-01 -1.3391682673e-01 -3.0726891023e+00
171 119 68
2 0 2361 118.6900 -92.6200 2 1908 88.7300 -54.7100
5.2074099877e-01 -1.3752490218e-01 -3.2814419069e+00
153 129 104
2 0 2362 343.4300 -93.9800 2 1921 326.4100 -75.1100
5.1724793955e-01 -1.5213133490e-01 -3.2904077464e+00
148 126 102
3 0 2368 339.8700 -103.6400 2 2214 324.6100 -84.8600 1 2150 290.1100 -82.5300
-2.4889115501e-01 -1.5975955916e-01 -3.0609568786e+00
75 34 16
3 0 2371 -173.4000 -106.6800 2 1927 -193.2300 -86.8200 1 1902 -178.9700 -26.9400
-1.7686548246e-01 -1.6421147600e-01 -3.0478654097e+00
121 92 63
3 0 2377 -124.1700 -110.7700 2 1925 -146.8300 -84.7400 1 1491 -139.8300 -30.7500
-3.3077953136e-01 -1.7316428527e-01 -3.0293060124e+00
163 145 109
2 0 2380 -233.9000 -116.3200 2 1488 -253.7700 -94.6700
-2.3756673013e-01 -1.9845586396e-01 -3.0637859330e+00
91 64 49
2 0 2396 -166.1100 -133.8100 2 1510 -185.1200 -112.3400
1.5757988344e-01 -1.9930224858e-01 -3.0889829611e+00
65 34 13
3 0 2398 108.9900 -137.5100 2 1934 82.5800 -100.2900 1 1935 55.0000 -69.3200
-2.5770181560e-01 -2.0567880461e-01 -3.0733047154e+00
67 34 16
2 0 2401 -178.8600 -138.1100 2 1947 -197.6900 -119.4200
-1.3161718289e-01 -2.1368960343e-01 -3.0542941434e+00
211 190 156
3 0 2409 -92.7100 -145.6500 2 1945 -115.3000 -117.0000 1 1525 -116.2500 -61.5500
-1.7683377830e-01 -2.2704178280e-01 -3.0594150955e+00
214 176 129
3 0 2419 -124.2500 -154.4200 2 1952 -145.0300 -128.6200 1 1531 -142.1000 -67.9200
1.4960299653e-01 -2.3111161271e-01 -3.0951519535e+00
88 52 35
3 0 2421 103.1300 -159.2700 2 1949 78.3300 -122.7600 1 1948 49.2400 -87.9800
-4.1480752274e-01 -2.4309401517e-01 -3.1122362558e+00
181 146 102
2 0 2422 -283.4200 -160.8600 2 1539 -296.0600 -155.5700
-1.8892807766e-01 -2.5226455602e-01 -3.0659051324e+00
225 199 165
3 0 2427 -132.2500 -171.4800 2 1963 -152.3300 -147.1300 1 1542 -149.9800 -82.7000
1.4489976953e-01 -2.4973745302e-01 -3.0984089215e+00
74 47 32
3 0 2428 99.7500 -171.8600 2 1959 75.9200 -136.0000 1 1950 45.6000 -98.8700
-1.9064774545e-01 -2.5958860001e-01 -3.0672841292e+00
233 209 162
3 0 2429 -133.4400 -176.5100 2 1536 -153.3300 -152.3500 1 1548 -151.1900 -86.9800
-2.6923280509e-01 -2.7351566597e-01 -3.0819569714e+00
73 36 18
3 0 2437 -187.1800 -184.7100 2 1976 -204.0900 -167.0800 1 1552 -194.7600 -93.4800
-1.9952914190e-01 -2.7440999355e-01 -3.0734377699e+00
91 58 39
2 0 2439 -139.2800 -186.4100 2 1971 -158.5100 -163.3000
-1.9952914190e-01 -2.7440999355e-01 -3.0734377699e+00
91 58 39
2 0 2440 -139.2800 -186.4100 2 1972 -158.5100 -163.3000
-3.8478060602e-01 -2.8064468260e-01 -3.0831041892e+00
202 165 120
3 0 2441 -267.0900 -188.4900 2 1989 -281.9600 -177.0500 1 1554 -260.7500 -93.2600
-4.0376267467e-01 -2.8332173580e-01 -3.1041844244e+00
205 168 116
2 0 2442 -277.3000 -188.9800 2 1558 -290.6900 -181.1000
1.5904285707e-01 -2.7672505637e-01 -3.1070370290e+00
50 27 15
2 0 2444 109.0300 -190.0400 2 1968 87.2700 -155.5000
-2.1591877750e-01 -2.9472274457e-01 -3.0717161263e+00
52 27 12
3 0 2451 -151.3400 -200.6000 2 1990 -169.6500 -177.8500 1 1569 -167.0900 -106.5500
-2.1591877750e-01 -2.9472274457e-01 -3.0717161263e+00
52 27 12
3 0 2452 -151.3400 -200.6000 2 1991 -169.6500 -177.8500 1 1570 -167.0900 -106.5500
1.3086248415e-01 -3.0585036441e-01 -3.1084513437e+00
78 42 16
3 0 2461 89.5900 -209.9000 2 1988 68.5100 -175.7600 1 863 35.1400 -131.8100
-4.2621158775e-01 -3.2659114583e-01 -3.1228095599e+00
175 141 92
3 0 2463 -291.3500 -217.1200 2 2011 -303.0900 -214.6800 1 1584 -282.3300 -122.9200
-2.3101288166e-01 -3.3810294119e-01 -3.0788476490e+00
144 111 91
3 0 2474 -161.7100 -230.0900 2 2258 -178.9300 -209.4000 1 1970 -177.5500 -131.3800
-4.2011470754e-01 -3.4705174275e-01 -3.1176734821e+00
196 162 116
3 0 2476 -288.1000 -231.4900 2 2017 -300.3700 -228.0100 1 1592 -280.7300 -134.0400
-4.2011470754e-01 -3.4705174275e-01 -3.1176734821e+00
196 162 116
3 0 2477 -288.1000 -231.4900 2 2018 -300.3700 -228.0100 1 1593 -280.7300 -134.0400
1.2328855334e-01 -3.4071542146e-01 -3.1150864884e+00
95 57 36
3 0 2479 84.0400 -233.5100 2 2004 64.6100 -200.6100 1 1978 29.5400 -152.2700
-4.3472603360e-01 -3.7528517876e-01 -3.1290489338e+00
190 152 102
3 0 2493 -297.2900 -249.8500 2 2027 -308.3600 -248.9600 1 1977 -289.3900 -151.2100
-4.5921604707e-03 -3.6545194675e-01 -3.0653093580e+00
65 52 35
2 0 2498 -4.9500 -252.6700 2 2012 -25.8100 -217.6800
-4.0179591182e-01 -3.7870435148e-01 -3.1023261491e+00
176 138 91
3 0 2499 -277.8700 -254.7100 2 2026 -291.1800 -247.1400 1 1607 -274.5500 -151.1400
1.1418135958e-01 -3.7911328874e-01 -3.1212862652e+00
87 49 25
3 0 2504 77.3600 -259.4500 2 2019 59.8300 -228.2300 1 1985 22.7800 -174.4200
-3.9397993767e-01 -4.0330211759e-01 -3.0939291196e+00
210 176 128
3 0 2513 -273.9300 -272.5400 2 1620 -287.6900 -263.1600 1 1611 -272.8100 -164.3700
-3.9397993767e-01 -4.0330211759e-01 -3.0939291196e+00
210 176 128
3 0 2514 -273.9300 -272.5400 2 1621 -287.6900 -263.1600 1 1612 -272.8100 -164.3700
-2.8797310343e-01 -4.1931082597e-01 -3.1204938315e+00
62 39 23
2 0 2520 -197.7800 -282.2700 2 2036 -211.5800 -270.8400
6.9430283749e-02 -4.1368568248e-01 -3.1176363209e+00
59 51 40
2 0 2522 46.5800 -282.5900 2 1609 30.4000 -253.8200
-2.5030640497e-01 -4.2977691573e-01 -3.0996176177e+00
136 113 91
2 0 2526 -174.0600 -291.8700 2 2040 -189.1300 -274.9200
-2.4309450361e-01 -4.3224917809e-01 -3.0953141679e+00
38 24 12
3 0 2527 -170.0600 -294.0400 2 2041 -184.9600 -277.0000 1 1624 -188.2400 -186.9600
-2.4450372203e-01 -4.3296061520e-01 -3.1007961168e+00
38 24 12
2 0 2528 -170.0600 -294.0400 2 2042 -184.9600 -277.0000
-2.9219876521e-01 -4.3666159078e-01 -3.1139539834e+00
90 76 63
3 0 2533 -202.3900 -294.6800 2 2289 -215.4300 -284.0800 1 1995 -214.0600 -189.6900
5.5467923447e-01 3.7935158292e-01 -3.2309512306e+00
117 104 88
3 0 2553 374.8600 244.9600 2 2069 326.5100 253.5300 1 1706 340.0800 230.9800
-1.4592932365e-02 3.2330622982e-01 -2.9345057071e+00
136 99 76
3 0 2554 -9.6800 239.1600 2 1676 -55.9800 262.4400 1 1690 -29.5000 259.8300
1.8838892849e-02 3.1292769444e-01 -2.9365346196e+00
155 121 93
3 0 2556 14.8200 231.3700 2 2066 -33.3200 256.9700 1 1696 -10.6300 251.9900
-1.0062078101e-01 2.5214323476e-01 -2.9590673495e+00
169 124 97
2 0 2570 -72.3300 185.9800 2 1702 -110.5800 207.1100
2.7155459254e-01 2.4520877568e-01 -2.9999090444e+00
62 46 30
2 0 2574 196.6800 175.7100 2 2073 142.3300 210.9800
-1.7610596167e-01 1.6895862674e-01 -2.9901232354e+00
68 38 20
3 0 2587 -124.6600 125.5600 2 2080 -155.2400 142.8800 1 1729 -125.7100 167.7400
3.9999369130e-01 1.9054168053e-01 -3.2008850783e+00
79 69 59
3 0 2588 271.4100 124.3200 2 1748 234.3600 137.9800 1 1742 233.8900 130.4600
5.2254027446e-01 1.8182085263e-01 -3.2542237597e+00
50 36 28
3 0 2592 349.3000 115.1400 2 2311 313.3100 127.3500 1 2231 310.5300 113.9100
4.0869245356e-01 1.6876284539e-01 -3.2066422364e+00
90 80 68
2 0 2595 276.3500 108.7500 2 1756 240.7300 124.1600
-1.3802990204e-01 1.0170715384e-01 -2.9868522252e+00
75 46 28
3 0 2611 -98.4000 77.4400 2 2094 -129.9600 102.3100 1 1744 -108.3900 127.7300
5.7519849422e-01 1.2568049094e-01 -3.2531867427e+00
61 47 33
3 0 2612 383.9200 76.4000 2 2099 349.7000 97.0600 1 2071 337.9500 80.2900
4.1659600340e-01 8.6846752179e-02 -3.2418020663e+00
60 49 32
3 0 2623 278.1900 54.0200 2 2110 249.5900 67.5100 1 1813 241.5400 64.6400
4.5893041879e-01 8.2033375890e-02 -3.2476972727e+00
135 115 86
2 0 2625 306.0200 49.6800 2 2115 276.6200 65.2900
4.5893041879e-01 8.2033375890e-02 -3.2476972727e+00
135 115 86
2 0 2626 306.0200 49.6800 2 2116 276.6200 65.2900
5.8079085534e-01 7.9266250335e-02 -3.2557262132e+00
91 75 57
3 0 2628 387.3700 46.0200 2 2112 355.2900 68.2000 1 2082 338.3000 52.9300
5.7191594524e-01 7.3805313209e-02 -3.2547970098e+00
175 150 117
3 0 2629 381.6500 42.8200 2 2117 349.7100 64.3400 1 1827 332.5400 50.2200
-1.9719508791e-01 5.2235731398e-02 -3.0214938140e+00
90 47 25
2 0 2630 -138.8800 40.9300 2 2118 -165.0400 60.5700
4.5054207253e-01 6.0935735900e-02 -3.2478408448e+00
147 121 87
3 0 2632 300.3300 36.4200 2 2123 272.2700 52.0200 1 2085 260.2500 47.8200
4.4144798882e-01 5.6899893805e-02 -3.2477088726e+00
78 64 47
3 0 2635 294.3200 33.8200 2 2125 266.4200 49.1600 1 2086 254.7900 45.8900
5.7856101333e-01 4.4802225064e-02 -3.2643980152e+00
174 148 123
3 0 2639 384.8400 23.8100 2 2128 355.3400 44.9100 1 2095 335.4500 31.8200
4.5321725890e-01 7.5251666438e-03 -3.2563548101e+00
139 107 69
3 0 2651 301.2900 1.2600 2 2149 275.8600 17.8300 1 1865 259.3800 15.7600
-2.9819605389e-01 -8.7230947425e-03 -2.9910677665e+00
98 76 55
3 0 2652 -213.0400 -0.2800 2 1834 -236.8000 22.6000 1 1806 -206.8400 70.1100
5.6350085467e-01 -9.2392021650e-04 -3.2702437983e+00
163 137 112
3 0 2660 373.4600 -6.2500 2 2150 347.7400 15.1000 1 2104 324.5700 5.4000
4.9906126180e-01 -1.7622370831e-02 -3.2582240851e+00
143 111 76
2 0 2673 331.5800 -15.8800 2 2157 306.8800 3.2600
3.5363090776e-01 -2.6276636049e-02 -3.2416224404e+00
66 57 48
2 0 2677 235.4600 -20.5300 2 1856 212.7700 -4.7700
5.5231879891e-01 -2.8243313585e-02 -3.2732084923e+00
156 134 110
3 0 2678 365.8700 -23.4800 2 2168 341.5300 -2.9700 1 2113 316.3900 -10.7000
2.1471022993e-01 -3.9107323261e-02 -3.0607148595e+00
101 59 17
2 0 2680 150.8500 -27.1000 2 2152 115.2300 11.5000
-1.6787461119e-01 -4.7520870707e-02 -3.0224608911e+00
77 55 34
3 0 2681 -118.4900 -29.1500 2 2166 -144.5900 -3.1000 1 1846 -130.4500 38.9700
-3.6135381505e-01 -5.6495204098e-02 -3.0501621422e+00
190 158 109
3 0 2685 -251.4400 -33.7800 2 2177 -269.8300 -21.7900 1 1848 -238.0300 37.5300
3.8166249587e-01 -6.1355263040e-02 -3.2641297063e+00
123 102 72
3 0 2691 252.5700 -42.8400 2 2178 232.9300 -29.3100 1 2121 214.3000 -21.9600
3.8619656847e-01 -6.9290436064e-02 -3.2646096799e+00
83 68 48
3 0 2695 255.6100 -48.1300 2 1882 235.9200 -33.8600 1 1901 216.5600 -27.0200
5.1189413632e-01 -1.0084626233e-01 -3.2752409183e+00
114 88 60
3 0 2704 338.5100 -70.2300 2 2190 318.4000 -50.4100 1 2137 288.4300 -51.2400
1.7813352804e-01 -1.2069649873e-01 -3.0700527345e+00
69 43 42
2 0 2711 124.2800 -83.5500 2 2186 93.4400 -45.2400
3.5096057713e-01 -1.2673613802e-01 -3.2659582241e+00
64 44 27
3 0 2716 231.9000 -84.6800 2 2202 216.1500 -72.2000 1 2139 192.0000 -58.3400
3.9935738824e-01 -1.4249873153e-01 -3.2744993486e+00
118 90 57
3 0 2720 263.4700 -95.6700 2 2211 247.4700 -81.2100 1 2145 220.3700 -70.5000
4.1001004860e-01 -1.4630764429e-01 -3.2765948605e+00
124 84 57
3 0 2722 270.0200 -98.2300 2 2213 254.9700 -83.5700 1 2146 226.4100 -73.2700
4.4692129550e-01 -1.5895971550e-01 -3.2809760900e+00
121 95 67
3 0 2725 294.1000 -106.9900 2 2216 279.3200 -90.7000 1 1945 247.5700 -82.5500
4.5672378467e-01 -1.6224587624e-01 -3.2828586864e+00
122 96 60
3 0 2726 300.5800 -109.2100 2 2219 285.6500 -92.6500 1 1946 253.2900 -85.1300
-1.3945235725e-01 -1.6171346287e-01 -3.0439154154e+00
220 182 144
3 0 2727 -98.4600 -109.6000 2 2209 -122.1100 -80.9400 1 1905 -118.5800 -30.1200
-1.3945235725e-01 -1.6171346287e-01 -3.0439154154e+00
220 182 144
3 0 2728 -98.4600 -109.6000 2 2210 -122.1100 -80.9400 1 1906 -118.5800 -30.1200
-2.0915239980e-01 -1.9015879024e-01 -3.0489184700e+00
168 126 81
3 0 2735 -147.2400 -128.7700 2 1938 -168.2200 -103.6800 1 1915 -159.5700 -44.2100
-4.1683673674e-01 -2.0774336467e-01 -3.1101431179e+00
213 175 124
3 0 2739 -284.8300 -136.7100 2 2234 -297.5400 -133.0900 1 1922 -270.9800 -53.6700
-1.8107411370e-01 -2.1059003993e-01 -3.0571840025e+00
244 232 180
2 0 2741 -127.1500 -142.9800 2 2229 -148.3200 -117.4000
-2.4839498399e-01 -2.1699287079e-01 -3.0738322806e+00
77 42 23
3 0 2743 -172.7000 -146.0800 2 2231 -191.1300 -126.9300 1 1925 -180.4800 -61.1200
-1.6504879748e-01 -2.1522175412e-01 -3.0561558762e+00
210 184 147
3 0 2744 -116.0800 -146.3800 2 1948 -137.5000 -119.6000 1 1926 -135.1700 -61.3700
1.5381340264e-01 -2.1449991447e-01 -3.0921725978e+00
66 42 32
3 0 2748 106.2600 -147.8900 2 2226 80.5500 -111.0600 1 1940 52.3000 -78.2800
-1.2418102967e-01 -2.1913635044e-01 -3.0531013894e+00
173 139 113
3 0 2751 -87.7800 -149.6800 2 2230 -110.3900 -120.0200 1 1928 -112.3500 -64.9200
-4.0785604969e-01 -2.6119215912e-01 -3.1044200714e+00
197 160 115
3 0 2758 -280.0800 -173.6200 2 1978 -293.5300 -167.6900 1 1545 -269.7600 -83.8300
-4.3101721275e-01 -2.8459342119e-01 -3.1293515019e+00
213 171 113
3 0 2762 -293.0200 -187.9500 2 2248 -304.7900 -187.4500 1 1951 -281.3100 -99.4700
-2.0825872752e-01 -2.9219430000e-01 -3.0721428162e+00
231 175 115
3 0 2768 -145.9000 -198.8500 2 2247 -164.4700 -176.0300 1 1958 -162.4800 -105.3000
-4.3567168594e-01 -3.2966587351e-01 -3.1327740978e+00
191 155 106
3 0 2774 -296.5900 -218.4200 2 2261 -307.7100 -218.2700 1 1968 -286.5100 -125.5900
-3.8682749285e-01 -3.4712229815e-01 -3.0870174099e+00
213 173 121
3 0 2779 -269.0000 -234.2600 2 2264 -283.3400 -223.1000 1 1969 -265.8700 -131.6600
2.5714248870e-01 -4.0232091920e-01 -3.3068083230e+00
150 128 106
2 0 2791 167.6100 -261.4400 2 2382 165.3500 -256.7000
-3.3874800144e-01 -3.9283851088e-01 -3.0743409125e+00
37 17 5
2 0 2793 -237.2800 -267.6800 2 2272 -253.2100 -250.4900
-2.3749720111e-01 -4.0879130835e-01 -3.0908378045e+00
53 39 27
3 0 2800 -166.4000 -278.2900 2 2275 -181.7300 -259.8700 1 1984 -183.9400 -173.1500
-2.3883690896e-01 -4.0944685293e-01 -3.0955805507e+00
53 39 27
2 0 2801 -166.4000 -278.2900 2 2276 -181.7300 -259.8700
4.3317853415e-01 -4.3533864375e-01 -3.3319344315e+00
182 158 135
3 0 2803 280.7200 -283.3300 2 2388 282.7800 -276.1900 1 2298 228.3100 -247.2100
-2.4772783154e-01 -4.1945938173e-01 -3.0923637653e+00
143 119 95
3 0 2807 -173.3400 -285.4600 2 2281 -188.4100 -267.6200 1 2174 -190.6000 -179.3700
4.8724857820e-01 4.3365340082e-01 -3.1802070225e+00
28 17 13
3 0 2813 335.0200 286.8000 2 1655 281.9400 294.7300 1 2030 298.2700 271.7500
-1.0439463586e-01 3.2889384068e-01 -2.9337717759e+00
125 104 83
3 0 2817 -75.0600 244.2500 2 2301 -116.0700 261.7000 1 2215 -81.4400 266.2700
-8.7544575842e-02 3.2602475662e-01 -2.9398750423e+00
182 129 84
3 0 2818 -62.4300 241.5800 2 2065 -104.0600 259.0300 1 2031 -71.2000 262.9500
-1.2606314437e-01 2.1174435047e-01 -2.9601882267e+00
154 121 93
3 0 2824 -90.2900 157.3800 2 2303 -126.2700 178.9600 1 2042 -97.8900 195.5000
-3.7011315436e-01 2.0756167092e-01 -3.0459823424e+00
133 101 70
2 0 2825 -256.5700 150.1400 2 2079 -275.3200 146.8000
-1.2871758711e-01 1.9882844899e-01 -2.9630912527e+00
141 113 91
3 0 2827 -92.1200 147.9800 2 2305 -127.6600 169.9400 1 2043 -99.8100 187.5500
4.2341095977e-01 2.1921238230e-01 -3.2086209650e+00
30 20 11
3 0 2828 286.7400 142.4800 2 2307 248.4300 154.9700 1 2226 250.4500 145.3500
4.1055786310e-01 1.9907697483e-01 -3.2013393837e+00
40 29 22
2 0 2830 278.6600 129.3100 2 2308 240.4300 143.7000
-1.4679486853e-01 1.5054882807e-01 -2.9730795277e+00
93 60 36
3 0 2834 -105.0700 113.1800 2 2309 -138.0300 136.3700 1 2045 -112.0000 157.9600
4.1806223844e-01 1.6674253756e-01 -3.2102658831e+00
34 25 18
3 0 2836 282.8300 107.8500 2 2405 246.8000 122.2300 1 2314 243.9000 115.0800
2.3319056131e-01 9.5629958091e-02 -3.0321361395e+00
62 41 24
3 0 2844 165.9700 67.4700 2 2314 121.9100 106.0200 1 2065 111.1400 105.1100
-1.4185769651e-01 8.3611779808e-02 -2.9905235724e+00
49 34 15
3 0 2845 -101.0700 64.3200 2 2100 -131.9400 89.5900 1 2058 -111.2300 117.2000
2.1961985519e-01 8.6366676161e-02 -3.0333581055e+00
109 93 74
2 0 2847 156.3900 61.3500 2 2317 113.4000 98.5500
5.5756938957e-01 7.3506376410e-02 -3.2451366466e+00
126 100 67
2 0 2853 373.0600 43.8100 2 2330 341.2900 64.4400
4.1676165426e-01 6.5711482700e-02 -3.2461079872e+00
63 56 47
3 0 2855 277.8700 39.9200 2 2332 250.3900 53.7700 1 2243 240.8700 52.0500
-3.4330127661e-01 -3.1272282911e-02 -3.0402261355e+00
133 109 71
3 0 2869 -240.0600 -16.3200 2 2337 -258.9800 -2.5300 1 2083 -227.4100 52.1900
-3.5465375362e-01 -3.7887227480e-02 -3.0513552833e+00
156 125 84
3 0 2870 -246.4900 -20.9300 2 2424 -264.6700 -9.8000 1 2246 -233.1800 48.1100
1.8650323294e-01 -4.9984820929e-02 -3.0612548526e+00
155 115 86
3 0 2874 130.6900 -34.6300 2 2335 96.3500 3.9900 1 2100 78.1700 18.9500
4.1038880587e-01 -8.3893787351e-02 -3.2663715692e+00
133 109 75
3 0 2879 271.3500 -57.8000 2 2345 252.4500 -42.8500 1 2259 229.5700 -36.0500
-2.9669866543e-01 -1.0969012833e-01 -3.0146046144e+00
210 174 132
3 0 2882 -210.4600 -72.0300 2 2347 -232.6100 -48.4400 1 2102 -209.2100 9.4800
-2.9796580772e-01 -1.2583497680e-01 -3.0150374652e+00
243 226 167
3 0 2884 -211.7700 -83.5400 2 2349 -233.3500 -59.1700 1 2107 -210.7300 0.1500
-4.1089182739e-01 -1.3525196763e-01 -3.1026304943e+00
224 183 129
3 0 2885 -280.9200 -87.4400 2 2212 -294.0400 -83.5000 1 2114 -263.9200 -12.1600
-4.1201091329e-01 -1.5994042670e-01 -3.1028749614e+00
206 165 113
3 0 2889 -281.9800 -104.3300 2 2223 -295.2300 -100.1100 1 1899 -265.7800 -25.8800
4.7743416903e-01 -1.7972803504e-01 -3.2927597276e+00
48 34 21
3 0 2894 313.0000 -121.0000 2 2440 299.9700 -103.9900 1 2269 265.6400 -97.2100
-4.3202750557e-01 -1.9956117215e-01 -3.1252432474e+00
203 162 109
3 0 2895 -293.4300 -130.4700 2 2363 -304.9200 -129.9400 1 2264 -276.7300 -50.7900
-2.2984617649e-01 -1.9701817279e-01 -3.0659056952e+00
90 56 44
3 0 2897 -160.0300 -132.5900 2 2358 -179.9300 -111.5600 1 2134 -169.8300 -49.6600
-2.3184171915e-01 -2.1520873144e-01 -3.0672450364e+00
89 61 40
3 0 2899 -161.7000 -145.2500 2 2361 -180.9600 -124.1700 1 2140 -171.8500 -59.8900
-4.0511097572e-01 -2.4778134490e-01 -3.1001506821e+00
200 166 121
3 0 2904 -278.8300 -164.7900 2 2241 -291.9000 -157.6700 1 2147 -268.0400 -75.9800
-4.2876093325e-01 -2.9355184755e-01 -3.1194761930e+00
219 177 119
3 0 2908 -293.4500 -194.8800 2 2252 -304.8000 -191.8100 1 1955 -281.7500 -103.6800
-2.0788028027e-01 -3.6572134272e-01 -3.0876651830e+00
160 123 80
2 0 2916 -144.9700 -248.8300 2 2376 -162.0200 -227.6500
-5.3483958901e-03 -3.6919851486e-01 -3.0670387153e+00
72 59 39
2 0 2920 -5.3900 -255.1200 2 2375 -26.1800 -220.5300
2.5237692878e-01 -3.9274763857e-01 -3.2941122854e+00
36 23 15
3 0 2921 164.9100 -255.5500 2 2380 162.1300 -250.8300 1 2191 122.2000 -209.6300
3.1347425646e-01 -3.9254987568e-01 -3.3034767710e+00
66 58 47
2 0 2922 204.8500 -255.9400 2 2379 201.4200 -248.7200
1.9863147380e-01 -4.1688095540e-01 -3.2817918796e+00
224 210 183
2 0 2929 131.3700 -271.8400 2 2280 125.7500 -266.2600
-4.0416377546e-01 -4.0611175052e-01 -3.1063694640e+00
162 129 88
3 0 2930 -279.7700 -273.2600 2 2384 -292.2100 -266.9400 1 2169 -277.0100 -166.9200
-4.0416377546e-01 -4.0611175052e-01 -3.1063694640e+00
162 129 88
3 0 2931 -279.7700 -273.2600 2 2385 -292.2100 -266.9400 1 2170 -277.0100 -166.9200
3.7546279369e-01 -4.2561546101e-01 -3.3092452324e+00
46 36 28
3 0 2935 244.3000 -278.0600 2 2386 244.3700 -269.7200 1 2297 193.0200 -235.8000
8.7438397604e-02 -4.1130081228e-01 -3.1261662868e+00
38 21 13
3 0 2938 58.6800 -280.8100 2 2381 42.7500 -252.3700 1 2180 6.1600 -192.0100
4.2115753656e-01 -4.3208567841e-01 -3.3132336877e+00
63 50 33
2 0 2939 273.5700 -282.5200 2 2465 275.7500 -273.1000
-1.7124337615e-01 -4.2028178548e-01 -3.0877177538e+00
187 157 119
3 0 2940 -121.0000 -287.4000 2 2383 -136.8200 -264.5700 1 2175 -147.4400 -182.2000
-2.5722293846e-01 -4.2811475844e-01 -3.0912098560e+00
106 75 50
3 0 2941 -180.1400 -291.5300 2 2387 -195.3100 -273.9500 1 2177 -196.4500 -183.8500
4.3237795233e-01 1.6700304398e-01 -3.2172745412e+00
80 71 62
3 0 2962 291.5400 107.2300 2 2406 256.2000 121.9900 1 2315 253.2700 113.8000
4.3237795233e-01 1.6700304398e-01 -3.2172745412e+00
80 71 62
3 0 2963 291.5400 107.2300 2 2407 256.2000 121.9900 1 2316 253.2700 113.8000
2.3970878847e-01 1.1535457857e-01 -3.0248885984e+00
58 37 28
2 0 2966 170.9100 81.8700 2 2409 126.1500 120.1900
2.3970878847e-01 1.1535457857e-01 -3.0248885984e+00
58 37 28
2 0 2967 170.9100 81.8700 2 2410 126.1500 120.1900
2.1517544228e-01 6.2444050663e-02 -3.0337080915e+00
114 85 63
2 0 2972 152.7300 44.4200 2 2415 111.4300 82.9000
4.4954857666e-01 7.2780506330e-02 -3.2472516759e+00
72 59 48
3 0 2973 299.8800 44.1300 2 2418 270.9700 59.3500 1 2241 260.5000 54.8100
-3.0923087431e-01 -3.7441560944e-02 -3.0000110079e+00
112 95 70
3 0 2978 -219.6300 -20.4600 2 2421 -243.7100 1.6500 1 2242 -213.6400 52.5200
3.4174298096e-01 -5.3066371617e-02 -3.2374639168e+00
64 56 45
3 0 2985 228.0800 -36.9300 2 2429 206.5300 -21.7900 1 2332 188.3000 -12.0300
-1.1711494238e-01 -6.9079805092e-02 -3.0271509028e+00
186 151 128
3 0 2986 -82.4800 -44.6400 2 2428 -109.8600 -15.8600 1 2251 -102.3900 23.8200
1.8077779116e-01 -7.9192089231e-02 -3.0667873880e+00
154 108 61
3 0 2990 126.4500 -54.8400 2 2340 93.5200 -16.3100 1 2255 73.5900 1.5400
-2.1566473857e-01 -1.0109688785e-01 -3.0487324421e+00
145 119 94
3 0 2993 -150.5200 -66.2200 2 2346 -172.9500 -44.7500 1 2253 -157.7800 6.7800
1.7281045343e-01 -1.1069278307e-01 -3.0676579605e+00
165 113 71
2 0 2995 120.6100 -76.6000 2 2432 89.4800 -38.4200
1.6903594168e-01 -1.3227379115e-01 -3.0779770926e+00
166 121 82
3 0 2998 117.4600 -91.6100 2 2435 87.7800 -53.4600 1 2335 64.8400 -29.9300
-4.2709317277e-01 -1.7908977322e-01 -3.1154727645e+00
200 159 107
3 0 3002 -290.9600 -116.9100 2 2360 -303.0600 -114.8600 1 2261 -274.1200 -38.1100
-1.1344995556e-01 -1.9224295199e-01 -3.0524125986e+00
184 147 120
3 0 3007 -80.1300 -130.9100 2 2438 -103.0900 -101.5200 1 2262 -104.8700 -49.7500
1.3986161865e-01 -2.3936328017e-01 -3.0980540375e+00
146 105 67
3 0 3008 96.3500 -164.6700 2 2444 72.1000 -129.2900 1 2268 43.4700 -92.5100
3.5264605055e-01 -2.6693988909e-01 -3.3240486349e+00
29 20 13
2 0 3009 228.7400 -174.4600 2 2447 222.5200 -167.6700
1.2189665309e-01 -3.1235003646e-01 -3.1113761417e+00
145 99 66
3 0 3017 83.2400 -214.1100 2 2448 62.8600 -180.8500 1 2277 29.9700 -135.5300
2.8209491343e-02 -3.4008838608e-01 -3.0621755455e+00
203 146 101
3 0 3021 17.8500 -235.9600 2 2451 -4.4200 -197.7800 1 2279 -31.3900 -141.1700
-2.5096667713e-01 -3.6739288763e-01 -3.0873055192e+00
101 69 50
3 0 3022 -175.4500 -249.6700 2 2457 -191.3100 -231.3900 1 2281 -189.3900 -148.3600
-2.5806925512e-01 -4.1126817378e-01 -3.0935869317e+00
107 76 56
3 0 3026 -180.4000 -279.5100 2 2462 -195.3200 -262.7900 1 2287 -195.5100 -174.0700
3.8369631300e-01 1.9445361585e-01 -3.1984184427e+00
46 29 22
3 0 3034 260.2200 126.5400 2 2480 223.8500 140.1600 1 2369 224.7600 134.2700
2.3451308419e-01 1.3065570219e-01 -3.0249856878e+00
113 86 66
3 0 3036 167.2400 92.4800 2 2481 121.7400 130.3800 1 2312 113.2900 125.9700
5.7932755180e-01 1.5054446319e-01 -3.2565105862e+00
86 69 60
3 0 3037 386.9200 92.9800 2 2483 350.8200 111.7100 1 2318 342.2800 93.5700
4.5256943024e-01 1.1418036775e-01 -3.2379505960e+00
125 101 67
3 0 3038 303.1000 71.6200 2 2486 271.2000 86.5300 1 2374 263.8300 79.7200
4.5256943024e-01 1.1418036775e-01 -3.2379505960e+00
125 101 67
3 0 3039 303.1000 71.6200 2 2487 271.2000 86.5300 1 2375 263.8300 79.7200
4.2514100031e-01 1.1114132154e-01 -3.2384497510e+00
133 104 71
3 0 3040 284.7000 69.9700 2 2536 253.7600 83.0000 1 2417 247.7400 79.1300
5.2842061805e-01 6.7929275899e-02 -3.2524531926e+00
161 131 93
3 0 3044 352.2100 39.5400 2 2490 322.0100 59.2400 1 2382 306.6600 48.6400
4.0672821135e-01 5.4953291676e-02 -3.2464664997e+00
138 116 80
3 0 3045 271.5600 33.3700 2 2538 244.1700 46.1300 1 2383 234.1300 46.3100
-3.6017816354e-01 -7.3416326643e-02 -3.0552212558e+00
142 117 77
3 0 3049 -250.6400 -45.7300 2 2431 -268.0300 -33.5700 1 2250 -237.5800 27.2700
3.5400987411e-01 -1.2161085109e-01 -3.2755668974e+00
66 40 18
2 0 3051 233.8200 -82.2000 2 2507 216.3400 -69.8100
3.1938097813e-01 -1.3290954029e-01 -3.2595832533e+00
77 64 55
2 0 3052 211.6100 -89.6300 2 2508 194.4300 -75.7400
3.3949005958e-01 -1.5755172169e-01 -3.2726526173e+00
60 51 44
2 0 3053 223.7600 -105.6400 2 2509 208.8500 -92.3200
-4.4875753413e-01 -3.2741740879e-01 -3.1434765013e+00
135 107 73
3 0 3059 -304.2200 -215.9600 2 2452 -314.2800 -219.0400 1 2275 -292.3200 -124.5900
-3.6930921902e-01 -3.5343812761e-01 -3.0739797810e+00
123 102 76
3 0 3060 -258.1400 -239.7800 2 2517 -274.0600 -225.1500 1 2345 -258.1600 -134.5300
-3.8745325311e-01 -4.1955911368e-01 -3.0933528143e+00
188 150 102
3 0 3064 -269.7800 -283.9600 2 2463 -283.5000 -274.1400 1 2286 -270.2800 -173.8900
3.8857136862e-01 -4.3553427847e-01 -3.3075291342e+00
178 150 128
2 0 3066 253.7300 -284.4300 2 2525 253.1300 -276.1000
5.5955833843e-01 3.7802427133e-01 -3.2334852233e+00
112 97 82
3 0 3071 378.3000 243.9800 2 2476 329.2900 252.0900 1 2363 343.0600 229.8100
2.8264137142e-01 3.1155771606e-01 -2.9972965022e+00
103 71 54
3 0 3072 205.1000 221.9200 2 2530 147.6300 254.8900 1 2362 149.6100 233.6700
4.8032524424e-01 1.8137033422e-01 -3.2451514788e+00
29 20 13
3 0 3075 319.9500 114.2800 2 2534 287.4100 128.6200 1 2416 285.7500 116.1000
4.1602422916e-01 1.3993418396e-01 -3.2216134334e+00
30 20 10
3 0 3077 280.0900 90.1200 2 2563 246.9100 104.0000 1 2444 242.0900 97.1500
-3.4961003277e-01 1.6036369563e-02 -3.0389458943e+00
163 128 84
3 0 3078 -243.5400 17.1000 2 2539 -263.4300 27.8200 1 2372 -228.5200 79.7300
4.0519087903e-01 -7.2169751377e-02 -3.2663985589e+00
128 103 71
3 0 3082 267.8900 -50.0500 2 2545 248.6700 -35.3600 1 2393 227.3100 -29.5700
1.8327496889e-01 -8.2347334728e-02 -3.0701049996e+00
175 126 74
3 0 3083 127.9600 -57.2200 2 2542 95.4400 -18.8700 1 2421 75.4400 -0.5600
3.8796576230e-01 -8.3553025191e-02 -3.2678977495e+00
68 55 38
3 0 3084 256.3500 -57.3000 2 2546 237.9800 -43.5100 1 2424 216.8600 -35.4500
3.6521605789e-01 -9.0950334339e-02 -3.2666875366e+00
114 88 55
3 0 3085 241.7300 -61.5200 2 2547 223.4700 -49.0100 1 2426 202.8500 -38.8500
3.6346202144e-01 -1.6352169115e-01 -3.2761801922e+00
52 43 34
3 0 3090 238.9600 -108.8500 2 2550 225.9700 -96.2400 1 2430 198.2800 -81.0800
-1.9510838908e-01 1.1423258053e-01 -2.9896443345e+00
99 53 29
3 0 3100 -138.9400 86.5000 2 2535 -167.9800 107.2800 1 2368 -139.5600 136.9800
4.3369244454e-01 6.2719359331e-02 -3.2457904505e+00
74 61 45
3 0 3102 289.1600 37.7500 2 2565 261.4000 52.7900 1 2446 250.4200 49.7500
-3.1800738540e-01 -2.2400783613e-02 -3.0209988741e+00
103 81 58
2 0 3105 -224.0500 -10.2900 2 2541 -246.1800 6.8600
3.4419122801e-01 -1.3860417178e-01 -3.2527739983e+00
14 10 7
3 0 3109 229.7100 -92.3400 2 2571 210.3800 -78.6900 1 2450 185.8500 -62.9500
-2.3434105777e-01 -2.0085517662e-01 -3.0646316340e+00
82 57 36
3 0 3111 -163.4600 -135.3500 2 2574 -183.1800 -114.6200 1 2427 -172.4800 -50.8900
-1.5139368034e-01 -2.0496338915e-01 -3.0532918064e+00
152 123 112
2 0 3112 -106.8100 -139.5500 2 2573 -128.7000 -111.8500
-3.6744110247e-01 -2.7326170668e-01 -3.0690445370e+00
119 99 72
3 0 3116 -256.3300 -184.2800 2 2557 -272.6500 -169.5800 1 2399 -252.5600 -87.9400
5.0991443302e-01 8.9212971629e-03 -3.2571785510e+00
141 113 76
3 0 3124 338.6100 0.9000 2 2583 312.9100 21.1500 1 2447 292.6000 14.8700
5.6138952848e-01 -6.8072826113e-02 -3.2793231765e+00
173 146 121
2 0 3126 371.3500 -49.0600 2 2585 349.5300 -29.6800
-1.6429712060e-01 -1.4262874905e-01 -3.0436864714e+00
215 188 153
3 0 3128 -115.2800 -95.8100 2 2570 -139.1500 -69.4500 1 2423 -131.8100 -18.1500
-3.4273820458e-01 -3.2042728451e-01 -3.0612003462e+00
71 40 18
3 0 3129 -240.5100 -217.8700 2 2588 -257.8600 -199.9900 1 2452 -242.5500 -114.8200
-4.4751569941e-01 -3.5738918230e-01 -3.1478099744e+00
156 130 97
3 0 3130 -302.9200 -235.8800 2 2577 -313.5500 -239.5600 1 2454 -292.9600 -142.6300
4.1656740405e-01 3.5492280036e-02 -3.2463156881e+00
132 106 73
3 0 3136 277.8100 20.2100 2 2592 251.2900 34.7800 1 2460 238.6800 34.9500
4.5655591925e-01 -1.7838167799e-01 -3.3070930677e+00
39 30 15
3 0 3141 297.5100 -119.5900 2 2595 286.5000 -105.1800 1 2464 255.5700 -97.9200
4.2879907562e-01 -2.1251891364e-01 -3.3063963258e+00
134 113 92
3 0 3142 279.5500 -140.9400 2 2596 269.9400 -129.5600 1 2466 237.2400 -114.6600
3.9710090765e-01 -3.3345857480e-01 -3.3283283755e+00
133 112 91
3 0 3143 256.3500 -217.2800 2 2609 255.6000 -209.8400 1 2484 213.4700 -186.6100
1.6911756011e-01 -1.7499164296e-01 -3.0916556544e+00
153 98 40
3 0 3150 117.1900 -120.5600 2 2606 89.8800 -84.0000 1 2479 63.3900 -56.3600
1.6911756011e-01 -1.7499164296e-01 -3.0916556544e+00
153 98 40
3 0 3151 117.1900 -120.5600 2 2607 89.8800 -84.0000 1 2480 63.3900 -56.3600
3.9755162654e-01 -4.0017055627e-01 -3.3407620531e+00
52 45 35
2 0 3155 256.0700 -259.4200 2 2612 258.3900 -254.5100
3.9755162654e-01 -4.0017055627e-01 -3.3407620531e+00
52 45 35
2 0 3156 256.0700 -259.4200 2 2613 258.3900 -254.5100
4.8236026161e-01 6.7807022413e-02 -3.2384062642e+00
147 118 84
3 0 3159 323.7800 41.4000 2 2614 291.7800 58.4500 1 2489 277.6200 52.1700
4.1383918553e-01 -8.3291271071e-02 -3.2637139127e+00
129 104 73
3 0 3161 275.3700 -56.4900 2 2619 253.5900 -42.7200 1 2490 230.7800 -35.7900
