# Bundle file v0.3
3 404
9.0681081356e+02 2.5329134843e-01 4.6094333962e-02
7.5830030896e-01 2.8399032101e-01 -5.8679650562e-01
-4.4773983773e-01 8.8112090070e-01 -1.5216765776e-01
4.7382452358e-01 3.7812095409e-01 7.9530803147e-01
-3.8720734227e+00 -1.3370892905e+00 -2.4449549324e+00
1.0556988637e+03 9.0036936122e-02 -9.0822439701e-02
9.1656659994e-01 -2.2744751016e-02 -3.9923469810e-01
6.0904706974e-02 9.9467348337e-01 8.3158151402e-02
3.9521675640e-01 -1.0053525639e-01 9.1306975510e-01
-2.4208030049e+00 3.9783467518e-01 -6.6860819639e-01
1.1320766876e+03 1.2247454636e-01 9.5226443501e-02
8.9307091513e-01 5.7750508294e-02 -4.4619414982e-01
1.4559176469e-02 9.8749895439e-01 1.5695172973e-01
4.4968029857e-01 -1.4666524427e-01 8.8106579505e-01
-2.8839226560e+00 1.1913780967e+00 -2.4646477269e+00
1.5813353169e+00 1.1395022340e+00 -8.3552532338e+00
97 86 64
3 1 1353 320.1800 126.9000 2 310 284.9400 127.1900 0 452 301.2200 27.0800
1.5813353169e+00 1.1395022340e+00 -8.3552532338e+00
97 86 64
3 1 1354 320.1800 126.9000 2 311 284.9400 127.1900 0 453 301.2200 27.0800
-3.7141561271e-01 -3.5315172582e-02 -5.4090640582e+00
243 188 142
2 1 1605 -110.3200 -20.0800 2 1403 -123.5000 46.2600
1.3275800788e+00 4.3188879710e-01 -8.1901242603e+00
72 51 33
3 1 1497 284.7000 31.5700 2 543 246.4500 43.7700 0 563 233.3200 -34.6600
-8.4900272304e-01 -1.9714047291e-01 -5.1440534191e+00
68 36 18
2 1 2323 -212.8700 -51.8500 2 1442 -210.0000 27.4300
1.8769741255e+00 3.8917631586e-01 -8.2646054405e+00
134 105 70
3 1 1500 367.7600 30.1900 2 1424 319.2800 38.8700 0 632 292.8900 -67.1700
1.9152272132e+00 3.3646983127e-01 -8.2812483828e+00
165 141 109
3 1 1515 374.2200 22.8400 2 1854 324.7500 32.0700 0 652 295.2300 -74.1400
-7.4793346317e-01 -1.0237346500e+00 -5.5943430526e+00
52 27 12
3 1 2451 -151.3400 -200.6000 2 1569 -167.0900 -106.5500 0 732 -173.9400 -127.1600
-7.4793346317e-01 -1.0237346500e+00 -5.5943430526e+00
52 27 12
3 1 2452 -151.3400 -200.6000 2 1570 -167.0900 -106.5500 0 733 -173.9400 -127.1600
1.6152588097e+00 -4.7023742520e-01 -8.3513163569e+00
156 135 96
3 1 1712 336.3900 -92.4600 2 1533 286.0900 -71.5500 0 748 230.4200 -131.1400
1.8421993307e+00 1.8339508773e+00 -8.2945295058e+00
90 77 69
3 1 1970 353.5300 227.1100 2 1167 318.8900 216.2200 0 1017 368.2100 91.0500
1.3766643457e+00 1.6142340911e+00 -7.5736958121e+00
44 26 14
3 1 1979 271.8300 214.4800 2 1711 236.2800 211.8500 0 1026 266.7700 80.7500
1.5273642507e+00 6.3080313895e-01 -8.1869143908e+00
154 128 94
3 1 2130 312.5700 60.8500 2 1808 271.9800 69.5900 0 1129 263.1200 -25.4300
1.2291429371e+00 -6.4370244994e-02 -8.1890287968e+00
104 83 54
3 1 2309 273.7500 -37.2400 2 1894 232.7800 -17.8400 0 1191 202.4800 -76.8200
1.2912428916e+00 5.9784713852e-01 -8.1677218955e+00
60 49 32
3 1 2623 278.1900 54.0200 2 1813 241.5400 64.6400 0 1543 235.9000 -16.6900
1.3919140402e+00 4.4667338544e-01 -8.1988382812e+00
78 64 47
3 1 2635 294.3200 33.8200 2 2086 254.7900 45.8900 0 1560 240.8000 -36.2100
1.4344059427e+00 4.6186318178e-01 -8.2008190973e+00
147 121 87
3 1 2632 300.3300 36.4200 2 2085 260.2500 47.8200 0 1561 246.0500 -37.0200
-8.7407713599e-01 -3.6660636851e-01 -5.1949079055e+00
243 226 167
3 1 2884 -211.7700 -83.5400 2 2107 -210.7300 0.1500 0 1572 -204.3000 -62.1700
-8.9332578691e-01 -4.3073801344e-01 -5.1994772338e+00
203 152 105
3 1 2888 -214.3300 -95.3200 2 2112 -213.5800 -10.0100 0 1577 -207.1900 -68.0400
1.0824495681e+00 -9.9707344081e-02 -8.1668352150e+00
123 102 72
3 1 2691 252.5700 -42.8400 2 2121 214.3000 -21.9600 0 1581 185.5300 -72.5300
1.2839480092e+00 4.9651607029e-01 -8.1759876948e+00
63 56 47
3 1 2855 277.8700 39.9200 2 2243 240.8700 52.0500 0 1724 230.8500 -26.1100
1.4352966732e+00 5.1706545326e-01 -8.1936542915e+00
72 59 48
3 1 2973 299.8800 44.1300 2 2241 260.5000 54.8100 0 1729 248.2000 -31.7200
1.2002792167e+00 -2.0943617435e-01 -8.2115741487e+00
133 109 75
3 1 2879 271.3500 -57.8000 2 2259 229.5700 -36.0500 0 1748 194.7000 -87.8800
1.3433006328e+00 7.0652781987e-01 -8.1347641408e+00
133 104 71
3 1 3040 284.7000 69.9700 2 2417 247.7400 79.1300 0 1907 243.9600 -8.5400
1.4651389378e+00 7.1413786555e-01 -8.1789084372e+00
125 101 67
3 1 3038 303.1000 71.6200 2 2374 263.8300 79.7200 0 1909 259.9400 -13.7100
1.9839766006e+00 9.3817588907e-01 -8.4266335077e+00
174 148 129
3 1 2964 380.6500 104.4000 2 2234 339.0800 103.5700 0 1910 339.9600 -14.2500
1.4675517826e+00 6.2860820926e-01 -8.1901807533e+00
74 59 42
3 1 3041 303.5300 60.0200 2 2322 264.9800 68.7100 0 1912 256.6100 -22.4900
1.7817786795e+00 4.6380966070e-01 -8.2477934569e+00
161 131 93
3 1 3044 352.2100 39.5400 2 2382 306.6600 48.6400 0 1921 285.3800 -54.8700
1.1747316677e+00 -1.5386969696e-01 -8.2124331632e+00
128 103 71
3 1 3082 267.8900 -50.0500 2 2393 227.3100 -29.5700 0 1927 193.2200 -80.6300
1.0995286552e+00 -2.0508834918e-01 -8.1905648845e+00
68 55 38
3 1 3084 256.3500 -57.3000 2 2424 216.8600 -35.4500 0 1971 184.0500 -82.5300
1.3580530628e+00 4.7785100136e-01 -8.1940422114e+00
74 61 45
3 1 3102 289.1600 37.7500 2 2446 250.4200 49.7500 0 1999 238.5200 -31.4500
1.6773691767e+00 1.9583236998e-01 -8.2489307147e+00
141 113 76
3 1 3124 338.6100 0.9000 2 2447 292.6000 14.8700 0 2026 261.4600 -75.1700
9.7031583039e-01 -1.3980847260e+00 -8.6187562877e+00
133 112 91
3 1 3143 256.3500 -217.2800 2 2484 213.4700 -186.6100 0 2067 149.0500 -167.0500
1.2158889721e+00 -2.0124376076e-01 -8.2330584864e+00
129 104 73
3 1 3161 275.3700 -56.4900 2 2490 230.7800 -35.7900 0 2081 197.5900 -87.0900
1.3505309725e+00 1.4398103666e+00 -5.5292677841e+00
114 90 75
2 1 30 198.1700 290.1000 2 11 143.8800 291.1500
5.6655081520e-01 1.4026974872e+00 -5.0894878615e+00
126 90 66
2 1 41 20.0000 285.0700 2 8 -4.3300 295.5200
1.3874333834e+00 1.1191793092e+00 -5.7626450373e+00
113 83 62
2 1 139 217.7600 215.7300 2 144 159.7400 227.7500
-2.5842184284e-01 1.1192840350e+00 -5.2236408573e+00
77 41 19
2 1 161 -112.0800 198.9200 2 140 -111.5100 228.4300
1.3171958483e+00 9.7076198790e-01 -5.7789273389e+00
63 39 28
2 1 186 205.9500 184.9900 2 179 148.6900 202.5200
-4.2594978768e-01 9.8662048006e-01 -5.0946948468e+00
10 9 1
2 1 198 -151.7900 176.2500 2 166 -145.9000 212.6700
1.2874080019e+00 8.7466146532e-01 -5.8505553608e+00
78 48 30
2 1 214 204.0800 163.2100 2 205 147.1500 183.4700
1.2657905492e+00 9.6574199100e-01 -7.6216659257e+00
85 73 61
2 1 276 258.6200 117.5600 2 312 221.8600 126.2300
1.4761584401e+00 9.3795724609e-01 -7.8774451710e+00
79 69 60
2 1 284 296.5200 110.4100 2 337 257.4600 116.0300
1.2606772281e+00 9.1811899353e-01 -7.6588489027e+00
51 37 26
2 1 285 259.0700 109.5000 2 330 222.3900 119.0600
1.2091184246e+00 7.7485504057e-01 -7.6653775965e+00
48 36 26
2 1 331 252.4900 87.9900 2 391 215.3400 100.2300
1.1087938729e+00 4.2909873657e-01 -5.9220366739e+00
175 127 79
2 1 372 176.9700 74.3600 2 356 121.2500 110.0700
1.1271912515e+00 4.1923349836e-01 -5.9798408267e+00
49 23 10
2 1 381 183.0900 71.3700 2 371 127.0000 106.4800
1.0770062556e+00 3.4696696299e-01 -5.9405454071e+00
112 76 49
2 1 409 172.7500 58.5400 2 409 116.7800 96.2300
1.0948577775e+00 3.4414345603e-01 -6.0016412906e+00
40 29 11
2 1 415 178.9000 56.9100 2 413 122.6600 93.6400
1.5198167581e+00 4.9718658899e-01 -8.1957119440e+00
128 102 68
2 1 441 312.3300 42.3900 2 520 271.3800 52.6100
1.2820123192e+00 4.2695608386e-01 -8.1425872182e+00
133 111 86
2 1 467 277.3500 31.1000 2 542 239.4100 44.0900
1.9326515811e+00 3.5809691665e-01 -8.2855319886e+00
159 136 99
2 1 474 376.4100 25.9100 2 559 327.3600 34.9200
1.4477581413e+00 3.2707147552e-01 -8.2125565196e+00
146 116 80
2 1 490 303.4000 17.9000 2 577 262.1400 30.8700
1.8960153115e+00 2.6863403867e-01 -8.2809965348e+00
170 145 99
2 1 504 371.4400 12.8600 2 599 322.2400 23.7900
-7.3308463385e-01 1.3861541618e-01 -5.3068574881e+00
21 10 3
2 1 516 -177.6700 9.1100 2 466 -176.4700 73.4500
9.1788548821e-01 -3.9262710162e-02 -6.0390446995e+00
142 95 47
2 1 564 151.4400 -15.8200 2 565 96.5300 33.4500
1.8000977722e+00 4.8144536690e-02 -8.3454395908e+00
57 40 29
2 1 580 359.6200 -19.5600 2 650 310.6800 -5.5800
8.6461868699e-01 -1.3321724854e-01 -6.0254022601e+00
175 126 79
2 1 608 141.9700 -33.1900 2 608 87.4300 19.3800
8.5899478128e-01 -1.9916112682e-01 -6.0734492125e+00
140 96 61
2 1 639 143.8300 -45.6100 2 628 88.9500 8.1600
1.1760000647e+00 -2.0891474430e-01 -8.2411207498e+00
135 111 77
2 1 663 268.9500 -58.2400 2 715 227.2600 -36.2800
7.8424270365e-01 -4.6716779108e-01 -6.2011653683e+00
170 133 99
2 1 738 139.0400 -94.5800 2 710 83.8200 -35.1300
7.8424270365e-01 -4.6716779108e-01 -6.2011653683e+00
170 133 99
2 1 739 139.0400 -94.5800 2 711 83.8200 -35.1300
1.5779749539e+00 -4.8236464069e-01 -8.4126593211e+00
113 87 56
2 1 740 332.4900 -94.5100 2 769 282.0700 -73.6500
1.1256765684e+00 -5.8006610468e-01 -8.2836230672e+00
55 42 26
2 1 772 265.5500 -109.6700 2 784 221.2200 -82.7500
1.2166648039e+00 -6.0350687796e-01 -8.3388378736e+00
61 47 33
2 1 780 279.8300 -112.6300 2 794 234.2400 -86.5500
-3.4775962965e-01 -5.7910453564e-01 -5.5712019940e+00
117 86 72
2 1 799 -90.8800 -120.0200 2 718 -113.1800 -39.6800
5.7234191765e-01 -7.0002424704e-01 -6.1405662544e+00
131 104 78
2 1 830 101.2100 -136.9100 2 762 49.1000 -68.7600
6.0863036013e-01 -8.4256088174e-01 -6.2126953020e+00
129 87 53
2 1 875 112.3200 -161.6300 2 800 57.2100 -91.4900
5.9875472809e-01 -8.6176917402e-01 -6.2190532388e+00
134 91 46
2 1 880 111.0600 -165.0400 2 807 56.1600 -94.3700
6.1180447139e-01 -8.7946311200e-01 -6.2760312476e+00
65 36 16
2 1 884 116.4300 -167.5500 2 814 61.1800 -97.8300
5.7842319176e-01 -9.7035256666e-01 -6.2839444799e+00
65 35 21
2 1 910 111.7600 -183.5900 2 837 56.5100 -111.3100
5.1559352325e-01 -1.0909612508e+00 -6.2609300338e+00
137 98 63
2 1 952 100.8400 -205.1600 2 860 45.5700 -128.9200
1.3632698698e-01 -1.1060663312e+00 -5.7275430851e+00
72 45 23
2 1 978 3.2300 -216.0800 2 1585 -42.4400 -124.3500
1.2759580878e-01 -1.1813396666e+00 -5.7433055005e+00
114 96 74
2 1 1004 3.1400 -230.0100 2 881 -43.1000 -136.1700
8.7247674262e-01 -1.5883698011e+00 -8.6366416320e+00
66 58 47
2 1 1031 246.8800 -243.8400 2 991 199.6300 -208.2400
-6.7657555855e-01 -1.4690286525e+00 -5.7366670265e+00
187 145 112
2 1 1104 -126.5300 -278.9800 2 944 -151.5500 -174.9300
1.0068821281e+00 -1.8403633753e+00 -8.5583777205e+00
64 51 27
2 1 1109 265.1300 -280.8000 2 1044 212.3700 -241.2500
1.0068821281e+00 -1.8403633753e+00 -8.5583777205e+00
64 51 27
2 1 1110 265.1300 -280.8000 2 1045 212.3700 -241.2500
3.1851369753e-01 -1.6078318484e+00 -6.3590309412e+00
131 87 52
2 1 1128 76.8800 -293.7400 2 984 21.2100 -205.6300
3.3136576073e-01 1.3667773539e+00 -5.0876241948e+00
112 75 54
2 1 1172 -23.4000 270.1100 2 19 -38.9000 285.1000
1.8084815725e-01 1.3521163865e+00 -5.0825258382e+00
144 116 95
2 1 1175 -50.6300 263.0400 2 25 -60.9600 279.7500
2.0110103516e+00 1.9879317217e+00 -8.1207953069e+00
85 75 65
2 1 1178 374.1000 259.9600 2 1136 339.1500 244.6400
2.0572100619e+00 1.9749001091e+00 -8.1043064031e+00
83 74 67
2 1 1179 381.1000 259.9300 2 101 344.9700 244.5700
1.6354168921e-01 1.3308250395e+00 -5.1014337171e+00
140 124 106
2 1 1184 -51.9900 257.1600 2 38 -62.0400 275.0200
2.1345174692e+00 1.9181843679e+00 -8.0438560421e+00
50 41 32
2 1 1188 392.9800 256.6000 2 111 353.8900 241.3000
2.0055065369e+00 1.9491147274e+00 -8.1458238824e+00
82 75 65
2 1 1192 373.8000 253.3000 2 1142 338.8600 238.6900
2.0999524416e+00 1.9118847569e+00 -8.0805971995e+00
94 85 78
2 1 1195 388.0100 253.4400 2 125 349.9000 238.1200
2.1238054537e+00 1.9058387036e+00 -8.0714827970e+00
90 83 75
2 1 1196 391.6400 253.3600 2 124 353.0000 238.3700
2.9222868814e-01 1.2721346097e+00 -5.1181025952e+00
124 82 55
2 1 1200 -27.4500 248.7000 2 56 -43.1200 267.4200
4.0731795975e-01 1.2252177190e+00 -5.1302176265e+00
172 131 101
2 1 1208 -5.4700 242.2500 2 63 -26.1100 261.6600
2.6936014415e-01 1.2126808761e+00 -5.1374917253e+00
116 73 50
2 1 1216 -29.7100 235.3000 2 74 -45.3900 256.6100
1.6257024730e-01 1.1916218020e+00 -5.0911944431e+00
115 86 67
2 1 1226 -52.7700 230.4200 2 81 -64.0700 254.4100
9.0089152756e-02 1.0861220064e+00 -5.1336602003e+00
151 131 113
2 1 1244 -61.3000 205.9700 2 130 -71.9300 234.1300
-2.5494727817e-01 1.1532253115e+00 -5.2282615788e+00
70 37 16
2 1 1247 -111.1500 205.0600 2 133 -110.3500 233.2900
1.3748875683e+00 1.0324162708e+00 -5.8324212068e+00
47 21 4
2 1 1267 218.7600 195.4300 2 1177 160.8500 210.5000
3.8377774809e-01 9.9962875095e-01 -5.1674224102e+00
139 104 82
2 1 1268 -5.7900 195.4900 2 1160 -28.8200 223.5900
1.3847331794e+00 1.4300935017e+00 -7.4520505960e+00
71 54 44
2 1 1274 269.3600 192.8300 2 190 233.6300 193.4000
1.3499195149e+00 1.4142185779e+00 -7.4627723852e+00
42 25 15
2 1 1278 264.3700 189.3800 2 1193 229.3400 190.4500
1.0719136779e-01 7.9603040008e-01 -5.2114672104e+00
144 124 110
2 1 1333 -50.6100 147.2800 2 200 -66.1300 185.5900
1.1649563010e+00 6.8425401175e-01 -5.8193472463e+00
93 61 36
2 1 1357 180.8200 125.8800 2 255 125.8200 154.1800
-5.3913261328e-01 6.9306318182e-01 -4.9441667659e+00
56 22 13
2 1 1358 -185.4400 124.7800 2 221 -178.0300 173.5000
1.4165190254e+00 9.9730502729e-01 -7.6820460289e+00
93 84 77
2 1 1359 282.8900 123.3700 2 1743 243.4100 129.1400
-5.1143173002e-01 6.9787770609e-01 -5.1152619398e+00
72 42 26
2 1 1362 -163.1100 119.7600 2 236 -158.3500 166.9300
1.2821781260e+00 9.4815350671e-01 -7.6227747995e+00
50 38 26
2 1 1366 261.2400 115.2700 2 317 223.9200 124.0800
1.2594237049e+00 9.3435500078e-01 -7.6281142523e+00
84 74 62
2 1 1371 258.0400 112.7600 2 1253 221.1200 121.9600
1.9461092928e+00 8.5387621080e-01 -8.2571171796e+00
88 74 61
2 1 1391 374.1300 96.1000 2 402 329.7900 97.8800
1.9784934105e+00 7.7638248576e-01 -8.2664606655e+00
113 96 80
2 1 1405 379.7100 85.3500 2 434 334.2100 88.3400
-1.3006949466e+00 6.1905882385e-01 -5.4336518829e+00
144 112 71
2 1 1411 -249.6500 82.2700 2 294 -227.4400 134.0900
1.1491239582e+00 7.3750263732e-01 -7.6666950929e+00
48 30 18
2 1 1413 243.9900 82.0000 2 1306 207.4100 94.7500
1.9820148960e+00 7.3992011148e-01 -8.2668547380e+00
106 91 74
2 1 1415 380.5600 80.3200 2 1333 334.5700 83.7500
1.1321109576e+00 3.9609385217e-01 -5.9880073509e+00
149 117 88
2 1 1440 184.3900 66.7900 2 1289 128.1800 102.9500
1.3412755864e+00 6.6323769756e-01 -8.1670587948e+00
72 52 35
2 1 1449 284.6000 63.4400 2 1798 248.7200 73.0700
1.5802463877e+00 6.2922698146e-01 -8.1457338005e+00
139 115 80
2 1 1453 319.3300 62.2800 2 471 278.1100 70.6100
1.5985811444e+00 5.8653397656e-01 -8.1626489721e+00
159 133 98
2 1 1462 322.6200 56.1700 2 1361 280.8700 65.0400
9.5595553432e-01 2.6979170036e-01 -5.9186969530e+00
125 107 94
2 1 1486 150.1300 42.9200 2 442 97.4300 84.4400
2.1791098833e-01 2.5469641256e-01 -5.3620398674e+00
176 149 135
2 1 1487 -16.4500 42.0100 2 412 -44.9500 96.0100
1.9064826019e+00 3.6145688405e-01 -8.2674474377e+00
121 92 63
2 1 1507 372.2000 26.4100 2 557 323.4000 35.6400
9.4892014021e-01 1.3963988460e-01 -5.9483498067e+00
88 53 34
2 1 1522 151.2600 18.4600 2 1364 97.1200 63.5300
1.0097757921e+00 1.2547433911e-01 -6.0467736978e+00
26 12 20
2 1 1529 167.0100 14.8500 2 1379 111.4300 58.6800
-7.0615919049e-01 1.5088386929e-01 -5.2972573311e+00
20 10 4
2 1 1539 -174.4600 11.8100 2 459 -173.7900 75.7600
1.3916057642e+00 2.5862860538e-01 -8.1893461286e+00
141 106 68
2 1 1547 295.3600 8.3400 2 1445 254.0000 22.6200
-1.6544556402e+00 2.2474267419e-01 -5.6873323719e+00
181 147 101
2 1 1550 -271.4900 7.7100 2 477 -249.9700 68.6000
-1.4155421249e+00 1.4193365164e-01 -5.5206315795e+00
153 125 88
2 1 1568 -256.3300 -1.1100 2 490 -238.9700 63.4300
1.6337188152e+00 1.8546242115e-01 -8.2775556255e+00
125 96 58
2 1 1569 332.8100 -0.9600 2 621 287.4600 12.5500
-1.2598629077e+00 1.1858065213e-01 -5.4214314123e+00
170 139 96
2 1 1571 -244.6900 -2.0600 2 488 -230.2700 63.9200
1.8499240302e+00 1.6814378544e-01 -8.3075003013e+00
186 157 115
2 1 1572 365.6300 -1.9700 2 1455 316.5400 10.3800
9.5484854206e-01 -1.0375925370e-02 -6.0792697097e+00
37 23 14
2 1 1589 159.7500 -10.7400 2 1432 104.3100 36.8300
-7.6698310059e-01 -5.0745154417e-03 -5.0821375806e+00
70 30 19
2 1 1592 -206.8500 -14.5700 2 1378 -202.8200 59.0400
-1.6588304324e+00 6.1411248617e-02 -5.6793436214e+00
208 172 122
2 1 1603 -273.2000 -18.7500 2 534 -252.9200 46.7300
-7.0609720428e-01 -4.8096648490e-02 -5.5181273597e+00
76 39 21
2 1 1614 -152.4400 -26.6500 2 554 -157.2100 39.5400
1.7895378704e+00 -9.6500803836e-02 -8.3530449354e+00
166 143 110
2 1 1641 359.4300 -39.8100 2 1485 309.0600 -24.0600
1.4493095642e+00 -1.3605084790e-01 -8.2957625583e+00
132 106 73
2 1 1656 308.7000 -46.9700 2 694 263.4100 -28.1600
-6.3387064448e-01 -1.7701480196e-01 -5.5004802345e+00
139 108 86
2 1 1659 -142.9700 -48.8500 2 603 -151.0000 21.4700
9.3335572179e-02 -3.5813327097e-01 -5.5099169132e+00
194 170 155
2 1 1693 -23.8300 -77.0700 2 644 -56.9600 -4.1000
-9.1274388920e-01 -3.5844001101e-01 -5.1695417476e+00
192 165 123
2 1 1700 -220.1300 -82.5000 2 633 -217.6300 2.0500
-7.2261999370e-01 -3.6555610172e-01 -5.5519698540e+00
141 110 87
2 1 1702 -151.6100 -83.2800 2 654 -159.7800 -7.7200
-4.7273744157e-01 -3.7855187659e-01 -5.5066017196e+00
217 198 167
2 1 1703 -116.9100 -84.1000 2 655 -132.3400 -8.2300
-1.2494797948e+00 -3.6830711885e-01 -5.4008041142e+00
185 157 110
2 1 1705 -245.6300 -86.5400 2 648 -237.1100 -5.5800
-2.9753716799e-01 -4.5059882362e-01 -5.5393238768e+00
117 89 74
2 1 1716 -85.8900 -96.3800 2 673 -107.7900 -19.5500
-2.9753716799e-01 -4.5059882362e-01 -5.5393238768e+00
117 89 74
2 1 1717 -85.8900 -96.3800 2 674 -107.7900 -19.5500
8.8965671882e-01 -5.1736922889e-01 -8.1369684366e+00
62 51 45
2 1 1721 228.3200 -101.6700 2 1536 187.3400 -72.6800
-1.9557582560e+00 -4.7257393538e-01 -5.8777285986e+00
204 159 106
2 1 1725 -292.1200 -107.0300 2 699 -274.2900 -30.4600
-6.3327353631e-01 -5.2050552690e-01 -5.5134502548e+00
132 111 90
2 1 1732 -141.2800 -110.6000 2 697 -153.7400 -29.7700
-1.6158843867e+00 -5.0925698758e-01 -5.6442652142e+00
140 107 73
2 1 1735 -271.5800 -112.2200 2 701 -258.6100 -31.0400
1.3587445790e+00 -6.4610791904e-01 -8.5055943259e+00
101 89 71
2 1 1741 303.7500 -117.7800 2 1559 257.0100 -94.2000
-6.3278167340e-01 -5.8087728374e-01 -5.5262933755e+00
249 227 190
2 1 1745 -139.9000 -121.4500 2 716 -153.3300 -39.0600
1.3372855396e+00 -6.8980194406e-01 -8.5174601022e+00
103 92 74
2 1 1748 301.3900 -123.6200 2 818 254.4800 -99.7800
-1.0598321518e+00 -5.7978675929e-01 -5.2342214033e+00
167 147 113
2 1 1749 -236.0700 -124.2000 2 707 -232.3500 -33.0600
-1.5389011757e+00 -6.2525759782e-01 -5.6058280236e+00
129 101 70
2 1 1760 -265.1100 -131.6000 2 728 -255.0800 -46.6900
-6.7998730986e-01 -6.4749999226e-01 -5.5402493151e+00
169 138 98
2 1 1763 -145.8600 -133.5600 2 733 -158.8200 -49.2400
-4.5669909401e-01 -8.5571816318e-01 -5.6451633752e+00
124 93 70
2 1 1784 -101.1600 -170.0100 2 783 -124.2900 -82.5300
-4.7729798314e-01 -8.7566320323e-01 -5.6423116444e+00
199 156 116
2 1 1789 -104.6400 -173.6800 2 791 -127.3500 -85.4300
-4.7729798314e-01 -8.7566320323e-01 -5.6423116444e+00
199 156 116
2 1 1790 -104.6400 -173.6800 2 792 -127.3500 -85.4300
-6.7289223853e-01 -8.8224622305e-01 -5.6190008220e+00
104 70 34
2 1 1791 -137.1600 -175.1200 2 789 -154.0600 -85.5800
-6.7289223853e-01 -8.8224622305e-01 -5.6190008220e+00
104 70 34
2 1 1792 -137.1600 -175.1200 2 790 -154.0600 -85.5800
-1.5172392746e+00 -8.9208712710e-01 -5.5686609233e+00
188 148 103
2 1 1795 -266.5500 -177.5400 2 785 -259.5600 -84.2200
-1.0451141410e+00 -9.7113723040e-01 -5.6243614079e+00
85 61 47
2 1 1804 -192.9400 -190.8000 2 810 -200.0100 -97.6500
-7.7525420805e-01 -1.0039429233e+00 -5.6056796826e+00
204 170 125
2 1 1811 -154.1000 -197.2100 2 1566 -169.3000 -103.2700
-5.3176751740e-01 -1.0373858518e+00 -5.6661570678e+00
181 145 117
2 1 1817 -110.9700 -202.7500 2 833 -133.9800 -109.8600
4.5128974850e-01 -1.1511350291e+00 -6.2265146646e+00
115 69 38
2 1 1830 88.5300 -216.3100 2 887 34.2900 -137.2800
-1.5889468570e+00 -1.2506964051e+00 -5.6059805508e+00
170 132 85
2 1 1853 -273.0300 -238.7600 2 883 -269.5200 -136.2400
9.0015481664e-02 -1.2501581149e+00 -5.7427054933e+00
63 44 30
2 1 1860 -2.9800 -242.8600 2 1601 -48.9400 -146.7200
-1.6850541811e+00 -1.2971371751e+00 -5.6709782267e+00
179 139 89
2 1 1862 -279.4600 -245.0000 2 898 -274.8700 -142.8800
4.1257893052e-01 -1.5866335214e+00 -8.2122835643e+00
93 85 76
2 1 1867 172.7200 -248.7000 2 1643 129.2300 -203.7500
4.1257893052e-01 -1.5866335214e+00 -8.2122835643e+00
93 85 76
2 1 1868 172.7200 -248.7000 2 1644 129.2300 -203.7500
1.0358201888e-01 -1.2997523705e+00 -5.7818965017e+00
129 101 75
2 1 1872 2.5300 -251.2800 2 913 -44.8300 -154.9300
-1.2864027613e+00 -1.2881034092e+00 -5.3954471192e+00
144 113 78
2 1 1873 -252.9100 -251.5800 2 897 -254.6300 -141.8900
-4.2279371364e-01 -1.3325678776e+00 -5.7279660895e+00
136 105 79
2 1 1879 -87.6700 -255.7200 2 1608 -118.7700 -156.0000
3.8400397162e-01 -1.6494199525e+00 -8.2423910743e+00
99 85 76
2 1 1882 170.4300 -256.6400 2 994 126.8000 -211.4400
3.0869393633e-01 -1.3900765427e+00 -6.2852514949e+00
154 110 84
2 1 1884 70.0500 -256.7500 2 941 16.6300 -172.7800
-1.2738729548e+00 -1.3232652980e+00 -5.3736272796e+00
139 110 85
2 1 1886 -253.7900 -258.7200 2 903 -255.4700 -147.1100
4.0744604624e-01 -1.6679130801e+00 -8.2338312162e+00
34 23 17
2 1 1887 173.3800 -259.4900 2 1004 129.0600 -213.9900
4.0965929630e-02 -1.3467445853e+00 -5.7514394918e+00
183 139 102
2 1 1888 -10.2600 -260.6700 2 925 -55.8400 -161.5600
-8.1829074228e-01 -1.3809330171e+00 -5.7105714249e+00
158 134 107
2 1 1892 -150.6600 -262.8700 2 923 -170.1900 -160.4700
-5.7078914737e-01 -1.3759313225e+00 -5.7224719519e+00
147 111 75
2 1 1893 -111.4400 -263.0200 2 924 -138.4300 -161.5200
1.3178186632e-01 -1.4383593883e+00 -5.7989946738e+00
189 135 91
2 1 1908 8.9700 -277.3700 2 947 -40.9100 -176.9400
1.0304062783e+00 -1.8330353169e+00 -8.5749071958e+00
130 119 101
2 1 1909 268.7800 -279.5200 2 1663 215.7400 -240.6100
-8.4761923560e-01 -1.4931014104e+00 -5.7169609255e+00
128 110 88
2 1 1911 -154.3900 -282.7300 2 946 -174.7500 -177.2300
-8.6093737093e-01 -1.5303966080e+00 -5.7227247657e+00
145 119 92
2 1 1916 -156.0000 -289.2700 2 952 -176.1800 -182.7200
-8.9085389065e-01 -1.5662311797e+00 -5.7481116984e+00
129 110 86
2 1 1921 -158.1700 -294.7700 2 961 -178.0300 -187.9100
1.3752413995e+00 1.4764784671e+00 -5.5506397965e+00
38 28 23
2 1 1927 203.7600 296.5400 2 1678 149.2800 296.3900
-1.8883359139e-01 1.3778482781e+00 -5.0681131680e+00
77 56 38
2 1 1952 -116.4400 256.6800 2 1103 -112.0400 278.3900
-1.9060690169e-01 1.3724212000e+00 -5.1796168554e+00
73 32 17
2 1 1956 -105.5100 250.1700 2 1112 -103.8500 269.6800
3.0494060619e-01 1.2702441114e+00 -5.1301221730e+00
169 132 100
2 1 1957 -24.1100 248.1000 2 1113 -40.4600 266.5400
1.0704244227e+00 1.0195024418e+00 -5.2618815704e+00
192 165 148
2 1 1980 131.3000 213.9800 2 1147 80.5600 233.5300
-2.8403164315e-01 1.1228420540e+00 -5.1829863577e+00
90 46 24
2 1 1988 -120.2200 200.7900 2 1148 -118.1300 230.8500
-3.1592211486e-01 1.1130125021e+00 -5.1863805623e+00
101 58 39
2 1 1989 -124.8900 198.2900 2 1154 -122.4300 228.3700
-3.9898356350e-01 9.5446350822e-01 -4.9124035983e+00
39 18 5
2 1 2008 -166.2400 179.1800 2 1164 -159.0500 217.7200
1.3009226684e+00 8.9240471493e-01 -5.8153799653e+00
142 98 59
2 1 2024 204.9700 168.2400 2 1721 147.5500 188.2500
8.0474377007e-02 8.9412075231e-01 -5.1977849790e+00
144 109 87
2 1 2026 -56.3600 166.4800 2 1187 -70.4700 200.3900
1.4098353746e+00 1.1852195741e+00 -7.7869545770e+00
73 59 50
2 1 2044 282.9400 146.9600 2 265 247.0000 149.4700
9.2389393572e-01 7.0849605079e-01 -5.3338493266e+00
116 92 80
2 1 2045 108.5500 143.8200 2 1209 60.4000 177.5300
1.1196091959e+00 5.4850505153e-01 -5.8485341712e+00
80 50 34
2 1 2072 174.7600 98.8900 2 1243 119.5600 131.2900
-5.5718755829e-01 5.4984444524e-01 -5.3335413883e+00
30 26 17
2 1 2080 -148.1300 85.1600 2 1242 -147.2500 134.6900
-4.7515846761e-01 5.0549812452e-01 -5.2784667547e+00
94 45 21
2 1 2088 -140.6600 79.7800 2 1740 -141.5500 131.4200
1.0762547851e+00 4.5491748924e-01 -5.8725803942e+00
56 31 24
2 1 2092 168.5200 80.0200 2 1260 113.8100 115.5200
1.0762547851e+00 4.5491748924e-01 -5.8725803942e+00
56 31 24
2 1 2093 168.5200 80.0200 2 1261 113.8100 115.5200
-1.5122228157e+00 4.9760085581e-01 -5.6076964927e+00
166 123 76
2 1 2145 -260.2300 55.2300 2 359 -238.2200 108.9500
-1.1898480034e+00 4.3863761633e-01 -5.3744367194e+00
155 121 84
2 1 2146 -239.5200 54.8300 2 1268 -222.4800 111.5000
1.4468274738e+00 5.7698150508e-01 -8.1758407895e+00
123 106 80
2 1 2152 300.6900 52.8400 2 1372 261.8400 62.6800
-2.4012353899e-01 3.3240787171e-01 -5.3266053428e+00
200 158 127
2 1 2160 -97.3300 50.6600 2 1279 -109.0900 105.4000
-2.4012353899e-01 3.3240787171e-01 -5.3266053428e+00
200 158 127
2 1 2161 -97.3300 50.6600 2 1280 -109.0900 105.4000
1.2546180716e+00 5.1689358131e-01 -8.1229797268e+00
119 93 70
2 1 2172 272.0400 42.9000 2 1820 236.1100 56.1100
9.9236597416e-01 2.3934362468e-01 -5.9202588102e+00
57 39 22
2 1 2187 157.0100 37.8300 2 1789 102.5900 80.0100
-1.6298533016e+00 2.1893139267e-01 -5.6935079910e+00
198 162 113
2 1 2229 -267.5700 6.9300 2 1356 -246.7400 67.7700
1.7212090487e+00 1.5259192644e-01 -8.2591732790e+00
137 118 78
2 1 2250 345.9000 -4.4200 2 1460 298.0800 8.8400
1.8610890694e+00 1.4571680911e-01 -8.3399896414e+00
88 62 38
2 1 2251 368.0800 -5.0600 2 1870 318.5900 6.5600
-1.4970971516e+00 1.2409962479e-01 -5.5747761548e+00
146 113 71
2 1 2252 -261.9300 -5.6200 2 497 -243.6400 58.9300
9.1217025532e-01 -4.7001912650e-03 -5.9905982341e+00
166 112 57
2 1 2260 147.7200 -9.0500 2 1417 93.2600 40.1500
8.8864803260e-01 -1.2101874502e-02 -5.9782521534e+00
78 42 25
2 1 2264 142.9900 -10.4300 2 1422 89.0600 39.2200
1.8404796650e+00 8.9548081834e-02 -8.3465991970e+00
88 69 52
2 1 2270 365.2800 -13.6000 2 1877 316.2100 -0.2000
1.8404796650e+00 8.9548081834e-02 -8.3465991970e+00
88 69 52
2 1 2271 365.2800 -13.6000 2 1878 316.2100 -0.2000
1.8602166775e+00 7.8130326131e-02 -8.4293638675e+00
159 135 108
2 1 2290 369.3700 -15.7900 2 2109 320.8800 -3.3000
-1.0528029053e+00 -1.2307469274e-01 -5.2793093899e+00
178 155 113
2 1 2312 -229.2600 -40.8900 2 562 -221.9200 33.8700
-4.8017494449e-01 -1.4534103120e-01 -5.4259619016e+00
150 119 103
2 1 2313 -125.8500 -41.2800 2 1857 -137.4900 28.7000
7.6143169277e-01 -3.3210826435e-01 -6.0544449582e+00
86 50 36
2 1 2338 126.7000 -70.1500 2 1474 73.0000 -11.7200
2.9333929965e-02 -3.5554153259e-01 -5.5410204840e+00
204 172 156
2 1 2345 -32.0800 -76.9600 2 645 -63.4000 -4.6900
-5.3473313961e-01 -3.6964526309e-01 -5.4846036437e+00
87 59 48
2 1 2348 -128.8300 -82.8600 2 1470 -141.8700 -6.4300
-5.4832988540e-01 -3.9094953450e-01 -5.4988822459e+00
89 58 39
2 1 2352 -129.5000 -86.7500 2 1472 -142.7800 -10.0400
8.8851598349e-01 -5.6670763254e-01 -8.1770765491e+00
34 24 15
2 1 2375 229.6200 -108.4600 2 1942 188.5100 -79.2800
8.8851598349e-01 -5.6670763254e-01 -8.1770765491e+00
34 24 15
2 1 2376 229.6200 -108.4600 2 1943 188.5100 -79.2800
-5.3763260555e-01 -5.2402696778e-01 -5.5362328863e+00
121 92 63
2 1 2377 -124.1700 -110.7700 2 1491 -139.8300 -30.7500
1.4353475561e+00 -7.1306094938e-01 -8.5779145851e+00
156 131 109
2 1 2388 316.4000 -126.6700 2 1956 268.6400 -103.4200
6.2148092143e-01 -7.0376944374e-01 -6.1282663182e+00
65 34 13
2 1 2398 108.9900 -137.5100 2 1935 55.0000 -69.3200
-5.4773184294e-01 -7.1360845771e-01 -5.5812286187e+00
207 162 119
2 1 2407 -121.3200 -144.8900 2 1523 -139.6000 -60.0300
-3.7777554568e-01 -7.2009542847e-01 -5.6012840108e+00
211 190 156
2 1 2409 -92.7100 -145.6500 2 1525 -116.2500 -61.5500
-5.7246804585e-01 -7.6593329545e-01 -5.5929724073e+00
214 176 129
2 1 2419 -124.2500 -154.4200 2 1531 -142.1000 -67.9200
-6.4111655747e-01 -8.6223190515e-01 -5.6185123221e+00
225 199 165
2 1 2427 -132.2500 -171.4800 2 1542 -149.9800 -82.7000
-6.5280904182e-01 -8.9051142974e-01 -5.6251468274e+00
233 209 162
2 1 2429 -133.4400 -176.5100 2 1548 -151.1900 -86.9800
-1.0296001192e+00 -9.3942591834e-01 -5.6590838533e+00
73 36 18
2 1 2437 -187.1800 -184.7100 2 1552 -194.7600 -93.4800
-1.5173436503e+00 -9.5514027163e-01 -5.5650316493e+00
202 165 120
2 1 2441 -267.0900 -188.4900 2 1554 -260.7500 -93.2600
-6.7608530091e-01 -9.6870866051e-01 -5.6412099061e+00
217 194 154
2 1 2443 -135.4900 -190.3800 2 1949 -153.6500 -98.8100
4.3667269735e-01 -1.2540387099e+00 -8.2296889953e+00
47 36 30
2 1 2455 174.7100 -202.3500 2 1610 133.9800 -162.8300
4.6261722398e-01 -1.1143931548e+00 -6.2134977896e+00
78 42 16
2 1 2461 89.5900 -209.9000 2 863 35.1400 -131.8100
-1.9090989925e+00 -1.1545323509e+00 -5.8371450891e+00
175 141 92
2 1 2463 -291.3500 -217.1200 2 1584 -282.3300 -122.9200
-8.4896764925e-01 -1.1911688787e+00 -5.6425684233e+00
144 111 91
2 1 2474 -161.7100 -230.0900 2 1970 -177.5500 -131.3800
-1.8433052444e+00 -1.2349183146e+00 -5.7880076780e+00
196 162 116
2 1 2476 -288.1000 -231.4900 2 1592 -280.7300 -134.0400
-1.8433052444e+00 -1.2349183146e+00 -5.7880076780e+00
196 162 116
2 1 2477 -288.1000 -231.4900 2 1593 -280.7300 -134.0400
4.1337493216e-01 -1.2507757685e+00 -6.2465415614e+00
95 57 36
2 1 2479 84.0400 -233.5100 2 1978 29.5400 -152.2700
-1.1052530159e+00 -1.3155063737e+00 -5.7681421350e+00
116 89 72
2 1 2491 -187.7500 -248.4100 2 1603 -199.0400 -149.2400
-1.9757843644e+00 -1.3590647595e+00 -5.8689988103e+00
190 152 102
2 1 2493 -297.2900 -249.8500 2 1977 -289.3900 -151.2100
3.6064473871e-01 -1.3999020596e+00 -6.2685742823e+00
87 49 25
2 1 2504 77.3600 -259.4500 2 1985 22.7800 -174.4200
-1.3773636120e+00 -1.3998026234e+00 -5.4455268947e+00
169 138 99
2 1 2512 -260.4700 -270.0300 2 1979 -262.8300 -158.6400
-1.5870392700e+00 -1.4433772951e+00 -5.5988760634e+00
210 176 128
2 1 2513 -273.9300 -272.5400 2 1611 -272.8100 -164.3700
-1.5870392700e+00 -1.4433772951e+00 -5.5988760634e+00
210 176 128
2 1 2514 -273.9300 -272.5400 2 1612 -272.8100 -164.3700
-1.4248668477e+00 -1.4620176253e+00 -5.4996753972e+00
152 122 84
2 1 2519 -261.8300 -279.5700 2 1616 -263.7100 -167.8300
-9.6327488622e-01 -1.5633966308e+00 -5.7346716312e+00
38 24 12
2 1 2527 -170.0600 -294.0400 2 1624 -188.2400 -186.9600
-1.2537713759e+00 -1.5965891728e+00 -5.8388406470e+00
90 76 63
2 1 2533 -202.3900 -294.6800 2 1995 -214.0600 -189.6900
4.9859053068e-01 1.3141515924e+00 -5.1221268878e+00
126 92 67
2 1 2544 10.4000 263.3900 2 1104 -12.8400 277.6400
1.9632251724e-01 1.3237062767e+00 -5.0938151513e+00
116 88 64
2 1 2547 -46.9700 256.9700 2 1686 -57.9200 275.3600
1.5538967797e+00 1.8034808680e+00 -7.4126883476e+00
51 33 22
2 1 2548 292.5400 253.8700 2 2033 256.6300 245.7100
3.8866211992e-01 1.2106634493e+00 -5.1208417070e+00
136 99 76
2 1 2554 -9.6800 239.1600 2 1690 -29.5000 259.8300
5.0514060997e-01 1.1620929095e+00 -5.1559150467e+00
155 121 93
2 1 2556 14.8200 231.3700 2 1696 -10.6300 251.9900
2.6999404672e-02 1.0708852159e+00 -5.1564482385e+00
176 127 95
2 1 2565 -70.0200 200.4700 2 1707 -79.1400 229.2200
1.3273100919e+00 9.4918530036e-01 -5.8074555969e+00
146 97 64
2 1 2572 209.2500 179.8600 2 2040 151.6000 197.9200
-3.9060979021e-01 7.5280918878e-01 -5.3077849677e+00
68 38 20
2 1 2587 -124.6600 125.5600 2 1729 -125.7100 167.7400
1.3405133550e+00 1.0144326039e+00 -7.6889773525e+00
79 69 59
2 1 2588 271.4100 124.3200 2 1742 233.8900 130.4600
-1.9867561739e-01 5.2985932560e-01 -5.2151258367e+00
145 111 83
2 1 2604 -101.4500 90.9100 2 2052 -110.3900 140.5300
-2.2974543617e-01 4.7259789750e-01 -5.3001265852e+00
75 46 28
2 1 2611 -98.4000 77.4400 2 1744 -108.3900 127.7300
2.0013287975e+00 7.1620736481e-01 -8.2972167860e+00
61 47 33
2 1 2612 383.9200 76.4000 2 2071 337.9500 80.2900
-4.2084094870e-01 4.0993565890e-01 -5.3613746551e+00
107 75 56
2 1 2617 -123.6700 61.2600 2 1762 -128.8900 114.2100
2.0129218844e+00 4.9458336407e-01 -8.2746553225e+00
91 75 57
2 1 2628 387.3700 46.0200 2 2082 338.3000 52.9300
9.6987959415e-01 1.8448239630e-01 -5.9349052130e+00
61 39 34
2 1 2638 154.0400 27.1600 2 1803 99.7500 70.9800
1.9822905250e+00 3.4512608040e-01 -8.3492968460e+00
174 148 123
2 1 2639 384.8400 23.8100 2 2095 335.4500 31.8200
-8.2647765959e-01 7.6590726913e-02 -5.1106094265e+00
98 76 55
2 1 2652 -213.0400 -0.2800 2 1806 -206.8400 70.1100
1.8934642143e+00 1.4230457229e-01 -8.3973633468e+00
163 137 112
2 1 2660 373.4600 -6.2500 2 2104 324.5700 5.4000
1.8335540932e+00 1.9655201796e-02 -8.4079409907e+00
156 134 110
2 1 2678 365.8700 -23.4800 2 2113 316.3900 -10.7000
-4.5080270087e-01 -6.4719138442e-02 -5.4091213382e+00
150 120 102
2 1 2679 -122.9800 -26.2200 2 1844 -134.1000 41.4600
-4.2579876788e-01 -8.1353230132e-02 -5.4150778214e+00
77 55 34
2 1 2681 -118.4900 -29.1500 2 1846 -130.4500 38.9700
1.0819356477e+00 -1.3102516023e-01 -8.2575108470e+00
83 68 48
2 1 2695 255.6100 -48.1300 2 1901 216.5600 -27.0200
9.2147283987e-01 -1.8642368042e-01 -7.9201988935e+00
73 59 50
2 1 2697 224.3300 -54.8400 2 2124 184.3700 -28.2400
9.1244132114e-01 -3.9553336602e-01 -8.1780248877e+00
64 44 27
2 1 2716 231.9000 -84.6800 2 2139 192.0000 -58.3400
1.0400269778e+00 -4.4729618542e-01 -8.2842140946e+00
150 114 81
2 1 2717 252.7500 -91.4700 2 2143 211.0900 -66.3300
1.1134023525e+00 -4.7918536980e-01 -8.2957562099e+00
118 90 57
2 1 2720 263.4700 -95.6700 2 2145 220.3700 -70.5000
1.1542965116e+00 -4.9826624183e-01 -8.3262194970e+00
124 84 57
2 1 2722 270.0200 -98.2300 2 2146 226.4100 -73.2700
1.3543174575e+00 -5.8235901568e-01 -8.3992897428e+00
122 96 60
2 1 2726 300.5800 -109.2100 2 1946 253.2900 -85.1300
-3.7660223350e-01 -5.2049867197e-01 -5.5404900124e+00
220 182 144
2 1 2727 -98.4600 -109.6000 2 1905 -118.5800 -30.1200
-3.7660223350e-01 -5.2049867197e-01 -5.5404900124e+00
220 182 144
2 1 2728 -98.4600 -109.6000 2 1906 -118.5800 -30.1200
-5.2649680167e-01 -5.5527771496e-01 -5.5437995793e+00
245 230 192
2 1 2734 -121.7000 -116.3800 2 1907 -138.1200 -35.5700
-6.6280942902e-01 -6.1942932100e-01 -5.4998213819e+00
168 126 81
2 1 2735 -147.2400 -128.7700 2 1915 -159.5700 -44.2100
-1.8083681765e+00 -6.5751093205e-01 -5.7653133594e+00
213 175 124
2 1 2739 -284.8300 -136.7100 2 1922 -270.9800 -53.6700
-9.1779783082e-01 -7.1859537404e-01 -5.6375870068e+00
77 42 23
2 1 2743 -172.7000 -146.0800 2 1925 -180.4800 -61.1200
-5.1722100935e-01 -7.2201709488e-01 -5.5873975362e+00
210 184 147
2 1 2744 -116.0800 -146.3800 2 1926 -135.1700 -61.3700
5.9843169692e-01 -7.6197622237e-01 -6.1434708889e+00
66 42 32
2 1 2748 106.2600 -147.8900 2 1940 52.3000 -78.2800
-1.8643276798e+00 -7.3906791390e-01 -5.8010509828e+00
212 173 121
2 1 2749 -288.5400 -149.8300 2 1930 -274.9900 -65.3600
-3.4790237232e-01 -7.4216526325e-01 -5.6035169937e+00
173 139 113
2 1 2751 -87.7800 -149.6800 2 1928 -112.3500 -64.9200
-1.7313426410e+00 -8.7929142643e-01 -5.7172166017e+00
197 160 115
2 1 2758 -280.0800 -173.6200 2 1545 -269.7600 -83.8300
-1.9757131357e+00 -9.8129211211e-01 -5.9006639582e+00
213 171 113
2 1 2762 -293.0200 -187.9500 2 1951 -281.3100 -99.4700
-7.3663158891e-01 -1.0148073439e+00 -5.6303454975e+00
231 175 115
2 1 2768 -145.9000 -198.8500 2 1958 -162.4800 -105.3000
-2.0134038176e+00 -1.1724273423e+00 -5.9169080155e+00
191 155 106
2 1 2774 -296.5900 -218.4200 2 1968 -286.5100 -125.5900
-1.5327540308e+00 -1.2192873941e+00 -5.5707057302e+00
213 173 121
2 1 2779 -269.0000 -234.2600 2 1969 -265.8700 -131.6600
-8.3488972334e-01 -1.2920271355e+00 -5.6884667518e+00
203 146 97
2 1 2783 -155.2100 -247.2900 2 1974 -173.1000 -146.9100
-9.2373846140e-01 -1.4702761728e+00 -5.7127769693e+00
53 39 27
2 1 2800 -166.4000 -278.2900 2 1984 -183.9400 -173.1500
-9.7527748596e-01 -1.5135200800e+00 -5.7181299155e+00
143 119 95
2 1 2807 -173.3400 -285.4600 2 2174 -190.6000 -179.3700
1.8083326843e+00 2.0418983013e+00 -7.6034101334e+00
28 17 13
2 1 2813 335.0200 286.8000 2 2030 298.2700 271.7500
1.0447124649e-01 1.2586043925e+00 -5.0982873830e+00
182 129 84
2 1 2818 -62.4300 241.5800 2 2031 -71.2000 262.9500
-8.4482714472e-02 8.5511993728e-01 -5.1380141403e+00
154 121 93
2 1 2824 -90.2900 157.3800 2 2042 -97.8900 195.5000
-1.0700934645e-01 8.1226128816e-01 -5.1578277915e+00
141 113 91
2 1 2827 -92.1200 147.9800 2 2043 -99.8100 187.5500
-2.3169095863e-01 6.5465140613e-01 -5.2363013486e+00
93 60 36
2 1 2834 -105.0700 113.1800 2 2045 -112.0000 157.9600
1.3988567566e+00 9.0952882422e-01 -7.7730868811e+00
34 25 18
2 1 2836 282.8300 107.8500 2 2314 243.9000 115.0800
1.0576572691e+00 3.9025973285e-01 -5.8817903542e+00
62 41 24
2 1 2843 165.9700 67.4700 2 2064 111.1400 105.1100
1.0576572691e+00 3.9025973285e-01 -5.8817903542e+00
62 41 24
2 1 2844 165.9700 67.4700 2 2065 111.1400 105.1100
-2.4733618455e-01 4.0389757354e-01 -5.3015557335e+00
49 34 15
2 1 2845 -101.0700 64.3200 2 2058 -111.2300 117.2000
9.3558693096e-01 1.6956204468e-01 -5.9259863786e+00
157 118 86
2 1 2861 147.3700 23.9500 2 2078 94.3300 68.9900
-1.5034566261e+00 2.2859525023e-01 -5.5913674366e+00
152 119 76
2 1 2866 -260.7900 11.4800 2 1799 -241.8800 72.7200
-1.2223735346e+00 3.3537010692e-02 -5.4148231174e+00
133 109 71
2 1 2869 -240.0600 -16.3200 2 2083 -227.4100 52.1900
-1.2798499289e+00 1.0669300782e-02 -5.4310328536e+00
156 125 84
2 1 2870 -246.4900 -20.9300 2 2246 -233.1800 48.1100
-1.2182339576e+00 -4.5958057335e-02 -5.3842833650e+00
177 150 104
2 1 2873 -242.7400 -29.7700 2 2088 -230.7300 41.6500
8.0590784521e-01 -1.3857289265e-01 -6.0086203821e+00
155 115 86
2 1 2874 130.6900 -34.6300 2 2100 78.1700 18.9500
-8.7953923014e-01 -3.0301767353e-01 -5.2090967463e+00
210 174 132
2 1 2882 -210.4600 -72.0300 2 2102 -209.2100 9.4800
-1.7791093018e+00 -3.5454513191e-01 -5.7626530199e+00
224 183 129
2 1 2885 -280.9200 -87.4400 2 2114 -263.9200 -12.1600
-1.7678544939e+00 -4.5858049636e-01 -5.7411173678e+00
206 165 113
2 1 2889 -281.9800 -104.3300 2 1899 -265.7800 -25.8800
1.4211179318e+00 -6.6893123405e-01 -8.5280678953e+00
48 34 21
2 1 2894 313.0000 -121.0000 2 2269 265.6400 -97.2100
1.3863512302e+00 -7.3886171434e-01 -8.5624815520e+00
53 41 25
2 1 2896 309.3300 -130.3900 2 2273 262.0900 -106.1700
-8.1475068138e-01 -6.4264880727e-01 -5.6071735025e+00
90 56 44
2 1 2897 -160.0300 -132.5900 2 2134 -169.8300 -49.6600
-8.2129507346e-01 -7.1333307802e-01 -5.6009446951e+00
89 61 40
2 1 2899 -161.7000 -145.2500 2 2140 -171.8500 -59.8900
-1.7060492641e+00 -8.2493910746e-01 -5.6965207984e+00
200 166 121
2 1 2904 -278.8300 -164.7900 2 2147 -268.0400 -75.9800
3.5008679424e-01 -1.6387077582e+00 -8.2202291329e+00
36 23 15
2 1 2921 164.9100 -255.5500 2 2191 122.2000 -209.6300
8.2369008641e-01 -1.7365738364e+00 -8.4166365494e+00
85 75 65
2 1 2928 235.4500 -268.1700 2 2296 185.5400 -226.3200
-1.6940596754e+00 -1.4637112999e+00 -5.6836957734e+00
162 129 88
2 1 2930 -279.7700 -273.2600 2 2169 -277.0100 -166.9200
-1.6940596754e+00 -1.4637112999e+00 -5.6836957734e+00
162 129 88
2 1 2931 -279.7700 -273.2600 2 2170 -277.0100 -166.9200
-6.2515811874e-01 -1.4456742985e+00 -5.7390072931e+00
201 163 125
2 1 2932 -118.4200 -275.0100 2 2171 -144.6200 -171.7700
-6.2515811874e-01 -1.4456742985e+00 -5.7390072931e+00
201 163 125
2 1 2933 -118.4200 -275.0100 2 2172 -144.6200 -171.7700
8.8080706763e-01 -1.8072086395e+00 -8.4368112309e+00
46 36 28
2 1 2935 244.3000 -278.0600 2 2297 193.0200 -235.8000
2.4337915842e-01 -1.5235746753e+00 -6.2673136348e+00
38 21 13
2 1 2938 58.6800 -280.8100 2 2180 6.1600 -192.0100
-6.4555990449e-01 -1.5152149329e+00 -5.7451866787e+00
187 157 119
2 1 2940 -121.0000 -287.4000 2 2175 -147.4400 -182.2000
-1.0090266022e+00 -1.5455687097e+00 -5.7011591712e+00
106 75 50
2 1 2941 -180.1400 -291.5300 2 2177 -196.4500 -183.8500
1.8761698715e+00 1.9875200610e+00 -7.5519726337e+00
26 17 12
2 1 2946 345.3500 282.8600 2 2214 306.0000 268.8200
5.8653248701e-02 1.3133375281e+00 -5.0546278684e+00
138 115 94
2 1 2950 -74.6400 253.2200 2 2213 -80.5000 273.3100
1.0782805015e+00 1.1308002081e+00 -5.2227199846e+00
93 75 61
2 1 2953 129.8300 238.9800 2 2217 80.2300 254.1700
1.4422165200e+00 9.2152934914e-01 -7.8815881876e+00
80 71 62
2 1 2962 291.5400 107.2300 2 2315 253.2700 113.8000
1.4422165200e+00 9.2152934914e-01 -7.8815881876e+00
80 71 62
2 1 2963 291.5400 107.2300 2 2316 253.2700 113.8000
1.9568712379e+00 7.7922173645e-01 -8.2878143175e+00
105 89 68
2 1 2965 376.6300 84.9900 2 2319 331.8500 87.9200
-9.0862658356e-01 -2.4506662317e-02 -5.1650143003e+00
112 95 70
2 1 2978 -219.6300 -20.4600 2 2242 -213.6400 52.5200
-5.0636411165e-01 -4.9726491498e-02 -5.4130599911e+00
110 76 57
2 1 2979 -131.4400 -24.0400 2 2247 -140.7700 43.3100
-2.4512357347e-01 -1.7208109640e-01 -5.4865868348e+00
186 151 128
2 1 2986 -82.4800 -44.6400 2 2251 -102.3900 23.8200
7.6971907495e-01 -2.4810176789e-01 -6.0333898338e+00
154 108 61
2 1 2990 126.4500 -54.8400 2 2255 73.5900 1.5400
-7.0307863745e-01 -2.7029832469e-01 -5.5333748267e+00
145 119 94
2 1 2993 -150.5200 -66.2200 2 2253 -157.7800 6.7800
6.9356171005e-01 -4.4809426680e-01 -6.0896752451e+00
166 121 82
2 1 2998 117.4600 -91.6100 2 2335 64.8400 -29.9300
-1.9132386579e+00 -5.3494356169e-01 -5.8372873431e+00
200 159 107
2 1 3002 -290.9600 -116.9100 2 2261 -274.1200 -38.1100
8.6629252656e-01 -6.2532354806e-01 -8.2337871193e+00
27 18 11
2 1 3003 228.7500 -116.2100 2 2338 187.4600 -87.3900
-3.0330774551e-01 -6.4052736120e-01 -5.6114631452e+00
184 147 120
2 1 3007 -80.1300 -130.9100 2 2262 -104.8700 -49.7500
5.3019663400e-01 -8.5627107127e-01 -6.1632983409e+00
146 105 67
2 1 3008 96.3500 -164.6700 2 2268 43.4700 -92.5100
4.1829141774e-01 -1.1402040727e+00 -6.2292888116e+00
145 99 66
2 1 3017 83.2400 -214.1100 2 2277 29.9700 -135.5300
2.1329179576e-01 -1.2102134754e+00 -5.7446804362e+00
203 146 101
2 1 3021 17.8500 -235.9600 2 2279 -31.3900 -141.1700
-9.6549374522e-01 -1.3076066829e+00 -5.6838640994e+00
101 69 50
2 1 3022 -175.4500 -249.6700 2 2281 -189.3900 -148.3600
-1.0192288547e+00 -1.4809275235e+00 -5.7148140040e+00
107 76 56
2 1 3026 -180.4000 -279.5100 2 2287 -195.5100 -174.0700
1.2734119351e+00 1.0367514070e+00 -7.6617568909e+00
46 29 22
2 1 3034 260.2200 126.5400 2 2369 224.7600 134.2700
1.4796134463e+00 6.9736182477e-01 -8.0944445659e+00
125 101 67
2 1 3039 303.1000 71.6200 2 2375 263.8300 79.7200
1.2452751493e+00 4.4311481012e-01 -8.1215402274e+00
138 116 80
2 1 3045 271.5600 33.3700 2 2383 234.1300 46.3100
-1.3312457797e+00 -1.2844342129e-01 -5.4641952501e+00
142 117 77
2 1 3049 -250.6400 -45.7300 2 2250 -237.5800 27.2700
-1.2020279120e+00 -3.2799162467e-01 -5.3589181050e+00
181 152 104
2 1 3050 -243.4300 -79.1800 2 2254 -234.5400 1.4600
-2.1230544683e+00 -1.1649314651e+00 -5.9788374413e+00
135 107 73
2 1 3059 -304.2200 -215.9600 2 2275 -292.3200 -124.5900
-1.3954020829e+00 -1.2380515572e+00 -5.4891697166e+00
123 102 76
2 1 3060 -258.1400 -239.7800 2 2345 -258.1600 -134.5300
-1.5534687206e+00 -1.5065746087e+00 -5.5948040888e+00
188 150 102
2 1 3064 -269.7800 -283.9600 2 2286 -270.2800 -173.8900
2.0282496933e+00 1.8954587654e+00 -8.2047690540e+00
112 97 82
2 1 3071 378.3000 243.9800 2 2363 343.0600 229.8100
1.3298682044e+00 1.1530299220e+00 -5.7334729584e+00
103 71 54
2 1 3072 205.1000 221.9200 2 2362 149.6100 233.6700
1.5817134226e+00 1.0439896661e+00 -8.3459247326e+00
29 20 13
2 1 3075 319.9500 114.2800 2 2416 285.7500 116.1000
-4.4968695220e-01 6.6246782599e-01 -5.2806595804e+00
86 46 19
2 1 3076 -136.6200 108.8300 2 2367 -136.4500 154.9400
1.3504629687e+00 8.1195628978e-01 -7.9275083867e+00
30 20 10
2 1 3077 280.0900 90.1200 2 2444 242.0900 97.1500
-1.2449805525e+00 2.2725125802e-01 -5.4098759942e+00
163 128 84
2 1 3078 -243.5400 17.1000 2 2372 -228.5200 79.7300
7.7136307674e-01 -2.5941883518e-01 -6.0584922258e+00
175 126 74
2 1 3083 127.9600 -57.2200 2 2421 75.4400 -0.5600
9.7923830338e-01 -2.2794295768e-01 -8.2388723138e+00
114 88 55
2 1 3085 241.7300 -61.5200 2 2426 202.8500 -38.8500
9.3450131364e-01 -5.7057810018e-01 -8.2894110439e+00
52 43 34
2 1 3090 238.9600 -108.8500 2 2430 198.2800 -81.0800
-1.9046770851e+00 -7.8991102941e-01 -5.8039915739e+00
195 157 110
2 1 3093 -294.0600 -158.2400 2 2396 -279.2700 -72.2100
1.1323184562e+00 6.0991979839e-02 -8.1362785402e+00
105 86 56
2 1 3106 258.8800 -19.8100 2 2448 218.6400 -2.0200
9.3849214499e-01 -4.5514275100e-01 -7.9461296427e+00
14 10 7
2 1 3109 229.7100 -92.3400 2 2450 185.8500 -62.9500
-8.1354131555e-01 -6.5615364239e-01 -5.5722602954e+00
82 57 36
2 1 3111 -163.4600 -135.3500 2 2427 -172.4800 -50.8900
-1.3721813965e+00 -9.2354151032e-01 -5.4712301635e+00
119 99 72
2 1 3116 -256.3300 -184.2800 2 2399 -252.5600 -87.9400
-4.6884025541e-01 -4.4314193653e-01 -5.5162024388e+00
215 188 153
2 1 3128 -115.2800 -95.8100 2 2423 -131.8100 -18.1500
-1.2233686692e+00 -1.1051071150e+00 -5.4182339150e+00
71 40 18
2 1 3129 -240.5100 -217.8700 2 2452 -242.5500 -114.8200
-2.1509969824e+00 -1.2966654323e+00 -6.0266305676e+00
156 130 97
2 1 3130 -302.9200 -235.8800 2 2454 -292.9600 -142.6300
1.2873121145e+00 3.4482598405e-01 -8.1072696528e+00
132 106 73
2 1 3136 277.8100 20.2100 2 2460 238.6800 34.9500
1.2794632867e+00 -6.6039992159e-01 -8.7654786331e+00
39 30 15
2 1 3141 297.5100 -119.5900 2 2464 255.5700 -97.9200
1.1586684672e+00 -8.1444838007e-01 -8.6482902698e+00
134 113 92
2 1 3142 279.5500 -140.9400 2 2466 237.2400 -114.6600
-1.6693067947e+00 -1.1552064924e+00 -5.6855940454e+00
193 153 104
2 1 3144 -275.8100 -220.6500 2 2453 -269.2400 -122.6300
1.6161572904e+00 4.5604009674e-01 -8.0049460608e+00
147 118 84
2 1 3159 323.7800 41.4000 2 2489 277.6200 52.1700
1.4825135695e+00 4.9950900259e-01 -8.1930140305e+00
142 117 84
2 1 440 306.8400 42.4000 0 1140 252.2300 -35.9800
1.4863161731e+00 6.9509498516e-01 -8.1890240030e+00
151 124 92
2 1 1433 305.8300 69.5500 0 1118 261.6000 -16.7800
1.2569684631e+00 6.1952938584e-01 -8.1658501805e+00
85 74 46
2 1 1460 273.2000 56.7800 0 518 232.6700 -12.5100
2.5669217488e-01 -1.5290913962e+00 -6.3028777160e+00
132 104 77
2 1 1910 63.8100 -281.1600 0 845 -49.0800 -213.1400
9.6673569490e-01 -1.3441765470e-01 -7.8409802648e+00
69 56 50
2 1 2319 228.0700 -46.9400 0 659 157.4700 -76.8700
1.0338886680e+00 -1.7652209423e-01 -8.1495520373e+00
73 56 36
2 1 2324 246.2100 -54.1500 0 660 177.4500 -77.2900
6.9661872296e-01 -4.5272201285e-01 -6.0891898857e+00
171 119 68
2 1 2361 118.6900 -92.6200 0 768 12.0700 -142.9200
-6.1137032585e-01 -6.3034128846e-01 -5.5109572263e+00
94 54 30
2 1 2391 -138.1800 -130.4700 0 688 -159.4300 -97.2900
-8.4899422647e-01 -1.2377248883e+00 -5.6285031195e+00
147 125 100
2 1 2481 -163.4800 -238.6700 0 1267 -184.4600 -141.2600
1.8009208572e+00 2.6405659409e-01 -8.2709436754e+00
98 78 55
2 1 2644 356.9900 11.6600 0 1186 278.9900 -75.1700
-4.9919045229e-01 -3.7994177504e-01 -5.4745224903e+00
215 164 110
2 1 2715 -124.1700 -84.5400 0 1193 -145.9800 -78.3700
9.1081468376e-01 -1.2820775648e+00 -8.5418939884e+00
127 107 88
2 1 2770 246.8400 -204.1900 0 1287 145.3300 -155.9800
-8.2664408499e-01 -1.2482241444e+00 -5.6393511763e+00
42 25 26
2 1 2781 -159.0600 -240.4200 0 769 -181.9800 -143.3000
6.0423102135e-01 -1.5881242228e+00 -8.0704381671e+00
63 56 46
2 1 2789 194.1700 -252.9500 0 813 86.5100 -177.4000
-9.2196347985e-01 -1.5004380442e+00 -5.6984443361e+00
54 44 32
2 1 2804 -167.8300 -283.9100 0 1294 -190.6400 -160.1000
-7.1643663747e-01 -1.1905481300e+00 -5.6502848771e+00
170 135 105
2 1 2911 -141.1200 -230.2100 0 1606 -170.8200 -143.8700
1.0120977952e+00 -1.2447119871e-01 -8.1559044315e+00
112 91 64
2 1 2988 243.0200 -47.1400 0 1844 177.6700 -71.1700
1.6586354933e+00 9.5106419023e-02 -8.2738984014e+00
45 23 7
2 2 635 290.5700 1.3600 0 669 255.8700 -83.1000
1.2273655983e+00 1.1933108627e+00 -7.5942155891e+00
37 22 13
2 2 1231 216.9700 155.2600 0 430 229.1200 39.7000
1.4317122127e+00 5.5429458566e-01 -8.1870241840e+00
94 79 56
2 2 1375 259.8900 59.3700 0 549 249.2800 -28.0300
-9.6301461892e-01 -9.4636726063e-01 -5.6289630343e+00
70 34 12
2 2 1556 -188.9400 -94.5200 0 697 -187.1100 -104.6400
6.0794747077e-02 -1.9940674674e+00 -6.4103294661e+00
35 25 15
2 2 1666 -11.8100 -260.8300 0 853 -71.1400 -239.4700
7.1587915862e-02 -2.0208432241e+00 -6.4235517503e+00
122 112 101
2 2 1667 -9.8700 -264.9200 0 855 -69.9700 -242.1000
1.4269169643e+00 2.0661463151e-01 -8.2215835457e+00
142 109 73
2 2 1865 259.3800 15.7600 0 1160 234.7400 -60.8900
-7.7923238956e-01 -3.7529067534e-01 -5.5254398695e+00
85 48 27
2 2 1889 -168.1000 -8.8100 0 1156 -166.3600 -59.0700
-8.4041283365e-01 -5.0071320140e-01 -5.5061263349e+00
68 33 11
2 2 1902 -178.9700 -26.9400 0 1172 -176.6600 -69.3600
-8.1884248632e-01 -2.1445732080e-01 -5.1575869748e+00
158 116 86
2 2 2097 -205.6800 24.5800 0 1567 -199.4900 -49.2400
