# Bundle file v0.3
3 194
1.6661372621e+03 6.8766258757e-02 6.7242771902e-03
9.9716465485e-01 1.8002584757e-02 7.3065436864e-02
-3.6418745274e-02 9.6512905179e-01 2.5922883400e-01
-6.5850786744e-02 -2.6115478232e-01 9.6304820936e-01
4.4808288895e-02 1.4829524346e-01 1.5794109105e-02
1.4827868697e+03 1.7888261234e-01 6.3129971534e-03
8.8418117893e-01 -2.4005195771e-01 -4.0074767675e-01
3.6406762095e-01 -1.8343203824e-01 9.1313057923e-01
-2.9270874635e-01 -9.5327212534e-01 -7.4792010679e-02
-2.5842584579e-01 5.6179541797e-01 -5.9513452699e-01
1.3651307805e+03 1.6292505602e-01 -4.5888835547e-02
9.0258966856e-01 -3.5127115979e-01 -2.4887840908e-01
2.6689419193e-01 2.9792740504e-03 9.6372123264e-01
-3.3778599812e-01 -9.3626902983e-01 9.6441294317e-02
-1.2159482433e-01 5.8690360935e-01 -4.0572459640e-01
-1.8586192162e-02 -5.5558506834e-02 -6.1297081863e-01
156 119 90
2 0 923 -58.1600 -189.6700 1 464 -48.0300 16.6000
2.5604282919e-02 -8.5932593744e-02 -6.4843883937e-01
120 91 67
2 0 1129 60.3500 -294.2300 1 1322 141.0100 -16.2100
9.5697461907e-02 3.2300610691e-02 -5.9494618529e-01
72 52 35
3 0 1449 284.6000 63.4400 1 1129 138.5400 116.7400 2 429 265.0100 101.3700
1.0781501858e-01 2.9185190613e-02 -5.9179543294e-01
159 133 98
3 0 1462 322.6200 56.1700 1 248 161.7100 135.5200 2 1912 295.7100 117.5600
1.2290673282e-01 2.0857479289e-02 -5.9204374566e-01
134 105 70
2 0 1500 367.7600 30.1900 1 218 201.1800 151.6500
-4.6893037822e-02 -3.1333239858e-02 -6.0533244844e-01
132 111 90
3 0 1732 -141.2800 -110.6000 1 1302 -146.7100 -5.2200 2 2151 -5.7900 -30.8000
-6.0293538949e-02 -3.1033888338e-02 -6.1633843577e-01
98 72 54
2 0 1739 -179.5700 -115.6700 1 1376 -169.7300 -51.1200
-4.5226805767e-02 -4.9662942240e-02 -6.2411318220e-01
104 70 34
2 0 1791 -137.1600 -175.1200 1 1363 -110.6300 -46.9900
-6.9994184389e-04 -6.8825146255e-02 -6.1532018955e-01
118 93 70
2 0 1843 -5.7600 -231.8800 1 1255 12.0400 37.5500
-1.8927163301e-02 -7.2814903833e-02 -6.3078620199e-01
148 122 93
2 0 1865 -62.6100 -247.6900 1 1332 -15.4100 -24.2400
1.0441471816e-01 3.0802932290e-02 -5.9194512340e-01
154 128 94
3 0 2130 312.5700 60.8500 1 1109 153.6300 131.2300 2 2794 285.6000 114.7600
-5.0574595566e-02 -1.9487804348e-03 -5.8457627852e-01
88 48 24
2 0 2262 -148.8900 -9.9400 1 1263 -189.7300 27.8600
-5.8240492291e-02 -2.8382729236e-02 -6.1369623491e-01
75 34 16
3 0 2371 -173.4000 -106.6800 1 1806 -168.0600 -43.0600 2 2975 -37.4700 -65.5700
-4.1070993295e-02 -4.4022514880e-02 -6.1522497395e-01
214 176 129
3 0 2419 -124.2500 -154.4200 1 1795 -113.1100 -19.6200 2 3503 33.3200 -57.8200
-4.9901631820e-02 -5.7104825702e-02 -6.3372657982e-01
52 27 12
2 0 2451 -151.3400 -200.6000 1 1832 -108.2200 -76.2200
-6.2720950650e-02 -6.1711539545e-02 -6.5360037681e-01
70 39 21
2 0 2467 -186.9300 -220.7100 1 2155 -118.1300 -147.6700
2.9895508158e-02 -7.5365132264e-02 -6.3437823625e-01
87 49 25
3 0 2504 77.3600 -259.4500 1 1755 122.5700 22.4500 2 3502 305.2400 -56.8400
-5.5929873102e-02 -8.5971117726e-02 -6.6802209552e-01
38 24 12
2 0 2527 -170.0600 -294.0400 1 2168 -65.2400 -175.7400
1.0319348008e-01 2.7852946471e-02 -5.9575712338e-01
135 115 86
3 0 2625 306.0200 49.6800 1 1118 157.7700 123.7300 2 2814 289.5600 105.0700
1.0214901519e-01 2.4332923918e-02 -5.9985887878e-01
147 121 87
3 0 2632 300.3300 36.4200 1 1677 163.2800 115.7200 2 3404 294.2700 94.8900
9.1650051060e-02 2.5195002097e-03 -6.2723670378e-01
123 102 72
3 0 2691 252.5700 -42.8400 1 1721 191.9900 55.8500 2 3446 318.9100 20.6800
-4.0384356227e-02 -3.3082669504e-02 -6.0523277155e-01
245 230 192
3 0 2734 -121.7000 -116.3800 1 2079 -128.7500 2.7500 2 3480 15.2300 -24.6900
-4.8200889448e-02 -5.6435601459e-02 -6.3190734016e-01
231 175 115
3 0 2768 -145.9000 -198.8500 1 2118 -104.6900 -70.5500 2 3817 39.6100 -119.5000
-5.1566969408e-02 -5.8365344421e-02 -6.3568394373e-01
198 170 137
2 0 2771 -156.3600 -204.8900 1 2125 -109.7500 -83.2200
9.4884650499e-02 2.6015031466e-02 -6.0202713159e-01
63 56 47
3 0 2855 277.8700 39.9200 1 2027 149.4800 103.5600 2 3409 276.0500 84.5100
9.8357922343e-02 -2.1171652974e-03 -6.2894393190e-01
133 109 75
3 0 2879 271.3500 -57.8000 1 2260 212.9000 60.9100 2 3765 342.0400 20.5500
-7.0309658548e-02 -2.4507278875e-02 -5.9670966977e-01
243 226 167
2 0 2884 -211.7700 -83.5400 1 2092 -221.5000 -12.0700
1.0163221480e-01 2.6581466084e-02 -5.9820458524e-01
72 59 48
3 0 2973 299.8800 44.1300 1 2020 158.4800 117.7100 2 3731 288.9000 98.2000
9.3405552697e-02 2.4277889355e-02 -6.0456672673e-01
138 116 80
3 0 3045 271.5600 33.3700 1 2364 150.7500 97.1800 2 3737 277.0300 77.9700
9.7445273157e-02 -4.7417363659e-05 -6.2805087253e-01
128 103 71
2 0 3082 267.8900 -50.0500 1 2444 206.5500 62.3200
9.4018865729e-02 -1.8952096320e-03 -6.3120947765e-01
68 55 38
3 0 3084 256.3500 -57.3000 1 2494 205.8200 51.3800 2 4061 334.4900 11.9600
9.8682288073e-02 2.4879363927e-02 -6.0083598348e-01
74 61 45
3 0 3102 289.1600 37.7500 1 2492 156.8900 110.4000 2 4056 286.4500 90.1300
9.2515576072e-02 9.1744726849e-03 -6.2076806784e-01
105 86 56
2 0 3106 258.8800 -19.8100 1 2493 178.7700 69.0600
1.1647130807e-01 1.3144393480e-02 -6.0409367388e-01
141 113 76
3 0 3124 338.6100 0.9000 1 2490 207.6000 125.7800 2 4055 347.1700 95.4300
9.5841128472e-02 -1.0279215567e-03 -6.2788989281e-01
130 108 76
2 0 653 265.2900 -53.2900 2 673 336.3600 20.3500
-4.3083531510e-02 -3.9082778905e-02 -6.1268314789e-01
118 82 42
2 0 832 -130.1400 -138.4700 2 907 19.4300 -49.9600
-4.3608564433e-02 -4.1760775548e-02 -6.1532982840e-01
112 85 44
2 0 851 -131.7300 -147.7800 2 934 23.0200 -59.2700
9.3082915247e-02 1.6626680183e-03 -6.2614777460e-01
130 107 79
2 0 1652 258.6100 -44.5800 2 2073 324.4400 22.8800
-5.1229922365e-02 -5.6112356512e-02 -6.3163455955e-01
204 170 125
2 0 1811 -154.1000 -197.2100 2 3025 30.2700 -123.0100
1.0152081210e-01 2.9052227392e-02 -5.9599233969e-01
123 106 80
2 0 2152 300.6900 52.8400 2 1928 283.4200 104.0900
1.1950165373e-01 4.7730986411e-03 -6.1108240135e-01
105 85 61
2 0 2304 342.5900 -28.0500 2 1972 371.0500 81.2300
-5.4007026881e-02 -6.5864345128e-02 -6.4296329320e-01
144 111 91
2 0 2474 -161.7100 -230.0900 2 3555 43.3200 -167.4200
1.0345359486e-01 2.8016894910e-02 -5.9619907791e-01
135 115 86
2 0 2626 306.0200 49.6800 2 2815 289.5600 105.0700
9.2282744367e-02 6.2384591649e-04 -6.2741256068e-01
83 68 48
2 0 2695 255.6100 -48.1300 2 2902 325.1200 18.9800
-4.2574523848e-02 -5.0673217465e-02 -6.2349355798e-01
226 186 141
2 0 3115 -129.1300 -178.1400 2 4095 43.5500 -86.2100
1.1428471771e-01 4.5061485426e-02 -5.3611281924e-01
90 84 72
2 1 57 109.8100 248.6300 2 1700 254.7700 259.3700
8.3064534774e-02 5.8274505620e-02 -5.3131573099e-01
69 52 37
2 1 91 32.8400 225.7400 2 1712 165.8900 247.5900
8.3261795296e-02 5.7872717025e-02 -5.3416182645e-01
31 22 15
2 1 105 36.3500 220.4800 2 2671 168.2700 240.4200
1.0423916445e-01 5.7022869231e-02 -5.4540043072e-01
75 71 62
2 1 114 89.9500 212.5900 2 132 222.0400 224.7800
1.0171948647e-01 5.9335475412e-02 -5.4763831974e-01
70 66 56
2 1 125 85.4800 204.4700 2 142 214.8000 216.7500
3.7265912513e-03 -3.3369591730e-02 -5.5039538627e-01
106 90 75
2 1 144 -75.9200 188.9100 2 1801 97.8500 183.9000
2.2364366999e-02 -2.4732681448e-02 -5.5511198486e-01
83 69 58
2 1 150 -28.8000 186.6500 2 2724 140.8600 179.2600
-1.3836476034e-02 -2.0804163036e-02 -5.4996787939e-01
124 98 75
2 1 188 -127.1200 163.7900 2 1825 31.8700 167.4000
-1.1943062695e-02 -2.4426137517e-02 -5.5384198018e-01
161 126 98
2 1 197 -116.3000 158.5300 2 1845 44.5500 158.0600
-1.1943062695e-02 -2.4426137517e-02 -5.5384198018e-01
161 126 98
2 1 198 -116.3000 158.5300 2 1844 44.5500 158.0600
-4.3170256764e-03 -3.4667205696e-02 -5.6108282723e-01
120 103 83
2 1 209 -83.4700 155.1100 2 1867 84.8000 144.5800
-3.6739311863e-02 8.0414969091e-04 -5.3933367442e-01
136 100 69
2 1 214 -204.9100 152.9700 2 1814 -64.1000 175.7600
-1.2339257875e-02 -2.9823008461e-02 -5.6146387079e-01
125 99 74
2 1 230 -106.1200 142.7800 2 335 55.9700 135.7500
-1.8435796812e-02 -2.4233201109e-02 -5.5943219641e-01
111 80 52
2 1 238 -126.6000 138.1700 2 1878 30.0600 135.6600
1.1820211085e-01 1.0272695633e-02 -6.0018812038e-01
144 119 88
2 1 241 210.7200 137.2500 2 410 352.3000 108.1000
-4.0035522908e-02 -6.7378486493e-03 -5.5468779382e-01
84 59 33
2 1 281 -194.2000 116.9700 2 1888 -54.1100 129.3500
-3.9082852887e-02 -1.0706931779e-02 -5.6024712380e-01
149 106 71
2 1 297 -184.3300 106.4900 2 1914 -42.9900 114.1900
-3.9082852887e-02 -1.0706931779e-02 -5.6024712380e-01
149 106 71
2 1 298 -184.3300 106.4900 2 1915 -42.9900 114.1900
1.1157140956e-01 2.4814316556e-03 -6.2081088263e-01
142 113 79
2 1 324 225.7100 89.6300 2 604 362.3800 50.1800
-6.9437500190e-02 -1.1962226526e-02 -5.6286663997e-01
104 78 47
2 1 358 -261.8000 70.3500 2 1967 -128.2200 83.6200
-2.5969561564e-02 -3.6904923826e-02 -5.8590712607e-01
128 89 56
2 1 360 -110.1700 70.3800 2 2032 44.8300 49.6100
2.9296845145e-02 -6.7531560883e-02 -6.1975084801e-01
133 78 42
2 1 383 96.2200 56.5500 2 766 276.4000 -8.7600
-3.8321024353e-02 -3.1069626029e-02 -5.9010263269e-01
137 97 62
2 1 412 -140.7800 42.9000 2 2065 5.1200 25.5600
-3.9929851242e-02 -3.2080231180e-02 -5.9532438983e-01
167 137 105
2 1 443 -138.5900 27.9600 2 2094 5.7800 7.8300
-4.1125220280e-02 -3.1328163592e-02 -5.9494771215e-01
195 177 146
2 1 444 -142.4700 27.3800 2 717 1.0200 7.8900
-4.1015743783e-02 -3.1221652409e-02 -5.9574051120e-01
202 184 151
2 1 448 -141.4100 25.1800 2 729 1.9700 5.6100
-1.6645582196e-02 -6.0531870161e-02 -6.1207026579e-01
141 106 83
2 1 451 -40.6500 24.1400 2 817 125.6500 -25.7000
-3.2862257801e-02 -4.1971900151e-02 -6.0204409759e-01
212 164 120
2 1 453 -106.9800 23.3900 2 2117 43.7900 -7.4600
-5.2945751750e-02 -1.3581845318e-02 -5.8913680873e-01
76 41 18
2 1 459 -187.4400 20.1200 2 692 -56.9000 15.6900
-4.7840723549e-02 -2.8929107480e-02 -5.9672056628e-01
174 126 84
2 1 465 -159.5200 14.0800 2 2109 -19.8700 -3.3500
-3.9504791316e-02 -3.9044272857e-02 -6.0327966621e-01
217 176 130
2 1 467 -124.8700 11.2500 2 2128 21.5800 -17.1800
-3.8943309889e-02 -3.9791482863e-02 -6.0403861909e-01
186 140 94
2 1 470 -122.3600 9.8700 2 2133 25.0400 -18.8500
-4.6694947061e-02 -3.5476828057e-02 -6.0515095287e-01
227 199 159
2 1 490 -143.9100 -3.7300 2 2150 -2.2300 -29.1600
-5.0437786610e-02 -3.1783614831e-02 -6.0697972256e-01
147 123 95
2 1 514 -153.4600 -14.6000 2 2160 -16.0500 -38.0200
-3.8193452334e-02 -5.2309048800e-02 -6.2363602064e-01
143 123 102
2 1 550 -90.3500 -36.2700 2 990 59.1100 -82.8400
-1.2769187182e-02 -8.7020584303e-02 -6.4355573018e-01
139 107 82
2 1 573 29.2200 -46.8700 2 2311 206.9900 -132.7700
-5.7340534330e-02 -3.8187734667e-02 -6.3469432126e-01
70 43 26
2 1 675 -137.1200 -95.1200 2 1095 -6.5000 -133.3500
-4.9429783837e-02 -6.7162707290e-02 -6.5641754852e-01
198 154 106
2 1 754 -72.7500 -137.2700 2 2396 72.8500 -208.1700
-3.8909680366e-02 -8.1869300932e-02 -6.6745106897e-01
121 102 84
2 1 775 -18.2800 -152.2300 2 2435 137.5700 -242.2400
-7.8894460004e-02 -6.1570338373e-02 -6.5236199992e-01
185 151 112
2 1 793 -167.4400 -165.4700 2 1302 -30.6000 -224.1200
-9.1889851038e-02 -1.8961874844e-02 -6.4649545259e-01
140 107 69
2 1 810 -227.5300 -175.5100 2 2380 -119.5200 -197.4200
-8.6601460675e-02 -6.6412831583e-02 -6.6938364588e-01
157 121 82
2 1 864 -167.0600 -225.9200 2 2610 -34.7000 -295.0700
-2.4722931209e-02 1.9524283129e-02 -5.0111982956e-01
116 83 53
2 1 983 -220.9100 241.2400 2 2627 -77.5100 288.5100
-2.3139613138e-02 1.6240067853e-02 -5.0377744769e-01
118 88 61
2 1 985 -213.4200 238.9900 2 2630 -68.1400 283.5100
-2.1168519556e-02 1.2273285931e-02 -5.0745134833e-01
99 66 39
2 1 989 -203.7700 234.9600 2 2633 -56.0500 276.2300
8.4846231514e-02 5.6601892377e-02 -5.3097047335e-01
53 37 20
2 1 995 37.2000 229.1000 2 2662 171.6500 250.1900
-2.4372065388e-02 9.6547842854e-03 -5.1556535019e-01
117 83 59
2 1 1003 -202.1300 215.1000 2 2660 -56.3600 251.2700
2.9532486528e-02 -1.7006404071e-02 -5.4553568963e-01
99 86 76
2 1 1005 -26.5600 210.2800 2 2701 142.4900 209.9200
-2.3549712553e-02 4.7546155867e-03 -5.2219262382e-01
156 126 102
2 1 1011 -191.4500 203.8600 2 2675 -44.3600 234.3100
2.9537053559e-02 -1.9194526746e-02 -5.4957141336e-01
103 85 68
2 1 1013 -20.8700 202.0500 2 2710 148.4700 198.8800
3.1619269822e-02 -2.2161718867e-02 -5.5202967442e-01
75 53 36
2 1 1017 -11.2800 200.2800 2 2714 159.9400 194.2000
-2.5698178743e-02 1.2734730470e-03 -5.2935437080e-01
116 88 68
2 1 1031 -187.9500 187.3100 2 2699 -41.4400 212.9500
-2.7970240924e-02 -5.5609171760e-04 -5.3443652483e-01
114 82 59
2 1 1043 -187.5800 174.1600 2 1779 -42.0200 196.9300
-2.5358946979e-02 -6.5440440240e-03 -5.4083717351e-01
172 146 123
2 1 1054 -172.0200 165.2300 2 2721 -23.6100 181.7600
-2.6350458321e-02 -1.3024328862e-02 -5.5145561091e-01
164 140 114
2 1 1088 -160.4200 142.6500 2 2751 -11.3400 150.9300
1.1741994048e-01 9.9847721223e-03 -5.9900562111e-01
115 95 67
2 1 1092 207.8900 139.0300 2 2802 350.5700 111.0900
2.9874898478e-02 -4.2413624595e-02 -5.8278242522e-01
170 117 66
2 1 1094 33.0500 137.2400 2 2812 207.6900 105.6500
2.9874898478e-02 -4.2413624595e-02 -5.8278242522e-01
170 117 66
2 1 1095 33.0500 137.2400 2 2813 207.6900 105.6500
-6.0818149505e-03 -4.0380111321e-02 -5.7076090443e-01
87 70 54
2 1 1106 -73.8600 132.4900 2 2798 95.0000 114.4000
-2.0374279733e-02 -2.8351456542e-02 -5.6759645896e-01
166 118 78
2 1 1126 -120.5200 118.2300 2 2805 35.8700 109.9300
3.0080312167e-02 -5.1117479797e-02 -5.9544330122e-01
81 49 29
2 1 1140 55.0000 110.9400 2 2864 231.7100 68.1100
1.0016991172e-01 2.2886629374e-02 -6.0163188822e-01
95 77 52
2 1 1142 162.8600 110.9700 2 2837 292.7500 89.5800
1.0016991172e-01 2.2886629374e-02 -6.0163188822e-01
95 77 52
2 1 1143 162.8600 110.9700 2 2838 292.7500 89.5800
-3.5829826505e-02 -1.5534532086e-02 -5.6428220410e-01
172 116 68
2 1 1158 -169.6700 102.7100 2 2811 -25.5300 105.3700
1.0160554863e-01 1.1149172698e-02 -6.1718044340e-01
133 104 70
2 1 1189 192.2000 84.0200 2 2028 323.4300 51.8500
-1.3332424040e-02 -4.8361755091e-02 -5.9064044353e-01
101 75 58
2 1 1200 -64.8600 78.5300 2 2883 100.4300 46.2600
3.4179070333e-02 -6.1408390184e-02 -6.1275684582e-01
74 41 19
2 1 1208 94.8000 76.4200 2 2081 273.7200 17.9300
-9.8212395769e-03 -6.0505625450e-02 -6.0280554709e-01
122 93 68
2 1 1227 -33.3900 57.2000 2 2912 138.2200 10.7500
-4.4742858294e-02 -3.0841971613e-02 -5.9645990878e-01
92 70 51
2 1 1272 -150.6800 19.1800 2 2103 -8.8700 0.0900
-4.4742858294e-02 -3.0841971613e-02 -5.9645990878e-01
92 70 51
2 1 1273 -150.6800 19.1800 2 2104 -8.8700 0.0900
9.4461637628e-02 -5.5366793481e-03 -6.4791746625e-01
36 26 16
2 1 1279 225.7600 15.5400 2 2157 352.9800 -35.1000
-4.1044825644e-02 -4.1877512990e-02 -6.0915132381e-01
186 145 100
2 1 1303 -120.7000 -4.6900 2 2953 25.1800 -37.5400
-4.7670120705e-02 -3.9175531442e-02 -6.1103391764e-01
243 221 179
2 1 1324 -137.9100 -18.6700 2 2964 3.8800 -49.2000
-4.4127693840e-02 -4.4767737822e-02 -6.1824587882e-01
110 84 52
2 1 1337 -117.1000 -31.7700 2 2215 27.2300 -69.6900
-6.8822870946e-03 -9.2088910906e-02 -6.4309272558e-01
130 104 87
2 1 1341 49.5600 -35.9800 2 3037 234.0700 -126.5100
-4.4891339167e-02 -4.8147592581e-02 -6.2401163761e-01
117 86 48
2 1 1362 -110.6300 -46.9900 2 2248 33.9700 -89.6100
-5.2931487278e-02 -3.8729526134e-02 -6.2142872518e-01
90 67 46
2 1 1379 -140.2200 -53.1100 2 3521 -3.8400 -87.2000
-4.5583126266e-02 -5.2158270548e-02 -6.3098520843e-01
102 73 66
2 1 1395 -102.0400 -65.4500 2 3021 42.8300 -113.8900
-4.5007435883e-02 -5.4454052619e-02 -6.3462259885e-01
147 121 93
2 1 1408 -95.0400 -74.3800 2 3035 50.9100 -125.5700
-2.5388737292e-02 -8.7574700670e-02 -6.5834683785e-01
180 121 87
2 1 1445 13.2500 -105.7600 2 3079 181.4500 -198.3300
-1.3552600512e-02 -1.1935870859e-01 -6.7141805996e-01
30 20 18
2 1 1456 95.0100 -119.3600 2 3124 293.4500 -250.2800
-1.3552600512e-02 -1.1935870859e-01 -6.7141805996e-01
30 20 18
2 1 1457 95.0100 -119.3600 2 3125 293.4500 -250.2800
-4.9290381386e-02 -7.0836387839e-02 -6.6284088843e-01
92 71 47
2 1 1487 -62.0700 -155.1500 2 3105 84.3100 -231.6000
1.1288942745e-01 4.8176903197e-02 -5.2986044777e-01
58 46 30
2 1 1588 98.7200 258.3000 2 3300 243.9900 273.0600
1.0464347754e-01 4.7584197481e-02 -5.3029912165e-01
85 77 66
2 1 1592 83.0800 252.4900 2 3302 226.4600 267.0600
2.6605215907e-03 -1.1997439897e-02 -5.2240379742e-01
83 66 46
2 1 1597 -120.1500 240.0300 2 2649 46.6200 259.5300
8.3502595828e-02 5.8101260406e-02 -5.2988797546e-01
166 147 123
2 1 1602 32.4900 229.2200 2 2661 166.2400 251.5300
-2.4627577386e-02 -2.2494715321e-03 -5.3525200499e-01
170 146 122
2 1 1630 -177.8400 176.2700 2 3341 -30.2100 197.5600
-2.6866184887e-02 -6.5461605198e-03 -5.4208906172e-01
108 82 58
2 1 1642 -174.4600 160.7400 2 2729 -26.8800 176.9100
9.3063006188e-02 3.0911989068e-02 -5.8144999216e-01
81 73 62
2 1 1655 120.9200 144.4700 2 3375 253.3700 135.4800
3.0066428405e-02 -5.2936101355e-02 -5.9848978482e-01
72 51 41
2 1 1687 59.9900 104.1700 2 3428 237.0100 58.8400
3.0066428405e-02 -5.2936101355e-02 -5.9848978482e-01
72 51 41
2 1 1688 59.9900 104.1700 2 3429 237.0100 58.8400
2.9664726171e-02 -5.8152741733e-02 -6.0576739423e-01
91 55 29
2 1 1708 71.9100 88.1200 2 3441 250.2600 36.1200
-4.2981475734e-02 -2.2335428195e-02 -5.8150313456e-01
87 69 48
2 1 1722 -166.5400 55.4000 2 3434 -25.1200 47.8400
2.9050185838e-02 -6.8864767508e-02 -6.2201789890e-01
105 64 44
2 1 1725 99.5200 50.8600 2 3468 279.9600 -16.2600
-4.2744380658e-02 -2.9294749206e-02 -5.9250265076e-01
211 156 109
2 1 1743 -150.4900 30.9800 2 3452 -8.0000 14.1400
-4.2744380658e-02 -2.9294749206e-02 -5.9250265076e-01
211 156 109
2 1 1744 -150.4900 30.9800 2 3453 -8.0000 14.1400
-4.4046527423e-02 -2.7807841437e-02 -5.9194871642e-01
110 79 48
2 1 1746 -155.2000 30.2400 2 2905 -13.9400 14.7100
-4.2564647874e-02 -3.6489142953e-02 -6.0372145908e-01
128 97 69
2 1 1773 -133.8700 5.2500 2 2941 9.9200 -21.1000
-4.1636698478e-02 -3.8855103765e-02 -6.0778993003e-01
217 205 166
2 1 1781 -125.5100 -3.4700 2 3483 18.8100 -33.3100
-5.4377067949e-02 -2.1588589796e-02 -6.0426437660e-01
93 57 31
2 1 1792 -171.1700 -16.6700 2 2948 -40.8900 -32.2500
-5.5520738899e-02 -2.7437383021e-02 -6.1483359836e-01
74 43 24
2 1 1807 -159.9400 -43.4100 2 2978 -29.3900 -66.6400
-5.5520738899e-02 -2.7437383021e-02 -6.1483359836e-01
74 43 24
2 1 1808 -159.9400 -43.4100 2 2979 -29.3900 -66.6400
-7.9406977639e-02 -2.1616712602e-02 -6.0503912922e-01
143 119 78
2 1 1813 -239.0400 -46.7500 2 3800 -114.3900 -56.5800
-4.9582409684e-02 -4.9118989474e-02 -6.2799788036e-01
211 182 144
2 1 1822 -118.2700 -62.9600 2 3011 24.2800 -107.4100
-4.8819355047e-02 -5.1812193960e-02 -6.3343896907e-01
41 22 12
2 1 1831 -108.2200 -76.2200 2 3033 34.5900 -125.0700
-9.1047287205e-02 1.6053889735e-02 -6.0970992839e-01
197 165 118
2 1 1842 -274.1700 -87.3900 2 3511 -174.7600 -75.0400
-1.3574155967e-02 -1.2048834335e-01 -6.7329081677e-01
26 24 18
2 1 1864 98.8200 -124.9600 2 3612 297.6100 -258.1600
-1.0280342268e-02 -8.7436218920e-02 -6.9064094986e-01
133 101 62
2 1 1903 99.2600 -183.0000 2 3257 255.3200 -292.6200
7.6917096706e-03 -1.9013489479e-02 -5.2674641363e-01
74 59 50
2 1 1967 -99.7700 239.7500 2 3691 72.4500 253.4800
-3.1343884317e-02 1.6470654980e-02 -5.1133515173e-01
141 127 105
2 1 1977 -225.6700 213.7600 2 3690 -85.1300 256.0100
1.0545701964e-01 5.8295123766e-02 -5.4873926118e-01
86 77 67
2 1 1985 94.8000 205.8100 2 3330 224.7600 216.4700
-3.1566747427e-02 1.8859551710e-03 -5.3285371989e-01
102 67 51
2 1 1993 -199.2300 172.7800 2 3340 -55.5900 198.4200
-3.3426305348e-02 3.2911471398e-03 -5.3312824266e-01
138 122 94
2 1 1996 -204.0300 169.3500 2 3705 -61.9400 195.7700
3.0778378921e-02 -4.0912983670e-02 -5.8031696048e-01
78 54 41
2 1 2013 31.2800 143.1600 2 3384 206.0800 113.7200
-2.9871597089e-02 -2.5565288816e-02 -5.7510323867e-01
135 102 77
2 1 2033 -138.1500 87.1600 2 3736 11.4300 78.7900
-1.0754372906e-02 -4.8876805156e-02 -5.8891818380e-01
97 75 62
2 1 2034 -59.8100 86.0800 2 3748 107.3500 54.0900
-3.1163036589e-02 -4.3349493748e-02 -6.0321265384e-01
213 192 160
2 1 2066 -100.4500 22.6700 2 3776 51.6300 -9.5700
-3.0167639370e-02 -4.6306885691e-02 -6.0465426056e-01
149 105 73
2 1 2068 -94.5900 21.4300 2 3778 59.6600 -13.2900
-4.1289694468e-02 -3.6232123846e-02 -6.0191134152e-01
234 220 176
2 1 2073 -132.5900 11.4500 2 3780 11.8300 -14.3100
-4.5382803733e-02 -4.2652237472e-02 -6.1578257624e-01
211 162 99
2 1 2097 -124.5700 -27.5500 2 3506 18.9300 -62.5600
-4.3027816142e-02 -4.6748097272e-02 -6.2252474003e-01
204 183 146
2 1 2101 -108.0400 -41.4600 2 3517 36.6000 -82.6900
-4.6011638703e-02 -4.6487891676e-02 -6.2194483654e-01
221 167 106
2 1 2107 -117.0100 -43.2800 2 3518 26.7800 -83.7000
-5.1122006740e-02 -5.5686214770e-02 -6.4108275765e-01
140 113 88
2 1 2135 -103.2800 -99.0400 2 3549 38.9900 -153.7900
-4.8575705839e-02 -6.0552872243e-02 -6.4624243950e-01
195 144 87
2 1 2141 -87.0100 -108.9300 2 3830 57.6400 -170.0900
-2.9381125573e-02 1.4269144884e-02 -5.1262580575e-01
91 66 43
2 1 2216 -218.9000 214.1300 2 3884 -76.7400 254.5300
1.1754098641e-01 2.6034705074e-02 -5.7791346081e-01
85 67 44
2 1 2228 172.5300 175.3800 2 3891 313.0800 161.5300
-4.7643987328e-03 -3.2162837613e-02 -5.6057064050e-01
126 108 86
2 1 2232 -86.5500 153.9600 2 3895 79.8800 145.0900
8.9190422601e-02 3.2550429692e-02 -5.7958757541e-01
87 74 66
2 1 2235 109.7400 144.4700 2 3899 241.1800 137.2700
8.9190422601e-02 3.2550429692e-02 -5.7958757541e-01
87 74 66
2 1 2236 109.7400 144.4700 2 3900 241.1800 137.2700
-5.2522452195e-02 -3.1644516451e-02 -6.1464324975e-01
82 57 40
2 1 2297 -150.2900 -37.6300 2 4014 -16.0900 -63.9500
-5.4985672128e-02 -7.3217419940e-02 -6.6976937754e-01
130 112 92
2 1 2329 -68.1900 -182.5800 2 3853 75.9300 -263.4000
-3.8605773058e-02 2.7103985656e-02 -5.0781199065e-01
78 60 48
2 1 2352 -250.0000 206.7600 2 3983 -116.4200 256.9500
9.4177349803e-02 3.1995080140e-02 -5.9328319292e-01
128 99 65
2 1 2359 133.9500 118.0800 2 3906 261.6700 106.0000
1.1708250991e-01 5.3097256978e-03 -6.1158895539e-01
102 86 59
2 1 2361 225.1800 114.0700 2 3997 364.4700 77.8900
-5.1605362904e-02 -2.2378435506e-02 -6.0051062780e-01
125 100 78
2 1 2381 -167.7500 -3.4000 2 4008 -34.9800 -18.2800
-5.2675942911e-02 -3.0405432000e-02 -6.0843362945e-01
107 81 59
2 1 2383 -157.8000 -20.8500 2 4012 -23.6600 -45.0900
1.1113845523e-01 4.7224280960e-02 -5.2736270096e-01
186 164 140
2 1 2428 93.7900 263.8300 2 3882 239.5900 278.3600
-2.9390703428e-02 1.0064946564e-02 -5.1929115219e-01
103 76 47
2 1 2432 -210.8400 201.2100 2 4047 -67.6300 236.9500
-3.1843998393e-02 -1.7858267373e-03 -5.3985155885e-01
118 88 63
2 1 2433 -191.0200 158.2700 2 3988 -47.5300 178.3700
1.1357778498e-01 1.6749536885e-02 -5.9225622059e-01
164 134 97
2 1 2434 186.8400 146.8600 2 3992 326.8600 124.3000
1.0104244771e-01 1.1624736023e-02 -6.1866686609e-01
128 104 68
2 1 2443 192.4400 80.4700 2 4058 321.9000 47.0100
1.1783734296e-01 4.4957517741e-02 -5.3744128793e-01
29 25 16
2 1 2484 118.2500 248.2300 2 4044 263.6100 258.2800
1.1783734296e-01 4.4957517741e-02 -5.3744128793e-01
29 25 16
2 1 2485 118.2500 248.2300 2 4045 263.6100 258.2800
-2.1200237208e-02 3.6291353760e-04 -5.2375492741e-01
104 76 54
2 1 2487 -182.5500 205.6800 2 4087 -32.2200 233.3000
-4.5305067417e-02 -3.4347448104e-02 -6.0220295857e-01
123 92 72
2 1 2498 -143.8300 5.4400 2 4092 -2.0900 -18.8000
-2.5503303059e-02 2.9152588985e-03 -5.2722478465e-01
127 100 73
2 1 2522 -190.3900 191.2200 2 4111 -44.0400 218.8800
1.0705623550e-01 2.7602419927e-02 -5.8056386713e-01
70 55 44
2 1 2523 152.0600 160.1200 2 4116 288.8900 147.5100
-2.7370852391e-02 -1.0443524122e-02 -5.5013133179e-01
121 89 56
2 1 2524 -165.5300 142.9800 2 4115 -17.9300 153.5000
