# Bundle file v0.3
3 444
4.7289439939e+02 -2.6920652322e-01 4.7394377791e-01
9.5721635077e-01 2.4889837106e-01 1.4760236687e-01
-1.7684791269e-01 9.0690705033e-01 -3.8241916509e-01
-2.2904513441e-01 3.3995470719e-01 9.1212341460e-01
4.5346319593e-01 -1.2730677259e+00 2.2494486683e+00
1.1052899722e+03 1.2309887757e-01 4.4275793642e-02
9.9955487541e-01 -1.2804922327e-03 2.9806230736e-02
-5.9624488281e-04 9.9802150325e-01 6.2870688990e-02
-2.9827764634e-02 -6.2860475512e-02 9.9757649585e-01
1.1135506860e-01 2.0656692075e-01 1.4977048013e+00
1.1510941567e+03 1.4157420049e-01 2.5123399075e-02
9.9877776581e-01 -4.5661852487e-02 -1.8920088712e-02
4.8639824648e-02 9.7604212128e-01 2.1207532849e-01
8.7830511559e-03 -2.1273639257e-01 9.7707015372e-01
-9.2410612959e-02 7.2575225818e-01 1.2982048403e+00
-6.2741263604e-01 1.8027280361e-01 -3.6642066565e+00
104 100 91
3 1 358 -323.5900 78.4700 2 1298 -328.3300 47.4500 0 88 -362.9100 228.3700
4.9606291685e-01 1.2536792971e-01 -3.4614401717e+00
72 52 35
3 1 1449 284.6000 63.4400 2 1265 254.8200 77.4100 0 512 207.7900 35.4400
5.4982628461e-01 1.2016978974e-01 -3.4385339471e+00
139 115 80
3 1 1453 319.3300 62.2800 2 1263 287.9000 79.3000 0 534 234.3700 25.0200
5.0669380957e-01 9.5956951512e-02 -3.4581650852e+00
99 82 59
3 1 1481 291.2100 47.1200 2 1279 262.4400 62.0300 0 542 208.1100 21.7000
5.5473687797e-01 1.0855452652e-01 -3.4366246193e+00
159 133 98
3 1 1462 322.6200 56.1700 2 1267 291.3400 72.8500 0 546 234.9600 19.3800
6.2694347175e-01 6.1090212562e-02 -3.4229660580e+00
134 105 70
2 1 1500 367.7600 30.1900 2 1291 337.6300 50.8400
6.3580697454e-01 4.7944649603e-02 -3.4174380686e+00
165 141 109
2 1 1515 374.2200 22.8400 2 1803 344.5700 44.7300
4.7485020095e-01 -1.0876638349e-01 -3.4554461603e+00
114 91 60
3 1 2336 273.8400 -67.1900 2 1451 256.1100 -52.2000 0 730 163.9000 -58.8600
-2.2832212794e-01 -1.7326808202e-01 -3.1985693871e+00
132 111 90
3 1 1732 -141.2800 -110.6000 2 1479 -163.3400 -85.6500 0 860 -187.5900 -112.7600
-2.3632879751e-01 -2.0828290853e-01 -3.2100564972e+00
169 138 98
3 1 1763 -145.8600 -133.5600 2 690 -166.9300 -109.3500 0 893 -193.9700 -126.2800
-1.9971965437e-01 -2.0386203624e-01 -3.2023438774e+00
196 164 125
3 1 1758 -120.3500 -130.7100 2 682 -142.4900 -104.7400 0 904 -172.8800 -129.6500
5.3970058015e-01 1.1793614619e-01 -3.4438734440e+00
154 128 94
3 1 2130 312.5700 60.8500 2 1777 281.5700 76.7900 0 1465 228.4800 25.7200
5.2196365435e-01 1.0482965165e-01 -3.4517666529e+00
123 106 80
3 1 2152 300.6900 52.8400 2 1786 271.5300 67.9300 0 1468 217.3000 23.0100
4.3027071189e-01 -8.5435369756e-02 -3.4752311326e+00
73 56 36
3 1 2324 246.2100 -54.1500 2 1440 227.4200 -41.4200 0 1545 145.5600 -43.4200
-2.0412718992e-01 -1.7349506838e-01 -3.1955062281e+00
121 92 63
3 1 2377 -124.1700 -110.7700 2 1925 -146.8300 -84.7400 0 1653 -173.3600 -115.9600
-3.0571881412e-01 -2.8983972685e-01 -3.2775904001e+00
73 36 18
3 1 2437 -187.1800 -184.7100 2 1976 -204.0900 -167.0800 0 1686 -231.9900 -135.9200
-2.0611451736e-01 -2.3971209890e-01 -3.2117889280e+00
214 176 129
3 1 2419 -124.2500 -154.4200 2 1952 -145.0300 -128.6200 0 1696 -178.9500 -143.5500
-6.3698917942e-01 1.7691879437e-01 -3.6626203522e+00
186 183 174
3 1 2096 -331.1500 78.2500 2 1296 -335.5600 47.3600 0 1843 -370.5600 227.9600
5.2084521617e-01 7.5757154088e-02 -3.4512850392e+00
147 121 87
3 1 2632 300.3300 36.4200 2 2123 272.2700 52.0200 0 2099 212.1500 10.9500
4.4109766241e-01 -6.5042862320e-02 -3.4725051602e+00
123 102 72
3 1 2691 252.5700 -42.8400 2 2178 232.9300 -29.3100 0 2137 152.9800 -36.8200
-3.3075972914e-01 -1.3152058516e-01 -3.1678579680e+00
243 226 167
2 1 2884 -211.7700 -83.5400 2 2349 -233.3500 -59.1700
-2.3984289124e-01 -3.0868839297e-01 -3.2371650834e+00
231 175 115
3 1 2768 -145.9000 -198.8500 2 2247 -164.4700 -176.0300 0 2248 -201.0100 -164.5900
3.4633549947e-01 -4.3898637062e-01 -3.4492360745e+00
66 58 47
3 1 2922 204.8500 -255.9400 2 2379 201.4200 -248.7200 0 2256 66.8800 -170.4300
-6.3356935860e-01 1.6932886942e-01 -3.6582761424e+00
28 24 15
3 1 2103 -328.9400 74.0900 2 1804 -333.4200 43.4100 0 2364 -368.7300 222.6100
4.8496675428e-01 8.3359339294e-02 -3.4644816563e+00
63 56 47
3 1 2855 277.8700 39.9200 2 2332 250.3900 53.7700 0 2432 195.7700 19.0400
4.7103804472e-01 -9.1912775336e-02 -3.4593807170e+00
133 109 75
3 1 2879 271.3500 -57.8000 2 2345 252.4500 -42.8500 0 2462 163.7700 -51.4600
5.2001639625e-01 8.9364699263e-02 -3.4515729320e+00
72 59 48
3 1 2973 299.8800 44.1300 2 2418 270.9700 59.3500 0 2604 214.0400 16.7300
5.2459054581e-01 1.3781228572e-01 -3.4500483333e+00
125 101 67
3 1 3038 303.1000 71.6200 2 2486 271.2000 86.5300 0 2723 223.9900 36.3400
5.2459054581e-01 1.3781228572e-01 -3.4500483333e+00
125 101 67
3 1 3039 303.1000 71.6200 2 2487 271.2000 86.5300 0 2724 223.9900 36.3400
6.0134721588e-01 7.7630654498e-02 -3.4232903588e+00
161 131 93
2 1 3044 352.2100 39.5400 2 2490 322.0100 59.2400
4.6541650498e-01 -7.8370836968e-02 -3.4600870371e+00
128 103 71
3 1 3082 267.8900 -50.0500 2 2545 248.6700 -35.3600 0 2751 163.3000 -45.9200
4.2199800764e-01 -9.8763205276e-02 -3.4749289838e+00
114 88 55
3 1 3085 241.7300 -61.5200 2 2547 223.4700 -49.0100 0 2752 140.3700 -48.1500
4.4536161430e-01 -4.9302135282e-01 -3.5239469982e+00
178 150 128
2 1 3066 253.7300 -284.4300 2 2525 253.1300 -276.1000
4.4654006830e-01 -9.1152915317e-02 -3.4661851502e+00
68 55 38
3 1 3084 256.3500 -57.3000 2 2546 237.9800 -43.5100 0 2808 152.9700 -48.4200
5.0270949914e-01 7.8714707694e-02 -3.4571300530e+00
74 61 45
3 1 3102 289.1600 37.7500 2 2565 261.4000 52.7900 0 2837 203.5700 14.3700
5.7809060709e-01 1.0503342796e-02 -3.4222576835e+00
141 113 76
3 1 3124 338.6100 0.9000 2 2583 312.9100 21.1500 0 2874 230.3800 -25.5100
-5.1644247468e-01 -3.8797867579e-01 -3.4271154531e+00
156 130 97
3 1 3130 -302.9200 -235.8800 2 2577 -313.5500 -239.5600 0 2880 -341.6200 -120.1500
5.7663261001e-01 4.7313515505e-01 -3.3234069366e+00
75 67 54
2 1 45 355.9700 284.1900 2 12 300.8900 292.9200
6.3569679060e-01 4.3586662657e-01 -3.3894553582e+00
48 41 30
2 1 93 377.3800 250.3800 2 1094 327.2100 258.4300
5.9971627190e-03 3.0386794444e-01 -3.0194148268e+00
135 101 76
2 1 112 19.4100 231.8200 2 82 -29.0900 258.2600
-5.2149903820e-03 2.8794778714e-01 -3.0316886825e+00
134 102 79
2 1 134 11.0600 218.1000 2 103 -35.9100 244.1800
2.8498682376e-01 2.7644488921e-01 -3.0676215163e+00
118 80 67
2 1 156 214.0300 203.3200 2 113 156.7600 237.1700
1.1779476021e-02 2.1154101114e-01 -3.0461642373e+00
142 116 99
2 1 218 22.9300 161.2400 2 158 -22.0600 192.3300
2.7770076123e-01 2.0723796778e-01 -3.0931308826e+00
57 26 10
2 1 227 205.2200 151.3500 2 165 153.1700 187.1900
4.2942311379e-01 2.0609857869e-01 -3.3736173827e+00
85 73 61
2 1 276 258.6200 117.5600 2 217 222.4800 132.2700
-2.5615208707e-01 1.5395527834e-01 -3.1118484069e+00
78 42 20
2 1 278 -164.0900 113.5800 2 216 -192.9800 132.7200
5.0067998720e-01 1.9785812490e-01 -3.4000784804e+00
79 69 60
2 1 284 296.5200 110.4100 2 227 260.6800 125.1200
2.4065975683e-01 9.8462512205e-02 -3.1159802256e+00
175 127 79
2 1 372 176.9700 74.3600 2 249 132.2300 112.9600
5.8666239690e-01 1.3522622250e-01 -3.4136581999e+00
125 96 62
2 1 376 345.0400 73.3300 2 296 311.5400 91.6000
-1.1367552633e-01 9.4327145139e-02 -3.1124476039e+00
144 123 113
2 1 378 -65.3600 72.2400 2 280 -99.0900 99.5400
2.5166716437e-01 9.5487616963e-02 -3.1279221205e+00
49 23 10
2 1 381 183.0900 71.3700 2 257 138.6400 109.0000
5.0603383410e-01 1.3098595313e-01 -3.4332440517e+00
141 121 92
2 1 386 294.7300 69.4600 2 310 262.9200 83.5500
2.4548256712e-01 7.4125664788e-02 -3.1273295307e+00
40 29 11
2 1 415 178.9000 56.9100 2 286 135.7900 95.6700
2.4548256712e-01 7.4125664788e-02 -3.1273295307e+00
40 29 11
2 1 416 178.9000 56.9100 2 287 135.7900 95.6700
5.3776915397e-01 8.4176343730e-02 -3.4377543660e+00
128 102 68
2 1 441 312.3300 42.3900 2 362 283.2000 58.7900
-1.1798237895e-01 5.1255689715e-02 -3.1212518892e+00
136 103 69
2 1 444 -68.3900 42.0800 2 329 -100.2800 70.7600
-1.2704862179e-01 3.0758385881e-02 -3.1273189191e+00
150 123 121
2 1 470 -74.4100 27.7700 2 364 -105.4900 56.4600
2.3531182387e-01 3.0682817605e-02 -3.1424375236e+00
41 23 10
2 1 473 170.3400 26.6100 2 1276 130.1900 65.3900
6.4043342285e-01 5.3406996485e-02 -3.4200071166e+00
159 136 99
2 1 474 376.4100 25.9100 2 1301 346.4500 47.4600
2.2354552681e-01 1.4276850049e-02 -3.1458111639e+00
67 36 10
2 1 497 162.1400 15.4300 2 371 123.0300 54.1300
6.3153409921e-01 3.0918759957e-02 -3.4189563658e+00
170 145 99
2 1 504 371.4400 12.8600 2 394 343.0200 35.0700
-1.3286787408e-01 -1.6770583574e-02 -3.1417371393e+00
140 102 76
2 1 538 -78.1200 -5.2000 2 416 -107.3900 23.9300
-4.5197926948e-01 -1.0623847654e-02 -3.3049258243e+00
172 138 87
2 1 544 -273.9500 -7.2400 2 472 -288.8500 -4.4500
-3.7195257349e-01 -2.3297070633e-02 -3.1990471736e+00
154 130 96
2 1 553 -235.1100 -11.6000 2 456 -255.5700 4.1000
3.7688866631e-01 -1.6974832751e-02 -3.4352646028e+00
41 28 19
2 1 565 220.7700 -15.2800 2 468 197.1800 -0.4900
6.1639916841e-01 -2.4258575512e-02 -3.4359081161e+00
57 40 29
2 1 580 359.6200 -19.5600 2 462 335.0500 1.9200
1.8803448343e-01 -6.6543745283e-02 -3.1584638032e+00
153 96 63
2 1 625 137.4200 -39.1700 2 466 102.7800 0.0800
6.2251461972e-01 -6.8320320877e-02 -3.4510847062e+00
96 77 47
2 1 637 361.2000 -44.8800 2 1403 338.5400 -24.4400
1.9889169841e-01 -7.5943269461e-02 -3.1666582178e+00
140 96 61
2 1 639 143.8300 -45.6100 2 474 109.9100 -6.6300
-1.4238247350e-01 -7.7962506875e-02 -3.1579631664e+00
227 176 149
2 1 641 -84.3200 -46.9800 2 498 -111.3100 -17.4700
-1.3449378581e-01 -7.9566027861e-02 -3.1563197654e+00
218 172 146
2 1 642 -79.0700 -48.0400 2 501 -106.2400 -18.0200
1.9771400038e-01 -8.2162398332e-02 -3.1694652891e+00
156 108 72
2 1 646 142.9000 -49.7500 2 482 109.1700 -11.0300
5.3313801920e-01 -9.9408522037e-02 -3.4685026349e+00
101 76 45
2 1 673 306.2200 -62.8500 2 558 286.9400 -45.5000
6.0264581528e-01 -1.0170451258e-01 -3.4549119507e+00
172 150 110
2 1 676 349.0900 -64.1200 2 552 328.8000 -43.8100
4.4290261384e-01 -1.0688831936e-01 -3.4835908092e+00
125 106 79
2 1 680 252.6100 -66.9900 2 577 234.3900 -53.3500
4.5965932712e-01 -1.1084545132e-01 -3.4845371081e+00
119 95 68
2 1 688 261.7600 -69.3300 2 581 244.1600 -55.0800
-2.0621933174e-01 -1.3477676639e-01 -3.1880767565e+00
221 175 129
2 1 717 -126.0200 -85.2100 2 593 -149.5300 -59.2400
-8.9028121554e-02 -1.3785018272e-01 -3.1503798281e+00
173 140 122
2 1 724 -48.5700 -87.4600 2 576 -75.7500 -53.3300
3.7558355338e-01 -1.5126099779e-01 -3.4693583395e+00
30 19 13
2 1 732 216.7200 -92.1600 2 1476 200.0600 -78.2800
5.8157985798e-01 -1.5605156791e-01 -3.4681420279e+00
159 135 108
2 1 742 335.0800 -95.1100 2 630 318.1400 -75.9800
1.6376247943e-01 -1.5312262427e-01 -3.1854894785e+00
95 51 30
2 1 745 119.2100 -96.9700 2 595 89.5600 -59.0800
-1.8084202299e-01 -1.5400732142e-01 -3.1853477922e+00
237 198 152
2 1 747 -109.2800 -98.0200 2 615 -133.1400 -70.4300
-2.0217033219e-01 -1.5970679787e-01 -3.1941111762e+00
98 64 33
2 1 754 -123.1100 -101.7300 2 628 -146.1000 -75.6200
3.2735492291e-01 -1.8064500147e-01 -3.4702005227e+00
48 38 29
2 1 769 189.4500 -108.8500 2 664 174.1200 -95.9600
-1.5336738569e-01 -1.8721965619e-01 -3.1912200013e+00
117 86 72
2 1 799 -90.8800 -120.0200 2 1485 -114.3900 -91.4100
-1.8706703060e-01 -1.9215403077e-01 -3.1909052050e+00
206 165 128
2 1 806 -113.5900 -123.5100 2 663 -136.0200 -95.6000
1.7864247360e-01 -2.0231094648e-01 -3.2105878160e+00
55 35 29
2 1 814 127.0700 -128.8600 2 657 100.1800 -92.5100
-1.9906498333e-01 -2.1011642301e-01 -3.2028360700e+00
203 169 125
2 1 824 -120.9600 -135.1000 2 688 -142.6700 -108.6000
-1.7939671858e-01 -2.1955024189e-01 -3.2014300564e+00
157 136 119
2 1 834 -107.9400 -141.3500 2 698 -130.0200 -113.9600
-2.5577214596e-01 -2.2217752337e-01 -3.2266376806e+00
149 126 96
2 1 837 -156.9800 -142.3600 2 703 -176.8600 -120.0300
-2.5111340337e-01 -2.2953735489e-01 -3.2217190674e+00
142 107 67
2 1 848 -154.4500 -147.4600 2 717 -174.2200 -124.2100
-2.1628684858e-01 -2.2983636407e-01 -3.2140897645e+00
112 85 44
2 1 851 -131.7300 -147.7800 2 710 -152.7200 -122.7700
1.5621479258e-01 -2.5227085933e-01 -3.2155495379e+00
129 87 53
2 1 875 112.3200 -161.6300 2 719 87.6700 -125.6700
1.5621479258e-01 -2.5227085933e-01 -3.2155495379e+00
129 87 53
2 1 876 112.3200 -161.6300 2 720 87.6700 -125.6700
1.6400398727e-01 -2.6227884876e-01 -3.2275938496e+00
65 36 16
2 1 883 116.4300 -167.5500 2 729 92.6500 -132.7100
1.6400398727e-01 -2.6227884876e-01 -3.2275938496e+00
65 36 16
2 1 884 116.4300 -167.5500 2 730 92.6500 -132.7100
-1.8794672312e-01 -2.7800949811e-01 -3.2159856685e+00
131 108 89
2 1 905 -113.3600 -179.6700 2 760 -133.5700 -153.1400
1.4400002662e-01 -2.8901917020e-01 -3.2295135551e+00
75 40 20
2 1 915 103.6300 -184.9900 2 757 80.6900 -150.7600
-1.9381226263e-01 -2.8726871195e-01 -3.2189552981e+00
154 129 109
2 1 916 -117.1000 -185.6700 2 769 -137.0700 -159.5600
-1.9526697885e-01 -2.9628811578e-01 -3.2253612561e+00
151 123 102
2 1 924 -117.6300 -191.1900 2 782 -137.5300 -165.8700
1.5046228442e-01 -3.1132439586e-01 -3.2317431231e+00
60 36 6
2 1 944 107.3700 -199.7100 2 1546 86.1300 -165.0200
1.2500754381e-01 -3.1217344767e-01 -3.2270275218e+00
109 60 29
2 1 945 91.3900 -200.5800 2 783 69.6900 -166.1700
1.3069405119e-01 -3.2347089394e-01 -3.2305592153e+00
153 98 57
2 1 956 94.8500 -207.8000 2 795 73.7700 -173.5400
-2.6668956488e-01 -3.4910377213e-01 -3.2473533367e+00
116 85 54
2 1 994 -163.7600 -225.0700 2 861 -181.0800 -203.7300
1.3012056510e-01 -3.5752728715e-01 -3.2418002958e+00
127 85 57
2 1 1000 93.8000 -229.3900 2 847 74.5300 -196.3100
-1.2475323756e-02 -3.4963237585e-01 -3.1816026445e+00
114 96 74
2 1 1004 3.1400 -230.0100 2 836 -19.2900 -193.6300
4.1875810244e-01 -4.0854903637e-01 -3.5942073963e+00
53 44 35
2 1 1005 227.0100 -230.5100 2 896 226.9400 -226.9600
4.4390803972e-04 -3.6240327777e-01 -3.1818329424e+00
131 106 91
2 1 1019 11.7000 -238.7600 2 858 -10.2000 -201.8600
-4.7719223943e-02 -3.6526059203e-01 -3.1993854902e+00
106 89 73
2 1 1020 -20.6800 -239.0700 2 865 -41.7100 -205.8700
-4.3300728632e-02 -3.6411239289e-01 -3.1882587410e+00
140 112 89
2 1 1023 -17.8000 -239.4600 2 863 -39.0400 -204.6000
-2.1249446444e-01 -3.7608219683e-01 -3.2462754800e+00
141 120 91
2 1 1028 -128.4900 -242.6700 2 887 -146.0200 -219.6200
-1.6897888725e-02 -3.7222098113e-01 -3.1896743907e+00
120 99 72
2 1 1033 -0.0100 -244.7200 2 870 -21.3800 -209.3400
-2.1610809896e-01 -3.9170741588e-01 -3.2542013933e+00
135 117 94
2 1 1043 -130.4800 -252.2600 2 900 -147.5600 -230.2400
4.4463004176e-01 -4.4196665187e-01 -3.5460725089e+00
62 53 44
2 1 1044 249.0400 -253.0400 2 929 247.4100 -245.7100
-4.3934574187e-01 -4.1140104139e-01 -3.3061485943e+00
152 118 73
2 1 1065 -270.7800 -261.9500 2 940 -284.7400 -251.8600
-3.6926633632e-02 -4.0003463498e-01 -3.1956783562e+00
114 88 65
2 1 1071 -13.6700 -263.2900 2 898 -33.6200 -229.0300
-2.5404020571e-01 -4.1157373599e-01 -3.2611181316e+00
92 63 32
2 1 1073 -155.1800 -265.1100 2 927 -171.1200 -244.8000
-2.2019755650e-01 -4.1185129141e-01 -3.2580740973e+00
148 128 103
2 1 1074 -133.1100 -265.2800 2 923 -149.6900 -243.8100
2.3017262017e-01 -4.6116350555e-01 -3.5095874817e+00
37 24 9
2 1 1078 133.4600 -267.1600 2 2033 128.7800 -261.5500
-1.4107576777e-01 -4.1240186941e-01 -3.2303348332e+00
154 125 93
2 1 1084 -82.5100 -268.2600 2 917 -100.3700 -241.2600
4.7436215854e-01 -4.7138459292e-01 -3.5301808098e+00
63 53 34
2 1 1090 268.4100 -271.5600 2 965 268.2100 -262.4400
-2.0919541043e-01 -4.3171301937e-01 -3.2541600010e+00
187 145 112
2 1 1104 -126.5300 -278.9800 2 951 -142.5600 -256.6500
4.6947030975e-01 -4.8851744549e-01 -3.5356750452e+00
64 51 27
2 1 1109 265.1300 -280.8000 2 991 265.8100 -272.6700
4.6947030975e-01 -4.8851744549e-01 -3.5356750452e+00
64 51 27
2 1 1110 265.1300 -280.8000 2 992 265.8100 -272.6700
-2.1095845139e-01 -4.3802547536e-01 -3.2588483858e+00
192 143 106
2 1 1116 -127.3100 -282.5900 2 962 -143.4000 -260.9900
4.7553101548e-01 -4.9416736116e-01 -3.5405491512e+00
126 111 88
2 1 1117 267.9200 -283.5300 2 1002 269.0700 -275.8800
-4.4278545557e-01 -4.5326939507e-01 -3.3063950741e+00
195 158 116
2 1 1123 -274.0000 -289.5100 2 1007 -287.3100 -279.5500
1.0587021544e-01 -4.5996389133e-01 -3.2722538023e+00
131 87 52
2 1 1128 76.8800 -293.7400 2 1622 62.1300 -265.4300
6.2876309818e-01 4.5109439755e-01 -3.3847653244e+00
85 75 65
2 1 1178 374.1000 259.9600 2 1077 323.3300 267.4100
6.3753872418e-01 4.4850431991e-01 -3.3765640179e+00
83 74 67
2 1 1179 381.1000 259.9300 2 1076 329.8100 268.5000
-9.3181147793e-02 3.4656804420e-01 -3.0480645299e+00
140 124 106
2 1 1184 -51.9900 257.1600 2 1069 -95.2200 273.3800
4.5644855168e-01 4.2343861422e-01 -3.3154450406e+00
44 28 13
2 1 1191 284.0300 254.9900 2 1675 233.8700 263.4700
6.2938891976e-01 4.4061500596e-01 -3.3878214528e+00
82 75 65
2 1 1192 373.8000 253.3000 2 1092 323.7800 261.1900
6.4843503183e-01 4.3700095870e-01 -3.3764288575e+00
94 85 78
2 1 1195 388.0100 253.4400 2 1088 336.3800 262.6900
6.5426826724e-01 4.3650924757e-01 -3.3747066959e+00
90 83 75
2 1 1196 391.6400 253.3600 2 77 340.3200 263.2700
-2.8201519733e-02 3.2136444234e-01 -3.0311535181e+00
172 131 101
2 1 1208 -5.4700 242.2500 2 1083 -52.2300 264.6900
-6.1687527243e-02 3.1488212891e-01 -3.0434384464e+00
116 73 50
2 1 1216 -29.7100 235.3000 2 1095 -73.6700 256.0100
4.5859592431e-01 3.9520824102e-01 -3.3333893378e+00
78 61 51
2 1 1221 282.4700 235.0100 2 1107 234.2500 243.7300
5.9568836919e-01 3.6842413427e-01 -3.4234445953e+00
70 59 53
2 1 1245 347.3400 206.1000 2 1131 302.5700 213.5200
-2.0177935657e-01 2.6103586267e-01 -3.0973354843e+00
107 74 54
2 1 1277 -127.1000 188.8300 2 1145 -160.3700 203.9000
6.0893969696e-01 3.3158836321e-01 -3.4292343862e+00
116 104 92
2 1 1284 353.6400 184.1700 2 1163 311.4900 193.7900
6.1335854503e-01 3.3050306363e-01 -3.4235462549e+00
73 61 50
2 1 1285 357.2600 184.2700 2 1162 314.9600 194.6500
5.5415611167e-01 2.3340015118e-01 -3.4397080087e+00
97 86 64
2 1 1353 320.1800 126.9000 2 1206 284.5300 138.6000
5.5415611167e-01 2.3340015118e-01 -3.4397080087e+00
97 86 64
2 1 1354 320.1800 126.9000 2 1207 284.5300 138.6000
2.5932765152e-01 1.7236262747e-01 -3.0980195019e+00
158 113 63
2 1 1355 192.0400 126.7900 2 1191 142.1900 163.5900
4.3347960864e-01 2.0203013847e-01 -3.3736948682e+00
50 38 26
2 1 1366 261.2400 115.2700 2 221 224.7900 130.0600
4.2901883662e-01 1.9833156856e-01 -3.3765849035e+00
84 74 62
2 1 1371 258.0400 112.7600 2 1214 222.2400 127.4500
4.2421939042e-01 1.6386523252e-01 -3.3832061594e+00
50 37 28
2 1 1397 254.5600 92.1100 2 263 220.2800 107.2900
-2.6273486775e-01 1.1964396225e-01 -3.1180162696e+00
69 39 24
2 1 1399 -168.3000 89.4400 2 1227 -196.1800 109.8800
5.8412597579e-01 1.5760226406e-01 -3.4126056611e+00
69 51 40
2 1 1404 343.2400 86.1400 2 1233 309.3000 104.0000
4.1244128720e-01 1.4286127587e-01 -3.3943765541e+00
64 54 42
2 1 1417 245.9500 78.9100 2 293 213.5900 93.6900
-4.1407020653e-01 1.1811556926e-01 -3.2497311516e+00
156 117 74
2 1 1419 -255.9600 76.9900 2 314 -273.9100 80.3300
2.3218228158e-01 1.0051236808e-01 -3.1129443471e+00
172 126 70
2 1 1422 171.5800 76.0400 2 1221 126.7200 114.5500
2.3218228158e-01 1.0051236808e-01 -3.1129443471e+00
172 126 70
2 1 1423 171.5800 76.0400 2 1222 126.7200 114.5500
2.5313142346e-01 8.8385932640e-02 -3.1241908212e+00
149 117 88
2 1 1440 184.3900 66.7900 2 1232 140.4000 105.4800
2.3719506471e-01 8.2708821666e-02 -3.1233029838e+00
129 89 71
2 1 1451 173.8800 63.1000 2 1235 130.0800 101.4600
4.0983104029e-01 1.0969432319e-01 -3.3978208563e+00
46 31 24
2 1 1456 243.9700 59.3600 2 1778 213.4900 75.0800
5.0266505788e-01 9.3035138460e-02 -3.4416517299e+00
99 82 59
2 1 1482 291.2100 47.1200 2 1280 262.4400 62.0300
2.0313978461e-01 5.3503722754e-02 -3.1274534400e+00
125 107 94
2 1 1486 150.1300 42.9200 2 312 109.0900 81.3500
2.3878618230e-01 4.3470954818e-02 -3.1426555844e+00
31 13 2
2 1 1491 172.7000 35.2300 2 1266 131.7400 73.4000
4.9346732838e-01 6.6437058716e-02 -3.4512958800e+00
72 51 33
2 1 1497 284.7000 31.5700 2 1304 257.3700 45.9800
6.3352412503e-01 5.4423632949e-02 -3.4195521611e+00
121 92 63
2 1 1507 372.2000 26.4100 2 376 342.6400 48.0100
2.0587640100e-01 1.8053323067e-02 -3.1364327124e+00
88 53 34
2 1 1522 151.2600 18.4600 2 1286 111.8600 57.5200
-2.7685041882e-01 9.7724048516e-03 -3.1634643229e+00
20 10 4
2 1 1539 -174.4600 11.8100 2 1821 -199.1300 32.7900
-5.8331947239e-01 4.1104111742e-02 -3.5949873513e+00
26 26 17
2 1 1540 -312.0300 11.6800 2 1380 -317.5300 -12.8700
3.8230617313e-01 2.5179695952e-02 -3.4274449783e+00
57 45 36
2 1 1546 224.5400 9.1000 2 1338 199.0100 23.7900
-3.9194992893e-01 -7.0599831579e-03 -3.2284344881e+00
170 139 96
2 1 1571 -244.6900 -2.0600 2 441 -263.8300 9.4200
6.2433317266e-01 5.8195578694e-03 -3.4278933293e+00
186 157 115
2 1 1572 365.6300 -1.9700 2 1343 338.9600 19.7700
-3.1856437035e-01 -2.3518970550e-02 -3.1332738762e+00
74 33 10
2 1 1586 -206.1300 -9.3800 2 1350 -230.3900 14.9800
2.2214751563e-01 -2.3924732062e-02 -3.1608390861e+00
37 23 14
2 1 1589 159.7500 -10.7400 2 1327 122.9100 27.6800
-4.0721789273e-01 -2.7404069717e-02 -3.2515218737e+00
163 130 87
2 1 1596 -252.0300 -16.0100 2 473 -269.8900 -6.4200
6.0391097353e-01 -3.4032488055e-02 -3.4482933084e+00
44 20 11
2 1 1612 349.7200 -25.5600 2 1367 326.7700 -5.1800
-2.4807984413e-01 -4.6033783737e-02 -3.2021872294e+00
76 39 21
2 1 1614 -152.4400 -26.6500 2 1370 -175.8400 -6.5300
6.1667290921e-01 -5.9404942603e-02 -3.4404841512e+00
166 143 110
2 1 1641 359.4300 -39.8100 2 1385 336.6100 -18.2200
1.8322275893e-01 -6.8654920219e-02 -3.1590768798e+00
77 49 30
2 1 1643 134.1600 -40.5900 2 1363 99.7000 -1.5000
2.1019946373e-01 -7.1548847567e-02 -3.1735959823e+00
46 31 21
2 1 1650 150.6300 -42.7700 2 1365 116.6400 -4.4600
4.2788684701e-01 -9.1322648601e-02 -3.4867317554e+00
127 102 73
2 1 1670 243.3300 -58.3300 2 556 225.0500 -45.3900
4.4432304792e-01 -1.0026150397e-01 -3.4860580169e+00
79 62 41
2 1 1678 252.8700 -63.3200 2 1450 234.7100 -49.8500
6.0848259628e-01 -1.0023606442e-01 -3.4554958013e+00
79 53 41
2 1 1679 352.3400 -63.2900 2 1444 332.0100 -42.9000
6.0848259628e-01 -1.0023606442e-01 -3.4554958013e+00
79 53 41
2 1 1680 352.3400 -63.2900 2 1445 332.0100 -42.9000
4.7458986527e-01 -1.1060346499e-01 -3.4840439816e+00
129 109 76
2 1 1685 270.0500 -69.3100 2 1456 252.8500 -54.4100
-2.7717312136e-01 -1.1779210306e-01 -3.2089076864e+00
101 72 55
2 1 1689 -171.8700 -74.0500 2 1455 -192.9700 -52.9300
6.0859310298e-01 -1.2039696537e-01 -3.4632099157e+00
158 134 110
2 1 1690 351.1300 -74.8300 2 1458 332.2300 -54.9000
-4.4020969264e-01 -1.2932253907e-01 -3.2956087034e+00
135 103 64
2 1 1699 -268.7800 -81.5300 2 623 -283.9100 -73.9100
-3.4245124474e-01 -1.2992724567e-01 -3.1637196740e+00
192 165 123
2 1 1700 -220.1300 -82.5000 2 1462 -241.7900 -58.1300
-1.9247744825e-01 -1.3315459496e-01 -3.1855949064e+00
217 198 167
2 1 1703 -116.9100 -84.1000 2 588 -140.9400 -57.5200
5.8326532065e-01 -1.5123167983e-01 -3.4652673722e+00
156 135 96
2 1 1712 336.3900 -92.4600 2 1472 319.3600 -72.9100
5.8596407361e-01 -1.5676203236e-01 -3.4658340238e+00
70 54 29
2 1 1715 337.9500 -95.6100 2 1473 321.1700 -76.0200
3.9900839621e-01 -1.6828807571e-01 -3.4830855875e+00
62 51 45
2 1 1721 228.3200 -101.6700 2 1483 213.0100 -88.2600
-3.6184459868e-01 -1.6700631247e-01 -3.1870174780e+00
174 147 107
2 1 1727 -231.0300 -107.3300 2 646 -251.2100 -85.0600
-4.4491578493e-01 -1.7790228816e-01 -3.3023399713e+00
140 107 73
2 1 1735 -271.5800 -112.2200 2 1501 -286.0200 -104.1900
1.4611799703e-01 -1.8440529647e-01 -3.1977714859e+00
131 99 77
2 1 1740 106.6600 -117.4800 2 636 79.0600 -80.8200
5.3594774528e-01 -1.9713052859e-01 -3.4996426810e+00
101 89 71
2 1 1741 303.7500 -117.7800 2 1937 290.3400 -102.4100
-2.2804269194e-01 -1.8957276273e-01 -3.2042384586e+00
249 227 190
2 1 1745 -139.9000 -121.4500 2 1494 -161.5800 -96.5000
5.3260159913e-01 -2.0781659259e-01 -3.5040404414e+00
103 92 74
2 1 1748 301.3900 -123.6200 2 1503 288.3900 -108.8300
-1.6932238480e-01 -2.6320787239e-01 -3.2107087877e+00
124 93 70
2 1 1784 -101.1600 -170.0100 2 744 -122.1300 -142.5700
-4.9963734961e-01 -2.7539092443e-01 -3.3811984569e+00
212 173 122
2 1 1785 -296.5400 -170.2800 2 789 -307.6400 -169.9200
-2.2515624881e-01 -2.7195974417e-01 -3.2268779481e+00
104 70 34
2 1 1791 -137.1600 -175.1200 2 1533 -156.8200 -151.0900
-2.2515624881e-01 -2.7195974417e-01 -3.2268779481e+00
104 70 34
2 1 1792 -137.1600 -175.1200 2 1534 -156.8200 -151.0900
-3.1431616598e-01 -2.9861288833e-01 -3.2643778049e+00
85 61 47
2 1 1804 -192.9400 -190.8000 2 1551 -209.7100 -173.1500
-2.5153386630e-01 -3.0604453484e-01 -3.2369118876e+00
204 170 125
2 1 1811 -154.1000 -197.2100 2 1553 -172.6500 -174.6600
-4.4454836036e-01 -3.1874576460e-01 -3.3094163590e+00
198 159 110
2 1 1813 -272.2400 -201.6700 2 834 -286.2000 -192.3500
-4.1859436287e-01 -3.1581224908e-01 -3.2697056073e+00
165 130 91
2 1 1815 -260.5400 -202.5300 2 826 -276.1800 -188.2900
1.4671641407e-01 -3.2573345111e-01 -3.2388114035e+00
59 31 14
2 1 1822 104.4300 -208.6800 2 1554 84.1200 -174.8300
1.2761740240e-01 -3.3232815989e-01 -3.2333260487e+00
150 100 55
2 1 1827 92.8700 -213.3800 2 1557 71.9000 -179.6200
1.2100535829e-01 -3.3632890747e-01 -3.2311319503e+00
115 69 38
2 1 1830 88.5300 -216.3100 2 1561 68.0700 -182.2600
-4.7035585886e-01 -3.7528801949e-01 -3.3462374294e+00
163 126 80
2 1 1846 -284.5100 -234.9600 2 899 -297.1500 -229.9500
-4.4446071488e-01 -3.7622747519e-01 -3.3094841280e+00
170 132 85
2 1 1853 -273.0300 -238.7600 2 1585 -286.9600 -229.1900
-2.1216624871e-02 -3.6862187668e-01 -3.1845839695e+00
63 44 30
2 1 1860 -2.9800 -242.8600 2 1571 -24.3100 -206.8400
-4.5781486675e-01 -3.8832494736e-01 -3.3272996271e+00
179 139 89
2 1 1862 -279.4600 -245.0000 2 1592 -292.5600 -237.6300
3.0599099739e-01 -4.3308664365e-01 -3.5362442869e+00
93 85 76
2 1 1867 172.7200 -248.7000 2 1599 169.3800 -243.1800
3.0599099739e-01 -4.3308664365e-01 -3.5362442869e+00
93 85 76
2 1 1868 172.7200 -248.7000 2 1600 169.3800 -243.1800
-4.0165284993e-01 -3.8733584756e-01 -3.2509965238e+00
144 113 78
2 1 1873 -252.9100 -251.5800 2 1590 -268.9900 -234.2800
-1.4917572429e-01 -3.9352107722e-01 -3.2286896524e+00
136 105 79
2 1 1879 -87.6700 -255.7200 2 2020 -106.1800 -228.8400
4.5326137113e-01 -4.4662772876e-01 -3.5484021355e+00
63 56 45
2 1 1880 253.3300 -255.6000 2 1607 252.6000 -248.1500
3.0749838825e-01 -4.5313864504e-01 -3.5419834733e+00
34 23 17
2 1 1887 173.3800 -259.4900 2 946 170.6200 -254.9400
6.4363826379e-03 -3.9797035300e-01 -3.1884430860e+00
70 43 19
2 1 1889 15.5800 -262.5100 2 1583 -5.0300 -226.1400
-2.4806181641e-01 -4.0921057424e-01 -3.2658165846e+00
158 134 107
2 1 1892 -150.6600 -262.8700 2 1598 -167.0400 -243.1100
-1.8570705280e-01 -4.0591355096e-01 -3.2407241750e+00
147 111 75
2 1 1893 -111.4400 -263.0200 2 1594 -128.8300 -238.5100
4.1220970918e-01 -4.6084732606e-01 -3.5244579461e+00
87 77 68
2 1 1897 234.0800 -265.8500 2 1612 232.3100 -257.3900
-3.3225847740e-03 -4.1989447221e-01 -3.1911065799e+00
189 135 91
2 1 1908 8.9700 -277.3700 2 918 -10.8300 -241.5800
4.7575226317e-01 -4.8598547351e-01 -3.5344218804e+00
130 119 101
2 1 1909 268.7800 -279.5200 2 1628 269.4600 -271.0500
-2.6069907038e-01 -4.4223374359e-01 -3.2719455553e+00
82 62 39
2 1 1912 -158.8400 -284.2200 2 973 -174.4100 -265.5600
-3.6272504771e-02 -4.3408182187e-01 -3.2031658811e+00
68 46 25
2 1 1913 -13.3800 -285.7900 2 2029 -32.0400 -252.4500
5.5409598362e-02 -4.5000794271e-01 -3.2575023273e+00
72 64 53
2 1 1917 45.1700 -289.1700 2 960 29.3900 -260.2800
4.5926274967e-01 4.3501824062e-01 -3.3123056892e+00
33 20 12
2 1 1950 285.9000 262.4000 2 2063 235.7300 270.8800
4.4144745553e-01 3.6124481899e-01 -3.3334331454e+00
44 26 14
2 1 1979 271.8300 214.4800 2 1693 226.1800 224.9900
-1.9178448129e-01 2.7807759697e-01 -3.0956362866e+00
90 46 24
2 1 1988 -120.2200 200.7900 2 1697 -154.2900 215.0900
4.3836956037e-01 3.2108342344e-01 -3.3425861058e+00
77 56 43
2 1 1996 268.4500 189.1200 2 1707 225.4100 201.1600
4.3459593184e-01 3.1183170003e-01 -3.3395491425e+00
72 55 44
2 1 2003 266.5100 183.9400 2 1160 224.1500 196.8000
-1.1380088523e-01 2.3791361571e-01 -3.0695532854e+00
136 116 100
2 1 2012 -66.2900 176.7300 2 1156 -104.9700 199.0700
-1.8948918211e-01 2.3817901985e-01 -3.1108671475e+00
74 39 23
2 1 2019 -117.8600 170.9300 2 1717 -150.6700 186.9000
2.7414136121e-01 2.2857661966e-01 -3.0785768393e+00
142 98 59
2 1 2024 204.9700 168.2400 2 1705 150.8000 203.9300
-9.9780902874e-02 2.2410019516e-01 -3.0729385005e+00
144 109 87
2 1 2026 -56.3600 166.4800 2 1712 -95.1900 190.0100
1.4533522954e-01 2.0335434400e-01 -3.0184197869e+00
44 26 19
2 1 2033 120.7300 159.3000 2 1708 68.5400 198.8700
4.7536593062e-01 2.5936274029e-01 -3.3903935918e+00
73 59 50
2 1 2044 282.9400 146.9600 2 1194 244.3400 159.1300
-2.2142945832e-01 1.3082504616e-01 -3.1429096887e+00
88 43 24
2 1 2075 -137.8400 94.4300 2 1761 -166.8500 113.0000
5.7612904961e-01 1.5266380490e-01 -3.4080663546e+00
34 22 8
2 1 2084 339.9500 83.8700 2 2095 305.1300 101.5700
-2.1525469146e-01 1.1426851132e-01 -3.1617344235e+00
83 41 20
2 1 2086 -132.5100 81.5400 2 1766 -160.8000 99.3900
-6.3648550666e-01 1.7058407624e-01 -3.6100181255e+00
184 185 177
2 1 2089 -338.1600 80.1300 2 1798 -342.4000 49.2300
2.2718201534e-01 1.0590430166e-01 -3.1093596836e+00
56 31 24
2 1 2092 168.5200 80.0200 2 1759 123.4600 118.5200
2.2718201534e-01 1.0590430166e-01 -3.1093596836e+00
56 31 24
2 1 2093 168.5200 80.0200 2 1760 123.4600 118.5200
-6.3500274693e-01 1.6235765456e-01 -3.6094524749e+00
27 28 17
2 1 2099 -337.3500 75.8300 2 1802 -341.9100 45.2100
-6.0878951435e-01 1.6327650009e-01 -3.6226746953e+00
25 22 13
2 1 2100 -321.3800 75.1900 2 1305 -325.8100 44.6800
6.5783758838e-01 9.7502593235e-02 -3.4038502410e+00
100 81 57
2 1 2153 389.5700 52.2800 2 1779 356.7600 74.8300
-6.6315697631e-01 1.0756213222e-01 -3.5943943790e+00
53 54 45
2 1 2166 -355.7700 47.6000 2 1840 -359.7000 18.9200
4.7250467196e-01 8.6861681115e-02 -3.4529674416e+00
119 93 70
2 1 2172 272.0400 42.9000 2 1796 244.5900 56.2400
2.1306675440e-01 4.5927741164e-02 -3.1274286252e+00
57 39 22
2 1 2187 157.0100 37.8300 2 1776 115.8200 76.8800
4.8751538196e-01 7.0250790085e-02 -3.4538540641e+00
73 56 41
2 1 2206 280.7600 33.5500 2 1800 253.6200 47.5500
6.3785433910e-01 5.8890891676e-02 -3.4134254663e+00
181 158 114
2 1 2210 376.2000 29.3900 2 2124 345.7000 51.3900
-4.3941761090e-01 1.1213185917e-02 -3.2912742996e+00
198 162 113
2 1 2229 -267.5700 6.9300 2 1843 -283.2600 10.5100
6.2956534004e-01 5.2814446174e-04 -3.4322230315e+00
88 62 38
2 1 2251 368.0800 -5.0600 2 1841 341.4500 16.3000
-4.2602239195e-01 -1.0065272995e-02 -3.2698180985e+00
146 113 71
2 1 2252 -261.9300 -5.6200 2 1362 -278.5100 1.1200
1.9503841003e-01 -2.4132676576e-02 -3.1471318260e+00
78 42 25
2 1 2264 142.9900 -10.4300 2 1322 106.1100 28.8400
4.0753493983e-01 -1.2768737867e-02 -3.4337778007e+00
71 61 52
2 1 2269 238.5600 -12.8500 2 1847 214.5600 2.8500
6.2701391409e-01 -1.4018427630e-02 -3.4398630220e+00
88 69 52
2 1 2271 365.2800 -13.6000 2 1844 339.5800 7.1600
6.3587343954e-01 -1.7301090111e-02 -3.4431001614e+00
159 135 108
2 1 2290 369.3700 -15.7900 2 2155 344.8700 5.4500
-5.7182818547e-01 -1.2547423704e-02 -3.5815588036e+00
20 17 12
2 1 2297 -308.0000 -16.8300 2 1895 -313.7900 -38.8500
-3.3287549403e-01 -4.0264551937e-02 -3.1417617968e+00
114 90 76
2 1 2301 -215.3000 -21.1400 2 1850 -238.5800 2.6000
-3.5182449467e-01 -6.6056791478e-02 -3.1693610128e+00
140 120 83
2 1 2311 -225.3000 -39.3000 2 1865 -247.0700 -18.1700
-3.4235143089e-01 -7.8537555298e-02 -3.1609148357e+00
142 115 83
2 1 2320 -219.8700 -47.5800 2 1401 -242.1300 -24.7600
6.0717765920e-01 -7.2425693907e-02 -3.4459018440e+00
114 85 53
2 1 2321 352.8800 -47.3900 2 1877 331.1600 -26.2800
-2.6996573688e-01 -1.0407895065e-01 -3.2167083391e+00
84 43 21
2 1 2332 -166.0800 -64.9300 2 1903 -187.8500 -45.0600
1.7374582808e-01 -1.1265981922e-01 -3.1727145777e+00
86 50 36
2 1 2338 126.7000 -70.1500 2 1879 94.9000 -31.4900
-2.6080617891e-01 -1.1767342562e-01 -3.2207573326e+00
94 48 25
2 1 2340 -160.0200 -73.8700 2 1906 -181.2900 -53.6200
-2.1484861389e-01 -1.2114651918e-01 -3.1860875236e+00
178 150 124
2 1 2343 -131.7600 -76.1300 2 1905 -155.5100 -50.6600
-2.1022081341e-01 -1.3118624593e-01 -3.1866856025e+00
87 59 48
2 1 2348 -128.8300 -82.8600 2 1910 -152.2100 -56.9100
1.6279542180e-01 -1.4654049844e-01 -3.1836787867e+00
171 119 68
2 1 2360 118.6900 -92.6200 2 1907 88.7300 -54.7100
1.6279542180e-01 -1.4654049844e-01 -3.1836787867e+00
171 119 68
2 1 2361 118.6900 -92.6200 2 1908 88.7300 -54.7100
5.9763744092e-01 -1.5425148824e-01 -3.4734426501e+00
153 129 104
2 1 2362 343.4300 -93.9800 2 1921 326.4100 -75.1100
5.9330076871e-01 -1.7107065795e-01 -3.4783976200e+00
148 126 102
2 1 2368 339.8700 -103.6400 2 2214 324.6100 -84.8600
-2.8187692737e-01 -1.6791463501e-01 -3.2314092538e+00
75 34 16
2 1 2371 -173.4000 -106.6800 2 1927 -193.2300 -86.8200
-3.6719039091e-01 -1.8060854508e-01 -3.1940620543e+00
163 145 109
2 1 2380 -233.9000 -116.3200 2 1488 -253.7700 -94.6700
-2.6970005143e-01 -2.0916505227e-01 -3.2302264228e+00
91 64 49
2 1 2396 -166.1100 -133.8100 2 1510 -185.1200 -112.3400
1.4967191015e-01 -2.1465445248e-01 -3.1995310966e+00
65 34 13
2 1 2398 108.9900 -137.5100 2 1934 82.5800 -100.2900
-2.9201803043e-01 -2.1684487958e-01 -3.2484404302e+00
67 34 16
2 1 2401 -178.8600 -138.1100 2 1947 -197.6900 -119.4200
-1.5625680478e-01 -2.2586903498e-01 -3.1972937805e+00
211 190 156
2 1 2409 -92.7100 -145.6500 2 1945 -115.3000 -117.0000
1.4144508284e-01 -2.4801092000e-01 -3.2079349123e+00
88 52 35
2 1 2421 103.1300 -159.2700 2 1949 78.3300 -122.7600
-4.6914347715e-01 -2.5683086408e-01 -3.3370872125e+00
181 146 102
2 1 2422 -283.4200 -160.8600 2 1539 -296.0600 -155.5700
-2.1769332414e-01 -2.6638170031e-01 -3.2247795914e+00
225 199 165
2 1 2427 -132.2500 -171.4800 2 1963 -152.3300 -147.1300
1.3682483986e-01 -2.6753028261e-01 -3.2142660303e+00
74 47 32
2 1 2428 99.7500 -171.8600 2 1959 75.9200 -136.0000
-2.1962597494e-01 -2.7414417847e-01 -3.2268669908e+00
233 209 162
2 1 2429 -133.4400 -176.5100 2 1536 -153.3300 -152.3500
-2.2913000857e-01 -2.8984649749e-01 -3.2354385908e+00
91 58 39
2 1 2439 -139.2800 -186.4100 2 1971 -158.5100 -163.3000
-2.2913000857e-01 -2.8984649749e-01 -3.2354385908e+00
91 58 39
2 1 2440 -139.2800 -186.4100 2 1972 -158.5100 -163.3000
-4.3317358028e-01 -2.9634598753e-01 -3.2900724198e+00
202 165 120
2 1 2441 -267.0900 -188.4900 2 1989 -281.9600 -177.0500
-4.5486027132e-01 -2.9985690613e-01 -3.3195177812e+00
205 168 116
2 1 2442 -277.3000 -188.9800 2 1558 -290.6900 -181.1000
1.5324674012e-01 -2.9676093321e-01 -3.2324435051e+00
50 27 15
2 1 2444 109.0300 -190.0400 2 1968 87.2700 -155.5000
-2.4714927817e-01 -3.1119346155e-01 -3.2372696604e+00
52 27 12
2 1 2451 -151.3400 -200.6000 2 1990 -169.6500 -177.8500
-2.4714927817e-01 -3.1119346155e-01 -3.2372696604e+00
52 27 12
2 1 2452 -151.3400 -200.6000 2 1991 -169.6500 -177.8500
1.2238993579e-01 -3.2652601264e-01 -3.2295398317e+00
78 42 16
2 1 2461 89.5900 -209.9000 2 1988 68.5100 -175.7600
-4.8646534524e-01 -3.4962294565e-01 -3.3674384303e+00
175 141 92
2 1 2463 -291.3500 -217.1200 2 2011 -303.0900 -214.6800
-2.6428615435e-01 -3.5758985825e-01 -3.2534215220e+00
144 111 91
2 1 2474 -161.7100 -230.0900 2 2258 -178.9300 -209.4000
-4.7897525149e-01 -3.7148889044e-01 -3.3588253441e+00
196 162 116
2 1 2476 -288.1000 -231.4900 2 2017 -300.3700 -228.0100
-4.7897525149e-01 -3.7148889044e-01 -3.3588253441e+00
196 162 116
2 1 2477 -288.1000 -231.4900 2 2018 -300.3700 -228.0100
1.1448878242e-01 -3.6340240972e-01 -3.2390850889e+00
95 57 36
2 1 2479 84.0400 -233.5100 2 2004 64.6100 -200.6100
-4.9732705609e-01 -4.0354140610e-01 -3.3805850124e+00
190 152 102
2 1 2493 -297.2900 -249.8500 2 2027 -308.3600 -248.9600
-2.4178372309e-02 -3.8406479239e-01 -3.1917129496e+00
65 52 35
2 1 2498 -4.9500 -252.6700 2 2012 -25.8100 -217.6800
-4.5473052790e-01 -4.0322845900e-01 -3.3257303137e+00
176 138 91
2 1 2499 -277.8700 -254.7100 2 2026 -291.1800 -247.1400
1.0499427636e-01 -4.0429865528e-01 -3.2507663995e+00
87 49 25
2 1 2504 77.3600 -259.4500 2 2019 59.8300 -228.2300
-4.4476605209e-01 -4.2832571706e-01 -3.3109391518e+00
210 176 128
2 1 2513 -273.9300 -272.5400 2 1620 -287.6900 -263.1600
-4.4476605209e-01 -4.2832571706e-01 -3.3109391518e+00
210 176 128
2 1 2514 -273.9300 -272.5400 2 1621 -287.6900 -263.1600
-3.2734193388e-01 -4.4714608343e-01 -3.3196488562e+00
62 39 23
2 1 2520 -197.7800 -282.2700 2 2036 -211.5800 -270.8400
5.7620479743e-02 -4.4044787909e-01 -3.2589044812e+00
59 51 40
2 1 2522 46.5800 -282.5900 2 1609 30.4000 -253.8200
-2.8492802631e-01 -4.5499519270e-01 -3.2805074393e+00
136 113 91
2 1 2526 -174.0600 -291.8700 2 2040 -189.1300 -274.9200
-2.7870389172e-01 -4.5849042478e-01 -3.2812581066e+00
38 24 12
2 1 2527 -170.0600 -294.0400 2 2041 -184.9600 -277.0000
-2.7870389172e-01 -4.5849042478e-01 -3.2812581066e+00
38 24 12
2 1 2528 -170.0600 -294.0400 2 2042 -184.9600 -277.0000
-3.3466999192e-01 -4.6710039790e-01 -3.3251259222e+00
90 76 63
2 1 2533 -202.3900 -294.6800 2 2289 -215.4300 -284.0800
6.3449637728e-01 4.2874157538e-01 -3.3954018252e+00
117 104 88
2 1 2553 374.8600 244.9600 2 2069 326.5100 253.5300
-3.3945082299e-02 3.1574710804e-01 -3.0263824280e+00
136 99 76
2 1 2554 -9.6800 239.1600 2 1676 -55.9800 262.4400
-2.9706032346e-04 3.0444355866e-01 -3.0241470274e+00
155 121 93
2 1 2556 14.8200 231.3700 2 2066 -33.3200 256.9700
-1.2216611703e-01 2.5120938787e-01 -3.0698629488e+00
169 124 97
2 1 2570 -72.3300 185.9800 2 1702 -110.5800 207.1100
2.6123909167e-01 2.3810936019e-01 -3.0726723949e+00
62 46 30
2 1 2574 196.6800 175.7100 2 2073 142.3300 210.9800
6.0787068620e-01 2.1412797790e-01 -3.4532410961e+00
50 36 28
2 1 2592 349.3000 115.1400 2 2311 313.3100 127.3500
4.6178376801e-01 1.9248323880e-01 -3.3830837165e+00
90 80 68
2 1 2595 276.3500 108.7500 2 1756 240.7300 124.1600
-1.6159290381e-01 1.0249394000e-01 -3.1173418010e+00
75 46 28
2 1 2611 -98.4000 77.4400 2 2094 -129.9600 102.3100
6.5144179785e-01 1.3994711700e-01 -3.4093373419e+00
61 47 33
2 1 2612 383.9200 76.4000 2 2099 349.7000 97.0600
4.8212226369e-01 1.0600125039e-01 -3.4479026728e+00
60 49 32
2 1 2623 278.1900 54.0200 2 2110 249.5900 67.5100
5.2776926190e-01 9.7262028010e-02 -3.4397693415e+00
135 115 86
2 1 2625 306.0200 49.6800 2 2115 276.6200 65.2900
5.2776926190e-01 9.7262028010e-02 -3.4397693415e+00
135 115 86
2 1 2626 306.0200 49.6800 2 2116 276.6200 65.2900
6.5600837153e-01 8.7282639806e-02 -3.4096438635e+00
91 75 57
2 1 2628 387.3700 46.0200 2 2112 355.2900 68.2000
6.4726577218e-01 8.1975797386e-02 -3.4132452892e+00
175 150 117
2 1 2629 381.6500 42.8200 2 2117 349.7100 64.3400
-2.2517220076e-01 5.4528391096e-02 -3.1731712536e+00
90 47 25
2 1 2630 -138.8800 40.9300 2 2118 -165.0400 60.5700
5.0840892331e-01 6.9804019336e-02 -3.4447271923e+00
78 64 47
2 1 2635 294.3200 33.8200 2 2125 266.4200 49.1600
6.5830439935e-01 5.0538164291e-02 -3.4301388576e+00
174 148 123
2 1 2639 384.8400 23.8100 2 2128 355.3400 44.9100
5.2091855850e-01 1.2768527361e-02 -3.4498449769e+00
139 107 69
2 1 2651 301.2900 1.2600 2 2149 275.8600 17.8300
-3.2935918187e-01 -9.9091847320e-03 -3.1382330705e+00
98 76 55
2 1 2652 -213.0400 -0.2800 2 1834 -236.8000 22.6000
6.4163425011e-01 -9.3341352281e-04 -3.4390773042e+00
163 137 112
2 1 2660 373.4600 -6.2500 2 2150 347.7400 15.1000
5.7073078103e-01 -1.7676501688e-02 -3.4436495454e+00
143 111 76
2 1 2673 331.5800 -15.8800 2 2157 306.8800 3.2600
4.0345866221e-01 -2.5779419433e-02 -3.4379261282e+00
66 57 48
2 1 2677 235.4600 -20.5300 2 1856 212.7700 -4.7700
6.3054595721e-01 -3.0860677681e-02 -3.4477078370e+00
156 134 110
2 1 2678 365.8700 -23.4800 2 2168 341.5300 -2.9700
2.0890936132e-01 -4.8384589291e-02 -3.1632275183e+00
101 59 17
2 1 2680 150.8500 -27.1000 2 2152 115.2300 11.5000
-1.9375061974e-01 -5.1239291715e-02 -3.1648180412e+00
77 55 34
2 1 2681 -118.4900 -29.1500 2 2166 -144.5900 -3.1000
-4.0347901160e-01 -5.5562032844e-02 -3.2380551892e+00
190 158 109
2 1 2685 -251.4400 -33.7800 2 2177 -269.8300 -21.7900
4.4671791963e-01 -7.3358164430e-02 -3.4743034513e+00
83 68 48
2 1 2695 255.6100 -48.1300 2 1882 235.9200 -33.8600
5.8373399016e-01 -1.1255487616e-01 -3.4545415989e+00
114 88 60
2 1 2704 338.5100 -70.2300 2 2190 318.4000 -50.4100
1.7070705243e-01 -1.3284993829e-01 -3.1791516016e+00
69 43 42
2 1 2711 124.2800 -83.5500 2 2186 93.4400 -45.2400
4.0880939876e-01 -1.3823855819e-01 -3.4941936853e+00
64 44 27
2 1 2716 231.9000 -84.6800 2 2202 216.1500 -72.2000
4.7496573532e-01 -1.6216444686e-01 -3.4906757027e+00
124 84 57
2 1 2722 270.0200 -98.2300 2 2213 254.9700 -83.5700
5.1514603409e-01 -1.7742520953e-01 -3.4845356018e+00
121 95 67
2 1 2725 294.1000 -106.9900 2 2216 279.3200 -90.7000
5.2578933154e-01 -1.8137603118e-01 -3.4832993337e+00
122 96 60
2 1 2726 300.5800 -109.2100 2 2219 285.6500 -92.6500
-1.6434630539e-01 -1.7131042931e-01 -3.1851230359e+00
220 182 144
2 1 2727 -98.4600 -109.6000 2 2209 -122.1100 -80.9400
-1.6434630539e-01 -1.7131042931e-01 -3.1851230359e+00
220 182 144
2 1 2728 -98.4600 -109.6000 2 2210 -122.1100 -80.9400
-2.3862014270e-01 -2.0038028226e-01 -3.2035992132e+00
168 126 81
2 1 2735 -147.2400 -128.7700 2 1938 -168.2200 -103.6800
-2.0896172526e-01 -2.2236388101e-01 -3.2102434069e+00
244 232 180
2 1 2741 -127.1500 -142.9800 2 2229 -148.3200 -117.4000
-2.8231016545e-01 -2.2915711702e-01 -3.2498752614e+00
77 42 23
2 1 2743 -172.7000 -146.0800 2 2231 -191.1300 -126.9300
1.4582412520e-01 -2.3058791747e-01 -3.2038136821e+00
66 42 32
2 1 2748 106.2600 -147.8900 2 2226 80.5500 -111.0600
-1.4841081569e-01 -2.3152597158e-01 -3.1922590744e+00
173 139 113
2 1 2751 -87.7800 -149.6800 2 2230 -110.3900 -120.0200
-4.9395555135e-01 -3.0436704930e-01 -3.3819294996e+00
213 171 113
2 1 2762 -293.0200 -187.9500 2 2248 -304.7900 -187.4500
-4.9931136507e-01 -3.5410683184e-01 -3.3872704200e+00
191 155 106
2 1 2774 -296.5900 -218.4200 2 2261 -307.7100 -218.2700
-4.3577197482e-01 -3.6758828422e-01 -3.2968981137e+00
213 173 121
2 1 2779 -269.0000 -234.2600 2 2264 -283.3400 -223.1000
2.9714533762e-01 -4.5598161309e-01 -3.5395847808e+00
150 128 106
2 1 2791 167.6100 -261.4400 2 2382 165.3500 -256.7000
-3.7878021427e-01 -4.1285690117e-01 -3.2575904559e+00
37 17 5
2 1 2793 -237.2800 -267.6800 2 2272 -253.2100 -250.4900
-2.7229126055e-01 -4.3315107311e-01 -3.2723771036e+00
53 39 27
2 1 2800 -166.4000 -278.2900 2 2275 -181.7300 -259.8700
-2.7229126055e-01 -4.3315107311e-01 -3.2723771036e+00
53 39 27
2 1 2801 -166.4000 -278.2900 2 2276 -181.7300 -259.8700
5.0143181893e-01 -4.9569453126e-01 -3.5515783123e+00
182 158 135
2 1 2803 280.7200 -283.3300 2 2388 282.7800 -276.1900
-2.8301753845e-01 -4.4417225488e-01 -3.2745803766e+00
143 119 95
2 1 2807 -173.3400 -285.4600 2 2281 -188.4100 -267.6200
5.4373168973e-01 4.7855708494e-01 -3.3240425678e+00
28 17 13
2 1 2813 335.0200 286.8000 2 1655 281.9400 294.7300
-1.2495634002e-01 3.2651707680e-01 -3.0422940129e+00
125 104 83
2 1 2817 -75.0600 244.2500 2 2301 -116.0700 261.7000
-1.0768536303e-01 3.2516801114e-01 -3.0502301471e+00
182 129 84
2 1 2818 -62.4300 241.5800 2 2065 -104.0600 259.0300
-1.4848361513e-01 2.1286898603e-01 -3.0833855134e+00
154 121 93
2 1 2824 -90.2900 157.3800 2 2303 -126.2700 178.9600
-4.1640906137e-01 2.3347655506e-01 -3.2515194774e+00
133 101 70
2 1 2825 -256.5700 150.1400 2 2079 -275.3200 146.8000
-1.5135662167e-01 2.0005423275e-01 -3.0872422789e+00
141 113 91
2 1 2827 -92.1200 147.9800 2 2305 -127.6600 169.9400
4.8243376729e-01 2.5206538202e-01 -3.3928323456e+00
30 20 11
2 1 2828 286.7400 142.4800 2 2307 248.4300 154.9700
4.6314548124e-01 2.2602304391e-01 -3.3749120302e+00
40 29 22
2 1 2830 278.6600 129.3100 2 2308 240.4300 143.7000
4.7530395571e-01 1.9243148311e-01 -3.3946422173e+00
34 25 18
2 1 2836 282.8300 107.8500 2 2405 246.8000 122.2300
2.2434109632e-01 8.8252796241e-02 -3.1157051871e+00
62 41 24
2 1 2844 165.9700 67.4700 2 2314 121.9100 106.0200
-1.6570858551e-01 8.3849934414e-02 -3.1221735318e+00
49 34 15
2 1 2845 -101.0700 64.3200 2 2100 -131.9400 89.5900
2.1191099061e-01 8.0449137648e-02 -3.1264185583e+00
109 93 74
2 1 2847 156.3900 61.3500 2 2317 113.4000 98.5500
6.3432023449e-01 8.4131790929e-02 -3.4176156948e+00
126 100 67
2 1 2853 373.0600 43.8100 2 2330 341.2900 64.4400
1.7849440150e-01 -5.9635657409e-02 -3.1601310462e+00
155 115 86
2 1 2874 130.6900 -34.6300 2 2335 96.3500 3.9900
-3.2954719496e-01 -1.1463653577e-01 -3.1689311603e+00
210 174 132
2 1 2882 -210.4600 -72.0300 2 2347 -232.6100 -48.4400
-4.6606287774e-01 -1.3894110316e-01 -3.3302439024e+00
224 183 129
2 1 2885 -280.9200 -87.4400 2 2212 -294.0400 -83.5000
-4.6788926199e-01 -1.6619064328e-01 -3.3322393160e+00
206 165 113
2 1 2889 -281.9800 -104.3300 2 2223 -295.2300 -100.1100
5.4938974748e-01 -2.0206498786e-01 -3.4891887490e+00
48 34 21
2 1 2894 313.0000 -121.0000 2 2440 299.9700 -103.9900
-4.9413050826e-01 -2.0996605715e-01 -3.3724962521e+00
203 162 109
2 1 2895 -293.4300 -130.4700 2 2363 -304.9200 -129.9400
-2.6149923908e-01 -2.0775200683e-01 -3.2336419749e+00
90 56 44
2 1 2897 -160.0300 -132.5900 2 2358 -179.9300 -111.5600
-2.6397663150e-01 -2.2715547925e-01 -3.2366984549e+00
89 61 40
2 1 2899 -161.7000 -145.2500 2 2361 -180.9600 -124.1700
-4.5857741317e-01 -2.6197203712e-01 -3.3226399698e+00
200 166 121
2 1 2904 -278.8300 -164.7900 2 2241 -291.9000 -157.6700
-4.8865516207e-01 -3.1304823929e-01 -3.3603474813e+00
219 177 119
2 1 2908 -293.4500 -194.8800 2 2252 -304.8000 -191.8100
-2.3859899742e-01 -3.8654530579e-01 -3.2558514169e+00
160 123 80
2 1 2916 -144.9700 -248.8300 2 2376 -162.0200 -227.6500
-2.4888100842e-02 -3.8809394899e-01 -3.1943379875e+00
72 59 39
2 1 2920 -5.3900 -255.1200 2 2375 -26.1800 -220.5300
2.9245381762e-01 -4.4573105900e-01 -3.5399413003e+00
36 23 15
2 1 2921 164.9100 -255.5500 2 2380 162.1300 -250.8300
2.2459664034e-01 -4.6846044240e-01 -3.5034987049e+00
224 210 183
2 1 2929 131.3700 -271.8400 2 2280 125.7500 -266.2600
-4.5887179725e-01 -4.3368522235e-01 -3.3367265689e+00
162 129 88
2 1 2930 -279.7700 -273.2600 2 2384 -292.2100 -266.9400
-4.5887179725e-01 -4.3368522235e-01 -3.3367265689e+00
162 129 88
2 1 2931 -279.7700 -273.2600 2 2385 -292.2100 -266.9400
4.3115861247e-01 -4.8245844602e-01 -3.5282763486e+00
46 36 28
2 1 2935 244.3000 -278.0600 2 2386 244.3700 -269.7200
7.6946997678e-02 -4.3912473931e-01 -3.2657263721e+00
38 21 13
2 1 2938 58.6800 -280.8100 2 2381 42.7500 -252.3700
4.8451273762e-01 -4.9014842172e-01 -3.5316954203e+00
63 50 33
2 1 2939 273.5700 -282.5200 2 2465 275.7500 -273.1000
-2.0031993803e-01 -4.4394039332e-01 -3.2519611092e+00
187 157 119
2 1 2940 -121.0000 -287.4000 2 2383 -136.8200 -264.5700
4.9221439451e-01 1.9241678206e-01 -3.3999343105e+00
80 71 62
2 1 2962 291.5400 107.2300 2 2406 256.2000 121.9900
4.9221439451e-01 1.9241678206e-01 -3.3999343105e+00
80 71 62
2 1 2963 291.5400 107.2300 2 2407 256.2000 121.9900
2.3146169849e-01 1.0910916977e-01 -3.1121607694e+00
58 37 28
2 1 2966 170.9100 81.8700 2 2409 126.1500 120.1900
2.3146169849e-01 1.0910916977e-01 -3.1121607694e+00
58 37 28
2 1 2967 170.9100 81.8700 2 2410 126.1500 120.1900
2.0686380068e-01 5.5656450775e-02 -3.1269759267e+00
114 85 63
2 1 2972 152.7300 44.4200 2 2415 111.4300 82.9000
3.9156145236e-01 -5.4374606039e-02 -3.4452531796e+00
64 56 45
2 1 2985 228.0800 -36.9300 2 2429 206.5300 -21.7900
-1.4020851457e-01 -7.4504230402e-02 -3.1624108968e+00
186 151 128
2 1 2986 -82.4800 -44.6400 2 2428 -109.8600 -15.8600
1.7279571181e-01 -8.9768074140e-02 -3.1674158586e+00
154 108 61
2 1 2990 126.4500 -54.8400 2 2340 93.5200 -16.3100
-2.4548807054e-01 -1.0611958774e-01 -3.2095907095e+00
145 119 94
2 1 2993 -150.5200 -66.2200 2 2346 -172.9500 -44.7500
1.6503288427e-01 -1.2235867815e-01 -3.1767430735e+00
165 113 71
2 1 2995 120.6100 -76.6000 2 2432 89.4800 -38.4200
1.6105358639e-01 -1.4488086859e-01 -3.1822499137e+00
166 121 82
2 1 2998 117.4600 -91.6100 2 2435 87.7800 -53.4600
-4.8654063636e-01 -1.8710733870e-01 -3.3544753257e+00
200 159 107
2 1 3002 -290.9600 -116.9100 2 2360 -303.0600 -114.8600
-1.3688691238e-01 -2.0357859358e-01 -3.1932514855e+00
184 147 120
2 1 3007 -80.1300 -130.9100 2 2438 -103.0900 -101.5200
1.3173344331e-01 -2.5680789738e-01 -3.2152785613e+00
146 105 67
2 1 3008 96.3500 -164.6700 2 2444 72.1000 -129.2900
4.1659205646e-01 -3.0354582301e-01 -3.5644499127e+00
29 20 13
2 1 3009 228.7400 -174.4600 2 2447 222.5200 -167.6700
1.1330599415e-01 -3.3357269373e-01 -3.2354596260e+00
145 99 66
2 1 3017 83.2400 -214.1100 2 2448 62.8600 -180.8500
9.3969754429e-03 -3.5721578262e-01 -3.1742414434e+00
203 146 101
2 1 3021 17.8500 -235.9600 2 2451 -4.4200 -197.7800
-2.8673529768e-01 -3.8940233584e-01 -3.2704841625e+00
101 69 50
2 1 3022 -175.4500 -249.6700 2 2457 -191.3100 -231.3900
-2.9496588370e-01 -4.3634197618e-01 -3.2816527939e+00
107 76 56
2 1 3026 -180.4000 -279.5100 2 2462 -195.3200 -262.7900
4.3424447086e-01 2.2273975805e-01 -3.3806192951e+00
46 29 22
2 1 3034 260.2200 126.5400 2 2480 223.8500 140.1600
2.2523499132e-01 1.2389467077e-01 -3.1066941806e+00
113 86 66
2 1 3036 167.2400 92.4800 2 2481 121.7400 130.3800
6.5920273806e-01 1.6940548407e-01 -3.4170378750e+00
86 69 60
2 1 3037 386.9200 92.9800 2 2483 350.8200 111.7100
4.9144241246e-01 1.3313964489e-01 -3.4418609351e+00
133 104 71
2 1 3040 284.7000 69.9700 2 2536 253.7600 83.0000
4.7234923522e-01 7.0197282302e-02 -3.4594200255e+00
138 116 80
2 1 3045 271.5600 33.3700 2 2538 244.1700 46.1300
4.0969190250e-01 -1.3424532145e-01 -3.4882674657e+00
66 40 18
2 1 3051 233.8200 -82.2000 2 2507 216.3400 -69.8100
3.6556142793e-01 -1.4681450441e-01 -3.4650900106e+00
77 64 55
2 1 3052 211.6100 -89.6300 2 2508 194.4300 -75.7400
3.9091721772e-01 -1.7527438221e-01 -3.4830654423e+00
60 51 44
2 1 3053 223.7600 -105.6400 2 2509 208.8500 -92.3200
-4.3726902729e-01 -4.4541636569e-01 -3.3083769338e+00
188 150 102
2 1 3064 -269.7800 -283.9600 2 2463 -283.5000 -274.1400
6.4092538035e-01 4.2766084173e-01 -3.3989630358e+00
112 97 82
2 1 3071 378.3000 243.9800 2 2476 329.2900 252.0900
2.7098979982e-01 3.0080592742e-01 -3.0577714527e+00
103 71 54
2 1 3072 205.1000 221.9200 2 2530 147.6300 254.8900
4.7683064003e-01 1.6515934377e-01 -3.4161173634e+00
30 20 10
2 1 3077 280.0900 90.1200 2 2563 246.9100 104.0000
1.7565639788e-01 -9.3252428926e-02 -3.1710699674e+00
175 126 74
2 1 3083 127.9600 -57.2200 2 2542 95.4400 -18.8700
4.2350429098e-01 -1.8131858508e-01 -3.5039603730e+00
52 43 34
2 1 3090 238.9600 -108.8500 2 2550 225.9700 -96.2400
-2.2150955996e-01 1.1721707059e-01 -3.1296076559e+00
99 53 29
2 1 3100 -138.9400 86.5000 2 2535 -167.9800 107.2800
-3.5409288960e-01 -2.2099416450e-02 -3.1875321453e+00
103 81 58
2 1 3105 -224.0500 -10.2900 2 2541 -246.1800 6.8600
-2.6693564670e-01 -2.1204291724e-01 -3.2356367660e+00
82 57 36
2 1 3111 -163.4600 -135.3500 2 2574 -183.1800 -114.6200
-1.7735159700e-01 -2.1668222792e-01 -3.1997311641e+00
152 123 112
2 1 3112 -106.8100 -139.5500 2 2573 -128.7000 -111.8500
-4.1182727155e-01 -2.8749483665e-01 -3.2636334652e+00
119 99 72
2 1 3116 -256.3300 -184.2800 2 2557 -272.6500 -169.5800
6.4547449399e-01 -7.5430537948e-02 -3.4677242130e+00
173 146 121
2 1 3126 371.3500 -49.0600 2 2585 349.5300 -29.6800
-1.9059704301e-01 -1.5090405227e-01 -3.1916008197e+00
215 188 153
2 1 3128 -115.2800 -95.8100 2 2570 -139.1500 -69.4500
-3.8376283375e-01 -3.3668586954e-01 -3.2460357081e+00
71 40 18
2 1 3129 -240.5100 -217.8700 2 2588 -257.8600 -199.9900
4.8089111559e-01 4.6279518043e-02 -3.4508487620e+00
132 106 73
2 1 3136 277.8100 20.2100 2 2592 251.2900 34.7800
5.3129490101e-01 -2.0052873641e-01 -3.5166845089e+00
39 30 15
2 1 3141 297.5100 -119.5900 2 2595 286.5000 -105.1800
5.0303183214e-01 -2.4052291216e-01 -3.5370527031e+00
134 113 92
2 1 3142 279.5500 -140.9400 2 2596 269.9400 -129.5600
4.6824533326e-01 -3.8091387134e-01 -3.5712109345e+00
133 112 91
2 1 3143 256.3500 -217.2800 2 2609 255.6000 -209.8400
1.6288665800e-01 -1.8932017666e-01 -3.2036255323e+00
153 98 40
2 1 3150 117.1900 -120.5600 2 2606 89.8800 -84.0000
1.6288665800e-01 -1.8932017666e-01 -3.2036255323e+00
153 98 40
2 1 3151 117.1900 -120.5600 2 2607 89.8800 -84.0000
4.6782682263e-01 -4.5858030493e-01 -3.5823914437e+00
52 45 35
2 1 3155 256.0700 -259.4200 2 2612 258.3900 -254.5100
4.6782682263e-01 -4.5858030493e-01 -3.5823914437e+00
52 45 35
2 1 3156 256.0700 -259.4200 2 2613 258.3900 -254.5100
-2.0250026265e-01 -1.3374690228e-01 -3.1815688071e+00
215 164 110
2 1 2715 -124.1700 -84.5400 0 2196 -170.2900 -99.5200
-2.0127871313e-01 -1.8173831104e-01 -3.1964068696e+00
245 230 192
2 1 2734 -121.7000 -116.3800 0 2212 -172.1400 -120.2200
4.1015968446e-01 -1.8192294509e-01 -3.4621914041e+00
52 43 34
2 1 3089 238.9600 -108.8500 0 2755 124.1200 -81.6600
5.5543388551e-01 -1.5551079756e-01 -3.4240762114e+00
147 116 78
2 2 625 307.3900 -74.5500 0 793 194.2800 -86.4400
4.8896929813e-01 -2.9220910542e-02 -3.4541808326e+00
137 107 71
2 2 1371 259.5100 -6.5000 0 648 181.2000 -29.1300
5.6727445867e-01 -1.0147072355e-01 -3.4210597209e+00
111 85 52
2 2 1443 311.6900 -42.9900 0 754 208.1400 -67.8700
