# Bundle file v0.3
3 59
2.1330079682e+03 1.9466498354e-05 4.3052498596e-07
9.9999977087e-01 -4.7676396163e-04 4.8058694630e-04
4.7636974980e-04 9.9999955029e-01 8.2005261451e-04
-4.8097770171e-04 -8.1982348952e-04 9.9999954827e-01
2.5870708125e-04 4.6933492427e-04 -3.0024383796e-05
2.1333690628e+03 -1.8439002950e-06 1.0079874726e-07
8.7240967908e-01 -3.7716820438e-02 -4.8731795915e-01
3.3976595035e-01 -6.6993668879e-01 6.6010903038e-01
-3.5136939371e-01 -7.4145955686e-01 -5.7164436033e-01
-2.7834543696e-01 3.8556183302e-01 -8.7970308569e-01
0 0 0
0 0 0
0 0 0
0 0 0
0 0 0
5.3964305799e-02 9.1595139737e-03 -5.5375239594e-01
64 47 29
2 0 512 207.7900 35.4400 1 1129 138.5400 116.7400
6.0652714947e-02 6.4353504989e-03 -5.5192902162e-01
129 109 80
2 0 534 234.3700 25.0200 1 247 156.4300 135.5900
6.8876008870e-02 -3.0623693068e-03 -5.6008844401e-01
127 104 70
2 0 599 262.1000 -11.3900 1 218 201.1800 151.6500
4.9692518410e-02 -8.0051422411e-03 -5.8456693500e-01
129 104 74
2 0 648 181.2000 -29.1300 1 1189 192.2000 84.0200
-1.2998339535e-02 -1.5247312409e-02 -5.2855305140e-01
125 94 74
2 0 737 -52.4500 -61.3900 1 190 -119.7400 161.2900
-1.3295089754e-02 -1.6579694672e-02 -5.3113726324e-01
189 157 129
2 0 749 -53.3700 -66.4600 1 197 -116.3000 158.5300
-5.1896358810e-02 -3.1220266050e-02 -5.9095228719e-01
126 106 89
2 0 860 -187.5900 -112.7600 1 1302 -146.7100 -5.2200
-1.9910266108e-02 -3.1727074970e-02 -5.6238111556e-01
129 110 93
2 0 880 -75.5700 -120.3100 1 1132 -82.6600 116.5500
-1.9910266108e-02 -3.1727074970e-02 -5.6238111556e-01
129 110 93
2 0 881 -75.5700 -120.3100 1 1133 -82.6600 116.5500
-1.5483866075e-02 -3.1979281336e-02 -5.5862729468e-01
95 79 64
2 0 884 -59.2300 -122.0300 1 1106 -73.8600 132.4900
-2.7736001397e-02 -3.7748507305e-02 -5.7977018985e-01
125 97 73
2 0 926 -101.9700 -138.9900 1 1202 -77.7300 78.1600
-5.3170743475e-02 -4.0624418709e-02 -6.0884032979e-01
122 98 59
2 0 931 -186.3200 -142.5300 1 1337 -117.1000 -31.7700
-5.5281517535e-02 -4.3990273697e-02 -6.1614447800e-01
121 92 57
2 0 954 -191.4500 -152.5100 1 1363 -110.6300 -46.9900
-3.1351190081e-02 -4.2209654033e-02 -5.9037951067e-01
123 97 71
2 0 955 -113.3000 -152.6100 1 1226 -69.9900 57.5000
-3.1351190081e-02 -4.2209654033e-02 -5.9037951067e-01
123 97 71
2 0 956 -113.3000 -152.6100 1 1225 -69.9900 57.5000
-2.9951387365e-02 -4.5021930002e-02 -5.9371294642e-01
155 127 100
2 0 979 -107.5800 -161.8900 1 379 -57.8400 58.5600
-2.9443320982e-02 -4.9906544158e-02 -6.0120384139e-01
132 112 88
2 0 1023 -104.5200 -177.1900 1 1229 -40.0200 52.9800
-2.2281196421e-02 -5.1343769098e-02 -5.9694450745e-01
123 101 78
2 0 1034 -79.5900 -183.6000 1 1196 -21.4500 79.4100
-4.5210220849e-02 -5.3753855079e-02 -6.2216840643e-01
139 104 72
2 0 1037 -154.9600 -184.5500 1 1797 -57.3100 -20.4800
-2.3219662068e-02 -5.3039811187e-02 -6.0042881709e-01
112 80 59
2 0 1044 -82.5500 -188.5300 1 1213 -17.4300 73.5700
-2.9951953539e-02 -6.6560172629e-02 -6.2919809491e-01
109 84 56
2 0 1117 -101.6500 -225.8300 1 1268 21.6200 21.5300
5.9207449937e-02 6.6434452177e-03 -5.5285290895e-01
131 113 86
2 0 1465 228.4800 25.7200 1 1109 153.6300 131.2300
-1.7374607445e-02 -1.7058587243e-02 -5.3580206620e-01
113 91 79
2 0 1579 -69.0900 -67.8400 1 1084 -122.1700 143.8200
-1.7374607445e-02 -1.7058587243e-02 -5.3580206620e-01
113 91 79
2 0 1581 -69.0900 -67.8400 1 1083 -122.1700 143.8200
-2.3180742530e-02 -2.1280985829e-02 -5.4819482914e-01
201 152 111
2 0 1604 -90.0800 -82.8100 1 1126 -120.5200 118.2300
-1.0393749742e-02 -2.6253283800e-02 -5.4421707314e-01
98 80 65
2 0 1632 -40.5700 -102.8900 1 1068 -83.0900 157.8200
-1.2724089486e-02 -2.6931996102e-02 -5.4765506048e-01
112 97 78
2 0 1637 -49.3600 -104.9200 1 1077 -84.9300 148.5000
-2.8371764613e-02 -3.6135879155e-02 -5.7787924656e-01
124 94 68
2 0 1684 -104.6200 -133.5000 1 1205 -83.8400 77.6300
-1.3553352795e-02 -3.8606915771e-02 -5.6775822787e-01
103 85 65
2 0 1698 -51.4400 -144.7800 1 1107 -48.7700 131.3400
-2.2264625675e-02 -4.1464616935e-02 -5.8069195012e-01
99 80 62
2 0 1709 -81.7800 -152.3800 1 1702 -55.4100 94.0800
-5.6037566423e-02 -5.1164705726e-02 -6.2808324644e-01
117 89 64
2 0 1739 -190.5100 -173.9700 1 2114 -88.5000 -63.5500
-3.4040412260e-02 -5.0333125695e-02 -6.0619108598e-01
121 95 68
2 0 1741 -119.6800 -177.3300 1 1739 -47.4300 33.2800
-2.6446439852e-02 -5.0864414156e-02 -5.9993995715e-01
112 90 66
2 0 1750 -94.0800 -180.9600 1 1720 -31.0700 63.7300
-6.6055906969e-02 -5.5668467246e-02 -6.4379471592e-01
151 126 99
2 0 1752 -219.0500 -184.7200 1 2316 -96.0200 -117.1400
-2.3331112143e-02 -5.4274891331e-02 -6.0253196361e-01
100 84 66
2 0 1755 -82.6000 -192.2800 1 1217 -13.2800 71.2400
5.5949426805e-02 2.8515945125e-03 -5.6233119921e-01
127 113 84
2 0 2099 212.1500 10.9500 1 1677 163.2800 115.7200
4.2723288871e-02 -1.0293977391e-02 -5.9486756820e-01
124 104 79
2 0 2137 152.9800 -36.8200 1 1721 191.9900 55.8500
-2.3758820708e-02 -2.0103626790e-02 -5.4667949923e-01
129 99 79
2 0 2177 -92.9400 -78.2900 1 1675 -124.9100 118.1700
-6.6240241426e-02 -2.5134947784e-02 -5.7986890247e-01
250 231 185
2 0 2188 -243.8900 -92.5500 1 2092 -221.5000 -12.0700
-1.4426658807e-02 -2.4279655059e-02 -5.4490145303e-01
130 117 101
2 0 2191 -56.4200 -94.9900 1 1654 -95.8000 145.6900
-3.3133227146e-02 -3.1396189567e-02 -5.7421880174e-01
170 131 102
2 0 2208 -122.8000 -116.8100 1 2049 -108.6100 67.1300
-4.7806350535e-02 -3.3339248605e-02 -5.9233290714e-01
240 225 182
2 0 2212 -172.1400 -120.2200 1 2079 -128.7500 2.7500
-1.1374946672e-02 -3.1182360307e-02 -5.5336546581e-01
96 76 60
2 0 2213 -43.8900 -120.1200 1 1652 -69.2700 148.4600
-2.5693871993e-02 -3.2191389682e-02 -5.6865113876e-01
130 101 73
2 0 2216 -96.3000 -120.8200 1 1701 -91.7900 94.1100
-4.2065725195e-02 -3.3674264715e-02 -5.8746112927e-01
231 192 153
2 0 2219 -152.6600 -122.4300 1 2065 -116.4300 25.5100
-2.4380851151e-02 -4.1318668992e-02 -5.8244146720e-01
99 80 65
2 0 2241 -89.2600 -151.4100 1 2034 -59.8100 86.0800
-2.4951034324e-02 -4.6215819929e-02 -5.9093042615e-01
105 85 63
2 0 2252 -90.2100 -166.8600 1 2044 -44.3700 76.9100
-2.0558042801e-02 -4.7739522464e-02 -5.8933552273e-01
160 130 101
2 0 2260 -74.4100 -172.8800 1 2245 -31.0800 91.8400
5.1584606193e-02 5.0491373887e-03 -5.6275569343e-01
56 47 41
2 0 2432 195.7700 19.0400 1 2027 149.4800 103.5600
4.5989593096e-02 -1.4436587082e-02 -5.9891293865e-01
137 114 81
2 0 2462 163.7700 -51.4600 1 2260 212.9000 60.9100
-2.7701488964e-02 -4.8349209472e-02 -5.9686036272e-01
100 81 67
2 0 2506 -98.8100 -173.0100 1 2257 -42.6900 62.8500
5.6170358794e-02 4.3715942390e-03 -5.5982574302e-01
67 55 39
2 0 2604 214.0400 16.7300 1 2020 158.4800 117.7100
-1.1640466250e-02 -2.5766934247e-02 -5.4464296602e-01
141 125 101
2 0 2637 -45.5400 -100.8500 1 2232 -86.5500 153.9600
-3.0924344753e-02 -4.6348948895e-02 -5.9659490785e-01
151 120 88
2 0 2651 -110.4600 -165.9000 1 2370 -55.6300 53.0600
5.7743984761e-02 7.0007586243e-03 -5.5398694533e-01
66 55 38
2 0 2731 222.2000 27.1600 1 2239 151.3500 126.2100
4.5729125682e-02 -1.2867030085e-02 -5.9659012330e-01
131 110 80
2 0 2751 163.3000 -45.9200 1 2444 206.5500 62.3200
4.3058027273e-02 -1.3612935437e-02 -6.0028742129e-01
74 61 44
2 0 2808 152.9700 -48.4200 1 2494 205.8200 51.3800
5.3764907509e-02 3.7214923771e-03 -5.6260742976e-01
68 58 48
2 0 2837 203.5700 14.3700 1 2492 156.8900 110.4000
-5.0655024241e-02 -3.9148452065e-02 -6.0499361902e-01
220 199 152
2 0 2852 -178.4500 -138.2800 1 2530 -115.0700 -21.0400
