# Bundle file v0.3
3 22
2.1467597020e+03 2.5412938871e-03 8.2386821804e-05
9.9970203194e-01 1.9490728227e-02 -1.4695538496e-02
-1.9494642038e-02 9.9980995383e-01 -1.2311004002e-04
1.4690346161e-02 4.0955761969e-04 9.9989200716e-01
-9.0582977266e-03 8.6369252354e-04 -6.7382740581e-03
2.1029821074e+03 -7.4812617825e-03 -3.2151490150e-04
8.5873169510e-01 -4.9306058227e-01 -1.3953901976e-01
-1.3177517828e-01 -4.7563856307e-01 8.6971447022e-01
-4.9519206194e-01 -7.2846360206e-01 -4.7341905566e-01
-9.3089435373e-02 5.9747572464e-01 -7.8674184439e-01
0 0 0
0 0 0
0 0 0
0 0 0
0 0 0
6.0112691393e-02 1.7983919618e-04 -6.4036566253e-01
77 58 34
2 0 574 200.8200 -0.1400 1 312 195.7700 133.2400
6.0760297164e-02 -7.0166970384e-03 -6.4921435100e-01
86 67 43
2 0 628 200.3700 -23.9300 1 2536 221.3800 117.4200
7.6121260997e-02 -1.2994053288e-02 -6.3821981377e-01
124 98 63
2 0 672 254.1600 -45.3100 1 1708 277.5600 158.0200
-6.8362091179e-02 -2.6622812574e-02 -7.1693777499e-01
68 33 17
2 0 729 -201.1100 -71.3600 1 3117 -205.2000 -23.3800
-5.9073009343e-02 -3.2438979860e-02 -7.0941874872e-01
128 91 57
2 0 777 -174.6800 -90.7900 1 3078 -152.3000 19.5400
-6.9118607475e-02 -4.7034941564e-02 -7.4292900961e-01
69 41 20
2 0 848 -195.1500 -127.7900 1 3157 -146.6600 -98.5600
-5.1036106158e-02 9.5440260202e-03 -6.4051696542e-01
80 58 43
2 0 1245 -167.2000 38.0100 1 2446 -236.1900 192.5300
6.5583108816e-02 -2.9681547284e-03 -6.3777762192e-01
146 120 83
2 0 1311 219.5400 -10.9700 1 1729 219.2100 145.1800
6.2947863099e-02 -3.6115176647e-03 -6.4195730198e-01
116 99 77
2 0 1314 209.3700 -12.6900 1 1749 215.4000 134.0400
-5.4855535939e-02 -1.9658738474e-02 -6.8433744039e-01
85 62 41
2 0 1358 -168.0200 -54.8600 1 3025 -174.9300 94.2200
4.8591706683e-02 -2.1280366193e-02 -6.8123569445e-01
100 80 55
2 0 1371 153.3200 -66.3500 1 2632 241.1200 38.7900
-2.9300187290e-02 -3.2150387961e-02 -6.6621011052e-01
128 109 89
2 0 1412 -93.0700 -97.6400 1 3309 -45.7700 180.5700
5.9035461740e-02 -9.6233893772e-05 -6.4192554455e-01
128 109 79
2 0 1704 196.3800 -0.5600 1 2521 194.4600 129.3100
5.8499477382e-02 -1.2593407587e-03 -6.4432019195e-01
66 49 29
2 0 1706 194.0900 -4.5200 1 3005 196.9800 123.8100
6.2029891652e-02 -6.8773348928e-03 -6.4741699542e-01
145 121 85
2 0 1723 204.8600 -23.4600 1 3006 224.0600 122.6300
4.7928926603e-02 -1.9784807388e-02 -6.8005504063e-01
131 108 79
2 0 1739 151.5400 -61.7400 1 3074 233.9300 40.4700
-7.7606854865e-02 -2.3677425965e-02 -7.0659618207e-01
217 188 148
2 0 1743 -229.0100 -64.4200 1 3540 -263.2200 23.5000
6.2348360915e-02 -5.3880627447e-03 -6.4501931525e-01
74 61 51
2 0 1904 206.4900 -18.5000 1 3329 219.8900 127.6300
5.0852325517e-02 -2.2704982909e-02 -6.8055223600e-01
143 114 79
2 0 2087 161.5400 -72.1300 1 3616 251.1800 42.7600
8.4571388300e-02 -9.7380425192e-03 -6.2569159214e-01
166 140 117
2 0 2128 287.9400 -36.1200 1 3603 286.1300 187.0500
4.8230498658e-02 -2.3152541249e-02 -6.8457504657e-01
76 61 42
2 0 2129 151.5800 -71.9100 1 3674 247.4700 30.2200
5.9943307247e-02 -5.5292151165e-03 -6.4808620390e-01
78 64 48
2 0 2160 197.5200 -18.4900 1 3696 214.8100 118.9000
