# Bundle file v0.3
3 155
0 0 0
0 0 0
0 0 0
0 0 0
0 0 0
2.1062946389e+03 3.6155681684e-02 5.2517187031e-04
9.9999819803e-01 1.5638783764e-03 1.0762075537e-03
-1.5627840337e-03 9.9999826177e-01 -1.0169417735e-03
-1.0777960562e-03 1.0152580611e-03 9.9999890380e-01
-4.9427617740e-03 -8.4640153748e-03 -3.2021941327e-01
2.1056921563e+03 1.8261760947e-01 7.9244187112e-03
9.9087786941e-01 -1.1284431217e-01 -7.3669594300e-02
1.1412548204e-01 9.9337589084e-01 1.3405739030e-02
7.1668837466e-02 -2.1691028089e-02 9.9719259776e-01
9.1510514161e-02 1.3017230821e-01 6.4767467634e-01
-1.0988570147e+00 -9.0966060240e-01 1.3086054963e+01
169 153 126
2 1 1293 182.1800 150.7500 2 2794 285.6000 114.7600
-1.5569114407e+00 -3.7571686767e-01 1.7403496378e+01
143 129 99
2 1 2354 189.5500 50.7700 2 3446 318.9100 20.6800
-1.1205937592e+00 -8.1899850163e-01 1.3335356498e+01
91 85 66
2 1 2586 181.5300 133.9200 2 3731 288.9000 98.2000
-1.7931443895e+00 -3.1145141239e-01 1.8826720225e+01
95 83 68
2 1 2857 201.1400 40.8100 2 4061 334.4900 11.9600
-3.7393085762e+00 1.5067719376e+01 -1.1345899284e+02
113 87 66
2 1 29 -72.1400 281.8800 2 89 57.8400 245.0000
-3.2391165526e+00 1.4195164449e+01 -1.0754129513e+02
86 72 60
2 1 34 -66.0100 280.0600 2 90 63.9500 244.3000
-1.7592610054e+00 3.1522462944e+00 -3.4569507009e+01
129 105 81
2 1 170 -109.0500 192.4500 2 260 33.9700 160.7500
-2.2620051822e+00 1.7486126726e+00 -2.7839081172e+01
197 153 106
2 1 279 -171.6900 132.5900 2 1948 -22.8600 95.3400
-1.4354419560e+00 1.3783719549e+00 -2.2525210113e+01
170 136 109
2 1 286 -135.1300 128.8000 2 1939 16.8500 99.1200
-8.5004754028e-01 1.2405225742e+00 -1.9963581035e+01
173 150 132
2 1 289 -91.0000 130.3300 2 404 63.3200 108.5900
-1.1630031914e-01 8.7518523726e-01 -1.5552220802e+01
199 168 133
2 1 312 -17.9100 116.9600 2 398 144.6900 110.3200
-1.8415917981e+00 -8.3889803541e-01 1.6860673159e+01
43 23 8
2 1 327 233.2800 109.5000 2 494 351.3300 84.1400
-1.8415917981e+00 -8.3889803541e-01 1.6860673159e+01
43 23 8
2 1 328 233.2800 109.5000 2 495 351.3300 84.1400
-6.9489647873e-01 8.5145458265e-01 -1.6860990496e+01
139 118 99
2 1 335 -87.9400 105.6500 2 487 71.3100 87.0000
-1.2054464697e+00 6.1384890039e-01 -1.7551437431e+01
159 120 93
2 1 386 -144.7700 73.6700 2 610 14.9600 45.6200
-2.1015886271e+00 -6.2014228185e-01 1.8976327165e+01
160 137 106
2 1 387 235.0700 74.0200 2 604 362.3800 50.1800
-1.2477686820e+00 2.8777180979e-01 -1.6083012906e+01
221 213 196
2 1 455 -163.0800 38.2300 2 717 1.0200 7.8900
-1.2179990934e+00 2.6162267818e-01 -1.5742138952e+01
228 222 200
2 1 457 -162.5000 35.5000 2 729 1.9700 5.6100
-5.2694906773e-01 9.9542194449e-02 -1.1771508209e+01
169 141 118
2 1 498 -94.6900 17.9500 2 2102 80.3300 2.2200
-1.1001054330e+00 1.0625402111e-01 -1.4247500034e+01
100 80 43
2 1 499 -161.9500 16.4400 2 773 5.9600 -12.4400
-6.0068261222e-01 -2.4491650389e-02 -1.1505687663e+01
184 150 125
2 1 537 -110.2200 -3.5000 2 810 67.3100 -22.7600
-1.2151859637e+00 -1.7788578865e-01 -1.3900481173e+01
170 154 129
2 1 582 -182.8300 -25.3900 2 2195 -11.0600 -58.7300
-8.6670944796e-01 -1.8858942161e-01 -1.1781828105e+01
111 99 56
2 1 595 -154.0100 -31.9800 2 934 23.0200 -59.2700
-5.9924586437e-01 -1.7898667541e-01 -1.0785844247e+01
145 129 105
2 1 598 -116.7000 -33.4700 2 2187 64.7100 -53.9600
-3.6925282577e-02 -1.7501703535e-01 -8.5999382198e+00
176 160 152
2 1 615 -11.7400 -41.8900 2 2169 188.0100 -42.8900
-3.9402679228e-01 -2.2158436992e-01 -9.5118419628e+00
179 152 128
2 1 628 -87.6800 -47.1700 2 940 101.4200 -62.3300
5.4581982681e-01 -4.7291338695e-01 -1.0363773905e+01
137 103 74
2 1 712 104.2200 -92.7800 2 2255 318.1400 -91.5400
5.4581982681e-01 -4.7291338695e-01 -1.0363773905e+01
137 103 74
2 1 713 104.2200 -92.7800 2 2256 318.1400 -91.5400
-8.8610535204e+00 -2.8098721856e+00 -6.1947776408e+01
190 165 129
2 1 714 -298.7700 -93.5200 2 3054 -134.0400 -153.6700
-1.7075285564e-01 -5.2919678406e-01 -6.9006195296e+00
171 146 125
2 1 836 -53.3300 -155.8100 2 2349 165.6400 -170.9400
-7.0916389303e-01 -4.9456067872e-01 -5.7258852106e+00
157 140 112
2 1 880 -252.2800 -171.8400 2 3093 -54.3800 -215.4100
-7.0916389303e-01 -4.9456067872e-01 -5.7258852106e+00
157 140 112
2 1 881 -252.2800 -171.8400 2 3094 -54.3800 -215.4100
-2.9714423666e-01 -5.9725037421e-01 -6.9898965376e+00
186 170 150
2 1 885 -89.5700 -172.1600 2 2378 126.5600 -197.1200
-2.8453760761e-01 -6.1588865291e-01 -6.8352016422e+00
181 167 148
2 1 907 -87.5900 -182.0500 2 2395 130.6700 -206.7400
-2.8019040053e-01 -6.2141620847e-01 -6.7714909896e+00
176 161 141
2 1 913 -87.2800 -184.4800 2 2399 132.3900 -211.0700
-4.7085904865e+01 -3.2285342837e+01 -3.5748092170e+02
214 183 139
2 1 917 -280.6900 -187.4000 2 2445 -97.0300 -248.2900
-1.9284564695e-01 -6.3506983436e-01 -6.3257655362e+00
190 173 165
2 1 962 -65.0900 -202.4300 2 1309 163.3800 -226.2700
-2.6984979647e-01 -6.8542826642e-01 -6.4908840546e+00
124 114 101
2 1 994 -87.5000 -212.5100 2 2435 137.5700 -242.2400
-6.9757952083e-01 -6.1606089866e-01 -5.6037489667e+00
140 116 83
2 1 1010 -252.6900 -219.2200 2 3176 -49.6000 -270.6700
-3.5089483330e-01 -7.1030826193e-01 -6.4332462558e+00
159 140 122
2 1 1018 -113.5800 -221.6600 2 1410 109.0000 -256.9200
-3.7417480324e-01 -7.4937646995e-01 -6.2726681333e+00
84 73 55
2 1 1055 -123.7300 -239.6100 2 2546 100.6400 -279.1000
2.3937997013e+01 -2.8772373372e+01 2.4047759651e+02
132 114 94
2 1 1178 -212.2900 255.1800 2 1782 -80.9000 195.5000
-1.6095979344e+01 2.2383601469e+01 -1.9899043433e+02
125 97 78
2 1 1198 -172.5200 239.1300 2 1787 -39.0600 188.8700
-2.5775099214e+01 2.9818068251e+01 -2.7621097146e+02
155 122 95
2 1 1210 -198.7400 229.7200 2 1814 -64.1000 175.7600
-1.8751585397e+00 3.4582238732e+00 -3.6540677808e+01
153 128 110
2 1 1240 -109.9500 199.7800 2 1825 31.8700 167.4000
-1.4166877437e+00 2.6997975875e+00 -3.0451147827e+01
191 163 136
2 1 1258 -99.6600 186.7700 2 1844 44.5500 158.0600
-1.4166877437e+00 2.6997975875e+00 -3.0451147827e+01
191 163 136
2 1 1259 -99.6600 186.7700 2 1845 44.5500 158.0600
-7.7382569193e-01 2.2222081788e+00 -2.5330507346e+01
126 107 90
2 1 1260 -66.2500 184.2800 2 252 80.5300 162.7700
-6.0904044037e-01 1.6328081090e+00 -2.1295848894e+01
126 110 94
2 1 1283 -61.9400 160.6100 2 304 89.1200 142.4600
-1.1359850107e+00 -8.6694965463e-01 1.3413574960e+01
158 142 119
2 1 1301 183.0200 140.7500 2 2814 289.5600 105.0700
-9.6982352965e-02 8.8585719273e-01 -1.5498882617e+01
116 94 82
2 1 1325 -15.3500 118.7300 2 1916 147.1800 112.6800
-1.2294676089e+00 1.0727471097e+00 -2.0128470904e+01
171 139 116
2 1 1330 -129.2900 111.9900 2 1966 25.3800 84.7000
-8.7680733758e-01 9.8806788384e-01 -1.8500817794e+01
134 112 89
2 1 1331 -101.0000 112.0800 2 1959 56.0900 89.8200
-9.0600565407e-01 9.3567314075e-01 -1.8015291756e+01
147 116 95
2 1 1335 -106.5700 108.7000 2 1965 50.1100 86.6100
-4.5738936460e-01 8.4063394999e-01 -1.6146091617e+01
131 112 97
2 1 1336 -61.1800 108.6400 2 1951 99.5900 94.7000
-2.1282967391e+00 -8.5046864815e-01 1.8136693273e+01
127 113 86
2 1 1342 250.1000 103.5200 2 1973 371.0500 81.2300
-1.8092343903e+00 9.6796833568e-01 -2.1512651256e+01
242 192 150
2 1 1351 -177.0300 94.9100 2 2013 -22.8400 60.0500
-8.2884015868e-01 7.6483191172e-01 -1.6845767548e+01
148 124 100
2 1 1352 -104.3800 95.0700 2 1988 55.1300 73.9500
-1.5684871588e+00 9.0590849273e-01 -2.0217190628e+01
141 111 89
2 1 1353 -163.5500 94.4500 2 2867 -8.0700 62.1800
-5.2032782287e-01 5.9807099795e-01 -1.4730972718e+01
135 117 103
2 1 1362 -75.3800 84.5500 2 1994 88.5200 70.0300
-3.6398742460e-02 5.2145232400e-01 -1.3060037698e+01
138 112 86
2 1 1364 -8.1700 82.4300 2 1976 162.7300 80.1600
-8.9726729444e-01 5.2264537159e-01 -1.5708650310e+01
177 145 120
2 1 1378 -120.7900 69.9300 2 2040 42.0500 46.8900
-2.9795365883e-01 4.2354179331e-01 -1.3031348113e+01
133 117 104
2 1 1382 -49.8200 67.5800 2 2019 120.5400 58.3200
-1.2786124001e-01 3.4703295704e-01 -1.2056278168e+01
156 134 116
2 1 1390 -24.3800 59.3900 2 2026 150.2500 55.5600
-1.1995597182e+00 4.1159431906e-01 -1.6046849556e+01
157 134 100
2 1 1395 -157.0600 54.1500 2 2065 5.1200 25.5600
-1.1939125761e-01 3.0192785067e-01 -1.1770089240e+01
163 140 119
2 1 1400 -23.3700 52.8000 2 2878 152.6200 49.4700
-1.7167455677e+00 -3.7102423280e-01 1.8090380519e+01
143 130 106
2 1 1407 200.8600 48.7800 2 2077 331.5900 19.9800
-3.1624211717e-01 2.7969398801e-01 -1.2251358333e+01
153 136 114
2 1 1411 -55.5900 47.2600 2 2047 117.5600 38.0200
-4.1798505470e-01 -2.5160154315e-02 -1.0727779896e+01
169 148 129
2 1 1466 -82.6600 -4.4100 2 2129 98.1400 -17.8800
6.2415697335e-01 -7.1274927485e-02 -1.4189318212e+01
154 101 50
2 1 1476 88.0400 -10.3200 2 766 276.4000 -8.7600
-8.2746420758e-01 -2.3990776212e-01 -1.1392329715e+01
126 107 79
2 1 1497 -152.2500 -42.1300 2 2215 27.2300 -69.6900
-7.5540011352e-01 -3.2666642219e-01 -1.0581345630e+01
120 97 71
2 1 1516 -149.4700 -62.2200 2 2249 33.9700 -89.6100
5.6693262033e-01 -3.5917184260e-01 -1.1331743487e+01
200 157 115
2 1 1518 99.2200 -64.3700 2 2204 304.8300 -62.7100
5.3402694845e-01 -5.3306716174e-01 -1.0011754142e+01
157 132 105
2 1 1563 105.3900 -108.1300 2 3013 323.2900 -108.0000
-1.1914583387e-01 -4.1552789747e-01 -7.4585426124e+00
167 154 143
2 1 1566 -35.7200 -113.2500 2 3026 176.8100 -122.6700
-2.8226176265e-01 -4.4534957646e-01 -7.8707268827e+00
199 179 157
2 1 1567 -76.1700 -114.6500 2 3039 129.1600 -131.4800
-1.9965902397e+00 -1.0894946823e+00 -1.5114193772e+01
134 110 82
2 1 1621 -275.9800 -147.2900 2 3563 -94.2200 -200.7300
-2.2227672448e-01 -5.4662941891e-01 -7.0796941058e+00
202 182 158
2 1 1638 -66.9100 -156.4700 2 3064 149.2700 -174.8600
8.5327920934e+00 5.2083774143e+00 6.4255998959e+01
210 181 141
2 1 1658 -283.7100 -169.2800 2 3588 -104.4900 -230.7000
5.0495638218e-01 -7.5128997299e-01 -7.8428958148e+00
44 37 29
2 1 1686 126.3900 -192.5700 2 3080 373.9500 -199.0900
-1.9700867569e-01 -6.3025564765e-01 -6.5298880063e+00
203 186 178
2 1 1689 -64.4800 -194.8500 2 3098 161.3900 -217.7900
-4.3530646556e-01 -6.8587261527e-01 -6.9950375853e+00
97 76 59
2 1 1692 -129.4200 -197.2000 2 3105 84.3100 -231.6000
3.6203118988e-01 2.6629945582e-01 2.8618437878e+00
227 196 149
2 1 1725 -299.6600 -210.4800 2 3644 -124.9200 -285.5900
3.1705504054e+01 -4.8674639196e+01 3.8649516041e+02
168 146 123
2 1 1806 -175.1700 268.2700 2 2698 -45.9700 213.5900
-1.2597476155e+01 1.3931643217e+01 -1.3520772328e+02
169 128 98
2 1 1838 -198.2300 219.0200 2 2742 -62.0700 166.9800
-1.3924748648e+00 2.1756847173e+00 -2.6847549871e+01
124 103 89
2 1 1876 -110.6400 170.5300 2 2765 35.9000 142.1000
-6.5481008387e-01 1.7844560985e+00 -2.2426152968e+01
118 102 88
2 1 1880 -63.2800 166.8500 2 1860 86.5900 147.6100
-1.4609345867e+00 2.1757666434e+00 -2.7582080705e+01
170 138 114
2 1 1881 -112.9600 166.1100 2 1877 33.8500 136.8400
-1.1021574917e+00 1.5201017136e+00 -2.1983845629e+01
137 112 90
2 1 1904 -106.6200 145.0900 2 2790 44.1000 120.1700
-2.4074414332e+00 1.9991429859e+00 -2.9446430363e+01
199 142 93
2 1 1906 -172.8000 143.2900 2 2811 -25.5300 105.3700
-5.1110438434e-01 1.1146954775e+00 -1.7941413702e+01
120 107 99
2 1 1922 -61.4400 129.7300 2 2798 95.0000 114.4000
-1.3521265355e+00 1.3325875203e+00 -2.2002326264e+01
131 103 81
2 1 1924 -130.2500 127.3600 2 2824 21.9700 98.7700
-1.3521265355e+00 1.3325875203e+00 -2.2002326264e+01
131 103 81
2 1 1925 -130.2500 127.3600 2 2825 21.9700 98.7700
-5.2021533870e-01 1.0487020846e+00 -1.7623008098e+01
148 134 119
2 1 1928 -63.7100 124.3500 2 2808 93.8100 108.7200
-2.1513683730e+00 -8.7323795351e-01 1.7198583973e+01
184 169 149
2 1 1940 267.1800 111.7500 2 2835 384.8800 90.3600
-1.8527985356e+00 -8.1291390672e-01 1.6783651767e+01
151 128 97
2 1 1947 235.8000 106.6900 2 2847 353.9800 81.6300
-1.8527985356e+00 -8.1291390672e-01 1.6783651767e+01
151 128 97
2 1 1948 235.8000 106.6900 2 2848 353.9800 81.6300
-1.3398668228e+00 -5.6572541123e-01 1.5456167490e+01
137 116 87
2 1 1965 185.1100 81.6500 2 2877 305.6400 50.1200
-7.2782107863e-01 5.8055514154e-01 -1.5299962923e+01
148 123 103
2 1 1969 -100.7000 79.2400 2 2014 61.7700 60.2400
-7.2782107863e-01 5.8055514154e-01 -1.5299962923e+01
148 123 103
2 1 1970 -100.7000 79.2400 2 2015 61.7700 60.2400
-4.2612440308e-01 3.7338715325e-01 -1.3239138703e+01
137 119 105
2 1 1991 -68.7400 58.5700 2 2883 100.4300 46.2600
-2.5819012101e-01 1.9481451564e-01 -1.1487248017e+01
180 159 142
2 1 2018 -48.9600 35.2600 2 2896 128.2700 27.4000
-2.5819012101e-01 1.9481451564e-01 -1.1487248017e+01
180 159 142
2 1 2019 -48.9600 35.2600 2 2897 128.2700 27.4000
-2.1297453703e-01 9.0095412557e-02 -1.0773010344e+01
151 133 121
2 1 2030 -43.4100 17.4800 2 2912 138.2200 10.7500
-1.7970005070e-01 5.1308912329e-02 -1.0276650769e+01
149 132 122
2 1 2035 -38.6500 10.3700 2 2918 145.4800 5.2400
-1.9767954881e+00 6.0081451494e-02 -2.0395951614e+01
112 72 47
2 1 2041 -202.3800 6.9000 2 2948 -40.8900 -32.2500
-2.0134503239e+00 -8.7731136910e-02 -1.5011523953e+01
166 152 115
2 1 2062 -280.1300 -10.5900 2 3799 -114.3900 -56.5800
-7.9782499116e-01 -2.3856700315e-01 -1.1302621992e+01
247 248 217
2 1 2079 -147.9100 -42.3500 2 2982 31.8000 -69.0300
-1.2194214091e+00 -2.3945115394e-01 -9.4467420081e+00
183 171 139
2 1 2086 -267.9700 -50.4300 2 3811 -92.3300 -89.2600
-1.0995615038e+00 -3.3842767983e-01 -1.2735823141e+01
106 88 70
2 1 2088 -180.4600 -53.6900 2 3521 -3.8400 -87.2000
-1.2764446254e-01 -2.6399662430e-01 -8.3232016659e+00
175 162 154
2 1 2098 -34.2700 -64.8400 2 3509 167.1200 -70.6700
-7.0452375888e-01 -3.7683965615e-01 -1.0001946634e+01
107 90 66
2 1 2109 -147.2500 -76.2000 2 3007 38.9800 -103.2600
-7.0452375888e-01 -3.7683965615e-01 -1.0001946634e+01
107 90 66
2 1 2110 -147.2500 -76.2000 2 3008 38.9800 -103.2600
-7.1983138294e-01 -4.3945654110e-01 -9.4795371946e+00
204 181 146
2 1 2122 -158.3800 -93.7300 2 3025 30.2700 -123.0100
-2.5845098381e-01 -4.2048134540e-01 -7.8010518924e+00
178 158 137
2 1 2128 -70.4100 -109.6200 2 3536 134.8400 -124.0700
-2.4580364292e-01 -6.1650617015e-01 -6.6001342948e+00
189 166 146
2 1 2186 -78.8600 -187.8200 2 3577 143.6400 -213.1500
1.3256543615e+00 9.1906338919e-01 1.0080243402e+01
199 170 124
2 1 2193 -288.2800 -194.0200 2 3851 -109.2300 -260.8600
-1.3849011207e-01 -6.4585471968e-01 -6.1219444996e+00
231 213 201
2 1 2211 -49.2200 -213.4100 2 3591 185.0500 -234.9000
-3.8361854326e+00 3.2479449176e+00 -4.1773287715e+01
75 58 36
2 1 2303 -194.3100 164.5600 2 3379 -50.9300 120.2700
-3.1794502913e-01 1.5594640810e+00 -2.0189640004e+01
142 125 112
2 1 2304 -35.1600 161.5000 2 3369 117.4000 148.0900
-1.6672613490e+00 1.7157501745e+00 -2.5370166964e+01
132 101 78
2 1 2311 -139.2800 142.4100 2 3389 9.8500 110.7300
-3.6080921262e-01 5.4751132467e-01 -1.3948283023e+01
153 137 124
2 1 2338 -55.7800 81.4900 2 3418 110.5600 70.8700
-7.6739941749e-01 3.1354692149e-01 -1.3967064065e+01
149 128 101
2 1 2356 -116.1500 47.3500 2 3444 51.3700 26.2600
-8.9578818669e-01 1.5472821684e-01 -1.3770923264e+01
214 191 145
2 1 2365 -136.8100 24.1400 2 3771 32.1300 -0.4500
-7.3207689112e-01 6.9681269907e-02 -1.2739354464e+01
229 228 198
2 1 2376 -121.1100 12.1700 2 3776 51.6300 -9.5700
-9.9368414097e-01 1.2840625616e-02 -1.3403142448e+01
247 246 214
2 1 2380 -155.4700 2.9600 2 3480 15.2300 -24.6900
-1.6044309417e+00 -2.2160521247e-01 -1.6282786395e+01
87 52 30
2 1 2403 -205.7900 -27.2400 2 2975 -37.4700 -65.5700
-5.3716983417e-01 -1.4152543865e-01 -1.0458693625e+01
178 149 125
2 1 2404 -108.1100 -27.1600 2 3792 74.0900 -45.4000
-4.2323233418e-01 -3.9814021734e-01 -8.6704437552e+00
197 186 163
2 1 2436 -102.5800 -93.1800 2 3815 93.4200 -112.8600
-3.1667749869e-01 -5.1196255244e-01 -7.5544499161e+00
175 148 129
2 1 2453 -88.5700 -136.7200 2 3552 120.0300 -158.0000
-4.4608138373e-01 -7.2897275773e-01 -6.7296528792e+00
36 25 18
2 1 2505 -137.4300 -217.4200 2 3611 79.2000 -256.0100
-2.4062352198e+00 1.3014278033e+01 -9.8880997822e+01
96 82 73
2 1 2541 -53.7300 279.1300 2 3692 76.3100 245.3800
-9.5235374274e-01 6.1298627917e+00 -5.1009102850e+01
184 153 125
2 1 2545 -41.4200 253.8300 2 3697 92.9700 226.9700
7.1041764749e+01 -9.2522591679e+01 7.8298378090e+02
159 142 124
2 1 2546 -193.4900 251.7300 2 3704 -61.9400 195.7700
7.1041764749e+01 -9.2522591679e+01 7.8298378090e+02
159 142 124
2 1 2547 -193.4900 251.7300 2 3705 -61.9400 195.7700
-6.9690540513e-01 4.0594780637e+00 -3.7630974690e+01
98 83 76
2 1 2554 -41.1000 227.3400 2 3701 98.0200 203.8500
-1.2287084949e+00 1.9320162578e+00 -2.5134977497e+01
130 112 97
2 1 2575 -104.4000 161.6700 2 3723 43.8800 134.8600
-5.8292934124e-01 1.5179578947e+00 -2.0568414779e+01
114 104 94
2 1 2580 -61.5600 154.6500 2 3898 90.9800 136.8600
-1.9583051930e-01 1.3289468643e+00 -1.8607307997e+01
107 90 78
2 1 2583 -24.1900 149.0000 2 3721 131.2200 138.5600
-9.5381367100e-01 5.7052893093e-01 -1.5907861861e+01
143 110 91
2 1 2602 -126.5000 75.2100 2 3924 34.8800 51.6500
-8.5349587704e-01 4.9466646862e-01 -1.5413462344e+01
192 155 129
2 1 2605 -117.2300 67.5000 2 3752 46.5000 45.1100
-1.6458851174e-01 3.3907090063e-01 -1.2132556032e+01
184 156 133
2 1 2608 -30.5300 57.7800 2 3749 143.7900 52.7000
-2.2726990959e-01 9.5733045989e-02 -1.0786710931e+01
147 135 129
2 1 2623 -45.8500 18.2900 2 3767 134.9200 11.7200
-3.1417133976e-01 -3.1564100079e-01 -8.7906099161e+00
197 171 148
2 1 2646 -75.9000 -73.0400 2 3808 119.8900 -87.1100
-7.1862198835e-01 1.7509788624e+00 -2.2271350829e+01
160 144 129
2 1 2718 -69.2600 164.6000 2 3895 79.8800 145.0900
-7.4886298361e-01 9.7074990701e-01 -1.7746076928e+01
162 134 110
2 1 2727 -90.0000 114.4900 2 3994 67.3800 94.8600
-2.9156363631e-01 -5.7842272098e-01 -6.9112360876e+00
219 196 172
2 1 2773 -88.9000 -168.5300 2 4028 127.3500 -192.7300
-1.2114010061e+01 2.3370244047e+01 -1.9353913062e+02
141 109 84
2 1 2797 -134.0700 256.5600 2 3987 -2.7400 210.8000
-1.9714793135e+00 -7.8771739704e-01 1.7166937229e+01
128 113 95
2 1 2813 245.2000 101.1800 2 3997 364.4700 77.8900
-1.1242731638e+00 3.1789025061e-01 -1.5186200396e+01
204 179 148
2 1 2817 -155.5100 44.3300 2 4004 8.6400 16.5100
-1.5452846043e+00 -5.6325132549e-01 1.6581102771e+01
149 133 99
2 1 2856 198.3900 76.4200 2 4058 321.9000 47.0100
-3.7539333662e-01 1.2379733367e-01 -1.1816139123e+01
180 158 135
2 1 2860 -68.6000 22.6300 2 4062 109.1200 9.4500
-1.7477547665e+00 -8.9704646313e-01 1.6102068339e+01
163 140 106
2 1 2887 232.2300 122.2400 2 4055 347.1700 95.4300
-6.6133904338e-01 -2.9967833278e-01 -9.7605413715e+00
224 203 166
2 1 2896 -141.4500 -62.2100 2 4095 43.5500 -86.2100
-2.9963135740e+00 4.4141013881e+00 -4.4578127499e+01
114 91 73
2 1 2907 -142.9100 209.1700 2 4113 -4.2900 170.8800
