# Bundle file v0.3
3 42
2.1684523561e+03 2.7060969666e-03 8.0818993299e-05
9.9994901150e-01 4.8203857144e-03 -8.8734594331e-03
-4.9060898878e-03 9.9994128446e-01 -9.6621899842e-03
8.8263629406e-03 9.7052313132e-03 9.9991394820e-01
-7.9187209544e-03 -8.2069867432e-03 -1.6575299454e-02
2.0811967707e+03 -1.1116881094e-03 -2.5025912253e-05
9.3701139386e-01 -3.2670914385e-01 1.2357501006e-01
9.2677881586e-03 3.7690917496e-01 9.2620385549e-01
-3.4917582374e-01 -8.6671829862e-01 3.5619606253e-01
1.1251427023e-01 8.6905873493e-01 -4.7971150614e-01
0 0 0
0 0 0
0 0 0
0 0 0
0 0 0
9.4691915599e-02 1.6446308202e-02 -8.7827517659e-01
35 22 13
2 0 430 229.1200 39.7000 1 1231 216.9700 155.2600
1.2538693210e-01 1.1573779890e-02 -8.8819396002e-01
96 88 75
2 0 452 301.2200 27.0800 1 310 284.9400 127.1900
-4.1659663277e-02 3.8862406242e-03 -8.7807675791e-01
194 154 128
2 0 478 -100.6400 10.3800 1 260 -97.2200 151.5500
1.0621594113e-01 -1.2013731720e-02 -9.0890712767e-01
90 74 50
2 0 549 249.2800 -28.0300 1 1375 259.8900 59.3700
9.9907829097e-02 -1.4977650352e-02 -9.1442513501e-01
80 62 45
2 0 563 233.3200 -34.6600 1 543 246.4500 43.7700
-8.7939720482e-02 -2.1696730247e-02 -9.1785641924e-01
53 27 8
2 0 588 -203.0200 -47.9500 1 1442 -210.0000 27.4300
1.2504069786e-01 -2.8624987714e-02 -9.1131293100e-01
136 103 70
2 0 632 292.8900 -67.1700 1 1424 319.2800 38.8700
1.2504069786e-01 -2.8624987714e-02 -9.1131293100e-01
136 103 70
2 0 633 292.8900 -67.1700 1 1423 319.2800 38.8700
1.1079782927e-01 -3.6195714703e-02 -9.2410657584e-01
71 45 24
2 0 669 255.8700 -83.1000 1 635 290.5700 1.3600
-8.3859231585e-02 -4.8452556891e-02 -9.5439940709e-01
65 34 16
2 0 697 -187.1100 -104.6400 1 1556 -188.9400 -94.5200
-7.8183065413e-02 -5.8463199556e-02 -9.5472180700e-01
62 31 3
2 0 732 -173.9400 -127.1600 1 1569 -167.0900 -106.5500
-9.1703029610e-02 -7.9665730171e-02 -9.8073237170e-01
122 109 93
2 0 800 -198.5200 -169.1200 1 2004 -195.8100 -200.6600
-9.0211330603e-02 -7.9582226089e-02 -9.8033600741e-01
59 45 29
2 0 801 -195.4600 -169.0000 1 2001 -191.5600 -199.3700
-3.3307195843e-02 -1.1284219570e-01 -9.8985742598e-01
35 22 11
2 0 853 -71.1400 -239.4700 1 1666 -11.8100 -260.8300
-3.2869428292e-02 -1.1414454038e-01 -9.9078305290e-01
119 110 96
2 0 855 -69.9700 -242.1000 1 1667 -9.8700 -264.9200
1.4820263944e-01 3.7296925437e-02 -8.5746355895e-01
86 76 66
2 0 1016 368.2100 91.0500 1 1166 318.8900 216.2200
1.4820263944e-01 3.7296925437e-02 -8.5746355895e-01
86 76 66
2 0 1017 368.2100 91.0500 1 1167 318.8900 216.2200
1.0943090128e-01 3.4734668175e-02 -8.5673571637e-01
40 26 17
2 0 1019 271.2300 85.5000 1 1163 239.2700 218.6400
1.0780872034e-01 3.2943455335e-02 -8.5914574557e-01
40 26 17
2 0 1026 266.7700 80.7500 1 1711 236.2800 211.8500
1.1159030492e-01 -1.0755019946e-02 -9.0501980749e-01
145 118 87
2 0 1129 263.1200 -25.4300 1 1808 271.9800 69.5900
-7.2697575455e-02 -2.7012387288e-02 -9.3003877118e-01
80 43 24
2 0 1156 -166.3600 -59.0700 1 1889 -168.1000 -8.8100
1.0137057308e-01 -2.6531444951e-02 -9.2181237755e-01
142 108 69
2 0 1160 234.7400 -60.8900 1 1865 259.3800 15.7600
-7.7594862353e-02 -3.1765039844e-02 -9.3516188194e-01
63 34 16
2 0 1172 -176.6600 -69.3600 1 1902 -178.9700 -26.9400
8.8313624271e-02 -3.3940950660e-02 -9.3290986967e-01
115 89 61
2 0 1191 202.4800 -76.8200 1 1894 232.7800 -17.8400
1.0037103159e-01 -7.1610073157e-03 -9.0849194819e-01
71 55 32
2 0 1543 235.9000 -16.6900 1 1813 241.5400 64.6400
1.0517441403e-01 -1.5919681823e-02 -9.1234735733e-01
145 122 95
2 0 1561 246.0500 -37.0200 1 2085 260.2500 47.8200
-8.6438466274e-02 -2.2294338908e-02 -9.1873379315e-01
152 117 73
2 0 1567 -199.4900 -49.2400 1 2097 -205.6800 24.5800
-8.9176468622e-02 -2.8185800906e-02 -9.2590010627e-01
226 192 152
2 0 1572 -204.3000 -62.1700 1 2107 -210.7300 0.1500
-9.0675977160e-02 -3.0880109896e-02 -9.2874617296e-01
175 141 98
2 0 1577 -207.1900 -68.0400 1 2112 -213.5800 -10.0100
8.1269836299e-02 -3.2300955003e-02 -9.3522855150e-01
137 112 81
2 0 1581 185.5300 -72.5300 1 2121 214.3000 -21.9600
9.8700797829e-02 -1.1310869724e-02 -9.1229152985e-01
66 53 43
2 0 1724 230.8500 -26.1100 1 2243 240.8700 52.0500
1.0592704171e-01 -1.3632191219e-02 -9.1023723426e-01
78 62 46
2 0 1729 248.2000 -31.7200 1 2241 260.5000 54.8100
8.5435455445e-02 -3.9099801143e-02 -9.3839675076e-01
140 111 77
2 0 1748 194.7000 -87.8800 1 2259 229.5700 -36.0500
1.2161165580e-01 -2.3347862530e-02 -9.0918430308e-01
156 126 89
2 0 1921 285.3800 -54.8700 1 2382 306.6600 48.6400
8.5128231294e-02 -3.6083449680e-02 -9.3689483713e-01
136 109 79
2 0 1927 193.2200 -80.6300 1 2393 227.3100 -29.5700
-1.1584929710e-01 -9.5675371488e-02 -9.9156145587e-01
79 64 45
2 0 1939 -247.2300 -201.4400 1 2438 -256.5400 -253.5200
-1.1584929710e-01 -9.5675371488e-02 -9.9156145587e-01
79 64 45
2 0 1940 -247.2300 -201.4400 1 2439 -256.5400 -253.5200
8.0936151757e-02 -3.6873316912e-02 -9.3900547186e-01
75 60 41
2 0 1971 184.0500 -82.5300 1 2424 216.8600 -35.4500
1.0195364564e-01 -1.3556160697e-02 -9.1242351274e-01
78 64 48
2 0 1999 238.5200 -31.4500 1 2446 250.4200 49.7500
1.1271494778e-01 -3.2554360191e-02 -9.1986969099e-01
150 116 78
2 0 2026 261.4600 -75.1700 1 2447 292.6000 14.8700
8.6458083885e-02 -3.8621792302e-02 -9.3852506319e-01
139 112 78
2 0 2081 197.5900 -87.0900 1 2490 230.7800 -35.7900
-1.0644870971e-01 -7.9351654873e-02 -9.8125674679e-01
21 12 9
2 0 2083 -230.3600 -168.1700 1 2500 -237.3300 -203.4100
