# Bundle file v0.3
3 89
3.0902371158e+03 2.5600670083e-01 3.6928194653e-03
-8.7807577646e-01 -2.8424392340e-01 3.8495236434e-01
4.2221591273e-01 -8.1609787724e-02 9.0281424755e-01
-2.2520358309e-01 9.5527233528e-01 1.9167188528e-01
2.6365802558e-01 6.6290793256e-01 1.9654079121e+00
1.1426194183e+03 1.8192264463e-01 8.1601751997e-02
9.9852721780e-01 1.9999463489e-02 5.0432298964e-02
-5.4944217817e-03 9.6207365158e-01 -2.7273448675e-01
-5.3974129432e-02 2.7205571193e-01 9.6076661212e-01
5.7324873524e-02 -1.8435999707e-01 1.4158143996e-01
2.0272762867e+03 -4.0973301267e-02 -1.7947323604e-03
9.4493771919e-01 1.9277446658e-01 -2.6444415645e-01
-3.1119297021e-01 2.7930748424e-01 -9.0837561864e-01
-1.0125039328e-01 9.4065154775e-01 3.2391823594e-01
-1.7205895712e-01 -6.8519216286e-01 -8.7017131547e-01
9.8135932626e-02 1.1494326300e-01 -9.0756034854e-01
39 39 31
2 1 18 184.0300 285.4900 2 1079 347.3100 267.0900
1.0896222057e-01 4.4695771280e-02 -8.2654230607e-01
155 140 107
3 1 277 223.6600 149.6700 2 1263 287.9000 79.3000 0 471 278.1100 70.6100
1.0119791223e-01 2.6675334861e-02 -8.0818743008e-01
90 78 56
3 1 1777 215.0600 111.2400 2 1304 257.3700 45.9800 0 543 246.4500 43.7700
1.4999572078e-01 5.1705277966e-02 -8.2546618118e-01
148 135 117
3 1 250 298.0100 162.1500 2 368 362.3000 56.5500 0 552 343.1300 41.1100
1.4137186233e-01 4.3262065641e-02 -8.1410196301e-01
150 135 102
3 1 290 287.2300 143.4400 2 384 338.3600 39.1300 0 585 318.4100 28.1100
1.3559712048e-01 2.6123330487e-02 -7.9658812491e-01
53 34 12
3 1 381 283.1800 106.1200 2 453 311.8600 6.5500 0 635 290.5700 1.3600
1.4547207937e-01 3.2043187922e-02 -7.9987508369e-01
149 133 84
3 1 352 300.9100 118.1700 2 445 333.4900 8.8000 0 636 310.0900 0.7300
-9.1575933255e-02 2.0184158843e-02 -6.8350858209e-01
225 221 187
2 1 1869 -154.9600 49.9400 2 588 -140.9400 -57.5200
1.0284255459e-01 -1.0113568558e-02 -7.6552243444e-01
148 134 108
3 1 565 232.0100 26.4600 2 545 223.9500 -40.2600 0 704 204.3000 -30.9500
1.1596586896e-01 -5.1294965896e-03 -7.6727003158e-01
154 139 110
3 1 537 257.3100 36.4500 2 551 249.5300 -42.9500 0 715 227.2600 -36.2800
-9.5185150564e-02 2.6975392046e-03 -6.6398128904e-01
242 233 194
3 1 1948 -165.3700 0.0400 2 1494 -161.5800 -96.5000 0 716 -153.3300 -39.0600
-7.4356681682e-02 1.4480955012e-02 -6.6914371179e-01
237 203 162
3 1 1893 -114.8400 29.8200 2 661 -117.4600 -94.9700 0 725 -116.1800 -42.9100
1.5004179238e-01 -2.3474814984e-02 -7.4361245784e-01
129 123 107
3 1 1955 335.8300 -10.4800 2 1503 288.3900 -108.8300 0 818 254.4800 -99.7800
3.4191159465e-02 6.7754103589e-03 -6.5783408783e-01
142 92 47
3 1 1942 136.9100 3.3700 2 1561 68.0700 -182.2600 0 887 34.2900 -137.2800
3.9646131418e-02 4.0286348788e-03 -6.5769899214e-01
136 104 68
3 1 646 149.4500 -2.9500 2 824 76.2600 -186.9600 0 896 41.1800 -141.5600
1.3948426898e-01 -8.1084038801e-02 -7.0249836145e-01
86 80 72
3 1 2140 332.5200 -148.0600 2 1567 223.1500 -192.9900 0 938 186.9700 -166.5500
4.5549827022e-02 -3.1759916914e-02 -6.1689732047e-01
138 98 51
3 1 2759 176.2100 -116.9700 2 1631 50.9700 -276.3100 0 1003 10.2300 -213.8100
1.0334539489e-01 3.7157282928e-02 -8.1976985329e-01
146 136 114
3 1 1749 215.4000 134.0400 2 1786 271.5300 67.9300 0 1372 261.8400 62.6800
1.0312305462e-01 3.5481702856e-02 -8.1793716199e-01
103 93 68
3 1 319 215.0400 130.4000 2 1277 269.6200 64.3000 0 1375 259.8900 59.3700
1.3862923894e-01 4.6890052275e-02 -8.1928172204e-01
148 130 94
3 1 274 280.2100 151.6300 2 1291 337.6300 50.8400 0 1424 319.2800 38.8700
1.4578148652e-01 3.6924250157e-02 -8.0550879199e-01
203 184 148
3 1 1756 299.0900 129.0900 2 1343 338.9600 19.7700 0 1455 316.5400 10.3800
1.1271076252e-01 1.0890419177e-02 -7.8451320241e-01
149 128 94
3 1 1841 244.5400 73.6000 2 1371 259.5100 -6.5000 0 1469 241.0300 -3.9900
-9.0291046991e-02 9.4223501530e-03 -6.7078624421e-01
131 113 80
3 1 3078 -152.3000 19.5400 2 1925 -146.8300 -84.7400 0 1491 -139.8300 -30.7500
-8.5726177680e-02 -2.7108771063e-02 -6.2949461309e-01
215 191 150
3 1 3155 -151.5900 -95.6300 2 1553 -172.6500 -174.6600 0 1566 -169.3000 -103.2700
-8.3618168390e-02 -2.7985662465e-02 -6.2850940542e-01
54 30 19
3 1 3157 -146.6600 -98.5600 2 1990 -169.6500 -177.8500 0 1569 -167.0900 -106.5500
-8.3618168390e-02 -2.7985662465e-02 -6.2850940542e-01
54 30 19
3 1 3156 -146.6600 -98.5600 2 1991 -169.6500 -177.8500 0 1570 -167.0900 -106.5500
-7.4423667678e-02 -6.8676744680e-02 -5.8187973493e-01
37 32 21
2 1 3456 -127.2900 -244.0200 2 2041 -184.9600 -277.0000
1.1930749427e-01 -9.3879632418e-02 -6.6973166670e-01
115 111 100
3 1 3196 309.1000 -202.1100 2 1599 169.3800 -243.1800 0 1643 129.2300 -203.7500
4.5017242188e-02 9.4675734799e-02 -8.7128023851e-01
57 43 34
2 1 2427 103.1200 247.4000 2 1693 226.1800 224.9900
9.3343173660e-02 3.6284475101e-02 -8.2229500272e-01
86 72 52
3 1 312 195.7700 133.2400 2 1265 254.8200 77.4100 0 1798 248.7200 73.0700
1.0630168635e-01 4.2466230254e-02 -8.2483734703e-01
166 152 119
3 1 1729 219.2100 145.1800 2 1777 281.5700 76.7900 0 1808 271.9800 69.5900
9.2747962028e-02 3.2003111964e-02 -8.1700170206e-01
74 67 57
3 1 3005 196.9800 123.8100 2 2110 249.5900 67.5100 0 1813 241.5400 64.6400
1.4172669549e-01 5.3915391078e-02 -8.2693687005e-01
193 180 149
3 1 2473 282.8500 166.7800 2 2117 349.7100 64.3400 0 1827 332.5400 50.2200
1.0499133499e-01 2.9631103627e-02 -8.1065427068e-01
100 89 75
3 1 2536 221.3800 117.4200 2 2125 266.4200 49.1600 0 1837 255.0400 45.5300
1.3813945157e-01 3.8574566545e-02 -8.0998819052e-01
131 121 94
3 1 2518 283.0200 133.5000 2 2138 328.6600 32.3300 0 1860 308.3500 23.1900
-1.1210677446e-01 3.7657293481e-03 -6.8240975718e-01
107 64 41
3 1 3083 -200.8500 13.8900 2 1906 -181.2900 -53.6200 0 1876 -165.7100 -0.1300
1.0768476958e-01 -4.4751774119e-03 -7.6947167652e-01
102 91 65
3 1 2632 241.1200 38.7900 2 1882 235.9200 -33.8600 0 1901 216.5600 -27.0200
-1.1185474580e-01 -8.1664938031e-03 -6.6627222350e-01
80 49 26
3 1 3117 -205.2000 -23.3800 2 1927 -193.2300 -86.8200 0 1902 -178.9700 -26.9400
-8.1431092472e-02 -2.6199796760e-02 -6.2999377320e-01
244 197 144
3 1 3403 -140.7600 -92.9700 2 2247 -164.4700 -176.0300 0 1958 -162.4800 -105.3000
-8.4838489017e-02 -3.8133283620e-02 -6.1797897532e-01
156 136 111
2 1 3416 -148.7100 -130.5400 2 2003 -177.6100 -199.4600
3.9749602816e-02 -1.1654979281e-02 -6.3788187881e-01
98 67 43
3 1 3134 155.4800 -52.5000 2 2019 59.8300 -228.2300 0 1985 22.7800 -174.4200
-7.1743075062e-02 -6.7270443524e-02 -5.8237546128e-01
204 177 147
2 1 3453 -119.9700 -239.8200 2 2285 -179.8200 -277.2000
9.1784442375e-02 3.4463759452e-02 -8.2017015443e-01
144 130 102
3 1 2521 194.4600 129.3100 2 2106 250.4600 74.1900 0 2075 243.2300 70.9300
1.0692682629e-01 3.2152873826e-02 -8.1258669870e-01
164 147 116
3 1 3006 224.0600 122.6300 2 2123 272.2700 52.0200 0 2085 260.2500 47.8200
-1.3916568249e-01 1.4618443074e-02 -6.7396394404e-01
224 198 151
3 1 3537 -265.2600 35.3800 2 2347 -232.6100 -48.4400 0 2102 -209.2100 9.4800
-1.3749158330e-01 1.0779556393e-02 -6.6920981069e-01
246 240 203
3 1 3540 -263.2200 23.5000 2 2349 -233.3500 -59.1700 0 2107 -210.7300 0.1500
1.0493203620e-01 -4.0501656689e-03 -7.7148881024e-01
141 127 92
3 1 3074 233.9300 40.4700 2 2178 232.9300 -29.3100 0 2121 214.3000 -21.9600
1.0499724277e-01 3.4289184910e-02 -8.1581876338e-01
90 85 66
3 1 3329 219.8900 127.6300 2 2418 270.9700 59.3500 0 2241 260.5000 54.8100
9.5996881792e-02 2.7521110100e-02 -8.1102476615e-01
79 76 70
3 1 3334 204.2200 113.7300 2 2332 250.3900 53.7700 0 2243 240.8700 52.0500
1.1730175184e-01 -4.4185418355e-03 -7.6771000547e-01
149 133 99
3 1 3361 260.0200 37.9800 2 2345 252.4500 -42.8500 0 2259 229.5700 -36.0500
3.1437189504e-02 5.8679165803e-03 -6.5790187306e-01
169 132 87
3 1 3622 130.2400 1.4000 2 2448 62.8600 -180.8500 0 2277 29.9700 -135.5300
9.4568128991e-02 2.3686152301e-02 -8.0695145459e-01
153 137 111
3 1 3611 203.1500 105.4600 2 2538 244.1700 46.1300 0 2383 234.1300 46.3100
1.1370559048e-01 -2.4946973280e-03 -7.7045140029e-01
150 135 102
3 1 3616 251.1800 42.7600 2 2545 248.6700 -35.3600 0 2393 227.3100 -29.5700
1.1058640933e-01 -8.1321666100e-03 -7.6574329593e-01
88 81 61
3 1 3674 247.4700 30.2200 2 2546 237.9800 -43.5100 0 2424 216.8600 -35.4500
1.0151569865e-01 3.0263153908e-02 -8.1157201211e-01
100 92 79
3 1 3696 214.8100 118.9000 2 2565 261.4000 52.7900 0 2446 250.4200 49.7500
1.3320221002e-01 3.1349109648e-02 -8.0309565613e-01
160 142 104
3 1 3697 277.5500 118.0000 2 2583 312.9100 21.1500 0 2447 292.6000 14.8700
9.5482809252e-02 4.1037327189e-02 -8.2456715840e-01
155 140 110
2 1 294 200.5900 142.1100 2 310 262.9200 83.5500
1.3390976237e-01 2.6692203552e-02 -7.9783478085e-01
147 126 90
2 1 377 279.8700 107.7000 2 443 309.6300 9.4800
1.3558726917e-01 2.6012493668e-02 -7.9690624536e-01
53 34 12
2 1 380 283.1800 106.1200 2 452 311.8600 6.5500
1.5433153934e-01 3.0510329712e-03 -7.6674970548e-01
138 122 89
2 1 489 332.3900 51.6800 2 604 317.5900 -64.5300
1.2361574394e-01 -4.6154069551e-02 -7.3923160813e-01
59 54 50
2 1 797 281.1400 -54.6400 2 693 227.3600 -112.5500
1.6828547096e-01 -4.6246794489e-02 -7.1970537686e-01
176 163 147
2 1 822 383.5100 -68.4300 2 785 293.6300 -168.7300
4.6016173204e-02 -1.7906731339e-02 -6.3102641644e-01
118 93 64
2 1 830 171.9100 -72.4200 2 921 65.6400 -243.2800
1.3715054295e-01 5.0498240412e-02 -8.2110793203e-01
147 129 94
2 1 1708 277.5600 158.0200 2 1284 339.2900 58.6200
1.4258418721e-01 4.7189552493e-02 -8.1578874496e-01
180 166 133
2 1 1718 289.4600 150.5900 2 1803 344.5700 44.7300
1.5180911903e-01 -3.5954205175e-03 -7.6158065893e-01
162 140 103
2 1 1886 329.4800 36.8600 2 626 307.3900 -74.5500
1.5180911903e-01 -3.5954205175e-03 -7.6158065893e-01
162 140 103
2 1 1887 329.4800 36.8600 2 627 307.3900 -74.5500
-9.0917830587e-02 1.2919636132e-02 -6.7532202403e-01
104 84 54
2 1 1895 -154.5000 29.3200 2 628 -146.1000 -75.6200
1.0822162313e-01 -1.2084869740e-02 -7.6539510596e-01
99 85 59
2 1 1899 242.2300 23.2800 2 1449 231.0400 -47.7100
-8.5943737328e-02 -5.3107973449e-03 -6.5455107608e-01
118 103 71
2 1 1975 -145.7500 -24.8000 2 710 -152.7200 -122.7700
-1.1200937515e-01 -1.3698371671e-02 -6.6160496275e-01
90 48 26
2 1 2009 -206.0800 -38.5300 2 668 -197.0300 -99.2100
-7.1220160766e-02 -1.0066453952e-02 -6.4309130394e-01
145 125 100
2 1 2012 -111.8600 -44.0000 2 760 -133.5700 -153.1400
-7.1799677692e-02 -1.3868103895e-02 -6.4007841900e-01
172 155 132
2 1 2029 -113.6000 -55.0200 2 769 -137.0700 -159.5600
-1.0072963710e-01 -3.6880058582e-02 -6.3963856505e-01
77 51 34
2 1 2085 -183.6100 -107.9600 2 759 -193.4300 -152.8300
-1.3191056779e-01 6.5369442459e-02 -7.5271792898e-01
94 53 33
2 1 2462 -229.6900 175.6700 2 1761 -166.8500 113.0000
1.9567442518e-02 5.5927227594e-02 -7.1273155834e-01
194 148 99
2 1 2507 90.6100 138.1200 2 1907 88.7300 -54.7100
1.0590850402e-01 3.7863692136e-02 -8.1829572609e-01
150 139 107
2 1 2516 221.0300 134.5500 2 2115 276.6200 65.2900
1.0590850402e-01 3.7863692136e-02 -8.1829572609e-01
150 139 107
2 1 2517 221.0300 134.5500 2 2116 276.6200 65.2900
1.0529855084e-01 -1.0790981188e-02 -7.6777317910e-01
93 83 65
2 1 2646 236.1200 26.8700 2 1440 227.4200 -41.4200
1.2736522023e-01 -1.5894211981e-02 -7.5509276313e-01
152 129 92
2 1 2656 284.1300 10.8800 2 1922 256.4900 -76.6300
4.5726146477e-02 -2.6262336685e-02 -6.1830090730e-01
163 115 65
2 1 2746 175.9700 -102.7000 2 1626 56.1500 -268.0500
-1.0109656423e-01 2.5471581069e-02 -6.9066794438e-01
190 174 144
2 1 3050 -175.3000 65.5300 2 1884 -153.4600 -36.7100
-9.9756591859e-02 2.0159023319e-02 -6.8464941607e-01
181 172 148
2 1 3065 -173.2900 50.7000 2 1905 -155.5100 -50.6600
-8.7915156322e-02 -6.3302011992e-03 -6.5356602777e-01
230 187 132
2 1 3121 -150.6900 -27.7900 2 1950 -156.9200 -123.8000
-1.0876368053e-01 -2.1738068505e-02 -6.5291879768e-01
84 43 27
2 1 3141 -200.1900 -62.9500 2 1947 -197.6900 -119.4200
4.6393765041e-02 -2.9167211698e-02 -6.1534865112e-01
166 117 67
2 1 3164 178.6900 -112.2000 2 2039 54.7900 -274.4200
-8.0070981653e-02 2.6087706860e-03 -6.5893221495e-01
244 228 192
2 1 3373 -131.6400 -4.0200 2 2227 -137.5100 -115.2500
1.3514729515e-01 -7.2159286629e-02 -7.1451655305e-01
39 29 20
2 1 3566 315.3600 -121.0000 2 2447 222.5200 -167.6700
-1.7531515615e-01 -1.4651298402e-01 -6.9920408333e-01
214 181 128
2 1 3652 -327.8800 -279.6300 2 598 -298.9200 -60.7600
