# Bundle file v0.3
3 106
2.2915826482e+03 -1.9162331688e-03 -9.5715009798e-05
9.9959415511e-01 -2.1335210342e-03 2.8407273045e-02
2.2716795655e-03 9.9998574500e-01 -4.8321074298e-03
-2.8396558697e-02 4.8946785653e-03 9.9958475257e-01
4.8488507077e-02 -9.9531624647e-03 -1.7574873796e-01
1.6741982438e+03 1.6044035641e-03 -3.5745117075e-05
8.1863016451e-01 -9.3882093464e-02 5.6659580504e-01
1.0041129718e-01 9.9475000009e-01 1.9748638546e-02
-5.6547522064e-01 4.0725788537e-02 8.2375917900e-01
9.4512274857e-01 4.1124018393e-02 1.9540350842e-01
0 0 0
0 0 0
0 0 0
0 0 0
0 0 0
-2.0830315851e-01 1.7163470436e-01 -1.7757959367e+00
100 98 86
2 0 85 -248.1700 200.1800 1 88 -362.9100 228.3700
-2.0830315851e-01 1.7163470436e-01 -1.7757959367e+00
100 98 86
2 0 86 -248.1700 200.1800 1 89 -362.9100 228.3700
-2.0669441648e-01 1.7005182320e-01 -1.7773594537e+00
37 35 23
2 0 89 -246.1400 198.4600 1 1230 -361.3200 225.5700
2.5093413103e-01 1.2638125129e-01 -1.5648946582e+00
80 70 58
2 0 192 334.0800 162.4400 1 109 342.8800 220.2100
1.5567989462e-01 1.4857917713e-03 -1.6234039549e+00
77 58 34
2 0 574 200.8200 -0.1400 1 512 207.7900 35.4400
-1.2010073689e-01 -8.4719433291e-03 -1.6469436233e+00
179 143 113
2 0 601 -149.1700 -14.6500 1 2123 -130.9800 -17.2800
-5.7677543757e-02 -4.2632156326e-02 -1.6107007707e+00
132 114 99
2 0 699 -70.4800 -58.4700 1 2152 -16.2900 -58.5100
-5.7677543757e-02 -4.2632156326e-02 -1.6107007707e+00
132 114 99
2 0 700 -70.4800 -58.4700 1 2153 -16.2900 -58.5100
-9.6976943306e-02 -5.3932281265e-02 -1.6417905711e+00
177 134 105
2 0 727 -119.9600 -71.0600 1 1604 -90.0800 -82.8100
-9.6976943306e-02 -5.3932281265e-02 -1.6417905711e+00
177 134 105
2 0 728 -119.9600 -71.0600 1 1605 -90.0800 -82.8100
-1.1075375866e-01 -5.5281591137e-02 -1.6518427548e+00
132 100 79
2 0 734 -136.9700 -72.2500 1 2185 -115.5600 -87.2900
1.2509793971e-01 -5.6070379599e-02 -1.6495612051e+00
137 114 83
2 0 738 158.9200 -72.3400 1 692 160.0200 -47.0000
1.2720904955e-01 -6.4948891417e-02 -1.6488673016e+00
124 98 65
2 0 761 161.6900 -83.2200 1 730 163.9000 -58.8600
-7.8258790558e-02 -6.4093533845e-02 -1.6314888894e+00
134 117 100
2 0 765 -96.4200 -84.0800 1 2192 -56.4200 -94.9900
-1.4196692783e-01 -7.0984879063e-02 -1.6774060198e+00
128 91 57
2 0 777 -174.6800 -90.7900 1 1653 -173.3600 -115.9600
3.6814683089e-03 -6.9592922342e-02 -1.6086989024e+00
156 106 64
2 0 779 8.5200 -92.0100 1 798 63.7500 -87.9400
-1.1831538971e-01 -8.0581210656e-02 -1.6634757661e+00
135 105 79
2 0 806 -145.8900 -103.3300 1 2223 -130.5800 -126.2000
-1.4292162081e-01 -8.5585624285e-02 -1.6814515901e+00
201 160 113
2 0 816 -175.6100 -108.8700 1 2231 -175.4000 -137.5300
-1.2689708996e-01 -8.6522446099e-02 -1.6715729812e+00
210 186 152
2 0 818 -156.1700 -110.0100 1 2229 -146.9600 -136.5900
-1.3504505750e-02 -9.3983758414e-02 -1.6255228475e+00
90 52 29
2 0 839 -13.9500 -122.0800 1 896 32.1600 -126.2700
-1.5830518588e-01 -9.9092656764e-02 -1.6948023723e+00
88 58 28
2 0 844 -193.6900 -124.5300 1 1721 -203.3100 -160.1800
-9.7441827727e-02 -1.0107571903e-01 -1.6543304210e+00
122 102 78
2 0 852 -119.9300 -128.8700 1 1713 -93.6900 -153.3200
-9.0908705481e-02 -1.0138907730e-01 -1.6497969755e+00
104 84 62
2 0 854 -111.8900 -129.9300 1 1709 -81.7800 -152.3800
-1.8928150595e-02 -1.0160340462e-01 -1.6310214253e+00
142 97 66
2 0 859 -20.9500 -131.2600 1 925 22.0800 -138.2400
-1.3477020233e-01 -1.0610799151e-01 -1.6814444741e+00
174 147 117
2 0 862 -165.3600 -133.5300 1 2250 -161.6500 -166.7700
-1.0280615994e-01 -1.0649999272e-01 -1.6590829597e+00
118 93 69
2 0 864 -126.4900 -135.3400 1 2247 -103.4500 -162.1800
-1.8381341467e-01 -1.2451809330e-01 -1.7224005566e+00
44 28 15
2 0 897 -222.6500 -153.2300 1 2294 -252.4400 -201.3100
8.2328593032e-02 -1.2724216770e-01 -1.6903425234e+00
55 45 36
2 0 901 101.7900 -158.4800 1 1704 89.4700 -147.8200
4.2587576094e-02 -1.3278696578e-01 -1.6947271776e+00
93 84 73
2 0 911 52.7800 -165.4500 1 1728 43.8700 -162.7900
-1.7460191840e-01 -1.3872706373e-01 -1.7151535185e+00
53 38 22
2 0 919 -211.9500 -170.8300 1 1107 -233.1500 -221.0000
-1.2031579823e-01 -1.3626329348e-01 -1.6786456233e+00
114 89 63
2 0 920 -147.5500 -171.3900 1 2301 -136.4500 -207.8000
-1.6874902751e-01 -1.4236698708e-01 -1.7129925346e+00
138 123 105
2 0 927 -205.0000 -175.6000 1 1779 -223.3500 -224.9800
-1.5624962437e-01 -1.5418466611e-01 -1.7074018426e+00
165 144 117
2 0 953 -190.0600 -190.2700 1 1789 -201.2500 -239.9900
-9.2287445694e-02 -1.5590945352e-01 -1.6660138297e+00
107 82 57
2 0 959 -112.9100 -195.9500 1 2316 -88.4100 -231.9000
-5.0703716464e-02 -1.5804281246e-01 -1.6658047280e+00
86 53 25
2 0 965 -61.2100 -199.1600 1 1109 -36.7900 -223.5700
-7.3651986465e-02 -1.8792487481e-01 -1.6864251585e+00
36 25 12
2 0 1002 -89.5200 -234.1500 1 1164 -76.5600 -269.0500
-7.2461963302e-02 -1.8995362144e-01 -1.6869470188e+00
114 102 88
2 0 1004 -88.0000 -236.3600 1 1165 -75.2300 -271.7100
-2.1846480630e-01 1.7271967751e-01 -1.7768641193e+00
186 183 174
2 0 1058 -260.0700 201.2600 1 1840 -377.7700 229.4900
-2.1846480630e-01 1.7271967751e-01 -1.7768641193e+00
186 183 174
2 0 1059 -260.0700 201.2600 1 1841 -377.7700 229.4900
-2.1339346587e-01 1.7161210467e-01 -1.7768822004e+00
174 171 162
2 0 1060 -254.0800 200.0400 1 1843 -370.5600 227.9600
-2.1339346587e-01 1.7161210467e-01 -1.7768822004e+00
174 171 162
2 0 1061 -254.0800 200.0400 1 1844 -370.5600 227.9600
-2.1200602401e-01 1.6827246598e-01 -1.7779889797e+00
30 27 18
2 0 1062 -252.3500 196.3600 1 2364 -368.7300 222.6100
-1.1612258806e-01 1.8841328285e-02 -1.6357759238e+00
149 118 94
2 0 1264 -144.7400 18.8500 1 2085 -121.1800 26.2500
1.6575978582e-01 1.4203353586e-02 -1.6075543782e+00
94 84 72
2 0 1270 216.0100 15.4500 1 475 231.0700 55.4200
1.6969306327e-01 -7.0961198998e-03 -1.6174461223e+00
146 120 83
2 0 1311 219.5400 -10.9700 1 1465 228.4800 25.7200
1.6218460475e-01 -8.3668651396e-03 -1.6215241108e+00
116 99 77
2 0 1314 209.3700 -12.6900 1 1468 217.3000 23.0100
1.5302671869e-01 -3.5886569194e-02 -1.6311839079e+00
138 107 71
2 0 1345 196.4200 -47.3300 1 1506 202.5500 -15.7200
1.8410703973e-01 -4.4125205133e-02 -1.6161438415e+00
101 76 53
2 0 1364 238.1400 -58.4100 1 1519 248.4800 -21.9100
1.7134722782e-01 -5.6022951461e-02 -1.6243227220e+00
163 128 98
2 0 1377 220.6600 -73.0400 1 1537 229.6600 -40.0100
-1.4036969581e-01 -6.0040841032e-02 -1.6738761035e+00
202 153 102
2 0 1384 -172.9200 -77.2400 1 2196 -170.2900 -99.5200
7.4331708668e-03 -5.8952559350e-02 -1.6022743229e+00
68 42 31
2 0 1386 13.5600 -78.9600 1 2164 72.4000 -71.5400
-1.6915630486e-01 -7.0720523015e-02 -1.6998490925e+00
63 33 19
2 0 1396 -206.7300 -89.3100 1 2210 -225.5700 -120.0600
-1.3646779282e-01 -7.0933427369e-02 -1.6735731499e+00
191 145 105
2 0 1399 -168.0700 -90.9500 1 2205 -163.3000 -114.9100
-1.4097979827e-01 -7.3936777977e-02 -1.6781290467e+00
228 201 160
2 0 1403 -173.3900 -94.2900 1 2212 -172.1400 -120.2200
-1.1402197056e-01 -7.4922616310e-02 -1.6594782833e+00
158 124 97
2 0 1406 -140.7400 -96.7900 1 2208 -122.8000 -116.8100
1.1662347744e-01 -7.6405425714e-02 -1.6561374253e+00
150 116 79
2 0 1408 147.6000 -97.5200 1 2173 147.9900 -75.5800
-1.3037060330e-01 -7.6669552596e-02 -1.6711719705e+00
219 176 141
2 0 1411 -160.5800 -98.0800 1 2219 -152.6600 -122.4300
1.1969352226e-01 -7.9235325433e-02 -1.6547893703e+00
138 106 69
2 0 1417 151.5900 -101.1300 1 1601 152.6900 -78.8800
-1.2949457826e-01 -9.2350430193e-02 -1.6747169377e+00
201 176 143
2 0 1431 -159.2300 -117.0900 1 2238 -151.8300 -145.5800
-1.2949457826e-01 -9.2350430193e-02 -1.6747169377e+00
201 176 143
2 0 1432 -159.2300 -117.0900 1 2239 -151.8300 -145.5800
-1.5000708730e-01 -9.6752717493e-02 -1.6893437305e+00
205 176 135
2 0 1436 -183.8300 -121.9800 1 2245 -188.7800 -155.2800
-2.0593009974e-01 -1.1060532852e-01 -1.7160182760e+00
133 103 75
2 0 1451 -250.1600 -136.9600 1 2279 -280.5300 -186.9000
-1.0081907036e-01 -1.1815911007e-01 -1.6603176045e+00
111 90 68
2 0 1455 -123.9400 -149.9300 1 2266 -100.1900 -178.7700
-7.1893264652e-02 -1.2560237606e-01 -1.6444980311e+00
123 87 61
2 0 1470 -87.9200 -160.5000 1 2274 -50.1900 -184.4900
-1.5052247972e-01 -1.4166848478e-01 -1.7002338706e+00
170 144 116
2 0 1483 -183.5500 -175.6600 1 2527 -190.5500 -221.1100
-1.2334349199e-01 -1.8530973073e-01 -1.6921535595e+00
85 68 50
2 0 1501 -150.4400 -229.8700 1 1808 -143.2300 -278.8400
-2.2315557676e-01 1.7057234546e-01 -1.7797651003e+00
36 35 25
2 0 1581 -265.3200 198.6200 1 2358 -385.5900 225.4700
1.6464997745e-01 -1.2175921920e-02 -1.6206651019e+00
133 112 82
2 0 1718 212.6400 -17.5000 1 2433 221.0400 18.1700
1.6464997745e-01 -1.2175921920e-02 -1.6206651019e+00
133 112 82
2 0 1719 212.6400 -17.5000 1 2434 221.0400 18.1700
1.5899377543e-01 -1.6885939609e-02 -1.6247479660e+00
145 121 85
2 0 1723 204.8600 -23.4600 1 2099 212.1500 10.9500
-5.4049996127e-02 -4.4201414720e-02 -1.6083647783e+00
110 92 78
2 0 1737 -65.7800 -60.1500 1 2467 -9.5200 -60.6000
1.1918868274e-01 -4.7721682069e-02 -1.6494346073e+00
131 108 79
2 0 1739 151.5400 -61.7400 1 2137 152.9800 -36.8200
1.6038577748e-01 -6.0435510622e-02 -1.6306436632e+00
113 85 56
2 0 1752 205.8200 -78.6500 1 2460 213.4200 -47.3500
-1.0005357759e-01 -1.1441709190e-01 -1.6590968151e+00
102 82 57
2 0 1788 -123.0600 -145.5400 1 2505 -98.8100 -173.0100
-1.0005357759e-01 -1.1441709190e-01 -1.6590968151e+00
102 82 57
2 0 1790 -123.0600 -145.5400 1 2506 -98.8100 -173.0100
8.4883444667e-02 -1.2027086482e-01 -1.6917244348e+00
72 62 50
2 0 1793 104.7800 -149.7900 1 2232 90.1800 -137.9700
5.9392212848e-02 -1.4087867615e-01 -1.6900865615e+00
70 63 55
2 0 1813 73.6800 -175.7800 1 2256 66.8800 -170.4300
-1.3269270885e-01 -1.8820179857e-01 -1.6963984805e+00
89 72 62
2 0 1823 -161.8200 -233.4300 1 2541 -157.8800 -284.5800
-1.3269270885e-01 -1.8820179857e-01 -1.6963984805e+00
89 72 62
2 0 1824 -161.8200 -233.4300 1 2542 -157.8800 -284.5800
-1.2897762877e-01 -1.9154536192e-01 -1.6937086881e+00
83 70 62
2 0 1825 -157.3200 -237.5700 1 2543 -150.6800 -289.1000
-1.2897762877e-01 -1.9154536192e-01 -1.6937086881e+00
83 70 62
2 0 1826 -157.3200 -237.5700 1 2544 -150.6800 -289.1000
-7.3256115645e-02 -1.9340922422e-01 -1.6863340606e+00
27 17 7
2 0 1827 -89.0200 -240.9200 1 2327 -75.2500 -276.7700
1.6013481150e-01 -1.2852537699e-02 -1.6234034688e+00
74 61 51
2 0 1904 206.4900 -18.5000 1 2604 214.0400 16.7300
-5.7508891963e-02 -4.1204676042e-02 -1.6104057002e+00
128 110 96
2 0 1912 -70.2600 -56.5600 1 2624 -16.0300 -56.4000
-1.7972412933e-01 -1.4138343986e-01 -1.7161125230e+00
33 21 7
2 0 1944 -218.1200 -174.1000 1 2668 -240.2600 -226.0400
-1.7578998231e-01 -1.4312535823e-01 -1.7149647209e+00
34 24 14
2 0 1946 -213.4300 -176.3900 1 2669 -233.9600 -227.6600
2.0196906829e-01 -3.4897132919e-03 -1.6009780270e+00
57 44 29
2 0 2011 263.5200 -6.8300 1 2725 275.5300 35.6700
1.6528649261e-01 -5.6615749874e-03 -1.6192464734e+00
74 61 48
2 0 2012 213.6500 -9.2700 1 2731 222.2000 27.1600
-1.4683842895e-01 -1.0705476323e-01 -1.6905997665e+00
104 76 51
2 0 2030 -179.7300 -133.9700 1 2814 -183.9600 -170.2100
4.1810827120e-02 -2.0261001696e-01 -1.7203280056e+00
193 175 147
2 0 2036 50.1200 -248.7900 1 2673 31.6000 -251.9700
2.2171666807e-01 4.8998564580e-03 -1.5947210627e+00
146 125 101
2 0 2068 290.0700 4.6100 1 2719 299.7900 48.9900
2.0430078869e-01 -1.0984911788e-02 -1.6015228124e+00
19 12 5
2 0 2076 266.4200 -16.4700 1 2732 278.1800 25.8600
1.2913764090e-01 -4.8220801361e-02 -1.6440022002e+00
108 87 56
2 0 2084 164.6700 -62.4700 1 2749 168.1300 -36.0300
1.2706269920e-01 -5.5660635029e-02 -1.6480688479e+00
143 114 79
2 0 2087 161.5400 -72.1300 1 2751 163.3000 -45.9200
-1.4428407083e-01 -8.5702449906e-02 -1.6832186303e+00
216 189 137
2 0 2091 -177.1300 -108.4200 1 2852 -178.4500 -138.2800
-2.1537366212e-01 -1.6633831182e-01 -1.7235384520e+00
69 56 39
2 0 2099 -260.6900 -203.7900 1 2822 -289.9500 -271.7600
2.1346512847e-01 -1.7620270564e-02 -1.5978148154e+00
30 23 13
2 0 2127 278.9100 -24.5700 1 2836 291.4500 17.8000
1.1931199971e-01 -5.6128428167e-02 -1.6507862716e+00
76 61 42
2 0 2129 151.5800 -71.9100 1 2808 152.9700 -48.4200
-1.3728538555e-01 -6.6360669647e-02 -1.6747093253e+00
225 196 160
2 0 2131 -169.0000 -84.8800 1 2848 -165.8800 -108.4500
1.5351202132e-01 -1.3397891960e-02 -1.6276252347e+00
78 64 48
2 0 2160 197.5200 -18.4900 1 2837 203.5700 14.3700
1.8095538545e-01 -7.7264370130e-02 -1.6271436526e+00
174 143 122
2 0 2164 232.4100 -99.7200 1 2876 239.1400 -66.8800
1.0067909245e-01 -1.5249284465e-01 -1.6796388301e+00
33 24 15
2 0 2167 125.3400 -190.8500 1 2818 120.6700 -178.0300
1.7263876034e-01 -4.5282778487e-02 -1.6235550763e+00
146 116 78
2 0 2187 222.4000 -59.3300 1 2874 230.3800 -25.5100
1.2236930449e-01 -8.7665390207e-02 -1.6574879594e+00
31 12 3
2 0 2193 154.5600 -112.0600 1 2902 154.1300 -89.0800
-1.8824981272e-01 -1.6510419117e-01 -1.7176830327e+00
224 217 199
2 0 2238 -228.2700 -202.6900 1 2923 -249.2500 -263.2300
2.0470037579e-01 -2.0445443217e-03 -1.6013120666e+00
38 28 18
2 0 2243 266.9900 -4.1900 1 2930 277.7600 37.1900
