# Bundle file v0.3
3 10
2.1330000000e+03 0.0000000000e+00 0.0000000000e+00
1.0000000000e+00 0.0000000000e+00 0.0000000000e+00
0.0000000000e+00 1.0000000000e+00 0.0000000000e+00
0.0000000000e+00 0.0000000000e+00 1.0000000000e+00
-0.0000000000e+00 -0.0000000000e+00 -0.0000000000e+00
2.1330000000e+03 0.0000000000e+00 0.0000000000e+00
5.8614984033e-01 5.1137569026e-01 6.2842920690e-01
-6.5902731201e-01 -1.5025522422e-01 7.3695750869e-01
4.7128692609e-01 -8.4611953706e-01 2.4893847089e-01
5.3610646977e-01 6.5016711077e-01 -5.3839816228e-01
0 0 0
0 0 0
0 0 0
0 0 0
0 0 0
1.2322551582e-01 -2.8259958136e-02 -8.9740179626e-01
136 103 70
2 0 632 292.8900 -67.1700 1 1202 93.9100 -276.5600
7.4844191258e-02 -3.2599085849e-02 -8.9964862763e-01
86 67 44
2 0 660 177.4500 -77.2900 1 1382 -6.2800 -174.6100
9.5277891339e-02 -5.4906929872e-02 -9.1812859562e-01
147 114 79
2 0 734 221.3500 -127.5600 1 1182 -41.3700 -255.7200
1.0897616615e-01 -1.0532316655e-02 -8.8342264634e-01
145 118 87
2 0 1129 263.1200 -25.4300 1 1399 120.4800 -217.3000
1.0065130887e-01 -1.0696922830e-02 -8.8367660438e-01
97 80 60
2 0 1130 242.9500 -25.8200 1 1131 104.2500 -199.9300
9.7367682969e-02 -6.8999746704e-03 -8.8058330984e-01
71 55 32
2 0 1543 235.9000 -16.6900 1 1538 109.5500 -187.0700
7.8155758899e-02 -3.0511986813e-02 -8.9800573204e-01
137 112 81
2 0 1581 185.5300 -72.5300 1 1630 6.1200 -178.6400
9.5662188322e-02 -1.0802101258e-02 -8.8361750338e-01
66 53 43
2 0 1724 230.8500 -26.1100 1 1634 95.0600 -189.1900
1.0297989576e-01 -1.3196816426e-02 -8.8551855074e-01
78 62 46
2 0 1729 248.2000 -31.7200 1 1703 101.2900 -208.3200
7.7788944397e-02 -3.4902715291e-02 -9.0177257124e-01
75 60 41
2 0 1971 184.0500 -82.5300 1 1786 -8.7500 -184.9600
