# Bundle file v0.3
3 282
0 0 0
0 0 0
0 0 0
0 0 0
0 0 0
1.8991278243e+03 3.4022653448e-01 1.4536179088e-03
9.9758881209e-01 4.7730526306e-02 -5.0382128262e-02
-4.7406128179e-02 9.9884667117e-01 7.6148870975e-03
5.0687483670e-02 -5.2081045434e-03 9.9870098360e-01
-4.5906440421e-01 8.6160033795e-02 9.1871452196e-01
2.0453292962e+03 -1.1663895791e-02 -3.0281332500e-03
9.8542770802e-01 1.4886936071e-01 8.2280895120e-02
-1.4942781278e-01 9.8877243256e-01 6.3668648088e-04
-8.1262297712e-02 -1.2922462691e-02 9.9660897494e-01
1.3271704398e-01 1.9710770285e-01 1.1656687513e+00
6.3419786880e-01 6.5360919304e-01 -7.8761480799e+00
181 133 79
2 1 215 166.3500 178.3600 2 104 62.6100 226.2500
6.6477624042e-01 6.2473026763e-01 -7.9313310187e+00
87 51 25
2 1 234 173.7300 168.7700 2 1626 68.5300 214.1900
-1.9143751982e-01 5.9497645847e-01 -7.9883139902e+00
85 58 46
2 1 235 -58.7000 168.4400 2 71 -188.3600 244.5500
-1.9143751982e-01 5.9497645847e-01 -7.9883139902e+00
85 58 46
2 1 236 -58.7000 168.4400 2 72 -188.3600 244.5500
3.2029994296e-01 6.6506586267e-01 -8.5809606334e+00
172 133 104
2 1 243 81.4000 165.8400 2 113 -43.9800 222.0500
7.0714725806e-01 5.9229586497e-01 -7.9901886443e+00
160 105 64
2 1 267 184.2000 157.9600 2 1650 77.4800 200.8000
9.9447760296e-02 5.6643279833e-01 -8.4278779393e+00
112 76 51
2 1 293 23.5100 147.4700 2 133 -106.8600 208.4400
2.8241316256e-01 5.7338658706e-01 -8.6740498748e+00
105 84 66
2 1 308 70.9000 142.0000 2 1655 -59.3100 195.7100
3.4239759572e-01 5.7351284771e-01 -8.7359520701e+00
130 106 84
2 1 315 85.7600 140.1800 2 173 -44.2000 191.5900
4.1291394173e-01 5.7342427248e-01 -8.8386682763e+00
149 115 90
2 1 328 102.9700 137.3100 2 1670 -27.3600 186.1700
5.6053235424e-01 5.6837042511e-01 -8.9211881283e+00
115 87 64
2 1 343 138.5100 132.2400 2 209 9.0800 177.5800
1.0423789411e-01 4.8735131266e-01 -8.5696765874e+00
110 76 51
2 1 361 24.9400 125.1100 2 1677 -109.9200 182.2000
2.5588864277e-01 4.4500125378e-01 -8.8343218632e+00
145 114 85
2 1 404 63.3200 108.5900 2 1707 -73.6000 158.4300
1.2705190005e-01 4.1240997565e-01 -8.6841261553e+00
109 77 55
2 1 419 30.6200 104.6000 2 259 -107.6800 158.0800
8.8606431639e-01 2.9591629177e-01 -6.4988211830e+00
65 47 31
2 1 429 265.0100 101.3700 2 312 195.7700 133.2400
1.2039418323e+00 3.0249402882e-01 -6.6040114883e+00
162 133 97
2 1 451 373.2700 96.3500 2 1771 304.2100 115.6200
1.1264934331e+00 2.8522721490e-01 -6.6351321201e+00
122 90 55
2 1 469 344.1900 91.0200 2 358 272.8500 112.9400
2.9117223993e-01 3.6479736520e-01 -9.0051541331e+00
125 93 70
2 1 487 71.3100 87.0000 2 1750 -69.6400 132.5700
1.2665293905e+00 2.6141723464e-01 -6.6680298396e+00
130 99 64
2 1 509 391.2900 80.2300 2 1801 318.8800 95.9800
4.8277644308e-01 2.5162263827e-01 -9.4199750413e+00
156 121 97
2 1 584 114.3000 54.9200 2 410 -31.9000 90.6900
7.4156009997e-03 1.9357145679e-01 -8.7841864113e+00
158 116 90
2 1 598 -0.0200 51.5500 2 387 -149.1800 102.6700
7.8554587948e-01 2.1448658880e-01 -9.7785140015e+00
116 86 66
2 1 628 178.8700 41.2300 2 452 31.8100 67.1700
1.0813646986e-01 8.0753808064e-02 -9.0572575562e+00
197 142 99
2 1 671 25.3300 22.2600 2 456 -128.2500 65.7500
1.2218336818e-02 1.3466638428e-02 -8.9561811313e+00
201 174 153
2 1 717 1.0200 7.8900 2 1865 -155.4100 52.9300
1.1957642879e+00 4.4510395627e-02 -6.8489424311e+00
126 101 71
2 1 726 354.7100 5.8300 2 581 267.6800 21.8800
1.5520258560e-02 3.6801604793e-03 -8.9836938834e+00
216 185 154
2 1 729 1.9700 5.6100 2 1869 -154.9600 49.9400
1.1135155998e+00 3.6564580945e-02 -6.8011473058e+00
82 61 42
2 1 731 328.7200 5.0800 2 1899 242.2300 23.2800
1.7802964475e-01 4.8251553905e-03 -9.2549052720e+00
105 77 66
2 1 734 42.0600 3.5300 2 522 -114.5500 42.2100
8.5571059263e-01 1.7155097581e-02 -1.0248583992e+01
67 44 32
2 1 752 187.1800 -2.5100 2 1909 30.4400 17.2800
1.1879234535e+00 1.0765821267e-03 -9.2308842608e+00
126 77 34
2 1 766 276.4000 -8.7600 2 1942 136.9100 3.3700
7.1187140579e-02 -6.2776076956e-02 -9.1836252604e+00
198 150 102
2 1 772 16.3300 -10.8600 2 553 -143.7500 29.7800
2.9693753101e-02 -7.1827917919e-02 -9.1165300270e+00
101 75 40
2 1 773 5.9600 -12.4400 2 1895 -154.5000 29.3200
4.6884851054e-01 -5.3982540085e-02 -9.8280091071e+00
172 133 112
2 1 774 107.2400 -13.2400 2 1914 -52.2800 15.3100
3.2212328912e-01 -8.2264541356e-02 -9.6353585381e+00
167 132 112
2 1 795 75.0400 -17.8900 2 1916 -85.6800 14.2900
5.5094522583e-01 -7.6153903732e-02 -9.9923690287e+00
161 119 91
2 1 798 124.1800 -18.8600 2 1934 -36.4600 7.1700
2.2883713676e-01 -1.2627685701e-01 -9.4933541670e+00
121 98 78
2 1 820 53.4800 -26.6700 2 618 -108.5700 7.2500
1.2362551330e+00 -8.6254999859e-02 -9.4294055677e+00
119 81 48
2 1 831 282.5200 -29.8300 2 703 138.0100 -19.1300
1.1492549245e-01 -1.6336360006e-01 -9.3944230886e+00
233 195 153
2 1 844 27.0500 -34.0100 2 625 -137.3500 2.5700
1.2603565929e+00 -1.1070843656e-01 -9.5017874414e+00
117 79 51
2 1 853 286.2500 -35.6900 2 727 140.2100 -25.5200
1.5103633523e-01 -2.0661974271e-01 -9.5155877501e+00
235 195 157
2 1 882 35.5700 -43.7500 2 667 -130.6200 -9.2700
2.4183680828e-01 -2.6550395106e-01 -9.7014874354e+00
203 153 110
2 1 930 56.0600 -57.3500 2 726 -112.0500 -25.8800
9.9231946639e-02 -2.7804474769e-01 -9.4734161667e+00
114 80 43
2 1 934 23.0200 -59.2700 2 1975 -145.7500 -24.8000
2.8074462090e-01 -3.6302831533e-01 -9.8876022426e+00
216 166 110
2 1 979 64.0800 -77.1900 2 780 -107.5800 -49.7500
2.5861724728e-01 -3.8940497982e-01 -9.8751509616e+00
139 111 89
2 1 990 59.1100 -82.8400 2 2029 -113.6000 -55.0200
1.2933548777e+00 -7.0404308273e-01 -1.1962005174e+01
148 108 79
2 1 1093 244.2100 -133.2900 2 959 60.0900 -132.8900
4.5910135021e-01 -7.0585561841e-01 -1.0622101769e+01
110 80 56
2 1 1113 98.6700 -142.3400 2 938 -85.2900 -124.6000
4.8420712385e-01 -9.0522804740e-01 -1.0926779737e+01
206 157 107
2 1 1189 101.7100 -177.0400 2 1032 -88.9400 -162.8100
5.4257262708e-01 -9.1343681954e-01 -1.1046394482e+01
125 93 62
2 1 1190 112.7000 -177.5600 2 1036 -78.2400 -164.0100
5.4059477341e-01 -1.0509282515e+00 -1.1245691289e+01
213 166 112
2 1 1241 110.9400 -200.2900 2 1106 -84.6200 -188.1200
5.4059477341e-01 -1.0509282515e+00 -1.1245691289e+01
213 166 112
2 1 1242 110.9400 -200.2900 2 1107 -84.6200 -188.1200
7.4549031823e-01 -1.2186595606e+00 -1.1895712453e+01
210 162 120
2 1 1287 144.7800 -221.0000 2 1220 -55.9000 -213.8100
8.4754653529e-01 -1.2495308517e+00 -1.2162263336e+01
164 132 110
2 1 1292 160.8500 -221.9800 2 1238 -40.7100 -217.4300
8.8388379008e-01 -1.2783006091e+00 -1.2205113450e+01
184 153 132
2 1 1311 166.6700 -226.6700 2 1258 -35.3800 -222.6500
3.7448792807e-01 -1.2416210837e+00 -1.1237019351e+01
150 112 82
2 1 1339 78.5600 -234.8300 2 1252 -123.8100 -221.4800
5.1244491999e-01 -1.2703982523e+00 -1.1543203191e+01
133 101 76
2 1 1340 103.7400 -234.9300 2 1266 -99.0100 -224.6000
6.1736148405e-01 -1.2978805598e+00 -1.1702970764e+01
131 100 77
2 1 1342 122.1700 -237.7900 2 1280 -80.7200 -229.2500
6.9153954594e-01 -1.4976137377e+00 -1.2074733354e+01
122 93 73
2 1 1462 132.6100 -265.5600 2 1377 -75.5200 -260.7600
5.8904122557e-01 7.1822437832e-01 -7.7240992276e+00
77 46 27
2 1 1774 156.2200 201.2000 2 2419 57.0600 253.8100
-1.3008983859e-01 6.9787833174e-01 -7.9196012428e+00
108 70 47
2 1 1778 -42.0200 196.9300 2 2394 -165.5000 275.6300
-1.2119705680e-01 6.7300184268e-01 -7.9711369900e+00
104 67 48
2 1 1787 -39.0600 188.8700 2 2403 -163.9100 265.3600
-1.9872458859e-01 6.5674189104e-01 -7.8822061539e+00
131 103 80
2 1 1789 -62.3100 188.4200 2 2400 -188.0200 267.3400
1.2849777136e-01 6.4602112024e-01 -8.4036500796e+00
130 99 78
2 1 1825 31.8700 167.4000 2 1605 -95.2800 230.6600
9.6909800413e-01 4.5647719163e-01 -6.3772321140e+00
149 130 108
2 1 1843 302.0800 159.6400 2 2965 244.7400 193.1200
1.7817032066e-01 6.1708453975e-01 -8.4812293851e+00
168 133 101
2 1 1844 44.5500 158.0600 2 1621 -83.4400 217.6500
1.7817032066e-01 6.1708453975e-01 -8.4812293851e+00
168 133 101
2 1 1845 44.5500 158.0600 2 1622 -83.4400 217.6500
7.1828807357e-01 5.5854311546e-01 -8.0835397373e+00
83 46 30
2 1 1866 185.5000 146.6900 2 1669 75.9700 187.6000
1.2395781171e-01 5.2853308335e-01 -8.5107593805e+00
111 76 54
2 1 1878 30.0600 135.6600 2 1658 -102.4200 194.7800
1.2395781171e-01 5.2853308335e-01 -8.5107593805e+00
111 76 54
2 1 1879 30.0600 135.6600 2 1657 -102.4200 194.7800
1.1278998228e+00 4.0028227719e-01 -6.4594552917e+00
151 127 101
2 1 1880 354.9900 135.0800 2 2477 294.2400 159.7000
-1.6558574869e-01 4.7975279036e-01 -8.1711773581e+00
156 109 75
2 1 1881 -49.7400 134.0400 2 1645 -185.2200 202.7600
-1.8071469671e-01 4.6008984921e-01 -8.1659958643e+00
87 54 39
2 1 1888 -54.1100 129.3500 2 2443 -190.4700 197.7300
8.5956006422e-01 3.5472475669e-01 -6.4250141155e+00
86 64 46
2 1 1903 258.8800 124.2100 2 2481 194.2300 158.8200
4.7736706473e-02 4.7130269781e-01 -8.5064183878e+00
103 71 51
2 1 1904 9.9400 123.0300 2 1675 -125.6700 181.6700
-1.4932559988e-01 4.3089699471e-01 -8.2610402027e+00
172 118 79
2 1 1907 -44.4400 119.6200 2 2453 -182.4100 185.2100
-1.4932559988e-01 4.3089699471e-01 -8.2610402027e+00
172 118 79
2 1 1908 -44.4400 119.6200 2 2454 -182.4100 185.2100
-1.4436398316e-01 4.1133584409e-01 -8.2844986081e+00
163 106 72
2 1 1914 -42.9900 114.1900 2 2460 -181.7700 178.6900
-1.4436398316e-01 4.1133584409e-01 -8.2844986081e+00
163 106 72
2 1 1915 -42.9900 114.1900 2 2461 -181.7700 178.6900
2.5292287580e-01 4.2963996673e-01 -8.8660008176e+00
119 86 66
2 1 1925 62.4900 104.6500 2 2489 -75.3400 153.6700
9.3782089998e-01 3.0611348609e-01 -6.5005051931e+00
113 97 70
2 1 1928 283.4200 104.0900 2 1749 215.4000 134.0400
2.6090575416e-01 4.1259091250e-01 -8.9003110418e+00
132 93 74
2 1 1937 64.2900 100.1400 2 1722 -74.3100 148.0500
7.2581331474e-02 3.8715078903e-01 -8.6669262726e+00
147 106 84
2 1 1939 16.8500 99.1200 2 263 -123.3300 154.0600
-7.5697350899e-02 3.5362870423e-01 -8.4737416803e+00
183 118 70
2 1 1948 -22.8600 95.3400 2 1712 -164.7800 155.2700
2.2851783296e-01 3.6866443294e-01 -8.8933142778e+00
119 87 63
2 1 1959 56.0900 89.8200 2 2505 -84.4900 138.2600
1.2082337195e+00 2.6165507073e-01 -6.6637820009e+00
101 79 47
2 1 1972 371.0500 81.2300 2 1793 298.4900 99.3600
1.2082337195e+00 2.6165507073e-01 -6.6637820009e+00
101 79 47
2 1 1973 371.0500 81.2300 2 1794 298.4900 99.3600
1.1946390191e+00 2.5494938747e-01 -6.6716093001e+00
95 67 57
2 1 1978 365.7800 79.0600 2 1797 292.6400 97.5100
1.1946390191e+00 2.5494938747e-01 -6.6716093001e+00
95 67 57
2 1 1979 365.7800 79.0600 2 1798 292.6400 97.5100
2.2646404327e-01 3.0429836769e-01 -8.9649306412e+00
131 96 74
2 1 1988 55.1300 73.9500 2 1767 -88.2700 120.1100
-1.6776376515e-01 2.0543566382e-01 -8.4053067686e+00
125 90 58
2 1 2012 -49.2100 60.3400 2 349 -196.8900 118.7400
2.5531995414e-01 2.5109014710e-01 -9.0854931824e+00
123 91 71
2 1 2014 61.7700 60.2400 2 2553 -84.1200 103.2400
2.5531995414e-01 2.5109014710e-01 -9.0854931824e+00
123 91 71
2 1 2015 61.7700 60.2400 2 2554 -84.1200 103.2400
1.0818435067e+00 1.7224684954e-01 -6.7162569230e+00
124 94 67
2 1 2028 323.4300 51.8500 2 1841 244.5400 73.6000
1.8514581025e-01 2.0218703803e-01 -9.0804642890e+00
142 98 73
2 1 2032 44.8300 49.6100 2 1805 -103.9200 93.6000
1.8514581025e-01 2.0218703803e-01 -9.0804642890e+00
142 98 73
2 1 2033 44.8300 49.6100 2 1806 -103.9200 93.6000
1.7472715730e-01 1.8917604067e-01 -9.0470619209e+00
159 117 93
2 1 2040 42.0500 46.8900 2 1810 -106.8400 91.1200
5.0218656535e-01 1.7994448633e-01 -9.5374634070e+00
139 109 88
2 1 2047 117.5600 38.0200 2 1844 -31.7300 71.2900
2.5857405735e-02 8.8383825798e-02 -8.9633288773e+00
140 101 72
2 1 2065 5.1200 25.5600 2 1843 -148.8800 71.6900
-2.4672344110e-01 5.6496794173e-02 -8.2945843459e+00
36 25 18
2 1 2066 -73.5700 24.3900 2 1823 -226.3800 81.3500
1.0958553849e+00 8.8100746955e-02 -6.7768568676e+00
121 97 66
2 1 2073 324.4400 22.8800 2 521 240.5700 42.3100
-1.0065913221e-01 2.4694902248e-02 -8.8199373088e+00
124 86 63
2 1 2087 -27.6600 12.5300 2 1855 -184.7200 61.2200
3.4271040533e-01 9.6070443378e-03 -9.5585006277e+00
153 111 83
2 1 2102 80.3300 2.2200 2 1889 -76.5900 35.7300
1.8819652779e-01 -2.0314212894e-02 -9.3022875916e+00
106 83 67
2 1 2107 44.4200 -2.4500 2 1888 -113.2900 35.3700
2.8345002231e-02 -1.0053287713e-01 -9.1478798070e+00
207 152 114
2 1 2132 5.6100 -18.8300 2 582 -155.9700 21.7400
1.2087731231e+00 -6.6720346174e-02 -7.0091207889e+00
38 24 20
2 1 2152 350.3800 -30.7200 2 2675 254.5900 -17.0900
1.2087731231e+00 -6.6720346174e-02 -7.0091207889e+00
38 24 20
2 1 2153 350.3800 -30.7200 2 2676 254.5900 -17.0900
1.2189885582e+00 -7.9602708829e-02 -7.0230284313e+00
34 24 14
2 1 2157 352.9800 -35.1000 2 2679 256.3600 -21.8200
8.8814167412e-01 -1.8428185811e-01 -1.0645058146e+01
158 127 106
2 1 2169 188.0100 -42.8900 2 1981 22.5900 -27.4400
1.0201772721e+00 -2.4650949891e-01 -1.0885080770e+01
194 140 113
2 1 2189 210.8300 -55.1300 2 2013 43.2400 -44.1100
-3.5531967185e-02 -2.7359114690e-01 -9.1332036027e+00
146 120 97
2 1 2195 -11.0600 -58.7300 2 1967 -179.0600 -19.3500
1.3727852370e+00 -2.3455495181e-01 -9.7366246083e+00
183 135 93
2 1 2204 304.8300 -62.7100 2 2709 153.6800 -58.5300
1.1645583691e-01 -3.2617758424e-01 -9.5776332756e+00
107 76 47
2 1 2215 27.2300 -69.6900 2 2694 -143.6600 -36.5700
2.7524533363e-01 -4.2332676155e-01 -9.9753669200e+00
139 111 89
2 1 2246 62.5800 -88.9900 2 2714 -111.5200 -63.1700
1.4657421827e+00 -3.7129413530e-01 -9.9794711856e+00
117 78 46
2 1 2255 318.1400 -91.5400 2 2065 161.2000 -91.3400
1.4657421827e+00 -3.7129413530e-01 -9.9794711856e+00
117 78 46
2 1 2256 318.1400 -91.5400 2 2066 161.2000 -91.3400
-4.2863420742e-01 -4.5360031320e-01 -9.1662844704e+00
126 97 61
2 1 2263 -103.0500 -95.4400 2 781 -286.5500 -50.3000
-4.4649533807e-01 -4.6309197146e-01 -8.3049974484e+00
119 89 53
2 1 2280 -130.8700 -107.6200 2 2033 -306.4700 -57.7700
7.9018049584e-01 -5.9026376902e-01 -1.1075254625e+01
167 137 119
2 1 2284 161.9800 -117.2300 2 2083 -17.9800 -106.1400
4.5790188178e-02 -5.5072747890e-01 -9.6251257483e+00
114 89 67
2 1 2285 9.9400 -118.1500 2 864 -169.0200 -87.4100
5.5121308076e-02 -5.9695463705e-01 -9.6765037100e+00
124 97 76
2 1 2302 12.0000 -127.7500 2 2073 -168.4600 -98.2300
1.0633440316e+00 -6.9277037861e-01 -1.1641795505e+01
133 101 80
2 1 2311 206.9900 -132.7700 2 2115 23.3500 -128.0200
5.0440931621e-01 -7.4964786750e-01 -1.0807523628e+01
142 114 91
2 1 2335 106.9800 -148.7200 2 2123 -78.7500 -132.9900
1.8050557136e+00 -6.9248960905e-01 -1.0482895010e+01
89 65 43
2 1 2339 374.4000 -156.7000 2 3174 205.4300 -166.3300
8.4311767779e-01 -9.1463299582e-01 -1.1628978964e+01
143 106 83
2 1 2349 165.6400 -170.9400 2 2165 -25.2100 -164.4900
1.8778773489e+00 -1.1929726537e+00 -1.3240486426e+01
83 52 41
2 1 2388 318.8500 -202.2700 2 2248 120.6000 -215.6200
7.3085883215e-01 -1.2262015606e+00 -1.1870158506e+01
170 123 87
2 1 2409 142.1200 -221.9900 2 2250 -58.5300 -215.9900
7.6094078433e-01 -1.2507313265e+00 -1.1964390992e+01
201 155 113
2 1 2413 146.9000 -225.2900 2 2258 -54.6100 -219.0700
7.1055212776e-01 -1.3448846497e+00 -1.1914969539e+01
95 77 55
2 1 2435 137.5700 -242.2400 2 2296 -66.2100 -236.5400
9.7310257497e-01 -1.4488854419e+00 -1.2625238814e+01
183 151 128
2 1 2444 177.7200 -248.0800 2 2886 -29.0800 -246.9700
5.3527809220e-01 -1.3725532116e+00 -1.1718972561e+01
144 110 84
2 1 2451 106.9000 -249.9300 2 2301 -98.7500 -241.0800
6.6947856716e-01 -1.5641164948e+00 -1.2202021950e+01
63 45 25
2 1 2538 128.0200 -274.3900 2 2902 -82.5200 -268.9800
6.0489260597e-01 7.0004692635e-01 -7.7773607271e+00
69 40 29
2 1 2714 159.9400 194.2000 2 2950 59.2200 245.4900
-6.8730973974e-02 6.5804650829e-01 -8.0625562236e+00
148 128 103
2 1 2721 -23.6100 181.7600 2 2416 -149.1300 254.8200
-8.0693269947e-02 6.3988310501e-01 -8.0753497750e+00
116 82 57
2 1 2729 -26.8800 176.9100 2 2949 -153.4500 249.3800
6.7117959399e-01 6.3191767976e-01 -7.9011564330e+00
141 99 61
2 1 2737 175.9300 171.5600 2 2435 71.8200 216.9200
-2.7497925315e-02 5.5886009450e-01 -8.2417158965e+00
157 126 100
2 1 2751 -11.3400 150.9300 2 2433 -142.0100 217.7100
1.7602754473e-01 5.8418738273e-01 -8.5400005245e+00
103 80 62
2 1 2755 44.0200 148.4400 2 2960 -86.0800 207.0300
1.4525302647e-01 5.5647150238e-01 -8.5497127381e+00
104 77 57
2 1 2765 35.9000 142.1000 2 2440 -95.6800 200.0600
7.9691625443e-01 3.7636648959e-01 -6.5390446210e+00
77 68 61
2 1 2778 233.9700 129.9300 2 2983 164.7800 166.9200
1.7904912166e-01 4.7760551808e-01 -8.6802472611e+00
112 79 67
2 1 2790 44.1000 120.1700 2 2466 -90.9600 173.4600
9.4148718436e-01 3.3595511131e-01 -6.4898589894e+00
137 112 76
2 1 2794 285.6000 114.7600 2 1729 219.2100 145.1800
1.4687700382e-01 4.3630599561e-01 -8.6854762552e+00
180 122 77
2 1 2805 35.8700 109.9300 2 2474 -101.4300 163.9200
3.8122946637e-01 4.6096575158e-01 -8.9855571854e+00
137 104 79
2 1 2808 93.8100 108.7200 2 2985 -42.4500 154.4300
-8.3579379748e-02 3.8825185055e-01 -8.4089304344e+00
186 121 72
2 1 2811 -25.5300 105.3700 2 2471 -165.4500 166.5400
8.2348735816e-01 4.2493782500e-01 -8.3527274075e+00
169 108 61
2 1 2813 207.6900 105.6500 2 2507 90.6100 138.1200
9.5740156352e-01 3.1188653144e-01 -6.5270557173e+00
123 102 70
2 1 2814 289.5600 105.0700 2 2516 221.0300 134.5500
9.5740156352e-01 3.1188653144e-01 -6.5270557173e+00
123 102 70
2 1 2815 289.5600 105.0700 2 2517 221.0300 134.5500
5.7897393520e-01 4.6365629194e-01 -9.2244463483e+00
111 100 90
2 1 2817 139.4500 104.1600 2 2992 3.3900 142.4400
9.2953500269e-02 3.8728485570e-01 -8.6812724892e+00
114 76 53
2 1 2824 21.9700 98.7700 2 2492 -117.9000 152.8900
9.2953500269e-02 3.8728485570e-01 -8.6812724892e+00
114 76 53
2 1 2825 21.9700 98.7700 2 2493 -117.9000 152.8900
5.3533140268e-02 3.6341171458e-01 -8.6141303097e+00
146 111 90
2 1 2831 11.0500 95.0800 2 2499 -129.0200 148.7400
1.2353683979e+00 2.8583329090e-01 -6.5898249577e+00
158 132 105
2 1 2835 384.8800 90.3600 2 2549 315.8500 108.1300
1.1578018628e+00 2.5991975257e-01 -6.6508753369e+00
124 91 63
2 1 2847 353.9800 81.6300 2 2558 281.4400 101.7300
1.1578018628e+00 2.5991975257e-01 -6.6508753369e+00
124 91 63
2 1 2848 353.9800 81.6300 2 2559 281.4400 101.7300
8.6814340462e-01 3.3232045835e-01 -8.5000314033e+00
129 92 67
2 1 2851 215.6900 79.4900 2 2548 93.8200 107.9300
8.9677441630e-01 2.9708464293e-01 -8.5698322471e+00
131 91 67
2 1 2861 221.4300 69.4200 2 2565 97.6400 96.1900
9.4149874596e-01 2.9656402320e-01 -8.6315073492e+00
65 33 21
2 1 2864 231.7100 68.1100 2 3029 107.3800 93.4100
-2.2890555920e-02 2.3178651377e-01 -8.7007070186e+00
117 82 52
2 1 2867 -8.0700 62.1800 2 2539 -155.5400 115.1500
1.0008941863e+00 2.2419740736e-01 -8.7784378467e+00
80 48 29
2 1 2879 242.8900 48.5800 2 2591 114.8500 69.7500
6.8598629866e-01 2.3554552244e-01 -9.7185191677e+00
190 147 116
2 1 2882 157.8600 47.0800 2 3047 10.5800 76.3000
4.2322519358e-01 2.0777882298e-01 -9.3494115088e+00
124 93 77
2 1 2883 100.4300 46.2600 2 3038 -47.0200 82.8700
7.4518502500e-01 1.8066134319e-01 -9.8703686565e+00
75 54 40
2 1 2890 168.9300 33.9000 2 1857 19.2400 59.9800
5.5511447817e-01 1.3868108675e-01 -9.7110193083e+00
162 128 106
2 1 2897 128.2700 27.4000 2 2605 -23.5100 58.2400
1.0965922963e+00 7.7158978282e-02 -6.7640031948e+00
81 64 40
2 1 2902 325.1200 18.9800 2 2632 241.1200 38.7900
6.0715417171e-01 6.6402634816e-02 -9.8496285884e+00
133 104 83
2 1 2912 138.2200 10.7500 2 2634 -16.2900 38.6700
1.2585229038e+00 2.3221376470e-02 -6.9020120441e+00
132 102 64
2 1 2927 373.0300 -2.1500 2 2656 284.1300 10.8800
1.3239799136e+00 -7.8286824397e-03 -6.9650149301e+00
59 42 27
2 1 2937 391.4500 -13.5600 2 2668 299.8300 -3.0700
8.6739841674e-01 -7.1938878562e-02 -1.0414202934e+01
132 103 85
2 1 2940 187.0400 -20.5300 2 2667 26.5500 -3.1000
4.4537494367e-02 -1.0782347210e-01 -9.1983340909e+00
115 85 56
2 1 2941 9.9200 -21.1000 2 3078 -152.3000 19.5400
1.1604667885e+00 -7.5592798938e-02 -7.0852524299e+00
68 55 47
2 1 2949 331.3500 -32.3800 2 2677 232.7200 -17.5900
-1.2847431792e-01 -3.0012458401e-01 -8.8469057649e+00
63 30 16
2 1 2975 -37.4700 -65.5700 2 3117 -205.2000 -23.3800
-4.8743052670e-01 -2.9190246142e-01 -7.1600305912e+00
159 111 64
2 1 2983 -182.6900 -71.0100 2 664 -337.9800 -9.0400
1.5043198617e+00 -4.4971733840e-01 -1.0083600315e+01
141 99 74
2 1 3013 323.2900 -108.0000 2 2751 163.3000 -108.9200
1.8601891552e-01 -5.4216025846e-01 -9.9744511627e+00
90 60 36
2 1 3021 42.8300 -113.8900 2 2731 -136.3300 -86.7500
1.2748477122e-01 -5.9064814060e-01 -1.0008461645e+01
199 159 119
2 1 3025 30.2700 -123.0100 2 3155 -151.5900 -95.6300
-4.5861795004e-01 -4.7840618942e-01 -7.3749421162e+00
191 153 104
2 1 3036 -167.3500 -125.9100 2 827 -332.0900 -70.3600
1.7261898504e+00 -6.2808283991e-01 -1.0440206761e+01
143 103 60
2 1 3047 359.4900 -142.9600 2 2785 192.4100 -150.8900
8.7098418844e-02 -6.9950844778e-01 -9.9428113983e+00
119 91 67
2 1 3050 20.2800 -146.8100 2 2101 -164.6900 -119.8000
7.4816557053e-01 -9.2661870419e-01 -1.1483512553e+01
171 135 106
2 1 3064 149.2700 -174.8600 2 2792 -42.1600 -165.9300
1.9309702200e+00 -9.3977870021e-01 -1.0942177915e+01
55 41 32
2 1 3081 384.7400 -199.6100 2 3214 206.0300 -213.3100
-3.2589578350e-01 -1.1517328876e+00 -1.0965993481e+01
148 110 78
2 1 3093 -54.3800 -215.4100 2 2190 -265.5000 -188.9900
-3.2589578350e-01 -1.1517328876e+00 -1.0965993481e+01
148 110 78
2 1 3094 -54.3800 -215.4100 2 2191 -265.5000 -188.9900
2.0197011481e+00 -1.0736855843e+00 -1.1407246434e+01
38 26 18
2 1 3097 387.5400 -216.4800 2 3229 202.5600 -233.2900
8.4140366060e-01 -1.2029277416e+00 -1.1947015191e+01
171 140 120
2 1 3098 161.3900 -217.7900 2 2837 -37.9900 -212.8600
6.5153872487e-01 -1.2524628416e+00 -1.1690959660e+01
154 125 101
2 1 3104 128.6500 -230.1600 2 2845 -72.7300 -221.7700
-2.9459790258e-01 -1.4466141892e+00 -1.1067915751e+01
102 72 45
2 1 3176 -49.6000 -270.6700 2 2314 -267.3200 -247.9000
-2.9910377013e-01 -1.4499837600e+00 -1.0928160844e+01
192 143 86
2 1 3195 -52.4200 -275.4800 2 2319 -269.8500 -251.4800
-2.7399776005e-01 -1.5742743760e+00 -1.1504762279e+01
192 141 85
2 1 3233 -40.9200 -283.9400 2 2340 -262.9100 -262.8300
-7.4213352467e-02 6.1850764161e-01 -8.1114051422e+00
123 85 58
2 1 3360 -24.8500 170.2700 2 2952 -152.5600 241.4600
1.0247741297e+00 4.5800760112e-01 -6.3529836538e+00
163 138 115
2 1 3363 323.4500 160.1900 2 2969 267.8400 191.3000
8.2530097907e-01 4.1297043732e-01 -6.2803056147e+00
40 29 17
2 1 3367 252.1800 148.8100 2 3305 194.3800 188.8400
1.0866607093e+00 4.3257161816e-01 -6.4298561956e+00
120 95 68
2 1 3370 342.0300 148.0500 2 3310 283.2700 175.0800
2.7494852865e-01 5.5164396147e-01 -8.6885164397e+00
129 110 95
2 1 3372 68.8700 136.3600 2 3303 -62.4200 189.8800
2.7494852865e-01 5.5164396147e-01 -8.6885164397e+00
129 110 95
2 1 3373 68.8700 136.3600 2 3304 -62.4200 189.8800
8.4513942214e-01 3.8941328758e-01 -6.4610486133e+00
75 66 57
2 1 3375 253.3700 135.4800 2 3311 188.3400 171.8100
1.0936341480e+00 3.9918337968e-01 -6.5043216924e+00
125 96 63
2 1 3376 340.6800 133.4400 2 3315 277.6700 160.4000
8.1242869789e-01 4.5278344062e-01 -8.2969848585e+00
61 36 28
2 1 3383 206.0800 113.7200 2 3322 90.6600 147.7400
4.6770060315e-02 4.2690444269e-01 -8.5583006821e+00
108 73 53
2 1 3389 9.8500 110.7300 2 2977 -128.1400 168.5400
-1.3459748193e-01 3.8021312245e-01 -8.3562706583e+00
188 129 85
2 1 3395 -39.5800 105.0100 2 2980 -180.1800 167.5400
9.7500327076e-01 2.8445855901e-01 -6.5539051715e+00
139 110 73
2 1 3404 294.2700 94.8900 2 3006 224.0600 122.6300
9.2331851826e-01 2.5151452319e-01 -6.5400538458e+00
61 52 37
2 1 3409 276.0500 84.5100 2 3334 204.2200 113.7300
4.6232669212e-01 3.1405997192e-01 -9.2722705234e+00
143 114 98
2 1 3418 110.5600 70.8700 2 3337 -32.1100 108.4700
1.0418285840e+00 1.7884650235e-01 -8.8942563728e+00
76 40 27
2 1 3440 250.2600 36.1200 2 3060 119.4000 55.4300
1.0418285840e+00 1.7884650235e-01 -8.8942563728e+00
76 40 27
2 1 3441 250.2600 36.1200 2 3062 119.4000 55.4300
1.1073481320e+00 1.2811088029e-01 -6.7663883527e+00
100 75 48
2 1 3442 329.4500 35.9600 2 3058 247.4800 56.1000
2.1389235865e-01 1.0712833094e-01 -9.2402156196e+00
134 98 81
2 1 3444 51.3700 26.2600 2 3048 -101.6100 66.8500
1.0823705659e+00 8.1280256049e-02 -6.7985975022e+00
114 91 60
2 1 3446 318.9100 20.6800 2 3074 233.9300 40.4700
-2.4548578403e-02 3.6638911433e-02 -8.9145353410e+00
222 165 108
2 1 3452 -8.0000 14.1400 2 3054 -164.0400 60.5700
-2.4548578403e-02 3.6638911433e-02 -8.9145353410e+00
222 165 108
2 1 3453 -8.0000 14.1400 2 3055 -164.0400 60.5700
1.2710478384e+00 3.5803492854e-03 -6.9113493861e+00
126 82 45
2 1 3463 376.5100 -8.8500 2 3091 286.6600 3.4900
1.2515759873e+00 -4.2641669007e-03 -6.9249849562e+00
119 80 44
2 1 3464 369.2200 -11.1300 2 3094 278.5500 1.8100
1.2147547648e+00 -1.6357445337e-02 -6.9128617309e+00
139 101 65
2 1 3467 357.2900 -14.5100 2 3372 266.2500 -0.4100
1.2130828621e+00 -3.0683221455e-02 -9.3202598499e+00
94 53 24
2 1 3468 279.9600 -16.2600 2 3100 138.5800 -5.5500
1.1992784863e+00 -4.5299346922e-02 -6.9912887231e+00
15 7 3
2 1 3478 348.3200 -23.6800 2 3377 253.7600 -9.3900
6.7780084553e-02 -1.2365876599e-01 -9.2218627268e+00
236 208 169
2 1 3480 15.2300 -24.6900 2 3370 -147.0400 14.3500
1.2102656361e+00 -9.0576586651e-02 -7.0596751949e+00
63 54 46
2 1 3490 348.4700 -38.5900 2 3384 250.2500 -24.7000
2.9934733230e-01 -2.3947302470e-01 -9.7811994882e+00
164 142 102
2 1 3498 68.9700 -51.6700 2 3116 -98.0700 -21.8500
1.3679708707e+00 -2.0756594106e-01 -9.6844897345e+00
82 45 23
2 1 3502 305.2400 -56.8400 2 3134 155.4800 -52.5000
1.4292673571e-01 -2.6810018776e-01 -9.5201580070e+00
211 158 115
2 1 3503 33.3200 -57.8200 2 3118 -134.9600 -23.3700
8.1423228445e-02 -2.9330715423e-01 -9.4737466222e+00
223 163 110
2 1 3506 18.9300 -62.5600 2 3121 -150.6900 -27.7900
-4.8066405653e-01 -3.0943442726e-01 -7.3012694527e+00
192 151 104
2 1 3511 -174.7600 -75.0400 2 2674 -332.6700 -15.0700
1.3993458488e+00 -3.1764659926e-01 -9.8310460877e+00
154 108 70
2 1 3514 307.6400 -80.3600 2 3149 153.4400 -78.2200
-7.1735541472e-03 -4.0012169653e-01 -9.2972739772e+00
85 56 40
2 1 3521 -3.8400 -87.2000 2 2705 -176.5800 -51.4100
1.4840776053e+00 -4.2194023800e-01 -1.0034534763e+01
146 103 73
2 1 3529 320.3000 -102.0200 2 3161 161.5700 -102.8800
7.7665937046e-01 -7.4306316399e-01 -1.1280337282e+01
175 133 102
2 1 3544 157.0600 -144.0300 2 3170 -28.4000 -133.5400
1.9182251115e+00 -9.6176808451e-01 -1.0972909580e+01
119 105 92
2 1 3566 381.1000 -203.0900 2 3218 201.6400 -216.8400
3.7833863328e-01 7.9309029085e-01 -8.3176420728e+00
73 57 47
2 1 3701 98.0200 203.8500 2 3282 -17.8500 264.7600
-1.9850542720e-01 6.8426872887e-01 -7.8722314627e+00
134 106 85
2 1 3704 -61.9400 195.7700 2 3278 -186.8300 276.5400
-1.9850542720e-01 6.8426872887e-01 -7.8722314627e+00
134 106 85
2 1 3705 -61.9400 195.7700 2 3279 -186.8300 276.5400
-1.4809172951e-01 5.3155542598e-01 -8.1416175490e+00
128 97 72
2 1 3717 -45.0600 147.9900 2 3296 -177.9100 218.0000
-1.4809172951e-01 5.3155542598e-01 -8.1416175490e+00
128 97 72
2 1 3718 -45.0600 147.9900 2 3297 -177.9100 218.0000
4.0740731068e-01 5.9904601847e-01 -8.7894329376e+00
95 76 64
2 1 3720 101.9500 144.6800 2 3302 -26.8600 194.2700
8.0830575851e-01 3.9423050182e-01 -6.4574668314e+00
72 63 54
2 1 3722 240.2900 138.5100 2 3498 175.2000 175.2400
3.4758305515e-01 5.4213133062e-01 -8.8396617524e+00
134 109 87
2 1 3725 86.7800 130.4600 2 3309 -45.7700 180.5700
-1.1460864638e-01 4.2853186410e-01 -8.2956076843e+00
139 102 85
2 1 3727 -34.8000 117.7200 2 3308 -172.5700 182.3000
5.1275359807e-01 4.8389580032e-01 -9.1514460012e+00
148 109 84
2 1 3729 124.8300 109.9200 2 3507 -11.0700 152.0900
9.5531472836e-01 2.9181430419e-01 -6.5161634634e+00
70 56 43
2 1 3731 288.9000 98.2000 2 3329 219.8900 127.6300
1.1411019183e+00 2.8185850219e-01 -6.6190611219e+00
121 97 70
2 1 3734 349.9600 90.0300 2 3335 279.2200 111.1600
9.0356875015e-01 2.9771052732e-01 -8.5749707292e+00
122 84 65
2 1 3740 223.1000 69.3800 2 3341 99.3000 96.0700
4.5183380243e-01 2.4589736314e-01 -9.3866753856e+00
117 93 79
2 1 3748 107.3500 54.0900 2 3344 -39.1700 90.9500
9.9006334810e-01 1.5809176794e-01 -6.7936778216e+00
35 25 17
2 1 3751 289.0500 48.1000 2 3528 206.0700 72.1200
1.9270630119e-01 1.8415162082e-01 -9.0918110577e+00
172 122 92
2 1 3752 46.5000 45.1100 2 3346 -102.8000 88.6800
1.3618353797e-01 -1.3953491902e-02 -9.2239097635e+00
193 157 107
2 1 3771 32.1300 -0.4500 2 3360 -125.6300 39.4500
2.1914661002e-01 -4.9513558400e-02 -9.3905146016e+00
211 185 155
2 1 3776 51.6300 -9.5700 2 3077 -107.3600 26.7200
2.5316028189e-01 -6.4523537114e-02 -9.5195126006e+00
157 118 96
2 1 3778 59.6600 -13.2900 2 3365 -100.6000 21.3600
5.3941262179e-02 -7.8027228904e-02 -9.1434433375e+00
243 214 180
2 1 3780 11.8300 -14.3100 2 3363 -148.6300 26.8500
3.2133149072e-01 -2.1125931225e-01 -9.8459703903e+00
160 120 95
2 1 3792 74.0900 -45.4000 2 3380 -92.4400 -16.0800
-4.6412701783e-01 -3.3538993525e-01 -8.2147955589e+00
132 108 74
2 1 3805 -136.8400 -74.3300 2 3113 -307.6100 -21.5700
5.5229232147e-01 -4.1808097240e-01 -1.0474447461e+01
179 136 109
2 1 3808 119.8900 -87.1100 2 3392 -54.2200 -67.4600
-4.2467398463e-01 -4.4810055301e-01 -9.6045867306e+00
152 130 96
2 1 3811 -92.3300 -89.2600 2 2704 -279.1000 -47.4000
1.7154276435e-01 -5.7175861155e-01 -1.0000355246e+01
229 171 112
2 1 3817 39.6100 -119.5000 2 3403 -140.7600 -92.9700
1.6656350024e+00 -6.8893437536e-01 -1.0575402407e+01
50 34 20
2 1 3826 342.6600 -152.7000 2 3578 172.6000 -159.8200
6.1738432356e-01 -8.9166998109e-01 -1.1245894472e+01
139 104 82
2 1 3831 126.5000 -171.2100 2 3427 -64.3800 -158.5000
1.0791501130e+00 4.5920745893e-01 -6.3814277678e+00
165 139 116
2 1 3892 341.9900 159.4200 2 3603 286.1300 187.0500
3.1930219163e-01 5.8299510055e-01 -8.6451522450e+00
137 112 90
2 1 3895 79.8800 145.0900 2 3601 -48.4400 197.0100
3.6339394592e-01 5.6944910559e-01 -8.8329063673e+00
98 79 65
2 1 3898 90.9800 136.8600 2 3494 -40.4500 187.4200
8.1131720207e-01 3.9418236097e-01 -6.4728473560e+00
72 63 54
2 1 3900 241.1800 137.2700 2 3499 175.2000 175.2400
1.4552751493e-01 2.0496069580e-01 -8.9906113333e+00
121 84 64
2 1 3924 34.8800 51.6500 2 3519 -113.2900 96.7700
1.1019597200e+00 2.5593396907e-02 -6.8294305605e+00
120 96 64
2 1 3934 323.4100 1.9700 2 3619 235.6700 19.5300
-4.7343844415e-01 -3.1133271068e-01 -7.8245067660e+00
130 99 69
2 1 3944 -152.3600 -70.5900 2 3379 -317.4900 -15.3100
1.4267901670e+00 -5.8335652775e-01 -1.1844338959e+01
212 160 113
2 1 3953 270.7700 -114.9600 2 3631 90.9200 -114.9000
-2.9701873758e-01 -1.4400224813e+00 -1.1118459237e+01
113 86 60
2 1 3976 -49.1900 -268.4500 2 3457 -267.1500 -244.9000
-1.4484132954e-01 6.2504656870e-01 -7.9050745540e+00
117 84 58
2 1 3988 -47.5300 178.3700 2 3657 -173.1100 254.3100
1.0557307273e+00 3.6977691635e-01 -6.4949252296e+00
156 124 86
2 1 3992 326.8600 124.3000 2 3664 262.8900 151.5500
1.1854774017e+00 2.4950908389e-01 -6.6311522829e+00
93 71 57
2 1 3997 364.4700 77.8900 2 3612 292.3900 96.8800
3.9246597296e-02 5.0603125583e-02 -9.0449498041e+00
179 141 109
2 1 4004 8.6400 16.5100 2 3672 -147.0500 60.3700
-7.0315483780e-02 -2.0832830652e-01 -8.7605405785e+00
91 62 44
2 1 4012 -23.6600 -45.0900 2 3543 -186.3300 -0.9200
-4.4064239985e-01 -6.1819397959e-01 -7.5637906155e+00
201 160 104
2 1 4026 -156.5900 -163.9900 2 3411 -328.3600 -113.0700
1.8191079477e+00 -8.4135928461e-01 -1.0753638493e+01
116 88 67
2 1 4027 368.1300 -181.7900 2 3639 193.3400 -193.9000
6.3307715316e-01 -1.0339946653e+00 -1.1541677066e+01
198 156 120
2 1 4028 127.3500 -192.7300 2 3584 -68.4700 -182.2900
8.9110323264e-01 4.4893821904e-01 -6.2567516796e+00
153 125 103
2 1 4050 277.5700 162.6500 2 3662 223.8600 198.8700
1.1291156913e+00 2.9663181278e-01 -6.5955506453e+00
136 107 73
2 1 4055 347.1700 95.4300 2 3697 277.5500 118.0000
9.5447909965e-01 2.7131378012e-01 -6.5674874056e+00
70 57 38
2 1 4056 286.4500 90.1300 2 3696 214.8100 118.9000
1.0742360895e+00 1.5700632647e-01 -6.6842341227e+00
118 92 60
2 1 4058 321.9000 47.0100 2 3670 243.3300 69.1300
1.1354218611e+00 5.9742013611e-02 -6.8508480649e+00
64 51 34
2 1 4061 334.4900 11.9600 2 3674 247.4700 30.2200
1.3756248570e+00 -2.5251609140e-01 -9.7698605576e+00
125 88 56
2 1 4067 304.5900 -66.9000 2 3678 152.4200 -62.2000
-1.4204725606e-03 -1.0165527899e-01 -9.0786691546e+00
113 88 61
2 1 4092 -2.0900 -18.8000 2 3704 -163.5600 22.8200
1.8643126685e-01 -4.1627870190e-01 -9.9349969203e+00
222 183 135
2 1 4095 43.5500 -86.2100 2 3705 -131.4700 -59.3900
5.8529504377e-01 -1.5148589757e+00 -1.2144657085e+01
149 118 90
2 1 4108 113.9800 -265.8800 2 3718 -96.1800 -259.5100
8.9217936248e-01 4.5492570253e-01 -6.2353146987e+00
153 125 103
2 1 4114 278.9400 165.2500 2 3723 226.2100 202.2800
-4.9600886068e-02 5.6178839729e-01 -8.1948608642e+00
123 81 49
2 1 4115 -17.9300 153.5000 2 3722 -148.0000 220.5900
9.3316267115e-01 4.1877892990e-01 -6.3586831869e+00
55 43 31
2 1 4116 288.8900 147.5100 2 3724 230.4400 181.2500
1.7915629406e-01 -1.6125229504e-01 -9.5899267914e+00
135 100 81
2 1 4123 42.6300 -33.4900 2 3731 -122.4700 0.3700
