# Bundle file v0.3
3 130
2.3084109132e+03 -7.2656996018e-04 -6.7063374309e-05
9.9843185040e-01 2.7186874548e-03 5.5914656802e-02
-2.9148381372e-03 9.9998988039e-01 3.4267811542e-03
-5.5904774621e-02 -3.5843896228e-03 9.9842967120e-01
1.0050621692e-01 2.2062073113e-03 -2.4243882075e-01
1.3571278676e+03 1.2644475134e-03 2.5224449070e-04
8.5958992636e-01 -9.4365784957e-02 5.0219543719e-01
9.0252148683e-02 9.9538661355e-01 3.2558243411e-02
-5.0295099976e-01 1.7337479208e-02 8.6414102070e-01
8.8313819680e-01 6.5327138588e-02 4.9987697548e-01
4.0476369213e+02 -1.0568647596e-01 -2.0368093511e-02
9.1356068941e-01 -3.5156345416e-01 2.0447494824e-01
2.2116908975e-01 8.5137217410e-01 4.7565707701e-01
-3.4130792622e-01 -3.8931806902e-01 8.5553511946e-01
3.6319046202e-01 8.2694941983e-01 1.2829276236e+00
-2.2287289048e-01 1.8634690870e-01 -1.8794897842e+00
100 98 86
3 0 85 -248.1700 200.1800 1 88 -362.9100 228.3700 2 1298 -328.3300 47.4500
-2.2281486301e-01 1.8641369303e-01 -1.8790691511e+00
100 98 86
2 0 86 -248.1700 200.1800 1 89 -362.9100 228.3700
-2.2106088781e-01 1.8491532197e-01 -1.8817818141e+00
37 35 23
2 0 89 -246.1400 198.4600 1 1230 -361.3200 225.5700
2.6912323988e-01 1.3832275624e-01 -1.6575770037e+00
80 70 58
2 0 192 334.0800 162.4400 1 109 342.8800 220.2100
1.6698831672e-01 3.5442166576e-03 -1.7178426526e+00
77 58 34
3 0 574 200.8200 -0.1400 1 512 207.7900 35.4400 2 1265 254.8200 77.4100
-1.3061960734e-01 -9.2997928642e-03 -1.7125624582e+00
179 143 113
2 0 601 -149.1700 -14.6500 1 2123 -130.9800 -17.2800
-6.5081202613e-02 -4.4803557348e-02 -1.6775845647e+00
132 114 99
2 0 699 -70.4800 -58.4700 1 2152 -16.2900 -58.5100
-6.5081202613e-02 -4.4803557348e-02 -1.6775845647e+00
132 114 99
2 0 700 -70.4800 -58.4700 1 2153 -16.2900 -58.5100
1.2322092861e-01 -5.4551189373e-02 -1.7499281146e+00
83 65 43
3 0 720 144.9600 -67.1500 1 1545 145.5600 -43.4200 2 1440 227.4200 -41.4200
-1.0592332397e-01 -5.6687854739e-02 -1.7103455135e+00
177 134 105
2 0 727 -119.9600 -71.0600 1 1604 -90.0800 -82.8100
-1.0592332397e-01 -5.6687854739e-02 -1.7103455135e+00
177 134 105
2 0 728 -119.9600 -71.0600 1 1605 -90.0800 -82.8100
-1.2026987454e-01 -5.8145816893e-02 -1.7210181598e+00
132 100 79
2 0 734 -136.9700 -72.2500 1 2185 -115.5600 -87.2900
1.3484375547e-01 -5.8264476919e-02 -1.7471640762e+00
137 114 83
2 0 738 158.9200 -72.3400 1 692 160.0200 -47.0000
1.3734180268e-01 -6.7931860999e-02 -1.7471415500e+00
124 98 65
3 0 761 161.6900 -83.2200 1 730 163.9000 -58.8600 2 1451 256.1100 -52.2000
-8.6223778640e-02 -6.7274000335e-02 -1.7004596043e+00
134 117 100
2 0 765 -96.4200 -84.0800 1 2192 -56.4200 -94.9900
-1.5260938648e-01 -7.4786564455e-02 -1.7496979573e+00
128 91 57
2 0 777 -174.6800 -90.7900 1 1653 -173.3600 -115.9600
9.9599874362e-04 -7.3013142543e-02 -1.6845059411e+00
156 106 64
2 0 779 8.5200 -92.0100 1 798 63.7500 -87.9400
-1.2779919766e-01 -8.4749669642e-02 -1.7352902180e+00
135 105 79
2 0 806 -145.8900 -103.3300 1 2223 -130.5800 -126.2000
-1.5341945534e-01 -9.0186029915e-02 -1.7551950008e+00
201 160 113
2 0 816 -175.6100 -108.8700 1 2231 -175.4000 -137.5300
-1.3666538130e-01 -9.1074194863e-02 -1.7446079445e+00
210 186 152
2 0 818 -156.1700 -110.0100 1 2229 -146.9600 -136.5900
-1.6729393844e-02 -9.8802960194e-02 -1.7030389225e+00
90 52 29
2 0 839 -13.9500 -122.0800 1 896 32.1600 -126.2700
-1.6934307653e-01 -1.0459774077e-01 -1.7709171640e+00
88 58 28
2 0 844 -193.6900 -124.5300 1 1721 -203.3100 -160.1800
-1.0569854910e-01 -1.0622797245e-01 -1.7270448459e+00
122 102 78
2 0 852 -119.9300 -128.8700 1 1713 -93.6900 -153.3200
-9.8852385349e-02 -1.0652007066e-01 -1.7223067396e+00
104 84 62
2 0 854 -111.8900 -129.9300 1 1709 -81.7800 -152.3800
-2.2315463996e-02 -1.0688759157e-01 -1.7091848902e+00
142 97 66
2 0 859 -20.9500 -131.2600 1 925 22.0800 -138.2400
-1.4464272133e-01 -1.1182776962e-01 -1.7567329032e+00
174 147 117
2 0 862 -165.3600 -133.5300 1 2250 -161.6500 -166.7700
-1.1123359121e-01 -1.1198150292e-01 -1.7324265503e+00
118 93 69
2 0 864 -126.4900 -135.3400 1 2247 -103.4500 -162.1800
-1.9575918144e-01 -1.3210096887e-01 -1.8053518282e+00
44 28 15
2 0 897 -222.6500 -153.2300 1 2294 -252.4400 -201.3100
9.0270469374e-02 -1.3549899264e-01 -1.7944424899e+00
55 45 36
2 0 901 101.7900 -158.4800 1 1704 89.4700 -147.8200
4.7085801494e-02 -1.4149057961e-01 -1.7964271232e+00
93 84 73
2 0 911 52.7800 -165.4500 1 1728 43.8700 -162.7900
-1.8684525552e-01 -1.4635216983e-01 -1.7937589246e+00
53 38 22
3 0 919 -211.9500 -170.8300 1 1107 -233.1500 -221.0000 2 2292 -187.3400 -291.7900
-1.2909012245e-01 -1.4368351701e-01 -1.7558916544e+00
114 89 63
2 0 920 -147.5500 -171.3900 1 2301 -136.4500 -207.8000
-1.7981392423e-01 -1.5081047506e-01 -1.7947747213e+00
138 123 105
2 0 927 -205.0000 -175.6000 1 1779 -223.3500 -224.9800
-1.6657484896e-01 -1.6324741799e-01 -1.7891290357e+00
165 144 117
2 0 953 -190.0600 -190.2700 1 1789 -201.2500 -239.9900
-9.9418608511e-02 -1.6434080594e-01 -1.7438508035e+00
107 82 57
2 0 959 -112.9100 -195.9500 1 2316 -88.4100 -231.9000
-5.4843209565e-02 -1.6715751598e-01 -1.7495072005e+00
86 53 25
2 0 965 -61.2100 -199.1600 1 1109 -36.7900 -223.5700
-7.8615707588e-02 -1.9940440858e-01 -1.7735659874e+00
36 25 12
2 0 1002 -89.5200 -234.1500 1 1164 -76.5600 -269.0500
-7.7324596099e-02 -2.0159809356e-01 -1.7743710626e+00
114 102 88
2 0 1004 -88.0000 -236.3600 1 1165 -75.2300 -271.7100
-2.3365461064e-01 1.8736826160e-01 -1.8794808552e+00
186 183 174
2 0 1058 -260.0700 201.2600 1 1840 -377.7700 229.4900
-2.3365461064e-01 1.8736826160e-01 -1.8794808552e+00
186 183 174
2 0 1059 -260.0700 201.2600 1 1841 -377.7700 229.4900
-2.2823986461e-01 1.8633380192e-01 -1.8801354436e+00
174 171 162
2 0 1060 -254.0800 200.0400 1 1843 -370.5600 227.9600
-2.2877748828e-01 1.8595078920e-01 -1.8773622942e+00
174 171 162
3 0 1061 -254.0800 200.0400 1 1844 -370.5600 227.9600 2 1297 -335.5600 47.3600
-2.2730976988e-01 1.8247002227e-01 -1.8791573822e+00
30 27 18
3 0 1062 -252.3500 196.3600 1 2364 -368.7300 222.6100 2 1804 -333.4200 43.4100
-1.2687365820e-01 1.9011347431e-02 -1.6985915359e+00
149 118 94
2 0 1264 -144.7400 18.8500 1 2085 -121.1800 26.2500
1.7723772460e-01 1.7259285176e-02 -1.7000988823e+00
94 84 72
2 0 1270 216.0100 15.4500 1 475 231.0700 55.4200
1.8214306258e-01 -5.4507385508e-03 -1.7123321294e+00
146 120 83
2 0 1311 219.5400 -10.9700 1 1465 228.4800 25.7200
1.7394915508e-01 -6.7523430474e-03 -1.7162651253e+00
116 99 77
3 0 1314 209.3700 -12.6900 1 1468 217.3000 23.0100 2 1786 271.5300 67.9300
1.6458077548e-01 -3.6450580124e-02 -1.7274170529e+00
138 107 71
2 0 1345 196.4200 -47.3300 1 1506 202.5500 -15.7200
1.9822482075e-01 -4.5253547782e-02 -1.7125746764e+00
101 76 53
2 0 1364 238.1400 -58.4100 1 1519 248.4800 -21.9100
1.8459365220e-01 -5.8102621298e-02 -1.7212171767e+00
163 128 98
2 0 1377 220.6600 -73.0400 1 1537 229.6600 -40.0100
-1.5107648760e-01 -6.3268326596e-02 -1.7450957992e+00
202 153 102
2 0 1384 -172.9200 -77.2400 1 2196 -170.2900 -99.5200
4.7270437962e-03 -6.1798765135e-02 -1.6771268667e+00
68 42 31
2 0 1386 13.5600 -78.9600 1 2164 72.4000 -71.5400
-1.8092269293e-01 -7.4748396884e-02 -1.7756793450e+00
63 33 19
2 0 1396 -206.7300 -89.3100 1 2210 -225.5700 -120.0600
-1.4687271532e-01 -7.4698787063e-02 -1.7454994361e+00
191 145 105
2 0 1399 -168.0700 -90.9500 1 2205 -163.3000 -114.9100
-1.5152854578e-01 -7.7898185622e-02 -1.7508586086e+00
228 201 160
2 0 1403 -173.3900 -94.2900 1 2212 -172.1400 -120.2200
-1.2338204466e-01 -7.8776578044e-02 -1.7307049016e+00
158 124 97
2 0 1406 -140.7400 -96.7900 1 2208 -122.8000 -116.8100
1.2597780474e-01 -8.0231685126e-02 -1.7546361725e+00
150 116 79
2 0 1408 147.6000 -97.5200 1 2173 147.9900 -75.5800
-1.4042729832e-01 -8.0706384531e-02 -1.7433915273e+00
219 176 141
2 0 1411 -160.5800 -98.0800 1 2219 -152.6600 -122.4300
1.2930486224e-01 -8.3276471768e-02 -1.7533175458e+00
138 106 69
2 0 1417 151.5900 -101.1300 1 1601 152.6900 -78.8800
-1.3930079492e-01 -9.7242267002e-02 -1.7484412835e+00
201 176 143
2 0 1431 -159.2300 -117.0900 1 2238 -151.8300 -145.5800
-1.3930079492e-01 -9.7242267002e-02 -1.7484412835e+00
201 176 143
2 0 1432 -159.2300 -117.0900 1 2239 -151.8300 -145.5800
-1.6068069218e-01 -1.0205771052e-01 -1.7648154969e+00
205 176 135
2 0 1436 -183.8300 -121.9800 1 2245 -188.7800 -155.2800
-2.1924175711e-01 -1.1697116234e-01 -1.7925382482e+00
133 103 75
2 0 1451 -250.1600 -136.9600 1 2279 -280.5300 -186.9000
-1.0897962793e-01 -1.2428733271e-01 -1.7345660850e+00
111 90 68
2 0 1455 -123.9400 -149.9300 1 2266 -100.1900 -178.7700
-7.8497586522e-02 -1.3202449292e-01 -1.7189354794e+00
123 87 61
2 0 1470 -87.9200 -160.5000 1 2274 -50.1900 -184.4900
-1.6071043384e-01 -1.4978214418e-01 -1.7800694519e+00
170 144 116
2 0 1483 -183.5500 -175.6600 1 2527 -190.5500 -221.1100
-1.3163564521e-01 -1.9604353471e-01 -1.7740769699e+00
85 68 50
2 0 1501 -150.4400 -229.8700 1 1808 -143.2300 -278.8400
-2.3862832523e-01 1.8518608723e-01 -1.8834714370e+00
36 35 25
2 0 1581 -265.3200 198.6200 1 2358 -385.5900 225.4700
1.7675768851e-01 -1.0924844916e-02 -1.7157206976e+00
133 112 82
2 0 1718 212.6400 -17.5000 1 2433 221.0400 18.1700
1.7643457882e-01 -1.0284318358e-02 -1.7156631565e+00
133 112 82
3 0 1719 212.6400 -17.5000 1 2434 221.0400 18.1700 2 2115 276.6200 65.2900
1.7075018549e-01 -1.5864324571e-02 -1.7203057299e+00
145 121 85
3 0 1723 204.8600 -23.4600 1 2099 212.1500 10.9500 2 2123 272.2700 52.0200
-6.1268982012e-02 -4.6440348804e-02 -1.6753133939e+00
110 92 78
2 0 1737 -65.7800 -60.1500 1 2467 -9.5200 -60.6000
1.2835723405e-01 -4.9684725818e-02 -1.7460484200e+00
131 108 79
3 0 1739 151.5400 -61.7400 1 2137 152.9800 -36.8200 2 2178 232.9300 -29.3100
1.7282562416e-01 -6.2882466471e-02 -1.7277728736e+00
113 85 56
2 0 1752 205.8200 -78.6500 1 2460 213.4200 -47.3500
-1.0822278364e-01 -1.2033060208e-01 -1.7330655705e+00
102 82 57
2 0 1788 -123.0600 -145.5400 1 2505 -98.8100 -173.0100
-1.0822278364e-01 -1.2033060208e-01 -1.7330655705e+00
102 82 57
2 0 1790 -123.0600 -145.5400 1 2506 -98.8100 -173.0100
9.3087783168e-02 -1.2796445264e-01 -1.7963175351e+00
72 62 50
2 0 1793 104.7800 -149.7900 1 2232 90.1800 -137.9700
6.5281826530e-02 -1.5020443258e-01 -1.7922544795e+00
70 63 55
2 0 1813 73.6800 -175.7800 1 2256 66.8800 -170.4300
-1.4144166419e-01 -1.9917379238e-01 -1.7785584454e+00
89 72 62
2 0 1823 -161.8200 -233.4300 1 2541 -157.8800 -284.5800
-1.4144166419e-01 -1.9917379238e-01 -1.7785584454e+00
89 72 62
2 0 1824 -161.8200 -233.4300 1 2542 -157.8800 -284.5800
-1.3752970783e-01 -2.0263712249e-01 -1.7755113859e+00
83 70 62
2 0 1825 -157.3200 -237.5700 1 2543 -150.6800 -289.1000
-1.3752970783e-01 -2.0263712249e-01 -1.7755113859e+00
83 70 62
2 0 1826 -157.3200 -237.5700 1 2544 -150.6800 -289.1000
-7.8146098442e-02 -2.0525028631e-01 -1.7736048304e+00
27 17 7
2 0 1827 -89.0200 -240.9200 1 2327 -75.2500 -276.7700
1.5918990135e-01 -8.4594367904e-03 -1.7251483447e+00
64 51 36
3 0 1902 190.3900 -14.0500 1 2432 195.7700 19.0400 2 2332 250.3900 53.7700
1.7188399379e-01 -1.1468478072e-02 -1.7187495779e+00
74 61 51
3 0 1904 206.4900 -18.5000 1 2604 214.0400 16.7300 2 2418 270.9700 59.3500
-6.4921514823e-02 -4.3316057012e-02 -1.6772262951e+00
128 110 96
2 0 1912 -70.2600 -56.5600 1 2624 -16.0300 -56.4000
-1.9140016545e-01 -1.4976362473e-01 -1.7973573674e+00
33 21 7
2 0 1944 -218.1200 -174.1000 1 2668 -240.2600 -226.0400
-1.8723578968e-01 -1.5161062936e-01 -1.7964268576e+00
34 24 14
2 0 1946 -213.4300 -176.3900 1 2669 -233.9600 -227.6600
2.1702357908e-01 -1.4829056705e-03 -1.6959537756e+00
57 44 29
2 0 2011 263.5200 -6.8300 1 2725 275.5300 35.6700
1.7735455016e-01 -3.9228677144e-03 -1.7140246119e+00
74 61 48
2 0 2012 213.6500 -9.2700 1 2731 222.2000 27.1600
-1.5724215367e-01 -1.1296059183e-01 -1.7670842980e+00
104 76 51
2 0 2030 -179.7300 -133.9700 1 2814 -183.9600 -170.2100
2.3856996221e-01 7.6681268912e-03 -1.6903707840e+00
146 125 101
2 0 2068 290.0700 4.6100 1 2719 299.7900 48.9900
2.1967251837e-01 -9.5284264253e-03 -1.6968836144e+00
19 12 5
2 0 2076 266.4200 -16.4700 1 2732 278.1800 25.8600
1.3922077067e-01 -4.9175205600e-02 -1.7423952712e+00
108 87 56
3 0 2084 164.6700 -62.4700 1 2749 168.1300 -36.0300 2 2500 246.0300 -20.3900
1.3671559305e-01 -5.7489474455e-02 -1.7450603744e+00
143 114 79
3 0 2087 161.5400 -72.1300 1 2751 163.3000 -45.9200 2 2545 248.6700 -35.3600
-1.5483547251e-01 -9.0332432437e-02 -1.7572885526e+00
216 189 137
2 0 2091 -177.1300 -108.4200 1 2852 -178.4500 -138.2800
-2.2874985424e-01 -1.7598342543e-01 -1.8023482735e+00
69 56 39
2 0 2099 -260.6900 -203.7900 1 2822 -289.9500 -271.7600
2.2971026246e-01 -1.6650137764e-02 -1.6935116496e+00
30 23 13
2 0 2127 278.9100 -24.5700 1 2836 291.4500 17.8000
1.2869191555e-01 -5.8592915742e-02 -1.7484095292e+00
76 61 42
3 0 2129 151.5800 -71.9100 1 2808 152.9700 -48.4200 2 2546 237.9800 -43.5100
-1.4774890456e-01 -6.9910051438e-02 -1.7467883700e+00
225 196 160
2 0 2131 -169.0000 -84.8800 1 2848 -165.8800 -108.4500
1.6475883706e-01 -1.2292594274e-02 -1.7227143976e+00
78 64 48
3 0 2160 197.5200 -18.4900 1 2837 203.5700 14.3700 2 2565 261.4000 52.7900
1.9546363648e-01 -8.0985792135e-02 -1.7256774296e+00
174 143 122
2 0 2164 232.4100 -99.7200 1 2876 239.1400 -66.8800
1.1007598103e-01 -1.6272998297e-01 -1.7831085656e+00
33 24 15
2 0 2167 125.3400 -190.8500 1 2818 120.6700 -178.0300
1.8467748677e-01 -4.5427564406e-02 -1.7174836079e+00
146 116 78
3 0 2187 222.4000 -59.3300 1 2874 230.3800 -25.5100 2 2583 312.9100 21.1500
1.3242792053e-01 -9.2380842219e-02 -1.7569750060e+00
31 12 3
2 0 2193 154.5600 -112.0600 1 2902 154.1300 -89.0800
-2.0022970418e-01 -1.7481970128e-01 -1.7985031939e+00
224 217 199
2 0 2238 -228.2700 -202.6900 1 2923 -249.2500 -263.2300
2.2006806993e-01 1.0314450656e-04 -1.6965982118e+00
38 28 18
2 0 2243 266.9900 -4.1900 1 2930 277.7600 37.1900
-5.9041160164e-02 9.7094216419e-02 -2.1362386586e+00
121 92 74
2 0 388 -76.4600 89.7100 2 644 -113.5700 -84.6000
-7.8388019400e-02 5.9202746587e-02 -1.6526950554e+00
117 91 74
2 0 446 -85.5600 67.9300 1 1393 -30.2600 97.2500
-7.8388019400e-02 5.9202746587e-02 -1.6526950554e+00
117 91 74
2 0 447 -85.5600 67.9300 1 1394 -30.2600 97.2500
1.3728920773e-01 -6.7912185624e-02 -1.7471922850e+00
124 98 65
2 0 762 161.6900 -83.2200 2 1452 256.1100 -52.2000
8.5676374635e-02 9.0579964195e-02 -1.5727544542e+00
188 171 156
2 0 1175 124.9800 109.6100 1 1939 238.6400 169.6600
1.5874285074e-01 -1.2290917038e-03 -1.7232050388e+00
110 86 62
2 0 1300 190.0400 -5.2600 2 1787 245.8900 64.3400
1.5874285074e-01 -1.2290917038e-03 -1.7232050388e+00
110 86 62
2 0 1301 190.0400 -5.2600 2 1788 245.8900 64.3400
1.5661451772e-01 -5.2759837658e-03 -1.7259092713e+00
120 94 73
2 0 1307 187.1200 -9.9500 2 1796 244.5900 56.2400
1.5947233132e-01 -1.2811113420e-02 -1.7259720431e+00
76 58 41
2 0 1322 190.5900 -19.2300 2 1800 253.6200 47.5500
1.2995450705e-01 -5.3154030889e-02 -1.7470828784e+00
100 80 55
2 0 1371 153.3200 -66.3500 2 1882 235.9200 -33.8600
1.2090088923e-01 1.8056601725e-01 -1.6314481484e+00
19 11 7
2 0 1554 160.4300 216.6800 1 1812 211.3900 285.0700
-2.9904126714e-02 1.2051783375e-01 -1.5952172360e+00
143 123 112
2 0 1619 -22.8100 146.7000 1 2562 70.7400 206.6100
1.6359879467e-01 2.9928939322e-03 -1.7195563649e+00
128 109 79
2 0 1704 196.3800 -0.5600 2 2106 250.4600 74.1900
1.6195642979e-01 -4.0530395206e-04 -1.7217956371e+00
66 49 29
2 0 1706 194.0900 -4.5200 2 2110 249.5900 67.5100
1.6195642979e-01 -4.0530395206e-04 -1.7217956371e+00
66 49 29
2 0 1707 194.0900 -4.5200 2 2111 249.5900 67.5100
1.0965071748e-01 -9.3091275085e-02 -1.7581685266e+00
34 25 17
2 0 2028 128.3300 -113.1200 2 2511 235.0900 -110.2300
4.7748399643e-02 -2.1791089574e-01 -1.8300431274e+00
193 175 147
2 0 2036 50.1200 -248.7900 1 2673 31.6000 -251.9700
1.3910934795e-01 -4.8847946730e-02 -1.7427835609e+00
108 87 56
2 0 2085 164.6700 -62.4700 2 2501 246.0300 -20.3900
1.6778602990e-01 -7.3778741495e-03 -1.7201900199e+00
82 71 53
2 1 542 208.1100 21.7000 2 1279 262.4400 62.0300
1.7227526020e-01 -8.4715783969e-03 -1.7175971857e+00
81 68 51
2 1 545 215.3600 20.3000 2 1277 269.6200 64.3000
1.4825441316e-01 -4.4964295578e-02 -1.7357523647e+00
129 104 74
2 1 648 181.2000 -29.1300 2 1371 259.5100 -6.5000
1.3722754631e-01 -6.2088179882e-02 -1.7459296132e+00
137 114 81
2 1 2462 163.7700 -51.4600 2 2345 252.4500 -42.8500
1.2008158593e-01 -5.7871254858e-02 -1.7528317254e+00
122 102 69
2 1 2752 140.3700 -48.1500 2 2547 223.4700 -49.0100
