# Bundle file v0.3
3 316
1.9837498762e+03 -1.8439707203e-01 -4.6601381707e-03
9.9991263991e-01 -9.9752277778e-03 8.6722183502e-03
1.0049460358e-02 9.9991287387e-01 -8.5587976047e-03
-8.5860868178e-03 8.6452010220e-03 9.9992576705e-01
1.3427896122e-01 -2.3747491772e-01 -1.4667745977e+00
1.9523588429e+03 2.0036617920e-01 1.1993828132e-02
9.9924087596e-01 3.8775989280e-02 3.7542605567e-03
-3.8710880700e-02 9.9912089955e-01 -1.6090239230e-02
-4.3748751285e-03 1.5932694010e-02 9.9986349555e-01
4.2410056245e-01 -4.3345775763e-01 -2.4607664480e-01
1.0131495143e+03 1.3379332986e-01 1.6932034828e-02
9.2831327220e-01 -3.3983408523e-01 1.5082195850e-01
1.3996655199e-01 6.9523752111e-01 7.0502067598e-01
-3.4444714105e-01 -6.3337002119e-01 6.9296362334e-01
3.9763957798e+00 1.6194013936e+01 6.1101966919e+00
3.2698305078e+00 2.7035265099e+00 -2.1911838551e+01
30 24 13
2 0 52 268.7700 226.2800 1 86 330.4400 222.1000
3.1863805509e-01 1.4382194074e+00 -1.1555131263e+01
43 23 8
2 0 90 51.4800 198.2000 1 135 125.4900 195.6800
-2.0476437090e-01 1.2099371766e+00 -9.1412604514e+00
113 98 84
2 0 95 -30.0300 197.0500 1 919 48.2500 193.3900
-9.2211113992e-02 1.2062747876e+00 -1.0324697878e+01
152 136 123
2 0 141 -10.1200 177.0600 1 177 63.1600 175.0100
-3.9801368731e-01 1.2309082616e+00 -1.1461971941e+01
153 138 121
2 0 179 -57.6300 166.6000 1 190 5.2600 166.8600
-4.0855183987e-01 1.2110956401e+00 -1.1527525797e+01
159 140 126
2 0 191 -58.9700 162.9500 1 942 3.2700 162.7400
9.6166647629e-01 9.3228438277e-01 -1.1169449280e+01
45 43 31
2 0 304 155.1600 125.6400 1 995 236.9100 109.7900
2.2096388152e+00 1.2023470249e+00 -1.7413003920e+01
40 28 16
2 0 317 228.2800 118.7200 1 999 290.6200 107.2100
3.3878501150e+00 1.1849104308e+00 -1.9947559282e+01
80 70 61
2 0 356 307.4700 106.7000 1 1017 368.2100 91.0500
9.7642033923e-01 8.1441876795e-01 -1.1703418948e+01
98 87 73
2 0 362 150.6700 103.7700 1 338 227.4400 86.6200
9.7642033923e-01 8.1441876795e-01 -1.1703418948e+01
98 87 73
2 0 363 150.6700 103.7700 1 339 227.4400 86.6200
6.7159647010e-01 7.9905222962e-01 -1.1629862086e+01
36 23 16
2 0 365 105.5700 101.3400 1 337 178.4100 86.4800
-6.5356640375e-01 6.4391021751e-01 -1.3477065889e+01
117 91 74
2 0 446 -85.5600 67.9300 1 378 -36.0200 64.8200
-6.5356640375e-01 6.4391021751e-01 -1.3477065889e+01
117 91 74
2 0 447 -85.5600 67.9300 1 379 -36.0200 64.8200
-6.7536151760e-01 5.9969198582e-01 -1.3576421689e+01
124 88 73
2 0 462 -87.8700 61.8500 1 1054 -39.1900 58.3400
-6.7536151760e-01 5.9969198582e-01 -1.3576421689e+01
124 88 73
2 0 463 -87.8700 61.8500 1 1055 -39.1900 58.3400
4.9630938650e-01 5.4948570463e-01 -1.2397327075e+01
95 77 67
2 0 465 73.9800 60.3800 1 411 138.4700 45.8700
3.0620604415e+00 6.5144510945e-01 -2.1091813728e+01
74 63 55
2 0 471 263.2100 54.5300 1 1071 315.5500 40.5000
-7.3811770949e-01 4.9419568616e-01 -1.3985887953e+01
124 85 64
2 0 491 -93.9300 47.0400 1 422 -47.4300 43.4100
3.0244697081e+00 5.0670705956e-01 -2.1785841178e+01
106 97 88
2 0 500 251.9800 41.4900 1 452 301.2200 27.0800
3.0244697081e+00 5.0670705956e-01 -2.1785841178e+01
106 97 88
2 0 501 251.9800 41.4900 1 453 301.2200 27.0800
-7.7065402350e-01 4.3604204741e-01 -1.4185785909e+01
119 88 68
2 0 505 -96.8500 39.5000 1 438 -51.7300 35.3100
-1.0385966954e+00 3.8531462294e-01 -1.4893773284e+01
147 126 106
2 0 516 -125.6200 32.3300 1 449 -84.6800 29.6700
1.9127240773e+00 1.0506800807e-01 -2.1115519156e+01
49 35 26
2 0 563 163.3100 5.8900 1 510 207.0100 -5.7300
2.6497132660e+00 2.5254635068e-03 -2.2391129545e+01
143 115 76
2 0 577 214.6000 -1.5400 1 524 258.5600 -14.8500
5.8853823720e-01 9.2295517853e-02 -1.3993750584e+01
51 23 2
2 0 579 76.9500 -2.6300 1 529 132.2600 -18.9500
2.7750497482e+00 -5.4436970176e-03 -2.1749808844e+01
104 77 48
2 0 581 231.6600 -2.4300 1 1119 277.4900 -17.5300
5.1799295627e-01 5.8926289356e-02 -1.3924585657e+01
138 95 70
2 0 587 68.2900 -7.1900 1 540 123.0700 -23.3400
4.9283079156e-01 1.5906205008e-02 -1.3965116585e+01
135 87 60
2 0 596 64.9100 -12.6400 1 1132 118.9800 -29.0000
1.6306487483e+00 -1.2275550791e-01 -2.1901536975e+01
57 42 35
2 0 600 133.6000 -13.2700 1 541 173.5900 -23.5500
5.3134973966e-01 -2.4060152779e-02 -1.4403847000e+01
49 29 7
2 0 609 67.4900 -16.7800 1 558 120.1300 -32.7000
4.7888868443e-01 -2.9671669371e-02 -1.4289770681e+01
145 97 68
2 0 611 61.5100 -17.8000 1 559 114.0500 -33.6800
4.7888868443e-01 -2.9671669371e-02 -1.4289770681e+01
145 97 68
2 0 612 61.5100 -17.8000 1 560 114.0500 -33.6800
-1.0555848117e+00 -5.7445740509e-02 -1.5859595544e+01
112 85 58
2 0 615 -121.0800 -19.3700 1 539 -84.0600 -23.7000
-8.0554042768e-01 -6.6056035220e-02 -1.5102054145e+01
143 115 94
2 0 621 -95.9400 -21.8100 1 551 -56.0300 -28.7000
-1.1166014630e+00 -1.6696135813e-01 -1.6154540322e+01
102 77 54
2 0 640 -125.9300 -30.9900 1 564 -90.5900 -35.6100
-1.1485903769e+00 -2.2612563376e-01 -1.6383144217e+01
113 82 58
2 0 655 -128.2800 -37.2900 1 577 -93.2100 -41.2100
-1.1485903769e+00 -2.2612563376e-01 -1.6383144217e+01
113 82 58
2 0 656 -128.2800 -37.2900 1 578 -93.2100 -41.2100
3.1344988302e+00 -5.3864277691e-01 -2.2470663982e+01
124 98 63
2 0 672 254.1600 -45.3100 1 623 297.6500 -63.3600
2.2473292242e+00 -6.1878436741e-01 -2.4216986853e+01
130 103 70
2 0 678 167.8600 -48.1500 1 615 204.1800 -60.0000
-1.2757014716e+00 -4.0910548152e-01 -1.6998245466e+01
174 133 105
2 0 693 -137.8500 -55.0900 1 611 -105.5000 -58.9300
-5.9391860695e-01 -3.7157130107e-01 -1.5041425041e+01
132 114 99
2 0 700 -70.4800 -58.4700 1 641 -30.6500 -68.9000
-8.3262901771e-01 -4.2287580608e-01 -1.5844473510e+01
163 137 117
2 0 706 -95.3000 -61.1300 1 640 -58.6700 -68.9900
1.6051994298e-01 -4.2380411663e-01 -1.5704479716e+01
103 95 84
2 0 708 18.6400 -60.9000 1 1182 62.4900 -74.5100
-4.9895248522e-01 -4.0667160008e-01 -1.4884262659e+01
112 87 72
2 0 712 -59.5600 -63.5000 1 1185 -18.6900 -74.7900
1.8505276255e+00 -8.0887390541e-01 -2.3305960211e+01
83 65 43
3 0 720 144.9600 -67.1500 1 660 177.4500 -77.2900 2 2324 246.2100 -54.1500
-1.2864455446e+00 -5.8152445183e-01 -1.7282447198e+01
132 100 79
2 0 734 -136.9700 -72.2500 1 1190 -105.8300 -76.6000
-1.2567367814e+00 -5.8200153337e-01 -1.7303203432e+01
152 122 98
2 0 736 -133.7800 -72.2500 1 655 -102.3300 -76.5800
-1.3253324494e+00 -5.9016614144e-01 -1.7408331463e+01
163 135 113
2 0 737 -140.1100 -72.4700 1 657 -109.6000 -76.7400
3.0561639392e+00 -9.2974343840e-01 -2.3562759467e+01
183 153 118
2 0 742 236.3000 -73.9600 1 677 276.0000 -90.4700
-7.0386180041e-01 -5.5667582638e-01 -1.5689538758e+01
124 105 89
2 0 746 -81.0100 -77.2000 1 670 -43.9800 -86.9000
-8.6297572076e-01 -6.4621492374e-01 -1.6290913472e+01
134 117 100
2 0 764 -96.4200 -84.0800 1 1216 -61.9200 -92.5300
-8.6297572076e-01 -6.4621492374e-01 -1.6290913472e+01
134 117 100
2 0 765 -96.4200 -84.0800 1 1217 -61.9200 -92.5300
2.8097335231e+00 -1.1641645779e+00 -2.4532468405e+01
139 105 70
2 0 775 208.6000 -88.2500 1 1230 244.3400 -103.7200
-2.0659154254e+00 -1.0718546256e+00 -2.2782150277e+01
128 91 57
3 0 777 -174.6800 -90.7900 1 679 -148.7700 -91.6200 2 2377 -124.1700 -110.7700
3.0179545868e+00 -1.2005017974e+00 -2.4322667474e+01
160 133 97
2 0 778 226.2700 -91.7600 1 700 263.1200 -108.3900
2.5015307644e-02 -7.8056000696e-01 -1.6675493243e+01
88 54 29
2 0 788 2.3700 -95.7200 1 703 41.1900 -109.0600
-2.1944652397e+00 -1.1510665295e+00 -2.2902912299e+01
87 62 25
3 0 792 -183.8300 -96.8000 1 688 -159.4300 -97.2900 2 2391 -138.1800 -130.4700
-7.9136280970e-01 -8.8124252417e-01 -1.6693818612e+01
104 82 59
2 0 812 -86.9400 -107.7800 1 714 -53.0500 -116.6200
2.8579813710e+00 -1.5400495852e+00 -2.5600385537e+01
161 127 92
2 0 822 203.4600 -111.4800 1 731 236.4500 -126.7100
-1.2580182616e-01 -1.0978212808e+00 -1.7772905745e+01
90 52 29
2 0 839 -13.9500 -122.0800 1 753 20.5700 -134.2400
-2.3834652571e+00 -1.4846209351e+00 -2.3216206967e+01
191 158 122
3 0 840 -195.7700 -122.5800 1 726 -174.4300 -122.6300 2 2445 -153.5800 -191.2900
-2.3789219593e+00 -1.5474777237e+00 -2.3257802090e+01
69 41 20
3 0 848 -195.1500 -127.7900 1 732 -173.9400 -127.1600 2 2451 -151.3400 -200.6000
-2.3789219593e+00 -1.5474777237e+00 -2.3257802090e+01
69 41 20
3 0 849 -195.1500 -127.7900 1 733 -173.9400 -127.1600 2 2452 -151.3400 -200.6000
-1.1691721448e+00 -1.1721219443e+00 -1.8008533347e+01
122 102 78
2 0 852 -119.9300 -128.8700 1 756 -91.7800 -135.9100
-1.0927091758e+00 -1.1883600470e+00 -1.8103396959e+01
104 84 62
2 0 854 -111.8900 -129.9300 1 760 -83.0600 -136.9000
-1.9573095157e-01 -1.2164002905e+00 -1.8173311947e+01
142 97 66
2 0 859 -20.9500 -131.2600 1 768 12.0700 -142.9200
-1.2470630856e+00 -1.2520666311e+00 -1.8220081309e+01
118 93 69
2 0 864 -126.4900 -135.3400 1 1269 -99.4600 -142.2000
-1.4092747656e+00 -1.4418917777e+00 -1.9152848375e+01
124 97 74
2 0 890 -137.0800 -146.9500 1 781 -111.9500 -152.2200
-1.0551972439e+00 -1.4794544901e+00 -1.8346412996e+01
106 76 48
2 0 898 -106.5900 -157.0700 1 1301 -79.3800 -165.4900
-1.0551972439e+00 -1.4794544901e+00 -1.8346412996e+01
106 76 48
2 0 899 -106.5900 -157.0700 1 1302 -79.3800 -165.4900
-4.0971721058e-01 -1.6798603755e+00 -1.9649459498e+01
87 51 22
2 0 909 -40.2500 -164.4200 1 809 -12.1800 -174.7300
-1.0435988054e+00 -1.7648526763e+00 -1.9032292928e+01
150 115 86
2 0 933 -102.3300 -178.8700 1 824 -76.6100 -187.3400
-7.0555449837e-01 -2.1909935995e+00 -2.1523299803e+01
123 98 74
2 0 958 -63.4800 -193.8900 1 837 -39.9700 -201.7700
-1.1899728983e+00 -2.0178312818e+00 -1.9750748336e+01
107 82 57
2 0 959 -112.9100 -195.9500 1 838 -89.3100 -203.6400
-6.8304679077e-01 -2.2626443103e+00 -2.1603297925e+01
86 53 25
2 0 965 -61.2100 -199.1600 1 840 -38.2000 -207.5000
-1.2706205694e+00 -2.2588050147e+00 -2.0506139715e+01
137 103 61
2 0 979 -116.5800 -210.2800 1 847 -94.8600 -217.5600
-1.3877380646e+00 -2.4597542023e+00 -2.1189813945e+01
160 117 82
2 0 993 -123.7000 -221.0700 1 1335 -103.3700 -227.5100
8.9274495351e-01 2.0173564015e+00 -1.3055258360e+01
34 16 20
2 0 1026 121.6700 258.3700 1 33 199.0600 260.3800
8.1010325109e-01 1.9431865302e+00 -1.3919966741e+01
22 18 9
2 0 1035 103.3800 235.0800 1 877 174.4100 236.5000
2.9978719907e+00 2.6496435147e+00 -2.1046465851e+01
19 12 4
2 0 1041 256.0600 229.2900 1 1390 318.7600 225.9200
2.9978719907e+00 2.6496435147e+00 -2.1046465851e+01
19 12 4
2 0 1042 256.0600 229.2900 1 1391 318.7600 225.9200
-4.4064920393e-01 1.3964012638e+00 -1.1229095217e+01
199 168 139
2 0 1063 -65.2200 195.2100 1 913 -0.7100 198.1500
-3.2986931257e-01 1.3322537869e+00 -1.0913919638e+01
145 128 110
2 0 1071 -48.8000 188.7700 1 921 18.7000 191.6100
-2.5348582447e-01 1.2687093523e+00 -1.0930428537e+01
143 121 107
2 0 1077 -36.4800 178.4500 1 1428 31.6400 179.7300
-1.4256404313e-01 1.1342746576e+00 -1.0899091567e+01
166 143 129
2 0 1085 -18.3500 158.3500 1 1446 50.0900 154.9400
2.8319585367e+00 1.3643363309e+00 -1.7100350721e+01
39 33 21
2 0 1118 297.9800 138.7700 1 1468 367.9600 123.8400
1.3019003466e-01 9.4499570580e-01 -1.0048358121e+01
154 144 136
2 0 1124 28.8900 136.7800 1 976 105.2400 127.0200
4.5982161419e-01 9.3296827511e-01 -1.0047744955e+01
152 110 58
2 0 1128 85.7400 135.6000 1 983 167.8200 122.0500
5.1581553440e-01 9.2912794375e-01 -1.0159699192e+01
140 93 45
2 0 1132 94.2900 133.8800 1 985 176.4600 119.9600
8.6810693287e-01 9.1901108927e-01 -1.1007788509e+01
51 33 19
2 0 1147 142.6100 124.8600 1 1474 223.9600 109.1700
8.2567552314e-01 8.3506150151e-01 -1.1421415449e+01
61 51 42
2 0 1176 131.0900 108.2900 1 1486 207.9900 92.6900
-1.0484153441e-01 7.4927524326e-01 -1.1588864876e+01
193 174 167
2 0 1197 -12.0100 92.4900 1 1022 50.4600 83.7300
-1.9840606123e-01 7.2961837138e-01 -1.1969367638e+01
178 158 147
2 0 1204 -25.9600 87.2900 1 1029 33.5800 79.5500
2.0163433878e+00 7.8024024834e-01 -1.8496710024e+01
63 48 37
2 0 1217 196.3600 71.1000 1 1052 251.0500 59.5000
6.7396870199e-01 4.6021072081e-01 -1.2660408954e+01
134 96 64
2 0 1236 97.3600 47.3900 1 1079 161.8500 30.9200
5.8826391844e-01 3.5167900370e-01 -1.2979391500e+01
61 43 34
2 0 1249 83.2700 31.8000 1 1520 144.3800 15.3000
3.1641959339e+00 3.1744407175e-01 -2.2413984814e+01
66 57 46
2 0 1257 256.5100 25.0900 1 1096 304.1600 10.5600
5.5391318646e-01 2.8555374740e-01 -1.3209934617e+01
65 41 35
2 0 1259 77.0600 22.4000 1 1101 136.4800 6.3400
6.1627324166e-01 2.4884068936e-01 -1.3309702770e+01
88 61 58
2 0 1267 84.8500 17.5600 1 1107 144.1900 0.8500
3.2529697666e+00 1.7269119957e-01 -2.2184890633e+01
65 56 46
2 0 1275 266.6200 13.1800 1 1533 314.6600 -2.6300
-9.0696411475e-01 1.4057457122e-01 -1.5067519668e+01
175 150 130
2 0 1288 -108.5600 2.7300 1 1531 -68.0300 -1.9600
3.3253736580e+00 -1.6054010393e-03 -2.1711939736e+01
81 72 62
2 0 1293 278.6300 -1.6300 1 1549 327.5300 -19.2300
2.7264467450e+00 -1.1926492542e-01 -2.2520289460e+01
146 120 83
3 0 1311 219.5400 -10.9700 1 1129 263.1200 -25.4300 2 2130 312.5700 60.8500
2.4528938376e+00 -2.2753152546e-01 -2.3314525590e+01
76 58 41
2 0 1322 190.5900 -19.2300 1 1136 230.8100 -31.6200
-1.0270986299e+00 -6.5137075584e-02 -1.5834769959e+01
173 145 124
2 0 1323 -118.1000 -20.4500 1 1127 -80.6100 -24.6900
3.2589166063e-01 -1.9198714682e-01 -1.4762883612e+01
100 67 48
2 0 1335 40.7600 -36.7300 1 1146 89.4400 -52.0200
3.2528748215e+00 -5.4073149380e-01 -2.2479923502e+01
160 137 104
3 0 1344 263.6800 -45.4100 1 1164 308.0000 -64.0000 2 2629 381.6500 42.8200
2.5743857918e+00 -5.9737182576e-01 -2.3793566742e+01
138 107 71
2 0 1345 196.4200 -47.3300 1 1160 234.7400 -60.8900
1.7935864604e+00 -5.8840835202e-01 -2.3401377881e+01
73 65 54
2 0 1347 137.8600 -48.2900 1 1157 174.0000 -59.1300
9.7724490912e-02 -3.1033882627e-01 -1.5217689686e+01
36 24 19
2 0 1349 12.1200 -49.7300 1 1162 57.2900 -63.2600
2.9627205808e+00 -6.9840930926e-01 -2.2706475686e+01
101 76 53
3 0 1364 238.1400 -58.4100 1 1186 278.9900 -75.1700 2 2644 356.9900 11.6600
1.8965988589e-01 -4.5370639644e-01 -1.5584765246e+01
81 52 31
2 0 1368 22.4100 -64.7400 1 1194 66.3700 -79.2700
1.8965988589e-01 -4.5370639644e-01 -1.5584765246e+01
81 52 31
2 0 1369 22.4100 -64.7400 1 1195 66.3700 -79.2700
2.1277059633e+00 -7.7992284879e-01 -2.3150090451e+01
113 90 59
3 0 1370 167.6500 -64.8000 1 1191 202.4800 -76.8200 2 2309 273.7500 -37.2400
1.9528157198e+00 -8.0046224515e-01 -2.3252544481e+01
100 80 55
3 0 1371 153.3200 -66.3500 1 1192 187.2400 -78.0600 2 2695 255.6100 -48.1300
-1.3448341904e+00 -5.6193371892e-01 -1.7444218300e+01
110 84 59
2 0 1373 -141.9900 -69.4000 1 1178 -111.3900 -73.2900
3.1292396858e+00 -9.2191796329e-01 -2.3661839451e+01
85 59 41
2 0 1376 241.2200 -72.4900 1 1212 280.6500 -89.9700
-2.0306426874e+00 -9.0410173383e-01 -2.2655400501e+01
202 153 102
3 0 1384 -172.9200 -77.2400 1 1193 -145.9800 -78.3700 2 2715 -124.1700 -84.5400
2.7978035621e+00 -9.8707041680e-01 -2.3530576494e+01
115 82 50
2 0 1385 216.5700 -78.4200 1 1221 254.5700 -94.8800
1.2045496185e-01 -5.9981512873e-01 -1.6099469393e+01
68 42 31
2 0 1386 13.5600 -78.9600 1 1218 55.1500 -92.8500
3.0144719341e+00 -1.0329791733e+00 -2.4007872954e+01
148 117 82
2 0 1388 228.8900 -80.1300 1 1223 266.9000 -96.6800
-1.3785418943e+00 -7.6164569928e-01 -1.7784990595e+01
128 100 78
2 0 1394 -143.0700 -88.5100 1 1589 -113.8600 -92.7400
-7.9401609656e-01 -7.3216170267e-01 -1.6480116450e+01
140 122 102
2 0 1400 -87.9900 -92.5600 1 1592 -53.5200 -101.3400
-5.7885996202e-01 -7.3337211614e-01 -1.5890971398e+01
109 95 82
2 0 1404 -65.6400 -95.9700 1 1236 -29.3700 -107.5100
-7.9692947530e-01 -7.5917544673e-01 -1.6195908697e+01
105 87 67
2 0 1407 -89.3100 -97.2300 1 1596 -54.9000 -106.9400
-1.8838262328e+00 -1.1629194535e+00 -2.2708187274e+01
219 176 141
3 0 1410 -160.5800 -98.0800 1 1226 -133.9900 -100.5100 2 2727 -98.4600 -109.6000
-8.4056596731e-01 -7.7823604418e-01 -1.6504290882e+01
128 109 89
2 0 1412 -93.0700 -97.6400 1 1234 -58.9900 -106.2200
-1.1338390282e+00 -1.1562432958e+00 -1.7931961770e+01
101 83 61
2 0 1442 -116.8100 -127.8500 1 1261 -88.2100 -135.0000
-1.1338390282e+00 -1.1562432958e+00 -1.7931961770e+01
101 83 61
2 0 1443 -116.8100 -127.8500 1 1262 -88.2100 -135.0000
-3.9021810143e-02 -1.1945294955e+00 -1.8265353978e+01
55 28 8
2 0 1444 -5.0300 -127.9900 1 1266 28.3900 -140.5900
-1.2454513376e+00 -1.4332060153e+00 -1.8673123098e+01
111 90 68
2 0 1455 -123.9400 -149.9300 1 1291 -97.5500 -156.5400
-3.3788930829e-01 -1.5383801345e+00 -1.9189105365e+01
73 44 23
2 0 1460 -34.0300 -154.8700 1 1304 -4.5200 -165.6600
-1.0804355479e+00 -1.5467140907e+00 -1.8552134625e+01
146 118 89
2 0 1471 -108.1800 -162.0200 1 1309 -81.4000 -170.1600
8.5984665010e-01 2.0920631037e+00 -1.2993140461e+01
16 11 6
2 0 1520 117.6900 270.8500 1 1351 195.5600 271.6500
7.8526675871e-01 1.9707296842e+00 -1.3930011296e+01
57 49 43
2 0 1533 100.1100 238.8700 1 1368 170.9500 239.9300
-8.0683987130e-01 1.4382782508e+00 -9.5996418881e+00
121 101 77
2 0 1538 -137.8500 228.0200 1 1789 -72.2700 237.3600
3.1599384103e+00 2.7068169565e+00 -2.1777136927e+01
18 11 3
2 0 1539 261.1400 227.5300 1 1394 322.6500 224.0800
3.1599384103e+00 2.7068169565e+00 -2.1777136927e+01
18 11 3
2 0 1540 261.1400 227.5300 1 1395 322.6500 224.0800
1.3713216655e+00 1.9713062162e+00 -1.4863455396e+01
34 25 16
2 0 1541 164.2600 226.6500 1 1393 236.2900 224.4500
1.3134881878e+00 1.8615609694e+00 -1.4586591300e+01
19 11 7
2 0 1554 160.4300 216.6800 1 1408 232.5300 213.7700
1.3134881878e+00 1.8615609694e+00 -1.4586591300e+01
19 11 7
2 0 1555 160.4300 216.6800 1 1409 232.5300 213.7700
-9.6600831448e-01 1.4813891858e+00 -1.1197917010e+01
32 13 5
2 0 1564 -147.5700 208.1300 1 1404 -90.2100 216.7600
-5.9195859942e-01 1.4334999213e+00 -1.1425229711e+01
104 82 68
2 0 1583 -87.7800 198.0500 1 1663 -26.0100 202.5100
-5.6573544646e-01 1.4084387950e+00 -1.1360647381e+01
138 121 103
2 0 1591 -84.1900 194.4900 1 1664 -21.6900 199.6200
-8.4906366169e-01 1.3676370429e+00 -1.2960271413e+01
67 33 15
2 0 1607 -115.7300 168.7100 1 1434 -62.1100 174.8700
-9.3627222961e-01 1.2424539648e+00 -1.3598649038e+01
74 39 22
2 0 1620 -122.7500 146.2100 1 1677 -72.7200 150.5100
-7.2141369247e-02 1.0407908468e+00 -1.0838473897e+01
180 158 147
2 0 1624 -6.8700 144.0800 1 1679 62.1900 138.6100
-9.8594448270e-01 1.1629922135e+00 -1.3891653966e+01
69 33 14
2 0 1631 -127.1800 133.1400 1 1462 -78.5200 137.5400
2.1692270872e-01 8.9585148302e-01 -1.0505849182e+01
193 179 168
2 0 1641 41.5100 123.9900 1 1470 115.9300 113.5700
3.0054620277e-04 7.0529482274e-01 -1.1422547699e+01
201 185 178
2 0 1668 4.3900 87.0600 1 1493 68.5200 76.2400
-1.0680840291e+00 5.6863912830e-01 -1.4591155292e+01
143 120 98
2 0 1678 -131.8300 54.7600 1 1503 -88.9300 54.3600
6.6587039785e-01 4.9032823067e-01 -1.2604198700e+01
61 39 43
2 0 1683 96.6300 51.7300 1 1513 161.5500 35.5600
2.3148473464e+00 5.9361086805e-01 -1.9825811503e+01
65 51 43
2 0 1684 210.9000 50.7400 1 1512 262.3200 38.2200
5.8988357402e-01 3.0705387720e-01 -1.3069877647e+01
122 73 48
2 0 1691 82.8000 25.3400 1 1524 143.4500 9.1100
2.4541656066e+00 1.9105636559e-01 -2.1113007935e+01
42 27 18
2 0 1699 210.5400 13.9500 1 1529 257.1700 0.1600
2.4541656066e+00 1.9105636559e-01 -2.1113007935e+01
42 27 18
2 0 1700 210.5400 13.9500 1 1530 257.1700 0.1600
3.4672813600e+00 1.3031761412e-01 -2.2322431775e+01
123 104 86
2 0 1701 282.7100 9.9900 1 1534 331.2800 -6.9500
4.7299302643e-01 1.0222111902e-01 -1.3814490582e+01
89 56 40
2 0 1705 63.0200 -1.8000 1 1546 118.0700 -17.5200
2.4243096552e+00 -3.3908386176e-02 -2.2639507267e+01
66 49 29
3 0 1706 194.0900 -4.5200 1 1543 235.9000 -16.6900 2 2623 278.1900 54.0200
2.4560510614e+00 -3.8230003822e-02 -2.2913045745e+01
66 49 29
2 0 1707 194.0900 -4.5200 1 1544 235.9000 -16.6900
4.4538994364e-01 4.5132376237e-02 -1.4011291068e+01
78 50 35
2 0 1712 58.5500 -8.8800 1 1554 112.2300 -24.5400
5.4204447647e-01 1.7732935468e-02 -1.4209859355e+01
62 33 22
2 0 1713 69.8600 -11.8600 1 1558 123.4900 -28.0100
4.2759670182e-01 9.3959158150e-03 -1.4152461079e+01
77 53 51
2 0 1715 55.7500 -13.0200 1 1725 108.3500 -28.9100
4.2759670182e-01 9.3959158150e-03 -1.4152461079e+01
77 53 51
2 0 1716 55.7500 -13.0200 1 1726 108.3500 -28.9100
2.6428502644e+00 -1.9391267505e-01 -2.2555267096e+01
133 112 82
2 0 1718 212.6400 -17.5000 1 1730 255.3200 -31.4300
2.6453762800e+00 -1.9223884004e-01 -2.2597232418e+01
133 112 82
3 0 1719 212.6400 -17.5000 1 1731 255.3200 -31.4300 2 2625 306.0200 49.6800
4.0237254218e-01 -3.7742772756e-02 -1.4274560588e+01
84 58 44
2 0 1720 51.9600 -18.9500 1 1559 103.8400 -34.4300
2.5605215720e+00 -2.6911107528e-01 -2.2690958436e+01
145 121 85
3 0 1723 204.8600 -23.4600 1 1561 246.0500 -37.0200 2 2632 300.3300 36.4200
3.3687653032e+00 -4.0473440287e-01 -2.2091873863e+01
88 67 46
2 0 1731 277.7100 -35.2500 1 1150 324.2600 -53.7100
2.4301524362e-01 -3.4011549362e-01 -1.5098847921e+01
74 48 40
2 0 1735 29.7000 -53.6800 1 1741 76.1800 -68.4200
-5.4988251723e-01 -3.7813139226e-01 -1.4842994229e+01
110 92 78
2 0 1737 -65.7800 -60.1500 1 1580 -25.2800 -71.2700
2.1120141503e-01 -4.1072278361e-01 -1.5403228230e+01
68 52 29
2 0 1738 25.2100 -60.7100 1 1583 70.2300 -75.1500
1.9332189363e+00 -7.4220153447e-01 -2.3228702513e+01
131 108 79
3 0 1739 151.5400 -61.7400 1 1581 185.5300 -72.5300 2 2691 252.5700 -42.8400
-2.7110482372e+00 -7.4160638691e-01 -2.2648893724e+01
217 188 148
3 0 1743 -229.0100 -64.4200 1 1572 -204.3000 -62.1700 2 2884 -211.7700 -83.5400
-2.7458953059e+00 -8.1477711291e-01 -2.2700359614e+01
163 122 82
3 0 1748 -231.2600 -70.2900 1 1577 -207.1900 -68.0400 2 2888 -214.3300 -95.3200
9.8628189952e-02 -5.6908702839e-01 -1.6154186722e+01
117 95 76
2 0 1749 11.0700 -75.1000 1 1749 52.3900 -88.8000
3.1381806617e+00 -1.0391191683e+00 -2.4016785291e+01
155 130 109
2 0 1754 238.3000 -80.5300 1 1590 276.8700 -97.4700
-1.4093730828e+00 -8.5204197336e-01 -1.7943572520e+01
136 105 76
2 0 1762 -144.9400 -96.7700 1 1591 -116.7600 -101.3500
-1.6859488203e-01 -1.1150598251e+00 -1.7866835201e+01
116 83 57
2 0 1777 -18.3900 -123.2800 1 1760 15.8000 -135.0000
-2.3423188344e+00 -1.7601503699e+00 -2.3376744307e+01
149 116 86
3 0 1786 -191.2200 -144.1500 1 1606 -170.8200 -143.8700 2 2911 -141.1200 -230.2100
-1.2521322975e+00 -1.4136762138e+00 -1.8996405381e+01
102 82 57
2 0 1789 -123.0600 -145.5400 1 1610 -96.5000 -151.2600
-1.2521322975e+00 -1.4136762138e+00 -1.8996405381e+01
102 82 57
2 0 1790 -123.0600 -145.5400 1 1611 -96.5000 -151.2600
-1.1057005823e+00 -1.9228087063e+00 -1.9376649134e+01
164 124 83
2 0 1818 -106.5800 -190.5800 1 1779 -82.2600 -199.0700
9.1899513684e-01 2.0629007629e+00 -1.3157400044e+01
49 48 42
2 0 1833 124.2000 263.5000 1 1649 201.5900 264.6300
3.1679560752e+00 2.8534806192e+00 -2.1986159597e+01
41 31 16
2 0 1835 259.1900 238.0600 1 1790 320.8400 235.2100
-4.9433165777e-01 1.4635263721e+00 -1.1130397501e+01
29 16 9
2 0 1840 -74.1800 206.7900 1 1792 -9.4000 211.8300
-4.9433165777e-01 1.4635263721e+00 -1.1130397501e+01
29 16 9
2 0 1841 -74.1800 206.7900 1 1793 -9.4000 211.8300
-7.9656659240e-01 1.4597744713e+00 -1.2739225359e+01
70 38 17
2 0 1844 -109.8700 184.5600 1 1667 -54.8000 190.4400
-6.4203041536e-01 1.3708403976e+00 -1.1716418252e+01
91 71 54
2 0 1845 -93.7000 184.4500 1 1797 -34.1100 188.4500
-1.0945090126e+00 1.2978439292e+00 -1.2669992099e+01
56 30 13
2 0 1847 -151.7200 162.6700 1 1671 -101.3400 168.0800
-9.8487199016e-03 1.0601241347e+00 -1.0684095270e+01
180 160 148
2 0 1849 3.3600 148.7900 1 1803 74.5100 143.3100
8.3140641157e-01 9.3087994902e-01 -1.0975197298e+01
122 109 103
2 0 1852 137.1500 126.8700 1 1687 218.3200 111.8100
2.9509187545e-01 8.6829674234e-01 -1.0258170286e+01
91 83 72
2 0 1853 56.1100 122.0400 1 1689 133.1100 109.5300
-8.5793691091e-01 1.0125335108e+00 -1.3030408987e+01
87 61 43
2 0 1854 -115.9300 119.9000 1 1806 -65.2000 121.2400
2.6550548434e-01 8.7290939567e-01 -1.0519709003e+01
131 122 112
2 0 1855 49.5700 120.3300 1 1688 124.3800 108.7900
2.5389486340e-01 8.5021216417e-01 -1.0658886385e+01
150 137 128
2 0 1856 47.0400 115.7300 1 1692 120.3400 103.5200
7.1637829459e-01 5.8350539629e-01 -1.2226160176e+01
59 39 31
2 0 1873 106.8900 66.1200 1 1818 175.2700 50.1100
6.1894289451e-01 4.0093966394e-01 -1.2800940679e+01
63 44 34
2 0 1878 88.6600 38.7400 1 1712 151.4200 22.4000
-9.4629893814e-01 2.1409685134e-01 -1.5038596718e+01
147 111 90
2 0 1889 -113.5100 11.5300 1 1823 -72.8400 7.5300
-9.4629893814e-01 2.1409685134e-01 -1.5038596718e+01
147 111 90
2 0 1890 -113.5100 11.5300 1 1824 -72.8400 7.5300
2.5805010971e+00 1.3899437226e-01 -2.1326003082e+01
68 57 48
2 0 1891 219.2500 9.2600 1 1720 266.0100 -4.4100
2.3833351539e+00 -1.4963915989e-01 -2.2721860286e+01
64 51 36
3 0 1902 190.3900 -14.0500 1 1724 230.8500 -26.1100 2 2855 277.8700 39.9200
-1.0941818593e+00 -2.3406263657e-02 -1.5891635183e+01
173 137 109
2 0 1903 -125.4100 -15.5500 1 1832 -88.3500 -19.2100
2.5762254545e+00 -2.0597671533e-01 -2.2645623194e+01
74 61 51
3 0 1904 206.4900 -18.5000 1 1729 248.2000 -31.7200 2 2973 299.8800 44.1300
-1.1964670446e+00 -1.9260964327e-01 -1.6492824383e+01
190 144 108
2 0 1905 -132.8100 -33.1800 1 1734 -98.2000 -36.7300
-1.2357555749e+00 -2.7597568261e-01 -1.6582268388e+01
165 131 92
2 0 1907 -136.3300 -42.0000 1 1836 -102.7700 -45.9800
-4.2216187838e-01 -1.6296246385e+00 -1.9647034347e+01
121 89 63
2 0 1941 -41.5900 -159.8800 1 1772 -13.0900 -169.6600
-1.1574362673e+00 -2.1312846014e+00 -2.0009717902e+01
41 37 28
2 0 1952 -107.8800 -203.1600 1 1635 -86.3000 -212.2500
-6.3748407109e-01 1.5814613984e+00 -9.2787978784e+00
15 9 5
2 0 1960 -110.3800 261.9900 1 1786 -38.5700 271.7700
3.5093074529e+00 2.5861951782e+00 -2.1650133139e+01
49 39 26
2 0 1965 292.4000 219.2700 1 1660 355.7500 212.5900
-3.3549196810e-01 1.4091692708e+00 -1.0119442222e+01
80 67 51
2 0 1967 -51.8500 214.5000 1 1869 20.0000 217.8500
6.2340811158e-01 4.7575337695e-01 -1.2695526206e+01
121 90 70
2 0 1997 89.9200 49.2600 1 1900 153.9000 33.7100
2.3806831130e+00 2.7558782170e-01 -2.0668890668e+01
82 73 64
2 0 2006 208.3700 21.0800 1 1825 256.3500 7.9500
3.1517473986e+00 -6.1428004188e-02 -2.1752488395e+01
57 44 29
2 0 2011 263.5200 -6.8300 1 1913 311.0600 -23.8600
2.6531229934e+00 -9.0914304243e-02 -2.2546310832e+01
74 61 48
3 0 2012 213.6500 -9.2700 1 1912 256.6100 -22.4900 2 3041 303.5300 60.0200
3.1875160956e-01 -1.2931906068e-01 -1.4713966378e+01
104 80 61
2 0 2014 40.0300 -29.1500 1 1835 89.1000 -44.1500
3.0763011587e+00 -1.0979519940e+00 -2.4188443434e+01
49 33 18
2 0 2020 231.9900 -84.2900 1 1848 269.5900 -101.2300
3.1789196128e+00 -1.1958054466e+00 -2.4473251759e+01
165 138 115
2 0 2022 236.9200 -90.8700 1 1852 274.4400 -107.4600
-1.1011969748e+00 -1.3922392640e+00 -1.8178990374e+01
98 80 58
2 0 2032 -112.2600 -149.9800 1 1860 -84.3800 -157.7100
-7.0944355626e-01 1.4385057194e+00 -1.2164435431e+01
112 89 71
2 0 2041 -101.3000 187.7400 1 1949 -43.1300 194.7500
8.6705670104e-01 8.2874528521e-01 -1.1617961383e+01
42 33 24
2 0 2049 135.1900 106.2300 1 1886 211.1500 90.1800
8.3618588045e-01 7.8216278400e-01 -1.1806510400e+01
53 39 31
2 0 2051 128.3900 97.5700 1 1887 202.4800 82.2300
7.9375799810e-01 6.8835012941e-01 -1.2057918753e+01
53 38 31
2 0 2056 119.6500 82.3500 1 1892 190.7500 66.4400
6.7789740227e-01 5.6007683979e-01 -1.2602371899e+01
121 92 66
2 0 2057 98.5400 62.3800 1 1898 163.5300 45.3800
-8.6008455828e-01 5.8095920779e-01 -1.4187090727e+01
186 162 149
2 0 2058 -108.4900 57.5100 1 1893 -62.9500 55.6200
-8.6008455828e-01 5.8095920779e-01 -1.4187090727e+01
186 162 149
2 0 2059 -108.4900 57.5100 1 1894 -62.9500 55.6200
2.4948234373e+00 3.1602454939e-01 -2.0879120712e+01
19 9 7
2 0 2064 216.3300 24.8600 1 1902 264.4500 11.3900
-1.0671789848e+00 2.3209911434e-01 -1.5351673410e+01
173 142 117
2 0 2066 -125.9200 13.7000 1 1904 -86.6500 10.7700
3.5435572096e+00 6.1741413964e-02 -2.2225083702e+01
146 125 101
3 0 2068 290.0700 4.6100 1 1910 339.9600 -14.2500 2 2964 380.6500 104.4000
-1.1472307953e+00 1.1894495545e-01 -1.5853750162e+01
158 129 112
2 0 2069 -131.6300 0.9500 1 1906 -94.5800 -2.1200
2.6786831997e+00 1.3569099570e-02 -2.2482003207e+01
128 99 64
3 0 2070 215.6800 -0.1500 1 1909 259.9400 -13.7100 2 3038 303.1000 71.6200
3.5347364343e+00 -6.4637114488e-02 -2.2264480885e+01
36 23 11
3 0 2072 288.4600 -5.6400 1 1914 337.4200 -24.1300 2 3037 386.9200 92.9800
3.4628466910e+00 -5.3530256551e-02 -2.1854829623e+01
36 23 11
2 0 2073 288.4600 -5.6400 1 1915 337.4200 -24.1300
3.1925989131e+00 -1.7698469209e-01 -2.1806964608e+01
19 12 5
2 0 2076 266.4200 -16.4700 1 1918 313.4800 -34.2000
-1.2535233901e+00 -6.1474039846e-02 -1.6404144241e+01
161 127 106
2 0 2077 -139.8300 -18.9000 1 1911 -104.8300 -21.5000
3.4538718281e+00 -1.9659522341e-01 -2.1702648454e+01
160 135 112
2 0 2078 289.7100 -18.2000 1 1967 338.5900 -37.0600
3.0013987327e+00 -4.5132620654e-01 -2.2560336807e+01
156 124 86
3 0 2080 242.0000 -38.1300 1 1921 285.3800 -54.8700 2 3044 352.2100 39.5400
2.3222354796e+00 -8.5456345738e-01 -2.5494580064e+01
108 87 56
2 0 2084 164.6700 -62.4700 1 1926 198.7300 -73.4200
2.3222354796e+00 -8.5456345738e-01 -2.5494580064e+01
108 87 56
2 0 2085 164.6700 -62.4700 1 1925 198.7300 -73.4200
-4.4773928691e-01 1.4089780761e+00 -1.1183798590e+01
159 125 94
2 0 2112 -66.5600 197.6000 1 1993 -1.7700 201.2100
2.0210786910e+00 4.2160851233e-01 -1.9953585966e+01
34 21 13
2 0 2120 182.7700 34.6500 1 1959 231.1900 22.3600
6.4324698569e-01 3.6054743369e-01 -1.3069378212e+01
67 45 34
2 0 2121 89.9900 32.6700 1 1960 151.6300 16.6900
3.1963491468e+00 3.3228938305e-01 -2.2339522279e+01
68 56 42
2 0 2122 260.0300 26.4700 1 1961 308.0300 11.5800
2.1416426205e+00 2.9748903030e-01 -2.0317108178e+01
74 64 54
2 0 2123 190.3900 22.9900 1 1962 238.0700 10.4500
2.2440296660e+00 1.9445544301e-01 -2.0795525419e+01
41 29 17
2 0 2125 194.9600 13.4500 1 1965 241.7800 1.3000
3.3706158754e+00 -2.7991315121e-01 -2.2012997860e+01
30 23 13
2 0 2127 278.9100 -24.5700 1 2001 325.9000 -43.3700
1.9326376345e+00 -8.6905822305e-01 -2.3306068055e+01
76 61 42
3 0 2129 151.5800 -71.9100 1 1971 184.0500 -82.5300 2 3084 256.3500 -57.3000
1.5460649879e+00 -1.0238595358e+00 -2.4698246891e+01
68 55 46
2 0 2130 111.8600 -78.0900 1 1928 143.7200 -87.8300
-4.5785203682e-01 -6.2161437556e-01 -1.5325084643e+01
145 120 103
2 0 2133 -53.3100 -86.6700 1 2006 -14.2800 -98.9400
-7.8724474482e-01 -1.2764346567e+00 -1.7331621323e+01
146 106 76
2 0 2139 -83.4900 -144.9100 1 1981 -52.8300 -155.3600
-9.0732784840e-01 -2.6665721620e+00 -2.2872293415e+01
128 92 59
2 0 2146 -76.5300 -220.5800 1 1986 -57.0400 -228.0400
-4.3027676359e-01 1.4926711396e+00 -9.9981038236e+00
116 109 101
2 0 2152 -68.7500 230.5500 1 1944 2.8400 237.1000
-2.2810594877e-01 1.2187535639e+00 -1.1223417837e+01
169 143 130
2 0 2153 -31.9300 167.3300 1 2019 34.5600 166.8800
2.4737004320e+00 -2.0839330203e-01 -2.2712483241e+01
78 64 48
3 0 2160 197.5200 -18.4900 1 1999 238.5200 -31.4500 2 3102 289.1600 37.7500
3.1861428899e+00 -1.3570295556e+00 -2.5055611807e+01
174 143 122
2 0 2164 232.4100 -99.7200 1 2028 267.5600 -117.4700
1.1855578568e+00 1.8819635589e+00 -1.4117630991e+01
24 15 10
2 0 2172 149.5100 224.9200 1 2017 223.0200 223.4000
-7.9139693448e-01 1.5723075574e+00 -1.2506801399e+01
51 25 10
2 0 2173 -110.8700 202.9500 1 2039 -54.1600 211.0000
2.9258981429e-01 9.2703586902e-01 -9.7058191764e+00
178 169 164
2 0 2178 59.2900 138.0600 1 2022 140.8100 125.1100
1.6403699675e-01 9.1430755313e-01 -1.0955500660e+01
175 162 154
2 0 2179 30.9200 123.0100 1 2046 101.8500 113.8200
2.3419778102e+00 -3.0999669697e-01 -2.3126635540e+01
138 111 78
2 0 2184 183.4300 -26.0400 1 2024 223.0400 -38.8400
2.1989007885e+00 -6.4484569095e-01 -2.4500120056e+01
121 92 62
2 0 2185 161.9700 -49.9000 1 2025 198.0600 -60.4500
2.7782356731e+00 -7.1319233037e-01 -2.2805061487e+01
146 116 78
3 0 2187 222.4000 -59.3300 1 2026 261.4600 -75.1700 2 3124 338.6100 0.9000
1.5954029572e+00 -1.0696142809e+00 -2.3526805697e+01
24 9 4
3 0 2192 124.1100 -87.4000 1 2005 153.8000 -97.1600 2 3109 229.7100 -92.3400
1.0300231702e+00 1.9814374937e+00 -1.3581323879e+01
54 45 36
2 0 2201 134.9200 245.7200 1 2037 210.4400 245.4500
3.3411931182e+00 3.0674547762e+00 -2.2451503400e+01
97 82 61
2 0 2224 267.7900 251.4500 1 2055 330.1000 249.1700
4.4432006520e-02 1.2918916742e+00 -1.0777143899e+01
49 40 33
2 0 2227 11.6500 185.3600 1 2074 85.1100 183.3000
3.5539046090e+00 2.7864920531e-01 -2.2206674251e+01
149 122 101
2 0 2229 291.1700 22.2900 1 2061 341.2800 5.6100
2.5405737497e+00 7.8695167013e-02 -2.1387377675e+01
105 78 51
2 0 2230 215.3700 4.3900 1 2062 261.2200 -9.9600
3.1572653734e+00 -3.0835363823e-02 -2.1511078540e+01
38 28 18
2 0 2243 266.9900 -4.1900 1 2080 315.1400 -21.9800
2.7875081193e+00 -2.9157378758e-01 -2.2802147091e+01
150 122 85
2 0 2244 222.1100 -24.9700 1 2089 264.5100 -39.5400
2.0953599518e+00 -9.2137577140e-01 -2.3269177949e+01
144 116 77
3 0 2245 163.9500 -75.5800 1 2081 197.5900 -87.0900 2 3161 275.3700 -56.4900
3.7362321079e+00 -9.9037092399e-01 -2.4756073687e+01
170 142 120
2 0 2255 276.1900 -72.8000 1 2093 315.4000 -92.4900
-1.0815509450e+00 -2.4849405696e+00 -2.1435774582e+01
47 38 29
2 0 2256 -95.8900 -220.3000 1 2091 -74.9700 -227.9800
5.9464399184e-01 -9.4774725334e-01 -1.9968766616e+01
40 25 18
2 0 2263 52.7800 -92.4300 1 2103 87.0300 -105.2600
-2.9246259657e+00 1.4604372693e+00 -2.3334082380e+01
16 17 9
2 0 343 -239.6300 111.1300 2 2196 -282.9600 35.8500
-2.9947959739e+00 1.1874362621e+00 -2.4133461779e+01
162 129 91
2 0 399 -237.4900 86.9200 2 1644 -282.7400 -40.9500
2.5022955367e+00 1.6932101897e-02 -2.2568860861e+01
77 58 34
2 0 574 200.8200 -0.1400 2 1449 284.6000 63.4400
2.4474450913e+00 -4.7993784808e-01 -2.2864294046e+01
142 108 71
2 0 663 194.3100 -40.5700 2 1547 295.3600 8.3400
3.1264380317e+00 -6.3647456291e-01 -2.2591100315e+01
127 97 68
2 0 690 252.0600 -53.2500 2 1507 372.2000 26.4100
2.9671262209e+00 -6.4840387813e-01 -2.2677513863e+01
146 122 89
2 0 692 238.3900 -54.3600 2 2222 355.6900 17.2400
-2.0805960184e+00 -8.1601135078e-01 -2.2635524704e+01
174 147 120
2 0 731 -177.1900 -71.7000 2 2343 -131.7600 -76.1300
-2.4902320268e+00 -1.6849157743e+00 -2.3428070856e+01
123 107 72
2 0 873 -202.1800 -138.8000 2 2474 -161.7100 -230.0900
3.5919713465e+00 8.5912515376e-01 -2.1857474950e+01
54 46 35
2 0 1216 298.0200 71.8400 2 2007 356.1400 179.8700
2.3465635395e+00 -9.9897028607e-02 -2.2720525291e+01
120 94 73
2 0 1307 187.1200 -9.9500 2 2172 272.0400 42.9000
2.6085597697e+00 -1.3736549746e-01 -2.2594309749e+01
116 99 77
2 0 1314 209.3700 -12.6900 2 2152 300.6900 52.8400
1.5769052922e+00 -1.2410981397e+00 -2.3610392287e+01
80 70 60
2 0 1416 121.3900 -100.9000 2 2731 233.5600 -111.2400
-2.3375609451e+00 -1.5376921264e+00 -2.3261393861e+01
198 147 86
2 0 1441 -191.9000 -127.7800 2 2768 -145.9000 -198.8500
2.5971366467e+00 -1.2701875466e+00 -2.3210679573e+01
123 93 61
2 0 1768 204.3300 -103.4900 2 2704 338.5100 -70.2300
-2.2897122428e+00 -1.6701025204e+00 -2.3304613445e+01
161 126 87
2 0 1783 -188.1900 -137.8100 2 3016 -135.9300 -214.3700
-3.1721902952e+00 2.6936226679e+00 -2.3803539882e+01
97 95 83
2 1 79 -224.5800 226.3600 2 358 -323.5900 78.4700
3.1773273949e+00 4.2624470535e-01 -2.2325277068e+01
28 18 9
2 1 461 307.0000 19.8000 2 1368 327.4200 114.6800
-1.6249164889e+00 -3.0991885350e-03 -2.2905666631e+01
196 153 124
2 1 499 -106.5800 -1.3400 2 1605 -110.3200 -20.0800
2.3860245239e+00 1.1647336188e-02 -2.2634180520e+01
95 78 56
2 1 518 232.6700 -12.5100 2 1460 273.2000 56.7800
2.4158042696e+00 -2.4777408447e-01 -2.2752393232e+01
80 62 45
2 1 563 233.3200 -34.6600 2 1497 284.7000 31.5700
-2.6804416433e+00 -5.8538921320e-01 -2.2448915053e+01
53 27 8
2 1 588 -203.0200 -47.9500 2 2323 -212.8700 -51.8500
3.0966399938e+00 -5.9268814177e-01 -2.2574969262e+01
136 103 70
2 1 632 292.8900 -67.1700 2 1500 367.7600 30.1900
3.1315894948e+00 -6.7414173269e-01 -2.2605755729e+01
157 132 99
2 1 652 295.2300 -74.1400 2 1515 374.2200 22.8400
1.5817870230e+00 -8.0025011326e-01 -2.3144044243e+01
77 65 54
2 1 659 157.4700 -76.8700 2 2319 228.0700 -46.9400
2.5019873201e+00 -1.4322777939e+00 -2.3327221282e+01
172 143 111
2 1 748 230.4200 -131.1400 2 1712 336.3900 -92.4600
-2.4830798462e+00 -1.7721054411e+00 -2.3447910531e+01
63 37 15
2 1 769 -181.9800 -143.3000 2 2781 -159.0600 -240.4200
8.5269079217e-01 -2.1737676993e+00 -2.4384701332e+01
63 56 49
2 1 813 86.5100 -177.4000 2 2789 194.1700 -252.9500
2.5654807433e+00 1.0904495620e+00 -2.1494473995e+01
40 26 17
2 1 1026 266.7700 80.7500 2 1979 271.8300 214.4800
2.6996928684e+00 -1.8735783966e-02 -2.2487788609e+01
149 116 78
2 1 1118 261.6000 -16.7800 2 1433 305.8300 69.5500
2.6233122601e+00 -2.5295965063e-01 -2.2634461295e+01
140 116 85
2 1 1140 252.2300 -35.9800 2 440 306.8400 42.4000
-3.0746045158e+00 -1.7272501051e+00 -2.3501896005e+01
39 16 5
2 1 1263 -231.0800 -137.1500 2 2790 -235.5000 -257.3300
-2.5133749517e+00 -1.7485791224e+00 -2.3446120122e+01
143 117 93
2 1 1267 -184.4600 -141.2600 2 2481 -163.4800 -238.6700
1.5764940555e+00 -1.8678108779e+00 -2.4278827137e+01
136 115 98
2 1 1287 145.3300 -155.9800 2 2770 246.8400 -204.1900
-2.5973388458e+00 -2.0017400395e+00 -2.3666895136e+01
75 64 49
2 1 1294 -190.6400 -160.1000 2 2804 -167.8300 -283.9100
3.3476739481e+00 3.2080924418e-01 -2.2260143882e+01
45 32 22
2 1 1523 322.5500 9.9700 2 2592 349.3000 115.1400
2.5028282622e+00 -2.6446134022e-01 -2.2720186403e+01
82 65 48
2 1 1560 240.8000 -36.2100 2 2635 294.3200 33.8200
3.3989826064e+00 3.9075132244e-01 -2.2180777212e+01
45 35 26
2 1 1715 328.5200 15.8400 2 2831 352.7500 125.9300
3.1619673894e+00 -5.1902495720e-01 -2.2470648691e+01
125 95 65
2 1 1738 300.4100 -61.7300 2 2853 373.0600 43.8100
2.0487635909e+00 -9.2574866963e-01 -2.3273113834e+01
140 111 77
2 1 1748 194.7000 -87.8800 2 2879 271.3500 -57.8000
1.8367628603e+00 -7.3243813457e-01 -2.3276863558e+01
115 90 62
2 1 1844 177.6700 -71.1700 2 2988 243.0200 -47.1400
2.5030885243e+00 6.2324576723e-02 -2.2517763918e+01
126 100 65
2 1 1907 243.9600 -8.5400 2 3040 284.7000 69.9700
