# Bundle file v0.3
3 57
2.2045842293e+03 4.0329739519e-03 1.5730959536e-04
9.9982910438e-01 -8.2205886539e-03 -1.6558501221e-02
7.8685066671e-03 9.9974393008e-01 -2.1216994823e-02
1.6728677274e-02 2.1083078254e-02 9.9963776198e-01
-1.8038689562e-02 -2.2686004270e-02 -3.3488574925e-02
1.9745009832e+03 -1.3639370075e-02 -6.5464920620e-04
8.5521217054e-01 -4.6093684178e-01 2.3695858552e-01
4.0316335167e-02 5.1498398179e-01 8.5625118489e-01
-5.1670759282e-01 -7.2272313260e-01 4.5900385306e-01
2.6258441801e-01 9.3443804221e-01 -2.7254402367e-01
0 0 0
0 0 0
0 0 0
0 0 0
0 0 0
1.4750623480e-01 1.2617018773e-02 -1.0430421149e+00
96 88 75
2 0 452 301.2200 27.0800 1 1353 320.1800 126.9000
1.4750623480e-01 1.2617018773e-02 -1.0430421149e+00
96 88 75
2 0 453 301.2200 27.0800 1 1354 320.1800 126.9000
1.5066451606e-01 9.1120815384e-03 -1.0471014342e+00
28 18 9
2 0 461 307.0000 19.8000 1 1368 327.4200 114.6800
-5.3686570885e-02 -1.5652654980e-03 -1.0964818674e+00
196 153 124
2 0 499 -106.5800 -1.3400 1 1605 -110.3200 -20.0800
1.1617887490e-01 -7.1495606328e-03 -1.0650404470e+00
95 78 56
2 0 518 232.6700 -12.5100 1 1460 273.2000 56.7800
1.1672948817e-01 -1.8198683828e-02 -1.0707438384e+00
80 62 45
2 0 563 233.3200 -34.6600 1 1497 284.7000 31.5700
-1.0500639352e-01 -2.3812685614e-02 -1.0937667833e+00
53 27 8
2 0 588 -203.0200 -47.9500 1 2323 -212.8700 -51.8500
1.4559041833e-01 -3.4393840610e-02 -1.0629964728e+00
136 103 70
2 0 632 292.8900 -67.1700 1 1500 367.7600 30.1900
1.4690727430e-01 -3.7952576962e-02 -1.0644597300e+00
157 132 99
2 0 652 295.2300 -74.1400 1 1515 374.2200 22.8400
8.0054508442e-02 -4.0421779045e-02 -1.0925970330e+00
77 65 54
2 0 659 157.4700 -76.8700 1 2319 228.0700 -46.9400
9.0396081582e-02 -4.0854220559e-02 -1.0964142634e+00
86 67 44
2 0 660 177.4500 -77.2900 1 2324 246.2100 -54.1500
-8.3900147121e-02 -5.0725344690e-02 -1.1111177654e+00
93 60 33
2 0 688 -159.4300 -97.2900 1 2391 -138.1800 -130.4700
-9.3063608376e-02 -6.7738087074e-02 -1.1284914890e+00
62 31 3
2 0 732 -173.9400 -127.1600 1 2451 -151.3400 -200.6000
-9.3063608376e-02 -6.7738087074e-02 -1.1284914890e+00
62 31 3
2 0 733 -173.9400 -127.1600 1 2452 -151.3400 -200.6000
1.1741262129e-01 -6.8749019898e-02 -1.0986253992e+00
172 143 111
2 0 748 230.4200 -131.1400 1 1712 336.3900 -92.4600
5.5254916850e-03 -7.3120707010e-02 -1.0871444251e+00
144 102 72
2 0 768 12.0700 -142.9200 1 2361 118.6900 -92.6200
-9.8237870777e-02 -7.7166937846e-02 -1.1381812287e+00
63 37 15
2 0 769 -181.9800 -143.3000 1 2781 -159.0600 -240.4200
4.4806390508e-02 -9.7297298987e-02 -1.1474340823e+00
63 56 49
2 0 813 86.5100 -177.4000 1 2789 194.1700 -252.9500
-2.7663237846e-02 -1.1478537971e-01 -1.1369187292e+00
113 89 69
2 0 845 -49.0800 -213.1400 1 1910 63.8100 -281.1600
1.2829871511e-01 3.8163430909e-02 -1.0146153764e+00
40 26 17
2 0 1026 266.7700 80.7500 1 1979 271.8300 214.4800
1.2968790060e-01 -9.0510655696e-03 -1.0582986182e+00
149 116 78
2 0 1118 261.6000 -16.7800 1 1433 305.8300 69.5500
1.3064143246e-01 -1.3440660529e-02 -1.0599721164e+00
145 118 87
2 0 1129 263.1200 -25.4300 1 2130 312.5700 60.8500
1.2577731199e-01 -1.8842172083e-02 -1.0655079030e+00
140 116 85
2 0 1140 252.2300 -35.9800 1 440 306.8400 42.4000
1.5250277488e-01 -3.2634272165e-02 -1.0582509413e+00
168 142 112
2 0 1164 308.0000 -64.0000 1 2629 381.6500 42.8200
1.3924606417e-01 -3.8560130635e-02 -1.0691332985e+00
104 82 51
2 0 1186 278.9900 -75.1700 1 2644 356.9900 11.6600
1.0253305843e-01 -4.0183739895e-02 -1.0895708831e+00
115 89 61
2 0 1191 202.4800 -76.8200 1 2309 273.7500 -37.2400
-7.5999673060e-02 -4.0121510805e-02 -1.0991298308e+00
203 153 100
2 0 1193 -145.9800 -78.3700 1 2715 -124.1700 -84.5400
-1.2501426498e-01 -7.4274861852e-02 -1.1441714451e+00
39 16 5
2 0 1263 -231.0800 -137.1500 1 2790 -235.5000 -257.3300
-9.9509572744e-02 -7.6079009248e-02 -1.1380689832e+00
143 117 93
2 0 1267 -184.4600 -141.2600 1 2481 -163.4800 -238.6700
7.5505066130e-02 -8.4723399007e-02 -1.1372696373e+00
136 115 98
2 0 1287 145.3300 -155.9800 1 2770 246.8400 -204.1900
-1.0387407680e-01 -8.7194035814e-02 -1.1486864234e+00
75 64 49
2 0 1294 -190.6400 -160.1000 1 2804 -167.8300 -283.9100
1.5790308403e-01 4.2636647869e-03 -1.0443546319e+00
45 32 22
2 0 1523 322.5500 9.9700 1 2592 349.3000 115.1400
1.1765524937e-01 -9.1270817037e-03 -1.0653058467e+00
71 55 32
2 0 1543 235.9000 -16.6900 1 2623 278.1900 54.0200
1.2045433821e-01 -1.9064059948e-02 -1.0692734668e+00
82 65 48
2 0 1560 240.8000 -36.2100 1 2635 294.3200 33.8200
1.2290441720e-01 -1.9403040891e-02 -1.0679364021e+00
145 122 95
2 0 1561 246.0500 -37.0200 1 2632 300.3300 36.4200
-1.0636089674e-01 -3.1663931092e-02 -1.1019769289e+00
226 192 152
2 0 1572 -204.3000 -62.1700 1 2884 -211.7700 -83.5400
-1.0815358282e-01 -3.4849716226e-02 -1.1047397446e+00
175 141 98
2 0 1577 -207.1900 -68.0400 1 2888 -214.3300 -95.3200
9.4254374261e-02 -3.8205527488e-02 -1.0929550853e+00
137 112 81
2 0 1581 185.5300 -72.5300 1 2691 252.5700 -42.8400
-9.2011200851e-02 -7.7153526541e-02 -1.1345443357e+00
153 121 87
2 0 1606 -170.8200 -143.8700 1 2911 -141.1200 -230.2100
1.6040145793e-01 7.0976936265e-03 -1.0406931188e+00
45 35 26
2 0 1715 328.5200 15.8400 1 2831 352.7500 125.9300
1.1548221801e-01 -1.3946880262e-02 -1.0691706082e+00
66 53 43
2 0 1724 230.8500 -26.1100 1 2855 277.8700 39.9200
1.2380714270e-01 -1.6705875160e-02 -1.0658537973e+00
78 62 46
2 0 1729 248.2000 -31.7200 1 2973 299.8800 44.1300
1.4876964126e-01 -3.1482137477e-02 -1.0583209254e+00
125 95 65
2 0 1738 300.4100 -61.7300 1 2853 373.0600 43.8100
9.9058383785e-02 -4.6237116348e-02 -1.0953109905e+00
140 111 77
2 0 1748 194.7000 -87.8800 1 2879 271.3500 -57.8000
9.0470486005e-02 -3.7669690583e-02 -1.0950866738e+00
115 90 62
2 0 1844 177.6700 -71.1700 1 2988 243.0200 -47.1400
1.2148582254e-01 -5.2367162262e-03 -1.0599523183e+00
126 100 65
2 0 1907 243.9600 -8.5400 1 3040 284.7000 69.9700
1.2899455428e-01 -7.6477496740e-03 -1.0580479128e+00
126 100 70
2 0 1909 259.9400 -13.7100 1 3038 303.1000 71.6200
1.6600729141e-01 -7.4242533693e-03 -1.0433545064e+00
152 127 107
2 0 1910 339.9600 -14.2500 1 2964 380.6500 104.4000
1.2747904141e-01 -1.1933012919e-02 -1.0611501603e+00
75 61 43
2 0 1912 256.6100 -22.4900 1 3041 303.5300 60.0200
1.6558705916e-01 -1.2795390134e-02 -1.0457551270e+00
44 30 16
2 0 1914 337.4200 -24.1300 1 3037 386.9200 92.9800
1.4172945251e-01 -2.8146775902e-02 -1.0620544518e+00
156 126 89
2 0 1921 285.3800 -54.8700 1 3044 352.2100 39.5400
9.8646162069e-02 -4.2813967495e-02 -1.0936592652e+00
136 109 79
2 0 1927 193.2200 -80.6300 1 3082 267.8900 -50.0500
9.3721632406e-02 -4.3535722366e-02 -1.0964368127e+00
75 60 41
2 0 1971 184.0500 -82.5300 1 3084 256.3500 -57.3000
1.1928286088e-01 -1.6656746929e-02 -1.0687591935e+00
78 64 48
2 0 1999 238.5200 -31.4500 1 3102 289.1600 37.7500
1.3104345966e-01 -3.8817158815e-02 -1.0737182867e+00
150 116 78
2 0 2026 261.4600 -75.1700 1 3124 338.6100 0.9000
7.7253330315e-02 -9.0573986393e-02 -1.1395863597e+00
146 117 99
2 0 2067 149.0500 -167.0500 1 3143 256.3500 -217.2800
1.0078104459e-01 -4.6064646371e-02 -1.0948454814e+00
139 112 78
2 0 2081 197.5900 -87.0900 1 3161 275.3700 -56.4900
