# Bundle file v0.3
3 15
2.1330000000e+03 0.0000000000e+00 0.0000000000e+00
1.0000000000e+00 0.0000000000e+00 0.0000000000e+00
0.0000000000e+00 1.0000000000e+00 0.0000000000e+00
0.0000000000e+00 0.0000000000e+00 1.0000000000e+00
-0.0000000000e+00 -0.0000000000e+00 -0.0000000000e+00
2.1330000000e+03 0.0000000000e+00 0.0000000000e+00
5.3011452807e-01 5.3948311706e-01 6.5416859718e-01
-7.7425855598e-01 -6.5532879985e-03 6.3283547854e-01
3.4569101177e-01 -8.4197091447e-01 4.1422542602e-01
6.3230021261e-01 6.3734946701e-01 -4.4043398828e-01
0 0 0
0 0 0
0 0 0
0 0 0
0 0 0
1.3769267808e-01 1.2378714017e-02 -9.7502991471e-01
96 88 75
2 0 452 301.2200 27.0800 1 1155 195.9200 -228.2600
1.1551241660e-01 -1.2997940454e-02 -9.8857475894e-01
90 74 50
2 0 549 249.2800 -28.0300 1 1395 106.2900 -207.1400
1.0832463499e-01 -1.6150524828e-02 -9.9138488935e-01
80 62 45
2 0 563 233.3200 -34.6600 1 1128 86.4300 -196.6100
1.3727495117e-01 -3.1456188014e-02 -9.9937906885e-01
136 103 70
2 0 632 292.8900 -67.1700 1 1202 93.9100 -276.5600
1.3727495117e-01 -3.1456188014e-02 -9.9937906885e-01
136 103 70
2 0 633 292.8900 -67.1700 1 1203 93.9100 -276.5600
1.2171254161e-01 -1.1763260486e-02 -9.8667093365e-01
145 118 87
2 0 1129 263.1200 -25.4300 1 1399 120.4800 -217.3000
1.1003211007e-01 -2.8570388522e-02 -1.0002530120e+00
142 108 69
2 0 1160 234.7400 -60.8900 1 1549 56.1300 -216.9700
1.0897698524e-01 -7.7101566831e-03 -9.8536619529e-01
71 55 32
2 0 1543 235.9000 -16.6900 1 1538 109.5500 -187.0700
1.1438478139e-01 -1.7210012438e-02 -9.9159825568e-01
145 122 95
2 0 1561 246.0500 -37.0200 1 1548 93.6000 -210.3700
8.7570869073e-02 -3.4176246371e-02 -1.0059072365e+00
137 112 81
2 0 1581 185.5300 -72.5300 1 1630 6.1200 -178.6400
1.0707134106e-01 -1.2081247201e-02 -9.8873157596e-01
66 53 43
2 0 1724 230.8500 -26.1100 1 1634 95.0600 -189.1900
1.1509912657e-01 -1.4739457987e-02 -9.8969563788e-01
78 62 46
2 0 1729 248.2000 -31.7200 1 1703 101.2900 -208.3200
9.2327242793e-02 -4.1595485121e-02 -1.0104418215e+00
140 111 77
2 0 1748 194.7000 -87.8800 1 1701 -5.7900 -197.5300
8.7145839549e-02 -3.9077133978e-02 -1.0099542955e+00
75 60 41
2 0 1971 184.0500 -82.5300 1 1786 -8.7500 -184.9600
1.1070010431e-01 -1.4618371921e-02 -9.9036661515e-01
78 64 48
2 0 1999 238.5200 -31.4500 1 1804 93.8600 -199.9000
