# Bundle file v0.3
3 380
3.9488397631e+02 -2.2870871833e-01 4.9350484610e-03
9.0284395704e-01 1.0128070904e-01 4.1786960552e-01
-2.1851037326e-01 9.4508262377e-01 2.4304742547e-01
-3.7030528760e-01 -3.1074274283e-01 8.7539302131e-01
4.0269646755e+00 2.2568742679e+00 5.2916090042e+00
1.9885214625e+03 -9.2614063367e-02 -2.8815013787e-02
9.9781896598e-01 1.4785219734e-02 -6.4332794235e-02
-1.5604223352e-02 9.9980324107e-01 -1.2246932683e-02
6.4139062593e-02 1.3224084996e-02 9.9785334806e-01
-3.9219906124e-01 -9.9359247436e-02 -5.7281895972e-01
1.9570292657e+03 4.0956646441e-02 2.8314028858e-02
9.9272339915e-01 8.9249183467e-02 -8.0838332712e-02
-8.9892246230e-02 9.9594202533e-01 -4.3435296287e-03
8.0122636333e-02 1.1578662806e-02 9.9671776232e-01
-5.7836651671e-01 1.3589381601e-01 -1.5728574289e+00
1.1402934503e+00 3.0384494562e-01 -8.6108635611e+00
72 52 35
3 1 1449 284.6000 63.4400 2 1798 248.7200 73.0700 0 512 207.7900 35.4400
1.2779073089e+00 2.9626779987e-01 -8.3914447051e+00
139 115 80
3 1 1453 319.3300 62.2800 2 471 278.1100 70.6100 0 534 234.3700 25.0200
1.2951153512e+00 2.6989109865e-01 -8.4118744799e+00
159 133 98
3 1 1462 322.6200 56.1700 2 1361 280.8700 65.0400 0 546 234.9600 19.3800
1.4960860643e+00 1.5599280785e-01 -8.3948898110e+00
134 105 70
2 1 1500 367.7600 30.1900 2 1424 319.2800 38.8700
1.5265492567e+00 1.2405732556e-01 -8.4027990711e+00
165 141 109
2 1 1515 374.2200 22.8400 2 1854 324.7500 32.0700
-5.1768826882e-01 -1.1336694297e-01 -4.9420594502e+00
68 36 18
2 1 2323 -212.8700 -51.8500 2 1442 -210.0000 27.4300
-3.5590105459e-01 -2.9508340397e-01 -5.2366909620e+00
132 111 90
3 1 1732 -141.2800 -110.6000 2 697 -153.7400 -29.7700 0 860 -187.5900 -112.7600
1.2487345227e+00 2.8931779137e-01 -8.4018161137e+00
154 128 94
3 1 2130 312.5700 60.8500 2 1808 271.9800 69.5900 0 1465 228.4800 25.7200
1.2085960271e+00 2.5492464650e-01 -8.5443462956e+00
123 106 80
3 1 2152 300.6900 52.8400 2 1372 261.8400 62.6800 0 1468 217.3000 23.0100
-3.0190963360e-01 -2.9269225351e-01 -5.2066552479e+00
121 92 63
2 1 2377 -124.1700 -110.7700 2 1491 -139.8300 -30.7500
-3.0746392814e-01 -4.2527739563e-01 -5.2646489292e+00
214 176 129
2 1 2419 -124.2500 -154.4200 2 1531 -142.1000 -67.9200
1.2077158164e+00 1.7957957832e-01 -8.5425730727e+00
147 121 87
3 1 2632 300.3300 36.4200 2 2085 260.2500 47.8200 0 2099 212.1500 10.9500
1.0208049164e+00 -1.9888308514e-01 -8.9355285921e+00
123 102 72
3 1 2691 252.5700 -42.8400 2 2121 214.3000 -21.9600 0 2137 152.9800 -36.8200
-5.2581607535e-01 -2.0590657873e-01 -5.0144859749e+00
243 226 167
2 1 2884 -211.7700 -83.5400 2 2107 -210.7300 0.1500
-2.9413828076e-01 -3.0873591673e-01 -5.2043530179e+00
245 230 192
2 1 2734 -121.7000 -116.3800 2 1907 -138.1200 -35.5700
-3.6934616285e-01 -3.4676341795e-01 -5.2159391808e+00
168 126 81
2 1 2735 -147.2400 -128.7700 2 1915 -159.5700 -44.2100
-3.8477656040e-01 -5.7038719361e-01 -5.3727510870e+00
231 175 115
2 1 2768 -145.9000 -198.8500 2 1958 -162.4800 -105.3000
9.8268888452e-01 -1.3478578453e+00 -9.4174794698e+00
85 75 65
2 1 2928 235.4500 -268.1700 2 2296 185.5400 -226.3200
1.1109728458e+00 1.9447564630e-01 -8.6138530961e+00
63 56 47
3 1 2855 277.8700 39.9200 2 2243 240.8700 52.0500 0 2432 195.7700 19.0400
1.1038596937e+00 -2.6433941346e-01 -8.8368983737e+00
133 109 75
3 1 2879 271.3500 -57.8000 2 2259 229.5700 -36.0500 0 2462 163.7700 -51.4600
1.2059962452e+00 2.1500859203e-01 -8.5511865684e+00
72 59 48
3 1 2973 299.8800 44.1300 2 2241 260.5000 54.8100 0 2604 214.0400 16.7300
1.2017837279e+00 3.3532315226e-01 -8.3583746141e+00
125 101 67
3 1 3038 303.1000 71.6200 2 2374 263.8300 79.7200 0 2723 223.9900 36.3400
1.2017837279e+00 3.3532315226e-01 -8.3583746141e+00
125 101 67
3 1 3039 303.1000 71.6200 2 2375 263.8300 79.7200 0 2724 223.9900 36.3400
1.2229703167e+00 2.8801347214e-01 -8.5686546971e+00
74 59 42
3 1 3041 303.5300 60.0200 2 2322 264.9800 68.7100 0 2731 222.2000 27.1600
1.4319020895e+00 1.9861726198e-01 -8.4404699908e+00
161 131 93
2 1 3044 352.2100 39.5400 2 2382 306.6600 48.6400
1.0926954760e+00 -2.3201066111e-01 -8.9231740304e+00
128 103 71
3 1 3082 267.8900 -50.0500 2 2393 227.3100 -29.5700 0 2751 163.3000 -45.9200
1.0423687263e+00 -2.6936584519e-01 -8.9784080568e+00
68 55 38
3 1 3084 256.3500 -57.3000 2 2424 216.8600 -35.4500 0 2808 152.9700 -48.4200
1.1574524975e+00 1.8501117407e-01 -8.5472939581e+00
74 61 45
3 1 3102 289.1600 37.7500 2 2446 250.4200 49.7500 0 2837 203.5700 14.3700
1.3825958961e+00 2.3529390354e-02 -8.5208649448e+00
141 113 76
3 1 3124 338.6100 0.9000 2 2447 292.6000 14.8700 0 2874 230.3800 -25.5100
-1.1831563949e+00 -8.9650587634e-01 -6.8635930055e+00
156 130 97
3 1 3130 -302.9200 -235.8800 2 2454 -292.9600 -142.6300 0 2880 -341.6200 -120.1500
5.9068758472e-01 7.7601037723e-01 -4.4019266536e+00
114 90 75
2 1 30 198.1700 290.1000 2 11 143.8800 291.1500
1.5436490460e-01 7.4234828910e-01 -4.2868368333e+00
126 90 66
2 1 41 20.0000 285.0700 2 8 -4.3300 295.5200
6.5261275952e-01 6.1614693191e-01 -4.6467038994e+00
113 83 62
2 1 139 217.7600 215.7300 2 144 159.7400 227.7500
-2.5801897970e-01 5.9370488741e-01 -5.0342394978e+00
77 41 19
2 1 161 -112.0800 198.9200 2 140 -111.5100 228.4300
6.2467822835e-01 5.3883758181e-01 -4.6866227854e+00
63 39 28
2 1 186 205.9500 184.9900 2 179 148.6900 202.5200
-3.6435393641e-01 5.2675711393e-01 -4.9972191997e+00
10 9 1
2 1 198 -151.7900 176.2500 2 166 -145.9000 212.6700
6.2408997071e-01 4.8793087823e-01 -4.7836813480e+00
78 48 30
2 1 214 204.0800 163.2100 2 205 147.1500 183.4700
9.5263658184e-01 5.0164354546e-01 -7.6016582474e+00
85 73 61
2 1 276 258.6200 117.5600 2 312 221.8600 126.2300
1.1352659307e+00 4.8916408425e-01 -7.9429091831e+00
79 69 60
2 1 284 296.5200 110.4100 2 337 257.4600 116.0300
9.5974512066e-01 4.7237691038e-01 -7.6726099628e+00
51 37 26
2 1 285 259.0700 109.5000 2 330 222.3900 119.0600
9.3609396738e-01 3.8428897288e-01 -7.7064621663e+00
48 36 26
2 1 331 252.4900 87.9900 2 391 215.3400 100.2300
5.5901203420e-01 2.5329458571e-01 -4.9223108025e+00
175 127 79
2 1 372 176.9700 74.3600 2 356 121.2500 110.0700
5.7760959617e-01 2.4674748545e-01 -4.9901573488e+00
49 23 10
2 1 381 183.0900 71.3700 2 371 127.0000 106.4800
5.4836367989e-01 2.0937732406e-01 -4.9522293699e+00
112 76 49
2 1 409 172.7500 58.5400 2 409 116.7800 96.2300
5.6703446400e-01 2.0604150587e-01 -5.0259037352e+00
40 29 11
2 1 415 178.9000 56.9100 2 413 122.6600 93.6400
1.2604558052e+00 2.0782510549e-01 -8.5276860516e+00
128 102 68
2 1 441 312.3300 42.3900 2 520 271.3800 52.6100
1.1062714770e+00 1.5318029690e-01 -8.5783053579e+00
133 111 86
2 1 467 277.3500 31.1000 2 542 239.4100 44.0900
1.5401563606e+00 1.3891246850e-01 -8.4326863671e+00
159 136 99
2 1 474 376.4100 25.9100 2 559 327.3600 34.9200
1.2280969380e+00 9.5417264995e-02 -8.6014263400e+00
146 116 80
2 1 490 303.4000 17.9000 2 577 262.1400 30.8700
1.5203778901e+00 8.0483854393e-02 -8.4425827381e+00
170 145 99
2 1 504 371.4400 12.8600 2 599 322.2400 23.7900
-4.6063215642e-01 5.4977400161e-02 -5.1915514513e+00
21 10 3
2 1 516 -177.6700 9.1100 2 466 -176.4700 73.4500
4.9489036455e-01 -5.3264565831e-04 -5.1309685995e+00
142 95 47
2 1 564 151.4400 -15.8200 2 565 96.5300 33.4500
1.4912668291e+00 -7.0731660693e-02 -8.6295939548e+00
57 40 29
2 1 580 359.6200 -19.5600 2 650 310.6800 -5.5800
4.6862041386e-01 -5.0614233460e-02 -5.1298714903e+00
175 126 79
2 1 608 141.9700 -33.1900 2 608 87.4300 19.3800
4.7497200417e-01 -8.8236537333e-02 -5.1941559303e+00
140 96 61
2 1 639 143.8300 -45.6100 2 628 88.9500 8.1600
1.0915668892e+00 -2.6618173876e-01 -8.8228558796e+00
135 111 77
2 1 663 268.9500 -58.2400 2 715 227.2600 -36.2800
4.6429775576e-01 -2.4201436262e-01 -5.3912890648e+00
170 133 99
2 1 738 139.0400 -94.5800 2 710 83.8200 -35.1300
4.6429775576e-01 -2.4201436262e-01 -5.3912890648e+00
170 133 99
2 1 739 139.0400 -94.5800 2 711 83.8200 -35.1300
1.3983644924e+00 -4.3645149131e-01 -8.8951956882e+00
113 87 56
2 1 740 332.4900 -94.5100 2 769 282.0700 -73.6500
1.0867575218e+00 -5.1585308456e-01 -8.9304858102e+00
55 42 26
2 1 772 265.5500 -109.6700 2 784 221.2200 -82.7500
1.1589886754e+00 -5.3224647131e-01 -8.9859138143e+00
61 47 33
2 1 780 279.8300 -112.6300 2 794 234.2400 -86.5500
-1.9539237661e-01 -3.1190764523e-01 -5.1272474484e+00
117 86 72
2 1 799 -90.8800 -120.0200 2 718 -113.1800 -39.6800
3.5311504258e-01 -3.7133225573e-01 -5.3953039115e+00
131 104 78
2 1 830 101.2100 -136.9100 2 762 49.1000 -68.7600
3.8644969591e-01 -4.5183740903e-01 -5.4652517998e+00
129 87 53
2 1 875 112.3200 -161.6300 2 800 57.2100 -91.4900
3.8283565421e-01 -4.6338870348e-01 -5.4785952784e+00
134 91 46
2 1 880 111.0600 -165.0400 2 807 56.1600 -94.3700
3.9870437333e-01 -4.7822842477e-01 -5.5546236617e+00
65 36 16
2 1 884 116.4300 -167.5500 2 814 61.1800 -97.8300
3.8513075257e-01 -5.3000892398e-01 -5.5762161901e+00
65 35 21
2 1 910 111.7600 -183.5900 2 837 56.5100 -111.3100
3.5240924575e-01 -5.9616116316e-01 -5.5634864899e+00
137 98 63
2 1 952 100.8400 -205.1600 2 860 45.5700 -128.9200
8.6856405938e-02 -5.6643039747e-01 -4.9930708427e+00
72 45 23
2 1 978 3.2300 -216.0800 2 1585 -42.4400 -124.3500
8.6251081950e-02 -6.0772060365e-01 -5.0109031309e+00
114 96 74
2 1 1004 3.1400 -230.0100 2 881 -43.1000 -136.1700
1.0678333911e+00 -1.2935076683e+00 -9.9260736216e+00
66 58 47
2 1 1031 246.8800 -243.8400 2 991 199.6300 -208.2400
-3.2876776156e-01 -8.1729584648e-01 -5.4128341654e+00
187 145 112
2 1 1104 -126.5300 -278.9800 2 944 -151.5500 -174.9300
1.1461515618e+00 -1.4403022557e+00 -9.6235213091e+00
64 51 27
2 1 1109 265.1300 -280.8000 2 1044 212.3700 -241.2500
1.1461515618e+00 -1.4403022557e+00 -9.6235213091e+00
64 51 27
2 1 1110 265.1300 -280.8000 2 1045 212.3700 -241.2500
2.7770055417e-01 -9.0532183276e-01 -5.7698779583e+00
131 87 52
2 1 1128 76.8800 -293.7400 2 984 21.2100 -205.6300
3.7029095043e-02 7.2369403848e-01 -4.4387617809e+00
112 75 54
2 1 1172 -23.4000 270.1100 2 19 -38.9000 285.1000
-4.0633041642e-02 7.1596031700e-01 -4.5353872489e+00
144 116 95
2 1 1175 -50.6300 263.0400 2 25 -60.9600 279.7500
1.4821078428e+00 1.1578643151e+00 -8.1689913841e+00
85 75 65
2 1 1178 374.1000 259.9600 2 1136 339.1500 244.6400
1.5050933837e+00 1.1514481499e+00 -8.1090103408e+00
83 74 67
2 1 1179 381.1000 259.9300 2 101 344.9700 244.5700
-4.6997165942e-02 7.0501026711e-01 -4.5693062507e+00
140 124 106
2 1 1184 -51.9900 257.1600 2 38 -62.0400 275.0200
1.5343947935e+00 1.1176963521e+00 -7.9396973128e+00
50 41 32
2 1 1188 392.9800 256.6000 2 111 353.8900 241.3000
1.4873672345e+00 1.1349033642e+00 -8.2198142448e+00
82 75 65
2 1 1192 373.8000 253.3000 2 1142 338.8600 238.6900
1.5247758939e+00 1.1133642990e+00 -8.0283533271e+00
94 85 78
2 1 1195 388.0100 253.4400 2 125 349.9000 238.1200
1.5366284167e+00 1.1108136240e+00 -7.9990636309e+00
90 83 75
2 1 1196 391.6400 253.3600 2 124 353.0000 238.3700
2.4051015262e-02 6.7448830081e-01 -4.4823161111e+00
124 82 55
2 1 1200 -27.4500 248.7000 2 56 -43.1200 267.4200
8.5273033767e-02 6.5146641704e-01 -4.4111723215e+00
172 131 101
2 1 1208 -5.4700 242.2500 2 63 -26.1100 261.6600
1.6510433291e-02 6.4382564824e-01 -4.5116551785e+00
116 73 50
2 1 1216 -29.7100 235.3000 2 74 -45.3900 256.6100
-4.4464222983e-02 6.3430123438e-01 -4.5374006435e+00
115 86 67
2 1 1226 -52.7700 230.4200 2 81 -64.0700 254.4100
-7.3087441807e-02 5.7805505049e-01 -4.6145880470e+00
151 131 113
2 1 1244 -61.3000 205.9700 2 130 -71.9300 234.1300
-2.5736727865e-01 6.1202114485e-01 -5.0475496568e+00
70 37 16
2 1 1247 -111.1500 205.0600 2 133 -110.3500 233.2900
6.6002168007e-01 5.7132479909e-01 -4.7357185926e+00
47 21 4
2 1 1267 218.7600 195.4300 2 1177 160.8500 210.5000
8.5199680116e-02 5.3663234195e-01 -4.4287407090e+00
139 104 82
2 1 1268 -5.7900 195.4900 2 1160 -28.8200 223.5900
9.6805611087e-01 7.8063961624e-01 -7.2564238625e+00
71 54 44
2 1 1274 269.3600 192.8300 2 190 233.6300 193.4000
9.5150297315e-01 7.7013733386e-01 -7.2969562123e+00
42 25 15
2 1 1278 264.3700 189.3800 2 1193 229.3400 190.4500
-4.3570608122e-02 4.2715602384e-01 -4.6281471384e+00
144 124 110
2 1 1333 -50.6100 147.2800 2 200 -66.1300 185.5900
1.3001990720e+00 5.9767578125e-01 -8.6341285883e+00
97 86 64
2 1 1353 320.1800 126.9000 2 310 284.9400 127.1900
1.3001990720e+00 5.9767578125e-01 -8.6341285883e+00
97 86 64
2 1 1354 320.1800 126.9000 2 311 284.9400 127.1900
5.6397721959e-01 3.8810507631e-01 -4.7856440941e+00
93 61 36
2 1 1357 180.8200 125.8800 2 255 125.8200 154.1800
-4.2295282131e-01 3.7123549723e-01 -4.7819116250e+00
56 22 13
2 1 1358 -185.4400 124.7800 2 221 -178.0300 173.5000
1.0510005651e+00 5.2567134226e-01 -7.6100009276e+00
93 84 77
2 1 1359 282.8900 123.3700 2 1743 243.4100 129.1400
-3.9003578779e-01 3.6765252340e-01 -4.9749015969e+00
72 42 26
2 1 1362 -163.1100 119.7600 2 236 -158.3500 166.9300
9.6268589454e-01 4.9190336455e-01 -7.5906361541e+00
50 38 26
2 1 1366 261.2400 115.2700 2 317 223.9200 124.0800
9.5141170248e-01 4.8257849159e-01 -7.6150242973e+00
84 74 62
2 1 1371 258.0400 112.7600 2 1253 221.1200 121.9600
1.5206973301e+00 4.5264527907e-01 -8.3982677633e+00
88 74 61
2 1 1391 374.1300 96.1000 2 402 329.7900 97.8800
1.5460424908e+00 4.0568467039e-01 -8.3937620631e+00
113 96 80
2 1 1405 379.7100 85.3500 2 434 334.2100 88.3400
-8.6615352907e-01 2.9369235143e-01 -6.1970105733e+00
144 112 71
2 1 1411 -249.6500 82.2700 2 294 -227.4400 134.0900
9.0306184967e-01 3.5889282738e-01 -7.7433141093e+00
48 30 18
2 1 1413 243.9900 82.0000 2 1306 207.4100 94.7500
1.5495781059e+00 3.8298143220e-01 -8.3893406463e+00
106 91 74
2 1 1415 380.5600 80.3200 2 1333 334.5700 83.7500
5.8194497567e-01 2.3489471536e-01 -4.9981323878e+00
149 117 88
2 1 1440 184.3900 66.7900 2 1289 128.1800 102.9500
4.8719872134e-01 1.6583550884e-01 -4.9784422523e+00
125 107 94
2 1 1486 150.1300 42.9200 2 442 97.4300 84.4400
4.8786362995e-02 1.5280893325e-01 -4.6352379996e+00
176 149 135
2 1 1487 -16.4500 42.0100 2 412 -44.9500 96.0100
1.1449036199e+00 1.5614704522e-01 -8.6452930803e+00
72 51 33
2 1 1497 284.7000 31.5700 2 543 246.4500 43.7700
1.5185824456e+00 1.4059307864e-01 -8.4110542512e+00
121 92 63
2 1 1507 372.2000 26.4100 2 557 323.4000 35.6400
4.9159675701e-01 9.7773984914e-02 -5.0076601460e+00
88 53 34
2 1 1522 151.2600 18.4600 2 1364 97.1200 63.5300
5.3764778521e-01 8.8062169442e-02 -5.1115512513e+00
26 12 20
2 1 1529 167.0100 14.8500 2 1379 111.4300 58.6800
-4.4672729711e-01 6.3214836368e-02 -5.1613871468e+00
20 10 4
2 1 1539 -174.4600 11.8100 2 459 -173.7900 75.7600
1.1904102638e+00 5.0427355037e-02 -8.5852221145e+00
141 106 68
2 1 1547 295.3600 8.3400 2 1445 254.0000 22.6200
-1.0287290759e+00 3.1388141029e-02 -6.6422772826e+00
181 147 101
2 1 1550 -271.4900 7.7100 2 477 -249.9700 68.6000
-8.6487274863e-01 8.5319116806e-03 -6.0895850228e+00
153 125 88
2 1 1568 -256.3300 -1.1100 2 490 -238.9700 63.4300
1.3641387785e+00 1.2160089081e-02 -8.6026036526e+00
125 96 58
2 1 1569 332.8100 -0.9600 2 621 287.4600 12.5500
-7.6830589868e-01 1.0619301154e-02 -5.7862049379e+00
170 139 96
2 1 1571 -244.6900 -2.0600 2 488 -230.2700 63.9200
1.5047710303e+00 1.2041111805e-02 -8.5222509118e+00
186 157 115
2 1 1572 365.6300 -1.9700 2 1455 316.5400 10.3800
5.1895238968e-01 1.3652390605e-02 -5.1712638989e+00
37 23 14
2 1 1589 159.7500 -10.7400 2 1432 104.3100 36.8300
-4.8832313652e-01 -7.1290556685e-03 -4.8623190076e+00
70 30 19
2 1 1592 -206.8500 -14.5700 2 1378 -202.8200 59.0400
-1.0073764195e+00 -6.2185343333e-02 -6.5164697045e+00
208 172 122
2 1 1603 -273.2000 -18.7500 2 534 -252.9200 46.7300
-2.4211414996e-01 -2.3003828522e-02 -5.0197751987e+00
243 188 142
2 1 1605 -110.3200 -20.0800 2 1403 -123.5000 46.2600
-4.1697063582e-01 -5.4701137460e-02 -5.4084946049e+00
76 39 21
2 1 1614 -152.4400 -26.6500 2 554 -157.2100 39.5400
1.4932089492e+00 -1.6494268638e-01 -8.6434100999e+00
166 143 110
2 1 1641 359.4300 -39.8100 2 1485 309.0600 -24.0600
1.2702959910e+00 -2.0674456825e-01 -8.7489934879e+00
132 106 73
2 1 1656 308.7000 -46.9700 2 694 263.4100 -28.1600
-3.7166737692e-01 -1.1657061799e-01 -5.2969807276e+00
139 108 86
2 1 1659 -142.9700 -48.8500 2 603 -151.0000 21.4700
2.0104350529e-02 -1.6831869120e-01 -4.8136278230e+00
194 170 155
2 1 1693 -23.8300 -77.0700 2 644 -56.9600 -4.1000
-5.4202680553e-01 -2.0089757812e-01 -4.9719765976e+00
192 165 123
2 1 1700 -220.1300 -82.5000 2 633 -217.6300 2.0500
-4.0859668566e-01 -2.2399505390e-01 -5.3875821098e+00
141 110 87
2 1 1702 -151.6100 -83.2800 2 654 -159.7800 -7.7200
-2.7477568190e-01 -2.1134082434e-01 -5.1514965926e+00
217 198 167
2 1 1703 -116.9100 -84.1000 2 655 -132.3400 -8.2300
-7.2001063464e-01 -2.4683036024e-01 -5.5334985091e+00
185 157 110
2 1 1705 -245.6300 -86.5400 2 648 -237.1100 -5.5800
1.4171748198e+00 -4.2504558268e-01 -8.8936391247e+00
156 135 96
2 1 1712 336.3900 -92.4600 2 1533 286.0900 -71.5500
-1.7598044094e-01 -2.4022941165e-01 -5.0732216274e+00
117 89 74
2 1 1716 -85.8900 -96.3800 2 673 -107.7900 -19.5500
-1.7598044094e-01 -2.4022941165e-01 -5.0732216274e+00
117 89 74
2 1 1717 -85.8900 -96.3800 2 674 -107.7900 -19.5500
9.0196430250e-01 -4.7268019834e-01 -8.7867561723e+00
62 51 45
2 1 1721 228.3200 -101.6700 2 1536 187.3400 -72.6800
-1.1319532540e+00 -4.0145093597e-01 -6.7988894738e+00
204 159 106
2 1 1725 -292.1200 -107.0300 2 699 -274.2900 -30.4600
-9.1852049817e-01 -3.7060252315e-01 -6.1244189119e+00
140 107 73
2 1 1735 -271.5800 -112.2200 2 701 -258.6100 -31.0400
1.2975619978e+00 -5.7432304922e-01 -9.2615129486e+00
101 89 71
2 1 1741 303.7500 -117.7800 2 1559 257.0100 -94.2000
-3.5225255522e-01 -3.2732808547e-01 -5.2420902112e+00
249 227 190
2 1 1745 -139.9000 -121.4500 2 716 -153.3300 -39.0600
1.2894913820e+00 -6.0699715919e-01 -9.3017008324e+00
103 92 74
2 1 1748 301.3900 -123.6200 2 818 254.4800 -99.7800
-6.0730888058e-01 -3.2824004121e-01 -5.0947281179e+00
167 147 113
2 1 1749 -236.0700 -124.2000 2 707 -232.3500 -33.0600
-8.6387701204e-01 -4.2298580705e-01 -5.9620986128e+00
129 101 70
2 1 1760 -265.1100 -131.6000 2 728 -255.0800 -46.6900
-3.7434949431e-01 -3.6622160081e-01 -5.2787773305e+00
169 138 98
2 1 1763 -145.8600 -133.5600 2 733 -158.8200 -49.2400
-2.3775256721e-01 -4.6904344464e-01 -5.2528350976e+00
124 93 70
2 1 1784 -101.1600 -170.0100 2 783 -124.2900 -82.5300
-2.4839324709e-01 -4.8052616214e-01 -5.2578467616e+00
199 156 116
2 1 1789 -104.6400 -173.6800 2 791 -127.3500 -85.4300
-2.4839324709e-01 -4.8052616214e-01 -5.2578467616e+00
199 156 116
2 1 1790 -104.6400 -173.6800 2 792 -127.3500 -85.4300
-3.5561037863e-01 -4.9541740215e-01 -5.3422533945e+00
104 70 34
2 1 1791 -137.1600 -175.1200 2 789 -154.0600 -85.5800
-3.5561037863e-01 -4.9541740215e-01 -5.3422533945e+00
104 70 34
2 1 1792 -137.1600 -175.1200 2 790 -154.0600 -85.5800
-8.3398777115e-01 -5.5842157636e-01 -5.7973920398e+00
188 148 103
2 1 1795 -266.5500 -177.5400 2 785 -259.5600 -84.2200
-5.5750559721e-01 -5.7031622499e-01 -5.5643060717e+00
85 61 47
2 1 1804 -192.9400 -190.8000 2 810 -200.0100 -97.6500
-4.0807307025e-01 -5.6473053290e-01 -5.3617090561e+00
204 170 125
2 1 1811 -154.1000 -197.2100 2 1566 -169.3000 -103.2700
-2.7038355874e-01 -5.7112154811e-01 -5.2980681187e+00
181 145 117
2 1 1817 -110.9700 -202.7500 2 833 -133.9800 -109.8600
3.1554677103e-01 -6.2863147611e-01 -5.5414808901e+00
115 69 38
2 1 1830 88.5300 -216.3100 2 887 34.2900 -137.2800
-8.5361782028e-01 -7.5805015508e-01 -5.7969822548e+00
170 132 85
2 1 1853 -273.0300 -238.7600 2 883 -269.5200 -136.2400
6.8822442420e-02 -6.4582480816e-01 -5.0217438976e+00
63 44 30
2 1 1860 -2.9800 -242.8600 2 1601 -48.9400 -146.7200
-9.0502269455e-01 -8.0000617686e-01 -5.9476330895e+00
179 139 89
2 1 1862 -279.4600 -245.0000 2 898 -274.8700 -142.8800
6.6265919641e-01 -1.2356912264e+00 -9.2597637363e+00
93 85 76
2 1 1867 172.7200 -248.7000 2 1643 129.2300 -203.7500
6.6265919641e-01 -1.2356912264e+00 -9.2597637363e+00
93 85 76
2 1 1868 172.7200 -248.7000 2 1644 129.2300 -203.7500
8.1735249924e-02 -6.7539362548e-01 -5.0632684899e+00
129 101 75
2 1 1872 2.5300 -251.2800 2 913 -44.8300 -154.9300
-6.8923453259e-01 -7.2444178481e-01 -5.2849487957e+00
144 113 78
2 1 1873 -252.9100 -251.5800 2 897 -254.6300 -141.8900
-1.9762108351e-01 -7.2442822006e-01 -5.2756702725e+00
136 105 79
2 1 1879 -87.6700 -255.7200 2 1608 -118.7700 -156.0000
6.5349011819e-01 -1.2884912594e+00 -9.3492204134e+00
99 85 76
2 1 1882 170.4300 -256.6400 2 994 126.8000 -211.4400
2.5581759234e-01 -7.7570327109e-01 -5.6845930260e+00
154 110 84
2 1 1884 70.0500 -256.7500 2 941 16.6300 -172.7800
-6.8176057124e-01 -7.3860017646e-01 -5.2371604860e+00
139 110 85
2 1 1886 -253.7900 -258.7200 2 903 -255.4700 -147.1100
6.6738664335e-01 -1.2966754189e+00 -9.3087646828e+00
34 23 17
2 1 1887 173.3800 -259.4900 2 1004 129.0600 -213.9900
4.7274183713e-02 -7.0047252202e-01 -5.0485262464e+00
183 139 102
2 1 1888 -10.2600 -260.6700 2 925 -55.8400 -161.5600
-4.1066757524e-01 -7.7867582091e-01 -5.4720197898e+00
158 134 107
2 1 1892 -150.6600 -262.8700 2 923 -170.1900 -160.4700
-2.7583178306e-01 -7.5793072095e-01 -5.3460660309e+00
147 111 75
2 1 1893 -111.4400 -263.0200 2 924 -138.4300 -161.5200
1.0193820427e-01 -7.4777188198e-01 -5.0551614350e+00
189 135 91
2 1 1908 8.9700 -277.3700 2 947 -40.9100 -176.9400
1.1659549387e+00 -1.4371352145e+00 -9.6461724262e+00
130 119 101
2 1 1909 268.7800 -279.5200 2 1663 215.7400 -240.6100
-4.2245877745e-01 -8.4106634536e-01 -5.4778323661e+00
128 110 88
2 1 1911 -154.3900 -282.7300 2 946 -174.7500 -177.2300
-4.2813216370e-01 -8.6274074811e-01 -5.4877370465e+00
145 119 92
2 1 1916 -156.0000 -289.2700 2 952 -176.1800 -182.7200
-4.4156023360e-01 -8.8800136920e-01 -5.5374475136e+00
129 110 86
2 1 1921 -158.1700 -294.7700 2 961 -178.0300 -187.9100
6.0503612766e-01 7.9520781616e-01 -4.4214296798e+00
38 28 23
2 1 1927 203.7600 296.5400 2 1678 149.2800 296.3900
-2.5488427454e-01 7.4197901752e-01 -4.8959391179e+00
77 56 38
2 1 1952 -116.4400 256.6800 2 1103 -112.0400 278.3900
-2.3617150102e-01 7.3087525903e-01 -4.9839559490e+00
73 32 17
2 1 1956 -105.5100 250.1700 2 1112 -103.8500 269.6800
3.2260178880e-02 6.7314166698e-01 -4.4853361674e+00
169 132 100
2 1 1957 -24.1100 248.1000 2 1113 -40.4600 266.5400
1.4016766269e+00 1.0195601473e+00 -8.2316524524e+00
90 77 69
2 1 1970 353.5300 227.1100 2 1167 318.8900 216.2200
9.7021259973e-01 8.5595240195e-01 -7.1723199749e+00
44 26 14
2 1 1979 271.8300 214.4800 2 1711 236.2800 211.8500
4.2781328274e-01 5.6224604894e-01 -4.1635739438e+00
192 165 148
2 1 1980 131.3000 213.9800 2 1147 80.5600 233.5300
-2.7867181148e-01 5.9757670586e-01 -5.0157753758e+00
90 46 24
2 1 1988 -120.2200 200.7900 2 1148 -118.1300 230.8500
-2.9532507834e-01 5.9161108223e-01 -5.0391424909e+00
101 58 39
2 1 1989 -124.8900 198.2900 2 1154 -122.4300 228.3700
-3.6681082202e-01 5.1566790938e-01 -4.7422369942e+00
39 18 5
2 1 2008 -166.2400 179.1800 2 1164 -159.0500 217.7200
6.2450713621e-01 4.9814924518e-01 -4.7334351147e+00
142 98 59
2 1 2024 204.9700 168.2400 2 1721 147.5500 188.2500
-6.1758863371e-02 4.7636555719e-01 -4.6424116051e+00
144 109 87
2 1 2026 -56.3600 166.4800 2 1187 -70.4700 200.3900
1.0670633515e+00 6.3654459899e-01 -7.8331496575e+00
73 59 50
2 1 2044 282.9400 146.9600 2 265 247.0000 149.4700
3.7583965494e-01 4.0436978292e-01 -4.2889905286e+00
116 92 80
2 1 2045 108.5500 143.8200 2 1209 60.4000 177.5300
5.4972893433e-01 3.1682699247e-01 -4.8303111207e+00
80 50 34
2 1 2072 174.7600 98.8900 2 1243 119.5600 131.2900
-3.8326641404e-01 2.7775225948e-01 -5.2310308752e+00
30 26 17
2 1 2080 -148.1300 85.1600 2 1242 -147.2500 134.6900
-3.3895708752e-01 2.5918044085e-01 -5.0760136158e+00
94 45 21
2 1 2088 -140.6600 79.7800 2 1740 -141.5500 131.4200
5.3459007518e-01 2.6688763407e-01 -4.8743462480e+00
56 31 24
2 1 2092 168.5200 80.0200 2 1260 113.8100 115.5200
5.3459007518e-01 2.6688763407e-01 -4.8743462480e+00
56 31 24
2 1 2093 168.5200 80.0200 2 1261 113.8100 115.5200
-9.8036452175e-01 2.0450973883e-01 -6.5885741821e+00
166 123 76
2 1 2145 -260.2300 55.2300 2 359 -238.2200 108.9500
-7.6531038626e-01 1.9454889403e-01 -5.8439004595e+00
155 121 84
2 1 2146 -239.5200 54.8300 2 1268 -222.4800 111.5000
-1.9464958267e-01 1.7524327781e-01 -4.9020894451e+00
200 158 127
2 1 2160 -97.3300 50.6600 2 1279 -109.0900 105.4000
-1.9464958267e-01 1.7524327781e-01 -4.9020894451e+00
200 158 127
2 1 2161 -97.3300 50.6600 2 1280 -109.0900 105.4000
1.0821920711e+00 2.0939775349e-01 -8.5732398566e+00
119 93 70
2 1 2172 272.0400 42.9000 2 1820 236.1100 56.1100
5.0617362936e-01 1.5191405037e-01 -4.9577156313e+00
57 39 22
2 1 2187 157.0100 37.8300 2 1789 102.5900 80.0100
-1.0105407049e+00 2.8936432062e-02 -6.6236610578e+00
198 162 113
2 1 2229 -267.5700 6.9300 2 1356 -246.7400 67.7700
1.4125883453e+00 -1.9492550971e-03 -8.4996874586e+00
137 118 78
2 1 2250 345.9000 -4.4200 2 1460 298.0800 8.8400
1.5222690309e+00 -4.0643310115e-03 -8.5798672330e+00
88 62 38
2 1 2251 368.0800 -5.0600 2 1870 318.5900 6.5600
-9.1309468019e-01 -9.6792555584e-03 -6.2381713591e+00
146 113 71
2 1 2252 -261.9300 -5.6200 2 497 -243.6400 58.9300
4.8360109820e-01 1.9906259154e-02 -5.0703763843e+00
166 112 57
2 1 2260 147.7200 -9.0500 2 1417 93.2600 40.1500
4.7019356840e-01 1.5727629211e-02 -5.0644069634e+00
78 42 25
2 1 2264 142.9900 -10.4300 2 1422 89.0600 39.2200
1.5146366217e+00 -4.1811355727e-02 -8.6093702348e+00
88 69 52
2 1 2270 365.2800 -13.6000 2 1877 316.2100 -0.2000
1.5146366217e+00 -4.1811355727e-02 -8.6093702348e+00
88 69 52
2 1 2271 365.2800 -13.6000 2 1878 316.2100 -0.2000
1.5534543836e+00 -5.4881519133e-02 -8.7763219200e+00
159 135 108
2 1 2290 369.3700 -15.7900 2 2109 320.8800 -3.3000
1.1106984720e+00 -1.6676440491e-01 -8.8010480592e+00
104 83 54
2 1 2309 273.7500 -37.2400 2 1894 232.7800 -17.8400
-6.2987768303e-01 -9.6768606595e-02 -5.3021828228e+00
178 155 113
2 1 2312 -229.2600 -40.8900 2 562 -221.9200 33.8700
-2.9483018598e-01 -8.6171655692e-02 -5.0920587512e+00
150 119 103
2 1 2313 -125.8500 -41.2800 2 1857 -137.4900 28.7000
4.2652829011e-01 -1.6073594286e-01 -5.2052595959e+00
86 50 36
2 1 2338 126.7000 -70.1500 2 1474 73.0000 -11.7200
-9.0189509101e-03 -1.7293821414e-01 -4.8926357159e+00
204 172 156
2 1 2345 -32.0800 -76.9600 2 645 -63.4000 -4.6900
-3.1059643827e-01 -2.0879897119e-01 -5.1632988871e+00
87 59 48
2 1 2348 -128.8300 -82.8600 2 1470 -141.8700 -6.4300
-3.1585749197e-01 -2.2172572272e-01 -5.1874262607e+00
89 58 39
2 1 2352 -129.5000 -86.7500 2 1472 -142.7800 -10.0400
9.1291361451e-01 -5.1013696439e-01 -8.8725933446e+00
34 24 15
2 1 2375 229.6200 -108.4600 2 1942 188.5100 -79.2800
9.1291361451e-01 -5.1013696439e-01 -8.8725933446e+00
34 24 15
2 1 2376 229.6200 -108.4600 2 1943 188.5100 -79.2800
1.3712465119e+00 -6.2486970850e-01 -9.3740666391e+00
156 131 109
2 1 2388 316.4000 -126.6700 2 1956 268.6400 -103.4200
3.7660672686e-01 -3.6904924893e-01 -5.3486732207e+00
65 34 13
2 1 2398 108.9900 -137.5100 2 1935 55.0000 -69.3200
-2.9681210845e-01 -3.9529243115e-01 -5.2412228151e+00
207 162 119
2 1 2407 -121.3200 -144.8900 2 1523 -139.6000 -60.0300
-2.0401496714e-01 -3.8911937172e-01 -5.1644727754e+00
211 190 156
2 1 2409 -92.7100 -145.6500 2 1525 -116.2500 -61.5500
-3.3905871874e-01 -4.8265264554e-01 -5.3254797781e+00
225 199 165
2 1 2427 -132.2500 -171.4800 2 1542 -149.9800 -82.7000
-3.4389314603e-01 -4.9891409121e-01 -5.3371424575e+00
233 209 162
2 1 2429 -133.4400 -176.5100 2 1548 -151.1900 -86.9800
-5.4802606821e-01 -5.5658139493e-01 -5.6150508765e+00
73 36 18
2 1 2437 -187.1800 -184.7100 2 1552 -194.7600 -93.4800
-8.3028095105e-01 -5.9118250595e-01 -5.7722518963e+00
202 165 120
2 1 2441 -267.0900 -188.4900 2 1554 -260.7500 -93.2600
-3.5253930608e-01 -5.4309271437e-01 -5.3603194237e+00
217 194 154
2 1 2443 -135.4900 -190.3800 2 1949 -153.6500 -98.8100
-4.0245430125e-01 -5.7711396262e-01 -5.3821712203e+00
52 27 12
2 1 2451 -151.3400 -200.6000 2 1569 -167.0900 -106.5500
-4.0245430125e-01 -5.7711396262e-01 -5.3821712203e+00
52 27 12
2 1 2452 -151.3400 -200.6000 2 1570 -167.0900 -106.5500
6.6890109540e-01 -1.0115663985e+00 -9.2995998699e+00
47 36 30
2 1 2455 174.7100 -202.3500 2 1610 133.9800 -162.8300
3.1855899015e-01 -6.0646080396e-01 -5.5187978048e+00
78 42 16
2 1 2461 89.5900 -209.9000 2 863 35.1400 -131.8100
-1.0441120459e+00 -7.6691569572e-01 -6.4123696733e+00
175 141 92
2 1 2463 -291.3500 -217.1200 2 1584 -282.3300 -122.9200
-4.3891537955e-01 -6.7247743771e-01 -5.4239416334e+00
144 111 91
2 1 2474 -161.7100 -230.0900 2 1970 -177.5500 -131.3800
-9.9982983680e-01 -7.9747820432e-01 -6.2596906315e+00
196 162 116
2 1 2476 -288.1000 -231.4900 2 1592 -280.7300 -134.0400
-9.9982983680e-01 -7.9747820432e-01 -6.2596906315e+00
196 162 116
2 1 2477 -288.1000 -231.4900 2 1593 -280.7300 -134.0400
3.0144812004e-01 -6.8742856672e-01 -5.5818148648e+00
95 57 36
2 1 2479 84.0400 -233.5100 2 1978 29.5400 -152.2700
-5.6844001167e-01 -7.7561631839e-01 -5.7465483398e+00
116 89 72
2 1 2491 -187.7500 -248.4100 2 1603 -199.0400 -149.2400
-1.0709845193e+00 -8.8904455658e-01 -6.4452292492e+00
190 152 102
2 1 2493 -297.2900 -249.8500 2 1977 -289.3900 -151.2100
2.8112176549e-01 -7.7500026429e-01 -5.6291087768e+00
87 49 25
2 1 2504 77.3600 -259.4500 2 1985 22.7800 -174.4200
-7.3244804895e-01 -7.9613884707e-01 -5.3858344926e+00
169 138 99
2 1 2512 -260.4700 -270.0300 2 1979 -262.8300 -158.6400
-8.4301907113e-01 -8.5854061710e-01 -5.7344772688e+00
210 176 128
2 1 2513 -273.9300 -272.5400 2 1611 -272.8100 -164.3700
-8.4301907113e-01 -8.5854061710e-01 -5.7344772688e+00
210 176 128
2 1 2514 -273.9300 -272.5400 2 1612 -272.8100 -164.3700
-7.5407766923e-01 -8.4014837050e-01 -5.4814643830e+00
152 122 84
2 1 2519 -261.8300 -279.5700 2 1616 -263.7100 -167.8300
-4.8234636169e-01 -8.9047113920e-01 -5.5590224424e+00
38 24 12
2 1 2527 -170.0600 -294.0400 2 1624 -188.2400 -186.9600
-6.3761673039e-01 -9.4941668836e-01 -5.8887673047e+00
90 76 63
2 1 2533 -202.3900 -294.6800 2 1995 -214.0600 -189.6900
1.2766423171e-01 6.9649155232e-01 -4.3508028421e+00
126 92 67
2 1 2544 10.4000 263.3900 2 1104 -12.8400 277.6400
-3.1129326127e-02 7.0220238327e-01 -4.5409018156e+00
116 88 64
2 1 2547 -46.9700 256.9700 2 1686 -57.9200 275.3600
1.0426359700e+00 1.0021647668e+00 -7.1063460022e+00
51 33 22
2 1 2548 292.5400 253.8700 2 2033 256.6300 245.7100
7.4830580475e-02 6.4458451958e-01 -4.4141818603e+00
136 99 76
2 1 2554 -9.6800 239.1600 2 1690 -29.5000 259.8300
1.3907569603e-01 6.2049517361e-01 -4.3677772704e+00
155 121 93
2 1 2556 14.8200 231.3700 2 1696 -10.6300 251.9900
-1.0291066747e-01 5.6875310967e-01 -4.6824166382e+00
176 127 95
2 1 2565 -70.0200 200.4700 2 1707 -79.1400 229.2200
6.3470980966e-01 5.2790036731e-01 -4.7165563043e+00
146 97 64
2 1 2572 209.2500 179.8600 2 2040 151.6000 197.9200
-3.0237961785e-01 3.9146976896e-01 -5.1268264390e+00
68 38 20
2 1 2587 -124.6600 125.5600 2 1729 -125.7100 167.7400
1.0089931902e+00 5.3236420675e-01 -7.6765752515e+00
79 69 59
2 1 2588 271.4100 124.3200 2 1742 233.8900 130.4600
-1.9294667094e-01 2.8278110201e-01 -4.7813865073e+00
145 111 83
2 1 2604 -101.4500 90.9100 2 2052 -110.3900 140.5300
-1.9793876120e-01 2.4870386609e-01 -4.8954892845e+00
75 46 28
2 1 2611 -98.4000 77.4400 2 1744 -108.3900 127.7300
1.5718663437e+00 3.6821354387e-01 -8.4419233611e+00
61 47 33
2 1 2612 383.9200 76.4000 2 2071 337.9500 80.2900
-2.9417358326e-01 2.0692838254e-01 -5.1069049475e+00
107 75 56
2 1 2617 -123.6700 61.2600 2 1762 -128.8900 114.2100
1.1060907099e+00 2.5755956094e-01 -8.5453098098e+00
60 49 32
2 1 2623 278.1900 54.0200 2 1813 241.5400 64.6400
1.5799889161e+00 2.3029678850e-01 -8.3699436866e+00
91 75 57
2 1 2628 387.3700 46.0200 2 2082 338.3000 52.9300
1.1815012403e+00 1.6748521660e-01 -8.5519940874e+00
78 64 47
2 1 2635 294.3200 33.8200 2 2086 254.7900 45.8900
4.9873638282e-01 1.2227650557e-01 -4.9834069313e+00
61 39 34
2 1 2638 154.0400 27.1600 2 1803 99.7500 70.9800
1.5907990276e+00 1.2966814632e-01 -8.5346662558e+00
174 148 123
2 1 2639 384.8400 23.8100 2 2095 335.4500 31.8200
-5.2544178990e-01 2.9986554336e-02 -4.9726984971e+00
98 76 55
2 1 2652 -213.0400 -0.2800 2 1806 -206.8400 70.1100
1.5608027122e+00 -8.8054508178e-03 -8.6873858076e+00
163 137 112
2 1 2660 373.4600 -6.2500 2 2104 324.5700 5.4000
1.5322292835e+00 -9.2392915468e-02 -8.7383770121e+00
156 134 110
2 1 2678 365.8700 -23.4800 2 2113 316.3900 -10.7000
-2.8380288717e-01 -4.2175527977e-02 -5.0676104385e+00
150 120 102
2 1 2679 -122.9800 -26.2200 2 1844 -134.1000 41.4600
-2.6913061125e-01 -4.9766630177e-02 -5.0556121269e+00
77 55 34
2 1 2681 -118.4900 -29.1500 2 1846 -130.4500 38.9700
1.0353538666e+00 -2.2410542871e-01 -8.9349105903e+00
83 68 48
2 1 2695 255.6100 -48.1300 2 1901 216.5600 -27.0200
8.5797004178e-01 -2.3504640082e-01 -8.3268354652e+00
73 59 50
2 1 2697 224.3300 -54.8400 2 2124 184.3700 -28.2400
9.2128488175e-01 -3.9759968363e-01 -8.8668863247e+00
64 44 27
2 1 2716 231.9000 -84.6800 2 2139 192.0000 -58.3400
1.0286368423e+00 -4.3545485126e-01 -9.0026353576e+00
150 114 81
2 1 2717 252.7500 -91.4700 2 2143 211.0900 -66.3300
1.0782606160e+00 -4.5242703369e-01 -8.9716088985e+00
118 90 57
2 1 2720 263.4700 -95.6700 2 2145 220.3700 -70.5000
1.1125269364e+00 -4.6601701704e-01 -9.0091285812e+00
124 84 57
2 1 2722 270.0200 -98.2300 2 2146 226.4100 -73.2700
1.2604918063e+00 -5.1664840574e-01 -9.0219128128e+00
122 96 60
2 1 2726 300.5800 -109.2100 2 1946 253.2900 -85.1300
-2.1551996304e-01 -2.8101238705e-01 -5.1125228039e+00
220 182 144
2 1 2727 -98.4600 -109.6000 2 1905 -118.5800 -30.1200
-2.1551996304e-01 -2.8101238705e-01 -5.1125228039e+00
220 182 144
2 1 2728 -98.4600 -109.6000 2 1906 -118.5800 -30.1200
-1.0215105603e+00 -4.7893827809e-01 -6.4047130110e+00
213 175 124
2 1 2739 -284.8300 -136.7100 2 1922 -270.9800 -53.6700
-4.9615058524e-01 -4.2983681099e-01 -5.5620576050e+00
77 42 23
2 1 2743 -172.7000 -146.0800 2 1925 -180.4800 -61.1200
-2.7964572575e-01 -3.9819261547e-01 -5.2300920316e+00
210 184 147
2 1 2744 -116.0800 -146.3800 2 1926 -135.1700 -61.3700
3.6865101206e-01 -4.0261798006e-01 -5.3775799602e+00
66 42 32
2 1 2748 106.2600 -147.8900 2 1940 52.3000 -78.2800
-1.0486723457e+00 -5.3215750749e-01 -6.4724856082e+00
212 173 121
2 1 2749 -288.5400 -149.8300 2 1930 -274.9900 -65.3600
-1.8735848999e-01 -3.9871983483e-01 -5.1463363002e+00
173 139 113
2 1 2751 -87.7800 -149.6800 2 1928 -112.3500 -64.9200
-9.5766319283e-01 -5.8688890358e-01 -6.1844414271e+00
197 160 115
2 1 2758 -280.0800 -173.6200 2 1545 -269.7600 -83.8300
-1.0972366277e+00 -6.8722435391e-01 -6.6303522687e+00
213 171 113
2 1 2762 -293.0200 -187.9500 2 1951 -281.3100 -99.4700
-1.1062006669e+00 -7.9782105564e-01 -6.6154442119e+00
191 155 106
2 1 2774 -296.5900 -218.4200 2 1968 -286.5100 -125.5900
-8.2410585293e-01 -7.3200656096e-01 -5.7154826213e+00
213 173 121
2 1 2779 -269.0000 -234.2600 2 1969 -265.8700 -131.6600
-4.2437292717e-01 -7.3022479975e-01 -5.4650865460e+00
203 146 97
2 1 2783 -155.2100 -247.2900 2 1974 -173.1000 -146.9100
-4.6527981610e-01 -8.3471014095e-01 -5.5204151963e+00
53 39 27
2 1 2800 -166.4000 -278.2900 2 1984 -183.9400 -173.1500
-4.9174150107e-01 -8.6255784847e-01 -5.5499717179e+00
143 119 95
2 1 2807 -173.3400 -285.4600 2 2174 -190.6000 -179.3700
1.2233838767e+00 1.1569451681e+00 -7.3075589192e+00
28 17 13
2 1 2813 335.0200 286.8000 2 2030 298.2700 271.7500
-7.6258738354e-02 6.6813159446e-01 -4.5986909476e+00
182 129 84
2 1 2818 -62.4300 241.5800 2 2031 -71.2000 262.9500
-1.5555010940e-01 4.5615848108e-01 -4.6923294726e+00
154 121 93
2 1 2824 -90.2900 157.3800 2 2042 -97.8900 195.5000
-1.6330845043e-01 4.3282312549e-01 -4.7206805022e+00
141 113 91
2 1 2827 -92.1200 147.9800 2 2043 -99.8100 187.5500
-2.1433705318e-01 3.4533290165e-01 -4.8654674511e+00
93 60 36
2 1 2834 -105.0700 113.1800 2 2045 -112.0000 157.9600
1.0657071297e+00 4.7068805089e-01 -7.7899320063e+00
34 25 18
2 1 2836 282.8300 107.8500 2 2314 243.9000 115.0800
5.2850785019e-01 2.3303001388e-01 -4.8891856338e+00
62 41 24
2 1 2843 165.9700 67.4700 2 2064 111.1400 105.1100
5.2850785019e-01 2.3303001388e-01 -4.8891856338e+00
62 41 24
2 1 2844 165.9700 67.4700 2 2065 111.1400 105.1100
-2.0433215812e-01 2.1278080003e-01 -4.8935361935e+00
49 34 15
2 1 2845 -101.0700 64.3200 2 2058 -111.2300 117.2000
4.8077166483e-01 1.1359208360e-01 -4.9892760807e+00
157 118 86
2 1 2861 147.3700 23.9500 2 2078 94.3300 68.9900
-9.3074681285e-01 4.8083740945e-02 -6.3392404287e+00
152 119 76
2 1 2866 -260.7900 11.4800 2 1799 -241.8800 72.7200
-7.3673869593e-01 -3.3036588091e-02 -5.7017967310e+00
133 109 71
2 1 2869 -240.0600 -16.3200 2 2083 -227.4100 52.1900
-7.6895837791e-01 -4.9760062895e-02 -5.7620467502e+00
156 125 84
2 1 2870 -246.4900 -20.9300 2 2246 -233.1800 48.1100
-7.2851272935e-01 -7.3301260070e-02 -5.6155810603e+00
177 150 104
2 1 2873 -242.7400 -29.7700 2 2088 -230.7300 41.6500
4.3680279723e-01 -5.5231817810e-02 -5.1382631877e+00
155 115 86
2 1 2874 130.6900 -34.6300 2 2100 78.1700 18.9500
-5.2409890702e-01 -1.7385163051e-01 -5.0212937488e+00
210 174 132
2 1 2882 -210.4600 -72.0300 2 2102 -209.2100 9.4800
-1.0325607262e+00 -3.1028941561e-01 -6.5182311509e+00
224 183 129
2 1 2885 -280.9200 -87.4400 2 2114 -263.9200 -12.1600
-5.3931032654e-01 -2.4183451586e-01 -5.0517437800e+00
203 152 105
2 1 2888 -214.3300 -95.3200 2 2112 -213.5800 -10.0100
-1.0150558606e+00 -3.6447668238e-01 -6.4213895064e+00
206 165 113
2 1 2889 -281.9800 -104.3300 2 1899 -265.7800 -25.8800
1.3449235001e+00 -5.8854654518e-01 -9.2706449854e+00
48 34 21
2 1 2894 313.0000 -121.0000 2 2269 265.6400 -97.2100
1.3367146634e+00 -6.4369168995e-01 -9.3735751500e+00
53 41 25
2 1 2896 309.3300 -130.3900 2 2273 262.0900 -106.1700
-4.4377329528e-01 -3.7958380664e-01 -5.4655029457e+00
90 56 44
2 1 2897 -160.0300 -132.5900 2 2134 -169.8300 -49.6600
-4.4499633313e-01 -4.1632299526e-01 -5.4449733717e+00
89 61 40
2 1 2899 -161.7000 -145.2500 2 2140 -171.8500 -59.8900
-9.4680858023e-01 -5.5308533630e-01 -6.1521006757e+00
200 166 121
2 1 2904 -278.8300 -164.7900 2 2147 -268.0400 -75.9800
6.2638589284e-01 -1.2796347573e+00 -9.3270805469e+00
36 23 15
2 1 2921 164.9100 -255.5500 2 2191 122.2000 -209.6300
-9.0128121118e-01 -8.9145707598e-01 -5.9294324229e+00
162 129 88
2 1 2930 -279.7700 -273.2600 2 2169 -277.0100 -166.9200
-9.0128121118e-01 -8.9145707598e-01 -5.9294324229e+00
162 129 88
2 1 2931 -279.7700 -273.2600 2 2170 -277.0100 -166.9200
-3.0155208196e-01 -8.0120154517e-01 -5.3906515792e+00
201 163 125
2 1 2932 -118.4200 -275.0100 2 2171 -144.6200 -171.7700
-3.0155208196e-01 -8.0120154517e-01 -5.3906515792e+00
201 163 125
2 1 2933 -118.4200 -275.0100 2 2172 -144.6200 -171.7700
1.0283595524e+00 -1.3970965880e+00 -9.4220631734e+00
46 36 28
2 1 2935 244.3000 -278.0600 2 2297 193.0200 -235.8000
2.2244232069e-01 -8.5102496898e-01 -5.6806109629e+00
38 21 13
2 1 2938 58.6800 -280.8100 2 2180 6.1600 -192.0100
-3.0991419099e-01 -8.4037770175e-01 -5.4000092519e+00
187 157 119
2 1 2940 -121.0000 -287.4000 2 2175 -147.4400 -182.2000
-5.1035154000e-01 -8.7981262875e-01 -5.5374533661e+00
106 75 50
2 1 2941 -180.1400 -291.5300 2 2177 -196.4500 -183.8500
1.2501983635e+00 1.1263646231e+00 -7.1761079778e+00
26 17 12
2 1 2946 345.3500 282.8600 2 2214 306.0000 268.8200
-1.0877205962e-01 6.9841802278e-01 -4.6006911425e+00
138 115 94
2 1 2950 -74.6400 253.2200 2 2213 -80.5000 273.3100
4.2345408480e-01 6.1735413490e-01 -4.1269776523e+00
93 75 61
2 1 2953 129.8300 238.9800 2 2217 80.2300 254.1700
1.1174014558e+00 4.7764796120e-01 -7.9759906046e+00
80 71 62
2 1 2962 291.5400 107.2300 2 2315 253.2700 113.8000
1.1174014558e+00 4.7764796120e-01 -7.9759906046e+00
80 71 62
2 1 2963 291.5400 107.2300 2 2316 253.2700 113.8000
1.5962998416e+00 5.0592652689e-01 -8.7747310260e+00
174 148 129
2 1 2964 380.6500 104.4000 2 2234 339.0800 103.5700
1.5395506326e+00 4.0560057610e-01 -8.4523922342e+00
105 89 68
2 1 2965 376.6300 84.9900 2 2319 331.8500 87.9200
-5.6113653994e-01 -2.9751379496e-02 -5.0701760117e+00
112 95 70
2 1 2978 -219.6300 -20.4600 2 2242 -213.6400 52.5200
-3.1438112861e-01 -3.7681554855e-02 -5.1151199404e+00
110 76 57
2 1 2979 -131.4400 -24.0400 2 2247 -140.7700 43.3100
-1.6239903394e-01 -9.1157474040e-02 -5.0144306414e+00
186 151 128
2 1 2986 -82.4800 -44.6400 2 2251 -102.3900 23.8200
4.2528349446e-01 -1.1527888628e-01 -5.1801732693e+00
154 108 61
2 1 2990 126.4500 -54.8400 2 2255 73.5900 1.5400
-4.0347486399e-01 -1.7170004850e-01 -5.3706491842e+00
145 119 94
2 1 2993 -150.5200 -66.2200 2 2253 -157.7800 6.7800
4.0059051950e-01 -2.2761696540e-01 -5.2815598386e+00
166 121 82
2 1 2998 117.4600 -91.6100 2 2335 64.8400 -29.9300
-1.0982074370e+00 -4.2820092199e-01 -6.6625614705e+00
200 159 107
2 1 3002 -290.9600 -116.9100 2 2261 -274.1200 -38.1100
9.1528718483e-01 -5.5787816734e-01 -9.0087356692e+00
27 18 11
2 1 3003 228.7500 -116.2100 2 2338 187.4600 -87.3900
-1.6615407926e-01 -3.4428751953e-01 -5.1469950219e+00
184 147 120
2 1 3007 -80.1300 -130.9100 2 2262 -104.8700 -49.7500
3.3905530634e-01 -4.5883111795e-01 -5.4352384307e+00
146 105 67
2 1 3008 96.3500 -164.6700 2 2268 43.4700 -92.5100
2.9842412275e-01 -6.2534746143e-01 -5.5652821999e+00
145 99 66
2 1 3017 83.2400 -214.1100 2 2277 29.9700 -135.5300
1.3078646511e-01 -6.1696036939e-01 -4.9632141342e+00
203 146 101
2 1 3021 17.8500 -235.9600 2 2279 -31.3900 -141.1700
-4.9602229132e-01 -7.4830795148e-01 -5.5331106557e+00
101 69 50
2 1 3022 -175.4500 -249.6700 2 2281 -189.3900 -148.3600
-5.1743761792e-01 -8.4853225994e-01 -5.5773624179e+00
107 76 56
2 1 3026 -180.4000 -279.5100 2 2287 -195.5100 -174.0700
9.6427760395e-01 5.4371597306e-01 -7.6827226933e+00
46 29 22
2 1 3034 260.2200 126.5400 2 2369 224.7600 134.2700
1.1252306764e+00 3.2822839519e-01 -8.4230191306e+00
133 104 71
2 1 3040 284.7000 69.9700 2 2417 247.7400 79.1300
1.0781949061e+00 1.6246881029e-01 -8.5602729481e+00
138 116 80
2 1 3045 271.5600 33.3700 2 2383 234.1300 46.3100
-7.8554553752e-01 -1.3023824123e-01 -5.7887878625e+00
142 117 77
2 1 3049 -250.6400 -45.7300 2 2250 -237.5800 27.2700
-6.9740526078e-01 -2.1905982682e-01 -5.4520861174e+00
181 152 104
2 1 3050 -243.4300 -79.1800 2 2254 -234.5400 1.4600
-1.1748038630e+00 -8.1298925362e-01 -6.8030043074e+00
135 107 73
2 1 3059 -304.2200 -215.9600 2 2275 -292.3200 -124.5900
-7.4826786007e-01 -7.1970883093e-01 -5.5020963493e+00
123 102 76
2 1 3060 -258.1400 -239.7800 2 2345 -258.1600 -134.5300
-8.2116944788e-01 -8.8848917900e-01 -5.6933974779e+00
188 150 102
2 1 3064 -269.7800 -283.9600 2 2286 -270.2800 -173.8900
1.5199214989e+00 1.1053426613e+00 -8.3203881999e+00
112 97 82
2 1 3071 378.3000 243.9800 2 2363 343.0600 229.8100
6.1941146448e-01 6.3158517697e-01 -4.6429209356e+00
103 71 54
2 1 3072 205.1000 221.9200 2 2362 149.6100 233.6700
1.3215172110e+00 5.5192741374e-01 -8.8529978551e+00
29 20 13
2 1 3075 319.9500 114.2800 2 2416 285.7500 116.1000
-3.3399564220e-01 3.4310415130e-01 -5.1134849774e+00
86 46 19
2 1 3076 -136.6200 108.8300 2 2367 -136.4500 154.9400
1.0784129710e+00 4.0472102049e-01 -8.1093008003e+00
30 20 10
2 1 3077 280.0900 90.1200 2 2444 242.0900 97.1500
-7.7163544414e-01 7.1793103243e-02 -5.8150255363e+00
163 128 84
2 1 3078 -243.5400 17.1000 2 2372 -228.5200 79.7300
4.3016709714e-01 -1.2294963126e-01 -5.2155160515e+00
175 126 74
2 1 3083 127.9600 -57.2200 2 2421 75.4400 -0.5600
9.7105324728e-01 -2.9167917806e-01 -8.9610869258e+00
114 88 55
2 1 3085 241.7300 -61.5200 2 2426 202.8500 -38.8500
9.6962656590e-01 -5.2502469023e-01 -9.0907785873e+00
52 43 34
2 1 3090 238.9600 -108.8500 2 2430 198.2800 -81.0800
-1.0690494647e+00 -5.6343569208e-01 -6.4840690404e+00
195 157 110
2 1 3093 -294.0600 -158.2400 2 2396 -279.2700 -72.2100
1.0272361638e+00 -8.6182095904e-02 -8.6354456495e+00
105 86 56
2 1 3106 258.8800 -19.8100 2 2448 218.6400 -2.0200
8.8349984353e-01 -4.0479770204e-01 -8.3403194403e+00
14 10 7
2 1 3109 229.7100 -92.3400 2 2450 185.8500 -62.9500
-4.4523865223e-01 -3.8314402377e-01 -5.4108807864e+00
82 57 36
2 1 3111 -163.4600 -135.3500 2 2427 -172.4800 -50.8900
-7.5219457226e-01 -5.5214625564e-01 -5.5442513012e+00
119 99 72
2 1 3116 -256.3300 -184.2800 2 2399 -252.5600 -87.9400
-2.6948113997e-01 -2.4501794365e-01 -5.1497415369e+00
215 188 153
2 1 3128 -115.2800 -95.8100 2 2423 -131.8100 -18.1500
-6.6178565056e-01 -6.2839160556e-01 -5.3268619646e+00
71 40 18
2 1 3129 -240.5100 -217.8700 2 2452 -242.5500 -114.8200
1.1032281560e+00 1.0413464431e-01 -8.4952898487e+00
132 106 73
2 1 3136 277.8100 20.2100 2 2460 238.6800 34.9500
1.3279045605e+00 -6.3163848468e-01 -9.9590590206e+00
39 30 15
2 1 3141 297.5100 -119.5900 2 2464 255.5700 -97.9200
1.2212956821e+00 -7.2847887496e-01 -9.7603381809e+00
134 113 92
2 1 3142 279.5500 -140.9400 2 2466 237.2400 -114.6600
1.1539945968e+00 -1.2172938186e+00 -1.0486407412e+01
133 112 91
2 1 3143 256.3500 -217.2800 2 2484 213.4700 -186.6100
-9.0353216775e-01 -7.2522876429e-01 -6.0027156443e+00
193 153 104
2 1 3144 -275.8100 -220.6500 2 2453 -269.2400 -122.6300
1.2658734715e+00 1.9770909343e-01 -8.0594431312e+00
147 118 84
2 1 3159 323.7800 41.4000 2 2489 277.6200 52.1700
1.1050116959e+00 -2.5361576725e-01 -8.6311526699e+00
129 104 73
2 1 3161 275.3700 -56.4900 2 2490 230.7800 -35.7900
1.1963532210e+00 2.6029291567e-01 -8.6376376077e+00
94 79 56
2 2 1375 259.8900 59.3700 0 545 215.3600 20.3000
1.1394965168e+00 -6.4923916768e-02 -8.8979926288e+00
137 106 75
2 2 1469 241.0300 -3.9900 0 648 181.2000 -29.1300
1.2250828662e+00 3.1990185406e-02 -8.7813464155e+00
142 109 73
2 2 1865 259.3800 15.7600 0 1506 202.5500 -15.7200
