# Bundle file v0.3
3 468
2.1326020763e+03 -3.2534623604e-05 -1.1311350204e-06
9.9999998570e-01 1.5447639726e-04 -6.8856479942e-05
-1.5447961409e-04 9.9999998698e-01 -4.6715115951e-05
6.8849262663e-05 4.6725752205e-05 9.9999999654e-01
-7.7619573772e-04 -4.1714860640e-04 -6.7417649960e-05
2.1333590030e+03 5.5583741329e-05 2.4661474313e-06
9.9869308175e-01 5.0903885481e-02 -4.5741559631e-03
-5.0933790289e-02 9.9867970438e-01 -6.6781029824e-03
4.2281753356e-03 6.9023543483e-03 9.9996723948e-01
2.4133449416e-01 -1.6512421433e-01 9.5650645975e-01
0 0 0
0 0 0
0 0 0
0 0 0
0 0 0
2.6267445538e+00 2.2206357446e+00 -2.0836583253e+01
30 24 13
2 0 52 268.7700 226.2800 1 86 330.4400 222.1000
-1.2135750116e+01 9.8124016803e+00 -1.0436642815e+02
100 98 86
2 0 86 -248.1700 200.1800 1 80 -224.5800 226.3600
-1.2145640098e+01 9.8067822099e+00 -1.0528821703e+02
37 35 23
2 0 89 -246.1400 198.4600 1 84 -222.7800 224.2400
2.8325849483e-01 1.0905811294e+00 -1.1736018821e+01
43 23 8
2 0 90 51.4800 198.2000 1 135 125.4900 195.6800
-1.3506730633e-01 8.7495206895e-01 -9.5178693449e+00
113 98 84
2 0 95 -30.0300 197.0500 1 919 48.2500 193.3900
-1.3044098354e+01 1.0310421965e+01 -1.1330935662e+02
21 19 10
2 0 97 -245.5700 194.0400 1 92 -222.7800 219.5300
-1.8417826249e+00 1.6623423964e+00 -1.8368748511e+01
134 111 85
2 0 100 -213.8600 193.0600 1 901 -175.0600 209.7600
-4.9812985145e-02 8.8288002801e-01 -1.0611662198e+01
152 136 123
2 0 141 -10.1200 177.0600 1 177 63.1600 175.0100
-3.1487284264e-01 9.0874597053e-01 -1.1644808505e+01
153 138 121
2 0 179 -57.6300 166.6000 1 190 5.2600 166.8600
-3.2388043997e-01 8.9189115784e-01 -1.1695960516e+01
159 140 126
2 0 191 -58.9700 162.9500 1 942 3.2700 162.7400
8.2104540601e-01 6.6437933950e-01 -1.1289424797e+01
45 43 31
2 0 304 155.1600 125.6400 1 995 236.9100 109.7900
1.8311575083e+00 9.5427321057e-01 -1.7104378440e+01
40 28 16
2 0 317 228.2800 118.7200 1 999 290.6200 107.2100
2.7411947755e+00 9.5020808466e-01 -1.9018390997e+01
80 70 61
2 0 356 307.4700 106.7000 1 1017 368.2100 91.0500
8.3285952084e-01 5.7166251438e-01 -1.1801707874e+01
98 87 73
2 0 362 150.6700 103.7700 1 338 227.4400 86.6200
8.3285952084e-01 5.7166251438e-01 -1.1801707874e+01
98 87 73
2 0 363 150.6700 103.7700 1 339 227.4400 86.6200
5.8178188389e-01 5.5692948793e-01 -1.1770391076e+01
36 23 16
2 0 365 105.5700 101.3400 1 337 178.4100 86.4800
-1.1336873016e+00 5.8949328858e-01 -1.4286110473e+01
16 5 0
2 0 395 -169.1300 88.2400 1 326 -127.3800 92.1400
-5.3354842648e-01 4.2431179062e-01 -1.3307886584e+01
117 91 74
2 0 446 -85.5600 67.9300 1 378 -36.0200 64.8200
-5.3354842648e-01 4.2431179062e-01 -1.3307886584e+01
117 91 74
2 0 447 -85.5600 67.9300 1 379 -36.0200 64.8200
-5.5155082886e-01 3.8800011229e-01 -1.3386386285e+01
124 88 73
2 0 462 -87.8700 61.8500 1 1054 -39.1900 58.3400
-5.5155082886e-01 3.8800011229e-01 -1.3386386285e+01
124 88 73
2 0 463 -87.8700 61.8500 1 1055 -39.1900 58.3400
4.3299640928e-01 3.5285373448e-01 -1.2494358284e+01
95 77 67
2 0 465 73.9800 60.3800 1 411 138.4700 45.8700
2.5396213137e+00 5.2805927330e-01 -2.0575057269e+01
74 63 55
2 0 471 263.2100 54.5300 1 1071 315.5500 40.5000
-6.0457229865e-01 3.0274298265e-01 -1.3728560907e+01
124 85 64
2 0 491 -93.9300 47.0400 1 422 -47.4300 43.4100
2.5197929849e+00 4.1236296110e-01 -2.1337874874e+01
106 97 88
2 0 500 251.9800 41.4900 1 452 301.2200 27.0800
2.5197929849e+00 4.1236296110e-01 -2.1337874874e+01
106 97 88
2 0 501 251.9800 41.4900 1 453 301.2200 27.0800
-6.3186788466e-01 2.5573216425e-01 -1.3894678416e+01
119 88 68
2 0 505 -96.8500 39.5000 1 438 -51.7300 35.3100
-8.5380034170e-01 2.1574330821e-01 -1.4458415547e+01
147 126 106
2 0 516 -125.6200 32.3300 1 449 -84.6800 29.6700
-2.3960101983e+00 3.0102265800e-01 -2.0826726874e+01
187 158 115
2 0 519 -244.7500 31.5200 1 1505 -219.5700 42.0200
-1.2657883283e+00 1.5054492979e-01 -1.5785019975e+01
78 35 18
2 0 539 -170.5000 21.0400 1 1082 -136.0900 21.7400
1.6053994645e+00 5.5222989569e-02 -2.0983853164e+01
49 35 26
2 0 563 163.3100 5.8900 1 510 207.0100 -5.7300
2.2276713543e+00 -1.6500093350e-02 -2.2143881182e+01
143 115 76
2 0 577 214.6000 -1.5400 1 524 258.5600 -14.8500
5.0429897525e-01 -1.7929778428e-02 -1.3988629608e+01
51 23 2
2 0 579 76.9500 -2.6300 1 529 132.2600 -18.9500
2.3242580477e+00 -2.6105133144e-02 -2.1407026161e+01
104 77 48
2 0 581 231.6600 -2.4300 1 1119 277.4900 -17.5300
4.4550174985e-01 -4.7013513813e-02 -1.3916810650e+01
138 95 70
2 0 587 68.2900 -7.1900 1 540 123.0700 -23.3400
4.2435398651e-01 -8.3018722751e-02 -1.3950928160e+01
135 87 60
2 0 596 64.9100 -12.6400 1 1132 118.9800 -29.0000
1.3621436153e+00 -1.3845258034e-01 -2.1770797843e+01
57 42 35
2 0 600 133.6000 -13.2700 1 541 173.5900 -23.5500
4.5445021849e-01 -1.1330602991e-01 -1.4367645945e+01
49 29 7
2 0 609 67.4900 -16.7800 1 558 120.1300 -32.7000
4.1091975024e-01 -1.1918517297e-01 -1.4254170045e+01
145 97 68
2 0 611 61.5100 -17.8000 1 559 114.0500 -33.6800
4.1091975024e-01 -1.1918517297e-01 -1.4254170045e+01
145 97 68
2 0 612 61.5100 -17.8000 1 560 114.0500 -33.6800
-8.7109271768e-01 -1.4062131991e-01 -1.5325565228e+01
112 85 58
2 0 615 -121.0800 -19.3700 1 539 -84.0600 -23.7000
-6.6275925012e-01 -1.5162344787e-01 -1.4715680850e+01
143 115 94
2 0 621 -95.9400 -21.8100 1 551 -56.0300 -28.7000
-1.8623793609e+00 -1.8354985467e-01 -1.7214362654e+01
127 107 83
2 0 623 -230.5400 -22.5300 1 1121 -203.3100 -18.2900
-9.2213157069e-01 -2.2886753357e-01 -1.5585330942e+01
102 77 54
2 0 640 -125.9300 -30.9900 1 564 -90.5900 -35.6100
-9.4909082454e-01 -2.7589003668e-01 -1.5781183630e+01
113 82 58
2 0 655 -128.2800 -37.2900 1 577 -93.2100 -41.2100
-9.4909082454e-01 -2.7589003668e-01 -1.5781183630e+01
113 82 58
2 0 656 -128.2800 -37.2900 1 578 -93.2100 -41.2100
-1.5764750281e+00 -3.4952600634e-01 -1.8109829808e+01
70 40 21
2 0 662 -185.3800 -40.8600 1 572 -157.8400 -39.1000
2.6099584465e+00 -4.6862837369e-01 -2.1915468247e+01
124 98 63
2 0 672 254.1600 -45.3100 1 623 297.6500 -63.3600
1.8937542120e+00 -5.4752598327e-01 -2.4088408104e+01
130 103 70
2 0 678 167.8600 -48.1500 1 615 204.1800 -60.0000
-1.0556914427e+00 -4.2251356799e-01 -1.6321600510e+01
174 133 105
2 0 693 -137.8500 -55.0900 1 611 -105.5000 -58.9300
-4.8699993996e-01 -4.0404997197e-01 -1.4735687687e+01
132 114 99
2 0 700 -70.4800 -58.4700 1 641 -30.6500 -68.9000
-1.4063925276e+00 -4.8324892913e-01 -1.7334838636e+01
145 119 92
2 0 703 -173.0300 -59.4400 1 1159 -144.2600 -59.8700
-6.8817196035e-01 -4.4135804550e-01 -1.5405152517e+01
163 137 117
2 0 706 -95.3000 -61.1300 1 640 -58.6700 -68.9900
1.3633655852e-01 -4.4227280184e-01 -1.5525458996e+01
103 95 84
2 0 708 18.6400 -60.9000 1 1182 62.4900 -74.5100
-4.0731884128e-01 -4.3407216713e-01 -1.4616292271e+01
112 87 72
2 0 712 -59.5600 -63.5000 1 1185 -18.6900 -74.7900
1.7470081494e+00 -8.1380853185e-01 -2.5735673065e+01
83 65 43
2 0 720 144.9600 -67.1500 1 660 177.4500 -77.2900
-1.7272883022e+00 -6.0989771439e-01 -1.8927516210e+01
65 37 16
2 0 721 -194.3200 -68.4200 1 1169 -169.6800 -66.6100
-1.7733509377e+00 -6.3048383512e-01 -1.8784605671e+01
68 33 17
2 0 729 -201.1100 -71.3600 1 1172 -176.6600 -69.3600
-1.0662143277e+00 -5.6268448321e-01 -1.6596056914e+01
132 100 79
2 0 734 -136.9700 -72.2500 1 1190 -105.8300 -76.6000
-1.0422930857e+00 -5.6285715802e-01 -1.6619778600e+01
152 122 98
2 0 736 -133.7800 -72.2500 1 655 -102.3300 -76.5800
-1.0986901121e+00 -5.6908972028e-01 -1.6703496416e+01
163 135 113
2 0 737 -140.1100 -72.4700 1 657 -109.6000 -76.7400
2.5561213803e+00 -7.9864808441e-01 -2.3067759877e+01
183 153 118
2 0 742 236.3000 -73.9600 1 677 276.0000 -90.4700
-5.8081196754e-01 -5.5334099827e-01 -1.5308968415e+01
124 105 89
2 0 746 -81.0100 -77.2000 1 670 -43.9800 -86.9000
1.1365181087e+00 -9.3109489310e-01 -2.5138387961e+01
70 58 48
2 0 752 96.7000 -78.5700 1 672 127.1600 -87.2400
-7.1508107836e-01 -6.2351456970e-01 -1.5822670003e+01
134 117 100
2 0 764 -96.4200 -84.0800 1 1216 -61.9200 -92.5300
-7.1508107836e-01 -6.2351456970e-01 -1.5822670003e+01
134 117 100
2 0 765 -96.4200 -84.0800 1 1217 -61.9200 -92.5300
-1.1850679440e+00 -7.1077695713e-01 -1.7281394956e+01
162 134 112
2 0 772 -146.2900 -87.7500 1 1214 -117.3700 -91.2200
-1.1850679440e+00 -7.1077695713e-01 -1.7281394956e+01
162 134 112
2 0 773 -146.2900 -87.7500 1 1215 -117.3700 -91.2200
2.3620327374e+00 -1.0032835042e+00 -2.4170428207e+01
139 105 70
2 0 775 208.6000 -88.2500 1 1230 244.3400 -103.7200
-1.4907251181e+00 -7.7490620677e-01 -1.8200025697e+01
128 91 57
2 0 777 -174.6800 -90.7900 1 679 -148.7700 -91.6200
2.5276045737e+00 -1.0275562577e+00 -2.3837564415e+01
160 133 97
2 0 778 226.2700 -91.7600 1 700 263.1200 -108.3900
1.8756072712e-02 -7.3556606286e-01 -1.6406980007e+01
88 54 29
2 0 788 2.3700 -95.7200 1 703 41.1900 -109.0600
-1.5975415904e+00 -8.4184743544e-01 -1.8516804211e+01
87 62 25
2 0 792 -183.8300 -96.8000 1 688 -159.4300 -97.2900
1.4943677755e+00 -1.2332482980e+00 -2.6697047218e+01
39 26 18
2 0 794 119.5700 -98.2500 1 699 148.4700 -107.4900
-2.5799511817e+00 -9.9202086846e-01 -2.1250240415e+01
167 137 107
2 0 795 -258.4400 -99.2000 1 684 -240.7900 -92.9200
-6.5788483572e-01 -8.1602405829e-01 -1.6218992563e+01
104 82 59
2 0 812 -86.9400 -107.7800 1 714 -53.0500 -116.6200
-1.3246421789e+00 -9.3317058482e-01 -1.8088478638e+01
210 186 152
2 0 818 -156.1700 -110.0100 1 1242 -130.1700 -113.0300
2.4019050885e+00 -1.3201211090e+00 -2.5199210636e+01
161 127 92
2 0 822 203.4600 -111.4800 1 731 236.4500 -126.7100
-1.6330865055e+00 -1.0569540851e+00 -1.9038932177e+01
199 171 134
2 0 831 -182.8500 -118.3200 1 718 -159.9300 -119.1000
2.0915797343e+00 -1.7230095355e+00 -3.0344310971e+01
128 112 93
2 0 834 147.3800 -120.5500 1 746 172.5300 -130.3800
-1.1292588178e-01 -9.9495615352e-01 -1.7403205558e+01
90 52 29
2 0 839 -13.9500 -122.0800 1 753 20.5700 -134.2400
-1.7835402199e+00 -1.1172295240e+00 -1.9405223296e+01
191 158 122
2 0 840 -195.7700 -122.5800 1 726 -174.4300 -122.6300
6.7078175385e-01 -1.6346241925e+00 -2.7843893670e+01
54 39 32
2 0 845 52.0400 -124.3300 1 749 75.1700 -131.3000
-1.8161555397e+00 -1.1892960421e+00 -1.9848895451e+01
69 41 20
2 0 848 -195.1500 -127.7900 1 732 -173.9400 -127.1600
-1.8161555397e+00 -1.1892960421e+00 -1.9848895451e+01
69 41 20
2 0 849 -195.1500 -127.7900 1 733 -173.9400 -127.1600
-1.7456151138e+00 -1.1848540146e+00 -1.9697550835e+01
103 74 54
2 0 851 -189.0100 -128.2900 1 740 -167.3900 -128.2100
-9.7523861236e-01 -1.0479706267e+00 -1.7351799914e+01
122 102 78
2 0 852 -119.9300 -128.8700 1 756 -91.7800 -135.9100
-1.4449871593e+00 -1.1444900073e+00 -1.8801956740e+01
173 151 124
2 0 853 -164.0100 -129.9100 1 1255 -140.0900 -132.3100
-9.1343050846e-01 -1.0610549749e+00 -1.7453004425e+01
104 84 62
2 0 854 -111.8900 -129.9300 1 760 -83.0600 -136.9000
-1.7340962929e-01 -1.0918172354e+00 -1.7762559943e+01
142 97 66
2 0 859 -20.9500 -131.2600 1 768 12.0700 -142.9200
-1.4639016773e+00 -1.1821336981e+00 -1.8878684191e+01
174 147 117
2 0 862 -165.3600 -133.5300 1 754 -142.0400 -136.1300
-1.0399020969e+00 -1.1126353926e+00 -1.7533017844e+01
118 93 69
2 0 864 -126.4900 -135.3400 1 1269 -99.4600 -142.2000
-1.7159406641e+00 -1.2695697828e+00 -1.9802455774e+01
111 86 67
2 0 869 -184.8300 -136.7500 1 759 -163.5200 -137.1400
1.9747083471e+00 -2.0753304952e+00 -3.1959511618e+01
127 107 91
2 0 872 132.1000 -138.0500 1 776 154.8100 -146.5500
9.0220702008e-01 -1.9837077770e+00 -3.0351629754e+01
53 42 36
2 0 875 63.8400 -138.8200 1 1273 85.2400 -144.8100
-1.5346963751e+00 -1.2508831708e+00 -1.9139416204e+01
124 95 65
2 0 876 -170.7200 -139.1400 1 765 -148.8300 -141.8000
4.6990956303e-01 -2.0641878978e+00 -2.9986873737e+01
36 22 13
2 0 889 33.7800 -146.3800 1 1281 54.2600 -150.9400
-1.1776070255e+00 -1.2626377642e+00 -1.8346194747e+01
124 97 74
2 0 890 -137.0800 -146.9500 1 781 -111.9500 -152.2200
-2.3404282866e+00 -1.6107744995e+00 -2.2391642304e+01
44 28 15
2 0 897 -222.6500 -153.2300 1 1278 -206.5800 -149.7200
-8.8279153679e-01 -1.3018116528e+00 -1.7701536757e+01
106 76 48
2 0 898 -106.5900 -157.0700 1 1301 -79.3800 -165.4900
-8.8279153679e-01 -1.3018116528e+00 -1.7701536757e+01
106 76 48
2 0 899 -106.5900 -157.0700 1 1302 -79.3800 -165.4900
1.5885234444e+00 -2.4855927956e+00 -3.3375864967e+01
55 45 36
2 0 901 101.7900 -158.4800 1 798 121.7400 -165.0900
-2.0711916797e+00 -1.6522038847e+00 -2.1440210746e+01
134 104 75
2 0 907 -206.1900 -164.4700 1 1297 -188.4400 -162.7900
-3.5925742724e-01 -1.4706846431e+00 -1.9093392312e+01
87 51 22
2 0 909 -40.2500 -164.4200 1 809 -12.1800 -174.7300
9.5420330573e-01 -2.5803793716e+00 -3.2371465367e+01
51 45 40
2 0 916 63.2100 -169.6000 1 1316 81.9200 -175.0700
1.0045348271e+00 -2.4858893642e+00 -3.1241976060e+01
13 8 4
2 0 917 68.8500 -169.3800 1 811 88.5700 -175.5800
-2.1649653287e+00 -1.7448741047e+00 -2.1780491539e+01
53 38 22
2 0 919 -211.9500 -170.8300 1 801 -195.4600 -169.0000
-2.1026601303e+00 -1.8009829227e+00 -2.1868859801e+01
138 123 105
2 0 927 -205.0000 -175.6000 1 807 -188.5600 -174.2700
-8.7616135625e-01 -1.5342331926e+00 -1.8331296115e+01
150 115 86
2 0 933 -102.3300 -178.8700 1 824 -76.6100 -187.3400
-1.9767459742e+00 -1.8281758666e+00 -2.1613683088e+01
141 120 93
2 0 936 -195.2200 -180.5200 1 816 -177.9600 -179.9200
-1.8619068868e+00 -1.8355679968e+00 -2.1174074957e+01
167 139 110
2 0 942 -187.5500 -184.9000 1 1321 -170.1500 -185.6400
-1.9169670155e+00 -1.9192133416e+00 -2.1518927617e+01
165 144 117
2 0 953 -190.0600 -190.2700 1 829 -173.2100 -190.6100
-6.1530485834e-01 -1.8845530833e+00 -2.0758449501e+01
123 98 74
2 0 958 -63.4800 -193.8900 1 837 -39.9700 -201.7700
-9.9877603689e-01 -1.7368165837e+00 -1.8943753080e+01
107 82 57
2 0 959 -112.9100 -195.9500 1 838 -89.3100 -203.6400
-1.5430382275e+00 -1.9229588000e+00 -2.0805695966e+01
130 104 79
2 0 962 -158.5900 -197.4500 1 1327 -139.3800 -200.1900
-5.9654642651e-01 -1.9442362702e+00 -2.0837215107e+01
86 53 25
2 0 965 -61.2100 -199.1600 1 840 -38.2000 -207.5000
1.6173227722e+00 -3.0419240188e+00 -3.2010732899e+01
169 147 124
2 0 970 107.9300 -202.4900 1 842 126.7900 -211.0300
1.7066910294e+00 -3.0659861713e+00 -3.2125081469e+01
132 120 100
2 0 972 113.5700 -203.2500 1 844 132.2900 -212.2700
-1.0681289241e+00 -1.9300733725e+00 -1.9608066099e+01
137 103 61
2 0 979 -116.5800 -210.2800 1 847 -94.8600 -217.5600
-1.1662288395e+00 -2.0885586160e+00 -2.0185869096e+01
160 117 82
2 0 993 -123.7000 -221.0700 1 1335 -103.3700 -227.5100
-9.5776122504e-01 -2.5130312448e+00 -2.2927026708e+01
36 25 12
2 0 1002 -89.5200 -234.1500 1 853 -71.1400 -239.4700
-9.4247861781e-01 -2.5367161421e+00 -2.2914283662e+01
114 102 88
2 0 1004 -88.0000 -236.3600 1 855 -69.9700 -242.1000
7.4453599138e-01 1.5860782271e+00 -1.3041581453e+01
34 16 20
2 0 1026 121.6700 258.3700 1 33 199.0600 260.3800
6.7613996301e-01 1.5412669561e+00 -1.3935242032e+01
22 18 9
2 0 1035 103.3800 235.0800 1 877 174.4100 236.5000
2.4175391244e+00 2.1745869126e+00 -2.0127571042e+01
19 12 4
2 0 1041 256.0600 229.2900 1 1390 318.7600 225.9200
2.4175391244e+00 2.1745869126e+00 -2.0127571042e+01
19 12 4
2 0 1042 256.0600 229.2900 1 1391 318.7600 225.9200
-1.5957665364e+01 1.2358052278e+01 -1.3090181589e+02
186 183 174
2 0 1058 -260.0700 201.2600 1 884 -237.3000 227.8300
-1.5957665364e+01 1.2358052278e+01 -1.3090181589e+02
186 183 174
2 0 1059 -260.0700 201.2600 1 885 -237.3000 227.8300
-1.5062620561e+01 1.1868431956e+01 -1.2647511260e+02
174 171 162
2 0 1060 -254.0800 200.0400 1 887 -231.2500 226.2800
-1.5062620561e+01 1.1868431956e+01 -1.2647511260e+02
174 171 162
2 0 1061 -254.0800 200.0400 1 888 -231.2500 226.2800
-1.4244711137e+01 1.1084080315e+01 -1.2040381482e+02
30 27 18
2 0 1062 -252.3500 196.3600 1 891 -229.6900 222.1900
-3.5114226439e-01 1.0492861165e+00 -1.1475683343e+01
199 168 139
2 0 1063 -65.2200 195.2100 1 913 -0.7100 198.1500
-2.5498637659e-01 9.9417320060e-01 -1.1189970202e+01
145 128 110
2 0 1071 -48.8000 188.7700 1 921 18.7000 191.6100
-1.9021830154e-01 9.4017559115e-01 -1.1188842087e+01
143 121 107
2 0 1077 -36.4800 178.4500 1 1428 31.6400 179.7300
-9.5796498924e-02 8.2524716303e-01 -1.1121284238e+01
166 143 129
2 0 1085 -18.3500 158.3500 1 1446 50.0900 154.9400
2.2853463514e+00 1.0655843804e+00 -1.6356709010e+01
39 33 21
2 0 1118 297.9800 138.7700 1 1468 367.9600 123.8400
1.3972277031e-01 6.6166342676e-01 -1.0321220344e+01
154 144 136
2 0 1124 28.8900 136.7800 1 976 105.2400 127.0200
4.1357051414e-01 6.5343089417e-01 -1.0297932572e+01
152 110 58
2 0 1128 85.7400 135.6000 1 983 167.8200 122.0500
4.5928122094e-01 6.5146942940e-01 -1.0397558922e+01
140 93 45
2 0 1132 94.2900 133.8800 1 985 176.4600 119.9600
7.4533604306e-01 6.5179153918e-01 -1.1152502693e+01
51 33 19
2 0 1147 142.6100 124.8600 1 1474 223.9600 109.1700
7.1007457089e-01 5.8595774908e-01 -1.1558230867e+01
61 51 42
2 0 1176 131.0900 108.2900 1 1486 207.9900 92.6900
-6.6303315838e-02 5.0674177370e-01 -1.1707112266e+01
193 174 167
2 0 1197 -12.0100 92.4900 1 1022 50.4600 83.7300
-1.4695643930e-01 4.9177415313e-01 -1.2039880567e+01
178 158 147
2 0 1204 -25.9600 87.2900 1 1029 33.5800 79.5500
1.6867840453e+00 6.1205780580e-01 -1.8317645708e+01
63 48 37
2 0 1217 196.3600 71.1000 1 1052 251.0500 59.5000
5.8104326537e-01 2.8179740333e-01 -1.2741819648e+01
134 96 64
2 0 1236 97.3600 47.3900 1 1079 161.8500 30.9200
-1.2300360157e+00 2.7322202050e-01 -1.5640601716e+01
80 58 43
2 0 1245 -167.2000 38.0100 1 1073 -131.4400 39.3000
-2.2630250762e+00 2.9451544167e-01 -1.9933632699e+01
159 127 88
2 0 1248 -241.3800 32.3600 1 1506 -215.5900 41.7200
5.0806434753e-01 1.9239579653e-01 -1.3037503762e+01
61 43 34
2 0 1249 83.2700 31.8000 1 1520 144.3800 15.3000
2.6379425783e+00 2.5748774636e-01 -2.1937389133e+01
66 57 46
2 0 1257 256.5100 25.0900 1 1096 304.1600 10.5600
-2.6145814433e+00 2.3425372290e-01 -2.2182270963e+01
191 161 109
2 0 1258 -250.6200 23.3400 1 1514 -227.3700 34.5200
4.7837936935e-01 1.3832869797e-01 -1.3252659082e+01
65 41 35
2 0 1259 77.0600 22.4000 1 1101 136.4800 6.3400
-1.0227483220e+00 1.3148660576e-01 -1.5055083178e+01
149 118 94
2 0 1264 -144.7400 18.8500 1 1519 -106.6800 17.8300
-1.1888214730e+00 1.3329919279e-01 -1.5929489456e+01
78 52 37
2 0 1265 -159.0100 18.0800 1 1518 -123.5000 19.0700
5.3050241064e-01 1.0886178158e-01 -1.3348481613e+01
88 61 58
2 0 1267 84.8500 17.5600 1 1107 144.1900 0.8500
-1.0386494043e+00 9.9783503465e-02 -1.5135520705e+01
150 117 97
2 0 1273 -146.3000 14.1600 1 1091 -108.5600 13.2800
2.7028885428e+00 1.3327824209e-01 -2.1624515937e+01
65 56 46
2 0 1275 266.6200 13.1800 1 1533 314.6600 -2.6300
-1.0546324074e+00 4.6635178978e-02 -1.5464415564e+01
69 47 25
2 0 1284 -145.3900 6.5300 1 489 -108.6200 5.6200
-7.4633499190e-01 1.7485223788e-02 -1.4646396289e+01
175 150 130
2 0 1288 -108.5600 2.7300 1 1531 -68.0300 -1.9600
-1.0740707113e+00 -1.9779926610e-03 -1.5494274863e+01
81 52 27
2 0 1290 -147.4500 0.2500 1 1108 -111.9200 -1.7200
2.7488853175e+00 -1.6302083038e-02 -2.1044209915e+01
81 72 62
2 0 1293 278.6300 -1.6300 1 1549 327.5300 -19.2300
-1.3912643735e+00 -8.6648815733e-02 -1.6975377110e+01
73 36 19
2 0 1306 -174.1500 -10.1200 1 1111 -143.6800 -9.6000
-1.0872362804e+00 -7.9059908832e-02 -1.5706458704e+01
183 144 115
2 0 1308 -147.5400 -10.6000 1 1113 -112.3400 -12.1800
-1.0872362804e+00 -7.9059908832e-02 -1.5706458704e+01
183 144 115
2 0 1309 -147.5400 -10.6000 1 1114 -112.3400 -12.1800
2.2707710752e+00 -1.1621971003e-01 -2.2073550325e+01
146 120 83
2 0 1311 219.5400 -10.9700 1 1129 263.1200 -25.4300
-2.1535281705e+00 -1.2975228306e-01 -1.8930942914e+01
153 129 91
2 0 1317 -242.0600 -14.0700 1 1535 -217.4900 -7.3600
-1.4698529374e+00 -1.5565347211e-01 -1.7687899787e+01
74 40 21
2 0 1321 -177.1700 -18.6800 1 1117 -147.0300 -16.2700
2.0675468357e+00 -2.1132627527e-01 -2.3152368178e+01
76 58 41
2 0 1322 190.5900 -19.2300 1 1136 230.8100 -31.6200
-8.4776364216e-01 -1.4691742341e-01 -1.5309419235e+01
173 145 124
2 0 1323 -118.1000 -20.4500 1 1127 -80.6100 -24.6900
2.8009222724e-01 -2.5322312983e-01 -1.4674357506e+01
100 67 48
2 0 1335 40.7600 -36.7300 1 1146 89.4400 -52.0200
-1.2535858859e+00 -3.4412586304e-01 -1.6712011237e+01
183 144 108
2 0 1341 -159.9600 -43.8800 1 1144 -128.7700 -45.0800
2.6853160729e+00 -4.6495784140e-01 -2.1730890268e+01
160 137 104
2 0 1344 263.6800 -45.4100 1 1164 308.0000 -64.0000
2.1700301448e+00 -5.2597012704e-01 -2.3579837727e+01
138 107 71
2 0 1345 196.4200 -47.3300 1 1160 234.7400 -60.8900
-1.3424819895e+00 -3.8780760140e-01 -1.6977247073e+01
141 115 90
2 0 1346 -168.5500 -48.6000 1 1145 -138.6600 -49.3700
1.5020514389e+00 -5.3019511137e-01 -2.3268266053e+01
73 65 54
2 0 1347 137.8600 -48.2900 1 1157 174.0000 -59.1300
8.5934016725e-02 -3.5048710332e-01 -1.5057738581e+01
36 24 19
2 0 1349 12.1200 -49.7300 1 1162 57.2900 -63.2600
-1.6617019880e+00 -4.9511910511e-01 -1.8632425528e+01
83 48 28
2 0 1362 -189.9200 -56.3800 1 1151 -164.0500 -54.5300
2.5374138247e+00 -6.2422514592e-01 -2.2734526356e+01
101 76 53
2 0 1364 238.1400 -58.4100 1 1186 278.9900 -75.1700
-1.6813503640e+00 -5.3462752263e-01 -1.8669215396e+01
77 44 24
2 0 1366 -191.7200 -60.7200 1 1156 -166.3600 -59.0700
1.6199074507e-01 -4.6797937749e-01 -1.5418637359e+01
81 52 31
2 0 1368 22.4100 -64.7400 1 1194 66.3700 -79.2700
1.6199074507e-01 -4.6797937749e-01 -1.5418637359e+01
81 52 31
2 0 1369 22.4100 -64.7400 1 1195 66.3700 -79.2700
1.9315062769e+00 -7.5046132229e-01 -2.4596382813e+01
113 90 59
2 0 1370 167.6500 -64.8000 1 1191 202.4800 -76.8200
1.7652598676e+00 -7.7084047933e-01 -2.4601054892e+01
100 80 55
2 0 1371 153.3200 -66.3500 1 1192 187.2400 -78.0600
-1.1145778524e+00 -5.4547906421e-01 -1.6724776454e+01
110 84 59
2 0 1373 -141.9900 -69.4000 1 1178 -111.3900 -73.2900
-3.0934917272e+00 -8.1122993454e-01 -2.4521832305e+01
201 163 117
2 0 1375 -268.2700 -69.9600 1 1737 -251.9200 -59.5900
2.6142043887e+00 -7.8947582730e-01 -2.3130986881e+01
85 59 41
2 0 1376 241.2200 -72.4900 1 1212 280.6500 -89.9700
1.7712603976e+00 -9.3253627569e-01 -2.5821963418e+01
132 107 79
2 0 1382 146.4900 -76.7200 1 673 178.4100 -87.2600
-1.4405174832e+00 -6.4426965795e-01 -1.7749588374e+01
202 153 102
2 0 1384 -172.9200 -77.2400 1 1193 -145.9800 -78.3700
2.3473599373e+00 -8.5436636044e-01 -2.3138033259e+01
115 82 50
2 0 1385 216.5700 -78.4200 1 1221 254.5700 -94.8800
1.0145325939e-01 -5.8745335662e-01 -1.5886946482e+01
68 42 31
2 0 1386 13.5600 -78.9600 1 1218 55.1500 -92.8500
2.5253492909e+00 -8.8653618687e-01 -2.3543388660e+01
148 117 82
2 0 1388 228.8900 -80.1300 1 1223 266.9000 -96.6800
-1.4898932886e+00 -7.1284855918e-01 -1.8100974731e+01
208 157 113
2 0 1392 -175.4600 -83.9000 1 1203 -149.2700 -84.6000
-1.1440654942e+00 -7.0799137230e-01 -1.7048292601e+01
128 100 78
2 0 1394 -143.0700 -88.5100 1 1589 -113.8600 -92.7400
-1.5151516173e+00 -7.6235888477e-01 -1.8195229390e+01
195 155 117
2 0 1398 -177.5000 -89.2600 1 1211 -151.8400 -90.0200
-6.5958421934e-01 -6.9373863089e-01 -1.6017476973e+01
140 122 102
2 0 1400 -87.9900 -92.5600 1 1592 -53.5200 -101.3400
-1.4850796764e+00 -8.0797477689e-01 -1.8256676581e+01
228 201 160
2 0 1403 -173.3900 -94.2900 1 1222 -147.8500 -95.4500
-4.7833535836e-01 -6.9929626620e-01 -1.5537297687e+01
109 95 82
2 0 1404 -65.6400 -95.9700 1 1236 -29.3700 -107.5100
-6.5961660218e-01 -7.1809438001e-01 -1.5762700932e+01
105 87 67
2 0 1407 -89.3100 -97.2300 1 1596 -54.9000 -106.9400
1.8215027202e+00 -1.2098375161e+00 -2.6362253402e+01
150 116 79
2 0 1408 147.6000 -97.5200 1 1238 177.7900 -108.6200
-1.3489310009e+00 -8.2403990221e-01 -1.7912693859e+01
219 176 141
2 0 1410 -160.5800 -98.0800 1 1226 -133.9900 -100.5100
-1.3489310009e+00 -8.2403990221e-01 -1.7912693859e+01
219 176 141
2 0 1411 -160.5800 -98.0800 1 1227 -133.9900 -100.5100
-6.9745817401e-01 -7.3157972794e-01 -1.6029078331e+01
128 109 89
2 0 1412 -93.0700 -97.6400 1 1234 -58.9900 -106.2200
-1.5380940235e+00 -8.8992833271e-01 -1.8555930361e+01
237 213 162
2 0 1419 -176.7400 -102.2400 1 1593 -152.0300 -103.1200
-1.5784592286e+00 -9.6759708862e-01 -1.8717391816e+01
240 218 168
2 0 1425 -179.6100 -110.0300 1 1239 -156.0700 -111.2700
-1.4972515994e+00 -9.5537503463e-01 -1.8488999577e+01
207 165 121
2 0 1426 -172.6000 -110.1000 1 1240 -148.1600 -111.8200
-1.3719141232e+00 -1.0087835396e+00 -1.8381755898e+01
201 176 143
2 0 1431 -159.2300 -117.0900 1 1247 -133.9900 -119.7700
-1.3719141232e+00 -1.0087835396e+00 -1.8381755898e+01
201 176 143
2 0 1432 -159.2300 -117.0900 1 1248 -133.9900 -119.7700
-1.6779300951e+00 -1.1136366868e+00 -1.9453255368e+01
205 176 135
2 0 1436 -183.8300 -121.9800 1 1249 -161.6600 -122.4000
-9.4588878804e-01 -1.0353780241e+00 -1.7288033045e+01
101 83 61
2 0 1442 -116.8100 -127.8500 1 1261 -88.2100 -135.0000
-9.4588878804e-01 -1.0353780241e+00 -1.7288033045e+01
101 83 61
2 0 1443 -116.8100 -127.8500 1 1262 -88.2100 -135.0000
-4.2807028375e-02 -1.0742348494e+00 -1.7889868664e+01
55 28 8
2 0 1444 -5.0300 -127.9900 1 1266 28.3900 -140.5900
-2.4956568243e+00 -1.2788148685e+00 -2.0492475003e+01
138 110 83
2 0 1448 -259.3600 -132.8400 1 1603 -242.7600 -128.6700
-2.3816412905e+00 -1.3041897763e+00 -2.0289381387e+01
133 103 75
2 0 1451 -250.1600 -136.9600 1 1258 -232.8200 -133.5000
-1.9215451724e+00 -1.4252593771e+00 -2.0550352369e+01
172 126 84
2 0 1453 -199.3100 -147.8300 1 1277 -180.2200 -147.2100
-2.0295281869e+00 -1.4651511534e+00 -2.0995271357e+01
134 109 84
2 0 1454 -206.2800 -148.9200 1 1276 -187.4600 -147.1200
-1.0407167814e+00 -1.2595719850e+00 -1.7948204290e+01
111 90 68
2 0 1455 -123.9400 -149.9300 1 1291 -97.5500 -156.5400
-2.9705048234e-01 -1.3552651733e+00 -1.8680809304e+01
73 44 23
2 0 1460 -34.0300 -154.8700 1 1304 -4.5200 -165.6600
-1.9872601022e+00 -1.5380674862e+00 -2.0861012411e+01
158 127 95
2 0 1462 -203.0800 -157.1800 1 1289 -184.8700 -156.3700
-1.6389653351e+00 -1.5041569712e+00 -2.0238722931e+01
126 97 67
2 0 1465 -172.8500 -158.6200 1 1296 -152.3000 -159.9500
-9.0440517734e-01 -1.3559502972e+00 -1.7882512618e+01
146 118 89
2 0 1471 -108.1800 -162.0200 1 1309 -81.4000 -170.1600
-2.6701349428e+00 -1.6822916439e+00 -2.1527985937e+01
134 111 86
2 0 1476 -264.3400 -166.5500 1 1617 -250.0300 -162.1600
-2.1616936606e+00 -1.7155758173e+00 -2.1435847697e+01
123 110 93
2 0 1479 -214.9300 -170.5900 1 800 -198.5200 -169.1200
-1.7842931246e+00 -1.7075505670e+00 -2.0732496474e+01
170 144 116
2 0 1483 -183.5500 -175.6600 1 1624 -165.1300 -176.7700
1.2678775827e+00 -2.7421343697e+00 -3.1192332859e+01
74 67 60
2 0 1486 86.9000 -187.2600 1 1325 106.3900 -194.8000
-2.4854176113e+00 -1.8562947417e+00 -2.1105970669e+01
18 10 4
2 0 1487 -251.4100 -187.7400 1 1320 -236.4500 -184.9800
1.3100754715e+00 -2.7700552135e+00 -3.0829717174e+01
84 74 64
2 0 1490 90.7900 -191.4600 1 1326 110.5200 -199.4200
-2.4078847641e+00 -1.9238031485e+00 -2.1260685341e+01
49 42 32
2 0 1493 -241.6900 -193.0800 1 831 -226.9200 -191.0100
-1.4611482833e+00 -2.3270797450e+00 -2.1319263690e+01
88 72 55
2 0 1502 -146.6500 -233.1700 1 1338 -129.1300 -237.3900
-1.6628604153e+00 -2.4195434277e+00 -2.1203042823e+01
86 73 56
2 0 1506 -167.7800 -243.7500 1 1339 -151.5800 -247.4500
-9.9215297385e-01 -2.6203191286e+00 -2.3001826195e+01
81 72 63
2 0 1508 -92.3700 -243.2900 1 1340 -74.7600 -248.8300
-1.3840264437e+00 -2.4815513032e+00 -2.1380811926e+01
80 67 58
2 0 1510 -138.7000 -248.0300 1 1344 -121.3300 -253.0200
-1.3840264437e+00 -2.4815513032e+00 -2.1380811926e+01
80 67 58
2 0 1511 -138.7000 -248.0300 1 1345 -121.3300 -253.0200
-1.6634971362e+00 -2.5286155389e+00 -2.1574764110e+01
220 207 188
2 0 1513 -165.0500 -250.4000 1 1347 -149.2100 -253.9200
-1.4107102615e+00 -2.5300711017e+00 -2.1529626173e+01
33 17 3
2 0 1514 -140.3600 -251.1000 1 1643 -123.4200 -255.9800
7.1398149933e-01 1.6424194529e+00 -1.2941449401e+01
16 11 6
2 0 1520 117.6900 270.8500 1 1351 195.5600 271.6500
2.4394815369e+00 3.6145294674e+00 -2.8710463901e+01
92 80 56
2 0 1522 181.0400 266.0000 1 19 230.7700 272.7400
6.5440904319e-01 1.5633594956e+00 -1.3935461258e+01
57 49 43
2 0 1533 100.1100 238.8700 1 1368 170.9500 239.9300
-6.5587731540e-01 1.0869446938e+00 -1.0153859830e+01
121 101 77
2 0 1538 -137.8500 228.0200 1 1789 -72.2700 237.3600
2.5463478371e+00 2.2289548644e+00 -2.0787447290e+01
18 11 3
2 0 1539 261.1400 227.5300 1 1394 322.6500 224.0800
2.5463478371e+00 2.2289548644e+00 -2.0787447290e+01
18 11 3
2 0 1540 261.1400 227.5300 1 1395 322.6500 224.0800
1.1331633866e+00 1.5675434582e+00 -1.4706018636e+01
34 25 16
2 0 1541 164.2600 226.6500 1 1393 236.2900 224.4500
1.0889487829e+00 1.4744893988e+00 -1.4468728185e+01
19 11 7
2 0 1554 160.4300 216.6800 1 1408 232.5300 213.7700
1.0889487829e+00 1.4744893988e+00 -1.4468728185e+01
19 11 7
2 0 1555 160.4300 216.6800 1 1409 232.5300 213.7700
-8.0213161452e-01 1.1293015509e+00 -1.1588232010e+01
32 13 5
2 0 1564 -147.5700 208.1300 1 1404 -90.2100 216.7600
-2.1752222111e+01 1.5950108041e+01 -1.6996175446e+02
35 35 24
2 0 1578 -272.9800 200.1900 1 1389 -250.9400 227.4000
-2.2917366879e+01 1.7156063399e+01 -1.8424068654e+02
36 35 25
2 0 1581 -265.3200 198.6200 1 1392 -243.4400 225.5300
-4.8082452716e-01 1.0821978233e+00 -1.1672938443e+01
104 82 68
2 0 1583 -87.7800 198.0500 1 1663 -26.0100 202.5100
-1.8084409678e+01 1.3810826926e+01 -1.4921395036e+02
32 29 20
2 0 1584 -258.5000 197.4600 1 1396 -236.3200 223.7700
-4.5823847797e-01 1.0615574859e+00 -1.1622328248e+01
138 121 103
2 0 1591 -84.1900 194.4900 1 1664 -21.6900 199.6200
-1.4040894277e+01 1.0490788518e+01 -1.1699201169e+02
40 39 34
2 0 1592 -255.8700 191.5500 1 1403 -233.6800 216.9400
-1.0859117120e+02 6.0566760904e+01 -7.2361288823e+02
55 55 45
2 0 1601 -319.8300 178.9700 1 1413 -300.6200 208.3400
-7.0637992155e-01 1.0314874409e+00 -1.3026607840e+01
67 33 15
2 0 1607 -115.7300 168.7100 1 1434 -62.1100 174.8700
-7.7843735056e-01 9.2374358575e-01 -1.3510147305e+01
74 39 22
2 0 1620 -122.7500 146.2100 1 1677 -72.7200 150.5100
-3.5698807549e-02 7.4653926322e-01 -1.1055783665e+01
180 158 147
2 0 1624 -6.8700 144.0800 1 1679 62.1900 138.6100
-1.7254443765e+00 1.0940982555e+00 -1.7132332551e+01
96 68 47
2 0 1629 -214.2900 137.1900 1 1678 -178.2000 148.1700
-8.1934337514e-01 8.5692832342e-01 -1.3737508147e+01
69 33 14
2 0 1631 -127.1800 133.1400 1 1462 -78.5200 137.5400
2.0925521856e-01 6.2506976566e-01 -1.0742239901e+01
193 179 168
2 0 1641 41.5100 123.9900 1 1470 115.9300 113.5700
2.3014857750e-02 4.7001852532e-01 -1.1560415124e+01
201 185 178
2 0 1668 4.3900 87.0600 1 1493 68.5200 76.2400
-8.7792247859e-01 3.6381200233e-01 -1.4197741805e+01
143 120 98
2 0 1678 -131.8300 54.7600 1 1503 -88.9300 54.3600
5.7435672261e-01 3.0653102634e-01 -1.2689622685e+01
61 39 43
2 0 1683 96.6300 51.7300 1 1513 161.5500 35.5600
1.9376873595e+00 4.6669762422e-01 -1.9595322112e+01
65 51 43
2 0 1684 210.9000 50.7400 1 1512 262.3200 38.2200
5.0934289153e-01 1.5568870992e-01 -1.3123923450e+01
122 73 48
2 0 1691 82.8000 25.3400 1 1524 143.4500 9.1100
2.0594265749e+00 1.3418596562e-01 -2.0873746584e+01
42 27 18
2 0 1699 210.5400 13.9500 1 1529 257.1700 0.1600
2.0594265749e+00 1.3418596562e-01 -2.0873746584e+01
42 27 18
2 0 1700 210.5400 13.9500 1 1530 257.1700 0.1600
2.8649834699e+00 1.0029325260e-01 -2.1618497726e+01
123 104 86
2 0 1701 282.7100 9.9900 1 1534 331.2800 -6.9500
4.0791440017e-01 -1.1853430166e-02 -1.3810112098e+01
89 56 40
2 0 1705 63.0200 -1.8000 1 1546 118.0700 -17.5200
2.0689646686e+00 -5.0292563633e-02 -2.2747391869e+01
66 49 29
2 0 1706 194.0900 -4.5200 1 1543 235.9000 -16.6900
2.0689646686e+00 -5.0292563633e-02 -2.2747391869e+01
66 49 29
2 0 1707 194.0900 -4.5200 1 1544 235.9000 -16.6900
-1.1082803412e+00 -4.8334363832e-02 -1.5735339055e+01
68 37 21
2 0 1708 -150.1100 -6.4000 1 1537 -114.9200 -7.5600
3.8383388615e-01 -5.8599407145e-02 -1.3990351497e+01
78 50 35
2 0 1712 58.5500 -8.8800 1 1554 112.2300 -24.5400
4.6433557833e-01 -7.9437273014e-02 -1.4186522707e+01
62 33 22
2 0 1713 69.8600 -11.8600 1 1558 123.4900 -28.0100
3.6816809741e-01 -8.7736707215e-02 -1.4118903469e+01
77 53 51
2 0 1715 55.7500 -13.0200 1 1725 108.3500 -28.9100
3.6816809741e-01 -8.7736707215e-02 -1.4118903469e+01
77 53 51
2 0 1716 55.7500 -13.0200 1 1726 108.3500 -28.9100
-2.0723301518e+00 -1.2196838612e-01 -1.8532163686e+01
175 156 116
2 0 1717 -238.0500 -13.5900 1 1536 -212.6400 -7.3100
2.2225016268e+00 -1.8425717635e-01 -2.2299748086e+01
133 112 82
2 0 1718 212.6400 -17.5000 1 1730 255.3200 -31.4300
2.2225016268e+00 -1.8425717635e-01 -2.2299748086e+01
133 112 82
2 0 1719 212.6400 -17.5000 1 1731 255.3200 -31.4300
3.4652973748e-01 -1.2663814954e-01 -1.4230381559e+01
84 58 44
2 0 1720 51.9600 -18.9500 1 1559 103.8400 -34.4300
2.1863942159e+00 -2.5272834494e-01 -2.2775268474e+01
145 121 85
2 0 1723 204.8600 -23.4600 1 1561 246.0500 -37.0200
2.7839073917e+00 -3.5172910264e-01 -2.1377143682e+01
88 67 46
2 0 1731 277.7100 -35.2500 1 1150 324.2600 -53.7100
-2.1775634930e+00 -4.5109888987e-01 -1.9048271389e+01
170 147 110
2 0 1734 -243.5300 -50.2500 1 1735 -220.4800 -44.6300
2.0927590687e-01 -3.7561943726e-01 -1.4973934921e+01
74 48 40
2 0 1735 29.7000 -53.6800 1 1741 76.1800 -68.4200
-4.4920511256e-01 -4.1074936991e-01 -1.4566275240e+01
110 92 78
2 0 1737 -65.7800 -60.1500 1 1580 -25.2800 -71.2700
1.8100745829e-01 -4.3300554672e-01 -1.5252780968e+01
68 52 29
2 0 1738 25.2100 -60.7100 1 1583 70.2300 -75.1500
1.7684777439e+00 -7.2433640233e-01 -2.4916124894e+01
131 108 79
2 0 1739 151.5400 -61.7400 1 1581 185.5300 -72.5300
-1.8572576340e+00 -5.2313784781e-01 -1.7622784936e+01
45 28 13
2 0 1742 -224.5900 -63.1400 1 1569 -199.6100 -60.8700
-1.8832686235e+00 -5.3088318226e-01 -1.7522489455e+01
217 188 148
2 0 1743 -229.0100 -64.4200 1 1572 -204.3000 -62.1700
-1.9187833024e+00 -5.8433132916e-01 -1.7678084782e+01
163 122 82
2 0 1748 -231.2600 -70.2900 1 1577 -207.1900 -68.0400
8.2414774271e-02 -5.6142225322e-01 -1.5934243397e+01
117 95 76
2 0 1749 11.0700 -75.1000 1 1749 52.3900 -88.8000
1.1739179480e+00 -9.0136665086e-01 -2.4695442448e+01
46 33 24
2 0 1750 101.5900 -77.5300 1 1587 132.9200 -86.5300
2.6233361721e+00 -8.8777756456e-01 -2.3486084384e+01
155 130 109
2 0 1754 238.3000 -80.5300 1 1590 276.8700 -97.4700
-1.6192272098e+00 -7.0895238697e-01 -1.8317023618e+01
145 119 93
2 0 1756 -188.1900 -82.2200 1 1745 -163.3800 -82.2900
-1.7483911145e+00 -7.9507407196e-01 -1.9115346313e+01
75 57 42
2 0 1758 -194.8600 -88.5100 1 1747 -171.3000 -87.2600
1.5000082424e+00 -1.1625361563e+00 -2.6412002929e+01
26 11 4
2 0 1761 121.4300 -93.4100 1 1594 150.6800 -103.1400
-1.1703694093e+00 -7.8190023747e-01 -1.7200740390e+01
136 105 76
2 0 1762 -144.9400 -96.7700 1 1591 -116.7600 -101.3500
1.1670429360e+00 -1.2682516597e+00 -2.6314416683e+01
57 49 40
2 0 1767 94.8800 -102.3700 1 1597 122.8000 -110.9900
-2.2368828683e+00 -1.0778120355e+00 -1.9463958142e+01
176 142 103
2 0 1773 -244.8900 -117.9400 1 1600 -225.7000 -114.9400
2.0259736781e+00 -1.7406288760e+00 -3.0420612802e+01
46 31 19
2 0 1776 142.3900 -121.5200 1 1253 167.3200 -131.0000
-1.4932418692e-01 -1.0086252603e+00 -1.7480480608e+01
116 83 57
2 0 1777 -18.3900 -123.2800 1 1760 15.8000 -135.0000
-2.9719827593e+00 -1.4869481316e+00 -2.3405592159e+01
146 117 86
2 0 1781 -270.2300 -135.1200 1 1755 -256.3900 -127.6700
-1.8128219699e+00 -1.3665510298e+00 -2.0230662752e+01
149 116 86
2 0 1786 -191.2200 -144.1500 1 1606 -170.8200 -143.8700
-1.8128219699e+00 -1.3665510298e+00 -2.0230662752e+01
149 116 86
2 0 1787 -191.2200 -144.1500 1 1607 -170.8200 -143.8700
-1.0487598033e+00 -1.2411670667e+00 -1.8236181246e+01
102 82 57
2 0 1789 -123.0600 -145.5400 1 1610 -96.5000 -151.2600
-1.0487598033e+00 -1.2411670667e+00 -1.8236181246e+01
102 82 57
2 0 1790 -123.0600 -145.5400 1 1611 -96.5000 -151.2600
1.6297807721e+00 -2.3438896571e+00 -3.3278029174e+01
72 62 50
2 0 1793 104.7800 -149.7900 1 1615 125.2300 -156.5100
-1.8783736509e+00 -1.4677742724e+00 -2.0635511098e+01
150 118 88
2 0 1795 -194.2400 -151.7800 1 1608 -174.7500 -151.2000
-1.8783736509e+00 -1.4677742724e+00 -2.0635511098e+01
150 118 88
2 0 1796 -194.2400 -151.7800 1 1609 -174.7500 -151.2000
1.7787557401e+00 -2.3818718800e+00 -3.3108383673e+01
49 34 21
2 0 1797 115.0000 -152.8800 1 1616 135.4900 -160.5500
-2.1781489973e+00 -1.6092963372e+00 -2.1664623561e+01
108 84 60
2 0 1799 -214.3200 -158.3500 1 1614 -197.3200 -156.0700
-2.0013385122e+00 -1.6744402165e+00 -2.1258703896e+01
134 114 90
2 0 1805 -200.7700 -167.9800 1 1618 -183.1800 -167.1900
-1.7485936552e+00 -1.6458924881e+00 -2.0618907004e+01
182 154 117
2 0 1806 -181.0900 -170.4200 1 1620 -161.7200 -171.2500
-1.7485936552e+00 -1.6458924881e+00 -2.0618907004e+01
182 154 117
2 0 1807 -181.0900 -170.4200 1 1621 -161.7200 -171.2500
-1.8865504771e+00 -1.7027445162e+00 -2.1126850811e+01
147 122 92
2 0 1808 -190.5600 -171.9800 1 1622 -172.3600 -171.9000
1.0673886764e+00 -2.5585297946e+00 -3.0995716022e+01
70 63 55
2 0 1813 73.6800 -175.7800 1 1626 93.4500 -182.4600
-1.7949355788e+00 -1.8116495458e+00 -2.1043852686e+01
126 95 65
2 0 1814 -182.1900 -183.8200 1 1629 -163.8300 -184.5900
-9.2815662868e-01 -1.6621158558e+00 -1.8629523275e+01
164 124 83
2 0 1818 -106.5800 -190.5800 1 1779 -82.2600 -199.0700
1.9924734283e+00 -2.9969347155e+00 -3.2189136911e+01
165 139 117
2 0 1821 132.3400 -198.1800 1 1633 151.7100 -208.1900
-1.5746396369e+00 -2.3819132637e+00 -2.1419041381e+01
83 70 62
2 0 1825 -157.3200 -237.5700 1 1641 -140.4900 -241.2300
-1.5746396369e+00 -2.3819132637e+00 -2.1419041381e+01
83 70 62
2 0 1826 -157.3200 -237.5700 1 1642 -140.4900 -241.2300
7.6357748348e-01 1.6221684135e+00 -1.3109392633e+01
49 48 42
2 0 1833 124.2000 263.5000 1 1649 201.5900 264.6300
2.5456024831e+00 2.3482455320e+00 -2.0939114610e+01
41 31 16
2 0 1835 259.1900 238.0600 1 1790 320.8400 235.2100
-3.9693535899e-01 1.1077599233e+00 -1.1418749365e+01
29 16 9
2 0 1840 -74.1800 206.7900 1 1792 -9.4000 211.8300
-3.9693535899e-01 1.1077599233e+00 -1.1418749365e+01
29 16 9
2 0 1841 -74.1800 206.7900 1 1793 -9.4000 211.8300
-6.6271360765e-01 1.1101931422e+00 -1.2853736881e+01
70 38 17
2 0 1844 -109.8700 184.5600 1 1667 -54.8000 190.4400
-5.2389576592e-01 1.0290527587e+00 -1.1916331717e+01
91 71 54
2 0 1845 -93.7000 184.4500 1 1797 -34.1100 188.4500
-9.0866899296e-01 9.6758961324e-01 -1.2748595863e+01
56 30 13
2 0 1847 -151.7200 162.6700 1 1671 -101.3400 168.0800
1.7424992700e-02 7.6245627258e-01 -1.0919764222e+01
180 160 148
2 0 1849 3.3600 148.7900 1 1803 74.5100 143.3100
7.1539180843e-01 6.6137914435e-01 -1.1128537118e+01
122 109 103
2 0 1852 137.1500 126.8700 1 1687 218.3200 111.8100
2.7614003739e-01 6.0044084042e-01 -1.0506158180e+01
91 83 72
2 0 1853 56.1100 122.0400 1 1689 133.1100 109.5300
-7.0455318326e-01 7.2635539335e-01 -1.2949715381e+01
87 61 43
2 0 1854 -115.9300 119.9000 1 1806 -65.2000 121.2400
2.4977199594e-01 6.0629536427e-01 -1.0751365114e+01
131 122 112
2 0 1855 49.5700 120.3300 1 1688 124.3800 108.7900
2.3917696202e-01 5.8816522505e-01 -1.0876124802e+01
150 137 128
2 0 1856 47.0400 115.7300 1 1692 120.3400 103.5200
6.1798531116e-01 3.8207880433e-01 -1.2334092652e+01
59 39 31
2 0 1873 106.8900 66.1200 1 1818 175.2700 50.1100
5.3456272721e-01 2.3266731157e-01 -1.2872741569e+01
63 44 34
2 0 1878 88.6600 38.7400 1 1712 151.4200 22.4000
-2.0523501550e+00 1.4901525381e-01 -1.8662270380e+01
162 135 102
2 0 1887 -234.3300 17.2900 1 1820 -206.7400 25.4800
-7.7857106518e-01 7.7299828833e-02 -1.4608384653e+01
147 111 90
2 0 1889 -113.5100 11.5300 1 1823 -72.8400 7.5300
-7.7857106518e-01 7.7299828833e-02 -1.4608384653e+01
147 111 90
2 0 1890 -113.5100 11.5300 1 1824 -72.8400 7.5300
2.1647462011e+00 9.2349156736e-02 -2.1056269442e+01
68 57 48
2 0 1891 219.2500 9.2600 1 1720 266.0100 -4.4100
2.0698754445e+00 -1.5505434659e-01 -2.3200734647e+01
64 51 36
2 0 1902 190.3900 -14.0500 1 1724 230.8500 -26.1100
-9.0257376190e-01 -1.1267296581e-01 -1.5339943966e+01
173 137 109
2 0 1903 -125.4100 -15.5500 1 1832 -88.3500 -19.2100
2.2009869757e+00 -1.9813354661e-01 -2.2739905383e+01
74 61 51
2 0 1904 206.4900 -18.5000 1 1729 248.2000 -31.7200
-9.8865657425e-01 -2.4782525331e-01 -1.5864256317e+01
190 144 108
2 0 1905 -132.8100 -33.1800 1 1734 -98.2000 -36.7300
-1.0208909978e+00 -3.1589222643e-01 -1.5947267601e+01
165 131 92
2 0 1907 -136.3300 -42.0000 1 1836 -102.7700 -45.9800
-1.5879207228e+00 -4.8993257362e-01 -1.8273559749e+01
132 107 84
2 0 1913 -185.0900 -56.9300 1 1838 -158.5000 -55.7400
-1.1716846003e+00 -5.5472254332e-01 -1.6972039565e+01
172 137 110
2 0 1918 -147.2100 -69.6700 1 1743 -117.0600 -72.6700
-1.1716846003e+00 -5.5472254332e-01 -1.6972039565e+01
172 137 110
2 0 1919 -147.2100 -69.6700 1 1744 -117.0600 -72.6700
1.3167585645e+00 -1.1300357304e+00 -2.5907828080e+01
38 28 21
2 0 1923 108.6000 -92.7300 1 1750 138.1300 -101.7700
2.1678342420e+00 -1.5748719734e+00 -2.7703583634e+01
50 32 25
2 0 1932 167.0900 -120.9600 1 1857 195.4900 -132.8800
2.2673813888e+00 -1.6523415369e+00 -2.7558666408e+01
63 44 26
2 0 1934 175.6200 -127.6800 1 1763 204.2100 -140.2100
-1.6063656479e+00 -1.2611248917e+00 -1.9515463823e+01
145 118 88
2 0 1937 -175.6100 -137.8700 1 1762 -153.5500 -139.1300
-3.7008966292e-01 -1.4284447497e+00 -1.9087043515e+01
121 89 63
2 0 1941 -41.5900 -159.8800 1 1772 -13.0900 -169.6600
-2.2326767879e+00 -1.7820222132e+00 -2.1827536050e+01
33 21 7
2 0 1944 -218.1200 -174.1000 1 1773 -202.0800 -172.0100
-2.1593803348e+00 -1.7846265635e+00 -2.1580657760e+01
34 24 14
2 0 1946 -213.4300 -176.3900 1 1774 -197.0100 -174.8600
-2.3973930411e+00 -1.8958637899e+00 -2.0408208284e+01
229 222 203
2 0 1950 -250.9700 -198.3900 1 1938 -235.7100 -196.8600
-9.7453717211e-01 -1.8325682267e+00 -1.9216723122e+01
41 37 28
2 0 1952 -107.8800 -203.1600 1 1635 -86.3000 -212.2500
1.7900647219e+00 -3.0933662646e+00 -3.2289455805e+01
63 50 35
2 0 1953 118.4700 -204.0600 1 1783 137.2500 -213.2000
-1.4054066625e+00 -1.9648339968e+00 -2.0363529404e+01
126 100 74
2 0 1954 -147.5700 -206.0900 1 1781 -127.9700 -210.4700
-1.3961229682e+00 -2.3541780147e+00 -2.1356381143e+01
100 87 71
2 0 1957 -139.9200 -235.4900 1 1640 -122.2200 -240.0900
-5.0819065572e-01 1.2043398099e+00 -9.8164374294e+00
15 9 5
2 0 1960 -110.3800 261.9900 1 1786 -38.5700 271.7700
2.3122508339e+00 3.0716009267e+00 -2.4839607303e+01
146 131 101
2 0 1961 198.3900 261.7600 1 1648 252.6200 265.8000
2.7906856496e+00 2.0986068414e+00 -2.0351569777e+01
49 39 26
2 0 1965 292.4000 219.2700 1 1660 355.7500 212.5900
-2.5438942160e-01 1.0540840790e+00 -1.0472925546e+01
80 67 51
2 0 1967 -51.8500 214.5000 1 1869 20.0000 217.8500
5.3843601783e-01 2.9464143972e-01 -1.2776700010e+01
121 90 70
2 0 1997 89.9200 49.2600 1 1900 153.9000 33.7100
1.9973656624e+00 2.0256267551e-01 -2.0444103010e+01
82 73 64
2 0 2006 208.3700 21.0800 1 1825 256.3500 7.9500
-2.2854757542e+00 -6.5452876889e-02 -2.0336688688e+01
170 145 106
2 0 2010 -239.5100 -6.6700 1 1905 -214.8000 2.3000
2.6186923107e+00 -6.8780639769e-02 -2.1199287601e+01
57 44 29
2 0 2011 263.5200 -6.8300 1 1913 311.0600 -23.8600
2.2547132888e+00 -9.7849125061e-02 -2.2510245049e+01
74 61 48
2 0 2012 213.6500 -9.2700 1 1912 256.6100 -22.4900
2.7384475316e-01 -2.0106174001e-01 -1.4628147790e+01
104 80 61
2 0 2014 40.0300 -29.1500 1 1835 89.1000 -44.1500
-3.1327413872e+00 -5.5811360559e-01 -2.4965203815e+01
191 155 104
2 0 2015 -266.7300 -46.9500 1 1919 -249.5700 -35.7400
2.5748658574e+00 -9.3922735042e-01 -2.3688977069e+01
49 33 18
2 0 2020 231.9900 -84.2900 1 1848 269.5900 -101.2300
2.6573443281e+00 -1.0182323218e+00 -2.3920299623e+01
165 138 115
2 0 2022 236.9200 -90.8700 1 1852 274.4400 -107.4600
1.4184797552e+00 -1.2035112307e+00 -2.6523655475e+01
66 57 48
2 0 2024 114.3000 -96.4200 1 1850 143.1600 -105.5900
1.8245528175e+00 -1.6156371675e+00 -3.0375910579e+01
34 25 17
2 0 2027 128.3300 -113.1200 1 1853 153.5700 -121.2400
1.8245528175e+00 -1.6156371675e+00 -3.0375910579e+01
34 25 17
2 0 2028 128.3300 -113.1200 1 1854 153.5700 -121.2400
2.1768390801e+00 -1.8160186260e+00 -3.1355854960e+01
143 121 100
2 0 2029 148.2800 -123.2200 1 1757 172.9100 -132.1700
-1.6377400410e+00 -1.2208180426e+00 -1.9428910012e+01
104 76 51
2 0 2030 -179.7300 -133.9700 1 1936 -157.8000 -135.1000
-9.1934180303e-01 -1.2294477825e+00 -1.7527223623e+01
98 80 58
2 0 2032 -112.2600 -149.9800 1 1860 -84.3800 -157.7100
1.6326752200e+00 -2.6344026604e+00 -3.3395687519e+01
63 53 44
2 0 2033 104.4800 -167.9900 1 1862 124.1400 -174.8000
9.5697842282e-01 -4.7743035211e+00 -4.0896093097e+01
193 175 147
2 0 2036 50.1200 -248.7900 1 1866 60.7600 -251.4400
-5.8622960906e-01 1.0921666426e+00 -1.2366893306e+01
112 89 71
2 0 2041 -101.3000 187.7400 1 1949 -43.1300 194.7500
7.4331587075e-01 5.8256309024e-01 -1.1738116371e+01
42 33 24
2 0 2049 135.1900 106.2300 1 1886 211.1500 90.1800
7.1787589615e-01 5.4548413503e-01 -1.1927018638e+01
53 39 31
2 0 2051 128.3900 97.5700 1 1887 202.4800 82.2300
-2.9163181299e+00 1.0752910873e+00 -2.5604024447e+01
255 247 229
2 0 2055 -242.9500 89.5800 1 1997 -216.1500 106.3700
6.8234579427e-01 4.6899105188e-01 -1.2169715192e+01
53 38 31
2 0 2056 119.6500 82.3500 1 1892 190.7500 66.4400
5.8345583326e-01 3.6490171732e-01 -1.2681344483e+01
121 92 66
2 0 2057 98.5400 62.3800 1 1898 163.5300 45.3800
-7.0647398816e-01 3.7405555367e-01 -1.3885899584e+01
186 162 149
2 0 2058 -108.4900 57.5100 1 1893 -62.9500 55.6200
-7.0647398816e-01 3.7405555367e-01 -1.3885899584e+01
186 162 149
2 0 2059 -108.4900 57.5100 1 1894 -62.9500 55.6200
2.0913901826e+00 2.3966166523e-01 -2.0623631342e+01
19 9 7
2 0 2064 216.3300 24.8600 1 1902 264.4500 11.3900
-8.7864816153e-01 9.3093378889e-02 -1.4855527755e+01
173 142 117
2 0 2066 -125.9200 13.7000 1 1904 -86.6500 10.7700
2.8310301836e+00 4.1059447912e-02 -2.0828648998e+01
146 125 101
2 0 2068 290.0700 4.6100 1 1910 339.9600 -14.2500
-9.4598122580e-01 3.2522136223e-03 -1.5285621355e+01
158 129 112
2 0 2069 -131.6300 0.9500 1 1906 -94.5800 -2.1200
2.2236166222e+00 -2.7803351101e-03 -2.1995874676e+01
128 99 64
2 0 2070 215.6800 -0.1500 1 1909 259.9400 -13.7100
-2.3929665029e+00 -4.9358746913e-02 -2.0573055346e+01
153 122 87
2 0 2071 -247.4000 -4.4500 1 1964 -224.1700 4.3600
2.8516827290e+00 -5.7080174124e-02 -2.1090355788e+01
36 23 11
2 0 2072 288.4600 -5.6400 1 1914 337.4200 -24.1300
2.8516827290e+00 -5.7080174124e-02 -2.1090355788e+01
36 23 11
2 0 2073 288.4600 -5.6400 1 1915 337.4200 -24.1300
2.6495376820e+00 -1.6531279704e-01 -2.1217488771e+01
19 12 5
2 0 2076 266.4200 -16.4700 1 1918 313.4800 -34.2000
-1.0343295478e+00 -1.4124942391e-01 -1.5757661656e+01
161 127 106
2 0 2077 -139.8300 -18.9000 1 1911 -104.8300 -21.5000
2.8413616789e+00 -1.7756006700e-01 -2.0916879278e+01
160 135 112
2 0 2078 289.7100 -18.2000 1 1967 338.5900 -37.0600
-1.0997169041e+00 -2.5653751737e-01 -1.6131200896e+01
174 125 85
2 0 2079 -145.3000 -33.7900 1 1920 -111.9400 -36.2500
2.4923428825e+00 -3.9439077087e-01 -2.1973909734e+01
156 124 86
2 0 2080 242.0000 -38.1300 1 1921 285.3800 -54.8700
-1.2205953874e+00 -4.2906923565e-01 -1.6902464272e+01
158 121 90
2 0 2082 -153.9800 -54.0900 1 1922 -123.3000 -55.9500
1.9594420620e+00 -7.4544580548e-01 -2.5393065464e+01
108 87 56
2 0 2084 164.6700 -62.4700 1 1926 198.7300 -73.4200
1.9594420620e+00 -7.4544580548e-01 -2.5393065464e+01
108 87 56
2 0 2085 164.6700 -62.4700 1 1925 198.7300 -73.4200
2.1060301791e+00 -9.3325033820e-01 -2.7766867402e+01
143 114 79
2 0 2087 161.5400 -72.1300 1 1927 193.2200 -80.6300
1.2483168885e+00 -1.0487941415e+00 -2.5542914864e+01
75 62 53
2 0 2088 104.4600 -87.2300 1 1931 134.4400 -96.1900
-1.5610325168e+00 -9.5552573601e-01 -1.8796596192e+01
216 189 137
2 0 2090 -177.1300 -108.4200 1 1975 -152.9300 -109.1800
-1.5610325168e+00 -9.5552573601e-01 -1.8796596192e+01
216 189 137
2 0 2091 -177.1300 -108.4200 1 1976 -152.9300 -109.1800
-1.6151137670e+00 -1.0893078597e+00 -1.9010438068e+01
201 159 116
2 0 2094 -181.1100 -122.1300 1 1935 -158.2700 -123.2300
-2.5739552947e+00 -2.0123506989e+00 -2.1068511579e+01
69 56 39
2 0 2098 -260.6900 -203.7900 1 1939 -247.2300 -201.4400
-2.5739552947e+00 -2.0123506989e+00 -2.1068511579e+01
69 56 39
2 0 2099 -260.6900 -203.7900 1 1940 -247.2300 -201.4400
2.5394195608e+02 -1.5688438147e+02 1.6327008045e+03
32 32 22
2 0 2110 -331.5400 205.3700 1 1946 -311.3300 235.6500
-5.7016350680e+02 3.7645803329e+02 -4.0247697084e+03
23 23 14
2 0 2111 -301.9700 199.9200 1 1948 -281.8600 228.6000
-3.5706870470e-01 1.0603730501e+00 -1.1444213378e+01
159 125 94
2 0 2112 -66.5600 197.6000 1 1993 -1.7700 201.2100
1.6952421759e+00 3.1908906484e-01 -1.9795467906e+01
34 21 13
2 0 2120 182.7700 34.6500 1 1959 231.1900 22.3600
5.5383232587e-01 2.0106276465e-01 -1.3127430821e+01
67 45 34
2 0 2121 89.9900 32.6700 1 1960 151.6300 16.6900
2.6613477691e+00 2.6958935783e-01 -2.1834846886e+01
68 56 42
2 0 2122 260.0300 26.4700 1 1961 308.0300 11.5800
1.7978531569e+00 2.1664620736e-01 -2.0144013239e+01
74 64 54
2 0 2123 190.3900 22.9900 1 1962 238.0700 10.4500
1.8855527222e+00 1.3288367914e-01 -2.0616238337e+01
41 29 17
2 0 2125 194.9600 13.4500 1 1965 241.7800 1.3000
2.7848012112e+00 -2.4741700605e-01 -2.1303546412e+01
30 23 13
2 0 2127 278.9100 -24.5700 1 2001 325.9000 -43.3700
1.8290575423e+00 -8.7205301939e-01 -2.5764989472e+01
76 61 42
2 0 2129 151.5800 -71.9100 1 1971 184.0500 -82.5300
1.2840792805e+00 -9.0208844878e-01 -2.4531066306e+01
68 55 46
2 0 2130 111.8600 -78.0900 1 1928 143.7200 -87.8300
-1.4164548205e+00 -7.1170793891e-01 -1.7869267391e+01
225 196 160
2 0 2131 -169.0000 -84.8800 1 1973 -142.1700 -86.2600
-1.7668156301e+00 -7.8315053249e-01 -1.9099458622e+01
80 57 43
2 0 2132 -197.2800 -87.4300 1 1972 -173.3500 -85.6800
-3.7495098281e-01 -6.0993820273e-01 -1.5039130493e+01
145 120 103
2 0 2133 -53.3100 -86.6700 1 2006 -14.2800 -98.9400
-2.9563096901e+00 -9.8263085675e-01 -2.3918348570e+01
181 147 102
2 0 2134 -263.3500 -87.4200 1 2003 -246.3400 -77.7000
-6.5659588176e-01 -1.1410914778e+00 -1.6827202587e+01
146 106 76
2 0 2139 -83.4900 -144.9100 1 1981 -52.8300 -155.3600
-7.8842004107e-01 -2.2703847164e+00 -2.1945658807e+01
128 92 59
2 0 2146 -76.5300 -220.5800 1 1986 -57.0400 -228.0400
-1.3290971449e+00 -2.3276232972e+00 -2.1111293689e+01
91 76 59
2 0 2148 -134.7000 -235.4900 1 1987 -116.6800 -240.7900
-3.3485262807e-01 1.1273188819e+00 -1.0404873414e+01
116 109 101
2 0 2152 -68.7500 230.5500 1 1944 2.8400 237.1000
-1.7064727991e-01 8.9909204725e-01 -1.1436964675e+01
169 143 130
2 0 2153 -31.9300 167.3300 1 2019 34.5600 166.8800
-1.5796335895e+00 1.2373357133e+00 -1.6391033915e+01
82 63 45
2 0 2154 -205.4400 161.2800 1 2018 -165.6700 174.0500
2.1147122487e+00 -2.0064386095e-01 -2.2849152349e+01
78 64 48
2 0 2160 197.5200 -18.4900 1 1999 238.5200 -31.4500
2.6647016483e+00 -1.1533659411e+00 -2.4496048495e+01
174 143 122
2 0 2164 232.4100 -99.7200 1 2028 267.5600 -117.4700
-2.3248363082e+00 -1.1246472148e+00 -1.9858238883e+01
81 49 27
2 0 2165 -249.5000 -120.6500 1 2007 -230.9300 -116.9900
2.0801531636e+00 -1.7815582499e+00 -2.9783561568e+01
147 118 100
2 0 2166 149.6100 -126.5900 1 2031 174.3400 -137.8700
1.8592723225e+00 -2.8372526505e+00 -3.1677588819e+01
33 24 15
2 0 2167 125.3400 -190.8500 1 2011 145.5800 -200.1500
-1.5981292370e+00 -2.6077338775e+00 -2.1726706323e+01
220 210 188
2 0 2168 -157.3500 -256.3300 1 2012 -141.8900 -260.4800
9.8505511711e-01 1.4868567240e+00 -1.4040707818e+01
24 15 10
2 0 2172 149.5100 224.9200 1 2017 223.0200 223.4000
-6.6077110888e-01 1.2101426518e+00 -1.2714478440e+01
51 25 10
2 0 2173 -110.8700 202.9500 1 2039 -54.1600 211.0000
2.7706376502e-01 6.4457800660e-01 -9.9905750942e+00
178 169 164
2 0 2178 59.2900 138.0600 1 2022 140.8100 125.1100
1.6179217659e-01 6.4364237349e-01 -1.1158514329e+01
175 162 154
2 0 2179 30.9200 123.0100 1 2046 101.8500 113.8200
1.9728620252e+00 -2.8496688865e-01 -2.2966431738e+01
138 111 78
2 0 2184 183.4300 -26.0400 1 2024 223.0400 -38.8400
1.8529280386e+00 -5.6958704674e-01 -2.4393917052e+01
121 92 62
2 0 2185 161.9700 -49.9000 1 2025 198.0600 -60.4500
-1.9647660803e+00 -5.0703231321e-01 -1.7812552264e+01
180 151 109
2 0 2186 -234.8200 -60.3300 1 2047 -210.9700 -57.4800
2.4277675213e+00 -6.5185368300e-01 -2.3301740572e+01
146 116 78
2 0 2187 222.4000 -59.3300 1 2026 261.4600 -75.1700
-1.5590033424e+00 -5.3494430625e-01 -1.8392542282e+01
135 105 78
2 0 2188 -180.7400 -61.9800 1 2048 -153.9000 -60.7600
1.6992948910e+00 -9.7106548027e-01 -2.5932397268e+01
116 89 59
2 0 2189 139.9800 -79.5100 1 2027 171.3200 -89.8300
1.5297947596e+00 -1.0862561032e+00 -2.6356679801e+01
24 9 4
2 0 2192 124.1100 -87.4000 1 2005 153.8000 -97.1600
1.9655043114e+00 -1.4305966395e+00 -2.7157304236e+01
31 12 3
2 0 2193 154.5600 -112.0600 1 2029 183.5100 -123.3800
1.9655043114e+00 -1.4305966395e+00 -2.7157304236e+01
31 12 3
2 0 2194 154.5600 -112.0600 1 2030 183.5100 -123.3800
1.2226245359e+00 -3.1154671841e+00 -3.4550708075e+01
172 145 123
2 0 2196 76.0100 -191.6800 1 2052 92.3000 -197.8000
8.5574097736e-01 1.5614563428e+00 -1.3521932333e+01
54 45 36
2 0 2201 134.9200 245.7200 1 2037 210.4400 245.4500
-2.1333826738e+00 6.0130932681e-01 -1.9629027127e+01
165 132 95
2 0 2212 -231.6300 65.5900 1 2059 -202.1300 76.9600
2.6615802498e+00 2.5110082044e+00 -2.1190848506e+01
97 82 61
2 0 2224 267.7900 251.4500 1 2055 330.1000 249.1700
6.0531678880e-02 9.5951245774e-01 -1.1026836578e+01
49 40 33
2 0 2227 11.6500 185.3600 1 2074 85.1100 183.3000
2.9261045080e+00 2.2455500439e-01 -2.1434015390e+01
149 122 101
2 0 2229 291.1700 22.2900 1 2061 341.2800 5.6100
2.1317895009e+00 4.0782843841e-02 -2.1124008001e+01
105 78 51
2 0 2230 215.3700 4.3900 1 2062 261.2200 -9.9600
1.9740536675e+00 -2.4668330029e+00 -3.2985732768e+01
144 117 98
2 0 2235 127.6900 -159.4600 1 2067 149.0500 -167.0500
-1.5983780473e+00 -1.8729137647e+00 -2.0413411479e+01
117 89 62
2 0 2237 -167.2500 -195.8800 1 2069 -148.3300 -198.8500
-2.3211288915e+00 -2.0610136222e+00 -2.1688819959e+01
224 217 199
2 0 2238 -228.2700 -202.6900 1 2070 -213.9600 -201.3700
2.6188566939e+00 -4.4317749803e-02 -2.0932370151e+01
38 28 18
2 0 2243 266.9900 -4.1900 1 2080 315.1400 -21.9800
2.3419137995e+00 -2.6446733163e-01 -2.2495035440e+01
150 122 85
2 0 2244 222.1100 -24.9700 1 2089 264.5100 -39.5400
1.9324962108e+00 -8.9253648082e-01 -2.5151415890e+01
144 116 77
2 0 2245 163.9500 -75.5800 1 2081 197.5900 -87.0900
-1.4926084473e+00 -8.4563214141e-01 -1.8201926812e+01
216 200 153
2 0 2246 -174.9600 -99.1400 1 2090 -149.3500 -100.2600
2.1146634962e+00 -2.2599015824e+00 -3.1374846677e+01
151 123 102
2 0 2247 144.0000 -153.2900 1 2082 166.8100 -162.9500
-2.4265040333e+00 -1.6886771253e+00 -2.1113233944e+01
23 14 9
2 0 2248 -244.2500 -170.0300 1 2083 -230.3600 -168.1700
-1.8009836486e+00 -2.2832108994e+00 -2.1846107977e+01
74 57 47
2 0 2250 -176.0600 -223.0800 1 2085 -160.2400 -224.9600
3.0906006771e+00 -8.2480886612e-01 -2.3901754130e+01
170 142 120
2 0 2255 276.1900 -72.8000 1 2093 315.4000 -92.4900
-9.1977515903e-01 -2.1169737694e+00 -2.0519325693e+01
47 38 29
2 0 2256 -95.8900 -220.3000 1 2091 -74.9700 -227.9800
4.8148318561e-01 -8.6017279773e-01 -1.9671432098e+01
40 25 18
2 0 2263 52.7800 -92.4300 1 2103 87.0300 -105.2600
