# Bundle file v0.3
3 25
2.1329524755e+03 -1.5018652918e-03 -5.6431503815e-05
9.9964052467e-01 9.1387823300e-03 -2.5205239529e-02
-6.4056310348e-03 9.9429643508e-01 1.0645922726e-01
2.6034387514e-02 -1.0625950233e-01 9.9399754971e-01
-2.8491024936e-02 1.2052695485e-01 -1.0376414790e-02
2.1334372194e+03 1.5898504774e-03 8.1377549988e-05
4.3545070665e-01 6.6268637798e-01 6.0928601372e-01
-8.7633108173e-01 1.5718691926e-01 4.5534174815e-01
2.0597698238e-01 -7.3221515748e-01 6.4917982553e-01
6.8584913698e-01 5.2670884303e-01 -1.5136504005e-01
0 0 0
0 0 0
0 0 0
0 0 0
0 0 0
-5.8403703912e-02 5.5008627366e-02 -1.2942486502e+00
124 88 73
2 0 463 -87.8700 61.8500 1 1064 -187.4300 -5.6800
1.0608523954e-01 -4.7142249136e-04 -1.1217814389e+00
77 58 34
2 0 574 200.8200 -0.1400 1 1388 120.1700 -192.0600
1.3586618848e-01 -1.8642147476e-02 -1.1262720114e+00
136 106 77
2 0 652 256.6600 -35.7200 1 1197 118.0400 -274.6100
1.3458236501e-01 -2.3470209573e-02 -1.1299153372e+00
124 98 63
2 0 672 254.1600 -45.3100 1 1206 102.7200 -277.8600
1.3383940549e-01 -2.7435399322e-02 -1.1326618707e+00
127 97 68
2 0 690 252.0600 -53.2500 1 1211 91.1900 -281.4300
9.9024046336e-02 -5.2738218147e-03 -1.1263354184e+00
120 94 73
2 0 1307 187.1200 -9.9500 1 1537 97.4600 -183.3400
1.1569562478e-01 -6.1082400001e-03 -1.1226603633e+00
146 120 83
2 0 1311 219.5400 -10.9700 1 1399 120.4800 -217.3000
1.1061893839e-01 -6.8333585468e-03 -1.1245488592e+00
116 99 77
2 0 1314 209.3700 -12.6900 1 1396 110.7500 -208.3200
1.0452752038e-01 -2.4145856547e-02 -1.1373040954e+00
138 107 71
2 0 1345 196.4200 -47.3300 1 1549 56.1300 -216.9700
7.8758573197e-02 -3.8960335409e-02 -1.1517442434e+00
132 107 79
2 0 1382 146.4900 -76.7200 1 1114 -18.5200 -181.9800
4.9050730276e-02 -1.0025210007e-01 -1.1958510660e+00
84 74 64
2 0 1490 90.7900 -191.4600 1 1540 -222.6300 -192.6800
1.0362099715e-01 -7.2675159372e-04 -1.1219095809e+00
128 109 79
2 0 1704 196.3800 -0.5600 1 1633 116.7000 -186.6800
1.0251638021e-01 -2.6421279755e-03 -1.1237418992e+00
66 49 29
2 0 1706 194.0900 -4.5200 1 1538 109.5500 -187.0700
1.1228388095e-01 -9.3456300108e-03 -1.1249853943e+00
133 112 82
2 0 1718 212.6400 -17.5000 1 1637 107.9000 -213.8300
1.1228388095e-01 -9.3456300108e-03 -1.1249853943e+00
133 112 82
2 0 1719 212.6400 -17.5000 1 1638 107.9000 -213.8300
1.0846871155e-01 -1.2184371446e-02 -1.1284913305e+00
145 121 85
2 0 1723 204.8600 -23.4600 1 1548 93.6000 -210.3700
8.1519443183e-02 -3.1210992558e-02 -1.1461275683e+00
131 108 79
2 0 1739 151.5400 -61.7400 1 1630 6.1200 -178.6400
1.0104334856e-01 -4.3162344470e-03 -1.1254697310e+00
121 94 66
2 0 1899 190.8000 -8.0600 1 1697 102.6900 -186.6000
1.0104334856e-01 -4.3162344470e-03 -1.1254697310e+00
121 94 66
2 0 1900 190.8000 -8.0600 1 1698 102.6900 -186.6000
1.0081168298e-01 -7.3635760648e-03 -1.1270418529e+00
64 51 36
2 0 1902 190.3900 -14.0500 1 1634 95.0600 -189.1900
1.0910396544e-01 -9.7624665611e-03 -1.1264596654e+00
74 61 51
2 0 1904 206.4900 -18.5000 1 1703 101.2900 -208.3200
6.2936426328e-02 -5.2977215493e-02 -1.1588094049e+00
39 27 16
2 0 1928 116.8300 -103.2100 1 1693 -69.9700 -161.2200
8.1462143159e-02 -3.6459211259e-02 -1.1500049363e+00
76 61 42
2 0 2129 151.5800 -71.9100 1 1786 -8.7500 -184.9600
1.0458260017e-01 -9.5986308897e-03 -1.1281795805e+00
78 64 48
2 0 2160 197.5200 -18.4900 1 1804 93.8600 -199.9000
4.2356438721e-02 -9.9950122866e-02 -1.1991582118e+00
172 145 123
2 0 2196 76.0100 -191.6800 1 1814 -232.3300 -182.3000
