# Bundle file v0.3
3 34
2.1204688368e+03 -1.6634303204e-02 -4.9124652897e-04
9.9999378546e-01 -1.4409576537e-03 3.2175597002e-03
1.4667022083e-03 9.9996681740e-01 -8.0132947857e-03
-3.2059061147e-03 8.0179641886e-03 9.9996271651e-01
2.7920316414e-03 -7.4940246210e-03 5.3349340186e-03
2.1413364914e+03 2.4464824275e-02 1.1000089664e-03
9.5433595932e-03 -5.2315810677e-01 8.5218221034e-01
9.8595146911e-01 1.4704514676e-01 7.9230204945e-02
-1.6675918220e-01 8.3945417989e-01 5.1721180866e-01
8.9035379206e-01 6.4284787460e-02 -4.4001063847e-01
0 0 0
0 0 0
0 0 0
0 0 0
0 0 0
7.0330501081e-02 -5.7434447725e-02 -9.4084643751e-01
77 59 45
2 0 512 159.3600 -129.6400 1 285 259.0700 109.5000
4.0779162256e-02 -7.9654683786e-02 -9.4735814496e-01
140 113 83
2 0 561 91.2100 -178.8100 1 454 266.9800 38.0100
5.5965766374e-02 -8.1491737306e-02 -9.4161853537e-01
132 107 72
2 0 570 126.5000 -184.0300 1 384 279.5100 69.9300
-1.4630499932e-03 -8.5620699259e-02 -9.5145532550e-01
164 141 109
2 0 582 -3.9300 -191.5000 1 653 265.2900 -53.2900
5.7841293465e-02 -8.5052283538e-02 -9.3843075073e-01
160 126 91
2 0 589 131.1300 -192.8000 1 375 288.8400 73.2700
5.6198793085e-02 -8.7526113572e-02 -9.3654798777e-01
171 141 109
2 0 604 127.5400 -198.8800 1 386 294.7300 69.4600
5.5746618595e-02 -9.7220429656e-02 -9.2821221340e-01
148 115 82
2 0 648 127.3900 -223.1200 1 392 319.4300 67.0200
-1.0172972722e-01 -1.0344068497e-01 -9.5933248143e-01
78 66 50
2 0 656 -225.7200 -229.5600 1 1090 268.4100 -271.5600
7.1823353913e-02 -5.6808813682e-02 -9.4106199973e-01
120 102 88
2 0 1088 162.8100 -128.1600 1 1371 258.0400 112.7600
-6.3334966794e-03 -8.1814314663e-02 -9.5611446957e-01
125 99 71
2 0 1115 -14.7300 -182.0100 1 1678 252.8700 -63.3200
3.7980960026e-02 -8.3896533377e-02 -9.4403265505e-01
171 145 111
2 0 1121 85.4500 -189.0400 1 467 277.3500 31.1000
3.8396114820e-02 -8.6999641196e-02 -9.4166520920e-01
105 84 61
2 0 1128 86.4300 -196.6100 1 1497 284.7000 31.5700
4.5962987704e-02 -8.8221111796e-02 -9.3880087751e-01
130 109 82
2 0 1131 104.2500 -199.9300 1 1481 291.2100 47.1200
4.4180832321e-02 -9.4516499207e-02 -9.3363348576e-01
174 144 110
2 0 1140 100.6200 -215.5300 1 440 306.8400 42.4000
8.5436468515e-02 -9.9586057254e-02 -9.2837841380e-01
125 109 94
2 0 1155 195.9200 -228.2600 1 1353 320.1800 126.9000
8.5436468515e-02 -9.9586057254e-02 -9.2837841380e-01
125 109 94
2 0 1156 195.9200 -228.2600 1 1354 320.1800 126.9000
4.0287662554e-02 -1.1840908131e-01 -9.1286272573e-01
159 125 88
2 0 1202 93.9100 -276.5600 1 1500 367.7600 30.1900
-7.2024431087e-02 -5.8401085796e-02 -9.8538233534e-01
79 65 54
2 0 1368 -156.8200 -125.7200 1 2455 174.7100 -202.3500
-2.4135371357e-03 -7.8646418922e-02 -9.5799258577e-01
117 94 69
2 0 1382 -6.2800 -174.6100 1 2324 246.2100 -54.1500
5.3222197053e-02 -8.4913150387e-02 -9.4058577562e-01
101 79 57
2 0 1388 120.1700 -192.0600 1 1449 284.6000 63.4400
4.8778763588e-02 -9.1536780414e-02 -9.3538561261e-01
150 130 105
2 0 1396 110.7500 -208.3200 1 2152 300.6900 52.8400
5.2776710458e-02 -9.4983226601e-02 -9.3078713690e-01
179 149 117
2 0 1399 120.4800 -217.3000 1 2130 312.5700 60.8500
2.5527100851e-02 -1.1663770674e-01 -9.1863977656e-01
165 131 93
2 0 1419 59.3000 -270.6300 1 2247 355.4900 -1.1300
4.3374127658e-02 -8.1528705460e-02 -9.4560303896e-01
139 114 75
2 0 1537 97.4600 -183.3400 1 2172 272.0400 42.9000
4.8639601787e-02 -8.2940354443e-02 -9.4303218023e-01
91 77 58
2 0 1538 109.5500 -187.0700 1 2623 278.1900 54.0200
4.1216243494e-02 -9.2514120806e-02 -9.3611437938e-01
174 143 108
2 0 1548 93.6000 -210.3700 1 2632 300.3300 36.4200
-9.6012565610e-02 -5.6684545671e-02 -9.8971114349e-01
56 40 27
2 0 1614 -207.0200 -121.3800 1 2921 164.9100 -255.5500
3.0566976605e-03 -8.0247067731e-02 -9.5543137351e-01
164 134 98
2 0 1630 6.1200 -178.6400 1 2691 252.5700 -42.8400
4.2201312334e-02 -8.3947066883e-02 -9.4373723124e-01
90 75 63
2 0 1634 95.0600 -189.1900 1 2855 277.8700 39.9200
4.4652702742e-02 -9.1580466071e-02 -9.3587731885e-01
105 90 69
2 0 1703 101.2900 -208.3200 1 2973 299.8800 44.1300
2.2574056991e-02 -1.0956410393e-01 -9.2541201006e-01
173 136 97
2 0 1705 52.4100 -252.2000 1 2868 336.4600 -6.6700
5.7479189657e-02 -9.0266212070e-02 -9.3348139243e-01
162 128 91
2 0 1746 131.0200 -205.8100 1 3039 303.1000 71.6200
5.2229879865e-02 -9.1386956352e-02 -9.3383665490e-01
101 83 68
2 0 1747 119.1600 -208.2700 1 3041 303.5300 60.0200
4.1510401269e-02 -8.8301225962e-02 -9.3993708570e-01
107 93 74
2 0 1804 93.8600 -199.9000 1 3102 289.1600 37.7500
