# Bundle file v0.3
3 76
2.1851210420e+03 -1.4964420255e-02 -3.5137180947e-04
9.9611983029e-01 3.1258810149e-03 8.7951762701e-02
-7.0382324482e-03 9.9899755360e-01 4.4208044338e-02
-8.7725406687e-02 -4.4655534573e-02 9.9514327423e-01
7.6447352579e-02 3.9391627087e-02 -1.8933646631e-02
1.2900081667e+03 -7.4750218009e-02 -8.6220679996e-03
8.8765870488e-01 -4.6004317517e-01 2.0549954545e-02
1.7784517129e-01 3.8363389899e-01 9.0619872357e-01
-4.2477419731e-01 -8.0074047514e-01 4.2235242721e-01
9.9249226069e-03 7.7113663014e-01 -9.6209247063e-02
9.7946165944e+02 3.8007725702e-01 4.3442469379e-02
-8.3167141337e-01 3.9621262974e-01 3.8902212304e-01
-2.0386640769e-01 -8.6955510391e-01 4.4979151734e-01
5.1648925255e-01 2.9477020422e-01 8.0395856778e-01
3.2436204249e-01 3.5728089959e-01 1.0284330185e+00
-2.4670895140e-02 6.0050535136e-02 -7.7008526227e-01
134 98 74
2 0 211 -43.6100 182.1700 1 63 -155.0700 257.2900
-4.3286312274e-02 5.0624846849e-02 -7.8631369937e-01
195 152 116
2 0 260 -97.2200 151.5500 1 1237 -194.1100 200.6100
1.0243053106e-01 2.4464845062e-02 -8.1447049833e-01
141 114 84
2 0 471 278.1100 70.6100 1 237 186.3800 155.0900
1.1097851245e-01 1.6863963442e-02 -8.1426838157e-01
156 125 90
2 0 526 300.2200 50.6700 1 249 215.6400 152.6800
8.9618516720e-02 1.4908371182e-02 -8.2608399947e-01
132 111 81
2 0 542 239.4100 44.0900 1 319 170.7400 114.9400
9.2166628100e-02 1.4743007552e-02 -8.2500538390e-01
79 63 45
2 0 543 246.4500 43.7700 1 307 176.6500 118.3600
1.1965246429e-01 1.1147507255e-02 -8.1310601786e-01
125 100 59
2 0 557 323.4000 35.6400 1 242 242.4500 154.0300
-6.3899700722e-02 7.1160256940e-03 -8.2738674428e-01
107 74 55
2 0 590 -156.4100 27.0500 1 1420 -203.6500 38.6200
-5.4610419369e-02 -6.4761416337e-03 -8.2484544398e-01
213 194 160
2 0 655 -132.3400 -8.2300 1 457 -162.5000 35.5000
1.0073556207e-01 -1.2777704751e-02 -8.3474913773e-01
138 109 77
2 0 694 263.4100 -28.1600 1 387 235.0700 74.0200
8.7545910990e-02 -1.6941004791e-02 -8.4179446162e-01
139 114 84
3 0 715 227.2600 -36.2800 1 429 210.0500 46.5000 2 378 212.0900 59.3300
-6.2305384887e-02 -1.8066124041e-02 -8.3444896466e-01
226 205 170
2 0 716 -153.3300 -39.0600 1 1475 -171.1000 -9.6300
-7.6916082053e-02 -2.5916008401e-02 -8.4946366927e-01
86 59 46
2 0 750 -191.0400 -60.0500 1 1525 -204.9700 -71.3900
-6.2300877488e-02 -3.5947980365e-02 -8.4471014663e-01
92 63 27
2 0 789 -154.0600 -85.5800 1 1516 -149.4700 -62.2200
1.0256356802e-01 -3.9322396708e-02 -8.5546809652e-01
110 99 80
3 0 818 254.4800 -99.7800 1 525 277.0400 1.3900 2 418 291.4000 41.0200
1.0440389070e-02 -5.5794818292e-02 -8.3299372042e-01
124 75 47
2 0 887 34.2900 -137.2800 1 1476 88.0400 -10.3200
1.3361615933e-02 -5.7514801584e-02 -8.3459065835e-01
112 82 50
2 0 896 41.1800 -141.5600 1 568 98.6500 -15.3100
2.9586111111e-03 -8.6352877169e-02 -8.5314885833e-01
121 74 41
2 0 1003 10.2300 -213.8100 1 1569 115.2800 -114.6600
2.0668647040e-03 -8.9873180580e-02 -8.5544792992e-01
113 68 36
2 0 1018 7.4800 -222.4400 1 1587 118.4800 -127.2800
1.0359710213e-01 2.2410673884e-02 -8.1512356190e-01
159 130 96
2 0 1361 280.8700 65.0400 1 248 191.5800 152.3400
8.8534793241e-02 2.1792011866e-02 -8.2304110004e-01
113 97 73
2 0 1370 238.0500 62.4200 1 1315 159.1000 127.5200
8.8534793241e-02 2.1792011866e-02 -8.2304110004e-01
113 97 73
2 0 1371 238.0500 62.4200 1 1314 159.1000 127.5200
1.1807063085e-01 1.2349600062e-02 -8.1306395015e-01
130 101 69
2 0 1424 319.2800 38.8700 1 241 237.4200 154.5300
9.1794250795e-02 -2.2749649874e-03 -8.3294718304e-01
116 86 51
2 0 1466 241.4300 -0.8100 1 369 200.0200 84.3100
-5.7228383738e-02 -1.4935678865e-02 -8.3075422165e-01
117 85 53
2 0 1491 -139.8300 -30.7500 1 2040 -160.0100 7.5400
-6.1354023537e-02 -1.8855635292e-02 -8.3484833112e-01
83 42 17
2 0 1499 -150.8500 -41.1600 1 2063 -167.3800 -11.2000
-6.0775392129e-02 -3.4807746900e-02 -8.4403322431e-01
227 200 169
2 0 1542 -149.9800 -82.7000 1 2094 -146.3700 -57.7600
-7.8306030939e-02 -3.8991607245e-02 -8.5729386322e-01
74 38 14
2 0 1552 -194.7600 -93.4800 1 2131 -193.9100 -113.1800
-6.8117367397e-02 -4.2877492525e-02 -8.5094688903e-01
182 148 113
2 0 1566 -169.3000 -103.2700 1 2122 -158.3800 -93.7300
-7.5563410468e-02 -7.6740883875e-02 -8.7278824294e-01
34 21 12
3 0 1624 -188.2400 -186.9600 1 2505 -137.4300 -217.4200 2 2168 -65.2400 -175.7400
-7.5563410468e-02 -7.6740883875e-02 -8.7278824294e-01
34 21 12
3 0 1625 -188.2400 -186.9600 1 2504 -137.4300 -217.4200 2 2167 -65.2400 -175.7400
1.1829999940e-03 -9.3579599897e-02 -8.5746520566e-01
117 73 37
2 0 1658 4.9400 -231.6100 1 2147 122.0300 -139.5200
8.0798405460e-02 7.4508610973e-02 -7.8580822716e-01
45 27 19
2 0 1711 236.2800 211.8500 1 1816 77.8900 251.2800
8.6820323634e-02 5.5311918109e-02 -7.9970242946e-01
45 28 20
2 0 1730 245.3300 155.6400 1 1846 113.1300 207.6200
9.1174284335e-02 2.4889638498e-02 -8.1809841449e-01
69 55 36
3 0 1798 248.7200 73.0700 1 1304 161.2100 140.7500 2 1129 138.5400 116.7400
1.0123721617e-01 2.6384226573e-02 -8.1783880593e-01
151 124 93
3 0 1808 271.9800 69.5900 1 1293 182.1800 150.7500 2 1109 153.6300 131.2300
8.8682439925e-02 2.1077557965e-02 -8.2010133698e-01
67 50 33
3 0 1813 241.5400 64.6400 1 1921 160.7500 131.2600 2 1683 140.9200 109.1500
-5.4281094078e-02 1.0962981294e-02 -8.1472149584e-01
68 49 34
2 0 1846 -130.4500 38.9700 1 2336 -181.4000 82.7900
1.1482583049e-01 6.6443042291e-03 -8.1804279940e-01
114 96 73
2 0 1860 308.3500 23.1900 1 1915 238.0400 136.8700
1.1482583049e-01 6.6443042291e-03 -8.1804279940e-01
114 96 73
2 0 1861 308.3500 23.1900 1 1916 238.0400 136.8700
-6.7335749285e-02 -3.0279881533e-03 -8.3400101747e-01
94 49 33
2 0 1876 -165.7100 -0.1300 1 2378 -202.4800 6.8700
-6.8195634379e-02 -6.2982275835e-03 -8.3625876882e-01
85 48 27
2 0 1889 -168.1000 -8.8100 1 2384 -201.2900 -3.8000
-7.2327059964e-02 -1.3187838052e-02 -8.4075081953e-01
68 33 11
2 0 1902 -178.9700 -26.9400 1 2403 -205.7900 -27.2400
-4.9160029520e-02 -1.4795883309e-02 -8.2652483799e-01
226 186 144
2 0 1905 -118.5800 -30.1200 1 2364 -136.8100 24.1400
-5.6475806337e-02 -1.6780201191e-02 -8.3173675999e-01
239 221 178
2 0 1907 -138.1200 -35.5700 1 2380 -155.4700 2.9600
-7.5384782353e-02 -2.6072353600e-02 -8.4918459644e-01
68 35 16
2 0 1924 -186.9900 -60.5000 1 2424 -200.2900 -69.8400
-5.5256505743e-02 -2.6617681513e-02 -8.3540029988e-01
212 169 137
2 0 1926 -135.1700 -61.3700 1 2399 -140.2600 -18.9300
1.3838771883e-02 -4.0962197571e-02 -8.2325559975e-01
88 55 39
2 0 1950 45.6000 -98.8700 1 2017 75.1900 36.6800
-7.0537508068e-02 -5.0928428352e-02 -8.5647404547e-01
137 112 89
2 0 1966 -175.5100 -123.7000 1 2446 -155.8300 -123.3200
-7.3561361670e-02 -7.6264640528e-02 -8.7257034990e-01
143 116 89
3 0 1993 -183.9500 -187.4700 1 2688 -131.3300 -213.9400 2 2327 -59.8900 -170.9500
-4.7971606152e-02 3.8832582287e-02 -7.9545205146e-01
55 29 11
2 0 2058 -111.2300 117.2000 1 2303 -194.3100 164.5600
-4.7971606152e-02 3.8832582287e-02 -7.9545205146e-01
55 29 11
2 0 2059 -111.2300 117.2000 1 2302 -194.3100 164.5600
9.7402203838e-02 1.7355471625e-02 -8.2276775204e-01
149 123 86
3 0 2085 260.2500 47.8200 1 1923 185.3400 129.1900 2 1677 163.2800 115.7200
-8.3906472671e-02 6.0244959460e-04 -8.2740200084e-01
201 170 131
3 0 2102 -209.2100 9.4800 1 2621 -257.8100 21.4400 2 2085 -224.9800 -4.6000
-8.4497858426e-02 -2.9959857513e-03 -8.2956648262e-01
230 199 152
3 0 2107 -210.7300 0.1500 1 2624 -255.7600 10.5600 2 2092 -221.5000 -12.0700
-8.5886697413e-02 -6.9998146168e-03 -8.3154278227e-01
172 134 97
2 0 2112 -213.5800 -10.0100 1 2627 -255.0700 -1.1900
8.2552435188e-02 -1.0199914935e-02 -8.4200520277e-01
132 108 77
2 0 2121 214.3000 -21.9600 1 2354 189.5500 50.7700
9.7117975642e-02 1.9711060635e-02 -8.2134894258e-01
78 66 51
3 0 2241 260.5000 54.8100 1 2586 181.5300 133.9200 2 2020 158.4800 117.7100
8.8867199639e-02 1.6434952741e-02 -8.2281281952e-01
67 61 51
3 0 2243 240.8700 52.0500 1 2320 167.1000 121.0600 2 2027 149.4800 103.5600
9.8472381430e-02 2.5202632343e-02 -8.1838739282e-01
81 64 48
3 0 2322 264.9800 68.7100 1 2723 177.5200 146.4500 2 2239 151.3500 126.2100
1.2083353418e-01 -1.1073692503e-02 -8.2491518928e-01
171 144 123
2 0 2333 320.0500 -23.6900 1 2592 276.8800 107.6700
1.1328749059e-01 1.6110754881e-02 -8.1367422652e-01
158 128 90
2 0 2382 306.6600 48.6400 1 2807 221.5200 154.3000
8.7756972981e-02 1.5744479162e-02 -8.2674748148e-01
143 119 85
2 0 2383 234.1300 46.3100 1 2812 165.6300 113.3400
8.7205180162e-02 -1.4441715721e-02 -8.4036697008e-01
137 112 76
3 0 2393 227.3100 -29.5700 1 2815 205.3900 52.1300 2 2444 206.5500 62.3200
-5.9810284422e-02 -3.6643615395e-02 -8.4492406463e-01
216 174 137
2 0 2397 -147.2600 -87.5500 1 2897 -141.4500 -62.2100
9.0015336324e-02 -4.5773208622e-03 -8.3519596093e-01
138 109 77
3 0 2422 235.6900 -6.4800 1 2856 198.3900 76.4200 2 2443 192.4400 80.4700
8.4104483507e-02 -1.5535737679e-02 -8.4423528434e-01
78 62 47
2 0 2424 216.8600 -35.4500 1 2857 201.1400 40.8100
7.9014372684e-02 -1.6835973202e-02 -8.4713391772e-01
125 99 68
2 0 2426 202.8500 -38.8500 1 2859 191.2200 30.0400
9.3318957563e-02 1.6949625938e-02 -8.2299385631e-01
80 66 51
2 0 2446 250.4200 49.7500 1 2854 176.2500 125.4600
1.0981426570e-01 3.4456590392e-03 -8.2227135443e-01
141 111 75
2 0 2447 292.6000 14.8700 1 2887 232.2300 122.2400
8.3606826679e-02 -2.6244564748e-03 -8.3737428919e-01
122 96 69
2 0 2448 218.6400 -2.0200 1 2888 181.7500 69.7500
8.8990927124e-02 9.9040640758e-03 -8.2645741747e-01
148 119 87
3 0 2460 238.6800 34.9500 1 2909 176.5700 107.2900 2 2527 161.8200 95.2800
1.0921211646e-01 -6.1794687385e-03 -8.2695591303e-01
91 67 40
2 0 2486 288.5900 -10.4700 1 2947 244.9700 102.4800
9.7995737997e-02 -6.4317350609e-02 -8.6721451484e-01
147 120 99
2 0 2498 240.3500 -157.3700 1 2964 308.1600 -62.3700
-9.9446972046e-02 5.2337089792e-02 -9.0180228760e-01
220 211 194
2 0 1245 -245.2300 126.2900 1 1571 -324.6700 -117.5100
-1.0893450676e-01 8.2004476739e-03 -9.1150759886e-01
79 63 38
2 0 1448 -267.1100 19.1300 1 2206 -317.4200 -206.3900
