# Bundle file v0.3
2 22
2.1324600526e+03 -2.6018900654e-04 -1.2460753975e-05
9.9988915521e-01 -2.6236023174e-03 1.4655851994e-02
2.7323888046e-03 9.9996882991e-01 -7.4076480911e-03
-1.4635960447e-02 7.4468724778e-03 9.9986515728e-01
1.1507444634e-02 -5.8515394894e-03 6.1292900517e-04
2.1311427096e+03 8.5636862329e-04 3.5844302202e-05
5.4820211223e-01 7.3405965845e-01 4.0078780168e-01
-2.9476276214e-01 -2.7888447794e-01 9.1396846883e-01
7.8268087890e-01 -6.1917676458e-01 6.3488392626e-02
3.0669853133e-01 7.0425104029e-01 -6.5360948364e-01
-1.0066129114e-01 5.7137758388e-02 -7.0455226238e-01
52 52 42
2 0 227 -302.6900 170.7400 1 906 29.1700 194.1800
7.8834408322e-02 1.3049366546e-02 -8.0534076195e-01
64 47 29
2 0 512 207.7900 35.4400 1 1388 120.1700 -192.0600
7.9349347020e-02 7.8530162025e-03 -8.0904811960e-01
82 71 53
2 0 542 208.1100 21.7000 1 1131 104.2500 -199.9300
8.2203355500e-02 7.2464027441e-03 -8.1046449221e-01
81 68 51
2 0 545 215.3600 20.3000 1 1395 106.2900 -207.1400
1.0238592136e-01 -5.0274518839e-03 -8.2750938717e-01
127 104 70
2 0 599 262.1000 -11.3900 1 1202 93.9100 -276.5600
7.0020726460e-02 -1.1514976991e-02 -8.1771641119e-01
129 104 74
2 0 648 181.2000 -29.1300 1 1132 29.6200 -200.5400
9.5606939043e-02 -1.2378305857e-02 -8.3014058010e-01
134 108 74
2 0 653 243.5900 -30.4900 1 1419 59.3000 -270.6300
7.6520646478e-02 -2.0768042662e-02 -8.2757656172e-01
136 109 80
2 0 712 195.3400 -52.4800 1 1160 6.0300 -231.8900
7.7209906074e-02 -3.4462901771e-02 -8.3818470801e-01
149 122 85
2 0 794 194.2800 -86.4400 1 1181 -41.3700 -255.7200
4.2428828365e-02 -6.7673498636e-02 -8.4863724396e-01
83 75 64
2 0 1005 104.9400 -168.2000 1 1146 -201.9900 -218.9400
8.7358221225e-02 9.3673394960e-03 -8.1119978089e-01
131 113 86
2 0 1465 228.4800 25.7200 1 1399 120.4800 -217.3000
8.2976124055e-02 8.3347712584e-03 -8.1026102867e-01
104 91 75
2 0 1468 217.3000 23.0100 1 1396 110.7500 -208.3200
7.8307333310e-02 -6.4290782790e-03 -8.1856274404e-01
131 105 71
2 0 1506 202.5500 -15.7200 1 1549 56.1300 -216.9700
5.6159657757e-02 -1.6920772676e-02 -8.1593468496e-01
76 63 44
2 0 1545 145.5600 -43.4200 1 1382 -6.2800 -174.6100
8.1300239606e-02 3.7615683943e-03 -8.1272487216e-01
127 113 84
2 0 2099 212.1500 10.9500 1 1548 93.6000 -210.3700
3.5125476464e-02 -7.3372971475e-02 -8.4432484450e-01
83 78 72
2 0 2271 86.8500 -184.1400 1 1540 -222.6300 -192.6800
7.4565214588e-02 6.9251764828e-03 -8.0757849773e-01
56 47 41
2 0 2432 195.7700 19.0400 1 1634 95.0600 -189.1900
8.4635821917e-02 6.5503147829e-03 -8.1182450775e-01
120 103 76
2 0 2433 221.0400 18.1700 1 1637 107.9000 -213.8300
8.4635821917e-02 6.5503147829e-03 -8.1182450775e-01
120 103 76
2 0 2434 221.0400 18.1700 1 1638 107.9000 -213.8300
-5.3969846021e-02 -1.0173069142e-01 -7.5386236494e-01
93 79 68
2 0 2544 -150.6800 -289.1000 1 1471 -312.2500 186.4200
8.1812271871e-02 5.9050061046e-03 -8.1133601755e-01
67 55 39
2 0 2604 214.0400 16.7300 1 1703 101.2900 -208.3200
8.4704676626e-02 9.8917442043e-03 -8.0916604334e-01
66 55 38
2 0 2731 222.2000 27.1600 1 1747 119.1600 -208.2700
