# Bundle file v0.3
2 734
2.1732610791e+03 1.3165461617e-01 6.9880508920e-03
9.9998669208e-01 -2.6959615760e-03 -4.3985748861e-03
3.1624886332e-03 9.9395309781e-01 1.0975991078e-01
4.0760686320e-03 -1.0977236055e-01 9.9394839631e-01
-1.3755768245e-02 2.4539162704e-01 -1.4308379787e-01
1.2680121787e+03 -1.0489161898e-01 -3.3273149854e-02
9.9945950858e-01 -2.5524129484e-02 -2.0717372732e-02
3.1471277032e-02 9.2501693546e-01 3.7862016302e-01
9.4999705694e-03 -3.7906752424e-01 9.2532024868e-01
-1.8127644894e-02 8.5888545776e-01 8.8847896354e-01
-2.0986852235e-01 2.7770306531e-01 -2.1869207882e+00
129 120 114
2 0 59 -198.8500 260.6800 1 21 -192.4900 284.5700
3.3439770120e-02 2.6071508140e-01 -2.1989487295e+00
155 122 90
2 0 95 26.4200 243.1400 1 33 54.9600 272.1400
-1.7093584185e-01 2.5089905853e-01 -2.1889336742e+00
123 110 91
2 0 100 -162.8900 235.7400 1 1566 -153.4300 262.2900
-1.9687304938e-01 2.4792513835e-01 -2.1897161875e+00
130 97 74
2 0 105 -186.8700 232.8500 1 1567 -179.8200 258.2400
2.4942487719e-02 2.4595425305e-01 -2.2037538490e+00
124 114 100
2 0 112 18.6500 228.7200 1 1570 46.8600 256.5700
-1.3561280121e-01 2.4095127386e-01 -2.1847041172e+00
122 91 70
2 0 116 -130.4800 227.5200 1 1569 -117.9500 257.5700
2.9560231850e-02 2.3745531608e-01 -2.2050018598e+00
123 98 81
2 0 125 22.9300 220.7700 1 63 51.8900 248.7400
-1.6065882572e-01 2.2746610392e-01 -2.1902461013e+00
115 88 64
2 0 132 -153.4100 214.0500 1 1592 -143.2500 241.7300
5.5928024414e-02 2.2084189709e-01 -2.2131351796e+00
63 47 31
2 0 148 46.9900 204.2600 1 99 79.4300 230.7100
-3.0085005010e-01 2.1159201587e-01 -2.1819204434e+00
69 32 6
2 0 152 -284.9600 201.0000 1 1612 -289.0800 226.6800
3.2881314357e-02 2.1574435814e-01 -2.2097725473e+00
142 117 98
2 0 153 26.0000 200.1600 1 1611 56.1700 227.4400
3.9018647000e-02 2.1248158030e-01 -2.2071481807e+00
214 173 124
2 0 160 31.7300 197.7000 1 105 62.6100 226.2500
-1.3479230396e-01 2.0696439479e-01 -2.1925585504e+00
133 106 85
2 0 168 -129.4400 194.8800 1 1615 -116.6100 223.4800
-2.0388566325e-01 2.0653414542e-01 -2.1979781560e+00
179 139 110
2 0 169 -192.9100 193.4200 1 1620 -187.1000 217.3900
4.4330501598e-02 2.0031442870e-01 -2.2100400788e+00
114 74 55
2 0 184 36.6700 186.1300 1 1626 68.5300 214.1900
-2.6035249084e-02 1.9361791036e-01 -2.1819570619e+00
209 172 138
2 0 187 -29.0200 184.8600 1 1616 -3.7400 221.5000
-2.0066164145e-01 1.8650840260e-01 -2.2025383133e+00
168 131 99
2 0 207 -189.7700 174.2900 1 161 -183.6600 197.3600
-7.1315484375e-02 1.8132845262e-01 -2.1887843289e+00
149 133 120
2 0 211 -70.7700 172.2100 1 1640 -50.9000 205.0700
-1.2639264860e-01 1.8148641608e-01 -2.1948188040e+00
158 127 106
2 0 213 -121.5500 171.1700 1 155 -107.9800 199.8900
-2.8680210027e-02 1.7777314669e-01 -2.1871827945e+00
103 90 79
2 0 215 -31.6300 169.3600 1 147 -5.7600 204.2500
5.8039899931e-03 1.8081853009e-01 -2.2028587860e+00
46 29 22
2 0 216 0.7900 169.5400 1 159 30.1100 199.5700
-6.5471497497e-02 1.7306410371e-01 -2.1894073726e+00
154 141 125
2 0 224 -65.3500 164.5300 1 162 -44.6200 197.4800
-1.5055223663e-01 1.7139712572e-01 -2.1998350433e+00
117 92 72
2 0 228 -143.4700 161.0500 1 185 -132.8400 187.1900
6.2712493566e-02 1.6869585341e-01 -2.2179800924e+00
156 113 74
2 0 234 53.6300 156.1000 1 196 88.7500 182.5300
6.2712493566e-02 1.6869585341e-01 -2.2179800924e+00
156 113 74
2 0 235 53.6300 156.1000 1 197 88.7500 182.5300
-1.2843976102e-01 1.6402389822e-01 -2.1982991922e+00
127 101 78
2 0 240 -123.3000 154.5800 1 1677 -109.9200 182.2000
2.7374980411e-02 1.4883648763e-01 -2.2144460158e+00
80 71 68
2 0 268 21.1900 138.5100 1 1697 53.3300 165.3600
-2.6403642610e-01 1.4785407596e-01 -2.2117844406e+00
74 52 37
2 0 272 -247.8100 137.3800 1 1711 -248.7300 155.3200
-6.6967924183e-02 1.3982757936e-01 -2.1964446599e+00
129 112 104
2 0 278 -66.3300 132.8600 1 1699 -45.5800 163.2800
-1.8148962495e-01 1.4156689638e-01 -2.2068213569e+00
197 153 106
2 0 279 -171.6900 132.5900 1 1712 -164.7800 155.2700
-1.4149857607e-01 1.3684760610e-01 -2.2037175213e+00
170 136 109
2 0 286 -135.1300 128.8000 1 263 -123.3300 154.0600
-9.3768170768e-02 1.3780998335e-01 -2.2003311633e+00
173 150 132
2 0 288 -91.0000 130.3300 1 1706 -73.6000 158.4300
-9.3768170768e-02 1.3780998335e-01 -2.2003311633e+00
173 150 132
2 0 289 -91.0000 130.3300 1 1707 -73.6000 158.4300
6.8239618176e-02 1.3970702446e-01 -2.2235905137e+00
105 83 63
2 0 290 58.6400 128.9200 1 266 95.9200 153.7000
6.8239618176e-02 1.3970702446e-01 -2.2235905137e+00
105 83 63
2 0 291 58.6400 128.9200 1 267 95.9200 153.7000
-1.8725212206e-01 1.3394441566e-01 -2.2099138564e+00
152 135 125
2 0 295 -176.8900 125.1200 1 281 -170.4700 146.5000
7.9143735171e-02 1.3151070866e-01 -2.2279866452e+00
56 43 29
2 0 303 68.7900 120.8200 1 283 107.2700 144.4000
-1.5871784506e-01 1.2682701905e-01 -2.2076279108e+00
233 195 148
2 0 305 -150.8000 119.0000 1 293 -141.1000 142.1800
-1.1829782527e-01 1.2502742009e-01 -2.2028022929e+00
140 109 86
2 0 308 -113.7100 118.1700 1 1731 -99.1800 144.4500
-1.4464935084e-02 1.2187596293e-01 -2.1936725520e+00
199 168 133
2 0 312 -17.9100 116.9600 1 275 10.6800 149.8800
-1.4464935084e-02 1.2187596293e-01 -2.1936725520e+00
199 168 133
2 0 313 -17.9100 116.9600 1 276 10.6800 149.8800
-1.1598133855e-02 1.1963361836e-01 -2.1940146215e+00
125 102 87
2 0 316 -15.3500 114.8600 1 1724 13.9100 147.7000
-1.1598133855e-02 1.1963361836e-01 -2.1940146215e+00
125 102 87
2 0 317 -15.3500 114.8600 1 1725 13.9100 147.7000
-1.6986566732e-01 1.1615549191e-01 -2.2098402206e+00
143 110 82
2 0 330 -160.9800 108.8900 1 313 -152.7300 130.7600
-9.0405880854e-02 1.1133561491e-01 -2.2030296581e+00
139 118 99
2 0 335 -87.9400 105.6500 1 1750 -69.6400 132.5700
-1.8390862610e-01 1.1237897434e-01 -2.2134692079e+00
149 135 113
2 0 336 -173.7000 104.8800 1 330 -167.0100 124.9300
-2.1307874082e-01 1.0904125688e-01 -2.2175550068e+00
144 119 100
2 0 337 -200.3100 101.1900 1 349 -196.8900 118.7400
-3.6410268301e-02 1.0529545834e-01 -2.1994813028e+00
163 142 125
2 0 338 -38.2100 100.7800 1 316 -12.1200 130.5800
8.4580147549e-02 1.0995705096e-01 -2.2303086847e+00
50 39 30
2 0 339 73.9600 100.9300 1 339 114.0000 123.6900
-6.5908701572e-02 1.0149527666e-01 -2.2012117053e+00
128 115 103
2 0 344 -65.3100 96.9500 1 331 -43.6300 125.0900
-1.1526411488e-03 1.0020164320e-01 -2.1944081848e+00
212 175 144
2 0 345 -5.5400 96.9500 1 1755 25.7000 129.5300
-1.8181399024e-01 9.9589363640e-02 -2.2156214774e+00
153 144 124
2 0 351 -171.6200 92.9000 1 360 -164.8900 112.0100
8.1007010802e-02 1.0042139290e-01 -2.2299373277e+00
174 136 90
2 0 352 70.5500 92.3500 1 357 111.0800 114.9100
-1.1197885912e-01 9.2096465313e-02 -2.2070173800e+00
140 115 95
2 0 359 -107.7700 87.3800 1 361 -92.2000 111.6900
-1.1197885912e-01 9.2096465313e-02 -2.2070173800e+00
140 115 95
2 0 360 -107.7700 87.3800 1 362 -92.2000 111.6900
-9.4676949103e-02 8.8782254673e-02 -2.2063604674e+00
150 124 101
2 0 367 -91.6000 84.4900 1 371 -74.0100 109.4700
-1.9846349260e-01 8.6162598881e-02 -2.2174524212e+00
150 135 119
2 0 373 -187.1400 80.3000 1 399 -182.2800 97.9300
6.5390835026e-02 8.5949257155e-02 -2.2305710004e+00
139 113 97
2 0 377 56.4800 79.0400 1 1787 95.4200 100.6200
-1.7894407742e-01 8.1607445956e-02 -2.2173823759e+00
164 153 135
2 0 382 -168.9300 76.2300 1 404 -162.0900 94.3300
-1.7223185111e-01 8.1775221255e-02 -2.2159947715e+00
185 148 119
2 0 383 -162.9600 76.5600 1 1802 -155.1000 95.4100
-1.5243221954e-01 7.8329406835e-02 -2.2143897721e+00
159 120 93
2 0 386 -144.7700 73.6700 1 406 -134.4800 93.6100
-2.7757738746e-03 7.5792478240e-02 -2.1997860767e+00
126 95 74
2 0 389 -6.9900 73.7200 1 384 24.8700 103.4700
-1.2315614830e-01 7.5236039151e-02 -2.2104021682e+00
163 129 102
2 0 392 -117.9000 71.4400 1 1805 -103.9200 93.6000
-2.4195761812e-01 7.5461669981e-02 -2.2278912916e+00
45 41 33
2 0 398 -226.2900 69.0800 1 1823 -226.3800 81.3500
-1.7399405907e-01 7.2315331205e-02 -2.2187656049e+00
145 127 110
2 0 401 -164.4800 67.5300 1 415 -156.7500 85.0600
-2.0338177409e-01 7.0329851834e-02 -2.2224790052e+00
131 110 85
2 0 404 -191.1700 65.2000 1 1825 -187.3100 80.3600
-2.4709414921e-02 5.1777593472e-02 -2.2035611026e+00
194 168 145
2 0 422 -27.0500 51.0300 1 1836 1.7900 77.6400
-2.0363004398e-01 5.3941285369e-02 -2.2239145362e+00
154 137 113
2 0 424 -191.4900 50.0200 1 1852 -187.7900 64.0500
-5.2389600830e-02 4.9266239037e-02 -2.2079492350e+00
173 151 138
2 0 425 -52.6800 48.0900 1 441 -27.9000 72.1800
-2.2862380118e-01 4.7724029531e-02 -2.2312203098e+00
80 45 26
2 0 438 -214.0000 43.3800 1 486 -212.9500 53.9500
-5.4420740137e-02 4.3677879108e-02 -2.2093257797e+00
173 154 137
2 0 443 -54.3400 42.7800 1 454 -30.0900 66.0100
-7.1223626437e-02 4.2417386959e-02 -2.2095870554e+00
155 136 122
2 0 446 -69.6900 41.5500 1 1853 -48.3900 64.0600
8.5850938258e-02 4.4406052655e-02 -2.2342188055e+00
175 126 85
2 0 451 75.4500 40.8400 1 468 119.2700 60.1900
-2.3705000151e-01 4.4666256680e-02 -2.2296282801e+00
51 47 42
2 0 452 -221.7900 40.8000 1 1868 -222.3500 51.3800
-1.7261955708e-01 4.0864142508e-02 -2.2230319235e+00
221 213 196
2 0 455 -163.0800 38.2300 1 1865 -155.4100 52.9300
-1.7209133677e-01 3.7892354207e-02 -2.2232752636e+00
228 222 200
2 0 457 -162.5000 35.5000 1 1869 -154.9600 49.9400
9.7404707910e-02 3.5909996314e-02 -2.2380012555e+00
172 134 87
2 0 462 85.9300 32.7100 1 495 131.8400 50.7100
-1.5914060888e-01 3.1475884501e-02 -2.2208270867e+00
235 201 158
2 0 467 -150.7900 29.9300 1 1879 -141.5800 45.2300
-1.5914060888e-01 3.1475884501e-02 -2.2208270867e+00
235 201 158
2 0 468 -150.7900 29.9300 1 1880 -141.5800 45.2300
-1.5602889240e-01 3.0607775194e-02 -2.2214490943e+00
219 174 127
2 0 471 -147.7700 29.0900 1 514 -138.2800 44.2000
-6.7807250764e-02 2.8232401075e-02 -2.2128561795e+00
190 166 147
2 0 476 -66.7400 28.1200 1 1873 -44.0600 48.7800
-3.9327914664e-04 2.4773919048e-02 -2.2082767047e+00
150 140 137
2 0 484 -4.2400 25.6600 1 1870 29.0100 49.7500
-3.9327914664e-04 2.4773919048e-02 -2.2082767047e+00
150 140 137
2 0 485 -4.2400 25.6600 1 1871 29.0100 49.7500
9.8381959036e-02 2.4288150245e-02 -2.2420157331e+00
106 68 41
2 0 489 86.5900 21.7300 1 533 133.5200 37.7400
-4.8332477229e-02 1.7815876898e-02 -2.2121658691e+00
139 128 124
2 0 497 -48.8900 18.6700 1 2631 -22.6500 39.4600
-9.8160901840e-02 1.7703621530e-02 -2.2164486754e+00
169 141 118
2 0 498 -94.6900 17.9500 1 1889 -76.5900 35.7300
-1.7139449345e-01 1.7213513358e-02 -2.2242457781e+00
100 80 43
2 0 499 -161.9500 16.4400 1 1895 -154.5000 29.3200
9.0576382772e-02 1.7271637567e-02 -2.2376317377e+00
108 72 43
2 0 500 79.7400 15.7700 1 1891 125.9500 32.5600
1.0323438562e-01 1.5964384885e-02 -2.2421265006e+00
174 129 95
2 0 503 91.0900 14.1600 1 554 139.2400 29.7700
8.5183616449e-02 8.6959608970e-03 -2.2401316647e+00
165 129 99
2 0 513 75.0100 7.6300 1 1901 120.3900 22.9600
1.1099068900e-01 8.0445516100e-03 -2.2428504163e+00
75 52 33
2 0 514 98.7700 6.7700 1 580 147.5200 22.0800
1.6028896190e-02 2.0641831963e-03 -2.2087246306e+00
151 123 105
2 0 518 10.8600 4.7300 1 564 48.0500 27.4400
1.0660527249e-01 2.1752299865e-03 -2.2422435867e+00
159 124 89
2 0 524 94.5400 1.5400 1 1912 143.5800 16.3900
-2.9905382417e-01 1.2491785624e-03 -2.2263920341e+00
204 192 154
2 0 526 -280.2300 1.1100 1 1931 -290.4900 8.3200
1.0101905761e-01 3.8757043608e-04 -2.2410623711e+00
173 129 71
2 0 529 89.5000 0.0100 1 1915 137.8300 14.9400
1.0906820221e-01 -2.0502642995e-03 -2.2451020872e+00
77 52 38
2 0 533 96.8100 -2.6100 1 607 146.1800 11.1500
-7.7893423259e-02 -6.8145376182e-03 -2.2191541896e+00
166 147 130
2 0 539 -75.8400 -4.8200 1 609 -54.2600 10.8100
-7.4947435694e-02 -7.7537117875e-03 -2.2190795300e+00
187 168 151
2 0 540 -72.9600 -5.6600 1 1925 -51.1800 9.9900
-1.5782618434e-01 -8.2469076776e-03 -2.2252621565e+00
206 180 138
2 0 543 -149.4400 -6.9800 1 1939 -140.3200 4.0800
-1.8405865274e-01 -8.4729745071e-03 -2.2275949351e+00
152 145 118
2 0 545 -173.5800 -7.5100 1 628 -168.1800 2.0100
-2.4366329130e-02 -1.1240068376e-02 -2.2130354938e+00
176 160 149
2 0 547 -26.3900 -8.1300 1 1924 4.0700 10.7800
-4.1012793680e-02 -1.1744779617e-02 -2.2160261704e+00
170 156 147
2 0 551 -41.7100 -8.9400 1 1929 -14.1300 8.4300
-1.1890677879e-01 -1.4023546499e-02 -2.2221492133e+00
168 144 120
2 0 559 -113.6700 -11.8700 1 1946 -98.6000 0.9000
9.1571344893e-03 -1.7744371074e-02 -2.2131785372e+00
209 182 160
2 0 564 4.6600 -14.0400 1 2662 41.1900 5.2800
1.1115980717e-01 -1.5910885167e-02 -2.2462549638e+00
146 105 74
2 0 568 98.6500 -15.3100 1 646 149.4500 -2.9500
1.1115980717e-01 -1.5910885167e-02 -2.2462549638e+00
146 105 74
2 0 569 98.6500 -15.3100 1 647 149.4500 -2.9500
-3.5261032289e-01 -1.9334034120e-02 -2.2720201705e+00
191 172 128
2 0 574 -323.7300 -22.1900 1 1988 -335.6900 -31.4500
-7.1934987334e-02 -2.5009495478e-02 -2.2194221058e+00
181 151 128
2 0 575 -70.2400 -21.5800 1 1951 -47.6100 -7.4900
-2.2540511053e-01 -2.6492763717e-02 -2.2376777855e+00
112 88 69
2 0 580 -211.0000 -25.1100 1 717 -211.3500 -21.4500
-1.9439883311e-01 -2.7418156491e-02 -2.2325671394e+00
170 154 129
2 0 582 -182.8300 -25.3900 1 1967 -179.0600 -19.3500
-1.2416824838e-01 -2.9144831576e-02 -2.2257302039e+00
138 126 109
2 0 583 -118.3200 -26.1200 1 694 -104.0900 -16.0300
3.1106749829e-02 -3.3377651617e-02 -2.2124258951e+00
190 150 106
2 0 588 25.0100 -28.3400 1 669 66.2000 -9.6200
-6.9215525825e-02 -3.3529856431e-02 -2.2195821009e+00
178 157 137
2 0 590 -67.6600 -29.4400 1 695 -44.5600 -16.1500
1.8532796723e-02 -3.4258020370e-02 -2.2172362970e+00
132 119 110
2 0 591 13.5600 -29.6500 1 1958 52.0400 -12.9100
2.3974625730e-02 -3.5078343139e-02 -2.2133256639e+00
153 130 119
2 0 593 18.4100 -30.0200 1 1957 58.3500 -11.9800
-1.6293937906e-01 -3.5003009866e-02 -2.2295777690e+00
111 99 56
2 0 595 -154.0100 -31.9800 1 1975 -145.7500 -24.8000
-1.2245772748e-01 -3.7035357023e-02 -2.2268227636e+00
145 129 105
2 0 598 -116.7000 -33.4700 1 723 -102.1600 -24.4300
-3.5165136438e-01 -3.4103433914e-02 -2.2730917842e+00
196 172 128
2 0 602 -322.9700 -35.6700 1 766 -335.4700 -46.1900
1.1715148611e-01 -3.7590973643e-02 -2.2508503867e+00
179 128 83
2 0 603 103.9800 -35.4300 1 728 157.1800 -26.1800
-1.6255651170e-01 -3.9663038012e-02 -2.2293707485e+00
127 110 82
2 0 608 -153.7200 -36.2500 1 733 -145.4300 -29.4400
-1.2149298836e-01 -4.5020093558e-02 -2.2267128481e+00
134 122 104
2 0 612 -115.8600 -40.8100 1 1992 -101.1400 -32.5100
-8.6825762323e-03 -4.7413722644e-02 -2.2173697225e+00
176 160 152
2 0 614 -11.7400 -41.8900 1 1980 22.5900 -27.4400
-8.6825762323e-03 -4.7413722644e-02 -2.2173697225e+00
176 160 152
2 0 615 -11.7400 -41.8900 1 1981 22.5900 -27.4400
-5.3000098092e-02 -4.7422292082e-02 -2.2206868850e+00
168 152 139
2 0 616 -52.6300 -42.3100 1 1986 -26.4100 -30.2900
-1.3567372835e-01 -4.7127126468e-02 -2.2294137264e+00
166 158 141
2 0 618 -128.8300 -43.0200 1 2003 -116.3400 -36.1900
1.0756646382e-01 -4.6667219607e-02 -2.2466018981e+00
130 86 49
2 0 619 95.5900 -43.4200 1 740 147.8400 -33.9800
1.3024767377e-01 -4.9544719406e-02 -2.2542728587e+00
161 136 111
2 0 624 116.1300 -46.6400 1 751 171.6100 -38.9900
-3.5102381257e-01 -4.6371795308e-02 -2.2757800161e+00
213 191 145
2 0 625 -322.2300 -47.0100 1 804 -334.9700 -59.1600
-1.3741149058e-01 -5.3279282958e-02 -2.2274351309e+00
80 62 41
2 0 629 -130.5300 -48.5200 1 758 -118.5700 -41.8100
-1.5679792369e-01 -5.6581324202e-02 -2.2320086013e+00
192 180 161
2 0 641 -148.0400 -51.9600 1 772 -139.3300 -47.6100
-1.0514444705e-01 -5.8891895002e-02 -2.2235278995e+00
182 156 133
2 0 642 -100.8300 -53.2800 1 2014 -83.6100 -45.0300
-1.1887582877e-01 -5.8972909774e-02 -2.2272850142e+00
143 126 104
2 0 644 -113.4200 -53.7000 1 769 -98.3000 -47.0000
-1.3391574895e-01 -6.0005550282e-02 -2.2296129586e+00
189 179 149
2 0 646 -127.2000 -54.8800 1 2019 -114.5500 -49.4500
-1.3020460272e-01 -6.0114542182e-02 -2.2286268948e+00
150 121 95
2 0 647 -123.8800 -54.9000 1 2016 -110.5500 -49.0600
-3.2049676724e-01 -5.9152756593e-02 -2.2552292198e+00
157 134 100
2 0 648 -297.1300 -56.8700 1 2040 -309.7700 -63.7600
-1.8572757892e-01 -6.1885406166e-02 -2.2318442745e+00
145 118 88
2 0 649 -175.0500 -56.9700 1 793 -170.8000 -53.9200
1.2330918569e-01 -6.1974958604e-02 -2.2513140172e+00
140 108 85
2 0 653 109.9600 -57.7500 1 786 165.5200 -50.7100
-1.3294848175e-01 -6.5737021965e-02 -2.2287595613e+00
165 155 132
2 0 658 -126.4200 -60.1000 1 2029 -113.6000 -55.0200
3.0657687695e-02 -6.7148326227e-02 -2.2178355653e+00
162 139 115
2 0 659 24.7500 -60.0600 1 768 67.1700 -46.7700
-2.8786436245e-02 -6.8611620473e-02 -2.2231619864e+00
150 138 132
2 0 666 -30.1800 -62.0100 1 2023 1.0000 -52.3800
1.0796057332e-01 -6.7006928399e-02 -2.2487993858e+00
114 93 65
2 0 668 96.1000 -62.2100 1 2030 149.5100 -55.4400
7.5447257278e-03 -7.2722774464e-02 -2.2165953114e+00
166 157 157
2 0 670 3.5900 -65.2300 1 2026 41.4400 -52.9300
-1.1658815336e-01 -7.3493640915e-02 -2.2297926657e+00
140 125 101
2 0 671 -111.1200 -67.2600 1 810 -95.6600 -62.9300
-1.1658815336e-01 -7.3493640915e-02 -2.2297926657e+00
140 125 101
2 0 672 -111.1200 -67.2600 1 811 -95.6600 -62.9300
-1.3027876045e-01 -8.1873227543e-02 -2.2312169326e+00
165 150 140
2 0 680 -123.8500 -75.1500 1 2047 -110.5300 -72.6300
1.2822784958e-01 -8.1524242769e-02 -2.2566028655e+00
120 93 71
2 0 682 114.2900 -75.9500 1 830 171.9100 -72.4200
-1.5245545134e-01 -8.5886687184e-02 -2.2349228380e+00
216 202 175
2 0 687 -144.1000 -79.1700 1 2052 -134.5500 -78.8800
-1.5499027201e-01 -8.9132575069e-02 -2.2336107996e+00
118 95 66
2 0 696 -146.5800 -82.0900 1 850 -137.5300 -81.8900
1.3160959977e-01 -9.1309515246e-02 -2.2580356738e+00
143 111 81
2 0 701 117.2800 -84.9400 1 2056 176.3100 -82.8800
-3.3965488108e-01 -9.0879102695e-02 -2.2749984819e+00
220 196 150
2 0 703 -312.4200 -87.2000 1 895 -326.8000 -103.0800
-3.1914362029e-01 -9.2729394784e-02 -2.2603257731e+00
142 122 94
2 0 705 -295.4200 -87.7900 1 883 -309.4800 -99.6800
1.1691212548e-01 -9.9980336041e-02 -2.2551484073e+00
137 103 74
2 0 712 104.2200 -92.7800 1 2065 161.2000 -91.3400
1.1691212548e-01 -9.9980336041e-02 -2.2551484073e+00
137 103 74
2 0 713 104.2200 -92.7800 1 2066 161.2000 -91.3400
-3.2286969948e-01 -9.8580863095e-02 -2.2637802817e+00
190 165 129
2 0 714 -298.7700 -93.5200 1 2084 -312.6400 -106.7900
-1.8378681478e-01 -1.0184491276e-01 -2.2396817613e+00
149 134 115
2 0 715 -172.9100 -94.3200 1 2073 -168.4600 -98.2300
-1.1160021375e-01 -1.0439263054e-01 -2.2326193086e+00
137 119 100
2 0 719 -106.4500 -95.9600 1 2072 -89.9200 -96.2200
-1.9869434232e-01 -1.0795604942e-01 -2.2481708844e+00
80 50 39
2 0 723 -185.9200 -100.4800 1 2085 -183.6100 -107.9600
1.1650596475e-01 -1.1965548936e-01 -2.2612374981e+00
103 86 66
2 0 737 103.5800 -111.0900 1 916 161.8000 -113.9100
-3.3585586902e-01 -1.1785306941e-01 -2.2759016378e+00
221 193 146
2 0 738 -309.2200 -111.8000 1 952 -324.4600 -130.7700
-1.7951431288e-01 -1.2294153293e-01 -2.2376904834e+00
149 127 103
2 0 741 -169.1200 -113.6300 1 2101 -164.6900 -119.8000
2.3042768882e-02 -1.2577155568e-01 -2.2245522644e+00
201 178 163
2 0 743 17.8800 -114.9100 1 914 61.3100 -111.7600
1.3809107326e-01 -1.2606463041e-01 -2.2618137031e+00
109 74 46
2 0 745 123.2000 -116.8900 1 926 185.9300 -120.0600
1.3809107326e-01 -1.2606463041e-01 -2.2618137031e+00
109 74 46
2 0 746 123.2000 -116.8900 1 927 185.9300 -120.0600
-3.1371939133e-01 -1.3067427091e-01 -2.2608635200e+00
181 159 130
2 0 757 -291.0500 -122.6600 1 970 -305.9100 -138.9500
-1.0449397485e-02 -1.3408139836e-01 -2.2296189735e+00
177 162 148
2 0 758 -13.0100 -123.0000 1 2106 23.7100 -123.5800
-3.2399004295e-01 -1.3081998774e-01 -2.2693131352e+00
168 142 105
2 0 759 -299.4700 -123.2900 1 2130 -314.5500 -141.8700
-1.6753611283e-01 -1.4258679526e-01 -2.2371626144e+00
132 114 97
2 0 766 -158.2200 -131.7500 1 976 -151.8700 -140.3400
-1.9791647401e-01 -1.4343003714e-01 -2.2486951966e+00
82 45 22
2 0 770 -185.4300 -133.1700 1 2137 -183.6900 -145.6800
4.3474070332e-02 -1.4675934641e-01 -2.2287877705e+00
144 127 106
2 0 774 36.8400 -134.5600 1 2772 85.3900 -135.2000
1.2618208329e-01 -1.4716769187e-01 -2.2633084523e+00
157 134 110
2 0 779 112.7500 -136.4400 1 2131 174.2000 -143.1500
4.8493091718e-02 -1.4897872930e-01 -2.2285005386e+00
157 134 114
2 0 780 41.5300 -136.6000 1 2126 91.2000 -137.3500
-1.1956201342e-01 -1.4834759487e-01 -2.2374001618e+00
167 151 133
2 0 782 -113.7500 -136.9200 1 2135 -98.3500 -145.1500
-1.2516824956e-01 -1.6005858400e-01 -2.2365765122e+00
174 160 149
2 0 807 -118.9800 -147.7600 1 2151 -104.8100 -157.8400
-4.8687796231e-02 -1.6259316643e-01 -2.2335759153e+00
196 182 168
2 0 814 -48.1200 -149.7700 1 2149 -18.7600 -157.2100
-8.6534802927e-02 -1.6387270561e-01 -2.2373692900e+00
164 146 124
2 0 816 -83.1500 -151.2100 1 2157 -61.2300 -161.0000
-1.1139922359e-01 -1.6386059364e-01 -2.2408304844e+00
220 190 159
2 0 822 -105.9800 -151.4000 1 1031 -88.9400 -162.8100
-1.1139922359e-01 -1.6386059364e-01 -2.2408304844e+00
220 190 159
2 0 823 -105.9800 -151.4000 1 1032 -88.9400 -162.8100
-2.6213912951e-01 -1.6542229818e-01 -2.2265201940e+00
223 193 145
2 0 826 -247.7700 -153.1300 1 2162 -260.1400 -164.6600
-9.6697197265e-02 -1.6702572641e-01 -2.2374122654e+00
191 173 147
2 0 830 -92.3900 -154.1500 1 2163 -72.8100 -164.8200
-9.1236339514e-02 -1.6756047934e-01 -2.2346634633e+00
177 151 125
2 0 831 -87.5200 -154.5400 1 2164 -66.8000 -164.4200
-5.4417518724e-02 -1.6908183722e-01 -2.2333782940e+00
171 146 125
2 0 836 -53.3300 -155.8100 1 2165 -25.2100 -164.4900
-3.0984218442e-01 -1.7491432120e-01 -2.2647723998e+00
182 154 115
2 0 846 -287.5200 -163.4500 1 1101 -303.5800 -186.8900
6.2601542584e-02 -1.7757028275e-01 -2.2311227008e+00
95 72 62
2 0 849 54.6900 -163.2800 1 2173 108.8500 -169.1100
-9.7381917836e-02 -1.7812083677e-01 -2.2387758570e+00
205 200 181
2 0 854 -93.0200 -164.5100 1 1072 -73.3800 -177.4400
5.6172753903e-02 -1.8019274943e-01 -2.2345164714e+00
159 149 145
2 0 858 48.5300 -165.8200 1 2175 101.5900 -173.2500
-2.8801969050e-01 -1.7904102139e-01 -2.2485589810e+00
144 117 83
2 0 859 -269.3500 -166.6200 1 1098 -284.2900 -186.4900
2.4299154048e-02 -1.8141366079e-01 -2.2314444123e+00
198 181 172
2 0 863 19.4200 -167.0300 1 1061 65.1000 -174.8300
2.4299154048e-02 -1.8141366079e-01 -2.2314444123e+00
198 181 172
2 0 864 19.4200 -167.0300 1 1062 65.1000 -174.8300
-1.3026905968e-01 -1.8071605755e-01 -2.2384492177e+00
229 193 155
2 0 865 -123.7000 -167.0400 1 2178 -110.4400 -181.2400
-1.1431219624e-01 -1.8262867655e-01 -2.2418852947e+00
160 152 141
2 0 871 -108.6800 -168.8600 1 2184 -92.1100 -183.8100
-2.6780141945e-01 -1.8514990754e-01 -2.2350609260e+00
157 140 112
2 0 880 -252.2800 -171.8400 1 2190 -265.5000 -188.9900
-2.6780141945e-01 -1.8514990754e-01 -2.2350609260e+00
157 140 112
2 0 881 -252.2800 -171.8400 1 2191 -265.5000 -188.9900
1.0174550203e-02 -1.8615483921e-01 -2.2350527808e+00
194 184 182
2 0 883 6.2900 -171.5900 1 2180 49.1400 -181.6300
-3.0189002131e-01 -1.8455150639e-01 -2.2608821624e+00
200 168 127
2 0 884 -280.8200 -172.1900 1 2204 -296.5600 -196.0500
-2.0560939754e-01 -1.8940155792e-01 -2.2469093730e+00
94 81 73
2 0 893 -193.1500 -175.7100 1 1136 -193.8300 -195.2900
1.5556023213e-01 -1.9112830770e-01 -2.2744908464e+00
53 41 34
2 0 900 138.6400 -176.7700 1 2199 209.5000 -192.4800
-1.1291883358e-01 -1.9223325723e-01 -2.2469263832e+00
168 157 149
2 0 902 -107.0800 -177.9000 1 2205 -90.1100 -195.7500
-1.0869162307e-01 -1.9511928493e-01 -2.2404424731e+00
168 140 107
2 0 904 -103.4100 -180.3900 1 2208 -86.0200 -197.1100
8.7173792644e-02 -2.0292829742e-01 -2.2517228645e+00
72 63 58
2 0 918 77.2100 -187.3900 1 2226 136.7100 -201.9500
8.7173792644e-02 -2.0292829742e-01 -2.2517228645e+00
72 63 58
2 0 919 77.2100 -187.3900 1 2227 136.7100 -201.9500
-1.7542212559e-01 -2.0541645347e-01 -2.2520983570e+00
150 118 95
2 0 927 -164.8000 -190.5200 1 1218 -159.6800 -213.5100
-2.9793151436e-01 -2.0651198424e-01 -2.2597094686e+00
219 186 141
2 0 930 -277.5400 -192.4200 1 1245 -293.9100 -219.6100
-1.0595352235e-01 -2.1357638449e-01 -2.2428197891e+00
155 134 115
2 0 944 -100.9400 -197.6400 1 1242 -82.5300 -218.2600
4.9902514784e-03 -2.1395723403e-01 -2.2402918091e+00
176 165 161
2 0 945 1.6700 -197.6600 1 2246 44.2700 -214.3200
1.6614920818e-01 -2.1509996832e-01 -2.2733724737e+00
49 27 21
2 0 950 148.4100 -198.6300 1 2255 223.7800 -217.9300
-2.8791621737e-01 -2.1378527983e-01 -2.2518229363e+00
187 153 107
2 0 951 -269.2400 -198.9300 1 2269 -285.4000 -225.5300
-2.9054093857e-01 -2.1693049967e-01 -2.2548581706e+00
223 189 143
2 0 958 -271.3900 -201.9400 1 2278 -287.6700 -229.7800
-1.9669988257e-01 -2.2058778471e-01 -2.2539661890e+00
79 42 23
2 0 964 -184.3300 -204.6900 1 2283 -183.6800 -231.4500
-1.9669988257e-01 -2.2058778471e-01 -2.2539661890e+00
79 42 23
2 0 965 -184.3300 -204.6900 1 2284 -183.6800 -231.4500
-2.6998195689e-01 -2.2360159641e-01 -2.2414467519e+00
139 119 94
2 0 977 -254.0300 -207.9000 1 1296 -268.4300 -233.5500
-5.8576710495e-02 -2.2537901074e-01 -2.2397477696e+00
198 183 178
2 0 982 -57.0200 -208.4700 1 2277 -28.5100 -229.3000
-2.6557075851e-01 -2.2574578245e-01 -2.2360336097e+00
162 141 111
2 0 986 -250.4700 -209.7700 1 2290 -264.9700 -234.6200
1.7947202373e-01 -2.2757009360e-01 -2.2808707022e+00
29 19 12
2 0 987 160.1800 -210.1100 1 1295 238.5600 -232.8800
-3.0968980072e-01 -2.2587191774e-01 -2.2716758036e+00
227 196 150
2 0 988 -287.0000 -210.4800 1 1338 -304.9000 -243.9700
-2.6825885372e-01 -2.2788586377e-01 -2.2418034313e+00
141 122 96
2 0 991 -252.3600 -211.8600 1 1325 -266.6900 -238.4500
-6.4612106975e-02 -2.2889256839e-01 -2.2436904173e+00
197 183 177
2 0 993 -62.4000 -211.8100 1 2291 -35.2500 -234.4300
-9.1786869311e-02 -2.2955514111e-01 -2.2456791464e+00
124 114 101
2 0 994 -87.5000 -212.5100 1 2296 -66.2100 -236.5400
1.7925025585e-01 -2.3040132152e-01 -2.2798735164e+00
175 142 89
2 0 996 159.9600 -212.6400 1 2294 238.8600 -235.8100
-2.5925845044e-01 -2.3191445139e-01 -2.2370246316e+00
173 144 103
2 0 1003 -244.4500 -215.4800 1 2304 -257.9700 -241.7300
-1.5685354064e-01 -2.3306112608e-01 -2.2529877372e+00
130 113 95
2 0 1007 -147.3800 -216.0400 1 2305 -139.3900 -244.1600
-2.6886271306e-01 -2.3577812662e-01 -2.2439505942e+00
140 116 83
2 0 1010 -252.6900 -219.2200 1 2314 -267.3200 -247.9000
-1.3098426011e-01 -2.3876357421e-01 -2.1382667402e+00
148 128 113
2 0 1013 -131.5800 -220.6000 1 1252 -123.8100 -221.4800
-1.8603179560e-01 -2.3803026041e-01 -2.2585473790e+00
91 53 32
2 0 1016 -174.1300 -220.8600 1 2323 -171.4300 -251.7600
-1.1974175991e-01 -2.3927591849e-01 -2.2448090780e+00
159 140 122
2 0 1017 -113.5800 -221.6600 1 2315 -98.1500 -248.2400
-2.3437887833e-01 -2.4050553347e-01 -2.2200249253e+00
51 24 10
2 0 1022 -223.8000 -223.6600 1 2310 -233.2200 -246.7700
-8.9592445319e-02 -2.4337240388e-01 -2.2473188714e+00
125 119 110
2 0 1024 -85.4200 -225.4100 1 2326 -63.4500 -252.5300
7.9008996876e-02 -2.5262549101e-01 -2.2408097003e+00
177 141 103
2 0 1042 69.3400 -233.3100 1 2890 132.6200 -255.9400
-1.3089648659e-01 -2.5844553893e-01 -2.2489828369e+00
84 73 55
2 0 1054 -123.7300 -239.6100 1 2352 -110.5500 -271.3800
-1.3089648659e-01 -2.5844553893e-01 -2.2489828369e+00
84 73 55
2 0 1055 -123.7300 -239.6100 1 2353 -110.5500 -271.3800
-2.7312194129e-01 -2.5846954155e-01 -2.2510291383e+00
182 154 114
2 0 1060 -256.0200 -240.4300 1 2358 -271.6200 -275.2900
-1.1084519320e-01 -2.6268992266e-01 -2.2430266516e+00
171 166 154
2 0 1067 -105.3300 -243.5100 1 2357 -88.2100 -274.4600
-1.5251882620e-01 -2.6334409728e-01 -2.2481641204e+00
95 85 76
2 0 1069 -143.9800 -244.2900 1 2907 -135.4000 -277.4400
-1.3955580860e-01 -2.6522588801e-01 -2.2498049036e+00
26 23 19
2 0 1072 -131.7700 -245.9800 1 1458 -120.4000 -279.5800
-1.2336220539e-01 -2.6923049100e-01 -2.2455960899e+00
113 107 96
2 0 1075 -117.0700 -249.7100 1 2363 -102.2200 -282.8800
3.5121301249e-02 -2.7380410634e-01 -2.2406777960e+00
136 121 106
2 0 1080 28.9400 -253.4500 1 2361 82.7400 -281.9900
3.5121301249e-02 -2.7380410634e-01 -2.2406777960e+00
136 121 106
2 0 1081 28.9400 -253.4500 1 2362 82.7400 -281.9900
-1.5052785157e-01 -2.7870137432e-01 -2.2467518096e+00
120 118 111
2 0 1089 -142.0800 -258.6100 1 2374 -133.6600 -294.9100
-1.8900447276e-01 2.7698663176e-01 -2.1840551184e+00
151 144 132
2 0 1174 -179.8900 260.6100 1 1541 -171.7400 286.5500
-2.3453918619e-01 2.7156109654e-01 -2.1883207669e+00
101 78 62
2 0 1182 -222.0200 254.7000 1 1548 -217.0100 277.6000
4.6135136815e-02 2.6502110060e-01 -2.2036799600e+00
155 125 107
2 0 1190 38.0800 246.1300 1 1555 67.4700 273.4300
-1.8124612962e-01 2.5444735549e-01 -2.1881607922e+00
125 97 78
2 0 1198 -172.5200 239.1300 1 2403 -163.9100 265.3600
-2.0996306640e-01 2.4530246023e-01 -2.1933201111e+00
155 122 95
2 0 1209 -198.7400 229.7200 1 1575 -192.6100 253.4000
-2.0996306640e-01 2.4530246023e-01 -2.1933201111e+00
155 122 95
2 0 1210 -198.7400 229.7200 1 1576 -192.6100 253.4000
-4.9873646947e-02 2.4094767762e-01 -2.1764500283e+00
142 137 132
2 0 1212 -51.4500 229.3500 1 2404 -29.7300 265.5700
-1.6655326480e-01 2.4205187119e-01 -2.1890228937e+00
186 167 145
2 0 1214 -158.8900 227.6300 1 2416 -149.1300 254.8200
2.6572436598e-02 2.4175390122e-01 -2.2048475211e+00
128 120 112
2 0 1218 20.0900 224.7000 1 2420 48.7400 252.4100
5.4986864301e-02 2.3422307440e-01 -2.2106200506e+00
170 145 117
2 0 1226 46.2300 216.8500 1 1590 77.7600 243.6000
-1.9246044920e-01 2.2257000629e-01 -2.1953117295e+00
119 90 68
2 0 1228 -182.4000 208.5900 1 1601 -175.3500 233.3400
-2.0510085134e-01 2.1424514056e-01 -2.1971412294e+00
193 149 115
2 0 1237 -194.1100 200.6100 1 1614 -188.1600 224.5700
-1.1366381037e-01 2.1133476232e-01 -2.1880198626e+00
153 128 110
2 0 1240 -109.9500 199.7800 1 1605 -95.2800 230.6600
-1.7691367803e-01 2.0441445921e-01 -2.1979660189e+00
146 136 124
2 0 1248 -168.0200 191.5000 1 1624 -159.4500 216.6100
-1.5954977321e-01 2.0315931114e-01 -2.1951786175e+00
188 167 154
2 0 1252 -152.1200 190.8900 1 2433 -142.0100 217.7100
-1.0252096147e-01 1.9757769018e-01 -2.1902670826e+00
191 163 136
2 0 1258 -99.6600 186.7700 1 1621 -83.4400 217.6500
-1.0252096147e-01 1.9757769018e-01 -2.1902670826e+00
191 163 136
2 0 1259 -99.6600 186.7700 1 1622 -83.4400 217.6500
-1.5299001734e-01 1.8893278554e-01 -2.1965391898e+00
122 91 71
2 0 1264 -146.0200 177.6400 1 1642 -135.3300 204.6000
3.9211691693e-02 1.8985582936e-01 -2.2125868667e+00
127 113 100
2 0 1265 32.1500 176.1400 1 1643 63.5500 203.4500
-2.9625882575e-02 1.8219986061e-01 -2.1846383092e+00
96 85 77
2 0 1270 -32.4600 173.8700 1 1635 -7.0200 209.6200
5.2439565670e-02 1.8655088352e-01 -2.2128431915e+00
198 147 91
2 0 1272 44.1300 173.1600 1 1650 77.4800 200.8000
-1.0998835224e-01 1.8010694096e-01 -2.1947662160e+00
149 128 114
2 0 1274 -106.2400 169.9600 1 2441 -91.0100 199.2800
-1.5545976171e-01 1.7835716025e-01 -2.1994821881e+00
183 163 143
2 0 1276 -148.2100 167.4400 1 2445 -137.6700 193.4700
-1.2108116686e-01 1.7685150336e-01 -2.1969072949e+00
139 107 86
2 0 1277 -116.3700 166.5900 1 1657 -102.4200 194.7800
-2.2914702414e-01 1.7516030267e-01 -2.2129559582e+00
90 68 54
2 0 1281 -215.0700 162.1500 1 1679 -211.6500 180.6000
-1.5380248878e-01 1.7000714086e-01 -2.2022542063e+00
184 162 141
2 0 1285 -146.3500 159.3600 1 1671 -135.9200 184.5300
-1.4369298584e-01 1.6544566731e-01 -2.2006153127e+00
126 95 74
2 0 1290 -137.1400 155.4800 1 1675 -125.6700 181.6700
-1.7947104190e-02 1.5558895402e-01 -2.1879038641e+00
132 102 81
2 0 1295 -21.0900 148.8700 1 2456 5.7200 184.0400
-1.7895518820e-01 1.5519368887e-01 -2.2048302496e+00
161 118 84
2 0 1298 -169.6500 145.3300 1 1691 -161.8700 168.8500
-1.9535325303e-01 1.5062543385e-01 -2.2069836501e+00
194 150 107
2 0 1303 -184.5700 140.8000 1 1700 -178.7800 162.9400
-2.0160083492e-01 1.4759249000e-01 -2.2087325034e+00
71 52 32
2 0 1306 -190.2700 137.7300 1 2480 -185.0300 159.0500
-2.3666369121e-01 1.4924931333e-01 -2.2211533672e+00
94 54 34
2 0 1307 -221.4500 137.2200 1 2490 -218.9200 152.8900
-1.8730888148e-01 1.3850743528e-01 -2.2099110666e+00
153 143 134
2 0 1311 -176.9600 129.2800 1 1717 -170.3600 150.6900
-1.7996637787e-01 1.3410736568e-01 -2.2078921920e+00
181 140 110
2 0 1318 -170.4400 125.5700 1 1721 -163.0600 147.9700
-1.1941327863e-02 1.3071652178e-01 -2.1927180790e+00
126 107 87
2 0 1319 -15.6700 125.2500 1 2482 13.1500 158.7100
-1.4719571002e-01 1.3279824186e-01 -2.2064192232e+00
182 158 132
2 0 1320 -140.2700 124.6600 1 2499 -129.0200 148.7400
-1.4597235405e-01 1.2647939780e-01 -2.2072898264e+00
204 179 157
2 0 1326 -139.0300 118.7600 1 2502 -127.8000 142.5000
6.2270005606e-02 1.2230719499e-01 -2.2226175551e+00
198 149 94
2 0 1328 53.4300 113.2200 1 2507 90.6100 138.1200
-1.0454176896e-01 1.1857689666e-01 -2.2041685361e+00
134 112 89
2 0 1331 -101.0000 112.0800 1 2505 -84.4900 138.2600
-1.1066786933e-01 1.1482917383e-01 -2.2037735837e+00
147 116 95
2 0 1335 -106.5700 108.7000 1 2514 -91.1200 134.7300
-6.1201137368e-02 1.1380300116e-01 -2.1986340351e+00
131 112 97
2 0 1336 -61.1800 108.6400 1 1742 -38.7800 138.1500
-7.5850468817e-02 1.0252977606e-01 -2.2021579246e+00
130 114 103
2 0 1346 -74.6300 97.7300 1 2526 -54.0600 125.2500
8.8348586864e-02 1.0609540046e-01 -2.2315924304e+00
138 112 92
2 0 1348 77.3800 97.2600 1 1768 118.1000 119.6200
-1.0823985726e-01 1.0031541945e-01 -2.2059689574e+00
148 124 100
2 0 1352 -104.3800 95.0700 1 1767 -88.2700 120.1100
-1.7261391623e-01 1.0077027742e-01 -2.2121897878e+00
141 111 89
2 0 1353 -163.5500 94.4500 1 2539 -155.5400 115.1500
-8.5437306342e-02 9.5071365464e-02 -2.2044543742e+00
145 122 104
2 0 1358 -83.2600 90.5400 1 2537 -64.2100 116.7100
-1.2390519362e-01 9.3934539368e-02 -2.2087324033e+00
142 115 94
2 0 1360 -118.6800 88.8000 1 1775 -104.7100 112.1600
6.4186743638e-02 9.3066536931e-02 -2.2291198555e+00
156 129 108
2 0 1361 55.3700 85.7000 1 2548 93.8200 107.9300
-2.8592744572e-01 8.2653967238e-02 -2.1998938388e+00
85 46 25
2 0 1369 -270.4400 79.1900 1 2560 -277.6900 99.7800
-2.4028582165e-01 8.6321000862e-02 -2.2257939658e+00
110 81 69
2 0 1370 -224.8600 79.2600 1 2569 -224.5600 92.6000
-1.2003156789e-02 7.2955835867e-02 -2.2033407871e+00
149 140 129
2 0 1375 -15.4200 70.6000 1 2561 14.9700 98.7000
-1.2625717391e-01 7.3972380766e-02 -2.2128811470e+00
177 145 120
2 0 1378 -120.7900 69.9300 1 1810 -106.8400 91.1200
-9.1724525795e-02 7.1190560631e-02 -2.2085122751e+00
143 116 95
2 0 1380 -89.0100 68.0500 1 1809 -70.4500 91.7500
-4.9349509218e-02 6.9798466656e-02 -2.2032778330e+00
133 117 104
2 0 1382 -49.8200 67.5800 1 2568 -25.3500 94.4000
-1.6730476569e-01 6.8967807878e-02 -2.2168380780e+00
149 117 89
2 0 1387 -158.3600 64.7500 1 2580 -150.1100 82.9900
-1.6595067919e-01 5.7468492913e-02 -2.2175005475e+00
157 134 100
2 0 1395 -157.0600 54.1500 1 1843 -148.8800 71.6900
-5.9758046999e-02 5.4727240872e-02 -2.2078911315e+00
156 133 114
2 0 1398 -59.3500 53.1000 1 1835 -36.0800 77.2600
-2.0906877808e-02 5.3736863131e-02 -2.2039048427e+00
163 140 119
2 0 1399 -23.3700 52.8000 1 1831 5.7300 79.5200
-2.2460274596e-01 5.7828656569e-02 -2.2338987886e+00
89 51 30
2 0 1401 -209.8700 52.3000 1 2599 -207.9400 62.5400
-6.5359528883e-02 5.3480618813e-02 -2.2069113312e+00
140 121 107
2 0 1403 -64.5400 52.0600 1 2585 -42.1800 76.3100
-1.6704748910e-01 5.2425472517e-02 -2.2180910512e+00
225 192 153
2 0 1405 -158.1400 49.4400 1 2592 -150.0000 66.5300
-1.6704748910e-01 5.2425472517e-02 -2.2180910512e+00
225 192 153
2 0 1406 -158.1400 49.4400 1 2593 -150.0000 66.5300
-5.5760552473e-02 4.8328479161e-02 -2.2076292849e+00
153 136 114
2 0 1411 -55.5900 47.2600 1 1844 -31.7300 71.2900
9.3592031443e-02 5.1410064616e-02 -2.2354436943e+00
170 125 85
2 0 1412 82.4200 47.1000 1 1849 126.9400 66.6000
-2.2341725683e-01 5.0102674900e-02 -2.2332250172e+00
91 53 32
2 0 1414 -209.0100 45.3200 1 2612 -207.0300 55.5300
-3.6446437201e-01 5.3068490462e-02 -2.2688207468e+00
161 137 95
2 0 1416 -333.8100 43.4900 1 2635 -343.1400 38.1700
-8.2707491148e-02 3.7394048390e-02 -2.2134568877e+00
157 136 117
2 0 1424 -80.4600 36.4300 1 2609 -60.2500 56.9900
7.1305521156e-03 3.2474518967e-02 -2.2049360870e+00
131 108 97
2 0 1429 2.5200 33.1800 1 2603 37.0800 59.1400
-1.7270560144e-02 2.4367749099e-02 -2.2086618954e+00
165 143 130
2 0 1437 -20.1500 25.2000 1 2618 10.8700 48.5900
-5.1220619548e-02 1.5982465015e-02 -2.2135810104e+00
163 153 145
2 0 1442 -51.3700 16.8200 1 2636 -25.8300 36.9100
-2.8047826450e-01 1.1883742431e-02 -2.2092655196e+00
204 185 145
2 0 1445 -264.9200 12.7500 1 2647 -274.1800 26.7500
-1.1438658655e-01 1.2941084254e-02 -2.2192350166e+00
172 139 114
2 0 1446 -109.5300 13.2300 1 1896 -93.9200 29.2300
-5.1434547149e-02 8.6187924023e-03 -2.2108689559e+00
143 131 124
2 0 1449 -51.4600 10.3300 1 1892 -26.1900 30.7500
-1.2231267270e-02 1.6111378585e-03 -2.2097045686e+00
158 143 135
2 0 1454 -15.2900 4.1100 1 2649 17.0100 25.5900
-3.0792142883e-02 -2.6345019049e-03 -2.2153222177e+00
167 157 148
2 0 1458 -32.4900 -0.4400 1 1906 -3.0100 18.2600
1.1319372775e-01 -1.5781435766e-03 -2.2448385261e+00
77 54 40
2 0 1460 100.7000 -2.1700 1 1920 150.4700 11.8800
-2.6894548950e-04 -6.3731669265e-03 -2.2112707094e+00
74 56 42
2 0 1462 -4.1800 -3.3800 1 1909 30.4400 17.2800
-8.5279811377e-02 -6.2423355974e-03 -2.2200850735e+00
169 148 129
2 0 1466 -82.6600 -4.4100 1 1923 -62.2200 10.7400
-3.1848607356e-01 -4.5602714206e-03 -2.2439502539e+00
177 163 126
2 0 1467 -296.0300 -6.0200 1 1950 -306.8700 -5.1700
9.5552168812e-04 -1.0638507167e-02 -2.2106884191e+00
81 68 59
2 0 1470 -2.9900 -7.2600 1 2654 31.9100 13.2600
-1.8127913767e-01 -1.0876624642e-02 -2.2267737166e+00
253 239 208
2 0 1475 -171.1000 -9.6300 1 1948 -165.3700 0.0400
9.9444197883e-02 -1.0838098149e-02 -2.2420890814e+00
154 101 50
2 0 1476 88.0400 -10.3200 1 1942 136.9100 3.3700
1.1753549531e-01 -1.6697239961e-02 -2.2496486974e+00
71 50 25
2 0 1478 104.5600 -16.3800 1 2670 155.8100 -4.8400
-1.8731691033e-01 -2.2665507752e-02 -2.2280723013e+00
178 143 106
2 0 1479 -176.6500 -20.6000 1 2673 -171.9900 -12.5300
1.1599616867e-01 -3.3258832079e-02 -2.2476145069e+00
170 127 83
2 0 1483 103.1600 -31.2400 1 1970 155.8100 -20.6000
-2.7985376418e-01 -3.5671829191e-02 -2.2168930154e+00
160 140 105
2 0 1486 -264.1000 -32.0300 1 1974 -274.4600 -24.2500
-1.2443814309e-01 -4.2231612908e-02 -2.2258386908e+00
211 184 158
2 0 1488 -118.5700 -38.1700 1 2686 -104.4800 -29.4200
-1.2443814309e-01 -4.2231612908e-02 -2.2258386908e+00
211 184 158
2 0 1489 -118.5700 -38.1700 1 2687 -104.4800 -29.4200
-7.0253552095e-02 -4.2839448451e-02 -2.2216924352e+00
175 154 137
2 0 1493 -68.6800 -38.2200 1 1977 -45.3500 -26.5600
1.2521603958e-02 -4.3750794164e-02 -2.2170136761e+00
146 134 121
2 0 1494 7.8200 -38.4000 1 1972 45.9900 -22.7900
-2.4579962027e-02 -4.5834319314e-02 -2.2177783059e+00
151 138 131
2 0 1495 -26.2600 -40.5200 1 2682 4.7700 -26.5200
-1.6110031910e-01 -4.5859037914e-02 -2.2315956543e+00
126 107 79
2 0 1497 -152.2500 -42.1300 1 2694 -143.6600 -36.5700
-1.8664968212e-01 -4.8553503034e-02 -2.2325288117e+00
154 127 99
2 0 1499 -175.7600 -44.7600 1 2697 -171.3400 -40.5300
-1.1052336680e-02 -5.1328262768e-02 -2.2156035465e+00
160 146 142
2 0 1500 -13.7800 -45.3800 1 2688 19.9500 -30.8700
-3.5080088715e-01 -5.2834835573e-02 -2.2765597240e+00
211 187 141
2 0 1506 -321.8900 -52.8600 1 2042 -335.1100 -65.8500
-1.9165045315e-02 -6.2663705762e-02 -2.2195736965e+00
152 141 133
2 0 1513 -21.2500 -56.2100 1 2700 11.3700 -44.4800
-1.9165045315e-02 -6.2663705762e-02 -2.2195736965e+00
152 141 133
2 0 1514 -21.2500 -56.2100 1 2701 11.3700 -44.4800
1.1169516614e-01 -6.9245825406e-02 -2.2512424484e+00
200 157 115
2 0 1518 99.2200 -64.3700 1 2709 153.6800 -58.5300
-1.3124130017e-01 -7.2772515870e-02 -2.2312019509e+00
163 150 131
2 0 1520 -124.7100 -66.7600 1 2714 -111.5200 -63.1700
2.9980667260e-02 -7.6756996011e-02 -2.2188054905e+00
137 122 111
2 0 1521 24.1000 -69.0300 1 2032 66.9100 -57.2400
-4.8949654941e-02 -7.8098340385e-02 -2.2246791778e+00
170 157 148
2 0 1524 -48.8100 -70.9500 1 2716 -21.1000 -63.5600
-2.4558328102e-01 -8.2310585239e-02 -2.2375614562e+00
65 37 24
2 0 1529 -230.1600 -76.4500 1 2724 -235.4600 -78.9900
3.0185604660e-02 -8.5948110355e-02 -2.2204712469e+00
133 121 115
2 0 1530 24.4200 -77.6800 1 2718 67.4600 -67.5300
-3.2400040426e-01 -8.5748833135e-02 -2.2619454205e+00
184 160 126
2 0 1531 -299.8300 -81.6600 1 2067 -313.4900 -93.1200
9.1543514545e-02 -9.2228780167e-02 -2.2475214423e+00
95 87 83
2 0 1533 81.2900 -85.2700 1 2054 133.5500 -81.5500
-2.0104573582e-01 -9.2870557673e-02 -2.2495279810e+00
100 64 47
2 0 1534 -187.7500 -86.6900 1 2068 -185.5800 -92.7800
3.7616203449e-02 -9.6250468115e-02 -2.2217669044e+00
150 137 130
2 0 1535 31.1600 -87.2700 1 2725 76.4200 -78.6700
-1.5305827192e-01 -9.8475782200e-02 -2.2336746565e+00
110 87 64
2 0 1541 -144.8300 -90.7100 1 2737 -135.5400 -91.6700
1.1341556603e-01 -9.7927688865e-02 -2.2563992754e+00
180 151 116
2 0 1542 100.9700 -90.9900 1 2734 157.0900 -89.7600
2.5860940822e-02 -1.0162337564e-01 -2.2254001845e+00
138 129 121
2 0 1544 20.3200 -92.5300 1 2730 63.3500 -86.0800
-1.4869843123e-01 -1.0679821235e-01 -2.2367003758e+00
191 175 152
2 0 1551 -140.5700 -98.5500 1 2744 -130.5100 -101.3600
9.6025307695e-02 -1.0987059675e-01 -2.2537353802e+00
103 94 89
2 0 1553 85.1000 -101.7700 1 2745 139.3600 -101.9400
-2.1354039336e-01 -1.1236222479e-01 -2.2436704673e+00
126 96 81
2 0 1559 -200.2200 -104.3900 1 2753 -200.5900 -111.5200
-2.6393145994e-01 -1.1666396542e-01 -2.2237615543e+00
69 36 18
2 0 1562 -249.3100 -107.5900 1 2752 -260.1000 -110.9200
1.1787767107e-01 -1.1661071774e-01 -2.2560833848e+00
157 132 105
2 0 1563 105.3900 -108.1300 1 2751 163.3000 -108.9200
9.5104331083e-02 -1.1998435354e-01 -2.2535862113e+00
87 79 76
2 0 1565 84.4700 -111.0800 1 2754 138.9700 -112.5100
-3.5317709302e-02 -1.2343945416e-01 -2.2304816554e+00
167 154 143
2 0 1566 -35.7200 -113.2500 1 2756 -4.8500 -113.2500
1.1123500570e-01 -1.2366228691e-01 -2.2608613995e+00
54 35 21
2 0 1568 98.7400 -114.7300 1 2760 156.4500 -118.1900
1.2915879973e-01 -1.2371908112e-01 -2.2589333435e+00
138 94 54
2 0 1569 115.2800 -114.6600 1 2759 176.2100 -116.9700
1.3100047645e-01 -1.2889136866e-01 -2.2588645758e+00
128 87 39
2 0 1573 116.9700 -119.3800 1 2763 178.7000 -122.3300
-3.1062075621e-01 -1.2922090623e-01 -2.2574999721e+00
131 111 85
2 0 1576 -288.4200 -121.0500 1 2125 -303.5400 -136.4000
-2.1126192449e-01 -1.3289293555e-01 -2.2475366882e+00
127 95 81
2 0 1579 -197.8500 -123.4800 1 2769 -198.1600 -134.4500
1.3835404478e-02 -1.3604423579e-01 -2.2266469792e+00
167 151 138
2 0 1581 9.5100 -124.6100 1 2764 51.2200 -123.8900
-1.0973078822e-02 -1.3854766379e-01 -2.2283105583e+00
170 152 132
2 0 1584 -13.5900 -127.0800 1 2115 23.3500 -128.0200
1.3266745724e-01 -1.3738834682e-01 -2.2610635131e+00
141 96 60
2 0 1587 118.4800 -127.2800 1 2768 180.9600 -131.9200
1.1494565570e-01 -1.3965673037e-01 -2.2608546567e+00
52 34 19
2 0 1588 102.4500 -129.4400 1 2124 161.5900 -134.8700
1.4667829865e-01 -1.4512423041e-01 -2.2650998465e+00
164 124 88
2 0 1594 131.0500 -134.4800 1 2129 196.5500 -140.8500
-2.6902428711e-01 -1.4666717251e-01 -2.2298257936e+00
139 118 91
2 0 1598 -253.6500 -135.8200 1 2777 -265.9800 -145.3400
-1.4229648144e-01 -1.4775086238e-01 -2.2408642073e+00
194 172 149
2 0 1599 -134.4600 -136.5700 1 2778 -123.4600 -146.3000
-3.1758282349e-01 -1.4667393166e-01 -2.2647266641e+00
193 165 128
2 0 1602 -294.5500 -137.6700 1 2148 -309.8700 -156.9100
-1.4135026008e-01 -1.5214182568e-01 -2.2396703041e+00
202 180 156
2 0 1607 -133.7700 -140.6000 1 2784 -122.5200 -150.6500
-2.3629505356e-01 -1.5307754319e-01 -2.2385605533e+00
61 39 24
2 0 1609 -222.2300 -141.9300 1 2787 -228.1300 -154.0600
1.1991874877e-01 -1.5588344369e-01 -2.2634987774e+00
51 32 17
2 0 1612 106.7600 -144.3500 1 2786 168.2700 -152.7900
-3.1982606697e-01 -1.5461235617e-01 -2.2692706393e+00
201 173 134
2 0 1613 -295.9100 -145.0300 1 2794 -311.7600 -166.7300
-2.9590677715e-01 -1.5799426259e-01 -2.2519108508e+00
134 110 82
2 0 1621 -275.9800 -147.2900 1 2168 -290.8200 -164.8700
5.9298373921e-02 -1.6295686259e-01 -2.2329262939e+00
111 82 63
2 0 1624 51.4900 -149.7400 1 2146 104.0800 -153.6400
-2.9903508155e-01 -1.6036297716e-01 -2.2549093289e+00
169 143 111
2 0 1625 -278.7300 -149.7100 1 2795 -293.4300 -168.2600
1.5808381046e-01 -1.6378595162e-01 -2.2721189556e+00
62 46 31
2 0 1627 141.2000 -151.8000 1 2789 209.7800 -162.3100
-2.0738529992e-01 -1.6748727777e-01 -2.2491791524e+00
115 95 83
2 0 1631 -194.3500 -155.4600 1 2796 -194.7600 -172.0200
-6.9273966846e-02 -1.6973746478e-01 -2.2340714501e+00
202 182 158
2 0 1638 -66.9100 -156.4700 1 2792 -42.1600 -165.9300
5.7841271936e-02 -1.7166609944e-01 -2.2317612420e+00
203 199 195
2 0 1646 50.2600 -157.8200 1 2790 102.9900 -162.9300
-3.5913910441e-02 -1.8061928595e-01 -2.2345533004e+00
182 164 150
2 0 1656 -36.0700 -166.5500 1 2800 -3.9100 -176.9500
-3.1254634011e-01 -1.8210910292e-01 -2.2661143581e+00
205 179 142
2 0 1660 -289.8800 -170.1000 1 2203 -306.6500 -195.0600
2.6014552021e-02 -1.8473508975e-01 -2.2322186152e+00
199 186 177
2 0 1662 21.1700 -170.1700 1 2803 67.0800 -178.6700
-2.6344960148e-01 -1.8451227219e-01 -2.2289247795e+00
139 112 83
2 0 1663 -248.9300 -171.0600 1 2808 -262.0500 -186.4800
-5.2433539395e-02 -1.8573716798e-01 -2.2338085963e+00
181 161 143
2 0 1664 -51.3900 -171.3300 1 2807 -22.6500 -183.0000
-7.2830852518e-02 -1.9209625486e-01 -2.2373329747e+00
203 185 172
2 0 1668 -70.2400 -177.4000 1 2814 -45.5700 -191.7400
-2.6393241020e-01 -1.9229997096e-01 -2.2316548342e+00
126 101 78
2 0 1670 -249.1200 -178.4000 1 2819 -262.3800 -195.9100
-5.3273502016e-02 -1.9668651169e-01 -2.2375219452e+00
176 153 135
2 0 1673 -52.1600 -181.6400 1 2820 -23.1400 -196.2500
-2.2709779496e-01 -1.9887819234e-01 -2.2436722594e+00
56 39 28
2 0 1677 -213.5700 -184.5900 1 2832 -218.7300 -205.4600
1.8262975673e-01 -2.1036428588e-01 -2.2822141985e+00
128 105 80
2 0 1688 162.9400 -194.4200 1 2244 239.9700 -214.2600
-6.6579348986e-02 -2.1078738113e-01 -2.2388596317e+00
203 186 178
2 0 1689 -64.4800 -194.8500 1 2837 -37.9900 -212.8600
1.5056738611e-01 -2.1081795608e-01 -2.2717146205e+00
65 60 54
2 0 1691 134.5900 -194.8900 1 3214 206.0300 -213.3100
-1.3681391857e-01 -2.1295083030e-01 -2.2451666851e+00
97 76 59
2 0 1692 -129.4200 -197.2000 1 2843 -117.3400 -219.0900
-6.1446634697e-02 -2.1751632033e-01 -2.2420654566e+00
181 166 158
2 0 1701 -59.8100 -201.1800 1 2844 -31.6800 -221.0600
-3.0639737695e-01 -2.1929228664e-01 -2.2681840416e+00
185 155 109
2 0 1710 -284.4000 -204.3900 1 2293 -301.7700 -235.8500
-3.0381524620e-02 -2.2183782811e-01 -2.2410109025e+00
227 210 199
2 0 1712 -30.8800 -205.1200 1 2852 3.8400 -224.6300
5.1856368669e-02 -2.2277041446e-01 -2.2403506389e+00
119 114 108
2 0 1713 44.6800 -205.6800 1 2847 98.8500 -222.6400
-1.6530973345e-02 -2.2285740729e-01 -2.2412258013e+00
180 165 158
2 0 1715 -17.9900 -206.0500 1 2855 19.7300 -225.3500
-1.3114975153e-01 -2.2338610239e-01 -2.2468662414e+00
174 166 147
2 0 1716 -123.9500 -206.8900 1 2862 -110.9100 -231.0800
4.2589880081e-02 -2.2473991022e-01 -2.2407147230e+00
177 161 148
2 0 1718 36.2200 -207.5800 1 2858 88.2000 -225.2800
1.4201433952e-01 -2.2463086083e-01 -2.2708267265e+00
65 56 51
2 0 1719 126.8300 -207.5800 1 2861 197.9600 -228.6400
-1.0698193257e-01 -2.2521889865e-01 -2.2453936316e+00
172 165 152
2 0 1720 -101.7100 -208.5200 1 2865 -83.5000 -232.0400
1.6884140005e-01 -2.2665242087e-01 -2.2767585878e+00
37 22 22
2 0 1722 150.5600 -209.1800 1 2864 227.5200 -231.3900
1.6414109724e-01 -2.2757353846e-01 -2.2764116357e+00
52 31 26
2 0 1724 146.5300 -210.1600 1 2866 222.2500 -232.4200
1.6101924022e-01 -2.2864238562e-01 -2.2753498783e+00
47 38 33
2 0 1727 143.6400 -211.0900 1 2867 219.1400 -233.5100
-2.5880815494e-01 -2.3522927926e-01 -2.2358973467e+00
173 141 100
2 0 1731 -244.1600 -218.5600 1 2885 -257.9200 -245.2400
-4.2548813307e-02 -2.3832128652e-01 -2.2409947092e+00
184 169 162
2 0 1732 -42.0100 -220.5500 1 3234 -9.8000 -243.7800
7.9095644730e-02 -2.3930017425e-01 -2.2370464370e+00
52 22 7
2 0 1733 69.3700 -220.7900 1 2876 132.1700 -239.8000
-2.6393053292e-01 -2.4379626945e-01 -2.2419715729e+00
181 152 121
2 0 1736 -248.4200 -226.6900 1 2891 -262.6400 -256.4400
-2.6020266494e-01 -2.4784872755e-01 -2.2379814987e+00
163 133 96
2 0 1742 -245.4600 -230.4700 1 2337 -259.5600 -260.1000
2.9178683953e-02 -2.5410120403e-01 -2.2354184166e+00
30 24 20
2 0 1744 23.5000 -235.0000 1 2895 74.8800 -258.2100
-2.8847515868e-01 -2.5454661819e-01 -2.2580463966e+00
194 162 115
2 0 1745 -269.6700 -237.0200 1 2904 -286.6100 -272.4500
-2.8495395697e-01 -2.5643637548e-01 -2.2579061694e+00
253 226 179
2 0 1747 -266.1900 -238.6000 1 2906 -283.0300 -274.6100
3.0739584053e-02 -2.6146276022e-01 -2.2356143591e+00
31 25 18
2 0 1750 24.9200 -241.9000 1 2900 77.1300 -266.7400
-2.8361475036e-01 -2.6935543984e-01 -2.2587780888e+00
248 220 173
2 0 1752 -265.0100 -250.6400 1 2913 -282.0100 -289.4000
-1.7544319439e-01 -2.7016900361e-01 -2.2595473653e+00
133 127 115
2 0 1753 -164.3500 -250.6700 1 2911 -160.0800 -288.1400
-2.6044522622e-01 -2.8081709615e-01 -2.2440189310e+00
205 183 145
2 0 1762 -245.3300 -261.3900 1 2925 -260.0400 -299.3200
-7.9322336604e-02 2.5969233077e-01 -2.1744803469e+00
129 113 99
2 0 1818 -78.5700 246.9100 1 2389 -60.8400 281.8300
-2.2247521210e-01 2.6188846814e-01 -2.1886526759e+00
126 102 76
2 0 1819 -210.6400 245.8300 1 2399 -205.4100 269.7000
-2.0539588153e-01 2.5947924206e-01 -2.1904092246e+00
145 133 120
2 0 1821 -194.5800 243.2800 1 2400 -188.0200 267.3400
-6.3934659629e-02 2.4926637951e-01 -2.1743651695e+00
107 90 78
2 0 1825 -64.4900 237.3800 1 2937 -44.6300 273.5000
-2.6270504057e-01 2.5428033248e-01 -2.2020661847e+00
103 68 53
2 0 1826 -246.3600 236.2200 1 2418 -243.9600 253.8300
-2.2076743247e-01 2.4961387202e-01 -2.1921476717e+00
138 113 91
2 0 1827 -208.9400 233.8700 1 2415 -203.4800 257.3300
-1.6729520730e-01 2.4828732859e-01 -2.1886032853e+00
178 155 135
2 0 1828 -159.4900 233.4300 1 2409 -149.8800 260.3800
3.2558831117e-02 2.5020319045e-01 -2.2010986050e+00
104 78 58
2 0 1829 25.4100 233.1600 1 2408 54.6900 261.9400
-2.5036411274e-01 2.4826317586e-01 -2.2037790868e+00
82 49 32
2 0 1830 -234.8800 230.3800 1 2425 -231.5500 248.3000
-2.5036411274e-01 2.4826317586e-01 -2.2037790868e+00
82 49 32
2 0 1831 -234.8800 230.3800 1 2426 -231.5500 248.3000
-1.9540428828e-01 2.3960309509e-01 -2.1898396261e+00
130 98 78
2 0 1835 -185.5100 225.2200 1 2424 -178.6100 251.0700
3.4618750877e-02 2.4195010061e-01 -2.2031164226e+00
92 70 57
2 0 1836 27.3800 225.2600 1 2419 57.0600 253.8100
-1.7099274913e-01 2.3744554662e-01 -2.1912894890e+00
140 117 103
2 0 1837 -162.8900 222.9600 1 2949 -153.4500 249.3800
-1.8335963435e-01 2.0183687212e-01 -2.1976709383e+00
159 112 82
2 0 1856 -173.9700 189.2000 1 2436 -166.2300 214.2400
-3.9249662476e-02 1.9742492398e-01 -2.1844000285e+00
141 133 130
2 0 1857 -41.3500 187.8700 1 2954 -17.5400 223.0700
-1.0501964946e-01 1.8685011826e-01 -2.1919781286e+00
126 107 91
2 0 1869 -101.7300 176.6400 1 2960 -86.0800 207.0300
-2.0749589943e-01 1.8832228948e-01 -2.2042996858e+00
90 60 36
2 0 1870 -195.7700 175.6600 1 2443 -190.4700 197.7300
-2.0749589943e-01 1.8832228948e-01 -2.2042996858e+00
90 60 36
2 0 1871 -195.7700 175.6600 1 2444 -190.4700 197.7300
-1.1451898686e-01 1.8057425164e-01 -2.1938205270e+00
124 103 89
2 0 1875 -110.6400 170.5300 1 2439 -95.6800 200.0600
-1.1451898686e-01 1.8057425164e-01 -2.1938205270e+00
124 103 89
2 0 1876 -110.6400 170.5300 1 2440 -95.6800 200.0600
5.3875462047e-02 1.7769591939e-01 -2.2140858578e+00
187 136 83
2 0 1884 45.5200 164.9000 1 2967 79.3300 192.3300
-2.4713363379e-01 1.7186911140e-01 -2.2154239652e+00
93 51 33
2 0 1891 -231.4200 158.7300 1 2462 -229.6900 175.6700
-1.9865506664e-01 1.6732148408e-01 -2.2055302369e+00
180 135 103
2 0 1893 -187.7700 156.2600 1 2461 -181.7700 178.6900
-5.1010607988e-02 1.5443316742e-01 -2.1903543324e+00
119 104 94
2 0 1901 -51.7900 147.3000 1 2975 -29.1500 180.5100
-1.9685972190e-01 1.5581845677e-01 -2.2070824616e+00
195 142 98
2 0 1902 -185.9000 145.5300 1 2980 -180.1800 167.5400
-1.1031112080e-01 1.5360582866e-01 -2.1981869093e+00
137 112 90
2 0 1903 -106.6200 145.0900 1 2465 -90.9600 173.4600
-1.1031112080e-01 1.5360582866e-01 -2.1981869093e+00
137 112 90
2 0 1904 -106.6200 145.0900 1 2466 -90.9600 173.4600
-1.8239698515e-01 1.5304161283e-01 -2.2052578474e+00
199 142 93
2 0 1906 -172.8000 143.2900 1 2471 -165.4500 166.5400
-1.6200068674e-01 1.5242001315e-01 -2.2057155496e+00
157 135 117
2 0 1909 -153.9900 142.6700 1 2981 -144.1400 166.5200
-2.7644317235e-01 1.4161330246e-01 -2.2080197777e+00
68 42 23
2 0 1917 -259.6200 132.3100 1 2986 -262.7700 151.0200
-6.1462384006e-02 1.3617155071e-01 -2.1950772617e+00
120 107 99
2 0 1922 -61.4400 129.7300 1 2984 -39.6300 160.8200
-1.3623921451e-01 1.3520813223e-01 -2.2034264349e+00
131 103 81
2 0 1924 -130.2500 127.3600 1 2492 -117.9000 152.8900
-1.3623921451e-01 1.3520813223e-01 -2.2034264349e+00
131 103 81
2 0 1925 -130.2500 127.3600 1 2493 -117.9000 152.8900
-6.4170668685e-02 1.3071696290e-01 -2.1974410077e+00
148 134 119
2 0 1928 -63.7100 124.3500 1 2985 -42.4500 154.4300
-7.7697970465e-02 1.2076438767e-01 -2.2005461960e+00
154 138 125
2 0 1934 -76.3000 114.7000 1 2500 -56.3600 143.1000
-2.1463182567e-02 1.1572852724e-01 -2.1964680456e+00
142 134 132
2 0 1942 -24.3000 110.8600 1 2992 3.3900 142.4400
-1.3897205231e-01 1.1191560419e-01 -2.2069705674e+00
138 102 83
2 0 1949 -132.6500 105.4900 1 3002 -120.6600 129.3800
-1.9892504997e-02 1.0946724892e-01 -2.1981723955e+00
135 130 130
2 0 1950 -22.8700 104.8600 1 2995 5.3300 135.7400
-9.5474510490e-02 9.7240207441e-02 -2.2074332454e+00
150 125 106
2 0 1956 -92.4800 92.0800 1 3009 -74.6200 116.9400
9.5292269409e-02 9.4945145656e-02 -2.2315192456e+00
45 26 23
2 0 1961 84.3200 87.0800 1 2546 125.6300 109.6000
-1.0440299846e-01 8.3310431360e-02 -2.2077787092e+00
148 123 103
2 0 1969 -100.7000 79.2400 1 2553 -84.1200 103.2400
-1.0440299846e-01 8.3310431360e-02 -2.2077787092e+00
148 123 103
2 0 1970 -100.7000 79.2400 1 2554 -84.1200 103.2400
-1.9095903481e-01 8.0713419839e-02 -2.2149815293e+00
99 78 59
2 0 1973 -180.4600 75.6600 1 3025 -174.9300 94.2200
7.6197425700e-02 7.7440913782e-02 -2.2296327329e+00
83 65 49
2 0 1979 66.4000 71.4700 1 3029 107.3800 93.4100
-1.3703896430e-01 7.4994329891e-02 -2.2134467813e+00
180 158 135
2 0 1980 -130.5200 70.7900 1 2570 -118.4000 91.4200
-2.2639679240e-01 7.5422687608e-02 -2.2305254902e+00
97 57 36
2 0 1982 -211.5700 68.7700 1 2582 -209.8300 80.6400
-2.2639679240e-01 7.5422687608e-02 -2.2305254902e+00
97 57 36
2 0 1983 -211.5700 68.7700 1 2583 -209.8300 80.6400
-1.0645045980e-02 6.7050697177e-02 -2.2032673152e+00
156 149 140
2 0 1985 -14.1100 65.1800 1 3028 16.5900 93.0900
-2.9407375636e-01 6.6331197590e-02 -2.2087049484e+00
137 126 110
2 0 1986 -276.6300 63.1500 1 3041 -285.6700 79.5500
-8.6201653980e-03 6.0117444387e-02 -2.2045166897e+00
151 146 144
2 0 1988 -12.2800 58.6500 1 3033 19.0800 85.8500
-6.9845335530e-02 6.0645540358e-02 -2.2074168028e+00
137 119 105
2 0 1991 -68.7400 58.5700 1 3038 -47.0200 82.8700
-5.5206106327e-02 5.3934672482e-02 -2.2081525759e+00
177 155 137
2 0 1995 -55.2400 52.3500 1 3046 -31.0500 76.5300
-4.8533110590e-02 3.5465735156e-02 -2.2091611654e+00
180 159 142
2 0 2019 -48.9600 35.2600 1 2605 -23.5100 58.2400
-2.8618657880e-01 3.1387276220e-02 -2.2102195911e+00
189 160 106
2 0 2023 -269.8500 30.6600 1 2621 -278.8900 45.3700
-2.9162744184e-01 3.1626100019e-02 -2.2160782032e+00
199 187 153
2 0 2025 -274.1900 30.2000 1 3071 -283.2500 42.8200
-2.9029725425e-01 2.2120570739e-02 -2.2145048492e+00
198 189 150
2 0 2027 -273.4300 21.5600 1 2638 -282.6700 34.2900
-9.5393026370e-02 2.0010649431e-02 -2.2151363352e+00
195 168 143
2 0 2029 -91.9700 20.2400 1 2633 -73.8900 38.6700
-4.2445276230e-02 1.6387330395e-02 -2.2111988563e+00
151 133 121
2 0 2030 -43.4100 17.4800 1 2634 -16.2900 38.6700
1.0670602649e-01 1.9796316949e-02 -2.2428536030e+00
66 40 27
2 0 2031 94.6100 17.4900 1 2639 142.2400 33.3600
-1.6927909162e-01 7.6069666034e-03 -2.2251161065e+00
136 115 88
2 0 2040 -160.0100 7.5400 1 3078 -152.3000 19.5400
-2.1638644598e-01 8.2745787507e-03 -2.2362367660e+00
112 72 47
2 0 2041 -202.3800 6.9000 1 3083 -200.8500 13.8900
9.6888931961e-02 -3.5593858411e-03 -2.2413073959e+00
103 68 46
2 0 2049 85.6700 -3.6100 1 2655 133.7300 10.8000
-6.5366883966e-02 -6.9922776159e-03 -2.2140037078e+00
163 146 129
2 0 2050 -64.3500 -4.4300 1 3084 -40.9500 13.2400
-1.2446067202e-01 -7.1008988446e-03 -2.2242140510e+00
222 218 188
2 0 2054 -118.6300 -5.7200 1 3089 -104.4100 6.8000
1.0206647451e-01 -6.7730779839e-03 -2.2409850920e+00
180 132 85
2 0 2057 90.4200 -6.4900 1 2659 139.5500 7.9300
1.0055463435e-01 -1.9625815750e-02 -2.2426979194e+00
127 83 58
2 0 2068 89.2100 -18.4200 1 3100 138.5800 -5.5500
-2.1277723646e-01 -2.0882081617e-02 -2.2432855691e+00
96 50 34
2 0 2069 -198.7900 -20.4400 1 3110 -196.7000 -17.6300
-1.5385582244e-01 -2.3308020602e-02 -2.2253472093e+00
210 185 139
2 0 2070 -145.7400 -20.8000 1 3105 -136.3500 -10.9800
1.0488108092e-01 -3.1567436454e-02 -2.2453047689e+00
125 86 53
2 0 2072 93.0100 -29.5100 1 3111 144.0000 -18.3900
-1.5277954987e-01 -3.4647801176e-02 -2.2277298228e+00
220 190 145
2 0 2074 -144.7500 -31.4600 1 3118 -134.9600 -23.3700
8.2018710727e-03 -4.2328820915e-02 -2.2157564745e+00
73 61 52
2 0 2076 3.7900 -36.9900 1 3114 41.1800 -20.9700
2.5238453975e-02 -4.5471281073e-02 -2.2138894741e+00
138 125 117
2 0 2078 19.6900 -39.6900 1 3119 60.1700 -22.8700
3.6751877372e-02 -5.1149690050e-02 -2.2152270346e+00
90 66 46
2 0 2082 30.3000 -45.0100 1 2685 73.2700 -28.8900
-1.1562464175e-01 -5.0839073023e-02 -2.2273434049e+00
205 190 169
2 0 2084 -110.3900 -46.2000 1 3126 -94.7000 -38.5300
-1.9929934256e-01 -5.1276504543e-02 -2.2395652653e+00
91 68 50
2 0 2085 -186.8600 -47.8700 1 2703 -183.9600 -46.3800
-2.8498467519e-01 -5.4783894834e-02 -2.2256886732e+00
183 171 139
2 0 2086 -267.9700 -50.4300 1 2704 -279.1000 -47.4000
-1.9178723699e-01 -5.7953190374e-02 -2.2355046322e+00
106 88 70
2 0 2088 -180.4600 -53.6900 1 2705 -176.5800 -51.4100
1.8480561873e-02 -6.3156375961e-02 -2.2195424253e+00
148 140 137
2 0 2093 13.4800 -56.5400 1 3130 53.3500 -43.6800
-2.1399575164e-01 -6.6915727467e-02 -2.2399125383e+00
92 52 31
2 0 2095 -200.6000 -62.3300 1 3141 -200.1900 -62.9500
-3.3155070423e-02 -7.1713235658e-02 -2.2224988126e+00
175 162 154
2 0 2098 -34.2700 -64.8400 1 3136 -3.7500 -55.5200
-2.7663697655e-01 -7.2612174854e-02 -2.2167693981e+00
146 134 105
2 0 2100 -261.4000 -66.2100 1 3140 -273.3100 -62.2900
-2.0700085947e-02 -7.3771495089e-02 -2.2216569882e+00
158 145 136
2 0 2102 -22.8600 -66.6400 1 2708 10.2400 -56.9300
-3.2301763086e-01 -9.1065232133e-02 -2.2619104415e+00
194 170 136
2 0 2117 -299.0200 -86.5200 1 2741 -312.8100 -98.5000
-3.3652794653e-01 -9.4317071197e-02 -2.2731206487e+00
178 153 110
2 0 2120 -309.8300 -90.1800 1 2747 -324.3200 -105.8900
-1.6765759231e-01 -1.0164718672e-01 -2.2341304652e+00
204 181 146
2 0 2122 -158.3800 -93.7300 1 3155 -151.5900 -95.6300
-7.2467234882e-02 -1.1946987865e-01 -2.2295130316e+00
178 158 137
2 0 2128 -70.4100 -109.6200 1 3163 -46.4100 -109.9300
1.3184207666e-01 -1.1922732520e-01 -2.2590968700e+00
163 117 65
2 0 2130 117.7600 -110.5700 1 3164 178.6900 -112.2000
-2.6531422274e-03 -1.2533184157e-01 -2.2260624149e+00
163 152 148
2 0 2132 -5.7100 -114.6800 1 3165 32.0700 -112.6800
-3.7940380035e-03 -1.2970058638e-01 -2.2274814976e+00
181 171 166
2 0 2135 -6.8100 -118.8100 1 3166 31.0000 -117.9100
-9.4940576787e-02 -1.3696001301e-01 -2.2334358896e+00
177 156 131
2 0 2138 -91.2700 -126.1200 1 3167 -71.0100 -130.7700
1.3645342294e-02 -1.4349697982e-01 -2.2296401875e+00
218 186 159
2 0 2141 9.1800 -131.6600 1 3168 51.4300 -132.9700
1.3645342294e-02 -1.4349697982e-01 -2.2296401875e+00
218 186 159
2 0 2142 9.1800 -131.6600 1 3169 51.4300 -132.9700
1.1846213825e-01 -1.4985764711e-01 -2.2641038132e+00
52 33 18
2 0 2146 105.5100 -138.9000 1 2779 165.9900 -146.5700
1.3678929459e-01 -1.5067230666e-01 -2.2641041718e+00
152 107 66
2 0 2147 122.0300 -139.5200 1 2780 186.3900 -146.8200
1.4199456579e-01 -1.5486588039e-01 -2.2635630944e+00
161 116 66
2 0 2151 127.0100 -143.3900 1 2785 192.4100 -150.8900
-1.3927509945e-01 -1.6200152181e-01 -2.2403115406e+00
207 185 166
2 0 2156 -131.8700 -149.7600 1 2788 -120.2000 -161.5000
4.9663751867e-02 -1.6391012845e-01 -2.2314877443e+00
151 135 120
2 0 2157 42.6800 -150.6200 1 3172 93.2100 -154.5900
-2.6105819667e-01 -1.8081952640e-01 -2.2290261661e+00
217 184 141
2 0 2165 -246.5900 -167.5700 1 2806 -259.1900 -182.3700
-2.7016891303e-01 -1.8233647935e-01 -2.2370866178e+00
162 138 108
2 0 2167 -254.2700 -169.3100 1 3186 -267.4600 -186.4800
1.4656447095e-01 -1.8563636542e-01 -2.2715724017e+00
86 65 46
2 0 2168 130.4500 -171.6500 1 3185 199.5800 -186.1400
-2.9654993981e-01 -1.8647050272e-01 -2.2555239609e+00
219 186 143
2 0 2170 -276.6100 -173.8100 1 3194 -292.2100 -196.5900
-1.3506227747e-01 -1.9083084007e-01 -2.2411701811e+00
184 168 145
2 0 2173 -127.9700 -176.5300 1 3192 -115.6500 -193.3400
-4.5669367868e-02 -1.9569363418e-01 -2.2380030216e+00
197 157 122
2 0 2177 -45.1000 -180.7100 1 2817 -14.4700 -195.0100
-8.7130641767e-02 -2.0126777632e-01 -2.2393877808e+00
227 189 156
2 0 2183 -83.5500 -186.0400 1 3197 -61.5100 -202.9900
-1.9890560227e-02 -2.0662833899e-01 -2.2394120866e+00
181 167 161
2 0 2190 -21.3700 -190.8700 1 3200 15.4800 -206.7300
-3.1099342422e-01 -2.0797279783e-01 -2.2701108644e+00
199 170 124
2 0 2193 -288.2800 -194.0200 1 2851 -305.5300 -224.0100
6.7681862838e-02 -2.1924634309e-01 -2.2394291244e+00
185 170 163
2 0 2201 59.3700 -202.3300 1 3219 116.8400 -217.8400
-2.6117680816e-01 -2.2094164416e-01 -2.2339346926e+00
159 129 94
2 0 2204 -246.5000 -205.1900 1 3224 -260.3000 -228.6000
-7.7966732471e-02 -2.2605297127e-01 -2.2421508457e+00
218 200 185
2 0 2207 -74.8500 -209.1700 1 3227 -50.6700 -231.2900
-1.3072537759e-01 -2.2775625775e-01 -2.2467219911e+00
166 153 136
2 0 2209 -123.6400 -210.9700 1 2871 -110.4200 -235.9500
1.4631131559e-01 -2.2834639683e-01 -2.2740124514e+00
39 30 25
2 0 2210 130.7200 -211.0700 1 3229 202.5600 -233.2900
-4.1697007042e-02 -2.3103853611e-01 -2.2437992578e+00
226 209 200
2 0 2213 -41.2300 -213.7700 1 3230 -8.8700 -236.1100
-4.1697007042e-02 -2.3103853611e-01 -2.2437992578e+00
226 209 200
2 0 2214 -41.2300 -213.7700 1 3231 -8.8700 -236.1100
2.8433551064e-02 -2.4184592165e-01 -2.2374841603e+00
138 129 124
2 0 2217 23.0000 -223.5600 1 3236 73.0900 -244.5500
-1.0293124904e-01 -2.5349673698e-01 -2.2489953375e+00
168 164 154
2 0 2220 -97.5900 -234.8800 1 2898 -78.6400 -264.8900
-1.0588440446e-01 -2.5775523671e-01 -2.2446526086e+00
65 62 51
2 0 2224 -100.4100 -238.8400 1 2902 -82.5200 -268.9800
8.4217672443e-02 -2.5924274338e-01 -2.2368859871e+00
63 44 33
2 0 2225 73.9900 -239.3700 1 3461 139.7700 -262.6100
3.2655572632e-02 -2.6872818362e-01 -2.2378386422e+00
33 24 27
2 0 2228 26.6800 -248.7100 1 3260 79.6900 -275.5900
-4.0185598652e-02 -2.7204368629e-01 -2.2322531343e+00
134 133 127
2 0 2233 -40.6700 -252.2000 1 3262 -5.8600 -280.8300
-4.0185598652e-02 -2.7204368629e-01 -2.2322531343e+00
134 133 127
2 0 2234 -40.6700 -252.2000 1 3263 -5.8600 -280.8300
7.2203345833e-02 3.2556473569e-01 -2.2822623774e+00
63 48 41
2 0 2268 61.3200 283.5900 1 2393 86.0300 279.3800
3.4403273373e-02 2.8135132544e-01 -2.1974488564e+00
127 100 76
2 0 2278 27.1500 262.2300 1 2930 55.1400 290.3800
-1.9764487935e-01 2.7021691798e-01 -2.1875706034e+00
114 87 71
2 0 2283 -187.6600 253.6700 1 3277 -180.1700 278.4200
-1.7282080526e-01 2.5068084236e-01 -2.1889795500e+00
133 110 90
2 0 2286 -164.7000 235.5200 1 2943 -155.2900 262.0100
-1.6147384363e-01 1.8677073492e-01 -2.1999452505e+00
131 106 85
2 0 2299 -153.5700 175.0600 1 2961 -143.7900 200.4900
-2.0576023281e-01 1.7613014672e-01 -2.2040861983e+00
75 58 36
2 0 2302 -194.3100 164.5600 1 2970 -189.1100 187.0600
-2.0576023281e-01 1.7613014672e-01 -2.2040861983e+00
75 58 36
2 0 2303 -194.3100 164.5600 1 2971 -189.1100 187.0600
-3.2748561845e-02 1.6934799905e-01 -2.1877653421e+00
142 125 112
2 0 2304 -35.1600 161.5000 1 2962 -10.0300 196.1600
-1.8964297226e-01 1.6983322275e-01 -2.2036623904e+00
150 132 117
2 0 2307 -179.6900 158.8600 1 3308 -172.5700 182.3000
-1.4701225798e-02 1.5925211363e-01 -2.1867294480e+00
200 170 144
2 0 2309 -18.5000 152.4600 1 3306 9.3900 188.1400
-1.4591917181e-01 1.5121739286e-01 -2.2008595935e+00
132 101 78
2 0 2311 -139.2800 142.4100 1 2977 -128.1400 168.5400
-5.7051380369e-02 1.2981916665e-01 -2.1973558938e+00
118 108 98
2 0 2316 -57.0400 123.5600 1 3319 -34.9600 153.8900
6.2826190649e-02 1.3228990383e-01 -2.2217110051e+00
93 68 49
2 0 2318 53.9200 122.4300 1 3323 90.6600 147.7400
-1.8218763904e-01 1.2159850820e-01 -2.2114281799e+00
151 142 123
2 0 2326 -172.4800 113.5600 1 3325 -165.0300 134.6000
-1.1380604895e-02 1.0118580547e-01 -2.1967353354e+00
104 95 84
2 0 2331 -14.9100 97.4800 1 3327 14.6100 128.9400
-3.6672555159e-02 9.9932227603e-02 -2.1974630800e+00
133 117 106
2 0 2333 -38.7100 96.1400 1 3003 -12.1500 126.5200
-1.9715046852e-01 9.0434255817e-02 -2.2144568927e+00
146 124 100
2 0 2335 -186.2800 84.5900 1 3019 -181.1300 103.4600
-1.9211629565e-01 8.8594694874e-02 -2.2156145840e+00
90 73 54
2 0 2336 -181.4000 82.7900 1 3339 -175.8400 101.3300
-5.5583558602e-02 8.5058970525e-02 -2.2040069955e+00
153 137 124
2 0 2337 -55.7800 81.4900 1 3336 -32.1100 108.4700
-5.5583558602e-02 8.5058970525e-02 -2.2040069955e+00
153 137 124
2 0 2338 -55.7800 81.4900 1 3337 -32.1100 108.4700
-1.2599704954e-02 7.9825622146e-02 -2.2020995280e+00
163 149 140
2 0 2339 -15.9600 77.0800 1 3338 14.0600 105.8800
8.6522583195e-02 8.3762186657e-02 -2.2320452721e+00
129 89 49
2 0 2340 75.6600 76.9500 1 3023 117.7600 98.5400
-1.3154470927e-01 7.2651636495e-02 -2.2139681871e+00
146 115 94
2 0 2342 -125.5700 68.5700 1 3345 -112.4000 89.1500
-5.6078284861e-02 6.9380139049e-02 -2.2081885788e+00
164 144 120
2 0 2345 -56.2400 66.5300 1 3342 -32.0800 91.4200
-6.2329241639e-02 6.8020215010e-02 -2.2059494981e+00
128 113 106
2 0 2346 -61.7600 65.5600 1 3344 -39.1700 90.9500
-3.2700594700e-01 6.6597837200e-02 -2.2356069106e+00
175 161 134
2 0 2349 -303.7000 59.9200 1 3353 -313.1600 66.3500
-1.2135057849e-01 4.9610480693e-02 -2.2149855976e+00
149 128 101
2 0 2356 -116.1500 47.3500 1 3048 -101.6100 66.8500
-4.7493925216e-02 4.6413302792e-02 -2.2069688749e+00
142 125 114
2 0 2358 -48.1500 45.6000 1 3352 -22.6100 70.0200
-4.1867469187e-03 3.9954618579e-02 -2.2063663265e+00
171 161 152
2 0 2359 -8.0300 39.8700 1 3052 24.5200 65.4600
-3.0330612210e-01 4.2293781489e-02 -2.2225065535e+00
181 171 144
2 0 2360 -284.1000 39.2300 1 3066 -293.2900 49.9300
-1.4409080069e-01 2.5118570303e-02 -2.2209730305e+00
214 191 145
2 0 2365 -136.8100 24.1400 1 3360 -125.6300 39.4500
2.8852510658e-04 1.8112122578e-02 -2.2086033641e+00
152 141 137
2 0 2370 -3.6800 19.4900 1 3357 30.0800 43.0100
-3.6086184454e-01 2.2092714975e-02 -2.2720856158e+00
177 152 111
2 0 2372 -330.4700 15.2600 1 3087 -341.0600 7.9000
-1.2711224128e-01 1.2175291897e-02 -2.2222669521e+00
229 228 198
2 0 2376 -121.1100 12.1700 1 3077 -107.3600 26.7200
-1.6443982250e-01 2.7366454401e-03 -2.2263643160e+00
247 246 214
2 0 2380 -155.4700 2.9600 1 3370 -147.0400 14.3500
-2.1520058280e-01 -3.2290149933e-03 -2.2379820223e+00
104 64 41
2 0 2384 -201.2900 -3.8000 1 3092 -199.6400 1.9000
-2.9935819689e-01 -1.1061980657e-02 -2.2289486644e+00
166 152 115
2 0 2389 -280.2000 -10.4000 1 3098 -291.1000 -5.0000
-1.8858238825e-01 -1.5592952318e-02 -2.2272871117e+00
189 157 119
2 0 2394 -177.9100 -14.0500 1 3099 -173.2200 -5.1300
-3.1621809252e-01 -1.4933827340e-02 -2.2424219439e+00
176 163 129
2 0 2395 -294.5800 -15.4800 1 3107 -305.3300 -14.6000
-1.2133422839e-01 -2.0221034728e-02 -2.2244690320e+00
197 185 167
2 0 2397 -115.6700 -17.7800 1 3375 -101.1500 -6.4000
9.3211963359e-02 -1.8966266899e-02 -2.2429027114e+00
184 146 115
2 0 2398 82.5900 -17.8800 1 3374 130.5300 -5.2100
-2.1955394934e-01 -2.8861619889e-02 -2.2370925509e+00
87 52 30
2 0 2403 -205.7900 -27.2400 1 3117 -205.2000 -23.3800
-1.1312651969e-01 -3.0584838391e-02 -2.2231081592e+00
178 149 125
2 0 2404 -108.1100 -27.1600 1 3380 -92.4400 -16.0800
1.2218383762e-02 -3.1746996372e-02 -2.2143106296e+00
143 135 131
2 0 2405 7.5200 -27.0700 1 3376 45.1600 -9.3700
-2.1077613387e-01 -2.9788549530e-02 -2.2406029744e+00
95 56 35
2 0 2406 -197.2100 -28.3200 1 3120 -195.3800 -25.4300
-1.4624561991e-01 -3.4917433811e-02 -2.2269715681e+00
216 185 144
2 0 2409 -138.5200 -31.5800 1 3382 -128.1600 -23.1600
1.1072446805e-02 -5.4394354790e-02 -2.2174848785e+00
80 70 58
2 0 2415 6.5500 -48.2900 1 3125 44.8000 -34.0300
-2.1359140783e-01 -7.5036369803e-02 -2.2404171268e+00
88 50 34
2 0 2424 -200.2900 -69.8400 1 3146 -199.9100 -71.4700
-2.0448738848e-01 -7.6066697693e-02 -2.2444094406e+00
100 61 41
2 0 2425 -191.3600 -70.9800 1 3395 -189.5500 -73.7100
2.2016107844e-02 -7.8916436397e-02 -2.2189011073e+00
144 137 131
2 0 2426 16.9400 -71.0900 1 3390 57.9300 -59.8100
-1.0903556938e-01 -8.4461540648e-02 -2.2303234163e+00
204 182 161
2 0 2428 -104.0100 -77.3800 1 3396 -87.4000 -74.3400
-2.7695973911e-01 -8.7790790770e-02 -2.2265171896e+00
125 117 103
2 0 2430 -260.7900 -81.0000 1 3150 -272.1500 -81.6900
2.5919215573e-02 -9.3452373378e-02 -2.2217491359e+00
154 145 136
2 0 2431 20.5900 -84.7500 1 3398 62.9300 -76.0800
-1.5780162434e-01 -9.9553069785e-02 -2.2337221523e+00
242 198 141
2 0 2434 -149.2500 -91.7300 1 3403 -140.7600 -92.9700
-1.0729935591e-01 -1.0166976346e-01 -2.2287094746e+00
197 186 163
2 0 2436 -102.5800 -93.1800 1 3402 -85.5700 -91.8500
-1.6711859202e-01 -1.1186741228e-01 -2.2354126872e+00
208 192 169
2 0 2439 -157.8600 -103.2500 1 3407 -151.0000 -106.8600
3.2200986476e-02 -1.2171265258e-01 -2.2272899979e+00
146 141 136
2 0 2442 26.4800 -111.2800 1 3409 71.2300 -107.9700
1.0894615589e-02 -1.2593507527e-01 -2.2261555861e+00
165 156 151
2 0 2443 6.7600 -115.2000 1 3413 47.4500 -112.8900
-9.3976791325e-02 -1.2898137282e-01 -2.2333865312e+00
172 154 128
2 0 2444 -90.1600 -118.7000 1 3414 -70.1500 -122.1400
-1.6496261664e-01 -1.3345267211e-01 -2.2375832933e+00
155 137 124
2 0 2446 -155.8300 -123.3200 1 3416 -148.7100 -130.5400
-1.7436016511e-01 -1.3565451496e-01 -2.2383587371e+00
112 87 65
2 0 2449 -164.4800 -125.4300 1 3417 -159.0800 -133.4400
-9.7973982777e-02 -1.4126202140e-01 -2.2337659241e+00
219 182 142
2 0 2451 -93.7500 -130.1000 1 3419 -74.6300 -135.6600
-1.6150653947e-01 -1.5758875653e-01 -2.2377743276e+00
169 152 130
2 0 2457 -152.7000 -145.6700 1 3426 -145.3000 -156.6100
4.4852724473e-02 -1.7416650149e-01 -2.2334349990e+00
163 158 149
2 0 2459 38.2300 -160.2500 1 3433 88.2400 -166.6500
-2.9320540255e-01 -1.7537547938e-01 -2.2515497256e+00
156 127 97
2 0 2466 -273.9300 -163.4400 1 3436 -288.8500 -183.3700
6.9987751765e-02 -2.0169470220e-01 -2.2357532776e+00
55 43 34
2 0 2481 61.5400 -185.8800 1 3440 118.5600 -197.0400
-2.4060301093e-01 -2.0603335376e-01 -2.2332144683e+00
52 28 18
2 0 2485 -227.3200 -191.1500 1 3445 -236.3900 -211.0800
1.5088390433e-01 -2.2531773813e-01 -2.2732695992e+00
107 103 94
2 0 2499 134.7900 -208.2000 1 3451 207.5900 -229.6400
-1.2265707860e-01 -2.3027377962e-01 -2.2435133877e+00
191 165 143
2 0 2501 -116.3700 -213.2600 1 3452 -101.5700 -237.8000
-2.9297499218e-01 -2.2937496839e-01 -2.2625857316e+00
226 194 148
2 0 2502 -272.6800 -213.4900 1 3235 -289.2300 -245.4900
-1.4547634674e-01 -2.3461515255e-01 -2.2462131062e+00
36 25 18
2 0 2504 -137.4300 -217.4200 1 3455 -127.2900 -244.0200
-1.4547634674e-01 -2.3461515255e-01 -2.2462131062e+00
36 25 18
2 0 2505 -137.4300 -217.4200 1 3456 -127.2900 -244.0200
-1.8220937619e-01 -2.4523099959e-01 -2.2598291893e+00
85 57 46
2 0 2508 -170.4600 -227.5100 1 3460 -167.1500 -260.0600
-2.5370172577e-01 -2.5918037164e-01 -2.2366417425e+00
232 203 159
2 0 2515 -239.3500 -240.9100 1 3464 -253.2700 -272.8200
-1.4850378615e-01 -2.6047906153e-01 -2.2508115160e+00
124 116 105
2 0 2516 -139.9800 -241.5700 1 3465 -130.4800 -274.5900
-1.2364695218e-01 -2.6143829484e-01 -2.2473785520e+00
63 55 42
2 0 2517 -116.7800 -242.3200 1 3258 -102.6800 -274.3300
-2.5841124241e-01 -2.7097364328e-01 -2.2410202609e+00
164 145 115
2 0 2520 -243.5000 -252.0600 1 3469 -258.0900 -287.3800
-2.5841124241e-01 -2.7097364328e-01 -2.2410202609e+00
164 145 115
2 0 2521 -243.5000 -252.0600 1 3470 -258.0900 -287.3800
-2.0397916948e-01 2.6795273417e-01 -2.1870342121e+00
159 142 124
2 0 2546 -193.4900 251.7300 1 3278 -186.8300 276.5400
-2.0397916948e-01 2.6795273417e-01 -2.1870342121e+00
159 142 124
2 0 2547 -193.4900 251.7300 1 3279 -186.8300 276.5400
-5.0371736812e-02 2.5117714057e-01 -2.1721055702e+00
119 114 110
2 0 2549 -51.9800 239.6400 1 3280 -30.6500 276.9800
-8.2251181394e-02 2.4120854327e-01 -2.1781476047e+00
135 119 104
2 0 2552 -81.1800 229.1700 1 3284 -63.5100 263.6200
-3.8550111376e-02 2.3832499812e-01 -2.1746327201e+00
98 83 76
2 0 2554 -41.1000 227.3400 1 3282 -17.8500 264.7600
2.7468466187e-02 2.4496503787e-01 -2.2051266877e+00
113 97 78
2 0 2556 21.0900 227.5500 1 3480 49.3400 255.0300
-2.8263391813e-01 2.1764739918e-01 -2.1963959797e+00
98 53 27
2 0 2559 -266.0800 203.8400 1 3294 -266.9800 224.7300
-1.9513747065e-01 2.0769923170e-01 -2.1993605905e+00
143 129 115
2 0 2561 -184.6700 194.2400 1 3296 -177.9100 218.0000
-1.9513747065e-01 2.0769923170e-01 -2.1993605905e+00
143 129 115
2 0 2562 -184.6700 194.2400 1 3297 -177.9100 218.0000
-2.3625769076e-02 1.9487557254e-01 -2.1809630404e+00
197 161 135
2 0 2567 -26.9800 186.2100 1 3486 -1.1000 223.2700
-2.7811655396e-02 1.8829459045e-01 -2.1830520388e+00
106 87 69
2 0 2568 -30.6200 179.7600 1 3488 -5.4700 216.0500
-8.2390946871e-02 1.6749113432e-01 -2.1929529797e+00
149 140 131
2 0 2576 -80.5900 158.7800 1 3303 -62.4200 189.8800
-6.1574544698e-02 1.6249150392e-01 -2.1904987748e+00
114 104 94
2 0 2580 -61.5600 154.6500 1 3494 -40.4500 187.4200
-6.7050993648e-02 1.5673030553e-01 -2.1931201771e+00
150 136 123
2 0 2582 -66.8300 148.9000 1 3309 -45.7700 180.5700
-2.1094460227e-02 1.5577332438e-01 -2.1881084386e+00
107 90 78
2 0 2583 -24.1900 149.0000 1 3497 2.5400 183.9900
-1.8266692254e-01 1.3277400578e-01 -2.2078744371e+00
149 134 105
2 0 2588 -172.9400 124.3500 1 3508 -165.9200 146.6500
-2.9167762719e-05 1.2393005928e-01 -2.1913791555e+00
42 23 22
2 0 2591 -4.3000 119.2400 1 3320 25.8100 153.4900
2.4679655698e-03 7.8559821905e-02 -2.1987221563e+00
247 213 190
2 0 2601 -2.1200 76.4300 1 3517 30.4100 106.8300
-1.3232470827e-01 7.9616876923e-02 -2.2118835878e+00
143 110 91
2 0 2602 -126.5000 75.2100 1 3519 -113.2900 96.7700
-1.2242864763e-01 7.1316208916e-02 -2.2129509243e+00
192 155 129
2 0 2605 -117.2300 67.5000 1 3346 -102.8000 88.6800
-2.6486890949e-01 6.6074082483e-02 -2.2208715606e+00
73 48 35
2 0 2607 -248.4000 61.3200 1 3526 -252.0500 74.8600
-2.8367171001e-02 5.9245693843e-02 -2.2044952337e+00
184 156 133
2 0 2608 -30.5300 57.7800 1 3522 -2.2700 84.3400
-4.0860418366e-02 4.9983765756e-02 -2.2062910629e+00
161 142 125
2 0 2611 -41.9200 48.9900 1 3351 -15.6200 74.0500
7.8386169277e-02 4.3735756120e-02 -2.2332819877e+00
174 134 92
2 0 2613 68.7400 40.3000 1 3529 111.3700 59.7300
-5.0918378351e-02 2.8825553802e-02 -2.2102071288e+00
131 125 123
2 0 2617 -51.1000 29.0200 1 3530 -25.9600 51.1400
-5.0918378351e-02 2.8825553802e-02 -2.2102071288e+00
131 125 123
2 0 2618 -51.1000 29.0200 1 3531 -25.9600 51.1400
-5.0918378351e-02 2.8825553802e-02 -2.2102071288e+00
131 125 123
2 0 2619 -51.1000 29.0200 1 3532 -25.9600 51.1400
5.7228282809e-03 2.5839776334e-02 -2.2090753398e+00
126 111 100
2 0 2620 1.3100 26.5800 1 3533 35.7300 50.6500
-2.7331631370e-01 2.1617432265e-02 -2.2121760536e+00
228 205 164
2 0 2621 -257.8100 21.4400 1 3537 -265.2600 35.3800
-4.5431352104e-02 1.7232981147e-02 -2.2108397856e+00
147 135 129
2 0 2623 -45.8500 18.2900 1 3536 -19.8600 39.5600
-2.7104114910e-01 9.9590789125e-03 -2.2131874120e+00
239 234 195
2 0 2624 -255.7600 10.5600 1 3540 -263.2200 23.5000
-1.9731749104e-01 4.3145711626e-03 -2.2318987157e+00
137 116 93
2 0 2625 -185.0400 3.8200 1 3371 -181.6200 12.4100
-2.7055656785e-01 -2.4539933154e-03 -2.2161587851e+00
224 190 150
2 0 2627 -255.0700 -1.1900 1 3542 -262.7600 9.8800
-3.3100173699e-01 -1.0877301224e-02 -2.2533823211e+00
170 150 117
2 0 2630 -306.8100 -12.9200 1 3379 -317.4900 -15.3100
-1.9978426093e-01 -2.1465932882e-02 -2.2314941034e+00
114 96 79
2 0 2633 -187.7400 -19.8200 1 3546 -184.9400 -13.1400
9.6455704774e-02 -2.7207555810e-02 -2.2466629510e+00
163 130 92
2 0 2636 85.3800 -25.7100 1 3547 134.3800 -14.8300
-1.9903617801e-01 -3.0740133195e-02 -2.2375816863e+00
96 77 63
2 0 2638 -186.6400 -28.8800 1 3551 -183.3800 -24.8300
3.2886921399e-02 -5.5634750281e-02 -2.2155545285e+00
230 193 167
2 0 2641 26.7100 -49.2000 1 3552 69.2100 -33.8100
-2.4819739237e-01 -7.2001458672e-02 -2.2325535303e+00
65 40 23
2 0 2643 -233.2100 -66.6800 1 3558 -238.6900 -66.5400
-7.8656805753e-02 -8.0136276277e-02 -2.2266611749e+00
197 171 148
2 0 2646 -75.9000 -73.0400 1 3392 -54.2200 -67.4600
-7.8656805753e-02 -8.0136276277e-02 -2.2266611749e+00
197 171 148
2 0 2647 -75.9000 -73.0400 1 3393 -54.2200 -67.4600
3.3629393696e-02 -9.0083142259e-02 -2.2198576984e+00
149 132 124
2 0 2649 27.6200 -81.4600 1 3561 71.5600 -71.5600
7.9908916441e-03 -1.3361410288e-01 -2.2283134943e+00
196 175 158
2 0 2654 3.9800 -122.4400 1 3567 44.5700 -122.0100
4.5831827317e-02 -1.4406512608e-01 -2.2290989204e+00
159 143 127
2 0 2657 39.0000 -132.0600 1 3571 87.9000 -132.2800
5.3113560314e-02 -1.4761339931e-01 -2.2279884267e+00
218 186 164
2 0 2658 45.7500 -135.2800 1 3634 96.4400 -135.5400
-1.6383777530e-01 -1.4642602938e-01 -2.2399776983e+00
162 142 125
2 0 2659 -154.5000 -135.3900 1 3574 -147.5100 -145.2600
1.1928837365e-01 -1.4878337561e-01 -2.2610775264e+00
71 51 34
2 0 2660 106.4300 -137.8000 1 3573 167.1100 -144.4800
-2.3782071801e-01 -1.5409813741e-01 -2.2386566819e+00
71 41 21
2 0 2662 -223.7000 -142.9100 1 3576 -229.8000 -155.2200
-8.9078872370e-02 -1.6209300193e-01 -2.2351854804e+00
168 149 128
2 0 2668 -85.4700 -149.4700 1 3427 -64.3800 -158.5000
1.6652509007e-02 -1.7897870911e-01 -2.2336481879e+00
164 157 152
2 0 2672 12.3200 -164.8500 1 3580 56.1900 -173.0300
1.6652509007e-02 -1.7897870911e-01 -2.2336481879e+00
164 157 152
2 0 2673 12.3200 -164.8500 1 3581 56.1900 -173.0300
-7.6147107330e-03 -1.8462686066e-01 -2.2346952250e+00
166 155 149
2 0 2675 -9.9900 -170.2200 1 3583 28.6100 -180.4500
-3.2374005962e-01 -1.9880351046e-01 -2.2780975068e+00
207 180 137
2 0 2681 -298.7600 -185.7600 1 3447 -316.6200 -216.3200
1.4314880851e-01 -2.0302083594e-01 -2.2721885711e+00
126 118 108
2 0 2682 127.8800 -187.8200 1 3587 196.9000 -205.1500
5.1462696325e-02 -2.0628646527e-01 -2.2364134361e+00
174 163 152
2 0 2684 44.5200 -190.2700 1 3586 97.4600 -203.0300
-1.0645435176e-01 -2.1082435717e-01 -2.2427332969e+00
158 138 121
2 0 2685 -101.3600 -195.0700 1 3590 -83.1500 -215.1700
-1.3907307358e-01 -2.3092628404e-01 -2.2468434438e+00
202 177 148
2 0 2688 -131.3300 -213.9400 1 3453 -119.9700 -239.8200
-3.1588368164e-01 -2.5897137044e-01 -2.2806762694e+00
204 172 125
2 0 2690 -292.0500 -241.1600 1 3467 -311.2100 -282.4700
-3.2875781595e-02 2.0665936980e-01 -2.1796893934e+00
105 88 76
2 0 2709 -35.4800 197.2500 1 3484 -11.2600 234.1800
-3.2875781595e-02 2.0665936980e-01 -2.1796893934e+00
105 88 76
2 0 2710 -35.4800 197.2500 1 3485 -11.2600 234.1800
-1.6908814713e-01 1.8442170636e-01 -2.2023128542e+00
175 123 84
2 0 2716 -160.9000 172.4200 1 3600 -150.9900 196.8900
-6.9411722862e-02 1.7337880339e-01 -2.1905558176e+00
160 144 129
2 0 2718 -69.2600 164.6000 1 3601 -48.4400 197.0100
-1.8304996711e-01 1.4525867606e-01 -2.2080339895e+00
209 161 113
2 0 2724 -173.0700 135.7600 1 3503 -166.0800 157.9700
-9.2456002540e-02 1.2046953566e-01 -2.1998774766e+00
162 134 110
2 0 2727 -90.0000 114.4900 1 3606 -72.0500 142.6400
-1.5275666192e-01 9.5302508661e-02 -2.2116781238e+00
192 168 143
2 0 2729 -145.0100 89.6000 1 3610 -135.0200 110.9500
-2.1019346824e-01 2.2229109850e-02 -2.2350027916e+00
147 129 109
2 0 2740 -196.9900 19.7100 1 3539 -193.7600 28.3300
8.9647903320e-02 1.5363042701e-03 -2.2434030326e+00
181 144 102
2 0 2746 78.9200 0.8100 1 3541 125.5000 14.7000
-2.0157887732e-01 -9.0861667795e-03 -2.2317988685e+00
123 101 80
2 0 2747 -189.3900 -8.5300 1 3543 -186.3300 -0.9200
-3.0794049278e-01 -1.1076865580e-02 -2.2374444344e+00
204 192 154
2 0 2749 -287.1800 -11.3000 1 3545 -297.9500 -8.6700
9.3369893322e-02 -1.1915387954e-02 -2.2438380090e+00
170 126 86
2 0 2750 82.5400 -11.5100 1 3622 130.2400 1.4000
2.5528655299e-02 -2.1245817452e-02 -2.2111679998e+00
228 193 154
2 0 2751 19.7700 -17.0200 1 3621 59.5000 3.1200
-1.2896389251e-01 -4.1898531550e-02 -2.2297086588e+00
157 134 113
2 0 2753 -122.5600 -38.2100 1 3626 -108.9800 -30.7400
-3.0310317703e-01 -4.3344789126e-02 -2.2412163067e+00
193 178 140
2 0 2756 -282.4400 -41.1100 1 3553 -294.1700 -42.2700
-3.0310317703e-01 -4.3344789126e-02 -2.2412163067e+00
193 178 140
2 0 2757 -282.4400 -41.1100 1 3554 -294.1700 -42.2700
1.2370960667e-01 -1.6209758781e-01 -2.2654445115e+00
61 43 30
2 0 2769 110.3400 -150.1700 1 3578 172.6000 -159.8200
-1.0308375438e-01 -1.7138003627e-01 -2.2353781140e+00
179 156 133
2 0 2771 -98.4000 -158.1400 1 3638 -80.1900 -169.2300
-9.3055631515e-02 -1.8244400054e-01 -2.2395140767e+00
219 196 172
2 0 2773 -88.9000 -168.5300 1 3584 -68.4700 -182.2900
-3.0716821619e-01 -1.9494865507e-01 -2.2666893457e+00
189 161 121
2 0 2775 -284.9900 -181.9000 1 3589 -301.5000 -208.9600
-1.6287049271e-01 -2.2411314534e-01 -2.2460099512e+00
127 96 74
2 0 2778 -153.5300 -207.6900 1 3647 -146.9500 -232.6100
-1.6022629448e-01 -2.3841069202e-01 -2.2451996927e+00
124 96 75
2 0 2780 -151.0100 -220.9500 1 3650 -144.4500 -248.5700
2.6804931458e-02 -2.3868067954e-01 -2.2411574325e+00
148 135 132
2 0 2781 21.2800 -220.6000 1 3648 71.0500 -241.8500
-2.6513569571e-01 -2.6421598811e-01 -2.2497672318e+00
170 149 118
2 0 2784 -248.7300 -245.7200 1 3653 -263.2700 -281.4600
-2.5850171900e-01 2.4922937597e-01 -2.2042384335e+00
98 56 34
2 0 2799 -242.0600 231.2400 1 3658 -239.8100 248.4600
-2.2256445292e-01 2.3158101254e-01 -2.1966736826e+00
145 122 100
2 0 2800 -210.1300 216.5400 1 3599 -205.4300 239.1700
-1.8324190011e-01 2.0855806466e-01 -2.1964697542e+00
138 105 82
2 0 2805 -173.7000 195.6000 1 3660 -166.2900 220.7900
6.1415532258e-02 1.2261136083e-01 -2.2234999314e+00
202 151 99
2 0 2811 52.7200 113.3500 1 3607 89.5800 137.9400
-1.6095526809e-01 8.3340910639e-02 -2.2155395598e+00
92 77 66
2 0 2814 -151.9500 78.1800 1 3669 -143.7700 97.4300
-1.6444135127e-01 4.7162453225e-02 -2.2206362522e+00
204 179 148
2 0 2817 -155.5100 44.3300 1 3672 -147.0500 60.3700
-3.0774934545e-02 4.1361363537e-02 -2.2059515902e+00
139 126 118
2 0 2818 -32.4000 41.1200 1 3671 -4.6400 66.1200
-2.1936501795e-01 3.2523270232e-02 -2.2368792262e+00
108 70 51
2 0 2819 -204.7300 28.9800 1 3617 -203.1100 37.1000
-3.1312455650e-01 2.2287127865e-02 -2.2292544545e+00
165 154 126
2 0 2820 -292.6500 20.0700 1 3676 -303.1700 27.2900
1.1060514594e-01 -7.2040627737e-02 -2.2534307548e+00
177 143 108
2 0 2827 98.2500 -67.1100 1 3678 152.4200 -62.2000
-8.8105952378e-02 -1.9814585738e-01 -2.2391591273e+00
219 181 143
2 0 2834 -84.2700 -183.1100 1 3642 -62.8200 -199.4900
1.5709675723e-01 -2.0063551623e-01 -2.2793448233e+00
56 42 31
2 0 2836 139.4700 -185.4200 1 3685 211.6800 -204.0700
-2.7116865573e-01 -2.0760945901e-01 -2.2403684194e+00
139 124 99
2 0 2840 -254.9800 -192.9000 1 3686 -269.2500 -215.4400
-1.8666335340e-01 2.2364321965e-01 -2.1955035234e+00
141 111 87
2 0 2850 -176.8200 209.5700 1 3659 -169.5400 234.3700
-4.6798954954e-02 1.0276200128e-01 -2.2002864071e+00
125 115 110
2 0 2855 -48.0500 98.3000 1 3666 -22.9300 127.4300
-6.8957147075e-02 2.1490540451e-02 -2.2062216297e+00
180 158 135
2 0 2860 -68.6000 22.6300 1 3673 -45.1200 45.0700
1.9926423282e-02 -1.4739296734e-01 -2.2265969173e+00
180 154 132
2 0 2864 15.2100 -135.1500 1 3707 58.6400 -136.0200
-7.5319537991e-02 -1.8307128526e-01 -2.2377333536e+00
174 157 139
2 0 2867 -72.0100 -168.9800 1 3711 -48.9200 -181.9400
-2.9658473645e-01 -1.8523887027e-01 -2.2519189871e+00
219 186 144
2 0 2869 -277.1200 -172.6000 1 3684 -293.0700 -194.2800
-1.2354631148e-01 -2.1058535042e-01 -2.2458092898e+00
188 170 148
2 0 2870 -116.9400 -194.9400 1 3715 -102.3300 -216.2200
-1.1815684134e-01 -2.4885650549e-01 -2.2465660769e+00
167 141 118
2 0 2872 -112.0200 -230.6100 1 3718 -96.1800 -259.5100
-1.7212754734e-01 2.4144595632e-01 -2.1987966650e+00
141 115 100
2 0 2883 -163.2400 225.1500 1 3720 -153.6300 248.5000
-1.6520198188e-01 2.0560228457e-01 -2.1934736295e+00
154 124 96
2 0 2886 -157.4700 193.4300 1 3722 -148.0000 220.5900
-3.0966644183e-01 5.5677480002e-02 -2.2245019336e+00
138 130 111
2 0 2889 -288.8700 51.5100 1 3701 -299.1600 61.4500
-2.0084750134e-01 2.9771682193e-02 -2.2231986947e+00
169 146 119
2 0 2890 -189.5700 27.8900 1 3729 -185.3900 41.1400
-1.4228145988e-01 -9.8235768439e-03 -2.2318606111e+00
156 145 131
2 0 2892 -135.0300 -9.0800 1 3731 -122.4700 0.3700
-1.5428042909e-01 -3.8134933365e-02 -2.2226159443e+00
225 200 160
2 0 2893 -146.3400 -34.2000 1 3732 -137.4500 -24.9800
-1.5428042909e-01 -3.8134933365e-02 -2.2226159443e+00
225 200 160
2 0 2894 -146.3400 -34.2000 1 3733 -137.4500 -24.9800
-1.4969379488e-01 -6.7580997338e-02 -2.2338489438e+00
224 203 166
2 0 2896 -141.4500 -62.2100 1 3705 -131.4700 -59.3900
-1.9429465133e-01 -1.0555097305e-01 -2.2448770358e+00
104 83 73
2 0 2899 -182.0900 -98.0500 1 3736 -179.3200 -104.2200
6.2830009128e-02 -2.1160476230e-01 -2.2355899387e+00
172 163 158
2 0 2900 55.1900 -195.2100 1 3737 110.8200 -208.3700
-1.9837693820e-01 5.2431202461e-02 -2.2209956030e+00
217 187 156
2 0 2910 -186.9300 49.0000 1 3750 -182.7400 64.1100
-2.5572260926e-01 -1.9943207526e-01 -2.2332712444e+00
76 46 27
2 0 2915 -241.2900 -185.0300 1 3756 -253.1800 -204.1100
8.2889300861e-02 -2.1610773432e-01 -2.2442963893e+00
24 18 21
2 0 2917 73.1600 -199.3900 1 3739 133.7600 -214.9900
5.9733767402e-02 1.5604317836e-01 -2.2172104783e+00
196 149 88
2 0 2928 51.2300 144.6900 1 3758 86.1700 171.5100
1.3516532378e-01 -1.3570891117e-01 -2.2628651971e+00
179 133 84
2 0 2941 121.0100 -125.9400 1 3770 183.0400 -130.5300
1.8770367549e-02 1.3377966093e-01 -2.2138480360e+00
7 7 3
2 0 2946 12.8300 124.9000 1 3765 45.4400 151.6300
-2.8913049472e-01 1.3089761536e-02 -2.2136567737e+00
181 169 130
2 0 2948 -273.3900 13.0100 1 3767 -281.4800 26.0400
-1.6075372662e-01 -2.6420412071e-03 -2.2276286478e+00
220 199 160
2 0 2963 -150.9200 -1.8900 1 3779 -143.9400 8.4300
