# Bundle file v0.3
2 54
2.1908100604e+03 5.7762158247e-02 1.9552053863e-03
9.9984793182e-01 1.6095094536e-02 -6.7127612369e-03
-1.5982750950e-02 9.9973666830e-01 1.6466503322e-02
6.9760234817e-03 -1.6356710900e-02 9.9984188405e-01
-4.6447786554e-03 1.4017610311e-02 -3.2203904449e-02
1.9804596776e+03 -8.6587127601e-02 -3.9978064692e-03
8.7607999610e-01 -4.8216576514e-01 -1.2389610399e-04
3.8892080481e-02 7.0409559381e-02 9.9675970024e-01
-4.8059468006e-01 -8.7324605288e-01 8.0436836251e-02
-1.5335773236e-03 8.1307408043e-01 -5.2332086116e-01
1.2057525733e-01 8.3144961783e-02 -7.2507934094e-01
47 43 32
2 0 111 353.8900 241.3000 1 27 177.7900 279.8600
-3.6072070272e-02 5.1863784480e-02 -7.4829163158e-01
195 152 116
2 0 260 -97.2200 151.5500 1 1614 -188.1600 224.5700
1.0090947534e-01 2.6206326308e-02 -7.7162760908e-01
141 114 84
2 0 471 278.1100 70.6100 1 277 223.6600 149.6700
9.0814615713e-02 1.6645320421e-02 -7.8406620712e-01
79 63 45
2 0 543 246.4500 43.7700 1 1777 215.0600 111.2400
1.2397347208e-01 1.5758542952e-02 -7.6742625584e-01
137 111 88
2 0 552 343.1300 41.1100 1 250 298.0100 162.1500
1.1595695205e-01 1.1048078020e-02 -7.7359890200e-01
133 108 77
2 0 585 318.4100 28.1100 1 290 287.2300 143.4400
1.1595695205e-01 1.1048078020e-02 -7.7359890200e-01
133 108 77
2 0 586 318.4100 28.1100 1 291 287.2300 143.4400
1.0729005827e-01 1.3815995308e-03 -7.8554142685e-01
45 23 7
2 0 635 290.5700 1.3600 1 381 283.1800 106.1200
-5.0914851792e-02 -4.7759742775e-03 -7.9924552552e-01
213 194 160
2 0 655 -132.3400 -8.2300 1 1869 -154.9600 49.9400
8.3062003582e-02 -7.3490442864e-03 -8.0415724020e-01
108 87 60
2 0 675 219.2900 -20.5300 1 1876 238.5600 45.3200
7.7826305706e-02 -1.1343526979e-02 -8.0968819325e-01
134 112 82
2 0 704 204.3000 -30.9500 1 565 232.0100 26.4600
-5.9586754187e-02 -1.6670933016e-02 -8.1220217010e-01
226 205 170
2 0 716 -153.3300 -39.0600 1 1948 -165.3700 0.0400
-4.4746490372e-02 -1.7911388259e-02 -8.0437979075e-01
235 188 145
2 0 725 -116.1800 -42.9100 1 1893 -114.8400 29.8200
9.8317430560e-02 -3.7517514029e-02 -8.2010319920e-01
110 99 80
2 0 818 254.4800 -99.7800 1 1955 335.8300 -10.4800
7.5334590073e-02 -6.5887885774e-02 -8.5693357989e-01
76 66 57
2 0 938 186.9700 -166.5500 1 2140 332.5200 -148.0600
5.2295030896e-02 -8.2927120172e-02 -8.6926637029e-01
36 27 17
2 0 979 126.3600 -204.2500 1 3201 305.7400 -206.7500
9.2180700646e-02 2.8910971520e-02 -7.7485641771e-01
149 124 91
2 0 1342 253.0600 78.1200 1 1739 197.6000 139.9300
9.5618411521e-02 2.3421420660e-02 -7.7675361106e-01
132 114 92
2 0 1372 261.8400 62.6800 1 1749 215.4000 134.0400
1.0973923662e-01 4.0206619447e-03 -7.8203908118e-01
147 115 81
2 0 1460 298.0800 8.8400 1 1769 284.8600 117.2200
-5.4989265255e-02 -5.5235766311e-03 -8.0169875613e-01
86 56 36
2 0 1472 -142.7800 -10.0400 1 2630 -166.9200 40.7000
-7.7441639861e-04 -1.4020701213e-02 -7.6637289603e-01
223 186 166
2 0 1495 -0.7900 -34.9400 1 2982 15.5200 166.5700
-6.7223597025e-02 -4.2234184021e-02 -8.3538254485e-01
182 148 113
2 0 1566 -169.3000 -103.2700 1 3155 -151.5900 -95.6300
-6.6392765676e-02 -4.3534780145e-02 -8.3606316329e-01
35 15 2
2 0 1569 -167.0900 -106.5500 1 3157 -146.6600 -98.5600
-6.6392765676e-02 -4.3534780145e-02 -8.3606316329e-01
35 15 2
2 0 1570 -167.0900 -106.5500 1 3156 -146.6600 -98.5600
-7.7041171694e-02 -7.7677341102e-02 -8.6767997083e-01
34 21 12
2 0 1624 -188.2400 -186.9600 1 3456 -127.2900 -244.0200
-7.7041171694e-02 -7.7677341102e-02 -8.6767997083e-01
34 21 12
2 0 1625 -188.2400 -186.9600 1 3455 -127.2900 -244.0200
-6.9952981078e-02 -7.9442260034e-02 -8.6485059862e-01
123 95 72
2 0 1632 -171.8000 -191.9400 1 3226 -98.2700 -231.2800
8.2150886357e-02 7.3508742645e-02 -7.3797592409e-01
45 27 19
2 0 1711 236.2800 211.8500 1 2427 103.1200 247.4000
9.8862262671e-02 2.5862093821e-02 -7.7310998885e-01
151 124 93
2 0 1808 271.9800 69.5900 1 1729 219.2100 145.1800
8.8612074054e-02 2.4098297570e-02 -7.8008613144e-01
67 50 33
2 0 1813 241.5400 64.6400 1 3005 196.9800 123.8100
8.9425557415e-02 2.1791226589e-02 -7.8126429412e-01
119 100 75
2 0 1818 243.2400 58.3000 1 2530 203.0900 120.1200
8.9425557415e-02 2.1791226589e-02 -7.8126429412e-01
119 100 75
2 0 1819 243.2400 58.3000 1 2531 203.0900 120.1200
9.3767599049e-02 1.7281069932e-02 -7.8209341664e-01
84 69 48
2 0 1837 255.0400 45.5300 1 2536 221.3800 117.4200
1.1280582353e-01 9.2235284512e-03 -7.7683675420e-01
114 96 73
2 0 1860 308.3500 23.1900 1 2518 283.0200 133.5000
-6.4064051968e-02 -1.9222686049e-03 -8.0915178494e-01
94 49 33
2 0 1876 -165.7100 -0.1300 1 3083 -200.8500 13.8900
8.7619900042e-02 -6.1022749710e-03 -8.0092363620e-01
113 88 61
2 0 1894 232.7800 -17.8400 1 3058 247.4800 56.1000
8.2254174912e-02 -9.8433956895e-03 -8.0605648456e-01
96 76 52
2 0 1901 216.5600 -27.0200 1 2632 241.1200 38.7900
-6.9824457984e-02 -1.2264197547e-02 -8.1857304533e-01
68 33 11
2 0 1902 -178.9700 -26.9400 1 3117 -205.2000 -23.3800
-5.3421036455e-02 -1.5264814989e-02 -8.0855537626e-01
239 221 178
2 0 1907 -138.1200 -35.5700 1 3370 -147.0400 14.3500
-7.0270938844e-02 -5.0653434206e-02 -8.4336056556e-01
137 112 89
2 0 1966 -175.5100 -123.7000 1 3416 -148.7100 -130.5400
-7.5135600202e-02 -7.7826225678e-02 -8.6678393495e-01
143 116 89
2 0 1993 -183.9500 -187.4700 1 3453 -119.9700 -239.8200
9.5459505312e-02 1.8121375368e-02 -7.8041809895e-01
149 123 86
2 0 2085 260.2500 47.8200 1 3006 224.0600 122.6300
-8.2028020400e-02 -1.7230996673e-03 -8.0590546809e-01
230 199 152
2 0 2107 -210.7300 0.1500 1 3540 -263.2200 23.5000
-8.3431451791e-02 -5.5824901754e-03 -8.0937838561e-01
172 134 97
2 0 2112 -213.5800 -10.0100 1 3542 -262.7600 9.8800
8.1140755917e-02 -7.7982269541e-03 -8.0559650385e-01
132 108 77
2 0 2121 214.3000 -21.9600 1 3074 233.9300 40.4700
9.5419259557e-02 2.0585335885e-02 -7.7882306610e-01
78 66 51
2 0 2241 260.5000 54.8100 1 3329 219.8900 127.6300
8.7204660428e-02 -1.3154578168e-02 -8.0627319898e-01
140 111 79
2 0 2259 229.5700 -36.0500 1 3361 260.0200 37.9800
9.6799689640e-02 2.5365839691e-02 -7.7477037737e-01
81 64 48
2 0 2322 264.9800 68.7100 1 3512 215.8400 140.1800
8.6553818865e-02 1.7493511518e-02 -7.8592346540e-01
143 119 85
2 0 2383 234.1300 46.3100 1 3611 203.1500 105.4600
8.5936281775e-02 -1.0529536482e-02 -8.0486293951e-01
137 112 76
2 0 2393 227.3100 -29.5700 1 3616 251.1800 42.7600
8.8571109337e-02 -2.0500056545e-03 -7.9700717878e-01
138 109 77
2 0 2422 235.6900 -6.4800 1 3670 243.3300 69.1300
8.2547754356e-02 -1.2986403107e-02 -8.0856833165e-01
78 62 47
2 0 2424 216.8600 -35.4500 1 3674 247.4700 30.2200
1.0793729496e-01 6.0077011547e-03 -7.8182878731e-01
141 111 75
2 0 2447 292.6000 14.8700 1 3697 277.5500 118.0000
8.2347375460e-02 -4.2144019986e-04 -7.9951259086e-01
122 96 69
2 0 2448 218.6400 -2.0200 1 3702 224.2200 61.0100
