# Bundle file v0.3
2 79
1.9745277727e+03 -1.3123523814e-01 -5.3863755546e-03
9.9998689860e-01 -2.4693170617e-03 -4.4838709579e-03
2.2939406141e-03 9.9924803528e-01 -3.8705320418e-02
4.5760749532e-03 3.8694527590e-02 9.9924060820e-01
-2.2188251940e-03 -2.6305143091e-02 4.2048302453e-02
2.1979730466e+03 8.0915245973e-02 2.1261119026e-03
9.3460247245e-01 9.0632771509e-02 -3.4395336780e-01
-3.5445606103e-01 1.5670643468e-01 -9.2184814049e-01
-2.9649945918e-02 9.8347790725e-01 1.7858355649e-01
-2.3717274326e-01 -6.5563687106e-01 -7.2142718415e-01
7.0713769242e-02 1.0668892368e-01 -8.2064236638e-01
39 39 31
2 0 18 184.0300 285.4900 1 1079 347.3100 267.0900
1.0826100020e-01 5.5884472796e-02 -7.6588107975e-01
148 135 117
2 0 250 298.0100 162.1500 1 368 362.3000 56.5500
1.0110075209e-01 5.1865158587e-02 -7.6161446516e-01
148 130 94
2 0 274 280.2100 151.6300 1 1291 337.6300 50.8400
8.0630595036e-02 5.1259134783e-02 -7.6513565145e-01
155 140 107
2 0 277 223.6600 149.6700 1 1263 287.9000 79.3000
7.1931695960e-02 4.8450966096e-02 -7.6400422611e-01
155 140 110
2 0 294 200.5900 142.1100 1 310 262.9200 83.5500
7.0113944109e-02 4.5166589168e-02 -7.6159588643e-01
86 72 52
2 0 312 195.7700 133.2400 1 1265 254.8200 77.4100
7.6977055421e-02 4.4073295107e-02 -7.5921889743e-01
103 93 68
2 0 319 215.0400 130.4000 1 1277 269.6200 64.3000
1.0687024326e-01 3.9429528531e-02 -7.4924377973e-01
149 133 84
2 0 352 300.9100 118.1700 1 445 333.4900 8.8000
9.9007603366e-02 3.5650585188e-02 -7.4714939851e-01
147 126 90
2 0 377 279.8700 107.7000 1 443 309.6300 9.4800
1.0017750888e-01 3.5085953320e-02 -7.4654561470e-01
53 34 12
2 0 380 283.1800 106.1200 1 452 311.8600 6.5500
1.0017750888e-01 3.5085953320e-02 -7.4654561470e-01
53 34 12
2 0 381 283.1800 106.1200 1 453 311.8600 6.5500
1.1440234953e-01 1.5898241239e-02 -7.2591033880e-01
138 122 89
2 0 489 332.3900 51.6800 1 604 317.5900 -64.5300
8.8072519269e-02 1.0652137756e-02 -7.2541990594e-01
154 139 110
2 0 537 257.3100 36.4500 1 551 249.5300 -42.9500
7.9008228512e-02 7.2503886683e-03 -7.2353311215e-01
148 134 108
2 0 565 232.0100 26.4600 1 545 223.9500 -40.2600
4.5322983116e-02 7.9949465699e-05 -6.5122621629e-01
136 104 68
2 0 646 149.4500 -2.9500 1 824 76.2600 -186.9600
9.3260572118e-02 -1.9413090943e-02 -7.0218506423e-01
59 54 50
2 0 797 281.1400 -54.6400 1 693 227.3600 -112.5500
1.2586544349e-01 -2.3348843038e-02 -6.9121734117e-01
176 163 147
2 0 822 383.5100 -68.4300 1 785 293.6300 -168.7300
5.0679079700e-02 -1.9917480245e-02 -6.3147535345e-01
118 93 64
2 0 830 171.9100 -72.4200 1 921 65.6400 -243.2800
1.0038950241e-01 5.4278047944e-02 -7.6394415935e-01
147 129 94
2 0 1708 277.5600 158.0200 1 1284 339.2900 58.6200
1.0432560437e-01 5.1446138576e-02 -7.6049533155e-01
180 166 133
2 0 1718 289.4600 150.5900 1 1803 344.5700 44.7300
7.8917010455e-02 4.9580865096e-02 -7.6384126027e-01
166 152 119
2 0 1729 219.2100 145.1800 1 1777 281.5700 76.7900
7.7124860673e-02 4.5415257250e-02 -7.6041641829e-01
146 136 114
2 0 1749 215.4000 134.0400 1 1786 271.5300 67.9300
1.0675661891e-01 4.3435207494e-02 -7.5291677213e-01
203 184 148
2 0 1756 299.0900 129.0900 1 1343 338.9600 19.7700
7.6116846078e-02 3.6995283697e-02 -7.5276013949e-01
90 78 56
2 0 1777 215.0600 111.2400 1 1304 257.3700 45.9800
8.5112881315e-02 2.3501750588e-02 -7.3732330691e-01
149 128 94
2 0 1841 244.5400 73.6000 1 1371 259.5100 -6.5000
1.1279465031e-01 1.0847579145e-02 -7.2188493159e-01
162 140 103
2 0 1886 329.4800 36.8600 1 626 307.3900 -74.5500
1.1279465031e-01 1.0847579145e-02 -7.2188493159e-01
162 140 103
2 0 1887 329.4800 36.8600 1 627 307.3900 -74.5500
-4.8979766380e-02 1.0057443737e-02 -6.5981933088e-01
104 84 54
2 0 1895 -154.5000 29.3200 1 628 -146.1000 -75.6200
8.2509710440e-02 6.2019090905e-03 -7.2201389600e-01
99 85 59
2 0 1899 242.2300 23.2800 1 1449 231.0400 -47.7100
4.1522994200e-02 2.0298613247e-03 -6.5158402510e-01
142 92 47
2 0 1942 136.9100 3.3700 1 1561 68.0700 -182.2600
-5.1736536663e-02 1.2251774099e-03 -6.5138090236e-01
242 233 194
2 0 1948 -165.3700 0.0400 1 1494 -161.5800 -96.5000
-4.5136353669e-02 -6.0861403866e-03 -6.4397351189e-01
118 103 71
2 0 1975 -145.7500 -24.8000 1 710 -152.7200 -122.7700
-6.4091909401e-02 -1.0417542976e-02 -6.4693096215e-01
90 48 26
2 0 2009 -206.0800 -38.5300 1 668 -197.0300 -99.2100
-3.4278277697e-02 -1.1496536553e-02 -6.3618217994e-01
145 125 100
2 0 2012 -111.8600 -44.0000 1 760 -133.5700 -153.1400
-3.4665868411e-02 -1.4654492804e-02 -6.3368776315e-01
172 155 132
2 0 2029 -113.6000 -55.0200 1 769 -137.0700 -159.5600
-5.5752101909e-02 -3.0205213599e-02 -6.2984737914e-01
77 51 34
2 0 2085 -183.6100 -107.9600 1 759 -193.4300 -152.8300
1.0646973744e-01 -4.7888169110e-02 -6.7550320583e-01
86 80 72
2 0 2140 332.5200 -148.0600 1 1567 223.1500 -192.9900
-7.9038724198e-02 5.8670491564e-02 -7.1483059063e-01
94 53 33
2 0 2462 -229.6900 175.6700 1 1761 -166.8500 113.0000
1.0271322476e-01 5.7596086420e-02 -7.6647328938e-01
193 180 149
2 0 2473 282.8500 166.7800 1 2117 349.7100 64.3400
2.9000813851e-02 4.4860161708e-02 -6.9308717757e-01
194 148 99
2 0 2507 90.6100 138.1200 1 1907 88.7300 -54.7100
7.9174614075e-02 4.5593855729e-02 -7.6012240503e-01
150 139 107
2 0 2516 221.0300 134.5500 1 2115 276.6200 65.2900
7.9174614075e-02 4.5593855729e-02 -7.6012240503e-01
150 139 107
2 0 2517 221.0300 134.5500 1 2116 276.6200 65.2900
6.9345950032e-02 4.3685577403e-02 -7.6022550497e-01
144 130 102
2 0 2521 194.4600 129.3100 1 2106 250.4600 74.1900
7.8594991760e-02 3.9250963147e-02 -7.5457463584e-01
100 89 75
2 0 2536 221.3800 117.4200 1 2125 266.4200 49.1600
8.2270606752e-02 1.1412441279e-02 -7.2666076552e-01
102 91 65
2 0 2632 241.1200 38.7900 1 1882 235.9200 -33.8600
8.0418670045e-02 7.3866871158e-03 -7.2356126487e-01
93 83 65
2 0 2646 236.1200 26.8700 1 1440 227.4200 -41.4200
9.6114635412e-02 2.1052105101e-03 -7.1573603507e-01
152 129 92
2 0 2656 284.1300 10.8800 1 1922 256.4900 -76.6300
5.1151934331e-02 -2.8118557401e-02 -6.2183073240e-01
163 115 65
2 0 2746 175.9700 -102.7000 1 1626 56.1500 -268.0500
5.0855263995e-02 -3.2000941926e-02 -6.1837484801e-01
138 98 51
2 0 2759 176.2100 -116.9700 1 1631 50.9700 -276.3100
1.0147182385e-01 4.5261953099e-02 -7.5551680647e-01
132 123 95
2 0 2996 283.9200 134.0200 1 2138 328.6600 32.3300
7.9864968876e-02 4.1174882699e-02 -7.5592721523e-01
164 147 116
2 0 3006 224.0600 122.6300 1 2123 272.2700 52.0200
-5.6487849902e-02 2.1340786102e-02 -6.7107320975e-01
190 174 144
2 0 3050 -175.3000 65.5300 1 1884 -153.4600 -36.7100
-5.5458477234e-02 1.6675503125e-02 -6.6653164131e-01
181 172 148
2 0 3065 -173.2900 50.7000 1 1905 -155.5100 -50.6600
8.0183473160e-02 1.2009335851e-02 -7.2781756185e-01
141 127 92
2 0 3074 233.9300 40.4700 1 2178 232.9300 -29.3100
-4.8064537880e-02 7.0803798620e-03 -6.5685215070e-01
131 113 80
2 0 3078 -152.3000 19.5400 1 1925 -146.8300 -84.7400
-6.4169674342e-02 5.1507728237e-03 -6.6357615229e-01
107 64 41
2 0 3083 -200.8500 13.8900 1 1906 -181.2900 -53.6200
-6.4280895366e-02 -5.9887114248e-03 -6.5142009028e-01
80 49 26
2 0 3117 -205.2000 -23.3800 1 1927 -193.2300 -86.8200
-4.6553443827e-02 -6.9519112417e-03 -6.4312362029e-01
230 187 132
2 0 3121 -150.6900 -27.7900 1 1950 -156.9200 -123.8000
4.6053518227e-02 -1.4210170262e-02 -6.3561922227e-01
98 67 43
2 0 3134 155.4800 -52.5000 1 2019 59.8300 -228.2300
-6.1678039838e-02 -1.7460069250e-02 -6.4026516458e-01
84 43 27
2 0 3141 -200.1900 -62.9500 1 1947 -197.6900 -119.4200
-4.3939508066e-02 -2.6854167712e-02 -6.2366599882e-01
54 30 19
2 0 3156 -146.6600 -98.5600 1 1991 -169.6500 -177.8500
-4.3939508066e-02 -2.6854167712e-02 -6.2366599882e-01
54 30 19
2 0 3157 -146.6600 -98.5600 1 1990 -169.6500 -177.8500
5.1754090152e-02 -3.0704567921e-02 -6.1950783678e-01
166 117 67
2 0 3164 178.6900 -112.2000 1 2039 54.7900 -274.4200
9.4898383741e-02 -6.1818340246e-02 -6.5012083956e-01
115 111 100
2 0 3196 309.1000 -202.1100 1 1599 169.3800 -243.1800
7.8408261646e-02 4.3013196717e-02 -7.5788887482e-01
90 85 66
2 0 3329 219.8900 127.6300 1 2418 270.9700 59.3500
7.2461415477e-02 3.7933483797e-02 -7.5437839241e-01
79 76 70
2 0 3334 204.2200 113.7300 1 2332 250.3900 53.7700
8.9049392917e-02 1.1172889131e-02 -7.2575403236e-01
149 133 99
2 0 3361 260.0200 37.9800 1 2345 252.4500 -42.8500
-4.0919065023e-02 8.3228341405e-05 -6.4803620751e-01
244 228 192
2 0 3373 -131.6400 -4.0200 1 2227 -137.5100 -115.2500
-4.2283271261e-02 -2.5307551133e-02 -6.2491317545e-01
244 197 144
2 0 3403 -140.7600 -92.9700 1 2247 -164.4700 -176.0300
-3.5931112123e-02 -6.4190884478e-02 -5.8710336771e-01
37 32 21
2 0 3456 -127.2900 -244.0200 1 2041 -184.9600 -277.0000
-8.3185226446e-02 1.2085458108e-02 -6.5760818799e-01
224 198 151
2 0 3537 -265.2600 35.3800 1 2347 -232.6100 -48.4400
-8.2139570975e-02 8.4667492095e-03 -6.5416315912e-01
246 240 203
2 0 3540 -263.2200 23.5000 1 2349 -233.3500 -59.1700
1.0194857333e-01 -3.9965139497e-02 -6.8391536768e-01
39 29 20
2 0 3566 315.3600 -121.0000 1 2447 222.5200 -167.6700
7.1708837856e-02 3.4906333811e-02 -7.5152474936e-01
153 137 111
2 0 3611 203.1500 105.4600 1 2538 244.1700 46.1300
8.6335060498e-02 1.2815867859e-02 -7.2764199306e-01
150 135 102
2 0 3616 251.1800 42.7600 1 2545 248.6700 -35.3600
3.9482502059e-02 1.4334268362e-03 -6.5145426194e-01
169 132 87
2 0 3622 130.2400 1.4000 1 2448 62.8600 -180.8500
8.4386461965e-02 8.5224766396e-03 -7.2403194207e-01
88 81 61
2 0 3674 247.4700 30.2200 1 2546 237.9800 -43.5100
7.6285982777e-02 3.9798002854e-02 -7.5505614903e-01
100 92 79
2 0 3696 214.8100 118.9000 1 2565 261.4000 52.7900
9.8409943870e-02 3.9368349886e-02 -7.5084280458e-01
160 142 104
2 0 3697 277.5500 118.0000 1 2583 312.9100 21.1500
