# Bundle file v0.3
2 44
2.2600257896e+03 2.0691380886e-03 4.6951595573e-05
9.9996299447e-01 8.1991435523e-03 -2.6045597044e-03
-8.1748342826e-03 9.9992416405e-01 9.2107675016e-03
2.6798825901e-03 -9.1891348083e-03 9.9995418797e-01
-1.3405668352e-03 9.6879335320e-03 -6.1091888613e-02
1.9054957007e+03 -3.2425598302e-04 8.4888654384e-05
9.5444362669e-01 -2.8737391583e-01 8.0334276483e-02
2.0018393835e-02 3.3028530672e-01 9.4366884026e-01
-2.9771904102e-01 -8.9907054710e-01 3.2099147021e-01
7.0383493280e-02 8.4236546089e-01 -4.4422739296e-01
-9.3789099057e-02 9.0429315372e-02 -8.7389238762e-01
35 33 21
2 0 84 -222.7800 224.2400 1 348 -282.0400 111.8700
9.0160389616e-02 1.4323386071e-02 -8.3466217725e-01
35 22 13
2 0 430 229.1200 39.7000 1 1231 216.9700 155.2600
1.1962928302e-01 9.9893589325e-03 -8.4494469552e-01
96 88 75
2 0 452 301.2200 27.0800 1 310 284.9400 127.1900
-4.0619142677e-02 1.7390847168e-03 -8.3331263139e-01
194 154 128
2 0 478 -100.6400 10.3800 1 260 -97.2200 151.5500
1.0137314617e-01 -1.2372510235e-02 -8.6601363892e-01
90 74 50
2 0 549 249.2800 -28.0300 1 1375 259.8900 59.3700
9.5285754570e-02 -1.5124245700e-02 -8.7141736765e-01
80 62 45
2 0 563 233.3200 -34.6600 1 543 246.4500 43.7700
-8.5040925006e-02 -2.2069701691e-02 -8.7282218060e-01
53 27 8
2 0 588 -203.0200 -47.9500 1 1442 -210.0000 27.4300
1.1975032080e-01 -2.8313375263e-02 -8.6944252936e-01
136 103 70
2 0 632 292.8900 -67.1700 1 1424 319.2800 38.8700
1.1975032080e-01 -2.8313375263e-02 -8.6944252936e-01
136 103 70
2 0 633 292.8900 -67.1700 1 1423 319.2800 38.8700
1.0602284182e-01 -3.5356058237e-02 -8.8199142532e-01
71 45 24
2 0 669 255.8700 -83.1000 1 635 290.5700 1.3600
-8.0943773699e-02 -4.6933398778e-02 -9.0973274309e-01
65 34 16
2 0 697 -187.1100 -104.6400 1 1556 -188.9400 -94.5200
-8.7966374201e-02 -7.6435383685e-02 -9.3656795663e-01
122 109 93
2 0 800 -198.5200 -169.1200 1 2004 -195.8100 -200.6600
-8.6530253393e-02 -7.6360449040e-02 -9.3619553765e-01
59 45 29
2 0 801 -195.4600 -169.0000 1 2001 -191.5600 -199.3700
-3.1226255270e-02 -1.0821404771e-01 -9.4716510947e-01
35 22 11
2 0 853 -71.1400 -239.4700 1 1666 -11.8100 -260.8300
-3.0789837577e-02 -1.0945184708e-01 -9.4810410222e-01
119 110 96
2 0 855 -69.9700 -242.1000 1 1667 -9.8700 -264.9200
-9.7187961954e-02 9.1129833137e-02 -8.7281297375e-01
174 171 162
2 0 887 -231.2500 226.2800 1 1262 -290.5300 114.8700
-9.6683549933e-02 8.9572446474e-02 -8.7397714043e-01
23 21 10
2 0 891 -229.6900 222.1900 1 1269 -288.8900 111.0800
1.4152270550e-01 3.4199844031e-02 -8.1404059017e-01
86 76 66
2 0 1016 368.2100 91.0500 1 1166 318.8900 216.2200
1.4152270550e-01 3.4199844031e-02 -8.1404059017e-01
86 76 66
2 0 1017 368.2100 91.0500 1 1167 318.8900 216.2200
1.0425879044e-01 3.1528059838e-02 -8.1293641578e-01
40 26 17
2 0 1019 271.2300 85.5000 1 1163 239.2700 218.6400
1.0269916769e-01 2.9843321176e-02 -8.1534740796e-01
40 26 17
2 0 1026 266.7700 80.7500 1 1711 236.2800 211.8500
1.0657130837e-01 -1.1237601890e-02 -8.6225627492e-01
145 118 87
2 0 1129 263.1200 -25.4300 1 1808 271.9800 69.5900
-7.0438142561e-02 -2.6836764737e-02 -8.8513222777e-01
80 43 24
2 0 1156 -166.3600 -59.0700 1 1889 -168.1000 -8.8100
9.6815347336e-02 -2.6100806437e-02 -8.7917289704e-01
142 108 69
2 0 1160 234.7400 -60.8900 1 1865 259.3800 15.7600
-7.5092119475e-02 -3.1302618652e-02 -8.9029933893e-01
63 34 16
2 0 1172 -176.6600 -69.3600 1 1902 -178.9700 -26.9400
8.4256217726e-02 -3.3030377918e-02 -8.9009528564e-01
115 89 61
2 0 1191 202.4800 -76.8200 1 1894 232.7800 -17.8400
9.5658392458e-02 -7.7161225600e-03 -8.6527274203e-01
71 55 32
2 0 1543 235.9000 -16.6900 1 1813 241.5400 64.6400
1.0039861674e-01 -1.6068070915e-02 -8.6952802949e-01
145 122 95
2 0 1561 246.0500 -37.0200 1 2085 260.2500 47.8200
-8.3594031819e-02 -2.2617585756e-02 -8.7372681617e-01
152 117 73
2 0 1567 -199.4900 -49.2400 1 2097 -205.6800 24.5800
-8.6171413405e-02 -2.8127709028e-02 -8.8097011507e-01
226 192 152
2 0 1572 -204.3000 -62.1700 1 2107 -210.7300 0.1500
-8.7579725670e-02 -3.0657372336e-02 -8.8385957812e-01
175 141 98
2 0 1577 -207.1900 -68.0400 1 2112 -213.5800 -10.0100
7.7428171098e-02 -3.1397149316e-02 -8.9218120789e-01
137 112 81
2 0 1581 185.5300 -72.5300 1 2121 214.3000 -21.9600
9.4083742232e-02 -1.1633792828e-02 -8.6915086869e-01
66 53 43
2 0 1724 230.8500 -26.1100 1 2243 240.8700 52.0500
1.0110886282e-01 -1.3903800539e-02 -8.6738227122e-01
78 62 46
2 0 1729 248.2000 -31.7200 1 2241 260.5000 54.8100
8.1514803213e-02 -3.7882799703e-02 -8.9561471640e-01
140 111 77
2 0 1748 194.7000 -87.8800 1 2259 229.5700 -36.0500
1.1638920190e-01 -2.3273112393e-02 -8.6707459905e-01
156 126 89
2 0 1921 285.3800 -54.8700 1 2382 306.6600 48.6400
8.1190641264e-02 -3.4981528897e-02 -8.9404140680e-01
136 109 79
2 0 1927 193.2200 -80.6300 1 2393 227.3100 -29.5700
-1.1079272225e-01 -9.1683557529e-02 -9.4747743859e-01
79 64 45
2 0 1939 -247.2300 -201.4400 1 2438 -256.5400 -253.5200
-1.1079272225e-01 -9.1683557529e-02 -9.4747743859e-01
79 64 45
2 0 1940 -247.2300 -201.4400 1 2439 -256.5400 -253.5200
7.7144267990e-02 -3.5720696200e-02 -8.9605010532e-01
75 60 41
2 0 1971 184.0500 -82.5300 1 2424 216.8600 -35.4500
9.7253516934e-02 -1.3791921100e-02 -8.6943592219e-01
78 64 48
2 0 1999 238.5200 -31.4500 1 2446 250.4200 49.7500
1.0785914914e-01 -3.1937822245e-02 -8.7774507648e-01
150 116 78
2 0 2026 261.4600 -75.1700 1 2447 292.6000 14.8700
8.2477857133e-02 -3.7424164000e-02 -8.9571329538e-01
139 112 78
2 0 2081 197.5900 -87.0900 1 2490 230.7800 -35.7900
-1.0213500381e-01 -7.6138363750e-02 -9.3693831946e-01
21 12 9
2 0 2083 -230.3600 -168.1700 1 2500 -237.3300 -203.4100
