# Bundle file v0.3
2 58
2.2127747223e+03 1.2796233306e-01 4.6487116741e-03
9.9979677431e-01 9.3738177939e-04 2.0137809916e-02
-1.8703195854e-03 9.9892309622e-01 4.6358922985e-02
-2.0072667423e-02 -4.6387165801e-02 9.9872184259e-01
1.5785340878e-02 3.3674298797e-02 -4.4743221829e-02
1.8971856515e+03 -1.4639646031e-01 -7.8194346835e-03
9.4607902794e-01 -2.8107377707e-01 -1.6103417256e-01
1.6491355572e-01 -9.9615804272e-03 9.8625771787e-01
-2.7881533678e-01 -9.5963446101e-01 3.6928433668e-02
-1.3027593848e-01 7.2568282889e-01 -5.7814109965e-01
9.7954714590e-02 2.2523301794e-02 -7.0224682448e-01
141 121 92
2 0 386 294.7300 69.4600 1 294 200.5900 142.1100
1.0270686010e-01 5.8145166758e-03 -7.1486655628e-01
146 116 80
2 0 490 303.4000 17.9000 1 365 237.9900 111.1100
-4.3551161202e-02 -3.5401051619e-02 -7.2011282908e-01
98 64 33
2 0 754 -123.1100 -101.7300 1 1895 -154.5000 29.3200
-3.7865420684e-02 -4.6481602209e-02 -7.2708252802e-01
160 134 114
2 0 822 -106.1900 -133.7300 1 1926 -123.8100 9.7200
-4.6998127582e-02 -5.1513360210e-02 -7.3566592557e-01
112 85 44
2 0 851 -131.7300 -147.7800 1 1975 -145.7500 -24.8000
-5.5631576735e-02 -6.2203717621e-02 -7.4779608461e-01
135 99 58
2 0 903 -154.8200 -177.2900 1 2048 -160.5700 -72.8000
-4.2150338683e-02 -6.5081717948e-02 -7.4504845231e-01
154 129 109
2 0 916 -117.1000 -185.6700 1 2029 -113.6000 -55.0200
1.0718114748e-01 4.7539533282e-02 -6.8185522828e-01
41 28 19
2 0 1331 332.0300 150.2000 1 163 188.5400 196.2400
9.4923204762e-02 2.0701487994e-02 -7.0504001894e-01
72 52 35
2 0 1449 284.6000 63.4400 1 312 195.7700 133.2400
1.0594924474e-01 2.0036077581e-02 -7.0093250665e-01
139 115 80
2 0 1453 319.3300 62.2800 1 277 223.6600 149.6700
9.6244436473e-02 1.0376698869e-02 -7.1359390328e-01
72 51 33
2 0 1497 284.7000 31.5700 1 1777 215.0600 111.2400
1.2246576873e-01 9.4572529100e-03 -7.0343799860e-01
134 105 70
2 0 1500 367.7600 30.1900 1 274 280.2100 151.6300
5.0627322719e-02 -2.3376904437e-03 -6.7107486978e-01
28 15 14
2 0 1567 162.9000 0.6600 1 112 81.8100 222.4700
1.2322159283e-01 -9.8708093943e-04 -7.1212845045e-01
186 157 115
2 0 1572 365.6300 -1.9700 1 1756 299.0900 129.0900
9.0425522160e-02 -1.5117298813e-02 -7.3712795525e-01
130 107 79
2 0 1652 258.6100 -44.5800 1 521 240.5700 42.3100
8.9200800182e-02 -2.1619115996e-02 -7.4331162022e-01
79 62 41
2 0 1678 252.8700 -63.3200 1 1900 248.2100 23.3900
-5.5633570574e-02 -6.9513761692e-02 -7.5400558354e-01
204 170 125
2 0 1811 -154.1000 -197.2100 1 3155 -151.5900 -95.6300
3.0459483446e-02 -7.5664834503e-02 -7.4068102387e-01
115 69 38
2 0 1830 88.5300 -216.3100 1 1942 136.9100 3.3700
1.1064336630e-01 6.9697751703e-02 -6.6077168185e-01
90 77 69
2 0 1969 353.5300 227.1100 1 1585 166.1000 247.3500
1.0387676148e-01 1.9649823921e-02 -7.0223568613e-01
154 128 94
2 0 2130 312.5700 60.8500 1 1729 219.2100 145.1800
1.0056540304e-01 1.7133511537e-02 -7.0588099232e-01
123 106 80
2 0 2152 300.6900 52.8400 1 1749 215.4000 134.0400
1.2294071308e-01 1.1765763643e-02 -7.0108278228e-01
132 102 74
2 0 2190 370.4200 37.4600 1 1708 277.5600 158.0200
-5.1706397366e-02 -4.5809578576e-03 -7.0192280007e-01
88 48 24
2 0 2262 -148.8900 -9.9400 1 2583 -209.8300 80.6400
9.4977683812e-02 -1.2539104764e-02 -7.3314138541e-01
104 83 54
2 0 2309 273.7500 -37.2400 1 3058 247.4800 56.1000
-4.5628757900e-02 -3.0282433206e-02 -7.1621808843e-01
89 58 39
2 0 2352 -129.5000 -86.7500 1 2630 -166.9200 40.7000
-6.1432861600e-02 -3.7140113729e-02 -7.3282404329e-01
75 34 16
2 0 2371 -173.4000 -106.6800 1 3117 -205.2000 -23.3800
9.9089775226e-02 -4.6324271136e-02 -7.7130117572e-01
126 105 88
2 0 2393 269.3700 -131.7400 1 3557 323.2300 -58.1100
-5.4665389278e-02 -7.0768787418e-02 -7.5495464320e-01
52 27 12
2 0 2451 -151.3400 -200.6000 1 3157 -146.6600 -98.5600
-5.4665389278e-02 -7.0768787418e-02 -7.5495464320e-01
52 27 12
2 0 2452 -151.3400 -200.6000 1 3156 -146.6600 -98.5600
-5.6536867659e-02 -7.2298284182e-02 -7.5687101524e-01
200 171 138
2 0 2457 -156.2500 -204.6700 1 3407 -151.0000 -106.8600
2.9632445673e-02 -7.8165776470e-02 -7.4313752387e-01
88 55 29
2 0 2471 85.8900 -223.1000 1 3100 138.5800 -5.5500
-5.9763517293e-02 -8.5167854424e-02 -7.6927571987e-01
147 125 100
2 0 2481 -163.4800 -238.6700 1 3426 -145.3000 -156.6100
2.7307861738e-02 -9.1837609948e-02 -7.5605039811e-01
87 49 25
2 0 2504 77.3600 -259.4500 1 3134 155.4800 -52.5000
-6.3190075740e-02 -1.0692059064e-01 -7.9003183371e-01
38 24 12
2 0 2527 -170.0600 -294.0400 1 3456 -127.2900 -244.0200
1.0231083367e-01 1.6103563401e-02 -7.0601335384e-01
135 115 86
2 0 2625 306.0200 49.6800 1 2516 221.0300 134.5500
1.0231083367e-01 1.6103563401e-02 -7.0601335384e-01
135 115 86
2 0 2626 306.0200 49.6800 1 2517 221.0300 134.5500
1.2620268148e-01 1.3392817790e-02 -6.9833438571e-01
175 150 117
2 0 2629 381.6500 42.8200 1 2473 282.8500 166.7800
1.0096318444e-01 1.1885894144e-02 -7.1023643411e-01
147 121 87
2 0 2632 300.3300 36.4200 1 3006 224.0600 122.6300
9.9236508977e-02 1.1061951846e-02 -7.1185703992e-01
78 64 47
2 0 2635 294.3200 33.8200 1 2536 221.3800 117.4200
8.8304472781e-02 -1.4489267928e-02 -7.3736844214e-01
123 102 72
2 0 2691 252.5700 -42.8400 1 3074 233.9300 40.4700
1.2107664256e-01 -1.6085287138e-02 -7.2706266124e-01
113 84 50
2 0 2694 352.3600 -47.5300 1 3349 319.4900 86.6700
8.9685567526e-02 -1.6416722773e-02 -7.3825166699e-01
83 68 48
2 0 2695 255.6100 -48.1300 1 2632 241.1200 38.7900
-4.3167576774e-02 -4.0465520922e-02 -7.2474135368e-01
245 230 192
2 0 2734 -121.7000 -116.3800 1 3370 -147.0400 14.3500
9.3675904023e-02 1.3161506989e-02 -7.1216105887e-01
63 56 47
2 0 2855 277.8700 39.9200 1 3334 204.2200 113.7300
1.1416576976e-01 -2.4227204697e-03 -7.1703366273e-01
132 103 59
2 0 2868 336.4600 -6.6700 1 3335 279.2200 111.1600
9.5093817424e-02 -1.9671320894e-02 -7.3940833541e-01
133 109 75
2 0 2879 271.3500 -57.8000 1 3361 260.0200 37.9800
-7.4272960685e-02 -2.9104074218e-02 -7.1663251584e-01
243 226 167
2 0 2884 -211.7700 -83.5400 1 3540 -263.2200 23.5000
-7.5412783498e-02 -3.3114393344e-02 -7.2056351971e-01
203 152 105
2 0 2888 -214.3300 -95.3200 1 3542 -262.7600 9.8800
9.2558612790e-02 1.5866383893e-02 -7.1061348941e-01
124 93 61
2 0 2970 275.6900 47.9300 1 3515 196.9800 117.0700
1.0064695844e-01 1.4340032099e-02 -7.0832221614e-01
72 59 48
2 0 2973 299.8800 44.1300 1 3329 219.8900 127.6300
9.1915054862e-02 1.1075094055e-02 -7.1487942571e-01
138 116 80
2 0 3045 271.5600 33.3700 1 3611 203.1500 105.4600
9.3547245119e-02 -1.6950012130e-02 -7.3748811208e-01
128 103 71
2 0 3082 267.8900 -50.0500 1 3616 251.1800 42.7600
9.0196272196e-02 -1.9536566761e-02 -7.4119950562e-01
68 55 38
2 0 3084 256.3500 -57.3000 1 3674 247.4700 30.2200
8.9531413382e-02 -6.5761370449e-03 -7.3044374958e-01
105 86 56
2 0 3106 258.8800 -19.8100 1 3702 224.2200 61.0100
-4.6672876393e-02 -6.2385788722e-02 -7.4553195324e-01
226 186 141
2 0 3115 -129.1300 -178.1400 1 3705 -131.4700 -59.3900
1.1477045521e-01 -4.2639772302e-05 -7.1471341400e-01
141 113 76
2 0 3124 338.6100 0.9000 1 3697 277.5500 118.0000
-1.0501796447e-01 3.1834175191e-02 -7.7662900151e-01
16 15 10
2 0 3133 -284.0500 80.3100 1 3755 -351.4800 -179.4800
1.0240001986e-01 -4.9488049631e-02 -7.7157394631e-01
134 113 92
2 0 3142 279.5500 -140.9400 1 3769 336.2300 -57.6300
