# Bundle file v0.3
2 74
2.2151885608e+03 1.1618198291e-01 3.4947436135e-03
9.9986917717e-01 1.5646421544e-02 4.1009812134e-03
-1.5776227193e-02 9.9930393177e-01 3.3804772057e-02
-3.5692029368e-03 -3.3865047632e-02 9.9942004149e-01
4.2287315966e-03 2.9425020508e-02 -5.6105297100e-02
1.8852511387e+03 -1.1150011289e-01 -3.7877733608e-03
8.8218417036e-01 -4.7090050875e-01 -1.9494680654e-03
1.3359218090e-01 2.4629731057e-01 9.5994310457e-01
-4.5155754757e-01 -8.4710704499e-01 2.8018821454e-01
-1.1422184445e-02 8.3109654566e-01 -4.3540673636e-01
-1.8868560764e-02 6.5690114726e-02 -7.8006057886e-01
134 98 74
2 0 211 -43.6100 182.1700 1 63 -155.0700 257.2900
-3.9511787535e-02 5.5520772649e-02 -7.9805581532e-01
195 152 116
2 0 260 -97.2200 151.5500 1 1237 -194.1100 200.6100
1.0922250709e-01 2.8233096093e-02 -8.2471152871e-01
141 114 84
2 0 471 278.1100 70.6100 1 237 186.3800 155.0900
1.1801506333e-01 2.0534143988e-02 -8.2512325187e-01
156 125 90
2 0 526 300.2200 50.6700 1 249 215.6400 152.6800
9.5519152359e-02 1.8101211076e-02 -8.3738852320e-01
132 111 81
2 0 542 239.4100 44.0900 1 319 170.7400 114.9400
9.8187064796e-02 1.7979017627e-02 -8.3629184326e-01
79 63 45
2 0 543 246.4500 43.7700 1 307 176.6500 118.3600
1.2697531499e-01 1.4777625521e-02 -8.2439074021e-01
125 100 59
2 0 557 323.4000 35.6400 1 242 242.4500 154.0300
-6.4188327990e-02 9.0033176236e-03 -8.4523254084e-01
107 74 55
2 0 590 -156.4100 27.0500 1 1420 -203.6500 38.6200
-5.4462936622e-02 -5.0645205006e-03 -8.4427321184e-01
213 194 160
2 0 655 -132.3400 -8.2300 1 457 -162.5000 35.5000
1.0662026608e-01 -1.0417984000e-02 -8.4873099875e-01
138 109 77
2 0 694 263.4100 -28.1600 1 387 235.0700 74.0200
9.2959314277e-02 -1.3890394893e-02 -8.5698663760e-01
139 114 84
2 0 715 227.2600 -36.2800 1 429 210.0500 46.5000
-6.3403283048e-02 -1.7573616624e-02 -8.5580674444e-01
226 205 170
2 0 716 -153.3300 -39.0600 1 1475 -171.1000 -9.6300
-7.9915203690e-02 -2.6398811044e-02 -8.7242450429e-01
86 59 46
2 0 750 -191.0400 -60.0500 1 1525 -204.9700 -71.3900
-6.4228471046e-02 -3.6726242975e-02 -8.6870330567e-01
92 63 27
2 0 789 -154.0600 -85.5800 1 1516 -149.4700 -62.2200
1.0576478971e-01 -3.9792278417e-02 -8.6973766513e-01
110 99 80
2 0 818 254.4800 -99.7800 1 525 277.0400 1.3900
1.4309433911e-02 -5.6705836366e-02 -8.5683495491e-01
124 75 47
2 0 887 34.2900 -137.2800 1 1476 88.0400 -10.3200
1.7308043249e-02 -5.8526197316e-02 -8.5853835132e-01
112 82 50
2 0 896 41.1800 -141.5600 1 568 98.6500 -15.3100
5.2238573963e-03 -8.9774942210e-02 -8.8207975621e-01
121 74 41
2 0 1003 10.2300 -213.8100 1 1569 115.2800 -114.6600
4.1451341898e-03 -9.3603975702e-02 -8.8499664041e-01
113 68 36
2 0 1018 7.4800 -222.4400 1 1587 118.4800 -127.2800
1.1038583147e-01 2.6130295037e-02 -8.2554020057e-01
159 130 96
2 0 1361 280.8700 65.0400 1 248 191.5800 152.3400
9.4547080624e-02 2.5205166088e-02 -8.3368941190e-01
113 97 73
2 0 1370 238.0500 62.4200 1 1315 159.1000 127.5200
9.4547080624e-02 2.5205166088e-02 -8.3368941190e-01
113 97 73
2 0 1371 238.0500 62.4200 1 1314 159.1000 127.5200
1.2536057418e-01 1.5995627325e-02 -8.2426042052e-01
130 101 69
2 0 1424 319.2800 38.8700 1 241 237.4200 154.5300
9.7492741131e-02 3.3021580430e-04 -8.4599225132e-01
116 86 51
2 0 1466 241.4300 -0.8100 1 369 200.0200 84.3100
-5.7711553924e-02 -1.4137589528e-02 -8.5146562978e-01
117 85 53
2 0 1491 -139.8300 -30.7500 1 2040 -160.0100 7.5400
-6.2411511124e-02 -1.8408860604e-02 -8.5627839108e-01
83 42 17
2 0 1499 -150.8500 -41.1600 1 2063 -167.3800 -11.2000
-6.2523952069e-02 -3.5486496296e-02 -8.6778224826e-01
227 200 169
2 0 1542 -149.9800 -82.7000 1 2094 -146.3700 -57.7600
-8.2074918594e-02 -4.0447915045e-02 -8.8226246706e-01
74 38 14
2 0 1552 -194.7600 -93.4800 1 2131 -193.9100 -113.1800
-7.0936285404e-02 -4.4289169536e-02 -8.7623789016e-01
182 148 113
2 0 1566 -169.3000 -103.2700 1 2122 -158.3800 -93.7300
-8.0486096954e-02 -8.0772220621e-02 -9.0415694918e-01
34 21 12
2 0 1624 -188.2400 -186.9600 1 2505 -137.4300 -217.4200
-8.0486096954e-02 -8.0772220621e-02 -9.0415694918e-01
34 21 12
2 0 1625 -188.2400 -186.9600 1 2504 -137.4300 -217.4200
3.0994192876e-03 -9.7633028334e-02 -8.8768295821e-01
117 73 37
2 0 1658 4.9400 -231.6100 1 2147 122.0300 -139.5200
8.8844949578e-02 7.9667489614e-02 -7.9214982218e-01
45 27 19
2 0 1711 236.2800 211.8500 1 1816 77.8900 251.2800
9.4132355942e-02 5.9892164465e-02 -8.0749765541e-01
45 28 20
2 0 1730 245.3300 155.6400 1 1846 113.1300 207.6200
9.8197603359e-02 2.9325723336e-02 -8.2956661715e-01
69 55 36
2 0 1798 248.7200 73.0700 1 1304 161.2100 140.7500
1.0701167281e-01 2.7870847517e-02 -8.2617019337e-01
151 124 93
2 0 1808 271.9800 69.5900 1 1293 182.1800 150.7500
9.5805695279e-02 2.6036489693e-02 -8.3249092320e-01
67 50 33
2 0 1813 241.5400 64.6400 1 1921 160.7500 131.2600
-5.3301180863e-02 1.3476702872e-02 -8.3177779190e-01
68 49 34
2 0 1846 -130.4500 38.9700 1 2336 -181.4000 82.7900
1.2181037546e-01 1.0028933109e-02 -8.2982918747e-01
114 96 73
2 0 1860 308.3500 23.1900 1 1915 238.0400 136.8700
1.2181037546e-01 1.0028933109e-02 -8.2982918747e-01
114 96 73
2 0 1861 308.3500 23.1900 1 1916 238.0400 136.8700
-6.8392404180e-02 -1.8216806362e-03 -8.5334090329e-01
94 49 33
2 0 1876 -165.7100 -0.1300 1 2378 -202.4800 6.8700
-6.9488810898e-02 -5.3238738975e-03 -8.5607431008e-01
85 48 27
2 0 1889 -168.1000 -8.8100 1 2384 -201.2900 -3.8000
-7.4289766625e-02 -1.2710868519e-02 -8.6170229378e-01
68 33 11
2 0 1902 -178.9700 -26.9400 1 2403 -205.7900 -27.2400
-4.8850180444e-02 -1.3814158292e-02 -8.4690664265e-01
226 186 144
2 0 1905 -118.5800 -30.1200 1 2364 -136.8100 24.1400
-5.6984699501e-02 -1.6105980546e-02 -8.5267235145e-01
239 221 178
2 0 1907 -138.1200 -35.5700 1 2380 -155.4700 2.9600
-7.8254386403e-02 -2.6538576968e-02 -8.7210808506e-01
68 35 16
2 0 1924 -186.9900 -60.5000 1 2424 -200.2900 -69.8400
-5.6032274133e-02 -2.6547799948e-02 -8.5774166988e-01
212 169 137
2 0 1926 -135.1700 -61.3700 1 2399 -140.2600 -18.9300
1.8455387386e-02 -4.0768284287e-02 -8.4479152392e-01
88 55 39
2 0 1950 45.6000 -98.8700 1 2017 75.1900 36.6800
-7.3970917459e-02 -5.2998977248e-02 -8.8313195284e-01
137 112 89
2 0 1966 -175.5100 -123.7000 1 2446 -155.8300 -123.3200
-7.8508445294e-02 -8.0950708780e-02 -9.0331306409e-01
143 116 89
2 0 1993 -183.9500 -187.4700 1 2688 -131.3300 -213.9400
-4.5136245171e-02 4.3051065811e-02 -8.0875934040e-01
55 29 11
2 0 2058 -111.2300 117.2000 1 2303 -194.3100 164.5600
-4.5136245171e-02 4.3051065811e-02 -8.0875934040e-01
55 29 11
2 0 2059 -111.2300 117.2000 1 2302 -194.3100 164.5600
1.0322612180e-01 1.9535980579e-02 -8.3282175083e-01
149 123 86
2 0 2085 260.2500 47.8200 1 1923 185.3400 129.1900
-8.6288574356e-02 1.8544213236e-03 -8.4671994923e-01
201 170 131
2 0 2102 -209.2100 9.4800 1 2621 -257.8100 21.4400
-8.7080757214e-02 -1.8645153023e-03 -8.4949796601e-01
230 199 152
2 0 2107 -210.7300 0.1500 1 2624 -255.7600 10.5600
-8.8466540582e-02 -5.9331593736e-03 -8.5237555338e-01
172 134 97
2 0 2112 -213.5800 -10.0100 1 2627 -255.0700 -1.1900
8.7503553336e-02 -8.1339123191e-03 -8.5598380935e-01
132 108 77
2 0 2121 214.3000 -21.9600 1 2354 189.5500 50.7700
1.0315743209e-01 2.2239882334e-02 -8.3145287438e-01
78 66 51
2 0 2241 260.5000 54.8100 1 2586 181.5300 133.9200
9.5849341721e-02 2.1228601392e-02 -8.3561459178e-01
67 61 51
2 0 2243 240.8700 52.0500 1 2320 167.1000 121.0600
1.0450458783e-01 2.7513242771e-02 -8.2758305056e-01
81 64 48
2 0 2322 264.9800 68.7100 1 2723 177.5200 146.4500
1.2772206982e-01 -8.2407148907e-03 -8.3837773273e-01
171 144 123
2 0 2333 320.0500 -23.6900 1 2592 276.8800 107.6700
1.2040419725e-01 1.9794342342e-02 -8.2456629914e-01
158 128 90
2 0 2382 306.6600 48.6400 1 2807 221.5200 154.3000
9.3565593923e-02 1.8924323003e-02 -8.3798239585e-01
143 119 85
2 0 2383 234.1300 46.3100 1 2812 165.6300 113.3400
9.2729935488e-02 -1.1131909366e-02 -8.5541034225e-01
137 112 76
2 0 2393 227.3100 -29.5700 1 2815 205.3900 52.1300
-6.1553753976e-02 -3.7433521646e-02 -8.6891556016e-01
216 174 137
2 0 2397 -147.2600 -87.5500 1 2897 -141.4500 -62.2100
9.5395444899e-02 -1.8996657224e-03 -8.4834848229e-01
138 109 77
2 0 2422 235.6900 -6.4800 1 2856 198.3900 76.4200
8.8994462474e-02 -1.3669139517e-02 -8.5874769303e-01
78 62 47
2 0 2424 216.8600 -35.4500 1 2857 201.1400 40.8100
8.3598508851e-02 -1.5142653489e-02 -8.6186827855e-01
125 99 68
2 0 2426 202.8500 -38.8500 1 2859 191.2200 30.0400
9.9476939824e-02 2.0292935551e-02 -8.3406329149e-01
80 66 51
2 0 2446 250.4200 49.7500 1 2854 176.2500 125.4600
1.1647977230e-01 6.6184989902e-03 -8.3444114037e-01
141 111 75
2 0 2447 292.6000 14.8700 1 2887 232.2300 122.2400
8.8822683908e-02 -2.1742648614e-04 -8.5055253050e-01
122 96 69
2 0 2448 218.6400 -2.0200 1 2888 181.7500 69.7500
9.5677286344e-02 1.4432536088e-02 -8.3970188398e-01
148 119 87
2 0 2460 238.6800 34.9500 1 2909 176.5700 107.2900
1.1571052335e-01 -3.3718890200e-03 -8.4013480239e-01
91 67 40
2 0 2486 288.5900 -10.4700 1 2947 244.9700 102.4800
1.0218928308e-01 -6.4499516828e-02 -8.8679170932e-01
147 120 99
2 0 2498 240.3500 -157.3700 1 2964 308.1600 -62.3700
