# Bundle file v0.3
2 377
2.0186202871e+03 -1.0079641195e-01 -2.7307833065e-02
9.9844393756e-01 1.5664514861e-02 -5.3519403169e-02
-1.6320706499e-02 9.9979663487e-01 -1.1845819993e-02
5.3322960165e-02 1.2700861629e-02 9.9849654483e-01
-3.3523253660e-01 -9.6646963822e-02 -5.6669799569e-01
1.9632691152e+03 3.2649248802e-02 2.7209452103e-02
9.9365338831e-01 9.0044035736e-02 -6.7416730369e-02
-9.0744717357e-02 9.9584670909e-01 -7.3978552341e-03
6.6470596334e-02 1.3468616062e-02 9.9769747730e-01
-5.0672779140e-01 1.1817994603e-01 -1.4876219110e+00
5.7149059602e-01 7.5874338512e-01 -4.3525723519e+00
114 90 75
2 0 30 198.1700 290.1000 1 11 143.8800 291.1500
1.4467494564e-01 7.2460495169e-01 -4.2375574525e+00
126 90 66
2 0 41 20.0000 285.0700 1 8 -4.3300 295.5200
6.3535899783e-01 6.0442371974e-01 -4.6115486706e+00
113 83 62
2 0 139 217.7600 215.7300 1 144 159.7400 227.7500
-2.5719214551e-01 5.8510595756e-01 -5.0469967391e+00
77 41 19
2 0 161 -112.0800 198.9200 1 140 -111.5100 228.4300
6.0857362141e-01 5.2889711742e-01 -4.6544028990e+00
63 39 28
2 0 186 205.9500 184.9900 1 179 148.6900 202.5200
-3.6226855854e-01 5.1891111650e-01 -5.0102989037e+00
10 9 1
2 0 198 -151.7900 176.2500 1 166 -145.9000 212.6700
6.0931123468e-01 4.7952115683e-01 -4.7579573525e+00
78 48 30
2 0 214 204.0800 163.2100 1 205 147.1500 183.4700
9.8313579181e-01 5.0961392965e-01 -7.8831443660e+00
85 73 61
2 0 276 258.6200 117.5600 1 312 221.8600 126.2300
1.1769410702e+00 4.9908242434e-01 -8.2768835443e+00
79 69 60
2 0 284 296.5200 110.4100 1 337 257.4600 116.0300
9.9177288093e-01 4.8016061210e-01 -7.9651613248e+00
51 37 26
2 0 285 259.0700 109.5000 1 330 222.3900 119.0600
9.6833103721e-01 3.9031773822e-01 -8.0048662589e+00
48 36 26
2 0 331 252.4900 87.9900 1 391 215.3400 100.2300
5.4733898040e-01 2.4951173456e-01 -4.9073995156e+00
175 127 79
2 0 372 176.9700 74.3600 1 356 121.2500 110.0700
5.6648693829e-01 2.4324162090e-01 -4.9800227892e+00
49 23 10
2 0 381 183.0900 71.3700 1 371 127.0000 106.4800
5.3727038726e-01 2.0637256035e-01 -4.9396697304e+00
112 76 49
2 0 409 172.7500 58.5400 1 409 116.7800 96.2300
5.5655916692e-01 2.0323094941e-01 -5.0186141738e+00
40 29 11
2 0 415 178.9000 56.9100 1 413 122.6600 93.6400
1.3196336179e+00 2.1183840005e-01 -8.9644240987e+00
128 102 68
2 0 441 312.3300 42.3900 1 520 271.3800 52.6100
1.1612799233e+00 1.5522591777e-01 -9.0260501402e+00
133 111 86
2 0 467 277.3500 31.1000 1 542 239.4100 44.0900
1.6066706202e+00 1.4080197203e-01 -8.8510080493e+00
159 136 99
2 0 474 376.4100 25.9100 1 559 327.3600 34.9200
1.2880345923e+00 9.5582981474e-02 -9.0527967444e+00
146 116 80
2 0 490 303.4000 17.9000 1 577 262.1400 30.8700
1.5865847775e+00 8.0423796241e-02 -8.8632136914e+00
170 145 99
2 0 504 371.4400 12.8600 1 599 322.2400 23.7900
-4.5615847722e-01 5.3515425676e-02 -5.2153549001e+00
21 10 3
2 0 516 -177.6700 9.1100 1 466 -176.4700 73.4500
4.8690964714e-01 -3.5246343831e-04 -5.1331553776e+00
142 95 47
2 0 564 151.4400 -15.8200 1 565 96.5300 33.4500
1.5618419299e+00 -7.6271906559e-02 -9.0861512868e+00
57 40 29
2 0 580 359.6200 -19.5600 1 650 310.6800 -5.5800
4.6103464498e-01 -4.9761442166e-02 -5.1324373864e+00
175 126 79
2 0 608 141.9700 -33.1900 1 608 87.4300 19.3800
4.6805719844e-01 -8.7006793807e-02 -5.2019016582e+00
140 96 61
2 0 639 143.8300 -45.6100 1 628 88.9500 8.1600
1.1519000005e+00 -2.8007302556e-01 -9.3201152357e+00
135 111 77
2 0 663 268.9500 -58.2400 1 715 227.2600 -36.2800
4.5986356116e-01 -2.3969134851e-01 -5.4162589081e+00
170 133 99
2 0 738 139.0400 -94.5800 1 710 83.8200 -35.1300
4.5986356116e-01 -2.3969134851e-01 -5.4162589081e+00
170 133 99
2 0 739 139.0400 -94.5800 1 711 83.8200 -35.1300
1.4731048214e+00 -4.5741703464e-01 -9.4067879088e+00
113 87 56
2 0 740 332.4900 -94.5100 1 769 282.0700 -73.6500
1.1496155993e+00 -5.4048347333e-01 -9.4511743819e+00
55 42 26
2 0 772 265.5500 -109.6700 1 784 221.2200 -82.7500
1.2261166464e+00 -5.5802868337e-01 -9.5174906295e+00
61 47 33
2 0 780 279.8300 -112.6300 1 794 234.2400 -86.5500
-1.9369981673e-01 -3.0810881102e-01 -5.1395822338e+00
117 86 72
2 0 799 -90.8800 -120.0200 1 718 -113.1800 -39.6800
3.4996184250e-01 -3.6784661826e-01 -5.4225374177e+00
131 104 78
2 0 830 101.2100 -136.9100 1 762 49.1000 -68.7600
3.8373730658e-01 -4.4806246648e-01 -5.4987166359e+00
129 87 53
2 0 875 112.3200 -161.6300 1 800 57.2100 -91.4900
3.8030115507e-01 -4.5961639969e-01 -5.5133470930e+00
134 91 46
2 0 880 111.0600 -165.0400 1 807 56.1600 -94.3700
3.9683144354e-01 -4.7489990454e-01 -5.5961457102e+00
65 36 16
2 0 884 116.4300 -167.5500 1 814 61.1800 -97.8300
3.8362703351e-01 -5.2649840799e-01 -5.6201883475e+00
65 35 21
2 0 910 111.7600 -183.5900 1 837 56.5100 -111.3100
3.5107723076e-01 -5.9211515915e-01 -5.6071133835e+00
137 98 63
2 0 952 100.8400 -205.1600 1 860 45.5700 -128.9200
8.4041081407e-02 -5.5781685267e-01 -4.9922033591e+00
72 45 23
2 0 978 3.2300 -216.0800 1 1585 -42.4400 -124.3500
8.3572034356e-02 -5.9867183401e-01 -5.0116213114e+00
114 96 74
2 0 1004 3.1400 -230.0100 1 881 -43.1000 -136.1700
1.1530000280e+00 -1.3717661144e+00 -1.0673665045e+01
66 58 47
2 0 1031 246.8800 -243.8400 1 991 199.6300 -208.2400
-3.2497871408e-01 -8.1055081239e-01 -5.4525591924e+00
187 145 112
2 0 1104 -126.5300 -278.9800 1 944 -151.5500 -174.9300
1.2291663600e+00 -1.5203085415e+00 -1.0303986916e+01
64 51 27
2 0 1109 265.1300 -280.8000 1 1044 212.3700 -241.2500
1.2291663600e+00 -1.5203085415e+00 -1.0303986916e+01
64 51 27
2 0 1110 265.1300 -280.8000 1 1045 212.3700 -241.2500
2.7896178574e-01 -9.0216180958e-01 -5.8362968702e+00
131 87 52
2 0 1128 76.8800 -293.7400 1 984 21.2100 -205.6300
3.0975887562e-02 7.0777651707e-01 -4.4010101085e+00
112 75 54
2 0 1172 -23.4000 270.1100 1 19 -38.9000 285.1000
-4.4604336698e-02 7.0109546611e-01 -4.5055668599e+00
144 116 95
2 0 1175 -50.6300 263.0400 1 25 -60.9600 279.7500
1.5382031642e+00 1.1886793077e+00 -8.5359102292e+00
85 75 65
2 0 1178 374.1000 259.9600 1 1136 339.1500 244.6400
1.5602533410e+00 1.1812022659e+00 -8.4655442971e+00
83 74 67
2 0 1179 381.1000 259.9300 1 101 344.9700 244.5700
-5.0699416912e-02 6.9067267404e-01 -4.5418850077e+00
140 124 106
2 0 1184 -51.9900 257.1600 1 38 -62.0400 275.0200
1.5857820136e+00 1.1440479757e+00 -8.2677686954e+00
50 41 32
2 0 1188 392.9800 256.6000 1 111 353.8900 241.3000
1.5450167722e+00 1.1658551767e+00 -8.5956229107e+00
82 75 65
2 0 1192 373.8000 253.3000 1 1142 338.8600 238.6900
1.5783227511e+00 1.1408916376e+00 -8.3711447010e+00
94 85 78
2 0 1195 388.0100 253.4400 1 125 349.9000 238.1200
1.5897145281e+00 1.1378756408e+00 -8.3369926262e+00
90 83 75
2 0 1196 391.6400 253.3600 1 124 353.0000 238.3700
1.8553648708e-02 6.6001439946e-01 -4.4473870016e+00
124 82 55
2 0 1200 -27.4500 248.7000 1 56 -43.1200 267.4200
7.8073097117e-02 6.3692574247e-01 -4.3704537122e+00
172 131 101
2 0 1208 -5.4700 242.2500 1 63 -26.1100 261.6600
1.1346496841e-02 6.3024627106e-01 -4.4786960165e+00
116 73 50
2 0 1216 -29.7100 235.3000 1 74 -45.3900 256.6100
-4.8280505688e-02 6.2117417244e-01 -4.5078189100e+00
115 86 67
2 0 1226 -52.7700 230.4200 1 81 -64.0700 254.4100
-7.5968874242e-02 5.6661422085e-01 -4.5904500804e+00
151 131 113
2 0 1244 -61.3000 205.9700 1 130 -71.9300 234.1300
-2.5657314928e-01 6.0328883942e-01 -5.0615539603e+00
70 37 16
2 0 1247 -111.1500 205.0600 1 133 -110.3500 233.2900
6.4386219023e-01 5.6109990203e-01 -4.7063597456e+00
47 21 4
2 0 1267 218.7600 195.4300 1 1177 160.8500 210.5000
7.8223795139e-02 5.2482157653e-01 -4.3887391614e+00
139 104 82
2 0 1268 -5.7900 195.4900 1 1160 -28.8200 223.5900
9.9204027739e-01 7.9083892947e-01 -7.4857296464e+00
71 54 44
2 0 1274 269.3600 192.8300 1 190 233.6300 193.4000
9.7599850116e-01 7.8055311607e-01 -7.5323223703e+00
42 25 15
2 0 1278 264.3700 189.3800 1 1193 229.3400 190.4500
-4.6739339145e-02 4.1874181273e-01 -4.6031926809e+00
144 124 110
2 0 1333 -50.6100 147.2800 1 200 -66.1300 185.5900
1.3629054575e+00 6.1575550900e-01 -9.0887229803e+00
97 86 64
2 0 1353 320.1800 126.9000 1 310 284.9400 127.1900
1.3629054575e+00 6.1575550900e-01 -9.0887229803e+00
97 86 64
2 0 1354 320.1800 126.9000 1 311 284.9400 127.1900
5.5041838288e-01 3.8150449529e-01 -4.7608892973e+00
93 61 36
2 0 1357 180.8200 125.8800 1 255 125.8200 154.1800
-4.1941509442e-01 3.6454489820e-01 -4.7776902453e+00
56 22 13
2 0 1358 -185.4400 124.7800 1 221 -178.0300 173.5000
1.0836637209e+00 5.3428269426e-01 -7.8914193740e+00
93 84 77
2 0 1359 282.8900 123.3700 1 1743 243.4100 129.1400
-3.8706682424e-01 3.6176131966e-01 -4.9839709071e+00
72 42 26
2 0 1362 -163.1100 119.7600 1 236 -158.3500 166.9300
9.9318998750e-01 4.9962211774e-01 -7.8703188688e+00
50 38 26
2 0 1366 261.2400 115.2700 1 317 223.9200 124.0800
9.8215670332e-01 4.9023786259e-01 -7.8986410221e+00
84 74 62
2 0 1371 258.0400 112.7600 1 1253 221.1200 121.9600
1.5851038436e+00 4.6460695678e-01 -8.8084654144e+00
88 74 61
2 0 1391 374.1300 96.1000 1 402 329.7900 97.8800
1.6112506404e+00 4.1615355359e-01 -8.8033445371e+00
113 96 80
2 0 1405 379.7100 85.3500 1 434 334.2100 88.3400
-8.6591556697e-01 2.9223049392e-01 -6.3343822337e+00
144 112 71
2 0 1411 -249.6500 82.2700 1 294 -227.4400 134.0900
9.3526704633e-01 3.6447836925e-01 -8.0479852475e+00
48 30 18
2 0 1413 243.9900 82.0000 1 1306 207.4100 94.7500
1.6148142169e+00 3.9270612127e-01 -8.7982342509e+00
106 91 74
2 0 1415 380.5600 80.3200 1 1333 334.5700 83.7500
5.7086520295e-01 2.3159851347e-01 -4.9885894847e+00
149 117 88
2 0 1440 184.3900 66.7900 1 1289 128.1800 102.9500
1.1970531362e+00 3.1125750272e-01 -9.0638074492e+00
72 52 35
2 0 1449 284.6000 63.4400 1 1798 248.7200 73.0700
1.3342814108e+00 3.0287721173e-01 -8.8026669029e+00
139 115 80
2 0 1453 319.3300 62.2800 1 471 278.1100 70.6100
1.3525889908e+00 2.7573437137e-01 -8.8268210580e+00
159 133 98
2 0 1462 322.6200 56.1700 1 1361 280.8700 65.0400
4.7744137483e-01 1.6351752440e-01 -4.9686428690e+00
125 107 94
2 0 1486 150.1300 42.9200 1 442 97.4300 84.4400
4.4141616412e-02 1.4999995008e-01 -4.6078515618e+00
176 149 135
2 0 1487 -16.4500 42.0100 1 412 -44.9500 96.0100
1.2027679705e+00 1.5840852795e-01 -9.1052906375e+00
72 51 33
2 0 1497 284.7000 31.5700 1 543 246.4500 43.7700
1.5600148073e+00 1.5835489786e-01 -8.8063442542e+00
134 105 70
2 0 1500 367.7600 30.1900 1 1424 319.2800 38.8700
1.5837501440e+00 1.4249581781e-01 -8.8255022059e+00
121 92 63
2 0 1507 372.2000 26.4100 1 557 323.4000 35.6400
1.5917856026e+00 1.2542371402e-01 -8.8158206389e+00
165 141 109
2 0 1515 374.2200 22.8400 1 1854 324.7500 32.0700
4.8216042356e-01 9.6557394226e-02 -5.0001297281e+00
88 53 34
2 0 1522 151.2600 18.4600 1 1364 97.1200 63.5300
5.2876141887e-01 8.7046738896e-02 -5.1114738719e+00
26 12 20
2 0 1529 167.0100 14.8500 1 1379 111.4300 58.6800
-4.4238517347e-01 6.1672232693e-02 -5.1824914832e+00
20 10 4
2 0 1539 -174.4600 11.8100 1 459 -173.7900 75.7600
1.2486823824e+00 4.8979775633e-02 -9.0340821364e+00
141 106 68
2 0 1547 295.3600 8.3400 1 1445 254.0000 22.6200
-1.0314409085e+00 2.8649471674e-02 -6.8277874213e+00
181 147 101
2 0 1550 -271.4900 7.7100 1 477 -249.9700 68.6000
-8.6213137196e-01 6.3379937709e-03 -6.2067743499e+00
153 125 88
2 0 1568 -256.3300 -1.1100 1 490 -238.9700 63.4300
1.4291536396e+00 9.5183833613e-03 -9.0539203197e+00
125 96 58
2 0 1569 332.8100 -0.9600 1 621 287.4600 12.5500
-7.6371775832e-01 8.8228508439e-03 -5.8698666727e+00
170 139 96
2 0 1571 -244.6900 -2.0600 1 488 -230.2700 63.9200
1.5727444529e+00 9.6097000136e-03 -8.9580586818e+00
186 157 115
2 0 1572 365.6300 -1.9700 1 1455 316.5400 10.3800
5.1110494090e-01 1.3619506768e-02 -5.1763262145e+00
37 23 14
2 0 1589 159.7500 -10.7400 1 1432 104.3100 36.8300
-4.8269523197e-01 -7.4386598102e-03 -4.8598565513e+00
70 30 19
2 0 1592 -206.8500 -14.5700 1 1378 -202.8200 59.0400
-1.0081822482e+00 -6.5390316002e-02 -6.6833711746e+00
208 172 122
2 0 1603 -273.2000 -18.7500 1 534 -252.9200 46.7300
-2.4024899748e-01 -2.3038356166e-02 -5.0248458323e+00
243 188 142
2 0 1605 -110.3200 -20.0800 1 1403 -123.5000 46.2600
-4.1297597679e-01 -5.5171213019e-02 -5.4492837930e+00
76 39 21
2 0 1614 -152.4400 -26.6500 1 554 -157.2100 39.5400
1.5644113875e+00 -1.7394481406e-01 -9.1033698095e+00
166 143 110
2 0 1641 359.4300 -39.8100 1 1485 309.0600 -24.0600
1.3357892236e+00 -2.1787617304e-01 -9.2303187874e+00
132 106 73
2 0 1656 308.7000 -46.9700 1 694 263.4100 -28.1600
-3.6791539845e-01 -1.1608652316e-01 -5.3266570585e+00
139 108 86
2 0 1659 -142.9700 -48.8500 1 603 -151.0000 21.4700
1.7193581267e-02 -1.6518469858e-01 -4.7989428319e+00
194 170 155
2 0 1693 -23.8300 -77.0700 1 644 -56.9600 -4.1000
-5.3547316808e-01 -1.9836839983e-01 -4.9774455227e+00
192 165 123
2 0 1700 -220.1300 -82.5000 1 633 -217.6300 2.0500
-4.0436851589e-01 -2.2271711511e-01 -5.4252319189e+00
141 110 87
2 0 1702 -151.6100 -83.2800 1 654 -159.7800 -7.7200
-2.7208802695e-01 -2.0909380321e-01 -5.1670586376e+00
217 198 167
2 0 1703 -116.9100 -84.1000 1 655 -132.3400 -8.2300
-7.1350840938e-01 -2.4629871611e-01 -5.5886207340e+00
185 157 110
2 0 1705 -245.6300 -86.5400 1 648 -237.1100 -5.5800
1.4926325273e+00 -4.4552801383e-01 -9.4047580898e+00
156 135 96
2 0 1712 336.3900 -92.4600 1 1533 286.0900 -71.5500
-1.7473028891e-01 -2.3714579527e-01 -5.0809297682e+00
117 89 74
2 0 1716 -85.8900 -96.3800 1 673 -107.7900 -19.5500
-1.7473028891e-01 -2.3714579527e-01 -5.0809297682e+00
117 89 74
2 0 1717 -85.8900 -96.3800 1 674 -107.7900 -19.5500
9.5448903680e-01 -4.9445844291e-01 -9.2800585187e+00
62 51 45
2 0 1721 228.3200 -101.6700 1 1536 187.3400 -72.6800
-1.1352551096e+00 -4.0852468538e-01 -6.9977978387e+00
204 159 106
2 0 1725 -292.1200 -107.0300 1 699 -274.2900 -30.4600
-3.5209485629e-01 -2.9225195279e-01 -5.2604124796e+00
132 111 90
2 0 1732 -141.2800 -110.6000 1 697 -153.7400 -29.7700
-9.1475301959e-01 -3.7294547851e-01 -6.2407470461e+00
140 107 73
2 0 1735 -271.5800 -112.2200 1 701 -258.6100 -31.0400
1.3775345315e+00 -6.0454968210e-01 -9.8498903283e+00
101 89 71
2 0 1741 303.7500 -117.7800 1 1559 257.0100 -94.2000
-3.4846171571e-01 -3.2413435232e-01 -5.2661912604e+00
249 227 190
2 0 1745 -139.9000 -121.4500 1 716 -153.3300 -39.0600
1.3701556503e+00 -6.3916283068e-01 -9.8990115180e+00
103 92 74
2 0 1748 301.3900 -123.6200 1 818 254.4800 -99.7800
-5.9998303251e-01 -3.2445294536e-01 -5.1100206987e+00
167 147 113
2 0 1749 -236.0700 -124.2000 1 707 -232.3500 -33.0600
-8.5891065849e-01 -4.2414618222e-01 -6.0602423035e+00
129 101 70
2 0 1760 -265.1100 -131.6000 1 728 -255.0800 -46.6900
-3.7027575944e-01 -3.6281062813e-01 -5.3062529567e+00
169 138 98
2 0 1763 -145.8600 -133.5600 1 733 -158.8200 -49.2400
-2.3519410557e-01 -4.6412390859e-01 -5.2763009945e+00
124 93 70
2 0 1784 -101.1600 -170.0100 1 783 -124.2900 -82.5300
-2.4569640797e-01 -4.7552305031e-01 -5.2819000598e+00
199 156 116
2 0 1789 -104.6400 -173.6800 1 791 -127.3500 -85.4300
-2.4569640797e-01 -4.7552305031e-01 -5.2819000598e+00
199 156 116
2 0 1790 -104.6400 -173.6800 1 792 -127.3500 -85.4300
-3.5165890253e-01 -4.9102205513e-01 -5.3749761544e+00
104 70 34
2 0 1791 -137.1600 -175.1200 1 789 -154.0600 -85.5800
-3.5165890253e-01 -4.9102205513e-01 -5.3749761544e+00
104 70 34
2 0 1792 -137.1600 -175.1200 1 790 -154.0600 -85.5800
-8.2784129341e-01 -5.5779811073e-01 -5.8779243197e+00
188 148 103
2 0 1795 -266.5500 -177.5400 1 785 -259.5600 -84.2200
-5.5197874201e-01 -5.6732047859e-01 -5.6194582334e+00
85 61 47
2 0 1804 -192.9400 -190.8000 1 810 -200.0100 -97.6500
-4.0355027676e-01 -5.5984621157e-01 -5.3969176311e+00
204 170 125
2 0 1811 -154.1000 -197.2100 1 1566 -169.3000 -103.2700
-2.6733639289e-01 -5.6546268817e-01 -5.3260071166e+00
181 145 117
2 0 1817 -110.9700 -202.7500 1 833 -133.9800 -109.8600
3.1431496254e-01 -6.2418038007e-01 -5.5837268949e+00
115 69 38
2 0 1830 88.5300 -216.3100 1 887 34.2900 -137.2800
-8.4732032592e-01 -7.5664702707e-01 -5.8780443694e+00
170 132 85
2 0 1853 -273.0300 -238.7600 1 883 -269.5200 -136.2400
6.6484423783e-02 -6.3635842714e-01 -5.0237373156e+00
63 44 30
2 0 1860 -2.9800 -242.8600 1 1601 -48.9400 -146.7200
-8.9956929396e-01 -8.0029399065e-01 -6.0445054544e+00
179 139 89
2 0 1862 -279.4600 -245.0000 1 898 -274.8700 -142.8800
7.1424505235e-01 -1.2970709812e+00 -9.8590147015e+00
93 85 76
2 0 1867 172.7200 -248.7000 1 1643 129.2300 -203.7500
7.1424505235e-01 -1.2970709812e+00 -9.8590147015e+00
93 85 76
2 0 1868 172.7200 -248.7000 1 1644 129.2300 -203.7500
7.9465083792e-02 -6.6593051654e-01 -5.0685018766e+00
129 101 75
2 0 1872 2.5300 -251.2800 1 913 -44.8300 -154.9300
-6.8145966417e-01 -7.1742330684e-01 -5.3173573769e+00
144 113 78
2 0 1873 -252.9100 -251.5800 1 897 -254.6300 -141.8900
-1.9540595922e-01 -7.1686427731e-01 -5.3016187061e+00
136 105 79
2 0 1879 -87.6700 -255.7200 1 1608 -118.7700 -156.0000
7.0610277333e-01 -1.3542528493e+00 -9.9683490586e+00
99 85 76
2 0 1882 170.4300 -256.6400 1 994 126.8000 -211.4400
2.5636660420e-01 -7.7197228143e-01 -5.7419544489e+00
154 110 84
2 0 1884 70.0500 -256.7500 1 941 16.6300 -172.7800
-6.7384930468e-01 -7.3088347737e-01 -5.2654507588e+00
139 110 85
2 0 1886 -253.7900 -258.7200 1 903 -255.4700 -147.1100
7.2004029695e-01 -1.3620076273e+00 -9.9193075088e+00
34 23 17
2 0 1887 173.3800 -259.4900 1 1004 129.0600 -213.9900
4.5425889950e-02 -6.9054807228e-01 -5.0531702159e+00
183 139 102
2 0 1888 -10.2600 -260.6700 1 925 -55.8400 -161.5600
-4.0613432925e-01 -7.7301948271e-01 -5.5177166087e+00
158 134 107
2 0 1892 -150.6600 -262.8700 1 923 -170.1900 -160.4700
-2.7263396507e-01 -7.5088501219e-01 -5.3790720528e+00
147 111 75
2 0 1893 -111.4400 -263.0200 1 924 -138.4300 -161.5200
9.9357233906e-02 -7.3725236541e-01 -5.0600332122e+00
189 135 91
2 0 1908 8.9700 -277.3700 1 947 -40.9100 -176.9400
1.2505511575e+00 -1.5175144260e+00 -1.0331705353e+01
130 119 101
2 0 1909 268.7800 -279.5200 1 1663 215.7400 -240.6100
-4.1783446083e-01 -8.3502027643e-01 -5.5245567105e+00
128 110 88
2 0 1911 -154.3900 -282.7300 1 946 -174.7500 -177.2300
-4.2346054318e-01 -8.5665686434e-01 -5.5354769105e+00
145 119 92
2 0 1916 -156.0000 -289.2700 1 952 -176.1800 -182.7200
-4.3682115296e-01 -8.8239430735e-01 -5.5899529017e+00
129 110 86
2 0 1921 -158.1700 -294.7700 1 961 -178.0300 -187.9100
5.8573791417e-01 7.7769652583e-01 -4.3730699069e+00
38 28 23
2 0 1927 203.7600 296.5400 1 1678 149.2800 296.3900
-2.5465437810e-01 7.3036381866e-01 -4.8999601235e+00
77 56 38
2 0 1952 -116.4400 256.6800 1 1103 -112.0400 278.3900
-2.3590035334e-01 7.2004327407e-01 -4.9929606618e+00
73 32 17
2 0 1956 -105.5100 250.1700 1 1112 -103.8500 269.6800
2.6610042001e-02 6.5871029782e-01 -4.4503353393e+00
169 132 100
2 0 1957 -24.1100 248.1000 1 1113 -40.4600 266.5400
1.4571446500e+00 1.0471435657e+00 -8.6105489149e+00
90 77 69
2 0 1970 353.5300 227.1100 1 1167 318.8900 216.2200
9.9256105437e-01 8.6637000421e-01 -7.3893550283e+00
44 26 14
2 0 1979 271.8300 214.4800 1 1711 236.2800 211.8500
4.1014487099e-01 5.4832551992e-01 -4.1032399278e+00
192 165 148
2 0 1980 131.3000 213.9800 1 1147 80.5600 233.5300
-2.7766598468e-01 5.8883956856e-01 -5.0279996220e+00
90 46 24
2 0 1988 -120.2200 200.7900 1 1148 -118.1300 230.8500
-2.9410850151e-01 5.8313458642e-01 -5.0537528364e+00
101 58 39
2 0 1989 -124.8900 198.2900 1 1154 -122.4300 228.3700
-3.6458606563e-01 5.0645248143e-01 -4.7360931970e+00
39 18 5
2 0 2008 -166.2400 179.1800 1 1164 -159.0500 217.7200
6.0905178951e-01 4.8927428288e-01 -4.7043295188e+00
142 98 59
2 0 2024 204.9700 168.2400 1 1721 147.5500 188.2500
-6.4586804447e-02 4.6705259824e-01 -4.6190606420e+00
144 109 87
2 0 2026 -56.3600 166.4800 1 1187 -70.4700 200.3900
1.1045613592e+00 6.4921092132e-01 -8.1493973053e+00
73 59 50
2 0 2044 282.9400 146.9600 1 265 247.0000 149.4700
3.6090801169e-01 3.9516690881e-01 -4.2359804184e+00
116 92 80
2 0 2045 108.5500 143.8200 1 1209 60.4000 177.5300
5.3703563431e-01 3.1167820370e-01 -4.8088567667e+00
80 50 34
2 0 2072 174.7600 98.8900 1 1243 119.5600 131.2900
-3.8024972415e-01 2.7381323132e-01 -5.2594033140e+00
30 26 17
2 0 2080 -148.1300 85.1600 1 1242 -147.2500 134.6900
-3.3629321998e-01 2.5507465413e-01 -5.0899008592e+00
94 45 21
2 0 2088 -140.6600 79.7800 1 1740 -141.5500 131.4200
5.2273830151e-01 2.6273410704e-01 -4.8562435032e+00
56 31 24
2 0 2092 168.5200 80.0200 1 1260 113.8100 115.5200
5.2273830151e-01 2.6273410704e-01 -4.8562435032e+00
56 31 24
2 0 2093 168.5200 80.0200 1 1261 113.8100 115.5200
1.3044068647e+00 2.9570263092e-01 -8.8151629129e+00
154 128 94
2 0 2130 312.5700 60.8500 1 1808 271.9800 69.5900
-9.8357253522e-01 2.0330449470e-01 -6.7732093396e+00
166 123 76
2 0 2145 -260.2300 55.2300 1 359 -238.2200 108.9500
-7.6204326864e-01 1.9224461362e-01 -5.9380217873e+00
155 121 84
2 0 2146 -239.5200 54.8300 1 1268 -222.4800 111.5000
1.2663018115e+00 2.6052318406e-01 -8.9843690000e+00
123 106 80
2 0 2152 300.6900 52.8400 1 1372 261.8400 62.6800
-1.9398377717e-01 1.7213927270e-01 -4.8983160076e+00
200 158 127
2 0 2160 -97.3300 50.6600 1 1279 -109.0900 105.4000
-1.9398377717e-01 1.7213927270e-01 -4.8983160076e+00
200 158 127
2 0 2161 -97.3300 50.6600 1 1280 -109.0900 105.4000
1.1361872089e+00 2.1336063810e-01 -9.0201319419e+00
119 93 70
2 0 2172 272.0400 42.9000 1 1820 236.1100 56.1100
4.9588186317e-01 1.4981777534e-01 -4.9461795451e+00
57 39 22
2 0 2187 157.0100 37.8300 1 1789 102.5900 80.0100
-1.0129406005e+00 2.6207842831e-02 -6.8066594011e+00
198 162 113
2 0 2229 -267.5700 6.9300 1 1356 -246.7400 67.7700
1.4766993061e+00 -4.9188545662e-03 -8.9317242733e+00
137 118 78
2 0 2250 345.9000 -4.4200 1 1460 298.0800 8.8400
1.5924973769e+00 -7.1074746551e-03 -9.0264195700e+00
88 62 38
2 0 2251 368.0800 -5.0600 1 1870 318.5900 6.5600
-9.1147709606e-01 -1.2117740249e-02 -6.3724366354e+00
146 113 71
2 0 2252 -261.9300 -5.6200 1 497 -243.6400 58.9300
4.7506871928e-01 1.9843798417e-02 -5.0679167426e+00
166 112 57
2 0 2260 147.7200 -9.0500 1 1417 93.2600 40.1500
4.6179527291e-01 1.5720081799e-02 -5.0616561364e+00
78 42 25
2 0 2264 142.9900 -10.4300 1 1422 89.0600 39.2200
1.5854766915e+00 -4.6250263748e-02 -9.0618347012e+00
88 69 52
2 0 2270 365.2800 -13.6000 1 1877 316.2100 -0.2000
1.5854766915e+00 -4.6250263748e-02 -9.0618347012e+00
88 69 52
2 0 2271 365.2800 -13.6000 1 1878 316.2100 -0.2000
1.6305080762e+00 -6.0093902450e-02 -9.2606641540e+00
159 135 108
2 0 2290 369.3700 -15.7900 1 2109 320.8800 -3.3000
1.1711600008e+00 -1.7670106899e-01 -9.2931888774e+00
104 83 54
2 0 2309 273.7500 -37.2400 1 1894 232.7800 -17.8400
-6.2353088548e-01 -9.6781504626e-02 -5.3368005601e+00
178 155 113
2 0 2312 -229.2600 -40.8900 1 562 -221.9200 33.8700
-2.9208263765e-01 -8.5475017988e-02 -5.1035751185e+00
150 119 103
2 0 2313 -125.8500 -41.2800 1 1857 -137.4900 28.7000
-5.1158052438e-01 -1.1210721862e-01 -4.9453822923e+00
68 36 18
2 0 2323 -212.8700 -51.8500 1 1442 -210.0000 27.4300
4.2042247828e-01 -1.5865094735e-01 -5.2147418767e+00
86 50 36
2 0 2338 126.7000 -70.1500 1 1474 73.0000 -11.7200
-1.1038145500e-02 -1.7002434654e-01 -4.8840767536e+00
204 172 156
2 0 2345 -32.0800 -76.9600 1 645 -63.4000 -4.6900
-3.0744161326e-01 -2.0666973613e-01 -5.1803631153e+00
87 59 48
2 0 2348 -128.8300 -82.8600 1 1470 -141.8700 -6.4300
-3.1261762987e-01 -2.1953513205e-01 -5.2065773788e+00
89 58 39
2 0 2352 -129.5000 -86.7500 1 1472 -142.7800 -10.0400
9.6754687230e-01 -5.3411336596e-01 -9.3829412960e+00
34 24 15
2 0 2375 229.6200 -108.4600 1 1942 188.5100 -79.2800
9.6754687230e-01 -5.3411336596e-01 -9.3829412960e+00
34 24 15
2 0 2376 229.6200 -108.4600 1 1943 188.5100 -79.2800
-2.9876090910e-01 -2.8967768981e-01 -5.2270789133e+00
121 92 63
2 0 2377 -124.1700 -110.7700 1 1491 -139.8300 -30.7500
1.4577398524e+00 -6.5863824552e-01 -9.9868772263e+00
156 131 109
2 0 2388 316.4000 -126.6700 1 1956 268.6400 -103.4200
3.7274481615e-01 -3.6528263930e-01 -5.3716358722e+00
65 34 13
2 0 2398 108.9900 -137.5100 1 1935 55.0000 -69.3200
-2.9362245875e-01 -3.9122333832e-01 -5.2644733126e+00
207 162 119
2 0 2407 -121.3200 -144.8900 1 1523 -139.6000 -60.0300
-2.0208291295e-01 -3.8452895151e-01 -5.1800563485e+00
211 190 156
2 0 2409 -92.7100 -145.6500 1 1525 -116.2500 -61.5500
-3.0410168334e-01 -4.2101915537e-01 -5.2899459744e+00
214 176 129
2 0 2419 -124.2500 -154.4200 1 1531 -142.1000 -67.9200
-3.3529579178e-01 -4.7824560688e-01 -5.3565492588e+00
225 199 165
2 0 2427 -132.2500 -171.4800 1 1542 -149.9800 -82.7000
-3.4006597265e-01 -4.9443156996e-01 -5.3692948962e+00
233 209 162
2 0 2429 -133.4400 -176.5100 1 1548 -151.1900 -86.9800
-5.4271072127e-01 -5.5412362461e-01 -5.6748438376e+00
73 36 18
2 0 2437 -187.1800 -184.7100 1 1552 -194.7600 -93.4800
-8.2396297282e-01 -5.9018192582e-01 -5.8502203405e+00
202 165 120
2 0 2441 -267.0900 -188.4900 1 1554 -260.7500 -93.2600
-3.4859622877e-01 -5.3835843545e-01 -5.3946701923e+00
217 194 154
2 0 2443 -135.4900 -190.3800 1 1949 -153.6500 -98.8100
-3.9799230457e-01 -5.7228297468e-01 -5.4190965455e+00
52 27 12
2 0 2451 -151.3400 -200.6000 1 1569 -167.0900 -106.5500
-3.9799230457e-01 -5.7228297468e-01 -5.4190965455e+00
52 27 12
2 0 2452 -151.3400 -200.6000 1 1570 -167.0900 -106.5500
7.2110385502e-01 -1.0629798203e+00 -9.9044667111e+00
47 36 30
2 0 2455 174.7100 -202.3500 1 1610 133.9800 -162.8300
3.1707542232e-01 -6.0195349959e-01 -5.5588243338e+00
78 42 16
2 0 2461 89.5900 -209.9000 1 863 35.1400 -131.8100
-1.0425918931e+00 -7.7280034330e-01 -6.5618596698e+00
175 141 92
2 0 2463 -291.3500 -217.1200 1 1584 -282.3300 -122.9200
-4.3410893478e-01 -6.6720740407e-01 -5.4652991326e+00
144 111 91
2 0 2474 -161.7100 -230.0900 1 1970 -177.5500 -131.3800
-9.9681226599e-01 -8.0161024765e-01 -6.3912082053e+00
196 162 116
2 0 2476 -288.1000 -231.4900 1 1592 -280.7300 -134.0400
-9.9681226599e-01 -8.0161024765e-01 -6.3912082053e+00
196 162 116
2 0 2477 -288.1000 -231.4900 1 1593 -280.7300 -134.0400
3.0073540955e-01 -6.8300539523e-01 -5.6283493887e+00
95 57 36
2 0 2479 84.0400 -233.5100 1 1978 29.5400 -152.2700
-5.6327262975e-01 -7.7332603209e-01 -5.8196977589e+00
116 89 72
2 0 2491 -187.7500 -248.4100 1 1603 -199.0400 -149.2400
-1.0698380001e+00 -8.9594009335e-01 -6.5990052938e+00
190 152 102
2 0 2493 -297.2900 -249.8500 1 1977 -289.3900 -151.2100
2.8103398146e-01 -7.7060632659e-01 -5.6809162381e+00
87 49 25
2 0 2504 77.3600 -259.4500 1 1985 22.7800 -174.4200
-7.2473148945e-01 -7.8963550850e-01 -5.4278510343e+00
169 138 99
2 0 2512 -260.4700 -270.0300 1 1979 -262.8300 -158.6400
-8.3638651462e-01 -8.5597726957e-01 -5.8097116832e+00
210 176 128
2 0 2513 -273.9300 -272.5400 1 1611 -272.8100 -164.3700
-8.3638651462e-01 -8.5597726957e-01 -5.8097116832e+00
210 176 128
2 0 2514 -273.9300 -272.5400 1 1612 -272.8100 -164.3700
-7.4661273790e-01 -8.3443594945e-01 -5.5321457106e+00
152 122 84
2 0 2519 -261.8300 -279.5700 1 1616 -263.7100 -167.8300
-4.7733765847e-01 -8.8518019962e-01 -5.6140709476e+00
38 24 12
2 0 2527 -170.0600 -294.0400 1 1624 -188.2400 -186.9600
-6.3263549372e-01 -9.4849874827e-01 -5.9776844406e+00
90 76 63
2 0 2533 -202.3900 -294.6800 1 1995 -214.0600 -189.6900
1.1908542919e-01 6.8039344467e-01 -4.3055360003e+00
126 92 67
2 0 2544 10.4000 263.3900 1 1104 -12.8400 277.6400
-3.5271718571e-02 6.8768696126e-01 -4.5113664488e+00
116 88 64
2 0 2547 -46.9700 256.9700 1 1686 -57.9200 275.3600
1.0645863368e+00 1.0138709712e+00 -7.3129602187e+00
51 33 22
2 0 2548 292.5400 253.8700 1 2033 256.6300 245.7100
6.7882080090e-02 6.3023820233e-01 -4.3739688817e+00
136 99 76
2 0 2554 -9.6800 239.1600 1 1690 -29.5000 259.8300
1.3039935853e-01 6.0634183025e-01 -4.3232785472e+00
155 121 93
2 0 2556 14.8200 231.3700 1 1696 -10.6300 251.9900
-1.0499580395e-01 5.5795528029e-01 -4.6635704437e+00
176 127 95
2 0 2565 -70.0200 200.4700 1 1707 -79.1400 229.2200
6.1881199521e-01 5.1836496380e-01 -4.6862037721e+00
146 97 64
2 0 2572 209.2500 179.8600 1 2040 151.6000 197.9200
-3.0047409842e-01 3.8588061388e-01 -5.1457480645e+00
68 38 20
2 0 2587 -124.6600 125.5600 1 1729 -125.7100 167.7400
1.0420953080e+00 5.4149475163e-01 -7.9688315796e+00
79 69 59
2 0 2588 271.4100 124.3200 1 1742 233.8900 130.4600
-1.9273108937e-01 2.7760336081e-01 -4.7695183704e+00
145 111 83
2 0 2604 -101.4500 90.9100 1 2052 -110.3900 140.5300
-1.9735875822e-01 2.4438956153e-01 -4.8918384958e+00
75 46 28
2 0 2611 -98.4000 77.4400 1 1744 -108.3900 127.7300
1.6393777985e+00 3.7771679837e-01 -8.8604000742e+00
61 47 33
2 0 2612 383.9200 76.4000 1 2071 337.9500 80.2900
-2.9191968963e-01 2.0360020922e-01 -5.1216293027e+00
107 75 56
2 0 2617 -123.6700 61.2600 1 1762 -128.8900 114.2100
1.1602525568e+00 2.6313818029e-01 -8.9864282439e+00
60 49 32
2 0 2623 278.1900 54.0200 1 1813 241.5400 64.6400
1.6459447077e+00 2.3510789245e-01 -8.7762167484e+00
91 75 57
2 0 2628 387.3700 46.0200 1 2082 338.3000 52.9300
1.2654427395e+00 1.8259669119e-01 -8.9826279986e+00
147 121 87
2 0 2632 300.3300 36.4200 1 2085 260.2500 47.8200
1.2385452646e+00 1.7007275720e-01 -8.9940906290e+00
78 64 47
2 0 2635 294.3200 33.8200 1 2086 254.7900 45.8900
4.8888747826e-01 1.2067057359e-01 -4.9739240160e+00
61 39 34
2 0 2638 154.0400 27.1600 1 1803 99.7500 70.9800
1.6620150175e+00 1.3137844263e-01 -8.9716107546e+00
174 148 123
2 0 2639 384.8400 23.8100 1 2095 335.4500 31.8200
-5.1960706688e-01 2.8934234685e-02 -4.9796864041e+00
98 76 55
2 0 2652 -213.0400 -0.2800 1 1806 -206.8400 70.1100
1.6355254173e+00 -1.2125824717e-02 -9.1542293922e+00
163 137 112
2 0 2660 373.4600 -6.2500 1 2104 324.5700 5.4000
1.6074343462e+00 -9.8963582194e-02 -9.2157049148e+00
156 134 110
2 0 2678 365.8700 -23.4800 1 2113 316.3900 -10.7000
-2.8127651844e-01 -4.2044201226e-02 -5.0771259492e+00
150 120 102
2 0 2679 -122.9800 -26.2200 1 1844 -134.1000 41.4600
-2.6680089518e-01 -4.9488891325e-02 -5.0638325335e+00
77 55 34
2 0 2681 -118.4900 -29.1500 1 1846 -130.4500 38.9700
1.0806129820e+00 -2.1069133901e-01 -9.4551953802e+00
123 102 72
2 0 2691 252.5700 -42.8400 1 2121 214.3000 -21.9600
1.0957739025e+00 -2.3691851697e-01 -9.4544902874e+00
83 68 48
2 0 2695 255.6100 -48.1300 1 1901 216.5600 -27.0200
9.0018711403e-01 -2.4558577128e-01 -8.7330799419e+00
73 59 50
2 0 2697 224.3300 -54.8400 1 2124 184.3700 -28.2400
9.7599014900e-01 -4.1704515892e-01 -9.3751619003e+00
64 44 27
2 0 2716 231.9000 -84.6800 1 2139 192.0000 -58.3400
1.0904941730e+00 -4.5738531804e-01 -9.5374830424e+00
150 114 81
2 0 2717 252.7500 -91.4700 1 2143 211.0900 -66.3300
1.1415574523e+00 -4.7479194455e-01 -9.5000078755e+00
118 90 57
2 0 2720 263.4700 -95.6700 1 2145 220.3700 -70.5000
1.1781035349e+00 -4.8923567500e-01 -9.5450043504e+00
124 84 57
2 0 2722 270.0200 -98.2300 1 2146 226.4100 -73.2700
1.3327660147e+00 -5.4206023993e-01 -9.5601758086e+00
122 96 60
2 0 2726 300.5800 -109.2100 1 1946 253.2900 -85.1300
-2.1360290458e-01 -2.7757854863e-01 -5.1239141166e+00
220 182 144
2 0 2727 -98.4600 -109.6000 1 1905 -118.5800 -30.1200
-2.1360290458e-01 -2.7757854863e-01 -5.1239141166e+00
220 182 144
2 0 2728 -98.4600 -109.6000 1 1906 -118.5800 -30.1200
-2.9107128825e-01 -3.0549966674e-01 -5.2244518483e+00
245 230 192
2 0 2734 -121.7000 -116.3800 1 1907 -138.1200 -35.5700
-3.6532162610e-01 -3.4319583284e-01 -5.2380078739e+00
168 126 81
2 0 2735 -147.2400 -128.7700 1 1915 -159.5700 -44.2100
-1.0200946959e+00 -4.8354869090e-01 -6.5534171528e+00
213 175 124
2 0 2739 -284.8300 -136.7100 1 1922 -270.9800 -53.6700
-4.9118404189e-01 -4.2781180818e-01 -5.6162645903e+00
77 42 23
2 0 2743 -172.7000 -146.0800 1 1925 -180.4800 -61.1200
-2.7666171847e-01 -3.9399379861e-01 -5.2521205088e+00
210 184 147
2 0 2744 -116.0800 -146.3800 1 1926 -135.1700 -61.3700
3.6518847440e-01 -3.9870256546e-01 -5.4032925860e+00
66 42 32
2 0 2748 106.2600 -147.8900 1 1940 52.3000 -78.2800
-1.0479206800e+00 -5.3757480306e-01 -6.6293128624e+00
212 173 121
2 0 2749 -288.5400 -149.8300 1 1930 -274.9900 -65.3600
-1.8567492459e-01 -3.9386697978e-01 -5.1602092623e+00
173 139 113
2 0 2751 -87.7800 -149.6800 1 1928 -112.3500 -64.9200
-9.5405742978e-01 -5.8981220799e-01 -6.3068988347e+00
197 160 115
2 0 2758 -280.0800 -173.6200 1 1545 -269.7600 -83.8300
-1.0981376934e+00 -6.9513194429e-01 -6.8066207188e+00
213 171 113
2 0 2762 -293.0200 -187.9500 1 1951 -281.3100 -99.4700
-3.8048863074e-01 -5.6551865292e-01 -5.4086050192e+00
231 175 115
2 0 2768 -145.9000 -198.8500 1 1958 -162.4800 -105.3000
-1.1069430439e+00 -8.0636039810e-01 -6.7899669788e+00
191 155 106
2 0 2774 -296.5900 -218.4200 1 1968 -286.5100 -125.5900
-8.1743349721e-01 -7.2976796198e-01 -5.7881572622e+00
213 173 121
2 0 2779 -269.0000 -234.2600 1 1969 -265.8700 -131.6600
-4.1972309680e-01 -7.2489005044e-01 -5.5101319895e+00
203 146 97
2 0 2783 -155.2100 -247.2900 1 1974 -173.1000 -146.9100
-4.6033206023e-01 -8.2926822712e-01 -5.5713602604e+00
53 39 27
2 0 2800 -166.4000 -278.2900 1 1984 -183.9400 -173.1500
-4.8664970634e-01 -8.5734008245e-01 -5.6041766592e+00
143 119 95
2 0 2807 -173.3400 -285.4600 1 2174 -190.6000 -179.3700
1.2521914625e+00 1.1739875109e+00 -7.5401099224e+00
28 17 13
2 0 2813 335.0200 286.8000 1 2030 298.2700 271.7500
-7.9257416487e-02 6.5481101461e-01 -4.5739972004e+00
182 129 84
2 0 2818 -62.4300 241.5800 1 2031 -71.2000 262.9500
-1.5650202666e-01 4.4751632090e-01 -4.6748228736e+00
154 121 93
2 0 2824 -90.2900 157.3800 1 2042 -97.8900 195.5000
-1.6401150356e-01 4.2474605846e-01 -4.7051308893e+00
141 113 91
2 0 2827 -92.1200 147.9800 1 2043 -99.8100 187.5500
-2.1374952544e-01 3.3936065864e-01 -4.8608858479e+00
93 60 36
2 0 2834 -105.0700 113.1800 1 2045 -112.0000 157.9600
1.1024449064e+00 4.7920222542e-01 -8.0997609889e+00
34 25 18
2 0 2836 282.8300 107.8500 1 2314 243.9000 115.0800
5.1696659755e-01 2.2949178834e-01 -4.8722676474e+00
62 41 24
2 0 2843 165.9700 67.4700 1 2064 111.1400 105.1100
5.1696659755e-01 2.2949178834e-01 -4.8722676474e+00
62 41 24
2 0 2844 165.9700 67.4700 1 2065 111.1400 105.1100
-2.0359299794e-01 2.0904319269e-01 -4.8895841902e+00
49 34 15
2 0 2845 -101.0700 64.3200 1 2058 -111.2300 117.2000
1.1668764912e+00 1.9801820822e-01 -9.0680711541e+00
63 56 47
2 0 2855 277.8700 39.9200 1 2243 240.8700 52.0500
4.7128280517e-01 1.1211078901e-01 -4.9804751474e+00
157 118 86
2 0 2861 147.3700 23.9500 1 2078 94.3300 68.9900
-9.3040839443e-01 4.5725554209e-02 -6.4874539849e+00
152 119 76
2 0 2866 -260.7900 11.4800 1 1799 -241.8800 72.7200
-7.3160825225e-01 -3.4490464136e-02 -5.7756616586e+00
133 109 71
2 0 2869 -240.0600 -16.3200 1 2083 -227.4100 52.1900
-7.6400399388e-01 -5.1269078819e-02 -5.8423159014e+00
156 125 84
2 0 2870 -246.4900 -20.9300 1 2246 -233.1800 48.1100
-7.2281900212e-01 -7.4341548361e-02 -5.6802813667e+00
177 150 104
2 0 2873 -242.7400 -29.7700 1 2088 -230.7300 41.6500
4.2975398829e-01 -5.4358799693e-02 -5.1418786281e+00
155 115 86
2 0 2874 130.6900 -34.6300 1 2100 78.1700 18.9500
1.1649798298e+00 -2.7822260042e-01 -9.3368082655e+00
133 109 75
2 0 2879 271.3500 -57.8000 1 2259 229.5700 -36.0500
-5.1799726985e-01 -1.7190745507e-01 -5.0305610443e+00
210 174 132
2 0 2882 -210.4600 -72.0300 1 2102 -209.2100 9.4800
-5.1960732979e-01 -2.0345140416e-01 -5.0230001323e+00
243 226 167
2 0 2884 -211.7700 -83.5400 1 2107 -210.7300 0.1500
-1.0325941862e+00 -3.1489972583e-01 -6.6818212061e+00
224 183 129
2 0 2885 -280.9200 -87.4400 1 2114 -263.9200 -12.1600
-5.3295911387e-01 -2.3901717963e-01 -5.0632696722e+00
203 152 105
2 0 2888 -214.3300 -95.3200 1 2112 -213.5800 -10.0100
-1.0139231947e+00 -3.6873792783e-01 -6.5723813174e+00
206 165 113
2 0 2889 -281.9800 -104.3300 1 1899 -265.7800 -25.8800
1.4273810790e+00 -6.1951571562e-01 -9.8609702953e+00
48 34 21
2 0 2894 313.0000 -121.0000 1 2269 265.6400 -97.2100
1.4215478958e+00 -6.7836911505e-01 -9.9865647904e+00
53 41 25
2 0 2896 309.3300 -130.3900 1 2273 262.0900 -106.1700
-4.3913820939e-01 -3.7727878459e-01 -5.5103069463e+00
90 56 44
2 0 2897 -160.0300 -132.5900 1 2134 -169.8300 -49.6600
-4.4028300375e-01 -4.1354664505e-01 -5.4878417794e+00
89 61 40
2 0 2899 -161.7000 -145.2500 1 2140 -171.8500 -59.8900
-9.4295935544e-01 -5.5567910322e-01 -6.2708705507e+00
200 166 121
2 0 2904 -278.8300 -164.7900 1 2147 -268.0400 -75.9800
6.7736337861e-01 -1.3444890536e+00 -9.9414038978e+00
36 23 15
2 0 2921 164.9100 -255.5500 1 2191 122.2000 -209.6300
1.0526048790e+00 -1.4181857978e+00 -1.0050919291e+01
85 75 65
2 0 2928 235.4500 -268.1700 1 2296 185.5400 -226.3200
-8.9571440188e-01 -8.9136377057e-01 -6.0247147679e+00
162 129 88
2 0 2930 -279.7700 -273.2600 1 2169 -277.0100 -166.9200
-8.9571440188e-01 -8.9136377057e-01 -6.0247147679e+00
162 129 88
2 0 2931 -279.7700 -273.2600 1 2170 -277.0100 -166.9200
-2.9804009663e-01 -7.9430127989e-01 -5.4280203215e+00
201 163 125
2 0 2932 -118.4200 -275.0100 1 2171 -144.6200 -171.7700
-2.9804009663e-01 -7.9430127989e-01 -5.4280203215e+00
201 163 125
2 0 2933 -118.4200 -275.0100 1 2172 -144.6200 -171.7700
1.1007429584e+00 -1.4700975180e+00 -1.0057253850e+01
46 36 28
2 0 2935 244.3000 -278.0600 1 2297 193.0200 -235.8000
2.2319905290e-01 -8.4692404103e-01 -5.7384984541e+00
38 21 13
2 0 2938 58.6800 -280.8100 1 2180 6.1600 -192.0100
-3.0631143273e-01 -8.3326145922e-01 -5.4385111652e+00
187 157 119
2 0 2940 -121.0000 -287.4000 1 2175 -147.4400 -182.2000
-5.0509048601e-01 -8.7433006125e-01 -5.5907698198e+00
106 75 50
2 0 2941 -180.1400 -291.5300 1 2177 -196.4500 -183.8500
1.2764920070e+00 1.1410540793e+00 -7.3900157566e+00
26 17 12
2 0 2946 345.3500 282.8600 1 2214 306.0000 268.8200
-1.1121639526e-01 6.8457462492e-01 -4.5773489902e+00
138 115 94
2 0 2950 -74.6400 253.2200 1 2213 -80.5000 273.3100
4.0548371879e-01 6.0170526803e-01 -4.0648950497e+00
93 75 61
2 0 2953 129.8300 238.9800 1 2217 80.2300 254.1700
1.1593453774e+00 4.8744736247e-01 -8.3157465471e+00
80 71 62
2 0 2962 291.5400 107.2300 1 2315 253.2700 113.8000
1.1593453774e+00 4.8744736247e-01 -8.3157465471e+00
80 71 62
2 0 2963 291.5400 107.2300 1 2316 253.2700 113.8000
1.6740817068e+00 5.2206185185e-01 -9.2547932431e+00
174 148 129
2 0 2964 380.6500 104.4000 1 2234 339.0800 103.5700
1.6061781651e+00 4.1633464443e-01 -8.8726337977e+00
105 89 68
2 0 2965 376.6300 84.9900 1 2319 331.8500 87.9200
1.2638189915e+00 2.1925252732e-01 -8.9926886410e+00
72 59 48
2 0 2973 299.8800 44.1300 1 2241 260.5000 54.8100
-5.5496637705e-01 -3.0071743798e-02 -5.0850522608e+00
112 95 70
2 0 2978 -219.6300 -20.4600 1 2242 -213.6400 52.5200
-3.1142833064e-01 -3.7723907627e-02 -5.1290384557e+00
110 76 57
2 0 2979 -131.4400 -24.0400 1 2247 -140.7700 43.3100
-1.6162905082e-01 -9.0070547749e-02 -5.0175139518e+00
186 151 128
2 0 2986 -82.4800 -44.6400 1 2251 -102.3900 23.8200
4.1888898432e-01 -1.1370569985e-01 -5.1874713494e+00
154 108 61
2 0 2990 126.4500 -54.8400 1 2255 73.5900 1.5400
-3.9935135151e-01 -1.7088325986e-01 -5.4069236589e+00
145 119 94
2 0 2993 -150.5200 -66.2200 1 2253 -157.7800 6.7800
3.9566076514e-01 -2.2502970041e-01 -5.2978803128e+00
166 121 82
2 0 2998 117.4600 -91.6100 1 2335 64.8400 -29.9300
-1.0997453909e+00 -4.3451230817e-01 -6.8434917846e+00
200 159 107
2 0 3002 -290.9600 -116.9100 1 2261 -274.1200 -38.1100
9.7269157518e-01 -5.8506908152e-01 -9.5467465487e+00
27 18 11
2 0 3003 228.7500 -116.2100 1 2338 187.4600 -87.3900
-1.6478061663e-01 -3.4013405500e-01 -5.1605164792e+00
184 147 120
2 0 3007 -80.1300 -130.9100 1 2262 -104.8700 -49.7500
3.3649250839e-01 -4.5481128029e-01 -5.4666120026e+00
146 105 67
2 0 3008 96.3500 -164.6700 1 2268 43.4700 -92.5100
2.9754042989e-01 -6.2116075835e-01 -5.6098761158e+00
145 99 66
2 0 3017 83.2400 -214.1100 1 2277 29.9700 -135.5300
1.2712217989e-01 -6.0729602933e-01 -4.9598860064e+00
203 146 101
2 0 3021 17.8500 -235.9600 1 2279 -31.3900 -141.1700
-4.9084436721e-01 -7.4364943011e-01 -5.5851219538e+00
101 69 50
2 0 3022 -175.4500 -249.6700 1 2281 -189.3900 -148.3600
-5.1218713541e-01 -8.4375893451e-01 -5.6341950982e+00
107 76 56
2 0 3026 -180.4000 -279.5100 1 2287 -195.5100 -174.0700
9.9653205885e-01 5.5309261751e-01 -7.9766637174e+00
46 29 22
2 0 3034 260.2200 126.5400 1 2369 224.7600 134.2700
1.2548583259e+00 3.4296595032e-01 -8.7640429763e+00
125 101 67
2 0 3038 303.1000 71.6200 1 2374 263.8300 79.7200
1.2548583259e+00 3.4296595032e-01 -8.7640429763e+00
125 101 67
2 0 3039 303.1000 71.6200 1 2375 263.8300 79.7200
1.1772855865e+00 3.3579605413e-01 -8.8411462351e+00
133 104 71
2 0 3040 284.7000 69.9700 1 2417 247.7400 79.1300
1.2817063073e+00 2.9483228819e-01 -9.0129189827e+00
74 59 42
2 0 3041 303.5300 60.0200 1 2322 264.9800 68.7100
1.4948119341e+00 2.0236108552e-01 -8.8602423519e+00
161 131 93
2 0 3044 352.2100 39.5400 1 2382 306.6600 48.6400
1.1318192174e+00 1.6478643335e-01 -9.0048602487e+00
138 116 80
2 0 3045 271.5600 33.3700 1 2383 234.1300 46.3100
-7.8034805212e-01 -1.3145975270e-01 -5.8704824806e+00
142 117 77
2 0 3049 -250.6400 -45.7300 1 2250 -237.5800 27.2700
-6.9069973496e-01 -2.1838106210e-01 -5.4993980146e+00
181 152 104
2 0 3050 -243.4300 -79.1800 1 2254 -234.5400 1.4600
-1.1780135591e+00 -8.2399793364e-01 -7.0016337664e+00
135 107 73
2 0 3059 -304.2200 -215.9600 1 2275 -292.3200 -124.5900
-7.4095720342e-01 -7.1516079631e-01 -5.5541671812e+00
123 102 76
2 0 3060 -258.1400 -239.7800 1 2345 -258.1600 -134.5300
-8.1441937455e-01 -8.8524935750e-01 -5.7646282537e+00
188 150 102
2 0 3064 -269.7800 -283.9600 1 2286 -270.2800 -173.8900
1.5813634266e+00 1.1369920897e+00 -8.7137858688e+00
112 97 82
2 0 3071 378.3000 243.9800 1 2363 343.0600 229.8100
6.0277375623e-01 6.1948727568e-01 -4.6079272338e+00
103 71 54
2 0 3072 205.1000 221.9200 1 2362 149.6100 233.6700
1.3905555939e+00 5.6995710142e-01 -9.3500559148e+00
29 20 13
2 0 3075 319.9500 114.2800 1 2416 285.7500 116.1000
-3.3162223586e-01 3.3804715661e-01 -5.1315235810e+00
86 46 19
2 0 3076 -136.6200 108.8300 1 2367 -136.4500 154.9400
1.1222000659e+00 4.1321721890e-01 -8.4720383823e+00
30 20 10
2 0 3077 280.0900 90.1200 1 2444 242.0900 97.1500
-7.6755119038e-01 6.9762447754e-02 -5.9033047848e+00
163 128 84
2 0 3078 -243.5400 17.1000 1 2372 -228.5200 79.7300
1.1552074723e+00 -2.4504361894e-01 -9.4400018032e+00
128 103 71
2 0 3082 267.8900 -50.0500 1 2393 227.3100 -29.5700
4.2409337791e-01 -1.2136999039e-01 -5.2256308933e+00
175 126 74
2 0 3083 127.9600 -57.2200 1 2421 75.4400 -0.5600
1.1040526063e+00 -2.8423461219e-01 -9.5069683039e+00
68 55 38
2 0 3084 256.3500 -57.3000 1 2424 216.8600 -35.4500
1.0294735978e+00 -3.0742430625e-01 -9.4869425831e+00
114 88 55
2 0 3085 241.7300 -61.5200 1 2426 202.8500 -38.8500
1.0309050331e+00 -5.5154581947e-01 -9.6447540402e+00
52 43 34
2 0 3090 238.9600 -108.8500 1 2430 198.2800 -81.0800
-1.0683311924e+00 -5.6907158159e-01 -6.6417411171e+00
195 157 110
2 0 3093 -294.0600 -158.2400 1 2396 -279.2700 -72.2100
1.2135288352e+00 1.8816810278e-01 -8.9886398361e+00
74 61 45
2 0 3102 289.1600 37.7500 1 2446 250.4200 49.7500
1.0809333691e+00 -9.2686707181e-02 -9.0959146585e+00
105 86 56
2 0 3106 258.8800 -19.8100 1 2448 218.6400 -2.0200
9.2698289632e-01 -4.2076549345e-01 -8.7499301119e+00
14 10 7
2 0 3109 229.7100 -92.3400 1 2450 185.8500 -62.9500
-4.4049831587e-01 -3.8044870930e-01 -5.4506554859e+00
82 57 36
2 0 3111 -163.4600 -135.3500 1 2427 -172.4800 -50.8900
-7.4511309685e-01 -5.4929390124e-01 -5.5998418949e+00
119 99 72
2 0 3116 -256.3300 -184.2800 1 2399 -252.5600 -87.9400
1.4461628955e+00 2.1378807170e-02 -8.9568197480e+00
141 113 76
2 0 3124 338.6100 0.9000 1 2447 292.6000 14.8700
-2.6683356673e-01 -2.4231004615e-01 -5.1650496279e+00
215 188 153
2 0 3128 -115.2800 -95.8100 1 2423 -131.8100 -18.1500
-6.5452357507e-01 -6.2279580153e-01 -5.3623696511e+00
71 40 18
2 0 3129 -240.5100 -217.8700 1 2452 -242.5500 -114.8200
-1.1871583479e+00 -9.0920773254e-01 -7.0706048554e+00
156 130 97
2 0 3130 -302.9200 -235.8800 1 2454 -292.9600 -142.6300
1.1563884216e+00 1.0444735716e-01 -8.9278873470e+00
132 106 73
2 0 3136 277.8100 20.2100 1 2460 238.6800 34.9500
1.4274594702e+00 -6.7213435720e-01 -1.0704605581e+01
39 30 15
2 0 3141 297.5100 -119.5900 1 2464 255.5700 -97.9200
1.3100363512e+00 -7.7204522568e-01 -1.0460685364e+01
134 113 92
2 0 3142 279.5500 -140.9400 1 2466 237.2400 -114.6600
1.2571866274e+00 -1.3024390065e+00 -1.1370704958e+01
133 112 91
2 0 3143 256.3500 -217.2800 1 2484 213.4700 -186.6100
-8.9843604535e-01 -7.2622385043e-01 -6.1048394005e+00
193 153 104
2 0 3144 -275.8100 -220.6500 1 2453 -269.2400 -122.6300
1.3140603475e+00 2.0059501981e-01 -8.4131224840e+00
147 118 84
2 0 3159 323.7800 41.4000 1 2489 277.6200 52.1700
1.1616670374e+00 -2.6605285525e-01 -9.0913343487e+00
129 104 73
2 0 3161 275.3700 -56.4900 1 2490 230.7800 -35.7900
