# Bundle file v0.3
2 105
2.2713098523e+03 -1.4532572330e-03 -7.4032079319e-05
9.9986658901e-01 1.1600488457e-03 -1.6292896528e-02
-1.1653615118e-03 9.9999927085e-01 -3.1658213111e-04
1.6292517397e-02 3.3552701010e-04 9.9986721183e-01
-2.9605521363e-02 -1.6595287710e-03 -1.4495529292e-01
1.8120102389e+03 -1.6103400053e-03 -2.6226983878e-04
8.3365743619e-01 -9.3758912806e-02 5.4426514252e-01
9.8137305439e-02 9.9494962186e-01 2.1078881412e-02
-5.4349273074e-01 3.5840148295e-02 8.3864839796e-01
1.0149001814e+00 4.9179546316e-02 1.6188016819e-01
-2.3460939291e-01 1.8767053870e-01 -1.9730666113e+00
100 98 86
2 0 85 -248.1700 200.1800 1 88 -362.9100 228.3700
-2.3460939291e-01 1.8767053870e-01 -1.9730666113e+00
100 98 86
2 0 86 -248.1700 200.1800 1 89 -362.9100 228.3700
-2.3289748911e-01 1.8591032724e-01 -1.9746917948e+00
37 35 23
2 0 89 -246.1400 198.4600 1 1230 -361.3200 225.5700
2.8050667817e-01 1.3823429548e-01 -1.7617987913e+00
80 70 58
2 0 192 334.0800 162.4400 1 109 342.8800 220.2100
1.7361324373e-01 9.6328981557e-04 -1.8227182936e+00
77 58 34
2 0 574 200.8200 -0.1400 1 512 207.7900 35.4400
-1.3083187536e-01 -1.0827449882e-02 -1.8402605197e+00
179 143 113
2 0 601 -149.1700 -14.6500 1 2123 -130.9800 -17.2800
-6.0142868841e-02 -4.8541712536e-02 -1.8027730648e+00
132 114 99
2 0 699 -70.4800 -58.4700 1 2152 -16.2900 -58.5100
-6.0142868841e-02 -4.8541712536e-02 -1.8027730648e+00
132 114 99
2 0 700 -70.4800 -58.4700 1 2153 -16.2900 -58.5100
-1.0491677284e-01 -6.0982787660e-02 -1.8353753679e+00
177 134 105
2 0 727 -119.9600 -71.0600 1 1604 -90.0800 -82.8100
-1.0491677284e-01 -6.0982787660e-02 -1.8353753679e+00
177 134 105
2 0 728 -119.9600 -71.0600 1 1605 -90.0800 -82.8100
-1.2058360144e-01 -6.2462308374e-02 -1.8458432041e+00
132 100 79
2 0 734 -136.9700 -72.2500 1 2185 -115.5600 -87.2900
1.3896765397e-01 -6.2209469753e-02 -1.8502310194e+00
137 114 83
2 0 738 158.9200 -72.3400 1 692 160.0200 -47.0000
1.4135457760e-01 -7.1954490550e-02 -1.8496188491e+00
124 98 65
2 0 761 161.6900 -83.2200 1 730 163.9000 -58.8600
-8.3750215571e-02 -7.2189355955e-02 -1.8247762971e+00
134 117 100
2 0 765 -96.4200 -84.0800 1 2192 -56.4200 -94.9900
-1.5616579564e-01 -7.9742337126e-02 -1.8724781687e+00
128 91 57
2 0 777 -174.6800 -90.7900 1 1653 -173.3600 -115.9600
7.6054246929e-03 -7.7987616896e-02 -1.8021934732e+00
156 106 64
2 0 779 8.5200 -92.0100 1 798 63.7500 -87.9400
-1.2938364116e-01 -9.0329378002e-02 -1.8581814788e+00
135 105 79
2 0 806 -145.8900 -103.3300 1 2223 -130.5800 -126.2000
-1.5735575566e-01 -9.5819517167e-02 -1.8767910411e+00
201 160 113
2 0 816 -175.6100 -108.8700 1 2231 -175.4000 -137.5300
-1.3920573193e-01 -9.6856680905e-02 -1.8666477850e+00
210 186 152
2 0 818 -156.1700 -110.0100 1 2229 -146.9600 -136.5900
-1.2038026341e-02 -1.0483008048e-01 -1.8200092215e+00
90 52 29
2 0 839 -13.9500 -122.0800 1 896 32.1600 -126.2700
-1.7489696376e-01 -1.1067303441e-01 -1.8906720226e+00
88 58 28
2 0 844 -193.6900 -124.5300 1 1721 -203.3100 -160.1800
-1.0585356057e-01 -1.1290946331e-01 -1.8489694367e+00
122 102 78
2 0 852 -119.9300 -128.8700 1 1713 -93.6900 -153.3200
-9.8438894838e-02 -1.1325990958e-01 -1.8442564996e+00
104 84 62
2 0 854 -111.8900 -129.9300 1 1709 -81.7800 -152.3800
-1.8245507295e-02 -1.1320909511e-01 -1.8258250505e+00
142 97 66
2 0 859 -20.9500 -131.2600 1 925 22.0800 -138.2400
-1.4827836456e-01 -1.1840770750e-01 -1.8770453017e+00
174 147 117
2 0 862 -165.3600 -133.5300 1 2250 -161.6500 -166.7700
-1.1197384774e-01 -1.1887851654e-01 -1.8539471238e+00
118 93 69
2 0 864 -126.4900 -135.3400 1 2247 -103.4500 -162.1800
-2.0419180302e-01 -1.3853343771e-01 -1.9193298439e+00
44 28 15
2 0 897 -222.6500 -153.2300 1 2294 -252.4400 -201.3100
9.0269435055e-02 -1.4016795974e-01 -1.8929150668e+00
55 45 36
2 0 901 101.7900 -158.4800 1 1704 89.4700 -147.8200
4.6418395982e-02 -1.4642455313e-01 -1.8961583334e+00
93 84 73
2 0 911 52.7800 -165.4500 1 1728 43.8700 -162.7900
-1.9364716165e-01 -1.5422831069e-01 -1.9119789566e+00
53 38 22
2 0 919 -211.9500 -170.8300 1 1107 -233.1500 -221.0000
-1.3209968249e-01 -1.5159094653e-01 -1.8744765555e+00
114 89 63
2 0 920 -147.5500 -171.3900 1 2301 -136.4500 -207.8000
-1.8707742522e-01 -1.5822236057e-01 -1.9098216448e+00
138 123 105
2 0 927 -205.0000 -175.6000 1 1779 -223.3500 -224.9800
-1.7298307818e-01 -1.7122777916e-01 -1.9042474386e+00
165 144 117
2 0 953 -190.0600 -190.2700 1 1789 -201.2500 -239.9900
-1.0051988965e-01 -1.7320473024e-01 -1.8617967647e+00
107 82 57
2 0 959 -112.9100 -195.9500 1 2316 -88.4100 -231.9000
-5.4693495566e-02 -1.7520350691e-01 -1.8625451426e+00
86 53 25
2 0 965 -61.2100 -199.1600 1 1109 -36.7900 -223.5700
-8.0831854685e-02 -2.0798536898e-01 -1.8840488561e+00
36 25 12
2 0 1002 -89.5200 -234.1500 1 1164 -76.5600 -269.0500
-7.9533303039e-02 -2.1020161466e-01 -1.8846600323e+00
114 102 88
2 0 1004 -88.0000 -236.3600 1 1165 -75.2300 -271.7100
-2.4587684681e-01 1.8888485195e-01 -1.9740005419e+00
186 183 174
2 0 1058 -260.0700 201.2600 1 1840 -377.7700 229.4900
-2.4587684681e-01 1.8888485195e-01 -1.9740005419e+00
186 183 174
2 0 1059 -260.0700 201.2600 1 1841 -377.7700 229.4900
-2.4027442298e-01 1.8765097190e-01 -1.9741008201e+00
174 171 162
2 0 1060 -254.0800 200.0400 1 1843 -370.5600 227.9600
-2.4027442298e-01 1.8765097190e-01 -1.9741008201e+00
174 171 162
2 0 1061 -254.0800 200.0400 1 1844 -370.5600 227.9600
-2.3878182267e-01 1.8396155761e-01 -1.9752502974e+00
30 27 18
2 0 1062 -252.3500 196.3600 1 2364 -368.7300 222.6100
-1.2600566872e-01 1.9326525951e-02 -1.8283234688e+00
149 118 94
2 0 1264 -144.7400 18.8500 1 2085 -121.1800 26.2500
1.8540890392e-01 1.4898666619e-02 -1.8057880231e+00
94 84 72
2 0 1270 216.0100 15.4500 1 475 231.0700 55.4200
1.8931610444e-01 -8.4472016763e-03 -1.8168341759e+00
146 120 83
2 0 1311 219.5400 -10.9700 1 1465 228.4800 25.7200
1.8088066954e-01 -9.8477252760e-03 -1.8209851260e+00
116 99 77
2 0 1314 209.3700 -12.6900 1 1468 217.3000 23.0100
1.7045646902e-01 -4.0053526393e-02 -1.8312861474e+00
138 107 71
2 0 1345 196.4200 -47.3300 1 1506 202.5500 -15.7200
2.0533441424e-01 -4.9072639352e-02 -1.8162084037e+00
101 76 53
2 0 1364 238.1400 -58.4100 1 1519 248.4800 -21.9100
1.9097645697e-01 -6.2137756340e-02 -1.8246746306e+00
163 128 98
2 0 1377 220.6600 -73.0400 1 1537 229.6600 -40.0100
-1.5427778409e-01 -6.7685798875e-02 -1.8687293220e+00
202 153 102
2 0 1384 -172.9200 -77.2400 1 2196 -170.2900 -99.5200
1.2008183720e-02 -6.6283979129e-02 -1.7952890514e+00
68 42 31
2 0 1386 13.5600 -78.9600 1 2164 72.4000 -71.5400
-1.8720638770e-01 -7.9387009318e-02 -1.8956856998e+00
63 33 19
2 0 1396 -206.7300 -89.3100 1 2210 -225.5700 -120.0600
-1.4991942143e-01 -7.9690329312e-02 -1.8685164659e+00
191 145 105
2 0 1399 -168.0700 -90.9500 1 2205 -163.3000 -114.9100
-1.5509765587e-01 -8.2987119060e-02 -1.8732753690e+00
228 201 160
2 0 1403 -173.3900 -94.2900 1 2212 -172.1400 -120.2200
-1.2448202151e-01 -8.4096350853e-02 -1.8539805102e+00
158 124 97
2 0 1406 -140.7400 -96.7900 1 2208 -122.8000 -116.8100
1.2941595630e-01 -8.4523877623e-02 -1.8571307590e+00
150 116 79
2 0 1408 147.6000 -97.5200 1 2173 147.9900 -75.5800
-1.4305768670e-01 -8.6008540635e-02 -1.8661082245e+00
219 176 141
2 0 1411 -160.5800 -98.0800 1 2219 -152.6600 -122.4300
1.3286382572e-01 -8.7627387357e-02 -1.8558094863e+00
138 106 69
2 0 1417 151.5900 -101.1300 1 1601 152.6900 -78.8800
-1.4219722292e-01 -1.0327048483e-01 -1.8699553802e+00
201 176 143
2 0 1431 -159.2300 -117.0900 1 2238 -151.8300 -145.5800
-1.4219722292e-01 -1.0327048483e-01 -1.8699553802e+00
201 176 143
2 0 1432 -159.2300 -117.0900 1 2239 -151.8300 -145.5800
-1.6549603323e-01 -1.0809879923e-01 -1.8850528356e+00
205 176 135
2 0 1436 -183.8300 -121.9800 1 2245 -188.7800 -155.2800
-2.2841865048e-01 -1.2345932422e-01 -1.9122649143e+00
133 103 75
2 0 1451 -250.1600 -136.9600 1 2279 -280.5300 -186.9000
-1.0980123831e-01 -1.3171283703e-01 -1.8553492621e+00
111 90 68
2 0 1455 -123.9400 -149.9300 1 2266 -100.1900 -178.7700
-7.7141012360e-02 -1.3990008875e-01 -1.8391215913e+00
123 87 61
2 0 1470 -87.9200 -160.5000 1 2274 -50.1900 -184.4900
-1.6638719987e-01 -1.5749260010e-01 -1.8967512113e+00
170 144 116
2 0 1483 -183.5500 -175.6600 1 2527 -190.5500 -221.1100
-1.3587235553e-01 -2.0547795430e-01 -1.8889795203e+00
85 68 50
2 0 1501 -150.4400 -229.8700 1 1808 -143.2300 -278.8400
-2.5117128881e-01 1.8651023324e-01 -1.9769085779e+00
36 35 25
2 0 1581 -265.3200 198.6200 1 2358 -385.5900 225.4700
1.8364247364e-01 -1.4027838945e-02 -1.8201695937e+00
133 112 82
2 0 1718 212.6400 -17.5000 1 2433 221.0400 18.1700
1.8364247364e-01 -1.4027838945e-02 -1.8201695937e+00
133 112 82
2 0 1719 212.6400 -17.5000 1 2434 221.0400 18.1700
1.7725165125e-01 -1.9199591207e-02 -1.8244157185e+00
145 121 85
2 0 1723 204.8600 -23.4600 1 2099 212.1500 10.9500
-5.6025832931e-02 -5.0274263854e-02 -1.8003464553e+00
110 92 78
2 0 1737 -65.7800 -60.1500 1 2467 -9.5200 -60.6000
1.3245550315e-01 -5.3067548531e-02 -1.8498219651e+00
131 108 79
2 0 1739 151.5400 -61.7400 1 2137 152.9800 -36.8200
1.7865105787e-01 -6.6985745982e-02 -1.8311322548e+00
113 85 56
2 0 1752 205.8200 -78.6500 1 2460 213.4200 -47.3500
-1.0891517180e-01 -1.2759288053e-01 -1.8540401153e+00
102 82 57
2 0 1788 -123.0600 -145.5400 1 2505 -98.8100 -173.0100
-1.0891517180e-01 -1.2759288053e-01 -1.8540401153e+00
102 82 57
2 0 1790 -123.0600 -145.5400 1 2506 -98.8100 -173.0100
9.2979759669e-02 -1.3249286469e-01 -1.8944515779e+00
72 62 50
2 0 1793 104.7800 -149.7900 1 2232 90.1800 -137.9700
6.5136853768e-02 -1.5525942737e-01 -1.8918474859e+00
70 63 55
2 0 1813 73.6800 -175.7800 1 2256 66.8800 -170.4300
-1.4637824964e-01 -2.0867684001e-01 -1.8932468224e+00
89 72 62
2 0 1823 -161.8200 -233.4300 1 2541 -157.8800 -284.5800
-1.4637824964e-01 -2.0867684001e-01 -1.8932468224e+00
89 72 62
2 0 1824 -161.8200 -233.4300 1 2542 -157.8800 -284.5800
-1.4214084140e-01 -2.1237553419e-01 -1.8905194033e+00
83 70 62
2 0 1825 -157.3200 -237.5700 1 2543 -150.6800 -289.1000
-1.4214084140e-01 -2.1237553419e-01 -1.8905194033e+00
83 70 62
2 0 1826 -157.3200 -237.5700 1 2544 -150.6800 -289.1000
-8.0371809571e-02 -2.1402013992e-01 -1.8839899549e+00
27 17 7
2 0 1827 -89.0200 -240.9200 1 2327 -75.2500 -276.7700
1.7855525756e-01 -1.4772279714e-02 -1.8229750729e+00
74 61 51
2 0 1904 206.4900 -18.5000 1 2604 214.0400 16.7300
-5.9946979872e-02 -4.6965706692e-02 -1.8024542603e+00
128 110 96
2 0 1912 -70.2600 -56.5600 1 2624 -16.0300 -56.4000
-1.9933962642e-01 -1.5718512967e-01 -1.9129022826e+00
33 21 7
2 0 1944 -218.1200 -174.1000 1 2668 -240.2600 -226.0400
-1.9493838084e-01 -1.5908843791e-01 -1.9117689965e+00
34 24 14
2 0 1946 -213.4300 -176.3900 1 2669 -233.9600 -227.6600
2.2552352834e-01 -4.4592848521e-03 -1.8001374962e+00
57 44 29
2 0 2011 263.5200 -6.8300 1 2725 275.5300 35.6700
1.8438678544e-01 -6.8769797543e-03 -1.8186127750e+00
74 61 48
2 0 2012 213.6500 -9.2700 1 2731 222.2000 27.1600
-1.6201125439e-01 -1.1942673753e-01 -1.8865042404e+00
104 76 51
2 0 2030 -179.7300 -133.9700 1 2814 -183.9600 -170.2100
2.4745939682e-01 4.7889019955e-03 -1.7940458388e+00
146 125 101
2 0 2068 290.0700 4.6100 1 2719 299.7900 48.9900
2.2808268544e-01 -1.2681945194e-02 -1.8008717003e+00
19 12 5
2 0 2076 266.4200 -16.4700 1 2732 278.1800 25.8600
1.4364810492e-01 -5.3611660104e-02 -1.8443298518e+00
108 87 56
2 0 2084 164.6700 -62.4700 1 2749 168.1300 -36.0300
1.4119554613e-01 -6.1761346930e-02 -1.8486873087e+00
143 114 79
2 0 2087 161.5400 -72.1300 1 2751 163.3000 -45.9200
-1.5893534419e-01 -9.5938748080e-02 -1.8786519874e+00
216 189 137
2 0 2091 -177.1300 -108.4200 1 2852 -178.4500 -138.2800
-2.3898241196e-01 -1.8491430484e-01 -1.9202342683e+00
69 56 39
2 0 2099 -260.6900 -203.7900 1 2822 -289.9500 -271.7600
2.3834106129e-01 -1.9957708634e-02 -1.7972307275e+00
30 23 13
2 0 2127 278.9100 -24.5700 1 2836 291.4500 17.8000
1.3255735267e-01 -6.2289676702e-02 -1.8513410418e+00
76 61 42
2 0 2129 151.5800 -71.9100 1 2808 152.9700 -48.4200
-1.5088734328e-01 -7.4636470961e-02 -1.8696943875e+00
225 196 160
2 0 2131 -169.0000 -84.8800 1 2848 -165.8800 -108.4500
1.7108064427e-01 -1.5372586370e-02 -1.8273077986e+00
78 64 48
2 0 2160 197.5200 -18.4900 1 2837 203.5700 14.3700
2.0146486129e-01 -8.5400157725e-02 -1.8282605859e+00
174 143 122
2 0 2164 232.4100 -99.7200 1 2876 239.1400 -66.8800
1.1104166967e-01 -1.6788279593e-01 -1.8822711616e+00
33 24 15
2 0 2167 125.3400 -190.8500 1 2818 120.6700 -178.0300
1.9239154672e-01 -5.0343386405e-02 -1.8238271801e+00
146 116 78
2 0 2187 222.4000 -59.3300 1 2874 230.3800 -25.5100
1.3569622234e-01 -9.6845520783e-02 -1.8588635975e+00
31 12 3
2 0 2193 154.5600 -112.0600 1 2902 154.1300 -89.0800
-2.0874208988e-01 -1.8338988166e-01 -1.9145221451e+00
224 217 199
2 0 2238 -228.2700 -202.6900 1 2923 -249.2500 -263.2300
2.2849713098e-01 -2.8620109386e-03 -1.8006014438e+00
38 28 18
2 0 2243 266.9900 -4.1900 1 2930 277.7600 37.1900
