# Bundle file v0.3
2 468
2.0853851243e+03 -4.1920279880e-02 -2.8029541820e-03
9.9998733474e-01 3.3441384400e-03 3.7612622145e-03
-3.3384361945e-03 9.9999327022e-01 -1.5213037633e-03
-3.7663243524e-03 1.5087277617e-03 9.9999176924e-01
8.3609922848e-02 -2.9438814452e-02 3.9675116133e-01
2.0782859354e+03 1.8035819920e-01 1.1867613663e-02
9.9856420819e-01 5.3556612984e-02 -1.1006070352e-03
-5.3563855058e-02 9.9853077961e-01 -8.1972923489e-03
6.5997078706e-04 8.2444754993e-03 9.9996579595e-01
3.2069678224e-01 -1.9810299359e-01 1.3436534557e+00
2.6988299898e+00 2.2918815938e+00 -2.1386652948e+01
30 24 13
2 0 52 268.7700 226.2800 1 86 330.4400 222.1000
-1.0492534674e+01 8.5424376845e+00 -9.0525902745e+01
100 98 86
2 0 86 -248.1700 200.1800 1 80 -224.5800 226.3600
-1.0513309958e+01 8.5487485808e+00 -9.1450715383e+01
37 35 23
2 0 89 -246.1400 198.4600 1 84 -222.7800 224.2400
2.4036705359e-01 1.1019655237e+00 -1.1857080731e+01
43 23 8
2 0 90 51.4800 198.2000 1 135 125.4900 195.6800
-1.8493379283e-01 8.8816846336e-01 -9.6910059005e+00
113 98 84
2 0 95 -30.0300 197.0500 1 919 48.2500 193.3900
-1.1213250616e+01 8.9267295571e+00 -9.7769333828e+01
21 19 10
2 0 97 -245.5700 194.0400 1 92 -222.7800 219.5300
-1.8485584373e+00 1.6478424758e+00 -1.8223402836e+01
134 111 85
2 0 100 -213.8600 193.0600 1 901 -175.0600 209.7600
-9.5777889484e-02 8.9495286006e-01 -1.0756717546e+01
152 136 123
2 0 141 -10.1200 177.0600 1 177 63.1600 175.0100
-3.5711478712e-01 9.2054799132e-01 -1.1788416029e+01
153 138 121
2 0 179 -57.6300 166.6000 1 190 5.2600 166.8600
-3.6594749736e-01 9.0389233813e-01 -1.1842389268e+01
159 140 126
2 0 191 -58.9700 162.9500 1 942 3.2700 162.7400
7.7985840848e-01 6.7992977373e-01 -1.1451067935e+01
45 43 31
2 0 304 155.1600 125.6400 1 995 236.9100 109.7900
1.8271502952e+00 9.7221103753e-01 -1.7268754461e+01
40 28 16
2 0 317 228.2800 118.7200 1 999 290.6200 107.2100
2.8069080313e+00 9.8410287870e-01 -1.9505156480e+01
80 70 61
2 0 356 307.4700 106.7000 1 1017 368.2100 91.0500
7.9339397066e-01 5.8622424268e-01 -1.1945331184e+01
98 87 73
2 0 362 150.6700 103.7700 1 338 227.4400 86.6200
7.9339397066e-01 5.8622424268e-01 -1.1945331184e+01
98 87 73
2 0 363 150.6700 103.7700 1 339 227.4400 86.6200
5.4081679305e-01 5.7006418585e-01 -1.1893953838e+01
36 23 16
2 0 365 105.5700 101.3400 1 337 178.4100 86.4800
-1.1772651994e+00 6.0090003928e-01 -1.4528315769e+01
16 5 0
2 0 395 -169.1300 88.2400 1 326 -127.3800 92.1400
-5.7086412996e-01 4.3508142494e-01 -1.3495232978e+01
117 91 74
2 0 446 -85.5600 67.9300 1 378 -36.0200 64.8200
-5.7086412996e-01 4.3508142494e-01 -1.3495232978e+01
117 91 74
2 0 447 -85.5600 67.9300 1 379 -36.0200 64.8200
-5.8876850166e-01 3.9844900826e-01 -1.3577667859e+01
124 88 73
2 0 462 -87.8700 61.8500 1 1054 -39.1900 58.3400
-5.8876850166e-01 3.9844900826e-01 -1.3577667859e+01
124 88 73
2 0 463 -87.8700 61.8500 1 1055 -39.1900 58.3400
3.9537076620e-01 3.6471750782e-01 -1.2596380135e+01
95 77 67
2 0 465 73.9800 60.3800 1 411 138.4700 45.8700
2.5724622044e+00 5.4226744740e-01 -2.0808334724e+01
74 63 55
2 0 471 263.2100 54.5300 1 1071 315.5500 40.5000
-6.4114665818e-01 3.1208467380e-01 -1.3927347306e+01
124 85 64
2 0 491 -93.9300 47.0400 1 422 -47.4300 43.4100
2.5500996758e+00 4.2316230617e-01 -2.1521260283e+01
106 97 88
2 0 500 251.9800 41.4900 1 452 301.2200 27.0800
2.5500996758e+00 4.2316230617e-01 -2.1521260283e+01
106 97 88
2 0 501 251.9800 41.4900 1 453 301.2200 27.0800
-6.6822770772e-01 2.6443756376e-01 -1.4099193935e+01
119 88 68
2 0 505 -96.8500 39.5000 1 438 -51.7300 35.3100
-8.9219383800e-01 2.2301822891e-01 -1.4697103313e+01
147 126 106
2 0 516 -125.6200 32.3300 1 449 -84.6800 29.6700
-2.4615707648e+00 2.9923375627e-01 -2.1288284920e+01
187 158 115
2 0 519 -244.7500 31.5200 1 1505 -219.5700 42.0200
-1.3095909553e+00 1.5427437217e-01 -1.6083773796e+01
78 35 18
2 0 539 -170.5000 21.0400 1 1082 -136.0900 21.7400
1.6037509956e+00 5.9675570119e-02 -2.0936090753e+01
49 35 26
2 0 563 163.3100 5.8900 1 510 207.0100 -5.7300
2.2444611188e+00 -1.2515706680e-02 -2.2188887030e+01
143 115 76
2 0 577 214.6000 -1.5400 1 524 258.5600 -14.8500
4.7359771457e-01 -7.6539580023e-03 -1.4060632795e+01
51 23 2
2 0 579 76.9500 -2.6300 1 529 132.2600 -18.9500
2.3456797330e+00 -2.1300955030e-02 -2.1520616451e+01
104 77 48
2 0 581 231.6600 -2.4300 1 1119 277.4900 -17.5300
4.1470250489e-01 -3.6838005006e-02 -1.3991766568e+01
138 95 70
2 0 587 68.2900 -7.1900 1 540 123.0700 -23.3400
3.9386215526e-01 -7.2979864499e-02 -1.4026650426e+01
135 87 60
2 0 596 64.9100 -12.6400 1 1132 118.9800 -29.0000
1.3624730850e+00 -1.3595214747e-01 -2.1688941054e+01
57 42 35
2 0 600 133.6000 -13.2700 1 541 173.5900 -23.5500
4.2563881538e-01 -1.0373998527e-01 -1.4434784979e+01
49 29 7
2 0 609 67.4900 -16.7800 1 558 120.1300 -32.7000
3.8175858390e-01 -1.0962626899e-01 -1.4325174508e+01
145 97 68
2 0 611 61.5100 -17.8000 1 559 114.0500 -33.6800
3.8175858390e-01 -1.0962626899e-01 -1.4325174508e+01
145 97 68
2 0 612 61.5100 -17.8000 1 560 114.0500 -33.6800
-9.0539594189e-01 -1.3915129707e-01 -1.5552862045e+01
112 85 58
2 0 615 -121.0800 -19.3700 1 539 -84.0600 -23.7000
-6.9526576361e-01 -1.4820463131e-01 -1.4909970190e+01
143 115 94
2 0 621 -95.9400 -21.8100 1 551 -56.0300 -28.7000
-1.9136442159e+00 -1.8994985347e-01 -1.7542137891e+01
127 107 83
2 0 623 -230.5400 -22.5300 1 1121 -203.3100 -18.2900
-9.5619295013e-01 -2.2916833521e-01 -1.5816511390e+01
102 77 54
2 0 640 -125.9300 -30.9900 1 564 -90.5900 -35.6100
-9.8268722220e-01 -2.7717322780e-01 -1.6011190988e+01
113 82 58
2 0 655 -128.2800 -37.2900 1 577 -93.2100 -41.2100
-9.8268722220e-01 -2.7717322780e-01 -1.6011190988e+01
113 82 58
2 0 656 -128.2800 -37.2900 1 578 -93.2100 -41.2100
-1.6197099146e+00 -3.5996526992e-01 -1.8446455846e+01
70 40 21
2 0 662 -185.3800 -40.8600 1 572 -157.8400 -39.1000
2.6557917164e+00 -4.7177978297e-01 -2.2163245736e+01
124 98 63
2 0 672 254.1600 -45.3100 1 623 297.6500 -63.3600
1.9110131718e+00 -5.4907328141e-01 -2.4029957706e+01
130 103 70
2 0 678 167.8600 -48.1500 1 615 204.1800 -60.0000
-1.0890346998e+00 -4.2722838078e-01 -1.6560256953e+01
174 133 105
2 0 693 -137.8500 -55.0900 1 611 -105.5000 -58.9300
-5.1609637991e-01 -4.0135170147e-01 -1.4891444972e+01
132 114 99
2 0 700 -70.4800 -58.4700 1 641 -30.6500 -68.9000
-1.4449312084e+00 -4.9316968131e-01 -1.7622978031e+01
145 119 92
2 0 703 -173.0300 -59.4400 1 1159 -144.2600 -59.8700
-7.1738747229e-01 -4.4167806759e-01 -1.5585648390e+01
163 137 117
2 0 706 -95.3000 -61.1300 1 640 -58.6700 -68.9900
1.1336473335e-01 -4.3651260367e-01 -1.5598499945e+01
103 95 84
2 0 708 18.6400 -60.9000 1 1182 62.4900 -74.5100
-4.3595522133e-01 -4.3067914029e-01 -1.4760009862e+01
112 87 72
2 0 712 -59.5600 -63.5000 1 1185 -18.6900 -74.7900
1.7702643111e+00 -8.1900085200e-01 -2.5640194070e+01
83 65 43
2 0 720 144.9600 -67.1500 1 660 177.4500 -77.2900
-1.7707116685e+00 -6.2765880162e-01 -1.9273874927e+01
65 37 16
2 0 721 -194.3200 -68.4200 1 1169 -169.6800 -66.6100
-1.8178435599e+00 -6.4845492728e-01 -1.9127894325e+01
68 33 17
2 0 729 -201.1100 -71.3600 1 1172 -176.6600 -69.3600
-1.0979870880e+00 -5.6956346811e-01 -1.6827163377e+01
132 100 79
2 0 734 -136.9700 -72.2500 1 1190 -105.8300 -76.6000
-1.0734724398e+00 -5.6956553100e-01 -1.6847236427e+01
152 122 98
2 0 736 -133.7800 -72.2500 1 655 -102.3300 -76.5800
-1.1308814219e+00 -5.7657530027e-01 -1.6940490372e+01
163 135 113
2 0 737 -140.1100 -72.4700 1 657 -109.6000 -76.7400
2.6026241595e+00 -8.0768202285e-01 -2.3274918717e+01
183 153 118
2 0 742 236.3000 -73.9600 1 677 276.0000 -90.4700
-6.0840840134e-01 -5.5333468926e-01 -1.5468700987e+01
124 105 89
2 0 746 -81.0100 -77.2000 1 670 -43.9800 -86.9000
1.1551250056e+00 -9.3768529892e-01 -2.5047599906e+01
70 58 48
2 0 752 96.7000 -78.5700 1 672 127.1600 -87.2400
-7.4247770879e-01 -6.2621980001e-01 -1.5997533267e+01
134 117 100
2 0 764 -96.4200 -84.0800 1 1216 -61.9200 -92.5300
-7.4247770879e-01 -6.2621980001e-01 -1.5997533267e+01
134 117 100
2 0 765 -96.4200 -84.0800 1 1217 -61.9200 -92.5300
-1.2165079066e+00 -7.2176269178e-01 -1.7523303474e+01
162 134 112
2 0 772 -146.2900 -87.7500 1 1214 -117.3700 -91.2200
-1.2165079066e+00 -7.2176269178e-01 -1.7523303474e+01
162 134 112
2 0 773 -146.2900 -87.7500 1 1215 -117.3700 -91.2200
2.4022499493e+00 -1.0139405078e+00 -2.4291164514e+01
139 105 70
2 0 775 208.6000 -88.2500 1 1230 244.3400 -103.7200
-1.5269977290e+00 -7.9156994759e-01 -1.8488488225e+01
128 91 57
2 0 777 -174.6800 -90.7900 1 679 -148.7700 -91.6200
2.5775541689e+00 -1.0412769788e+00 -2.4039879829e+01
160 133 97
2 0 778 226.2700 -91.7600 1 700 263.1200 -108.3900
-1.5376792842e-04 -7.3330556474e-01 -1.6484943773e+01
88 54 29
2 0 788 2.3700 -95.7200 1 703 41.1900 -109.0600
-1.6355181654e+00 -8.6122672094e-01 -1.8819460969e+01
87 62 25
2 0 792 -183.8300 -96.8000 1 688 -159.4300 -97.2900
1.5235346109e+00 -1.2440175324e+00 -2.6614888534e+01
39 26 18
2 0 794 119.5700 -98.2500 1 699 148.4700 -107.4900
-2.6433928483e+00 -1.0289389968e+00 -2.1703406685e+01
167 137 107
2 0 795 -258.4400 -99.2000 1 684 -240.7900 -92.9200
-6.8232616927e-01 -8.2021104792e-01 -1.6376292989e+01
104 82 59
2 0 812 -86.9400 -107.7800 1 714 -53.0500 -116.6200
-1.3557567422e+00 -9.5006629218e-01 -1.8344098158e+01
210 186 152
2 0 818 -156.1700 -110.0100 1 1242 -130.1700 -113.0300
2.4522152972e+00 -1.3384491584e+00 -2.5353324313e+01
161 127 92
2 0 822 203.4600 -111.4800 1 731 236.4500 -126.7100
-1.6692992515e+00 -1.0812663441e+00 -1.9342011756e+01
199 171 134
2 0 831 -182.8500 -118.3200 1 718 -159.9300 -119.1000
2.1492018592e+00 -1.7475875199e+00 -3.0328667839e+01
128 112 93
2 0 834 147.3800 -120.5500 1 746 172.5300 -130.3800
-1.2784271405e-01 -9.9731067657e-01 -1.7490888590e+01
90 52 29
2 0 839 -13.9500 -122.0800 1 753 20.5700 -134.2400
-1.8230250875e+00 -1.1451321315e+00 -1.9731649717e+01
191 158 122
2 0 840 -195.7700 -122.5800 1 726 -174.4300 -122.6300
7.0407759227e-01 -1.6580864725e+00 -2.7837992358e+01
54 39 32
2 0 845 52.0400 -124.3300 1 749 75.1700 -131.3000
-1.8552870923e+00 -1.2200132694e+00 -2.0184175497e+01
69 41 20
2 0 848 -195.1500 -127.7900 1 732 -173.9400 -127.1600
-1.8552870923e+00 -1.2200132694e+00 -2.0184175497e+01
69 41 20
2 0 849 -195.1500 -127.7900 1 733 -173.9400 -127.1600
-1.7829391503e+00 -1.2142924614e+00 -2.0021159657e+01
103 74 54
2 0 851 -189.0100 -128.2900 1 740 -167.3900 -128.2100
-1.0002485106e+00 -1.0604148693e+00 -1.7549722499e+01
122 102 78
2 0 852 -119.9300 -128.8700 1 756 -91.7800 -135.9100
-1.4760394049e+00 -1.1673307563e+00 -1.9072551665e+01
173 151 124
2 0 853 -164.0100 -129.9100 1 1255 -140.0900 -132.3100
-9.3692694025e-01 -1.0730555710e+00 -1.7641378322e+01
104 84 62
2 0 854 -111.8900 -129.9300 1 760 -83.0600 -136.9000
-1.8706492184e-01 -1.0962650922e+00 -1.7856885990e+01
142 97 66
2 0 859 -20.9500 -131.2600 1 768 12.0700 -142.9200
-1.4951159570e+00 -1.2060100257e+00 -1.9152530866e+01
174 147 117
2 0 862 -165.3600 -133.5300 1 754 -142.0400 -136.1300
-1.0653505730e+00 -1.1270188053e+00 -1.7739691473e+01
118 93 69
2 0 864 -126.4900 -135.3400 1 1269 -99.4600 -142.2000
-1.7517157107e+00 -1.3004643795e+00 -2.0121868546e+01
111 86 67
2 0 869 -184.8300 -136.7500 1 759 -163.5200 -137.1400
2.0414511285e+00 -2.1091385625e+00 -3.1966758748e+01
127 107 91
2 0 872 132.1000 -138.0500 1 776 154.8100 -146.5500
9.4966943229e-01 -2.0161654081e+00 -3.0354359125e+01
53 42 36
2 0 875 63.8400 -138.8200 1 1273 85.2400 -144.8100
-1.5669718796e+00 -1.2775219642e+00 -1.9426486454e+01
124 95 65
2 0 876 -170.7200 -139.1400 1 765 -148.8300 -141.8000
5.1277211614e-01 -2.1021160032e+00 -3.0044362541e+01
36 22 13
2 0 889 33.7800 -146.3800 1 1281 54.2600 -150.9400
-1.2029478776e+00 -1.2825979136e+00 -1.8573761108e+01
124 97 74
2 0 890 -137.0800 -146.9500 1 781 -111.9500 -152.2200
-2.3927550762e+00 -1.6656964714e+00 -2.2858584773e+01
44 28 15
2 0 897 -222.6500 -153.2300 1 1278 -206.5800 -149.7200
-9.0431225909e-01 -1.3168634324e+00 -1.7888534420e+01
106 76 48
2 0 898 -106.5900 -157.0700 1 1301 -79.3800 -165.4900
-9.0431225909e-01 -1.3168634324e+00 -1.7888534420e+01
106 76 48
2 0 899 -106.5900 -157.0700 1 1302 -79.3800 -165.4900
1.6608260897e+00 -2.5321503475e+00 -3.3426882265e+01
55 45 36
2 0 901 101.7900 -158.4800 1 798 121.7400 -165.0900
-2.1145397614e+00 -1.7012250797e+00 -2.1844865011e+01
134 104 75
2 0 907 -206.1900 -164.4700 1 1297 -188.4400 -162.7900
-3.6860838585e-01 -1.4844234957e+00 -1.9219988998e+01
87 51 22
2 0 909 -40.2500 -164.4200 1 809 -12.1800 -174.7300
1.0158289538e+00 -2.6317140842e+00 -3.2465740837e+01
51 45 40
2 0 916 63.2100 -169.6000 1 1316 81.9200 -175.0700
1.0613486827e+00 -2.5320188110e+00 -3.1321670134e+01
13 8 4
2 0 917 68.8500 -169.3800 1 811 88.5700 -175.5800
-2.2114645354e+00 -1.7991710463e+00 -2.2213103496e+01
53 38 22
2 0 919 -211.9500 -170.8300 1 801 -195.4600 -169.0000
-2.1466963457e+00 -1.8562253931e+00 -2.2296692503e+01
138 123 105
2 0 927 -205.0000 -175.6000 1 807 -188.5600 -174.2700
-8.9520956979e-01 -1.5542728257e+00 -1.8528101270e+01
150 115 86
2 0 933 -102.3300 -178.8700 1 824 -76.6100 -187.3400
-2.0165813166e+00 -1.8812670174e+00 -2.2017600741e+01
141 120 93
2 0 936 -195.2200 -180.5200 1 816 -177.9600 -179.9200
-1.8988178541e+00 -1.8857915784e+00 -2.1555091716e+01
167 139 110
2 0 942 -187.5500 -184.9000 1 1321 -170.1500 -185.6400
-1.9552955307e+00 -1.9739792138e+00 -2.1921227383e+01
165 144 117
2 0 953 -190.0600 -190.2700 1 829 -173.2100 -190.6100
-6.2141585717e-01 -1.9133065545e+00 -2.0946673567e+01
123 98 74
2 0 958 -63.4800 -193.8900 1 837 -39.9700 -201.7700
-1.0181629067e+00 -1.7643561965e+00 -1.9173527365e+01
107 82 57
2 0 959 -112.9100 -195.9500 1 838 -89.3100 -203.6400
-1.5706530974e+00 -1.9689594030e+00 -2.1138000440e+01
130 104 79
2 0 962 -158.5900 -197.4500 1 1327 -139.3800 -200.1900
-6.0206711155e-01 -1.9745248101e+00 -2.1031758950e+01
86 53 25
2 0 965 -61.2100 -199.1600 1 840 -38.2000 -207.5000
1.6976377276e+00 -3.1130192889e+00 -3.2268139067e+01
169 147 124
2 0 970 107.9300 -202.4900 1 842 126.7900 -211.0300
1.7904510496e+00 -3.1394146195e+00 -3.2401969456e+01
132 120 100
2 0 972 113.5700 -203.2500 1 844 132.2900 -212.2700
-1.0871875861e+00 -1.9654740312e+00 -1.9870303980e+01
137 103 61
2 0 979 -116.5800 -210.2800 1 847 -94.8600 -217.5600
-1.1862644172e+00 -2.1321049328e+00 -2.0485393296e+01
160 117 82
2 0 993 -123.7000 -221.0700 1 1335 -103.3700 -227.5100
-9.6415712129e-01 -2.5735798570e+00 -2.3263352064e+01
36 25 12
2 0 1002 -89.5200 -234.1500 1 853 -71.1400 -239.4700
-9.4868146090e-01 -2.5982421328e+00 -2.3255389273e+01
114 102 88
2 0 1004 -88.0000 -236.3600 1 855 -69.9700 -242.1000
7.0856806237e-01 1.6034488250e+00 -1.3198693911e+01
34 16 20
2 0 1026 121.6700 258.3700 1 33 199.0600 260.3800
6.4115816837e-01 1.5533640202e+00 -1.4036297923e+01
22 18 9
2 0 1035 103.3800 235.0800 1 877 174.4100 236.5000
2.4704229656e+00 2.2364876106e+00 -2.0593990444e+01
19 12 4
2 0 1041 256.0600 229.2900 1 1390 318.7600 225.9200
2.4704229656e+00 2.2364876106e+00 -2.0593990444e+01
19 12 4
2 0 1042 256.0600 229.2900 1 1391 318.7600 225.9200
-1.3232751141e+01 1.0314681169e+01 -1.0885800264e+02
186 183 174
2 0 1058 -260.0700 201.2600 1 884 -237.3000 227.8300
-1.3232751141e+01 1.0314681169e+01 -1.0885800264e+02
186 183 174
2 0 1059 -260.0700 201.2600 1 885 -237.3000 227.8300
-1.2592887322e+01 9.9914124105e+00 -1.0607918346e+02
174 171 162
2 0 1060 -254.0800 200.0400 1 887 -231.2500 226.2800
-1.2592887322e+01 9.9914124105e+00 -1.0607918346e+02
174 171 162
2 0 1061 -254.0800 200.0400 1 888 -231.2500 226.2800
-1.2089857233e+01 9.4711667884e+00 -1.0252915080e+02
30 27 18
2 0 1062 -252.3500 196.3600 1 891 -229.6900 222.1900
-3.9420150918e-01 1.0597482995e+00 -1.1607659474e+01
199 168 139
2 0 1063 -65.2200 195.2100 1 913 -0.7100 198.1500
-2.9893054195e-01 1.0047776708e+00 -1.1321740721e+01
145 128 110
2 0 1071 -48.8000 188.7700 1 921 18.7000 191.6100
-2.3407596643e-01 9.5129534229e-01 -1.1322921022e+01
143 121 107
2 0 1077 -36.4800 178.4500 1 1428 31.6400 179.7300
-1.3955190685e-01 8.3748535562e-01 -1.1264782249e+01
166 143 129
2 0 1085 -18.3500 158.3500 1 1446 50.0900 154.9400
2.3206835881e+00 1.1018781492e+00 -1.6785983366e+01
39 33 21
2 0 1118 297.9800 138.7700 1 1468 367.9600 123.8400
9.3245616673e-02 6.7508799969e-01 -1.0474458177e+01
154 144 136
2 0 1124 28.8900 136.7800 1 976 105.2400 127.0200
3.6681441311e-01 6.6773673015e-01 -1.0454897121e+01
152 110 58
2 0 1128 85.7400 135.6000 1 983 167.8200 122.0500
4.1294084185e-01 6.6585752940e-01 -1.0553761475e+01
140 93 45
2 0 1132 94.2900 133.8800 1 985 176.4600 119.9600
7.0295548671e-01 6.6690074388e-01 -1.1309065910e+01
51 33 19
2 0 1147 142.6100 124.8600 1 1474 223.9600 109.1700
6.6872110380e-01 6.0002987926e-01 -1.1695891825e+01
61 51 42
2 0 1176 131.0900 108.2900 1 1486 207.9900 92.6900
-1.0673447698e-01 5.1900735871e-01 -1.1851528489e+01
193 174 167
2 0 1197 -12.0100 92.4900 1 1022 50.4600 83.7300
-1.8622345482e-01 5.0376616954e-01 -1.2188303549e+01
178 158 147
2 0 1204 -25.9600 87.2900 1 1029 33.5800 79.5500
1.6774335873e+00 6.2229343629e-01 -1.8367774061e+01
63 48 37
2 0 1217 196.3600 71.1000 1 1052 251.0500 59.5000
5.4443696900e-01 2.9380456173e-01 -1.2838600224e+01
134 96 64
2 0 1236 97.3600 47.3900 1 1079 161.8500 30.9200
-1.2738276703e+00 2.7938502312e-01 -1.5936407670e+01
80 58 43
2 0 1245 -167.2000 38.0100 1 1073 -131.4400 39.3000
-2.3253389240e+00 2.9385339542e-01 -2.0363745594e+01
159 127 88
2 0 1248 -241.3800 32.3600 1 1506 -215.5900 41.7200
4.7299164500e-01 2.0387953792e-01 -1.3128308207e+01
61 43 34
2 0 1249 83.2700 31.8000 1 1520 144.3800 15.3000
2.6757304524e+00 2.6601150999e-01 -2.2138706192e+01
66 57 46
2 0 1257 256.5100 25.0900 1 1096 304.1600 10.5600
-2.6877558706e+00 2.2859071429e-01 -2.2711494221e+01
191 161 109
2 0 1258 -250.6200 23.3400 1 1514 -227.3700 34.5200
4.4432076882e-01 1.4947079987e-01 -1.3338744524e+01
65 41 35
2 0 1259 77.0600 22.4000 1 1101 136.4800 6.3400
-1.0624178626e+00 1.3644713723e-01 -1.5314247298e+01
149 118 94
2 0 1264 -144.7400 18.8500 1 1519 -106.6800 17.8300
-1.2301032963e+00 1.3674294038e-01 -1.6217851826e+01
78 52 37
2 0 1265 -159.0100 18.0800 1 1518 -123.5000 19.0700
4.9684332454e-01 1.2003731425e-01 -1.3432236979e+01
88 61 58
2 0 1267 84.8500 17.5600 1 1107 144.1900 0.8500
-1.0782200167e+00 1.0412002608e-01 -1.5394937515e+01
150 117 97
2 0 1273 -146.3000 14.1600 1 1091 -108.5600 13.2800
2.7476804436e+00 1.4070574598e-01 -2.1879305685e+01
65 56 46
2 0 1275 266.6200 13.1800 1 1533 314.6600 -2.6300
-1.0934293411e+00 4.9683820536e-02 -1.5726908140e+01
69 47 25
2 0 1284 -145.3900 6.5300 1 489 -108.6200 5.6200
-7.8122500089e-01 2.2361719001e-02 -1.4861498582e+01
175 150 130
2 0 1288 -108.5600 2.7300 1 1531 -68.0300 -1.9600
-1.1131890960e+00 1.9937422747e-04 -1.5761234102e+01
81 52 27
2 0 1290 -147.4500 0.2500 1 1108 -111.9200 -1.7200
2.8017417530e+00 -1.0825861696e-02 -2.1366645421e+01
81 72 62
2 0 1293 278.6300 -1.6300 1 1549 327.5300 -19.2300
-1.4344040776e+00 -8.9409097792e-02 -1.7297103503e+01
73 36 19
2 0 1306 -174.1500 -10.1200 1 1111 -143.6800 -9.6000
-1.1253803456e+00 -7.8374421073e-02 -1.5968849116e+01
183 144 115
2 0 1308 -147.5400 -10.6000 1 1113 -112.3400 -12.1800
-1.1253803456e+00 -7.8374421073e-02 -1.5968849116e+01
183 144 115
2 0 1309 -147.5400 -10.6000 1 1114 -112.3400 -12.1800
2.2906910927e+00 -1.1299702571e-01 -2.2144148584e+01
146 120 83
2 0 1311 219.5400 -10.9700 1 1129 263.1200 -25.4300
-2.2115332039e+00 -1.3907799780e-01 -1.9321149652e+01
153 129 91
2 0 1317 -242.0600 -14.0700 1 1535 -217.4900 -7.3600
-1.5125959757e+00 -1.6112219571e-01 -1.8019041154e+01
74 40 21
2 0 1321 -177.1700 -18.6800 1 1117 -147.0300 -16.2700
2.0825632269e+00 -2.0984394275e-01 -2.3128902303e+01
76 58 41
2 0 1322 190.5900 -19.2300 1 1136 230.8100 -31.6200
-8.8156079633e-01 -1.4534945107e-01 -1.5531329753e+01
173 145 124
2 0 1323 -118.1000 -20.4500 1 1127 -80.6100 -24.6900
2.5322512702e-01 -2.4497118861e-01 -1.4747450336e+01
100 67 48
2 0 1335 40.7600 -36.7300 1 1146 89.4400 -52.0200
-1.2910301079e+00 -3.4985636648e-01 -1.6985707153e+01
183 144 108
2 0 1341 -159.9600 -43.8800 1 1144 -128.7700 -45.0800
2.7376282114e+00 -4.6875197801e-01 -2.2024572212e+01
160 137 104
2 0 1344 263.6800 -45.4100 1 1164 308.0000 -64.0000
2.1928672733e+00 -5.2764024726e-01 -2.3595064623e+01
138 107 71
2 0 1345 196.4200 -47.3300 1 1160 234.7400 -60.8900
-1.3811433048e+00 -3.9523443585e-01 -1.7261870567e+01
141 115 90
2 0 1346 -168.5500 -48.6000 1 1145 -138.6600 -49.3700
1.5115807762e+00 -5.3065665636e-01 -2.3184115260e+01
73 65 54
2 0 1347 137.8600 -48.2900 1 1157 174.0000 -59.1300
6.0863037923e-02 -3.4404818457e-01 -1.5141298685e+01
36 24 19
2 0 1349 12.1200 -49.7300 1 1162 57.2900 -63.2600
-1.7049560152e+00 -5.0976874551e-01 -1.8976009054e+01
83 48 28
2 0 1362 -189.9200 -56.3800 1 1151 -164.0500 -54.5300
2.5795314223e+00 -6.2961806674e-01 -2.2925762061e+01
101 76 53
2 0 1364 238.1400 -58.4100 1 1186 278.9900 -75.1700
-1.7247092108e+00 -5.5019441796e-01 -1.9012361968e+01
77 44 24
2 0 1366 -191.7200 -60.7200 1 1156 -166.3600 -59.0700
1.3871693339e-01 -4.6199624821e-01 -1.5492002860e+01
81 52 31
2 0 1368 22.4100 -64.7400 1 1194 66.3700 -79.2700
1.3871693339e-01 -4.6199624821e-01 -1.5492002860e+01
81 52 31
2 0 1369 22.4100 -64.7400 1 1195 66.3700 -79.2700
1.9534115372e+00 -7.5427858076e-01 -2.4550629099e+01
113 90 59
2 0 1370 167.6500 -64.8000 1 1191 202.4800 -76.8200
1.7848138898e+00 -7.7457138767e-01 -2.4535079151e+01
100 80 55
2 0 1371 153.3200 -66.3500 1 1192 187.2400 -78.0600
-1.1472228671e+00 -5.5286532419e-01 -1.6965668308e+01
110 84 59
2 0 1373 -141.9900 -69.4000 1 1178 -111.3900 -73.2900
-3.1807673892e+00 -8.5640333572e-01 -2.5166561558e+01
201 163 117
2 0 1375 -268.2700 -69.9600 1 1737 -251.9200 -59.5900
2.6649032271e+00 -7.9926568147e-01 -2.3362874463e+01
85 59 41
2 0 1376 241.2200 -72.4900 1 1212 280.6500 -89.9700
1.7965799041e+00 -9.3897522233e-01 -2.5741502163e+01
132 107 79
2 0 1382 146.4900 -76.7200 1 673 178.4100 -87.2600
-1.4776835201e+00 -6.5769883583e-01 -1.8036313857e+01
202 153 102
2 0 1384 -172.9200 -77.2400 1 1193 -145.9800 -78.3700
2.3835327099e+00 -8.6209425193e-01 -2.3275324236e+01
115 82 50
2 0 1385 216.5700 -78.4200 1 1221 254.5700 -94.8800
8.0282236969e-02 -5.8302216114e-01 -1.5960698256e+01
68 42 31
2 0 1386 13.5600 -78.9600 1 1218 55.1500 -92.8500
2.5718091684e+00 -8.9702499153e-01 -2.3732077015e+01
148 117 82
2 0 1388 228.8900 -80.1300 1 1223 266.9000 -96.6800
-1.5269527839e+00 -7.2842840111e-01 -1.8393147397e+01
208 157 113
2 0 1392 -175.4600 -83.9000 1 1203 -149.2700 -84.6000
-1.1752524920e+00 -7.1807375875e-01 -1.7283285020e+01
128 100 78
2 0 1394 -143.0700 -88.5100 1 1589 -113.8600 -92.7400
-1.5522274842e+00 -7.7906829961e-01 -1.8488048046e+01
195 155 117
2 0 1398 -177.5000 -89.2600 1 1211 -151.8400 -90.0200
-6.8524534019e-01 -6.9676393799e-01 -1.6180790491e+01
140 122 102
2 0 1400 -87.9900 -92.5600 1 1592 -53.5200 -101.3400
-1.5208594423e+00 -8.2522796121e-01 -1.8543710934e+01
228 201 160
2 0 1403 -173.3900 -94.2900 1 1222 -147.8500 -95.4500
-5.0353607313e-01 -6.9971382926e-01 -1.5679253586e+01
109 95 82
2 0 1404 -65.6400 -95.9700 1 1236 -29.3700 -107.5100
-6.8602781223e-01 -7.2080159644e-01 -1.5926131835e+01
105 87 67
2 0 1407 -89.3100 -97.2300 1 1596 -54.9000 -106.9400
1.8532776299e+00 -1.2204361340e+00 -2.6315048114e+01
150 116 79
2 0 1408 147.6000 -97.5200 1 1238 177.7900 -108.6200
-1.3818510796e+00 -8.3939077082e-01 -1.8176036545e+01
219 176 141
2 0 1410 -160.5800 -98.0800 1 1226 -133.9900 -100.5100
-1.3818510796e+00 -8.3939077082e-01 -1.8176036545e+01
219 176 141
2 0 1411 -160.5800 -98.0800 1 1227 -133.9900 -100.5100
-7.2340930513e-01 -7.3522806403e-01 -1.6195370446e+01
128 109 89
2 0 1412 -93.0700 -97.6400 1 1234 -58.9900 -106.2200
-1.5739414046e+00 -9.0954276103e-01 -1.8848259136e+01
237 213 162
2 0 1419 -176.7400 -102.2400 1 1593 -152.0300 -103.1200
-1.6145500776e+00 -9.8921595584e-01 -1.9013977119e+01
240 218 168
2 0 1425 -179.6100 -110.0300 1 1239 -156.0700 -111.2700
-1.5316732261e+00 -9.7536679282e-01 -1.8771644285e+01
207 165 121
2 0 1426 -172.6000 -110.1000 1 1240 -148.1600 -111.8200
-1.4029489234e+00 -1.0278586441e+00 -1.8642893852e+01
201 176 143
2 0 1431 -159.2300 -117.0900 1 1247 -133.9900 -119.7700
-1.4029489234e+00 -1.0278586441e+00 -1.8642893852e+01
201 176 143
2 0 1432 -159.2300 -117.0900 1 1248 -133.9900 -119.7700
-1.7142756050e+00 -1.1405158680e+00 -1.9767287726e+01
205 176 135
2 0 1436 -183.8300 -121.9800 1 1249 -161.6600 -122.4000
-9.7059519116e-01 -1.0471723999e+00 -1.7481686649e+01
101 83 61
2 0 1442 -116.8100 -127.8500 1 1261 -88.2100 -135.0000
-9.7059519116e-01 -1.0471723999e+00 -1.7481686649e+01
101 83 61
2 0 1443 -116.8100 -127.8500 1 1262 -88.2100 -135.0000
-5.5275242421e-02 -1.0775915879e+00 -1.7970756625e+01
55 28 8
2 0 1444 -5.0300 -127.9900 1 1266 28.3900 -140.5900
-2.5556053049e+00 -1.3199932768e+00 -2.0917809889e+01
138 110 83
2 0 1448 -259.3600 -132.8400 1 1603 -242.7600 -128.6700
-2.4378386667e+00 -1.3443344746e+00 -2.0698638040e+01
133 103 75
2 0 1451 -250.1600 -136.9600 1 1258 -232.8200 -133.5000
-1.9617628401e+00 -1.4640590296e+00 -2.0911314119e+01
172 126 84
2 0 1453 -199.3100 -147.8300 1 1277 -180.2200 -147.2100
-2.0723743760e+00 -1.5074956437e+00 -2.1379196705e+01
134 109 84
2 0 1454 -206.2800 -148.9200 1 1276 -187.4600 -147.1200
-1.0643963245e+00 -1.2766768827e+00 -1.8154966301e+01
111 90 68
2 0 1455 -123.9400 -149.9300 1 1291 -97.5500 -156.5400
-3.0757277710e-01 -1.3657865658e+00 -1.8795205738e+01
73 44 23
2 0 1460 -34.0300 -154.8700 1 1304 -4.5200 -165.6600
-2.0288854267e+00 -1.5812913156e+00 -2.1239294123e+01
158 127 95
2 0 1462 -203.0800 -157.1800 1 1289 -184.8700 -156.3700
-1.6706351852e+00 -1.5397349311e+00 -2.0553335785e+01
126 97 67
2 0 1465 -172.8500 -158.6200 1 1296 -152.3000 -159.9500
-9.2559618241e-01 -1.3724336667e+00 -1.8073676456e+01
146 118 89
2 0 1471 -108.1800 -162.0200 1 1309 -81.4000 -170.1600
-2.7383510493e+00 -1.7419124039e+00 -2.2034888374e+01
134 111 86
2 0 1476 -264.3400 -166.5500 1 1617 -250.0300 -162.1600
-2.2087820078e+00 -1.7680075453e+00 -2.1860832234e+01
123 110 93
2 0 1479 -214.9300 -170.5900 1 800 -198.5200 -169.1200
-1.8193455642e+00 -1.7516080744e+00 -2.1085614193e+01
170 144 116
2 0 1483 -183.5500 -175.6600 1 1624 -165.1300 -176.7700
1.3320510693e+00 -2.7970443435e+00 -3.1340552267e+01
74 67 60
2 0 1486 86.9000 -187.2600 1 1325 106.3900 -194.8000
-2.5484684874e+00 -1.9188750008e+00 -2.1601746825e+01
18 10 4
2 0 1487 -251.4100 -187.7400 1 1320 -236.4500 -184.9800
1.3743697366e+00 -2.8261717765e+00 -3.0995869188e+01
84 74 64
2 0 1490 90.7900 -191.4600 1 1326 110.5200 -199.4200
-2.4677941911e+00 -1.9880642538e+00 -2.1754289653e+01
49 42 32
2 0 1493 -241.6900 -193.0800 1 831 -226.9200 -191.0100
-1.4873728648e+00 -2.3883447953e+00 -2.1708778614e+01
88 72 55
2 0 1502 -146.6500 -233.1700 1 1338 -129.1300 -237.3900
-1.6981914618e+00 -2.4908166842e+00 -2.1656363516e+01
86 73 56
2 0 1506 -167.7800 -243.7500 1 1339 -151.5800 -247.4500
-9.9980724378e-01 -2.6872768871e+00 -2.3371667087e+01
81 72 63
2 0 1508 -92.3700 -243.2900 1 1340 -74.7600 -248.8300
-1.4092157194e+00 -2.5493934060e+00 -2.1796767950e+01
80 67 58
2 0 1510 -138.7000 -248.0300 1 1344 -121.3300 -253.0200
-1.4092157194e+00 -2.5493934060e+00 -2.1796767950e+01
80 67 58
2 0 1511 -138.7000 -248.0300 1 1345 -121.3300 -253.0200
-1.6989289514e+00 -2.6064951287e+00 -2.2055486247e+01
220 207 188
2 0 1513 -165.0500 -250.4000 1 1347 -149.2100 -253.9200
-1.4367991775e+00 -2.6014582371e+00 -2.1962721342e+01
33 17 3
2 0 1514 -140.3600 -251.1000 1 1643 -123.4200 -255.9800
6.7831178404e-01 1.6616722752e+00 -1.3114981071e+01
16 11 6
2 0 1520 117.6900 270.8500 1 1351 195.5600 271.6500
2.4844262202e+00 3.6549287703e+00 -2.8823971614e+01
92 80 56
2 0 1522 181.0400 266.0000 1 19 230.7700 272.7400
6.1948198210e-01 1.5756576217e+00 -1.4039029717e+01
57 49 43
2 0 1533 100.1100 238.8700 1 1368 170.9500 239.9300
-7.0103514291e-01 1.0925175732e+00 -1.0268409393e+01
121 101 77
2 0 1538 -137.8500 228.0200 1 1789 -72.2700 237.3600
2.6095766643e+00 2.2954322583e+00 -2.1290678893e+01
18 11 3
2 0 1539 261.1400 227.5300 1 1394 322.6500 224.0800
2.6095766643e+00 2.2954322583e+00 -2.1290678893e+01
18 11 3
2 0 1540 261.1400 227.5300 1 1395 322.6500 224.0800
1.1080109533e+00 1.5875236893e+00 -1.4865038686e+01
34 25 16
2 0 1541 164.2600 226.6500 1 1393 236.2900 224.4500
1.0615538043e+00 1.4925766967e+00 -1.4615080801e+01
19 11 7
2 0 1554 160.4300 216.6800 1 1408 232.5300 213.7700
1.0615538043e+00 1.4925766967e+00 -1.4615080801e+01
19 11 7
2 0 1555 160.4300 216.6800 1 1409 232.5300 213.7700
-8.4294420279e-01 1.1351801659e+00 -1.1689682047e+01
32 13 5
2 0 1564 -147.5700 208.1300 1 1404 -90.2100 216.7600
-1.7063876641e+01 1.2585643440e+01 -1.3364554501e+02
35 35 24
2 0 1578 -272.9800 200.1900 1 1389 -250.9400 227.4000
-1.7640223353e+01 1.3293476002e+01 -1.4224376229e+02
36 35 25
2 0 1581 -265.3200 198.6200 1 1392 -243.4400 225.5300
-5.2320523608e-01 1.0920561166e+00 -1.1801548504e+01
104 82 68
2 0 1583 -87.7800 198.0500 1 1663 -26.0100 202.5100
-1.4678177618e+01 1.1285931329e+01 -1.2150180699e+02
32 29 20
2 0 1584 -258.5000 197.4600 1 1396 -236.3200 223.7700
-5.0066761383e-01 1.0712717703e+00 -1.1748480590e+01
138 121 103
2 0 1591 -84.1900 194.4900 1 1664 -21.6900 199.6200
-1.2084818067e+01 9.0841024119e+00 -1.0100479461e+02
40 39 34
2 0 1592 -255.8700 191.5500 1 1403 -233.6800 216.9400
-5.5808771233e+01 3.1173012770e+01 -3.7213975109e+02
55 55 45
2 0 1601 -319.8300 178.9700 1 1413 -300.6200 208.3400
-7.4526932814e-01 1.0421211726e+00 -1.3162689921e+01
67 33 15
2 0 1607 -115.7300 168.7100 1 1434 -62.1100 174.8700
-8.1750775415e-01 9.3614760226e-01 -1.3679407044e+01
74 39 22
2 0 1620 -122.7500 146.2100 1 1677 -72.7200 150.5100
-7.9444818051e-02 7.5905536722e-01 -1.1200299551e+01
180 158 147
2 0 1624 -6.8700 144.0800 1 1679 62.1900 138.6100
-1.7626199126e+00 1.1032775795e+00 -1.7300735210e+01
96 68 47
2 0 1629 -214.2900 137.1900 1 1678 -178.2000 148.1700
-8.5845892593e-01 8.6948716444e-01 -1.3918986745e+01
69 33 14
2 0 1631 -127.1800 133.1400 1 1462 -78.5200 137.5400
1.6436486909e-01 6.3818268849e-01 -1.0884637164e+01
193 179 168
2 0 1641 41.5100 123.9900 1 1470 115.9300 113.5700
-1.7826606419e-02 4.8241892698e-01 -1.1700931835e+01
201 185 178
2 0 1668 4.3900 87.0600 1 1493 68.5200 76.2400
-9.1770153236e-01 3.7314956193e-01 -1.4433684788e+01
143 120 98
2 0 1678 -131.8300 54.7600 1 1503 -88.9300 54.3600
5.3746943716e-01 3.1856787160e-01 -1.2787433432e+01
61 39 43
2 0 1683 96.6300 51.7300 1 1513 161.5500 35.5600
1.9382147193e+00 4.7608488859e-01 -1.9654232670e+01
65 51 43
2 0 1684 210.9000 50.7400 1 1512 262.3200 38.2200
4.7464718710e-01 1.6707058132e-01 -1.3211652134e+01
122 73 48
2 0 1691 82.8000 25.3400 1 1524 143.4500 9.1100
2.0676319955e+00 1.4038635974e-01 -2.0919632254e+01
42 27 18
2 0 1699 210.5400 13.9500 1 1529 257.1700 0.1600
2.0676319955e+00 1.4038635974e-01 -2.0919632254e+01
42 27 18
2 0 1700 210.5400 13.9500 1 1530 257.1700 0.1600
2.9251900502e+00 1.0765603585e-01 -2.1961875021e+01
123 104 86
2 0 1701 282.7100 9.9900 1 1534 331.2800 -6.9500
3.7665259272e-01 -1.6479446638e-03 -1.3888142004e+01
89 56 40
2 0 1705 63.0200 -1.8000 1 1546 118.0700 -17.5200
2.0816159678e+00 -4.7427409223e-02 -2.2728272672e+01
66 49 29
2 0 1706 194.0900 -4.5200 1 1543 235.9000 -16.6900
2.0816159678e+00 -4.7427409223e-02 -2.2728272672e+01
66 49 29
2 0 1707 194.0900 -4.5200 1 1544 235.9000 -16.6900
-1.1470378732e+00 -4.7321699206e-02 -1.6002624765e+01
68 37 21
2 0 1708 -150.1100 -6.4000 1 1537 -114.9200 -7.5600
3.5348773943e-01 -4.8739924561e-02 -1.4066727853e+01
78 50 35
2 0 1712 58.5500 -8.8800 1 1554 112.2300 -24.5400
4.3468936121e-01 -6.9575999264e-02 -1.4256494999e+01
62 33 22
2 0 1713 69.8600 -11.8600 1 1558 123.4900 -28.0100
3.3849445923e-01 -7.8140195777e-02 -1.4195061933e+01
77 53 51
2 0 1715 55.7500 -13.0200 1 1725 108.3500 -28.9100
3.3849445923e-01 -7.8140195777e-02 -1.4195061933e+01
77 53 51
2 0 1716 55.7500 -13.0200 1 1726 108.3500 -28.9100
-2.1284989450e+00 -1.3016995678e-01 -1.8908045622e+01
175 156 116
2 0 1717 -238.0500 -13.5900 1 1536 -212.6400 -7.3100
2.2410999521e+00 -1.8180949984e-01 -2.2348518989e+01
133 112 82
2 0 1718 212.6400 -17.5000 1 1730 255.3200 -31.4300
2.2410999521e+00 -1.8180949984e-01 -2.2348518989e+01
133 112 82
2 0 1719 212.6400 -17.5000 1 1731 255.3200 -31.4300
3.1741207679e-01 -1.1729653845e-01 -1.4305028343e+01
84 58 44
2 0 1720 51.9600 -18.9500 1 1559 103.8400 -34.4300
2.2050002919e+00 -2.5126899488e-01 -2.2799799478e+01
145 121 85
2 0 1723 204.8600 -23.4600 1 1561 246.0500 -37.0200
2.8438135644e+00 -3.5379718316e-01 -2.1726155735e+01
88 67 46
2 0 1731 277.7100 -35.2500 1 1150 324.2600 -53.7100
-2.2332147393e+00 -4.6773244094e-01 -1.9425091042e+01
170 147 110
2 0 1734 -243.5300 -50.2500 1 1735 -220.4800 -44.6300
1.8396608203e-01 -3.6838274158e-01 -1.5047577770e+01
74 48 40
2 0 1735 29.7000 -53.6800 1 1741 76.1800 -68.4200
-4.7848472192e-01 -4.0750076207e-01 -1.4717375677e+01
110 92 78
2 0 1737 -65.7800 -60.1500 1 1580 -25.2800 -71.2700
1.5696442361e-01 -4.2651037151e-01 -1.5325471472e+01
68 52 29
2 0 1738 25.2100 -60.7100 1 1583 70.2300 -75.1500
1.7882392222e+00 -7.2789429299e-01 -2.4833659821e+01
131 108 79
2 0 1739 151.5400 -61.7400 1 1581 185.5300 -72.5300
-1.9054458009e+00 -5.3655807059e-01 -1.7944354667e+01
45 28 13
2 0 1742 -224.5900 -63.1400 1 1569 -199.6100 -60.8700
-1.9319251706e+00 -5.4425431894e-01 -1.7841284566e+01
217 188 148
2 0 1743 -229.0100 -64.4200 1 1572 -204.3000 -62.1700
-1.9676301660e+00 -5.9913299601e-01 -1.7999143624e+01
163 122 82
2 0 1748 -231.2600 -70.2900 1 1577 -207.1900 -68.0400
6.1335621266e-02 -5.5714372945e-01 -1.6009683002e+01
117 95 76
2 0 1749 11.0700 -75.1000 1 1749 52.3900 -88.8000
1.1905053765e+00 -9.0682538981e-01 -2.4606018705e+01
46 33 24
2 0 1750 101.5900 -77.5300 1 1587 132.9200 -86.5300
2.6762211864e+00 -8.9974727646e-01 -2.3718464690e+01
155 130 109
2 0 1754 238.3000 -80.5300 1 1590 276.8700 -97.4700
-1.6594804752e+00 -7.2606640157e-01 -1.8629538067e+01
145 119 93
2 0 1756 -188.1900 -82.2200 1 1745 -163.3800 -82.2900
-1.7900788866e+00 -8.1653773485e-01 -1.9451078671e+01
75 57 42
2 0 1758 -194.8600 -88.5100 1 1747 -171.3000 -87.2600
1.5275555630e+00 -1.1722223038e+00 -2.6329133012e+01
26 11 4
2 0 1761 121.4300 -93.4100 1 1594 150.6800 -103.1400
-1.2012608117e+00 -7.9341564681e-01 -1.7436605963e+01
136 105 76
2 0 1762 -144.9400 -96.7700 1 1591 -116.7600 -101.3500
1.1932412071e+00 -1.2798579808e+00 -2.6240677919e+01
57 49 40
2 0 1767 94.8800 -102.3700 1 1597 122.8000 -110.9900
-2.2894678292e+00 -1.1087360147e+00 -1.9834608434e+01
176 142 103
2 0 1773 -244.8900 -117.9400 1 1600 -225.7000 -114.9400
2.0827824121e+00 -1.7652718381e+00 -3.0396954571e+01
46 31 19
2 0 1776 142.3900 -121.5200 1 1253 167.3200 -131.0000
-1.6411914863e-01 -1.0115592969e+00 -1.7571246583e+01
116 83 57
2 0 1777 -18.3900 -123.2800 1 1760 15.8000 -135.0000
-3.0504213035e+00 -1.5491537051e+00 -2.3986907852e+01
146 117 86
2 0 1781 -270.2300 -135.1200 1 1755 -256.3900 -127.6700
-1.8502384284e+00 -1.4016835739e+00 -2.0569212377e+01
149 116 86
2 0 1786 -191.2200 -144.1500 1 1606 -170.8200 -143.8700
-1.8502384284e+00 -1.4016835739e+00 -2.0569212377e+01
149 116 86
2 0 1787 -191.2200 -144.1500 1 1607 -170.8200 -143.8700
-1.0717468341e+00 -1.2587770771e+00 -1.8443914898e+01
102 82 57
2 0 1789 -123.0600 -145.5400 1 1610 -96.5000 -151.2600
-1.0717468341e+00 -1.2587770771e+00 -1.8443914898e+01
102 82 57
2 0 1790 -123.0600 -145.5400 1 1611 -96.5000 -151.2600
1.7001195568e+00 -2.3859891935e+00 -3.3299324349e+01
72 62 50
2 0 1793 104.7800 -149.7900 1 1615 125.2300 -156.5100
-1.9167899327e+00 -1.5070987270e+00 -2.0991121377e+01
150 118 88
2 0 1795 -194.2400 -151.7800 1 1608 -174.7500 -151.2000
-1.9167899327e+00 -1.5070987270e+00 -2.0991121377e+01
150 118 88
2 0 1796 -194.2400 -151.7800 1 1609 -174.7500 -151.2000
1.8516245065e+00 -2.4252642274e+00 -3.3151891854e+01
49 34 21
2 0 1797 115.0000 -152.8800 1 1616 135.4900 -160.5500
-2.2251891064e+00 -1.6595171939e+00 -2.2089481815e+01
108 84 60
2 0 1799 -214.3200 -158.3500 1 1614 -197.3200 -156.0700
-2.0426265429e+00 -1.7225510147e+00 -2.1651450734e+01
134 114 90
2 0 1805 -200.7700 -167.9800 1 1618 -183.1800 -167.1900
-1.7826049431e+00 -1.6873710075e+00 -2.0960128062e+01
182 154 117
2 0 1806 -181.0900 -170.4200 1 1620 -161.7200 -171.2500
-1.7826049431e+00 -1.6873710075e+00 -2.0960128062e+01
182 154 117
2 0 1807 -181.0900 -170.4200 1 1621 -161.7200 -171.2500
-1.9240395058e+00 -1.7493571759e+00 -2.1500220509e+01
147 122 92
2 0 1808 -190.5600 -171.9800 1 1622 -172.3600 -171.9000
1.1249818413e+00 -2.6064473973e+00 -3.1093598234e+01
70 63 55
2 0 1813 73.6800 -175.7800 1 1626 93.4500 -182.4600
-1.8296719802e+00 -1.8594992713e+00 -2.1408827454e+01
126 95 65
2 0 1814 -182.1900 -183.8200 1 1629 -163.8300 -184.5900
-9.4718170615e-01 -1.6862297027e+00 -1.8843853770e+01
164 124 83
2 0 1818 -106.5800 -190.5800 1 1779 -82.2600 -199.0700
2.0833431559e+00 -3.0700926088e+00 -3.2485802708e+01
165 139 117
2 0 1821 132.3400 -198.1800 1 1633 151.7100 -208.1900
-1.6050675054e+00 -2.4487640753e+00 -2.1842135390e+01
83 70 62
2 0 1825 -157.3200 -237.5700 1 1641 -140.4900 -241.2300
-1.6050675054e+00 -2.4487640753e+00 -2.1842135390e+01
83 70 62
2 0 1826 -157.3200 -237.5700 1 1642 -140.4900 -241.2300
7.2864287058e-01 1.6409809202e+00 -1.3277028181e+01
49 48 42
2 0 1833 124.2000 263.5000 1 1649 201.5900 264.6300
2.6127111674e+00 2.4208580563e+00 -2.1471793478e+01
41 31 16
2 0 1835 259.1900 238.0600 1 1790 320.8400 235.2100
-4.4012598397e-01 1.1170204640e+00 -1.1541720552e+01
29 16 9
2 0 1840 -74.1800 206.7900 1 1792 -9.4000 211.8300
-4.4012598397e-01 1.1170204640e+00 -1.1541720552e+01
29 16 9
2 0 1841 -74.1800 206.7900 1 1793 -9.4000 211.8300
-7.0172932374e-01 1.1200662116e+00 -1.2978704554e+01
70 38 17
2 0 1844 -109.8700 184.5600 1 1667 -54.8000 190.4400
-5.6563050237e-01 1.0396948808e+00 -1.2052327022e+01
91 71 54
2 0 1845 -93.7000 184.4500 1 1797 -34.1100 188.4500
-9.4977488323e-01 9.7876359783e-01 -1.2904995823e+01
56 30 13
2 0 1847 -151.7200 162.6700 1 1671 -101.3400 168.0800
-2.6972937645e-02 7.7494736575e-01 -1.1062569915e+01
180 160 148
2 0 1849 3.3600 148.7900 1 1803 74.5100 143.3100
6.7263105054e-01 6.7628779871e-01 -1.1282528243e+01
122 109 103
2 0 1852 137.1500 126.8700 1 1687 218.3200 111.8100
2.3036338628e-01 6.1403774643e-01 -1.0654218633e+01
91 83 72
2 0 1853 56.1100 122.0400 1 1689 133.1100 109.5300
-7.4516853859e-01 7.3911835833e-01 -1.3139216253e+01
87 61 43
2 0 1854 -115.9300 119.9000 1 1806 -65.2000 121.2400
2.0493626434e-01 6.1953470308e-01 -1.0893713187e+01
131 122 112
2 0 1855 49.5700 120.3300 1 1688 124.3800 108.7900
1.9496324381e-01 6.0134735347e-01 -1.1017429244e+01
150 137 128
2 0 1856 47.0400 115.7300 1 1692 120.3400 103.5200
5.7949502123e-01 3.9463909619e-01 -1.2441089403e+01
59 39 31
2 0 1873 106.8900 66.1200 1 1818 175.2700 50.1100
4.9864631895e-01 2.4440408286e-01 -1.2966168087e+01
63 44 34
2 0 1878 88.6600 38.7400 1 1712 151.4200 22.4000
-2.1089620180e+00 1.4684164945e-01 -1.9043367990e+01
162 135 102
2 0 1887 -234.3300 17.2900 1 1820 -206.7400 25.4800
-8.1444197247e-01 8.2814427260e-02 -1.4831046724e+01
147 111 90
2 0 1889 -113.5100 11.5300 1 1823 -72.8400 7.5300
-8.1444197247e-01 8.2814427260e-02 -1.4831046724e+01
147 111 90
2 0 1890 -113.5100 11.5300 1 1824 -72.8400 7.5300
2.1771432555e+00 9.8342806588e-02 -2.1123513127e+01
68 57 48
2 0 1891 219.2500 9.2600 1 1720 266.0100 -4.4100
2.0844189234e+00 -1.5327946524e-01 -2.3171512268e+01
64 51 36
2 0 1902 190.3900 -14.0500 1 1724 230.8500 -26.1100
-9.3758331473e-01 -1.1103245034e-01 -1.5572783898e+01
173 137 109
2 0 1903 -125.4100 -15.5500 1 1832 -88.3500 -19.2100
2.2192653306e+00 -1.9619060047e-01 -2.2764071992e+01
74 61 51
2 0 1904 206.4900 -18.5000 1 1729 248.2000 -31.7200
-1.0230894021e+00 -2.4918514128e-01 -1.6103637857e+01
190 144 108
2 0 1905 -132.8100 -33.1800 1 1734 -98.2000 -36.7300
-1.0553388899e+00 -3.1844734768e-01 -1.6187411779e+01
165 131 92
2 0 1907 -136.3300 -42.0000 1 1836 -102.7700 -45.9800
-1.6296777843e+00 -5.0323308798e-01 -1.8601349180e+01
132 107 84
2 0 1913 -185.0900 -56.9300 1 1838 -158.5000 -55.7400
-1.2048450113e+00 -5.6315200516e-01 -1.7221351451e+01
172 137 110
2 0 1918 -147.2100 -69.6700 1 1743 -117.0600 -72.6700
-1.2048450113e+00 -5.6315200516e-01 -1.7221351451e+01
172 137 110
2 0 1919 -147.2100 -69.6700 1 1744 -117.0600 -72.6700
1.3406670452e+00 -1.1388695189e+00 -2.5821856888e+01
38 28 21
2 0 1923 108.6000 -92.7300 1 1750 138.1300 -101.7700
2.2178127484e+00 -1.5956133332e+00 -2.7747700037e+01
50 32 25
2 0 1932 167.0900 -120.9600 1 1857 195.4900 -132.8800
2.3222513899e+00 -1.6763694605e+00 -2.7650480137e+01
63 44 26
2 0 1934 175.6200 -127.6800 1 1763 204.2100 -140.2100
-1.6395882846e+00 -1.2897123489e+00 -1.9815324265e+01
145 118 88
2 0 1937 -175.6100 -137.8700 1 1762 -153.5500 -139.1300
-3.7966359616e-01 -1.4415948475e+00 -1.9210825030e+01
121 89 63
2 0 1941 -41.5900 -159.8800 1 1772 -13.0900 -169.6600
-2.2819381688e+00 -1.8387740180e+00 -2.2275480061e+01
33 21 7
2 0 1944 -218.1200 -174.1000 1 1773 -202.0800 -172.0100
-2.2062542738e+00 -1.8395291706e+00 -2.2012524421e+01
34 24 14
2 0 1946 -213.4300 -176.3900 1 1774 -197.0100 -174.8600
-2.4594961210e+00 -1.9574465952e+00 -2.0892928137e+01
229 222 203
2 0 1950 -250.9700 -198.3900 1 1938 -235.7100 -196.8600
-9.9280078055e-01 -1.8631192420e+00 -1.9457034197e+01
41 37 28
2 0 1952 -107.8800 -203.1600 1 1635 -86.3000 -212.2500
1.8772832449e+00 -3.1690429551e+00 -3.2583182664e+01
63 50 35
2 0 1953 118.4700 -204.0600 1 1783 137.2500 -213.2000
-1.4306215764e+00 -2.0087724375e+00 -2.0678977091e+01
126 100 74
2 0 1954 -147.5700 -206.0900 1 1781 -127.9700 -210.4700
-1.4203379421e+00 -2.4153320589e+00 -2.1740592086e+01
100 87 71
2 0 1957 -139.9200 -235.4900 1 1640 -122.2200 -240.0900
-5.5566973637e-01 1.2092739609e+00 -9.9370013579e+00
15 9 5
2 0 1960 -110.3800 261.9900 1 1786 -38.5700 271.7700
2.3549901774e+00 3.1240695851e+00 -2.5107342098e+01
146 131 101
2 0 1961 198.3900 261.7600 1 1648 252.6200 265.8000
2.8853165275e+00 2.1801018620e+00 -2.1026031293e+01
49 39 26
2 0 1965 292.4000 219.2700 1 1660 355.7500 212.5900
-3.0107788479e-01 1.0644188217e+00 -1.0613181267e+01
80 67 51
2 0 1967 -51.8500 214.5000 1 1869 20.0000 217.8500
5.0190336767e-01 3.0646301605e-01 -1.2871505795e+01
121 90 70
2 0 1997 89.9200 49.2600 1 1900 153.9000 33.7100
2.0020917784e+00 2.0950713057e-01 -2.0485753661e+01
82 73 64
2 0 2006 208.3700 21.0800 1 1825 256.3500 7.9500
-2.3476234479e+00 -7.6018636368e-02 -2.0783677385e+01
170 145 106
2 0 2010 -239.5100 -6.6700 1 1905 -214.8000 2.3000
2.6602685754e+00 -6.4351934622e-02 -2.1450010409e+01
57 44 29
2 0 2011 263.5200 -6.8300 1 1913 311.0600 -23.8600
2.2736207283e+00 -9.4880076459e-02 -2.2551845130e+01
74 61 48
2 0 2012 213.6500 -9.2700 1 1912 256.6100 -22.4900
2.4665843831e-01 -1.9269568536e-01 -1.4702402652e+01
104 80 61
2 0 2014 40.0300 -29.1500 1 1835 89.1000 -44.1500
-3.2247656046e+00 -5.9640829938e-01 -2.5649177673e+01
191 155 104
2 0 2015 -266.7300 -46.9500 1 1919 -249.5700 -35.7400
2.6257551752e+00 -9.5165535096e-01 -2.3901647123e+01
49 33 18
2 0 2020 231.9900 -84.2900 1 1848 269.5900 -101.2300
2.7151375887e+00 -1.0337237379e+00 -2.4168507698e+01
165 138 115
2 0 2022 236.9200 -90.8700 1 1852 274.4400 -107.4600
1.4461802525e+00 -1.2138538396e+00 -2.6439165711e+01
66 57 48
2 0 2024 114.3000 -96.4200 1 1850 143.1600 -105.5900
1.8756075668e+00 -1.6368380294e+00 -3.0304149088e+01
34 25 17
2 0 2027 128.3300 -113.1200 1 1853 153.5700 -121.2400
1.8756075668e+00 -1.6368380294e+00 -3.0304149088e+01
34 25 17
2 0 2028 128.3300 -113.1200 1 1854 153.5700 -121.2400
2.2404712640e+00 -1.8435054301e+00 -3.1340786814e+01
143 121 100
2 0 2029 148.2800 -123.2200 1 1757 172.9100 -132.1700
-1.6722826769e+00 -1.2488992241e+00 -1.9733134881e+01
104 76 51
2 0 2030 -179.7300 -133.9700 1 1936 -157.8000 -135.1000
-9.4215526224e-01 -1.2435457669e+00 -1.7716268707e+01
98 80 58
2 0 2032 -112.2600 -149.9800 1 1860 -84.3800 -157.7100
1.7082386402e+00 -2.6860467568e+00 -3.3485313287e+01
63 53 44
2 0 2033 104.4800 -167.9900 1 1862 124.1400 -174.8000
1.0763719650e+00 -4.9470348755e+00 -4.1559322801e+01
193 175 147
2 0 2036 50.1200 -248.7900 1 1866 60.7600 -251.4400
-6.2619837992e-01 1.1012294893e+00 -1.2483338148e+01
112 89 71
2 0 2041 -101.3000 187.7400 1 1949 -43.1300 194.7500
7.0283353126e-01 5.9660692829e-01 -1.1874109040e+01
42 33 24
2 0 2049 135.1900 106.2300 1 1886 211.1500 90.1800
6.7779546213e-01 5.5899656848e-01 -1.2052652039e+01
53 39 31
2 0 2051 128.3900 97.5700 1 1887 202.4800 82.2300
-2.9774811431e+00 1.0854657772e+00 -2.6061205397e+01
255 247 229
2 0 2055 -242.9500 89.5800 1 1997 -216.1500 106.3700
6.4317432475e-01 4.8199808292e-01 -1.2285280920e+01
53 38 31
2 0 2056 119.6500 82.3500 1 1892 190.7500 66.4400
5.4659397172e-01 3.7703229688e-01 -1.2783454327e+01
121 92 66
2 0 2057 98.5400 62.3800 1 1898 163.5300 45.3800
-7.4425319109e-01 3.8389033239e-01 -1.4098575400e+01
186 162 149
2 0 2058 -108.4900 57.5100 1 1893 -62.9500 55.6200
-7.4425319109e-01 3.8389033239e-01 -1.4098575400e+01
186 162 149
2 0 2059 -108.4900 57.5100 1 1894 -62.9500 55.6200
2.0996954535e+00 2.4701223661e-01 -2.0684852651e+01
19 9 7
2 0 2064 216.3300 24.8600 1 1902 264.4500 11.3900
-9.1578863165e-01 9.8178124947e-02 -1.5094765749e+01
173 142 117
2 0 2066 -125.9200 13.7000 1 1904 -86.6500 10.7700
2.8932372796e+00 4.8014856043e-02 -2.1211659444e+01
146 125 101
2 0 2068 290.0700 4.6100 1 1910 339.9600 -14.2500
-9.8289214591e-01 6.2869049778e-03 -1.5534393332e+01
158 129 112
2 0 2069 -131.6300 0.9500 1 1906 -94.5800 -2.1200
2.2401079317e+00 1.4692303139e-03 -2.2046267551e+01
128 99 64
2 0 2070 215.6800 -0.1500 1 1909 259.9400 -13.7100
-2.4584043648e+00 -6.0231479931e-02 -2.1033835982e+01
153 122 87
2 0 2071 -247.4000 -4.4500 1 1964 -224.1700 4.3600
2.9153897003e+00 -5.2601976241e-02 -2.1471007245e+01
36 23 11
2 0 2072 288.4600 -5.6400 1 1914 337.4200 -24.1300
2.9153897003e+00 -5.2601976241e-02 -2.1471007245e+01
36 23 11
2 0 2073 288.4600 -5.6400 1 1915 337.4200 -24.1300
2.6950218390e+00 -1.6267511285e-01 -2.1490276902e+01
19 12 5
2 0 2076 266.4200 -16.4700 1 1918 313.4800 -34.2000
-1.0708024465e+00 -1.4129902185e-01 -1.6010633842e+01
161 127 106
2 0 2077 -139.8300 -18.9000 1 1911 -104.8300 -21.5000
2.9065227417e+00 -1.7576982511e-01 -2.1310861237e+01
160 135 112
2 0 2078 289.7100 -18.2000 1 1967 338.5900 -37.0600
-1.1357788958e+00 -2.5911649621e-01 -1.6386980286e+01
174 125 85
2 0 2079 -145.3000 -33.7900 1 1920 -111.9400 -36.2500
2.5281627911e+00 -3.9525141383e-01 -2.2155914081e+01
156 124 86
2 0 2080 242.0000 -38.1300 1 1921 285.3800 -54.8700
-1.2561077864e+00 -4.3614167630e-01 -1.7167824270e+01
158 121 90
2 0 2082 -153.9800 -54.0900 1 1922 -123.3000 -55.9500
1.9837590853e+00 -7.4991554278e-01 -2.5324668588e+01
108 87 56
2 0 2084 164.6700 -62.4700 1 1926 198.7300 -73.4200
1.9837590853e+00 -7.4991554278e-01 -2.5324668588e+01
108 87 56
2 0 2085 164.6700 -62.4700 1 1925 198.7300 -73.4200
2.1414390422e+00 -9.4178366024e-01 -2.7665768044e+01
143 114 79
2 0 2087 161.5400 -72.1300 1 1927 193.2200 -80.6300
1.2697680874e+00 -1.0565208597e+00 -2.5454247011e+01
75 62 53
2 0 2088 104.4600 -87.2300 1 1931 134.4400 -96.1900
-1.5964689176e+00 -9.7691731973e-01 -1.9091418703e+01
216 189 137
2 0 2090 -177.1300 -108.4200 1 1975 -152.9300 -109.1800
-1.5964689176e+00 -9.7691731973e-01 -1.9091418703e+01
216 189 137
2 0 2091 -177.1300 -108.4200 1 1976 -152.9300 -109.1800
-1.6506605376e+00 -1.1138520300e+00 -1.9309356837e+01
201 159 116
2 0 2094 -181.1100 -122.1300 1 1935 -158.2700 -123.2300
-2.6449497197e+00 -2.0847000048e+00 -2.1617286219e+01
69 56 39
2 0 2098 -260.6900 -203.7900 1 1939 -247.2300 -201.4400
-2.6449497197e+00 -2.0847000048e+00 -2.1617286219e+01
69 56 39
2 0 2099 -260.6900 -203.7900 1 1940 -247.2300 -201.4400
-1.2302931135e+02 7.6241792751e+01 -7.9102554968e+02
32 32 22
2 0 2110 -331.5400 205.3700 1 1946 -311.3300 235.6500
-6.9222487042e+01 4.5929420063e+01 -4.8939661842e+02
23 23 14
2 0 2111 -301.9700 199.9200 1 1948 -281.8600 228.6000
-4.0021455827e-01 1.0705220966e+00 -1.1573539445e+01
159 125 94
2 0 2112 -66.5600 197.6000 1 1993 -1.7700 201.2100
1.6903608099e+00 3.2606976895e-01 -1.9794144306e+01
34 21 13
2 0 2120 182.7700 34.6500 1 1959 231.1900 22.3600
5.1891996942e-01 2.1254217542e-01 -1.3214368589e+01
67 45 34
2 0 2121 89.9900 32.6700 1 1960 151.6300 16.6900
2.7012439325e+00 2.7861502845e-01 -2.2053860771e+01
68 56 42
2 0 2122 260.0300 26.4700 1 1961 308.0300 11.5800
1.7963043970e+00 2.2324984319e-01 -2.0150025450e+01
74 64 54
2 0 2123 190.3900 22.9900 1 1962 238.0700 10.4500
1.8872774300e+00 1.3883513864e-01 -2.0622306187e+01
41 29 17
2 0 2125 194.9600 13.4500 1 1965 241.7800 1.3000
2.8436577752e+00 -2.4713796515e-01 -2.1649659476e+01
30 23 13
2 0 2127 278.9100 -24.5700 1 2001 325.9000 -43.3700
1.8541771164e+00 -8.7789584970e-01 -2.5684820472e+01
76 61 42
2 0 2129 151.5800 -71.9100 1 1971 184.0500 -82.5300
1.3004248157e+00 -9.0697924245e-01 -2.4444835510e+01
68 55 46
2 0 2130 111.8600 -78.0900 1 1928 143.7200 -87.8300
-1.4520954680e+00 -7.2611038503e-01 -1.8148805381e+01
225 196 160
2 0 2131 -169.0000 -84.8800 1 1973 -142.1700 -86.2600
-1.8089950582e+00 -8.0441152631e-01 -1.9435679699e+01
80 57 43
2 0 2132 -197.2800 -87.4300 1 1972 -173.3500 -85.6800
-4.0126463451e-01 -6.0791633418e-01 -1.5171774116e+01
145 120 103
2 0 2133 -53.3100 -86.6700 1 2006 -14.2800 -98.9400
-3.0352709914e+00 -1.0302167835e+00 -2.4510919006e+01
181 147 102
2 0 2134 -263.3500 -87.4200 1 2003 -246.3400 -77.7000
-6.7802450858e-01 -1.1494285063e+00 -1.6983558421e+01
146 106 76
2 0 2139 -83.4900 -144.9100 1 1981 -52.8300 -155.3600
-7.9379486740e-01 -2.3164707194e+00 -2.2214723522e+01
128 92 59
2 0 2146 -76.5300 -220.5800 1 1986 -57.0400 -228.0400
-1.3519508347e+00 -2.3858601835e+00 -2.1480286374e+01
91 76 59
2 0 2148 -134.7000 -235.4900 1 1987 -116.6800 -240.7900
-3.8161610355e-01 1.1358672577e+00 -1.0534878045e+01
116 109 101
2 0 2152 -68.7500 230.5500 1 1944 2.8400 237.1000
-2.1347443281e-01 9.1063107887e-01 -1.1572643263e+01
169 143 130
2 0 2153 -31.9300 167.3300 1 2019 34.5600 166.8800
-1.6093744935e+00 1.2417273834e+00 -1.6467495699e+01
82 63 45
2 0 2154 -205.4400 161.2800 1 2018 -165.6700 174.0500
2.1304574296e+00 -1.9879737956e-01 -2.2847844144e+01
78 64 48
2 0 2160 197.5200 -18.4900 1 1999 238.5200 -31.4500
2.7269910883e+00 -1.1727060874e+00 -2.4755007125e+01
174 143 122
2 0 2164 232.4100 -99.7200 1 2028 267.5600 -117.4700
-2.3796343299e+00 -1.1584805308e+00 -2.0246269912e+01
81 49 27
2 0 2165 -249.5000 -120.6500 1 2007 -230.9300 -116.9900
2.1378961767e+00 -1.8077898513e+00 -2.9803119821e+01
147 118 100
2 0 2166 149.6100 -126.5900 1 2031 174.3400 -137.8700
1.9401916196e+00 -2.9000499929e+00 -3.1903668772e+01
33 24 15
2 0 2167 125.3400 -190.8500 1 2011 145.5800 -200.1500
-1.6316071222e+00 -2.6890257950e+00 -2.2217628271e+01
220 210 188
2 0 2168 -157.3500 -256.3300 1 2012 -141.8900 -260.4800
9.5464042303e-01 1.5041754606e+00 -1.4184584490e+01
24 15 10
2 0 2172 149.5100 224.9200 1 2017 223.0200 223.4000
-6.9934271300e-01 1.2174015143e+00 -1.2812819661e+01
51 25 10
2 0 2173 -110.8700 202.9500 1 2039 -54.1600 211.0000
2.2925102472e-01 6.5878982250e-01 -1.0152327019e+01
178 169 164
2 0 2178 59.2900 138.0600 1 2022 140.8100 125.1100
1.1854139787e-01 6.5626942385e-01 -1.1293976829e+01
175 162 154
2 0 2179 30.9200 123.0100 1 2046 101.8500 113.8200
1.9861145537e+00 -2.8375374216e-01 -2.2937166337e+01
138 111 78
2 0 2184 183.4300 -26.0400 1 2024 223.0400 -38.8400
1.8700688154e+00 -5.7137863386e-01 -2.4316044028e+01
121 92 62
2 0 2185 161.9700 -49.9000 1 2025 198.0600 -60.4500
-2.0153574116e+00 -5.2104658369e-01 -1.8144110720e+01
180 151 109
2 0 2186 -234.8200 -60.3300 1 2047 -210.9700 -57.4800
2.4637528314e+00 -6.5675684999e-01 -2.3427524890e+01
146 116 78
2 0 2187 222.4000 -59.3300 1 2026 261.4600 -75.1700
-1.5991589043e+00 -5.4901740479e-01 -1.8713872799e+01
135 105 78
2 0 2188 -180.7400 -61.9800 1 2048 -153.9000 -60.7600
1.7246424784e+00 -9.7797350925e-01 -2.5847445447e+01
116 89 59
2 0 2189 139.9800 -79.5100 1 2027 171.3200 -89.8300
1.5565504248e+00 -1.0950029144e+00 -2.6267144764e+01
24 9 4
2 0 2192 124.1100 -87.4000 1 2005 153.8000 -97.1600
2.0060026790e+00 -1.4462376284e+00 -2.7148234995e+01
31 12 3
2 0 2193 154.5600 -112.0600 1 2029 183.5100 -123.3800
2.0060026790e+00 -1.4462376284e+00 -2.7148234995e+01
31 12 3
2 0 2194 154.5600 -112.0600 1 2030 183.5100 -123.3800
1.3035045978e+00 -3.1891545458e+00 -3.4757595400e+01
172 145 123
2 0 2196 76.0100 -191.6800 1 2052 92.3000 -197.8000
8.2268323721e-01 1.5794087273e+00 -1.3677418334e+01
54 45 36
2 0 2201 134.9200 245.7200 1 2037 210.4400 245.4500
-2.1886613923e+00 6.0775019592e-01 -2.0002276010e+01
165 132 95
2 0 2212 -231.6300 65.5900 1 2059 -202.1300 76.9600
2.7483285315e+00 2.6017198889e+00 -2.1841892602e+01
97 82 61
2 0 2224 267.7900 251.4500 1 2055 330.1000 249.1700
1.5671039145e-02 9.7112434268e-01 -1.1160775280e+01
49 40 33
2 0 2227 11.6500 185.3600 1 2074 85.1100 183.3000
2.9925498729e+00 2.3515361719e-01 -2.1819649313e+01
149 122 101
2 0 2229 291.1700 22.2900 1 2061 341.2800 5.6100
2.1437654846e+00 4.6223541669e-02 -2.1184408962e+01
105 78 51
2 0 2230 215.3700 4.3900 1 2062 261.2200 -9.9600
2.0512860604e+00 -2.5129867998e+00 -3.3062124599e+01
144 117 98
2 0 2235 127.6900 -159.4600 1 2067 149.0500 -167.0500
-1.6288130233e+00 -1.9176450165e+00 -2.0748765219e+01
117 89 62
2 0 2237 -167.2500 -195.8800 1 2069 -148.3300 -198.8500
-2.3775113415e+00 -2.1303367804e+00 -2.2192226333e+01
224 217 199
2 0 2238 -228.2700 -202.6900 1 2070 -213.9600 -201.3700
2.6613364082e+00 -3.9245708627e-02 -2.1199719137e+01
38 28 18
2 0 2243 266.9900 -4.1900 1 2080 315.1400 -21.9800
2.3668558576e+00 -2.6318471353e-01 -2.2580100395e+01
150 122 85
2 0 2244 222.1100 -24.9700 1 2089 264.5100 -39.5400
1.9577132614e+00 -8.9823622817e-01 -2.5104800196e+01
144 116 77
2 0 2245 163.9500 -75.5800 1 2081 197.5900 -87.0900
-1.5282554464e+00 -8.6324290656e-01 -1.8484845467e+01
216 200 153
2 0 2246 -174.9600 -99.1400 1 2090 -149.3500 -100.2600
2.1870352297e+00 -2.3004017776e+00 -3.1465525611e+01
151 123 102
2 0 2247 144.0000 -153.2900 1 2082 166.8100 -162.9500
-2.4851931902e+00 -1.7438333101e+00 -2.1576604276e+01
23 14 9
2 0 2248 -244.2500 -170.0300 1 2083 -230.3600 -168.1700
-1.8370018573e+00 -2.3508473145e+00 -2.2287204596e+01
74 57 47
2 0 2250 -176.0600 -223.0800 1 2085 -160.2400 -224.9600
3.1823735793e+00 -8.4330785650e-01 -2.4345954044e+01
170 142 120
2 0 2255 276.1900 -72.8000 1 2093 315.4000 -92.4900
-9.3285468014e-01 -2.1575709089e+00 -2.0786773252e+01
47 38 29
2 0 2256 -95.8900 -220.3000 1 2091 -74.9700 -227.9800
4.7684172400e-01 -8.6119596469e-01 -1.9684060880e+01
40 25 18
2 0 2263 52.7800 -92.4300 1 2103 87.0300 -105.2600
