# Bundle file v0.3
2 34
2.1020866685e+03 -5.1233372818e-03 5.5935754930e-04
9.9997714242e-01 5.7324683092e-03 3.5851706768e-03
-5.5517470296e-03 9.9880608264e-01 -4.8534393868e-02
-3.8591121541e-03 4.8513380528e-02 9.9881507756e-01
3.6451335382e-03 -5.0098459237e-02 8.6691031934e-03
2.1414943003e+03 5.7557717498e-02 1.9192587793e-03
9.6657945940e-01 3.0500913418e-02 -2.5454634736e-01
2.0290264955e-01 5.1587344112e-01 8.3228907691e-01
1.5669927721e-01 -8.5612165434e-01 4.9244395569e-01
-2.3996935822e-01 8.6712799705e-01 -5.3824600005e-01
1.0108682808e-01 1.7726692517e-02 -1.0345515469e+00
64 47 29
2 0 512 207.7900 35.4400 1 1798 248.7200 73.0700
1.1458013057e-01 1.2672936941e-02 -1.0364817816e+00
129 109 80
2 0 534 234.3700 25.0200 1 471 278.1100 70.6100
1.0524637869e-01 1.0184670074e-02 -1.0390615341e+00
81 68 51
2 0 545 215.3600 20.3000 1 1375 259.8900 59.3700
1.1523831294e-01 9.8610042725e-03 -1.0382642705e+00
141 122 92
2 0 546 234.9600 19.3800 1 1361 280.8700 65.0400
1.3036681451e-01 -5.6290248176e-03 -1.0480065674e+00
127 104 70
2 0 599 262.1000 -11.3900 1 1424 319.2800 38.8700
9.0514406345e-02 -1.5234789469e-02 -1.0567700096e+00
129 104 74
2 0 648 181.2000 -29.1300 1 1469 241.0300 -3.9900
-1.1129845433e-01 -3.2500892313e-02 -9.7912491973e-01
87 56 26
2 0 764 -241.8300 -74.7000 1 1442 -210.0000 27.4300
-8.8796628881e-02 -5.2684014272e-02 -1.0042526712e+00
126 106 89
2 0 860 -187.5900 -112.7600 1 697 -153.7400 -29.7700
-3.8386796706e-02 -1.4139276460e-01 -1.0848453130e+00
38 30 18
2 0 1164 -76.5600 -269.0500 1 1666 -11.8100 -260.8300
-3.7748514622e-02 -1.4299054990e-01 -1.0860708067e+00
120 113 102
2 0 1165 -75.2300 -271.7100 1 1667 -9.8700 -264.9200
1.1164266632e-01 1.2993041439e-02 -1.0365046577e+00
131 113 86
2 0 1465 228.4800 25.7200 1 1808 271.9800 69.5900
1.0628625967e-01 1.1563347687e-02 -1.0382887862e+00
104 91 75
2 0 1468 217.3000 23.0100 1 1372 261.8400 62.6800
1.1023642686e-01 8.6157587499e-03 -1.0397154159e+00
129 108 81
2 0 1480 224.9600 17.0600 1 1381 270.9200 58.9100
1.0076466598e-01 -8.2155987988e-03 -1.0522284710e+00
131 105 71
2 0 1506 202.5500 -15.7200 1 1865 259.3800 15.7600
-8.2165516409e-02 -5.4294168054e-02 -1.0053829671e+00
127 101 61
2 0 1653 -173.3600 -115.9600 1 1491 -139.8300 -30.7500
-2.5477655895e-02 -1.3902514706e-01 -1.0885576886e+00
231 225 207
2 0 1806 -50.8500 -263.2800 1 1066 17.9800 -258.7500
1.0423085646e-01 5.4485403264e-03 -1.0427310818e+00
127 113 84
2 0 2099 212.1500 10.9500 1 2085 260.2500 47.8200
7.6539435804e-02 -1.9464789142e-02 -1.0610488098e+00
124 104 79
2 0 2137 152.9800 -36.8200 1 2121 214.3000 -21.9600
-1.0775552277e-01 -5.7299785167e-02 -1.0141783526e+00
64 35 19
2 0 2210 -225.5700 -120.0600 1 1924 -186.9900 -60.5000
-9.2348363935e-02 -5.7983838303e-02 -1.0081696995e+00
170 141 102
2 0 2220 -194.4200 -122.9800 1 1915 -159.5700 -44.2100
-6.3447462497e-02 -1.5171468634e-01 -1.0755367949e+00
35 22 6
2 0 2333 -126.9200 -292.2000 1 2020 -72.2800 -269.3800
9.5661041592e-02 9.4458127953e-03 -1.0404436083e+00
56 47 41
2 0 2432 195.7700 19.0400 1 2243 240.8700 52.0500
-6.0467189537e-02 2.5609916546e-03 -9.5746554027e-01
151 125 107
2 0 2441 -133.7200 -1.6400 1 2055 -114.5000 124.3700
8.2479910384e-02 -2.7120426040e-02 -1.0658278441e+00
137 114 81
2 0 2462 163.7700 -51.4600 1 2259 229.5700 -36.0500
1.0494891994e-01 8.3845159372e-03 -1.0406253522e+00
67 55 39
2 0 2604 214.0400 16.7300 1 2241 260.5000 54.8100
1.0885918120e-01 1.8263717310e-02 -1.0329713790e+00
117 95 62
2 0 2723 223.9900 36.3400 1 2374 263.8300 79.7200
1.0885918120e-01 1.8263717310e-02 -1.0329713790e+00
117 95 62
2 0 2724 223.9900 36.3400 1 2375 263.8300 79.7200
1.0840172241e-01 1.3663426283e-02 -1.0365318455e+00
66 55 38
2 0 2731 222.2000 27.1600 1 2322 264.9800 68.7100
8.2011835996e-02 -2.4191312260e-02 -1.0638100800e+00
131 110 80
2 0 2751 163.3000 -45.9200 1 2393 227.3100 -29.5700
7.6745316939e-02 -2.5583484094e-02 -1.0649973050e+00
74 61 44
2 0 2808 152.9700 -48.4200 1 2424 216.8600 -35.4500
9.9813943056e-02 7.1511986916e-03 -1.0415163339e+00
68 58 48
2 0 2837 203.5700 14.3700 1 2446 250.4200 49.7500
1.1557028056e-01 -1.3028651934e-02 -1.0537121581e+00
147 118 84
2 0 2874 230.3800 -25.5100 1 2447 292.6000 14.8700
1.1175624035e-01 -2.2215399085e-02 -1.0614921040e+00
74 56 40
2 0 2919 221.7000 -42.7600 1 2486 288.5900 -10.4700
-1.3638591103e-01 -1.1537663062e-01 -1.0485372720e+00
22 14 9
2 0 2941 -276.8000 -229.0900 1 2500 -237.3300 -203.4100
