# Bundle file v0.3
2 56
2.1699565878e+03 5.1681022578e-02 1.5956833331e-03
9.9997119818e-01 8.0085484058e-04 -7.5472802562e-03
-8.1629286211e-04 9.9999758062e-01 -2.0426495176e-03
7.5456261307e-03 2.0487514766e-03 9.9996943260e-01
-7.8367837641e-03 -1.8587778256e-03 -2.0792672654e-02
2.0442688253e+03 -1.0348493995e-01 -5.0187126728e-03
8.5464550415e-01 -4.6054875342e-01 2.3974133553e-01
4.8392229313e-02 5.3038667788e-01 8.4637353696e-01
-5.1695188788e-01 -7.1174772051e-01 4.7557957059e-01
2.6402736886e-01 9.2046732800e-01 -2.7290351577e-01
1.4710574994e-01 1.3075312066e-02 -1.0413608173e+00
96 88 75
2 0 452 301.2200 27.0800 1 1353 320.1800 126.9000
1.4710574994e-01 1.3075312066e-02 -1.0413608173e+00
96 88 75
2 0 453 301.2200 27.0800 1 1354 320.1800 126.9000
1.5033398167e-01 9.6715614089e-03 -1.0454148722e+00
28 18 9
2 0 461 307.0000 19.8000 1 1368 327.4200 114.6800
1.1599419019e-01 -6.6057663127e-03 -1.0625835324e+00
95 78 56
2 0 518 232.6700 -12.5100 1 1460 273.2000 56.7800
1.1663053273e-01 -1.7526847130e-02 -1.0680949486e+00
80 62 45
2 0 563 233.3200 -34.6600 1 1497 284.7000 31.5700
-1.0450793141e-01 -2.4687233976e-02 -1.0877403854e+00
53 27 8
2 0 588 -203.0200 -47.9500 1 2323 -212.8700 -51.8500
1.4546221861e-01 -3.3549450529e-02 -1.0603395831e+00
136 103 70
2 0 632 292.8900 -67.1700 1 1500 367.7600 30.1900
1.4680986637e-01 -3.7067551511e-02 -1.0617562795e+00
157 132 99
2 0 652 295.2300 -74.1400 1 1515 374.2200 22.8400
8.0220973662e-02 -3.9667905139e-02 -1.0890916777e+00
77 65 54
2 0 659 157.4700 -76.8700 1 2319 228.0700 -46.9400
9.0644313582e-02 -3.9956279654e-02 -1.0931072227e+00
86 67 44
2 0 660 177.4500 -77.2900 1 2324 246.2100 -54.1500
-8.3260807156e-02 -5.0925173920e-02 -1.1051600276e+00
93 60 33
2 0 688 -159.4300 -97.2900 1 2391 -138.1800 -130.4700
-9.2183224568e-02 -6.7558675747e-02 -1.1224854276e+00
62 31 3
2 0 732 -173.9400 -127.1600 1 2451 -151.3400 -200.6000
-9.2183224568e-02 -6.7558675747e-02 -1.1224854276e+00
62 31 3
2 0 733 -173.9400 -127.1600 1 2452 -151.3400 -200.6000
1.1783009083e-01 -6.7504759141e-02 -1.0952429954e+00
172 143 111
2 0 748 230.4200 -131.1400 1 1712 336.3900 -92.4600
5.6627126540e-03 -7.2793954393e-02 -1.0818456027e+00
144 102 72
2 0 768 12.0700 -142.9200 1 2361 118.6900 -92.6200
-9.7227019529e-02 -7.6777225712e-02 -1.1322134281e+00
63 37 15
2 0 769 -181.9800 -143.3000 1 2781 -159.0600 -240.4200
4.5956647514e-02 -9.5803714668e-02 -1.1432499862e+00
63 56 49
2 0 813 86.5100 -177.4000 1 2789 194.1700 -252.9500
-2.6618083372e-02 -1.1366755009e-01 -1.1314231097e+00
113 89 69
2 0 845 -49.0800 -213.1400 1 1910 63.8100 -281.1600
1.2745930513e-01 3.7920863850e-02 -1.0130818284e+00
40 26 17
2 0 1026 266.7700 80.7500 1 1979 271.8300 214.4800
1.2943665143e-01 -8.4773481866e-03 -1.0559518548e+00
149 116 78
2 0 1118 261.6000 -16.7800 1 1433 305.8300 69.5500
1.3041572267e-01 -1.2821993599e-02 -1.0575499592e+00
145 118 87
2 0 1129 263.1200 -25.4300 1 2130 312.5700 60.8500
1.2562114171e-01 -1.8167838111e-02 -1.0629356735e+00
140 116 85
2 0 1140 252.2300 -35.9800 1 440 306.8400 42.4000
1.5232275101e-01 -3.1811747297e-02 -1.0556840088e+00
168 142 112
2 0 1164 308.0000 -64.0000 1 2629 381.6500 42.8200
1.3919802210e-01 -3.7662222035e-02 -1.0663557402e+00
104 82 51
2 0 1186 278.9900 -75.1700 1 2644 356.9900 11.6600
1.0270203822e-01 -3.9281202599e-02 -1.0864049036e+00
115 89 61
2 0 1191 202.4800 -76.8200 1 2309 273.7500 -37.2400
-7.5534182762e-02 -4.0555936274e-02 -1.0932860840e+00
203 153 100
2 0 1193 -145.9800 -78.3700 1 2715 -124.1700 -84.5400
-1.2392820339e-01 -7.3951825916e-02 -1.1381278644e+00
39 16 5
2 0 1263 -231.0800 -137.1500 1 2790 -235.5000 -257.3300
-9.8500821902e-02 -7.5709687191e-02 -1.1320951410e+00
143 117 93
2 0 1267 -184.4600 -141.2600 1 2481 -163.4800 -238.6700
7.6500914053e-02 -8.3213001643e-02 -1.1335308778e+00
136 115 98
2 0 1287 145.3300 -155.9800 1 2770 246.8400 -204.1900
-1.0272685421e-01 -8.6581225927e-02 -1.1428210728e+00
75 64 49
2 0 1294 -190.6400 -160.1000 1 2804 -167.8300 -283.9100
1.5754745708e-01 4.8506513693e-03 -1.0426251447e+00
45 32 22
2 0 1523 322.5500 9.9700 1 2592 349.3000 115.1400
1.1747815391e-01 -8.5574897132e-03 -1.0628309003e+00
71 55 32
2 0 1543 235.9000 -16.6900 1 2623 278.1900 54.0200
1.2034158107e-01 -1.8379977605e-02 -1.0666476618e+00
82 65 48
2 0 1560 240.8000 -36.2100 1 2635 294.3200 33.8200
1.2277801783e-01 -1.8715612667e-02 -1.0653295404e+00
145 122 95
2 0 1561 246.0500 -37.0200 1 2632 300.3300 36.4200
-1.0576810378e-01 -3.2341336348e-02 -1.0959005148e+00
226 192 152
2 0 1572 -204.3000 -62.1700 1 2884 -211.7700 -83.5400
-1.0752420054e-01 -3.5461218943e-02 -1.0986286151e+00
175 141 98
2 0 1577 -207.1900 -68.0400 1 2888 -214.3300 -95.3200
9.4454286478e-02 -3.7334121776e-02 -1.0897287355e+00
137 112 81
2 0 1581 185.5300 -72.5300 1 2691 252.5700 -42.8400
-9.1048118237e-02 -7.6781124432e-02 -1.1285688822e+00
153 121 87
2 0 1606 -170.8200 -143.8700 1 2911 -141.1200 -230.2100
1.6000135898e-01 7.6442628563e-03 -1.0390358719e+00
45 35 26
2 0 1715 328.5200 15.8400 1 2831 352.7500 125.9300
1.1535615111e-01 -1.3324784224e-02 -1.0665830921e+00
66 53 43
2 0 1724 230.8500 -26.1100 1 2855 277.8700 39.9200
1.2365141895e-01 -1.6049959608e-02 -1.0633036361e+00
78 62 46
2 0 1729 248.2000 -31.7200 1 2973 299.8800 44.1300
1.4857630741e-01 -3.0689765951e-02 -1.0557288428e+00
125 95 65
2 0 1738 300.4100 -61.7300 1 2853 373.0600 43.8100
9.9316739164e-02 -4.5259690234e-02 -1.0920270687e+00
140 111 77
2 0 1748 194.7000 -87.8800 1 2879 271.3500 -57.8000
9.0694529384e-02 -3.6803922455e-02 -1.0918296988e+00
115 90 62
2 0 1844 177.6700 -71.1700 1 2988 243.0200 -47.1400
1.2123709154e-01 -4.7286715987e-03 -1.0575782185e+00
126 100 65
2 0 1907 243.9600 -8.5400 1 3040 284.7000 69.9700
1.2873736556e-01 -7.0899227482e-03 -1.0557191834e+00
126 100 70
2 0 1909 259.9400 -13.7100 1 3038 303.1000 71.6200
1.6565246446e-01 -6.7665225378e-03 -1.0414380317e+00
152 127 107
2 0 1910 339.9600 -14.2500 1 2964 380.6500 104.4000
1.2726364949e-01 -1.1327902604e-02 -1.0587268745e+00
75 61 43
2 0 1912 256.6100 -22.4900 1 3041 303.5300 60.0200
1.6525937924e-01 -1.2102208922e-02 -1.0437143869e+00
44 30 16
2 0 1914 337.4200 -24.1300 1 3037 386.9200 92.9800
1.4157076439e-01 -2.7362354725e-02 -1.0594760536e+00
156 126 89
2 0 1921 285.3800 -54.8700 1 3044 352.2100 39.5400
9.8868704221e-02 -4.1882779760e-02 -1.0904105212e+00
136 109 79
2 0 1927 193.2200 -80.6300 1 3082 267.8900 -50.0500
9.3981206696e-02 -4.2597732071e-02 -1.0931318167e+00
75 60 41
2 0 1971 184.0500 -82.5300 1 3084 256.3500 -57.3000
1.1915948099e-01 -1.5998265839e-02 -1.0661653060e+00
78 64 48
2 0 1999 238.5200 -31.4500 1 3102 289.1600 37.7500
1.3104059894e-01 -3.7916644507e-02 -1.0708591880e+00
150 116 78
2 0 2026 261.4600 -75.1700 1 3124 338.6100 0.9000
7.8323346058e-02 -8.8999410927e-02 -1.1358448257e+00
146 117 99
2 0 2067 149.0500 -167.0500 1 3143 256.3500 -217.2800
1.0103366180e-01 -4.5084116336e-02 -1.0915822262e+00
139 112 78
2 0 2081 197.5900 -87.0900 1 3161 275.3700 -56.4900
