# Bundle file v0.3
2 31
2.1202624347e+03 -1.0968153098e-02 -3.8040109290e-04
9.9998551922e-01 -2.1494478567e-03 -4.9336835759e-03
2.1094967385e-03 9.9996506172e-01 -8.0885948188e-03
4.9508972143e-03 8.0780701002e-03 9.9995511569e-01
-3.0985568197e-03 -4.9011234552e-03 3.5997431202e-03
2.1361061474e+03 5.2232166832e-02 2.1920262083e-03
8.9423538281e-01 -2.6763241050e-01 -3.5877008372e-01
1.6898099568e-01 -5.4036894816e-01 8.2428564403e-01
-4.1447376663e-01 -7.9773071441e-01 -4.3799224202e-01
-1.9606608671e-01 5.2884136130e-01 -8.3319819521e-01
5.4599263796e-02 -9.2790121734e-03 -6.4225009033e-01
129 104 74
2 0 648 181.2000 -29.1300 1 2028 323.4300 51.8500
-1.4932095493e-02 -1.8703379458e-02 -6.0155950814e-01
189 157 129
2 0 749 -53.3700 -66.4600 1 1845 44.5500 158.0600
-3.2610291449e-02 -2.5388797687e-02 -6.2626794589e-01
160 130 106
2 0 790 -110.7500 -86.1100 1 1966 25.3800 84.7000
-9.2546552856e-03 -2.6277673618e-02 -6.0679588833e-01
114 93 72
2 0 810 -32.9300 -92.2200 1 252 80.5300 162.7700
-2.8711677665e-02 -2.7589745225e-02 -6.2600384947e-01
129 96 69
2 0 815 -97.4600 -93.6500 1 457 41.5300 93.0900
-2.2805738447e-02 -3.0281300590e-02 -6.2429267685e-01
147 123 100
2 0 837 -77.5700 -103.1100 1 404 63.3200 108.5900
-3.7641032775e-02 -3.4311678043e-02 -6.4277914642e-01
160 128 103
2 0 861 -124.0100 -113.1500 1 2040 42.0500 46.8900
-1.7481934976e-02 -3.6110990165e-02 -6.2776276217e-01
95 79 64
2 0 884 -59.2300 -122.0300 1 2798 95.0000 114.4000
-6.7865259040e-02 -5.4468797445e-02 -6.9579141448e-01
72 49 20
2 0 988 -205.8500 -165.0300 1 3033 34.5900 -125.0700
-2.9876549674e-02 -5.1505606912e-02 -6.5991051994e-01
133 110 80
2 0 991 -95.1700 -165.2700 1 2052 120.5500 33.2500
-2.9876549674e-02 -5.1505606912e-02 -6.5991051994e-01
133 110 80
2 0 992 -95.1700 -165.2700 1 2051 120.5500 33.2500
6.5533381606e-02 7.2008128388e-03 -6.1131906046e-01
131 113 86
2 0 1465 228.4800 25.7200 1 2794 285.6000 114.7600
6.4953547472e-02 4.6932235231e-03 -6.1524124954e-01
129 108 81
2 0 1480 224.9600 17.0600 1 407 293.2500 108.5000
-1.3604343088e-02 -1.8300713134e-02 -5.9966319031e-01
119 94 81
2 0 1574 -48.8300 -65.3000 1 1835 45.9400 163.6600
-1.9558296105e-02 -1.9267193092e-02 -6.0630173751e-01
113 91 79
2 0 1580 -69.0900 -67.8400 1 2765 35.9000 142.1000
-2.0997621695e-02 -2.2623995137e-02 -6.1235179280e-01
113 93 77
2 0 1599 -73.1900 -78.7400 1 1886 43.2800 130.0600
-2.6182582074e-02 -2.4072321464e-02 -6.1876003445e-01
201 152 111
2 0 1604 -90.0800 -82.8100 1 2805 35.8700 109.9300
-1.1630923728e-02 -2.9690114211e-02 -6.1376673058e-01
98 80 65
2 0 1632 -40.5700 -102.8900 1 1860 86.5900 147.6100
-6.0052891254e-02 -3.9756553368e-02 -6.6885806282e-01
249 232 194
2 0 1671 -190.5200 -125.2500 1 2964 3.8800 -49.2000
5.8373428126e-02 9.8852872850e-03 -6.1399161826e-01
103 89 63
2 0 2080 203.0800 34.6100 1 2829 263.9400 97.4000
6.1782711573e-02 2.9132819523e-03 -6.2062893493e-01
127 113 84
2 0 2099 212.1500 10.9500 1 3404 294.2700 94.8900
5.1977197321e-02 -1.2060645170e-02 -6.4871775985e-01
107 87 60
2 0 2138 171.1600 -38.0500 1 3442 329.4500 35.9600
-5.2355868709e-02 -3.5444436350e-02 -6.5811374509e-01
243 236 193
2 0 2203 -168.8800 -113.6300 1 3780 11.8300 -14.3100
-5.3773391184e-02 -3.7714343296e-02 -6.6215610752e-01
240 225 182
2 0 2212 -172.1400 -120.2200 1 3480 15.2300 -24.6900
-4.7340939549e-02 -3.8054745625e-02 -6.5693445694e-01
231 192 153
2 0 2219 -152.6600 -122.4300 1 3771 32.1300 -0.4500
-6.1316990903e-02 -3.8979134103e-02 -6.6847681332e-01
170 141 102
2 0 2220 -194.4200 -122.9800 1 3797 -2.8200 -50.6500
5.6887619055e-02 7.3695210026e-03 -6.1873533556e-01
100 85 60
2 0 2429 196.5300 25.7500 1 3407 269.7900 88.0300
5.6862504074e-02 5.4459588696e-03 -6.2128512451e-01
56 47 41
2 0 2432 195.7700 19.0400 1 3409 276.0500 84.5100
4.7151317740e-02 -1.5566348967e-02 -6.5777979352e-01
74 61 44
2 0 2808 152.9700 -48.4200 1 4061 334.4900 11.9600
8.4628880012e-02 2.6229814709e-04 -6.0431131679e-01
170 148 128
2 0 2841 297.9100 1.9800 1 3892 341.9900 159.4200
-5.5604764231e-02 -3.4064563878e-02 -6.5786435438e-01
94 69 47
2 0 2847 -180.2400 -108.8700 1 4092 -2.0900 -18.8000
