# Bundle file v0.3
2 22
2.1467597026e+03 2.5412947699e-03 8.2387458402e-05
9.9970203211e-01 1.9490725667e-02 -1.4695529957e-02
-1.9494639660e-02 9.9980995387e-01 -1.2312269069e-04
1.4690337378e-02 4.0957006522e-04 9.9989200729e-01
-9.0582924954e-03 8.6368348187e-04 -6.7382799758e-03
2.1029821082e+03 -7.4812628952e-03 -3.2151512089e-04
8.5873169518e-01 -4.9306058602e-01 -1.3953900603e-01
-1.3177518722e-01 -4.7563855214e-01 8.6971447484e-01
-4.9519205943e-01 -7.2846360666e-01 -4.7341905121e-01
-9.3089426324e-02 5.9747572841e-01 -7.8674184518e-01
6.0112692139e-02 1.7984001133e-04 -6.4036566194e-01
77 58 34
2 0 574 200.8200 -0.1400 1 312 195.7700 133.2400
6.0760297976e-02 -7.0166963991e-03 -6.4921435040e-01
86 67 43
2 0 628 200.3700 -23.9300 1 2536 221.3800 117.4200
7.6121261835e-02 -1.2994052602e-02 -6.3821981286e-01
124 98 63
2 0 672 254.1600 -45.3100 1 1708 277.5600 158.0200
-6.8362090965e-02 -2.6622812648e-02 -7.1693777593e-01
68 33 17
2 0 729 -201.1100 -71.3600 1 3117 -205.2000 -23.3800
-5.9073009126e-02 -3.2438979915e-02 -7.0941874943e-01
128 91 57
2 0 777 -174.6800 -90.7900 1 3078 -152.3000 19.5400
-6.9118607087e-02 -4.7034942143e-02 -7.4292901054e-01
69 41 20
2 0 848 -195.1500 -127.7900 1 3157 -146.6600 -98.5600
-5.1036106375e-02 9.5440271806e-03 -6.4051696596e-01
80 58 43
2 0 1245 -167.2000 38.0100 1 2446 -236.1900 192.5300
6.5583109580e-02 -2.9681539219e-03 -6.3777762123e-01
146 120 83
2 0 1311 219.5400 -10.9700 1 1729 219.2100 145.1800
6.2947863874e-02 -3.6115169097e-03 -6.4195730134e-01
116 99 77
2 0 1314 209.3700 -12.6900 1 1749 215.4000 134.0400
-5.4855535874e-02 -1.9658738111e-02 -6.8433744100e-01
85 62 41
2 0 1358 -168.0200 -54.8600 1 3025 -174.9300 94.2200
4.8591707634e-02 -2.1280366051e-02 -6.8123569408e-01
100 80 55
2 0 1371 153.3200 -66.3500 1 2632 241.1200 38.7900
-2.9300187187e-02 -3.2150387544e-02 -6.6621011058e-01
128 109 89
2 0 1412 -93.0700 -97.6400 1 3309 -45.7700 180.5700
5.9035462489e-02 -9.6233097971e-05 -6.4192554399e-01
128 109 79
2 0 1704 196.3800 -0.5600 1 2521 194.4600 129.3100
5.8499478145e-02 -1.2593400019e-03 -6.4432019140e-01
66 49 29
2 0 1706 194.0900 -4.5200 1 3005 196.9800 123.8100
6.2029892459e-02 -6.8773342330e-03 -6.4741699480e-01
145 121 85
2 0 1723 204.8600 -23.4600 1 3006 224.0600 122.6300
4.7928927542e-02 -1.9784807216e-02 -6.8005504027e-01
131 108 79
2 0 1739 151.5400 -61.7400 1 3074 233.9300 40.4700
-7.7606854817e-02 -2.3677425862e-02 -7.0659618303e-01
217 188 148
2 0 1743 -229.0100 -64.4200 1 3540 -263.2200 23.5000
6.2348361708e-02 -5.3880620424e-03 -6.4501931463e-01
74 61 51
2 0 1904 206.4900 -18.5000 1 3329 219.8900 127.6300
5.0852326479e-02 -2.2704982776e-02 -6.8055223559e-01
143 114 79
2 0 2087 161.5400 -72.1300 1 3616 251.1800 42.7600
8.4571389110e-02 -9.7380416677e-03 -6.2569159108e-01
166 140 117
2 0 2128 287.9400 -36.1200 1 3603 286.1300 187.0500
4.8230499631e-02 -2.3152541164e-02 -6.8457504621e-01
76 61 42
2 0 2129 151.5800 -71.9100 1 3674 247.4700 30.2200
5.9943308045e-02 -5.5292144478e-03 -6.4808620332e-01
78 64 48
2 0 2160 197.5200 -18.4900 1 3696 214.8100 118.9000
