# Bundle file v0.3
2 44
2.1239156632e+03 -2.0468256368e-02 -7.4982609949e-04
9.9989359038e-01 1.3917606428e-02 -4.3712873090e-03
-1.3762862982e-02 9.9933951461e-01 3.3632099850e-02
4.8364784667e-03 -3.3568359643e-02 9.9942472138e-01
-2.8060315679e-03 3.0090483396e-02 2.0185441564e-03
2.1347655901e+03 3.5828076835e-02 1.5952463354e-03
-1.4759882324e-01 -5.0920988986e-01 8.4789142904e-01
9.0283932904e-01 2.8068034389e-01 3.2572947441e-01
-4.0385112767e-01 8.1358701601e-01 4.1830662684e-01
8.3441617411e-01 3.0088602214e-01 -5.1285963315e-01
1.2280793167e-01 -6.7175490450e-02 -8.6100467126e-01
119 99 90
2 0 548 305.6000 -167.4500 1 98 263.7300 244.7800
-2.3986756906e-03 -7.2208647476e-02 -9.1018853301e-01
165 136 102
2 0 551 -5.4200 -170.5100 1 544 223.9500 -40.2600
-2.3986756906e-03 -7.2208647476e-02 -9.1018853301e-01
165 136 102
2 0 552 -5.4200 -170.5100 1 545 223.9500 -40.2600
5.2841329936e-02 -8.1903988066e-02 -8.8322386714e-01
171 141 109
2 0 604 127.5400 -198.8800 1 310 262.9200 83.5500
4.0865343635e-02 -1.1380587508e-01 -8.5952745468e-01
183 153 115
2 0 780 100.3200 -281.4400 1 369 343.0800 56.0800
4.4458272372e-02 -1.1438754856e-01 -8.5804594517e-01
183 150 115
2 0 785 109.2500 -283.4600 1 351 344.7800 63.9500
6.6920607731e-02 -5.2841017353e-02 -8.8731652269e-01
120 102 88
2 0 1088 162.8100 -128.1600 1 1214 222.2400 127.4500
-6.3501549135e-03 -7.7075460471e-02 -9.0800175411e-01
125 99 71
2 0 1115 -14.7300 -182.0100 1 1450 234.7100 -49.8500
3.6052051648e-02 -8.1584886708e-02 -8.8955552381e-01
105 84 61
2 0 1128 86.4300 -196.6100 1 1304 257.3700 45.9800
-8.2880500147e-03 -8.4252467876e-02 -9.0274102679e-01
171 142 109
2 0 1130 -19.5800 -199.5600 1 1456 252.8500 -54.4100
4.3270748767e-02 -8.2669184160e-02 -8.8594669375e-01
130 109 82
2 0 1131 104.2500 -199.9300 1 1279 262.4400 62.0300
1.2428298520e-02 -8.3884784088e-02 -8.9472205454e-01
168 134 97
2 0 1132 29.6200 -200.5400 1 1371 259.5100 -6.5000
1.1956779244e-02 -9.0830872237e-02 -8.8961327736e-01
145 107 72
2 0 1145 28.3100 -218.0200 1 1374 276.2000 -7.9800
5.0868822038e-02 -9.1263164800e-02 -8.7526242993e-01
172 140 107
2 0 1150 123.5100 -222.8900 1 1263 287.9000 79.3000
8.0292176618e-02 -9.2665667667e-02 -8.7097166289e-01
125 109 94
2 0 1155 195.9200 -228.2600 1 1206 284.5300 138.6000
8.0292176618e-02 -9.2665667667e-02 -8.7097166289e-01
125 109 94
2 0 1156 195.9200 -228.2600 1 1207 284.5300 138.6000
-9.6200349796e-02 -1.0097538854e-01 -9.2033119644e-01
152 146 130
2 0 1161 -223.1200 -232.9100 1 1616 272.0300 -259.5800
2.0064995948e-02 -1.0333592113e-01 -8.7663434447e-01
164 126 86
2 0 1176 48.2000 -250.9500 1 443 309.6300 9.4800
2.2736490475e-02 -1.0380795047e-01 -8.7535255666e-01
181 146 105
2 0 1178 54.5400 -252.5600 1 1349 311.2900 15.6500
-1.6908676004e-02 -1.0677408394e-01 -8.8763777448e-01
176 143 100
2 0 1182 -41.3700 -255.7200 1 627 307.3900 -74.5500
3.8443064347e-02 -1.1209762769e-01 -8.6206991869e-01
159 125 88
2 0 1202 93.9100 -276.5600 1 1291 337.6300 50.8400
4.1949449300e-02 -1.1241506483e-01 -8.6054953279e-01
157 125 87
2 0 1206 102.7200 -277.8600 1 1284 339.2900 58.6200
1.3984379449e-01 -1.1048617354e-01 -8.2922736959e-01
93 85 74
2 0 1215 358.7400 -284.2900 1 69 354.6900 268.0900
-2.7466102015e-03 -7.3922244708e-02 -9.0934890665e-01
117 94 69
2 0 1382 -6.2800 -174.6100 1 1440 227.4200 -41.4200
5.0019454058e-02 -7.9292273451e-02 -8.8669695322e-01
101 79 57
2 0 1388 120.1700 -192.0600 1 1265 254.8200 77.4100
3.6689177980e-02 -8.0274266230e-02 -8.9065461736e-01
104 86 62
2 0 1389 87.6700 -193.4300 1 1800 253.6200 47.5500
4.5875407036e-02 -8.5841562268e-02 -8.8220971949e-01
150 130 105
2 0 1396 110.7500 -208.3200 1 1786 271.5300 67.9300
4.9759765797e-02 -8.9152591435e-02 -8.7774681065e-01
179 149 117
2 0 1399 120.4800 -217.3000 1 1777 281.5700 76.7900
-4.0118442973e-02 -5.6453788700e-02 -9.3081445076e-01
87 70 60
2 0 1519 -91.2900 -131.0000 1 1523 182.8100 -124.1600
4.0637232960e-02 -7.6191260073e-02 -8.9253516580e-01
139 114 75
2 0 1537 97.4600 -183.3400 1 1796 244.5900 56.2400
4.5603032750e-02 -7.7495666612e-02 -8.8952524356e-01
91 77 58
2 0 1538 109.5500 -187.0700 1 2110 249.5900 67.5100
3.8834450894e-02 -8.6912862346e-02 -8.8389308961e-01
174 143 108
2 0 1548 93.6000 -210.3700 1 2123 272.2700 52.0200
2.3531141145e-02 -9.0012254702e-02 -8.8682034671e-01
168 133 91
2 0 1549 56.1300 -216.9700 1 2149 275.8600 17.8300
-9.2903560434e-02 -5.3549235817e-02 -9.5041137814e-01
56 40 27
2 0 1614 -207.0200 -121.3800 1 2380 162.1300 -250.8300
2.5416108906e-03 -7.5407993743e-02 -9.0617418395e-01
164 134 98
2 0 1630 6.1200 -178.6400 1 2178 232.9300 -29.3100
4.8495585764e-02 -7.7239836934e-02 -8.8835163537e-01
152 122 87
2 0 1632 116.7000 -186.6800 1 2105 250.4600 74.1900
4.8495585764e-02 -7.7239836934e-02 -8.8835163537e-01
152 122 87
2 0 1633 116.7000 -186.6800 1 2106 250.4600 74.1900
3.9593787520e-02 -7.8559708448e-02 -8.9093997555e-01
90 75 63
2 0 1634 95.0600 -189.1900 1 2332 250.3900 53.7700
4.2015383469e-02 -8.5976297333e-02 -8.8340728465e-01
105 90 69
2 0 1703 101.2900 -208.3200 1 2418 270.9700 59.3500
5.4095995783e-02 -8.4554467734e-02 -8.7998667787e-01
162 128 91
2 0 1746 131.0200 -205.8100 1 2487 271.2000 86.5300
6.6840006274e-02 -7.1470981998e-02 -8.7873018247e-01
116 105 95
2 0 1783 162.1800 -174.7400 1 2406 256.2000 121.9900
6.6840006274e-02 -7.1470981998e-02 -8.7873018247e-01
116 105 95
2 0 1784 162.1800 -174.7400 1 2407 256.2000 121.9900
-3.6723551659e-03 -7.8152370862e-02 -9.0624827616e-01
104 86 66
2 0 1786 -8.7500 -184.9600 1 2546 237.9800 -43.5100
3.9082530220e-02 -8.2776278791e-02 -8.8740635477e-01
107 93 74
2 0 1804 93.8600 -199.9000 1 2565 261.4000 52.7900
