# Bundle file v0.3
3 88
2.2328529870e+03 8.0918686333e-02 5.9695399462e-03
9.9833978944e-01 1.7678204902e-02 -5.4819211026e-02
-1.5647912468e-02 9.9918357732e-01 3.7246766931e-02
5.5432911356e-02 -3.6327123240e-02 9.9780134920e-01
-8.1519887216e-02 5.4724918787e-02 -2.9953299474e-02
1.8321909802e+03 -1.2902691202e-01 -1.7848453665e-02
9.9954063450e-01 1.9464014103e-02 -2.3230844699e-02
-1.4072932809e-03 7.9549598327e-01 6.0595722632e-01
3.0274403645e-02 -6.0564617786e-01 7.9515795143e-01
-2.1296051955e-02 8.9995999144e-01 1.2129172392e-01
0 0 0
0 0 0
0 0 0
0 0 0
0 0 0
8.2327510254e-02 1.6922576160e-01 -1.3841297491e+00
49 48 44
2 0 47 125.4500 270.6800 1 27 163.2800 330.4900
8.8869603957e-02 1.0274457669e-01 -1.3994836592e+00
254 235 237
2 0 101 134.5100 162.8400 1 447 177.2200 232.0300
6.7990095190e-02 9.8112174743e-02 -1.4007297129e+00
247 249 245
2 0 111 101.7700 155.7400 1 85 140.9700 224.7600
6.7990095190e-02 9.8112174743e-02 -1.4007297129e+00
247 249 245
2 0 113 101.7700 155.7400 1 86 140.9700 224.7600
9.9275591333e-02 9.8553297856e-02 -1.4003852827e+00
230 129 142
2 0 114 150.5300 155.9800 1 80 195.7500 225.6700
1.0358373585e-01 9.8266653377e-02 -1.4004058372e+00
254 250 247
2 0 116 157.3300 155.4500 1 84 203.2400 225.2800
8.4739065311e-02 9.7117110111e-02 -1.4006867774e+00
249 251 248
2 0 121 127.8000 153.9200 1 89 170.3900 223.5400
7.0255627153e-02 9.6554226060e-02 -1.4007506585e+00
239 245 244
2 0 128 105.2200 153.2700 1 91 145.0500 222.7800
9.9681539248e-02 9.6731315722e-02 -1.4008855616e+00
239 113 140
2 0 129 151.1200 153.0400 1 94 196.5500 222.7800
8.5189341749e-02 9.5748615578e-02 -1.4005717310e+00
225 224 221
2 0 131 128.6700 151.7700 1 96 171.1000 221.9800
1.1485086799e-01 9.1073401372e-02 -1.4030833512e+00
50 53 52
2 0 152 175.0300 143.5400 1 466 223.0100 212.9800
6.7262776314e-02 8.8454129375e-02 -1.4027988104e+00
234 253 237
2 0 164 100.7000 140.3200 1 108 139.8000 210.1200
9.3439118522e-02 1.1227479402e-01 -1.3975644148e+00
238 254 237
2 0 579 141.8600 178.0300 1 439 184.7000 246.1500
9.5179589706e-02 1.0547956207e-01 -1.3986133811e+00
249 251 245
2 0 589 144.3700 167.1800 1 446 188.1800 236.4700
7.2890188665e-02 1.0466111347e-01 -1.3989129670e+00
250 252 244
2 0 591 109.5600 166.2000 1 684 149.3000 235.1300
8.4993038296e-02 9.9794900668e-02 -1.4001311245e+00
247 245 244
2 0 597 128.2100 158.2000 1 450 170.7500 227.5600
1.0454591954e-01 9.6679897579e-02 -1.4009070851e+00
233 126 144
2 0 600 158.7800 152.8700 1 456 205.0100 222.6800
8.1856265275e-02 9.2506810393e-02 -1.4016834423e+00
254 248 246
2 0 606 123.4000 146.5800 1 458 165.3700 216.5600
8.1856265275e-02 9.2506810393e-02 -1.4016834423e+00
254 248 246
2 0 607 123.4000 146.5800 1 459 165.3700 216.5600
7.8226145020e-02 9.0550902264e-02 -1.4020895932e+00
233 235 233
2 0 609 117.7300 143.5200 1 464 159.0600 213.6100
8.4975950509e-02 8.9604049956e-02 -1.4020372252e+00
248 147 153
2 0 610 128.0000 141.9600 1 467 171.1800 212.4500
6.4784008835e-02 8.5297421397e-02 -1.4038819592e+00
247 179 186
2 0 615 96.6500 135.2900 1 704 135.6500 204.8000
-3.4881104818e-01 2.4955310718e-03 -1.6652129783e+00
155 122 95
2 0 670 -443.2200 0.8300 1 583 -494.0200 -159.0600
-3.3075112373e-01 2.2193749548e-03 -1.6676520087e+00
183 160 138
2 0 671 -418.3800 0.0600 1 841 -467.5400 -161.6300
-3.2123935221e-01 -8.5770254323e-03 -1.6702184177e+00
155 133 108
2 0 684 -405.1700 -14.3000 1 589 -455.8300 -177.5200
-3.3282470538e-01 -1.2791840578e-02 -1.6693732238e+00
218 197 148
2 0 690 -421.0100 -19.5800 1 851 -473.7400 -182.0500
-3.2596022549e-01 -1.6514221438e-02 -1.6696109519e+00
162 136 119
2 0 693 -412.3300 -24.6200 1 855 -464.3800 -187.1300
-3.1718335669e-01 -1.6910443000e-02 -1.6711518622e+00
228 196 150
2 0 694 -400.2100 -25.3400 1 857 -451.3200 -189.0000
-3.3526190322e-01 -2.5984241996e-02 -1.6698684849e+00
238 195 147
2 0 717 -424.6100 -36.8000 1 869 -480.3500 -199.3800
3.0451035237e-02 1.3448753760e-01 -1.3974498024e+00
110 109 107
2 0 875 44.1000 213.7500 1 669 75.0200 273.2300
6.0066928887e-02 1.1024747878e-01 -1.3992786938e+00
104 106 103
2 0 888 90.0500 175.0400 1 676 126.3700 241.6200
7.8608067646e-02 1.0551971458e-01 -1.3988212821e+00
133 138 133
2 0 891 118.6500 167.4500 1 680 159.1000 236.3100
9.0844478897e-02 1.0478396759e-01 -1.3986235425e+00
254 135 152
2 0 893 137.6400 166.1500 1 682 180.6100 235.6100
8.6616457484e-02 1.0199189727e-01 -1.3993427285e+00
126 128 123
2 0 897 130.8300 161.7400 1 687 173.4800 231.2600
1.0189448974e-01 9.4548053705e-02 -1.4013021448e+00
236 246 243
2 0 904 154.9300 149.4700 1 694 200.1900 219.5600
6.3611120315e-02 9.0392089670e-02 -1.4028071053e+00
253 177 191
2 0 905 94.9200 143.4200 1 698 133.4300 212.5500
7.1714417230e-02 9.0072885239e-02 -1.4021327293e+00
142 124 132
2 0 906 107.3900 142.9000 1 696 147.8200 212.9500
9.1136448794e-02 8.8914700996e-02 -1.4025930322e+00
162 78 81
2 0 907 137.8500 140.6600 1 699 181.7600 210.9100
7.4071740438e-02 8.8422746707e-02 -1.4026569660e+00
242 249 242
2 0 908 111.2300 140.1800 1 700 151.8300 210.2400
-3.4632850364e-01 2.2995789258e-02 -1.6634467885e+00
254 222 199
2 0 930 -440.1900 27.6600 1 835 -485.4800 -132.0400
-3.4564139419e-01 1.9736396682e-03 -1.6660005430e+00
146 121 92
2 0 948 -439.0900 0.0100 1 839 -489.0700 -160.4000
-3.4910320718e-01 -8.5430460258e-03 -1.6679011345e+00
142 118 94
2 0 962 -443.1600 -13.7300 1 843 -496.3000 -175.1900
-3.2594162593e-01 -1.1509964132e-02 -1.6701165779e+00
230 206 142
2 0 967 -411.5100 -18.0400 1 849 -463.3600 -181.1100
-3.4503649190e-01 -1.4603059025e-02 -1.6681678188e+00
150 125 98
2 0 970 -437.8300 -21.7200 1 853 -492.0100 -183.2100
-3.4006629826e-01 -2.2425032381e-02 -1.6699900681e+00
238 192 131
2 0 987 -431.2300 -32.1300 1 863 -485.9600 -194.7900
2.8987580476e-02 1.6901879735e-01 -1.3861624712e+00
109 109 107
2 0 1107 41.8900 270.4700 1 900 72.5100 327.6700
8.4481621350e-02 9.5770521366e-02 -1.4006216913e+00
245 246 242
2 0 1125 127.4600 151.8200 1 1056 169.9500 221.9400
7.5501160202e-02 9.2724623056e-02 -1.4016531149e+00
119 134 130
2 0 1129 113.3500 147.0500 1 924 154.3500 216.8700
-3.4821183790e-01 1.2865094163e-02 -1.6645056262e+00
253 214 185
2 0 1156 -442.6800 14.3700 1 1000 -490.3900 -145.4800
-3.4821183790e-01 1.2865094163e-02 -1.6645056262e+00
253 214 185
2 0 1157 -442.6800 14.3700 1 1001 -490.3900 -145.4800
-3.4410129366e-01 1.3644369826e-02 -1.6668392623e+00
137 120 103
2 0 1158 -436.1400 15.2300 1 1002 -483.8000 -146.4400
-3.4506606637e-01 8.4833554721e-03 -1.6657734006e+00
145 129 108
2 0 1164 -437.8700 8.5700 1 1003 -486.9300 -152.0300
6.3003344815e-02 -7.3339543033e-03 -1.4092806835e+00
102 102 100
2 0 1172 91.4800 -9.5100 1 1066 136.7000 73.9000
-3.4616200972e-01 -1.0522569585e-02 -1.6675938205e+00
236 191 132
2 0 1178 -439.4700 -16.3600 1 1005 -492.6800 -177.5200
-3.4616200972e-01 -1.0522569585e-02 -1.6675938205e+00
236 191 132
2 0 1179 -439.4700 -16.3600 1 1006 -492.6800 -177.5200
-3.4020049295e-01 -1.8509534900e-02 -1.6695387625e+00
146 128 106
2 0 1189 -431.2900 -26.9800 1 1008 -485.4200 -189.3900
6.8361931438e-02 -3.3356284977e-02 -1.4069884480e+00
113 113 111
2 0 1203 98.6800 -50.1200 1 947 148.6000 38.9500
-1.7209354635e-02 -8.9277487314e-02 -1.4120675276e+00
106 106 104
2 0 1222 -35.7900 -134.9500 1 965 -14.1700 -51.5800
-3.4129562133e-01 2.4204584200e-02 -1.6636620509e+00
146 124 112
2 0 1302 -433.3000 29.1600 1 1093 -478.0600 -130.7800
-3.3149238023e-01 2.3492511527e-02 -1.6638293597e+00
149 136 114
2 0 1304 -420.3000 28.0500 1 1094 -464.2400 -131.9200
-3.4224627101e-01 3.9187347284e-03 -1.6658169511e+00
239 191 122
2 0 1315 -434.4900 2.5200 1 1096 -483.8700 -157.8500
-3.4723759233e-01 6.3498652018e-04 -1.6657294192e+00
133 126 108
2 0 1321 -441.4000 -1.7100 1 1097 -491.7400 -161.8500
-3.4723759233e-01 6.3498652018e-04 -1.6657294192e+00
133 126 108
2 0 1322 -441.4000 -1.7100 1 1098 -491.7400 -161.8500
-3.2277380169e-01 -1.5399659655e-02 -1.6702361172e+00
151 137 119
2 0 1330 -407.4100 -23.1800 1 1102 -459.7100 -186.2400
1.0274783866e-01 -3.3910261096e-02 -1.4040272872e+00
79 80 78
2 0 1337 151.7000 -51.7100 1 1146 214.3600 41.4500
8.6546442399e-02 -4.5380615959e-02 -1.4071107801e+00
96 98 95
2 0 1344 126.3800 -69.3600 1 1074 184.0700 20.9300
8.6914437189e-02 1.9278323208e-01 -1.3910718250e+00
115 116 110
2 0 1382 133.3700 305.8900 1 1035 168.8400 348.4800
9.9340287314e-02 1.1917525165e-01 -1.3968847741e+00
94 107 94
2 0 1388 150.7800 188.9400 1 1124 194.9200 255.3800
8.3825303043e-02 1.0437110495e-01 -1.3988006301e+00
128 126 127
2 0 1394 125.6500 165.7000 1 1050 169.2900 234.8200
8.3825303043e-02 1.0437110495e-01 -1.3988006301e+00
128 126 127
2 0 1395 125.6500 165.7000 1 1051 169.2900 234.8200
8.0191184225e-02 9.7146354105e-02 -1.4003349841e+00
130 124 126
2 0 1399 120.7900 154.0900 1 1128 162.3800 224.0200
5.8742148220e-02 -1.4788180092e-02 -1.4112300873e+00
80 81 79
2 0 1414 84.7700 -21.1100 1 1200 128.9900 60.9900
1.0099147726e-01 1.1322643282e-01 -1.3981160778e+00
247 242 245
2 0 1442 153.6500 179.3100 1 1185 197.7300 246.6200
-3.3905831586e-01 -8.2910227300e-03 -1.6690476605e+00
138 128 108
2 0 1456 -428.9300 -13.5400 1 1221 -481.9200 -175.9400
1.0945843014e-01 -3.9066575224e-02 -1.4039803649e+00
82 82 80
2 0 1462 162.2300 -59.9900 1 1240 227.4600 33.8800
-2.5935696969e-02 -9.2279614378e-02 -1.4120113638e+00
87 87 85
2 0 1471 -48.3200 -139.4200 1 1252 -32.0700 -56.1400
7.3840046813e-02 -5.8604998234e-02 -1.4090155135e+00
116 118 117
2 0 1509 106.8900 -89.7900 1 1204 160.1100 -1.0700
-2.7523480036e-02 -7.7277288080e-02 -1.4094004732e+00
81 81 79
2 0 1512 -50.8100 -116.0700 1 1277 -34.3300 -29.7600
-3.8157574296e-02 -8.6250755095e-02 -1.4103299486e+00
41 41 40
2 0 1513 -68.0100 -129.7000 1 1280 -54.8400 -44.7600
-6.7471312473e-02 -9.5691041279e-02 -1.4099679793e+00
94 94 94
2 0 1514 -113.6300 -143.5700 1 1282 -112.4300 -59.0400
-3.6924284315e-02 -6.7518822449e-02 -1.4061050753e+00
63 63 60
2 0 1570 -66.3100 -100.6100 1 1311 -51.3500 -10.9800
1.0083906870e-01 1.0522297568e-01 -1.3985705197e+00
251 246 245
2 0 1593 152.9600 166.7300 1 1301 198.3100 236.1700
1.1649389682e-01 -1.1062722015e-02 -1.4042752990e+00
134 136 135
2 0 1604 174.9000 -16.3900 1 1338 236.7500 74.3400
-7.6667568485e-02 -8.5790118055e-02 -1.4072969432e+00
71 70 68
2 0 1608 -127.4200 -127.9700 1 1366 -129.9100 -40.3900
-2.5770897117e-02 -9.9331398134e-02 -1.4127834854e+00
84 85 83
2 0 1610 -49.0400 -150.3400 1 1368 -31.4100 -68.2100
8.5532496599e-02 -3.1827428220e-02 -1.4088923251e+00
148 151 151
2 0 1637 126.7200 -48.3700 1 1376 179.5900 39.0100
-6.2051188668e-02 -3.9022341044e-02 -1.3924985313e+00
47 47 45
2 0 1646 -108.0600 -55.2300 1 1392 -97.0100 47.8200
-6.2051188668e-02 -3.9022341044e-02 -1.3924985313e+00
47 47 45
2 0 1647 -108.0600 -55.2300 1 1393 -97.0100 47.8200
