# Bundle file v0.3
3 45
1.8908736139e+03 -1.8577587034e-02 -2.0719908734e-03
9.9985741785e-01 6.4022297032e-03 1.5625473363e-02
-6.1726928499e-03 9.9987298117e-01 -1.4694195816e-02
-1.5717564251e-02 1.4595649438e-02 9.9976993613e-01
2.3538444671e-02 -3.0877659497e-02 2.3194642115e-01
2.3038672322e+03 1.7055830020e-02 1.2515010287e-03
9.6950780028e-01 -7.4671395704e-02 -2.3340695762e-01
2.4093769158e-02 9.7687642255e-01 -2.1244280492e-01
2.4387315450e-01 2.0034130313e-01 9.4888842694e-01
-5.8310588635e-01 -4.3204080240e-01 -7.7306094848e-01
0 0 0
0 0 0
0 0 0
0 0 0
0 0 0
-6.9247487642e-01 3.5468101928e-01 -3.1648515179e+00
42 34 21
2 0 63 -463.8300 242.7200 1 15 -322.4900 339.1100
-6.9603323532e-01 3.5273841844e-01 -3.1596049322e+00
182 172 150
2 0 66 -466.8700 241.8000 1 19 -325.5700 337.6500
1.7775874228e-01 2.1237905188e-01 -1.9210559463e+00
236 108 118
2 0 74 193.1100 233.6700 1 158 20.1000 172.2600
1.8625734955e-01 2.0449364100e-01 -1.9161622470e+00
250 249 250
2 0 84 203.2400 225.2800 1 172 27.1700 164.8100
1.7707891805e-01 2.0195951100e-01 -1.9152138150e+00
244 237 232
2 0 93 193.0500 222.6500 1 178 18.9600 162.0000
1.8017012848e-01 2.0206672313e-01 -1.9149277183e+00
228 120 132
2 0 94 196.5500 222.7800 1 176 21.6600 162.1700
-6.8736462606e-01 3.8366109423e-01 -3.1719623583e+00
109 103 91
2 0 432 -458.7000 260.1900 1 520 -320.7400 357.6700
-6.7660379728e-01 3.7268252432e-01 -3.1714696935e+00
194 186 168
2 0 434 -452.1000 253.3500 1 522 -313.8500 351.1900
-6.8665028554e-01 3.6748161656e-01 -3.1689394871e+00
101 91 81
2 0 436 -459.0100 250.2500 1 8 -319.6500 347.5800
1.7098774959e-01 2.2449658147e-01 -1.9291546607e+00
249 245 246
2 0 439 184.7000 246.1500 1 140 14.8300 184.1900
1.7461753270e-01 2.2438246605e-01 -1.9296501751e+00
235 112 131
2 0 440 188.6400 245.9700 1 139 18.2100 184.2400
-6.9980983896e-01 3.5084936698e-01 -3.1500218269e+00
100 85 59
2 0 445 -470.7000 241.2100 1 524 -329.7600 336.0400
1.4379392668e-01 2.0222161414e-01 -1.9182711094e+00
254 255 250
2 0 455 155.5000 222.7500 1 181 -10.1600 161.5700
1.8788286064e-01 2.0202009803e-01 -1.9156999543e+00
246 87 104
2 0 456 205.0100 222.6800 1 177 28.8200 162.3900
1.5238222332e-01 1.9647210986e-01 -1.9154690916e+00
243 240 239
2 0 458 165.3700 216.5600 1 185 -2.7200 156.2600
1.5238222332e-01 1.9647210986e-01 -1.9154690916e+00
243 240 239
2 0 459 165.3700 216.5600 1 186 -2.7200 156.2600
1.4670283794e-01 1.9368045513e-01 -1.9145399589e+00
234 233 231
2 0 464 159.0600 213.6100 1 194 -7.7400 153.3500
1.4670283794e-01 1.9368045513e-01 -1.9145399589e+00
234 233 231
2 0 465 159.0600 213.6100 1 195 -7.7400 153.3500
1.5712543313e-01 1.9229484361e-01 -1.9105396156e+00
252 105 117
2 0 467 171.1800 212.4500 1 196 0.8100 151.8600
-6.8091310312e-01 3.7797092632e-01 -3.1705496793e+00
35 23 13
2 0 671 -454.9000 256.7500 1 521 -316.9100 354.2800
-6.8718572681e-01 3.4721273172e-01 -3.1595288701e+00
93 85 74
2 0 678 -461.1500 238.1800 1 526 -320.3100 334.6400
1.6007879101e-01 2.1015662790e-01 -1.9206527414e+00
105 101 102
2 0 687 173.4800 231.2600 1 590 4.3000 169.6600
1.3667448606e-01 1.9300106092e-01 -1.9143925432e+00
129 111 107
2 0 696 147.8200 212.9500 1 607 -16.6200 152.3500
4.0464362814e-01 1.8683937565e-01 -1.9953181475e+00
189 156 126
2 0 712 425.7700 195.2000 1 168 237.5200 167.9400
1.4352246534e-01 7.5364753820e-02 -1.7954496212e+00
18 19 14
2 0 740 168.5600 84.5500 1 646 -29.0100 25.1900
1.4352246534e-01 7.5364753820e-02 -1.7954496212e+00
18 19 14
2 0 741 168.5600 84.5500 1 647 -29.0100 25.1900
-5.1870405196e-01 3.4205748005e-01 -3.2062393426e+00
226 210 195
2 0 921 -346.2000 230.3000 1 867 -216.5400 340.0300
1.4248817478e-01 1.9671213178e-01 -1.9152658214e+00
112 108 101
2 0 924 154.3500 216.8700 1 903 -11.6300 156.1700
1.7444643663e-01 9.6422058137e-02 -1.7952769456e+00
148 148 140
2 0 939 205.5300 110.6300 1 641 -1.3400 44.5400
2.0997707807e-01 6.3300934540e-02 -1.7769052213e+00
72 71 66
2 0 944 251.7500 70.1000 1 821 29.4400 11.7000
1.5661206943e-01 2.0137457606e-01 -1.9168229075e+00
247 251 248
2 0 1056 169.9500 221.9400 1 900 1.0500 160.9800
-7.0267777304e-01 3.7245935178e-01 -3.1613734622e+00
211 194 166
2 0 1183 -469.7000 253.2800 1 1078 -331.5600 350.5000
-6.8763372359e-01 3.5970743731e-01 -3.1663726860e+00
36 29 19
2 0 1186 -460.1000 245.4700 1 1044 -320.2100 342.7200
1.1155991916e-01 5.6036235062e-02 -1.8051311721e+00
78 79 74
2 0 1200 128.9900 60.9900 1 1023 -54.6600 8.7200
-6.6786941879e-01 3.6617569965e-01 -3.1767560327e+00
163 152 132
2 0 1230 -445.4700 248.4400 1 1079 -307.7500 348.0700
-6.6362101550e-01 2.9676435146e-01 -3.1602159007e+00
166 154 130
2 0 1231 -446.5800 206.0500 1 1085 -303.0600 304.5200
-6.8314051296e-01 2.8146789817e-01 -3.1593304977e+00
35 31 27
2 0 1233 -459.7100 196.5700 1 1087 -312.8400 294.4000
-6.8314051296e-01 2.8146789817e-01 -3.1593304977e+00
35 31 27
2 0 1234 -459.7100 196.5700 1 1088 -312.8400 294.4000
-2.1839704985e-02 -3.9837290500e-02 -1.7509304483e+00
88 89 83
2 0 1252 -32.0700 -56.1400 1 1032 -181.6200 -93.2300
-2.3772938584e-02 -1.8842281418e-02 -1.7558368408e+00
78 79 74
2 0 1277 -34.3300 -29.7600 1 1068 -183.6700 -73.0300
-9.1306515627e-02 1.6307272166e-03 -1.7605049733e+00
39 38 34
2 0 1309 -118.0100 -3.4100 1 1140 -243.7400 -54.8600
-9.1306515627e-02 1.6307272166e-03 -1.7605049733e+00
39 38 34
2 0 1310 -118.0100 -3.4100 1 1141 -243.7400 -54.8600
-3.7435900261e-02 -4.2597857061e-03 -1.7623614075e+00
47 48 43
2 0 1311 -51.3500 -10.9800 1 1142 -194.8300 -59.0000
-7.1306658868e-02 -9.1166793243e-03 -1.7582454404e+00
72 72 70
2 0 1344 -93.4000 -16.9300 1 1169 -225.8000 -64.8000
9.6428745083e-02 7.5523870936e-02 -1.8333311691e+00
85 84 80
2 0 1364 108.7100 83.2600 1 1192 -63.2100 31.9300
