# Bundle file v0.3
3 159
2.0516447441e+03 5.9209919219e-02 4.3238416140e-03
9.8903604514e-01 3.9370123517e-02 -1.4232952886e-01
-1.5732820826e-02 9.8641321248e-01 1.6352814004e-01
1.4683385086e-01 -1.5949597992e-01 9.7621762565e-01
-2.2118411263e-01 2.3954338386e-01 1.3384183098e-01
1.6542010921e+03 -1.1215889839e-01 -3.1400898866e-02
9.9538621838e-01 4.0336317148e-02 -8.7058932797e-02
1.2853946799e-02 8.4310547059e-01 5.3759458844e-01
9.5084448321e-02 -5.3623329530e-01 8.3869708519e-01
-1.3007280315e-01 8.0186756726e-01 3.3276083996e-01
2.0948468450e+03 1.9390468575e-01 1.6940124788e-02
9.0789241918e-01 1.3372214056e-01 -3.9730308873e-01
-6.0456220455e-03 9.5183577796e-01 3.0654869475e-01
4.1915964219e-01 -2.7591129176e-01 8.6497292064e-01
-6.5617473607e-01 4.5675345697e-01 -1.8006237716e-01
9.3174874746e-02 1.5598136320e-01 -1.3969152083e+00
49 48 44
2 0 47 125.4500 270.6800 1 27 163.2800 330.4900
9.9731349683e-02 9.1281210664e-02 -1.4053153446e+00
254 235 237
2 0 101 134.5100 162.8400 1 447 177.2200 232.0300
8.0173053421e-02 8.6786340102e-02 -1.4053134266e+00
247 249 245
2 0 111 101.7700 155.7400 1 85 140.9700 224.7600
8.0173053421e-02 8.6786340102e-02 -1.4053134266e+00
247 249 245
2 0 113 101.7700 155.7400 1 86 140.9700 224.7600
1.0950405143e-01 8.7271201351e-02 -1.4061617437e+00
230 129 142
2 0 114 150.5300 155.9800 1 80 195.7500 225.6700
1.1360360178e-01 8.7295571559e-02 -1.4068366593e+00
254 250 247
3 0 116 157.3300 155.4500 1 84 203.2400 225.2800 2 172 27.1700 164.8100
9.5901822798e-02 8.5834580619e-02 -1.4057495418e+00
249 251 248
2 0 121 127.8000 153.9200 1 89 170.3900 223.5400
8.2336613687e-02 8.5232371024e-02 -1.4051858770e+00
239 245 244
2 0 128 105.2200 153.2700 1 91 145.0500 222.7800
1.0993419236e-01 8.5675801106e-02 -1.4068443159e+00
239 113 140
3 0 129 151.1200 153.0400 1 94 196.5500 222.7800 2 176 21.6600 162.1700
9.6360428149e-02 8.4465122784e-02 -1.4054634119e+00
225 224 221
2 0 131 128.6700 151.7700 1 96 171.1000 221.9800
1.2403618144e-01 8.0391587782e-02 -1.4090198906e+00
50 53 52
2 0 152 175.0300 143.5400 1 466 223.0100 212.9800
7.9572941946e-02 7.7529297154e-02 -1.4064284095e+00
234 253 237
2 0 164 100.7000 140.3200 1 108 139.8000 210.1200
1.0395666000e-01 1.0049191024e-01 -1.4046365316e+00
238 254 237
3 0 579 141.8600 178.0300 1 439 184.7000 246.1500 2 140 14.8300 184.1900
1.0564700142e-01 9.3881031308e-02 -1.4049033649e+00
249 251 245
2 0 589 144.3700 167.1800 1 446 188.1800 236.4700
8.4729898315e-02 9.3056967158e-02 -1.4042116949e+00
250 252 244
3 0 591 109.5600 166.2000 1 684 149.3000 235.1300 2 156 -13.5800 173.4000
9.6120003580e-02 8.8410627553e-02 -1.4054735966e+00
247 245 244
2 0 597 128.2100 158.2000 1 450 170.7500 227.5600
1.1454305965e-01 8.5920778583e-02 -1.4075268274e+00
233 126 144
3 0 600 158.7800 152.8700 1 456 205.0100 222.6800 2 177 28.8200 162.3900
1.0810548341e-01 8.5413410901e-02 -1.4065895579e+00
255 241 236
3 0 601 148.1000 152.5900 1 93 193.0500 222.6500 2 178 18.9600 162.0000
9.3243874882e-02 8.1572117909e-02 -1.4063988714e+00
254 248 246
3 0 606 123.4000 146.5800 1 458 165.3700 216.5600 2 185 -2.7200 156.2600
9.3243874882e-02 8.1572117909e-02 -1.4063988714e+00
254 248 246
3 0 607 123.4000 146.5800 1 459 165.3700 216.5600 2 186 -2.7200 156.2600
8.9859025443e-02 7.9661258021e-02 -1.4064550176e+00
233 235 233
3 0 609 117.7300 143.5200 1 464 159.0600 213.6100 2 194 -7.7400 153.3500
9.6214224015e-02 7.8608486672e-02 -1.4064169369e+00
248 147 153
3 0 610 128.0000 141.9600 1 467 171.1800 212.4500 2 196 0.8100 151.8600
7.7247727987e-02 7.4556352310e-02 -1.4071677697e+00
247 179 186
2 0 615 96.6500 135.2900 1 704 135.6500 204.8000
-3.9575859988e-01 4.5598514199e-02 -1.7738783341e+00
155 122 95
2 0 670 -443.2200 0.8300 1 583 -494.0200 -159.0600
-3.7678201878e-01 4.6105056116e-02 -1.7789293269e+00
183 160 138
2 0 671 -418.3800 0.0600 1 841 -467.5400 -161.6300
-3.6673368144e-01 3.5161073778e-02 -1.7833334089e+00
155 133 108
2 0 684 -405.1700 -14.3000 1 589 -455.8300 -177.5200
-3.7898336568e-01 3.0264932209e-02 -1.7811437884e+00
218 197 148
2 0 690 -421.0100 -19.5800 1 851 -473.7400 -182.0500
-3.7133392405e-01 2.6384636334e-02 -1.7816765887e+00
162 136 119
2 0 693 -412.3300 -24.6200 1 855 -464.3800 -187.1300
-3.6223591649e-01 2.6435719409e-02 -1.7847995857e+00
228 196 150
2 0 694 -400.2100 -25.3400 1 857 -451.3200 -189.0000
-3.8124658919e-01 1.6127346275e-02 -1.7813457580e+00
238 195 147
2 0 717 -424.6100 -36.8000 1 869 -480.3500 -199.3800
4.3999029337e-02 1.2288187520e-01 -1.4054491985e+00
110 109 107
2 0 875 44.1000 213.7500 1 669 75.0200 273.2300
7.2504662603e-02 9.8780720254e-02 -1.4051072030e+00
104 106 103
3 0 888 90.0500 175.0400 1 676 126.3700 241.6200 2 583 -28.5300 180.4500
9.0093715245e-02 9.3919064534e-02 -1.4045473848e+00
133 138 133
2 0 891 118.6500 167.4500 1 680 159.1000 236.3100
1.0159839524e-01 9.3175046295e-02 -1.4046540212e+00
254 135 152
2 0 893 137.6400 166.1500 1 682 180.6100 235.6100
9.7658041109e-02 9.0496623600e-02 -1.4049798735e+00
126 128 123
3 0 897 130.8300 161.7400 1 687 173.4800 231.2600 2 590 4.3000 169.6600
1.1196909152e-01 8.3486079236e-02 -1.4068683453e+00
236 246 243
2 0 904 154.9300 149.4700 1 694 200.1900 219.5600
7.6095743343e-02 7.9436275550e-02 -1.4065259840e+00
253 177 191
3 0 905 94.9200 143.4200 1 698 133.4300 212.5500 2 606 -26.7200 152.3800
8.3759422312e-02 7.9022037837e-02 -1.4059829526e+00
142 124 132
3 0 906 107.3900 142.9000 1 696 147.8200 212.9500 2 607 -16.6200 152.3500
1.0199164509e-01 7.8236235603e-02 -1.4076122462e+00
162 78 81
3 0 907 137.8500 140.6600 1 699 181.7600 210.9100 2 785 9.6700 150.8400
8.5964992401e-02 7.7490928275e-02 -1.4065003458e+00
242 249 242
2 0 908 111.2300 140.1800 1 700 151.8300 210.2400
-3.9353019355e-01 6.7478730123e-02 -1.7722493843e+00
254 222 199
2 0 930 -440.1900 27.6600 1 835 -485.4800 -132.0400
-3.9256116538e-01 4.5264972325e-02 -1.7753975539e+00
146 121 92
2 0 948 -439.0900 0.0100 1 839 -489.0700 -160.4000
-3.9657688150e-01 3.4300617027e-02 -1.7780570527e+00
142 118 94
2 0 962 -443.1600 -13.7300 1 843 -496.3000 -175.1900
-3.7174216150e-01 3.1913852736e-02 -1.7828237288e+00
230 206 142
2 0 967 -411.5100 -18.0400 1 849 -463.3600 -181.1100
-3.9188370349e-01 2.7862865182e-02 -1.7783796547e+00
150 125 98
2 0 970 -437.8300 -21.7200 1 853 -492.0100 -183.2100
-3.8677387654e-01 1.9926843930e-02 -1.7815370032e+00
238 192 131
2 0 987 -431.2300 -32.1300 1 863 -485.9600 -194.7900
4.2479766993e-02 1.5614340748e-01 -1.3972402215e+00
109 109 107
2 0 1107 41.8900 270.4700 1 900 72.5100 327.6700
9.5724204308e-02 8.4662693174e-02 -1.4057758475e+00
245 246 242
3 0 1125 127.4600 151.8200 1 1056 169.9500 221.9400 2 900 1.0500 160.9800
8.7254513643e-02 8.1493722010e-02 -1.4057176224e+00
119 134 130
3 0 1129 113.3500 147.0500 1 924 154.3500 216.8700 2 903 -11.6300 156.1700
-3.9542307015e-01 5.6694191599e-02 -1.7733394455e+00
253 214 185
2 0 1156 -442.6800 14.3700 1 1000 -490.3900 -145.4800
-3.9542307015e-01 5.6694191599e-02 -1.7733394455e+00
253 214 185
2 0 1157 -442.6800 14.3700 1 1001 -490.3900 -145.4800
-3.9185348127e-01 5.8180763117e-02 -1.7777099857e+00
137 120 103
2 0 1158 -436.1400 15.2300 1 1002 -483.8000 -146.4400
-3.9219135945e-01 5.2282838469e-02 -1.7754139469e+00
145 129 108
2 0 1164 -437.8700 8.5700 1 1003 -486.9300 -152.0300
7.7523074899e-02 -1.5050249716e-02 -1.4010745443e+00
102 102 100
2 0 1172 91.4800 -9.5100 1 1066 136.7000 73.9000
-3.9310341440e-01 3.2119011761e-02 -1.7775139678e+00
236 191 132
2 0 1178 -439.4700 -16.3600 1 1005 -492.6800 -177.5200
-3.9310341440e-01 3.2119011761e-02 -1.7775139678e+00
236 191 132
2 0 1179 -439.4700 -16.3600 1 1006 -492.6800 -177.5200
-3.8692106119e-01 2.4039770809e-02 -1.7808838009e+00
146 128 106
2 0 1189 -431.2900 -26.9800 1 1008 -485.4200 -189.3900
8.3266150760e-02 -4.0172536790e-02 -1.3951542980e+00
113 113 111
2 0 1203 98.6800 -50.1200 1 947 148.6000 38.9500
5.8421332138e-03 -9.2635346886e-02 -1.3919187326e+00
106 106 104
2 0 1222 -35.7900 -134.9500 1 965 -14.1700 -51.5800
-3.8812469991e-01 6.8896660356e-02 -1.7728943489e+00
146 124 112
2 0 1302 -433.3000 29.1600 1 1093 -478.0600 -130.7800
-3.7731654075e-01 6.8242939001e-02 -1.7734740735e+00
149 136 114
2 0 1304 -420.3000 28.0500 1 1094 -464.2400 -131.9200
-3.8884479967e-01 4.7365435755e-02 -1.7753137332e+00
239 191 122
2 0 1315 -434.4900 2.5200 1 1096 -483.8700 -157.8500
-3.9414088595e-01 4.3727607489e-02 -1.7747689010e+00
133 126 108
2 0 1321 -441.4000 -1.7100 1 1097 -491.7400 -161.8500
-3.9414088595e-01 4.3727607489e-02 -1.7747689010e+00
133 126 108
2 0 1322 -441.4000 -1.7100 1 1098 -491.7400 -161.8500
-3.6810690746e-01 2.7780505818e-02 -1.7829793032e+00
151 137 119
2 0 1330 -407.4100 -23.1800 1 1102 -459.7100 -186.2400
1.1499404843e-01 -4.0919706922e-02 -1.3926062766e+00
79 80 78
2 0 1337 151.7000 -51.7100 1 1146 214.3600 41.4500
1.0019238428e-01 -5.1378773348e-02 -1.3945028235e+00
96 98 95
2 0 1344 126.3800 -69.3600 1 1074 184.0700 20.9300
9.6454419621e-02 1.8193290007e-01 -1.4093362808e+00
115 116 110
2 0 1382 133.3700 305.8900 1 1035 168.8400 348.4800
1.0933718954e-01 1.0685576632e-01 -1.4043777026e+00
94 107 94
3 0 1388 150.7800 188.9400 1 1124 194.9200 255.3800 2 967 23.0700 193.2900
9.5028305878e-02 9.2665499516e-02 -1.4043318422e+00
128 126 127
2 0 1394 125.6500 165.7000 1 1050 169.2900 234.8200
9.4974511252e-02 9.2415491912e-02 -1.4038572874e+00
128 126 127
3 0 1395 125.6500 165.7000 1 1051 169.2900 234.8200 2 1006 -0.0700 172.9800
9.1665207072e-02 8.5790557099e-02 -1.4051663940e+00
130 124 126
2 0 1399 120.7900 154.0900 1 1128 162.3800 224.0200
7.3589404860e-02 -2.1991334656e-02 -1.4021205976e+00
80 81 79
3 0 1414 84.7700 -21.1100 1 1200 128.9900 60.9900 2 1023 -54.6600 8.7200
1.1097217316e-01 1.0160444109e-01 -1.4057021640e+00
247 242 245
2 0 1442 153.6500 179.3100 1 1185 197.7300 246.6200
-3.8595038497e-01 3.4977865441e-02 -1.7805271382e+00
138 128 108
2 0 1456 -428.9300 -13.5400 1 1221 -481.9200 -175.9400
1.2121999328e-01 -4.5718230312e-02 -1.3922229770e+00
82 82 80
2 0 1462 162.2300 -59.9900 1 1240 227.4600 33.8800
-2.1158516860e-03 -9.5164978561e-02 -1.3919731016e+00
87 87 85
3 0 1471 -48.3200 -139.4200 1 1252 -32.0700 -56.1400 2 1032 -181.6200 -93.2300
8.8701649356e-02 -6.3166471364e-02 -1.3954455142e+00
116 118 117
3 0 1509 106.8900 -89.7900 1 1204 160.1100 -1.0700 2 1105 -46.5800 -48.9100
-3.7162050346e-03 -8.2225474053e-02 -1.3887959347e+00
81 81 79
3 0 1512 -50.8100 -116.0700 1 1277 -34.3300 -29.7600 2 1068 -183.6700 -73.0300
-1.3295842346e-02 -9.0255029765e-02 -1.3892620128e+00
41 41 40
2 0 1513 -68.0100 -129.7000 1 1280 -54.8400 -44.7600
-3.9665731547e-02 -1.0018352076e-01 -1.3850728036e+00
94 94 94
3 0 1514 -113.6300 -143.5700 1 1282 -112.4300 -59.0400 2 1109 -239.4900 -97.6400
-4.3101175928e-02 -7.4149460782e-02 -1.3768625979e+00
52 51 49
3 0 1569 -119.6900 -98.1900 1 1309 -118.0100 -3.4100 2 1140 -243.7400 -54.8600
-1.2277537680e-02 -7.3575942293e-02 -1.3857820048e+00
63 63 60
3 0 1570 -66.3100 -100.6100 1 1311 -51.3500 -10.9800 2 1142 -194.8300 -59.0000
1.1098364488e-01 9.3927794291e-02 -1.4053296202e+00
251 246 245
3 0 1593 152.9600 166.7300 1 1301 198.3100 236.1700 2 1160 23.7600 175.4000
1.2724898071e-01 -1.9089871532e-02 -1.3968110270e+00
134 136 135
3 0 1604 174.9000 -16.3900 1 1338 236.7500 74.3400 2 1167 18.8800 14.3000
-3.1228657392e-02 -7.8863223779e-02 -1.3817639924e+00
71 71 69
3 0 1607 -97.3700 -107.0800 1 1344 -93.4000 -16.9300 2 1169 -225.8000 -64.8000
-4.8169833346e-02 -9.1309441765e-02 -1.3826158523e+00
71 70 68
3 0 1608 -127.4200 -127.9700 1 1366 -129.9100 -40.3900 2 1170 -250.2900 -82.9700
-1.8680149344e-03 -1.0100184581e-01 -1.3934715902e+00
84 85 83
3 0 1610 -49.0400 -150.3400 1 1368 -31.4100 -68.2100 2 1172 -180.9200 -101.9700
6.3284518982e-02 -5.9835624516e-03 -1.4050314402e+00
98 98 96
3 0 1625 68.6800 3.9600 1 1364 108.7100 83.2600 2 1192 -63.2100 31.9300
9.8851877112e-02 -3.7659470888e-02 -1.3991783058e+00
148 151 151
3 0 1637 126.7200 -48.3700 1 1376 179.5900 39.0100 2 1206 -24.2600 -12.3200
-3.4730270415e-02 -4.8966334118e-02 -1.3710851834e+00
47 47 45
2 0 1646 -108.0600 -55.2300 1 1392 -97.0100 47.8200
-3.4730270415e-02 -4.8966334118e-02 -1.3710851834e+00
47 47 45
2 0 1647 -108.0600 -55.2300 1 1393 -97.0100 47.8200
2.7488075864e-02 2.0260927808e-01 -1.4004712606e+00
48 47 45
2 0 12 21.8800 342.4800 2 39 -70.1700 322.1500
5.7362181645e-02 1.9859487599e-01 -1.4028778236e+00
131 130 126
2 0 17 70.3900 335.1700 2 44 -29.9500 317.8500
3.2975706416e-02 1.8144599197e-01 -1.4039436768e+00
131 131 129
2 0 31 30.0300 307.1500 2 66 -65.0100 292.2100
4.5113414405e-02 1.4647548888e-01 -1.4058673178e+00
29 29 27
2 0 55 47.9000 250.9100 2 105 -54.9100 244.4700
6.9901470382e-02 9.5062076827e-02 -1.4047247122e+00
113 108 106
2 0 90 85.3600 169.5000 2 586 -33.0700 174.9500
1.0642111325e-01 7.7079440309e-02 -1.4092813953e+00
121 119 115
2 0 168 145.2500 138.1100 2 199 16.3400 148.7600
8.1033385429e-02 -1.7375655583e-02 -1.4019459455e+00
31 31 29
2 0 242 97.1100 -13.9500 2 306 -43.0800 15.7100
8.6405320974e-02 -1.8001828814e-02 -1.4054272061e+00
34 36 35
2 0 247 106.5800 -16.1500 2 309 -33.4600 13.1800
2.1715733859e-01 -1.0156813095e-01 -1.5132225260e+00
251 231 201
2 0 413 324.1500 -176.5300 1 591 408.0000 -180.2300
1.9446304002e-01 -1.2355272511e-01 -1.5388236662e+00
194 177 151
2 0 439 287.8100 -213.0900 1 616 362.3500 -239.0000
1.1212987228e-01 -1.7190011086e-01 -1.6119826194e+00
216 215 210
2 0 501 166.4700 -287.9300 1 652 205.0300 -372.7400
1.1780651225e-01 9.9889682062e-02 -1.4081230988e+00
77 83 79
2 0 583 165.1200 175.4900 2 144 35.9800 182.1600
1.0805023006e-01 8.5487890387e-02 -1.4070717261e+00
255 241 236
2 0 602 148.1000 152.5900 2 179 18.9600 162.0000
2.2503085792e-01 8.5126440147e-02 -1.4575738793e+00
207 186 160
2 0 622 344.3900 131.8600 1 490 401.8200 167.0800
8.7723555466e-02 -3.9862203352e-02 -1.3961422521e+00
158 160 159
2 0 727 106.3000 -50.1600 2 328 -42.3900 -14.9800
-1.1494905033e-02 -1.4477755617e-01 -1.4663092839e+00
75 74 72
2 0 823 -48.2400 -231.3900 2 854 -152.8300 -192.3300
9.8651235657e-02 7.7632946615e-02 -1.4083050654e+00
175 70 81
2 0 909 132.3200 139.5300 2 614 5.0600 149.7200
9.5178183085e-02 7.6806141624e-02 -1.4083947814e+00
183 72 78
2 0 911 126.4900 138.0600 2 788 0.2100 148.5100
1.1016211715e-01 7.4678882410e-02 -1.4129111989e+00
120 120 119
2 0 912 151.6000 132.4400 2 792 23.3900 143.8600
1.0284035342e-01 -7.2584145689e-03 -1.3938763716e+00
32 32 30
2 0 944 133.3200 4.8600 2 813 -15.6400 34.2000
1.0284035342e-01 -7.2584145689e-03 -1.3938763716e+00
32 32 30
2 0 945 133.3200 4.8600 2 814 -15.6400 34.2000
9.6285118437e-02 -1.1790977106e-02 -1.3968462227e+00
188 188 188
2 0 950 122.3000 -3.6400 2 815 -23.8300 26.3200
9.8128125182e-02 1.0153168182e-01 -1.4032531704e+00
254 147 160
2 0 1118 132.1900 180.6900 2 773 5.8900 185.8800
2.1955692492e-01 8.2874447704e-02 -1.4633874818e+00
193 170 139
2 0 1134 335.6100 126.1000 1 934 390.7900 157.4000
2.1307483206e-01 7.6887099244e-02 -1.4700896465e+00
190 169 139
2 0 1140 324.4400 114.4800 1 935 379.1200 141.3300
1.3120000813e-01 3.4187280354e-04 -1.3946261134e+00
177 177 175
2 0 1155 182.1600 17.1800 2 812 26.5700 44.6100
-3.4538756565e-02 -9.5332577409e-02 -1.3858085409e+00
77 77 75
2 0 1355 -104.9500 -136.6300 2 981 -230.1200 -90.2200
1.8916534915e-01 -1.0821849844e-01 -1.5233897786e+00
27 26 24
2 0 1360 279.6800 -187.1500 1 1105 353.1000 -200.3900
9.4429535569e-02 9.2773769294e-02 -1.4045104583e+00
128 126 127
2 0 1393 125.6500 165.7000 2 1005 -0.0700 172.9800
2.4868887314e-01 1.0048565506e-01 -1.4325585641e+00
49 42 40
2 0 1396 384.6800 166.0700 1 1188 448.1600 217.8500
1.8108852829e-01 -1.4128175610e-01 -1.5566871402e+00
241 216 184
2 0 1430 266.4800 -241.4200 1 1224 336.4500 -283.2800
9.1246074670e-02 4.4035299218e-03 -1.3990568420e+00
69 69 67
2 0 1446 114.9600 22.7800 2 1020 -26.0500 49.0300
9.0435290729e-02 -1.5846071436e-02 -1.4000873461e+00
40 40 40
2 0 1501 112.9200 -10.6300 2 1104 -31.0900 18.2400
1.3857788652e-01 -3.8951546432e-03 -1.3951602838e+00
39 39 37
2 0 1534 194.7600 10.0900 2 1101 36.4900 37.6800
2.1903245755e-02 -9.4956693875e-02 -1.3887302986e+00
93 93 93
2 0 1543 -9.4500 -138.8500 2 1108 -151.6900 -92.9500
-3.0809448052e-02 -1.0365851704e-01 -1.3883452160e+00
68 68 66
2 0 1545 -98.8100 -151.8100 2 1110 -225.0800 -103.2200
1.1903747060e-01 -4.4103437888e-03 -1.3991865064e+00
40 40 38
2 0 1602 161.6300 7.9300 2 1166 11.1300 35.5300
1.2731942332e-01 -1.9141382962e-02 -1.3975585594e+00
134 136 135
2 0 1605 174.9000 -16.3900 2 1168 18.8800 14.3000
-2.6375437335e-02 -9.2978834457e-02 -1.3893174962e+00
65 65 63
2 0 1609 -90.4100 -134.4200 2 1171 -215.5400 -87.5700
8.0063147861e-02 8.7091551192e-02 -1.4080362297e+00
234 232 231
2 0 1622 102.2700 155.4900 2 1187 -18.9300 162.0600
-4.3671037795e-01 4.1486871920e-01 -1.7464231070e+00
42 34 21
2 1 63 -463.8300 242.7200 2 15 -322.4900 339.1100
-4.3847188481e-01 4.1255367950e-01 -1.7447256977e+00
182 172 150
2 1 66 -466.8700 241.8000 2 19 -325.5700 337.6500
1.0830907240e-01 9.2480394808e-02 -1.4058243156e+00
236 108 118
2 1 74 193.1100 233.6700 2 158 20.1000 172.2600
-4.0651427348e-01 3.8036526356e-01 -1.7737567499e+00
202 175 152
2 1 123 -428.3500 192.5000 2 61 -285.4800 293.8900
-4.3432861018e-01 4.3097189303e-01 -1.7417397945e+00
109 103 91
2 1 432 -458.7000 260.1900 2 520 -320.7400 357.6700
-4.2845750573e-01 4.2607893971e-01 -1.7455973397e+00
194 186 168
2 1 434 -452.1000 253.3500 2 522 -313.8500 351.1900
-4.3377962038e-01 4.2241344911e-01 -1.7450798838e+00
101 91 81
2 1 436 -459.0100 250.2500 2 8 -319.6500 347.5800
1.0609014285e-01 1.0067989519e-01 -1.4051293796e+00
235 112 131
2 1 440 188.6400 245.9700 2 139 18.2100 184.2400
-4.4023106111e-01 4.0928554929e-01 -1.7414556164e+00
100 85 59
2 1 445 -470.7000 241.2100 2 524 -329.7600 336.0400
8.7955593187e-02 8.5067217963e-02 -1.4051836173e+00
254 255 250
2 1 455 155.5000 222.7500 2 181 -10.1600 161.5700
8.9796970310e-02 7.9852147817e-02 -1.4066576202e+00
234 233 231
2 1 465 159.0600 213.6100 2 195 -7.7400 153.3500
-3.9026151846e-01 3.8077594870e-01 -1.7808331544e+00
212 181 147
2 1 484 -407.6700 188.2700 2 69 -266.7000 291.8000
-4.3078016295e-01 4.2822616894e-01 -1.7434167055e+00
35 23 13
2 1 671 -454.9000 256.7500 2 521 -316.9100 354.2800
-4.3367343779e-01 4.1032377651e-01 -1.7470759891e+00
93 85 74
2 1 678 -461.1500 238.1800 2 526 -320.3100 334.6400
2.3986595414e-01 1.0575348186e-01 -1.4579286789e+00
189 156 126
2 1 712 425.7700 195.2000 2 168 237.5200 167.9400
9.3415537643e-02 -1.2816213672e-02 -1.3955012706e+00
18 19 14
2 1 740 168.5600 84.5500 2 646 -29.0100 25.1900
9.3415537643e-02 -1.2816213672e-02 -1.3955012706e+00
18 19 14
2 1 741 168.5600 84.5500 2 647 -29.0100 25.1900
-3.4436178577e-01 4.2779111173e-01 -1.7823874896e+00
226 210 195
2 1 921 -346.2000 230.3000 2 867 -216.5400 340.0300
1.1227115821e-01 -3.4495908377e-04 -1.3918124753e+00
148 148 140
2 1 939 205.5300 110.6300 2 641 -1.3400 44.5400
1.3441437751e-01 -2.0758430783e-02 -1.3979992046e+00
72 71 66
2 1 944 251.7500 70.1000 2 821 29.4400 11.7000
-4.4229134090e-01 4.2236347372e-01 -1.7395248073e+00
211 194 166
2 1 1183 -469.7000 253.2800 2 1078 -331.5600 350.5000
-4.3419759468e-01 4.1797917180e-01 -1.7461509396e+00
36 29 19
2 1 1186 -460.1000 245.4700 2 1044 -320.2100 342.7200
-4.2389564614e-01 4.2459192343e-01 -1.7501371140e+00
163 152 132
2 1 1230 -445.4700 248.4400 2 1079 -307.7500 348.0700
-4.2062055347e-01 3.8692335172e-01 -1.7629716169e+00
166 154 130
2 1 1231 -446.5800 206.0500 2 1085 -303.0600 304.5200
-4.3089011429e-01 3.7800303847e-01 -1.7645183158e+00
35 31 27
2 1 1233 -459.7100 196.5700 2 1087 -312.8400 294.4000
-4.3089011429e-01 3.7800303847e-01 -1.7645183158e+00
35 31 27
2 1 1234 -459.7100 196.5700 2 1088 -312.8400 294.4000
-4.3068471793e-02 -7.4724352505e-02 -1.3761283710e+00
39 38 34
2 1 1310 -118.0100 -3.4100 2 1141 -243.7400 -54.8600
