# Bundle file v0.3
3 108
1.6106858953e+03 -6.4457897798e-02 -3.2390279919e-02
9.9979608813e-01 -3.4463088954e-03 -1.9897364536e-02
2.8094800679e-03 9.9948566702e-01 -3.1945394695e-02
1.9997224363e-02 3.1882979401e-02 9.9929154237e-01
-1.0753087481e-01 -6.7694487565e-02 5.3371743185e-01
1.7704391759e+03 6.9981041862e-02 3.5858818935e-03
9.7178931453e-01 -8.5236867011e-02 -2.1990953744e-01
4.0947804476e-02 9.7922538051e-01 -1.9859741054e-01
2.3226882155e-01 1.8399002871e-01 9.5509102387e-01
-6.1802149799e-01 -4.1437727175e-01 -1.2829882382e-01
2.3563627674e+03 6.5029563313e-02 6.8091798854e-03
9.9601919386e-01 -2.7663292467e-02 -8.4737876539e-02
1.7696576712e-02 9.9306968143e-01 -1.1618708621e-01
8.7364733406e-02 1.1422499761e-01 9.8960600912e-01
-2.4079120777e-01 -2.4035828230e-01 -1.4999812641e+00
-9.2398709480e-01 4.4838162344e-01 -3.8321514799e+00
42 34 21
2 0 63 -463.8300 242.7200 1 15 -322.4900 339.1100
-9.2763545423e-01 4.4556200489e-01 -3.8230292248e+00
182 172 150
2 0 66 -466.8700 241.8000 1 19 -325.5700 337.6500
2.3718696183e-01 2.0756299590e-01 -1.9392608753e+00
236 108 118
2 0 74 193.1100 233.6700 1 158 20.1000 172.2600
2.4537936018e-01 1.9969090627e-01 -1.9338647281e+00
250 249 250
2 0 84 203.2400 225.2800 1 172 27.1700 164.8100
2.3646679440e-01 1.9735460981e-01 -1.9328245221e+00
244 237 232
2 0 93 193.0500 222.6500 1 178 18.9600 162.0000
2.3946469945e-01 1.9740695835e-01 -1.9325122007e+00
228 120 132
2 0 94 196.5500 222.7800 1 176 21.6600 162.1700
-8.5129359811e-01 3.4448358515e-01 -3.8352404991e+00
202 175 152
2 0 123 -428.3500 192.5000 1 61 -285.4800 293.8900
-9.1675443789e-01 4.8660221517e-01 -3.8405782621e+00
109 103 91
2 0 432 -458.7000 260.1900 1 520 -320.7400 357.6700
-9.0206642373e-01 4.7174308194e-01 -3.8386535483e+00
194 186 168
2 0 434 -452.1000 253.3500 1 522 -313.8500 351.1900
-9.1600699710e-01 4.6519732791e-01 -3.8369082368e+00
101 91 81
2 0 436 -459.0100 250.2500 1 8 -319.6500 347.5800
2.3067508094e-01 2.1960585859e-01 -1.9481749431e+00
249 245 246
2 0 439 184.7000 246.1500 1 140 14.8300 184.1900
2.3419679154e-01 2.1944965337e-01 -1.9487186082e+00
235 112 131
2 0 440 188.6400 245.9700 1 139 18.2100 184.2400
-9.3027422742e-01 4.4246239177e-01 -3.8054868927e+00
100 85 59
2 0 445 -470.7000 241.2100 1 524 -329.7600 336.0400
2.0416554158e-01 1.9816619701e-01 -1.9361304423e+00
254 255 250
2 0 455 155.5000 222.7500 1 181 -10.1600 161.5700
2.4693243403e-01 1.9726035518e-01 -1.9333701743e+00
246 87 104
2 0 456 205.0100 222.6800 1 177 28.8200 162.3900
2.1247464535e-01 1.9240734471e-01 -1.9330409614e+00
243 240 239
2 0 458 165.3700 216.5600 1 185 -2.7200 156.2600
2.1247464535e-01 1.9240734471e-01 -1.9330409614e+00
243 240 239
2 0 459 165.3700 216.5600 1 186 -2.7200 156.2600
2.0695111687e-01 1.8976836782e-01 -1.9319988951e+00
234 233 231
2 0 464 159.0600 213.6100 1 194 -7.7400 153.3500
2.0695111687e-01 1.8976836782e-01 -1.9319988951e+00
234 233 231
2 0 465 159.0600 213.6100 1 195 -7.7400 153.3500
2.1708152943e-01 1.8820276579e-01 -1.9276360870e+00
252 105 117
2 0 467 171.1800 212.4500 1 196 0.8100 151.8600
-9.0754848332e-01 4.7874873708e-01 -3.8370898813e+00
35 23 13
2 0 671 -454.9000 256.7500 1 521 -316.9100 354.2800
-9.1539300815e-01 4.3796558696e-01 -3.8215147175e+00
93 85 74
2 0 678 -461.1500 238.1800 1 526 -320.3100 334.6400
2.2001729199e-01 2.0566713656e-01 -1.9388016914e+00
105 101 102
2 0 687 173.4800 231.2600 1 590 4.3000 169.6600
1.9722089459e-01 1.8925679892e-01 -1.9318077949e+00
129 111 107
2 0 696 147.8200 212.9500 1 607 -16.6200 152.3500
4.5870944485e-01 1.8054051847e-01 -2.0183480070e+00
189 156 126
2 0 712 425.7700 195.2000 1 168 237.5200 167.9400
2.0422122892e-01 7.5535157351e-02 -1.8024840011e+00
18 19 14
2 0 740 168.5600 84.5500 1 646 -29.0100 25.1900
2.0422122892e-01 7.5535157351e-02 -1.8024840011e+00
18 19 14
2 0 741 168.5600 84.5500 1 647 -29.0100 25.1900
-6.9136541424e-01 4.2810398568e-01 -3.8756338483e+00
226 210 195
2 0 921 -346.2000 230.3000 1 867 -216.5400 340.0300
2.0288448464e-01 1.9278496001e-01 -1.9327902333e+00
112 108 101
2 0 924 154.3500 216.8700 1 903 -11.6300 156.1700
2.3371197283e-01 9.5109091706e-02 -1.8032163544e+00
148 148 140
2 0 939 205.5300 110.6300 1 641 -1.3400 44.5400
2.6712667293e-01 6.3340636591e-02 -1.7839166060e+00
72 71 66
2 0 944 251.7500 70.1000 1 821 29.4400 11.7000
1.9705235002e-01 2.0455469382e-01 -1.9439046845e+00
123 113 108
3 0 1054 145.7200 229.4500 1 968 -15.6800 167.2200 2 365 81.6000 134.2400
1.9705235002e-01 2.0455469382e-01 -1.9439046845e+00
123 113 108
3 0 1055 145.7200 229.4500 1 969 -15.6800 167.2200 2 366 81.6000 134.2400
2.1660771100e-01 1.9712431222e-01 -1.9345658810e+00
247 251 248
2 0 1056 169.9500 221.9400 1 900 1.0500 160.9800
2.4002869120e-01 2.2854432586e-01 -1.9526051575e+00
68 86 77
3 0 1124 194.9200 255.3800 1 967 23.0700 193.2900 2 489 110.1700 152.5900
-9.4452594172e-01 4.7353249303e-01 -3.8454359794e+00
211 194 166
3 0 1183 -469.7000 253.2800 1 1078 -331.5600 350.5000 2 747 -385.7300 292.4600
-9.1719333493e-01 4.5442328807e-01 -3.8325827632e+00
36 29 19
3 0 1186 -460.1000 245.4700 1 1044 -320.2100 342.7200 2 701 -374.1000 283.7300
1.7358865412e-01 5.7536172302e-02 -1.8118014420e+00
78 79 74
2 0 1200 128.9900 60.9900 1 1023 -54.6600 8.7200
1.9287039774e-01 1.0225961592e-02 -1.7503899788e+00
65 66 61
3 0 1204 160.1100 -1.0700 1 1105 -46.5800 -48.9100 2 661 71.3500 -18.2200
-8.9170735801e-01 4.6336709688e-01 -3.8480229746e+00
163 152 132
2 0 1230 -445.4700 248.4400 1 1079 -307.7500 348.0700
-8.8839688482e-01 3.7174525038e-01 -3.8316799159e+00
166 154 130
3 0 1231 -446.5800 206.0500 1 1085 -303.0600 304.5200 2 751 -359.9200 247.7100
-9.1468380412e-01 3.5186400341e-01 -3.8307849657e+00
35 31 27
3 0 1233 -459.7100 196.5700 1 1087 -312.8400 294.4000 2 752 -370.8600 238.3900
-9.1406200252e-01 3.5174252407e-01 -3.8291835564e+00
35 31 27
2 0 1234 -459.7100 196.5700 1 1088 -312.8400 294.4000
4.7791958692e-02 -3.0829573441e-02 -1.7504709750e+00
88 89 83
3 0 1252 -32.0700 -56.1400 1 1032 -181.6200 -93.2300 2 613 -33.6500 -49.6200
4.6433110389e-02 -1.0830650644e-02 -1.7555469925e+00
78 79 74
2 0 1277 -34.3300 -29.7600 1 1068 -183.6700 -73.0300
2.4172815048e-01 2.1028394592e-01 -1.9405316256e+00
247 235 234
3 0 1301 198.3100 236.1700 1 1160 23.7600 175.4000 2 787 111.2400 138.9400
-1.7421082044e-02 9.2147766631e-03 -1.7599575397e+00
39 38 34
2 0 1309 -118.0100 -3.4100 1 1140 -243.7400 -54.8600
-1.7421082044e-02 9.2147766631e-03 -1.7599575397e+00
39 38 34
2 0 1310 -118.0100 -3.4100 1 1141 -243.7400 -54.8600
3.3350397680e-02 2.9512005777e-03 -1.7625820976e+00
47 48 43
2 0 1311 -51.3500 -10.9800 1 1142 -194.8300 -59.0000
8.4884064845e-02 -2.9243650873e-02 -1.7362888304e+00
98 98 96
3 0 1312 17.4400 -56.0300 1 1108 -151.6900 -92.9500 2 724 -7.9600 -49.5800
2.5615226001e-01 6.6408181779e-02 -1.7861503689e+00
113 112 107
3 0 1338 236.7500 74.3400 1 1167 18.8800 14.3000 2 797 120.0700 27.3300
1.4475425599e-03 -1.2714265064e-03 -1.7576015455e+00
72 72 70
3 0 1344 -93.4000 -16.9300 1 1169 -225.8000 -64.8000 2 800 -66.0100 -27.7200
1.9462033636e-01 1.9906947309e-01 -1.9400891815e+00
209 215 211
3 0 1358 143.6100 222.8200 1 1186 -18.9300 162.0600 2 829 80.0900 130.7900
1.5882890669e-01 7.6223589629e-02 -1.8420367404e+00
85 84 80
3 0 1364 108.7100 83.2600 1 1192 -63.2100 31.9300 2 835 51.0600 37.5400
4.8476956054e-02 -3.9676744819e-02 -1.7485360730e+00
71 72 67
3 0 1368 -31.4100 -68.2100 1 1172 -180.9200 -101.9700 2 801 -32.4500 -56.1300
2.1075093847e-01 4.0107936194e-02 -1.7827481805e+00
125 127 124
3 0 1376 179.5900 39.0100 1 1206 -24.2600 -12.3200 2 862 85.9400 7.0200
-6.6851185501e-01 6.0674527143e-01 -3.4746139927e+00
244 208 183
2 0 415 -385.2900 353.6500 2 6 -302.9500 361.0200
-8.0999654162e-01 3.3623406195e-01 -3.8411115087e+00
212 181 147
2 0 484 -407.6700 188.2700 1 69 -266.7000 291.8000
-7.4922001323e-01 -3.7687534413e-01 -3.2762291282e+00
138 121 97
2 0 598 -456.8600 -197.4600 2 125 -340.1000 -120.5200
-7.7461804457e-01 3.3570179835e-01 -3.8359627404e+00
160 101 59
2 0 718 -391.9100 188.0400 2 345 -308.1500 233.0100
3.5600077099e-01 -2.5241430693e-01 -1.9856758644e+00
71 62 61
2 0 883 318.8900 -282.8100 2 143 196.9200 -172.0600
6.2640185339e-02 -2.5045185269e-02 -1.7181744517e+00
97 98 93
2 0 965 -14.1700 -51.5800 2 253 -24.2400 -46.9900
-8.3401358086e-01 -2.9669193922e-01 -3.3589962345e+00
249 182 164
2 0 1001 -490.3900 -145.4800 2 530 -372.7600 -76.4400
2.3044096870e-01 -3.7546873515e-01 -2.1591685272e+00
39 36 31
2 0 1029 163.7000 -368.7700 2 322 118.2600 -228.2900
2.3044096870e-01 -3.7546873515e-01 -2.1591685272e+00
39 36 31
2 0 1030 163.7000 -368.7700 2 323 118.2600 -228.2900
-8.1021889311e-01 -2.6969258867e-01 -3.3564050264e+00
115 106 88
2 0 1093 -478.0600 -130.7800 2 614 -362.3300 -63.4000
-8.0818261396e-01 -3.1279117984e-01 -3.3151553448e+00
217 157 93
2 0 1096 -483.8700 -157.8500 2 617 -365.1900 -86.9000
-8.2201169878e-01 -3.2003606207e-01 -3.3137449593e+00
112 100 78
2 0 1097 -491.7400 -161.8500 2 532 -371.8300 -90.7900
-8.2201169878e-01 -3.2003606207e-01 -3.3137449593e+00
112 100 78
2 0 1098 -491.7400 -161.8500 2 533 -371.8300 -90.7900
2.3045548924e-01 2.0174598797e-01 -1.9416855453e+00
100 96 87
2 0 1127 185.2300 226.4200 2 494 103.0100 132.3700
2.1172056688e-01 2.0123847821e-01 -1.9556326039e+00
107 104 99
2 0 1128 162.3800 224.0200 2 367 90.3600 132.3400
4.4266184308e-01 3.0286621931e-03 -1.9276320779e+00
31 23 24
2 0 1150 432.5300 -2.0800 2 601 254.4100 -3.9800
-6.9205277492e-01 6.1143909290e-01 -3.9031770540e+00
249 232 219
2 0 1180 -345.2600 317.3100 2 744 -271.5200 356.6600
-6.9205277492e-01 6.1143909290e-01 -3.9031770540e+00
249 232 219
2 0 1181 -345.2600 317.3100 2 745 -271.5200 356.6600
2.4321462153e-01 2.2109422220e-01 -1.9583238661e+00
247 240 236
2 0 1184 197.7300 246.6200 2 647 112.3700 146.4800
2.4321462153e-01 2.2109422220e-01 -1.9583238661e+00
247 240 236
2 0 1185 197.7300 246.6200 2 648 112.3700 146.4800
2.3272978021e-01 8.8697390383e-02 -1.8075803378e+00
19 20 14
2 0 1197 204.2600 101.1500 2 598 102.8900 44.3100
-7.9771285161e-01 -3.4228528025e-01 -3.2911997375e+00
115 106 91
2 0 1221 -481.9200 -175.9400 2 686 -362.4500 -103.4400
2.4245140092e-01 3.6502840892e-02 -1.7372482295e+00
66 67 62
2 0 1240 227.4600 33.8800 2 600 108.7600 0.9400
7.7765849835e-03 -5.7158664258e-02 -1.7117602409e+00
61 62 57
2 0 1284 -89.1600 -96.0300 2 673 -64.2500 -71.8200
-3.5356774878e-02 1.2675345151e-01 -1.8436344393e+00
54 53 49
2 0 1374 -131.0800 145.1500 2 833 -88.3600 70.5800
-1.3263505699e-01 -1.1420202679e-02 -1.7231605092e+00
24 23 21
2 0 1378 -277.8200 -33.0100 2 863 -165.7900 -39.3600
1.2271984735e-01 -3.6892290105e-02 -1.7480701850e+00
26 26 24
2 0 1385 66.7700 -64.6400 2 864 21.9300 -51.8000
-1.8135049376e-02 -5.0724220029e-02 -1.6997226377e+00
108 109 104
2 0 1387 -126.1700 -88.6300 2 865 -84.3700 -68.9000
2.5749917380e-01 1.8164263549e-01 -1.9460533859e+00
77 82 85
2 1 198 41.7300 150.3800 2 223 122.4200 118.6300
2.0875904631e-01 1.0854470014e-01 -1.8497360620e+00
4 9 14
2 1 262 -17.1100 65.7900 2 70 86.3500 61.3800
4.8701671134e-01 1.9927480175e-01 -1.9530298636e+00
77 80 76
2 1 581 257.1800 182.8000 2 217 283.8100 133.3900
4.8279425466e-01 2.0335991628e-01 -1.9728495282e+00
72 70 71
2 1 772 254.7200 187.6000 2 364 280.0000 138.0100
2.3372561827e-01 1.8887663243e-01 -1.9203534364e+00
115 49 60
2 1 784 14.5600 152.4500 2 55 104.8400 122.8300
-6.3840327110e-01 3.7086282636e-01 -3.8553965966e+00
166 170 169
2 1 877 -192.7200 314.5600 2 482 -248.0900 249.6100
1.3747242104e-01 2.9818641660e-01 -2.0064090752e+00
6 7 9
2 1 964 -62.2600 256.0100 2 591 39.7800 198.5100
2.1705082539e-01 2.1045944832e-01 -1.9320767579e+00
98 85 97
2 1 1005 -0.0700 172.9800 2 492 93.1800 138.2000
2.1705082539e-01 2.1045944832e-01 -1.9320767579e+00
98 85 97
2 1 1006 -0.0700 172.9800 2 493 93.1800 138.2000
-1.4164902994e-02 -2.2056634903e-02 -1.7624496454e+00
17 18 20
2 1 1031 -236.3300 -84.0500 2 611 -75.9800 -42.3000
-9.4552551558e-01 4.1536969475e-01 -3.8494318298e+00
149 153 139
2 1 1047 -326.9900 323.8300 2 702 -383.6100 266.0900
4.7057668465e-01 2.3999666287e-01 -2.0248278326e+00
40 41 36
2 1 1050 245.3100 226.0000 2 645 270.0800 164.5800
-6.9933986452e-01 3.8018125948e-01 -3.8573155029e+00
172 180 177
2 1 1083 -219.1500 316.2100 2 749 -274.7400 253.5800
1.4160698776e-01 2.9055690254e-01 -2.0048682212e+00
15 16 15
2 1 1091 -58.3000 248.7200 2 711 42.6200 193.9800
2.8221119494e-01 1.1461394095e-01 -1.8207650177e+00
20 22 22
2 1 1096 46.5200 70.8100 2 653 138.3200 64.7200
2.2474800161e-01 9.3317546678e-02 -1.8181275707e+00
131 138 148
2 1 1097 -7.4700 46.2200 2 657 96.7900 49.2500
2.7667506843e-01 8.8357600852e-02 -1.7848674599e+00
19 20 22
2 1 1101 36.4900 37.6800 2 765 133.5000 44.4300
6.6908670820e-01 -4.6165972249e-03 -1.3728652052e+00
241 236 207
2 1 1113 463.3100 -164.6200 2 802 457.2800 -62.1000
6.6908670820e-01 -4.6165972249e-03 -1.3728652052e+00
241 236 207
2 1 1114 463.3100 -164.6200 2 803 457.2800 -62.1000
1.8794875232e-01 1.1199175715e-01 -1.8658952228e+00
105 110 119
2 1 1134 -33.1200 70.3800 2 793 71.9800 64.8500
2.4674132600e-01 8.4389602214e-02 -1.8022386500e+00
25 27 26
2 1 1166 11.1300 35.5300 2 796 112.2300 42.3300
2.5771942610e-01 6.5996885441e-02 -1.7814446249e+00
111 115 124
2 1 1168 18.8800 14.3000 2 798 120.0700 27.3300
1.8131992618e-01 2.9673637819e-01 -2.0005394245e+00
7 9 8
2 1 1183 -24.8500 256.7700 2 784 69.5400 198.8700
1.5813357183e-01 2.5631457436e-01 -1.9849998771e+00
95 104 110
2 1 1199 -45.4700 217.2700 2 858 53.7100 169.9300
