# Bundle file v0.3
3 61
2.1359616282e+03 -1.5918365390e-02 -8.1120888269e-04
9.9751667996e-01 -2.9167825237e-02 -6.4107029098e-02
2.7666449935e-02 9.9932461670e-01 -2.4184251103e-02
6.4769134291e-02 2.2350579957e-02 9.9764994403e-01
-4.4069598081e-02 -2.0844665096e-02 1.5459727497e-02
2.1245375063e+03 4.9579870642e-03 3.3372950993e-04
-1.3516750943e-01 -1.5190074231e-01 9.7910975323e-01
-8.7282866263e-02 9.8616231215e-01 1.4094536302e-01
-9.8697084336e-01 -6.6408271964e-02 -1.4655543581e-01
8.0405392811e-01 5.8614936129e-02 -5.7669894035e-01
4.1559649479e+03 5.0247584989e-03 2.6905843949e-03
-2.5550076929e-01 4.3516214396e-02 9.6582902005e-01
-2.1176053094e-03 9.9895894443e-01 -4.5569102265e-02
-9.6680653320e-01 -1.3688185345e-02 -2.5514262863e-01
7.2311487058e-01 -1.2246946634e-01 -9.9456980407e-01
6.0634667876e-02 7.8196994094e-02 -6.9084622240e-01
251 225 229
2 0 65 186.6700 242.2000 1 319 422.9200 129.7500
5.8496194808e-02 7.5929145611e-02 -6.9407535475e-01
244 79 97
3 0 72 179.8300 234.3600 1 99 415.2100 120.8600 2 284 195.0700 -72.4000
6.2511302956e-02 7.5359307622e-02 -6.8905226018e-01
236 108 118
2 0 74 193.1100 233.6700 1 323 428.9900 118.7900
6.3298667569e-02 7.4928997667e-02 -6.8811692615e-01
254 251 254
3 0 76 195.7900 232.2300 1 102 431.7700 117.2100 2 609 215.0500 -77.0700
6.5483004638e-02 7.2509975459e-02 -6.8600159459e-01
250 249 250
3 0 84 203.2400 225.2800 1 328 438.2600 107.8200 2 620 220.9300 -88.6900
4.6280862147e-02 7.4801819047e-02 -7.0893099947e-01
242 254 249
3 0 86 140.9700 224.7600 1 324 374.8400 115.3200 2 808 144.2300 -75.0600
5.5505623811e-02 7.3091678939e-02 -6.9815783292e-01
235 229 225
3 0 89 170.3900 223.5400 1 109 405.4800 109.4700 2 618 180.2600 -85.1800
6.2420672923e-02 7.1881900784e-02 -6.8994262350e-01
244 237 232
3 0 92 193.0500 222.6500 1 331 428.1200 105.1100 2 818 207.3900 -91.7700
6.2420672923e-02 7.1881900784e-02 -6.8994262350e-01
244 237 232
3 0 93 193.0500 222.6500 1 330 428.1200 105.1100 2 816 207.3900 -91.7700
6.3467165283e-02 7.1995887049e-02 -6.8866862434e-01
228 120 132
3 0 94 196.5500 222.7800 1 329 431.4200 105.6700 2 815 211.6900 -90.9300
5.5000011280e-02 7.2016619887e-02 -6.9898548707e-01
255 245 247
3 0 98 168.8400 219.6300 1 112 403.5800 104.9900 2 814 177.1200 -89.9600
4.5774618835e-02 7.0448611424e-02 -7.1029136606e-01
242 246 243
3 0 108 139.8000 210.1200 1 336 372.8300 97.5200 2 623 138.0000 -95.5000
2.3881672689e-02 1.0324094226e-01 -7.3081744331e-01
22 23 18
2 0 428 71.0500 302.4900 1 302 295.7400 235.4000
6.0050303451e-02 7.9625567004e-02 -6.9138849491e-01
249 245 246
2 0 439 184.7000 246.1500 1 453 420.7100 135.6600
6.1246090050e-02 7.9307867720e-02 -6.8978661103e-01
235 112 131
2 0 440 188.6400 245.9700 1 315 425.3500 134.3600
6.1049514642e-02 7.6418655425e-02 -6.9077360335e-01
245 248 246
2 0 446 188.1800 236.4700 1 462 423.8000 122.7700
5.5662867077e-02 7.4380684143e-02 -6.9771296006e-01
248 247 238
2 0 450 170.7500 227.5600 1 466 406.0300 114.2300
5.4575214922e-02 7.4267736823e-02 -6.9914398828e-01
116 116 110
3 0 452 167.2500 226.8800 1 467 402.0200 113.7300 2 809 177.5000 -79.1900
6.5996152270e-02 7.1568724799e-02 -6.8563207431e-01
246 87 104
2 0 456 205.0100 222.6800 1 472 439.5300 104.2000
5.3904332789e-02 7.1225074634e-02 -7.0045304188e-01
243 240 239
3 0 459 165.3700 216.5600 1 335 399.7800 101.5900 2 992 171.9600 -93.4400
5.1909614606e-02 7.0649906587e-02 -7.0300398369e-01
234 233 231
3 0 464 159.0600 213.6100 1 477 393.0300 99.0100 2 994 162.9700 -95.6700
5.1909614606e-02 7.0649906587e-02 -7.0300398369e-01
234 233 231
3 0 465 159.0600 213.6100 1 478 393.0300 99.0100 2 995 162.9700 -95.6700
7.1222071768e-02 6.7962206895e-02 -6.7968260191e-01
40 37 32
2 0 466 223.0100 212.9800 1 121 456.7400 90.9500
5.5684599388e-02 6.9677382454e-02 -6.9871764198e-01
252 105 117
2 0 467 171.1800 212.4500 1 481 405.2800 95.2800
5.2115783369e-02 7.7494751857e-02 -7.0124358200e-01
136 95 108
3 0 680 159.1000 236.3100 1 576 395.1700 126.5400 2 1161 171.9800 -63.4200
5.8744586374e-02 7.6446398023e-02 -6.9345094122e-01
251 104 113
2 0 682 180.6100 235.6100 1 578 416.7600 122.7600
4.9023194459e-02 7.7639988106e-02 -7.0510062656e-01
247 243 239
3 0 684 149.3000 235.1300 1 460 384.1400 126.9700 2 978 158.7600 -62.0500
5.6527242865e-02 7.5260948126e-02 -6.9654077573e-01
105 101 102
3 0 687 173.4800 231.2600 1 463 409.1000 117.9800 2 986 186.4200 -75.0500
6.4546893168e-02 7.0844745619e-02 -6.8747497155e-01
244 232 239
3 0 694 200.1900 219.5600 1 474 435.0400 100.9700 2 996 215.4200 -96.2700
4.8362232092e-02 7.0921436686e-02 -7.0723199470e-01
129 111 107
3 0 696 147.8200 212.9500 1 475 380.9300 99.6500 2 990 148.7400 -93.8000
4.9603108878e-02 7.0016397645e-02 -7.0590410835e-01
242 236 242
3 0 700 151.8300 210.2400 1 480 385.1100 96.2200 2 998 152.9100 -98.1600
6.2192226431e-02 6.7408606635e-02 -7.0003072121e-01
30 32 29
2 0 705 191.9700 205.0100 1 130 393.5100 82.9700
6.2192226431e-02 6.7408606635e-02 -7.0003072121e-01
30 32 29
2 0 706 191.9700 205.0100 1 129 393.5100 82.9700
2.2688638714e-02 1.0247819503e-01 -7.3226909970e-01
90 89 84
2 0 906 67.4700 300.4000 1 570 291.7200 231.8300
5.0455387217e-02 7.1811479788e-02 -7.0453103936e-01
112 108 101
3 0 924 154.3500 216.8700 1 664 388.2800 103.6000 2 1164 158.2200 -90.0600
5.5281775528e-02 7.6693995761e-02 -6.9828386032e-01
105 104 102
2 0 1051 169.2900 234.8200 1 736 402.8500 123.0800
5.5356450649e-02 7.2552520834e-02 -6.9850052982e-01
247 251 248
3 0 1056 169.9500 221.9400 1 662 404.6100 107.3900 2 1233 178.8600 -87.9600
6.3160554419e-02 8.2191326297e-02 -6.8709506218e-01
68 86 77
2 0 1124 194.9200 255.3800 1 703 430.9600 146.4200
6.0096215856e-02 7.3490420950e-02 -6.9293507234e-01
100 96 87
2 0 1127 185.2300 226.4200 1 738 418.8600 110.8600
6.3932330994e-02 7.9474399591e-02 -6.8660126202e-01
247 240 236
2 0 1184 197.7300 246.6200 1 762 433.5200 136.0000
6.3955890770e-02 7.9661743430e-02 -6.8641332461e-01
247 240 236
3 0 1185 197.7300 246.6200 1 763 433.5200 136.0000 2 1337 223.3500 -54.3300
6.5098810014e-02 7.3460662751e-02 -6.8616075142e-01
251 244 243
2 0 79 201.9100 228.3400 2 617 220.9600 -84.3900
5.5724270461e-02 7.2613863794e-02 -6.9806091128e-01
219 223 217
2 0 96 171.1000 221.9800 2 619 180.4200 -87.2100
-1.3785813871e-01 8.6424029805e-02 -8.4894988151e-01
78 76 72
2 0 1132 -330.1500 209.2800 1 63 -142.9100 239.0700
7.1068393401e-02 8.1435410085e-02 -6.8311527674e-01
246 221 205
2 1 83 435.6100 140.3000 2 585 227.6800 -47.4300
6.6449317962e-02 8.1097221838e-02 -6.8728107528e-01
252 228 215
2 1 84 426.5800 139.6000 2 587 215.6300 -48.3500
6.4103482120e-02 7.6786340355e-02 -6.8789710406e-01
253 246 236
2 1 92 430.3800 124.0800 2 279 215.1800 -68.5200
4.9543143615e-02 7.6789088367e-02 -7.0503177946e-01
241 210 218
2 1 93 384.5000 123.4500 2 276 158.0100 -66.0600
4.7196822091e-02 7.5770569686e-02 -7.0853488868e-01
77 69 72
2 1 100 374.6500 118.8900 2 604 144.9200 -70.4200
4.7196822091e-02 7.5770569686e-02 -7.0853488868e-01
77 69 72
2 1 101 374.6500 118.8900 2 605 144.9200 -70.4200
6.9026065862e-02 7.1825814040e-02 -6.8344129360e-01
255 239 229
2 1 114 443.5200 104.7600 2 621 227.0300 -92.2700
6.5064638410e-02 7.1518150054e-02 -6.8746233724e-01
254 242 233
2 1 115 434.1900 103.5600 2 622 214.6400 -93.2900
6.1712333400e-02 7.8698785848e-02 -6.9117274087e-01
96 84 93
2 1 316 419.7500 131.2000 2 796 204.5200 -59.1300
4.6902218716e-02 7.0543107615e-02 -7.0992986812e-01
243 252 242
2 1 337 372.8300 97.5200 2 624 138.0000 -95.5000
6.3968261251e-02 7.8437499899e-02 -6.8847702413e-01
213 67 83
2 1 454 427.5900 130.1200 2 973 212.9100 -60.5400
4.9679742632e-02 7.3390175099e-02 -7.0420192802e-01
246 249 239
2 1 469 389.7100 110.3700 2 987 160.9700 -82.5700
5.2414202443e-02 7.7469667087e-02 -7.0115004855e-01
68 62 63
2 1 575 395.1700 126.5400 2 1160 171.9800 -63.4200
4.9577681678e-02 7.5187941682e-02 -7.0511019186e-01
70 64 61
2 1 660 385.3000 117.0300 2 1230 157.2000 -73.7100
5.4755377077e-02 7.6571755473e-02 -6.9848407100e-01
54 55 52
2 1 737 402.8500 123.0800 2 1316 180.6900 -68.1100
6.7240477802e-02 7.3476705760e-02 -6.8542310427e-01
253 243 237
2 1 810 437.1500 111.0900 2 1374 221.3800 -84.4800
6.3026530079e-02 6.7317432256e-02 -6.9155639807e-01
21 21 19
2 1 830 424.5200 86.2600 2 1394 198.1900 -112.4700
