# Bundle file v0.3
3 21
2.1535915516e+03 1.0336520235e-04 -2.2974678088e-05
9.9835292285e-01 -8.9682463364e-03 5.6665792017e-02
8.9603131224e-03 9.9995977794e-01 3.9407936812e-04
-5.6667047002e-02 1.1431295080e-04 9.9839312534e-01
6.9985178680e-02 1.5557952799e-03 -2.3992513409e-02
2.0916251448e+03 -6.1963721436e-04 -2.0385744735e-05
7.7681641620e-01 6.9593958031e-02 6.2586974405e-01
-1.0656235569e-01 9.9406861210e-01 2.1726913796e-02
-6.2064540590e-01 -8.3571977590e-02 7.7962491282e-01
9.2624908511e-01 -2.0461143151e-02 9.7774614051e-02
0 0 0
0 0 0
0 0 0
0 0 0
0 0 0
8.8874369763e-03 1.0515421984e-01 -1.2230437866e+00
252 226 231
2 0 140 14.8300 184.1900 1 453 420.7100 135.6600
1.1686644299e-02 9.8205028727e-02 -1.2205108264e+00
192 73 91
2 0 158 20.1000 172.2600 1 323 428.9900 118.7900
1.5575324587e-02 9.3920707066e-02 -1.2185341538e+00
246 248 241
2 0 172 27.1700 164.8100 1 328 438.2600 107.8200
1.2428425258e-02 9.2583932010e-02 -1.2194661066e+00
187 74 95
2 0 176 21.6600 162.1700 1 329 431.4200 105.6700
1.6516241669e-02 9.2528043189e-02 -1.2185438451e+00
171 75 87
2 0 177 28.8200 162.3900 1 472 439.5300 104.2000
1.0929852664e-02 9.2294627218e-02 -1.2199504465e+00
254 216 219
2 0 178 18.9600 162.0000 1 330 428.1200 105.1100
-5.5489783447e-03 9.2603963269e-02 -1.2265107264e+00
246 251 252
2 0 181 -10.1600 161.5700 1 469 389.7100 110.3700
-4.2602617951e-03 8.7911673818e-02 -1.2255125738e+00
224 229 226
2 0 194 -7.7400 153.3500 1 477 393.0300 99.0100
-4.2602617951e-03 8.7911673818e-02 -1.2255125738e+00
224 229 226
2 0 195 -7.7400 153.3500 1 478 393.0300 99.0100
5.4516916491e-04 8.6860417075e-02 -1.2230001876e+00
224 91 105
2 0 196 0.8100 151.8600 1 481 405.2800 95.2800
-7.5484846312e-03 8.6335010055e-02 -1.2268147379e+00
232 234 226
2 0 197 -13.4800 150.3000 1 480 385.1100 96.2200
2.7320519493e-03 9.6849794337e-02 -1.2234976331e+00
80 90 96
2 0 590 4.3000 169.6600 1 463 409.1000 117.9800
1.4006064701e-02 9.0812430735e-02 -1.2187379578e+00
242 221 228
2 0 601 24.4900 159.2900 1 474 435.0400 100.9700
-9.3187283554e-03 8.7573595468e-02 -1.2276135443e+00
96 93 99
2 0 607 -16.6200 152.3500 1 475 380.9300 99.6500
1.4124776716e-02 8.4829185956e-02 -1.2407451756e+00
25 20 26
2 0 617 22.0700 147.5200 1 130 393.5100 82.9700
8.0191155335e-04 9.2072000486e-02 -1.2239311092e+00
245 252 250
2 0 900 1.0500 160.9800 1 662 404.6100 107.3900
-6.4575709606e-03 8.9581495949e-02 -1.2262846176e+00
99 92 97
2 0 903 -11.6300 156.1700 1 664 388.2800 103.6000
1.3630353754e-02 1.1030744846e-01 -1.2218788868e+00
42 47 51
2 0 967 23.0700 193.2900 1 703 430.9600 146.4200
-2.2005150068e-01 -7.5014107634e-02 -1.0950542716e+00
50 53 52
2 0 986 -411.4600 -147.7600 1 398 220.8200 -325.4200
3.1425679377e-04 9.8787594571e-02 -1.2249173477e+00
98 85 97
2 0 1005 -0.0700 172.9800 1 737 402.8500 123.0800
-2.2464623099e-01 -9.6629201011e-02 -1.3028351627e+00
54 62 65
2 0 1229 -373.0200 -160.2400 1 859 -191.0900 -328.1500
