# Bundle file v0.3
2 30
2.1327806992e+03 7.1780424034e-06 1.9307823554e-07
9.9999999951e-01 -2.9516845284e-05 -1.0137191411e-05
2.9516366008e-05 9.9999999845e-01 -4.7275878251e-05
1.0138586830e-05 4.7275579015e-05 9.9999999883e-01
1.3440468723e-05 -1.7959742817e-04 3.5747688198e-04
2.1332007468e+03 -2.1192673370e-05 -1.4728791849e-06
9.6352474658e-01 -2.6446184156e-01 -4.0987767480e-02
2.6761804349e-01 9.5261246649e-01 1.4460315174e-01
8.0344247018e-04 -1.5029778128e-01 9.8864044598e-01
-3.5798866884e-01 5.1281797515e-01 7.7983418005e-01
-5.3291147676e-01 -1.0484602122e-01 -5.1991006397e+00
212 131 102
2 0 202 -218.6600 -43.0300 1 238 -309.5800 -236.3500
8.6355945052e-02 8.7732453607e-02 -3.6596030598e+00
150 124 105
2 0 562 50.1900 51.0700 1 62 -110.6000 67.6500
-3.1832880679e-01 -2.4634416674e-01 -4.9807787012e+00
41 26 11
2 0 611 -135.9500 -105.2600 1 378 -205.5700 -274.0700
-5.6076059384e-01 6.8678640293e-01 -5.3714644940e+00
172 167 148
2 0 784 -222.5900 272.7600 1 264 -395.8000 110.5600
8.4361021151e-02 5.5620539947e-02 -3.6731424203e+00
139 125 108
2 0 847 48.9900 32.2900 1 330 -105.0500 42.7000
8.4361021151e-02 5.5620539947e-02 -3.6731424203e+00
139 125 108
2 0 848 48.9900 32.2900 1 331 -105.0500 42.7000
-5.3868627815e-01 1.2949043397e-02 -5.2567442383e+00
46 37 28
2 0 852 -219.1100 4.9200 1 366 -320.5900 -182.6000
-5.1727444813e-01 6.0848911448e-01 -5.2804683897e+00
252 245 227
2 0 989 -208.7700 245.8800 1 392 -377.0400 89.5500
1.1117645785e-01 2.3183495523e-01 -3.5770726671e+00
140 122 110
2 0 1009 66.9600 138.4600 1 390 -126.9600 187.8200
-3.9507668921e-01 1.5442865580e-01 -5.0201492385e+00
57 44 35
2 0 1020 -168.2100 65.4200 1 350 -290.6700 -86.8300
-3.2319881929e-01 7.1047630421e-03 -4.9635999399e+00
88 74 63
2 0 1033 -139.4100 2.7600 1 413 -241.3400 -146.7100
-5.5427424467e-01 5.6837090017e-01 -5.3116176569e+00
196 187 170
2 0 1122 -222.8000 228.1200 1 325 -385.8300 64.6900
-3.8113207844e-01 -1.5218714659e-01 -4.9668578885e+00
217 59 59
2 0 1160 -163.3000 -65.1200 1 472 -250.2000 -235.1500
2.4025529205e-02 -2.7230373793e-01 -4.2184892531e+00
106 99 94
2 0 1167 12.2100 -137.6500 1 494 -57.2800 -223.0100
-4.3550652738e-01 2.9246114441e-01 -5.1326511552e+00
64 55 45
2 0 1238 -179.9500 122.1000 1 451 -317.6100 -33.7600
-4.3896375296e-01 2.5832419878e-01 -5.1047574217e+00
62 53 44
2 0 1239 -183.4500 107.9200 1 453 -317.0200 -47.8800
-3.6677712628e-01 1.5804236201e-01 -5.0321690043e+00
51 41 32
2 0 1240 -155.4100 67.0200 1 455 -276.5400 -82.1500
-4.0510283710e-01 1.0793812831e-01 -5.0440331266e+00
236 58 64
2 0 1243 -171.4200 45.5800 1 491 -287.8600 -112.1100
-4.8331080654e-01 -8.8360743467e-02 -5.1085813748e+00
246 111 100
2 0 1247 -202.1700 -37.1300 1 493 -295.7800 -219.8600
-5.1883874917e-01 -1.0059170887e-01 -5.1764854017e+00
115 22 15
2 0 1248 -214.1000 -41.6500 1 496 -305.2700 -231.8600
1.6435956508e-01 1.2281906799e-01 -3.7099708743e+00
122 79 52
2 0 1302 94.0700 70.4600 1 512 -58.4400 101.0100
-6.5126309810e-01 -6.9687622024e-02 -5.4109130396e+00
109 100 84
2 0 1354 -256.7300 -27.4700 1 526 -348.6500 -238.7100
-3.2910340732e-01 -1.5711084989e-01 -4.9258774959e+00
150 111 81
2 0 1358 -142.5100 -68.0300 1 546 -226.3900 -229.3200
-4.8973564156e-01 5.6270762278e-01 -5.2053742651e+00
238 232 214
2 0 1377 -201.2300 230.2900 1 531 -366.3500 79.4900
-4.6272786389e-01 1.6878966261e-01 -5.1389109222e+00
178 173 154
2 0 1383 -191.4000 70.4400 1 538 -314.9300 -95.7500
-5.3186808403e-01 6.6090986014e-03 -5.3428858502e+00
117 93 81
2 0 1387 -211.2800 3.3000 1 542 -310.0800 -188.2100
-5.4567060278e-01 -7.7286095615e-02 -5.1530174876e+00
254 248 234
2 0 1390 -225.8700 -31.9900 1 559 -323.2200 -224.0200
-5.4567060278e-01 -7.7286095615e-02 -5.1530174876e+00
254 248 234
2 0 1391 -225.8700 -31.9900 1 560 -323.2200 -224.0200
-5.7857761098e-01 -1.1781858561e-01 -5.2326180596e+00
16 15 11
2 0 1394 -235.8700 -48.0400 1 563 -326.4800 -249.0100
-5.2618942325e-01 3.8519402295e-01 -5.1852546758e+00
249 236 219
2 0 1415 -216.4500 158.4500 1 570 -365.2900 -5.2400
