# Bundle file v0.3
2 18
2.1330000000e+03 0.0000000000e+00 0.0000000000e+00
1.0000000000e+00 0.0000000000e+00 0.0000000000e+00
0.0000000000e+00 1.0000000000e+00 0.0000000000e+00
0.0000000000e+00 0.0000000000e+00 1.0000000000e+00
-0.0000000000e+00 -0.0000000000e+00 -0.0000000000e+00
2.1330000000e+03 0.0000000000e+00 0.0000000000e+00
9.6000550756e-01 -2.7969061263e-02 -2.7858061143e-01
-2.7907270514e-01 -1.5502896577e-02 -9.6014482525e-01
2.2535543032e-02 9.9948856512e-01 -2.2688267684e-02
-2.0672923822e-01 -7.0538451427e-01 -6.7800863496e-01
-8.4943353448e-02 -1.0346015432e-02 -8.0046991515e-01
184 166 143
2 0 93 -226.2700 -27.5800 1 2 -206.3200 276.2700
-6.6954156487e-02 -4.8410097339e-02 -7.6075814071e-01
69 61 53
2 0 138 -187.4800 -135.7600 1 63 -173.4700 133.5800
-4.6195846259e-02 -7.8048652175e-02 -7.2618048455e-01
136 36 45
2 0 209 -135.3600 -229.2800 1 485 -134.5300 17.2300
-9.0862449544e-02 -1.8547149708e-02 -7.9379792931e-01
196 179 159
2 0 301 -244.8000 -49.7400 1 412 -226.0500 258.2200
-9.1423435525e-02 -2.4749726150e-02 -7.8898763993e-01
161 148 129
2 0 309 -247.1600 -66.9100 1 426 -229.8100 242.3800
-5.6294148569e-02 -6.0872873882e-02 -7.4570656247e-01
156 146 136
2 0 330 -160.7200 -174.1500 1 96 -151.6800 80.4500
-8.8727177461e-02 -1.5848617994e-02 -7.9564713621e-01
193 176 158
2 0 437 -238.2500 -42.4300 1 716 -219.3700 262.9000
-8.0283340899e-02 -3.5642171060e-02 -7.7657002628e-01
87 72 53
2 0 448 -220.5000 -97.9000 1 740 -203.1800 193.1600
-4.4862893160e-02 -7.8995261504e-02 -7.2499854679e-01
14 8 0
2 0 470 -131.9900 -232.4100 1 778 -131.2200 12.8400
-7.9043571412e-02 -2.8980072063e-02 -7.8196715062e-01
99 82 64
2 0 540 -215.6100 -79.0500 1 962 -197.4300 209.6700
-1.3976006084e-01 -5.9347755999e-02 -7.5122399982e-01
10 9 9
2 0 556 -396.8300 -168.5100 1 748 -383.1900 164.5900
-4.6824869693e-02 -7.6217943668e-02 -7.2837614959e-01
25 9 8
2 0 571 -137.3400 -223.1800 1 995 -134.4500 23.6600
-5.3556205467e-02 -9.4842985133e-02 -7.0655239632e-01
145 30 37
2 0 578 -161.6800 -286.3200 1 1150 -165.0700 -29.7600
-8.3087199807e-02 -4.6683607624e-02 -7.6759528886e-01
204 188 168
2 0 624 -231.3500 -129.6600 1 1119 -214.1900 166.9500
-1.3751545701e-01 -5.8851150725e-02 -7.5225405362e-01
72 63 48
2 0 654 -389.1800 -167.0300 1 1254 -377.0500 165.8500
-8.4555598724e-02 -3.8055533368e-02 -7.7465209582e-01
170 153 135
2 0 690 -233.5700 -104.6800 1 1252 -215.6700 190.4700
-8.3914820833e-02 -4.4368428361e-02 -7.7021236313e-01
201 185 162
2 0 773 -234.5500 -122.5700 1 1458 -213.7600 175.4000
-8.3914820833e-02 -4.4368428361e-02 -7.7021236313e-01
201 185 162
2 0 774 -234.5500 -122.5700 1 1459 -213.7600 175.4000
