# Bundle file v0.3
3 141
2.1346210737e+03 -2.9593092230e-03 -1.5375940431e-04
9.9937108079e-01 2.2336154808e-02 -2.7541587872e-02
-2.2349602110e-02 9.9975020016e-01 -1.8048256109e-04
2.7530676701e-02 7.9591258256e-04 9.9962064223e-01
-3.4974256070e-02 -4.5049705073e-03 -9.4046029591e-03
2.1317005011e+03 1.4908228609e-03 2.4008516910e-05
9.8178298402e-01 -1.3407270122e-01 -1.3463537086e-01
1.8999708781e-01 6.9949164898e-01 6.8892128696e-01
1.8107797058e-03 -7.0195152524e-01 7.1222242122e-01
-1.1431045570e-01 9.0755047034e-01 -4.0297920286e-01
0 0 0
0 0 0
0 0 0
0 0 0
0 0 0
-1.9976968996e-01 -3.7276438183e-02 -1.2378502983e+00
175 194 72
2 0 1793 -343.5200 -63.1900 1 1174 -234.7000 -15.6700
-1.9976968996e-01 -3.7276438183e-02 -1.2378502983e+00
175 194 72
2 0 1794 -343.5200 -63.1900 1 1175 -234.7000 -15.6700
-1.4754568347e-01 -3.9063726776e-02 -1.2613622487e+00
12 10 12
2 0 1816 -248.9000 -67.0500 1 1229 -140.6400 -28.0800
-1.3167713828e-01 -4.0080922800e-02 -1.2685679579e+00
121 108 50
2 0 1828 -220.8600 -68.9800 1 1251 -112.3500 -32.4200
-1.3167713828e-01 -4.0080922800e-02 -1.2685679579e+00
121 108 50
2 0 1829 -220.8600 -68.9800 1 1252 -112.3500 -32.4200
-1.1359392763e-01 -4.2955560965e-02 -1.2775804294e+00
13 16 26
2 0 1861 -189.1600 -73.9500 1 1309 -79.8400 -40.2600
-1.4039109676e-01 -4.3317668838e-02 -1.2656140586e+00
0 1 6
2 0 1865 -236.1900 -74.2000 1 1279 -126.9200 -35.6800
-1.1451340701e-01 -5.3359440907e-02 -1.2802970680e+00
150 152 162
2 0 2008 -190.6200 -90.9300 1 1402 -78.6600 -55.9800
-1.2339502384e-01 -5.6223979525e-02 -1.2768677982e+00
86 78 50
2 0 2035 -205.7600 -95.5900 1 1427 -93.9500 -58.4200
-1.2339502384e-01 -5.6223979525e-02 -1.2768677982e+00
86 78 50
2 0 2036 -205.7600 -95.5900 1 1428 -93.9500 -58.4200
-1.5842283673e-01 -5.7726992862e-02 -1.2615178064e+00
26 26 31
2 0 2046 -267.6700 -97.8600 1 1394 -155.9000 -54.1100
-1.4281670657e-01 -6.1453611855e-02 -1.2696041344e+00
186 174 181
2 0 2078 -239.9600 -104.0500 1 1465 -126.9300 -62.7600
-1.5958144591e-01 -6.1608951093e-02 -1.2620547687e+00
31 29 31
2 0 2079 -269.5700 -104.2700 1 1447 -157.1500 -59.8100
-1.5111657793e-01 -6.6745429133e-02 -1.2672034165e+00
172 166 176
2 0 2134 -254.4600 -112.7400 1 1498 -140.6600 -69.1700
-1.5111657793e-01 -6.6745429133e-02 -1.2672034165e+00
172 166 176
2 0 2135 -254.4600 -112.7400 1 1499 -140.6600 -69.1700
-1.5080189002e-01 -7.5688187889e-02 -1.2702966592e+00
160 169 170
2 0 2224 -253.3400 -127.3600 1 1566 -138.0200 -83.5500
-1.5537651415e-01 -7.9481546729e-02 -1.2697652524e+00
17 11 20
2 0 2259 -261.3200 -133.5300 1 1600 -145.1300 -89.1200
-1.6109896096e-01 -8.0457579540e-02 -1.2671347100e+00
28 19 23
2 0 2266 -271.6900 -135.1900 1 1599 -155.2200 -89.2200
-2.1523295551e-01 -8.0374396583e-02 -1.2436612665e+00
65 74 27
2 0 2270 -369.1100 -135.3700 1 1547 -254.8500 -80.1500
-1.5839808298e-01 -8.0571613893e-02 -1.2683969500e+00
171 140 30
2 0 2271 -266.8100 -135.3600 1 1609 -150.3600 -89.9100
-1.1778340779e-01 -8.8003281864e-02 -1.2887099105e+00
29 29 19
2 0 2344 -195.4800 -147.0500 1 1700 -75.6000 -108.6900
-2.0690686018e-01 -9.1982693253e-02 -1.2505973668e+00
149 156 162
2 0 2384 -353.2500 -154.5400 1 1670 -237.0100 -99.9800
-1.5863142292e-01 -9.4667569516e-02 -1.2724616616e+00
6 6 1
2 0 2408 -266.7400 -158.3100 1 3798 -147.3700 -112.2000
-1.3553431120e-01 -1.0239873140e-01 -1.2853207103e+00
140 143 159
2 0 2460 -225.7600 -170.3900 1 1809 -103.6400 -128.7700
-1.5372067078e-01 -1.0283517138e-01 -1.2772056683e+00
11 16 23
2 0 2465 -257.6100 -171.4400 1 1795 -136.5300 -126.2500
-1.5271995121e-01 -1.0458011506e-01 -1.2782162883e+00
178 174 160
2 0 2484 -255.7700 -174.2300 1 1810 -134.2700 -129.2700
-2.1747519640e-01 -1.1742839885e-01 -1.2533690369e+00
199 194 209
2 0 2569 -370.8100 -196.5800 1 3877 -251.8600 -139.4400
-1.2977871305e-01 -1.2133861479e-01 -1.2935970347e+00
135 136 157
2 0 2593 -214.8700 -200.5100 1 1935 -88.6400 -160.2800
-1.2615173540e-01 -1.2215404220e-01 -1.2957119203e+00
23 20 26
2 0 2598 -208.8700 -201.6400 1 1947 -81.4800 -162.4400
-1.9612478660e-01 -4.3403899662e-03 -1.2299688378e+00
201 168 83
2 0 4234 -338.1000 -7.2800 1 3450 -235.1500 33.2300
-1.1319273527e-01 -3.1635884002e-02 -1.2745867100e+00
144 127 40
2 0 4383 -188.7100 -55.3600 1 3576 -81.9500 -23.4400
-1.4736813197e-01 -4.8007599087e-02 -1.2635723662e+00
175 171 180
2 0 4511 -248.5600 -81.8800 1 3612 -138.2000 -41.1800
-1.5001911129e-01 -5.3334034791e-02 -1.2640842929e+00
23 17 11
2 0 4548 -252.7900 -90.6600 1 1364 -141.8900 -49.0200
-1.5001911129e-01 -5.3334034791e-02 -1.2640842929e+00
23 17 11
2 0 4549 -252.7900 -90.6600 1 1365 -141.8900 -49.0200
-1.4526061262e-01 -6.2429048223e-02 -1.2688832857e+00
166 167 179
2 0 4594 -244.1600 -105.6400 1 1468 -131.1000 -63.9200
-1.4526061262e-01 -6.2429048223e-02 -1.2688832857e+00
166 167 179
2 0 4595 -244.1600 -105.6400 1 1469 -131.1000 -63.9200
-2.1142742425e-01 -6.3968853066e-02 -1.2402849642e+00
193 191 37
2 0 4606 -363.4400 -107.9900 1 5047 -250.8900 -54.6200
-2.0005795026e-01 -6.7352048504e-02 -1.2461575004e+00
192 188 61
2 0 4623 -342.4300 -113.6700 1 3660 -229.2900 -61.8300
-1.5469846900e-01 -7.6647624241e-02 -1.2688793184e+00
3 9 8
2 0 4675 -260.2100 -128.9400 1 1571 -144.7900 -84.4000
-1.5784579497e-01 -7.6905188132e-02 -1.2672759287e+00
190 131 19
2 0 4676 -266.0700 -129.3900 1 3715 -150.2900 -83.9200
-1.5784579497e-01 -7.6905188132e-02 -1.2672759287e+00
190 131 19
2 0 4677 -266.0700 -129.3900 1 3716 -150.2900 -83.9200
-1.4805116562e-01 -8.3614030111e-02 -1.2741542269e+00
9 3 6
2 0 4712 -248.5300 -140.2000 1 1644 -130.6700 -96.7900
-1.4805116562e-01 -8.3614030111e-02 -1.2741542269e+00
9 3 6
2 0 4713 -248.5300 -140.2000 1 1645 -130.6700 -96.7900
-1.6279591576e-01 -8.5785903884e-02 -1.2681804725e+00
10 14 9
2 0 4730 -274.3100 -143.8900 1 3745 -157.1000 -97.6000
-1.6279591576e-01 -8.5785903884e-02 -1.2681804725e+00
10 14 9
2 0 4731 -274.3100 -143.8900 1 3746 -157.1000 -97.6000
-1.5053764951e-01 -9.6274184237e-02 -1.2768959409e+00
13 7 17
2 0 4786 -252.3300 -160.7500 1 1739 -132.1500 -116.5400
-1.5118058917e-01 -9.9676041153e-02 -1.2773114293e+00
2 5 4
2 0 4805 -253.3700 -166.3000 1 1764 -132.6200 -121.5200
-1.5548429132e-01 -1.0256630435e-01 -1.2764419773e+00
182 182 187
2 0 4824 -260.7700 -171.0200 1 3831 -139.7100 -125.6300
-2.1914193717e-01 -1.0974348324e-01 -1.2506537696e+00
157 111 83
2 0 4865 -374.4100 -183.9700 1 3834 -256.2900 -126.9000
-1.4755287996e-01 -4.1545605157e-02 -1.2620808977e+00
18 10 1
2 0 6060 -248.7600 -71.1700 1 5004 -140.1400 -31.8500
-1.2679517524e-01 -4.3551866742e-02 -1.2717359351e+00
11 9 19
2 0 6071 -212.1500 -74.7700 1 5018 -102.9500 -38.5700
-1.5619335489e-01 -4.5957565440e-02 -1.2593326982e+00
185 144 32
2 0 6075 -264.4100 -78.3600 1 5011 -154.2000 -36.7200
-1.9580666899e-01 -5.7520709950e-02 -1.2442821461e+00
158 109 91
2 0 6110 -335.3800 -97.3500 1 5035 -223.9300 -46.2400
-1.2026314153e-01 -6.8609467076e-02 -1.2823235158e+00
12 12 9
2 0 6158 -200.3800 -115.6900 1 3701 -84.6900 -78.4900
-1.9923120815e-01 -6.9503439965e-02 -1.2474084181e+00
163 112 87
2 0 6161 -340.4900 -117.2400 1 5061 -227.4600 -65.6600
-1.2529722077e-01 -7.8719850723e-02 -1.2825671090e+00
156 159 176
2 0 6199 -208.7100 -132.1500 1 5101 -91.4200 -92.7900
-1.5337222013e-01 -7.9622679419e-02 -1.2704326645e+00
154 151 149
2 0 6206 -257.7700 -133.7800 1 5096 -141.6200 -89.4000
-1.5443946042e-01 -8.4797873943e-02 -1.2714748982e+00
160 159 160
2 0 6231 -259.3800 -142.2300 1 5113 -142.4000 -97.3600
-1.2716238599e-01 -9.0929976519e-02 -1.2858161770e+00
154 155 172
2 0 6249 -211.7100 -151.8000 1 3800 -91.3000 -112.1500
-1.2286236362e-01 -9.2389015409e-02 -1.2883259013e+00
157 164 182
2 0 6253 -204.1000 -154.0800 1 5143 -83.2800 -115.3700
-1.9628045009e-01 -1.6335424179e-02 -1.2331082076e+00
189 189 49
2 0 7015 -338.2900 -27.7500 1 4913 -232.6600 15.6500
-1.8626902393e-01 -1.6065785499e-02 -1.2372094083e+00
174 193 210
2 0 7016 -319.7100 -27.6000 1 5761 -215.0600 14.3700
-1.4628178553e-01 -3.3701858641e-02 -1.2602301891e+00
120 94 44
2 0 7042 -246.9000 -58.1700 1 5802 -139.6600 -20.0500
-1.9315608579e-01 -3.9283490854e-02 -1.2414333496e+00
108 102 124
2 0 7050 -331.0600 -66.6900 1 5800 -222.4400 -20.0900
-1.1914023465e-01 -5.5077685779e-02 -1.2789169562e+00
18 13 17
2 0 7080 -198.9300 -93.6600 1 5829 -85.9600 -57.9400
-2.1115843707e-01 -7.2222879407e-02 -1.2427877890e+00
189 193 48
2 0 7114 -362.2400 -121.8000 1 5839 -248.9800 -67.6300
-2.1115843707e-01 -7.2222879407e-02 -1.2427877890e+00
189 193 48
2 0 7115 -362.2400 -121.8000 1 5840 -248.9800 -67.6300
-1.5534822609e-01 -8.1855188809e-02 -1.2706264174e+00
14 14 16
2 0 7131 -261.0900 -137.3900 1 5869 -144.5200 -93.0300
-1.5009070257e-01 -8.9000011977e-02 -1.2749488076e+00
15 14 18
2 0 7146 -251.6700 -148.9700 1 5874 -133.2400 -105.0800
-1.5713857076e-01 -9.4355509676e-02 -1.2730619704e+00
14 15 3
2 0 7155 -263.9400 -157.7900 1 5881 -144.8800 -112.0000
-2.0044257412e-01 -1.0590867189e-01 -1.2572165504e+00
121 124 126
2 0 7179 -340.7000 -177.3700 1 6512 -222.2700 -123.1600
-1.2692845308e-01 -3.1895416101e-02 -1.2684216009e+00
11 10 10
2 0 7598 -212.0900 -55.5800 1 5805 -106.5900 -21.1500
-1.9731309893e-01 -3.4256907950e-02 -1.2378985381e+00
40 69 49
2 0 7601 -339.2100 -58.1400 1 5789 -230.9100 -11.3400
-1.9707228277e-01 -3.8940140989e-02 -1.2394230856e+00
195 190 57
2 0 7610 -338.4700 -66.0500 1 6234 -229.5300 -18.6100
-1.0817840633e-01 -4.4313637080e-02 -1.2804160733e+00
165 121 41
2 0 7623 -179.6000 -76.2500 1 6246 -70.1600 -43.3500
-1.2055421314e-01 -5.9772559570e-02 -1.2793945263e+00
16 14 9
2 0 7636 -201.1600 -101.3400 1 5838 -87.5000 -64.5900
-1.9990356002e-01 -6.2764308634e-02 -1.2453430163e+00
25 53 25
2 0 7640 -342.2500 -105.9800 1 6257 -229.7900 -55.2000
-1.9990356002e-01 -6.2764308634e-02 -1.2453430163e+00
25 53 25
2 0 7641 -342.2500 -105.9800 1 6258 -229.7900 -55.2000
-1.8109202463e-01 -6.4062314503e-02 -1.2529415457e+00
112 139 178
2 0 7645 -307.3100 -108.3400 1 6489 -196.5000 -59.4300
-2.1013815798e-01 -6.7929487605e-02 -1.2420954724e+00
21 61 39
2 0 7651 -360.8000 -114.6100 1 6260 -247.6900 -61.1700
-2.1534187055e-01 -7.3097209672e-02 -1.2405803492e+00
25 79 29
2 0 7652 -369.8700 -123.3400 1 6267 -257.0300 -67.5600
-1.1541633359e-01 -7.5287228339e-02 -1.2862851979e+00
23 18 15
2 0 7654 -191.6400 -126.5200 1 6275 -74.6500 -89.5300
-2.1261704357e-01 -8.1574204698e-02 -1.2448297545e+00
184 188 56
2 0 7664 -364.2100 -137.3900 1 6270 -250.0000 -82.1400
-2.1261704357e-01 -8.1574204698e-02 -1.2448297545e+00
184 188 56
2 0 7665 -364.2100 -137.3900 1 6271 -250.0000 -82.1400
-2.0260763914e-01 -8.1558238952e-02 -1.2493821529e+00
104 104 121
2 0 7666 -346.0000 -137.2700 1 6272 -231.2200 -84.0300
-2.0260763914e-01 -8.1558238952e-02 -1.2493821529e+00
104 104 121
2 0 7667 -346.0000 -137.2700 1 6273 -231.2200 -84.0300
-1.2033840835e-01 -8.6608747091e-02 -1.2875871173e+00
161 162 175
2 0 7676 -199.9100 -144.7800 1 6283 -80.3300 -106.5300
-2.2440071488e-01 -9.1262229162e-02 -1.2435569837e+00
21 98 46
2 0 7683 -384.8200 -153.4700 1 6505 -269.7900 -96.8200
-1.2933177366e-01 -1.1154824837e-01 -1.2912150991e+00
15 16 11
2 0 7708 -214.8500 -184.8300 1 6301 -89.7800 -144.8900
-1.3406877334e-01 -1.1414102740e-01 -1.2898336652e+00
141 103 32
2 0 7714 -222.9900 -189.0800 1 6303 -97.6700 -148.2400
-1.2657327305e-01 -1.1479944641e-01 -1.2943471823e+00
164 166 183
2 0 7715 -209.3800 -189.8400 1 6539 -84.1000 -151.6200
-2.4242549256e-01 -1.2488547395e-01 -1.2453568419e+00
196 157 38
2 0 7726 -416.1000 -209.3800 1 6533 -297.4200 -148.5600
-1.9210028757e-01 -9.2013364312e-03 -1.2322868714e+00
205 200 207
2 0 7878 -330.5400 -15.7500 1 6221 -227.4100 26.1900
-2.0183665841e-01 -1.8654583114e-02 -1.2318014006e+00
25 77 49
2 0 7882 -347.7400 -31.5600 1 6456 -242.6100 12.6700
-2.0183665841e-01 -1.8654583114e-02 -1.2318014006e+00
25 77 49
2 0 7883 -347.7400 -31.5600 1 6457 -242.6100 12.6700
-1.9576428717e-01 -2.6093207050e-02 -1.2359402147e+00
46 77 48
2 0 7889 -336.6900 -44.3700 1 6230 -230.0500 1.0800
-2.0896179467e-01 -3.1021103305e-02 -1.2318172316e+00
13 93 34
2 0 7890 -360.3600 -52.4500 1 6461 -253.2900 -4.2000
-2.0896179467e-01 -3.1021103305e-02 -1.2318172316e+00
13 93 34
2 0 7891 -360.3600 -52.4500 1 6462 -253.2900 -4.2000
-1.2115517201e-01 -3.7961663482e-02 -1.2730806398e+00
14 13 9
2 0 7898 -202.7100 -65.6000 1 6239 -93.9200 -31.6600
-1.2952923042e-01 -4.1969336047e-02 -1.2700468526e+00
10 13 7
2 0 7906 -216.5700 -72.1600 1 6470 -108.5800 -35.6800
-1.2952923042e-01 -4.1969336047e-02 -1.2700468526e+00
10 13 7
2 0 7907 -216.5700 -72.1600 1 6471 -108.5800 -35.6800
-1.2952923042e-01 -4.1969336047e-02 -1.2700468526e+00
10 13 7
2 0 7908 -216.5700 -72.1600 1 6472 -108.5800 -35.6800
-2.0113606943e-01 -4.7521903108e-02 -1.2393520828e+00
40 70 38
2 0 7913 -345.8600 -80.4900 1 6469 -235.3300 -30.1400
-1.5235815164e-01 -5.0429212655e-02 -1.2629539280e+00
179 136 33
2 0 7916 -256.7200 -85.8000 1 6481 -146.6600 -45.0000
-1.1572476303e-01 -5.0722796433e-02 -1.2789907121e+00
159 163 185
2 0 7917 -192.7400 -86.6200 1 6483 -81.5000 -51.7500
-1.3064036752e-01 -6.1389181777e-02 -1.2748883883e+00
162 170 188
2 0 7924 -218.1200 -104.0300 1 6492 -105.7700 -64.7600
-2.1385700536e-01 -6.7467666703e-02 -1.2410126996e+00
21 76 38
2 0 7928 -366.8600 -113.8000 1 6490 -254.9800 -60.5900
-1.1477408451e-01 -6.9938306951e-02 -1.2841987987e+00
22 23 18
2 0 7930 -190.9800 -117.9300 1 6497 -74.9500 -80.4500
-1.2586819555e-01 -8.3085928941e-02 -1.2833884862e+00
151 157 183
2 0 7946 -209.2800 -139.2600 1 6507 -91.7200 -99.3100
-2.1101695814e-01 -8.7306709543e-02 -1.2474553171e+00
46 72 47
2 0 7950 -361.0500 -146.8500 1 6501 -245.5800 -91.8300
-1.1914763239e-01 -9.1981080986e-02 -1.2895992189e+00
15 17 13
2 0 7952 -197.8700 -153.4000 1 6510 -76.7100 -115.0600
-1.3623570123e-01 -9.8750114499e-02 -1.2842037391e+00
13 13 11
2 0 7959 -227.2400 -164.4900 1 6513 -105.5500 -123.1300
-1.3623570123e-01 -9.8750114499e-02 -1.2842037391e+00
13 13 11
2 0 7960 -227.2400 -164.4900 1 6514 -105.5500 -123.1300
-1.2704965660e-01 -1.0047314635e-01 -1.2883631242e+00
15 16 11
2 0 7962 -210.8200 -167.2000 1 6517 -89.2100 -126.9600
-1.3994040488e-01 -1.0425392321e-01 -1.2838066669e+00
164 170 188
2 0 7964 -233.1600 -173.4800 1 6519 -111.3900 -130.9000
-1.2533066752e-01 -1.0707884010e-01 -1.2915581382e+00
147 154 170
2 0 7967 -207.8300 -177.6500 1 6527 -84.0200 -138.2800
-1.4416540726e-01 -1.0854467115e-01 -1.2836698098e+00
21 14 14
2 0 7968 -240.2400 -180.3900 1 6526 -117.8700 -137.6000
-1.2220042007e-01 -1.1239684333e-01 -1.2939929493e+00
15 15 4
2 0 7972 -202.5700 -186.1200 1 6531 -76.9800 -146.7100
-1.4310918937e-01 -1.1467424451e-01 -1.2859727467e+00
157 155 174
2 0 7973 -238.3700 -190.1700 1 6532 -114.2300 -147.6500
-1.3743725767e-01 -5.3247482450e-02 -1.2705331760e+00
173 134 26
2 0 8060 -230.2600 -90.5600 1 6618 -119.3300 -52.1900
-1.1812174466e-01 -6.4011947336e-02 -1.2808456485e+00
154 158 177
2 0 8064 -197.1100 -108.3100 1 6629 -82.2600 -70.5600
-1.4273135089e-01 -7.3617765858e-02 -1.2727403473e+00
171 131 38
2 0 8069 -239.8000 -123.9700 1 6631 -123.6900 -81.1100
-1.3349918172e-01 -7.7605459299e-02 -1.2781110964e+00
159 162 188
2 0 8072 -223.3600 -130.4200 1 6638 -106.2500 -89.0700
-1.2074273281e-01 -7.9244944606e-02 -1.2843075354e+00
46 39 29
2 0 8074 -200.4700 -133.0500 1 6503 -83.7100 -93.9400
-1.9353753980e-01 -8.3670476563e-02 -1.2535935185e+00
105 133 167
2 0 8077 -328.9200 -140.7700 1 6635 -214.7500 -88.5300
-1.9353753980e-01 -8.3670476563e-02 -1.2535935185e+00
105 133 167
2 0 8078 -328.9200 -140.7700 1 6636 -214.7500 -88.5300
-1.3691083517e-01 -9.1682139253e-02 -1.2813062026e+00
164 168 188
2 0 8084 -228.2800 -153.2100 1 6644 -109.1500 -111.2700
-1.4859421093e-01 -1.0264156715e-01 -1.2782636115e+00
174 131 34
2 0 8087 -249.0200 -171.1800 1 6650 -127.4800 -125.5000
-1.3240796115e-01 -1.2378728343e-01 -1.2932813093e+00
159 165 183
2 0 8091 -219.7300 -204.4200 1 6656 -92.3300 -163.9400
-1.3018182734e-01 -5.4580543954e-02 -1.2732308119e+00
56 58 52
2 0 8136 -217.3700 -92.8900 1 6621 -106.7200 -54.5400
-2.0757309493e-01 -5.7157451675e-02 -1.2402593095e+00
28 67 41
2 0 8137 -356.1800 -96.5900 1 6710 -245.5200 -45.0000
-2.1710410692e-01 -8.5281089813e-02 -1.2441229136e+00
18 72 31
2 0 8142 -372.0400 -143.5700 1 6634 -257.6800 -87.4800
-2.1836546947e-01 -9.4705399077e-02 -1.2463657020e+00
187 185 48
2 0 8143 -374.0600 -159.1900 1 6713 -257.8600 -102.4100
-2.1836546947e-01 -9.4705399077e-02 -1.2463657020e+00
187 185 48
2 0 8144 -374.0600 -159.1900 1 6714 -257.8600 -102.4100
-2.2401324681e-01 -1.1779243081e-01 -1.2506896027e+00
190 160 35
2 0 8147 -382.8000 -197.3300 1 6719 -264.0500 -139.0700
-1.3555784178e-01 -1.1413734384e-01 -1.2895751290e+00
116 90 1
2 0 8187 -225.9000 -189.0200 1 6757 -99.8500 -148.4100
-2.3453085772e-01 -1.2240853663e-01 -1.2487167049e+00
192 158 40
2 0 8189 -401.1900 -204.9900 1 6755 -282.8000 -146.4400
-2.1105279705e-01 -7.1703625583e-02 -1.2430968030e+00
157 170 46
2 0 8209 -361.8000 -120.9000 1 6787 -248.8700 -67.3100
-2.1105279705e-01 -7.1703625583e-02 -1.2430968030e+00
157 170 46
2 0 8210 -361.8000 -120.9000 1 6788 -248.8700 -67.3100
-2.0150154137e-01 -9.4084085500e-02 -1.2533515917e+00
191 195 205
2 0 8212 -342.8300 -157.9900 1 6790 -227.1300 -104.0200
-1.8742388310e-01 -5.1538640596e-02 -1.2468993692e+00
194 198 207
2 0 8221 -319.3000 -87.4100 1 6785 -210.5600 -39.3100
