# Bundle file v0.3
3 743
2.2313847660e+03 -1.0305973656e-01 -1.4494592676e-02
9.9981170146e-01 6.3843886265e-03 -1.8324879199e-02
-6.0929910426e-03 9.9985480317e-01 1.5913768873e-02
1.8423818169e-02 -1.5799119009e-02 9.9970543200e-01
-3.5065262247e-02 3.4262702045e-02 -1.0357519875e-01
2.0242498794e+03 2.2021127289e-02 -2.1089982281e-03
8.3582750439e-01 -3.4987100604e-01 4.2306342555e-01
3.0231032340e-01 9.3657829825e-01 1.7728383915e-01
-4.5825849831e-01 -2.0282267848e-02 8.8858751867e-01
8.2368207723e-01 3.6764980580e-01 -4.9976155552e-01
0 0 0
0 0 0
0 0 0
0 0 0
0 0 0
2.3807785110e-01 1.9222589740e-01 -1.9798014322e+00
24 27 32
2 0 226 257.2300 206.3100 1 490 100.3200 230.1400
3.6011384253e-01 1.4840906113e-01 -1.9347662838e+00
205 202 197
2 0 305 395.0300 163.7100 1 484 215.7500 231.0900
3.3333686968e-01 9.8618496057e-02 -1.9636246708e+00
150 147 142
2 0 458 361.2400 107.5600 1 676 200.1200 179.3500
2.1473286434e-01 9.3230838836e-02 -2.0220434090e+00
40 39 39
2 0 488 228.1300 98.4700 1 865 97.1200 136.5900
3.4411964935e-01 9.0355045109e-02 -1.9607045130e+00
199 194 191
2 0 489 373.2900 98.7400 1 692 211.0100 175.8800
2.4655793630e-01 6.9723606088e-02 -2.0123652956e+00
187 180 171
2 0 550 262.4300 74.4900 1 901 129.8700 126.8300
2.0303427384e-01 4.6237112726e-02 -2.0415920869e+00
147 143 139
2 0 623 214.0500 48.6300 1 1050 95.3900 92.8700
3.7007152677e-01 1.6231113478e-02 -1.9700843119e+00
199 196 191
2 0 719 399.4100 18.1800 1 929 245.8700 121.7000
4.3852396826e-01 -6.8737850156e-03 -1.9440785607e+00
194 189 184
2 0 806 478.0900 -6.8400 1 910 308.7400 124.4800
3.5910713175e-01 -1.8855253255e-02 -1.9877623176e+00
165 158 151
2 0 856 384.5900 -19.5600 1 1072 241.2500 88.3400
3.9395942251e-01 -3.1426113475e-02 -1.9741139742e+00
161 156 152
2 0 922 424.0900 -33.1800 1 1066 273.6200 89.2000
4.0650495154e-01 -4.8120404409e-02 -1.9746799470e+00
193 189 178
2 0 1019 437.3300 -51.4100 1 1107 286.2100 79.3400
1.9362921378e-01 -5.5195970757e-02 -2.0783563111e+00
186 180 180
2 0 1041 200.9900 -56.4000 1 1450 104.4700 4.8900
3.1600134491e-01 -5.7940649025e-02 -2.0212514406e+00
195 190 186
2 0 1061 333.8200 -60.6700 1 1274 209.9800 41.9200
2.2756048853e-01 -7.9851603347e-02 -2.0697459582e+00
195 188 183
2 0 1170 236.3600 -81.9800 1 1502 137.8800 -4.5800
2.9339825296e-01 -8.8508022920e-02 -2.0407808764e+00
195 190 184
2 0 1234 307.4900 -92.2800 1 1415 195.7400 9.7300
3.3434261213e-01 -9.5690771100e-02 -2.0238693124e+00
187 182 178
2 0 1290 352.4700 -100.3100 1 1389 231.8500 16.6300
4.3619674728e-01 -9.4829609879e-02 -1.9736269792e+00
191 188 183
2 0 1298 469.0300 -101.6700 1 1225 319.2900 50.2700
4.5776510888e-01 -1.0686940498e-01 -1.9667917211e+00
195 190 184
2 0 1370 493.4700 -114.9600 1 1235 339.5900 47.2600
2.4934159866e-01 -1.2262771302e-01 -2.0742828250e+00
183 178 174
2 0 1429 258.0400 -126.0300 1 1625 162.8700 -32.7000
3.2186560594e-01 -1.2922650460e-01 -2.0416876372e+00
152 146 140
2 0 1483 336.7300 -134.7800 1 1551 225.7500 -14.8300
3.2186560594e-01 -1.2922650460e-01 -2.0416876372e+00
152 146 140
2 0 1484 336.7300 -134.7800 1 1552 225.7500 -14.8300
4.3669896224e-01 -1.2653743806e-01 -1.9825352771e+00
162 158 149
2 0 1485 467.5600 -135.2300 1 1349 324.7400 24.3800
1.6661081736e-01 -1.3863326056e-01 -2.1202979497e+00
147 137 136
2 0 1503 170.3300 -139.5600 1 1852 94.3800 -72.5400
1.6917899506e-01 -1.4329841282e-01 -2.1200005029e+00
186 177 176
2 0 1527 172.9000 -144.2900 1 1882 97.5600 -75.4200
2.4418581737e-01 -1.4174097814e-01 -2.0821623664e+00
202 194 191
2 0 1534 251.8700 -145.1000 1 1721 161.8600 -49.9500
3.6644960385e-01 -1.4106200257e-01 -2.0243765814e+00
164 159 155
2 0 1554 385.7300 -148.1400 1 1528 265.4400 -10.4400
2.0036097190e-01 -1.6113456080e-01 -2.1096696420e+00
190 182 179
2 0 1611 204.8900 -163.0100 1 1912 127.5200 -79.7500
1.2525036130e-01 -1.9421302500e-01 -2.1581637432e+00
103 99 100
2 0 1737 126.9400 -192.5700 1 2243 68.3000 -130.4200
2.5479780729e-01 -1.9132907520e-01 -2.0937796344e+00
195 185 183
2 0 1748 261.2200 -195.1400 1 1960 178.3200 -86.6000
4.0609334253e-01 -1.9644486033e-01 -2.0212491038e+00
159 152 146
2 0 1798 427.3600 -206.8600 1 1685 307.8600 -42.3200
4.5019296099e-01 -2.0180926059e-01 -2.0003804500e+00
167 159 153
2 0 1832 477.6700 -214.4200 1 1626 346.5600 -32.4800
3.0007296888e-01 -2.2518546936e-01 -2.0838221044e+00
148 141 135
2 0 1887 308.1800 -230.8100 1 2048 221.4000 -99.3200
3.0007296888e-01 -2.2518546936e-01 -2.0838221044e+00
148 141 135
2 0 1888 308.1800 -230.8100 1 2049 221.4000 -99.3200
2.5758821586e-01 -2.6564843546e-01 -2.1168736194e+00
151 145 139
2 0 2051 261.2100 -268.3600 1 2335 191.9000 -144.9300
1.1509935996e-01 -2.8748861896e-01 -2.1943962286e+00
174 167 164
2 0 2091 115.1000 -280.5200 1 2623 74.8300 -207.7900
3.8647064615e-01 -2.7611941468e-01 -2.0558971939e+00
156 153 146
2 0 2120 400.3400 -286.2900 1 2138 302.8300 -112.3300
2.0722792543e-01 -3.0064754203e-01 -2.1524554750e+00
196 189 183
2 0 2169 207.6300 -298.9500 1 2546 154.9900 -188.5300
1.5501775049e-01 -3.2213545798e-01 -2.1865054308e+00
197 190 182
2 0 2233 154.0700 -315.8400 1 2699 113.7200 -221.7500
2.2616112716e-01 -3.3034374830e-01 -2.1537558850e+00
163 156 148
2 0 2280 226.0400 -328.3400 1 2620 175.0800 -205.7400
2.7845941552e-01 -3.2686009836e-01 -2.1261714243e+00
190 187 180
2 0 2286 280.7000 -328.7500 1 2535 218.8200 -186.4500
2.0032272894e-01 -3.3780430314e-01 -2.1693395896e+00
156 149 141
2 0 2308 199.3300 -333.4700 1 2689 154.3500 -219.7800
3.2702430268e-01 -3.2841237200e-01 -2.1036381842e+00
156 152 143
2 0 2309 332.1800 -333.4100 1 2476 259.5500 -172.5400
2.0669302278e-01 -3.4038759374e-01 -2.1666964182e+00
163 156 148
2 0 2324 205.7600 -336.3500 1 2690 160.2600 -219.8000
3.3000447228e-01 -3.3610521085e-01 -2.1043187842e+00
167 164 155
2 0 2343 335.0300 -341.1300 1 2499 263.2900 -177.5500
7.7863359249e-02 -3.5844613191e-01 -2.2357451744e+00
135 131 120
2 0 2356 77.7600 -343.6500 1 2981 55.0900 -274.6800
1.9436622214e-01 -3.5999930766e-01 -2.1792103935e+00
156 152 143
2 0 2411 192.6500 -353.8600 1 2804 152.8700 -238.8200
-1.9329771323e-01 3.6049046909e-01 -2.1362320006e+00
120 120 126
2 0 2515 -184.8700 358.8900 1 3596 -321.2800 233.4300
-1.9942642458e-01 3.5112253360e-01 -2.1442719761e+00
123 124 130
2 0 2520 -190.2000 348.6300 1 3633 -325.1800 222.1800
2.8381877384e-01 3.1010181803e-01 -1.9211006280e+00
178 180 179
2 0 2524 313.7700 342.8200 1 68 120.8800 348.2400
3.6591820477e-01 3.0374224961e-01 -1.8815484184e+00
209 210 214
2 0 2525 410.7800 342.0800 1 15 196.3000 370.7400
3.6591820477e-01 3.0374224961e-01 -1.8815484184e+00
209 210 214
2 0 2526 410.7800 342.0800 1 16 196.3000 370.7400
3.6591820477e-01 3.0374224961e-01 -1.8815484184e+00
209 210 214
2 0 2527 410.7800 342.0800 1 17 196.3000 370.7400
2.8103455872e-01 2.9432209360e-01 -1.9269034682e+00
202 202 202
2 0 2546 309.9600 324.6000 1 118 121.3200 333.3500
2.8103455872e-01 2.9432209360e-01 -1.9269034682e+00
202 202 202
2 0 2547 309.9600 324.6000 1 120 121.3200 333.3500
2.7458887773e-01 2.9192931249e-01 -1.9308321763e+00
193 193 193
2 0 2549 302.4100 321.4400 1 127 115.9600 328.9700
2.6225050996e-01 2.8526431550e-01 -1.9402095413e+00
60 61 63
2 0 2552 287.8500 311.4800 1 162 105.0400 320.0400
3.5566254384e-01 2.7748375619e-01 -1.8953956691e+00
205 209 210
2 0 2553 396.9500 310.7300 1 87 191.2200 343.4800
4.1983260994e-01 2.7282513709e-01 -1.8634041765e+00
217 217 217
2 0 2555 474.8200 310.2700 1 32 250.3700 361.4100
4.1983260994e-01 2.7282513709e-01 -1.8634041765e+00
217 217 217
2 0 2556 474.8200 310.2700 1 33 250.3700 361.4100
3.4233175546e-01 2.7651226641e-01 -1.9016031023e+00
200 201 203
2 0 2558 381.1300 308.8600 1 104 179.7500 338.1900
3.4233175546e-01 2.7651226641e-01 -1.9016031023e+00
200 201 203
2 0 2559 381.1300 308.8600 1 105 179.7500 338.1900
3.4233175546e-01 2.7651226641e-01 -1.9016031023e+00
200 201 203
2 0 2560 381.1300 308.8600 1 106 179.7500 338.1900
4.3048181871e-01 2.5189758621e-01 -1.8640313039e+00
214 212 213
2 0 2572 486.7100 286.4400 1 77 263.4900 346.6200
4.3048181871e-01 2.5189758621e-01 -1.8640313039e+00
214 212 213
2 0 2573 486.7100 286.4400 1 78 263.4900 346.6200
4.1090958387e-01 2.3910018997e-01 -1.8791621942e+00
215 215 215
2 0 2583 461.5700 270.2500 1 133 247.4400 327.9400
4.3694107784e-01 2.3671903840e-01 -1.8660748429e+00
207 203 203
2 0 2584 493.5400 269.1100 1 113 271.4700 335.0100
2.5904966716e-01 2.4530348293e-01 -1.9532321255e+00
43 44 47
2 0 2586 282.7800 267.0700 1 285 109.8800 282.9300
2.6633718863e-01 2.3794712318e-01 -1.9523117166e+00
151 148 141
2 0 2597 290.7500 259.5300 1 304 117.6600 278.4000
3.5946400462e-01 2.2802016750e-01 -1.9080960657e+00
207 207 207
2 0 2601 398.9800 254.0800 1 220 203.1400 301.1500
4.1565990540e-01 2.2387936277e-01 -1.8816939837e+00
208 207 205
2 0 2603 466.3700 252.6800 1 174 253.9700 316.2200
3.9921816216e-01 2.2193064380e-01 -1.8908091970e+00
213 213 210
2 0 2610 446.2100 249.4900 1 201 239.4700 308.7900
4.3781768027e-01 2.1427356450e-01 -1.8730313490e+00
172 170 171
2 0 2617 493.0100 242.8800 1 175 275.5600 315.3700
2.5181701023e-01 2.1661025680e-01 -1.9662304739e+00
50 50 55
2 0 2624 273.4400 234.9500 1 394 108.4100 254.6300
3.4367048460e-01 2.0511390590e-01 -1.9233057271e+00
213 208 205
2 0 2627 379.0400 226.9900 1 312 192.6800 275.7000
2.4593893612e-01 1.9663112503e-01 -1.9747743162e+00
39 38 41
2 0 2639 266.1600 212.3200 1 463 106.7900 235.6200
4.1432317370e-01 1.7457483174e-01 -1.8987366409e+00
207 206 202
2 0 2667 461.3800 195.7200 1 325 260.1000 272.1400
4.1432317370e-01 1.7457483174e-01 -1.8987366409e+00
207 206 202
2 0 2668 461.3800 195.7200 1 326 260.1000 272.1400
4.4513013799e-01 1.6456970869e-01 -1.8853769109e+00
163 159 158
2 0 2678 498.4500 185.7200 1 318 289.5400 274.0100
3.4039687160e-01 1.6392119566e-01 -1.9388035051e+00
194 189 184
2 0 2687 372.9100 180.2900 1 444 196.1000 238.3400
4.3284919136e-01 1.5074730271e-01 -1.8959637645e+00
205 202 200
2 0 2698 482.4800 169.3700 1 378 280.7000 257.8000
4.3284919136e-01 1.5074730271e-01 -1.8959637645e+00
205 202 200
2 0 2699 482.4800 169.3700 1 379 280.7000 257.8000
3.9861543332e-01 1.4818623069e-01 -1.9137925993e+00
182 181 177
2 0 2704 441.0300 165.0300 1 432 250.7100 244.2800
2.6020921466e-01 1.4107886232e-01 -1.9851727097e+00
179 174 168
2 0 2724 280.1200 151.7500 1 629 128.9600 192.2400
2.5957999761e-01 1.2428493875e-01 -1.9886648755e+00
183 178 172
2 0 2739 279.0000 133.7000 1 686 132.1600 177.8700
4.0796340228e-01 1.1900452691e-01 -1.9193797276e+00
201 198 193
2 0 2743 450.1600 132.4400 1 521 263.0900 221.7000
4.0796340228e-01 1.1900452691e-01 -1.9193797276e+00
201 198 193
2 0 2744 450.1600 132.4400 1 522 263.0900 221.7000
2.4869240468e-01 1.1817858527e-01 -1.9976419083e+00
184 177 171
2 0 2752 266.4200 126.5700 1 719 122.8800 168.6900
2.6019141573e-01 1.0223818148e-01 -1.9963640222e+00
187 179 177
2 0 2770 278.7100 109.6300 1 765 135.9600 158.9900
2.8681091815e-01 9.5121825102e-02 -1.9865301757e+00
194 186 183
2 0 2782 308.1800 102.5700 1 756 160.1900 161.3800
2.7943840555e-01 9.4687827261e-02 -1.9894366241e+00
208 201 195
2 0 2783 299.9600 102.0200 1 768 154.1500 158.7100
2.7943840555e-01 9.4687827261e-02 -1.9894366241e+00
208 201 195
2 0 2784 299.9600 102.0200 1 769 154.1500 158.7100
3.1984860798e-01 8.7565535214e-02 -1.9733368408e+00
197 192 188
2 0 2793 345.2700 95.1000 1 734 190.2000 165.6000
3.1984860798e-01 8.7565535214e-02 -1.9733368408e+00
197 192 188
2 0 2794 345.2700 95.1000 1 735 190.2000 165.6000
3.8361658754e-01 7.4995471068e-02 -1.9455030723e+00
156 153 148
2 0 2816 418.5500 82.5600 1 693 248.3000 176.0100
2.0929425366e-01 6.7984574682e-02 -2.0320403820e+00
145 142 135
2 0 2836 221.4600 71.8200 1 958 97.0600 113.1000
3.7333164688e-01 6.4281412502e-02 -1.9543022739e+00
155 150 147
2 0 2839 405.8100 70.7800 1 744 240.9000 163.1300
3.7333164688e-01 6.4281412502e-02 -1.9543022739e+00
155 150 147
2 0 2840 405.8100 70.7800 1 745 240.9000 163.1300
2.6679854265e-01 6.3812695295e-02 -2.0052494214e+00
200 193 187
2 0 2845 284.5600 68.3000 1 894 148.1600 128.4400
3.9229810142e-01 5.8347555127e-02 -1.9474549279e+00
199 196 191
2 0 2854 427.5500 64.4700 1 739 258.1200 164.2300
2.9238863595e-01 5.9706361041e-02 -1.9947100479e+00
201 197 189
2 0 2855 312.9500 64.2300 1 3864 170.9500 133.2300
3.3166393540e-01 5.8058366784e-02 -1.9764636370e+00
191 186 182
2 0 2856 357.3700 63.2300 1 826 205.4800 144.3500
3.2077049807e-01 5.7602833499e-02 -1.9823743160e+00
208 203 199
2 0 2857 344.8500 62.5100 1 841 195.8200 140.3600
3.2077049807e-01 5.7602833499e-02 -1.9823743160e+00
208 203 199
2 0 2858 344.8500 62.5100 1 842 195.8200 140.3600
3.3686063293e-01 5.3116549466e-02 -1.9744891344e+00
170 167 162
2 0 2862 363.2200 57.9800 1 836 211.2400 142.0500
4.2916824080e-01 4.9086494023e-02 -1.9309845249e+00
197 192 188
2 0 2867 470.8500 54.6500 1 720 292.2600 168.8900
3.0843676339e-01 4.5782339900e-02 -1.9919189013e+00
193 188 184
2 0 2874 330.3200 49.6100 1 902 187.0500 126.3100
4.3451925577e-01 4.3756040720e-02 -1.9298298441e+00
140 137 130
2 0 2875 476.9100 48.9700 1 732 297.9000 165.9600
2.2857860124e-01 4.5148954810e-02 -2.0295069350e+00
192 187 183
2 0 2877 241.7500 47.9000 1 1024 117.9600 100.1600
4.1402536660e-01 4.0313308579e-02 -1.9421433294e+00
153 148 142
2 0 2880 452.0800 44.8200 1 776 279.9600 156.1700
2.2192413162e-01 3.8792533447e-02 -2.0364494161e+00
190 185 181
2 0 2886 234.1300 41.1000 1 1052 112.5700 92.2500
2.2192413162e-01 3.8792533447e-02 -2.0364494161e+00
190 185 181
2 0 2887 234.1300 41.1000 1 1053 112.5700 92.2500
2.9702661894e-01 3.7937949046e-02 -1.9986207089e+00
207 202 199
2 0 2888 317.2800 40.9800 1 952 178.8700 116.3500
2.9384888649e-01 3.0937115033e-02 -2.0029148601e+00
204 199 195
2 0 2896 313.3300 33.3700 1 977 176.9800 109.3700
3.5437239194e-01 3.0243530914e-02 -1.9744695533e+00
199 196 191
2 0 2900 381.9000 33.2700 1 898 229.5400 128.1500
3.9407910750e-01 2.8431359601e-02 -1.9548484838e+00
197 192 188
2 0 2901 428.0100 31.6700 1 849 264.7700 139.6900
2.3736321062e-01 2.8022143988e-02 -2.0312728212e+00
192 184 181
2 0 2904 250.6900 29.8900 1 1070 128.2700 88.4300
4.1765100044e-01 2.5230150847e-02 -1.9443762534e+00
195 189 183
2 0 2907 455.5200 28.3600 1 827 285.7700 144.6300
3.1188268655e-01 2.4381148284e-02 -1.9964058567e+00
194 189 186
2 0 2913 333.2800 26.6300 1 979 193.7300 109.5000
3.1807077385e-01 1.7888950264e-02 -1.9952897073e+00
201 196 190
2 0 2923 339.9800 19.6300 1 999 200.1800 106.1700
3.1807077385e-01 1.7888950264e-02 -1.9952897073e+00
201 196 190
2 0 2924 339.9800 19.6300 1 1000 200.1800 106.1700
3.9514575240e-01 1.5074447209e-02 -1.9594428562e+00
202 197 191
2 0 2930 428.2600 17.0000 1 895 267.2900 128.6600
4.2948262168e-01 1.4622080264e-02 -1.9432880323e+00
191 186 182
2 0 2932 468.5300 16.7400 1 851 297.0200 139.2500
3.0707352634e-01 1.4336544916e-02 -2.0025756266e+00
202 197 191
2 0 2934 327.3000 15.7400 1 1028 190.8300 99.4700
3.0868844578e-01 5.3358971565e-03 -2.0044842621e+00
211 206 200
2 0 2950 328.7100 6.2000 1 1054 193.7600 92.4000
4.1936413434e-01 4.5362855770e-03 -1.9503449221e+00
195 190 184
2 0 2951 456.1100 5.6500 1 899 290.2100 127.7100
1.8742392075e-01 -4.1366107434e-03 -2.0660983575e+00
161 152 154
2 0 2975 195.7800 -3.8800 1 1252 90.0900 45.1200
3.0266479861e-01 -5.7340964841e-03 -2.0110608919e+00
199 195 186
2 0 2977 321.4200 -5.5700 1 4000 190.2400 81.1300
4.3530767098e-01 -6.1988434055e-03 -1.9453494412e+00
159 154 148
2 0 2980 474.3400 -6.0000 1 915 305.9400 123.9000
4.3530767098e-01 -6.1988434055e-03 -1.9453494412e+00
159 154 148
2 0 2981 474.3400 -6.0000 1 916 305.9400 123.9000
3.9215443223e-01 -8.9361230372e-03 -1.9683110559e+00
201 196 190
2 0 2989 423.3200 -9.2100 1 992 268.3400 107.7000
4.3424123856e-01 -9.4976307837e-03 -1.9480402836e+00
195 190 184
2 0 2993 472.6100 -9.5900 1 934 304.9900 120.5300
4.3687226799e-01 -1.0639519029e-02 -1.9457625359e+00
156 153 148
2 0 3000 475.9300 -10.8200 1 936 308.0700 120.6800
4.0452943865e-01 -1.4803613636e-02 -1.9640617281e+00
201 196 190
2 0 3010 437.3700 -15.3000 1 995 280.1100 106.4700
2.1505289778e-01 -1.8677851549e-02 -2.0559153554e+00
148 140 138
2 0 3017 225.0100 -19.0000 1 1266 117.0700 42.2300
1.9131453988e-01 -2.4060319444e-02 -2.0699179559e+00
176 171 168
2 0 3028 199.4000 -24.3600 1 1331 97.1300 29.7900
3.4036027608e-01 -2.3818618505e-02 -1.9989768783e+00
215 208 203
2 0 3029 362.8900 -24.7100 1 1115 225.6000 77.9400
4.2196179411e-01 -2.3555191300e-02 -1.9576033704e+00
158 154 145
2 0 3031 457.3500 -24.8700 1 1005 296.8200 104.9600
3.6619921129e-01 -2.6234097545e-02 -1.9869915734e+00
161 156 152
2 0 3034 392.2400 -27.7900 1 1084 248.2200 84.7700
4.2058991175e-01 -2.9645065842e-02 -1.9603318403e+00
189 184 175
2 0 3049 455.3000 -31.3400 1 1029 296.5300 99.2500
1.6619717064e-01 -3.6903020854e-02 -2.0863173198e+00
31 36 46
2 0 3060 172.5500 -38.7700 1 4180 76.8500 12.5500
3.4721187090e-01 -3.9935311234e-02 -2.0011290156e+00
210 203 197
2 0 3068 369.7400 -42.0000 1 1161 233.7900 66.8100
4.0643016133e-01 -4.1421828561e-02 -1.9713512580e+00
191 186 178
2 0 3076 437.9100 -44.0800 1 1088 285.7900 84.9400
4.0643016133e-01 -4.1421828561e-02 -1.9713512580e+00
191 186 178
2 0 3077 437.9100 -44.0800 1 1087 285.7900 84.9400
4.0257405659e-01 -4.1933319672e-02 -1.9733144539e+00
143 138 132
2 0 3078 433.4100 -44.6200 1 1094 282.5600 83.3100
4.0257405659e-01 -4.1933319672e-02 -1.9733144539e+00
143 138 132
2 0 3079 433.4100 -44.6200 1 1093 282.5600 83.3100
3.9951134917e-01 -4.4055996657e-02 -1.9755935603e+00
196 191 185
2 0 3091 429.7000 -46.9100 1 1102 280.1600 80.5800
3.1999543276e-01 -4.6975548669e-02 -2.0156898470e+00
200 195 192
2 0 3095 338.8400 -49.0600 1 1218 211.8400 52.1600
2.9936176876e-01 -5.6815118585e-02 -2.0279568795e+00
194 187 184
2 0 3119 315.5000 -59.2700 1 1294 195.9000 37.6100
2.9936176876e-01 -5.6815118585e-02 -2.0279568795e+00
194 187 184
2 0 3120 315.5000 -59.2700 1 1296 195.9000 37.6100
4.2826032469e-01 -5.5571751070e-02 -1.9643698092e+00
156 151 145
2 0 3121 462.6200 -59.6100 1 1103 307.0500 80.4500
4.0091076735e-01 -5.6840421321e-02 -1.9788529973e+00
173 168 162
2 0 3124 430.5300 -60.6900 1 1142 283.2800 70.5100
4.0091076735e-01 -5.6840421321e-02 -1.9788529973e+00
173 168 162
2 0 3125 430.5300 -60.6900 1 1143 283.2800 70.5100
3.5806273743e-01 -5.9892200355e-02 -2.0017029749e+00
209 201 198
2 0 3140 381.0300 -63.2800 1 1212 246.4000 53.8600
4.2554349589e-01 -5.9598006931e-02 -1.9676911170e+00
145 140 136
2 0 3141 459.0200 -64.0200 1 1124 304.9000 76.2500
4.2443560069e-01 -6.2753653791e-02 -1.9700516627e+00
144 140 133
2 0 3148 457.3400 -67.1300 1 1137 304.1500 72.8300
4.2704185156e-01 -6.3557655845e-02 -1.9671458872e+00
188 183 177
2 0 3152 460.7100 -67.9900 1 1131 307.4200 73.2500
2.3992334613e-01 -6.9307332245e-02 -2.0614671738e+00
200 195 189
2 0 3157 249.9200 -71.4200 1 1429 146.3500 8.0100
3.9182055645e-01 -7.0653039800e-02 -1.9884099360e+00
197 193 190
2 0 3164 419.0300 -75.2100 1 1205 277.1900 55.9300
3.9825689040e-01 -7.1146047879e-02 -1.9850863739e+00
191 186 183
2 0 3168 426.4800 -75.9800 1 1198 282.8900 57.8200
3.7913945784e-01 -7.3692965952e-02 -1.9953557346e+00
155 147 144
2 0 3176 404.3300 -78.1500 1 4086 266.8600 49.2600
3.6701444562e-01 -7.4324823939e-02 -2.0014099993e+00
150 147 142
2 0 3178 390.4700 -78.6900 1 1255 256.5100 44.9200
2.9334444683e-01 -7.5918261024e-02 -2.0377418624e+00
195 191 183
2 0 3180 307.8800 -79.1500 1 1368 193.3500 19.8600
4.2998423472e-01 -7.4838857924e-02 -1.9707905573e+00
160 157 149
2 0 3187 463.0700 -80.1500 1 1172 310.8700 64.6500
2.8884261693e-01 -8.3053180736e-02 -2.0420047385e+00
202 195 191
2 0 3204 302.6300 -86.4500 1 1402 190.6900 12.5400
3.9858239928e-01 -8.1077855121e-02 -1.9879662914e+00
186 183 178
2 0 3205 426.2400 -86.2500 1 1228 284.8300 49.3900
3.6006112059e-01 -8.3839399338e-02 -2.0080638029e+00
192 185 179
2 0 3209 381.9900 -88.4900 1 1308 251.9000 34.6800
3.7820154749e-01 -8.4583754778e-02 -1.9994772750e+00
165 162 157
2 0 3213 402.5700 -89.5900 1 1282 267.6100 39.8800
3.5427851314e-01 -8.6938959147e-02 -2.0119762940e+00
161 155 149
2 0 3218 375.2600 -91.7100 1 1327 247.3100 30.3400
2.6382399262e-01 -9.3682898880e-02 -2.0563741117e+00
198 191 185
2 0 3229 274.9800 -96.8700 1 1499 171.3800 -4.1800
3.3497414881e-01 -9.6174695156e-02 -2.0247912966e+00
186 181 177
2 0 3249 353.0000 -101.1000 1 1390 231.8500 16.6300
4.1557907542e-01 -9.9977474556e-02 -1.9852437716e+00
185 182 175
2 0 3269 444.7200 -106.7300 1 1285 302.3500 39.4600
2.3324651275e-01 -1.0418497448e-01 -2.0753340557e+00
198 190 185
2 0 3271 241.5500 -107.0200 1 1579 146.4200 -22.6200
3.2372603983e-01 -1.0482920697e-01 -2.0330588322e+00
207 200 192
2 0 3277 340.0100 -109.7000 1 4198 223.5700 5.7500
2.4895318231e-01 -1.0704200447e-01 -2.0682423807e+00
206 199 192
2 0 3279 258.3400 -110.3500 1 1571 160.5000 -19.7900
2.4895318231e-01 -1.0704200447e-01 -2.0682423807e+00
206 199 192
2 0 3280 258.3400 -110.3500 1 1570 160.5000 -19.7900
2.5894566541e-01 -1.0947686659e-01 -2.0649586881e+00
196 189 183
2 0 3292 268.9400 -112.8800 1 1567 169.2200 -18.8600
3.5719136944e-01 -1.0877208232e-01 -2.0169638883e+00
189 184 180
2 0 3294 377.4100 -114.5300 1 4177 253.3800 13.3200
3.0107077826e-01 -1.1203726814e-01 -2.0454418691e+00
201 196 192
2 0 3298 314.7400 -116.6300 1 1514 205.6500 -7.3000
2.9278271581e-01 -1.1609387819e-01 -2.0507227557e+00
195 190 184
2 0 3311 305.4600 -120.4300 1 1546 199.2700 -13.4600
1.6378574552e-01 -1.2635332323e-01 -2.1170497787e+00
169 163 162
2 0 3338 167.7500 -127.2500 1 1800 90.2100 -63.4900
1.7678792867e-01 -1.2642200822e-01 -2.1103726874e+00
180 175 174
2 0 3340 181.2600 -127.7800 1 1765 101.4800 -59.2100
4.5722010195e-01 -1.2150959772e-01 -1.9705335763e+00
155 150 144
2 0 3346 491.9900 -130.5600 1 1304 341.7500 35.2200
3.7778442503e-01 -1.2443226290e-01 -2.0135560815e+00
185 180 174
2 0 3353 399.5100 -131.4200 1 1438 272.5700 6.9900
3.8755742175e-01 -1.2509667835e-01 -2.0083506078e+00
144 141 134
2 0 3354 410.6800 -132.3400 1 1424 281.3600 9.5900
4.1903054558e-01 -1.2590309369e-01 -1.9929853524e+00
182 181 174
2 0 3361 446.7400 -134.0800 1 1376 308.5300 19.0600
3.8710847675e-01 -1.2889866024e-01 -2.0094114194e+00
187 184 177
2 0 3366 410.0000 -136.3500 1 1441 281.6800 6.4400
3.0185113211e-01 -1.3405871863e-01 -2.0529660530e+00
186 178 175
2 0 3374 314.4600 -139.1900 1 1590 209.3500 -25.1400
3.6043519860e-01 -1.3291139743e-01 -2.0232597722e+00
189 186 181
2 0 3376 379.6700 -139.8000 1 1506 259.6300 -5.2800
4.3397470636e-01 -1.3204450259e-01 -1.9871802099e+00
189 186 179
2 0 3379 463.6900 -140.8300 1 1379 322.4900 18.7000
3.8845583124e-01 -1.3368305545e-01 -2.0094075284e+00
185 182 177
2 0 3381 411.3900 -141.4500 1 1464 283.9100 3.1300
3.6582842525e-01 -1.3563735040e-01 -2.0228113453e+00
197 192 188
2 0 3384 385.3700 -142.6700 1 1510 264.0900 -6.0200
4.4650705351e-01 -1.3326327221e-01 -1.9804641839e+00
181 176 170
2 0 3385 478.3800 -142.5400 1 1358 333.8400 21.8700
3.0040461648e-01 -1.3841511950e-01 -2.0536357357e+00
197 189 186
2 0 3389 312.8500 -143.5400 1 1611 209.4500 -29.1000
4.1292752891e-01 -1.3673901140e-01 -1.9976717417e+00
150 147 141
2 0 3396 439.3200 -145.3700 1 1426 305.6600 8.5300
4.1999374868e-01 -1.4132873409e-01 -1.9975160225e+00
156 153 145
2 0 3412 446.7900 -150.2500 1 1442 311.5400 6.7200
4.1932786893e-01 -1.4482449233e-01 -1.9986331388e+00
186 183 174
2 0 3424 445.8500 -153.9400 1 1458 311.6000 3.7500
4.2511152598e-01 -1.4597730847e-01 -1.9954476847e+00
160 157 150
2 0 3427 452.5700 -155.2000 1 1456 317.1300 4.5600
4.5105332482e-01 -1.4520163639e-01 -1.9813787343e+00
163 158 152
2 0 3428 482.9500 -155.3800 1 1400 339.6800 13.7600
3.3455068700e-01 -1.5095524923e-01 -2.0423233748e+00
192 187 183
2 0 3431 349.6800 -157.3600 1 1602 239.9900 -28.5500
4.5260938226e-01 -1.4894534073e-01 -1.9816118733e+00
177 173 166
2 0 3435 484.5300 -159.3400 1 1408 341.6500 11.1800
3.9703539513e-01 -1.5418685807e-01 -2.0138774149e+00
177 174 167
2 0 3443 419.4900 -162.9400 1 1534 293.2500 -11.1000
1.8432465257e-01 -1.6455315924e-01 -2.1174512204e+00
201 192 187
2 0 3448 188.1600 -165.9900 1 1972 114.7600 -87.4200
1.8432465257e-01 -1.6455315924e-01 -2.1174512204e+00
201 192 187
2 0 3449 188.1600 -165.9900 1 1973 114.7600 -87.4200
3.2978020006e-01 -1.6004259900e-01 -2.0474378671e+00
198 192 189
2 0 3452 343.9500 -166.7400 1 1659 237.2100 -37.1400
3.8737607925e-01 -1.5989492590e-01 -2.0192911125e+00
190 186 177
2 0 3453 408.3700 -168.5300 1 1564 286.3700 -18.7200
3.0366870359e-01 -1.6719731382e-01 -2.0628618196e+00
201 193 190
2 0 3471 314.8700 -172.8400 1 1726 215.9500 -51.5700
3.0366870359e-01 -1.6719731382e-01 -2.0628618196e+00
201 193 190
2 0 3472 314.8700 -172.8400 1 1727 215.9500 -51.5700
3.3839177905e-01 -1.6768265579e-01 -2.0456307846e+00
143 136 130
2 0 3475 353.0800 -174.6700 1 4349 245.8100 -40.7700
2.8710607458e-01 -1.7184960089e-01 -2.0719428438e+00
161 152 147
2 0 3481 296.7100 -176.8600 1 1778 202.7900 -60.6700
4.2553158876e-01 -1.6763842877e-01 -2.0015507128e+00
154 151 144
2 0 3485 451.6800 -177.8700 1 1540 320.8300 -12.8100
4.2553158876e-01 -1.6763842877e-01 -2.0015507128e+00
154 151 144
2 0 3486 451.6800 -177.8700 1 1541 320.8300 -12.8100
3.5327576709e-01 -1.7173593991e-01 -2.0400039933e+00
152 146 143
2 0 3489 369.3400 -179.4000 1 1671 258.9200 -39.2700
3.4656182214e-01 -1.7266647649e-01 -2.0442570559e+00
154 149 146
2 0 3493 361.7200 -179.9500 1 1683 253.0900 -42.3700
1.4015943577e-01 -1.8183338597e-01 -2.1468338452e+00
160 155 151
2 0 3498 142.2600 -181.0700 1 2152 79.0300 -115.8300
2.9822147234e-01 -1.7656305596e-01 -2.0684454832e+00
158 149 146
2 0 3503 308.5100 -182.1100 1 1779 212.7600 -60.8500
1.5146146825e-01 -1.8983819445e-01 -2.1437020998e+00
178 170 167
2 0 3518 153.5900 -189.2300 1 4637 90.1200 -118.7000
3.5992848780e-01 -1.8074539616e-01 -2.0394755761e+00
193 188 182
2 0 3522 376.2700 -188.7600 1 1695 266.0400 -44.5300
3.8997334783e-01 -1.7966484927e-01 -2.0240975551e+00
149 145 136
2 0 3524 410.1200 -188.9000 1 1639 291.6100 -34.0000
1.7847351121e-01 -1.9120029623e-01 -2.1306855504e+00
145 137 134
2 0 3530 181.2600 -191.6700 1 2123 113.4900 -111.1200
2.8037550561e-01 -1.8687230600e-01 -2.0798218265e+00
190 180 178
2 0 3532 288.8100 -191.8100 1 1870 199.4000 -74.7700
3.9009836054e-01 -1.8419534481e-01 -2.0259491396e+00
192 188 179
2 0 3540 409.9000 -193.6000 1 4332 292.1200 -37.5900
3.3219009586e-01 -1.8864241690e-01 -2.0565725417e+00
151 144 138
2 0 3543 344.9600 -195.5900 1 1774 243.1500 -59.8600
4.4982379882e-01 -1.8393140875e-01 -1.9949033280e+00
193 188 182
2 0 3547 478.5500 -195.9100 1 1563 343.7200 -18.1000
3.2627276895e-01 -1.9139622740e-01 -2.0586428131e+00
156 149 143
2 0 3549 338.5500 -198.2400 1 1805 239.2700 -63.7700
4.3323215403e-01 -1.8720043421e-01 -2.0040400798e+00
186 183 172
2 0 3553 459.1700 -198.5300 1 4305 330.1100 -26.1300
3.9445201651e-01 -1.9280374030e-01 -2.0258574974e+00
146 143 136
2 0 3561 414.4000 -202.6300 1 1688 297.4000 -43.0900
3.7048166874e-01 -1.9438122404e-01 -2.0397120644e+00
190 185 179
2 0 3562 387.1000 -203.1000 1 1730 276.5100 -52.1900
2.4350593197e-01 -2.0032464482e-01 -2.1023810007e+00
193 188 184
2 0 3564 248.8700 -203.5900 1 2042 170.0200 -97.4200
3.9583202184e-01 -1.9626919611e-01 -2.0266169718e+00
188 185 178
2 0 3571 415.6800 -206.0800 1 1699 298.9900 -45.6400
3.2004949739e-01 -2.0056640218e-01 -2.0661855902e+00
204 197 191
2 0 3572 331.0600 -207.1800 1 1857 234.6300 -73.2100
2.8903075607e-01 -2.0405124329e-01 -2.0821548099e+00
183 176 170
2 0 3576 297.2700 -209.6100 1 1952 208.7800 -85.5300
3.0099430516e-01 -2.0618923935e-01 -2.0775906631e+00
196 189 181
2 0 3584 310.0200 -211.8100 1 1943 219.2300 -83.9800
2.4881853091e-01 -2.1046336331e-01 -2.1032071143e+00
197 189 186
2 0 3591 254.1000 -213.9000 1 4583 176.0200 -103.7800
4.5077617963e-01 -2.0669764705e-01 -2.0004893047e+00
159 151 148
2 0 3606 478.2200 -219.3900 1 1653 348.3900 -36.3300
1.7973108001e-01 -2.2262101131e-01 -2.1413418955e+00
161 153 150
2 0 3615 181.6400 -222.3600 1 2273 119.1400 -135.7800
3.8732807321e-01 -2.1473212280e-01 -2.0365847776e+00
157 153 144
2 0 3625 404.9700 -224.7700 1 1798 294.3300 -62.8900
3.9992484304e-01 -2.1491424007e-01 -2.0297893429e+00
152 147 141
2 0 3626 419.2500 -225.3800 1 1763 305.4800 -59.2200
1.7797831540e-01 -2.2821733426e-01 -2.1441991469e+00
195 187 184
2 0 3629 179.6800 -227.6300 1 2304 118.5000 -140.8600
1.7797831540e-01 -2.2821733426e-01 -2.1441991469e+00
195 187 184
2 0 3630 179.6800 -227.6300 1 2305 118.5000 -140.8600
3.3000842504e-01 -2.2128361890e-01 -2.0676946253e+00
164 157 147
2 0 3633 340.9300 -228.2700 1 1965 246.3700 -86.8000
4.4640863027e-01 -2.1796513966e-01 -2.0061670041e+00
159 152 144
2 0 3637 472.3700 -230.8900 1 4361 346.2200 -46.6800
3.8346596611e-01 -2.2313377490e-01 -2.0406345206e+00
163 159 148
2 0 3640 400.2100 -232.9700 1 1844 292.5900 -71.0000
3.8508178812e-01 -2.2772662065e-01 -2.0422442308e+00
182 178 169
2 0 3653 401.5800 -237.5700 1 1873 294.2200 -74.3200
2.8068895559e-01 -2.3388077390e-01 -2.0954464110e+00
201 194 188
2 0 3656 287.0400 -238.6000 1 2136 206.5100 -112.2500
3.3937203458e-01 -2.3125687593e-01 -2.0653626957e+00
195 188 180
2 0 3659 350.8000 -238.9400 1 2015 256.1200 -91.5200
4.5769841308e-01 -2.2712376014e-01 -2.0022836485e+00
165 157 154
2 0 3663 484.9700 -240.7900 1 1724 357.7700 -50.5300
4.2988093791e-01 -2.3025415059e-01 -2.0189750114e+00
161 157 147
2 0 3665 452.4000 -242.5600 1 1789 333.5500 -61.9200
3.6205624104e-01 -2.3710082939e-01 -2.0565176883e+00
201 192 187
2 0 3670 375.4100 -245.9200 1 1991 276.0200 -89.0200
3.6205624104e-01 -2.3710082939e-01 -2.0565176883e+00
201 192 187
2 0 3671 375.4100 -245.9200 1 1990 276.0200 -89.0200
3.7094935233e-01 -2.4135724248e-01 -2.0536763463e+00
186 179 171
2 0 3680 384.9900 -250.5200 1 1995 284.1600 -89.7500
3.7459811095e-01 -2.4103079396e-01 -2.0509330273e+00
185 178 170
2 0 3681 389.2000 -250.5700 1 1977 287.5300 -88.1200
3.0529140029e-01 -2.4843538758e-01 -2.0887901513e+00
190 185 179
2 0 3686 312.7100 -254.0400 1 2156 229.3100 -116.2400
4.1344376557e-01 -2.4239344619e-01 -2.0321009185e+00
166 161 155
2 0 3687 432.6900 -253.9300 1 1894 320.7700 -76.9800
1.0780519630e-01 -2.6251529241e-01 -2.1900700463e+00
131 128 123
2 0 3699 108.3000 -256.6800 1 4884 64.4300 -190.4400
1.5559016024e-01 -2.6023876295e-01 -2.1661106524e+00
142 134 131
2 0 3702 156.0800 -257.1900 1 2478 104.4300 -173.3600
2.0407223032e-01 -2.5822273639e-01 -2.1391973909e+00
192 187 183
2 0 3705 205.7800 -258.2000 1 2393 146.1300 -156.0800
2.8777788372e-01 -2.5356314851e-01 -2.0985307359e+00
159 154 148
2 0 3708 293.7300 -258.1800 1 4667 215.4700 -125.8300
2.6553518393e-01 -2.5717050645e-01 -2.1098197455e+00
166 159 153
2 0 3713 269.9900 -260.6200 1 2277 197.4900 -135.6200
2.6553518393e-01 -2.5717050645e-01 -2.1098197455e+00
166 159 153
2 0 3715 269.9900 -260.6200 1 2276 197.4900 -135.6200
2.5455186885e-01 -2.5916359337e-01 -2.1171571067e+00
156 151 147
2 0 3719 258.1800 -261.9200 1 2307 187.9100 -140.7000
2.5138544239e-01 -2.6089104506e-01 -2.1184098246e+00
188 183 179
2 0 3723 254.8600 -263.3100 1 2325 185.9500 -143.2200
2.5809800392e-01 -2.6182143458e-01 -2.1161672321e+00
201 195 189
2 0 3727 261.8200 -264.5000 1 2318 191.4700 -141.9100
3.0398472624e-01 -2.5983706153e-01 -2.0935360140e+00
138 133 129
2 0 3730 310.7100 -265.1500 1 2211 229.7200 -125.7500
2.3064121355e-01 -2.6775060094e-01 -2.1328092110e+00
198 190 187
2 0 3733 232.7200 -268.5500 1 2387 168.6600 -155.4400
2.9744604430e-01 -2.6771021010e-01 -2.0984906998e+00
157 152 146
2 0 3750 303.4200 -272.5700 1 2264 225.7100 -134.0000
2.9744604430e-01 -2.6771021010e-01 -2.0984906998e+00
157 152 146
2 0 3751 303.4200 -272.5700 1 2265 225.7100 -134.0000
4.1107276466e-01 -2.6366831402e-01 -2.0385282389e+00
162 157 151
2 0 3758 428.8800 -275.4200 1 2030 322.4600 -94.5300
1.8413056020e-01 -2.8062454993e-01 -2.1583471129e+00
162 155 152
2 0 3768 184.5300 -278.3900 1 2510 131.9200 -180.1800
3.5680670209e-01 -2.7039737045e-01 -2.0694324492e+00
160 155 151
2 0 3769 367.7800 -278.8100 1 2164 276.5700 -117.1900
2.6350713689e-01 -2.7620373760e-01 -2.1176748274e+00
198 189 184
2 0 3771 267.0000 -278.9900 1 2366 198.3500 -151.3400
1.7093302382e-01 -2.8307190204e-01 -2.1654198544e+00
186 178 175
2 0 3773 171.0700 -280.0200 1 4870 121.2000 -186.2100
3.4190303243e-01 -2.7228198197e-01 -2.0779281758e+00
159 153 147
2 0 3776 351.2800 -279.7400 1 2187 264.0000 -123.4500
2.5713860359e-01 -2.7983962344e-01 -2.1220611696e+00
187 180 174
2 0 3779 260.1400 -282.1200 1 2392 193.4900 -156.2400
3.0637674528e-01 -2.7676417078e-01 -2.0972409956e+00
193 190 183
2 0 3780 312.5500 -282.1000 1 2292 234.4200 -138.1600
3.4350378263e-01 -2.7611675640e-01 -2.0778057742e+00
193 188 182
2 0 3785 352.9000 -283.6600 1 2212 266.1700 -125.9500
2.5849688412e-01 -2.8646776862e-01 -2.1240695514e+00
188 183 177
2 0 3793 261.2500 -288.3600 1 4790 195.5200 -161.2900
3.3886814096e-01 -2.8180487045e-01 -2.0823658962e+00
151 146 140
2 0 3797 347.4800 -288.9400 1 4685 262.8800 -131.9500
3.5550972222e-01 -2.8144643591e-01 -2.0742485893e+00
178 173 167
2 0 3800 365.6400 -289.5300 1 2218 276.8200 -126.4800
4.6519294543e-01 -2.7808644222e-01 -2.0155275813e+00
166 161 157
2 0 3808 489.5900 -292.7700 1 1997 370.9500 -89.4200
3.7177213849e-01 -2.8466325078e-01 -2.0659940565e+00
159 155 150
2 0 3810 383.5300 -293.9700 1 2189 291.5200 -123.6300
3.1880714565e-01 -2.9579205174e-01 -2.0968861369e+00
190 185 179
2 0 3828 325.0300 -301.3200 1 2360 247.9600 -149.4000
2.0397731062e-01 -3.0453375570e-01 -2.1562375584e+00
200 193 187
2 0 3831 204.1100 -302.3600 1 2564 152.4700 -192.6400
3.5415818763e-01 -2.9540750246e-01 -2.0791133255e+00
183 180 173
2 0 3832 363.4200 -303.1800 1 4707 277.8400 -137.9600
3.5003745238e-01 -2.9733708006e-01 -2.0815212483e+00
149 146 138
2 0 3834 358.8500 -304.8400 1 2310 274.7500 -140.7600
3.2868655138e-01 -2.9978118120e-01 -2.0920894877e+00
184 180 171
2 0 3836 335.6400 -305.8000 1 4756 257.5000 -149.5300
3.5581353051e-01 -3.0018701670e-01 -2.0814930709e+00
156 151 145
2 0 3838 364.7100 -307.4500 1 2315 279.3600 -141.7300
2.6790264091e-01 -3.0847389964e-01 -2.1257485461e+00
199 195 190
2 0 3843 270.3300 -310.3800 1 2487 207.0400 -175.3900
3.3081192494e-01 -3.0593110620e-01 -2.0946080380e+00
150 145 139
2 0 3846 337.4100 -312.0200 1 4770 259.3500 -153.5200
1.8609079682e-01 -3.1810606637e-01 -2.1693412300e+00
190 182 179
2 0 3853 185.4900 -313.9100 1 4950 139.6200 -209.0500
2.8577778201e-01 -3.1160157645e-01 -2.1192084761e+00
156 151 145
2 0 3856 288.9200 -314.4100 1 2474 222.0400 -172.3000
3.4400826308e-01 -3.0732609944e-01 -2.0876597835e+00
158 154 144
2 0 3857 351.7500 -314.3400 1 2362 271.0700 -150.4000
3.2801456026e-01 -3.0926686997e-01 -2.0965929053e+00
184 181 176
2 0 3861 334.2800 -315.0300 1 2397 257.7400 -157.1100
4.1016967728e-01 -3.0343185037e-01 -2.0520774178e+00
158 155 150
2 0 3862 425.1600 -314.7500 1 2223 327.2300 -126.7100
2.2043847627e-01 -3.1868076691e-01 -2.1523672061e+00
159 152 144
2 0 3870 220.5800 -316.9700 1 2582 168.6400 -198.4000
3.4124448204e-01 -3.1385284749e-01 -2.0912607757e+00
182 179 172
2 0 3876 348.3800 -320.4900 1 2394 269.6300 -156.4300
1.8014144519e-01 -3.3120139533e-01 -2.1765792125e+00
163 154 145
2 0 3890 179.1100 -326.0400 1 2698 136.5200 -220.8800
1.5564743135e-01 -3.3557828257e-01 -2.1896304555e+00
155 148 142
2 0 3894 154.4300 -328.3100 1 2752 116.8600 -232.2000
2.0016679791e-01 -3.3291950074e-01 -2.1673806544e+00
198 191 183
2 0 3895 199.3500 -328.9100 1 4973 153.6500 -216.0200
2.0016679791e-01 -3.3291950074e-01 -2.1673806544e+00
198 191 183
2 0 3896 199.3500 -328.9100 1 4972 153.6500 -216.0200
3.5699291194e-01 -3.2144552087e-01 -2.0843756751e+00
182 179 170
2 0 3897 365.3000 -328.9900 1 2404 284.7600 -157.5000
2.4696701149e-01 -3.3012768688e-01 -2.1437621652e+00
153 148 142
2 0 3902 247.5300 -329.4800 1 2584 192.4400 -199.0900
2.5493982212e-01 -3.3058679400e-01 -2.1400483202e+00
192 188 179
2 0 3904 255.8000 -330.5500 1 4904 199.1400 -196.8400
3.0179055285e-01 -3.2962140206e-01 -2.1152772472e+00
193 189 180
2 0 3909 305.3000 -333.0100 1 2519 239.0000 -181.2900
-1.6000854904e-01 -3.6735683663e-01 -2.3599300419e+00
173 170 163
2 0 3910 -139.4400 -334.1500 1 5369 -144.7800 -357.0400
1.0182257959e-01 -3.4663809212e-01 -2.2208735429e+00
187 180 174
2 0 3912 101.1000 -334.6600 1 2893 72.9200 -257.8200
2.7648171044e-01 -3.3524240373e-01 -2.1303399802e+00
192 189 180
2 0 3916 278.2100 -336.6200 1 2565 218.1700 -193.5900
9.1059696456e-02 -3.5193689536e-01 -2.2274031378e+00
161 157 148
2 0 3920 90.5800 -338.6500 1 2924 65.0000 -265.4700
3.2133864422e-01 -3.3411513092e-01 -2.1087565648e+00
191 187 178
2 0 3921 325.7300 -338.3200 1 2505 255.4600 -178.9700
1.1602906640e-01 -3.5027677076e-01 -2.2147901815e+00
192 185 179
2 0 3922 114.9200 -338.9500 1 2886 85.6000 -256.2300
3.0210910104e-01 -3.3643935169e-01 -2.1177530865e+00
188 184 175
2 0 3926 305.2700 -339.7000 1 2537 239.9900 -186.3500
3.3366210276e-01 -3.3549357400e-01 -2.1024341889e+00
189 187 175
2 0 3932 338.9800 -340.8300 1 2491 266.2000 -175.8800
1.7432908255e-01 -3.4821814231e-01 -2.1851859994e+00
190 183 175
2 0 3933 172.7900 -341.2900 1 2778 134.3200 -236.1700
3.2377908577e-01 -3.3739452288e-01 -2.1073830610e+00
159 156 147
2 0 3937 328.3400 -342.0400 1 2517 258.4000 -180.4200
3.3181216056e-01 -3.3912822232e-01 -2.1036804020e+00
185 182 173
2 0 3942 336.9100 -344.1400 1 2508 265.6300 -179.4400
2.0410198213e-01 -3.4957779489e-01 -2.1710547084e+00
198 191 185
2 0 3943 202.8300 -344.7500 1 2726 159.4700 -227.7800
2.0066927646e-01 -3.5040521479e-01 -2.1726782347e+00
157 149 141
2 0 3946 199.3400 -345.2600 1 2733 156.8800 -229.5500
2.0066927646e-01 -3.5040521479e-01 -2.1726782347e+00
157 149 141
2 0 3947 199.3400 -345.2600 1 2734 156.8800 -229.5500
3.4675772705e-01 -3.4097954766e-01 -2.0963333436e+00
154 151 144
2 0 3954 353.0100 -347.2600 1 4843 278.6100 -175.9500
3.7762155214e-01 -3.4061776475e-01 -2.0836881084e+00
183 180 171
2 0 3957 386.2100 -348.7600 1 2444 303.2800 -166.2100
2.5561603341e-01 -3.5413748783e-01 -2.1476832239e+00
185 181 172
2 0 3961 255.5500 -352.8200 1 2656 203.1300 -215.0400
2.6444547085e-01 -3.5437238741e-01 -2.1434338153e+00
189 184 178
2 0 3962 264.7200 -353.6900 1 4962 210.5600 -212.4500
1.9946127983e-01 -3.6256795691e-01 -2.1778133330e+00
195 188 182
2 0 3967 197.7100 -356.6100 1 2806 157.4200 -239.2000
3.6904916007e-01 -3.5113920649e-01 -2.0890597863e+00
183 179 170
2 0 3971 376.5700 -358.6000 1 2495 298.6000 -177.0000
2.4487754236e-01 -3.6130226868e-01 -2.1539685302e+00
159 152 143
2 0 3978 244.2800 -358.9500 1 2708 195.7500 -223.9000
2.4989037683e-01 -3.6724187792e-01 -2.1534939796e+00
161 157 148
2 0 4000 249.2300 -364.9500 1 4999 200.7900 -226.8800
1.5565341742e-01 -3.7595487965e-01 -2.2034850604e+00
191 182 173
2 0 4001 153.4600 -365.4600 1 2918 123.0200 -263.5900
2.1222548856e-01 -3.7382562806e-01 -2.1748662001e+00
200 193 185
2 0 4004 210.3300 -368.0000 1 2827 170.0200 -243.9800
2.1769039308e-01 -3.7411583232e-01 -2.1723758750e+00
200 193 183
2 0 4005 215.8700 -368.4600 1 5050 174.7100 -242.7300
2.8678277003e-01 -3.6742960155e-01 -2.1347851286e+00
191 187 178
2 0 4008 287.7300 -368.2200 1 2659 231.8800 -215.2000
2.4492881186e-01 -3.7233301965e-01 -2.1582086600e+00
156 152 143
2 0 4011 243.8600 -369.2800 1 2755 197.1300 -232.3900
3.5188849014e-01 2.7562531056e-01 -1.8968862306e+00
167 171 170
2 0 4054 392.5100 308.5500 1 5436 188.5900 340.7200
3.5188849014e-01 2.7562531056e-01 -1.8968862306e+00
167 171 170
2 0 4055 392.5100 308.5500 1 5437 188.5900 340.7200
2.6583021901e-01 2.7898946831e-01 -1.9396190849e+00
47 48 50
2 0 4056 291.7900 305.3700 1 3441 109.9200 315.1400
4.2895910393e-01 2.5878422983e-01 -1.8636111950e+00
213 211 212
2 0 4057 485.0700 294.2900 1 3401 260.6000 351.9300
3.1920794461e-01 2.6473230671e-01 -1.9174019588e+00
176 176 176
2 0 4059 353.1400 293.4700 1 3431 160.6400 319.8500
3.1920794461e-01 2.6473230671e-01 -1.9174019588e+00
176 176 176
2 0 4060 353.1400 293.4700 1 3432 160.6400 319.8500
2.5380986623e-01 2.1204752444e-01 -1.9652949318e+00
133 133 125
2 0 4082 275.6800 230.1400 1 5545 111.5300 251.6600
2.7686082901e-01 2.1070163509e-01 -1.9564552534e+00
178 173 167
2 0 4083 301.5700 229.6600 1 3546 131.4800 257.5900
2.4774857016e-01 2.0518808941e-01 -1.9706596815e+00
33 33 36
2 0 4085 268.5800 221.4400 1 5550 106.9200 244.4400
3.9719284517e-01 1.7948040530e-01 -1.9046288834e+00
202 201 197
2 0 4092 441.2600 200.7600 1 3510 244.6400 270.8600
3.3565079430e-01 1.7099881487e-01 -1.9388186970e+00
196 191 185
2 0 4103 367.7500 188.1000 1 3576 190.8100 242.8700
4.2408589248e-01 1.6691434502e-01 -1.8961392367e+00
210 204 204
2 0 4105 472.7400 187.1400 1 340 269.9100 269.0700
3.3506768809e-01 1.5341489788e-01 -1.9453665026e+00
196 191 185
2 0 4118 366.0600 168.3100 1 503 192.8400 227.2300
3.4710638230e-01 1.4909303464e-01 -1.9401862423e+00
199 194 190
2 0 4120 379.9600 164.1100 1 3620 204.5000 227.4900
3.5702516916e-01 1.4780424604e-01 -1.9363706375e+00
207 203 198
2 0 4122 391.3900 162.9400 1 3613 213.1700 229.5500
4.0061602138e-01 1.2906718531e-01 -1.9192079801e+00
201 198 193
2 0 4135 442.1500 143.5300 1 3619 255.3100 228.1900
3.9093231171e-01 1.2468933830e-01 -1.9258166075e+00
198 195 189
2 0 4137 430.2600 138.4900 1 526 247.3500 220.8000
3.8495601258e-01 1.1992807770e-01 -1.9302034285e+00
201 197 193
2 0 4140 422.9100 132.6100 1 3650 242.6900 215.1600
2.2073864430e-01 1.1368114295e-01 -2.0125404147e+00
32 32 31
2 0 4147 235.3800 120.5100 1 5655 98.9100 156.1400
2.9281418584e-01 1.0811207003e-01 -1.9799276071e+00
190 182 179
2 0 4150 315.4800 116.8400 1 3748 163.1400 174.4000
2.9281418584e-01 1.0811207003e-01 -1.9799276071e+00
190 182 179
2 0 4151 315.4800 116.8400 1 3749 163.1400 174.4000
4.3434943789e-01 9.8916643469e-02 -1.9129754495e+00
193 189 186
2 0 4153 480.4300 110.3700 1 3654 289.1700 213.2500
3.7591037970e-01 9.7738197019e-02 -1.9421934297e+00
200 195 192
2 0 4157 410.8300 107.8200 1 3705 238.0700 192.6500
2.6512536011e-01 9.7428270271e-02 -1.9954628306e+00
176 171 167
2 0 4159 284.0300 104.7300 1 3803 141.1900 156.2800
3.8702477046e-01 9.1157724211e-02 -1.9386677004e+00
201 198 195
2 0 4167 423.5400 100.7000 1 3712 248.8800 190.8000
4.4457969538e-01 8.5411806721e-02 -1.9107906921e+00
159 156 151
2 0 4170 492.1300 95.7300 1 3675 300.9400 205.0600
4.4457969538e-01 8.5411806721e-02 -1.9107906921e+00
159 156 151
2 0 4171 492.1300 95.7300 1 3676 300.9400 205.0600
3.5802559104e-01 8.6308151276e-02 -1.9551625385e+00
203 197 196
2 0 4172 389.1900 94.5700 1 3740 223.8400 177.0200
4.0350984470e-01 8.2736548597e-02 -1.9336629627e+00
196 192 187
2 0 4173 442.4200 91.6000 1 3718 264.4100 189.0000
3.5594581067e-01 8.2918666032e-02 -1.9565158567e+00
197 191 191
2 0 4174 386.7100 90.8500 1 3755 222.8800 173.5800
3.9972608312e-01 7.6521856197e-02 -1.9371096833e+00
209 204 200
2 0 4176 437.6200 84.6700 1 3730 262.2300 182.4800
2.8620198084e-01 7.5076889934e-02 -1.9924950000e+00
197 192 186
2 0 4178 306.7100 80.8600 1 3838 163.2300 144.2100
3.6828197217e-01 7.0649339838e-02 -1.9551439464e+00
160 156 152
2 0 4186 400.2300 77.5200 1 725 235.2500 167.0100
2.9547332216e-01 6.7818161786e-02 -1.9907437413e+00
137 132 129
2 0 4189 316.7700 73.1800 1 3848 172.3500 140.9400
2.2043285833e-01 6.6007419749e-02 -2.0270593479e+00
169 165 161
2 0 4195 233.5400 69.8700 1 3910 107.2100 115.1600
2.2043285833e-01 6.6007419749e-02 -2.0270593479e+00
169 165 161
2 0 4196 233.5400 69.8700 1 3911 107.2100 115.1600
3.1331540905e-01 6.3676767279e-02 -1.9829512838e+00
208 203 199
2 0 4198 336.8300 69.0300 1 3839 188.8100 143.3200
3.1037652252e-01 5.5003382255e-02 -1.9875185596e+00
197 192 188
2 0 4201 333.0300 59.4400 1 3858 187.4100 135.0700
2.6629572749e-01 4.7049005360e-02 -2.0100672533e+00
180 173 166
2 0 4204 283.4100 50.3900 1 3917 150.8000 114.1800
4.2593636302e-01 4.3685634652e-02 -1.9351306685e+00
192 187 183
2 0 4205 466.4500 48.7800 1 3788 289.9400 162.8300
4.3808274744e-01 4.4064527613e-02 -1.9275792752e+00
190 187 180
2 0 4206 481.2800 49.3000 1 3777 301.1200 167.5600
4.1674034191e-01 3.7876778195e-02 -1.9407913867e+00
202 197 191
2 0 4209 455.2900 42.2200 1 3808 283.0700 155.1200
3.9617709674e-01 3.8156434013e-02 -1.9498368626e+00
171 166 162
2 0 4210 431.2500 42.2700 1 3823 265.4800 148.9300
3.9617709674e-01 3.8156434013e-02 -1.9498368626e+00
171 166 162
2 0 4211 431.2500 42.2700 1 3824 265.4800 148.9300
3.9115744304e-01 3.6625273726e-02 -1.9541565463e+00
192 188 183
2 0 4214 425.0100 40.5900 1 3835 260.7600 145.5900
3.9906037964e-01 3.2363149239e-02 -1.9524046167e+00
197 192 188
2 0 4218 433.8600 35.9700 1 3836 267.9500 144.4000
3.0013727049e-01 3.1214413155e-02 -1.9997857783e+00
199 193 189
2 0 4223 320.4000 33.6600 1 3921 182.3800 111.7200
2.9466932905e-01 2.5990170859e-02 -2.0040288272e+00
170 165 161
2 0 4233 314.0300 28.2700 1 3935 178.6000 105.2600
2.9466932905e-01 2.5990170859e-02 -2.0040288272e+00
170 165 161
2 0 4234 314.0300 28.2700 1 3936 178.6000 105.2600
4.0198801035e-01 2.5177478975e-02 -1.9505967502e+00
158 153 149
2 0 4235 437.3500 28.1200 1 843 272.7500 139.9100
2.3130916669e-01 2.5322811836e-02 -2.0354686070e+00
163 156 150
2 0 4236 243.9500 27.0000 1 3989 123.2900 84.1000
2.3130916669e-01 2.5322811836e-02 -2.0354686070e+00
163 156 150
2 0 4237 243.9500 27.0000 1 3990 123.2900 84.1000
4.2489804403e-01 2.2136248882e-02 -1.9424400318e+00
203 198 193
2 0 4239 463.7600 24.9300 1 3837 292.2200 144.3200
4.0635239988e-01 2.1590924053e-02 -1.9522113244e+00
198 195 188
2 0 4240 441.7400 24.2500 1 3856 275.9500 137.6500
4.5017690775e-01 1.7193622602e-02 -1.9291316790e+00
194 189 183
2 0 4246 494.0600 19.7600 1 3825 316.1400 148.8100
4.4385033530e-01 1.5883765660e-02 -1.9332035417e+00
201 194 189
2 0 4247 486.2800 18.0500 1 3833 310.4600 145.7900
4.4235555073e-01 1.0472928960e-02 -1.9383111503e+00
205 198 192
2 0 4253 483.5300 12.2300 1 3850 308.8100 139.9400
4.1016138551e-01 6.7884178830e-03 -1.9545962825e+00
198 193 189
2 0 4257 445.3400 8.0800 1 3875 281.6700 126.5200
2.9637897955e-01 4.4368869518e-03 -2.0102617037e+00
201 196 190
2 0 4258 314.9400 5.2900 1 3978 183.4500 87.6600
2.9637897955e-01 4.4368869518e-03 -2.0102617037e+00
201 196 190
2 0 4259 314.9400 5.2900 1 3979 183.4500 87.6600
3.4028290849e-01 3.5854225907e-03 -1.9891192160e+00
198 193 187
2 0 4261 364.4400 4.4100 1 1020 221.7100 101.2900
3.4028290849e-01 3.5854225907e-03 -1.9891192160e+00
198 193 187
2 0 4262 364.4400 4.4100 1 1021 221.7100 101.2900
4.1649681347e-01 -2.4876493219e-03 -1.9540042964e+00
195 191 182
2 0 4269 452.2600 -2.0600 1 3892 288.7300 120.9100
4.0402740055e-01 -4.5445186514e-03 -1.9609794511e+00
151 146 140
2 0 4271 437.4600 -4.2900 1 3912 278.1200 115.0700
2.8798662836e-01 -8.6416369002e-03 -2.0183111862e+00
194 189 185
2 0 4272 305.0300 -8.7600 1 4026 178.2500 74.2300
4.0075947639e-01 -9.2447656185e-03 -1.9646071052e+00
206 201 195
2 0 4273 433.2400 -9.3600 1 3926 275.7600 109.9200
2.2745637083e-01 -1.1444098403e-02 -2.0482415628e+00
189 184 181
2 0 4276 238.5700 -11.3500 1 5812 126.4500 51.9900
1.9708143702e-01 -1.5075824248e-02 -2.0640262315e+00
173 165 162
2 0 4282 205.8300 -15.5200 1 4111 100.5200 39.6500
2.0973115964e-01 -2.4904874313e-02 -2.0607780426e+00
195 187 185
2 0 4300 219.0700 -25.2900 1 4125 113.4400 35.1100
2.0973115964e-01 -2.4904874313e-02 -2.0607780426e+00
195 187 185
2 0 4301 219.0700 -25.2900 1 4126 113.4400 35.1100
3.2653076429e-01 -2.4320673468e-02 -2.0045433826e+00
202 197 191
2 0 4302 347.4300 -25.2800 1 4031 214.2300 73.4000
3.2653076429e-01 -2.4320673468e-02 -2.0045433826e+00
202 197 191
2 0 4303 347.4300 -25.2800 1 4030 214.2300 73.4000
4.3826419828e-01 -2.6666900526e-02 -1.9499029462e+00
195 187 181
2 0 4308 476.5000 -28.2100 1 3933 311.7800 107.6300
3.0031298577e-01 -2.7301467579e-02 -2.0183496282e+00
143 135 132
2 0 4309 317.8900 -28.4200 1 4056 191.9000 62.5400
2.7702281647e-01 -3.6426419246e-02 -2.0324350798e+00
202 193 194
2 0 4324 291.7000 -37.7200 1 4092 173.3200 47.2700
2.8416503204e-01 -3.7863336577e-02 -2.0291537482e+00
158 153 149
2 0 4327 299.5500 -39.3200 1 4088 179.8200 48.4800
2.8299476379e-01 -4.2392839603e-02 -2.0330854153e+00
198 193 190
2 0 4335 297.8300 -44.0400 1 4097 178.7300 44.0200
1.5580656240e-01 -5.6151218574e-02 -2.0974160287e+00
26 30 39
2 0 4351 161.2300 -58.3000 1 4232 71.1400 -6.6500
2.3553457739e-01 -5.7131650779e-02 -2.0587029832e+00
190 182 179
2 0 4355 245.7200 -58.7800 1 4173 141.0200 16.7200
3.9238299607e-01 -5.5160159441e-02 -1.9841236623e+00
188 185 178
2 0 4357 420.4800 -58.8000 1 4042 274.9200 68.9000
2.7545923239e-01 -6.1013338234e-02 -2.0406484515e+00
197 192 188
2 0 4367 288.9900 -63.4700 1 5869 175.9900 26.6000
2.8749208545e-01 -6.0885810950e-02 -2.0356194866e+00
203 198 195
2 0 4368 302.1200 -63.3400 1 4137 186.0600 30.2900
4.2168010779e-01 -5.9590899428e-02 -1.9691335862e+00
192 187 181
2 0 4369 454.5900 -63.8300 1 4021 301.8400 74.9200
3.1582521809e-01 -6.4517677321e-02 -2.0233043831e+00
207 200 194
2 0 4371 333.3200 -67.5900 1 4117 210.8900 36.4800
3.6972171425e-01 -6.3656422153e-02 -1.9963856281e+00
191 186 182
2 0 4373 394.2300 -67.5900 1 4077 257.3100 54.8300
3.3073558487e-01 -6.6938111447e-02 -2.0162727094e+00
176 171 167
2 0 4376 349.9600 -70.7400 1 4108 224.1600 39.8400
3.1584846522e-01 -7.2694883738e-02 -2.0258037843e+00
207 202 196
2 0 4388 332.9600 -76.2000 1 4139 212.1900 29.8200
3.1584846522e-01 -7.2694883738e-02 -2.0258037843e+00
207 202 196
2 0 4389 332.9600 -76.2000 1 4140 212.1900 29.8200
4.1876282381e-01 -7.3195642306e-02 -1.9755327112e+00
154 150 144
2 0 4391 450.1400 -78.2800 1 5791 301.0400 62.5100
3.2920725120e-01 -7.7002288631e-02 -2.0184122600e+00
195 190 186
2 0 4395 347.9800 -80.7700 1 4134 225.4300 30.7000
3.0062523315e-01 -8.4419537903e-02 -2.0366219122e+00
205 199 193
2 0 4404 315.5600 -88.0600 1 4175 201.0900 15.2000
4.3066614921e-01 -8.3985484752e-02 -1.9723490778e+00
183 179 170
2 0 4412 463.4400 -90.1000 1 4073 313.1800 57.6400
3.3995516210e-01 -8.6486070998e-02 -2.0188660107e+00
193 188 184
2 0 4413 359.1500 -91.0100 1 4147 234.8800 26.1500
4.5053968076e-01 -8.7514781187e-02 -1.9635372662e+00
157 154 147
2 0 4418 486.5400 -94.3200 1 4060 330.8500 61.2300
3.5727755258e-01 -9.0518109466e-02 -2.0123161918e+00
202 195 189
2 0 4419 378.3400 -95.3700 1 4144 250.2000 28.1000
3.5727755258e-01 -9.0518109466e-02 -2.0123161918e+00
202 195 189
2 0 4420 378.3400 -95.3700 1 4145 250.2000 28.1000
3.3037523504e-01 -9.1853487543e-02 -2.0260692853e+00
200 195 190
2 0 4424 348.0200 -96.2500 1 1378 227.1800 18.3500
2.3561406345e-01 -9.5324918397e-02 -2.0716658278e+00
201 193 189
2 0 4429 244.3700 -98.0000 1 4260 146.9200 -14.7000
2.3561406345e-01 -9.5324918397e-02 -2.0716658278e+00
201 193 189
2 0 4430 244.3700 -98.0000 1 4261 146.9200 -14.7000
3.2798770918e-01 -9.8995630276e-02 -2.0284567036e+00
197 192 186
2 0 4440 345.1400 -103.6100 1 4185 226.7000 11.8200
1.3142407911e-01 -1.0078287319e-01 -2.1221784796e+00
28 32 38
2 0 4441 135.1700 -103.9400 1 4368 57.6500 -49.6400
1.3142407911e-01 -1.0078287319e-01 -2.1221784796e+00
28 32 38
2 0 4442 135.1700 -103.9400 1 4369 57.6500 -49.6400
3.4781476171e-01 -9.8772738211e-02 -2.0191178213e+00
192 187 183
2 0 4443 367.2900 -103.9000 1 4169 243.4700 18.4400
3.8761546321e-01 -1.0793858603e-01 -2.0016877706e+00
163 160 155
2 0 4461 412.0100 -114.4600 1 4153 279.4000 23.8800
3.8761546321e-01 -1.0793858603e-01 -2.0016877706e+00
163 160 155
2 0 4462 412.0100 -114.4600 1 4155 279.4000 23.8800
2.2099512385e-01 -1.1253653639e-01 -2.0830850557e+00
193 185 182
2 0 4463 228.2700 -115.0100 1 4324 137.7000 -33.5200
3.9373878699e-01 -1.0903910879e-01 -1.9998476745e+00
197 194 185
2 0 4465 418.8000 -115.7000 1 4149 284.4700 24.7800
3.9373878699e-01 -1.0903910879e-01 -1.9998476745e+00
197 194 185
2 0 4466 418.8000 -115.7000 1 4150 284.4700 24.7800
3.0486000477e-01 -1.1452042503e-01 -2.0445651032e+00
154 146 143
2 0 4472 318.7700 -119.2100 1 4237 209.2400 -8.2100
3.8693414965e-01 -1.1243626356e-01 -2.0037571882e+00
195 190 184
2 0 4474 410.9000 -119.0700 1 4167 279.3800 19.8300
4.4152561274e-01 -1.1207332538e-01 -1.9760105070e+00
150 145 141
2 0 4482 474.1300 -120.1400 1 1292 326.5600 37.8600
2.3345010705e-01 -1.2353384696e-01 -2.0808103339e+00
185 179 173
2 0 4491 241.1400 -126.6700 1 4336 149.9500 -38.2500
2.3345010705e-01 -1.2353384696e-01 -2.0808103339e+00
185 179 173
2 0 4492 241.1400 -126.6700 1 4337 149.9500 -38.2500
2.8617908310e-01 -1.2713983551e-01 -2.0577437281e+00
197 189 186
2 0 4503 297.7200 -131.6500 1 4301 195.1600 -24.5100
4.2954052088e-01 -1.2346328562e-01 -1.9856227675e+00
152 149 142
2 0 4506 459.3500 -131.9300 1 4151 317.8200 24.7200
4.2954052088e-01 -1.2346328562e-01 -1.9856227675e+00
152 149 142
2 0 4507 459.3500 -131.9300 1 4152 317.8200 24.7200
3.4647639690e-01 -1.2681597580e-01 -2.0279394792e+00
187 182 178
2 0 4508 364.3800 -133.0600 1 4230 246.8700 -4.8000
3.0688418600e-01 -1.3439803745e-01 -2.0503458286e+00
157 152 148
2 0 4519 320.0000 -139.5900 1 5958 213.8800 -23.8900
4.4912446190e-01 -1.3977920337e-01 -1.9813858133e+00
191 186 180
2 0 4524 480.9300 -149.4600 1 5889 336.9500 17.3300
3.7060877069e-01 -1.4326738965e-01 -2.0221709557e+00
192 184 178
2 0 4525 390.4300 -150.7000 1 4245 269.6600 -10.6600
4.0685634625e-01 -1.4623378005e-01 -2.0042409901e+00
160 157 150
2 0 4531 431.6200 -154.9500 1 1484 301.6300 -1.3800
2.1822327043e-01 -1.5307951662e-01 -2.0988486593e+00
181 171 168
2 0 4532 223.8700 -155.6600 1 4450 141.2700 -67.4700
2.7007536184e-01 -1.5533460622e-01 -2.0744585880e+00
197 189 186
2 0 4537 279.0700 -159.6000 1 4377 185.9200 -52.7500
3.3354919799e-01 -1.6089070636e-01 -2.0460164963e+00
149 144 140
2 0 4558 348.0500 -167.6100 1 4331 240.5500 -36.7800
4.5495303878e-01 -1.6180191995e-01 -1.9840845799e+00
190 185 179
2 0 4564 486.4100 -172.9800 1 4210 345.6600 1.5500
4.1379984110e-01 -1.6742976953e-01 -2.0072384093e+00
189 186 176
2 0 4576 438.2400 -177.5000 1 1557 310.6400 -16.0500
3.4276661303e-01 -1.7200808222e-01 -2.0447513588e+00
199 192 186
2 0 4584 357.7200 -179.4700 1 1682 250.1300 -42.6000
4.0482771063e-01 -1.7415393606e-01 -2.0143804394e+00
160 156 147
2 0 4592 427.4400 -183.8300 1 4303 303.8000 -24.7400
4.1034038391e-01 -1.7576985853e-01 -2.0131619654e+00
184 181 172
2 0 4593 433.4400 -185.7400 1 5959 308.2400 -24.3100
4.3383925111e-01 -1.7501995467e-01 -2.0000473245e+00
150 147 140
2 0 4594 460.6900 -185.9600 1 4264 328.8000 -16.0400
4.4266151667e-01 -1.7747695180e-01 -1.9961953448e+00
155 150 145
2 0 4598 470.7600 -188.7700 1 1554 336.8700 -15.3100
3.1307004784e-01 -1.9830611202e-01 -2.0677394934e+00
193 186 178
2 0 4611 323.7000 -204.6200 1 4479 228.8800 -73.5700
3.4557631744e-01 -1.9814335835e-01 -2.0522512801e+00
197 191 185
2 0 4612 359.3400 -205.9900 1 4425 256.2200 -62.9500
3.0067269454e-01 -2.0192918250e-01 -2.0756598753e+00
166 159 151
2 0 4614 309.9600 -207.6500 1 4504 218.5900 -80.5200
2.7715046493e-01 -2.0492978225e-01 -2.0878830231e+00
200 195 190
2 0 4619 284.4900 -209.6200 1 2006 199.1500 -90.4000
3.7715956402e-01 -2.0358002578e-01 -2.0398427006e+00
187 183 174
2 0 4625 393.9400 -212.4100 1 4395 283.4700 -57.8700
3.2567084143e-01 -2.0793528969e-01 -2.0662805738e+00
184 177 170
2 0 4628 336.7700 -214.7900 1 6073 240.3000 -77.3900
4.4145311399e-01 -2.0466514399e-01 -2.0048386861e+00
185 180 174
2 0 4632 467.5300 -216.8300 1 4333 339.9800 -37.7100
3.9979579054e-01 -2.1105156129e-01 -2.0297676401e+00
191 188 181
2 0 4639 419.1500 -221.3900 1 4387 304.2700 -56.2400
3.9979579054e-01 -2.1105156129e-01 -2.0297676401e+00
191 188 181
2 0 4640 419.1500 -221.3900 1 4388 304.2700 -56.2400
2.2951940341e-01 -2.1950847034e-01 -2.1156173812e+00
191 183 180
2 0 4642 233.4200 -221.7100 1 6162 161.1000 -117.3800
3.9626466229e-01 -2.1308010579e-01 -2.0317827578e+00
187 182 176
2 0 4647 415.1000 -223.2000 1 4398 301.7900 -59.0900
1.7068644510e-01 -2.2471618548e-01 -2.1456228078e+00
180 172 170
2 0 4649 172.3700 -223.9600 1 4717 112.1400 -140.3300
3.8676182133e-01 -2.1990609542e-01 -2.0376565333e+00
181 177 168
2 0 4654 404.1600 -230.0500 1 4448 294.9900 -67.1400
3.8676182133e-01 -2.1990609542e-01 -2.0376565333e+00
181 177 168
2 0 4655 404.1600 -230.0500 1 4449 294.9900 -67.1400
3.9446406293e-01 -2.1958085675e-01 -2.0325157141e+00
183 176 168
2 0 4656 413.0500 -230.0600 1 4434 302.1300 -64.4500
3.4117041956e-01 -2.2460645205e-01 -2.0625454551e+00
198 191 185
2 0 4657 353.1000 -232.2200 1 4527 256.6500 -85.8100
3.9450538757e-01 -2.2410092347e-01 -2.0361882608e+00
152 145 137
2 0 4664 412.4200 -234.3700 1 4454 301.8300 -68.4200
1.0862169423e-01 -2.4160229797e-01 -2.1827015155e+00
34 34 35
2 0 4666 109.4600 -237.4500 1 6297 61.4800 -173.1300
4.5384036752e-01 -2.2448983761e-01 -2.0047428161e+00
197 189 186
2 0 4668 480.4200 -237.7500 1 4370 353.4700 -49.8200
4.2118885169e-01 -2.2639219919e-01 -2.0230080040e+00
183 179 172
2 0 4669 442.5800 -238.1500 1 1783 325.1400 -61.6300
4.2621420475e-01 -2.2833284016e-01 -2.0209179798e+00
188 183 177
2 0 4674 448.2100 -240.3800 1 4415 329.8000 -61.5900
4.2621420475e-01 -2.2833284016e-01 -2.0209179798e+00
188 183 177
2 0 4675 448.2100 -240.3800 1 4416 329.8000 -61.5900
3.5025682862e-01 -2.3499897498e-01 -2.0607437929e+00
184 177 169
2 0 4678 362.6300 -243.0300 1 4555 266.2400 -91.2900
4.0225236113e-01 -2.3329999902e-01 -2.0346464310e+00
157 153 144
2 0 4679 420.6700 -244.2200 1 4474 309.9800 -73.1600
2.9746087012e-01 -2.4235867918e-01 -2.0906937930e+00
155 148 141
2 0 4681 304.5600 -247.5700 1 4624 221.7900 -113.9600
2.9746087012e-01 -2.4235867918e-01 -2.0906937930e+00
155 148 141
2 0 4682 304.5600 -247.5700 1 4625 221.7900 -113.9600
3.8482575800e-01 -2.3914386935e-01 -2.0447816059e+00
190 185 179
2 0 4684 400.8000 -249.2100 1 4518 296.1900 -83.3700
4.4171968357e-01 -2.4020801208e-01 -2.0155867077e+00
167 162 155
2 0 4690 465.3700 -253.4300 1 4443 345.3100 -66.0200
4.3488736000e-01 -2.4303608169e-01 -2.0204599225e+00
188 185 178
2 0 4691 457.2400 -255.9100 1 4466 339.6100 -70.4900
4.3488736000e-01 -2.4303608169e-01 -2.0204599225e+00
188 185 178
2 0 4692 457.2400 -255.9100 1 4467 339.6100 -70.4900
2.7285724550e-01 -2.5555262984e-01 -2.1058531152e+00
162 155 149
2 0 4698 277.8100 -259.4500 1 4684 203.3700 -132.0000
4.2818035365e-01 -2.4836917522e-01 -2.0261190808e+00
192 188 179
2 0 4699 449.1000 -260.7100 1 4487 334.4600 -77.1700
4.2818035365e-01 -2.4836917522e-01 -2.0261190808e+00
192 188 179
2 0 4700 449.1000 -260.7100 1 4489 334.4600 -77.1700
3.8375879597e-01 -2.5163817871e-01 -2.0505933558e+00
162 155 147
2 0 4703 398.6300 -261.6200 1 4562 296.4700 -93.7700
3.7138597542e-01 -2.5324282932e-01 -2.0564183049e+00
166 159 150
2 0 4705 384.9100 -262.6100 1 4573 286.5800 -98.9000
3.4986678952e-01 -2.5509945255e-01 -2.0698695457e+00
180 175 169
2 0 4706 360.7300 -263.0900 1 4604 267.6000 -107.3700
4.1190855148e-01 -2.5298616992e-01 -2.0360331555e+00
159 154 148
2 0 4707 430.2900 -264.5600 1 4528 321.0600 -85.9100
3.2649076511e-01 -2.5798648596e-01 -2.0801126930e+00
193 186 180
2 0 4708 335.3600 -264.9000 1 4635 249.1800 -116.8200
4.3497955185e-01 -2.5878320649e-01 -2.0256996681e+00
191 186 178
2 0 4713 456.1800 -271.8100 1 6081 341.7800 -83.1300
4.1945955691e-01 -2.6025029144e-01 -2.0340096174e+00
152 149 142
2 0 4715 438.4400 -272.3000 1 4545 328.8000 -89.3300
4.1945955691e-01 -2.6025029144e-01 -2.0340096174e+00
152 149 142
2 0 4716 438.4400 -272.3000 1 4546 328.8000 -89.3300
3.9689558687e-01 -2.6185885065e-01 -2.0462546993e+00
187 182 176
2 0 4717 412.8500 -272.5900 1 4568 309.6300 -97.7800
4.0104838106e-01 -2.6386448837e-01 -2.0455242421e+00
164 159 153
2 0 4719 417.2500 -274.5200 1 4570 313.2500 -98.4200
4.3368610677e-01 -2.6780020943e-01 -2.0293339066e+00
193 188 184
2 0 4726 454.0500 -280.8100 1 4550 341.8900 -90.7600
4.3368610677e-01 -2.6780020943e-01 -2.0293339066e+00
193 188 184
2 0 4727 454.0500 -280.8100 1 4551 341.8900 -90.7600
3.2019591817e-01 -2.7557486704e-01 -2.0898218304e+00
151 146 140
2 0 4729 327.5200 -281.6100 1 4692 246.1100 -133.0200
4.3413680511e-01 -2.7295857796e-01 -2.0302173856e+00
159 154 148
2 0 4734 454.3000 -285.9800 1 4563 343.3000 -94.8000
4.5420543590e-01 -2.7473690294e-01 -2.0182490713e+00
182 177 173
2 0 4737 477.5800 -289.2800 1 4547 361.7700 -89.6000
3.7933127916e-01 -2.8333721599e-01 -2.0642178313e+00
156 151 146
2 0 4745 391.5800 -292.8600 1 6170 296.6400 -120.4100
3.0295803749e-01 -2.8931118832e-01 -2.1039531157e+00
190 185 179
2 0 4749 308.1700 -293.9100 1 4754 233.0300 -149.3600
4.0280835262e-01 -2.8255916662e-01 -2.0490971336e+00
180 177 172
2 0 4750 418.2900 -293.9700 1 2133 317.8200 -111.9900
1.1501301559e-01 -3.0245865276e-01 -2.1989356696e+00
174 166 163
2 0 4751 114.7700 -294.6000 1 6413 77.3200 -219.4500
3.0784258190e-01 -2.9143885700e-01 -2.1005107866e+00
158 154 145
2 0 4756 313.5100 -296.4500 1 4755 238.2200 -149.3800
2.9925031762e-01 -2.9331993524e-01 -2.1049734808e+00
163 158 152
2 0 4760 304.2700 -297.8000 1 4772 231.4000 -153.5300
3.1269025441e-01 -2.9483029008e-01 -2.0995216108e+00
201 197 188
2 0 4767 318.5100 -300.0200 1 4762 242.6800 -150.5500
3.3832026474e-01 -2.9897066452e-01 -2.0875074538e+00
160 156 147
2 0 4774 346.0600 -305.7500 1 4737 265.2300 -145.6900
4.4778466935e-01 -2.9274156828e-01 -2.0290854349e+00
161 158 153
2 0 4779 468.5300 -306.8000 1 4599 357.8900 -106.1300
3.9399015294e-01 -2.9780674850e-01 -2.0594538138e+00
184 181 172
2 0 4783 407.2900 -308.2900 1 6188 312.0800 -127.1100
2.9781713347e-01 -3.0599492225e-01 -2.1111394131e+00
192 188 179
2 0 4786 301.9900 -309.7100 1 6275 231.5500 -164.2100
3.4071827649e-01 -3.0316236572e-01 -2.0875240196e+00
197 193 184
2 0 4791 348.4600 -310.0500 1 4746 267.9100 -148.1900
4.2171295223e-01 -3.0167066451e-01 -2.0482184345e+00
164 159 153
2 0 4798 437.7800 -313.6600 1 4650 335.5000 -121.6800
2.4964070203e-01 -3.1423195332e-01 -2.1360665533e+00
183 178 172
2 0 4800 251.0300 -314.6900 1 4866 192.7800 -185.7100
2.9292735558e-01 -3.1262547274e-01 -2.1146178984e+00
189 186 179
2 0 4802 296.6100 -315.8800 1 4825 228.8900 -170.9200
3.8341291571e-01 -3.1613246285e-01 -2.0705511812e+00
150 147 140
2 0 4821 394.4400 -325.4800 1 4732 305.8400 -145.0900
2.3381691072e-01 -3.2735502291e-01 -2.1497050367e+00
164 159 153
2 0 4822 233.9800 -325.8600 1 4915 180.8300 -201.1400
2.3381691072e-01 -3.2735502291e-01 -2.1497050367e+00
164 159 153
2 0 4823 233.9800 -325.8600 1 4916 180.8300 -201.1400
2.4183857579e-01 -3.3077930045e-01 -2.1462147360e+00
204 197 189
2 0 4831 242.2100 -329.6500 1 4917 188.4100 -201.3400
2.9643043853e-01 -3.2656370742e-01 -2.1179420920e+00
196 192 183
2 0 4833 299.6300 -329.5700 1 4853 233.6100 -180.6600
2.9643043853e-01 -3.2656370742e-01 -2.1179420920e+00
196 192 183
2 0 4834 299.6300 -329.5700 1 4854 233.6100 -180.6600
2.7860831700e-01 -3.3142766195e-01 -2.1283261357e+00
138 135 128
2 0 4838 280.5800 -333.0300 1 4883 219.3100 -190.0300
2.8720992537e-01 -3.3269884327e-01 -2.1251310224e+00
197 192 185
2 0 4841 289.5200 -334.7300 1 6339 226.4800 -188.4000
2.6395429191e-01 -3.3610782690e-01 -2.1365466630e+00
199 192 185
2 0 4847 265.0700 -336.5600 1 4908 207.8900 -198.2300
3.9918209286e-01 -3.2657579309e-01 -2.0652070196e+00
195 192 183
2 0 4850 411.3700 -336.8200 1 4748 321.0600 -148.4100
4.0311843626e-01 -3.2879581482e-01 -2.0649518302e+00
160 157 148
2 0 4851 415.4200 -338.8000 1 4758 324.4200 -149.4000
3.1952593046e-01 -3.3787708641e-01 -2.1105184471e+00
155 152 143
2 0 4856 323.6500 -342.0900 1 4860 254.5100 -182.1900
3.5622459805e-01 -3.3701158320e-01 -2.0936992191e+00
160 157 148
2 0 4860 363.0100 -343.5900 1 4818 284.5600 -170.2000
2.4142620786e-01 -3.4791041315e-01 -2.1517971875e+00
173 166 158
2 0 4865 241.1700 -346.0400 1 4969 190.6300 -214.5900
3.4061913724e-01 -3.4026063355e-01 -2.0997401100e+00
191 188 180
2 0 4866 346.3300 -345.8900 1 4849 273.1600 -177.5300
9.1757941573e-02 -3.6245955147e-01 -2.2300902469e+00
166 162 153
2 0 4869 91.1200 -348.3200 1 6544 67.4700 -273.3900
3.0634260374e-01 -3.4621245527e-01 -2.1195038176e+00
141 137 128
2 0 4875 309.2200 -349.0900 1 4895 244.7800 -192.9000
2.6972383496e-01 -3.5212541936e-01 -2.1393092690e+00
150 146 137
2 0 4879 270.4000 -352.1100 1 4951 214.9600 -208.9400
4.0938132521e-01 -3.4231069344e-01 -2.0635346041e+00
164 160 149
2 0 4880 421.9500 -352.8800 1 6263 332.7800 -157.8100
3.1504123131e-01 -3.5030433412e-01 -2.1161678336e+00
156 152 143
2 0 4884 318.3200 -353.7400 1 4897 252.8100 -193.2800
1.3495527720e-01 -3.6717501873e-01 -2.2114448770e+00
199 192 184
2 0 4890 133.1700 -355.8500 1 5109 103.9900 -263.2600
1.3495527720e-01 -3.6717501873e-01 -2.2114448770e+00
199 192 184
2 0 4891 133.1700 -355.8500 1 5110 103.9900 -263.2600
2.9617248579e-01 -3.5709330711e-01 -2.1283218615e+00
169 163 156
2 0 4893 297.9100 -358.6700 1 4929 237.7200 -204.5900
1.5596096004e-01 -3.7007123872e-01 -2.2010789408e+00
191 182 175
2 0 4895 153.9200 -360.2200 1 6505 122.4300 -258.8300
2.9149127192e-01 -3.6155167607e-01 -2.1313935905e+00
193 190 181
2 0 4902 292.8500 -362.7200 1 4955 234.7000 -209.4000
2.2666683080e-01 -3.7105260010e-01 -2.1670717423e+00
165 158 148
2 0 4905 225.1300 -366.5400 1 5034 181.5800 -237.2600
4.1145330672e-01 -3.5854605254e-01 -2.0689128194e+00
165 161 150
2 0 4912 422.9700 -368.9800 1 4812 336.0700 -169.6700
-4.8106578770e-02 3.3645986406e-01 -2.0665196747e+00
48 57 66
2 0 4925 -44.0300 342.8700 1 6784 -183.0400 266.7500
3.6008239765e-01 2.9784770485e-01 -1.8859733034e+00
206 207 208
2 0 4926 403.4900 334.9000 1 5417 192.2000 363.4300
3.6625223157e-01 2.9234164391e-01 -1.8852220833e+00
207 207 208
2 0 4929 410.5000 329.0000 1 5418 198.4700 360.2300
-2.4333288831e-01 3.0912823541e-01 -2.1747399569e+00
140 122 106
2 0 4933 -230.0700 301.5900 1 6847 -355.2000 172.6200
4.1484832285e-01 2.3252535441e-01 -1.8788609431e+00
211 209 210
2 0 4937 466.0400 262.9800 1 5462 252.2200 323.4600
3.6543225687e-01 2.1886915395e-01 -1.9087688472e+00
205 204 202
2 0 4944 405.4400 243.9700 1 5502 209.6800 294.7200
3.4282950910e-01 2.1728319301e-01 -1.9217159469e+00
194 190 187
2 0 4945 378.3800 240.5600 1 5513 189.1600 285.6100
-3.6632706030e-01 2.2417607092e-01 -2.2714757706e+00
134 136 133
2 0 4952 -334.2200 211.5000 1 6938 -448.3800 53.0500
2.8475208087e-01 1.6615011317e-01 -1.9648794286e+00
164 161 154
2 0 4961 308.9300 180.5200 1 5582 146.6800 221.9300
4.3749622700e-01 1.2143058812e-01 -1.9031072125e+00
182 177 174
2 0 4983 486.0500 136.2500 1 5566 289.2200 233.7000
2.2175803113e-01 1.0319116463e-01 -2.0154278107e+00
142 139 134
2 0 4988 236.1400 109.6000 1 5663 101.7300 147.0800
3.0898527772e-01 9.5168962049e-02 -1.9750410071e+00
188 183 179
2 0 4991 333.4100 103.1800 1 5641 179.9200 168.8600
3.0898527772e-01 9.5168962049e-02 -1.9750410071e+00
188 183 179
2 0 4992 333.4100 103.1800 1 5640 179.9200 168.8600
3.8889032565e-01 8.2076847402e-02 -1.9409300427e+00
178 174 171
2 0 4996 425.1300 90.5700 1 5626 251.7500 183.6500
2.0974684237e-01 8.2435746976e-02 -2.0273587476e+00
32 33 32
2 0 4999 222.4000 86.8500 1 6880 94.7900 125.8900
3.8703417138e-01 7.2287209342e-02 -1.9447257391e+00
195 192 187
2 0 5002 422.3900 79.7100 1 5635 251.7300 174.7100
3.1776024481e-01 5.3493097371e-02 -1.9860743486e+00
172 168 165
2 0 5007 341.0900 58.0600 1 5684 193.4900 135.6000
3.6007057166e-01 3.1658754958e-02 -1.9706177552e+00
205 200 196
2 0 5009 388.6500 34.7300 1 5692 234.4900 131.5000
1.9681583815e-01 2.2058450004e-02 -2.0534629534e+00
145 145 141
2 0 5014 206.5400 23.4800 1 5780 93.7600 69.9300
1.9241773748e-01 1.0702456602e-02 -2.0579968700e+00
153 147 148
2 0 5021 201.6000 11.3600 1 6930 92.2000 59.5200
3.4350898676e-01 -4.9343455662e-03 -1.9912981208e+00
190 185 179
2 0 5033 367.5000 -4.8000 1 5737 225.3500 95.0700
3.7239590954e-01 -5.1837330382e-03 -1.9768110635e+00
193 188 182
2 0 5034 400.6600 -4.9500 1 5719 250.7100 104.1900
3.7073181969e-01 -2.5074892312e-02 -1.9845419481e+00
193 188 184
2 0 5048 397.4800 -26.3600 1 5753 252.0100 86.9300
1.7364049872e-01 -3.2627322080e-02 -2.0815044560e+00
38 37 40
2 0 5053 180.4500 -33.3400 1 5890 83.0200 17.2200
3.4900308599e-01 -5.1252779042e-02 -2.0030603441e+00
159 152 146
2 0 5075 371.2800 -54.0700 1 5796 237.3900 58.1900
3.6312662217e-01 -5.1487216308e-02 -1.9944156962e+00
200 195 189
2 0 5077 387.6200 -54.3800 1 5790 250.4800 62.7400
4.0797302855e-01 -5.2067529834e-02 -1.9734217553e+00
146 143 138
2 0 5078 439.1200 -55.6100 1 5772 288.9100 76.7700
4.2047634065e-01 -6.9277083257e-02 -1.9729375539e+00
185 180 174
2 0 5094 452.5000 -74.0900 1 5785 302.2000 66.3500
4.2047634065e-01 -6.9277083257e-02 -1.9729375539e+00
185 180 174
2 0 5095 452.5000 -74.0900 1 5786 302.2000 66.3500
4.4008614075e-01 -7.3624781218e-02 -1.9652224458e+00
152 147 143
2 0 5098 475.0400 -79.0100 1 4043 319.5100 68.9400
3.8406685236e-01 -7.6745219472e-02 -1.9947647217e+00
181 178 173
2 0 5100 409.6400 -81.4800 1 5818 271.1600 48.2300
1.6436290955e-01 -8.0973127815e-02 -2.1021022414e+00
156 152 151
2 0 5101 169.4700 -82.0400 1 5963 83.0600 -26.0500
3.7076366179e-01 -9.1067667247e-02 -2.0056151728e+00
198 193 187
2 0 5111 393.6400 -96.2900 1 5861 261.9700 32.1100
3.4841370305e-01 -1.0407199136e-01 -2.0204648323e+00
162 157 153
2 0 5125 367.6800 -109.3700 1 5897 244.8400 14.2100
3.4841370305e-01 -1.0407199136e-01 -2.0204648323e+00
162 157 153
2 0 5126 367.6800 -109.3700 1 5898 244.8400 14.2100
4.4950896502e-01 -1.0677417633e-01 -1.9709704020e+00
158 153 147
2 0 5136 483.7400 -114.5800 1 5824 332.4500 44.5700
2.7945099539e-01 -1.2019297062e-01 -2.0589066802e+00
164 156 153
2 0 5142 290.6800 -124.3200 1 5953 188.2900 -21.0800
4.4374782822e-01 -1.1716138701e-01 -1.9772071858e+00
187 184 177
2 0 5147 476.2200 -125.5000 1 5853 328.9100 34.2100
3.5726876051e-01 -1.2379443753e-01 -2.0212269524e+00
188 183 179
2 0 5150 376.7300 -130.2400 1 5924 255.8800 1.1900
2.6322853836e-01 -1.2817971306e-01 -2.0691450435e+00
202 195 189
2 0 5152 272.7900 -132.0400 1 5977 175.7200 -32.7500
1.3657705617e-01 -1.4427116102e-01 -2.1359756845e+00
36 37 40
2 0 5159 139.4200 -144.6200 1 6088 69.6900 -86.2600
4.5344997233e-01 -1.3816624215e-01 -1.9788457933e+00
159 154 150
2 0 5161 486.0800 -147.8900 1 5881 340.3800 20.0200
2.6594935978e-01 -1.4384472025e-01 -2.0726852643e+00
192 183 179
2 0 5163 275.1100 -148.1500 1 6004 180.5000 -44.4200
4.0833636486e-01 -1.5132679380e-01 -2.0053567371e+00
182 179 170
2 0 5172 432.9400 -160.2700 1 5927 303.5400 -5.1100
4.3233156022e-01 -1.5071965435e-01 -1.9928672208e+00
187 182 176
2 0 5173 460.6900 -160.4800 1 5919 324.2100 3.1400
3.6841151392e-01 -1.6532197581e-01 -2.0300271283e+00
190 185 181
2 0 5180 386.7100 -173.3800 1 5971 271.1400 -29.2300
4.3942961383e-01 -1.6459388492e-01 -1.9937550967e+00
191 186 180
2 0 5185 467.9300 -175.2300 1 5929 332.2600 -5.8800
3.3184064858e-01 -1.7578730561e-01 -2.0522181808e+00
191 184 178
2 0 5189 345.3000 -182.5600 1 6019 241.1200 -49.5800
3.4349653666e-01 -1.7675880898e-01 -2.0456544382e+00
195 187 184
2 0 5194 358.3100 -184.2800 1 6006 251.6100 -46.2600
2.0959172950e-01 -1.8489787522e-01 -2.1131867027e+00
165 160 156
2 0 5197 213.7800 -186.8000 1 6106 139.1000 -96.0200
1.8961370943e-01 -1.9339591634e-01 -2.1275057985e+00
158 150 145
2 0 5205 192.6100 -194.4700 1 6143 122.5900 -109.1400
4.4528619005e-01 -1.9021634908e-01 -1.9994338190e+00
187 183 174
2 0 5215 472.7800 -202.2400 1 5961 340.5800 -24.6500
3.9976588690e-01 -1.9944904995e-01 -2.0245058499e+00
164 159 153
2 0 5217 420.1400 -209.7700 1 6008 303.2500 -46.6000
3.5210371583e-01 -2.0583647509e-01 -2.0517779304e+00
199 192 186
2 0 5222 366.1000 -214.0300 1 6055 262.7900 -67.0900
2.6546459029e-01 -2.1430404974e-01 -2.0970211591e+00
196 188 185
2 0 5224 271.5600 -218.3300 1 6125 190.5000 -101.7000
2.7318787461e-01 -2.2295348509e-01 -2.0941733480e+00
182 175 168
2 0 5228 279.6400 -227.3200 1 6134 199.2000 -106.0500
4.5817770083e-01 -2.1632053700e-01 -2.0025293016e+00
169 162 156
2 0 5229 485.5100 -229.2200 1 5999 354.8900 -42.3200
1.1252905753e-01 -2.4496977566e-01 -2.1820425385e+00
131 126 122
2 0 5241 113.2700 -240.2700 1 6303 65.5700 -175.1700
4.3466101168e-01 -2.3068782863e-01 -2.0163815787e+00
193 186 176
2 0 5242 457.9000 -243.1600 1 6043 337.9100 -60.8500
4.4113693290e-01 -2.3019675461e-01 -2.0135861555e+00
158 154 145
2 0 5243 465.2400 -242.9600 1 6040 343.0700 -58.4400
4.1693535602e-01 -2.3561683784e-01 -2.0283538656e+00
156 151 145
2 0 5247 437.0700 -247.2400 1 6059 322.7100 -70.4600
4.3899399477e-01 -2.3665908622e-01 -2.0170868730e+00
193 189 179
2 0 5248 462.2500 -249.5600 1 6049 341.8900 -64.1700
4.3901595182e-01 -2.3672166639e-01 -2.0171953058e+00
193 189 179
2 0 5249 462.2500 -249.5600 1 7048 341.9000 -64.2900
3.2341890972e-01 -2.4499818399e-01 -2.0774826141e+00
137 132 127
2 0 5250 332.6700 -251.4900 1 4608 244.8400 -107.9000
3.7475271622e-01 -2.4614215795e-01 -2.0524597535e+00
164 158 150
2 0 5252 389.0700 -255.5600 1 6099 288.4900 -92.3200
3.5942999729e-01 -2.4791314426e-01 -2.0613620977e+00
160 153 145
2 0 5256 371.8800 -256.7500 1 6114 275.2400 -98.3000
3.4737552415e-01 -2.5941197543e-01 -2.0714569874e+00
147 142 136
2 0 5263 357.9100 -267.2600 1 6148 266.6100 -111.5700
3.7475642904e-01 -2.5788349629e-01 -2.0558079037e+00
194 190 179
2 0 5264 388.4400 -267.3600 1 6126 290.3600 -101.6200
3.5282887533e-01 -2.6008510153e-01 -2.0682850977e+00
148 143 137
2 0 5265 363.9600 -268.4100 1 6144 271.5800 -110.1900
4.1505013408e-01 -2.5743110760e-01 -2.0358218034e+00
193 188 182
2 0 5268 433.5500 -269.0800 1 6094 324.4600 -88.6200
3.0031396404e-01 -2.6752363998e-01 -2.0956382180e+00
145 140 136
2 0 5269 306.6700 -272.7100 1 6203 228.6900 -132.8000
2.7710322419e-01 -2.6950152311e-01 -2.1090735567e+00
198 193 189
2 0 5273 281.6400 -273.0800 1 6228 208.8100 -141.9400
2.2228336281e-01 -2.7404662296e-01 -2.1357641213e+00
192 184 181
2 0 5275 224.0900 -274.7900 1 6271 163.6900 -162.4300
3.3789735857e-01 -2.6683420775e-01 -2.0780875737e+00
198 194 185
2 0 5278 347.2100 -274.0500 1 6169 259.8900 -120.4900
2.3743255041e-01 -2.7959583494e-01 -2.1320597940e+00
159 154 148
2 0 5282 239.4800 -280.4800 1 6269 176.7400 -162.5400
1.2273528700e-01 -2.9162726438e-01 -2.1918643234e+00
183 175 172
2 0 5283 122.5900 -285.0500 1 6395 81.9200 -208.4000
4.3782900089e-01 -2.7679639241e-01 -2.0282749025e+00
193 188 182
2 0 5295 458.4800 -290.0800 1 6111 347.6600 -96.7100
2.2827882577e-01 -2.9140414783e-01 -2.1392967849e+00
192 184 181
2 0 5298 229.6400 -291.5400 1 6300 171.1900 -174.4800
3.8464401166e-01 -2.8590279183e-01 -2.0601816494e+00
190 185 179
2 0 5300 397.6700 -295.9700 1 6171 302.5100 -120.5700
1.3792699394e-01 -3.0356974515e-01 -2.1886334641e+00
184 176 174
2 0 5301 137.4300 -296.9300 1 6400 96.6600 -213.1700
3.9916763121e-01 -2.8583877318e-01 -2.0529623311e+00
152 147 143
2 0 5302 413.8300 -296.5900 1 6160 314.9000 -116.1900
3.6382065420e-01 -2.9662190579e-01 -2.0730346186e+00
192 189 180
2 0 5310 374.1900 -305.2600 1 6208 286.8900 -135.6400
3.7141164406e-01 -2.9712271679e-01 -2.0707010211e+00
159 156 149
2 0 5311 382.3100 -305.9900 1 6207 292.8600 -133.8700
4.2738149425e-01 -3.0437027166e-01 -2.0438869895e+00
187 184 177
2 0 5317 444.4100 -317.0100 1 6178 341.7700 -121.8100
3.9022162889e-01 -3.1120856114e-01 -2.0659570507e+00
156 156 148
2 0 5322 402.2100 -321.1000 1 6221 310.7000 -139.0500
4.2451241626e-01 -3.0987634128e-01 -2.0473299749e+00
155 154 149
2 0 5323 440.7500 -322.0300 1 6189 340.1100 -127.3500
3.1172428073e-01 -3.1778806131e-01 -2.1075432333e+00
185 181 172
2 0 5324 316.3400 -322.2400 1 6287 245.1600 -168.8800
4.4734285547e-01 -3.1467680830e-01 -2.0370748733e+00
159 154 146
2 0 5335 466.2700 -328.4900 1 4663 360.2100 -123.8300
3.4066612862e-01 -3.2293715923e-01 -2.0943579484e+00
192 189 180
2 0 5336 347.2800 -329.1700 1 6276 270.5700 -163.8800
3.9639333846e-01 -3.3187974795e-01 -2.0667659190e+00
167 161 151
2 0 5342 408.2000 -342.1400 1 6252 320.0900 -153.2000
3.4960796974e-01 -3.3648388846e-01 -2.0929984120e+00
187 184 175
2 0 5343 356.4100 -343.0400 1 6291 280.6500 -171.6600
3.4960796974e-01 -3.3648388846e-01 -2.0929984120e+00
187 184 175
2 0 5344 356.4100 -343.0400 1 6293 280.6500 -171.6600
2.8177123199e-01 -3.4279289584e-01 -2.1276313985e+00
194 190 181
2 0 5346 283.7200 -344.4400 1 6362 224.8600 -197.7500
3.3534348684e-01 -3.4183380443e-01 -2.1029349219e+00
147 144 137
2 0 5348 340.5500 -346.9900 1 7184 268.9300 -180.4500
3.3534348684e-01 -3.4183380443e-01 -2.1029349219e+00
147 144 137
2 0 5349 340.5500 -346.9900 1 7185 268.9300 -180.4500
3.3189741025e-01 -3.4837802519e-01 -2.1068467382e+00
192 188 177
2 0 5356 336.4900 -353.0300 1 6334 266.9300 -186.6400
4.3423222923e-01 -3.4786425915e-01 -2.0531772271e+00
158 155 146
2 0 5365 449.2900 -360.2900 1 6254 354.2900 -154.2300
2.5495814109e-01 2.9685027264e-01 -1.9370398903e+00
182 181 179
2 0 5387 280.3000 324.6400 1 6759 97.7100 328.7800
-2.2269800924e-01 3.0754872917e-01 -2.1682847561e+00
173 188 213
2 0 5390 -210.8100 301.3100 1 6840 -336.6600 177.1300
-2.6102566546e-01 3.0705050183e-01 -2.1864516039e+00
114 107 91
2 0 5392 -245.7600 297.7900 1 7506 -371.4500 164.4200
3.3104285355e-01 2.6293220719e-01 -1.9114346634e+00
198 198 198
2 0 5393 367.0900 292.1600 1 6761 171.7800 322.6200
2.6538788788e-01 2.5060784764e-01 -1.9486522499e+00
125 125 117
2 0 5398 290.1800 273.6800 1 6771 114.6600 289.3600
3.7993386039e-01 2.1072799502e-01 -1.9048546249e+00
182 182 182
2 0 5405 422.1500 235.5000 1 6769 223.6700 292.0500
2.5150787734e-01 1.9954041863e-01 -1.9712579814e+00
130 126 122
2 0 5411 272.5200 215.8300 1 6802 111.2000 239.9500
2.4108194449e-01 1.6314766957e-01 -1.9881952302e+00
140 137 133
2 0 5417 259.4600 175.3900 1 6826 108.1400 204.5400
4.3182339553e-01 1.2562569687e-01 -1.9049820331e+00
204 199 194
2 0 5423 479.3900 140.6700 1 6803 283.3400 235.5100
2.3394199488e-01 1.0159845012e-01 -2.0097620578e+00
174 169 165
2 0 5434 249.5100 108.3500 1 6859 112.8700 149.6100
3.6379646104e-01 9.1902984531e-02 -1.9488556174e+00
203 200 194
2 0 5435 396.5200 100.8400 1 6836 228.7100 184.2600
3.2671640644e-01 6.3229919121e-02 -1.9773479992e+00
192 187 183
2 0 5444 351.9600 68.7600 1 6864 200.2800 147.1200
2.0144107122e-01 5.2156067252e-02 -2.0401169778e+00
24 24 29
2 0 5447 212.5400 54.7500 1 6906 93.0800 97.5500
4.4489264699e-01 4.3503879175e-02 -1.9241687072e+00
158 155 150
2 0 5449 489.4500 48.9500 1 6849 307.3500 169.1400
4.4489264699e-01 4.3503879175e-02 -1.9241687072e+00
158 155 150
2 0 5451 489.4500 48.9500 1 6848 307.3500 169.1400
3.9855356764e-01 -2.2667843391e-04 -1.9621244821e+00
206 201 193
2 0 5467 431.3700 0.4500 1 6889 272.8200 116.8900
4.1503192925e-01 -3.5577111245e-02 -1.9673835952e+00
190 186 177
2 0 5487 447.9100 -37.5700 1 6913 291.5400 91.8800
4.3324593262e-01 -4.5275598909e-02 -1.9589444544e+00
161 157 150
2 0 5495 469.1300 -48.4300 1 6914 309.7900 90.4300
2.6412767653e-01 -5.7458206394e-02 -2.0456853628e+00
204 196 193
2 0 5503 276.6600 -59.5400 1 6968 165.4100 25.6700
2.6412767653e-01 -5.7458206394e-02 -2.0456853628e+00
204 196 193
2 0 5504 276.6600 -59.5400 1 6967 165.4100 25.6700
4.5595489682e-01 -7.2125146019e-02 -1.9566552287e+00
148 143 139
2 0 5519 493.9200 -77.6900 1 6919 333.1000 75.3900
2.6384252151e-01 -7.5738236869e-02 -2.0498211194e+00
195 188 180
2 0 5521 275.8100 -78.3200 1 6981 168.9200 10.5900
3.7463746632e-01 -7.9691382514e-02 -1.9982902667e+00
190 185 181
2 0 5526 399.0300 -84.5300 1 6953 264.3600 43.1500
4.1900360263e-01 -8.4320883690e-02 -1.9790119279e+00
190 187 180
2 0 5532 449.6600 -90.1800 1 6937 302.8200 53.4200
4.1516071655e-01 -1.0153149729e-01 -1.9860976536e+00
190 187 180
2 0 5539 444.1000 -108.2500 1 6958 302.2000 37.8900
3.5493019021e-01 -1.0660376879e-01 -2.0172179435e+00
181 174 171
2 0 5543 375.0100 -112.3100 1 6975 251.1400 14.5000
3.5493019021e-01 -1.0660376879e-01 -2.0172179435e+00
181 174 171
2 0 5544 375.0100 -112.3100 1 6976 251.1400 14.5000
1.4349275261e-01 -1.4289255482e-01 -2.1322241411e+00
136 131 128
2 0 5549 146.5000 -143.0400 1 7627 75.5700 -83.4100
2.9464926057e-01 -1.4906276018e-01 -2.0604851817e+00
197 189 186
2 0 5556 305.9900 -154.1600 1 7590 205.9000 -39.6900
3.7844273035e-01 -1.5366048369e-01 -2.0195332820e+00
189 184 178
2 0 5559 399.0100 -161.9700 1 7007 278.7600 -16.1400
1.3702817076e-01 -1.6354804852e-01 -2.1427877386e+00
122 117 114
2 0 5560 139.4500 -163.5100 1 7090 72.9900 -101.7300
4.5295216377e-01 -1.5577341414e-01 -1.9841111114e+00
151 148 143
2 0 5562 484.3200 -166.4900 1 6989 342.6700 5.6400
4.5295216377e-01 -1.5577341414e-01 -1.9841111114e+00
151 148 143
2 0 5563 484.3200 -166.4900 1 6990 342.6700 5.6400
3.8238531430e-01 -1.5978632441e-01 -2.0214605200e+00
156 153 144
2 0 5567 402.7700 -168.1400 1 5951 282.2600 -20.3300
1.1437831575e-01 -2.1480058877e-01 -2.1675805247e+00
30 31 33
2 0 5574 115.7600 -212.6700 1 7148 63.1400 -149.4700
3.6146124226e-01 -2.3949821957e-01 -2.0571732986e+00
195 186 179
2 0 5586 374.6800 -248.5100 1 7077 275.9500 -90.8700
2.7990085444e-01 -2.5082692379e-01 -2.1008847525e+00
196 189 183
2 0 5588 285.5100 -255.2500 1 7121 208.5900 -125.9600
3.6112924698e-01 -2.5442959967e-01 -2.0630597975e+00
195 191 182
2 0 5593 373.3100 -263.0000 1 6127 277.5800 -103.3400
4.0291563321e-01 -2.5322591818e-01 -2.0414606575e+00
163 158 152
2 0 5596 419.9900 -264.1800 1 7075 313.0700 -89.0800
3.5082593458e-01 -2.6614033172e-01 -2.0713250224e+00
192 188 179
2 0 5599 361.4100 -274.3200 1 7106 270.7000 -115.6100
3.2544845413e-01 -2.7852063296e-01 -2.0885835728e+00
161 156 150
2 0 5605 333.0000 -284.8800 1 7127 250.7500 -133.6000
1.3222662366e-01 -3.0008626824e-01 -2.1910920832e+00
138 133 130
2 0 5610 131.8000 -293.2400 1 7225 90.9800 -212.2900
3.0147446349e-01 -3.0070975123e-01 -2.1064421971e+00
191 186 180
2 0 5620 306.2800 -305.1400 1 7157 234.2700 -158.6100
3.2302521892e-01 -3.0443470996e-01 -2.0963190248e+00
193 189 180
2 0 5621 329.3000 -309.9200 1 7686 253.4600 -155.0400
2.1337407273e-01 -3.1564509577e-01 -2.1547245706e+00
193 186 180
2 0 5622 213.4300 -313.6300 1 7722 162.2800 -198.2600
4.4607456000e-01 -3.0762709570e-01 -2.0352196154e+00
193 189 180
2 0 5627 465.3900 -321.3100 1 6168 358.3400 -118.7500
2.5242561315e-01 -3.3571288778e-01 -2.1423448427e+00
194 190 181
2 0 5633 253.0400 -335.2600 1 7217 198.0800 -201.6600
-1.7881142403e-01 3.2669916073e-01 -2.1395578204e+00
189 203 223
2 0 5645 -170.5800 324.4500 1 7494 -300.6300 209.0000
2.7188586055e-01 2.7647275596e-01 -1.9382674749e+00
186 186 184
2 0 5648 298.5200 303.5000 1 7460 115.7300 313.8800
-1.6534212540e-01 2.7709076209e-01 -2.1463058292e+00
53 62 69
2 0 5651 -157.0900 272.3800 1 7504 -277.6700 172.7200
-2.4361327082e-01 2.5337857389e-01 -2.1919904964e+00
30 32 27
2 0 5656 -228.8700 244.7700 1 7518 -342.9300 124.4400
2.4724529694e-01 2.0841992073e-01 -1.9690688753e+00
38 39 44
2 0 5658 268.2100 225.4600 1 7484 106.3900 246.8800
4.2718809148e-01 9.5739980541e-02 -1.9179263659e+00
163 161 157
2 0 5678 471.5100 106.6700 1 7495 283.2000 207.9600
4.1342681770e-01 8.2912126931e-02 -1.9286824154e+00
183 180 175
2 0 5680 454.2200 92.0700 1 7498 273.1300 192.3500
2.0296630038e-01 6.3838414072e-02 -2.0353601652e+00
39 42 49
2 0 5685 214.5800 66.5500 1 7526 92.2800 108.6700
3.7966669698e-01 6.0683233228e-02 -1.9535742916e+00
207 202 198
2 0 5686 412.7700 66.9400 1 7509 246.4800 161.7900
4.2610836451e-01 4.6658190168e-02 -1.9330085893e+00
183 178 174
2 0 5691 467.0900 51.9000 1 7850 290.0500 165.9100
1.9046085153e-01 -1.1353498598e-03 -2.0626991655e+00
150 145 142
2 0 5710 199.1700 -0.7700 1 7870 92.5900 48.7900
1.5342405758e-01 -9.5608912771e-02 -2.1112385760e+00
32 33 35
2 0 5760 157.8300 -97.2800 1 7888 76.0900 -40.6300
4.3784009024e-01 -9.7160087157e-02 -1.9725886446e+00
191 188 179
2 0 5763 470.9900 -104.3800 1 6941 321.4100 49.2300
4.4511283074e-01 -1.4526473292e-01 -1.9845100409e+00
195 188 178
2 0 5787 475.9800 -155.2100 1 6979 334.5300 11.7400
4.4511283074e-01 -1.4526473292e-01 -1.9845100409e+00
195 188 178
2 0 5788 475.9800 -155.2100 1 6980 334.5300 11.7400
4.1613810116e-01 -1.7888209324e-01 -2.0109261272e+00
152 149 140
2 0 5798 439.9200 -189.0400 1 7580 313.8900 -25.1300
4.1613810116e-01 -1.7888209324e-01 -2.0109261272e+00
152 149 140
2 0 5799 439.9200 -189.0400 1 7581 313.8900 -25.1300
3.4957626356e-01 -1.8508926236e-01 -2.0461059621e+00
163 158 154
2 0 5800 364.4900 -193.1400 1 7595 257.5900 -50.9100
1.1959736602e-01 -2.2877844357e-01 -2.1711255255e+00
124 121 114
2 0 5805 120.6700 -225.4900 1 7958 69.6600 -159.8000
2.1531975200e-01 -2.2735223797e-01 -2.1243947989e+00
191 184 178
2 0 5806 218.3700 -228.7400 1 7657 150.5600 -128.1100
4.0560131342e-01 -2.2026536657e-01 -2.0281758743e+00
178 174 165
2 0 5807 425.4100 -231.0100 1 7604 311.3800 -61.8100
4.5154020075e-01 -2.2146048859e-01 -2.0045049488e+00
189 182 176
2 0 5809 478.0700 -234.3100 1 7593 351.4200 -48.3600
9.5745585298e-02 -2.7900875542e-01 -2.2022661096e+00
23 25 25
2 0 5814 96.1500 -271.5500 1 7980 56.5400 -207.1400
4.0909539277e-01 -3.0751938694e-01 -2.0542506636e+00
161 159 152
2 0 5820 423.6300 -318.6500 1 7660 326.7600 -130.3500
3.4474021200e-01 -3.2367525643e-01 -2.0928021219e+00
186 183 174
2 0 5821 351.6200 -330.1000 1 7697 274.0300 -163.2400
-1.2675333587e-01 3.2414110308e-01 -2.1187361888e+00
14 15 14
2 0 5830 -120.7400 325.5200 1 8023 -253.5500 222.9300
2.7076846598e-01 2.5757079577e-01 -1.9442218546e+00
132 128 120
2 0 5834 296.5200 283.2100 1 8018 118.6700 295.5600
-2.3737340955e-01 2.6228211869e-01 -2.1887539228e+00
198 210 236
2 0 5839 -223.1500 253.8800 1 8032 -339.8500 133.6200
3.0810930788e-01 1.8561746977e-01 -1.9481588144e+00
190 185 179
2 0 5844 336.4500 203.3100 1 7841 163.8500 246.2200
3.7591715406e-01 8.4366418303e-02 -1.9456497588e+00
197 194 189
2 0 5852 410.2000 92.7100 1 7846 240.3500 181.7600
3.4542292325e-01 -1.1365236107e-02 -1.9922377730e+00
182 177 171
2 0 5864 369.3600 -11.6600 1 7860 228.0900 90.3100
3.4504072385e-01 -1.6218788736e-01 -2.0395560353e+00
187 182 178
2 0 5910 360.9100 -169.2500 1 7885 251.1900 -34.1900
2.9343844580e-01 -1.9395135463e-01 -2.0751511947e+00
173 164 159
2 0 5917 302.6700 -199.4100 1 7909 211.8800 -76.3100
2.9343844580e-01 -1.9395135463e-01 -2.0751511947e+00
173 164 159
2 0 5918 302.6700 -199.4100 1 7910 211.8800 -76.3100
2.9343844580e-01 -1.9395135463e-01 -2.0751511947e+00
173 164 159
2 0 5919 302.6700 -199.4100 1 7911 211.8800 -76.3100
3.8097089923e-01 -2.7019119025e-01 -2.0569707612e+00
179 175 166
2 0 5925 394.5500 -279.9700 1 7927 297.2500 -109.4600
4.3688266863e-01 -3.1124471023e-01 -2.0407577336e+00
167 164 157
2 0 5934 454.7600 -324.5000 1 7936 351.0600 -124.2700
-2.4705288750e-01 3.0283312030e-01 -2.1816616335e+00
72 74 69
2 0 5992 -232.9200 294.6100 1 8166 -357.8400 165.0300
-2.4705288750e-01 3.0283312030e-01 -2.1816616335e+00
72 74 69
2 0 5993 -232.9200 294.6100 1 8167 -357.8400 165.0300
-3.4970641832e-01 2.9703931116e-01 -2.2328644943e+00
26 27 31
2 0 5995 -323.8700 283.8200 1 8170 -449.3200 123.7400
-2.6021108074e-01 2.8849992113e-01 -2.1874409454e+00
206 220 246
2 0 5996 -245.0600 280.0100 1 8169 -365.3500 149.0900
-1.7678360420e-01 2.6669895678e-01 -2.1542971759e+00
4 4 4
2 0 5997 -167.7100 261.1200 1 8168 -285.5500 159.9700
-4.3913543058e-01 3.0577241541e-02 -2.3747543821e+00
146 146 146
2 0 6003 -385.1600 29.4500 1 8185 -468.9300 -135.3100
-1.9481053814e-01 2.1550686491e-01 -2.1869598466e+00
29 30 32
2 0 6017 -182.7200 209.5900 1 8199 -291.8200 105.5700
2.4494598123e-01 3.2329828325e-01 -1.9398536903e+00
187 185 184
2 0 6036 269.1900 350.2300 1 8194 80.5300 350.4200
-2.3880104812e-01 2.7732015487e-01 -2.1847497196e+00
201 215 242
2 0 6040 -224.8500 269.3500 1 8219 -344.3900 145.8100
1.4363961440e-01 -9.6311409932e-02 -2.1149613918e+00
65 69 78
2 0 6046 147.7900 -98.7000 1 8220 67.8400 -43.2100
