# Bundle file v0.3
3 120
9.4800930338e+02 -1.6740494468e-01 7.6642463211e-02
9.9110078267e-01 -1.3741876285e-02 -1.3240241477e-01
-3.5103845881e-03 9.9161295674e-01 -1.2919528331e-01
1.3306733559e-01 1.2851032980e-01 9.8274013825e-01
-1.2697775102e-01 -1.3013271502e-01 4.3906474111e-01
1.7264273502e+03 2.2643044564e-01 4.9433732716e-02
9.5846539985e-01 -2.3855378854e-01 1.5632071922e-01
2.6524666074e-01 5.4412253650e-01 -7.9597416682e-01
1.0482502682e-01 8.0437724685e-01 5.8479822033e-01
2.1880500454e-01 -8.1305706584e-01 -3.4576686941e-01
7.2912102728e+02 -6.5277847040e-01 7.2482299909e-01
9.8313247720e-01 -1.3652540003e-01 -1.2170187925e-01
1.5007449915e-01 9.8252081249e-01 1.1013853883e-01
1.0453792121e-01 -1.2654512309e-01 9.8643710132e-01
-6.4988653509e-02 1.0074290940e-01 5.7053948890e-01
1.6598954004e-01 2.0690549572e-01 -1.0100946568e+00
194 187 185
2 0 17 303.7500 369.2900 1 1966 399.3400 345.4800
1.6598954004e-01 2.0690549572e-01 -1.0100946568e+00
194 187 185
2 0 18 303.7500 369.2900 1 1967 399.3400 345.4800
1.3936699337e-01 2.0274176071e-01 -1.0206760310e+00
178 171 166
2 0 62 252.8900 356.5900 1 258 331.5300 336.5100
1.6957005758e-01 1.9890681812e-01 -1.0074759825e+00
202 192 191
2 0 69 310.9500 356.0800 1 2006 410.5000 330.6400
1.4554677172e-01 1.9222841302e-01 -1.0166974816e+00
201 194 188
2 0 109 265.2000 339.8100 1 2045 349.6400 317.5800
1.4554677172e-01 1.9222841302e-01 -1.0166974816e+00
201 194 188
2 0 110 265.2000 339.8100 1 2046 349.6400 317.5800
1.3383935803e-01 1.9201546486e-01 -1.0217337940e+00
189 181 178
2 0 118 243.2700 337.1700 1 2047 320.1200 317.1200
1.6036018493e-01 1.8219116428e-01 -1.0089332349e+00
191 183 180
2 0 163 293.9400 325.1300 1 2107 389.8500 299.6600
1.9444359465e-01 1.7439039510e-01 -9.9312241511e-01
196 193 188
2 0 203 362.5500 317.1000 1 534 480.4600 285.7800
1.3440999152e-01 1.7945770762e-01 -1.0197210483e+00
187 180 174
2 0 206 244.6400 315.8100 1 466 325.0500 294.8100
1.5891992547e-01 1.7471064220e-01 -1.0084727069e+00
196 190 186
2 0 218 291.3700 311.7600 1 524 387.8400 286.3300
1.5577825968e-01 1.7446537133e-01 -1.0101502408e+00
149 144 140
2 0 224 285.3800 310.6900 1 2136 379.5400 286.4600
1.4005592321e-01 1.7301588772e-01 -1.0165733061e+00
185 177 174
2 0 248 255.4500 305.6100 1 538 340.5800 283.8100
1.7350546415e-01 1.6265284451e-01 -1.0003521599e+00
192 186 180
2 0 314 320.4200 292.6900 1 624 427.7400 264.9200
1.7754770072e-01 1.5320567161e-01 -9.9709232321e-01
116 109 103
2 0 357 329.1700 276.3100 1 714 439.7100 248.2800
1.8913902524e-01 1.5011754438e-01 -9.9135820410e-01
153 148 144
2 0 365 352.9400 272.2800 1 742 470.3000 242.2600
1.2363241605e-01 1.1768310869e-01 -1.0132527801e+00
102 94 91
2 0 575 228.0800 207.6500 1 2342 316.0100 189.4400
1.4294668977e-01 1.1498959784e-01 -1.0046247056e+00
170 161 158
2 0 585 264.1000 204.3500 1 945 362.4300 184.2800
1.6615960649e-01 1.0419346158e-01 -9.9234914585e-01
193 184 179
2 0 642 309.6100 186.3400 1 1027 421.1800 164.9200
1.9316866520e-01 8.6401865781e-02 -9.7669058080e-01
151 142 140
2 0 748 365.5000 154.2100 1 1126 491.5400 133.2700
1.8677667627e-01 7.0874901887e-02 -9.7561172281e-01
196 186 184
2 0 838 353.7800 124.6200 1 1186 478.5100 108.0600
1.5581391779e-01 5.8371138857e-02 -9.8590823216e-01
139 130 125
2 0 891 292.5000 101.3600 1 1221 406.8700 91.1100
1.6792774682e-01 2.6472659581e-02 -9.7195900349e-01
135 126 123
2 0 1066 319.2500 40.0400 1 1336 442.4900 39.0000
2.3529018395e-02 2.2646280798e-01 -1.0680781815e+00
170 163 157
2 0 2352 52.1800 370.9700 1 2790 47.3600 370.5400
6.9768388815e-02 2.1872005774e-01 -1.0501392470e+00
173 166 160
2 0 2354 128.6900 368.6100 1 2803 156.6800 360.7700
1.6784937949e-01 2.0363405202e-01 -1.0088832807e+00
198 190 188
2 0 2362 307.5400 363.9800 1 2849 404.8800 339.4400
1.4218211512e-01 2.0459322444e-01 -1.0207447899e+00
198 193 187
3 0 2364 256.1100 362.0600 1 1978 335.2900 341.5200 2 215 245.6800 292.9000
1.5062961423e-01 2.0300646741e-01 -1.0171927256e+00
196 188 185
3 0 2365 272.1000 360.5500 1 2848 357.0000 339.4100 2 202 259.0100 295.7700
1.9379134936e-01 1.9483233729e-01 -9.9639779914e-01
192 188 185
2 0 2371 360.5600 353.8100 1 2030 475.6100 323.5400
1.3570585441e-01 1.9463988011e-01 -1.0214719222e+00
203 196 190
2 0 2392 246.3100 341.9200 1 2875 324.2100 322.1900
1.9277199165e-01 1.6466262508e-01 -9.9217500380e-01
146 138 134
3 0 2442 359.8300 299.6100 1 2941 477.7000 267.8400 2 252 339.2400 277.2400
1.9294626297e-01 1.6133156161e-01 -9.9157951102e-01
201 193 189
2 0 2454 359.9600 293.2100 1 2186 478.6700 262.0500
1.3470883774e-01 1.4182226891e-01 -1.0131932492e+00
166 156 154
2 0 2517 247.0200 250.8900 1 2253 335.9200 229.3900
1.5193049136e-01 1.3683591566e-01 -1.0049522334e+00
194 185 180
2 0 2525 279.9400 244.0400 1 3003 378.9900 220.4000
1.3495039999e-01 1.3281511812e-01 -1.0115644886e+00
169 161 158
2 0 2538 247.9300 235.1400 1 2294 338.7900 214.4100
1.4163439263e-01 1.1862456363e-01 -1.0058785349e+00
172 164 161
2 0 2580 261.5400 210.7300 1 2337 358.3000 190.2900
1.8514114831e-01 1.1359841628e-01 -9.8642374708e-01
198 191 185
2 0 2591 346.8800 204.7800 1 2352 466.2700 179.9100
1.8616981724e-01 9.8616622744e-02 -9.8002165395e-01
195 185 183
3 0 2621 351.7500 173.8900 1 3064 473.4900 150.9200 2 461 356.5500 191.4500
1.8098932305e-01 9.3924237244e-02 -9.8385272652e-01
205 196 191
2 0 2632 340.1200 168.0100 1 2393 459.5100 147.0300
1.3798949055e-01 8.6189166386e-02 -1.0004675740e+00
183 174 167
3 0 2666 256.6200 152.3200 1 2407 358.3700 137.4800 2 541 281.2400 149.7100
1.7192223920e-01 4.9730568261e-02 -9.7675286899e-01
138 128 126
2 0 2773 325.3700 84.5700 1 1252 446.6800 75.6200
-1.4365683262e-01 -2.3954150809e-02 -1.0056272648e+00
137 142 167
2 0 2980 -225.0400 -38.6800 1 1599 -124.4200 -113.0200
9.0742177071e-02 2.1299933847e-01 -1.0414499740e+00
187 177 176
2 0 3457 165.0100 363.7400 1 3331 208.4700 352.1400
4.4968840123e-02 2.1664407984e-01 -1.0593415963e+00
168 160 156
2 0 3462 87.3900 360.0900 1 3329 100.2900 355.2100
1.4222184378e-01 1.9124243260e-01 -1.0191068312e+00
185 177 174
3 0 3475 257.0700 338.7900 1 3357 338.9100 317.4800 2 1876 249.4600 278.0600
1.6116113224e-01 1.8955014575e-01 -1.0100763173e+00
193 186 184
2 0 3479 295.0400 337.9700 1 3362 390.0700 313.6800
1.9271123802e-01 1.7301080816e-01 -9.9390085904e-01
196 191 188
3 0 3488 359.0300 315.3400 1 2919 476.1800 283.3600 2 230 335.8100 286.9300
1.9254181528e-01 1.6788320385e-01 -9.9308238329e-01
180 174 171
3 0 3492 358.9200 305.5400 1 2933 476.4400 274.0800 2 245 337.5100 280.7600
1.9128225578e-01 1.6275736241e-01 -9.9257266028e-01
185 177 174
3 0 3499 356.6900 295.2200 1 2946 473.6100 264.7800 2 1888 337.5100 274.3400
1.9434531665e-01 1.5950184808e-01 -9.9069691033e-01
156 148 146
2 0 3502 363.1100 290.0800 1 2952 482.4800 258.7900
1.6368240908e-01 1.5706277547e-01 -1.0035630012e+00
188 183 178
2 0 3513 301.6000 281.3700 1 2959 403.6900 255.0700
1.6368240908e-01 1.5706277547e-01 -1.0035630012e+00
188 183 178
2 0 3514 301.6000 281.3700 1 2960 403.6900 255.0700
1.6226550584e-01 9.2494884546e-02 -9.8996886909e-01
191 182 175
3 0 3619 303.2000 162.7800 1 3068 414.4400 144.1200 2 1984 318.8900 170.3500
1.6366866621e-01 8.9213127721e-02 -9.9015460254e-01
157 147 143
2 0 3624 305.5600 158.6900 1 3071 418.4900 140.5000
1.6942588559e-01 6.8517885878e-02 -9.8022489222e-01
197 188 183
3 0 3672 319.9600 116.8300 1 3081 438.2300 103.0400 2 2017 341.6800 141.9000
-1.4821689504e-01 -3.7820344610e-02 -9.9995358036e-01
147 157 180
2 0 3836 -233.4600 -62.6600 1 2689 -124.4300 -136.0900
-1.5301460816e-01 -6.6419889826e-02 -9.9205284349e-01
15 41 33
2 0 3910 -241.9700 -111.4300 1 2718 -117.1400 -174.5300
1.5900227058e-01 1.9809141424e-01 -1.0118857084e+00
195 187 184
2 0 4088 290.5500 352.5300 1 3350 382.8600 328.8100
1.1372846146e-01 1.9012211193e-01 -1.0297076079e+00
175 167 164
2 0 4092 206.3400 330.2500 1 3628 271.4300 313.0500
1.8648096667e-01 1.2736026010e-01 -9.8840521174e-01
190 183 177
2 0 4134 348.6800 230.3100 1 3416 467.4100 202.9700
1.6306075362e-01 1.2059560486e-01 -9.9631292524e-01
146 139 133
3 0 4138 301.9600 214.8300 1 3421 409.7200 191.8100 2 2659 307.8600 206.5300
1.5559368235e-01 6.3490580622e-02 -9.8545006466e-01
177 168 163
3 0 4178 292.2700 108.6600 1 3452 406.4700 96.9200 2 2713 320.7000 127.8900
-1.4934502534e-01 -4.0934689652e-02 -9.9881846030e-01
92 91 114
2 0 4269 -235.6500 -68.0400 1 3249 -124.4700 -140.9500
1.9331014513e-01 1.7476305423e-01 -9.9418984457e-01
177 174 169
3 0 4601 360.3600 318.5300 1 3783 477.0700 286.9800 2 3099 336.1800 289.4100
1.8752769481e-01 6.2367213215e-02 -9.6966729131e-01
168 158 157
3 0 4634 358.5800 103.1100 1 3809 485.5600 89.2900 2 3420 376.9000 143.4100
-1.5856987466e-01 -8.2688952785e-02 -9.8620352266e-01
15 56 25
2 0 4711 -251.5200 -139.6700 1 3766 -117.9000 -199.3800
-1.5674904018e-01 -5.9180729710e-02 -9.9074385241e-01
26 57 34
2 0 4767 -249.1400 -100.0700 1 3848 -126.9100 -172.3700
-1.5546829108e-01 -2.8215848235e-02 -9.9397451119e-01
70 88 46
2 0 4800 -250.6100 -48.7500 1 3935 -139.7000 -139.5100
1.1107419931e-01 4.9895829563e-02 -1.0264796045e+00
147 139 136
2 0 943 204.5500 86.7100 2 683 245.9600 83.0600
-1.6471134993e-01 -2.5623533984e-03 -9.9517824922e-01
222 196 159
2 0 1210 -269.8800 -6.3000 1 2678 -167.7300 -117.7000
-1.7824314765e-01 -5.6279696841e-02 -1.0837187389e+00
87 116 159
2 0 1458 -226.6300 -65.0200 2 1176 -138.3100 -137.0100
-1.9248685755e-02 -6.2358200546e-02 -1.0017939387e+00
55 31 11
2 0 1600 -20.3800 -107.0400 2 2314 78.9900 -126.3200
7.7781869564e-02 2.2597452517e-01 -1.0776295989e+00
181 174 168
2 0 2350 139.2400 371.2700 2 266 145.5400 271.3500
1.1028528363e-01 5.7415536311e-02 -1.0291340338e+00
131 128 123
2 0 2747 202.6300 100.0000 2 667 242.1700 92.7800
1.0902692840e-01 3.1118962493e-02 -1.0246602317e+00
143 135 132
2 0 2816 201.4200 53.9600 2 749 248.8000 55.6500
1.0902692840e-01 3.1118962493e-02 -1.0246602317e+00
143 135 132
2 0 2817 201.4200 53.9600 2 750 248.8000 55.6500
-9.3441570746e-02 -1.8371236578e-03 -1.0437461768e+00
111 96 40
2 0 2893 -125.1200 5.2700 1 2570 -62.2300 -15.7400
-9.7179040586e-02 -2.2954638704e-02 -1.0379420518e+00
131 132 159
2 0 2955 -131.5500 -28.9700 1 1478 -57.7800 -45.9700
5.3189957385e-02 -8.7439028424e-03 -9.5877648316e-01
88 93 101
2 0 2957 98.1700 -28.8500 1 1535 235.1900 -76.7300
-1.0491459668e-01 -4.1093246228e-02 -1.0293348404e+00
100 94 46
2 0 3010 -145.2000 -59.5100 1 1541 -61.0700 -78.7500
-2.0786855519e-01 -1.1965747191e-01 -1.1369332523e+00
145 157 179
2 0 3134 -231.7800 -132.1400 2 2447 -141.5000 -208.5200
3.8988813246e-02 -8.8838783832e-02 -9.3787059271e-01
23 26 35
2 0 3217 73.3600 -189.3900 2 1253 194.2700 -163.9300
4.4709091482e-02 -9.2177422699e-02 -9.4673788817e-01
16 17 21
2 0 3219 84.7800 -189.9100 2 2368 203.1300 -166.2800
-1.2753015706e-02 1.4515437129e-01 -1.0260884352e+00
244 246 34
2 0 3540 -15.7700 251.2700 2 2669 48.5100 190.7100
-1.2753015706e-02 1.4515437129e-01 -1.0260884352e+00
244 246 34
2 0 3541 -15.7700 251.2700 2 2670 48.5100 190.7100
-1.3164403970e-02 1.4075089775e-01 -1.0261669934e+00
245 246 47
2 0 3548 -16.1300 243.6600 2 2675 48.7100 184.8900
9.9453203536e-02 -1.9267682883e-03 -1.0289786712e+00
141 132 129
2 0 3770 184.3200 -1.5300 2 2161 242.7800 2.7700
-1.7354823678e-01 -1.1063111359e-02 -9.8566411721e-01
226 205 156
2 0 3797 -289.1300 -22.5900 1 3755 -176.7100 -144.1100
8.9989090844e-02 -3.3891383229e-02 -1.0339732572e+00
127 122 119
2 0 3832 167.2200 -52.8300 2 2839 235.6100 -49.0100
-1.9114947438e-01 -8.0178869643e-02 -1.1001077516e+00
114 101 85
2 0 3878 -232.8100 -92.9400 2 2369 -143.3000 -166.9200
-1.2616256618e-02 -7.2395327512e-02 -9.9274384718e-01
229 247 188
2 0 3927 -11.4300 -127.6800 2 3269 92.6400 -142.5800
-1.2616256618e-02 -7.2395327512e-02 -9.9274384718e-01
229 247 188
2 0 3928 -11.4300 -127.6800 2 3270 92.6400 -142.5800
-1.6158727105e-02 -1.1804840713e-01 -1.0070434749e+00
47 50 39
2 0 3984 -14.1300 -193.2100 2 3353 96.9300 -214.2300
-1.7798796451e-02 1.2915163444e-01 -1.0247423424e+00
158 151 144
2 0 4137 -23.4600 223.7100 2 3121 43.7600 169.3100
-5.3047192343e-03 7.8833550861e-02 -1.0121250297e+00
224 51 72
2 0 4165 -2.1300 138.1700 2 3143 72.5500 105.9800
1.2000839587e-01 2.1858824248e-02 -1.0103035977e+00
164 154 152
2 0 4213 222.5700 35.7500 2 3168 271.4500 47.8800
-1.8156212301e-01 -5.6743473405e-02 -1.0749907826e+00
92 91 114
2 0 4270 -235.6500 -68.0400 2 2927 -146.0300 -138.8100
-2.0184264377e-01 -9.1932210850e-02 -1.0950968503e+00
168 158 46
2 0 4307 -248.2300 -110.0000 2 3313 -155.6800 -183.1200
-3.9198213032e-03 8.3857899732e-02 -1.0118142928e+00
240 47 68
2 0 4437 -0.0600 147.0000 2 3430 73.5400 114.0400
6.3179260977e-03 2.8759065661e-02 -9.8667279842e-01
229 62 81
2 0 4461 16.3400 47.0700 2 3456 102.5300 37.2700
9.0609440261e-02 -3.4038056562e-02 -1.0334408441e+00
124 116 113
2 0 4516 168.3300 -53.2900 2 3476 236.6000 -48.9900
8.9073357141e-02 -4.0923351391e-02 -1.0349565525e+00
121 118 113
2 0 4523 165.2700 -63.7400 2 3481 235.7500 -60.1500
-1.9668555607e-01 -8.7763002834e-02 -1.1046163193e+00
26 39 25
2 0 4548 -237.2000 -101.4800 2 3304 -146.3600 -176.1400
-8.8665595764e-03 -7.6198452642e-02 -9.8780585905e-01
235 49 63
2 0 4569 -6.0700 -136.5200 2 3615 99.9400 -148.6700
1.0893384677e-01 4.9352808900e-02 -1.0287396605e+00
120 112 109
2 0 4635 200.5800 85.9200 2 3436 242.5400 81.1300
-2.6187736207e-02 -5.7914528429e-02 -1.0100893132e+00
205 210 170
2 0 4691 -29.9000 -96.1800 2 3669 66.7400 -119.9900
-2.4293700739e-02 -1.1485429553e-01 -1.0200979469e+00
43 51 41
2 0 4714 -23.9400 -181.1900 2 3685 83.0100 -207.4700
-1.7443467362e-03 3.6415891126e-02 -9.9630575688e-01
234 246 196
2 0 4740 3.4500 62.2000 2 3652 87.1500 45.2000
-1.0903174623e-01 -4.1411296249e-02 -1.0275893292e+00
140 100 27
2 0 4759 -153.5700 -60.5200 1 3840 -66.3500 -82.8400
4.0078351724e-03 4.2095018798e-02 -9.9695061059e-01
187 61 49
2 0 4778 13.3800 72.4900 2 3697 95.4700 55.8300
-1.0273136605e-02 -9.2260761790e-02 -9.9415088759e-01
234 238 200
2 0 4790 -6.9800 -159.7400 2 3718 101.0100 -174.6800
7.6294215547e-03 5.6429814366e-02 -9.9226417175e-01
186 84 78
2 0 4798 17.5500 98.3200 2 3706 98.6100 81.6300
-2.4168495028e-01 -7.5065126720e-02 -1.0843805292e+00
234 192 88
2 0 4802 -305.2500 -89.1300 2 3731 -211.7400 -166.4300
-2.0696721308e-01 -1.0228936730e-01 -1.1054161800e+00
96 109 22
2 0 4805 -248.5600 -120.1400 2 3720 -155.1900 -194.3400
-2.1738115968e-01 -1.3387011695e-01 -1.1683484269e+00
160 163 185
2 0 4806 -227.7800 -138.5800 2 3721 -137.6900 -218.4900
-1.8174524289e-01 -6.9124181643e-02 -1.0972661671e+00
169 170 190
2 0 4816 -223.2800 -78.9200 2 3730 -134.8000 -152.5700
1.2129614742e-01 1.0558554903e-01 -1.0140823451e+00
105 103 99
2 1 3430 314.0700 173.5500 2 2689 246.8000 168.1200
7.1763853499e-02 1.0831624822e-01 -9.7335292134e-01
170 164 25
2 1 3810 232.1200 83.9200 2 3114 183.8600 186.8500
7.1763853499e-02 1.0831624822e-01 -9.7335292134e-01
170 164 25
2 1 3811 232.1200 83.9200 2 3115 183.8600 186.8500
1.8631274675e-02 -1.0374195083e-01 -9.4370617272e-01
246 248 84
2 1 3919 195.0100 -202.2500 2 3701 166.8400 -198.8500
