# Bundle file v0.3
3 159
2.2164906385e+03 8.1233159872e-02 5.2973459480e-03
9.9948178089e-01 2.6604167579e-02 -1.8121477432e-02
-2.6395619462e-02 9.9958366498e-01 1.1651951976e-02
1.8423923309e-02 -1.1167586090e-02 9.9976789510e-01
-1.6006862345e-02 1.3718168780e-02 -5.5913152238e-02
0 0 0
0 0 0
0 0 0
0 0 0
0 0 0
1.8730750111e+03 1.5419438867e-01 3.4483447534e-03
7.8608976042e-01 -3.0426692905e-01 5.3803766081e-01
-6.7476633886e-02 8.2300855059e-01 5.6400694103e-01
-6.1441825530e-01 -4.7966505141e-01 6.2642768618e-01
6.5697466589e-01 5.8189112812e-01 -3.7331913134e-01
5.6065898348e-02 1.0378993067e-01 -9.8311976564e-01
130 123 115
2 0 516 129.6000 223.0100 2 460 246.0100 191.3500
8.9302973120e-02 5.4181930820e-02 -9.6534408286e-01
157 146 139
2 0 822 200.6400 117.8100 2 578 340.1500 135.4600
1.3503047403e-01 3.2050173155e-02 -9.3027105841e-01
198 188 180
2 0 1004 308.4900 70.5900 2 582 453.3600 133.7500
1.1189962698e-01 2.1409407934e-02 -9.5331773648e-01
195 184 178
2 0 1106 250.4700 46.3400 2 657 405.4500 97.6600
1.1607332395e-01 6.8447687930e-03 -9.5326037757e-01
167 154 146
2 0 1256 258.8900 14.0300 2 703 421.3300 76.0100
8.5354837365e-02 1.1641540833e-03 -9.8249108007e-01
201 192 183
2 0 1317 186.5000 2.4000 2 772 352.6000 41.6300
9.2025057327e-02 -7.3884460805e-03 -9.7864485113e-01
203 190 182
2 0 1411 200.8800 -16.1400 2 791 371.6800 32.0100
-1.1208655971e-01 -1.7492354380e-02 -1.1299665124e+00
21 21 24
2 0 1464 -202.1000 -25.5700 2 1122 -62.6500 -116.7100
-1.1613091898e-01 -2.0715507375e-02 -1.1306746015e+00
66 59 42
2 0 1481 -209.7700 -31.2200 2 1138 -67.5900 -122.4900
7.9009407351e-02 -2.9353559472e-02 -9.9613854698e-01
195 182 174
2 0 1658 169.4500 -61.9100 2 891 350.5300 -17.2100
1.1194360559e-01 -2.8673379333e-02 -9.6581165098e-01
201 191 182
2 0 1664 245.1900 -63.4600 2 827 427.6300 10.9800
6.8343948899e-02 -4.0868779280e-02 -1.0087101665e+00
201 188 179
2 0 1798 145.1300 -85.1200 2 951 330.2700 -46.1000
9.7501796770e-02 -4.0924223451e-02 -9.8215071178e-01
194 185 178
2 0 1813 210.2100 -88.1700 2 904 399.0700 -22.6600
-8.7626366551e-02 -4.9988316289e-02 -1.1419704770e+00
25 67 36
2 0 1816 -154.9700 -88.8300 2 1306 -21.7300 -179.5400
7.8232970691e-02 -4.3955566150e-02 -1.0006888336e+00
200 187 179
2 0 1840 166.4700 -92.4100 2 945 354.7300 -43.9500
-9.5711754730e-02 -6.0652710921e-02 -1.1484422547e+00
21 69 26
2 0 1938 -169.7400 -107.0500 2 1373 -33.6400 -203.4900
-1.1765245515e-01 -6.8069996901e-02 -1.1473012343e+00
146 141 173
2 0 2005 -211.1700 -118.9400 2 1416 -60.9900 -215.4600
1.1157832951e-01 -6.0615674225e-02 -9.7471897579e-01
164 151 142
2 0 2080 240.8800 -132.0200 2 952 440.6700 -46.7300
1.1413409224e-01 -6.0369402436e-02 -9.7210481090e-01
159 146 138
2 0 2082 246.9100 -131.8200 2 947 447.0000 -44.0500
1.1487242882e-01 -6.5552989563e-02 -9.7307592970e-01
204 190 181
2 0 2142 247.9800 -142.8600 2 970 450.8400 -53.2300
5.7376318771e-02 -7.6735716561e-02 -1.0279863551e+00
194 184 174
2 0 2215 118.8200 -156.9000 2 1133 319.3300 -120.2500
5.9491640993e-02 -7.7141979127e-02 -1.0261235564e+00
203 190 182
2 0 2222 123.2600 -158.0400 2 1128 324.6000 -119.2500
1.0646534354e-01 -7.5928264454e-02 -9.8338671713e-01
197 184 176
2 0 2254 227.4500 -163.7100 2 1030 435.3200 -78.7000
9.7943512731e-02 -7.9498516598e-02 -9.9175220359e-01
149 139 130
2 0 2282 207.5000 -169.4600 2 1065 417.2100 -92.1300
1.2846355480e-01 -7.7333997568e-02 -9.6408410573e-01
152 139 132
2 0 2296 279.1900 -170.8900 2 997 487.9800 -63.4100
2.0852203344e-02 -8.7804549304e-02 -1.0642003535e+00
142 133 126
2 0 2302 43.4600 -173.0000 2 1280 236.7800 -170.7000
1.1465834720e-01 -8.6680259918e-02 -9.7877156420e-01
154 143 137
2 0 2370 245.3700 -187.9100 2 1059 459.8600 -91.7700
1.1401590394e-01 -9.0010049422e-02 -9.8021814456e-01
201 190 182
2 0 2404 243.5100 -194.7800 2 1075 459.9000 -98.4500
1.1022267029e-01 -9.1219115250e-02 -9.8395434251e-01
152 143 136
2 0 2415 234.5700 -196.5400 2 1087 451.3900 -103.7700
-2.3907120995e-02 -1.0179814366e-01 -1.0574438196e+00
24 27 35
2 0 2423 -46.8600 -198.6400 2 1326 193.8500 -187.0300
1.0967773238e-01 -9.2860026586e-02 -9.8485246852e-01
193 180 171
2 0 2431 233.1500 -199.8800 2 1100 450.8700 -107.2200
-3.6662123605e-02 -1.0583755827e-01 -1.0668345888e+00
241 238 75
2 0 2449 -71.5200 -204.5400 2 2437 167.6900 -202.7700
1.2207269591e-01 -1.0254574026e-01 -9.7641126991e-01
195 185 176
2 0 2519 261.1100 -223.1000 2 1116 484.7800 -115.1600
1.2207269591e-01 -1.0254574026e-01 -9.7641126991e-01
195 185 176
2 0 2520 261.1100 -223.1000 2 1115 484.7800 -115.1600
1.0439725973e-01 -1.0949621983e-01 -9.9415720988e-01
201 188 180
2 0 2552 219.3800 -233.4100 2 1195 445.6300 -142.6300
1.2353717019e-01 -1.2033332206e-01 -9.7978437151e-01
143 132 126
2 0 2680 262.7700 -261.1700 2 1207 496.6000 -147.0500
9.1212211271e-02 -1.2669427441e-01 -1.0105619691e+00
193 183 174
2 0 2699 188.0700 -265.2400 2 1321 421.9900 -186.0700
7.6050119139e-02 -1.2964013906e-01 -1.0250264914e+00
151 138 130
2 0 2710 154.6500 -267.1900 2 1374 386.7700 -204.2400
7.6050119139e-02 -1.2964013906e-01 -1.0250264914e+00
151 138 130
2 0 2711 154.6500 -267.1900 2 1375 386.7700 -204.2400
1.1712465457e-01 -1.2750682282e-01 -9.8749226315e-01
195 184 178
2 0 2747 247.0300 -274.4300 2 1263 484.4600 -165.8900
8.9783954312e-02 -1.3204299515e-01 -1.0131615844e+00
146 136 127
2 0 2757 184.4800 -275.7900 2 1354 421.0900 -197.3100
-4.4506763223e-02 -1.4748491848e-01 -1.0839259125e+00
243 239 83
2 0 2791 -87.1600 -283.1600 2 2530 164.8900 -291.4300
2.6771628248e-02 -1.5078939750e-01 -1.0754474010e+00
189 178 172
2 0 2842 51.6300 -295.5400 2 2525 276.3400 -286.4300
9.1887142840e-02 -1.5805746470e-01 -1.0182641962e+00
202 189 181
2 0 3002 187.0500 -329.2900 2 2488 437.8400 -245.5300
1.0046816538e-01 -1.5964149109e-01 -1.0111422759e+00
194 184 175
2 0 3028 205.9900 -335.3400 2 1452 459.1600 -241.5200
6.5631648680e-02 1.6306235946e-01 -9.6020647156e-01
204 195 188
2 0 3262 155.7200 358.3500 2 215 245.6800 292.9000
1.1567012884e-01 1.5589549537e-01 -9.1715663792e-01
199 190 185
2 0 3269 275.0600 356.6400 2 152 358.3900 319.7800
9.1798023583e-02 1.5808610911e-01 -9.3793650641e-01
199 190 183
2 0 3273 216.5800 354.7100 2 182 305.1200 304.9000
1.0283621885e-01 1.4135759459e-01 -9.3216527370e-01
204 195 186
2 0 3328 241.5300 318.6400 2 230 335.8100 286.9300
9.8532173626e-02 1.3074764319e-01 -9.3833581985e-01
204 195 185
2 0 3368 230.0800 292.7600 2 1893 330.5600 267.2500
1.0440347884e-01 1.1255159399e-01 -9.3772280040e-01
205 192 185
2 0 3434 242.4000 251.7000 2 351 350.3700 242.6000
6.5366194648e-02 1.1198491426e-01 -9.7294527130e-01
180 171 166
2 0 3453 151.0400 242.7100 2 409 263.4500 211.6200
1.1254298033e-01 9.9502743775e-02 -9.3365393727e-01
197 187 178
2 0 3481 260.7300 223.2000 2 384 373.9100 227.6600
1.2433812410e-01 8.7059385045e-02 -9.2602687074e-01
161 150 144
2 0 3514 288.5800 196.2400 2 405 405.6100 216.8400
1.4161946582e-01 8.3880728918e-02 -9.1208082330e-01
209 198 192
2 0 3516 331.9600 191.1700 2 388 444.9800 224.4000
1.0173430953e-01 8.2255244904e-02 -9.4748694278e-01
206 197 190
2 0 3529 232.7600 181.8600 2 461 356.5500 191.4500
1.2461773030e-01 7.1377354581e-02 -9.2967724413e-01
204 194 185
2 0 3554 287.3500 159.9900 2 462 412.8000 191.3000
1.0261846749e-01 5.4081938345e-02 -9.5360184279e-01
203 193 182
2 0 3614 231.7900 118.7200 2 2015 370.3400 145.3600
9.2698595678e-02 4.8894044383e-02 -9.6368098430e-01
206 193 185
2 0 3642 207.9600 106.4400 2 594 350.0100 129.0900
9.2698595678e-02 4.8894044383e-02 -9.6368098430e-01
206 193 185
2 0 3643 207.9600 106.4400 2 595 350.0100 129.0900
7.5917413714e-02 2.7887693899e-02 -9.8439703699e-01
191 180 177
2 0 3725 167.6200 59.7300 2 2072 319.7200 80.0800
1.4089700478e-01 2.6687102691e-02 -9.2642975481e-01
206 196 187
2 0 3732 322.6000 58.4800 2 596 469.1300 129.2600
7.0445842785e-02 2.3345416044e-02 -9.9027948191e-01
194 184 173
2 0 3751 155.1300 49.7200 2 2089 309.0800 68.3800
1.3624644355e-01 9.2781349069e-03 -9.3474421093e-01
154 143 133
2 0 3830 308.6200 19.1100 2 661 466.6700 95.9800
3.7950337291e-02 6.1162773808e-04 -1.0258736593e+00
151 142 136
2 0 3863 83.4500 2.2600 2 2161 242.7800 2.7700
1.3662472670e-01 1.3003549225e-03 -9.3672737707e-01
160 150 141
2 0 3869 308.5500 0.9900 2 688 470.6300 82.3700
5.0460504178e-02 -1.3205477789e-02 -1.0180270239e+00
181 168 160
2 0 3966 108.8900 -26.7800 2 2178 276.9900 -11.3400
1.3325473301e-01 -1.1869634292e-02 -9.4293416308e-01
201 191 183
2 0 3973 298.5700 -28.2800 2 742 469.0000 57.0100
-8.9610793083e-02 -2.2658368650e-02 -1.1349886462e+00
98 69 19
2 0 3999 -158.8200 -37.5100 2 2321 -32.2700 -129.8000
3.5859183647e-02 -2.6058504596e-02 -1.0345802892e+00
162 153 148
2 0 4046 77.3500 -51.9800 2 2212 248.2400 -46.0300
1.3387632455e-01 -3.7570993498e-02 -9.4859879907e-01
208 197 193
2 0 4152 297.0200 -85.1400 2 825 482.7800 12.6500
1.1895768763e-01 -4.1125811403e-02 -9.6297255290e-01
193 183 175
2 0 4170 260.4200 -91.1000 2 2169 449.3500 -5.7900
1.2325987021e-01 -4.3230407493e-02 -9.5966708214e-01
195 186 177
2 0 4183 270.5300 -96.2600 2 2170 460.3200 -6.0200
-1.1094601362e-01 -6.2822542727e-02 -1.1448141249e+00
126 96 38
2 0 4235 -198.7300 -110.3000 2 2999 -51.5800 -203.8900
6.9250427483e-02 -5.3753903906e-02 -1.0110791170e+00
193 183 174
2 0 4237 145.9900 -111.6700 2 1006 338.0800 -68.5800
1.2739418650e-01 -6.0042832430e-02 -9.6035078272e-01
198 186 174
2 0 4300 278.5200 -133.2100 2 922 477.8200 -32.9400
9.2569908279e-02 -7.3066079419e-02 -9.9531636628e-01
203 190 182
2 0 4386 195.8600 -155.0100 2 2250 401.1300 -85.1400
9.8905673884e-02 -7.5910428682e-02 -9.8991952816e-01
201 188 180
2 0 4408 210.0500 -162.1600 2 2249 417.9000 -84.7200
-2.1955361126e-02 -9.0750750715e-02 -1.0528179051e+00
23 27 27
2 0 4439 -42.6700 -177.4100 2 1253 194.2700 -163.9300
4.8376145159e-02 -8.8330829833e-02 -1.0393719388e+00
176 166 157
2 0 4442 99.1500 -178.6200 2 2347 302.5100 -149.2400
6.0916827511e-02 -9.9116564480e-02 -1.0310578927e+00
189 176 169
2 0 4515 124.5200 -202.2500 2 2956 336.8400 -159.5200
1.0405869707e-01 -9.6675296631e-02 -9.9080840178e-01
204 191 183
2 0 4525 219.8000 -206.5400 2 2306 439.4500 -118.8900
8.9877912576e-02 -9.8693543791e-02 -1.0046542904e+00
202 191 185
2 0 4533 187.5400 -207.6200 2 2325 405.7600 -134.7100
7.9820571497e-02 -1.0937771573e-01 -1.0162877609e+00
157 144 137
2 0 4587 164.4700 -227.2400 2 2360 386.8000 -162.7300
7.9820571497e-02 -1.0937771573e-01 -1.0162877609e+00
157 144 137
2 0 4588 164.4700 -227.2400 2 2359 386.8000 -162.7300
9.7921992408e-02 -1.1261920379e-01 -1.0007596348e+00
195 184 178
2 0 4609 204.3400 -238.1500 2 2350 431.7300 -153.8900
1.2400984678e-01 -1.1398843500e-01 -9.7806605677e-01
155 142 134
2 0 4626 264.4200 -247.7400 2 1171 494.2900 -135.2200
1.1751301018e-01 -1.1552996202e-01 -9.8385877619e-01
191 180 174
2 0 4632 249.1300 -249.4400 2 2334 479.9500 -142.9600
1.1751301018e-01 -1.1552996202e-01 -9.8385877619e-01
191 180 174
2 0 4633 249.1300 -249.4400 2 2335 479.9500 -142.9600
-4.2147951372e-02 -1.3259254261e-01 -1.0786846439e+00
250 247 73
2 0 4638 -82.5700 -254.7600 2 3042 164.4900 -260.4600
2.1398656201e-02 -1.3843929604e-01 -1.0767826344e+00
152 142 133
2 0 4685 41.7200 -270.6200 2 3045 258.6200 -266.6300
6.5318253755e-02 -1.3827236293e-01 -1.0372630113e+00
156 143 135
2 0 4716 131.0800 -281.5300 2 3023 364.3300 -229.9100
1.1776524624e-01 -1.4332188409e-01 -9.9083746664e-01
198 188 177
2 0 4773 246.9900 -307.5700 2 2416 493.9600 -195.2200
1.1085913804e-01 -1.4702791816e-01 -9.9828881178e-01
199 189 181
2 0 4789 230.6300 -312.8800 2 2448 478.7100 -208.4000
1.5795581707e-02 -1.6240445601e-01 -1.0884199171e+00
179 169 160
2 0 4796 29.5700 -314.5000 2 3076 254.5400 -318.6000
1.0167869354e-01 -1.5244989275e-01 -1.0074163023e+00
195 185 176
2 0 4807 209.4200 -321.2400 2 2469 459.7300 -225.9600
5.7213983779e-02 1.5535045627e-01 -9.6951671597e-01
187 178 169
2 0 4980 136.1100 338.2800 2 1884 229.9100 274.7200
7.7809333848e-02 1.5168273674e-01 -9.5186312604e-01
212 201 195
2 0 4985 182.9900 335.6700 2 1867 276.6800 284.6100
7.3242647377e-02 1.3504217965e-01 -9.5993144729e-01
194 183 177
2 0 5035 170.8900 296.5000 2 1901 272.8700 254.8100
1.3321601236e-01 1.2856313393e-01 -9.0864894189e-01
207 198 191
2 0 5036 316.1700 295.8400 2 1862 407.5300 289.6200
1.1702041408e-01 1.2142446576e-01 -9.2419945009e-01
194 185 178
2 0 5053 274.3200 275.3400 2 1895 375.2600 266.3800
1.2539787645e-01 1.1131295275e-01 -9.1949533826e-01
201 192 183
2 0 5074 294.0100 253.3100 2 2634 397.7300 256.2500
1.0063475173e-01 1.1339983750e-01 -9.4094159321e-01
191 181 172
2 0 5075 233.3400 252.9200 2 1919 341.6100 240.9500
1.1369841704e-01 1.0800360014e-01 -9.3079402143e-01
210 201 194
2 0 5081 264.4600 243.1100 2 1918 372.8000 241.9400
1.3661157698e-01 1.0492321103e-01 -9.1147269004e-01
204 194 185
2 0 5082 321.7500 240.2100 2 1902 424.8300 254.3300
6.9682571270e-02 1.0560027208e-01 -9.7024097213e-01
157 147 138
2 0 5089 160.1300 229.6700 2 1962 276.1800 204.7100
1.3624862357e-01 9.8423720674e-02 -9.1349171762e-01
197 188 179
2 0 5095 320.0400 224.5300 2 1917 426.4300 243.6600
1.6039108340e-01 8.0890617868e-02 -8.9688256074e-01
210 199 195
2 0 5130 380.7000 186.5500 2 1927 487.5900 233.4000
1.0856293549e-01 5.9067712007e-02 -9.4709953935e-01
170 155 148
2 0 5197 246.6400 130.2200 2 2692 381.5200 158.4400
9.0651064003e-02 5.7425168756e-02 -9.6344249658e-01
206 196 190
2 0 5204 204.1200 124.9900 2 2017 341.6800 141.9000
1.2980573963e-01 4.9613765103e-02 -9.3053895142e-01
212 199 191
2 0 5221 297.5900 110.4800 2 2002 433.7800 159.1300
1.3863974828e-01 4.7548949402e-02 -9.2373009755e-01
202 191 185
2 0 5224 319.3300 106.4400 2 1994 454.2900 161.7900
1.1474763112e-01 4.6271950332e-02 -9.4477639272e-01
186 175 169
2 0 5227 260.2500 101.6800 2 2019 400.7600 142.0400
1.4982962982e-01 3.5091321078e-02 -9.1687892750e-01
150 141 136
2 0 5257 346.5000 77.9400 2 2009 485.1000 150.0100
1.1326804349e-01 -7.9700500884e-03 -9.5934795774e-01
199 189 180
2 0 5403 250.5400 -18.4100 2 2114 421.6100 48.2700
1.3837730872e-01 -9.2982920614e-03 -9.3794891419e-01
199 189 180
2 0 5409 311.4900 -22.7300 2 2772 479.5200 65.1800
1.2001052502e-01 -3.3621130532e-02 -9.5979541998e-01
148 138 129
2 0 5501 263.9100 -75.0700 2 2804 448.6900 8.8200
9.6313197803e-02 -3.5185873144e-02 -9.8181495642e-01
206 196 187
2 0 5504 207.9700 -75.7300 2 2819 393.8000 -13.5700
1.2104349352e-01 -3.5718795307e-02 -9.5977516494e-01
194 184 175
2 0 5512 266.0000 -79.5900 2 2157 451.7100 5.4200
1.1642559339e-01 -4.6558111862e-02 -9.6672674715e-01
193 180 171
2 0 5550 253.7700 -102.5000 2 2823 445.7800 -17.6200
7.9439975635e-02 -5.0651471280e-02 -1.0007935820e+00
189 176 168
2 0 5560 168.7500 -106.7600 2 2846 360.8600 -54.2700
9.2612110567e-02 -5.1401960434e-02 -9.8953507676e-01
192 182 173
2 0 5570 198.0100 -109.7100 2 2833 391.8300 -45.6600
9.2612110567e-02 -5.1401960434e-02 -9.8953507676e-01
192 182 173
2 0 5571 198.0100 -109.7100 2 2834 391.8300 -45.6600
7.1578267089e-02 -5.5989333438e-02 -1.0096262002e+00
192 179 170
2 0 5580 150.9700 -116.7600 2 2870 344.2400 -70.6400
1.0377277334e-01 -6.0268355589e-02 -9.8178432916e-01
148 135 128
2 0 5597 222.6500 -129.9100 2 2842 422.0800 -52.7100
7.4606851032e-02 -1.0246709310e-01 -1.0186743886e+00
188 178 168
2 0 5708 153.6400 -211.9500 2 2949 372.1000 -153.7500
-3.0765933692e-02 -1.4547232533e-01 -1.0752599531e+00
20 25 31
2 0 5796 -61.0700 -281.9200 2 2518 193.4100 -279.2300
1.1890566035e-01 1.4625299044e-01 -9.1673014999e-01
173 164 157
2 0 5912 281.9900 334.5300 2 2616 369.2100 306.9400
1.3161148019e-01 1.2760388278e-01 -9.1060092894e-01
165 158 152
2 0 5931 311.8700 292.9900 2 2625 403.9500 286.5900
1.0015171360e-01 1.0900844358e-01 -9.4256363404e-01
160 150 141
2 0 5956 231.7100 242.6600 2 2649 342.1000 233.4100
1.0015171360e-01 1.0900844358e-01 -9.4256363404e-01
160 150 141
2 0 5957 231.7100 242.6600 2 2650 342.1000 233.4100
9.4701942232e-02 7.7395320906e-02 -9.5544298671e-01
180 170 163
2 0 5980 215.2700 170.2200 2 3118 342.4600 177.1300
4.6827355787e-02 2.5182178961e-02 -1.0115958810e+00
160 150 144
2 0 6029 103.8500 53.1700 2 3162 253.7800 52.4200
-1.1466191150e-01 -1.8822322165e-02 -1.1299223669e+00
14 12 15
2 0 6090 -206.9700 -27.9500 2 2916 -65.8000 -118.6300
-1.1169060155e-01 -2.0005551594e-02 -1.1303757146e+00
125 131 149
2 0 6091 -201.1400 -30.7100 2 2917 -61.4300 -120.7600
1.1402999269e-01 -7.1706852722e-02 -9.7564960806e-01
198 185 176
2 0 6225 245.3600 -155.9000 2 3212 451.2900 -65.2100
1.0025354688e-01 -8.2719818416e-02 -9.9101577553e-01
192 182 173
2 0 6238 212.3600 -176.5300 2 3242 423.5200 -96.6800
1.2625310885e-01 -8.3012496595e-02 -9.6717928707e-01
196 181 174
2 0 6240 273.3200 -182.6600 2 3221 485.9100 -75.2400
1.2014458897e-01 -9.8115662364e-02 -9.7727885802e-01
199 186 178
2 0 6260 257.0200 -213.3300 2 3248 477.5900 -108.7200
1.2014458897e-01 -9.8115662364e-02 -9.7727885802e-01
199 186 178
2 0 6262 257.0200 -213.3300 2 3249 477.5900 -108.7200
9.4428456839e-02 -1.1050242320e-01 -1.0034114194e+00
196 183 175
2 0 6274 196.6200 -232.8300 2 3279 422.4000 -152.9400
9.4428456839e-02 -1.1050242320e-01 -1.0034114194e+00
196 183 175
2 0 6275 196.6200 -232.8300 2 3280 422.4000 -152.9400
1.0138227830e-01 -1.0996566139e-01 -9.9684090410e-01
186 173 164
2 0 6278 212.4600 -233.6000 2 3273 438.8900 -145.9100
1.0258496229e-01 -1.1230231777e-01 -9.9694655492e-01
160 147 139
2 0 6285 214.8900 -238.6400 2 2941 442.0800 -149.8300
1.2163852671e-01 -1.1513503015e-01 -9.8036771746e-01
192 181 175
2 0 6293 258.8100 -249.7100 2 3264 489.1800 -139.0600
1.1379403085e-01 1.2358835737e-01 -9.2656316166e-01
174 164 155
2 0 6370 266.6700 279.4900 2 3103 367.0100 267.5600
1.1379403085e-01 1.2358835737e-01 -9.2656316166e-01
174 164 155
2 0 6371 266.6700 279.4900 2 3104 367.0100 267.5600
1.4513245200e-01 1.1661376772e-01 -9.0153853430e-01
192 185 181
2 0 6376 345.3900 269.7500 2 3102 438.2900 279.1500
-1.0878823508e-01 -1.6997255040e-02 -1.1302690626e+00
14 14 14
2 0 6473 -195.7200 -25.0300 2 3252 -58.4200 -116.2000
-1.1214012004e-01 -4.4199061502e-02 -1.1392041938e+00
15 12 7
2 0 6508 -201.2300 -75.8500 2 3292 -57.8800 -168.0700
9.0756658220e-02 -1.0851222114e-01 -1.0060563834e+00
189 176 167
2 0 6579 188.4900 -227.6500 2 3523 413.1000 -152.3100
1.3993637347e-01 1.2533882479e-01 -9.0382069334e-01
185 178 173
2 0 6618 333.1400 289.4900 2 3403 423.2100 289.4200
-1.0853229471e-01 -3.8436941142e-03 -1.1255442349e+00
9 12 0
2 0 6677 -195.8000 0.0800 2 3236 -60.1700 -91.2000
-1.1004321977e-01 -9.7042658703e-03 -1.1277193161e+00
13 14 11
2 0 6682 -198.4700 -10.8900 2 3490 -61.4200 -102.4500
1.0156759192e-01 -1.4064167034e-02 -9.7129418701e-01
200 187 179
2 0 6692 222.3800 -31.0800 2 3584 397.1900 28.4900
1.0156759192e-01 -1.4064167034e-02 -9.7129418701e-01
200 187 179
2 0 6693 222.3800 -31.0800 2 3586 397.1900 28.4900
-1.0704315515e-01 -3.3852093854e-02 -1.1367256006e+00
147 104 33
2 0 6704 -192.0200 -56.5100 2 3521 -53.0300 -149.4500
1.2880897381e-01 -4.8337958796e-02 -9.5603074104e-01
189 176 168
2 0 6735 283.5600 -108.5100 2 3474 475.3000 -10.2900
7.9502138009e-03 -1.4282713814e-01 -1.0906361957e+00
124 115 107
2 0 6826 15.3300 -275.2800 2 3638 227.4700 -287.1200
