# Bundle file v0.3
3 167
7.2360357799e+02 -4.7769654490e-01 -1.1478785574e-01
8.6289277243e-01 -1.7689941858e-01 4.7341594713e-01
3.5822780627e-01 8.7485620568e-01 -3.2603597686e-01
-3.5649530447e-01 4.5092484418e-01 8.1827738744e-01
6.0361906207e-01 -3.4063147756e-01 5.6931046259e-01
2.0679596726e+03 -2.1181712669e-01 -3.1445646223e-03
9.9924747146e-01 -3.1789361092e-02 2.2224475204e-02
3.3802965312e-02 9.9470737281e-01 -9.7028872078e-02
-1.9022363492e-02 9.7707108247e-02 9.9503340179e-01
1.9594261117e-02 -1.1849601274e-01 9.0175237267e-03
2.0923414011e+03 5.7721061641e-02 5.5486079914e-05
9.7087334938e-01 -2.0216692981e-01 -1.2858254919e-01
2.2753950430e-01 6.0992175472e-01 7.5909237060e-01
-7.5038079980e-02 -7.6624016184e-01 6.3815773986e-01
-1.1658728791e-01 9.8155168765e-01 -5.2875416038e-01
-1.8922262444e-01 2.7022790176e-03 -1.2115262647e+00
201 168 83
3 1 4234 -338.1000 -7.2800 2 3450 -235.1500 33.2300 0 1269 -254.9500 -21.9400
-1.4087254875e-01 -6.2300437318e-02 -1.2519176546e+00
166 167 179
3 1 4595 -244.1600 -105.6400 2 1469 -131.1000 -63.9200 0 1446 -162.0600 -61.2300
-1.9752167964e-01 -6.2218322680e-02 -1.2326144342e+00
192 188 61
3 1 4623 -342.4300 -113.6700 2 3660 -229.2900 -61.8300 0 1606 -235.2500 -107.9000
-2.0904421806e-01 -5.7496751376e-02 -1.2273131735e+00
193 191 37
3 1 4606 -363.4400 -107.9900 2 5047 -250.8900 -54.6200 0 1620 -252.4200 -112.0000
-1.0569336615e-01 -3.2292354195e-02 -1.2550234035e+00
144 127 40
3 1 4383 -188.7100 -55.3600 2 3576 -81.9500 -23.4400 0 2893 -125.1200 5.2700
-1.9242441388e-01 -5.2187437583e-02 -1.2300875220e+00
158 109 91
3 1 6110 -335.3800 -97.3500 2 5035 -223.9300 -46.2400 0 3878 -232.8100 -92.9400
-1.8831879836e-01 -3.3787063935e-02 -1.2253564611e+00
108 102 124
3 1 7050 -331.0600 -66.6900 2 5800 -222.4400 -20.0900 0 4270 -235.6500 -68.0400
-1.9238430256e-01 -3.2966928641e-02 -1.2236726670e+00
195 190 57
3 1 7610 -338.4700 -66.0500 2 6234 -229.5300 -18.6100 0 4271 -241.8000 -70.5200
-1.3366699623e-01 -1.0152617286e-01 -1.2679779366e+00
13 13 11
3 1 7960 -227.2400 -164.4900 2 6514 -105.5500 -123.1300 0 4296 -140.8600 -96.5300
-1.4256176895e-01 -1.1104701864e-01 -1.2684590511e+00
21 14 14
3 1 7968 -240.2400 -180.3900 2 6526 -117.8700 -137.6000 0 4308 -149.1100 -112.4400
-2.0812978251e-01 -6.1784296009e-02 -1.2292917608e+00
21 61 39
3 1 7651 -360.8000 -114.6100 2 6260 -247.6900 -61.1700 0 4309 -249.6700 -115.9500
-2.1164581572e-01 -7.5816722417e-02 -1.2330398549e+00
184 188 56
3 1 7664 -364.2100 -137.3900 2 6270 -250.0000 -82.1400 0 4319 -247.1100 -133.0600
-2.1164581572e-01 -7.5816722417e-02 -1.2330398549e+00
184 188 56
3 1 7665 -364.2100 -137.3900 2 6271 -250.0000 -82.1400 0 4320 -247.1100 -133.0600
-1.9581475960e-01 -1.1395743872e-02 -1.2148832069e+00
25 77 49
3 1 7883 -347.7400 -31.5600 2 6457 -242.6100 12.6700 0 4510 -257.0600 -46.0100
-2.0397103414e-01 -2.3441469688e-02 -1.2163270119e+00
13 93 34
3 1 7890 -360.3600 -52.4500 2 6461 -253.2900 -4.2000 0 4525 -262.1900 -68.5100
-2.0397103414e-01 -2.3441469688e-02 -1.2163270119e+00
13 93 34
3 1 7891 -360.3600 -52.4500 2 6462 -253.2900 -4.2000 0 4526 -262.1900 -68.5100
-2.1166693693e-01 -6.1061367221e-02 -1.2281810070e+00
21 76 38
3 1 7928 -366.8600 -113.8000 2 6490 -254.9800 -60.5900 0 4559 -253.7500 -117.5100
-1.2462326233e-01 -5.5298255341e-02 -1.2551121938e+00
56 58 52
3 1 8136 -217.3700 -92.8900 2 6621 -106.7200 -54.5400 0 4754 -142.6400 -39.3700
-2.0435574751e-01 -5.0691168461e-02 -1.2266530045e+00
28 67 41
3 1 8137 -356.1800 -96.5900 2 6710 -245.5200 -45.0000 0 4767 -249.1400 -100.0700
-1.8334807078e-01 -4.6837676578e-02 -1.2316848240e+00
194 198 207
3 1 8221 -319.3000 -87.4100 2 6785 -210.5600 -39.3100 0 4816 -223.2800 -78.9200
-1.9507330349e-01 -3.0780944933e-02 -1.2223953483e+00
175 194 72
2 1 1793 -343.5200 -63.1900 2 1174 -234.7000 -15.6700
-1.9507330349e-01 -3.0780944933e-02 -1.2223953483e+00
175 194 72
2 1 1794 -343.5200 -63.1900 2 1175 -234.7000 -15.6700
-1.4143131809e-01 -3.7540253790e-02 -1.2432083952e+00
12 10 12
2 1 1816 -248.9000 -67.0500 2 1229 -140.6400 -28.0800
-1.2522054788e-01 -4.0084001785e-02 -1.2496128293e+00
121 108 50
2 1 1828 -220.8600 -68.9800 2 1251 -112.3500 -32.4200
-1.2522054788e-01 -4.0084001785e-02 -1.2496128293e+00
121 108 50
2 1 1829 -220.8600 -68.9800 2 1252 -112.3500 -32.4200
-1.0687527989e-01 -4.4795647673e-02 -1.2577631485e+00
13 16 26
2 1 1861 -189.1600 -73.9500 2 1309 -79.8400 -40.2600
-1.3438244541e-01 -4.2633765164e-02 -1.2473573650e+00
0 1 6
2 1 1865 -236.1900 -74.2000 2 1279 -126.9200 -35.6800
-1.0850774928e-01 -5.5567240024e-02 -1.2611453853e+00
150 152 162
2 1 2008 -190.6200 -90.9300 2 1402 -78.6600 -55.9800
-1.1781489624e-01 -5.7704240359e-02 -1.2584191274e+00
86 78 50
2 1 2035 -205.7600 -95.5900 2 1427 -93.9500 -58.4200
-1.1781489624e-01 -5.7704240359e-02 -1.2584191274e+00
86 78 50
2 1 2036 -205.7600 -95.5900 2 1428 -93.9500 -58.4200
-1.5391589899e-01 -5.5980905039e-02 -1.2451669292e+00
26 26 31
2 1 2046 -267.6700 -97.8600 2 1394 -155.9000 -54.1100
-1.3811914019e-01 -6.1344998313e-02 -1.2525875075e+00
186 174 181
2 1 2078 -239.9600 -104.0500 2 1465 -126.9300 -62.7600
-1.5538004012e-01 -5.9934857447e-02 -1.2459984736e+00
31 29 31
2 1 2079 -269.5700 -104.2700 2 1447 -157.1500 -59.8100
-1.4702742126e-01 -6.6100410079e-02 -1.2509761037e+00
172 166 176
2 1 2134 -254.4600 -112.7400 2 1498 -140.6600 -69.1700
-1.4702742126e-01 -6.6100410079e-02 -1.2509761037e+00
172 166 176
2 1 2135 -254.4600 -112.7400 2 1499 -140.6600 -69.1700
-1.4730296418e-01 -7.5552878999e-02 -1.2544629672e+00
160 169 170
2 1 2224 -253.3400 -127.3600 2 1566 -138.0200 -83.5500
-1.5225812992e-01 -7.9150417299e-02 -1.2543289415e+00
17 11 20
2 1 2259 -261.3200 -133.5300 2 1600 -145.1300 -89.1200
-1.5823782876e-01 -7.9619198645e-02 -1.2521253567e+00
28 19 23
2 1 2266 -271.6900 -135.1900 2 1599 -155.2200 -89.2200
-2.1414768840e-01 -7.4613541551e-02 -1.2315027653e+00
65 74 27
2 1 2270 -369.1100 -135.3700 2 1547 -254.8500 -80.1500
-1.5546107486e-01 -7.9991518300e-02 -1.2532343198e+00
171 140 30
2 1 2271 -266.8100 -135.3600 2 1609 -150.3600 -89.9100
-1.1419881276e-01 -9.1576218197e-02 -1.2715317259e+00
29 29 19
2 1 2344 -195.4800 -147.0500 2 1700 -75.6000 -108.6900
-2.0635170450e-01 -8.7633117826e-02 -1.2385621755e+00
149 156 162
2 1 2384 -353.2500 -154.5400 2 1670 -237.0100 -99.9800
-1.5667346355e-01 -9.4842893258e-02 -1.2579445593e+00
6 6 1
2 1 2408 -266.7400 -158.3100 2 3798 -147.3700 -112.2000
-1.3340696715e-01 -1.0515406042e-01 -1.2697267531e+00
140 143 159
2 1 2460 -225.7600 -170.3900 2 1809 -103.6400 -128.7700
-1.5216743194e-01 -1.0394268874e-01 -1.2627061212e+00
11 16 23
2 1 2465 -257.6100 -171.4400 2 1795 -136.5300 -126.2500
-1.5125400043e-01 -1.0588495678e-01 -1.2637169845e+00
178 174 160
2 1 2484 -255.7700 -174.2300 2 1810 -134.2700 -129.2700
-2.1910140618e-01 -1.1370915415e-01 -1.2428639030e+00
199 194 209
2 1 2569 -370.8100 -196.5800 2 3877 -251.8600 -139.4400
-1.2877360382e-01 -1.2575409377e-01 -1.2782442606e+00
135 136 157
2 1 2593 -214.8700 -200.5100 2 1935 -88.6400 -160.2800
-1.2509054628e-01 -1.2696334486e-01 -1.2801399777e+00
23 20 26
2 1 2598 -208.8700 -201.6400 2 1947 -81.4800 -162.4400
-1.4188169893e-01 -4.6846111177e-02 -1.2460401930e+00
175 171 180
2 1 4511 -248.5600 -81.8800 2 3612 -138.2000 -41.1800
-1.4496356856e-01 -5.2178433581e-02 -1.2469911633e+00
23 17 11
2 1 4548 -252.7900 -90.6600 2 1364 -141.8900 -49.0200
-1.4496356856e-01 -5.2178433581e-02 -1.2469911633e+00
23 17 11
2 1 4549 -252.7900 -90.6600 2 1365 -141.8900 -49.0200
-1.4069427435e-01 -6.2146170334e-02 -1.2520451166e+00
166 167 179
2 1 4594 -244.1600 -105.6400 2 1468 -131.1000 -63.9200
-1.5137914923e-01 -7.6203924923e-02 -1.2533097484e+00
3 9 8
2 1 4675 -260.2100 -128.9400 2 1571 -144.7900 -84.4000
-1.5465179458e-01 -7.6159433471e-02 -1.2519436739e+00
190 131 19
2 1 4676 -266.0700 -129.3900 2 3715 -150.2900 -83.9200
-1.5465179458e-01 -7.6159433471e-02 -1.2519436739e+00
190 131 19
2 1 4677 -266.0700 -129.3900 2 3716 -150.2900 -83.9200
-1.4500562313e-01 -8.4169336395e-02 -1.2585206804e+00
9 3 6
2 1 4712 -248.5300 -140.2000 2 1644 -130.6700 -96.7900
-1.4500562313e-01 -8.4169336395e-02 -1.2585206804e+00
9 3 6
2 1 4713 -248.5300 -140.2000 2 1645 -130.6700 -96.7900
-1.6034425502e-01 -8.5099185565e-02 -1.2534795671e+00
10 14 9
2 1 4730 -274.3100 -143.8900 2 3745 -157.1000 -97.6000
-1.6034425502e-01 -8.5099185565e-02 -1.2534795671e+00
10 14 9
2 1 4731 -274.3100 -143.8900 2 3746 -157.1000 -97.6000
-1.4842902886e-01 -9.7309045312e-02 -1.2619332711e+00
13 7 17
2 1 4786 -252.3300 -160.7500 2 1739 -132.1500 -116.5400
-1.4933755326e-01 -1.0082426533e-01 -1.2625615898e+00
2 5 4
2 1 4805 -253.3700 -166.3000 2 1764 -132.6200 -121.5200
-1.5396253189e-01 -1.0350393435e-01 -1.2620224099e+00
182 182 187
2 1 4824 -260.7700 -171.0200 2 3831 -139.7100 -125.6300
-2.2027771847e-01 -1.0539777394e-01 -1.2399417209e+00
157 111 83
2 1 4865 -374.4100 -183.9700 2 3834 -256.2900 -126.9000
-1.4160780551e-01 -4.0127100329e-02 -1.2440835555e+00
18 10 1
2 1 6060 -248.7600 -71.1700 2 5004 -140.1400 -31.8500
-1.2044802566e-01 -4.4160398331e-02 -1.2527231638e+00
11 9 19
2 1 6071 -212.1500 -74.7700 2 5018 -102.9500 -38.5700
-1.5080226145e-01 -4.3898045088e-02 -1.2421334554e+00
185 144 32
2 1 6075 -264.4100 -78.3600 2 5011 -154.2000 -36.7200
-1.1542215025e-01 -7.0995397100e-02 -1.2643270330e+00
12 12 9
2 1 6158 -200.3800 -115.6900 2 3701 -84.6900 -78.4900
-1.9681459495e-01 -6.4606942400e-02 -1.2338627232e+00
163 112 87
2 1 6161 -340.4900 -117.2400 2 5061 -227.4600 -65.6600
-1.2128849028e-01 -8.1106454290e-02 -1.2654188998e+00
156 159 176
2 1 6199 -208.7100 -132.1500 2 5101 -91.4200 -92.7900
-1.5021479874e-01 -7.9464237281e-02 -1.2549231294e+00
154 151 149
2 1 6206 -257.7700 -133.7800 2 5096 -141.6200 -89.4000
-1.5166977004e-01 -8.4818457744e-02 -1.2562662901e+00
160 159 160
2 1 6231 -259.3800 -142.2300 2 5113 -142.4000 -97.3600
-1.2401429507e-01 -9.3823789801e-02 -1.2692638449e+00
154 155 172
2 1 6249 -211.7100 -151.8000 2 3800 -91.3000 -112.1500
-1.1968892839e-01 -9.5772103675e-02 -1.2715529456e+00
157 164 182
2 1 6253 -204.1000 -154.0800 2 5143 -83.2800 -115.3700
-1.8998519234e-01 -9.2981146683e-03 -1.2160227147e+00
189 189 49
2 1 7015 -338.2900 -27.7500 2 4913 -232.6600 15.6500
-1.7966128260e-01 -9.9493102022e-03 -1.2195930386e+00
174 193 210
2 1 7016 -319.7100 -27.6000 2 5761 -215.0600 14.3700
-1.3977312484e-01 -3.2065245144e-02 -1.2416735238e+00
120 94 44
2 1 7042 -246.9000 -58.1700 2 5802 -139.6600 -20.0500
-1.1336140905e-01 -5.6938362036e-02 -1.2601225852e+00
18 13 17
2 1 7080 -198.9300 -93.6600 2 5829 -85.9600 -57.9400
-2.0935913336e-01 -6.6363239293e-02 -1.2300378885e+00
189 193 48
2 1 7114 -362.2400 -121.8000 2 5839 -248.9800 -67.6300
-2.0935913336e-01 -6.6363239293e-02 -1.2300378885e+00
189 193 48
2 1 7115 -362.2400 -121.8000 2 5840 -248.9800 -67.6300
-1.5238569560e-01 -8.1665136310e-02 -1.2552789227e+00
14 14 16
2 1 7131 -261.0900 -137.3900 2 5869 -144.5200 -93.0300
-1.4746854426e-01 -8.9671132188e-02 -1.2596478731e+00
15 14 18
2 1 7146 -251.6700 -148.9700 2 5874 -133.2400 -105.0800
-1.5511110901e-01 -9.4653964892e-02 -1.2584358693e+00
14 15 3
2 1 7155 -263.9400 -157.7900 2 5881 -144.8800 -112.0000
-2.0065184385e-01 -1.0295788982e-01 -1.2454452411e+00
121 124 126
2 1 7179 -340.7000 -177.3700 2 6512 -222.2700 -123.1600
-1.1979131763e-01 -3.2032865060e-02 -1.2486227183e+00
11 10 10
2 1 7598 -212.0900 -55.5800 2 5805 -106.5900 -21.1500
-1.9232917763e-01 -2.7847851708e-02 -1.2221306912e+00
40 69 49
2 1 7601 -339.2100 -58.1400 2 5789 -230.9100 -11.3400
-1.0141782876e-01 -4.6725401491e-02 -1.2603608393e+00
165 121 41
2 1 7623 -179.6000 -76.2500 2 6246 -70.1600 -43.3500
-1.1513488483e-01 -6.1695422646e-02 -1.2609732153e+00
16 14 9
2 1 7636 -201.1600 -101.3400 2 5838 -87.5000 -64.5900
-1.9702300050e-01 -5.7471279248e-02 -1.2314449970e+00
25 53 25
2 1 7640 -342.2500 -105.9800 2 6257 -229.7900 -55.2000
-1.9702300050e-01 -5.7471279248e-02 -1.2314449970e+00
25 53 25
2 1 7641 -342.2500 -105.9800 2 6258 -229.7900 -55.2000
-1.7772883055e-01 -6.0499717157e-02 -1.2382061165e+00
112 139 178
2 1 7645 -307.3100 -108.3400 2 6489 -196.5000 -59.4300
-2.1378557785e-01 -6.6855786957e-02 -1.2281660392e+00
25 79 29
2 1 7652 -369.8700 -123.3400 2 6267 -257.0300 -67.5600
-1.1090307497e-01 -7.8443919013e-02 -1.2683500417e+00
23 18 15
2 1 7654 -191.6400 -126.5200 2 6275 -74.6500 -89.5300
-2.0116535745e-01 -7.6999427317e-02 -1.2366416679e+00
104 104 121
2 1 7666 -346.0000 -137.2700 2 6272 -231.2200 -84.0300
-2.0116535745e-01 -7.6999427317e-02 -1.2366416679e+00
104 104 121
2 1 7667 -346.0000 -137.2700 2 6273 -231.2200 -84.0300
-1.1671194161e-01 -8.9902904484e-02 -1.2704426587e+00
161 162 175
2 1 7676 -199.9100 -144.7800 2 6283 -80.3300 -106.5300
-2.2439217653e-01 -8.5360278397e-02 -1.2322799350e+00
21 98 46
2 1 7683 -384.8200 -153.4700 2 6505 -269.7900 -96.8200
-1.2763573343e-01 -1.1543257172e-01 -1.2755197307e+00
15 16 11
2 1 7708 -214.8500 -184.8300 2 6301 -89.7800 -144.8900
-1.3268610867e-01 -1.1774532645e-01 -1.2745089544e+00
141 103 32
2 1 7714 -222.9900 -189.0800 2 6303 -97.6700 -148.2400
-1.2498258640e-01 -1.1920001219e-01 -1.2784323651e+00
164 166 183
2 1 7715 -209.3800 -189.8400 2 6539 -84.1000 -151.6200
-2.4551041661e-01 -1.1951389463e-01 -1.2362654125e+00
196 157 38
2 1 7726 -416.1000 -209.3800 2 6533 -297.4200 -148.5600
-1.8519022373e-01 -2.2557796336e-03 -1.2144919785e+00
205 200 207
2 1 7878 -330.5400 -15.7500 2 6221 -227.4100 26.1900
-1.9585266063e-01 -1.1228453261e-02 -1.2151006067e+00
25 77 49
2 1 7882 -347.7400 -31.5600 2 6456 -242.6100 12.6700
-1.9015907735e-01 -1.9469747497e-02 -1.2195520114e+00
46 77 48
2 1 7889 -336.6900 -44.3700 2 6230 -230.0500 1.0800
-1.1427882480e-01 -3.8904700220e-02 -1.2533532595e+00
14 13 9
2 1 7898 -202.7100 -65.6000 2 6239 -93.9200 -31.6600
-1.2314172977e-01 -4.2256694997e-02 -1.2510719832e+00
10 13 7
2 1 7906 -216.5700 -72.1600 2 6470 -108.5800 -35.6800
-1.2314172977e-01 -4.2256694997e-02 -1.2510719832e+00
10 13 7
2 1 7907 -216.5700 -72.1600 2 6471 -108.5800 -35.6800
-1.2314172977e-01 -4.2256694997e-02 -1.2510719832e+00
10 13 7
2 1 7908 -216.5700 -72.1600 2 6472 -108.5800 -35.6800
-1.9726031962e-01 -4.1287601735e-02 -1.2247448685e+00
40 70 38
2 1 7913 -345.8600 -80.4900 2 6469 -235.3300 -30.1400
-1.4713600404e-01 -4.8985408805e-02 -1.2457120907e+00
179 136 33
2 1 7916 -256.7200 -85.8000 2 6481 -146.6600 -45.0000
-1.0957269153e-01 -5.2700943047e-02 -1.2597533708e+00
159 163 185
2 1 7917 -192.7400 -86.6200 2 6483 -81.5000 -51.7500
-1.2560731059e-01 -6.2411278822e-02 -1.2571698433e+00
162 170 188
2 1 7924 -218.1200 -104.0300 2 6492 -105.7700 -64.7600
-1.0991615324e-01 -7.2826982316e-02 -1.2660803958e+00
22 23 18
2 1 7930 -190.9800 -117.9300 2 6497 -74.9500 -80.4500
-1.2217642847e-01 -8.5633364729e-02 -1.2664896173e+00
151 157 183
2 1 7946 -209.2800 -139.2600 2 6507 -91.7200 -99.3100
-2.1027688506e-01 -8.2315254386e-02 -1.2354216263e+00
46 72 47
2 1 7950 -361.0500 -146.8500 2 6501 -245.5800 -91.8300
-1.1585710711e-01 -9.5664111010e-02 -1.2726320760e+00
15 17 13
2 1 7952 -197.8700 -153.4000 2 6510 -76.7100 -115.0600
-1.3386952229e-01 -1.0125144454e-01 -1.2684831572e+00
13 13 11
2 1 7959 -227.2400 -164.4900 2 6513 -105.5500 -123.1300
-1.2455663426e-01 -1.0388713639e-01 -1.2722064433e+00
15 16 11
2 1 7962 -210.8200 -167.2000 2 6517 -89.2100 -126.9600
-1.3807010042e-01 -1.0670844416e-01 -1.2685428137e+00
164 170 188
2 1 7964 -233.1600 -173.4800 2 6519 -111.3900 -130.9000
-1.2322180730e-01 -1.1106104415e-01 -1.2754801046e+00
147 154 170
2 1 7967 -207.8300 -177.6500 2 6527 -84.0200 -138.2800
-1.2038786502e-01 -1.1693553360e-01 -1.2779879977e+00
15 15 4
2 1 7972 -202.5700 -186.1200 2 6531 -76.9800 -146.7100
-1.4202539636e-01 -1.1749305264e-01 -1.2711839714e+00
157 155 174
2 1 7973 -238.3700 -190.1700 2 6532 -114.2300 -147.6500
-1.3199390258e-01 -5.3338658263e-02 -1.2526072638e+00
173 134 26
2 1 8060 -230.2600 -90.5600 2 6618 -119.3300 -52.1900
-1.1295820671e-01 -6.6291287909e-02 -1.2626380600e+00
154 158 177
2 1 8064 -197.1100 -108.3100 2 6629 -82.2600 -70.5600
-1.3888344413e-01 -7.4077003102e-02 -1.2564397034e+00
171 131 38
2 1 8069 -239.8000 -123.9700 2 6631 -123.6900 -81.1100
-1.2965925665e-01 -7.9134172684e-02 -1.2614614130e+00
159 162 188
2 1 8072 -223.3600 -130.4200 2 6638 -106.2500 -89.0700
-1.1666183306e-01 -8.2051352748e-02 -1.2669603750e+00
46 39 29
2 1 8074 -200.4700 -133.0500 2 6503 -83.7100 -93.9400
-1.9194745971e-01 -8.0034088760e-02 -1.2404992012e+00
105 133 167
2 1 8077 -328.9200 -140.7700 2 6635 -214.7500 -88.5300
-1.9194745971e-01 -8.0034088760e-02 -1.2404992012e+00
105 133 167
2 1 8078 -328.9200 -140.7700 2 6636 -214.7500 -88.5300
-1.3409976085e-01 -9.3693601036e-02 -1.2653901275e+00
164 168 188
2 1 8084 -228.2800 -153.2100 2 6644 -109.1500 -111.2700
-1.4692252196e-01 -1.0411726417e-01 -1.2636315651e+00
174 131 34
2 1 8087 -249.0200 -171.1800 2 6650 -127.4800 -125.5000
-1.3164162913e-01 -1.2812075826e-01 -1.2781526856e+00
159 165 183
2 1 8091 -219.7300 -204.4200 2 6656 -92.3300 -163.9400
-2.1644352324e-01 -7.9621111214e-02 -1.2323082199e+00
18 72 31
2 1 8142 -372.0400 -143.5700 2 6634 -257.6800 -87.4800
-2.1842134835e-01 -8.9482631182e-02 -1.2350492764e+00
187 185 48
2 1 8143 -374.0600 -159.1900 2 6713 -257.8600 -102.4100
-2.1842134835e-01 -8.9482631182e-02 -1.2350492764e+00
187 185 48
2 1 8144 -374.0600 -159.1900 2 6714 -257.8600 -102.4100
-2.2590955610e-01 -1.1352201877e-01 -1.2405279398e+00
190 160 35
2 1 8147 -382.8000 -197.3300 2 6719 -264.0500 -139.0700
-1.3420313248e-01 -1.1763112443e-01 -1.2742987267e+00
116 90 1
2 1 8187 -225.9000 -189.0200 2 6757 -99.8500 -148.4100
-2.3708997374e-01 -1.1761384177e-01 -1.2390570475e+00
192 158 40
2 1 8189 -401.1900 -204.9900 2 6755 -282.8000 -146.4400
-9.2060136579e-02 1.8063183551e-01 -1.2396211954e+00
53 60 66
2 1 8195 -177.1000 303.9600 2 6736 -123.5500 186.7900
-2.0919085915e-01 -6.5861061810e-02 -1.2302550111e+00
157 170 46
2 1 8209 -361.8000 -120.9000 2 6787 -248.8700 -67.3100
-2.0919085915e-01 -6.5861061810e-02 -1.2302550111e+00
157 170 46
2 1 8210 -361.8000 -120.9000 2 6788 -248.8700 -67.3100
-2.0091172379e-01 -9.0336787343e-02 -1.2411314508e+00
191 195 205
2 1 8212 -342.8300 -157.9900 2 6790 -227.1300 -104.0200
-1.1660520940e-01 -4.6290831673e-02 -1.2551020293e+00
130 135 155
2 1 1899 -205.1100 -77.7800 0 1270 -134.7900 -21.9700
-1.5386173933e-01 -5.3860421409e-02 -1.2767648094e+00
183 172 186
2 1 1963 -267.9700 -86.8200 2 5095 -141.6200 -89.4000
-2.0128910511e-01 -2.8542036995e-02 -1.2188612830e+00
192 194 65
2 1 4410 -354.8700 -60.5300 0 1488 -256.3000 -72.7200
-2.0128910511e-01 -2.8542036995e-02 -1.2188612830e+00
192 194 65
2 1 4411 -354.8700 -60.5300 0 1489 -256.3000 -72.7200
-1.1621055498e-01 -5.8162643784e-02 -1.2590794187e+00
99 87 66
2 1 4564 -203.0500 -96.2600 0 1319 -131.3100 -35.8800
-1.1621055498e-01 -5.8162643784e-02 -1.2590794187e+00
99 87 66
2 1 4565 -203.0500 -96.2600 0 1320 -131.3100 -35.8800
-2.0916698958e-01 -5.7723757777e-02 -1.2279420220e+00
193 191 37
2 1 4607 -363.4400 -107.9900 0 1621 -252.4200 -112.0000
-1.2891134657e-01 -8.9694547533e-02 -1.2644925170e+00
10 14 18
2 1 4743 -220.5300 -146.5800 0 1514 -138.7800 -81.5100
-1.8567085335e-01 -3.0503188690e-02 -1.2235326115e+00
173 188 210
2 1 6044 -326.8800 -61.8200 0 3836 -233.4600 -62.6600
-1.2932903612e-01 -6.9323756195e-02 -1.2583608231e+00
144 125 50
2 1 6154 -223.4700 -115.0200 0 3009 -145.2000 -59.5100
-1.5208857714e-01 -4.7098620996e-02 -1.2433315305e+00
40 53 49
2 1 7065 -265.1600 -83.2600 0 4261 -181.6600 -52.3700
-2.0129697343e-01 -6.6757344492e-02 -1.2331773751e+00
195 189 54
2 1 7116 -348.2000 -121.3000 0 3915 -237.8900 -115.6000
-1.2438708567e-01 -8.0419365882e-02 -1.2626808858e+00
14 14 13
2 1 7124 -214.1500 -131.8600 0 3845 -135.5100 -68.1800
-1.2699518390e-01 -8.3381355993e-02 -1.2617732708e+00
164 168 187
2 1 7132 -218.4600 -137.1400 0 3855 -137.3300 -73.9200
-1.1266412859e-01 -3.4066217088e-02 -1.2560839540e+00
152 128 35
2 1 7599 -199.7400 -57.6300 0 4483 -134.3500 -1.2600
-1.9240308014e-01 -2.7773050896e-02 -1.2215760905e+00
40 69 49
2 1 7600 -339.2100 -58.1400 0 4267 -244.3500 -64.0100
-1.5136668360e-01 -6.3699736997e-02 -1.2483017766e+00
174 135 36
2 1 7647 -261.5700 -109.3300 0 4273 -174.8800 -71.8400
-1.5680821751e-01 -8.2561790476e-02 -1.2523758251e+00
177 139 31
2 1 7945 -268.3600 -139.5300 0 4544 -175.3200 -97.0900
-1.4940367333e-01 -1.1222339206e-01 -1.2653037620e+00
166 134 37
2 1 7969 -251.5800 -183.4600 0 4563 -157.3300 -120.4400
-1.4865542435e-01 -5.3471067018e-02 -1.2468183725e+00
190 137 20
2 1 8061 -258.8500 -93.1400 0 4668 -174.6400 -56.4500
-1.5197639638e-01 -7.0910775113e-02 -1.2527532201e+00
170 138 34
2 1 8067 -261.5800 -120.2900 0 4679 -173.9700 -78.5200
-1.5197639638e-01 -7.0910775113e-02 -1.2527532201e+00
170 138 34
2 1 8068 -261.5800 -120.2900 0 4680 -173.9700 -78.5200
-1.9271892810e-01 -1.5525114517e-02 -1.2169707178e+00
111 127 55
2 1 8203 -341.9000 -38.3400 0 4800 -250.6100 -48.7500
-1.8170976728e-01 -2.3781010539e-02 -1.2217318810e+00
196 200 212
2 1 8205 -321.5700 -50.8400 0 4801 -230.3000 -50.9000
-1.8995838480e-01 -6.8449663512e-02 -1.2378595336e+00
193 196 207
2 1 8222 -327.8800 -122.2200 0 4803 -222.9400 -107.9400
