# Bundle file v0.3
3 268
1.0890010011e+03 -1.4870895057e-01 -4.1847963421e-02
9.7266751549e-01 2.6198031970e-03 2.3218751244e-01
-5.7072129875e-03 9.9990399754e-01 1.2626299135e-02
-2.3213214345e-01 -1.3606334596e-02 9.7258908879e-01
2.1700299091e-01 -1.0401875899e-03 3.2709385268e-01
1.1417913380e+03 -2.1518337546e-01 -6.1228680565e-03
6.9988788051e-01 -1.4573502163e-01 6.9922690036e-01
1.2618754180e-01 9.8879309297e-01 7.9780471242e-02
-7.0301753819e-01 3.2396338793e-02 7.1043424624e-01
6.9984597853e-01 6.3960550203e-02 -7.1134186242e-03
1.0762155390e+03 9.4162841435e-03 -4.8565722128e-02
9.9689752833e-01 -6.0418661232e-02 -5.0447035485e-02
7.5083898862e-02 9.2227113737e-01 3.7918116686e-01
2.3616226328e-02 -3.8179252814e-01 9.2394628594e-01
-5.3852411740e-02 3.5178408630e-01 3.2112719697e-01
3.9340650145e-02 2.3098826625e-01 -1.0223002807e+00
149 146 141
2 0 65 29.2200 342.3500 1 2031 -31.4300 320.7300
3.1593969107e-02 9.8358976294e-02 -8.9795684593e-01
217 245 205
2 0 390 77.1400 167.2100 1 2171 136.1100 160.1700
1.7376599889e-01 8.1785449962e-02 -7.9483294400e-01
188 185 180
2 0 435 437.1100 151.3400 1 497 404.9000 164.5300
3.4173313779e-02 -2.6128561116e-03 -8.8607231141e-01
69 63 14
2 0 853 89.2100 -30.1900 1 980 179.7400 -8.5400
3.4985951582e-02 -4.0241284762e-03 -8.8517517303e-01
214 211 94
2 0 861 91.3200 -33.0100 1 984 182.1300 -10.6800
1.3485693542e-01 -2.7819656574e-02 -8.5218853806e-01
182 175 168
2 0 978 303.1500 -81.5500 1 1028 320.5300 -22.9200
6.6916275584e-03 -6.8739991801e-02 -1.0577440107e+00
170 161 156
2 0 1138 -34.4300 -128.5100 1 2517 -37.2400 -130.3600
1.4042181041e-01 -5.8533742329e-02 -8.4113345464e-01
183 176 170
2 0 1199 323.8300 -145.6200 1 1150 346.0900 -68.2900
1.2221747242e-01 -7.3300601124e-02 -8.7045302993e-01
173 166 158
2 0 1284 262.5700 -169.2200 1 1223 294.8200 -98.2300
1.4357296968e-01 -8.2702604637e-02 -8.4014514954e-01
120 117 110
3 0 1351 327.8600 -194.6800 1 1246 355.0900 -104.8900 2 3390 351.3000 -82.4100
3.0563757154e-02 -1.2700671249e-01 -8.8235585560e-01
244 245 55
2 0 1552 83.3800 -279.5300 1 1587 209.2700 -218.6300
3.0563757154e-02 -1.2700671249e-01 -8.8235585560e-01
244 245 55
2 0 1553 83.3800 -279.5300 1 1588 209.2700 -218.6300
3.0598372975e-02 -1.3937053040e-01 -8.8135377280e-01
249 248 69
2 0 1614 83.8400 -304.5100 1 2684 213.2100 -238.7600
1.3135873032e-01 -1.5476608877e-01 -8.5144114219e-01
146 139 129
2 0 1699 293.3600 -335.0500 1 1589 342.1200 -218.9400
1.3135873032e-01 -1.5476608877e-01 -8.5144114219e-01
146 139 129
2 0 1700 293.3600 -335.0500 1 1590 342.1200 -218.9400
6.8786654709e-02 1.4741065834e-01 -8.3236867901e-01
163 155 52
2 0 1896 194.8300 289.5200 1 2086 251.0900 264.6300
2.2580593043e-02 9.0960878007e-02 -9.1485163137e-01
228 239 183
2 0 2020 51.0900 149.1900 1 2188 106.3000 142.0300
2.5193398601e-02 7.0956791086e-02 -9.0775470414e-01
234 253 197
2 0 2069 59.7400 112.6700 1 2942 123.3100 110.4400
2.9372260673e-02 6.8651888646e-02 -8.9895654674e-01
228 255 190
2 0 2070 72.4900 109.7600 1 2233 139.9200 109.2200
2.9749422522e-02 5.8270841534e-02 -8.9893898801e-01
172 82 81
2 0 2092 73.2200 89.6200 1 2256 142.9200 91.5600
1.5256175676e-01 4.8506068366e-02 -8.2802725297e-01
185 178 170
2 0 2123 360.2100 75.3100 1 663 350.9000 103.3400
1.5256175676e-01 4.8506068366e-02 -8.2802725297e-01
185 178 170
2 0 2124 360.2100 75.3100 1 664 350.9000 103.3400
1.4666606972e-01 4.1589748255e-02 -8.3673983909e-01
174 169 163
2 0 2138 340.2300 60.2900 1 700 335.9700 89.8500
1.5538039583e-01 4.0739830650e-02 -8.2205194387e-01
189 184 179
2 0 2140 372.1900 59.7800 1 695 363.0800 92.6800
1.6045744997e-01 3.5605167138e-02 -8.1312261939e-01
191 188 179
2 0 2153 391.9000 49.8300 1 711 380.4500 86.8600
1.5623773112e-01 2.7584815205e-02 -8.2042384473e-01
174 170 161
2 0 2179 375.8000 32.2600 1 745 368.9100 72.4000
1.8289181678e-01 2.0843823257e-02 -7.7434468260e-01
135 132 128
2 0 2192 483.2400 20.3800 1 738 454.3200 73.2500
1.2806796573e-01 2.1296740381e-02 -8.6672266574e-01
163 158 153
2 0 2195 277.2500 17.0900 1 810 285.0000 50.4400
1.2557017430e-01 1.8337252882e-02 -8.6951846155e-01
159 152 148
2 0 2200 270.2600 11.1300 1 823 279.8700 45.0200
1.2557017430e-01 1.8337252882e-02 -8.6951846155e-01
159 152 148
2 0 2201 270.2600 11.1300 1 824 279.8700 45.0200
1.5433114471e-01 1.1461138487e-02 -8.2230076871e-01
171 168 161
2 0 2234 370.3400 -1.5000 1 820 368.4200 46.1100
1.3597113525e-01 1.0636066969e-02 -8.5300177658e-01
174 169 163
2 0 2235 304.5200 -3.8500 1 848 312.2000 37.2700
1.3597113525e-01 1.0636066969e-02 -8.5300177658e-01
174 169 163
2 0 2236 304.5200 -3.8500 1 849 312.2000 37.2700
1.5101832079e-01 8.8534426862e-03 -8.2787307896e-01
189 186 179
2 0 2248 358.0300 -7.3300 1 833 358.7300 40.9800
1.7958156034e-01 3.9898148439e-04 -7.7968966754e-01
190 187 180
2 0 2265 469.9000 -25.6500 1 838 448.7900 39.6900
1.7367090639e-01 -8.2465538892e-03 -7.8862096610e-01
186 182 173
2 0 2286 447.0500 -44.4600 1 891 433.8700 23.4900
1.5449479772e-01 -9.0055974283e-03 -8.1962693649e-01
197 192 188
3 0 2287 373.7500 -44.9700 1 915 376.2500 14.0600 2 2990 356.5200 111.5500
1.8012463663e-01 -1.0807875044e-02 -7.7327423634e-01
190 185 181
3 0 2294 482.1800 -50.5400 1 893 460.6700 23.4300 2 4305 460.8100 172.4700
1.1005342622e-02 -2.2449959060e-02 -9.2438966732e-01
36 41 23
2 0 2320 24.6600 -66.8700 1 2411 109.2000 -51.7100
1.2452972153e-01 -2.4727961835e-02 -8.6969236107e-01
133 128 124
2 0 2335 268.1300 -73.7300 1 1025 287.9700 -22.4000
1.8140472916e-01 -2.2313284479e-02 -7.7473289068e-01
145 140 134
2 0 2339 479.9100 -76.6700 1 938 461.7500 4.5900
1.3618862515e-01 -3.9668966931e-02 -8.5184394629e-01
179 175 168
3 0 2402 304.5100 -105.6000 1 1072 324.6200 -41.3400 2 3172 307.0100 6.3600
1.4973619175e-01 -3.9287989564e-02 -8.2758809612e-01
183 180 175
2 0 2405 355.6400 -107.8300 1 1057 368.1000 -34.8900
1.5251682089e-01 -3.9342670415e-02 -8.2276821638e-01
144 139 133
2 0 2406 366.1100 -108.4300 1 1054 376.9100 -34.0400
2.6677432942e-03 -5.1842814639e-02 -9.3875118921e-01
34 36 20
2 0 2433 2.7600 -120.2800 1 2481 88.7900 -103.7500
1.8026855593e-02 -4.9987186153e-02 -9.1106568315e-01
220 249 192
2 0 2434 44.1800 -120.9800 1 2470 140.5500 -94.9700
1.8026855593e-02 -4.9987186153e-02 -9.1106568315e-01
220 249 192
2 0 2435 44.1800 -120.9800 1 2469 140.5500 -94.9700
1.6970734144e-01 -4.3548954787e-02 -7.9393600762e-01
193 190 183
2 0 2437 432.2500 -121.4100 1 1053 430.5900 -33.7600
1.6445411527e-01 -5.0095316343e-02 -8.0189274209e-01
182 179 173
2 0 2459 412.4000 -134.4500 1 1090 416.9200 -46.0200
-1.4674624822e-01 -6.5565797142e-02 -9.9443516754e-01
236 205 111
2 0 2469 -278.6100 -139.4200 1 2616 -163.5900 -181.8900
1.4040860254e-01 -5.8054254388e-02 -8.4485447751e-01
192 185 177
3 0 2479 318.5100 -143.8800 1 1149 341.1600 -68.1900 2 3251 329.0400 -28.1500
1.8470313388e-01 -5.3024470098e-02 -7.6697335971e-01
152 147 143
2 0 2490 495.9700 -147.0100 1 2399 480.8900 -42.3200
1.4805966402e-01 -6.2633576095e-02 -8.2938493740e-01
194 189 183
2 0 2506 350.0800 -155.9300 1 1160 368.9000 -72.1500
1.7166709136e-01 -7.5870005846e-02 -7.8817811368e-01
183 180 174
2 0 2548 442.0200 -193.2900 1 1190 446.0600 -83.4100
1.6710408525e-01 -8.9582624357e-02 -7.9767362428e-01
186 182 173
3 0 2578 420.0900 -220.3200 1 1259 432.0000 -106.7800 2 4531 451.7200 -58.9200
1.7555365798e-01 -9.1421002769e-02 -7.8115148340e-01
150 142 139
2 0 2584 457.4600 -229.3800 1 1255 461.2600 -105.8600
1.5532250037e-01 -9.9923502601e-02 -8.1422374815e-01
157 148 139
2 0 2600 378.8600 -237.7800 1 1315 402.0700 -126.8700
1.5532250037e-01 -9.9923502601e-02 -8.1422374815e-01
157 148 139
2 0 2601 378.8600 -237.7800 1 1316 402.0700 -126.8700
1.5568535495e-01 -1.1541372560e-01 -8.1429560918e-01
143 138 132
2 0 2629 378.5500 -269.8800 1 1396 404.8100 -150.7200
1.5568535495e-01 -1.1541372560e-01 -8.1429560918e-01
143 138 132
2 0 2630 378.5500 -269.8800 1 1397 404.8100 -150.7200
2.9601461728e-02 -1.4603229529e-01 -8.8214623056e-01
238 242 44
2 0 2692 81.3400 -317.2300 1 2691 212.5200 -250.0900
1.7956647993e-01 -1.3601734839e-01 -7.7275534429e-01
179 174 171
2 0 2711 472.0800 -329.2300 1 1478 482.7000 -173.4900
1.2741018252e-01 -1.5636408659e-01 -8.5835564879e-01
185 180 170
2 0 2721 279.7200 -335.4400 1 2667 329.9200 -222.2600
1.1949228386e-01 -1.6302640726e-01 -8.7136924449e-01
172 168 159
2 0 2731 253.7300 -342.4100 1 2681 307.4500 -234.9600
6.8536902749e-02 1.4369747426e-01 -8.3313029984e-01
192 183 101
2 0 2831 193.8200 281.5700 1 2851 250.7600 257.8600
6.8536902749e-02 1.4369747426e-01 -8.3313029984e-01
192 183 101
2 0 2832 193.8200 281.5700 1 2850 250.7600 257.8600
3.1203078517e-02 1.0477280465e-01 -8.9996472940e-01
227 64 81
2 0 2886 75.2900 179.9000 1 3274 131.4000 169.2700
2.2254500096e-02 8.6078357337e-02 -9.1519074054e-01
249 246 190
2 0 2908 50.3200 139.9800 1 2927 106.7300 133.6300
2.2254500096e-02 8.6078357337e-02 -9.1519074054e-01
249 246 190
2 0 2909 50.3200 139.9800 1 2928 106.7300 133.6300
1.4342520758e-01 1.1798567149e-02 -8.4056161329e-01
176 171 165
2 0 2978 330.5800 -1.4300 1 2308 334.7800 42.4200
1.5102905880e-01 -8.1495831168e-03 -8.2590607778e-01
180 173 170
3 0 3014 360.3000 -42.9300 1 2334 364.7800 14.0200 2 4364 343.5400 105.3300
1.5102905880e-01 -8.1495831168e-03 -8.2590607778e-01
180 173 170
3 0 3015 360.3000 -42.9300 1 2335 364.7800 14.0200 2 4365 343.5400 105.3300
1.4909128090e-01 -1.4085359074e-02 -8.3021750453e-01
175 170 167
2 0 3024 351.8900 -55.0400 1 2350 358.8600 4.1800
6.9914024299e-03 -2.0442206618e-02 -9.3437003971e-01
29 32 8
2 0 3033 12.6800 -62.3700 1 2410 91.6000 -50.2100
1.4763518051e-01 -2.8048714764e-02 -8.3005413539e-01
148 144 136
2 0 3054 349.3000 -84.1400 1 2366 360.8900 -18.0500
1.4763518051e-01 -2.8048714764e-02 -8.3005413539e-01
148 144 136
2 0 3055 349.3000 -84.1400 1 2367 360.8900 -18.0500
1.8222036362e-01 -3.3330640997e-02 -7.7333324888e-01
177 172 168
2 0 3071 483.1200 -101.4400 1 991 466.4400 -12.6700
1.7051668685e-01 -4.0092563491e-02 -7.9173213179e-01
191 188 179
3 0 3089 436.9900 -114.3400 1 2381 433.4000 -27.8900 2 5134 436.1400 75.4800
1.6215327787e-01 -4.4850599080e-02 -8.0632969405e-01
156 151 145
2 0 3099 402.8600 -122.7000 1 2395 407.9800 -38.4200
1.6716112445e-01 -4.4754035613e-02 -7.9746462639e-01
189 185 174
2 0 3105 423.0700 -123.4400 1 2394 424.0900 -36.7500
1.5778941410e-01 -4.6544620852e-02 -8.1283185824e-01
188 183 177
2 0 3106 387.0800 -124.9900 1 2400 396.1100 -43.2600
7.2561883468e-03 -5.3995930759e-02 -9.2891421724e-01
31 36 24
2 0 3109 15.5000 -125.8100 1 2483 106.7900 -105.6400
1.7267071760e-01 -4.5994848600e-02 -7.8872801325e-01
177 177 169
2 0 3116 444.3600 -127.6900 1 1059 440.4700 -36.2100
1.7285432360e-01 -5.7751858675e-02 -7.8726520246e-01
190 190 182
2 0 3145 446.2200 -153.7000 1 2414 444.9100 -54.6900
1.3464114174e-01 -6.4559913133e-02 -8.5068013266e-01
162 156 150
2 0 3149 303.6100 -155.9300 1 2450 329.7200 -80.0100
1.4229306401e-01 -6.3580952423e-02 -8.3780205525e-01
178 171 164
2 0 3152 330.5600 -156.6000 1 2446 353.0700 -75.3800
3.8910424215e-02 -7.3699140286e-02 -8.7244977670e-01
238 243 54
2 0 3176 106.5800 -175.5100 1 3087 219.8200 -127.0100
3.8910424215e-02 -7.3699140286e-02 -8.7244977670e-01
238 243 54
2 0 3177 106.5800 -175.5100 1 3088 219.8200 -127.0100
3.7207558590e-02 -7.8275245170e-02 -8.7550780547e-01
185 182 72
2 0 3195 101.1900 -184.1900 1 3096 214.8400 -135.1300
3.7207558590e-02 -7.8275245170e-02 -8.7550780547e-01
185 182 72
2 0 3196 101.1900 -184.1900 1 3095 214.8400 -135.1300
1.4909837447e-01 -8.1663346644e-02 -8.2647832795e-01
170 165 161
2 0 3211 354.5200 -196.1400 1 2476 377.2300 -101.1500
1.0995091517e-01 -9.5821730679e-02 -8.8927108334e-01
163 156 150
2 0 3222 224.3000 -208.4300 1 2529 264.0800 -136.8900
3.6746287820e-02 -9.3390458917e-02 -8.7539762675e-01
238 237 48
2 0 3231 100.1800 -214.6500 1 3133 217.8600 -160.7500
3.6746287820e-02 -9.3390458917e-02 -8.7539762675e-01
238 237 48
2 0 3232 100.1800 -214.6500 1 3134 217.8600 -160.7500
1.7271134241e-01 -8.7568699372e-02 -7.8624292093e-01
177 177 169
2 0 3234 445.8000 -219.2600 1 2479 451.5300 -101.3200
3.6101331823e-02 -9.8517400668e-02 -8.7604192576e-01
242 240 38
2 0 3238 98.4100 -225.1200 1 3141 217.3700 -169.1500
1.8228243125e-01 -8.8162112428e-02 -7.6936997187e-01
176 171 168
2 0 3239 486.0900 -225.4100 1 1225 481.9900 -98.3400
3.6301537334e-02 -1.0870258885e-01 -8.7483104694e-01
154 150 46
2 0 3251 99.4500 -245.7800 1 3163 221.4800 -186.3400
1.7315205329e-01 -1.0103798570e-01 -7.8597469608e-01
187 184 177
3 0 3254 445.5900 -248.6600 1 1302 454.6400 -121.7600 2 5236 488.6700 -78.4800
1.4355566258e-01 -1.0967991734e-01 -8.3377077795e-01
181 174 166
2 0 3259 335.4100 -251.6200 1 3107 368.0100 -146.4300
1.6781387637e-01 -1.0622222288e-01 -7.9387313511e-01
177 172 168
2 0 3262 425.8300 -257.4100 1 2522 440.4600 -131.9700
3.5403331323e-02 -1.1625822476e-01 -8.7579468333e-01
190 186 87
2 0 3265 96.9700 -260.6100 1 3177 220.8500 -199.1800
3.1750364131e-02 -1.2175089456e-01 -8.8146690379e-01
182 181 71
2 0 3268 86.2800 -269.4400 1 3182 210.5500 -209.4900
1.2961555562e-01 -1.2764646993e-01 -8.5589533276e-01
178 173 167
2 0 3275 287.3800 -280.2200 1 2606 330.2200 -178.5300
1.7022661868e-01 -1.2474305346e-01 -7.9188336394e-01
178 175 167
3 0 3286 430.3200 -297.3000 1 2581 448.1600 -159.5200 2 5677 490.0800 -152.0200
1.7633191438e-01 -1.2222222822e-01 -7.7874762907e-01
130 127 122
2 0 3287 459.6100 -297.2500 1 2571 470.0500 -153.3000
1.5965238403e-01 -1.2984894288e-01 -8.1064830853e-01
182 179 172
3 0 3292 387.4300 -300.5200 1 2596 415.8400 -171.0800 2 5326 443.3400 -182.1600
1.8432229258e-01 -1.2239828855e-01 -7.6548025113e-01
179 174 169
2 0 3294 492.1300 -302.5200 1 2560 494.0600 -150.4900
1.4430788014e-01 -1.4165685457e-01 -8.3171920574e-01
169 166 159
2 0 3303 337.1400 -317.1200 1 2630 376.6500 -194.7500
1.4430788014e-01 -1.4165685457e-01 -8.3171920574e-01
169 166 159
2 0 3304 337.1400 -317.1200 1 2631 376.6500 -194.7500
2.7214384998e-02 -1.5251517656e-01 -8.8543909439e-01
124 117 12
2 0 3310 74.7200 -328.2100 1 3199 207.0200 -261.6700
1.5062379735e-01 -1.6132699947e-01 -8.1900083438e-01
186 184 174
2 0 3342 360.7800 -362.4200 1 2664 401.8000 -222.2600
2.9539756926e-02 1.1048458072e-01 -9.0176726041e-01
232 237 181
2 0 3400 71.1000 189.8900 1 3268 125.8400 178.8600
3.1876488069e-02 9.1282394616e-02 -8.9773368334e-01
225 240 198
2 0 3415 77.8700 154.1700 1 3282 138.4800 147.6100
3.2904204487e-02 7.9084177358e-02 -8.9400748555e-01
240 48 75
2 0 3430 82.0000 130.8200 1 3490 147.6000 128.7000
3.2897481319e-02 5.8481179101e-02 -8.9273378549e-01
234 239 193
2 0 3445 82.8100 90.9300 1 3496 154.4600 93.7700
1.9732296684e-03 4.6605435557e-02 -1.0718284244e+00
139 134 131
2 0 3457 -45.2900 48.7900 1 3517 -81.6300 36.6200
1.5729031167e-01 1.4557842484e-02 -8.1831586883e-01
157 154 147
2 0 3480 380.2800 5.0600 1 2965 375.4800 52.1500
1.3751342839e-01 2.3617272944e-03 -8.4960611991e-01
160 155 149
2 0 3490 310.6600 -20.7800 1 2981 319.8100 25.3600
1.6998394779e-01 -1.5170623960e-03 -7.9603341287e-01
190 183 175
2 0 3496 430.6700 -29.5600 1 2975 419.3600 32.5400
1.4598591507e-01 -2.6331615688e-02 -8.3406576998e-01
183 178 172
2 0 3531 341.9600 -80.1800 1 2997 353.7100 -16.1500
1.3279650947e-02 -3.6133115958e-02 -9.2093287449e-01
236 249 189
2 0 3536 30.4400 -93.2700 1 3377 119.3300 -73.5600
1.6713189089e-02 -5.2927830284e-02 -9.1245154635e-01
227 52 62
2 0 3561 40.9900 -126.5000 1 3387 138.0200 -100.2800
1.7584826495e-01 -5.5033481659e-02 -7.8119022946e-01
138 137 131
3 0 3572 460.5200 -148.7200 1 3033 455.0900 -49.0700 2 5591 470.2300 51.3600
1.7635293103e-01 -5.5023976638e-02 -7.8143078003e-01
138 137 131
2 0 3573 460.5200 -148.7200 1 3034 455.0900 -49.0700
1.6729705806e-01 -6.1959996443e-02 -7.9692408323e-01
156 153 146
2 0 3586 423.4000 -161.1500 1 2432 428.1100 -63.2800
1.2834554926e-03 -7.6804922777e-02 -9.3910271413e-01
232 241 190
2 0 3588 0.0000 -166.2800 1 3420 92.6900 -145.3900
1.2834554926e-03 -7.6804922777e-02 -9.3910271413e-01
232 241 190
2 0 3589 0.0000 -166.2800 1 3421 92.6900 -145.3900
4.9043855852e-03 -7.6514641722e-02 -9.3206704877e-01
234 240 193
2 0 3591 9.6600 -167.2700 1 3417 105.4700 -143.7300
1.5477812531e-03 -1.0207090311e-01 -1.0646956395e+00
155 148 146
2 0 3595 -44.3800 -178.4300 1 3585 -42.3400 -180.1700
1.5436132858e-01 -7.4210127455e-02 -8.1758860130e-01
182 177 171
2 0 3603 374.3800 -182.8800 1 3057 392.1000 -87.3800
3.7559671373e-02 -8.4784235009e-02 -8.7466512301e-01
241 239 51
2 0 3611 102.2800 -198.1700 1 3562 217.6800 -145.2200
1.4181245309e-01 -8.5372885884e-02 -8.3811497681e-01
172 167 161
2 0 3612 328.6900 -200.9700 1 3080 356.3500 -109.4600
3.0532808525e-02 -1.4975736457e-01 -8.8010943953e-01
140 132 52
2 0 3634 84.3200 -325.2900 1 3466 217.0500 -256.1400
3.1748531972e-02 7.2772596173e-02 -8.9292970950e-01
220 54 70
2 0 3667 80.4900 118.8500 1 3492 149.4400 118.1200
4.1475570209e-02 4.4871305235e-02 -8.7703517689e-01
228 229 110
2 0 3686 109.1200 66.0800 1 3505 188.0300 74.9400
4.0702026565e-02 3.9482107997e-02 -8.7769437630e-01
155 158 21
2 0 3689 107.1900 54.9800 1 3510 187.6700 65.6700
4.0702026565e-02 3.9482107997e-02 -8.7769437630e-01
155 158 21
2 0 3690 107.1900 54.9800 1 3509 187.6700 65.6700
-1.1709376681e-01 -2.9252134964e-02 -1.0010623957e+00
158 152 34
3 0 3730 -225.0400 -75.1300 1 3079 -139.8000 -106.8400 2 5647 -214.1200 -113.2400
1.7130125704e-02 -3.7714661404e-02 -9.1427829013e-01
232 240 179
2 0 3738 40.9100 -96.9900 1 3638 132.4900 -74.7800
1.0558268913e-02 -4.7585538901e-02 -9.2412504673e-01
229 244 182
2 0 3745 23.8000 -114.8200 1 3536 114.9500 -93.3700
1.4238767553e-02 -5.2859665191e-02 -9.1582551549e-01
240 239 183
2 0 3757 34.6800 -125.7800 1 3543 130.9700 -101.1400
-1.7884197348e-01 -1.0014365278e-01 -1.0357028375e+00
248 207 87
2 0 3789 -331.1400 -189.6800 1 3464 -243.0300 -252.6200
3.5069760520e-02 9.4220165950e-02 -8.8980797032e-01
220 76 84
2 0 3845 88.5600 161.2900 1 3602 151.6700 155.8200
3.3276933265e-02 6.7542363956e-02 -8.9366033580e-01
231 239 194
2 0 3854 82.9400 108.3600 1 3609 151.3400 109.1600
1.0302757272e-02 1.3146578970e-02 -1.0547675050e+00
167 157 155
2 0 3882 -27.6800 -1.6700 1 3632 -48.4000 -9.1200
1.3417551707e-02 -3.0732957006e-02 -9.2030657801e-01
37 38 32
2 0 3920 31.0400 -83.0000 1 3636 119.0300 -64.5400
1.6348591346e-02 -5.7104932866e-02 -9.1159266005e-01
224 49 69
2 0 3941 40.7100 -134.9200 1 3645 139.7200 -107.1200
1.4326673743e-02 -6.4938747335e-02 -9.1471026975e-01
71 65 60
2 0 3954 35.3300 -149.1100 1 3647 135.3300 -121.2200
1.6676218474e-01 -8.5537825074e-02 -7.9602720746e-01
159 154 148
2 0 3965 422.5000 -212.0000 1 3538 433.3200 -100.7500
4.1861196180e-02 3.0501646859e-02 -8.7461577533e-01
239 230 71
2 0 3997 111.4500 36.7500 1 3679 195.3000 51.4700
8.5820295088e-03 -2.3057839740e-02 -9.3013981678e-01
226 232 202
2 0 4013 17.4700 -67.9300 1 3691 99.3000 -53.4200
1.6720008369e-02 -2.7181789065e-02 -9.1555878195e-01
233 240 195
2 0 4017 39.5700 -76.4400 1 3692 127.9200 -57.5800
8.8183278346e-03 -3.0322751972e-02 -9.3011912300e-01
233 239 192
2 0 4019 17.8900 -81.3800 1 3696 101.3200 -65.6500
1.8558094302e-02 -3.2421740260e-02 -9.1020836410e-01
32 38 16
2 0 4020 45.7200 -87.2900 1 3693 138.1300 -65.2400
1.8558094302e-02 -3.2421740260e-02 -9.1020836410e-01
32 38 16
2 0 4021 45.7200 -87.2900 1 3694 138.1300 -65.2400
6.5869519591e-03 -4.4417327198e-02 -9.3246640741e-01
233 244 188
2 0 4030 12.7000 -107.2900 1 3707 99.2700 -90.1000
1.6726547901e-02 -4.3168762796e-02 -9.1186032429e-01
27 39 30
2 0 4031 41.4300 -107.3400 1 3703 136.6100 -84.4800
5.0379677656e-03 -5.1450002436e-02 -9.3398671035e-01
161 167 138
2 0 4036 9.1600 -120.2600 1 3711 97.3100 -102.2400
1.0328414605e-02 -6.3029749464e-02 -9.2588592471e-01
36 38 29
2 0 4040 22.4600 -143.4900 1 3717 116.0300 -119.2500
2.3641567257e-02 8.8243453687e-02 -9.1158067293e-01
210 58 66
2 0 4058 54.8400 145.5300 1 3755 112.3500 137.6700
2.9068620516e-02 6.8703837895e-02 -8.9847009883e-01
224 255 187
2 0 4082 72.2000 109.9400 1 3757 140.2400 109.4500
1.1940850136e-01 2.8541478520e-02 -8.7922495203e-01
114 110 107
2 0 723 250.4900 30.4300 2 756 232.6100 115.8800
-1.1162943943e-01 7.6102402732e-03 -9.9476721822e-01
96 58 3
2 0 812 -215.9500 -9.5300 2 1312 -205.7300 -47.6500
-1.1162943943e-01 7.6102402732e-03 -9.9476721822e-01
96 58 3
2 0 813 -215.9500 -9.5300 2 1313 -205.7300 -47.6500
-1.0599487765e-01 -4.8452153499e-03 -9.9843515189e-01
149 87 36
2 0 855 -206.3100 -31.3400 2 1412 -194.5700 -70.0800
-1.0588690617e-01 -7.2653259960e-03 -9.9872515912e-01
140 119 113
2 0 863 -205.9900 -35.4400 2 3358 -194.4600 -74.4600
4.9703849217e-02 -1.4451163792e-02 -8.4920743719e-01
11 11 9
2 0 912 145.3500 -56.1700 2 3099 92.5700 47.3200
-6.8830206579e-02 -2.6968576631e-02 -1.0219785777e+00
136 137 174
2 0 943 -145.6600 -67.5900 2 3498 -121.3900 -115.2300
-6.3542125754e-02 -2.9489543365e-02 -1.0254975072e+00
17 13 14
2 0 951 -137.4800 -71.4100 2 1647 -111.2100 -120.5400
-1.0937043038e-01 -2.9390500567e-02 -9.9939809036e-01
83 113 160
2 0 959 -212.3000 -74.1100 2 1624 -200.7700 -113.3400
-6.3632618382e-02 -3.1366028379e-02 -1.0259739616e+00
122 134 143
2 0 960 -137.7400 -74.4900 2 3522 -111.1600 -123.9300
-7.8807045885e-02 -3.2502011812e-02 -1.0169434467e+00
142 139 164
2 0 967 -161.4600 -77.3200 2 1655 -140.3000 -123.5600
-7.9889557827e-02 -3.3888600085e-02 -1.0169069626e+00
32 35 34
2 0 973 -163.2100 -79.6200 2 1673 -142.2600 -126.1100
-7.8055501020e-02 -3.8968828350e-02 -1.0181991886e+00
22 28 19
2 0 1000 -160.3500 -88.0300 2 1706 -138.5100 -135.1900
-6.5263724557e-02 -4.0322384281e-02 -1.0262528043e+00
128 133 146
2 0 1005 -140.4700 -89.2800 2 3577 -113.6400 -139.4900
-6.5263724557e-02 -4.0322384281e-02 -1.0262528043e+00
128 133 146
2 0 1006 -140.4700 -89.2800 2 3578 -113.6400 -139.4900
-7.9757186739e-02 -4.4589381518e-02 -1.0186643206e+00
132 131 139
2 0 1037 -163.4300 -97.5500 2 1756 -141.1400 -145.2300
-8.0366692164e-02 -4.7355306945e-02 -1.0189544730e+00
22 24 29
2 0 1056 -164.6100 -102.2500 2 1788 -141.9800 -150.1600
-5.4652062973e-02 -5.0042638939e-02 -1.0339375226e+00
125 131 147
2 0 1062 -124.4700 -104.0500 2 1826 -92.9400 -158.1800
-6.6990852349e-02 -5.4149917669e-02 -1.0275315376e+00
130 132 137
2 0 1082 -143.5400 -111.9800 2 3632 -115.8700 -164.0600
-6.8917161544e-02 -5.4232751554e-02 -1.0259161195e+00
123 126 144
2 0 1084 -146.2500 -112.2500 2 3631 -119.8700 -163.9100
-6.5412419863e-02 -5.5975240501e-02 -1.0290646114e+00
8 11 14
2 0 1092 -141.2400 -114.7500 2 3642 -112.6000 -167.6400
-7.2446908981e-02 -5.5992277989e-02 -1.0243274135e+00
17 6 15
2 0 1096 -151.9200 -115.5400 2 3640 -126.4200 -166.7000
-6.5860897639e-02 -6.0940905285e-02 -1.0297275184e+00
7 11 8
2 0 1123 -142.0900 -122.8200 2 3663 -113.0400 -176.6000
-7.3385982823e-02 -6.6098508541e-02 -1.0258364725e+00
0 7 8
2 0 1147 -153.8100 -132.1400 2 3693 -127.2900 -185.0900
-7.9324966522e-02 -6.6119875357e-02 -1.0226401671e+00
2 3 11
2 0 1148 -163.3800 -133.0300 2 3691 -138.6500 -184.5100
1.2566841015e-01 -5.5373693055e-02 -8.7158401866e-01
169 166 158
2 0 1156 266.6700 -134.2700 2 1310 278.8400 -46.7800
-8.2436515284e-02 -6.9752059317e-02 -1.0208541437e+00
17 16 17
2 0 1173 -168.0200 -139.2700 2 3720 -144.9800 -190.8900
-6.7008962392e-02 -7.3108901346e-02 -1.0314582394e+00
9 14 19
2 0 1189 -144.2700 -142.5100 2 3746 -114.1700 -198.7500
-1.0082284449e-01 -7.0369044554e-02 -1.0109202394e+00
72 97 131
2 0 1193 -198.6700 -143.2100 2 1954 -181.0700 -190.0800
-7.4346756721e-02 -7.3332581861e-02 -1.0266248334e+00
5 3 0
2 0 1195 -155.5900 -144.0400 2 3742 -128.5100 -198.2700
-7.4346756721e-02 -7.3332581861e-02 -1.0266248334e+00
5 3 0
2 0 1196 -155.5900 -144.0400 2 3743 -128.5100 -198.2700
-6.7194056547e-02 -7.6361316579e-02 -1.0318580068e+00
15 17 23
2 0 1213 -144.6100 -147.7400 2 3771 -114.3000 -204.6900
-7.0903604081e-02 -7.9869230278e-02 -1.0302201453e+00
124 135 134
2 0 1243 -150.4900 -153.9900 2 3794 -121.1500 -210.7600
-6.7941932978e-02 -8.3240699071e-02 -1.0331189523e+00
5 7 15
2 0 1255 -146.0300 -158.7400 2 3809 -115.0500 -217.4600
-4.4602705123e-02 -9.4707748495e-02 -1.0499015944e+00
119 132 154
2 0 1293 -111.6200 -172.5000 2 3871 -69.6200 -240.4000
5.9145211529e-02 2.4884395383e-02 -8.4286444884e-01
88 94 106
2 0 2185 169.9000 28.0900 2 4332 105.8200 137.0300
5.9077171201e-02 1.2283597871e-02 -8.4420373740e-01
27 31 42
2 0 2227 168.4600 0.9600 2 4361 108.5900 109.9800
-1.2030301408e-01 4.1910178212e-03 -9.9154239482e-01
161 132 64
2 0 2255 -230.9600 -15.3000 2 3326 -222.8600 -52.8300
1.1817347582e-01 -1.2201403160e-02 -8.8311603692e-01
149 144 140
2 0 2291 244.3300 -48.8500 2 3127 241.9000 32.6300
-1.1849306941e-01 -2.8893711844e-02 -9.9542932560e-01
166 164 32
2 0 2336 -228.5500 -73.9800 2 3482 -218.5500 -111.3700
-1.1849306941e-01 -2.8893711844e-02 -9.9542932560e-01
166 164 32
2 0 2337 -228.5500 -73.9800 2 3483 -218.5500 -111.3700
-7.0414411086e-02 -3.2743373738e-02 -1.0216029122e+00
0 2 1
2 0 2341 -148.0100 -77.1000 2 3527 -124.3100 -125.2100
-7.0918907412e-02 -3.8621016520e-02 -1.0223586128e+00
6 11 15
2 0 2365 -149.0400 -86.8700 2 3566 -124.7700 -135.6200
5.0219580979e-02 -7.2139759865e-02 -8.6050342656e-01
26 26 36
2 0 2528 137.2300 -175.1100 2 4566 106.0900 -90.2900
-4.7101455328e-02 -9.6614043596e-02 -1.0485786564e+00
133 154 162
2 0 2529 -115.0500 -175.7400 2 4831 -74.3400 -243.8500
-4.6844155650e-02 -1.0194450062e-01 -1.0498869289e+00
126 105 53
2 0 2532 -115.0100 -183.9200 2 4847 -73.2100 -253.6100
-5.5062799297e-02 -1.0166085325e-01 -1.0451853625e+00
104 100 57
2 0 2533 -127.3500 -185.1500 2 3899 -88.4800 -252.6100
4.8765874548e-02 -8.6059464362e-02 -8.6218720829e-01
19 23 32
2 0 2556 132.8300 -203.4500 2 3523 105.8100 -124.1000
4.8765874548e-02 -8.6059464362e-02 -8.6218720829e-01
19 23 32
2 0 2557 132.8300 -203.4500 2 3524 105.8100 -124.1000
4.7621325559e-02 -8.7539626750e-02 -8.6309680408e-01
64 68 77
2 0 2561 130.0600 -206.1900 2 4633 103.1800 -128.4800
6.0174538586e-02 1.9602451243e-02 -8.4259796620e-01
18 21 30
2 0 2965 172.0100 16.6900 2 4348 109.5700 126.9200
-1.2522248778e-01 -3.9561534490e-03 -9.8937414365e-01
102 88 35
2 0 3000 -240.2500 -30.1600 2 4534 -232.4700 -65.7000
-1.2153012757e-01 -7.4787833702e-03 -9.9169472343e-01
168 156 54
2 0 3006 -233.7100 -36.3500 2 4544 -224.9500 -72.6000
-6.9335505038e-02 -2.0293220187e-02 -1.0208749115e+00
0 7 4
2 0 3027 -146.0700 -56.3700 2 5260 -122.9700 -103.6800
-1.1072078357e-01 -2.6026196966e-02 -9.9814273539e-01
133 152 184
2 0 3037 -214.8200 -68.5300 2 4592 -203.4200 -106.8300
-5.3787081076e-02 -4.3100981654e-02 -1.0335670734e+00
107 86 51
2 0 3063 -122.8200 -92.6500 2 5294 -92.0000 -146.2100
-5.3787081076e-02 -4.3100981654e-02 -1.0335670734e+00
107 86 51
2 0 3064 -122.8200 -92.6500 2 5295 -92.0000 -146.2100
-1.1268477523e-01 -4.7147709780e-02 -1.0004542084e+00
111 91 95
2 0 3077 -218.5300 -105.2600 2 4652 -206.4200 -145.3900
-1.1268477523e-01 -4.7147709780e-02 -1.0004542084e+00
111 91 95
2 0 3078 -218.5300 -105.2600 2 4653 -206.4200 -145.3900
-7.2602828639e-02 -6.0885648594e-02 -1.0256519433e+00
17 14 16
2 0 3101 -152.3500 -123.4200 2 5321 -126.2200 -175.8500
-1.1423323186e-01 -5.9178576125e-02 -1.0018794481e+00
131 97 84
2 0 3108 -221.2000 -125.9200 2 5314 -209.0400 -167.9200
-5.6121464096e-02 -6.3830920513e-02 -1.0353803631e+00
131 135 165
2 0 3111 -127.1300 -126.2900 2 4733 -94.5300 -182.7100
-7.1213243889e-02 -6.3465317348e-02 -1.0265784439e+00
110 111 116
2 0 3115 -150.2800 -127.5600 2 5325 -123.3500 -180.5100
-6.7284245681e-02 -6.6389790228e-02 -1.0300663745e+00
4 7 6
2 0 3119 -144.4700 -131.7400 2 5331 -115.2800 -186.4500
5.7735501732e-02 -7.4540121307e-02 -8.6205737731e-01
13 17 20
2 0 3183 150.3000 -179.2000 2 5638 124.9100 -95.4200
6.6542024107e-02 2.6089646232e-02 -8.4343894847e-01
18 19 26
2 0 3467 183.7800 30.2400 2 5556 122.7900 140.3400
6.1811803049e-02 8.4608561778e-03 -8.4603988384e-01
43 46 51
2 0 3486 172.8100 -7.0100 2 5578 115.3100 100.3000
-7.8989560556e-02 -2.1901812477e-02 -1.0154297896e+00
99 80 47
2 0 3513 -161.5400 -59.5800 2 5261 -141.2500 -104.7800
-7.7566969264e-02 -2.9877200481e-02 -1.0172427973e+00
57 53 65
2 0 3524 -159.5500 -72.9600 2 5649 -137.9500 -118.9600
-1.1248535267e-01 -2.9215723841e-02 -9.9837860931e-01
86 82 105
2 0 3528 -217.9800 -74.1300 2 5266 -206.5500 -112.7300
-7.4417382873e-02 -4.4768253692e-02 -1.0213432744e+00
145 103 10
2 0 3541 -155.0200 -97.5200 2 5669 -130.7800 -145.9600
-4.2109898936e-02 -8.4801623877e-02 -1.0492822615e+00
131 137 161
2 0 3579 -107.4500 -156.8000 2 5718 -66.1300 -222.5700
-4.2109898936e-02 -8.4801623877e-02 -1.0492822615e+00
131 137 161
2 0 3580 -107.4500 -156.8000 2 5719 -66.1300 -222.5700
-4.9699481173e-02 -8.5849951834e-02 -1.0450740415e+00
106 85 27
2 0 3584 -118.7400 -159.7200 2 5720 -80.0000 -223.8600
-1.0996324016e-01 -8.9419529585e-03 -9.9727312384e-01
84 114 152
2 0 3711 -213.2200 -38.5400 2 5628 -202.1800 -76.9200
-1.0996324016e-01 -8.9419529585e-03 -9.9727312384e-01
84 114 152
2 0 3712 -213.2200 -38.5400 2 5629 -202.1800 -76.9200
-1.1699916577e-01 -1.7034564477e-02 -9.9500229402e-01
35 56 36
2 0 3721 -225.7500 -53.0300 2 5871 -215.7600 -90.3600
-1.1742424532e-01 -2.5158683133e-02 -9.9619711630e-01
31 51 30
2 0 3726 -226.7700 -67.3900 2 5644 -216.0900 -105.0300
-1.1742424532e-01 -2.5158683133e-02 -9.9619711630e-01
31 51 30
2 0 3727 -226.7700 -67.3900 2 5645 -216.0900 -105.0300
-1.1574854643e-01 -5.2797703307e-02 -9.9983014437e-01
25 41 31
2 0 3746 -223.9400 -115.3200 2 5907 -212.3500 -155.5800
-7.5593051862e-02 -5.7274875594e-02 -1.0227164146e+00
132 105 15
2 0 3750 -157.1300 -118.1600 2 5919 -132.2200 -168.5100
-4.1805668169e-02 -7.7701394403e-02 -1.0478260611e+00
118 125 148
2 0 3764 -106.7500 -145.9000 2 5944 -66.2500 -209.6100
-4.5708932383e-02 -8.2718301870e-02 -1.0468032070e+00
13 16 11
2 0 3770 -112.9400 -154.3700 2 5950 -72.7100 -218.3200
-5.9420031253e-02 -8.2786906787e-02 -1.0379552220e+00
17 11 18
2 0 3772 -132.7500 -156.4800 2 5948 -99.0100 -217.4300
-6.5528160661e-02 -8.5916551164e-02 -1.0350197751e+00
133 104 36
2 0 3776 -142.7000 -162.8200 2 5951 -109.9100 -222.3700
-5.8022808311e-02 -8.7952857814e-02 -1.0401199447e+00
126 129 156
2 0 3779 -130.9600 -164.3500 2 5952 -95.7300 -227.0900
-1.1530850777e-01 4.6112144041e-04 -9.9263248732e-01
170 165 184
2 0 3883 -222.3500 -22.0900 2 5853 -213.3900 -58.9600
-1.1530850777e-01 4.6112144041e-04 -9.9263248732e-01
170 165 184
2 0 3884 -222.3500 -22.0900 2 5854 -213.3900 -58.9600
-1.2300573530e-01 -1.0869976387e-02 -9.9111965546e-01
18 59 35
2 0 3897 -236.1500 -42.2500 2 5857 -228.1700 -78.4500
-1.2300573530e-01 -1.0869976387e-02 -9.9111965546e-01
18 59 35
2 0 3898 -236.1500 -42.2500 2 5858 -228.1700 -78.4500
-1.2786710551e-01 -2.4696762985e-02 -9.9026590740e-01
18 72 42
2 0 3912 -245.1300 -67.1000 2 5882 -237.7100 -102.5300
-1.2786710551e-01 -2.4696762985e-02 -9.9026590740e-01
18 72 42
2 0 3913 -245.1300 -67.1000 2 5883 -237.7100 -102.5300
-5.8126160838e-02 -2.8837625576e-02 -1.0298907940e+00
136 98 24
2 0 3914 -128.6200 -69.3600 2 6025 -101.4700 -121.4200
-9.2522031707e-02 -4.0636058007e-02 -1.0066053455e+00
150 111 24
2 0 3921 -184.3100 -93.0700 2 5896 -167.2500 -133.8800
-6.1822894301e-02 -5.0302344910e-02 -1.0299656352e+00
137 103 25
2 0 3926 -135.4100 -105.1500 2 6034 -106.3800 -157.8400
-5.4265973676e-02 -6.6179385426e-02 -1.0369121059e+00
125 127 149
2 0 3937 -124.4500 -129.8100 2 6045 -90.8000 -187.1300
-5.4265973676e-02 -6.6179385426e-02 -1.0369121059e+00
125 127 149
2 0 3938 -124.4500 -129.8100 2 6046 -90.8000 -187.1300
-4.3778033174e-02 -7.1907700467e-02 -1.0451296786e+00
16 16 13
2 0 3943 -109.2300 -137.2000 2 6049 -70.6000 -198.9000
-5.5811047318e-02 -7.8261652822e-02 -1.0382950577e+00
130 136 160
2 0 3952 -127.0600 -149.0300 2 5943 -92.7300 -209.0600
-7.3576011624e-02 -3.5033044094e-02 -1.0208821232e+00
142 106 22
2 0 4018 -153.2100 -81.0600 2 6105 -129.9600 -129.1500
-5.1670060979e-02 -8.6312353373e-02 -1.0444696138e+00
69 57 16
2 0 4077 -122.2600 -161.0300 2 6148 -83.1100 -224.3700
-5.1670060979e-02 -8.6312353373e-02 -1.0444696138e+00
69 57 16
2 0 4078 -122.2600 -161.0300 2 6149 -83.1100 -224.3700
-1.1987740935e-01 -1.3654185348e-02 -9.9369129498e-01
50 70 24
2 0 4108 -230.6800 -47.0600 2 6170 -221.5000 -84.2700
-1.1987740935e-01 -1.3654185348e-02 -9.9369129498e-01
50 70 24
2 0 4109 -230.6800 -47.0600 2 6171 -221.5000 -84.2700
-1.0814397429e-01 -1.9021279572e-02 -9.9851011700e-01
159 164 183
2 0 4110 -209.8600 -55.9100 2 6173 -198.9000 -94.8600
-1.0742454203e-01 -6.0143055537e-02 -1.0052878575e+00
156 161 181
2 0 4114 -209.3700 -126.7000 2 6185 -195.3900 -170.3500
