# Bundle file v0.3
3 388
1.2015006371e+03 -2.3482521226e-02 -1.4841365411e-02
9.6883428337e-01 2.2746507545e-02 -2.4666318686e-01
1.7935556669e-02 9.8671973133e-01 1.6143880452e-01
2.4705960245e-01 -1.6083149005e-01 9.5555993252e-01
-2.8024334557e-01 1.7467287090e-01 3.4323576429e-01
1.1790872661e+03 2.7279405647e-02 -1.9238159577e-01
9.0143614887e-01 2.6666782225e-01 -3.4102953257e-01
-1.1844088665e-02 8.0265389393e-01 5.9632746383e-01
4.3275002839e-01 -5.3351194844e-01 7.2669967235e-01
-4.1264875373e-01 6.9045069874e-01 1.2987681149e-01
7.4322436223e+02 -6.4934425102e-02 -1.4433885809e-02
9.7495358625e-01 -2.0032185862e-01 9.6626381565e-02
1.7654622552e-01 9.6128716542e-01 2.1156184878e-01
-1.3526616320e-01 -1.8920396023e-01 9.7257643737e-01
1.6542099139e-01 2.3128577004e-01 5.7387268285e-01
1.3333244204e-01 8.9657278120e-02 -1.0551328595e+00
24 27 32
2 0 369 206.2500 176.5700 1 141 172.0300 247.8500
2.7397382841e-01 7.8108300672e-02 -1.0735342458e+00
182 180 175
2 0 412 480.3000 159.0300 1 177 453.8500 225.0900
1.2617645437e-01 6.9697668447e-02 -1.0576853656e+00
12 17 23
2 0 469 193.4000 138.8000 1 198 152.9500 216.9700
1.8185402698e-01 7.7468250038e-02 -1.1149452265e+00
115 110 104
2 0 491 300.4500 129.3800 1 333 279.1900 157.0800
2.1879640847e-01 5.9005103049e-02 -1.1017695557e+00
187 182 176
2 0 541 369.3500 106.3200 1 347 341.7200 151.8000
2.8052473226e-01 3.6191143396e-02 -1.0782601718e+00
183 180 173
2 0 612 495.7200 79.4000 1 338 464.3500 156.1400
2.7391831941e-01 3.1518220246e-02 -1.0823215167e+00
190 186 177
2 0 634 481.3500 68.4500 1 363 449.7000 142.4500
2.8153982667e-01 2.9928523682e-02 -1.0791871797e+00
188 185 176
2 0 636 498.0000 67.3100 1 357 466.1200 145.0500
2.7610267780e-01 2.5819878106e-02 -1.0821052110e+00
142 137 134
2 0 664 486.3400 58.0600 1 385 453.8200 133.9300
2.1680938748e-01 2.6676617868e-02 -1.1085190973e+00
178 174 165
2 0 694 366.7000 46.7100 1 495 332.2700 95.4400
2.6450783451e-01 1.8756394085e-02 -1.0888340144e+00
114 110 107
2 0 705 462.0800 41.8100 1 442 427.7500 112.2900
1.9295464608e-01 2.5609912900e-02 -1.1189309235e+00
178 175 168
2 0 711 322.1500 40.0200 1 531 287.9800 79.7700
2.8092501985e-01 6.6193188592e-05 -1.0854222574e+00
142 139 134
2 0 759 497.4200 8.7600 1 515 462.0700 87.4600
2.3610033755e-01 3.3640110177e-04 -1.1043623877e+00
189 186 179
2 0 789 404.9800 1.8100 1 588 365.6200 60.6500
2.2539407602e-01 8.6716649030e-04 -1.1093973213e+00
189 184 178
2 0 791 383.9000 0.8900 1 602 344.4200 54.7900
2.2539407602e-01 8.6716649030e-04 -1.1093973213e+00
189 184 178
2 0 792 383.9000 0.8900 1 603 344.4200 54.7900
2.6733757528e-01 -6.4737665753e-03 -1.0923812347e+00
184 180 175
2 0 808 468.8000 -6.1100 1 577 430.8700 66.3100
-1.3064786669e-01 3.5065096633e-04 -1.1058223258e+00
96 58 3
2 0 812 -215.9500 -9.5300 1 607 -247.3500 53.1300
-1.3064786669e-01 3.5065096633e-04 -1.1058223258e+00
96 58 3
2 0 813 -215.9500 -9.5300 1 608 -247.3500 53.1300
-1.3134018226e-01 -3.2868156266e-03 -1.1065663827e+00
166 131 44
2 0 822 -216.8000 -15.5300 1 625 -249.8700 47.7900
-1.3582449664e-01 -4.5965003869e-03 -1.1006364611e+00
143 83 46
2 0 823 -227.3900 -16.1300 1 609 -261.6300 52.0200
1.7952395436e-01 -4.7070254945e-03 -1.1307073577e+00
171 166 160
2 0 824 298.9400 -16.1300 1 710 257.6600 19.8300
2.4326605512e-01 -1.3451827605e-02 -1.1042183516e+00
181 174 168
2 0 842 419.6600 -22.9600 1 656 378.2100 38.4600
-8.0894301061e-02 -7.8936810664e-03 -1.1816664883e+00
131 137 160
2 0 865 -100.9000 -38.0900 1 905 -131.0900 -30.2600
-7.4828819145e-02 -7.1649833056e-03 -1.1917011490e+00
94 85 58
2 0 866 -87.3600 -38.7700 1 4325 -116.3800 -38.5600
-1.3883394656e-01 -1.8592236332e-02 -1.1038109215e+00
42 60 32
2 0 871 -231.1100 -39.5000 1 674 -271.5200 31.0100
2.2113489367e-01 -2.1002595553e-02 -1.1152330722e+00
185 181 172
2 0 873 376.4600 -39.8400 1 746 331.9200 12.1300
2.3175454078e-01 -2.3253990723e-02 -1.1112937724e+00
193 189 180
2 0 881 397.1300 -42.7600 1 741 352.8900 13.1700
2.3175454078e-01 -2.3253990723e-02 -1.1112937724e+00
193 189 180
2 0 882 397.1300 -42.7600 1 742 352.8900 13.1700
-7.6543660499e-02 -1.1296846802e-02 -1.1904836305e+00
90 71 40
2 0 889 -90.7200 -44.7400 1 3071 -121.3000 -42.5900
2.4892754468e-01 -2.5495004604e-02 -1.1039355658e+00
137 134 127
2 0 890 431.3900 -44.8600 1 2925 388.3100 18.6300
-8.1219183714e-02 -1.2770877088e-02 -1.1843700782e+00
121 130 151
2 0 891 -100.1600 -45.7300 1 953 -132.3800 -38.9200
2.5980818478e-01 -2.6698204637e-02 -1.0995165998e+00
186 183 174
2 0 893 453.6200 -45.8900 1 702 411.7500 22.2900
2.3280585171e-01 -2.5461977108e-02 -1.1109023808e+00
188 183 177
2 0 896 399.0700 -46.7600 1 751 354.7700 10.0500
-8.4990356052e-02 -1.7497455449e-02 -1.1792430180e+00
104 109 137
2 0 903 -108.2800 -51.8500 1 960 -143.2100 -40.2400
-8.4990356052e-02 -1.7497455449e-02 -1.1792430180e+00
104 109 137
2 0 904 -108.2800 -51.8500 1 961 -143.2100 -40.2400
1.0353018868e-01 -3.0654177007e-02 -1.0853258848e+00
16 21 28
2 0 905 157.0600 -52.7200 1 2895 84.6700 34.5700
1.7494532607e-01 -2.8547160259e-02 -1.1373038957e+00
176 171 167
2 0 919 291.6000 -58.6000 1 880 244.1500 -24.8100
-1.4197200265e-01 -3.2227138517e-02 -1.1044037708e+00
138 147 50
2 0 927 -236.2900 -61.3700 1 744 -284.2000 12.6100
-1.0319903121e-01 -3.0147309080e-02 -1.1590601239e+00
136 137 174
2 0 943 -145.6600 -67.5900 1 3058 -188.2800 -37.6300
-9.9757560329e-02 -3.2036536232e-02 -1.1651576789e+00
17 13 14
2 0 951 -137.4800 -71.4100 1 986 -180.3900 -45.7900
-9.9757560329e-02 -3.2036536232e-02 -1.1651576789e+00
17 13 14
2 0 952 -137.4800 -71.4100 1 987 -180.3900 -45.7900
2.1046001017e-01 -3.8042078049e-02 -1.1233146448e+00
182 178 172
2 0 955 356.4700 -72.1600 1 883 307.8900 -25.5200
-8.2324467010e-02 -3.0644147996e-02 -1.1898360242e+00
135 135 162
2 0 956 -99.9900 -73.0800 1 3146 -139.4200 -66.7200
1.0187980690e-01 -4.2902326058e-02 -1.0895129023e+00
13 20 28
2 0 963 155.1600 -75.4800 1 749 78.2600 10.2500
-1.1084520461e-01 -3.7429925460e-02 -1.1510203376e+00
142 139 164
2 0 967 -161.4600 -77.3200 1 956 -208.8000 -39.6000
-1.1186035345e-01 -3.8974659132e-02 -1.1506522880e+00
32 35 34
2 0 973 -163.2100 -79.6200 1 969 -211.3600 -41.2700
1.8111961918e-01 -4.1520721968e-02 -1.1378207549e+00
182 175 168
3 0 978 303.1500 -81.5500 1 992 252.4800 -46.2600 2 1028 320.5300 -22.9200
2.8104609107e-01 -4.6552083984e-02 -1.0939453866e+00
184 179 176
2 0 980 498.7200 -82.0200 1 801 457.7900 -5.8300
-1.1095369962e-01 -4.4196317106e-02 -1.1537571413e+00
22 28 19
2 0 1000 -160.3500 -88.0300 1 1014 -210.9700 -51.1100
-1.0210337960e-01 -4.3701611124e-02 -1.1669337531e+00
128 133 146
2 0 1005 -140.4700 -89.2800 1 3129 -188.8700 -62.6800
-1.0210337960e-01 -4.3701611124e-02 -1.1669337531e+00
128 133 146
2 0 1006 -140.4700 -89.2800 1 3130 -188.8700 -62.6800
-8.7266836907e-02 -4.3894679674e-02 -1.1895669324e+00
108 110 129
2 0 1014 -107.7700 -92.6700 1 3195 -153.1400 -83.6000
2.5294780263e-01 -5.1956581355e-02 -1.1072279265e+00
184 181 174
2 0 1023 440.2200 -94.4300 1 916 393.0300 -31.9000
-1.0344393055e-01 -4.7365851942e-02 -1.1669715314e+00
112 111 134
2 0 1024 -142.5700 -94.8300 1 1093 -192.7200 -67.5200
-8.5982178256e-02 -4.6094962135e-02 -1.1936898423e+00
128 131 144
2 0 1032 -104.1300 -96.5100 1 3214 -149.7000 -90.1000
-1.1299985288e-01 -5.0199584507e-02 -1.1546406172e+00
132 131 139
2 0 1037 -163.4300 -97.5500 1 1053 -216.2700 -59.7200
-1.3667326148e-01 -6.0402698473e-02 -1.1245344079e+00
69 94 135
2 0 1078 -217.0700 -109.4700 1 982 -278.4500 -44.6500
-1.0495712974e-01 -5.8445169124e-02 -1.1702441189e+00
130 132 137
2 0 1082 -143.5400 -111.9800 1 3201 -198.7300 -85.2100
-1.0605561565e-01 -5.8892025104e-02 -1.1678616752e+00
123 126 144
2 0 1084 -146.2500 -112.2500 1 3194 -202.4400 -83.7300
-1.0412620259e-01 -6.0045037172e-02 -1.1726650063e+00
8 11 14
2 0 1092 -141.2400 -114.7500 1 3211 -196.6300 -89.5000
-1.0889794331e-01 -6.1160331358e-02 -1.1655038619e+00
17 6 15
2 0 1096 -151.9200 -115.5400 1 3200 -209.1500 -84.4800
-9.3571239368e-02 -5.9579818768e-02 -1.1872460648e+00
36 39 34
2 0 1097 -118.4400 -115.5600 1 1299 -171.8900 -102.2400
2.1683348027e-01 -6.2829444464e-02 -1.1250480146e+00
185 181 172
2 0 1103 369.3700 -116.6700 1 1107 315.3100 -70.4700
9.7090344140e-02 -6.5556919987e-02 -1.0956605109e+00
23 30 37
2 0 1107 147.8700 -117.1100 1 925 62.4100 -33.2800
-1.0503252224e-01 -6.5341318175e-02 -1.1738844828e+00
7 11 8
2 0 1123 -142.0900 -122.8200 1 3232 -200.0800 -97.7200
-1.0503252224e-01 -6.5341318175e-02 -1.1738844828e+00
7 11 8
2 0 1124 -142.0900 -122.8200 1 3233 -200.0800 -97.7200
-1.1521198979e-01 -7.2789050414e-02 -1.1626398439e+00
2 3 11
2 0 1148 -163.3800 -133.0300 1 3230 -226.6000 -97.3900
-1.1521198979e-01 -7.2789050414e-02 -1.1626398439e+00
2 3 11
2 0 1149 -163.3800 -133.0300 1 3231 -226.6000 -97.3900
-1.0910966072e-01 -7.3189973318e-02 -1.1719298836e+00
119 124 135
2 0 1155 -149.4300 -134.5000 1 3264 -211.5700 -106.4700
1.9678808366e-01 -7.3766836194e-02 -1.1358430899e+00
147 140 133
2 0 1168 332.2000 -137.1200 1 1287 273.7100 -100.0800
1.9678808366e-01 -7.3766836194e-02 -1.1358430899e+00
147 140 133
2 0 1169 332.2000 -137.1200 1 1288 273.7100 -100.0800
-1.1759836325e-01 -7.7112869818e-02 -1.1605501154e+00
17 16 17
2 0 1174 -168.0200 -139.2700 1 3251 -234.3400 -101.4600
1.7311133794e-01 -7.4789109397e-02 -1.1466987124e+00
126 119 115
2 0 1175 289.8600 -139.4900 1 1345 229.5700 -111.1500
-1.0736116441e-01 -7.8144761698e-02 -1.1774335447e+00
9 14 19
2 0 1188 -144.2700 -142.5100 1 3303 -207.9200 -118.1300
-1.0780640770e-01 -8.1603671325e-02 -1.1782070923e+00
15 17 23
2 0 1213 -144.6100 -147.7400 1 3325 -210.0400 -123.5700
-9.0973949700e-02 -8.2692945590e-02 -1.2050882377e+00
26 28 21
2 0 1234 -107.5000 -151.6300 1 3406 -168.1000 -148.7300
-1.1083127670e-01 -8.5830623581e-02 -1.1758798341e+00
124 135 134
2 0 1244 -150.4900 -153.9900 1 3335 -218.3000 -127.2000
1.3127534239e-01 -8.5662565620e-02 -1.1675431156e+00
100 96 92
2 0 1251 219.4900 -158.7600 1 1538 155.3700 -145.6600
-1.0938866922e-01 -8.8778027386e-02 -1.1805620654e+00
5 7 15
2 0 1255 -146.0300 -158.7400 1 3362 -214.5500 -135.3900
2.5323039336e-01 -8.7632481184e-02 -1.1137552406e+00
185 182 174
2 0 1266 441.7700 -161.6500 1 3262 387.9600 -106.1400
-1.4538462203e-01 -9.3839108550e-02 -1.1300548919e+00
129 132 127
2 0 1271 -228.2900 -162.6500 1 1256 -307.9800 -95.8200
2.5214923641e-01 -8.8546253641e-02 -1.1146741480e+00
143 140 134
2 0 1274 439.4300 -163.4400 1 1337 385.5400 -108.8300
2.5959353986e-01 -9.3033508595e-02 -1.1121787528e+00
177 174 165
2 0 1292 454.7400 -171.9500 1 3295 401.7200 -115.3800
-9.4254345880e-02 -9.6910986632e-02 -1.2070255977e+00
119 132 154
2 0 1293 -111.6200 -172.5000 1 3457 -179.2300 -169.8800
2.3220804086e-01 -9.7933391724e-02 -1.1244758677e+00
181 178 173
2 0 1318 399.9700 -180.7400 1 1488 340.0700 -135.6800
2.1022975395e-01 -9.9414157622e-02 -1.1345818002e+00
182 178 175
2 0 1323 358.0100 -182.9800 1 1542 294.1200 -146.7000
-1.5339142312e-01 -1.1388891319e-01 -1.1279657345e+00
119 92 93
2 0 1349 -243.0500 -194.4200 1 3318 -334.3900 -122.0600
1.9390301646e-01 -1.0613094117e-01 -1.1434580697e+00
120 117 110
2 0 1350 327.8600 -194.6800 1 1632 260.6500 -166.1400
1.9382840415e-01 -1.0598531782e-01 -1.1438362466e+00
120 117 110
3 0 1351 327.8600 -194.6800 1 1633 260.6500 -166.1400 2 1246 355.0900 -104.8900
1.9390301646e-01 -1.0613094117e-01 -1.1434580697e+00
120 117 110
2 0 1352 327.8600 -194.6800 1 1634 260.6500 -166.1400
-8.6157668797e-02 -1.1430590165e-01 -1.2293452705e+00
25 53 43
2 0 1361 -90.3300 -198.4300 1 3585 -162.4700 -212.9200
1.5157412587e-01 -1.1299850937e-01 -1.1633125811e+00
117 109 106
2 0 1381 254.0600 -205.1300 1 3530 181.2600 -191.6700
2.3298621853e-01 -1.1368267676e-01 -1.1278028001e+00
186 181 175
2 0 1390 401.8200 -209.7600 1 1648 338.8200 -169.9900
-1.1652284715e-01 -1.2432997850e-01 -1.1891365745e+00
150 142 121
2 0 1398 -152.8900 -212.0800 1 3536 -239.5400 -192.6300
2.6405802992e-01 -1.1744414947e-01 -1.1152277629e+00
182 178 169
3 0 1431 464.4200 -218.2800 1 3453 408.3700 -168.5300 2 1221 465.2100 -97.4600
2.4733420865e-01 -1.1992365623e-01 -1.1228833406e+00
141 140 135
2 0 1440 430.3900 -222.0500 1 3490 369.3400 -179.4000
2.0865955507e-01 -1.2172015961e-01 -1.1397614563e+00
144 139 133
2 0 1443 355.5900 -223.0900 1 1745 286.0400 -194.2600
2.6702332182e-01 -1.2527283717e-01 -1.1156259209e+00
190 184 178
2 0 1464 470.8600 -233.2900 1 3514 414.1200 -185.7600
1.5351599410e-01 -1.3117259302e-01 -1.1662218588e+00
176 171 167
2 0 1470 257.8300 -236.2100 1 3630 179.6800 -227.6300
2.5593267067e-01 -1.3142660441e-01 -1.1215315236e+00
183 179 170
2 0 1483 447.9400 -244.1800 1 3562 387.1000 -203.1000
2.3533951407e-01 -1.4654649990e-01 -1.1334423478e+00
186 180 174
2 0 1532 407.1900 -270.2800 1 3667 337.3700 -243.0700
2.4644686843e-01 -1.5107275388e-01 -1.1297673040e+00
182 178 169
2 0 1557 429.0400 -279.9100 1 3682 361.7300 -251.3600
2.7818101909e-01 -1.5094364222e-01 -1.1161846689e+00
157 149 146
2 0 1558 494.2600 -283.4100 1 1945 437.9600 -244.0300
2.0616878349e-01 -1.5766326380e-01 -1.1480262442e+00
192 188 179
2 0 1571 351.7400 -287.2200 1 3753 272.5600 -273.5900
2.2741569170e-01 -1.5971853720e-01 -1.1392805873e+00
180 175 172
2 0 1584 391.9700 -293.5100 1 2080 317.1500 -274.7300
2.5134479312e-01 -1.5998620188e-01 -1.1294124964e+00
168 167 162
2 0 1593 439.2800 -296.9300 1 3746 371.1600 -271.5600
1.8025415257e-01 -1.7028487485e-01 -1.1620685456e+00
177 173 164
2 0 1622 305.1700 -306.0900 1 2198 217.7500 -305.6200
1.7237009395e-01 -1.8246125373e-01 -1.1680741167e+00
136 133 124
2 0 1677 291.6300 -326.0000 1 2308 199.3300 -333.4700
1.1592206844e-01 -1.9427745005e-01 -1.1954594878e+00
170 166 157
2 0 1709 198.9000 -336.9000 1 2463 95.9900 -362.6400
2.6404497820e-01 -1.8170116998e-01 -1.1288649535e+00
174 171 166
2 0 1717 465.1600 -339.3900 1 3882 397.8100 -323.3400
1.7724079276e-01 -1.9779167486e-01 -1.1692632705e+00
181 177 168
2 0 1750 300.7300 -353.0200 1 4003 204.1500 -367.9400
2.8233287362e-01 1.2536251060e-01 -1.0611546046e+00
194 190 187
2 0 1928 496.3700 254.2400 1 2555 474.8200 310.2700
2.8233287362e-01 1.2536251060e-01 -1.0611546046e+00
194 190 187
2 0 1929 496.3700 254.2400 1 2556 474.8200 310.2700
1.8506108787e-01 1.2519617609e-01 -1.1050599155e+00
145 142 133
2 0 1954 304.6700 214.9200 1 165 293.6800 231.9200
2.7044466525e-01 7.5890766159e-02 -1.0757926529e+00
195 190 186
2 0 2017 472.8200 153.4200 1 196 446.2800 218.0700
2.7675607695e-01 3.1286625034e-02 -1.0810639913e+00
191 188 180
2 0 2130 487.8000 68.8600 1 362 455.5500 144.0000
2.8051692037e-01 2.9036438269e-02 -1.0799069009e+00
185 180 174
2 0 2133 495.6900 65.2400 1 365 463.8700 142.5400
1.9819278732e-01 3.7307257248e-02 -1.1150192939e+00
180 175 169
2 0 2136 331.3100 61.8500 1 2785 299.9600 102.0200
2.4078359636e-01 1.7268129630e-02 -1.0997041519e+00
188 183 177
2 0 2176 413.4800 34.0200 1 2795 378.1100 93.8400
2.2151579561e-01 1.8344347625e-02 -1.1080993328e+00
174 170 161
2 0 2178 375.8000 32.2600 1 2814 340.0100 83.6000
2.4930645618e-01 3.3276099824e-03 -1.0985336131e+00
182 178 170
2 0 2208 431.1100 9.4300 1 2834 393.5700 73.5900
2.5670931067e-01 -2.6553505479e-03 -1.0963620227e+00
183 179 169
2 0 2233 446.4700 -0.6100 1 2848 408.3600 66.9700
-1.5092904237e-01 -1.0259586405e-03 -1.0781754158e+00
211 203 163
2 0 2244 -266.3600 -5.3700 1 4182 -297.4900 79.7500
2.4524070138e-01 -1.6890147853e-02 -1.1038631254e+00
186 181 175
2 0 2268 423.6100 -29.1700 1 2900 381.9000 33.2700
2.2478144269e-01 -1.7893170058e-02 -1.1133234878e+00
183 179 170
2 0 2276 383.1800 -33.8300 1 2924 339.9800 19.6300
2.6286881470e-01 -2.5312918948e-02 -1.0979701536e+00
189 184 178
2 0 2284 460.1800 -42.7700 1 693 418.4600 26.6200
2.1976740688e-01 -2.4031637136e-02 -1.1160470544e+00
197 192 188
3 0 2287 373.7500 -44.9700 1 2950 328.7100 6.2000 2 915 376.2500 14.0600
2.1647264252e-01 -2.9075417719e-02 -1.1189553813e+00
176 171 167
2 0 2301 367.5700 -55.2700 1 2977 321.4200 -5.5700
-7.9898305895e-02 -2.1962829559e-02 -1.1899143707e+00
127 125 152
2 0 2306 -96.2200 -60.3500 1 4348 -131.5400 -55.6100
-8.5422533656e-02 -2.8392146179e-02 -1.1853366702e+00
70 64 45
2 0 2327 -106.6000 -69.1700 1 3117 -145.2100 -59.6300
-8.5422533656e-02 -2.8392146179e-02 -1.1853366702e+00
70 64 45
2 0 2328 -106.6000 -69.1700 1 3118 -145.2100 -59.6300
2.8004968928e-01 -4.0533356228e-02 -1.0935553251e+00
188 183 178
2 0 2329 496.3800 -70.4600 1 2951 456.1100 5.6500
-1.3948690486e-01 -3.9364857901e-02 -1.1111163531e+00
166 164 32
2 0 2336 -228.5500 -73.9800 1 2971 -279.8800 -3.4600
-1.3948690486e-01 -3.9364857901e-02 -1.1111163531e+00
166 164 32
2 0 2337 -228.5500 -73.9800 1 2972 -279.8800 -3.4600
-1.0480657300e-01 -3.6491581987e-02 -1.1592190305e+00
0 2 1
2 0 2341 -148.0100 -77.1000 1 3084 -194.1800 -46.1300
2.8017124043e-01 -4.5179466256e-02 -1.0941206650e+00
143 138 135
2 0 2353 496.9200 -79.3800 1 2974 455.7800 -3.5800
2.7757430264e-01 -4.6016562363e-02 -1.0956322924e+00
156 152 146
2 0 2357 491.2400 -81.3000 1 2986 449.7100 -7.0300
-1.0585177313e-01 -4.2720830148e-02 -1.1608399451e+00
6 11 15
2 0 2365 -149.0400 -86.8700 1 3106 -197.8800 -55.7600
2.6318533929e-01 -5.4244726675e-02 -1.1033551780e+00
152 147 141
2 0 2386 461.3400 -98.0900 1 3047 415.4900 -31.6200
-1.0268323150e-01 -5.1221201237e-02 -1.1701163291e+00
1 1 10
2 0 2392 -140.0500 -101.1100 1 4385 -191.5400 -75.4800
-8.8678963940e-02 -5.1980640657e-02 -1.1914343201e+00
129 128 154
2 0 2399 -109.2400 -104.8800 1 4422 -158.0800 -95.8700
-8.8678963940e-02 -5.1980640657e-02 -1.1914343201e+00
129 128 154
2 0 2400 -109.2400 -104.8800 1 4421 -158.0800 -95.8700
1.8157999278e-01 -5.5315703142e-02 -1.1399668264e+00
179 175 168
3 0 2402 304.5100 -105.6000 1 3157 249.9200 -71.4200 2 1072 324.6200 -41.3400
2.1515863617e-01 -5.8321107718e-02 -1.1248337788e+00
144 139 133
3 0 2406 366.1100 -108.4300 1 3128 312.9500 -62.0100 2 1054 376.9100 -34.0400
-8.9845289296e-02 -5.5030619748e-02 -1.1910294379e+00
118 124 145
2 0 2408 -111.2900 -109.3900 1 3239 -161.5100 -99.5100
2.7152311786e-01 -6.2658639504e-02 -1.1010408581e+00
134 129 125
2 0 2418 479.0800 -113.6700 1 3079 433.4100 -44.6200
2.6994922302e-01 -6.3249884459e-02 -1.1020311769e+00
192 187 183
2 0 2422 475.7500 -114.9000 1 3091 429.7000 -46.9100
2.5338481177e-01 -7.4443230496e-02 -1.1116770664e+00
134 131 124
2 0 2465 441.7400 -136.8100 1 3178 390.4700 -78.6900
2.6083378044e-01 -7.4650370586e-02 -1.1082650475e+00
186 186 178
2 0 2467 456.9900 -137.0200 1 3165 407.2300 -75.5000
1.8916118964e-01 -7.7493952436e-02 -1.1399690330e+00
192 185 177
2 0 2478 318.5100 -143.8800 1 3279 258.3400 -110.3500
1.8902795527e-01 -7.7280089375e-02 -1.1405549555e+00
192 185 177
3 0 2479 318.5100 -143.8800 1 3280 258.3400 -110.3500 2 1149 341.1600 -68.1900
2.7935244729e-01 -8.0303004098e-02 -1.1009575206e+00
152 147 143
3 0 2490 495.9700 -147.0100 1 4391 450.1400 -78.2800 2 2399 480.8900 -42.3200
-1.4149337413e-01 -8.7552520836e-02 -1.1298252280e+00
136 155 179
2 0 2498 -222.8900 -153.1900 1 4403 -298.0800 -86.7800
1.8617065781e-01 -8.4493441729e-02 -1.1428661276e+00
181 174 164
2 0 2507 313.1700 -156.3900 1 3327 251.3000 -125.3600
2.1889600195e-01 -8.6108089334e-02 -1.1286545095e+00
197 193 184
2 0 2509 373.9500 -158.9900 1 3298 314.7400 -116.6300
2.6102498880e-01 -8.6235184072e-02 -1.1101620484e+00
130 129 124
2 0 2510 457.5600 -159.0600 1 3245 406.0200 -99.9100
8.9819288461e-02 -9.7584751198e-02 -1.1053251818e+00
26 26 36
2 0 2528 137.2300 -175.1100 1 4425 39.0000 -97.3300
2.6374438559e-01 -9.5363665394e-02 -1.1109980315e+00
187 183 177
2 0 2530 463.4400 -176.3700 1 4474 410.9000 -119.0700
-9.6704913145e-02 -1.0468306821e-01 -1.2077677347e+00
126 105 53
2 0 2532 -115.0100 -183.9200 1 4585 -186.4100 -181.2000
-1.5422447454e-01 -1.1249664815e-01 -1.1261662915e+00
147 161 67
2 0 2540 -245.6200 -192.2900 1 4471 -335.9400 -118.2800
2.2556818852e-01 -1.0403248760e-01 -1.1292051691e+00
182 177 171
2 0 2542 387.1700 -191.7900 1 3414 324.9500 -151.6900
2.2556818852e-01 -1.0403248760e-01 -1.1292051691e+00
182 177 171
2 0 2543 387.1700 -191.7900 1 3415 324.9500 -151.6900
2.5324496590e-01 -1.0446017715e-01 -1.1169825740e+00
183 180 174
3 0 2548 442.0200 -193.2900 1 3383 385.3700 -142.6700 2 1190 446.0600 -83.4100
2.7120087220e-01 -1.0620021753e-01 -1.1097820010e+00
180 175 169
2 0 2550 479.0700 -197.2900 1 3378 427.0500 -140.2000
8.6959024699e-02 -1.1335936391e-01 -1.1089696004e+00
19 23 32
2 0 2556 132.8300 -203.4500 1 3342 28.0800 -128.2800
8.6959024699e-02 -1.1335936391e-01 -1.1089696004e+00
19 23 32
2 0 2557 132.8300 -203.4500 1 3343 28.0800 -128.2800
2.7176022440e-01 -1.1023629588e-01 -1.1104578595e+00
153 148 145
2 0 2559 480.3100 -205.0200 1 3408 427.8300 -149.3200
2.7356897579e-01 -1.1312113260e-01 -1.1099361558e+00
155 149 145
2 0 2569 484.3900 -210.5600 1 4531 431.6200 -154.9500
2.4836972193e-01 -1.1548665568e-01 -1.1214433624e+00
179 176 169
2 0 2574 432.4200 -213.8200 1 3454 372.4200 -169.0300
2.6242208198e-01 -1.1750494286e-01 -1.1156726559e+00
147 143 134
2 0 2577 461.0000 -218.4200 1 3455 404.5500 -168.8300
2.0862237201e-01 -1.2881523641e-01 -1.1413175436e+00
193 186 180
2 0 2593 355.5700 -235.8800 1 4619 284.4900 -209.6200
2.2101606707e-01 -1.2927161900e-01 -1.1359846982e+00
157 148 139
3 0 2600 378.8600 -237.7800 1 4614 309.9600 -207.6500 2 1315 402.0700 -126.8700
2.2101606707e-01 -1.2927161900e-01 -1.1359846982e+00
157 148 139
3 0 2601 378.8600 -237.7800 1 4615 309.9600 -207.6500 2 1316 402.0700 -126.8700
2.3668031451e-01 -1.3229106843e-01 -1.1299024764e+00
184 179 173
2 0 2605 409.7700 -244.0900 1 4620 342.9800 -210.2800
2.5043348215e-01 -1.3872432357e-01 -1.1251563378e+00
177 170 162
2 0 2617 436.8300 -257.4400 1 3612 373.1400 -221.1800
7.8449680658e-02 -1.5482621766e-01 -1.1205298034e+00
23 28 34
2 0 2636 120.5400 -276.6900 1 4627 -2.3000 -213.9300
2.5228112073e-01 -1.4944084278e-01 -1.1265864218e+00
189 183 179
2 0 2638 440.8300 -277.5600 1 3671 375.4100 -245.9200
2.5228112073e-01 -1.4944084278e-01 -1.1265864218e+00
189 183 179
2 0 2639 440.8300 -277.5600 1 3670 375.4100 -245.9200
2.5832848521e-01 -1.5193641308e-01 -1.1245320148e+00
173 168 162
2 0 2646 453.1500 -282.9200 1 3681 389.2000 -250.5700
2.5719727332e-01 -1.6938283871e-01 -1.1295171652e+00
151 148 143
2 0 2688 450.9800 -315.2100 1 3810 383.5300 -293.9700
2.4279080394e-01 -1.7539312730e-01 -1.1363487713e+00
181 178 173
2 0 2703 422.2200 -324.2600 1 4791 348.4600 -310.0500
2.6746048879e-01 -1.7594305420e-01 -1.1260977361e+00
179 174 171
2 0 2710 472.0800 -329.2300 1 4783 407.2900 -308.2900
2.4569321346e-01 -1.8759100623e-01 -1.1380376845e+00
149 146 137
2 0 2737 428.3900 -346.9200 1 3930 352.5300 -340.0800
2.1750296352e-01 4.3632717536e-02 -1.1052077987e+00
171 166 162
2 0 2937 367.1100 77.6800 1 4145 336.9300 125.0700
2.0610871659e-01 4.3107505354e-02 -1.1103450743e+00
173 168 162
2 0 2941 345.7700 74.1200 1 4151 315.4800 116.8400
2.6476586218e-01 2.7464245934e-02 -1.0867560967e+00
187 184 177
2 0 2950 462.4900 58.7400 1 4142 429.2100 128.9600
1.1271678708e-01 6.2592726915e-03 -1.0754624629e+00
18 21 30
2 0 2965 172.0100 16.6900 1 4164 112.0000 102.8900
-1.4187260994e-01 -1.3790087377e-02 -1.0964917456e+00
102 88 35
2 0 3000 -240.2500 -30.1600 1 4208 -278.6700 44.5400
2.1263508138e-01 -2.2342727017e-02 -1.1190766584e+00
180 173 170
3 0 3014 360.3000 -42.9300 1 4258 314.9400 5.2900 2 2334 364.7800 14.0200
2.1263508138e-01 -2.2342727017e-02 -1.1190766584e+00
180 173 170
3 0 3015 360.3000 -42.9300 1 4259 314.9400 5.2900 2 2335 364.7800 14.0200
2.5237999535e-01 -2.8215566001e-02 -1.1024726101e+00
161 158 150
2 0 3021 438.4100 -49.5600 1 4249 395.3500 15.9100
2.0805473213e-01 -2.8486518292e-02 -1.1225956383e+00
175 170 167
3 0 3024 351.8900 -55.0400 1 4272 305.0300 -8.7600 2 2350 358.8600 4.1800
-1.0280424817e-01 -2.3156071068e-02 -1.1562736758e+00
0 7 4
2 0 3027 -146.0700 -56.3700 1 5047 -186.0000 -26.0500
2.7181431957e-01 -3.5356906907e-02 -1.0958824934e+00
189 181 178
2 0 3029 479.0500 -61.0900 1 4252 437.4200 11.8300
-9.0915240091e-02 -2.4605105409e-02 -1.1743187873e+00
129 130 163
2 0 3031 -119.5300 -61.6200 1 4337 -158.2300 -44.7700
2.7084714032e-01 -3.7829759031e-02 -1.0968604853e+00
159 152 146
2 0 3035 476.9800 -66.0000 1 5025 434.9900 6.1700
-1.3306727914e-01 -3.5214603356e-02 -1.1172345211e+00
133 152 184
2 0 3037 -214.8200 -68.5300 1 4270 -263.3900 -3.9900
-1.3822602270e-01 -3.6320582889e-02 -1.1122157410e+00
31 47 30
2 0 3039 -225.8000 -69.3800 1 4266 -275.1900 -0.4900
-1.3822602270e-01 -3.6320582889e-02 -1.1122157410e+00
31 47 30
2 0 3040 -225.8000 -69.3800 1 4267 -275.1900 -0.4900
-1.4482161902e-01 -3.9916209684e-02 -1.1053024711e+00
171 167 46
2 0 3048 -240.9600 -74.2200 1 4264 -291.7500 1.7900
-8.5362433138e-02 -3.9866029514e-02 -1.1917584049e+00
6 15 9
2 0 3057 -104.1700 -87.2500 1 4393 -146.5900 -80.1400
-9.4364815713e-02 -4.4849788967e-02 -1.1794312104e+00
107 86 51
2 0 3063 -122.8200 -92.6500 1 5096 -170.3200 -75.7000
-9.4364815713e-02 -4.4849788967e-02 -1.1794312104e+00
107 86 51
2 0 3064 -122.8200 -92.6500 1 5097 -170.3200 -75.7000
-8.3158854228e-02 -4.9337747164e-02 -1.2005232629e+00
86 71 38
2 0 3072 -97.5100 -102.4500 1 5116 -142.5300 -100.2100
-1.3709925368e-01 -5.7891506481e-02 -1.1229407658e+00
111 91 95
2 0 3077 -218.5300 -105.2600 1 4329 -278.7600 -39.7300
2.3408662191e-01 -6.6660953860e-02 -1.1182317998e+00
156 151 145
3 0 3099 402.8600 -122.7000 1 4376 349.9600 -70.7400 2 2395 407.9800 -38.4200
-1.0964075918e-01 -6.6260115546e-02 -1.1670721916e+00
17 14 16
2 0 3101 -152.3500 -123.4200 1 5105 -212.0200 -92.7700
2.2600817780e-01 -6.7849806441e-02 -1.1216957025e+00
188 183 177
3 0 3106 387.0800 -124.9900 1 4389 332.9600 -76.2000 2 2400 396.1100 -43.2600
-1.3991102934e-01 -7.0808915557e-02 -1.1262100571e+00
131 97 84
2 0 3108 -221.2000 -125.9200 1 5086 -288.4800 -60.4200
2.5471194373e-01 -6.9872330930e-02 -1.1096689609e+00
177 177 169
3 0 3116 444.3600 -127.6900 1 4373 394.2300 -67.5900 2 1059 440.4700 -36.2100
2.3341013511e-01 -7.1416547315e-02 -1.1196281658e+00
174 169 163
2 0 3121 401.3900 -131.9100 1 4394 347.9800 -80.7700
-1.4794807254e-01 -7.7185362411e-02 -1.1174307675e+00
168 164 51
2 0 3125 -239.7800 -135.3700 1 5084 -310.7800 -60.5100
-1.4794807254e-01 -7.7185362411e-02 -1.1174307675e+00
168 164 51
2 0 3126 -239.7800 -135.3700 1 5085 -310.7800 -60.5100
2.0144619800e-01 -7.5486202684e-02 -1.1341963402e+00
174 167 159
2 0 3134 340.8300 -140.0800 1 4435 282.3100 -101.7600
2.0144619800e-01 -7.5486202684e-02 -1.1341963402e+00
174 167 159
2 0 3135 340.8300 -140.0800 1 4436 282.3100 -101.7600
-1.1137070903e-01 -7.8911007274e-02 -1.1708515867e+00
9 9 0
2 0 3139 -153.5300 -143.0400 1 5132 -218.8800 -113.2900
2.6580549899e-01 -9.1632296881e-02 -1.1094610256e+00
188 185 179
3 0 3165 467.7400 -168.9800 1 5127 416.3200 -109.9400 2 2427 462.1200 -62.1500
2.6583921678e-01 -9.1482815106e-02 -1.1095278507e+00
188 185 179
2 0 3166 467.7400 -168.9800 1 5128 416.3200 -109.9400
2.6399013912e-01 -9.3498171984e-02 -1.1102688879e+00
154 151 144
3 0 3169 463.5900 -172.5800 1 4461 412.0100 -114.4600 2 1140 460.2900 -65.0300
9.3862002830e-02 -9.8953222899e-02 -1.1090473534e+00
36 39 46
2 0 3181 145.4000 -177.7400 1 5120 48.0600 -104.1600
9.6502392369e-02 -9.9587016694e-02 -1.1112853445e+00
13 17 20
2 0 3183 150.3000 -179.2000 1 5538 54.3300 -107.8300
8.8565074523e-02 -1.0441744492e-01 -1.1075099006e+00
23 26 37
2 0 3204 135.6800 -187.2700 1 4455 34.4300 -111.4100
-1.5661488002e-01 -1.2313463263e-01 -1.1286573006e+00
158 133 44
2 0 3223 -248.0000 -209.1300 1 4511 -344.6400 -135.8900
2.3712370039e-01 -1.1303767846e-01 -1.1261964315e+00
144 141 134
2 0 3224 409.8500 -208.7700 1 4558 348.0500 -167.6100
6.7193719549e-02 -1.2001490811e-01 -1.1146682381e+00
238 237 48
3 0 3231 100.1800 -214.6500 1 3387 -7.7100 -142.8800 2 3133 217.8600 -160.7500
6.7193719549e-02 -1.2001490811e-01 -1.1146682381e+00
238 237 48
3 0 3232 100.1800 -214.6500 1 3388 -7.7100 -142.8800 2 3134 217.8600 -160.7500
2.5479126999e-01 -1.3375703421e-01 -1.1224269953e+00
187 184 177
3 0 3254 445.5900 -248.6600 1 4617 383.7800 -209.1300 2 1302 454.6400 -121.7600
2.0722461499e-01 -1.3682247983e-01 -1.1434484496e+00
160 156 147
2 0 3257 353.3000 -250.0500 1 5228 279.6400 -227.3200
1.9760456771e-01 -1.3810895999e-01 -1.1484536924e+00
181 174 166
3 0 3259 335.4100 -251.6200 1 5234 260.2200 -232.8800 2 3107 368.0100 -146.4300
2.4488489487e-01 -1.3888056700e-01 -1.1276286340e+00
177 172 168
3 0 3262 425.8300 -257.4100 1 4644 360.0700 -223.3500 2 2522 440.4600 -131.9700
2.2680291014e-01 -1.5492603749e-01 -1.1391997742e+00
170 166 157
2 0 3280 391.0500 -284.4200 1 5262 316.7100 -264.5300
2.4093144114e-01 -1.6032837032e-01 -1.1338203510e+00
185 183 178
2 0 3285 418.3400 -296.3200 1 5278 347.2100 -274.0500
2.4720985579e-01 -1.6035688162e-01 -1.1317032143e+00
178 175 167
3 0 3286 430.3200 -297.3000 1 5599 361.4100 -274.3200 2 2581 448.1600 -159.5200
2.7716398872e-01 -1.6076769316e-01 -1.1186426623e+00
179 174 169
3 0 3294 492.1300 -302.5200 1 5268 433.5500 -269.0800 2 2560 494.0600 -150.4900
1.9795641580e-01 -1.7511621208e-01 -1.1552239531e+00
169 166 159
3 0 3303 337.1400 -317.1200 1 4799 251.0300 -314.6900 2 2630 376.6500 -194.7500
1.3751951959e-01 -1.9155302792e-01 -1.1853295575e+00
177 170 162
2 0 3321 233.4800 -335.7600 1 4891 133.1700 -355.8500
2.4741148981e-01 -1.8157340790e-01 -1.1355122365e+00
179 176 169
2 0 3322 431.6200 -336.3600 1 5330 357.8000 -324.5000
2.6200798476e-01 -1.9194185458e-01 -1.1314462690e+00
134 133 125
2 0 3338 461.1000 -358.2900 1 5354 390.8700 -349.0500
1.3992703033e-01 1.1334524063e-01 -1.0502995250e+00
39 42 47
2 0 3391 217.7200 222.4200 1 5396 190.0100 286.0100
1.7391701065e-01 1.2873468494e-01 -1.1086626474e+00
109 108 98
2 0 3392 284.8200 217.5700 1 4082 275.6800 230.1400
1.1907434092e-01 1.4238761487e-02 -1.0780070461e+00
18 19 26
2 0 3467 183.7800 30.2400 1 5433 128.6200 111.7800
2.6295651225e-01 2.0958123991e-03 -1.0928587786e+00
184 180 172
2 0 3475 459.3200 9.5200 1 5002 422.3900 79.7100
2.7476860599e-01 9.2682892889e-04 -1.0875377027e+00
150 147 141
2 0 3476 484.3100 9.4700 1 5001 448.2300 85.6500
2.2357801882e-01 2.8772610667e-03 -1.1092711622e+00
157 154 147
3 0 3480 380.2800 5.0600 1 5007 341.0900 58.0600 2 2965 375.4800 52.1500
1.1223551689e-01 -5.9575814440e-03 -1.0819910642e+00
43 46 51
2 0 3486 172.8100 -7.0100 1 5443 109.0500 76.2900
-1.3669687341e-01 -1.2703252551e-02 -1.1038452130e+00
129 112 115
2 0 3493 -227.2400 -29.9200 1 4215 -265.1500 38.4700
-9.0908661603e-02 -1.1409606208e-02 -1.1682893962e+00
10 6 6
2 0 3505 -121.9600 -40.7900 1 5044 -155.2600 -22.3300
-7.7316101173e-02 -1.9665065288e-02 -1.1917375803e+00
16 16 11
2 0 3511 -91.7900 -57.3800 1 5501 -125.5500 -54.3000
-1.0992202625e-01 -2.6262650731e-02 -1.1473927283e+00
99 80 47
2 0 3513 -161.5400 -59.5800 1 5042 -203.7700 -21.6300
-8.1549750918e-02 -2.7677571229e-02 -1.1914343828e+00
112 117 146
2 0 3520 -97.8800 -68.8800 1 5507 -135.9000 -64.3300
-1.0971062689e-01 -3.4454291767e-02 -1.1514975709e+00
57 53 65
2 0 3524 -159.5500 -72.9600 1 5486 -204.9900 -36.0900
-8.4744283325e-02 -3.1202952590e-02 -1.1876323006e+00
17 16 14
2 0 3527 -104.7200 -73.7300 1 5512 -144.1700 -65.3100
-1.3534306045e-01 -3.8809468104e-02 -1.1175818830e+00
86 82 105
2 0 3528 -217.9800 -74.1300 1 5472 -268.6700 -9.1200
-1.4298904921e-01 -4.7299641528e-02 -1.1101494802e+00
162 154 48
2 0 3532 -235.1000 -86.5800 1 5475 -290.4700 -12.9800
-1.0405457006e-01 -4.8689658030e-02 -1.1657348409e+00
119 105 92
2 0 3537 -143.8800 -96.4500 1 5514 -195.5500 -68.2800
-1.0922735097e-01 -4.9726528565e-02 -1.1598353160e+00
145 103 10
2 0 3541 -155.0200 -97.5200 1 5506 -207.0200 -63.9600
-9.1038222282e-02 -5.3114105893e-02 -1.1886368261e+00
13 14 20
2 0 3545 -114.1300 -106.3100 1 5106 -163.6600 -94.7900
-9.3019328046e-02 -5.7069540923e-02 -1.1878054460e+00
127 130 167
2 0 3550 -117.5000 -112.0600 1 5113 -169.1000 -99.2700
-8.5970292245e-02 -5.7460560247e-02 -1.1994859133e+00
129 126 157
2 0 3553 -101.8600 -113.9400 1 5541 -151.7800 -110.1800
2.7420941023e-01 -6.8219996883e-02 -1.1013406520e+00
141 137 133
2 0 3558 484.7000 -124.3400 1 5078 439.1200 -55.6100
-1.4384185065e-01 -7.0613712345e-02 -1.1200623369e+00
43 56 44
2 0 3559 -231.2300 -125.0300 1 5073 -298.7500 -54.1600
-1.4384185065e-01 -7.0613712345e-02 -1.1200623369e+00
43 56 44
2 0 3560 -231.2300 -125.0300 1 5072 -298.7500 -54.1600
-1.4202483296e-01 -7.4434075365e-02 -1.1228231428e+00
158 156 40
2 0 3563 -227.2900 -131.6600 1 5089 -296.1600 -62.0000
-9.4270224790e-02 -7.4553525287e-02 -1.1949726546e+00
123 124 150
2 0 3566 -116.4600 -138.6600 1 5149 -175.4500 -129.0100
-1.4187956538e-01 -8.3099364090e-02 -1.1280562219e+00
78 78 95
2 0 3569 -224.1500 -145.8600 1 5522 -297.3000 -78.9400
-1.4187956538e-01 -8.3099364090e-02 -1.1280562219e+00
78 78 95
2 0 3570 -224.1500 -145.8600 1 5523 -297.3000 -78.9400
2.6234914717e-01 -8.1164722996e-02 -1.1083499466e+00
138 137 131
3 0 3572 460.5200 -148.7200 1 5531 409.6400 -88.0300 2 3033 455.0900 -49.0700
-9.1509585027e-02 -8.6352482269e-02 -1.2062710955e+00
131 137 161
2 0 3579 -107.4500 -156.8000 1 5554 -170.4200 -154.8600
-9.1509585027e-02 -8.6352482269e-02 -1.2062710955e+00
131 137 161
2 0 3580 -107.4500 -156.8000 1 5555 -170.4200 -154.8600
-9.6850444191e-02 -8.8574472662e-02 -1.1990841471e+00
106 85 27
2 0 3584 -118.7400 -159.7200 1 5552 -183.7900 -151.5500
2.4409866420e-01 -8.7374029584e-02 -1.1177320283e+00
156 153 146
2 0 3585 423.4000 -161.1500 1 5125 367.6800 -109.3700
2.4409416141e-01 -8.7419914060e-02 -1.1176922831e+00
156 153 146
3 0 3586 423.4000 -161.1500 1 5126 367.6800 -109.3700 2 2432 428.1100 -63.2800
2.1584771222e-01 -1.0728894870e-01 -1.1338927823e+00
141 137 128
2 0 3609 368.7200 -197.4000 1 5174 303.9700 -161.5700
2.1584771222e-01 -1.0728894870e-01 -1.1338927823e+00
141 137 128
2 0 3610 368.7200 -197.4000 1 5175 303.9700 -161.5700
2.6288269963e-01 -1.2851942303e-01 -1.1178576447e+00
185 178 170
2 0 3617 462.1500 -239.2600 1 5571 403.9000 -194.2500
2.6288269963e-01 -1.2851942303e-01 -1.1178576447e+00
185 178 170
2 0 3618 462.1500 -239.2600 1 5572 403.9000 -194.2500
2.1162275238e-01 -1.4992212475e-01 -1.1440354901e+00
180 177 168
2 0 3624 361.9200 -273.9000 1 5588 285.5100 -255.2500
2.1162275238e-01 -1.4992212475e-01 -1.1440354901e+00
180 177 168
2 0 3625 361.9200 -273.9000 1 5589 285.5100 -255.2500
2.7148861847e-01 -1.5854869072e-01 -1.1205472480e+00
159 154 150
2 0 3627 480.4500 -296.9600 1 5595 419.9900 -264.1800
2.7148861847e-01 -1.5854869072e-01 -1.1205472480e+00
159 154 150
2 0 3628 480.4500 -296.9600 1 5597 419.9900 -264.1800
1.6928103072e-01 -1.6821634746e-01 -1.1665296599e+00
155 151 144
2 0 3630 285.7800 -301.1500 1 5309 197.6800 -302.4400
2.3429161330e-01 -1.7483667519e-01 -1.1400362100e+00
178 175 168
2 0 3633 405.4900 -321.9000 1 5621 329.3000 -309.9200
1.3462659582e-01 9.2207012368e-02 -1.0541891677e+00
30 35 39
2 0 3661 208.2600 181.6600 1 5654 175.1200 252.7900
-8.2987764691e-02 -2.2821102509e-03 -1.1778817722e+00
129 93 27
2 0 3703 -105.3500 -29.0000 1 5478 -133.5700 -19.7200
-1.3095506215e-01 -1.1841396803e-02 -1.1126422503e+00
149 157 181
2 0 3704 -212.9600 -30.5700 1 5455 -249.6500 30.8600
-1.3094679109e-01 -1.7023661382e-02 -1.1124309800e+00
84 114 152
2 0 3711 -213.2200 -38.5400 1 5458 -253.3400 24.3100
-1.3094679109e-01 -1.7023661382e-02 -1.1124309800e+00
84 114 152
2 0 3712 -213.2200 -38.5400 1 5459 -253.3400 24.3100
-8.4276455760e-02 -8.6111329380e-03 -1.1780171979e+00
12 12 13
2 0 3713 -107.6300 -38.5600 1 5719 -138.2300 -27.7300
-8.4276455760e-02 -8.6111329380e-03 -1.1780171979e+00
12 12 13
2 0 3714 -107.6300 -38.5600 1 5720 -138.2300 -27.7300
-8.0273434788e-02 -8.8057212192e-03 -1.1837198881e+00
111 117 144
2 0 3717 -98.9400 -39.7400 1 5725 -129.5300 -33.3300
-8.0273434788e-02 -8.8057212192e-03 -1.1837198881e+00
111 117 144
2 0 3718 -98.9400 -39.7400 1 5726 -129.5300 -33.3300
-7.4094714936e-02 -9.9921187576e-03 -1.1920514772e+00
130 100 44
2 0 3719 -86.1400 -42.8600 1 5489 -116.7600 -42.5500
-1.3723335112e-01 -2.6487668242e-02 -1.1088919893e+00
35 56 36
2 0 3721 -225.7500 -53.0300 1 5705 -270.4000 15.6400
-1.3850240653e-01 -3.5134184413e-02 -1.1113555123e+00
31 51 30
2 0 3726 -226.7700 -67.3900 1 5465 -275.4300 1.9500
-1.3850240653e-01 -3.5134184413e-02 -1.1113555123e+00
31 51 30
2 0 3727 -226.7700 -67.3900 1 5466 -275.4300 1.9500
-8.0737606149e-02 -3.9588562662e-02 -1.1965916693e+00
23 20 13
2 0 3732 -95.2400 -87.4300 1 5751 -137.1500 -84.2500
-8.4685026441e-02 -4.3801308726e-02 -1.1943522644e+00
119 123 151
2 0 3735 -101.9300 -93.2500 1 5754 -146.2500 -87.6900
-1.4020370645e-01 -6.4306692424e-02 -1.1223255759e+00
25 41 31
2 0 3746 -223.9400 -115.3200 1 5492 -287.6700 -47.7700
-1.4819346129e-01 -6.5948760539e-02 -1.1112349147e+00
20 69 31
2 0 3748 -243.4900 -116.6100 1 5732 -309.0200 -39.1500
-1.4322887615e-01 -6.6944164372e-02 -1.1178425159e+00
158 162 25
2 0 3749 -231.2600 -118.7100 1 5735 -297.7500 -47.1700
-1.1162202101e-01 -6.3037086660e-02 -1.1633849773e+00
132 105 15
2 0 3750 -157.1300 -118.1600 1 5750 -215.4900 -84.9800
-1.4606166532e-01 -6.8511859938e-02 -1.1159129836e+00
161 163 36
2 0 3753 -237.4900 -121.4300 1 5490 -303.5700 -47.1300
-1.4606166532e-01 -6.8511859938e-02 -1.1159129836e+00
161 163 36
2 0 3754 -237.4900 -121.4300 1 5491 -303.5700 -47.1300
-1.1250188270e-01 -6.9372969913e-02 -1.1639884720e+00
135 109 20
2 0 3759 -158.5800 -128.0000 1 5757 -219.8200 -94.0500
-9.0190464528e-02 -7.8984469333e-02 -1.2035158222e+00
118 125 148
2 0 3764 -106.7500 -145.9000 1 5780 -166.3800 -142.5000
-1.4857671617e-01 -8.6500218031e-02 -1.1204363549e+00
164 155 61
2 0 3767 -239.2600 -150.4700 1 5746 -315.4500 -76.3400
-8.8361595895e-02 -8.3185429565e-02 -1.2080477797e+00
17 16 13
2 0 3769 -102.4700 -152.5900 1 5786 -162.7800 -152.0600
-9.3662193875e-02 -8.4699054799e-02 -1.2018889336e+00
13 16 11
2 0 3770 -112.9400 -154.3700 1 5551 -175.0600 -148.6500
-1.0314085763e-01 -8.7006559929e-02 -1.1883298394e+00
17 11 18
2 0 3772 -132.7500 -156.4800 1 5777 -199.5100 -140.0400
-1.0791629917e-01 -9.1262663495e-02 -1.1834901257e+00
133 104 36
2 0 3776 -142.7000 -162.8200 1 5779 -211.6100 -141.3800
-1.0296203320e-01 -9.2108311759e-02 -1.1918976341e+00
126 129 156
2 0 3779 -130.9600 -164.3500 1 5785 -199.5100 -150.1100
-1.5663091104e-01 -9.9099207649e-02 -1.1157838863e+00
16 76 49
2 0 3782 -255.1700 -170.1000 1 5529 -339.5000 -89.4700
-1.4861057003e-01 -9.8963458471e-02 -1.1275468362e+00
27 53 29
2 0 3783 -235.2700 -170.7400 1 5761 -317.8500 -100.5400
1.9261324367e-01 -1.3658293540e-01 -1.1492783898e+00
167 160 152
2 0 3803 326.5200 -248.4300 1 5579 250.2600 -229.6200
1.3226918157e-01 8.5642809022e-02 -1.0555512850e+00
45 50 54
2 0 3842 204.1700 168.9600 1 5840 169.0500 241.9500
-7.8542810125e-02 -2.5513979040e-03 -1.1818174054e+00
16 15 11
2 0 3890 -96.9200 -29.9800 1 5481 -125.5000 -23.8400
-7.6287564973e-02 -5.7704312694e-03 -1.1879245498e+00
8 18 12
2 0 3894 -91.1500 -36.0300 1 5728 -120.0000 -33.3800
-1.4089330745e-01 -2.0850454698e-02 -1.1007417521e+00
18 59 35
2 0 3897 -236.1500 -42.2500 1 5696 -278.6500 31.0400
-1.4089330745e-01 -2.0850454698e-02 -1.1007417521e+00
18 59 35
2 0 3898 -236.1500 -42.2500 1 5697 -278.6500 31.0400
-1.4599497477e-01 -3.6260522621e-02 -1.1006327500e+00
18 72 42
2 0 3912 -245.1300 -67.1000 1 5707 -295.5600 11.0400
-1.4599497477e-01 -3.6260522621e-02 -1.1006327500e+00
18 72 42
2 0 3913 -245.1300 -67.1000 1 5708 -295.5600 11.0400
-9.6342543181e-02 -3.0382302806e-02 -1.1711207679e+00
136 98 24
2 0 3914 -128.6200 -69.3600 1 5873 -171.4700 -49.4200
-8.3019069280e-02 -3.5088979960e-02 -1.1910460590e+00
121 124 158
2 0 3915 -100.8100 -79.9700 1 5883 -141.6300 -73.4600
-9.3785881872e-02 -5.5416350407e-02 -1.1823835984e+00
122 125 144
2 0 3927 -121.5500 -109.1900 1 5889 -172.7500 -92.2400
-9.7133755849e-02 -6.9093026122e-02 -1.1866634426e+00
125 127 149
2 0 3937 -124.4500 -129.8100 1 5899 -182.1800 -114.3300
-9.7133755849e-02 -6.9093026122e-02 -1.1866634426e+00
125 127 149
2 0 3938 -124.4500 -129.8100 1 5900 -182.1800 -114.3300
2.5045302421e-01 -7.1447098258e-02 -1.1123311718e+00
162 159 152
2 0 3939 435.8100 -131.2100 1 5745 384.3600 -73.6900
-9.7867865009e-02 -7.5180194508e-02 -1.1907491847e+00
4 12 4
2 0 3945 -123.9300 -139.3900 1 5771 -183.3900 -125.9500
-9.9639812858e-02 -8.1883470302e-02 -1.1894956857e+00
130 136 160
2 0 3952 -127.0600 -149.0300 1 5775 -190.8800 -134.1600
-9.9743382832e-02 -8.7067121086e-02 -1.1938760013e+00
10 13 9
2 0 3959 -125.5300 -157.2600 1 5782 -190.4300 -144.8500
8.2131225516e-02 -1.4735851238e-01 -1.1213587512e+00
48 51 58
2 0 3970 127.7800 -263.1500 1 5920 8.7900 -201.7000
6.1443432799e-02 -1.9936750681e-01 -1.1309024001e+00
19 23 23
2 0 3973 93.9200 -353.0400 1 5987 -52.8900 -305.7100
1.2101455805e-01 1.8542382700e-02 -1.0781302149e+00
13 14 19
2 0 3996 187.8500 38.2600 1 5953 133.4600 117.7800
-1.0741690107e-01 -3.9274735979e-02 -1.1570368321e+00
142 106 22
2 0 4018 -153.2100 -81.0600 1 5872 -200.8000 -47.6800
-8.4382024054e-02 -5.1176632128e-02 -1.1950510536e+00
46 32 18
2 0 4025 -101.2600 -104.0400 1 5890 -149.5700 -98.2300
-1.5261976340e-01 -1.0071069872e-01 -1.1213704766e+00
147 159 26
2 0 4043 -245.9000 -173.4200 1 5975 -329.6500 -97.0100
1.3040092370e-01 5.5681760162e-02 -1.0666921471e+00
15 16 18
2 0 4062 203.2000 109.8900 1 5948 159.2700 185.9800
-1.4459328800e-01 -6.1609323990e-02 -1.1134906430e+00
32 53 28
2 0 4070 -235.7800 -109.5900 1 5961 -299.8500 -35.7000
-9.8574820635e-02 -8.9281828126e-02 -1.1979351254e+00
69 57 16
2 0 4077 -122.2600 -161.0300 1 6009 -186.8100 -151.2400
-9.8574820635e-02 -8.9281828126e-02 -1.1979351254e+00
69 57 16
2 0 4078 -122.2600 -161.0300 1 6010 -186.8100 -151.2400
-8.4456271707e-02 -1.9464088208e-02 -1.1797299116e+00
102 107 140
2 0 4089 -107.2000 -54.7300 1 6004 -143.4000 -43.3000
-1.4769699641e-01 -7.6560395789e-02 -1.1175392318e+00
116 126 40
2 0 4095 -239.0200 -134.1800 1 6032 -310.2200 -59.8600
-1.4769699641e-01 -7.6560395789e-02 -1.1175392318e+00
116 126 40
2 0 4096 -239.0200 -134.1800 1 6033 -310.2200 -59.8600
-1.3928243121e-01 -2.3204846517e-02 -1.1055676123e+00
50 70 24
2 0 4108 -230.6800 -47.0600 1 6026 -273.9000 23.1800
-1.3928243121e-01 -2.3204846517e-02 -1.1055676123e+00
50 70 24
2 0 4109 -230.6800 -47.0600 1 6025 -273.9000 23.1800
-1.3027752255e-01 -2.7577716515e-02 -1.1167812263e+00
159 164 183
2 0 4110 -209.8600 -55.9100 1 6027 -255.8800 6.2000
-1.3466321093e-01 -7.0865090415e-02 -1.1325267241e+00
156 161 181
2 0 4114 -209.3700 -126.7000 1 6045 -276.1800 -66.6300
-1.4116482227e-01 -9.3915018276e-02 -1.1351925397e+00
156 160 179
2 0 4117 -218.9000 -163.2900 1 6035 -297.7000 -100.8000
6.1976509307e-02 -1.5363781979e-02 -1.1026784935e+00
69 63 14
2 0 853 89.2100 -30.1900 2 980 179.7400 -8.5400
6.3238650239e-02 -1.7067215075e-02 -1.1026128165e+00
214 211 94
2 0 861 91.3200 -33.0100 2 984 182.1300 -10.6800
-8.4297911503e-02 -5.8192431625e-02 -1.3600685875e+00
170 161 156
2 0 1138 -34.4300 -128.5100 2 2517 -37.2400 -130.3600
1.6153984643e-02 -3.2262533475e-02 -1.1368073288e+00
36 41 23
2 0 2320 24.6600 -66.8700 2 2411 109.2000 -51.7100
-1.9899849600e-03 -6.4054481161e-02 -1.1568963734e+00
34 36 20
2 0 2433 2.7600 -120.2800 2 2481 88.7900 -103.7500
2.9925808563e-02 -6.5987213788e-02 -1.1321216877e+00
220 249 192
2 0 2434 44.1800 -120.9800 2 2470 140.5500 -94.9700
2.9925808563e-02 -6.5987213788e-02 -1.1321216877e+00
220 249 192
2 0 2435 44.1800 -120.9800 2 2469 140.5500 -94.9700
6.2208273076e-03 -2.8149228550e-02 -1.1463116342e+00
29 32 8
2 0 3033 12.6800 -62.3700 2 2410 91.6000 -50.2100
8.4968174203e-03 -6.8088905800e-02 -1.1477718675e+00
31 36 24
2 0 3109 15.5000 -125.8100 2 2483 106.7900 -105.6400
7.1731768321e-02 -9.8248249998e-02 -1.1092492985e+00
238 243 54
2 0 3176 106.5800 -175.5100 2 3087 219.8200 -127.0100
7.1731768321e-02 -9.8248249998e-02 -1.1092492985e+00
238 243 54
2 0 3177 106.5800 -175.5100 2 3088 219.8200 -127.0100
6.8155163505e-02 -1.0305304934e-01 -1.1124421430e+00
185 182 72
2 0 3195 101.1900 -184.1900 2 3096 214.8400 -135.1300
6.8155163505e-02 -1.0305304934e-01 -1.1124421430e+00
185 182 72
2 0 3196 101.1900 -184.1900 2 3095 214.8400 -135.1300
1.9944163747e-02 -4.8545589824e-02 -1.1374395749e+00
236 249 189
2 0 3536 30.4400 -93.2700 2 3377 119.3300 -73.5600
2.7700457300e-02 -6.9209014134e-02 -1.1336036907e+00
227 52 62
2 0 3561 40.9900 -126.5000 2 3387 138.0200 -100.2800
-4.5637943846e-03 -9.3090531399e-02 -1.1623936778e+00
232 241 190
2 0 3588 0.0000 -166.2800 2 3420 92.6900 -145.3900
-4.5637943846e-03 -9.3090531399e-02 -1.1623936778e+00
232 241 190
2 0 3589 0.0000 -166.2800 2 3421 92.6900 -145.3900
3.3663815150e-03 -9.3727143924e-02 -1.1556232392e+00
234 240 193
2 0 3591 9.6600 -167.2700 2 3417 105.4700 -143.7300
6.8732788634e-02 -1.1055669809e-01 -1.1135009645e+00
241 239 51
2 0 3611 102.2800 -198.1700 2 3562 217.6800 -145.2200
7.5845772721e-02 3.7207447202e-02 -1.0858919472e+00
228 229 110
2 0 3686 109.1200 66.0800 2 3505 188.0300 74.9400
7.4540415954e-02 3.1186356732e-02 -1.0873925289e+00
155 158 21
2 0 3689 107.1900 54.9800 2 3510 187.6700 65.6700
7.4540415954e-02 3.1186356732e-02 -1.0873925289e+00
155 158 21
2 0 3690 107.1900 54.9800 2 3509 187.6700 65.6700
-1.6421235748e-01 -3.3736388926e-02 -1.1692769072e+00
158 152 34
2 0 3730 -225.0400 -75.1300 2 3079 -139.8000 -106.8400
2.7627317960e-02 -5.1356471021e-02 -1.1323247377e+00
232 240 179
2 0 3738 40.9100 -96.9900 2 3638 132.4900 -74.7800
1.4900920166e-02 -6.1347509986e-02 -1.1423790340e+00
229 244 182
2 0 3745 23.8000 -114.8200 2 3536 114.9500 -93.3700
2.3270545688e-02 -6.8698354205e-02 -1.1359706972e+00
240 239 183
2 0 3757 34.6800 -125.7800 2 3543 130.9700 -101.1400
2.0659286831e-02 -4.2441090891e-02 -1.1354247491e+00
37 38 32
2 0 3920 31.0400 -83.0000 2 3636 119.0300 -64.5400
2.7679577603e-02 -7.4190952153e-02 -1.1333460853e+00
224 49 69
2 0 3941 40.7100 -134.9200 2 3645 139.7200 -107.1200
2.3545652564e-02 -8.2769402717e-02 -1.1376326729e+00
71 65 60
2 0 3954 35.3300 -149.1100 2 3647 135.3300 -121.2200
7.7107757895e-02 2.0526174894e-02 -1.0871140483e+00
239 230 71
2 0 3997 111.4500 36.7500 2 3679 195.3000 51.4700
1.0271554316e-02 -3.1965581604e-02 -1.1425259815e+00
226 232 202
2 0 4013 17.4700 -67.9300 2 3691 99.3000 -53.4200
2.6869585439e-02 -3.9030622837e-02 -1.1310038582e+00
233 240 195
2 0 4017 39.5700 -76.4400 2 3692 127.9200 -57.5800
1.0237331615e-02 -4.0343191113e-02 -1.1445143617e+00
233 239 192
2 0 4019 17.8900 -81.3800 2 3696 101.3200 -65.6500
3.1620663091e-02 -4.5964477460e-02 -1.1270977622e+00
32 38 16
2 0 4020 45.7200 -87.2900 2 3693 138.1300 -65.2400
3.1620663091e-02 -4.5964477460e-02 -1.1270977622e+00
32 38 16
2 0 4021 45.7200 -87.2900 2 3694 138.1300 -65.2400
6.0499886941e-03 -5.6363290650e-02 -1.1495376687e+00
233 244 188
2 0 4030 12.7000 -107.2900 2 3707 99.2700 -90.1000
2.8434409637e-02 -5.8115905954e-02 -1.1305352043e+00
27 39 30
2 0 4031 41.4300 -107.3400 2 3703 136.6100 -84.4800
3.3100758844e-03 -6.4340503239e-02 -1.1521686763e+00
161 167 138
2 0 4036 9.1600 -120.2600 2 3711 97.3100 -102.2400
1.3014467159e-02 -7.8852018534e-02 -1.1482324616e+00
36 38 29
2 0 4040 22.4600 -143.4900 2 3717 116.0300 -119.2500
