# Bundle file v0.3
3 392
1.4176647499e+03 -5.5562158597e-02 1.8960919619e-02
9.8842390585e-01 1.8056183981e-02 -1.5063916016e-01
1.0492986941e-03 9.9205550433e-01 1.2579656312e-01
1.5171381389e-01 -1.2449839574e-01 9.8055243008e-01
-1.8888383222e-01 1.5118750689e-01 3.4302565317e-01
1.3882357499e+03 -2.2860761091e-02 -1.0068904077e-01
9.1810605369e-01 2.7322305787e-01 -2.8710700936e-01
-3.9881890020e-02 7.8441691660e-01 6.1895035002e-01
3.9432310232e-01 -5.5681169312e-01 7.3107457170e-01
-3.7941362759e-01 7.7672223822e-01 9.0824256058e-02
5.4762968196e+02 -2.4461837332e-01 -5.0404289420e-01
9.3559076217e-01 -1.5629254894e-01 -3.1661106249e-01
3.5264720532e-01 4.5832645860e-01 8.1582890727e-01
1.7603247607e-02 -8.7493399551e-01 4.8392213131e-01
-3.9557484634e-01 1.0462542056e+00 2.6934212685e-01
1.2892223644e-01 8.9862255283e-02 -1.1452808398e+00
24 27 32
2 0 369 206.2500 176.5700 1 141 172.0300 247.8500
2.7518186236e-01 8.0356998071e-02 -1.1568923388e+00
182 180 175
2 0 412 480.3000 159.0300 1 177 453.8500 225.0900
1.2192434735e-01 6.9688110034e-02 -1.1486045130e+00
12 17 23
2 0 469 193.4000 138.8000 1 198 152.9500 216.9700
1.8198319967e-01 7.4545975903e-02 -1.1992319034e+00
115 110 104
2 0 491 300.4500 129.3800 1 333 279.1900 157.0800
2.1925641088e-01 5.7992614110e-02 -1.1863132854e+00
187 182 176
2 0 541 369.3500 106.3200 1 347 341.7200 151.8000
2.8324639291e-01 3.7731291473e-02 -1.1624113829e+00
183 180 173
2 0 612 495.7200 79.4000 1 338 464.3500 156.1400
2.7650534230e-01 3.2621726045e-02 -1.1667177626e+00
190 186 177
2 0 634 481.3500 68.4500 1 363 449.7000 142.4500
2.8450206265e-01 3.1316354070e-02 -1.1634536724e+00
188 185 176
2 0 636 498.0000 67.3100 1 357 466.1200 145.0500
2.7894292405e-01 2.6872684905e-02 -1.1666038771e+00
142 137 134
2 0 664 486.3400 58.0600 1 385 453.8200 133.9300
2.1802929604e-01 2.5237547529e-02 -1.1937585819e+00
178 174 165
2 0 694 366.7000 46.7100 1 495 332.2700 95.4400
2.6709347367e-01 1.9119073327e-02 -1.1737090456e+00
114 110 107
2 0 705 462.0800 41.8100 1 442 427.7500 112.2900
1.9409257882e-01 2.3197504384e-02 -1.2042807466e+00
178 175 168
2 0 711 322.1500 40.0200 1 531 287.9800 79.7700
2.8477710179e-01 4.5299530974e-04 -1.1704103865e+00
142 139 134
2 0 759 497.4200 8.7600 1 515 462.0700 87.4600
2.3829771372e-01 -7.8459713392e-04 -1.1900807008e+00
189 186 179
2 0 789 404.9800 1.8100 1 588 365.6200 60.6500
2.2737228752e-01 -6.3400043417e-04 -1.1951613914e+00
189 184 178
2 0 791 383.9000 0.8900 1 602 344.4200 54.7900
2.2737228752e-01 -6.3400043417e-04 -1.1951613914e+00
189 184 178
2 0 792 383.9000 0.8900 1 603 344.4200 54.7900
2.7076847078e-01 -6.7455396721e-03 -1.1778104742e+00
184 180 175
2 0 808 468.8000 -6.1100 1 577 430.8700 66.3100
-1.2442785352e-01 -5.2441035825e-03 -1.2046429502e+00
96 58 3
2 0 812 -215.9500 -9.5300 1 607 -247.3500 53.1300
-1.2442785352e-01 -5.2441035825e-03 -1.2046429502e+00
96 58 3
2 0 813 -215.9500 -9.5300 1 608 -247.3500 53.1300
-1.2506721170e-01 -8.7974937549e-03 -1.2054495536e+00
166 131 44
2 0 822 -216.8000 -15.5300 1 625 -249.8700 47.7900
-1.2969758561e-01 -1.0688193614e-02 -1.1978600424e+00
143 83 46
3 0 823 -227.3900 -16.1300 1 609 -261.6300 52.0200 2 986 -230.8500 31.5600
1.8143000248e-01 -7.8082256918e-03 -1.2166104433e+00
171 166 160
2 0 824 298.9400 -16.1300 1 710 257.6600 19.8300
2.4603844712e-01 -1.4684191280e-02 -1.1901585981e+00
181 174 168
2 0 842 419.6600 -22.9600 1 656 378.2100 38.4600
-6.7346587460e-02 -1.5804513238e-02 -1.2695423924e+00
131 137 160
2 0 865 -100.9000 -38.0900 1 905 -131.0900 -30.2600
-6.0377286373e-02 -1.5465433177e-02 -1.2778741810e+00
94 85 58
2 0 866 -87.3600 -38.7700 1 4325 -116.3800 -38.5600
-1.3297127909e-01 -2.3583257921e-02 -1.2037476733e+00
42 60 32
2 0 871 -231.1100 -39.5000 1 674 -271.5200 31.0100
2.2359243432e-01 -2.3055430778e-02 -1.2015239127e+00
185 181 172
2 0 873 376.4600 -39.8400 1 746 331.9200 12.1300
2.3449602966e-01 -2.5071388230e-02 -1.1975548172e+00
193 189 180
2 0 881 397.1300 -42.7600 1 741 352.8900 13.1700
2.3449602966e-01 -2.5071388230e-02 -1.1975548172e+00
193 189 180
2 0 882 397.1300 -42.7600 1 742 352.8900 13.1700
-6.2207249687e-02 -1.9356089569e-02 -1.2770548498e+00
90 71 40
2 0 889 -90.7200 -44.7400 1 3071 -121.3000 -42.5900
2.5220604587e-01 -2.6887130855e-02 -1.1901081461e+00
137 134 127
2 0 890 431.3900 -44.8600 1 2925 388.3100 18.6300
-6.7390800309e-02 -2.0557527646e-02 -1.2720465496e+00
121 130 151
2 0 891 -100.1600 -45.7300 1 953 -132.3800 -38.9200
2.6352104724e-01 -2.7836465314e-02 -1.1855696932e+00
186 183 174
2 0 893 453.6200 -45.8900 1 702 411.7500 22.2900
2.3561684674e-01 -2.7287208180e-02 -1.1972355210e+00
188 183 177
2 0 896 399.0700 -46.7600 1 751 354.7700 10.0500
-7.1676565635e-02 -2.4895284692e-02 -1.2679678345e+00
104 109 137
2 0 903 -108.2800 -51.8500 1 960 -143.2100 -40.2400
-7.1676565635e-02 -2.4895284692e-02 -1.2679678345e+00
104 109 137
2 0 904 -108.2800 -51.8500 1 961 -143.2100 -40.2400
1.0140291863e-01 -3.2613490183e-02 -1.1785918466e+00
16 21 28
2 0 905 157.0600 -52.7200 1 2895 84.6700 34.5700
1.7743155925e-01 -3.1958433503e-02 -1.2236548103e+00
176 171 167
2 0 919 291.6000 -58.6000 1 880 244.1500 -24.8100
-1.3623448478e-01 -3.6873822224e-02 -1.2048435066e+00
138 147 50
2 0 927 -236.2900 -61.3700 1 744 -284.2000 12.6100
-9.1724262252e-02 -3.6418848578e-02 -1.2516297511e+00
136 137 174
2 0 943 -145.6600 -67.5900 1 3058 -188.2800 -37.6300
-8.7699437742e-02 -3.8415855358e-02 -1.2568687763e+00
17 13 14
2 0 951 -137.4800 -71.4100 1 986 -180.3900 -45.7900
-8.7699437742e-02 -3.8415855358e-02 -1.2568687763e+00
17 13 14
2 0 952 -137.4800 -71.4100 1 987 -180.3900 -45.7900
2.1320398265e-01 -4.0716433584e-02 -1.2100121680e+00
182 178 172
2 0 955 356.4700 -72.1600 1 883 307.8900 -25.5200
-6.8051717851e-02 -3.7801655659e-02 -1.2774477224e+00
135 135 162
2 0 956 -99.9900 -73.0800 1 3146 -139.4200 -66.7200
1.0009941587e-01 -4.5133584025e-02 -1.1829498389e+00
13 20 28
2 0 963 155.1600 -75.4800 1 749 78.2600 10.2500
-1.0019654059e-01 -4.3212898801e-02 -1.2451605128e+00
142 139 164
2 0 967 -161.4600 -77.3200 1 956 -208.8000 -39.6000
-1.0123981355e-01 -4.4697206801e-02 -1.2449290898e+00
32 35 34
2 0 973 -163.2100 -79.6200 1 969 -211.3600 -41.2700
1.8403991031e-01 -4.5295573349e-02 -1.2237151120e+00
182 175 168
2 0 978 303.1500 -81.5500 1 992 252.4800 -46.2600
2.8633225328e-01 -4.7904110299e-02 -1.1801489985e+00
184 179 176
2 0 980 498.7200 -82.0200 1 801 457.7900 -5.8300
-1.0007468873e-01 -4.9823738140e-02 -1.2478020895e+00
22 28 19
2 0 1000 -160.3500 -88.0300 1 1014 -210.9700 -51.1100
-8.9863785156e-02 -4.9636561802e-02 -1.2592416494e+00
128 133 146
3 0 1005 -140.4700 -89.2800 1 3129 -188.8700 -62.6800 2 1468 -131.1000 -63.9200
-8.9863785156e-02 -4.9636561802e-02 -1.2592416494e+00
128 133 146
3 0 1006 -140.4700 -89.2800 1 3130 -188.8700 -62.6800 2 1469 -131.1000 -63.9200
-7.2969926835e-02 -5.0486202436e-02 -1.2778987725e+00
108 110 129
2 0 1014 -107.7700 -92.6700 1 3195 -153.1400 -83.6000
2.5711978181e-01 -5.4085651915e-02 -1.1940158100e+00
184 181 174
2 0 1023 440.2200 -94.4300 1 916 393.0300 -31.9000
-9.1251696081e-02 -5.3229861102e-02 -1.2591416742e+00
112 111 134
2 0 1024 -142.5700 -94.8300 1 1093 -192.7200 -67.5200
-7.1270300413e-02 -5.2708817542e-02 -1.2814579501e+00
128 131 144
2 0 1032 -104.1300 -96.5100 1 3214 -149.7000 -90.1000
-1.0201807123e-01 -5.5656839481e-02 -1.2488594199e+00
132 131 139
2 0 1037 -163.4300 -97.5500 1 1053 -216.2700 -59.7200
-1.2898793438e-01 -6.4862108962e-02 -1.2235714528e+00
69 94 135
2 0 1078 -217.0700 -109.4700 1 982 -278.4500 -44.6500
-9.2398432141e-02 -6.3997629058e-02 -1.2624849304e+00
130 132 137
3 0 1082 -143.5400 -111.9800 1 3201 -198.7300 -85.2100 2 1577 -134.0800 -84.7600
-9.3859657685e-02 -6.4334733310e-02 -1.2606578788e+00
123 126 144
3 0 1084 -146.2500 -112.2500 1 3194 -202.4400 -83.7300 2 1566 -138.0200 -83.5500
-9.1396600622e-02 -6.5602918632e-02 -1.2645733336e+00
8 11 14
2 0 1092 -141.2400 -114.7500 1 3211 -196.6300 -89.5000
-9.6898649620e-02 -6.6514865686e-02 -1.2585835110e+00
17 6 15
2 0 1096 -151.9200 -115.5400 1 3200 -209.1500 -84.4800
-7.9505974785e-02 -6.5489403221e-02 -1.2767503915e+00
36 39 34
2 0 1097 -118.4400 -115.5600 1 1299 -171.8900 -102.2400
2.2029904531e-01 -6.5926691084e-02 -1.2123385897e+00
185 181 172
2 0 1103 369.3700 -116.6700 1 1107 315.3100 -70.4700
9.5800395071e-02 -6.8254120916e-02 -1.1896011172e+00
23 30 37
2 0 1107 147.8700 -117.1100 1 925 62.4100 -33.2800
-9.2009151933e-02 -7.0730334421e-02 -1.2659952084e+00
7 11 8
3 0 1123 -142.0900 -122.8200 1 3232 -200.0800 -97.7200 2 1644 -130.6700 -96.7900
-9.2009151933e-02 -7.0730334421e-02 -1.2659952084e+00
7 11 8
3 0 1124 -142.0900 -122.8200 1 3233 -200.0800 -97.7200 2 1645 -130.6700 -96.7900
-1.0287836738e-01 -7.7776403785e-02 -1.2563822579e+00
2 3 11
3 0 1148 -163.3800 -133.0300 1 3230 -226.6000 -97.3900 2 3745 -157.1000 -97.6000
-1.0352139956e-01 -7.7716956596e-02 -1.2567563652e+00
2 3 11
2 0 1149 -163.3800 -133.0300 1 3231 -226.6000 -97.3900
-9.6487135674e-02 -7.8291564054e-02 -1.2646215137e+00
119 124 135
2 0 1155 -149.4300 -134.5000 1 3264 -211.5700 -106.4700
2.0028655117e-01 -7.7404948295e-02 -1.2233748561e+00
147 140 133
2 0 1168 332.2000 -137.1200 1 1287 273.7100 -100.0800
2.0028655117e-01 -7.7404948295e-02 -1.2233748561e+00
147 140 133
2 0 1169 332.2000 -137.1200 1 1288 273.7100 -100.0800
-1.0617403037e-01 -8.1869616752e-02 -1.2551920030e+00
17 16 17
2 0 1174 -168.0200 -139.2700 1 3251 -234.3400 -101.4600
1.7665665572e-01 -7.8749471112e-02 -1.2340606073e+00
126 119 115
2 0 1175 289.8600 -139.4900 1 1345 229.5700 -111.1500
-9.3826821157e-02 -8.3270608532e-02 -1.2690891780e+00
9 14 19
3 0 1188 -144.2700 -142.5100 1 3303 -207.9200 -118.1300 2 1738 -132.1500 -116.5400
-9.4155999057e-02 -8.6672501130e-02 -1.2696293280e+00
15 17 23
3 0 1213 -144.6100 -147.7400 1 3325 -210.0400 -123.5700 2 1764 -132.6200 -121.5200
-7.5188420200e-02 -8.8101334026e-02 -1.2928344322e+00
26 28 21
2 0 1234 -107.5000 -151.6300 1 3406 -168.1000 -148.7300
-9.7261845957e-02 -9.0748555093e-02 -1.2677081419e+00
124 135 134
3 0 1244 -150.4900 -153.9900 1 3335 -218.3000 -127.2000 2 3831 -139.7100 -125.6300
1.3586248683e-01 -9.0171618527e-02 -1.2544888094e+00
100 96 92
2 0 1251 219.4900 -158.7600 1 1538 155.3700 -145.6600
-9.5920652879e-02 -9.3543167475e-02 -1.2727048018e+00
5 7 15
2 0 1255 -146.0300 -158.7400 1 3362 -214.5500 -135.3900
2.5844437836e-01 -9.1061764118e-02 -1.2014945909e+00
185 182 174
2 0 1266 441.7700 -161.6500 1 3262 387.9600 -106.1400
-1.3676323743e-01 -9.7578956433e-02 -1.2298659836e+00
129 132 127
3 0 1271 -228.2900 -162.6500 1 1256 -307.9800 -95.8200 2 1670 -237.0100 -99.9800
2.5735512060e-01 -9.2026588677e-02 -1.2024339933e+00
143 140 134
2 0 1274 439.4300 -163.4400 1 1337 385.5400 -108.8300
2.6524509830e-01 -9.6632100902e-02 -1.1999894321e+00
177 174 165
2 0 1292 454.7400 -171.9500 1 3295 401.7200 -115.3800
-7.8307813789e-02 -1.0182615893e-01 -1.2952041586e+00
119 132 154
2 0 1293 -111.6200 -172.5000 1 3457 -179.2300 -169.8800
2.3696140053e-01 -1.0189916189e-01 -1.2126741493e+00
181 178 173
2 0 1318 399.9700 -180.7400 1 1488 340.0700 -135.6800
2.1452625149e-01 -1.0356064931e-01 -1.2228241298e+00
182 178 175
2 0 1323 358.0100 -182.9800 1 1542 294.1200 -146.7000
-1.4654436954e-01 -1.1754504022e-01 -1.2291929651e+00
119 92 93
3 0 1349 -243.0500 -194.4200 1 3318 -334.3900 -122.0600 2 3834 -256.2900 -126.9000
1.9819917902e-01 -1.1053900799e-01 -1.2317753600e+00
120 117 110
2 0 1350 327.8600 -194.6800 1 1632 260.6500 -166.1400
1.9819917902e-01 -1.1053900799e-01 -1.2317753600e+00
120 117 110
2 0 1351 327.8600 -194.6800 1 1633 260.6500 -166.1400
1.9819917902e-01 -1.1053900799e-01 -1.2317753600e+00
120 117 110
2 0 1352 327.8600 -194.6800 1 1634 260.6500 -166.1400
-6.8169118910e-02 -1.1888053379e-01 -1.3146002892e+00
25 53 43
2 0 1361 -90.3300 -198.4300 1 3585 -162.4700 -212.9200
1.5622769302e-01 -1.1764452314e-01 -1.2513302538e+00
117 109 106
2 0 1381 254.0600 -205.1300 1 3530 181.2600 -191.6700
2.3823075146e-01 -1.1822706902e-01 -1.2163876456e+00
186 181 175
2 0 1390 401.8200 -209.7600 1 1648 338.8200 -169.9900
-1.0230985327e-01 -1.2816317913e-01 -1.2818214668e+00
150 142 121
2 0 1398 -152.8900 -212.0800 1 3536 -239.5400 -192.6300
2.7065994388e-01 -1.2209628002e-01 -1.2037193698e+00
182 178 169
2 0 1431 464.4200 -218.2800 1 3453 408.3700 -168.5300
2.5327027563e-01 -1.2471119602e-01 -1.2115593894e+00
141 140 135
2 0 1440 430.3900 -222.0500 1 3490 369.3400 -179.4000
2.1352803269e-01 -1.2654889913e-01 -1.2285889164e+00
144 139 133
2 0 1443 355.5900 -223.0900 1 1745 286.0400 -194.2600
2.7402222420e-01 -1.3033162540e-01 -1.2042337205e+00
190 184 178
2 0 1464 470.8600 -233.2900 1 3514 414.1200 -185.7600
1.5855837298e-01 -1.3611070010e-01 -1.2547186108e+00
176 171 167
2 0 1470 257.8300 -236.2100 1 3630 179.6800 -227.6300
2.6258102176e-01 -1.3674896739e-01 -1.2104579218e+00
183 179 170
2 0 1483 447.9400 -244.1800 1 3562 387.1000 -203.1000
2.4160872918e-01 -1.5243240618e-01 -1.2229466849e+00
186 180 174
2 0 1532 407.1900 -270.2800 1 3667 337.3700 -243.0700
2.5327802908e-01 -1.5726124149e-01 -1.2193330055e+00
182 178 169
2 0 1557 429.0400 -279.9100 1 3682 361.7300 -251.3600
2.8659234623e-01 -1.5742558669e-01 -1.2053489557e+00
157 149 146
2 0 1558 494.2600 -283.4100 1 1945 437.9600 -244.0300
2.1195740117e-01 -1.6371318714e-01 -1.2378652721e+00
192 188 179
2 0 1571 351.7400 -287.2200 1 3753 272.5600 -273.5900
2.3379189675e-01 -1.6609707661e-01 -1.2292091848e+00
180 175 172
2 0 1584 391.9700 -293.5100 1 2080 317.1500 -274.7300
2.5864937878e-01 -1.6666295026e-01 -1.2191999486e+00
168 167 162
2 0 1593 439.2800 -296.9300 1 3746 371.1600 -271.5600
1.8608220137e-01 -1.7642866764e-01 -1.2520553789e+00
177 173 164
2 0 1622 305.1700 -306.0900 1 2198 217.7500 -305.6200
1.7848260877e-01 -1.8885710474e-01 -1.2583126376e+00
136 133 124
2 0 1677 291.6300 -326.0000 1 2308 199.3300 -333.4700
1.2312963542e-01 -1.9986055428e-01 -1.2848870791e+00
170 166 157
2 0 1709 198.9000 -336.9000 1 2463 95.9900 -362.6400
2.7262597625e-01 -1.8972883334e-01 -1.2190936689e+00
174 171 166
2 0 1717 465.1600 -339.3900 1 3882 397.8100 -323.3400
1.8375455773e-01 -2.0479176857e-01 -1.2599921143e+00
181 177 168
2 0 1750 300.7300 -353.0200 1 4003 204.1500 -367.9400
2.8239883286e-01 1.2905867610e-01 -1.1434447219e+00
194 190 187
2 0 1928 496.3700 254.2400 1 2555 474.8200 310.2700
2.8239883286e-01 1.2905867610e-01 -1.1434447219e+00
194 190 187
2 0 1929 496.3700 254.2400 1 2556 474.8200 310.2700
1.8415601425e-01 1.2215200918e-01 -1.1884629855e+00
145 142 133
2 0 1954 304.6700 214.9200 1 165 293.6800 231.9200
2.7160131036e-01 7.7873839023e-02 -1.1592559286e+00
195 190 186
2 0 2017 472.8200 153.4200 1 196 446.2800 218.0700
2.7946728437e-01 3.2505436074e-02 -1.1654004443e+00
191 188 180
2 0 2130 487.8000 68.8600 1 362 455.5500 144.0000
2.8346289504e-01 3.0348854997e-02 -1.1642148990e+00
185 180 174
2 0 2133 495.6900 65.2400 1 365 463.8700 142.5400
1.9908395170e-01 3.5154310514e-02 -1.2000857371e+00
180 175 169
2 0 2136 331.3100 61.8500 1 2785 299.9600 102.0200
2.4266902367e-01 1.6648166019e-02 -1.1849537827e+00
188 183 177
2 0 2176 413.4800 34.0200 1 2795 378.1100 93.8400
2.2300323235e-01 1.6977517735e-02 -1.1934853277e+00
174 170 161
2 0 2178 375.8000 32.2600 1 2814 340.0100 83.6000
2.5180560502e-01 2.7129126625e-03 -1.1840021448e+00
182 178 170
2 0 2208 431.1100 9.4300 1 2834 393.5700 73.5900
2.5962021492e-01 -3.1687446067e-03 -1.1818713284e+00
183 179 169
2 0 2233 446.4700 -0.6100 1 2848 408.3600 66.9700
-1.4782373125e-01 -5.6356179841e-03 -1.1805222859e+00
211 203 163
2 0 2244 -266.3600 -5.3700 1 4182 -297.4900 79.7500
2.4816100162e-01 -1.8145185326e-02 -1.1898750211e+00
186 181 175
2 0 2268 423.6100 -29.1700 1 2900 381.9000 33.2700
2.2723569390e-01 -1.9787863291e-02 -1.1995081564e+00
183 179 170
2 0 2276 383.1800 -33.8300 1 2924 339.9800 19.6300
2.6666636937e-01 -2.6327517356e-02 -1.1839344895e+00
189 184 178
2 0 2284 460.1800 -42.7700 1 693 418.4600 26.6200
2.2222614742e-01 -2.5828863317e-02 -1.2028608318e+00
197 192 188
2 0 2287 373.7500 -44.9700 1 2950 328.7100 6.2000
2.1906886421e-01 -3.1422747945e-02 -1.2054392716e+00
176 171 167
2 0 2301 367.5700 -55.2700 1 2977 321.4200 -5.5700
-6.5609576952e-02 -2.9509946466e-02 -1.2770938894e+00
127 125 152
2 0 2306 -96.2200 -60.3500 1 4348 -131.5400 -55.6100
-7.1493485121e-02 -3.5518631943e-02 -1.2736114496e+00
70 64 45
2 0 2327 -106.6000 -69.1700 1 3117 -145.2100 -59.6300
-7.1493485121e-02 -3.5518631943e-02 -1.2736114496e+00
70 64 45
2 0 2328 -106.6000 -69.1700 1 3118 -145.2100 -59.6300
2.8510523038e-01 -4.1675055163e-02 -1.1796029765e+00
188 183 178
2 0 2329 496.3800 -70.4600 1 2951 456.1100 5.6500
-1.3307154616e-01 -4.4015831733e-02 -1.2109976953e+00
166 164 32
2 0 2336 -228.5500 -73.9800 1 2971 -279.8800 -3.4600
-1.3307154616e-01 -4.4015831733e-02 -1.2109976953e+00
166 164 32
2 0 2337 -228.5500 -73.9800 1 2972 -279.8800 -3.4600
-9.3297322736e-02 -4.2546917098e-02 -1.2520093156e+00
0 2 1
3 0 2341 -148.0100 -77.1000 1 3084 -194.1800 -46.1300 2 1365 -141.8900 -49.0200
2.8537022786e-01 -4.6496765383e-02 -1.1803004032e+00
143 138 135
2 0 2353 496.9200 -79.3800 1 2974 455.7800 -3.5800
2.8267088832e-01 -4.7430432355e-02 -1.1818755147e+00
156 152 146
2 0 2357 491.2400 -81.3000 1 2986 449.7100 -7.0300
-9.4175554967e-02 -4.8586916087e-02 -1.2537483636e+00
6 11 15
3 0 2365 -149.0400 -86.8700 1 3106 -197.8800 -55.7600 2 1420 -142.4600 -57.8000
2.6784646193e-01 -5.6262886224e-02 -1.1900598769e+00
152 147 141
2 0 2386 461.3400 -98.0900 1 3047 415.4900 -31.6200
-9.0191982044e-02 -5.7027789828e-02 -1.2619827091e+00
1 1 10
2 0 2392 -140.0500 -101.1100 1 4385 -191.5400 -75.4800
-7.4208678741e-02 -5.8291023008e-02 -1.2798631709e+00
129 128 154
2 0 2399 -109.2400 -104.8800 1 4422 -158.0800 -95.8700
-7.4208678741e-02 -5.8291023008e-02 -1.2798631709e+00
129 128 154
2 0 2400 -109.2400 -104.8800 1 4421 -158.0800 -95.8700
1.8481003220e-01 -5.9184468113e-02 -1.2262081795e+00
179 175 168
2 0 2402 304.5100 -105.6000 1 3157 249.9200 -71.4200
2.1850931921e-01 -6.1265155043e-02 -1.2119591140e+00
144 139 133
2 0 2406 366.1100 -108.4300 1 3128 312.9500 -62.0100
-7.5942809813e-02 -6.1017413842e-02 -1.2805557747e+00
118 124 145
3 0 2408 -111.2900 -109.3900 1 3239 -161.5100 -99.5100 2 3744 -93.5800 -96.3900
2.7681568863e-01 -6.4848862915e-02 -1.1878550240e+00
134 129 125
2 0 2418 479.0800 -113.6700 1 3079 433.4100 -44.6200
2.7518827637e-01 -6.5495917368e-02 -1.1888764920e+00
192 187 183
2 0 2422 475.7500 -114.9000 1 3091 429.7000 -46.9100
2.5823596780e-01 -7.7377063584e-02 -1.1990255936e+00
134 131 124
2 0 2465 441.7400 -136.8100 1 3178 390.4700 -78.6900
2.6599670978e-01 -7.7489186065e-02 -1.1955453506e+00
186 186 178
2 0 2467 456.9900 -137.0200 1 3165 407.2300 -75.5000
1.9272081014e-01 -8.1302716572e-02 -1.2275435299e+00
192 185 177
2 0 2478 318.5100 -143.8800 1 3279 258.3400 -110.3500
1.9272081014e-01 -8.1302716572e-02 -1.2275435299e+00
192 185 177
2 0 2479 318.5100 -143.8800 1 3280 258.3400 -110.3500
-1.3352961634e-01 -9.1510878773e-02 -1.2294152377e+00
136 155 179
2 0 2498 -222.8900 -153.1900 1 4403 -298.0800 -86.7800
1.8990844200e-01 -8.8474714124e-02 -1.2305696979e+00
181 174 164
2 0 2507 313.1700 -156.3900 1 3327 251.3000 -125.3600
2.2301923222e-01 -8.9811413598e-02 -1.2165235350e+00
197 193 184
2 0 2509 373.9500 -158.9900 1 3298 314.7400 -116.6300
2.6653487489e-01 -8.9535149679e-02 -1.1977722187e+00
130 129 124
2 0 2510 457.5600 -159.0600 1 3245 406.0200 -99.9100
8.9299398727e-02 -1.0099022482e-01 -1.1999439624e+00
26 26 36
2 0 2528 137.2300 -175.1100 1 4425 39.0000 -97.3300
2.6966234346e-01 -9.9036126700e-02 -1.1988099346e+00
187 183 177
2 0 2530 463.4400 -176.3700 1 4474 410.9000 -119.0700
-8.1585331845e-02 -1.0926718496e-01 -1.2957021428e+00
126 105 53
3 0 2532 -115.0100 -183.9200 1 4585 -186.4100 -181.2000 2 5248 -91.1200 -177.8200
-1.4690656219e-01 -1.1596489891e-01 -1.2275341967e+00
147 161 67
2 0 2540 -245.6200 -192.2900 1 4471 -335.9400 -118.2800
2.3033385207e-01 -1.0825438087e-01 -1.2175407356e+00
182 177 171
2 0 2542 387.1700 -191.7900 1 3414 324.9500 -151.6900
2.3033385207e-01 -1.0825438087e-01 -1.2175407356e+00
182 177 171
2 0 2543 387.1700 -191.7900 1 3415 324.9500 -151.6900
2.5895575008e-01 -1.0852702099e-01 -1.2052568942e+00
183 180 174
2 0 2548 442.0200 -193.2900 1 3383 385.3700 -142.6700
2.7781897647e-01 -1.1032573693e-01 -1.1978016825e+00
180 175 169
2 0 2550 479.0700 -197.2900 1 3378 427.0500 -140.2000
8.6725218880e-02 -1.1711092778e-01 -1.2040002123e+00
19 23 32
2 0 2556 132.8300 -203.4500 1 3342 28.0800 -128.2800
8.6725218880e-02 -1.1711092778e-01 -1.2040002123e+00
19 23 32
2 0 2557 132.8300 -203.4500 1 3343 28.0800 -128.2800
2.7853598315e-01 -1.1455600209e-01 -1.1985766958e+00
153 148 145
2 0 2559 480.3100 -205.0200 1 3408 427.8300 -149.3200
2.8052299628e-01 -1.1757488738e-01 -1.1981237814e+00
155 149 145
2 0 2569 484.3900 -210.5600 1 4531 431.6200 -154.9500
2.5421230560e-01 -1.2008357330e-01 -1.2099928049e+00
179 176 169
2 0 2574 432.4200 -213.8200 1 3454 372.4200 -169.0300
2.6894322426e-01 -1.2218073432e-01 -1.2041444673e+00
147 143 134
2 0 2577 461.0000 -218.4200 1 3455 404.5500 -168.8300
2.1368644196e-01 -1.3387464971e-01 -1.2303315634e+00
193 186 180
2 0 2593 355.5700 -235.8800 1 4619 284.4900 -209.6200
2.2630451176e-01 -1.3449123032e-01 -1.2250888597e+00
157 148 139
2 0 2600 378.8600 -237.7800 1 4614 309.9600 -207.6500
2.2630451176e-01 -1.3449123032e-01 -1.2250888597e+00
157 148 139
2 0 2601 378.8600 -237.7800 1 4615 309.9600 -207.6500
2.4257992963e-01 -1.3757860697e-01 -1.2189939055e+00
184 179 173
2 0 2605 409.7700 -244.0900 1 4620 342.9800 -210.2800
2.5705136238e-01 -1.4436110327e-01 -1.2143596696e+00
177 170 162
2 0 2617 436.8300 -257.4400 1 3612 373.1400 -221.1800
7.9108442044e-02 -1.5958892438e-01 -1.2166039288e+00
23 28 34
2 0 2636 120.5400 -276.6900 1 4627 -2.3000 -213.9300
2.5930268376e-01 -1.5560437112e-01 -1.2160800818e+00
189 183 179
2 0 2638 440.8300 -277.5600 1 3671 375.4100 -245.9200
2.5930268376e-01 -1.5560437112e-01 -1.2160800818e+00
189 183 179
2 0 2639 440.8300 -277.5600 1 3670 375.4100 -245.9200
2.6570635118e-01 -1.5828117385e-01 -1.2140352758e+00
173 168 162
2 0 2646 453.1500 -282.9200 1 3681 389.2000 -250.5700
2.6507524256e-01 -1.7661924885e-01 -1.2194734388e+00
151 148 143
2 0 2688 450.9800 -315.2100 1 3810 383.5300 -293.9700
2.5019017316e-01 -1.8271889330e-01 -1.2266409626e+00
181 178 173
2 0 2703 422.2200 -324.2600 1 4791 348.4600 -310.0500
2.7604568849e-01 -1.8370346401e-01 -1.2161281933e+00
179 174 171
2 0 2710 472.0800 -329.2300 1 4783 407.2900 -308.2900
2.5358336973e-01 -1.9559062383e-01 -1.2286201298e+00
149 146 137
2 0 2737 428.3900 -346.9200 1 3930 352.5300 -340.0800
2.1832358715e-01 4.2412391200e-02 -1.1900822887e+00
171 166 162
2 0 2937 367.1100 77.6800 1 4145 336.9300 125.0700
2.0686972260e-01 4.1355449541e-02 -1.1952839361e+00
173 168 162
2 0 2941 345.7700 74.1200 1 4151 315.4800 116.8400
2.6710144862e-01 2.8085808996e-02 -1.1714390205e+00
187 184 177
2 0 2950 462.4900 58.7400 1 4142 429.2100 128.9600
1.0983018056e-01 5.0303621283e-03 -1.1678350626e+00
18 21 30
2 0 2965 172.0100 16.6900 1 4164 112.0000 102.8900
-1.3681604339e-01 -1.8674275846e-02 -1.1971379057e+00
102 88 35
2 0 3000 -240.2500 -30.1600 1 4208 -278.6700 44.5400
2.1496422561e-01 -2.4460491835e-02 -1.2057072556e+00
180 173 170
2 0 3014 360.3000 -42.9300 1 4258 314.9400 5.2900
2.1496422561e-01 -2.4460491835e-02 -1.2057072556e+00
180 173 170
2 0 3015 360.3000 -42.9300 1 4259 314.9400 5.2900
2.5583834173e-01 -2.9574912604e-02 -1.1887011391e+00
161 158 150
2 0 3021 438.4100 -49.5600 1 4249 395.3500 15.9100
2.1055320128e-01 -3.1069499918e-02 -1.2089894071e+00
175 170 167
2 0 3024 351.8900 -55.0400 1 4272 305.0300 -8.7600
-9.1582001339e-02 -2.9603263347e-02 -1.2489404771e+00
0 7 4
2 0 3027 -146.0700 -56.3700 1 5047 -186.0000 -26.0500
2.7629991602e-01 -3.6485176063e-02 -1.1819608421e+00
189 181 178
2 0 3029 479.0500 -61.0900 1 4252 437.4200 11.8300
-7.8016825514e-02 -3.1549957928e-02 -1.2642008736e+00
129 130 163
2 0 3031 -119.5300 -61.6200 1 4337 -158.2300 -44.7700
2.7536418485e-01 -3.9075326340e-02 -1.1830166061e+00
159 152 146
2 0 3035 476.9800 -66.0000 1 5025 434.9900 6.1700
-1.2597263043e-01 -4.0132382342e-02 -1.2160842905e+00
133 152 184
2 0 3037 -214.8200 -68.5300 1 4270 -263.3900 -3.9900
-1.3162759985e-01 -4.1082429874e-02 -1.2118285001e+00
31 47 30
2 0 3039 -225.8000 -69.3800 1 4266 -275.1900 -0.4900
-1.3162759985e-01 -4.1082429874e-02 -1.2118285001e+00
31 47 30
2 0 3040 -225.8000 -69.3800 1 4267 -275.1900 -0.4900
-1.3917690207e-01 -4.4651562098e-02 -1.2053722157e+00
171 167 46
3 0 3048 -240.9600 -74.2200 1 4264 -291.7500 1.7900 2 4973 -248.1800 -12.0200
-7.0955988994e-02 -4.6494772104e-02 -1.2806796491e+00
6 15 9
3 0 3057 -104.1700 -87.2500 1 4393 -146.5900 -80.1400 2 3701 -84.6900 -78.4900
-8.1417137481e-02 -5.0991167176e-02 -1.2700708215e+00
107 86 51
3 0 3063 -122.8200 -92.6500 1 5096 -170.3200 -75.7000 2 5845 -110.3500 -75.1100
-8.0985157261e-02 -5.1133101655e-02 -1.2694859195e+00
107 86 51
2 0 3064 -122.8200 -92.6500 1 5097 -170.3200 -75.7000
-6.7802549186e-02 -5.5995983904e-02 -1.2873074242e+00
86 71 38
2 0 3072 -97.5100 -102.4500 1 5116 -142.5300 -100.2100
-1.2898267135e-01 -6.2324938103e-02 -1.2219740577e+00
111 91 95
3 0 3077 -218.5300 -105.2600 1 4329 -278.7600 -39.7300 2 5035 -223.9300 -46.2400
2.3802499909e-01 -6.9472279066e-02 -1.2057827133e+00
156 151 145
2 0 3099 402.8600 -122.7000 1 4376 349.9600 -70.7400
-9.7499297957e-02 -7.1482966422e-02 -1.2601653551e+00
17 14 16
2 0 3101 -152.3500 -123.4200 1 5105 -212.0200 -92.7700
2.2976196361e-01 -7.0680713958e-02 -1.2094450013e+00
188 183 177
2 0 3106 387.0800 -124.9900 1 4389 332.9600 -76.2000
-1.3137774415e-01 -7.4958618002e-02 -1.2254939852e+00
131 97 84
3 0 3108 -221.2000 -125.9200 1 5086 -288.4800 -60.4200 2 5061 -227.4600 -65.6600
2.5948997344e-01 -7.2356487308e-02 -1.1970993852e+00
177 177 169
2 0 3116 444.3600 -127.6900 1 4373 394.2300 -67.5900
2.3749180944e-01 -7.4509466393e-02 -1.2070709081e+00
174 169 163
2 0 3121 401.3900 -131.9100 1 4394 347.9800 -80.7700
-1.4120702864e-01 -8.0977102744e-02 -1.2187610601e+00
168 164 51
3 0 3125 -239.7800 -135.3700 1 5084 -310.7800 -60.5100 2 5839 -248.9800 -67.6300
-1.4122078652e-01 -8.1138566294e-02 -1.2182402443e+00
168 164 51
2 0 3126 -239.7800 -135.3700 1 5085 -310.7800 -60.5100
2.0502853048e-01 -7.9104628263e-02 -1.2217816046e+00
174 167 159
2 0 3134 340.8300 -140.0800 1 4435 282.3100 -101.7600
2.0502853048e-01 -7.9104628263e-02 -1.2217816046e+00
174 167 159
2 0 3135 340.8300 -140.0800 1 4436 282.3100 -101.7600
-9.8901588153e-02 -8.3809528156e-02 -1.2639942536e+00
9 9 0
2 0 3139 -153.5300 -143.0400 1 5132 -218.8800 -113.2900
2.7174471307e-01 -9.4974373471e-02 -1.1971911819e+00
188 185 179
2 0 3165 467.7400 -168.9800 1 5127 416.3200 -109.9400
2.7174471307e-01 -9.4974373471e-02 -1.1971911819e+00
188 185 179
2 0 3166 467.7400 -168.9800 1 5128 416.3200 -109.9400
2.6985226204e-01 -9.6878124587e-02 -1.1983493179e+00
154 151 144
2 0 3169 463.5900 -172.5800 1 4461 412.0100 -114.4600
9.3706288484e-02 -1.0245169831e-01 -1.2032771665e+00
36 39 46
2 0 3181 145.4000 -177.7400 1 5120 48.0600 -104.1600
9.6565412297e-02 -1.0313743468e-01 -1.2052670996e+00
13 17 20
2 0 3183 150.3000 -179.2000 1 5538 54.3300 -107.8300
8.8222764771e-02 -1.0797955904e-01 -1.2022572215e+00
23 26 37
2 0 3204 135.6800 -187.2700 1 4455 34.4300 -111.4100
-1.4912239963e-01 -1.2647151962e-01 -1.2302371486e+00
158 133 44
2 0 3223 -248.0000 -209.1300 1 4511 -344.6400 -135.8900
2.4249514286e-01 -1.1755477219e-01 -1.2147247052e+00
144 141 134
2 0 3224 409.8500 -208.7700 1 4558 348.0500 -167.6100
6.7625461701e-02 -1.2398649747e-01 -1.2095307582e+00
238 237 48
2 0 3231 100.1800 -214.6500 1 3387 -7.7100 -142.8800
6.7625461701e-02 -1.2398649747e-01 -1.2095307582e+00
238 237 48
2 0 3232 100.1800 -214.6500 1 3388 -7.7100 -142.8800
2.6138367911e-01 -1.3932246944e-01 -1.2115378153e+00
187 184 177
2 0 3254 445.5900 -248.6600 1 4617 383.7800 -209.1300
2.1247539875e-01 -1.4214362727e-01 -1.2326864901e+00
160 156 147
2 0 3257 353.3000 -250.0500 1 5228 279.6400 -227.3200
2.0274956375e-01 -1.4346045791e-01 -1.2376678141e+00
181 174 166
2 0 3259 335.4100 -251.6200 1 5234 260.2200 -232.8800
2.3305019587e-01 -1.6109258167e-01 -1.2289374105e+00
170 166 157
2 0 3280 391.0500 -284.4200 1 5262 316.7100 -264.5300
2.4780736761e-01 -1.6689601746e-01 -1.2237033305e+00
185 183 178
2 0 3285 418.3400 -296.3200 1 5278 347.2100 -274.0500
2.5419593284e-01 -1.6714801304e-01 -1.2219559712e+00
178 175 167
2 0 3286 430.3200 -297.3000 1 5599 361.4100 -274.3200
2.8571657658e-01 -1.6809170566e-01 -1.2080455173e+00
179 174 169
2 0 3294 492.1300 -302.5200 1 5268 433.5500 -269.0800
2.0399764057e-01 -1.8182994829e-01 -1.2455938513e+00
169 166 159
2 0 3303 337.1400 -317.1200 1 4799 251.0300 -314.6900
1.4415026364e-01 -1.9752472310e-01 -1.2752074702e+00
177 170 162
2 0 3321 233.4800 -335.7600 1 4891 133.1700 -355.8500
2.5518154398e-01 -1.8929653879e-01 -1.2259542686e+00
179 176 169
2 0 3322 431.6200 -336.3600 1 5330 357.8000 -324.5000
2.7077568313e-01 -2.0052029001e-01 -1.2220025691e+00
134 133 125
2 0 3338 461.1000 -358.2900 1 5354 390.8700 -349.0500
1.3516370648e-01 1.1387091312e-01 -1.1397227878e+00
39 42 47
2 0 3391 217.7200 222.4200 1 5396 190.0100 286.0100
1.7309999723e-01 1.2496321429e-01 -1.1920688073e+00
109 108 98
2 0 3392 284.8200 217.5700 1 4082 275.6800 230.1400
1.1644510286e-01 1.2981801772e-02 -1.1697008190e+00
18 19 26
2 0 3467 183.7800 30.2400 1 5433 128.6200 111.7800
2.6596785951e-01 1.9247136808e-03 -1.1781459671e+00
184 180 172
2 0 3475 459.3200 9.5200 1 5002 422.3900 79.7100
2.7829794130e-01 1.1512398241e-03 -1.1726545727e+00
150 147 141
2 0 3476 484.3100 9.4700 1 5001 448.2300 85.6500
2.2540691969e-01 1.7554449930e-03 -1.1954916559e+00
157 154 147
2 0 3480 380.2800 5.0600 1 5007 341.0900 58.0600
1.0989163121e-01 -7.5506188625e-03 -1.1743322014e+00
43 46 51
2 0 3486 172.8100 -7.0100 1 5443 109.0500 76.2900
-1.3078491762e-01 -1.7854462818e-02 -1.2035126429e+00
129 112 115
2 0 3493 -227.2400 -29.9200 1 4215 -265.1500 38.4700
-7.8547262209e-02 -1.8710595857e-02 -1.2585130473e+00
10 6 6
2 0 3505 -121.9600 -40.7900 1 5044 -155.2600 -22.3300
-6.2919065094e-02 -2.7369261526e-02 -1.2784786987e+00
16 16 11
2 0 3511 -91.7900 -57.3800 1 5501 -125.5500 -54.3000
-9.9575265636e-02 -3.2327763316e-02 -1.2415555202e+00
99 80 47
2 0 3513 -161.5400 -59.5800 1 5042 -203.7700 -21.6300
-6.7063897163e-02 -3.5022432554e-02 -1.2786609952e+00
112 117 146
2 0 3520 -97.8800 -68.8800 1 5507 -135.9000 -64.3300
-9.8992171625e-02 -4.0354000980e-02 -1.2454276860e+00
57 53 65
2 0 3524 -159.5500 -72.9600 1 5486 -204.9900 -36.0900
-7.0613042895e-02 -3.8276752607e-02 -1.2756612267e+00
17 16 14
2 0 3527 -104.7200 -73.7300 1 5512 -144.1700 -65.3100
-1.2791287108e-01 -4.3693161537e-02 -1.2163486489e+00
86 82 105
3 0 3528 -217.9800 -74.1300 1 5472 -268.6700 -9.1200 2 5800 -222.4400 -20.0900
-1.3675692129e-01 -5.1736501416e-02 -1.2105254400e+00
162 154 48
2 0 3532 -235.1000 -86.5800 1 5475 -290.4700 -12.9800
-9.2026355884e-02 -5.4470719846e-02 -1.2581474806e+00
119 105 92
2 0 3537 -143.8800 -96.4500 1 5514 -195.5500 -68.2800
-9.7729591068e-02 -5.5328649789e-02 -1.2532355858e+00
145 103 10
2 0 3541 -155.0200 -97.5200 1 5506 -207.0200 -63.9600
-7.6811351295e-02 -5.9310416280e-02 -1.2775934836e+00
13 14 20
2 0 3545 -114.1300 -106.3100 1 5106 -163.6600 -94.7900
-7.8860488407e-02 -6.3091680292e-02 -1.2771048615e+00
127 130 167
2 0 3550 -117.5000 -112.0600 1 5113 -169.1000 -99.2700
-7.1407923788e-02 -6.3470287630e-02 -1.2882362128e+00
129 126 157
3 0 3553 -101.8600 -113.9400 1 5541 -151.7800 -110.1800 2 6283 -80.3300 -106.5300
2.7981664264e-01 -7.0611701167e-02 -1.1882395295e+00
141 137 133
2 0 3558 484.7000 -124.3400 1 5078 439.1200 -55.6100
-1.3673657115e-01 -7.4750239903e-02 -1.2202091927e+00
43 56 44
2 0 3559 -231.2300 -125.0300 1 5073 -298.7500 -54.1600
-1.3673657115e-01 -7.4750239903e-02 -1.2202091927e+00
43 56 44
2 0 3560 -231.2300 -125.0300 1 5072 -298.7500 -54.1600
-1.3470957564e-01 -7.8540037883e-02 -1.2227401106e+00
158 156 40
2 0 3563 -227.2900 -131.6600 1 5089 -296.1600 -62.0000
-7.9447152243e-02 -8.0071292536e-02 -1.2839868904e+00
123 124 150
2 0 3566 -116.4600 -138.6600 1 5149 -175.4500 -129.0100
-1.3357362193e-01 -8.6894256692e-02 -1.2282093737e+00
78 78 95
3 0 3569 -224.1500 -145.8600 1 5522 -297.3000 -78.9400 2 6272 -231.2200 -84.0300
-1.3357362193e-01 -8.6894256692e-02 -1.2282093737e+00
78 78 95
3 0 3570 -224.1500 -145.8600 1 5523 -297.3000 -78.9400 2 6273 -231.2200 -84.0300
2.6778127695e-01 -8.3945744208e-02 -1.1960988249e+00
138 137 131
2 0 3572 460.5200 -148.7200 1 5531 409.6400 -88.0300
-7.6909765433e-02 -9.1363761064e-02 -1.2951648347e+00
131 137 161
3 0 3579 -107.4500 -156.8000 1 5554 -170.4200 -154.8600 2 6539 -84.1000 -151.6200
-7.5611274758e-02 -9.1643070870e-02 -1.2940146574e+00
131 137 161
2 0 3580 -107.4500 -156.8000 1 5555 -170.4200 -154.8600
-8.1619262367e-02 -9.3659256956e-02 -1.2881651202e+00
106 85 27
2 0 3584 -118.7400 -159.7200 1 5552 -183.7900 -151.5500
2.4895795032e-01 -9.0879338168e-02 -1.2055413776e+00
156 153 146
2 0 3585 423.4000 -161.1500 1 5125 367.6800 -109.3700
2.4895795032e-01 -9.0879338168e-02 -1.2055413776e+00
156 153 146
2 0 3586 423.4000 -161.1500 1 5126 367.6800 -109.3700
2.2046906816e-01 -1.1165195408e-01 -1.2223344549e+00
141 137 128
2 0 3609 368.7200 -197.4000 1 5174 303.9700 -161.5700
2.2046906816e-01 -1.1165195408e-01 -1.2223344549e+00
141 137 128
2 0 3610 368.7200 -197.4000 1 5175 303.9700 -161.5700
2.6976832825e-01 -1.3372462607e-01 -1.2066282930e+00
185 178 170
2 0 3617 462.1500 -239.2600 1 5571 403.9000 -194.2500
2.6976832825e-01 -1.3372462607e-01 -1.2066282930e+00
185 178 170
2 0 3618 462.1500 -239.2600 1 5572 403.9000 -194.2500
2.1730762331e-01 -1.5574070251e-01 -1.2336723892e+00
180 177 168
2 0 3624 361.9200 -273.9000 1 5588 285.5100 -255.2500
2.1730762331e-01 -1.5574070251e-01 -1.2336723892e+00
180 177 168
2 0 3625 361.9200 -273.9000 1 5589 285.5100 -255.2500
2.7975577620e-01 -1.6538724777e-01 -1.2100430422e+00
159 154 150
2 0 3627 480.4500 -296.9600 1 5595 419.9900 -264.1800
2.7975577620e-01 -1.6538724777e-01 -1.2100430422e+00
159 154 150
2 0 3628 480.4500 -296.9600 1 5597 419.9900 -264.1800
1.7504952039e-01 -1.7413938968e-01 -1.2563127627e+00
155 151 144
2 0 3630 285.7800 -301.1500 1 5309 197.6800 -302.4400
2.4135574116e-01 -1.8199534243e-01 -1.2303432987e+00
178 175 168
2 0 3633 405.4900 -321.9000 1 5621 329.3000 -309.9200
1.3015605491e-01 9.2497257964e-02 -1.1442602769e+00
30 35 39
2 0 3661 208.2600 181.6600 1 5654 175.1200 252.7900
-6.9691524270e-02 -1.0329510392e-02 -1.2661511390e+00
129 93 27
2 0 3703 -105.3500 -29.0000 1 5478 -133.5700 -19.7200
-1.2403099888e-01 -1.7309168651e-02 -1.2111294905e+00
149 157 181
2 0 3704 -212.9600 -30.5700 1 5455 -249.6500 30.8600
-1.2419347340e-01 -2.2311507136e-02 -1.2111216643e+00
84 114 152
2 0 3711 -213.2200 -38.5400 1 5458 -253.3400 24.3100
-1.2419347340e-01 -2.2311507136e-02 -1.2111216643e+00
84 114 152
2 0 3712 -213.2200 -38.5400 1 5459 -253.3400 24.3100
-7.0998510968e-02 -1.6371142503e-02 -1.2665498735e+00
12 12 13
2 0 3713 -107.6300 -38.5600 1 5719 -138.2300 -27.7300
-7.0998510968e-02 -1.6371142503e-02 -1.2665498735e+00
12 12 13
2 0 3714 -107.6300 -38.5600 1 5720 -138.2300 -27.7300
-6.6517288723e-02 -1.6749953048e-02 -1.2713099370e+00
111 117 144
2 0 3717 -98.9400 -39.7400 1 5725 -129.5300 -33.3300
-6.6517288723e-02 -1.6749953048e-02 -1.2713099370e+00
111 117 144
2 0 3718 -98.9400 -39.7400 1 5726 -129.5300 -33.3300
-5.9696775015e-02 -1.8156926200e-02 -1.2782665873e+00
130 100 44
2 0 3719 -86.1400 -42.8600 1 5489 -116.7600 -42.5500
-1.3065061341e-01 -3.1668800770e-02 -1.2076155473e+00
35 56 36
3 0 3721 -225.7500 -53.0300 1 5705 -270.4000 15.6400 2 6230 -230.0500 1.0800
-1.3198466977e-01 -3.9903942125e-02 -1.2110298495e+00
31 51 30
2 0 3726 -226.7700 -67.3900 1 5465 -275.4300 1.9500
-1.3181867959e-01 -3.9928568809e-02 -1.2108813286e+00
31 51 30
3 0 3727 -226.7700 -67.3900 1 5466 -275.4300 1.9500 2 5789 -230.9100 -11.3400
-6.6132603911e-02 -4.6360292897e-02 -1.2845020958e+00
23 20 13
3 0 3732 -95.2400 -87.4300 1 5751 -137.1500 -84.2500 2 6497 -74.9500 -80.4500
-6.9925248032e-02 -5.0528835309e-02 -1.2818890407e+00
119 123 151
2 0 3735 -101.9300 -93.2500 1 5754 -146.2500 -87.6900
-1.3243450050e-01 -6.8412930571e-02 -1.2224307584e+00
25 41 31
3 0 3746 -223.9400 -115.3200 1 5492 -287.6700 -47.7700 2 6257 -229.7900 -55.2000
-1.4240830720e-01 -6.9965298076e-02 -1.2126691244e+00
20 69 31
3 0 3748 -243.4900 -116.6100 1 5732 -309.0200 -39.1500 2 6249 -253.7500 -48.2200
-1.3647773902e-01 -7.0916646638e-02 -1.2187843728e+00
158 162 25
3 0 3749 -231.2600 -118.7100 1 5735 -297.7500 -47.1700 2 6253 -240.1400 -54.8600
-9.9800945857e-02 -6.8285835481e-02 -1.2569049255e+00
132 105 15
2 0 3750 -157.1300 -118.1600 1 5750 -215.4900 -84.9800
-1.3940718995e-01 -7.2611244151e-02 -1.2165118851e+00
161 163 36
2 0 3753 -237.4900 -121.4300 1 5490 -303.5700 -47.1300
-1.3940718995e-01 -7.2611244151e-02 -1.2165118851e+00
161 163 36
2 0 3754 -237.4900 -121.4300 1 5491 -303.5700 -47.1300
-1.0069716856e-01 -7.4431323846e-02 -1.2577077761e+00
135 109 20
2 0 3759 -158.5800 -128.0000 1 5757 -219.8200 -94.0500
-7.5571105110e-02 -8.4270322347e-02 -1.2922851272e+00
118 125 148
3 0 3764 -106.7500 -145.9000 1 5780 -166.3800 -142.5000 2 6527 -84.0200 -138.2800
-1.4167119073e-01 -9.0227262951e-02 -1.2216412482e+00
164 155 61
3 0 3767 -239.2600 -150.4700 1 5746 -315.4500 -76.3400 2 6271 -250.0000 -82.1400
-7.3284902054e-02 -8.8422408092e-02 -1.2960370211e+00
17 16 13
3 0 3769 -102.4700 -152.5900 1 5786 -162.7800 -152.0600 2 6531 -76.9800 -146.7100
-7.8172433976e-02 -8.9974020729e-02 -1.2902861580e+00
13 16 11
2 0 3770 -112.9400 -154.3700 1 5551 -175.0600 -148.6500
-8.9170814570e-02 -9.2006846378e-02 -1.2786168299e+00
17 11 18
3 0 3772 -132.7500 -156.4800 1 5777 -199.5100 -140.0400 2 6526 -117.8700 -137.6000
-9.4190410468e-02 -9.5997831435e-02 -1.2752812142e+00
133 104 36
2 0 3776 -142.7000 -162.8200 1 5779 -211.6100 -141.3800
-8.8570350286e-02 -9.7015438099e-02 -1.2817036204e+00
126 129 156
3 0 3779 -130.9600 -164.3500 1 5785 -199.5100 -150.1100 2 6532 -114.2300 -147.6500
-1.5038552294e-01 -1.0264358788e-01 -1.2178673083e+00
16 76 49
2 0 3782 -255.1700 -170.1000 1 5529 -339.5000 -89.4700
-1.4114188820e-01 -1.0252700625e-01 -1.2287407472e+00
27 53 29
3 0 3783 -235.2700 -170.7400 1 5761 -317.8500 -100.5400 2 6508 -245.5800 -106.4600
1.9763700941e-01 -1.4181766687e-01 -1.2384695451e+00
167 160 152
2 0 3803 326.5200 -248.4300 1 5579 250.2600 -229.6200
1.2788944068e-01 8.5824566770e-02 -1.1458456946e+00
45 50 54
2 0 3842 204.1700 168.9600 1 5840 169.0500 241.9500
-6.5030399689e-02 -1.0707014093e-02 -1.2693969071e+00
16 15 11
2 0 3890 -96.9200 -29.9800 1 5481 -125.5000 -23.8400
-6.2196648901e-02 -1.3999460319e-02 -1.2746554864e+00
8 18 12
2 0 3894 -91.1500 -36.0300 1 5728 -120.0000 -33.3800
-1.3577483380e-01 -2.6092805565e-02 -1.2001059057e+00
18 59 35
3 0 3897 -236.1500 -42.2500 1 5696 -278.6500 31.0400 2 6456 -242.6100 12.6700
-1.3577483380e-01 -2.6092805565e-02 -1.2001059057e+00
18 59 35
3 0 3898 -236.1500 -42.2500 1 5697 -278.6500 31.0400 2 6457 -242.6100 12.6700
-1.4073343596e-01 -4.0707147137e-02 -1.2017394082e+00
18 72 42
2 0 3912 -245.1300 -67.1000 1 5707 -295.5600 11.0400
-1.4115746109e-01 -4.0987279981e-02 -1.2011596257e+00
18 72 42
3 0 3913 -245.1300 -67.1000 1 5708 -295.5600 11.0400 2 6462 -253.2900 -4.2000
-8.3891719121e-02 -3.6915625455e-02 -1.2622006412e+00
136 98 24
3 0 3914 -128.6200 -69.3600 1 5873 -171.4700 -49.4200 2 6618 -119.3300 -52.1900
-6.8628951046e-02 -4.2090251776e-02 -1.2786768170e+00
121 124 158
2 0 3915 -100.8100 -79.9700 1 5883 -141.6300 -73.4600
-8.0269473510e-02 -6.1361267823e-02 -1.2724305043e+00
122 125 144
2 0 3927 -121.5500 -109.1900 1 5889 -172.7500 -92.2400
-8.3129134033e-02 -7.4637129400e-02 -1.2767520344e+00
125 127 149
2 0 3937 -124.4500 -129.8100 1 5899 -182.1800 -114.3300
-8.3129134033e-02 -7.4637129400e-02 -1.2767520344e+00
125 127 149
2 0 3938 -124.4500 -129.8100 1 5900 -182.1800 -114.3300
2.5510184391e-01 -7.4309831620e-02 -1.1996318802e+00
162 159 152
2 0 3939 435.8100 -131.2100 1 5745 384.3600 -73.6900
-8.3548338692e-02 -8.0552962794e-02 -1.2807160163e+00
4 12 4
3 0 3945 -123.9300 -139.3900 1 5771 -183.3900 -125.9500 2 6514 -105.5500 -123.1300
-8.5380881079e-02 -8.7031121810e-02 -1.2797873157e+00
130 136 160
2 0 3952 -127.0600 -149.0300 1 5775 -190.8800 -134.1600
-8.4999729958e-02 -9.2115837727e-02 -1.2837465165e+00
10 13 9
2 0 3959 -125.5300 -157.2600 1 5782 -190.4300 -144.8500
8.2916724567e-02 -1.5195124154e-01 -1.2169218918e+00
48 51 58
2 0 3970 127.7800 -263.1500 1 5920 8.7900 -201.7000
6.2737279252e-02 -2.0526953778e-01 -1.2286672740e+00
19 23 23
2 0 3973 93.9200 -353.0400 1 5987 -52.8900 -305.7100
1.1840670409e-01 1.7306206012e-02 -1.1695926521e+00
13 14 19
2 0 3996 187.8500 38.2600 1 5953 133.4600 117.7800
-9.5765685225e-02 -4.5304890126e-02 -1.2497327225e+00
142 106 22
3 0 4018 -153.2100 -81.0600 1 5872 -200.8000 -47.6800 2 6617 -147.6600 -49.7200
-7.0726066621e-02 -5.7282887035e-02 -1.2839871872e+00
46 32 18
3 0 4025 -101.2600 -104.0400 1 5890 -149.5700 -98.2300 2 6503 -83.7100 -93.9400
-1.4521022159e-01 -9.5006720282e-02 -1.2203539475e+00
15 61 39
3 0 4042 -244.7200 -157.8000 1 5971 -324.6000 -81.2700 2 6634 -257.6800 -87.4800
-1.4622285701e-01 -1.0429229843e-01 -1.2232502287e+00
147 159 26
3 0 4043 -245.9000 -173.4200 1 5975 -329.6500 -97.0100 2 6714 -257.8600 -102.4100
1.1352142281e-01 -1.9166731126e-01 -1.2827406042e+00
121 118 111
3 0 4053 180.5300 -321.9300 1 5989 81.4800 -343.7200 2 6712 247.4900 -79.7800
1.2692821595e-01 5.5216018699e-02 -1.1573216490e+00
15 16 18
2 0 4062 203.2000 109.8900 1 5948 159.2700 185.9800
-1.3857631020e-01 -6.5657163048e-02 -1.2147532895e+00
32 53 28
3 0 4070 -235.7800 -109.5900 1 5961 -299.8500 -35.7000 2 6710 -245.5200 -45.0000
-8.3432513218e-02 -9.4332316650e-02 -1.2871513285e+00
69 57 16
3 0 4077 -122.2600 -161.0300 1 6009 -186.8100 -151.2400 2 6757 -99.8500 -148.4100
-8.3404332628e-02 -9.4323717709e-02 -1.2872627497e+00
69 57 16
2 0 4078 -122.2600 -161.0300 1 6010 -186.8100 -151.2400
-7.1150855094e-02 -2.6785310815e-02 -1.2684479686e+00
102 107 140
2 0 4089 -107.2000 -54.7300 1 6004 -143.4000 -43.3000
-1.4108499791e-01 -8.0368994701e-02 -1.2189263129e+00
116 126 40
3 0 4095 -239.0200 -134.1800 1 6032 -310.2200 -59.8600 2 6787 -248.8700 -67.3100
-1.4108499791e-01 -8.0368994701e-02 -1.2189263129e+00
116 126 40
3 0 4096 -239.0200 -134.1800 1 6033 -310.2200 -59.8600 2 6788 -248.8700 -67.3100
-1.3326002405e-01 -2.8126078724e-02 -1.2054887295e+00
50 70 24
2 0 4108 -230.6800 -47.0600 1 6026 -273.9000 23.1800
-1.3326002405e-01 -2.8126078724e-02 -1.2054887295e+00
50 70 24
2 0 4109 -230.6800 -47.0600 1 6025 -273.9000 23.1800
-1.2320102723e-01 -3.2684917343e-02 -1.2153306911e+00
159 164 183
2 0 4110 -209.8600 -55.9100 1 6027 -255.8800 6.2000
-1.2618917596e-01 -7.5240456042e-02 -1.2309590390e+00
156 161 181
2 0 4114 -209.3700 -126.7000 1 6045 -276.1800 -66.6300
-1.3187351135e-01 -9.7817183862e-02 -1.2338918453e+00
156 160 179
3 0 4117 -218.9000 -163.2900 1 6035 -297.7000 -100.8000 2 6790 -227.1300 -104.0200
-9.9413900562e-02 -8.4370589137e-02 -1.2625446773e+00
5 3 0
2 0 1195 -155.5900 -144.0400 2 3798 -147.3700 -112.2000
-6.4926338792e-02 -5.8498845854e-03 -1.2666725913e+00
124 106 52
2 0 2261 -98.4500 -21.9500 2 1191 -85.9500 -20.1100
-7.4191746495e-02 4.3844141072e-03 -1.2516078044e+00
17 64 50
2 0 2980 -117.4400 -3.2300 2 1089 -109.0500 1.8200
-7.5284576235e-02 -4.5254368937e-03 -1.2516657066e+00
126 117 61
2 1 778 -146.3500 1.7900 2 1124 -113.1100 -5.3500
-9.1289516359e-02 -2.7563769073e-02 -1.2475036288e+00
25 25 55
2 1 865 -185.5600 -22.0800 2 1229 -140.6400 -28.0800
-1.0035767681e-01 -5.4335385029e-02 -1.2483356505e+00
25 22 26
2 1 1043 -214.1500 -57.4100 2 1447 -157.1500 -59.8100
-8.7775609494e-02 -4.7906539702e-02 -1.2605731269e+00
166 162 184
2 1 1070 -184.1200 -62.0500 2 1465 -126.9300 -62.7600
-7.2703681405e-02 -4.0319670570e-02 -1.2764142850e+00
120 126 151
2 1 1103 -148.5200 -68.6200 2 1491 -91.3600 -67.5500
-1.0305494356e-01 -7.1817934783e-02 -1.2519941953e+00
163 166 164
2 1 1188 -226.2600 -84.4200 2 1576 -160.9400 -85.2000
-7.3129179493e-02 -7.4249662164e-02 -1.2476578818e+00
140 123 43
2 1 1216 -184.0800 -88.6500 2 1461 -116.4100 -61.8700
-9.4638784859e-02 -9.2434191445e-02 -1.2696494931e+00
153 154 160
2 1 1462 -213.8200 -131.3000 2 1810 -134.2700 -129.2700
-8.3252668722e-02 -8.3184218442e-02 -1.2829703226e+00
122 135 160
2 1 1468 -182.8800 -132.3800 2 1809 -103.6400 -128.7700
-8.0381543546e-02 -9.7275481029e-02 -1.2953317094e+00
126 133 163
2 1 1622 -178.5200 -164.1400 2 1935 -88.6400 -160.2800
-8.5727831491e-02 -2.9213152336e-02 -1.2543912594e+00
4 16 5
2 1 3044 -174.5100 -31.3800 2 1279 -126.9200 -35.6800
-7.3191795610e-02 -2.5275963257e-02 -1.2667947722e+00
148 154 186
2 1 3061 -146.7600 -39.5100 2 1320 -98.9300 -41.3900
-9.3244038178e-02 -4.2562873032e-02 -1.2519945323e+00
11 10 15
2 1 3083 -194.1800 -46.1300 2 1364 -141.8900 -49.0200
-6.6365281668e-02 -3.2587925458e-02 -1.2810575041e+00
135 140 180
2 1 3134 -133.0400 -63.0600 2 3663 -78.1500 -62.7500
-9.3927229711e-02 -5.6067716947e-02 -1.2565645330e+00
156 150 166
2 1 3153 -200.2500 -68.5400 2 1498 -140.6600 -69.1700
-9.3927229711e-02 -5.6067716947e-02 -1.2565645330e+00
156 150 166
2 1 3154 -200.2500 -68.5400 2 1499 -140.6600 -69.1700
-9.1637358802e-02 -5.8965068833e-02 -1.2617037791e+00
139 145 170
2 1 3175 -195.5900 -77.4900 2 3697 -132.8200 -77.9900
-9.8477717138e-02 -6.8907557825e-02 -1.2553071003e+00
165 125 53
2 1 3197 -215.5600 -84.1600 2 3716 -150.2900 -83.9200
-9.2583635753e-02 -7.6098474747e-02 -1.2672378511e+00
11 4 15
2 1 3265 -203.0700 -106.2800 2 3773 -131.4600 -105.0500
-9.3397106568e-02 -8.3788962918e-02 -1.2686092150e+00
9 7 2
2 1 3304 -207.9200 -118.1300 2 1739 -132.1500 -116.5400
-9.6523495687e-02 -9.1697601646e-02 -1.2668167459e+00
165 163 185
2 1 3334 -218.3000 -127.2000 2 3830 -139.7100 -125.6300
-8.2199276151e-02 -1.0304696285e-01 -1.2950463215e+00
156 167 195
2 1 3465 -184.5400 -171.9000 2 3962 -91.7100 -168.4600
-1.1368623922e-01 -6.1098726608e-02 -1.2365414414e+00
172 170 117
2 1 4346 -246.1200 -53.4000 2 5052 -188.6600 -57.8700
-1.1368623922e-01 -6.1098726608e-02 -1.2365414414e+00
172 170 117
2 1 4347 -246.1200 -53.4000 2 5053 -188.6600 -57.8700
-8.1849130073e-02 -5.0284447262e-02 -1.2706827463e+00
133 111 56
2 1 4387 -170.2400 -75.8000 2 5846 -110.3500 -75.1100
-9.6289460685e-02 -7.4414225043e-02 -1.2614823931e+00
139 152 159
2 1 4428 -211.2000 -98.0900 2 5113 -142.4000 -97.3600
-7.7207824670e-02 -6.9059881918e-02 -1.2855219212e+00
135 141 176
2 1 4464 -165.1700 -115.5100 2 3800 -91.3000 -112.1500
-9.0141927136e-02 -2.1889510267e-02 -1.2456478753e+00
115 95 62
2 1 5038 -181.8300 -12.9200 2 5802 -139.6600 -20.0500
-9.3282149714e-02 -7.6633350766e-02 -1.2664918965e+00
14 4 11
2 1 5121 -204.9400 -106.2000 2 5874 -133.2400 -105.0800
-9.1322536461e-02 -9.2008901534e-02 -1.2754181606e+00
162 122 38
2 1 5154 -204.8000 -136.5600 2 5903 -123.5900 -134.5500
-6.9360286782e-02 -3.2416965561e-02 -1.2760650298e+00
17 17 17
2 1 5502 -140.2700 -57.7200 2 5829 -85.9600 -57.9400
-1.0368416045e-01 -8.7780340636e-02 -1.2556636446e+00
149 147 165
2 1 5540 -234.8300 -109.8200 2 6286 -160.7000 -109.4900
-8.2740528623e-02 -9.2858870973e-02 -1.2890039728e+00
130 91 31
2 1 5553 -183.7900 -151.5500 2 6303 -97.6700 -148.2400
-7.7096455623e-02 -2.3454551140e-02 -1.2620612617e+00
9 9 9
2 1 5722 -153.7500 -32.4500 2 6470 -108.5800 -35.6800
-7.7096455623e-02 -2.3454551140e-02 -1.2620612617e+00
9 9 9
2 1 5723 -153.7500 -32.4500 2 6471 -108.5800 -35.6800
-7.7096455623e-02 -2.3454551140e-02 -1.2620612617e+00
9 9 9
2 1 5724 -153.7500 -32.4500 2 6472 -108.5800 -35.6800
-6.6409099076e-02 -2.6767163066e-02 -1.2766254087e+00
149 158 187
2 1 5738 -132.5100 -51.2500 2 6483 -81.5000 -51.7500
-7.8650199959e-02 -4.2874981110e-02 -1.2698648757e+00
148 159 189
2 1 5743 -162.0000 -65.4500 2 6492 -105.7700 -64.7600
-6.8532379957e-02 -4.1564756903e-02 -1.2795693250e+00
141 148 177
2 1 5884 -141.6300 -73.4600 2 6629 -82.2600 -70.5600
-8.7505988832e-02 -5.9856666033e-02 -1.2651440144e+00
168 123 31
2 1 5887 -187.7000 -82.5800 2 6631 -123.6900 -81.1100
