# Bundle file v0.3
3 136
2.0984120532e+03 -3.3968364560e-03 -7.0504455613e-05
9.9999932851e-01 -6.1880419550e-04 -9.7982474132e-04
6.1100267875e-04 9.9996827090e-01 -7.9425356430e-03
9.8470852674e-04 7.9419316341e-03 9.9996797752e-01
-1.4332582251e-03 -1.0185346403e-02 1.8697206888e-02
2.1610390829e+03 5.5501162314e-03 1.4916215169e-04
9.9530405815e-01 -4.7964112385e-02 8.4078985158e-02
-2.6011885009e-02 7.0412450910e-01 7.0959992779e-01
-9.3237404835e-02 -7.0845474069e-01 6.9957034438e-01
9.2915757793e-02 9.1504463854e-01 -4.3537452262e-01
0 0 0
0 0 0
0 0 0
0 0 0
0 0 0
-1.7407644999e-01 -2.9093250205e-02 -1.2533101990e+00
235 203 137
2 0 1322 -295.4300 -50.0400 1 1035 -313.0200 16.6200
-1.0907395964e-01 -4.7168745521e-02 -1.2452686803e+00
192 117 53
2 0 1454 -186.9200 -81.2700 1 1088 -201.9900 1.7500
-1.1068222751e-01 -4.7175771703e-02 -1.2455402220e+00
179 149 168
2 0 1459 -189.6500 -81.2600 1 1093 -204.7400 1.4800
-4.2993266632e-02 -5.5421888495e-02 -1.2651671413e+00
149 152 175
2 0 1519 -72.7700 -93.5200 1 1275 -90.5300 -34.9100
-7.2847497908e-02 -5.8577591597e-02 -1.2572522232e+00
33 25 39
2 0 1553 -123.7500 -99.6000 1 1229 -140.6400 -28.0800
-5.6287949958e-02 -7.1096394039e-02 -1.2637963336e+00
123 106 62
2 0 1643 -95.1000 -120.0600 1 1384 -112.7500 -51.8800
-6.4727204702e-02 -8.1201156299e-02 -1.2626809956e+00
172 170 173
2 0 1712 -109.4700 -137.2100 1 1465 -126.9300 -62.7600
-8.2337608218e-02 -8.3767408544e-02 -1.2581137923e+00
32 30 28
2 0 1743 -139.5900 -142.1400 1 1447 -157.1500 -59.8100
-7.2709367208e-02 -8.7869209363e-02 -1.2613218141e+00
171 171 187
2 0 1777 -122.9700 -148.6400 1 1498 -140.6600 -69.1700
-7.2709367208e-02 -8.7869209363e-02 -1.2613218141e+00
171 171 187
2 0 1778 -122.9700 -148.6400 1 1499 -140.6600 -69.1700
5.1823623684e-03 -9.6890929823e-02 -1.1865793083e+00
238 238 201
2 0 1899 8.4300 -175.2700 1 1061 5.8300 8.4200
-1.3837716056e-01 -1.0769466992e-01 -1.2232321531e+00
59 79 31
2 0 1945 -241.5200 -188.3800 1 1346 -255.8700 -45.3500
-6.0425754424e-02 -1.1764842605e-01 -1.2702859669e+00
115 107 45
2 0 1997 -101.4700 -197.3000 1 1749 -119.6200 -118.3200
-5.1131280625e-02 -1.2245698331e-01 -1.2735807912e+00
144 145 168
2 0 2019 -85.5500 -204.7700 1 1809 -103.6400 -128.7700
-6.8819412266e-02 -1.2713439856e-01 -1.2693173656e+00
168 159 149
2 0 2038 -115.5200 -213.3700 1 1810 -134.2700 -129.2700
-3.6873165943e-02 -1.3434847229e-01 -1.2795979175e+00
21 16 13
2 0 2081 -61.3900 -223.4600 1 1901 -78.8900 -151.9000
-4.2459565782e-02 -1.4108557554e-01 -1.2792932783e+00
148 140 161
2 0 2120 -70.4600 -234.7400 1 1935 -88.6400 -160.2800
-3.8431384564e-02 -1.4148170968e-01 -1.2805669880e+00
11 15 9
2 0 2121 -63.8900 -235.1200 1 1947 -81.4800 -162.4400
-3.5004930732e-02 -1.4531061985e-01 -1.2826979495e+00
13 63 39
2 0 2147 -57.7000 -241.0800 1 1978 -75.8900 -170.0900
-1.5201186123e-01 -1.5388647044e-01 -1.2507954400e+00
248 218 182
2 0 2220 -258.7800 -262.3500 1 1848 -284.3000 -140.0300
-1.5201186123e-01 -1.5388647044e-01 -1.2507954400e+00
248 218 182
2 0 2221 -258.7800 -262.3500 1 1849 -284.3000 -140.0300
5.0762097457e-02 -1.4143095195e-01 -1.1313568605e+00
35 40 52
2 0 2237 95.0100 -268.6300 1 1016 105.4300 21.6300
5.7098532550e-02 -1.6306055738e-01 -1.1313061831e+00
77 78 83
2 0 2364 107.3500 -309.3900 1 1131 120.6600 -7.7800
5.2348471584e-02 5.7736098982e-02 -1.1022372684e+00
26 30 33
2 0 3003 100.8900 109.1300 1 160 85.3200 297.2100
-1.2902911000e-01 -3.0250088530e-02 -1.2367448071e+00
208 155 81
2 0 3326 -222.8600 -52.8300 1 3450 -235.1500 33.2300
-4.7969519150e-02 -6.1447462226e-02 -1.2646487216e+00
166 165 187
2 0 3452 -80.9800 -103.7300 1 1320 -98.9300 -41.3900
-6.4804280621e-02 -6.1905966337e-02 -1.2599228847e+00
3 5 2
2 0 3457 -110.0300 -104.9500 1 1279 -126.9200 -35.6800
-1.2747427717e-01 -6.4610236131e-02 -1.2428483096e+00
200 193 66
2 0 3482 -218.5500 -111.3700 1 1174 -234.7000 -15.6700
-7.3420704222e-02 -7.3825588502e-02 -1.2591540924e+00
12 3 1
2 0 3526 -124.3100 -125.2100 1 1364 -141.8900 -49.0200
-7.3420704222e-02 -7.3825588502e-02 -1.2591540924e+00
12 3 1
2 0 3527 -124.3100 -125.2100 1 1365 -141.8900 -49.0200
-7.3739461690e-02 -8.0051467916e-02 -1.2600386841e+00
22 13 0
2 0 3566 -124.7700 -135.6200 1 1420 -142.4600 -57.8000
-6.7175240076e-02 -8.2528637691e-02 -1.2623427702e+00
171 164 189
2 0 3577 -113.6400 -139.4900 1 1468 -131.1000 -63.9200
-4.5611059266e-02 -8.7526613429e-02 -1.2694254399e+00
1 5 7
2 0 3591 -76.8400 -146.9600 1 1545 -94.4400 -79.4000
-1.2367307604e-01 -9.5698768943e-02 -1.2486455778e+00
201 186 69
2 0 3630 -211.3200 -163.7100 1 3660 -229.2900 -61.8300
-7.1069332552e-02 -9.7110422833e-02 -1.2635475258e+00
178 174 189
2 0 3631 -119.8700 -163.9100 1 1566 -138.0200 -83.5500
-6.8756404288e-02 -9.7266270949e-02 -1.2643286476e+00
173 173 175
2 0 3632 -115.8700 -164.0600 1 1577 -134.0800 -84.7600
-4.5138623847e-02 -9.9143599860e-02 -1.2713922431e+00
159 161 181
2 0 3639 -75.7900 -166.1500 1 3744 -93.5800 -96.3900
-7.8271452043e-02 -9.9556587318e-02 -1.2614572346e+00
184 131 28
2 0 3644 -132.3700 -168.3300 1 3716 -150.2900 -83.9200
-7.8271452043e-02 -9.9556587318e-02 -1.2614572346e+00
184 131 28
2 0 3645 -132.3700 -168.3300 1 3715 -150.2900 -83.9200
-6.6962630199e-02 -1.0491121449e-01 -1.2661517970e+00
10 9 12
2 0 3663 -113.0400 -176.6000 1 1644 -130.6700 -96.7900
-6.6962630199e-02 -1.0491121449e-01 -1.2661517970e+00
10 9 12
2 0 3664 -113.0400 -176.6000 1 1645 -130.6700 -96.7900
-8.2090373624e-02 -1.0926223173e-01 -1.2626206123e+00
12 17 11
2 0 3691 -138.6500 -184.5100 1 3745 -157.1000 -97.6000
-8.2090373624e-02 -1.0926223173e-01 -1.2626206123e+00
12 17 11
2 0 3692 -138.6500 -184.5100 1 3746 -157.1000 -97.6000
-6.7285098799e-02 -1.1046475010e-01 -1.2671313387e+00
6 10 2
2 0 3695 -113.2700 -185.7900 1 3773 -131.4600 -105.0500
-7.6354767753e-02 -1.1772390375e-01 -1.2655230254e+00
7 10 2
2 0 3742 -128.5100 -198.2700 1 3798 -147.3700 -112.2000
-7.6354767753e-02 -1.1772390375e-01 -1.2655230254e+00
7 10 2
2 0 3743 -128.5100 -198.2700 1 3799 -147.3700 -112.2000
-6.7775297271e-02 -1.1831323165e-01 -1.2682456853e+00
9 10 10
2 0 3745 -114.1700 -198.7500 1 1738 -132.1500 -116.5400
-6.7963845647e-02 -1.2187906084e-01 -1.2685465036e+00
2 9 1
2 0 3771 -114.3000 -204.6900 1 1764 -132.6200 -121.5200
-7.2022429346e-02 -1.2545947259e-01 -1.2681777807e+00
172 177 208
2 0 3795 -121.1500 -210.7600 1 3831 -139.7100 -125.6300
-1.3714533436e-01 -1.4194872968e-01 -1.2528703645e+00
173 112 85
2 0 3875 -233.1200 -241.6200 1 3834 -256.2900 -126.9000
6.0916720821e-02 -1.4600086023e-01 -1.1315397359e+00
28 31 36
2 0 3962 114.1200 -277.1700 1 1042 125.3700 14.7600
-3.7619810069e-02 -4.5415661249e-02 -1.2654773173e+00
142 118 46
2 0 4551 -63.6100 -76.6700 1 3576 -81.9500 -23.4400
-1.3504446886e-01 -6.3735350911e-02 -1.2410594257e+00
200 197 61
2 0 4598 -231.5100 -110.0900 1 4973 -248.1800 -12.0200
-4.0008296792e-02 -8.5305272253e-02 -1.2708020942e+00
10 10 9
2 0 4648 -67.7200 -143.0200 1 3701 -84.6900 -78.4900
-1.2078558868e-01 -8.4813985107e-02 -1.2470805451e+00
145 113 111
2 0 4652 -206.4200 -145.3900 1 5035 -223.9300 -46.2400
-1.2078558868e-01 -8.4813985107e-02 -1.2470805451e+00
145 113 111
2 0 4653 -206.4200 -145.3900 1 5036 -223.9300 -46.2400
-4.3813600592e-02 -9.6489895259e-02 -1.2711597361e+00
162 159 185
2 0 4689 -73.5200 -161.7500 1 5101 -91.4200 -92.7900
-7.3499945925e-02 -1.0701685789e-01 -1.2646060219e+00
148 149 154
2 0 4732 -123.7300 -180.4300 1 5113 -142.4000 -97.3600
-5.6400166092e-02 -1.0885445732e-01 -1.2696107268e+00
163 165 190
2 0 4734 -94.5300 -182.7100 1 3778 -112.9400 -106.2700
-4.4022577018e-02 -1.0945978061e-01 -1.2735240589e+00
156 159 176
2 0 4735 -74.0200 -183.0400 1 3800 -91.3000 -112.1500
-4.4079054676e-02 -1.5267904663e-01 -1.2810299234e+00
168 129 40
2 0 4847 -73.2100 -253.6100 1 5248 -91.1200 -177.8200
5.9077454120e-02 -1.6435894457e-01 -1.1319241564e+00
35 36 41
2 0 4920 111.3100 -311.6900 1 4969 124.2400 -10.4800
-1.1677364304e-01 -4.0097425297e-02 -1.2421771279e+00
176 189 215
2 0 5226 -200.4300 -69.4200 1 5761 -215.0600 14.3700
-1.3597593886e-01 -5.2441752566e-02 -1.2995624582e+00
195 196 81
2 0 5241 -222.9100 -85.7800 1 5840 -248.9800 -67.6300
-7.2342454724e-02 -5.2650624772e-02 -1.2565213826e+00
113 96 58
2 0 5245 -123.0700 -89.6200 1 5802 -139.6600 -20.0500
-7.2482127904e-02 -6.1020837607e-02 -1.2579124356e+00
11 10 4
2 0 5260 -122.9700 -103.6800 1 5004 -140.1400 -31.8500
-1.2054138793e-01 -6.5567831133e-02 -1.2452254473e+00
107 108 125
2 0 5266 -206.5500 -112.7300 1 5800 -222.4400 -20.0900
-1.2054138793e-01 -6.5567831133e-02 -1.2452254473e+00
107 108 125
2 0 5267 -206.5500 -112.7300 1 5801 -222.4400 -20.0900
-5.0627684519e-02 -7.4867751296e-02 -1.2658592543e+00
17 13 17
2 0 5274 -85.1000 -126.2000 1 5833 -103.4700 -59.1700
-5.4765198205e-02 -8.6850505710e-02 -1.2668457311e+00
141 113 58
2 0 5294 -92.0000 -146.2100 1 5845 -110.3500 -75.1100
-5.4765198205e-02 -8.6850505710e-02 -1.2668457311e+00
141 113 58
2 0 5295 -92.0000 -146.2100 1 5846 -110.3500 -75.1100
-1.2944855683e-01 -9.6686733290e-02 -1.2483161480e+00
36 63 48
2 0 5312 -220.9300 -165.4700 1 6261 -239.8300 -62.4100
-1.2248084023e-01 -9.8207175528e-02 -1.2491455307e+00
162 111 85
2 0 5314 -209.0400 -167.9200 1 5061 -227.4600 -65.6600
-1.3450234514e-01 -1.0228019747e-01 -1.2468759092e+00
202 194 51
2 0 5319 -229.9300 -175.2200 1 5839 -248.9800 -67.6300
-7.4831779938e-02 -1.0424538311e-01 -1.2639779199e+00
19 19 8
2 0 5321 -126.2200 -175.8500 1 5869 -144.5200 -93.0300
-6.8387828095e-02 -1.1083064827e-01 -1.2667786097e+00
15 7 11
2 0 5331 -115.2800 -186.4500 1 5874 -133.2400 -105.0800
-1.2307433021e-01 -1.1528706027e-01 -1.2522279725e+00
168 179 212
2 0 5337 -209.2200 -196.4900 1 5864 -229.6300 -91.3500
-7.4936356957e-02 -1.1725604564e-01 -1.2658225591e+00
7 13 7
2 0 5339 -126.1100 -197.4300 1 5881 -144.8800 -112.0000
-1.2571169073e-01 -6.0935137644e-02 -1.2428615851e+00
35 64 31
2 0 5645 -216.0900 -105.0300 1 5789 -230.9100 -11.3400
-1.2472663549e-01 -6.5791089919e-02 -1.2439116229e+00
201 184 55
2 0 5647 -214.1200 -113.2400 1 6234 -229.5300 -18.6100
-4.0608284943e-02 -7.1095997534e-02 -1.2683487107e+00
16 14 16
2 0 5650 -68.8800 -119.5000 1 5829 -85.9600 -57.9400
-4.1419088590e-02 -7.6131777962e-02 -1.2687695300e+00
12 11 16
2 0 5661 -69.9200 -127.9300 1 5838 -87.5000 -64.5900
-3.7418761230e-02 -1.0396405749e-01 -1.2745544052e+00
156 157 176
2 0 5691 -62.7600 -173.7200 1 6283 -80.3300 -106.5300
-1.2423539837e-01 -1.1057904568e-01 -1.2512385080e+00
88 98 106
2 0 5699 -211.6200 -188.6400 1 6272 -231.2200 -84.0300
-1.2423539837e-01 -1.1057904568e-01 -1.2512385080e+00
88 98 106
2 0 5700 -211.6200 -188.6400 1 6273 -231.2200 -84.0300
-8.4306546794e-02 -1.1794004080e-01 -1.2631867967e+00
176 179 180
2 0 5708 -142.7200 -198.9900 1 6286 -160.7000 -109.4900
-1.4530987437e-01 -1.2391807229e-01 -1.2480971997e+00
22 97 56
2 0 5715 -248.0400 -211.9100 1 6505 -269.7900 -96.8200
-4.7836505162e-02 -1.3427913440e-01 -1.2768286912e+00
137 105 20
2 0 5721 -80.0000 -223.8600 1 6303 -97.6700 -148.2400
5.4429673303e-02 -1.5483178262e-01 -1.1310494416e+00
27 31 32
2 0 5759 102.0400 -293.9400 1 5772 114.5400 3.8800
-1.3264680225e-01 -4.5218839141e-02 -1.2391432572e+00
18 71 45
2 0 5857 -228.1700 -78.4500 1 6456 -242.6100 12.6700
-1.3264680225e-01 -4.5218839141e-02 -1.2391432572e+00
18 71 45
2 0 5858 -228.1700 -78.4500 1 6457 -242.6100 12.6700
-4.5134934448e-02 -5.3416474717e-02 -1.2645210600e+00
13 9 9
2 0 5867 -76.6500 -90.1800 1 6239 -93.9200 -31.6600
-1.2540899149e-01 -5.2285833162e-02 -1.2413192422e+00
39 72 45
2 0 5871 -215.7600 -90.3600 1 6230 -230.0500 1.0800
-5.3430739050e-02 -5.8788255211e-02 -1.2628016625e+00
12 11 15
2 0 5878 -89.8400 -99.4800 1 6470 -108.5800 -35.6800
-5.3430739050e-02 -5.8788255211e-02 -1.2628016625e+00
12 11 15
2 0 5879 -89.8400 -99.4800 1 6472 -108.5800 -35.6800
-1.3828574711e-01 -5.9235661982e-02 -1.2392608469e+00
13 83 51
2 0 5883 -237.7100 -102.5300 1 6462 -253.2900 -4.2000
-3.7637480177e-02 -6.5920973003e-02 -1.2684291490e+00
158 160 181
2 0 5887 -63.4900 -110.8500 1 6483 -81.5000 -51.7500
-1.2808795863e-01 -7.5789087995e-02 -1.2432679178e+00
37 66 47
2 0 5895 -220.5400 -130.3800 1 6469 -235.3300 -30.1400
-5.1888652511e-02 -7.9400273168e-02 -1.2658977876e+00
168 172 192
2 0 5897 -86.9600 -133.8400 1 6492 -105.7700 -64.7600
-3.4025388784e-02 -8.5776982524e-02 -1.2718155320e+00
20 23 14
2 0 5901 -57.2200 -143.7200 1 6497 -74.9500 -80.4500
-1.3739060243e-01 -8.9777345338e-02 -1.2441770874e+00
16 69 43
2 0 5905 -234.9800 -154.3000 1 6249 -253.7500 -48.2200
-1.2415636780e-01 -9.0896260590e-02 -1.2482088310e+00
21 50 30
2 0 5907 -212.3500 -155.5800 1 6257 -229.7900 -55.2000
-1.2970950457e-01 -9.2386128125e-02 -1.2466253420e+00
190 190 54
2 0 5910 -221.5900 -158.3900 1 6253 -240.1400 -54.8600
-1.3786754211e-01 -9.7863871737e-02 -1.2458896385e+00
19 68 45
2 0 5916 -235.5700 -167.8600 1 6490 -254.9800 -60.5900
-1.3461318105e-01 -1.1211173702e-01 -1.2484034323e+00
186 185 55
2 0 5933 -229.5700 -191.7500 1 6271 -250.0000 -82.1400
-5.2372998123e-02 -1.1880968541e-01 -1.2728325666e+00
7 10 10
2 0 5938 -87.9800 -198.7800 1 6514 -105.5500 -123.1300
-1.3218645537e-01 -1.1773449037e-01 -1.2502221617e+00
40 65 36
2 0 5939 -225.5300 -200.9700 1 6501 -245.5800 -91.8300
-5.5516028907e-02 -1.2492757623e-01 -1.2727924337e+00
167 167 187
2 0 5942 -92.7300 -209.0600 1 6519 -111.3900 -130.9000
-3.9731134455e-02 -1.2579870678e-01 -1.2776456516e+00
149 152 171
2 0 5944 -66.2500 -209.6100 1 6527 -84.0200 -138.2800
-1.3180115547e-01 -1.2666620073e-01 -1.2526272425e+00
28 64 28
2 0 5947 -224.2500 -215.7200 1 6508 -245.5800 -106.4600
-5.9266365508e-02 -1.2995963558e-01 -1.2729764839e+00
15 13 14
2 0 5948 -99.0100 -217.4300 1 6526 -117.8700 -137.6000
-3.5775721114e-02 -1.3077671947e-01 -1.2791468661e+00
9 14 17
2 0 5949 -59.6800 -217.6000 1 6531 -76.9800 -146.7100
-4.3360083807e-02 -1.3103921654e-01 -1.2774760566e+00
12 15 9
2 0 5950 -72.7100 -218.3200 1 6301 -89.7800 -144.8900
-5.7279568227e-02 -1.3595799294e-01 -1.2747088311e+00
155 162 174
2 0 5952 -95.7300 -227.0900 1 6532 -114.2300 -147.6500
-6.0105949454e-02 -7.1870066292e-02 -1.2633931911e+00
175 126 36
2 0 6025 -101.4700 -121.4200 1 6618 -119.3300 -52.1900
-3.8350081108e-02 -8.0115364437e-02 -1.2695441935e+00
156 155 181
2 0 6029 -64.6600 -134.5200 1 6629 -82.2600 -70.5600
-6.1708155959e-02 -8.1886724900e-02 -1.2629144565e+00
172 124 33
2 0 6030 -104.0900 -138.3600 1 6627 -122.0000 -63.9800
-7.0186220990e-02 -8.1818742124e-02 -1.2615918757e+00
90 93 101
2 0 6031 -118.7900 -138.3900 1 6491 -136.2500 -62.0200
-6.2928251855e-02 -9.3640908239e-02 -1.2648994677e+00
177 131 30
2 0 6034 -106.3800 -157.8400 1 6631 -123.6900 -81.1100
-3.9021217670e-02 -9.6249095903e-02 -1.2722899406e+00
38 30 17
2 0 6036 -64.9900 -161.2300 1 6503 -83.7100 -93.9400
-5.4214295657e-02 -1.1160888971e-01 -1.2707738788e+00
158 165 179
2 0 6046 -90.8000 -187.1300 1 6644 -109.1500 -111.2700
-4.2488683747e-02 -1.1911982555e-01 -1.2755302769e+00
15 17 14
2 0 6048 -70.6000 -198.9000 1 6516 -89.2100 -126.9600
-4.4746317685e-02 -1.4391108615e-01 -1.2792362481e+00
156 159 183
2 0 6054 -74.5200 -239.4200 1 6656 -92.3300 -163.9400
-1.3286422683e-01 -8.6213224112e-02 -1.2450675345e+00
25 62 30
2 0 6110 -227.1100 -148.0800 1 6710 -245.5200 -45.0000
-1.3861505974e-01 -1.1667289256e-01 -1.2480703840e+00
21 61 43
2 0 6112 -236.2000 -199.6000 1 6633 -257.6800 -87.4800
-1.3861505974e-01 -1.1667289256e-01 -1.2480703840e+00
21 61 43
2 0 6113 -236.2000 -199.6000 1 6634 -257.6800 -87.4800
-1.3865515650e-01 -1.2658021927e-01 -1.2495831835e+00
188 186 49
2 0 6115 -236.5200 -216.1500 1 6713 -257.8600 -102.4100
-1.3865515650e-01 -1.2658021927e-01 -1.2495831835e+00
188 186 49
2 0 6116 -236.5200 -216.1500 1 6714 -257.8600 -102.4100
-1.4110077766e-01 -1.5077237757e-01 -1.2531846826e+00
194 162 38
2 0 6119 -239.7900 -256.5200 1 6719 -264.0500 -139.0700
6.4642262372e-02 -1.5218666988e-01 -1.1309421413e+00
21 22 26
2 0 6123 121.2200 -288.9700 1 6705 133.6400 7.0800
6.6244208340e-02 -1.0055594168e-01 -1.1286635030e+00
21 22 24
2 0 6147 124.8200 -192.2200 1 6695 127.9700 77.5600
-4.9377055640e-02 -1.3459292344e-01 -1.2766115940e+00
120 88 22
2 0 6148 -83.1100 -224.3700 1 6757 -99.8500 -148.4100
-1.5118753714e-01 -1.5675676960e-01 -1.2528017790e+00
189 156 34
2 0 6152 -257.1600 -266.7500 1 6755 -282.8000 -146.4400
-1.3439750438e-01 -1.0185374144e-01 -1.2470723494e+00
173 177 49
2 0 6175 -229.6100 -174.4700 1 6787 -248.8700 -67.3100
-1.3439750438e-01 -1.0185374144e-01 -1.2470723494e+00
173 177 49
2 0 6176 -229.6100 -174.4700 1 6788 -248.8700 -67.3100
-1.2127514078e-01 -1.2338291173e-01 -1.2539314274e+00
197 194 204
2 0 6178 -205.5400 -209.9500 1 6790 -227.1300 -104.0200
