# Bundle file v0.3
3 394
1.5468366445e+03 -1.1860852277e-02 -1.4409765675e-02
9.8881696056e-01 2.9681072941e-02 1.4615078660e-01
-7.3483709587e-03 9.8850141160e-01 -1.5103297886e-01
-1.4895307973e-01 1.4827000090e-01 9.7766506886e-01
1.7838697785e-01 -1.7147620584e-01 2.5254150908e-01
2.2932469704e+03 2.5338920653e-03 1.2133139488e-03
9.9734748963e-01 -5.7144211214e-02 4.5083523144e-02
7.2527335584e-02 7.2790899755e-01 -6.8182716056e-01
6.1457731364e-03 6.8328839475e-01 7.3012272877e-01
2.8797782497e-02 -8.0600170537e-01 -5.9203961389e-01
0 0 0
0 0 0
0 0 0
0 0 0
0 0 0
2.3571355511e-01 2.1605119515e-01 -1.1863860903e+00
140 139 131
2 0 8 414.4900 372.4000 1 226 347.1200 310.4900
2.0803550455e-01 2.1547201292e-01 -1.2051028837e+00
187 184 179
2 0 10 358.1100 370.8000 1 162 293.9400 325.1300
1.4102848064e-01 2.1431877194e-01 -1.2494350015e+00
161 160 155
2 0 12 228.6300 367.6800 1 54 170.2200 358.6000
2.4379705213e-01 2.1311080209e-01 -1.1802066101e+00
185 182 175
2 0 13 431.4800 367.5400 1 270 362.7400 300.9700
2.4216478875e-01 2.0859456097e-01 -1.1792349686e+00
186 183 176
2 0 28 428.8000 360.0000 1 2454 359.9600 293.2100
2.0314444799e-01 2.0671038087e-01 -1.2037620950e+00
140 139 135
2 0 34 350.2300 356.3800 1 224 285.3800 310.6900
2.1539558865e-01 2.0564474572e-01 -1.1953459341e+00
137 132 129
2 0 37 374.9000 354.7300 1 2440 308.5900 302.2000
2.0607361218e-01 2.0464163300e-01 -1.2010425383e+00
180 179 175
2 0 43 356.4500 352.9400 1 249 290.8900 305.4200
2.0607361218e-01 2.0464163300e-01 -1.2010425383e+00
180 179 175
2 0 44 356.4500 352.9400 1 250 290.8900 305.4200
2.0343620679e-01 2.0271391363e-01 -1.2020762342e+00
182 181 177
2 0 51 351.5000 349.6800 1 259 285.9100 303.4400
2.4789587295e-01 1.8116236841e-01 -1.1624083671e+00
181 182 174
2 0 109 447.1500 313.3300 1 469 372.0900 237.7300
2.4789587295e-01 1.8116236841e-01 -1.1624083671e+00
181 182 174
2 0 110 447.1500 313.3300 1 470 372.0900 237.7300
2.6185320731e-01 1.7690385539e-01 -1.1514338199e+00
142 143 138
2 0 120 477.7400 305.7200 1 529 399.2400 221.9100
2.6859525380e-01 1.6925069363e-01 -1.1433698300e+00
184 180 177
2 0 143 494.1600 292.2200 1 593 412.6700 203.4800
2.2083320192e-01 1.6604062163e-01 -1.1731364174e+00
135 136 130
2 0 154 394.0000 287.8800 1 508 320.9800 224.8300
2.3538449610e-01 1.6433321446e-01 -1.1623693194e+00
171 172 166
2 0 168 425.1600 284.4800 1 558 348.5400 213.0400
2.6113646139e-01 1.6154406806e-01 -1.1447002412e+00
190 186 185
2 0 179 479.9200 278.8900 1 620 398.3000 193.4100
1.9308805436e-01 1.5835708648e-01 -1.1881192217e+00
168 165 158
2 0 184 338.8400 275.5600 1 505 269.4800 226.6100
2.3155735312e-01 1.5832427111e-01 -1.1624602956e+00
177 176 171
2 0 193 417.9600 274.2500 1 587 341.6200 204.3900
2.3155735312e-01 1.5832427111e-01 -1.1624602956e+00
177 176 171
2 0 194 417.9600 274.2500 1 588 341.6200 204.3900
2.4036967383e-01 1.5365944440e-01 -1.1544921166e+00
172 173 168
2 0 204 437.4800 265.8300 1 631 358.6500 190.6300
2.1759946499e-01 1.5032405859e-01 -1.1682976946e+00
179 178 173
2 0 209 390.3600 260.9000 1 602 315.5100 198.0600
2.4402043714e-01 1.5061520400e-01 -1.1505056265e+00
184 185 180
2 0 211 445.9400 260.3900 1 656 365.8900 182.6400
1.6821118527e-01 1.4708321555e-01 -1.1993469231e+00
108 104 101
2 0 218 291.1000 257.4600 1 537 224.9400 219.9700
2.1415574126e-01 1.4296039422e-01 -1.1669994619e+00
181 178 170
2 0 233 384.6800 248.3500 1 641 309.6100 186.3400
2.1415574126e-01 1.4296039422e-01 -1.1669994619e+00
181 178 170
2 0 234 384.6800 248.3500 1 642 309.6100 186.3400
2.2439218850e-01 1.3948157540e-01 -1.1585472134e+00
188 185 178
2 0 240 406.7700 241.7800 1 679 328.9800 173.9500
2.6297518023e-01 1.3987943308e-01 -1.1330601105e+00
187 183 180
2 0 244 489.5900 240.3700 1 756 402.4300 151.6900
2.4204428769e-01 1.3257887427e-01 -1.1436422943e+00
189 186 179
2 0 266 445.7700 228.6100 1 759 362.6000 150.8800
2.2517930625e-01 1.3031037060e-01 -1.1535247284e+00
186 183 176
2 0 272 410.5200 225.6400 1 739 330.9500 156.4800
2.6316702910e-01 1.2754585673e-01 -1.1271967935e+00
192 188 185
2 0 281 492.8900 218.2700 1 821 403.2900 128.7500
2.6404821540e-01 1.2530802836e-01 -1.1257029920e+00
178 174 171
2 0 288 495.1200 214.2300 1 842 405.1700 124.1700
1.9826774864e-01 1.2281528687e-01 -1.1683947707e+00
173 170 163
2 0 290 355.6200 214.2600 1 727 281.3100 159.2400
2.0168714029e-01 1.1963344309e-01 -1.1644042723e+00
179 175 168
2 0 304 363.4300 208.4600 1 2671 287.8300 151.2500
2.3865377963e-01 1.1825008564e-01 -1.1389724299e+00
131 128 121
2 0 314 441.8600 203.3100 1 827 356.8500 126.4600
2.4301243530e-01 1.1715534597e-01 -1.1357870062e+00
192 189 181
2 0 321 451.3100 201.0400 1 846 365.1200 122.0500
2.3231154299e-01 1.1261910453e-01 -1.1405923018e+00
187 184 178
2 0 336 429.5400 193.7000 1 852 345.0600 120.1400
2.4527670746e-01 1.0873214156e-01 -1.1306003813e+00
186 183 175
2 0 352 458.0200 185.6800 1 881 369.6200 105.6500
2.5122612787e-01 1.0528314194e-01 -1.1249164088e+00
187 186 181
2 0 366 471.9700 178.8800 1 913 381.0200 95.6200
2.5122612787e-01 1.0528314194e-01 -1.1249164088e+00
187 186 181
2 0 367 471.9700 178.8800 1 914 381.0200 95.6200
2.4163233545e-01 9.8796981958e-02 -1.1280662467e+00
136 133 128
2 0 388 452.6300 167.9800 1 934 363.2100 89.5600
2.4538012196e-01 9.8003071797e-02 -1.1252530524e+00
131 130 125
2 0 394 461.0900 166.1300 1 946 370.1600 85.9300
2.4538012196e-01 9.8003071797e-02 -1.1252530524e+00
131 130 125
2 0 395 461.0900 166.1300 1 947 370.1600 85.9300
2.6192369428e-01 9.8680340093e-02 -1.1148451805e+00
196 192 189
2 0 397 496.9800 165.8600 1 974 401.7400 77.0600
2.0331495115e-01 9.2602818010e-02 -1.1502476234e+00
136 132 124
2 0 410 372.3800 160.5100 1 891 292.5000 101.3600
2.3329430150e-01 8.9232263635e-02 -1.1287245173e+00
188 185 180
2 0 434 437.1100 151.3400 1 972 347.9700 77.0900
2.3329430150e-01 8.9232263635e-02 -1.1287245173e+00
188 185 180
2 0 435 437.1100 151.3400 1 973 347.9700 77.0900
1.8482140562e-01 8.3842875603e-02 -1.1589011883e+00
130 123 115
2 0 445 335.3000 146.8400 1 906 259.4300 97.4100
1.5768270897e-01 7.7942670619e-02 -1.1746645918e+00
136 135 128
2 0 466 280.6700 139.4300 1 886 211.6700 103.5900
2.3739015315e-01 7.6045932567e-02 -1.1206556012e+00
189 186 180
2 0 502 448.2000 126.8900 1 1048 356.1800 51.8000
2.2554830493e-01 7.1161030119e-02 -1.1260723294e+00
124 123 114
2 0 518 423.8500 119.2600 1 1051 334.2500 50.4000
2.4896618424e-01 7.2090976699e-02 -1.1110447440e+00
120 117 112
2 0 519 474.8300 118.0900 1 1068 377.9000 37.4600
2.5437175383e-01 7.2157250815e-02 -1.1075735979e+00
184 180 177
2 0 520 486.6200 117.6000 1 1078 388.2200 34.1800
2.5437175383e-01 7.2157250815e-02 -1.1075735979e+00
184 180 177
2 0 521 486.6200 117.6000 1 1079 388.2200 34.1800
1.9917837600e-01 6.2244694817e-02 -1.1392859729e+00
187 182 176
2 0 541 369.3500 106.3200 1 1050 286.6500 50.7800
2.1725784026e-01 6.2123549219e-02 -1.1277158438e+00
126 123 118
2 0 546 407.7500 103.7400 1 1066 319.2500 40.0400
2.4804433741e-01 5.9215307661e-02 -1.1055359990e+00
132 127 123
2 0 570 475.9800 94.1400 1 1140 376.6600 15.0400
2.4999971822e-01 5.8768272082e-02 -1.1041616403e+00
195 192 187
2 0 574 480.3400 93.0500 1 1149 380.3100 13.1500
2.3846056680e-01 5.5337244113e-02 -1.1103213344e+00
190 187 182
2 0 591 455.5600 88.2300 1 1143 358.7500 14.6000
2.5448703945e-01 5.5049025184e-02 -1.0994637206e+00
194 191 184
2 0 598 491.2800 85.4100 1 1186 388.8800 3.7000
1.8530967950e-01 4.6713928617e-02 -1.1413724868e+00
181 177 172
2 0 608 343.2000 79.9200 1 1085 262.5800 32.4300
1.6384115468e-01 4.4002198261e-02 -1.1548416581e+00
164 159 153
2 0 616 298.9200 78.2000 1 1064 224.7800 41.3400
2.2767228399e-01 3.9440629882e-02 -1.1103645231e+00
139 134 128
2 0 656 435.0800 60.1600 1 1209 339.5700 -6.1400
1.4023601613e-01 3.1210675956e-02 -1.1645845203e+00
108 104 101
2 0 658 252.9600 58.7700 1 1080 185.0100 33.6900
2.1353198313e-01 2.9452607898e-02 -1.1149448079e+00
121 120 115
2 0 702 406.5900 43.6500 1 1244 314.2000 -14.6200
2.2628433701e-01 1.1439180003e-02 -1.0984831208e+00
187 184 179
2 0 765 438.3200 7.2900 1 1416 338.0600 -53.3400
2.2628433701e-01 1.1439180003e-02 -1.0984831208e+00
187 184 179
2 0 766 438.3200 7.2900 1 1417 338.0600 -53.3400
1.4573853524e-01 -9.8513353576e-03 -1.1420762740e+00
160 155 151
2 0 830 270.4800 -17.0100 1 1327 197.5600 -38.3600
-6.2750733216e-02 -3.8521971408e-02 -1.2182363027e+00
125 126 150
2 0 877 -104.0100 -41.5200 1 1227 -131.5100 -12.1200
2.2234267476e-01 -1.4861404759e-02 -1.0890827715e+00
184 180 173
2 0 880 435.2400 -42.5600 1 1559 332.1700 -95.4100
-6.0464586714e-02 -4.1088404752e-02 -1.2183115597e+00
121 130 151
2 0 891 -100.1600 -45.7300 1 1243 -127.8600 -14.5800
-6.5472011549e-02 -4.4300262691e-02 -1.2151661039e+00
104 109 137
2 0 903 -108.2800 -51.8500 1 1270 -134.7900 -21.9700
-6.0461426628e-02 -4.5254361445e-02 -1.2165784442e+00
118 127 149
2 0 907 -100.2200 -52.9900 1 1264 -127.0600 -20.9900
1.7214647119e-01 -2.7548783924e-02 -1.1167566918e+00
175 171 160
2 0 911 328.2200 -55.6400 1 1528 244.2900 -83.9600
-8.2445019982e-02 -4.5714680245e-02 -1.2081071124e+00
12 6 11
2 0 914 -135.6400 -56.3300 1 1308 -160.5300 -32.7700
-6.7456013669e-02 -4.9941523492e-02 -1.2125266240e+00
138 137 167
2 0 930 -111.6300 -61.8200 1 1302 -136.7100 -31.1600
-8.8608825258e-02 -5.1664197332e-02 -1.2036075694e+00
136 137 174
2 0 943 -145.6600 -67.5900 1 1367 -169.0700 -44.6800
-8.5413754871e-02 -6.4172810747e-02 -1.2004578111e+00
128 133 146
2 0 1005 -140.4700 -89.2800 1 1445 -162.0600 -61.2300
-8.5413754871e-02 -6.4172810747e-02 -1.2004578111e+00
128 133 146
2 0 1006 -140.4700 -89.2800 1 1446 -162.0600 -61.2300
-7.0455033013e-02 -7.3523613075e-02 -1.2033822496e+00
122 125 143
2 0 1059 -116.0300 -103.5400 1 1466 -137.9400 -66.5300
-7.5627051603e-02 -7.3327390243e-02 -1.2011230639e+00
125 131 147
2 0 1062 -124.4700 -104.0500 1 1474 -145.7000 -69.2900
-8.9202237082e-02 -7.2432414822e-02 -1.1957563353e+00
120 131 149
2 0 1064 -146.5100 -104.6700 1 1499 -166.6800 -75.4800
-8.6959642824e-02 -7.2550699470e-02 -1.1969476782e+00
119 128 138
2 0 1065 -142.9400 -104.3900 1 1495 -163.1300 -74.1100
1.9449489428e-01 -5.1603960496e-02 -1.0907844024e+00
178 173 169
2 0 1073 381.2500 -107.5500 1 1710 284.5500 -138.1800
-9.2366896660e-02 -7.8356997526e-02 -1.1928953163e+00
17 6 15
2 0 1096 -151.9200 -115.5400 1 1531 -170.3800 -85.2200
-8.8711693131e-02 -1.0294249176e-01 -1.1865044574e+00
5 7 15
2 0 1255 -146.0300 -158.7400 1 1645 -160.7200 -117.5700
2.2968341376e-01 2.0807626192e-01 -1.1868718629e+00
181 180 175
2 0 1828 403.4900 359.0000 1 2444 335.9200 298.7700
2.4379851836e-01 2.0745999418e-01 -1.1775365069e+00
153 150 143
2 0 1834 432.6000 358.0900 1 3503 363.1100 290.0800
2.3783178967e-01 1.9828320827e-01 -1.1767549994e+00
177 178 172
2 0 1847 422.6800 342.5500 1 2483 351.8900 275.5600
2.4802665865e-01 1.9751230172e-01 -1.1698649730e+00
182 181 176
2 0 1848 443.9200 341.2700 1 2489 371.6600 268.5600
2.4605231544e-01 1.8982993259e-01 -1.1676337656e+00
175 177 164
2 0 1859 441.4900 328.1600 1 2511 368.0700 255.1700
1.8114984627e-01 1.8908525197e-01 -1.2105954750e+00
181 181 174
2 0 1861 309.4700 327.1900 1 2461 245.4700 290.1000
1.9081366849e-01 1.8653375550e-01 -1.2028698075e+00
183 183 175
2 0 1864 329.0600 322.9300 1 2475 263.5600 279.9600
2.0121530521e-01 1.7424441712e-01 -1.1900766095e+00
185 184 179
2 0 1879 352.4200 302.1900 1 2514 283.5200 251.3000
1.7463254035e-01 1.6972175617e-01 -1.2058311363e+00
134 134 126
2 0 1889 299.9700 295.1700 1 2506 234.8600 257.8800
1.9903865177e-01 1.6994764634e-01 -1.1890435628e+00
188 187 182
2 0 1890 349.0100 295.0500 1 2525 279.9400 244.0400
2.2283641811e-01 1.6676953909e-01 -1.1722061267e+00
178 177 172
2 0 1897 397.7300 289.1500 1 2557 324.9400 225.0100
2.2538849565e-01 1.6428142947e-01 -1.1692223850e+00
184 185 179
2 0 1900 403.8900 284.7300 1 2565 329.6700 218.8900
2.5633309132e-01 1.6045515600e-01 -1.1471247167e+00
170 169 165
2 0 1902 469.8300 277.2100 1 2598 389.2700 193.8600
2.3423758415e-01 1.5962546944e-01 -1.1608936197e+00
185 185 179
2 0 1905 423.4800 276.4700 1 2590 346.8800 204.7800
2.6939615924e-01 1.5826770648e-01 -1.1379387249e+00
185 183 179
2 0 1909 498.4800 272.8200 1 660 414.4100 182.6300
2.6209138345e-01 1.5071863716e-01 -1.1391884385e+00
184 180 179
2 0 1919 484.4400 259.7600 1 684 400.4500 172.8000
1.8836908174e-01 1.4859522119e-01 -1.1860115673e+00
163 162 154
2 0 1922 331.5400 259.1500 1 2579 261.5400 210.7300
1.7820872194e-01 1.4688601158e-01 -1.1925880989e+00
154 149 143
2 0 1927 310.8900 256.7300 1 2572 243.1700 213.9400
2.6712409691e-01 1.4772125577e-01 -1.1341062575e+00
194 190 187
2 0 1928 496.3700 254.2400 1 2643 410.4800 163.7900
2.6712409691e-01 1.4772125577e-01 -1.1341062575e+00
194 190 187
2 0 1929 496.3700 254.2400 1 2644 410.4800 163.7900
2.6350065498e-01 1.4696233314e-01 -1.1361613812e+00
182 178 177
2 0 1932 488.6000 253.0700 1 2642 403.4900 164.5500
2.0374530940e-01 1.4161481453e-01 -1.1729339751e+00
130 127 119
2 0 1935 363.8200 246.4900 1 2606 290.2800 189.5900
2.0430468703e-01 1.2642615714e-01 -1.1652464597e+00
172 169 160
2 0 1950 368.2400 220.0300 1 2646 292.0600 161.4900
1.5989937845e-01 1.1930505495e-01 -1.1902228999e+00
34 33 31
2 0 1959 279.9100 210.7500 1 2624 212.6100 172.9500
2.2827182886e-01 1.2128741470e-01 -1.1472434982e+00
185 182 177
2 0 1962 419.1600 209.4300 1 2690 337.0300 138.2500
2.3237117558e-01 1.2064951863e-01 -1.1442517518e+00
182 179 174
2 0 1963 427.8200 208.0700 1 2694 344.9500 134.5800
2.3237117558e-01 1.2064951863e-01 -1.1442517518e+00
182 179 174
2 0 1964 427.8200 208.0700 1 2695 344.9500 134.5800
2.6116331139e-01 1.1955501092e-01 -1.1250895457e+00
190 186 183
2 0 1967 490.1400 204.0100 1 2716 399.6500 115.5900
2.2372630763e-01 1.1212769018e-01 -1.1460936097e+00
134 131 125
2 0 1981 411.3200 193.5100 1 2705 329.0000 124.4600
2.3243873519e-01 1.0716687745e-01 -1.1381671551e+00
185 182 177
2 0 1990 430.9300 183.9000 1 870 345.4200 110.4500
2.2188244651e-01 1.0341276624e-01 -1.1431603788e+00
188 185 178
2 0 1994 409.2900 178.1000 1 873 326.0400 109.7500
2.6225730656e-01 1.0438857950e-01 -1.1169965811e+00
191 186 182
2 0 1995 496.7400 176.2100 1 942 402.0900 86.9900
2.1646697139e-01 1.0129354649e-01 -1.1460161700e+00
152 149 142
2 0 1996 398.2500 174.7500 1 2727 315.8600 109.5600
2.3789722236e-01 1.0130576962e-01 -1.1315640396e+00
186 186 178
2 0 1998 444.1500 172.8400 1 2753 356.0300 96.2500
2.3605809448e-01 9.3378065621e-02 -1.1293946486e+00
153 150 143
2 0 2011 441.8100 158.6300 1 2775 352.7400 83.4900
1.8707362562e-01 8.1487036645e-02 -1.1564117240e+00
179 172 164
2 0 2027 340.2500 142.4400 1 925 263.6800 92.0000
1.7943973559e-01 7.7931105760e-02 -1.1596102036e+00
168 165 158
2 0 2035 325.2400 136.9400 1 933 250.3200 90.0600
2.3173759596e-01 7.5638119161e-02 -1.1240585794e+00
179 176 167
2 0 2046 436.3300 126.7100 1 2814 345.4600 54.5300
1.9297973300e-01 7.1152303596e-02 -1.1476489280e+00
179 172 166
2 0 2052 354.5100 123.2400 1 991 274.9400 70.2600
1.5317831699e-01 6.6632172997e-02 -1.1724773805e+00
131 126 122
2 0 2058 273.4700 120.0200 1 943 204.5500 86.7100
2.4757311252e-01 7.0289590470e-02 -1.1112085379e+00
193 189 186
2 0 2065 472.2100 114.8900 1 2853 375.2200 35.2700
2.2958289009e-01 5.9048890895e-02 -1.1178878492e+00
123 120 113
2 0 2087 435.2000 96.4000 1 1107 342.2200 26.6500
1.5753238502e-01 5.2205534053e-02 -1.1627543955e+00
159 152 146
2 0 2089 284.6400 93.8300 1 1029 213.2800 59.0900
1.5046418523e-01 4.6565012566e-02 -1.1651513321e+00
139 134 128
2 0 2101 271.0100 84.8000 1 2816 201.4200 53.9600
1.5046418523e-01 4.6565012566e-02 -1.1651513321e+00
139 134 128
2 0 2102 271.0100 84.8000 1 2817 201.4200 53.9600
1.9332245692e-01 4.4807048446e-02 -1.1356232653e+00
185 178 170
2 0 2123 360.2100 75.3100 1 1113 276.8100 24.7500
1.9332245692e-01 4.4807048446e-02 -1.1356232653e+00
185 178 170
2 0 2124 360.2100 75.3100 1 1114 276.8100 24.7500
2.5206189776e-01 4.6086907929e-02 -1.0971948329e+00
191 188 180
2 0 2130 487.8000 68.8600 1 1226 384.5400 -10.2100
1.8306238046e-01 3.5742160107e-02 -1.1376547582e+00
174 169 163
2 0 2138 340.2300 60.2900 1 1138 259.7000 14.6200
2.0707440892e-01 3.2156534231e-02 -1.1206077866e+00
191 188 179
2 0 2153 391.9000 49.8300 1 2918 302.4300 -5.7700
1.8380622633e-01 2.9377924441e-02 -1.1347829109e+00
179 174 168
2 0 2158 342.8300 48.5100 1 1183 261.0700 3.9800
2.1050484920e-01 2.9916547602e-02 -1.1175493646e+00
147 142 138
2 0 2169 399.6000 45.1300 1 2927 308.6700 -11.5000
1.9291556894e-01 2.4937429494e-02 -1.1263842249e+00
177 173 164
2 0 2173 363.2900 38.6600 1 2921 277.4300 -9.5600
1.4163585736e-01 1.6131411488e-02 -1.1569460127e+00
131 127 123
2 0 2180 257.8400 31.4300 1 2890 188.6700 7.6600
1.7169504268e-01 1.7731144156e-02 -1.1373171096e+00
178 173 166
2 0 2184 319.5300 29.0900 1 1218 240.6500 -8.5300
2.4735031852e-01 2.0279134580e-02 -1.0886663841e+00
135 132 128
2 0 2192 483.2400 20.3800 1 2999 376.5400 -51.8100
1.5061528400e-01 9.1341599557e-03 -1.1477443423e+00
163 158 153
2 0 2195 277.2500 17.0900 1 1223 204.5600 -9.5600
1.8584110274e-01 9.3624534776e-03 -1.1244780316e+00
190 183 175
2 0 2202 350.6600 11.0800 1 2963 265.8800 -31.0400
2.4272120302e-01 1.4838497656e-02 -1.0892837487e+00
196 193 188
2 0 2203 474.1200 10.7500 1 3008 368.0800 -58.0700
2.4080302478e-01 1.4353723896e-02 -1.0895566159e+00
149 144 138
2 0 2204 470.4200 10.0200 1 1440 364.9000 -58.6200
1.9949946694e-01 4.4929655397e-03 -1.1131985424e+00
186 181 175
2 0 2231 380.7900 -0.6400 1 1384 290.4300 -47.9300
1.9949946694e-01 4.4929655397e-03 -1.1131985424e+00
186 181 175
2 0 2232 380.7900 -0.6400 1 1386 290.4300 -47.9300
1.6288967353e-01 -9.2626510063e-04 -1.1348426390e+00
174 169 163
2 0 2236 304.5200 -3.8500 1 1313 226.2600 -34.0500
2.0981150807e-01 3.6052383785e-03 -1.1059577745e+00
181 176 170
2 0 2240 403.4400 -4.3600 1 1431 308.8300 -55.9900
2.3895294703e-01 -4.3802206291e-03 -1.0833070485e+00
190 187 180
2 0 2265 469.9000 -25.6500 1 3050 361.7300 -88.0500
-5.0796017166e-02 -3.3465954140e-02 -1.2247019931e+00
117 101 49
2 0 2272 -85.2300 -31.5000 1 2901 -114.0300 1.4700
2.3359944329e-01 -1.3703591003e-02 -1.0821569104e+00
189 184 178
2 0 2284 460.1800 -42.7700 1 1577 352.5800 -100.9000
1.3168143338e-01 -2.8695758059e-02 -1.1431632479e+00
149 144 140
2 0 2291 244.3300 -48.8500 1 1444 175.2900 -60.2800
-6.0284754356e-02 -4.3192210905e-02 -1.2173115055e+00
11 19 15
2 0 2292 -99.7300 -49.4700 1 2938 -127.3500 -17.9000
-6.0284754356e-02 -4.3192210905e-02 -1.2173115055e+00
11 19 15
2 0 2293 -99.7300 -49.4700 1 2939 -127.3500 -17.9000
2.4314227067e-01 -1.6645565872e-02 -1.0749296804e+00
190 185 181
2 0 2294 482.1800 -50.5400 1 1623 369.9900 -111.6900
1.5606364617e-01 -2.7337003436e-02 -1.1273909045e+00
176 170 164
2 0 2296 294.5300 -51.7400 1 1494 216.4900 -73.5100
1.7247690956e-01 -2.5588215981e-02 -1.1174672298e+00
129 126 119
2 0 2298 328.6400 -52.0100 1 1513 244.6300 -80.8500
2.3373887578e-01 -2.2605982133e-02 -1.0783977429e+00
186 183 174
2 0 2305 462.0900 -60.0700 1 3102 353.2300 -115.6000
-5.7888299395e-02 -4.9760793501e-02 -1.2164025655e+00
127 125 152
2 0 2307 -96.2200 -60.3500 1 1293 -122.3900 -25.8400
1.9408454025e-01 -2.7646321160e-02 -1.1023415541e+00
175 168 162
2 0 2308 375.1400 -60.7100 1 1570 282.6700 -98.0700
2.1882355348e-01 -2.8530528594e-02 -1.0855016856e+00
188 184 175
2 0 2323 430.1400 -68.3000 1 1637 326.3600 -115.6200
2.1882355348e-01 -2.8530528594e-02 -1.0855016856e+00
188 184 175
2 0 2324 430.1400 -68.3000 1 1638 326.3600 -115.6200
-6.4338472560e-02 -5.4409208086e-02 -1.2123407033e+00
70 64 45
2 0 2327 -106.6000 -69.1700 1 1319 -131.3100 -35.8800
-6.4338472560e-02 -5.4409208086e-02 -1.2123407033e+00
70 64 45
2 0 2328 -106.6000 -69.1700 1 1320 -131.3100 -35.8800
1.4237823692e-01 -4.0699360303e-02 -1.1304859081e+00
133 128 124
2 0 2335 268.1300 -73.7300 1 1535 194.2600 -86.6600
-9.0105982518e-02 -5.6891047455e-02 -1.2010635600e+00
0 2 1
2 0 2340 -148.0100 -77.1000 1 1411 -170.6200 -53.2000
-9.0105982518e-02 -5.6891047455e-02 -1.2010635600e+00
0 2 1
2 0 2341 -148.0100 -77.1000 1 1412 -170.6200 -53.2000
-7.3237659626e-02 -5.8128292483e-02 -1.2074307669e+00
126 128 152
2 0 2343 -120.6000 -76.9400 1 1374 -144.5500 -45.9900
2.3495848510e-01 -3.1559858789e-02 -1.0734504785e+00
190 185 179
2 0 2348 467.1200 -78.1000 1 1685 355.6500 -131.4200
2.4826761612e-01 -3.0670635737e-02 -1.0653952401e+00
143 138 135
2 0 2352 496.9200 -79.3800 1 1712 380.0000 -138.5700
2.4543194961e-01 -3.1865020702e-02 -1.0663454935e+00
156 152 146
2 0 2356 491.2400 -81.3000 1 1717 374.6900 -138.9800
2.4543194961e-01 -3.1865020702e-02 -1.0663454935e+00
156 152 146
2 0 2358 491.2400 -81.3000 1 1718 374.6900 -138.9800
1.8085175168e-01 -4.3537343493e-02 -1.1038440666e+00
175 172 165
2 0 2369 349.7300 -88.2800 1 3101 260.2800 -115.6700
2.3137453862e-01 -4.2091541496e-02 -1.0710126267e+00
152 147 141
2 0 2386 461.3400 -98.0900 1 1738 349.6600 -146.6400
-8.5113161246e-02 -7.0925413571e-02 -1.1984722195e+00
1 1 10
2 0 2392 -140.0500 -101.1100 1 1480 -160.4400 -70.5700
-6.6172302115e-02 -7.4640585418e-02 -1.2045458453e+00
129 128 154
2 0 2399 -109.2400 -104.8800 1 3016 -131.1400 -66.0600
-6.7493267953e-02 -7.7119621799e-02 -1.2033636457e+00
118 124 145
2 0 2408 -111.2900 -109.3900 1 1476 -132.8500 -70.0800
2.0281380652e-01 -5.2516031812e-02 -1.0861883057e+00
151 146 142
2 0 2414 398.6100 -110.8900 1 1727 299.1400 -143.7100
2.3849843557e-01 -4.9004832554e-02 -1.0634629277e+00
134 129 125
2 0 2418 479.0800 -113.6700 1 1779 362.6300 -162.5100
2.4050439933e-01 -4.8695932401e-02 -1.0623406754e+00
185 180 176
2 0 2419 483.4500 -113.5100 1 1783 366.3700 -163.3500
1.2873845242e-01 -6.3812054722e-02 -1.1291537693e+00
156 151 145
2 0 2420 243.4700 -114.0200 1 1634 173.1600 -115.2300
2.1924195299e-01 -5.4018962857e-02 -1.0737587820e+00
151 148 140
2 0 2428 436.4900 -118.6300 1 1765 328.2900 -158.0300
2.1727235179e-01 -5.5726472765e-02 -1.0744888383e+00
193 190 183
2 0 2437 432.2500 -121.4100 1 1775 324.8300 -159.2900
1.4685392437e-01 -6.8679333770e-02 -1.1149369345e+00
167 160 154
2 0 2447 281.8800 -128.0600 1 1697 203.7600 -134.5400
2.2756056760e-01 -6.2125397814e-02 -1.0648082204e+00
186 186 178
2 0 2467 456.9900 -137.0200 1 1821 343.4500 -176.6900
-6.7281327661e-02 -9.7071443315e-02 -1.1969494706e+00
112 119 140
2 0 2480 -110.8800 -144.4500 1 1565 -129.4700 -97.9500
2.4426043538e-01 -6.4758617836e-02 -1.0526656410e+00
152 147 143
2 0 2490 495.9700 -147.0100 1 1868 373.6700 -192.3300
1.6546937927e-01 -7.6631718003e-02 -1.0993502477e+00
185 178 171
2 0 2493 322.4400 -148.3900 1 1770 235.8200 -158.9700
2.0167139243e-01 -7.3122856247e-02 -1.0770613608e+00
183 180 173
2 0 2497 400.8100 -151.6500 1 1822 298.1800 -177.1400
1.7809536660e-01 -7.8654839067e-02 -1.0900905986e+00
194 189 183
2 0 2505 350.0800 -155.9300 1 1805 257.5400 -170.4800
2.2680918217e-01 -7.3214353439e-02 -1.0605264468e+00
130 129 124
2 0 2510 457.5600 -159.0600 1 1871 342.5400 -194.0600
-5.7760623506e-02 -1.1390213281e-01 -1.1945345251e+00
8 61 45
2 0 2523 -95.0100 -172.8300 1 1643 -113.1300 -116.9400
1.0713586296e-01 -9.8478705663e-02 -1.1279322235e+00
99 98 94
2 0 2525 204.1400 -174.0900 1 1762 140.4600 -156.2600
2.0215014235e-01 -8.4401487039e-02 -1.0717606414e+00
183 180 173
2 0 2526 404.2600 -174.3600 1 1873 299.4000 -195.4800
2.2840191153e-01 -8.1409017381e-02 -1.0554747993e+00
187 183 177
2 0 2530 463.4400 -176.3700 1 1912 345.6600 -208.7800
1.7124972669e-01 -9.5405879429e-02 -1.0874362851e+00
152 147 142
2 0 2534 338.1700 -186.9200 1 1866 246.6000 -192.2200
1.9358664791e-01 -9.4379090019e-02 -1.0729872604e+00
182 177 171
2 0 2542 387.1700 -191.7900 1 1901 284.9500 -205.6400
1.5964555909e-01 -1.0994737282e-01 -1.0881771283e+00
184 177 171
2 0 2572 315.8300 -212.3800 1 1908 227.9900 -208.0200
2.2527211805e-01 -1.0238070368e-01 -1.0479712226e+00
147 143 134
2 0 2577 461.0000 -218.4200 1 1985 341.0900 -240.7000
2.2330048917e-01 -1.0808718844e-01 -1.0469952299e+00
150 142 139
2 0 2584 457.4600 -229.3800 1 2007 337.8100 -248.1500
1.7718703045e-01 -1.1886147175e-01 -1.0728189770e+00
193 186 180
2 0 2592 355.5700 -235.8800 1 1968 258.1500 -233.4300
1.9357455641e-01 -1.1664720387e-01 -1.0628480527e+00
178 175 166
2 0 2598 391.5800 -236.9300 1 1987 286.2600 -241.2500
1.7829126068e-01 -1.1967001735e-01 -1.0713805298e+00
156 148 142
2 0 2599 358.4800 -238.1100 1 1972 260.0500 -235.8100
2.3352124023e-01 -1.1593195333e-01 -1.0371881823e+00
185 177 174
2 0 2612 482.5500 -248.8900 1 2057 356.2500 -267.3100
2.2416019221e-01 -1.2287148262e-01 -1.0402197337e+00
175 170 164
2 0 2621 462.4500 -260.1600 1 2069 339.8300 -271.7700
2.3014910712e-01 -1.2471542999e-01 -1.0347745433e+00
144 141 136
2 0 2625 477.4200 -266.5700 1 2090 350.6400 -279.7100
1.8620200702e-01 -1.3397224006e-01 -1.0599255670e+00
143 138 132
2 0 2630 378.5500 -269.8800 1 2048 274.4800 -263.4500
2.1375848375e-01 -1.3291447622e-01 -1.0423124116e+00
189 183 179
2 0 2638 440.8300 -277.5600 1 2095 322.0700 -280.7100
2.3576290230e-01 -1.3069256688e-01 -1.0286608364e+00
182 177 173
2 0 2644 491.8100 -281.0600 1 2128 360.7500 -292.8200
2.1611276620e-01 -1.3598588074e-01 -1.0390632508e+00
152 146 140
2 0 2649 447.2700 -285.0800 1 2114 326.3200 -287.5400
2.1661296909e-01 -1.4130303126e-01 -1.0368335143e+00
179 176 167
2 0 2661 449.2800 -296.1600 1 2145 327.2400 -295.6100
2.0906077784e-01 -1.5421676954e-01 -1.0355828200e+00
171 168 163
2 0 2698 434.7700 -320.7100 1 2205 315.0300 -311.1700
1.5847792175e-01 -1.6507421966e-01 -1.0643497321e+00
139 135 126
2 0 2700 322.6100 -323.4600 1 2129 229.7900 -292.6900
2.2488010751e-01 -1.5523998520e-01 -1.0246206357e+00
179 174 171
2 0 2711 472.0800 -329.2300 1 2228 342.5600 -323.9900
1.7143055372e-01 -1.6950606951e-01 -1.0540951203e+00
187 183 174
2 0 2726 351.9900 -337.5800 1 2197 251.5400 -307.9400
2.0512518750e-01 -1.6737735303e-01 -1.0324970378e+00
149 146 137
2 0 2736 428.3900 -346.9200 1 2236 308.7400 -328.5100
2.0512518750e-01 -1.6737735303e-01 -1.0324970378e+00
149 146 137
2 0 2737 428.3900 -346.9200 1 2237 308.7400 -328.5100
2.2620912953e-01 -1.6507928343e-01 -1.0190926853e+00
187 183 174
2 0 2746 477.5700 -351.0000 1 2277 345.5200 -340.6800
1.7047049354e-01 -1.8460015984e-01 -1.0476594536e+00
188 184 175
2 0 2776 352.8500 -369.0000 1 2247 250.9200 -330.6900
2.1174142061e-01 2.1269701294e-01 -1.2011247959e+00
165 161 157
2 0 2794 366.4100 366.2600 1 3487 300.9800 317.7100
2.7127081601e-01 2.0337453266e-01 -1.1572748956e+00
182 181 179
2 0 2806 492.1300 351.3000 1 3532 416.8000 266.7200
2.2093340916e-01 1.9177791062e-01 -1.1855941636e+00
135 136 130
2 0 2811 388.9500 331.4300 1 2484 319.4500 273.5000
2.5583885492e-01 1.8210253898e-01 -1.1579533077e+00
185 184 180
2 0 2819 463.5200 314.8200 1 3556 387.3600 235.3200
1.8489834353e-01 1.6356912239e-01 -1.1955083839e+00
166 164 156
2 0 2829 321.6600 284.6700 1 2528 254.2800 240.2300
2.5344499713e-01 1.5284490863e-01 -1.1451535020e+00
190 191 185
2 0 2848 465.9500 263.8500 1 3602 383.7500 181.1400
2.4455561701e-01 1.4121861670e-01 -1.1460111552e+00
185 185 177
2 0 2854 449.1200 243.7900 1 3617 367.1200 165.2500
2.4455561701e-01 1.4121861670e-01 -1.1460111552e+00
185 185 177
2 0 2855 449.1200 243.7900 1 3618 367.1200 165.2500
2.4455561701e-01 1.4121861670e-01 -1.1460111552e+00
185 185 177
2 0 2856 449.1200 243.7900 1 3616 367.1200 165.2500
2.2345128039e-01 1.3508758804e-01 -1.1567126151e+00
149 146 139
2 0 2859 406.0200 234.1300 1 3613 327.5100 166.0300
2.2345128039e-01 1.3508758804e-01 -1.1567126151e+00
149 146 139
2 0 2860 406.0200 234.1300 1 3614 327.5100 166.0300
2.6364799280e-01 1.3350681999e-01 -1.1300783658e+00
187 183 180
2 0 2861 492.1100 228.9800 1 3645 403.9500 139.9000
2.1028552426e-01 1.2890471341e-01 -1.1628246233e+00
179 175 166
2 0 2864 379.5900 224.0900 1 3620 303.2000 162.7800
2.6128144905e-01 1.2787890112e-01 -1.1290101507e+00
150 146 143
2 0 2865 488.2400 219.0400 1 3656 399.6200 130.9200
2.5913496357e-01 1.2233716803e-01 -1.1279135677e+00
195 190 187
2 0 2868 484.8700 209.1900 1 3669 395.6000 122.1400
2.5887236243e-01 1.1885579731e-01 -1.1263955503e+00
154 151 146
2 0 2871 485.1600 202.9300 1 3674 395.2600 115.8300
2.3586091626e-01 1.0762854974e-01 -1.1359801111e+00
182 180 168
2 0 2880 438.0800 184.5000 1 3678 352.0700 108.9700
2.1860372271e-01 1.0616054786e-01 -1.1468441758e+00
187 184 177
2 0 2883 401.4000 183.3800 1 3672 319.9600 116.8300
2.2120168761e-01 9.6177797593e-02 -1.1408029669e+00
181 176 169
2 0 2897 409.0900 165.1800 1 2749 324.8700 97.8500
2.4091521250e-01 8.8432850377e-02 -1.1237804809e+00
184 181 174
2 0 2905 453.4800 149.1300 1 2788 362.1700 71.4800
2.5306056648e-01 8.1008832443e-02 -1.1125373053e+00
190 187 182
2 0 2911 481.6200 134.1900 1 2819 385.4000 50.8300
1.8636834501e-01 4.3592107335e-02 -1.1398941012e+00
173 168 162
2 0 2940 345.7700 74.1200 1 2864 264.3100 27.2200
2.4932322729e-01 3.7075549183e-02 -1.0947759413e+00
141 138 133
2 0 2952 483.8500 52.1600 1 2952 379.7800 -24.3200
2.4932322729e-01 3.7075549183e-02 -1.0947759413e+00
141 138 133
2 0 2953 483.8500 52.1600 1 2953 379.7800 -24.3200
1.3625602256e-01 2.6699237687e-02 -1.1605283139e+00
40 40 44
2 0 2954 247.7800 50.4400 1 3738 179.6100 23.3400
2.2744277107e-01 1.9487893060e-02 -1.1015632047e+00
188 185 176
2 0 2961 438.8200 22.5300 1 2985 339.9600 -40.2000
2.4487181680e-01 1.8327387769e-02 -1.0894470068e+00
181 177 173
2 0 2964 478.0800 17.0900 1 3004 372.0100 -53.5200
1.9593367244e-01 8.9971813007e-03 -1.1178202496e+00
183 178 172
2 0 2971 372.1600 8.5600 1 2975 283.7200 -37.7900
1.7562661776e-01 1.6594677358e-03 -1.1275993881e+00
176 171 165
2 0 2978 330.5800 -1.4300 1 2978 248.4000 -37.7200
1.7562661776e-01 1.6594677358e-03 -1.1275993881e+00
176 171 165
2 0 2979 330.5800 -1.4300 1 2979 248.4000 -37.7200
1.8783262642e-01 -1.9021715569e-02 -1.1101467060e+00
180 173 170
2 0 3014 360.3000 -42.9300 1 3859 271.0700 -79.9400
1.8783262642e-01 -1.9021715569e-02 -1.1101467060e+00
180 173 170
2 0 3015 360.3000 -42.9300 1 3860 271.0700 -79.9400
1.8328978913e-01 -2.5881684755e-02 -1.1100558440e+00
175 170 167
2 0 3024 351.8900 -55.0400 1 3053 263.4300 -88.3500
-8.8874012239e-02 -4.5335487562e-02 -1.2060470694e+00
0 7 4
2 0 3027 -146.0700 -56.3700 1 3807 -170.5800 -35.2100
2.4115527751e-01 -2.2209553138e-02 -1.0735830767e+00
189 181 178
2 0 3029 479.0500 -61.0900 1 3112 366.6100 -119.9100
1.8093612702e-01 -4.1426596741e-02 -1.1048345725e+00
148 144 136
2 0 3054 349.3000 -84.1400 1 3095 260.4600 -112.2400
1.8093612702e-01 -4.1426596741e-02 -1.1048345725e+00
148 144 136
2 0 3055 349.3000 -84.1400 1 3096 260.4600 -112.2400
-6.2782194131e-02 -6.4973886749e-02 -1.2096326588e+00
6 15 9
2 0 3057 -104.1700 -87.2500 1 2997 -127.2300 -50.0100
-7.2980699393e-02 -6.4491869901e-02 -1.2052259508e+00
9 10 6
2 0 3060 -120.0700 -88.1300 1 3005 -143.2400 -55.1500
-9.1356345088e-02 -7.0652113692e-02 -1.1960855213e+00
11 9 7
2 0 3069 -150.1900 -101.6000 1 3022 -170.1700 -73.4700
-5.9008082122e-02 -7.3803736624e-02 -1.2075449937e+00
86 71 38
2 0 3072 -97.5100 -102.4500 1 3011 -120.7400 -61.1800
1.6747107034e-01 -5.9066074416e-02 -1.1059841399e+00
144 140 131
2 0 3088 323.6800 -114.8000 1 3135 238.0500 -131.9200
-9.1091541291e-02 -8.0567243634e-02 -1.1924001102e+00
114 117 119
2 0 3096 -149.6200 -119.4200 1 3048 -168.2700 -87.9300
-9.1091541291e-02 -8.0567243634e-02 -1.1924001102e+00
114 117 119
2 0 3097 -149.6200 -119.4200 1 3049 -168.2700 -87.9300
-9.2653063600e-02 -8.2783296479e-02 -1.1915270556e+00
17 14 16
2 0 3101 -152.3500 -123.4200 1 3057 -170.1700 -91.4000
1.1947314929e-01 -7.0250817326e-02 -1.1326119385e+00
140 135 131
2 0 3104 225.2600 -123.7100 1 3110 158.3700 -119.4300
-9.1463695131e-02 -8.5108370283e-02 -1.1907998243e+00
110 111 116
2 0 3114 -150.2800 -127.5600 1 3060 -168.0600 -94.5000
-9.1463695131e-02 -8.5108370283e-02 -1.1907998243e+00
110 111 116
2 0 3115 -150.2800 -127.5600 1 3061 -168.0600 -94.5000
2.2235983664e-01 -5.8169671897e-02 -1.0700118144e+00
177 177 169
2 0 3116 444.3600 -127.6900 1 3188 333.9200 -166.6800
-8.7878028352e-02 -8.7853603307e-02 -1.1915556596e+00
4 7 6
2 0 3119 -144.4700 -131.7400 1 3886 -162.0500 -96.2200
-8.2198751317e-02 -9.2918564303e-02 -1.1927062107e+00
134 102 33
2 0 3133 -135.4400 -139.5000 1 3068 -152.3300 -99.7600
1.7442331092e-01 -7.1086675986e-02 -1.0958840994e+00
174 167 159
2 0 3134 340.8300 -140.0800 1 3169 250.7100 -155.9200
1.7442331092e-01 -7.1086675986e-02 -1.0958840994e+00
174 167 159
2 0 3135 340.8300 -140.0800 1 3168 250.7100 -155.9200
-9.0020683246e-02 -9.7982479268e-02 -1.1873074332e+00
0 5 1
2 0 3143 -148.1500 -150.2200 1 3093 -163.5200 -111.6700
-8.3788924180e-02 -1.0176348666e-01 -1.1889900748e+00
129 104 26
2 0 3148 -137.7900 -155.6900 1 3913 -153.6100 -113.1200
2.1126447928e-01 -7.3982327455e-02 -1.0703591960e+00
174 171 164
2 0 3151 422.5300 -156.1400 1 3209 314.9900 -184.8900
1.6905630721e-01 -8.0410047441e-02 -1.0957621795e+00
178 171 164
2 0 3152 330.5600 -156.6000 1 3964 242.0200 -166.7700
1.8842671145e-01 -7.9271192448e-02 -1.0833855451e+00
183 178 170
2 0 3156 372.3200 -159.8600 1 3200 275.5400 -177.9300
2.3062506704e-01 -7.7436067995e-02 -1.0558073914e+00
188 185 179
2 0 3165 467.7400 -168.9800 1 3241 349.3600 -203.7700
1.4905377898e-01 -9.4899479799e-02 -1.1018719761e+00
173 166 159
2 0 3184 290.5700 -179.4200 1 3199 209.3400 -177.4900
1.7209664366e-01 -9.1765556238e-02 -1.0883877322e+00
172 165 159
2 0 3186 339.4300 -180.0200 1 3215 247.8500 -187.1400
1.7800102922e-01 -9.4377561722e-02 -1.0836019000e+00
180 176 169
2 0 3202 352.6400 -186.8700 1 3223 257.9700 -194.8300
1.7618645023e-01 -9.6428153942e-02 -1.0836041719e+00
162 157 151
2 0 3205 349.0900 -190.4800 1 3231 255.2100 -197.2900
1.7109211965e-01 -9.8252166498e-02 -1.0855638239e+00
171 165 156
2 0 3207 338.9400 -192.9200 1 3229 246.4800 -197.3800
1.1587093056e-01 -1.1491584680e-01 -1.1147087386e+00
163 156 150
2 0 3222 224.3000 -208.4300 1 3214 156.0000 -187.5000
1.5183553102e-01 -1.1092193040e-01 -1.0932487687e+00
172 168 160
2 0 3226 298.9400 -211.6300 1 3244 214.9600 -204.0300
1.5183553102e-01 -1.1092193040e-01 -1.0932487687e+00
172 168 160
2 0 3227 298.9400 -211.6300 1 3245 214.9600 -204.0300
2.3592036054e-01 -1.0406374427e-01 -1.0402125256e+00
176 171 168
2 0 3239 486.0900 -225.4100 1 3283 360.1500 -250.8000
2.1707044411e-01 -1.1836820842e-01 -1.0463663570e+00
187 184 177
2 0 3254 445.5900 -248.6600 1 2037 327.1800 -260.3000
2.0789452117e-01 -1.2411477024e-01 -1.0497394360e+00
177 172 168
2 0 3261 425.8300 -257.4100 1 2046 311.4600 -263.2000
2.0295858891e-01 -1.4381358475e-01 -1.0445919890e+00
185 183 178
2 0 3285 418.3400 -296.3200 1 2119 303.8000 -290.2300
2.3669791159e-01 -1.3828406047e-01 -1.0246057961e+00
157 152 148
2 0 3289 495.8000 -297.5200 1 2185 362.7800 -305.5900
2.3479051041e-01 -1.4094302545e-01 -1.0247394377e+00
179 174 169
2 0 3295 492.1300 -302.5200 1 2199 359.1600 -308.1600
1.2165586687e-01 -1.6732339062e-01 -1.0881065318e+00
170 163 157
2 0 3299 243.7000 -313.7900 1 2061 169.1500 -270.7200
1.2165586687e-01 -1.6732339062e-01 -1.0881065318e+00
170 163 157
2 0 3301 243.7000 -313.7900 1 2062 169.1500 -270.7200
1.1606555924e-01 -1.7931768185e-01 -1.0865419900e+00
177 170 162
2 0 3321 233.4800 -335.7600 1 2107 161.1800 -285.0400
2.6777930803e-01 1.7388123859e-01 -1.1464276637e+00
187 186 182
2 0 3381 491.0400 300.3000 1 3576 410.7700 213.1100
2.4243524740e-01 1.7319234172e-01 -1.1618928888e+00
178 179 171
2 0 3383 438.1100 299.5800 1 4136 361.5800 225.6200
2.1051624967e-01 1.5738850736e-01 -1.1760113527e+00
140 140 132
2 0 3385 374.5000 273.3400 1 4138 301.9600 214.8300
1.6144745433e-01 1.2882405904e-01 -1.1937509389e+00
34 34 35
2 0 3390 281.6300 226.8400 1 4425 214.3800 189.2900
2.6097000803e-01 1.1766889203e-01 -1.1243137965e+00
195 190 185
2 0 3395 490.1600 200.6200 1 4177 399.3800 112.2100
2.1050886569e-01 8.6045942394e-02 -1.1432237476e+00
182 179 172
2 0 3423 388.1900 148.1300 1 4186 305.9500 86.2000
1.6225243502e-01 4.0297722429e-02 -1.1540909675e+00
157 152 146
2 0 3452 296.0700 71.8200 1 4213 222.5700 35.7500
1.8378800999e-01 2.6582638632e-02 -1.1329055023e+00
152 150 146
2 0 3461 343.8600 43.1700 1 4229 261.1600 -1.3800
1.8378800999e-01 2.6582638632e-02 -1.1329055023e+00
152 150 146
2 0 3462 343.8600 43.1700 1 4230 261.1600 -1.3800
1.9723295758e-01 1.3729672915e-02 -1.1188203398e+00
189 184 178
2 0 3471 374.3500 17.0900 1 3801 285.7100 -30.8800
2.4720070302e-01 1.4616950331e-02 -1.0860927308e+00
150 147 141
2 0 3476 484.3100 9.4700 1 3835 376.4900 -61.5700
2.2097660694e-01 -8.3233917026e-03 -1.0929644691e+00
190 183 175
2 0 3494 430.6700 -29.5600 1 3864 329.5300 -83.5600
2.2097660694e-01 -8.3233917026e-03 -1.0929644691e+00
190 183 175
2 0 3495 430.6700 -29.5600 1 3865 329.5300 -83.5600
2.2097660694e-01 -8.3233917026e-03 -1.0929644691e+00
190 183 175
2 0 3496 430.6700 -29.5600 1 3866 329.5300 -83.5600
-5.5212129032e-02 -4.8039351517e-02 -1.2170231205e+00
16 16 11
2 0 3510 -91.7900 -57.3800 1 4240 -118.6500 -23.0100
-5.5212129032e-02 -4.8039351517e-02 -1.2170231205e+00
16 16 11
2 0 3511 -91.7900 -57.3800 1 4239 -118.6500 -23.0100
-6.2425041871e-02 -5.2307358963e-02 -1.2132114047e+00
16 16 11
2 0 3517 -103.2600 -65.5200 1 4247 -128.9700 -32.4300
-5.9064049865e-02 -5.4387738104e-02 -1.2132268858e+00
112 117 146
2 0 3520 -97.8800 -68.8800 1 4249 -123.4700 -34.3300
-5.9064049865e-02 -5.4387738104e-02 -1.2132268858e+00
112 117 146
2 0 3521 -97.8800 -68.8800 1 4250 -123.4700 -34.3300
1.4732552189e-01 -4.3816389319e-02 -1.1254176747e+00
154 149 145
2 0 3530 279.2700 -80.9700 1 4294 202.7200 -95.1900
-7.5764041772e-02 -6.3771592332e-02 -1.2047527415e+00
15 11 13
2 0 3534 -124.6000 -87.1300 1 4264 -147.6100 -55.1700
-7.1766708266e-02 -7.2440230389e-02 -1.2033871344e+00
126 131 155
2 0 3542 -118.3900 -101.7200 1 4268 -139.8500 -65.5500
-6.9158994493e-02 -7.5274848170e-02 -1.2034922972e+00
13 14 20
2 0 3544 -114.1300 -106.3100 1 3844 -135.5100 -68.1800
-6.1593103026e-02 -8.0253328267e-02 -1.2047104943e+00
129 126 157
2 0 3553 -101.8600 -113.9400 1 4275 -123.4200 -71.3700
2.1304273720e-01 -5.7177197349e-02 -1.0763873725e+00
188 184 174
2 0 3557 423.1900 -123.2400 1 3177 317.5000 -159.1600
1.8885112369e-01 -6.5581504644e-02 -1.0886584653e+00
189 185 177
2 0 3564 371.3200 -133.3100 1 3171 275.3300 -156.6800
-6.5188705054e-02 -1.0423916141e-01 -1.1953001271e+00
131 137 161
2 0 3580 -107.4500 -156.8000 1 3905 -125.2500 -106.9700
2.1915662929e-01 -7.4181374125e-02 -1.0650018031e+00
168 165 158
2 0 3582 440.5000 -158.8700 1 3980 328.9300 -190.5800
1.8843857277e-01 -9.0979743066e-02 -1.0790262295e+00
182 177 171
2 0 3603 374.3800 -182.8800 1 3986 275.5500 -195.4100
2.3007694501e-01 -1.3913357667e-01 -1.0282225345e+00
159 154 150
2 0 3627 480.4500 -296.9600 1 4053 351.4400 -302.8300
2.3007694501e-01 -1.3913357667e-01 -1.0282225345e+00
159 154 150
2 0 3628 480.4500 -296.9600 1 4052 351.4400 -302.8300
1.0178412932e-01 -1.9209424771e-01 -1.0901902247e+00
168 164 155
2 0 3638 205.5300 -356.0700 1 4044 139.2200 -294.7000
1.7645131448e-01 1.8187811621e-01 -1.2098569449e+00
172 169 162
2 0 3650 301.6100 315.4000 1 4413 237.5600 278.7700
1.6747304277e-01 1.4197123325e-01 -1.1967891154e+00
104 101 96
2 0 3653 290.7100 248.9100 1 4420 224.2500 210.4100
1.5917911934e-01 1.2117897521e-01 -1.1901522503e+00
27 29 31
2 0 3654 279.3000 213.8600 1 4621 211.1000 175.3400
2.4150641212e-01 5.4548285733e-02 -1.1081480355e+00
160 157 150
2 0 3673 462.3500 86.3400 1 4225 364.3500 11.5400
-6.3677305292e-02 -3.1278563380e-02 -1.2210204269e+00
129 93 27
2 0 3703 -105.3500 -29.0000 1 4483 -134.3500 -1.2600
-6.5216476501e-02 -3.6625468993e-02 -1.2180548566e+00
12 12 13
2 0 3713 -107.6300 -38.5600 1 4491 -135.9400 -10.4200
-6.5216476501e-02 -3.6625468993e-02 -1.2180548566e+00
12 12 13
2 0 3714 -107.6300 -38.5600 1 4492 -135.9400 -10.4200
-7.0142222217e-02 -3.6956315323e-02 -1.2156062685e+00
116 119 144
2 0 3716 -115.8400 -39.7000 1 4495 -142.9900 -13.9500
-5.9528979988e-02 -3.7743827558e-02 -1.2200346681e+00
111 117 144
2 0 3717 -98.9400 -39.7400 1 4488 -126.7200 -9.0400
-5.9528979988e-02 -3.7743827558e-02 -1.2200346681e+00
111 117 144
2 0 3718 -98.9400 -39.7400 1 4489 -126.7200 -9.0400
-5.1403642920e-02 -4.0009640631e-02 -1.2219137346e+00
130 100 44
2 0 3719 -86.1400 -42.8600 1 4490 -113.8900 -8.7300
-7.8792223630e-02 -4.7069846380e-02 -1.2080429401e+00
136 99 21
2 0 3724 -129.6800 -58.5600 1 4506 -154.6200 -33.9400
-5.5663034133e-02 -5.1790975786e-02 -1.2161684957e+00
15 18 9
2 0 3725 -92.5700 -63.7300 1 4501 -118.7600 -28.0500
-6.2107267013e-02 -1.0203193634e-01 -1.1966195041e+00
17 16 13
2 0 3769 -102.4700 -152.5900 1 4549 -120.9000 -102.9500
-8.0791553931e-02 -1.0252201483e-01 -1.1900389438e+00
17 11 18
2 0 3772 -132.7500 -156.4800 1 4308 -149.1100 -112.4400
-8.6724621685e-02 -1.0527611618e-01 -1.1859000393e+00
133 104 36
2 0 3776 -142.7000 -162.8200 1 4563 -157.3300 -120.4400
2.3375839983e-01 -7.6103188585e-02 -1.0534635102e+00
147 146 142
2 0 3780 475.0500 -167.4900 1 4354 355.5300 -205.0100
-4.5558093066e-02 -1.2938365756e-01 -1.1933704952e+00
77 82 83
2 0 3791 -75.2900 -198.1900 1 4566 -92.7800 -132.7900
2.2512893180e-01 -1.0152678613e-01 -1.0484724757e+00
152 147 141
2 0 3794 460.3300 -216.5500 1 4013 340.9400 -239.2800
2.5693490678e-01 1.9253680221e-01 -1.1618434440e+00
174 174 162
2 0 3822 463.6400 332.7800 1 4615 389.2100 254.2100
1.7921187590e-01 1.4673955155e-01 -1.1918580930e+00
146 142 133
2 0 3832 313.1600 256.3600 1 4617 244.7600 213.2000
2.3937153300e-01 1.0540198812e-01 -1.1328384766e+00
166 163 156
2 0 3841 446.1200 180.1500 1 4634 358.5800 103.1100
1.5591017745e-01 8.7396908306e-02 -1.1803002850e+00
118 117 110
2 0 3846 275.7600 156.1000 1 4630 207.6300 121.2700
1.5077165551e-01 6.5521307947e-02 -1.1733241259e+00
115 112 105
2 0 3853 268.8500 118.3500 1 4635 200.5800 85.9200
1.3679389902e-01 9.9958349014e-03 -1.1564799764e+00
118 115 110
2 0 3875 249.3000 20.9800 1 4653 181.1900 -0.6700
2.3182156516e-01 7.7855362525e-03 -1.0935934199e+00
168 164 155
2 0 3881 450.8500 -0.5700 1 4669 348.4700 -62.7800
-7.0706600634e-02 -2.7053626920e-02 -1.2198390676e+00
130 101 28
2 0 3886 -116.7600 -22.3600 1 4650 -145.6000 1.4100
-5.8074702533e-02 -3.2192512314e-02 -1.2224683787e+00
16 15 11
2 0 3888 -96.9200 -29.9800 1 4479 -125.0900 -0.2600
-5.8074702533e-02 -3.2192512314e-02 -1.2224683787e+00
16 15 11
2 0 3890 -96.9200 -29.9800 1 4480 -125.0900 -0.2600
-6.9504696531e-02 -3.2136502748e-02 -1.2179917183e+00
7 16 14
2 0 3891 -115.0700 -31.1000 1 4485 -142.5900 -6.0900
-5.4896058089e-02 -3.5940068105e-02 -1.2233602897e+00
8 18 12
2 0 3893 -91.1500 -36.0300 1 4655 -120.6300 -2.9700
-5.6726619019e-02 -4.2477638156e-02 -1.2193122241e+00
17 21 8
2 0 3902 -94.7300 -47.5700 1 4659 -121.4100 -14.7600
-7.1544184371e-02 -4.2303377484e-02 -1.2138425352e+00
8 7 2
2 0 3904 -118.1100 -48.9700 1 4496 -144.3200 -21.8300
-7.1544184371e-02 -4.2303377484e-02 -1.2138425352e+00
8 7 2
2 0 3905 -118.1100 -48.9700 1 4497 -144.3200 -21.8300
1.2553228179e-01 -3.2964104411e-02 -1.1449795014e+00
120 117 111
2 0 3908 232.7400 -55.5600 1 4523 165.2700 -63.7400
-7.1330704638e-02 -6.0408733374e-02 -1.2067524122e+00
111 116 136
2 0 3917 -116.9800 -81.0100 1 4512 -141.8000 -48.8800
-5.4865283706e-02 -7.3589441669e-02 -1.2097790284e+00
135 97 22
2 0 3925 -91.2600 -101.2100 1 4520 -114.2500 -58.2100
-8.2149083435e-02 -7.3472279381e-02 -1.1986953373e+00
137 103 25
2 0 3926 -135.4100 -105.1500 1 4527 -155.2600 -72.7800
-5.8279629660e-02 -7.7448919610e-02 -1.2062661782e+00
16 17 18
2 0 3928 -96.6400 -108.7400 1 4524 -118.6800 -66.4200
-6.0539609195e-02 -8.4541836113e-02 -1.2030124395e+00
10 15 11
2 0 3929 -99.9300 -121.5800 1 4530 -121.3200 -77.5800
-6.4993623413e-02 -8.7565551778e-02 -1.2011693056e+00
119 126 145
2 0 3934 -107.4900 -127.1800 1 4534 -127.2200 -83.2700
-7.5915465133e-02 -8.7755497646e-02 -1.1959179438e+00
125 127 149
2 0 3937 -124.4500 -129.8100 1 4540 -144.3500 -90.1000
-7.5915465133e-02 -8.7755497646e-02 -1.1959179438e+00
125 127 149
2 0 3938 -124.4500 -129.8100 1 4541 -144.3500 -90.1000
2.1849700496e-01 -6.0552238326e-02 -1.0719060398e+00
162 159 152
2 0 3939 435.8100 -131.2100 1 4575 327.0500 -167.5000
-8.4127482296e-02 -9.0821068518e-02 -1.1929746587e+00
135 102 12
2 0 3942 -138.7300 -135.9400 1 4545 -155.4800 -97.4900
-6.6504244221e-02 -9.2849720888e-02 -1.1980185832e+00
16 16 13
2 0 3943 -109.2300 -137.2000 1 4543 -129.3200 -92.2300
-1.2263178278e-01 -9.9732404063e-02 -1.2122013933e+00
73 102 144
2 0 3948 -203.5900 -143.5200 1 4689 -212.6000 -90.2900
-9.6046563919e-02 -9.6062506587e-02 -1.1858721073e+00
141 130 121
2 0 3950 -158.1300 -147.7400 1 4556 -173.0500 -111.8400
-7.7333549675e-02 -9.8598027140e-02 -1.1922970741e+00
130 136 160
2 0 3951 -127.0600 -149.0300 1 4553 -144.5000 -105.5600
-7.7333549675e-02 -9.8598027140e-02 -1.1922970741e+00
130 136 160
2 0 3952 -127.0600 -149.0300 1 4554 -144.5000 -105.5600
-8.5290699565e-02 -9.8955788956e-02 -1.1891124029e+00
131 106 18
2 0 3955 -140.4500 -150.9800 1 4555 -156.0900 -110.2600
-7.6325805535e-02 -1.0320195697e-01 -1.1905488613e+00
10 13 9
2 0 3959 -125.5300 -157.2600 1 4557 -142.0400 -112.1700
-7.4438371305e-02 -1.0909047060e-01 -1.1903689965e+00
22 14 17
2 0 3962 -122.2300 -167.0500 1 4560 -138.6600 -118.2100
1.6118316920e-01 1.0846359842e-01 -1.1858372036e+00
120 117 112
2 0 3982 283.2500 192.1200 1 4732 215.5600 154.4900
2.3004910738e-01 2.1104515383e-02 -1.0998213666e+00
188 181 173
2 0 3999 445.0400 24.8700 1 4755 344.6100 -39.8600
1.3018862414e-01 -1.5474691968e-02 -1.1493294267e+00
129 122 116
2 0 4006 240.0200 -24.4300 1 4663 171.6300 -38.5600
-9.3093936528e-02 -5.9227341979e-02 -1.2007109430e+00
142 106 22
2 0 4018 -153.2100 -81.0600 1 4668 -174.6400 -56.4500
-7.9790264855e-02 -6.6671564311e-02 -1.2030102496e+00
134 100 26
2 0 4023 -130.9600 -92.5800 1 4759 -153.5700 -60.5200
-6.1542484078e-02 -7.4426722764e-02 -1.2061811504e+00
46 32 18
2 0 4025 -101.2600 -104.0400 1 4670 -124.7700 -63.5000
-7.4708984906e-02 -8.1670474104e-02 -1.1988440261e+00
17 11 5
2 0 4034 -122.6800 -118.6500 1 4681 -143.3300 -80.4400
9.6207512935e-02 -1.5469900454e-01 -1.1100708396e+00
106 103 96
2 0 4051 189.3000 -279.6700 1 4716 127.4100 -235.5300
9.0341791148e-02 -1.7699010619e-01 -1.1036772140e+00
121 118 111
2 0 4053 180.5300 -321.9300 1 4719 119.7200 -265.5000
1.1793688365e-01 -6.9700546730e-02 -1.1335568891e+00
126 121 117
2 0 4071 222.6500 -122.5400 1 4768 155.3600 -117.7700
-7.2393418757e-02 -8.7891425725e-02 -1.1970292007e+00
115 120 141
2 0 4074 -118.4900 -129.6100 1 4765 -139.2400 -88.6400
-6.4649918354e-02 -4.6265259716e-02 -1.2161587174e+00
102 107 140
2 0 4089 -107.2000 -54.7300 1 4781 -133.1600 -23.0100
