# Bundle file v0.3
3 66
2.0865409549e+03 1.2504183427e-01 1.0192040511e-02
9.9980237030e-01 6.5311562632e-03 1.8776696885e-02
-6.5787006507e-03 9.9997530603e-01 2.4714421969e-03
-1.8760091839e-02 -2.5944800346e-03 9.9982064773e-01
1.7701474968e-02 3.3168379524e-03 1.1648779242e-02
2.1377825438e+03 -9.9112361692e-02 -4.9625082942e-03
4.8718102641e-01 -1.9017880699e-01 -8.5234187324e-01
-4.2111573097e-01 8.0387017394e-01 -4.2006461954e-01
7.6505959810e-01 5.6358208349e-01 3.1154300912e-01
-7.4148075990e-01 -3.4491309154e-01 -6.0021900815e-01
0 0 0
0 0 0
0 0 0
0 0 0
0 0 0
1.2061320079e-01 1.5404228000e-01 -9.3593250700e-01
192 193 195
2 0 64 275.4900 349.4300 1 2364 256.1100 362.0600
1.9168015881e-01 7.7934469420e-02 -9.2777913598e-01
194 195 199
2 0 464 439.1200 177.7000 1 2777 390.0100 81.2800
1.8212013093e-01 7.0029604150e-02 -9.2298092184e-01
164 164 170
2 0 510 419.4300 160.5500 1 1003 362.7600 67.1100
1.8904162718e-01 6.1088809171e-02 -9.2178492113e-01
185 186 190
2 0 573 435.8500 140.1200 1 2853 375.2200 35.2700
2.1737151896e-01 5.3914644732e-02 -9.2640675881e-01
152 151 149
2 0 617 498.7500 122.4500 1 2928 442.2100 -12.1900
1.4965943519e-01 4.4145396750e-02 -9.0733978774e-01
184 184 184
2 0 663 350.9000 103.3400 1 1113 276.8100 24.7500
1.4965943519e-01 4.4145396750e-02 -9.0733978774e-01
184 184 184
2 0 664 350.9000 103.3400 1 1114 276.8100 24.7500
2.1538521719e-01 4.3284724356e-02 -9.2247495804e-01
178 177 175
2 0 685 496.2100 98.6600 1 2987 431.3300 -40.6800
1.4278377902e-01 3.8077488236e-02 -9.0395274171e-01
175 173 178
2 0 700 335.9700 89.8500 1 1138 259.7000 14.6200
1.6245406442e-01 3.7221762698e-02 -9.0806660572e-01
183 183 183
2 0 711 380.4500 86.8600 1 2918 302.4300 -5.7700
1.9186543242e-01 1.7261013439e-02 -9.0885487012e-01
172 168 165
2 0 838 448.7900 39.6900 1 3050 361.7300 -88.0500
2.0812900998e-01 1.7016638552e-02 -9.1264891233e-01
163 161 158
2 0 843 484.8200 38.6400 1 3076 400.4000 -105.5100
1.3110450523e-01 1.5397872668e-02 -8.9407188713e-01
163 163 161
2 0 848 312.2000 37.2700 1 1312 226.2600 -34.0500
1.3110450523e-01 1.5397872668e-02 -8.9407188713e-01
163 163 161
2 0 849 312.2000 37.2700 1 1313 226.2600 -34.0500
1.9672764228e-01 1.0301704195e-02 -9.0784083933e-01
169 164 158
2 0 893 460.6700 23.4300 1 1623 369.9900 -111.6900
1.9582265288e-01 6.7410502549e-03 -9.0669387610e-01
165 160 154
2 0 910 459.2000 15.0800 1 3112 366.6100 -119.9100
1.9556368440e-01 8.6771672493e-04 -9.0470517586e-01
172 169 162
2 0 948 459.5800 1.4300 1 1704 363.1200 -135.3400
1.9775004310e-01 3.3713770137e-04 -9.0503822073e-01
127 122 117
2 0 955 464.6200 0.0600 1 1715 367.9100 -138.9900
1.9775004310e-01 3.3713770137e-04 -9.0503822073e-01
127 122 117
2 0 956 464.6200 0.0600 1 1716 367.9100 -138.9900
2.0648483023e-01 -8.4535612139e-03 -9.0448657853e-01
162 157 153
2 0 1021 485.4800 -20.7000 1 3191 384.6200 -171.3200
1.5235758022e-01 -9.8012106857e-03 -8.9130097081e-01
115 110 106
2 0 1029 363.8000 -23.0600 1 1651 262.4100 -118.3300
1.6570556455e-01 -1.5687828832e-02 -8.9245009415e-01
163 159 150
2 0 1063 395.0800 -37.3200 1 1743 288.6300 -146.8700
1.9645944219e-01 -1.7132129211e-02 -8.9935779273e-01
153 150 145
2 0 1070 464.6200 -41.0800 1 1839 357.1500 -182.9600
1.4615747060e-01 -2.2306233275e-02 -8.8597184288e-01
169 165 160
2 0 1109 351.1400 -52.8100 1 1726 244.8100 -143.5100
1.4325710006e-01 -2.9646990119e-02 -8.8283577891e-01
165 161 154
2 0 1157 345.4200 -70.4500 1 1770 235.8200 -158.9700
1.4055777803e-01 -3.6019683042e-02 -8.8033377385e-01
113 110 105
2 0 1200 339.9200 -85.8800 1 1809 228.3100 -171.6800
1.4055777803e-01 -3.6019683042e-02 -8.8033377385e-01
113 110 105
2 0 1201 339.9200 -85.8800 1 1810 228.3100 -171.6800
1.8960875273e-01 -5.0835491229e-02 -8.8723696523e-01
157 157 149
2 0 1302 454.6400 -121.7600 1 2037 327.1800 -260.3000
8.0465427499e-02 1.4625727981e-01 -9.2422612541e-01
176 176 174
2 0 2012 187.4800 336.1600 1 3456 165.0100 363.7400
8.0465427499e-02 1.4625727981e-01 -9.2422612541e-01
176 176 174
2 0 2013 187.4800 336.1600 1 3457 165.0100 363.7400
1.0277131921e-01 1.1026320594e-01 -8.8360064012e-01
150 155 54
2 0 2086 251.0900 264.6300 1 2586 118.1200 208.7300
1.0277131921e-01 1.1026320594e-01 -8.8360064012e-01
150 155 54
2 0 2087 251.0900 264.6300 1 2587 118.1200 208.7300
2.0616255366e-01 1.0371260419e-01 -9.3945469082e-01
207 207 217
2 0 2107 466.5900 233.5600 1 3640 440.2300 145.2200
2.1775821647e-01 9.9655091766e-02 -9.4108275310e-01
205 205 215
2 0 2119 491.8400 224.0200 1 3665 468.8200 122.7200
8.2112174599e-02 5.4819867957e-02 -8.6311478614e-01
168 168 74
2 0 2198 206.0800 135.3900 1 2784 65.2900 75.3200
1.7187931248e-01 5.6405680565e-02 -9.1616641239e-01
190 189 194
2 0 2205 398.9400 130.2300 1 3724 331.9400 37.9900
1.5200440700e-01 3.2140274954e-02 -9.0418024123e-01
172 170 171
2 0 2274 357.5600 75.6100 1 2921 277.4300 -9.5600
1.5683685400e-01 2.5778363165e-02 -9.0337101778e-01
174 173 171
2 0 2294 369.2300 60.6400 1 3801 285.7100 -30.8800
1.4118214672e-01 1.7665532030e-02 -8.9709311798e-01
167 163 164
2 0 2308 334.7800 42.4200 1 2978 248.4000 -37.7200
1.9536537291e-01 5.2469921586e-03 -9.0597162496e-01
133 128 122
2 0 2338 458.4400 11.6900 1 3926 364.5400 -123.6600
1.5090337433e-01 1.5640319820e-03 -8.9441369993e-01
155 154 150
2 0 2350 358.8600 4.1800 1 3053 263.4300 -88.3500
1.5120700416e-01 -7.7438542618e-03 -8.9154344599e-01
130 125 119
2 0 2366 360.8900 -18.0500 1 3095 260.4600 -112.2400
1.5120700416e-01 -7.7438542618e-03 -8.9154344599e-01
130 125 119
2 0 2367 360.8900 -18.0500 1 3096 260.4600 -112.2400
1.8301243979e-01 -1.1676727059e-02 -8.9797116423e-01
167 162 156
2 0 2381 433.4000 -27.8900 1 3164 329.1400 -154.5400
2.0370883621e-01 -1.7653044079e-02 -9.0089048501e-01
130 127 122
2 0 2399 480.8900 -42.3200 1 1868 373.6700 -192.3300
1.4963022799e-01 -2.5901058905e-02 -8.8562909151e-01
154 149 143
2 0 2425 359.6300 -61.5400 1 3169 250.7100 -155.9200
1.9471608062e-01 -2.6023820946e-02 -8.9623056402e-01
159 156 149
2 0 2427 462.1200 -62.1500 1 3241 349.3600 -203.7700
1.9471608062e-01 -2.6023820946e-02 -8.9623056402e-01
159 156 149
2 0 2428 462.1200 -62.1500 1 3242 349.3600 -203.7700
1.7955249960e-01 -2.6471114643e-02 -8.9245631400e-01
117 114 107
2 0 2432 428.1100 -63.2800 1 3216 314.9400 -188.3900
1.7855230512e-01 -3.5038236458e-02 -8.8964429305e-01
164 159 153
2 0 2459 426.8900 -83.5700 1 3249 309.5400 -208.9300
1.7855230512e-01 -3.5038236458e-02 -8.8964429305e-01
164 159 153
2 0 2460 426.8900 -83.5700 1 3248 309.5400 -208.9300
1.3225626876e-01 -4.1969675351e-02 -8.7652683189e-01
149 145 142
2 0 2475 321.5200 -100.5700 1 3199 209.3400 -177.4900
1.5746937539e-01 -5.8703133355e-02 -8.7750089919e-01
138 135 130
2 0 2538 381.8100 -141.1200 1 3274 255.9300 -243.8800
1.8881246762e-01 -6.3559465199e-02 -8.8326170482e-01
146 146 138
2 0 2570 454.8200 -152.7600 1 2118 320.5700 -290.2300
3.3747316795e-02 1.2313579450e-01 -8.7703559309e-01
29 30 25
2 0 2830 86.5300 299.5300 1 4722 -2.5900 296.9900
1.9324510037e-01 8.8853085784e-02 -9.3166163184e-01
200 204 207
2 0 2868 441.1500 201.4900 1 4177 399.3800 112.2100
1.9870755667e-01 6.0776267138e-02 -9.2406570299e-01
185 184 189
2 0 2914 456.9400 138.9600 1 4218 398.9300 25.3600
1.8633525586e-01 5.1605441325e-02 -9.1826741585e-01
165 165 165
2 0 2937 431.5000 118.4700 1 4225 364.3500 11.5400
2.1058722759e-01 1.4044316017e-02 -9.1240170889e-01
153 148 144
2 0 2976 490.5900 31.8200 1 4311 405.1600 -116.1400
2.0124360992e-01 1.2034238860e-02 -9.0964774396e-01
158 153 149
2 0 2980 470.3500 27.2600 1 3909 381.9200 -111.4500
1.9198019471e-01 -2.0520213316e-02 -8.9729803483e-01
119 118 113
2 0 3034 455.0900 -49.0700 1 3975 345.5300 -186.7200
1.9349578674e-01 -4.0757672617e-02 -8.9165690562e-01
127 122 116
2 0 3063 461.5300 -97.2800 1 4014 340.9400 -239.2800
5.4049476768e-02 -3.8332197111e-02 -8.2944441984e-01
238 232 200
2 0 3537 142.8300 -95.6800 1 4318 -2.3500 -127.2900
4.9239513062e-02 -4.0393953904e-02 -8.2753762299e-01
236 234 188
2 0 3543 130.9700 -101.1400 1 3927 -11.4300 -127.6800
5.2207765766e-02 -5.3454691273e-02 -8.2490915331e-01
230 237 206
2 0 3769 138.7400 -134.7700 1 4790 -6.9800 -159.7400
-8.3780090338e-02 -4.6170554644e-02 -7.4638476045e-01
240 201 62
2 0 3808 -229.5900 -125.4600 1 4786 -317.0900 -77.3900
