# Bundle file v0.3
3 67
2.0879724501e+03 1.1977238544e-01 9.7703322931e-03
9.9921938069e-01 1.0938751473e-02 3.7960149845e-02
-1.1431338315e-02 9.9985293967e-01 1.2783721264e-02
-3.7814729463e-02 -1.3207677359e-02 9.9919747973e-01
3.5683056959e-02 1.3697585333e-02 1.5918161860e-02
2.1376654457e+03 -9.5894898855e-02 -4.8480323899e-03
5.0602169382e-01 -1.7728941617e-01 -8.4410337536e-01
-4.1604343769e-01 8.0709889148e-01 -4.1892629105e-01
7.5554609610e-01 5.6316946144e-01 3.3464944998e-01
-7.6198473570e-01 -3.5616614810e-01 -5.9618056534e-01
0 0 0
0 0 0
0 0 0
0 0 0
0 0 0
1.2485673222e-01 1.5921778441e-01 -9.6610223165e-01
192 193 195
2 0 64 275.4900 349.4300 1 2364 256.1100 362.0600
1.2175902985e-01 1.5171842365e-01 -9.6304542653e-01
195 195 197
2 0 100 269.4300 334.4100 1 2392 246.3100 341.9200
1.9837542926e-01 8.0951255325e-02 -9.5710171267e-01
194 195 199
2 0 464 439.1200 177.7000 1 2777 390.0100 81.2800
1.8846441837e-01 7.2701433599e-02 -9.5245268634e-01
164 164 170
2 0 510 419.4300 160.5500 1 1003 362.7600 67.1100
1.9562590849e-01 6.3498943151e-02 -9.5117848127e-01
185 186 190
2 0 573 435.8500 140.1200 1 2853 375.2200 35.2700
2.2497028628e-01 5.6282044653e-02 -9.5542329074e-01
152 151 149
2 0 617 498.7500 122.4500 1 2928 442.2100 -12.1900
1.5482089899e-01 4.5684152223e-02 -9.3732830928e-01
184 184 184
2 0 663 350.9000 103.3400 1 1113 276.8100 24.7500
1.5482089899e-01 4.5684152223e-02 -9.3732830928e-01
184 184 184
2 0 664 350.9000 103.3400 1 1114 276.8100 24.7500
2.2290092551e-01 4.5266809293e-02 -9.5153803432e-01
178 177 175
2 0 685 496.2100 98.6600 1 2987 431.3300 -40.6800
1.4769650430e-01 3.9357220095e-02 -9.3405594094e-01
175 173 178
2 0 700 335.9700 89.8500 1 1138 259.7000 14.6200
1.6806537805e-01 3.8610446035e-02 -9.3788739179e-01
183 183 183
2 0 711 380.4500 86.8600 1 2918 302.4300 -5.7700
1.9851624164e-01 1.8169728874e-02 -9.3830956101e-01
172 168 165
2 0 838 448.7900 39.6900 1 3050 361.7300 -88.0500
2.1536397360e-01 1.8035256971e-02 -9.4187523292e-01
163 161 158
2 0 843 484.8200 38.6400 1 3076 400.4000 -105.5100
1.3557892323e-01 1.5804516148e-02 -9.2439090856e-01
163 163 161
2 0 848 312.2000 37.2700 1 1312 226.2600 -34.0500
1.3557892323e-01 1.5804516148e-02 -9.2439090856e-01
163 163 161
2 0 849 312.2000 37.2700 1 1313 226.2600 -34.0500
2.0354734024e-01 1.1004329541e-02 -9.3724279224e-01
169 164 158
2 0 893 460.6700 23.4300 1 1623 369.9900 -111.6900
2.0261042215e-01 7.3155341666e-03 -9.3612245702e-01
165 160 154
2 0 910 459.2000 15.0800 1 3112 366.6100 -119.9100
2.0233538251e-01 1.2355619817e-03 -9.3414757195e-01
172 169 162
2 0 948 459.5800 1.4300 1 1704 363.1200 -135.3400
2.0459940868e-01 7.0229217111e-04 -9.3445027571e-01
127 122 117
2 0 955 464.6200 0.0600 1 1715 367.9100 -138.9900
2.0459940868e-01 7.0229217111e-04 -9.3445027571e-01
127 122 117
2 0 956 464.6200 0.0600 1 1716 367.9100 -138.9900
2.1364289696e-01 -8.3281477647e-03 -9.3379873107e-01
162 157 153
2 0 1021 485.4800 -20.7000 1 3191 384.6200 -171.3200
1.5757328461e-01 -1.0115722774e-02 -9.2138288544e-01
115 110 106
2 0 1029 363.8000 -23.0600 1 1651 262.4100 -118.3300
1.7139150946e-01 -1.6111741823e-02 -9.2235185816e-01
163 159 150
2 0 1063 395.0800 -37.3200 1 1743 288.6300 -146.8700
2.0324930423e-01 -1.7381315614e-02 -9.2883024071e-01
153 150 145
2 0 1070 464.6200 -41.0800 1 1839 357.1500 -182.9600
1.5114096273e-01 -2.3099741272e-02 -9.1617241497e-01
169 165 160
2 0 1109 351.1400 -52.8100 1 1726 244.8100 -143.5100
1.4812709518e-01 -3.0718455038e-02 -9.1308988640e-01
165 161 154
2 0 1157 345.4200 -70.4500 1 1770 235.8200 -158.9700
1.4532788890e-01 -3.7331006459e-02 -9.1064564509e-01
113 110 105
2 0 1200 339.9200 -85.8800 1 1809 228.3100 -171.6800
1.4532788890e-01 -3.7331006459e-02 -9.1064564509e-01
113 110 105
2 0 1201 339.9200 -85.8800 1 1810 228.3100 -171.6800
1.9612424095e-01 -5.2303886925e-02 -9.1688538843e-01
157 157 149
2 0 1302 454.6400 -121.7600 1 2037 327.1800 -260.3000
8.3274374375e-02 1.5087392624e-01 -9.5497694905e-01
176 176 174
2 0 2012 187.4800 336.1600 1 3456 165.0100 363.7400
8.3274374375e-02 1.5087392624e-01 -9.5497694905e-01
176 176 174
2 0 2013 187.4800 336.1600 1 3457 165.0100 363.7400
1.0566001242e-01 1.1339496621e-01 -9.1299765749e-01
150 155 54
2 0 2086 251.0900 264.6300 1 2586 118.1200 208.7300
1.0566001242e-01 1.1339496621e-01 -9.1299765749e-01
150 155 54
2 0 2087 251.0900 264.6300 1 2587 118.1200 208.7300
2.1340352695e-01 1.0773476325e-01 -9.6852349385e-01
207 207 217
2 0 2107 466.5900 233.5600 1 3640 440.2300 145.2200
2.2541529445e-01 1.0362121223e-01 -9.7000318892e-01
205 205 215
2 0 2119 491.8400 224.0200 1 3665 468.8200 122.7200
8.4246568710e-02 5.5893499331e-02 -8.9299461992e-01
168 168 74
2 0 2198 206.0800 135.3900 1 2784 65.2900 75.3200
1.7784220840e-01 5.8528045144e-02 -9.4580762138e-01
190 189 194
2 0 2205 398.9400 130.2300 1 3724 331.9400 37.9900
1.5724039533e-01 3.3278900384e-02 -9.3416481019e-01
172 170 171
2 0 2274 357.5600 75.6100 1 2921 277.4300 -9.5600
1.6224130749e-01 2.6731108108e-02 -9.3330363896e-01
174 173 171
2 0 2294 369.2300 60.6400 1 3801 285.7100 -30.8800
1.4601802504e-01 1.8222943179e-02 -9.2726299611e-01
167 163 164
2 0 2308 334.7800 42.4200 1 2978 248.4000 -37.7200
2.0213255751e-01 5.7647078241e-03 -9.3540520068e-01
133 128 122
2 0 2338 458.4400 11.6900 1 3926 364.5400 -123.6600
1.5607482566e-01 1.6327563383e-03 -9.2448633022e-01
155 154 150
2 0 2350 358.8600 4.1800 1 3053 263.4300 -88.3500
1.5638069531e-01 -7.9966437025e-03 -9.2163256179e-01
130 125 119
2 0 2366 360.8900 -18.0500 1 3095 260.4600 -112.2400
1.5638069531e-01 -7.9966437025e-03 -9.2163256179e-01
130 125 119
2 0 2367 360.8900 -18.0500 1 3096 260.4600 -112.2400
1.8932612229e-01 -1.1833697723e-02 -9.2762461012e-01
167 162 156
2 0 2381 433.4000 -27.8900 1 3164 329.1400 -154.5400
2.1075811485e-01 -1.7867555100e-02 -9.3026056160e-01
130 127 122
2 0 2399 480.8900 -42.3200 1 1868 373.6700 -192.3300
1.5473429406e-01 -2.6794697944e-02 -9.1578783309e-01
154 149 143
2 0 2425 359.6300 -61.5400 1 3169 250.7100 -155.9200
2.0143702013e-01 -2.6593434693e-02 -9.2575006532e-01
159 156 149
2 0 2427 462.1200 -62.1500 1 3241 349.3600 -203.7700
2.0143702013e-01 -2.6593434693e-02 -9.2575006532e-01
159 156 149
2 0 2428 462.1200 -62.1500 1 3242 349.3600 -203.7700
1.8572792082e-01 -2.7167458238e-02 -9.2219046090e-01
117 114 107
2 0 2432 428.1100 -63.2800 1 3216 314.9400 -188.3900
1.8468647433e-01 -3.6038194871e-02 -9.1941586858e-01
164 159 153
2 0 2459 426.8900 -83.5700 1 3249 309.5400 -208.9300
1.8468647433e-01 -3.6038194871e-02 -9.1941586858e-01
164 159 153
2 0 2460 426.8900 -83.5700 1 3248 309.5400 -208.9300
1.3672370530e-01 -4.3548331962e-02 -9.0697133787e-01
149 145 142
2 0 2475 321.5200 -100.5700 1 3199 209.3400 -177.4900
1.6283100258e-01 -6.0677295795e-02 -9.0763612031e-01
138 135 130
2 0 2538 381.8100 -141.1200 1 3274 255.9300 -243.8800
1.9529190200e-01 -6.5473701164e-02 -9.1295751673e-01
146 146 138
2 0 2570 454.8200 -152.7600 1 2118 320.5700 -290.2300
3.4302790207e-02 1.2628282917e-01 -9.0755116811e-01
29 30 25
2 0 2830 86.5300 299.5300 1 4722 -2.5900 296.9900
2.0000779538e-01 9.2262703300e-02 -9.6094122754e-01
200 204 207
2 0 2868 441.1500 201.4900 1 4177 399.3800 112.2100
2.0564032934e-01 6.3246361385e-02 -9.5332742551e-01
185 184 189
2 0 2914 456.9400 138.9600 1 4218 398.9300 25.3600
1.9281616889e-01 5.3667099270e-02 -9.4772286717e-01
165 165 165
2 0 2937 431.5000 118.4700 1 4225 364.3500 11.5400
2.1790996401e-01 1.4978815768e-02 -9.4160306738e-01
153 148 144
2 0 2976 490.5900 31.8200 1 4311 405.1600 -116.1400
2.0823079456e-01 1.2831955004e-02 -9.3898847520e-01
158 153 149
2 0 2980 470.3500 27.2600 1 3909 381.9200 -111.4500
1.9860754712e-01 -2.0918965612e-02 -9.2684364073e-01
119 118 113
2 0 3034 455.0900 -49.0700 1 3975 345.5300 -186.7200
2.0016653882e-01 -4.1843926944e-02 -9.2123797981e-01
127 122 116
2 0 3063 461.5300 -97.2800 1 4014 340.9400 -239.2800
5.5131306010e-02 -4.0680666800e-02 -8.6003190687e-01
238 232 200
2 0 3537 142.8300 -95.6800 1 4318 -2.3500 -127.2900
5.0144209706e-02 -4.2851197614e-02 -8.5819548462e-01
236 234 188
2 0 3543 130.9700 -101.1400 1 3927 -11.4300 -127.6800
5.3220034298e-02 -5.6338299682e-02 -8.5558452145e-01
230 237 206
2 0 3769 138.7400 -134.7700 1 4790 -6.9800 -159.7400
-8.8639317297e-02 -5.0359658047e-02 -7.7747286162e-01
240 201 62
2 0 3808 -229.5900 -125.4600 1 4786 -317.0900 -77.3900
