# Bundle file v0.3
3 666
1.2832048821e+03 5.0456185490e-02 4.2008143236e-02
9.4361514879e-01 2.9982598939e-01 1.4033825941e-01
-2.5955481358e-01 9.3320126295e-01 -2.4852907591e-01
-2.0547931700e-01 1.9809033018e-01 9.5840412738e-01
7.6527342538e-02 -1.5984634623e-01 1.7666927417e-01
1.2032780838e+03 7.6208284006e-02 -2.4271785755e-01
9.8795917140e-01 -3.4862280763e-02 1.5073585180e-01
5.7574200261e-02 9.8715273690e-01 -1.4904591739e-01
-1.4360322803e-01 1.5592977716e-01 9.7727376793e-01
9.6154673620e-02 -1.0367631323e-01 2.2523854369e-01
1.9395154242e+03 1.7121501356e-01 1.4290847003e-02
7.1417960483e-01 2.0256849358e-01 6.7001007265e-01
2.0920974853e-01 8.5167822872e-01 -4.8049503206e-01
-6.6796614672e-01 4.8333239093e-01 5.6587191723e-01
4.9105559178e-01 -3.6726623223e-01 -5.4456347319e-01
7.4988772773e-02 -7.3495461952e-02 -6.1083479729e-01
190 178 166
3 1 3896 248.8800 -249.0500 2 1450 240.7400 -241.1800 0 2092 115.1000 -280.5200
1.2992203780e-01 8.2981949159e-02 -5.9159038456e-01
176 168 159
3 1 2740 446.2900 249.5700 2 793 431.7000 31.6000 0 2788 455.3600 99.1400
1.1818634991e-01 7.3508254426e-02 -6.1482504897e-01
222 212 202
3 1 2789 373.6700 214.4200 2 791 371.6800 32.0100 0 2795 378.1100 93.8400
1.2070408335e-01 6.9250654602e-02 -6.0492025459e-01
216 206 197
3 1 2818 395.5300 201.2700 2 823 388.6600 15.8500 0 2834 393.5700 73.5900
1.1903200236e-01 5.6286381613e-02 -5.9906734338e-01
216 206 194
3 1 2895 398.8500 157.9400 2 881 388.2000 -13.7700 0 2900 381.9000 33.2700
1.1023390205e-01 4.4464451880e-02 -6.1257304989e-01
217 207 195
3 1 2969 351.8000 120.1500 2 907 347.9600 -24.8600 0 2934 327.3000 15.7400
-7.7013819652e-02 -5.0347034808e-02 -7.4683078942e-01
200 193 66
3 1 3482 -218.5500 -111.3700 2 1181 -154.1400 -139.4400 0 2971 -279.8800 -3.4600
-7.7013819652e-02 -5.0347034808e-02 -7.4683078942e-01
200 193 66
3 1 3483 -218.5500 -111.3700 2 1182 -154.1400 -139.4400 0 2972 -279.8800 -3.4600
1.0549732702e-01 3.2088244997e-02 -6.1520599326e-01
212 202 192
3 1 3040 333.9000 81.1100 2 951 330.2700 -46.1000 0 3004 298.2200 -13.3000
1.2207513224e-01 4.3495280734e-02 -5.8087355473e-01
148 140 129
3 1 2988 437.4900 112.8800 2 969 414.0600 -53.6400 0 3021 401.0400 -21.6200
1.2518401696e-01 4.0863835127e-02 -5.7145702946e-01
213 203 193
3 1 4368 464.2800 102.0300 2 999 432.2400 -66.4500 0 3066 420.7500 -40.5700
1.1923439646e-01 2.9880091037e-02 -5.7756609036e-01
218 205 196
3 1 4408 433.2100 64.6300 2 1042 407.8000 -81.8700 0 3140 381.0300 -63.2800
8.5896568277e-02 -8.4926207512e-03 -6.3421830697e-01
204 191 183
3 1 3276 254.1000 -37.0000 2 1090 253.3000 -104.9300 0 3221 187.8700 -92.2300
9.9437064410e-02 -1.0334689104e-03 -6.0455368380e-01
229 216 199
3 1 3252 329.0400 -28.1500 2 1120 320.6300 -116.2600 0 3279 258.3400 -110.3500
9.9437064410e-02 -1.0334689104e-03 -6.0455368380e-01
229 216 199
3 1 3251 329.0400 -28.1500 2 1121 320.6300 -116.2600 0 3280 258.3400 -110.3500
1.1441901531e-01 1.2562186914e-02 -5.7664394351e-01
168 158 148
3 1 3175 418.1600 4.2500 2 1114 392.3400 -115.3300 0 3284 348.1900 -111.8600
7.9970951391e-02 -2.5597936120e-02 -6.3573356654e-01
183 173 163
3 1 3407 236.0000 -86.8800 2 1168 234.6400 -134.4100 0 3349 155.3300 -131.0000
-1.9155965225e-02 -1.0417981381e-01 -7.2767579674e-01
162 164 182
3 1 3871 -69.6200 -240.4000 2 1416 -60.9900 -215.4600 0 3457 -179.2300 -169.8800
1.0945329676e-01 -8.0333893185e-03 -5.7302922404e-01
214 202 186
3 1 3353 406.9200 -68.7400 2 1232 379.4900 -156.8200 0 3471 314.8700 -172.8400
1.0945329676e-01 -8.0333893185e-03 -5.7302922404e-01
214 202 186
3 1 3354 406.9200 -68.7400 2 1233 379.4900 -156.8200 0 3472 314.8700 -172.8400
1.1036730750e-01 -2.7122417511e-02 -5.5601013748e-01
160 151 134
3 1 3593 438.0400 -147.9200 2 1391 396.9300 -207.0900 0 3685 317.1700 -253.4100
8.2702086097e-02 -5.8614950425e-02 -6.0284924569e-01
167 154 145
3 1 3796 280.5900 -210.7400 2 1426 270.3600 -221.7900 0 3703 156.0800 -257.1900
1.1144255960e-01 6.1336045891e-02 -6.2261677778e-01
225 212 203
3 1 4299 342.5600 174.8300 2 2148 343.0100 14.9700 0 4198 336.8300 69.0300
1.2751693771e-01 5.6823075490e-02 -5.7780096201e-01
213 203 191
3 1 4315 461.5200 159.3700 2 2197 434.8100 -30.5200 0 4252 437.4200 11.8300
-8.2237376553e-02 -4.9498263106e-02 -7.4694427772e-01
200 197 61
3 1 4598 -231.5100 -110.0900 2 2333 -162.4400 -140.9000 0 4264 -291.7500 1.7900
1.2686197593e-01 5.0618537489e-02 -5.7444357396e-01
220 210 198
3 1 4333 464.9000 137.0500 2 950 435.6500 -45.3100 0 4273 433.2400 -9.3600
-7.2743043517e-02 -6.3440383168e-02 -7.4003135240e-01
145 113 111
3 1 4652 -206.4200 -145.3900 2 2369 -143.3000 -166.9200 0 4329 -278.7600 -39.7300
1.1701268465e-01 2.8242811657e-02 -5.8145684559e-01
186 175 166
3 1 4411 419.4000 60.0200 2 2245 397.3800 -81.8900 0 4365 367.3900 -62.5500
8.1073651049e-03 -3.5354768424e-02 -6.7484472462e-01
248 240 184
3 1 4576 9.8800 -102.6600 2 2340 77.1600 -145.5200 0 4382 -56.8600 -73.2000
-7.4950869973e-02 -8.2107326276e-02 -7.3110088621e-01
168 179 212
3 1 5337 -209.2200 -196.4900 2 2447 -141.5000 -208.5200 0 4403 -298.0800 -86.7800
-4.2010857327e-02 -8.5965856796e-02 -7.3258583743e-01
7 10 2
3 1 3742 -128.5100 -198.2700 2 1349 -94.4300 -194.5200 0 4457 -220.0200 -113.3400
1.2366417163e-01 1.9540300519e-02 -5.5790087283e-01
208 198 188
3 1 4451 482.9600 21.1300 2 2306 439.4500 -118.8900 0 4475 410.9000 -119.0700
9.6573625243e-02 -8.3514446475e-03 -6.0629251865e-01
204 191 182
3 1 4516 318.1500 -50.3900 2 2317 309.9800 -128.3600 0 4491 241.1400 -126.6700
8.0420472623e-02 -3.5088549799e-02 -6.2667953547e-01
194 181 172
3 1 4621 246.8000 -120.6100 2 2355 243.7100 -159.4300 0 4551 154.5000 -164.9700
1.1605011243e-01 -2.9294034944e-03 -5.5988193090e-01
205 193 177
3 1 4530 451.7200 -58.9200 2 1238 412.4700 -159.1000 0 4584 357.7200 -179.4700
1.2009569058e-01 -6.1260262803e-03 -5.4760171866e-01
208 196 184
3 1 5236 488.6700 -78.4800 2 1294 436.1600 -175.7900 0 4617 383.7800 -209.1300
1.0489347102e-01 -2.2233079296e-02 -5.7401909235e-01
214 202 188
3 1 4611 389.9300 -116.4800 2 1310 363.5900 -182.1000 0 4619 284.4900 -209.6200
1.1414766213e-01 -1.2529943178e-02 -5.5781735549e-01
200 191 175
3 1 4571 448.6100 -94.0500 2 2393 407.6500 -178.4500 0 4620 342.9800 -210.2800
1.0940841622e-01 -1.9265938604e-02 -5.6504817704e-01
170 161 144
3 1 4604 419.5600 -113.0100 2 1315 385.8000 -184.2800 0 4630 311.7600 -216.4100
1.1666550948e-01 -1.3073045303e-02 -5.5078245605e-01
196 187 172
3 1 5257 470.1900 -101.4800 2 1322 421.9900 -186.0700 0 4644 360.0700 -223.3500
1.0048634035e-01 -5.3162841681e-02 -5.6142422269e-01
189 179 167
3 1 5368 394.8000 -233.7000 2 2494 360.3600 -249.3800 0 4799 251.0300 -314.6900
9.9191325602e-02 -5.8347317365e-02 -5.6081312725e-01
211 198 182
3 1 4845 391.2500 -252.4200 2 1488 356.7300 -259.2400 0 4831 242.2100 -329.6500
1.0842420813e-01 -4.7676064162e-02 -5.4601565458e-01
206 194 178
3 1 4811 448.5900 -231.1300 2 1472 398.4700 -253.5100 0 4833 299.6300 -329.5700
8.0232368442e-02 -8.7251279315e-02 -5.8693674077e-01
205 193 177
3 1 4926 292.7800 -317.5700 2 2525 276.3400 -286.4300 0 4891 133.1700 -355.8500
8.4069599677e-02 -8.3574266676e-02 -5.7944993781e-01
195 185 166
3 1 5451 314.3800 -314.8400 2 2526 294.3600 -287.3500 0 4895 153.9200 -360.2200
-3.7177317734e-02 -5.0448564114e-02 -7.4989774314e-01
11 10 4
3 1 5260 -122.9700 -103.6800 2 2302 -96.3500 -115.2100 0 5047 -186.0000 -26.0500
1.2779213714e-01 3.9159061252e-02 -5.6357883578e-01
158 148 138
3 1 5128 487.2800 94.3300 2 2234 447.7300 -76.5000 0 5078 439.1200 -55.6100
-7.4199346234e-02 -7.1738341592e-02 -7.3625528057e-01
162 111 85
3 1 5314 -209.0400 -167.9200 2 2400 -143.3200 -185.0400 0 5086 -288.4800 -60.4200
1.1588075667e-01 2.2089358801e-02 -5.7998534729e-01
211 199 187
3 1 5152 417.7000 38.1900 2 2267 394.4500 -94.8000 0 5099 359.2900 -81.1200
1.2045868838e-01 2.7659152047e-03 -5.5375007015e-01
201 192 177
3 1 5198 478.7300 -42.0300 2 2350 431.7300 -153.8900 0 5180 386.7100 -173.3800
1.1647886944e-01 -4.1501679732e-03 -5.5923201437e-01
205 193 177
3 1 5217 454.4400 -63.5300 2 2959 413.2400 -161.7300 0 5194 358.3100 -184.2800
1.1647886944e-01 -4.1501679732e-03 -5.5923201437e-01
205 193 177
3 1 5218 454.4400 -63.5300 2 2960 413.2400 -161.7300 0 5195 358.3100 -184.2800
1.1860479877e-01 -1.8977299812e-02 -5.4179683112e-01
167 155 141
3 1 5278 493.9300 -130.1200 2 2444 435.8600 -204.8600 0 5256 371.8800 -256.7500
1.1509378183e-01 -2.6944610393e-02 -5.4450779513e-01
205 196 180
3 1 5306 475.8100 -157.4200 2 1419 421.9800 -217.1100 0 5278 347.2100 -274.0500
9.1087307159e-02 -6.0811579053e-02 -5.7912038048e-01
179 166 150
3 1 5375 337.1900 -240.8100 2 3034 316.1600 -247.2400 0 5309 197.6800 -302.4400
1.0617416821e-01 -5.3837688946e-02 -5.4717209190e-01
200 188 172
3 1 5388 438.6500 -251.8300 2 2507 390.1100 -263.5200 0 5346 283.7200 -344.4400
-6.9544916419e-02 -3.7401097800e-02 -7.5300872309e-01
110 143 177
3 1 5629 -202.1800 -76.9200 2 3246 -145.5000 -106.2700 0 5459 -253.3400 24.3100
1.0931341102e-01 3.7690858808e-02 -6.1019342545e-01
216 204 192
3 1 5579 352.1700 97.8400 2 3204 346.6800 -39.4200 0 5470 320.2100 -4.3100
-7.2087518481e-02 -5.1256564387e-02 -7.4635365567e-01
107 108 125
3 1 5266 -206.5500 -112.7300 2 2927 -146.0300 -138.8100 0 5472 -268.6700 -9.1200
-8.1571050474e-02 -6.8333689684e-02 -7.3742269235e-01
198 192 30
3 1 5680 -227.7600 -160.2400 2 3313 -155.6800 -183.1200 0 5491 -303.5700 -47.1300
-7.5312570937e-02 -6.7112501711e-02 -7.3834018993e-01
21 50 30
3 1 5907 -212.3500 -155.5800 2 3303 -146.3600 -176.1400 0 5492 -287.6700 -47.7700
-1.5571574985e-02 -6.2135969641e-02 -7.4763563735e-01
12 11 16
3 1 5660 -69.9200 -127.9300 2 2921 -66.1600 -126.5300 0 5511 -144.1700 -65.3100
1.2273475894e-01 6.3880754315e-03 -5.5067877886e-01
166 156 144
3 1 5615 492.8400 -30.3800 2 2941 442.0800 -149.8300 0 5567 402.7700 -168.1400
1.0538044676e-01 -3.2947110556e-02 -5.6394567507e-01
202 193 178
3 1 5682 407.5700 -161.4700 2 3007 374.2600 -210.6400 0 5589 285.5100 -255.2500
2.5080785717e-02 -7.0783896861e-02 -5.9990968352e-01
38 38 44
3 1 5739 106.1200 -265.6100 2 2518 193.4100 -279.2300 0 5590 -16.4400 -256.9000
-8.6008406577e-03 -4.7671391561e-02 -7.5530511880e-01
13 17 4
3 1 5870 -57.2000 -89.9800 2 3237 -60.1700 -91.2000 0 5728 -120.0000 -33.3800
1.1873032310e-01 -9.5604124344e-03 -5.4722595293e-01
193 181 165
3 1 5874 484.4900 -91.1100 2 3316 432.4400 -183.3400 0 5804 376.0300 -219.3400
1.2320847111e-01 7.6522097829e-02 -6.0403361387e-01
214 207 196
3 1 5987 405.3200 225.8400 2 3585 397.1900 28.4900 0 5852 410.2000 92.7100
-2.8545823996e-02 -5.8155966348e-02 -7.4797860479e-01
175 126 36
3 1 6025 -101.4700 -121.4200 2 3254 -83.4200 -124.7200 0 5873 -171.4700 -49.4200
-8.4731517262e-02 -7.0569175390e-02 -7.3552650240e-01
19 66 44
3 1 6039 -235.3600 -167.8500 2 3544 -158.6800 -189.9500 0 5875 -313.6500 -51.6800
-1.4651343170e-02 -7.4584509611e-02 -7.4012872701e-01
38 30 17
3 1 6036 -64.9900 -161.2300 2 3616 -59.7100 -153.5600 0 5890 -149.5700 -98.2300
2.1740209382e-02 -3.9098769366e-02 -6.2525971452e-01
246 240 68
3 1 6032 75.1400 -145.9000 2 3701 166.8400 -198.8500 0 5904 -7.2600 -138.0200
-8.1731056721e-02 -9.8288712003e-02 -7.2282281459e-01
191 189 206
3 1 6151 -224.4100 -242.7800 2 3689 -147.3200 -248.9700 0 6007 -326.7100 -126.2000
-6.8597647478e-02 -4.4339165705e-02 -7.4931130915e-01
194 196 209
3 1 6173 -198.9000 -94.8600 2 3712 -141.6900 -121.6100 0 6027 -255.8800 6.2000
-8.2572088702e-02 -7.3335227902e-02 -7.3471792029e-01
173 177 49
3 1 6176 -229.6100 -174.4700 2 3720 -155.1900 -194.3400 0 6033 -310.2200 -59.8600
-6.6903683366e-02 -5.9006020861e-02 -7.4220138069e-01
196 195 211
3 1 6192 -193.4600 -133.8400 2 3730 -134.8000 -152.5700 0 6044 -261.3800 -31.7800
-5.9749065589e-02 -6.7321687005e-02 -7.3992076244e-01
124 137 175
2 1 1802 -173.7800 -152.4900 2 1260 -124.1700 -166.1700
1.3512770330e-01 8.5675042017e-02 -5.7979198916e-01
179 170 161
2 1 2717 484.8600 261.3700 2 803 460.1100 26.8300
1.2152765960e-01 8.5871450011e-02 -6.1514619507e-01
220 213 202
2 1 2732 384.0600 254.4000 2 747 383.0300 55.9100
1.2152765960e-01 8.5871450011e-02 -6.1514619507e-01
220 213 202
2 1 2733 384.0600 254.4000 2 748 383.0300 55.9100
1.2068941652e-01 5.4431123668e-02 -5.9296053407e-01
213 203 193
2 1 2902 413.8100 151.4200 2 903 399.0700 -22.6600
1.2068941652e-01 5.4431123668e-02 -5.9296053407e-01
213 203 193
2 1 2903 413.8100 151.4200 2 904 399.0700 -22.6600
9.8690506440e-02 1.2092326648e-02 -6.1705638035e-01
177 165 153
2 1 3150 310.5900 18.6200 2 1040 307.1800 -81.7900
1.0037104376e-01 -1.5191149405e-03 -6.0239722330e-01
218 205 191
2 1 3255 334.4000 -30.4700 2 1128 324.6000 -119.2500
9.9232956991e-02 -3.0777648048e-03 -6.0434070276e-01
214 202 192
2 1 3267 328.2300 -34.5800 2 1133 319.3300 -120.2500
-2.4416223600e-02 -3.1967295939e-02 -7.6036414453e-01
161 140 69
2 1 3330 -96.2300 -54.1900 2 1001 -84.2000 -68.0600
1.0174316450e-01 -3.5229039143e-02 -5.7343574427e-01
205 193 179
2 1 3620 379.6100 -160.5200 2 1380 353.0900 -205.7200
1.0899035651e-01 -4.0692056371e-02 -5.4958816615e-01
197 188 171
2 1 3763 443.8100 -201.8000 2 1446 397.4700 -237.6200
1.2940819462e-01 4.9824704924e-02 -5.6706951241e-01
215 203 192
2 1 4338 487.2500 133.4400 2 971 450.8400 -53.2300
1.2498488581e-01 4.2548442387e-02 -5.7326060669e-01
207 197 187
2 1 4363 460.4000 108.1300 2 2221 430.1300 -61.6300
1.0349358362e-01 1.3992190034e-02 -6.0660503627e-01
211 199 187
2 1 4444 338.5600 20.8600 2 1054 330.9200 -86.9000
1.1608668228e-01 -2.9919877968e-03 -5.5990103658e-01
205 193 177
2 1 4531 451.7200 -58.9200 2 1239 412.4700 -159.1000
1.1573301544e-01 -3.6670510609e-02 -5.3606006312e-01
193 180 164
2 1 4765 493.6900 -201.0800 2 1456 430.8000 -242.5400
1.0617966742e-01 -6.0090014914e-02 -5.4277123507e-01
198 190 175
2 1 4882 445.2200 -278.7900 2 2519 393.4200 -278.9100
7.9836571432e-02 -9.4882337143e-02 -5.8476199975e-01
206 195 177
2 1 4973 293.0200 -343.1800 2 2537 274.8600 -301.3800
1.0465486021e-01 -6.2236639995e-02 -5.4531541419e-01
198 188 176
2 1 5417 435.0300 -283.4800 2 3053 386.3200 -279.9700
9.7430400614e-02 -7.8578803354e-02 -5.5150899624e-01
200 193 175
2 1 5470 398.6800 -332.7500 2 2538 357.7200 -303.4600
7.3001131104e-02 -1.4479926359e-02 -6.4132727033e-01
28 29 34
2 1 5849 209.8400 -53.0400 2 2297 223.3800 -113.2600
2.5148439984e-02 -7.4944678802e-02 -5.9757298718e-01
65 68 74
2 1 5960 108.4300 -281.1500 2 3382 194.5900 -289.4700
1.0101308109e-01 -6.7550610782e-02 -5.5019729090e-01
197 186 172
2 1 5961 413.6300 -296.2200 2 3379 370.7800 -285.0000
-7.3286477065e-02 -9.4315500070e-02 -7.2579178002e-01
102 123 154
2 1 6053 -203.5500 -229.2100 2 3560 -136.5200 -234.0100
9.3925712724e-02 1.3138678370e-01 -6.8184072369e-01
188 180 169
2 1 9 227.9100 371.1200 0 70 298.4100 296.1000
1.2819498785e-01 1.1832765992e-01 -5.9819628874e-01
185 180 171
2 1 13 432.6600 369.1200 0 205 483.0100 213.9500
1.2836165317e-01 1.1808797277e-01 -5.9656266992e-01
188 184 175
2 1 14 435.9700 369.1000 0 210 485.8100 212.5900
1.2357996991e-01 1.1958725518e-01 -6.0940719819e-01
222 215 209
2 1 17 400.3700 367.8800 0 177 453.8500 225.0900
1.2810059083e-01 1.1588619417e-01 -5.9712004009e-01
218 213 207
2 1 25 434.0900 361.1800 0 227 481.3900 206.0400
1.0909656111e-01 1.2275475159e-01 -6.4787077410e-01
197 190 184
2 1 30 305.5700 360.2800 0 2599 365.7400 255.2600
1.2021376580e-01 1.1816690094e-01 -6.1678896060e-01
228 221 215
2 1 31 379.0000 359.6000 0 175 431.8000 225.6300
1.2243148668e-01 1.1690169577e-01 -6.1013080600e-01
230 223 217
2 1 34 395.6600 358.4600 0 196 446.2800 218.0700
1.1353820406e-01 1.1939115121e-01 -6.2998377719e-01
223 216 210
2 1 37 340.6500 357.4800 0 154 396.7600 238.2400
1.2058177273e-01 1.1719357252e-01 -6.1704553393e-01
172 164 161
2 1 41 379.6700 356.2700 0 182 431.3300 222.4100
1.2177127990e-01 1.1667798037e-01 -6.1376348346e-01
199 191 188
2 1 45 388.0900 356.0500 0 194 438.8200 218.9300
1.1351845942e-01 1.1919217690e-01 -6.3483510903e-01
187 180 174
2 1 48 334.3200 354.7900 0 153 390.0100 238.6900
1.0935702848e-01 1.1875121555e-01 -6.3943880071e-01
189 180 173
2 1 51 316.3700 351.2800 0 143 372.6100 241.9700
1.2733750949e-01 1.1230457703e-01 -5.9726745798e-01
224 217 209
2 1 57 431.1300 348.6600 0 246 474.6300 195.5000
1.2468134176e-01 1.1276727246e-01 -6.0663657043e-01
228 224 214
2 1 65 407.5400 346.0800 0 236 453.1600 202.2800
1.2468134176e-01 1.1276727246e-01 -6.0663657043e-01
228 224 214
2 1 66 407.5400 346.0800 0 237 453.1600 202.2800
1.3072496085e-01 1.0835657586e-01 -5.8827505505e-01
211 204 194
2 1 82 457.0500 338.8200 0 283 494.3000 176.7100
1.2994683604e-01 1.0812933969e-01 -5.8860203688e-01
178 174 162
2 1 85 453.9600 337.8500 0 281 491.2200 176.8300
9.7429221857e-02 1.1756742062e-01 -6.6738941706e-01
183 173 163
2 1 88 251.4500 336.4300 0 126 308.4600 253.8000
9.7429221857e-02 1.1756742062e-01 -6.6738941706e-01
183 173 163
2 1 89 251.4500 336.4300 0 127 308.4600 253.8000
2.5454909470e-02 1.2621201113e-01 -7.2888535158e-01
176 171 165
2 1 91 17.7600 335.9800 0 31 92.9500 339.9900
1.2775418197e-01 1.0828307960e-01 -5.9466906930e-01
213 209 198
2 1 93 436.3700 335.7900 0 273 475.2300 181.5500
1.2775418197e-01 1.0828307960e-01 -5.9466906930e-01
213 209 198
2 1 94 436.3700 335.7900 0 274 475.2300 181.5500
9.6621125481e-02 1.1649619436e-01 -6.6792922540e-01
173 163 151
2 1 99 248.8200 333.0800 0 132 304.6500 251.6200
9.6621125481e-02 1.1649619436e-01 -6.6792922540e-01
173 163 151
2 1 100 248.8200 333.0800 0 133 304.6500 251.6200
1.0297737762e-01 1.1470430671e-01 -6.5342004540e-01
209 199 187
2 1 101 281.6900 333.0800 0 151 334.9500 238.6700
2.3647596373e-02 1.2335419002e-01 -7.3177359143e-01
59 59 47
2 1 116 12.4600 327.5800 0 2535 84.5600 334.1000
1.2444268784e-01 1.0693180778e-01 -6.0554924408e-01
214 210 201
2 1 117 408.1400 326.7500 0 269 447.2100 184.2200
1.1663951657e-01 1.0810918600e-01 -6.1961637001e-01
174 170 161
2 1 121 363.7100 325.1200 0 241 406.4100 199.3500
1.1129147230e-01 1.0957521027e-01 -6.3542074492e-01
216 208 197
2 1 122 326.8600 323.9700 0 206 372.7400 212.8000
1.2091413762e-01 1.0629750255e-01 -6.1639135197e-01
222 219 212
2 1 134 380.8800 320.5100 0 263 420.8100 189.1100
1.2274216474e-01 1.0419291202e-01 -6.0721197248e-01
213 210 201
2 1 145 400.4800 316.8800 0 280 436.3700 178.0300
1.1430044605e-01 1.0559026974e-01 -6.2491918427e-01
219 212 202
2 1 149 349.2700 314.9500 0 245 390.0600 195.5600
9.9988263635e-02 1.0884784484e-01 -6.5963001317e-01
208 198 186
2 1 155 266.5100 313.1800 0 174 314.4700 226.1700
1.0876590938e-01 1.0582689967e-01 -6.3713745743e-01
203 195 182
2 1 157 317.3000 311.4500 0 230 359.8200 204.6300
9.5420268873e-02 1.0887467286e-01 -6.6852658699e-01
196 186 174
2 1 159 244.7800 310.3200 0 165 293.6800 231.9200
1.2561475539e-01 1.0099762928e-01 -5.9396916102e-01
219 213 199
2 1 160 430.6800 310.6900 0 322 460.8500 160.4900
1.2840659986e-01 1.0072188705e-01 -5.9248728711e-01
170 166 157
2 1 164 441.8800 310.3800 0 335 471.0000 156.4400
1.1701642271e-01 1.0330898429e-01 -6.1838752963e-01
175 168 158
2 1 165 366.3800 309.8400 0 271 403.6600 184.3300
1.1701642271e-01 1.0330898429e-01 -6.1838752963e-01
175 168 158
2 1 166 366.3800 309.8400 0 270 403.6600 184.3300
1.2446551598e-01 1.0106211558e-01 -6.0223893617e-01
169 165 156
2 1 171 413.3000 308.0500 0 303 445.0800 165.0200
1.0374326340e-01 1.0539672183e-01 -6.4766921343e-01
208 198 186
2 1 179 290.3900 306.6100 0 219 333.6500 210.5200
1.2566467817e-01 9.9987464690e-02 -5.9796507747e-01
214 210 199
2 1 183 423.8600 305.8400 0 326 453.7700 158.9000
1.2822215551e-01 9.9413064575e-02 -5.9175929064e-01
181 177 166
2 1 184 442.4100 306.0500 0 345 470.0700 152.1900
1.2177664517e-01 9.8820858263e-02 -6.0751073209e-01
212 208 199
2 1 201 396.5100 298.6400 0 312 427.1700 162.6600
1.1988595442e-01 9.8126603222e-02 -6.0924707971e-01
174 170 159
2 1 211 388.2100 295.7100 0 308 418.4100 162.9500
1.1988595442e-01 9.8126603222e-02 -6.0924707971e-01
174 170 159
2 1 212 388.2100 295.7100 0 309 418.4100 162.9500
1.1457502638e-01 9.9002867028e-02 -6.2120265731e-01
215 208 198
2 1 213 354.8700 294.7700 0 286 388.4100 174.6900
1.2190027147e-01 9.6287905527e-02 -6.0771708661e-01
222 219 210
2 1 228 396.4500 290.1200 0 342 424.2300 154.9900
1.2176899928e-01 9.5963372902e-02 -6.0954335039e-01
184 180 171
2 1 229 393.3500 288.5500 0 340 420.7500 154.9000
1.2176899928e-01 9.5963372902e-02 -6.0954335039e-01
184 180 171
2 1 230 393.3500 288.5500 0 341 420.7500 154.9000
1.2550702378e-01 9.4851948296e-02 -5.9622647014e-01
217 210 200
2 1 231 425.9800 288.7400 0 363 449.7000 142.4500
1.3213615328e-01 9.2011246145e-02 -5.8326685140e-01
217 208 199
2 1 248 469.1800 282.8400 0 425 486.2700 121.2700
1.2865223669e-01 9.2870294643e-02 -5.9398323913e-01
214 207 199
2 1 249 439.3300 282.7400 0 391 459.8900 132.4400
1.1382136502e-01 9.3076518490e-02 -6.2203561100e-01
164 156 145
2 1 261 351.3000 275.3500 0 328 378.6000 158.2800
1.2743187660e-01 9.0685434908e-02 -5.9147871030e-01
169 161 152
2 1 262 439.6000 275.7400 0 412 457.6700 125.5500
1.2156092229e-01 9.1829939546e-02 -6.0824607628e-01
211 202 193
2 1 263 394.5500 275.1400 0 366 417.1300 142.1500
1.3338060203e-01 8.9395760597e-02 -5.7903214614e-01
211 202 193
2 1 265 480.9000 274.7400 0 453 493.6500 109.6100
1.2359482625e-01 9.0332340840e-02 -5.9392891107e-01
177 168 159
2 1 267 423.3500 273.6200 0 401 442.4300 129.1100
1.0172587591e-01 9.4284518215e-02 -6.5232358690e-01
207 197 185
2 1 275 279.1000 271.4800 0 272 312.1100 182.5700
1.9462487365e-02 1.0145788913e-01 -7.2878518739e-01
173 160 28
2 1 279 5.0400 270.5200 0 86 58.6400 282.1800
1.2650184520e-01 8.9120802981e-02 -5.9407977608e-01
212 208 197
2 1 286 432.1000 269.6400 0 423 449.1000 122.8400
1.0542659783e-01 9.1668793328e-02 -6.4066501891e-01
215 205 193
2 1 297 302.8400 266.1700 0 298 332.0700 168.3000
1.0542659783e-01 9.1668793328e-02 -6.4066501891e-01
215 205 193
2 1 298 302.8400 266.1700 0 299 332.0700 168.3000
1.1972119298e-01 8.8558398128e-02 -6.0859642019e-01
221 212 203
2 1 300 388.1100 264.0200 0 380 407.8600 134.1100
1.1911507964e-01 8.7164624104e-02 -6.0594191081e-01
169 159 150
2 1 304 390.2300 259.8800 0 400 408.2500 129.2300
1.1911507964e-01 8.7164624104e-02 -6.0594191081e-01
169 159 150
2 1 305 390.2300 259.8800 0 399 408.2500 129.2300
1.0836738286e-01 8.7160598596e-02 -6.2955034667e-01
213 205 192
2 1 320 325.1100 254.5100 0 351 347.9800 148.8100
1.0836738286e-01 8.7160598596e-02 -6.2955034667e-01
213 205 192
2 1 321 325.1100 254.5100 0 352 347.9800 148.8100
1.1226071289e-01 8.6013292653e-02 -6.1945637481e-01
227 217 205
2 1 322 349.9300 252.9700 0 375 369.8100 137.9200
1.2304618154e-01 8.4076513781e-02 -5.9755868164e-01
147 140 130
2 1 327 415.4100 251.4300 0 442 427.7500 112.2900
1.2911797766e-01 8.3339930003e-02 -5.8513617533e-01
184 175 166
2 1 328 455.6900 251.7000 0 492 463.3300 97.8600
4.4669529875e-02 8.9543722063e-02 -6.6212851710e-01
92 93 95
2 1 333 108.3600 250.2300 0 193 151.1300 219.5800
4.5385398611e-02 8.8920292942e-02 -6.6115992512e-01
25 26 30
2 1 335 111.2700 248.6800 0 198 152.9500 216.9700
1.2237175386e-01 8.2991997969e-02 -6.0243864001e-01
186 177 168
2 1 339 405.5300 246.8800 0 443 417.3900 112.1500
1.2810855880e-01 8.1161248534e-02 -5.8265727834e-01
209 200 191
2 1 348 456.5600 244.3700 0 507 461.8300 90.4800
1.3133135533e-01 7.9496250910e-02 -5.7324374024e-01
213 204 197
2 1 359 484.1200 240.2200 0 2827 485.0000 76.4500
1.3133135533e-01 7.9496250910e-02 -5.7324374024e-01
213 204 197
2 1 360 484.1200 240.2200 0 2828 485.0000 76.4500
1.2669006852e-01 7.9780455106e-02 -5.8871925966e-01
173 167 155
2 1 372 441.2500 238.4700 0 505 446.4600 91.0200
1.2669006852e-01 7.9780455106e-02 -5.8871925966e-01
173 167 155
2 1 373 441.2500 238.4700 0 506 446.4600 91.0200
1.3401874640e-01 7.8773784898e-02 -5.7123259949e-01
170 160 151
2 1 374 496.7800 238.1700 0 560 495.4800 70.4000
1.2722061895e-01 7.9073483894e-02 -5.8797549846e-01
178 172 160
2 1 379 444.2900 236.2000 0 514 448.1500 87.9600
1.2982447085e-01 7.8276204902e-02 -5.7999855105e-01
212 202 193
2 1 386 466.4500 234.7300 0 535 467.7700 78.2300
2.3447135883e-02 8.6273306495e-02 -7.0770133407e-01
225 97 86
2 1 390 25.3000 233.3700 0 2622 66.4200 237.7500
1.3364414796e-01 7.7420826188e-02 -5.7044054189e-01
187 177 168
2 1 391 496.9500 233.3500 0 578 494.0100 65.8800
2.4119398126e-02 8.6033357744e-02 -7.0549342206e-01
244 246 185
2 1 392 28.1100 233.0300 0 156 68.9500 236.1800
2.2943576442e-02 8.2017878651e-02 -7.0597723933e-01
217 69 69
2 1 430 25.1700 222.0300 0 171 62.5000 226.9000
2.4133269365e-02 8.0716416806e-02 -7.0176744006e-01
201 96 81
2 1 437 30.3000 218.9100 0 185 66.5000 221.7400
2.0688133750e-02 7.9919164589e-02 -7.1058702623e-01
242 247 192
2 1 441 17.4700 215.8700 0 178 53.0300 224.2700
2.0688133750e-02 7.9919164589e-02 -7.1058702623e-01
242 247 192
2 1 442 17.4700 215.8700 0 179 53.0300 224.2700
2.2928544643e-02 7.9609087590e-02 -7.0596725176e-01
189 100 77
2 1 443 25.2200 215.4400 0 189 60.6400 220.8000
2.2928544643e-02 7.9609087590e-02 -7.0596725176e-01
189 100 77
2 1 444 25.2200 215.4400 0 188 60.6400 220.8000
2.2290741393e-02 7.2477580820e-02 -7.0490740284e-01
213 73 68
2 1 497 24.4900 196.1200 0 2651 53.9500 202.9400
4.1889802618e-02 6.8894069033e-02 -6.5253742045e-01
197 202 208
2 1 508 108.3300 189.0100 0 320 131.2400 161.5800
2.3866416234e-02 6.9427584072e-02 -6.9271023482e-01
220 81 90
2 1 511 34.9200 188.4400 0 258 60.9100 190.4700
1.8040077310e-02 5.9408892656e-02 -7.0387913840e-01
233 250 187
2 1 587 15.2800 160.9200 0 288 33.0600 172.6800
4.1160309516e-02 5.9142157672e-02 -6.5013090695e-01
27 32 36
2 1 592 108.6000 159.7200 0 384 121.7200 134.1300
2.1814710318e-02 5.8965540247e-02 -6.9180312341e-01
214 80 78
2 1 593 30.7400 159.5000 0 2707 47.5300 164.7500
2.0915902410e-02 5.7235152723e-02 -6.9330594319e-01
254 245 183
2 1 605 27.8100 154.7900 0 318 43.1200 161.4900
2.1510817542e-02 5.3205052218e-02 -6.9031392495e-01
246 254 210
2 1 645 31.3700 143.8200 0 2728 42.4000 149.5300
-7.8856942526e-02 -1.7015803625e-02 -7.5090814568e-01
212 191 160
2 1 1250 -227.5200 -31.3800 0 541 -263.0900 75.9400
-7.0328022224e-02 -2.3805201006e-02 -7.4751097570e-01
118 86 24
2 1 1312 -205.7300 -47.6500 0 607 -247.3500 53.1300
-7.0328022224e-02 -2.3805201006e-02 -7.4751097570e-01
118 86 24
2 1 1313 -205.7300 -47.6500 0 608 -247.3500 53.1300
-7.7367050106e-02 -2.3096292248e-02 -7.4641111783e-01
167 114 47
2 1 1314 -223.3600 -47.7500 0 590 -263.8000 58.9600
-7.7367050106e-02 -2.3096292248e-02 -7.4641111783e-01
167 114 47
2 1 1315 -223.3600 -47.7500 0 591 -263.8000 58.9600
-7.3136885080e-02 -3.7153699816e-02 -7.4055051804e-01
197 197 71
2 1 1466 -210.9800 -83.2100 0 706 -263.5000 20.6100
-7.3917134010e-02 -3.8217742069e-02 -7.3920612172e-01
76 73 18
2 1 1477 -212.6400 -86.2300 0 2928 -266.5600 17.6100
-6.2330557712e-02 -3.8941589613e-02 -7.3836406659e-01
202 130 70
2 1 1484 -183.9900 -86.8400 0 760 -238.7700 8.3400
-3.7887526691e-02 -4.6986803996e-02 -7.4282364538e-01
33 25 39
2 1 1553 -123.7500 -99.6000 0 865 -185.5600 -22.0800
-3.7887526691e-02 -4.6986803996e-02 -7.4282364538e-01
33 25 39
2 1 1554 -123.7500 -99.6000 0 866 -185.5600 -22.0800
-3.8206277495e-02 -5.0181874744e-02 -7.4204037558e-01
1 2 5
2 1 1590 -124.0300 -107.5400 0 899 -188.4000 -29.5100
-3.8206277495e-02 -5.0181874744e-02 -7.4204037558e-01
1 2 5
2 1 1591 -124.0300 -107.5400 0 900 -188.4000 -29.5100
-3.8954302883e-02 -5.1359277519e-02 -7.4236771839e-01
170 165 168
2 1 1608 -125.7500 -110.2700 0 913 -190.8800 -31.4300
-3.8352467528e-02 -5.2012609521e-02 -7.4097925748e-01
16 13 15
2 1 1615 -124.0400 -112.4600 0 926 -189.9300 -34.1800
-3.8352467528e-02 -5.2012609521e-02 -7.4097925748e-01
16 13 15
2 1 1616 -124.0400 -112.4600 0 927 -189.9300 -34.1800
-1.0248499560e-01 -5.2527266313e-02 -7.5074294907e-01
228 208 98
2 1 1640 -280.0100 -118.7700 0 2945 -342.2700 10.1000
-1.0248499560e-01 -5.2527266313e-02 -7.5074294907e-01
228 208 98
2 1 1641 -280.0100 -118.7700 0 2943 -342.2700 10.1000
-3.3207852971e-02 -5.5830102904e-02 -7.4091095496e-01
13 4 7
2 1 1647 -111.2100 -120.5400 0 986 -180.3900 -45.7900
-3.3207852971e-02 -5.5830102904e-02 -7.4091095496e-01
13 4 7
2 1 1648 -111.2100 -120.5400 0 987 -180.3900 -45.7900
-4.5358679224e-02 -5.5587181489e-02 -7.3842826748e-01
179 174 173
2 1 1655 -140.3000 -123.5600 0 956 -208.8000 -39.6000
-4.5358679224e-02 -5.5587181489e-02 -7.3842826748e-01
179 174 173
2 1 1656 -140.3000 -123.5600 0 957 -208.8000 -39.6000
-4.1210171336e-02 -5.5609619700e-02 -7.3701585660e-01
174 141 30
2 1 1657 -129.8100 -123.2500 0 973 -199.4500 -43.5000
-4.1210171336e-02 -5.5609619700e-02 -7.3701585660e-01
174 141 30
2 1 1658 -129.8100 -123.2500 0 974 -199.4500 -43.5000
-4.6205426328e-02 -5.6519449391e-02 -7.3819952877e-01
28 27 34
2 1 1673 -142.2600 -126.1100 0 969 -211.3600 -41.2700
-4.4889159318e-02 -6.0588755862e-02 -7.3839615328e-01
31 34 20
2 1 1706 -138.5100 -135.1900 0 1014 -210.9700 -51.1100
-1.0368477526e-01 -5.8575349817e-02 -7.4580672970e-01
249 199 83
2 1 1709 -282.8600 -136.0800 0 2978 -350.3500 -5.9200
-1.0368477526e-01 -5.8575349817e-02 -7.4580672970e-01
249 199 83
2 1 1710 -282.8600 -136.0800 0 2979 -350.3500 -5.9200
-3.2908191169e-02 -6.2612717493e-02 -7.3936388531e-01
172 170 173
2 1 1712 -109.4700 -137.2100 0 1070 -184.1200 -62.0500
-4.5525515642e-02 -6.3042761821e-02 -7.3667527349e-01
32 30 28
2 1 1743 -139.5900 -142.1400 0 1043 -214.1500 -57.4100
-4.6233317032e-02 -6.3757351548e-02 -7.3490777346e-01
185 178 192
2 1 1756 -141.1400 -145.2300 0 1053 -216.2700 -59.7200
-4.6233317032e-02 -6.3757351548e-02 -7.3490777346e-01
185 178 192
2 1 1757 -141.1400 -145.2300 0 1054 -216.2700 -59.7200
-1.0613036245e-01 -6.4549231781e-02 -7.5042357541e-01
236 204 112
2 1 1767 -287.0400 -147.6100 0 834 -358.5000 -15.0000
-3.8833304732e-02 -6.6128424849e-02 -7.3614793758e-01
171 171 187
2 1 1777 -122.9700 -148.6400 0 3153 -200.2500 -68.5400
-3.8833304732e-02 -6.6128424849e-02 -7.3614793758e-01
171 171 187
2 1 1778 -122.9700 -148.6400 0 3154 -200.2500 -68.5400
-3.5095811548e-02 -6.7259937612e-02 -7.3796784786e-01
175 174 183
2 1 1786 -114.0200 -149.3700 0 1116 -192.2200 -71.9800
-3.5095811548e-02 -6.7259937612e-02 -7.3796784786e-01
175 174 183
2 1 1787 -114.0200 -149.3700 0 1117 -192.2200 -71.9800
-5.9652425062e-02 -6.5541697031e-02 -7.3393952664e-01
124 137 175
2 1 1801 -173.7800 -152.4900 0 1038 -249.6800 -56.3800
-4.6410200748e-02 -6.6387217456e-02 -7.3311912323e-01
179 175 191
2 1 1804 -141.0900 -152.6500 0 1088 -218.4900 -66.7800
-3.6913372025e-02 -7.0216584138e-02 -7.3544838166e-01
29 32 34
2 1 1824 -117.6800 -158.1900 0 1155 -198.5100 -79.3600
-3.6913372025e-02 -7.0216584138e-02 -7.3544838166e-01
29 32 34
2 1 1825 -117.6800 -158.1900 0 1154 -198.5100 -79.3600
-3.6986870748e-02 -7.1660117230e-02 -7.3593162515e-01
19 22 17
2 1 1843 -117.8100 -161.3700 0 1168 -199.5200 -82.0600
-3.6986870748e-02 -7.1660117230e-02 -7.3593162515e-01
19 22 17
2 1 1844 -117.8100 -161.3700 0 1169 -199.5200 -82.0600
-4.5341430472e-02 -7.1590816627e-02 -7.3670975720e-01
182 181 190
2 1 1848 -138.1100 -162.1600 0 1139 -219.2000 -76.4800
-4.5341430472e-02 -7.1590816627e-02 -7.3670975720e-01
182 181 190
2 1 1849 -138.1100 -162.1600 0 1140 -219.2000 -76.4800
-4.1813189463e-02 -7.4157495676e-02 -7.3453346792e-01
145 154 164
2 1 1865 -129.0400 -169.0700 0 1198 -212.5700 -85.8100
-3.3947861917e-02 -7.5749835875e-02 -7.3637657868e-01
183 171 171
2 1 1869 -110.0100 -169.9200 0 1237 -195.1300 -92.6100
-4.1077091472e-02 -7.5070383903e-02 -7.3367434219e-01
15 15 16
2 1 1876 -127.0300 -171.6400 0 1217 -211.4800 -88.9400
-3.3483745882e-02 -7.6717913706e-02 -7.3566050929e-01
128 94 33
2 1 1884 -108.7500 -172.7400 0 1254 -194.5600 -95.4300
-3.3483745882e-02 -7.6717913706e-02 -7.3566050929e-01
128 94 33
2 1 1885 -108.7500 -172.7400 0 1255 -194.5600 -95.4300
-7.8274038691e-02 -7.1802994426e-02 -7.2850349950e-01
76 90 16
2 1 1891 -219.2800 -174.2500 0 1077 -300.3500 -63.6100
-4.0247493273e-02 -7.7943664247e-02 -7.3260284455e-01
161 169 183
2 1 1907 -124.5700 -179.0400 0 1262 -211.3800 -96.5700
-4.0247493273e-02 -7.7943664247e-02 -7.3260284455e-01
161 169 183
2 1 1908 -124.5700 -179.0400 0 1263 -211.3800 -96.5700
-4.1397498250e-02 -7.8630394225e-02 -7.3387660488e-01
15 12 7
2 1 1911 -127.4200 -179.9300 0 1260 -214.5100 -96.4600
-4.1397498250e-02 -7.8630394225e-02 -7.3387660488e-01
15 12 7
2 1 1912 -127.4200 -179.9300 0 1261 -214.5100 -96.4600
-3.3761608198e-02 -8.0349420350e-02 -7.3508405484e-01
130 94 20
2 1 1915 -108.9300 -181.6800 0 1307 -197.5600 -103.6800
-8.3862317370e-02 -7.9321715358e-02 -7.2804649339e-01
193 186 55
2 1 1970 -232.4100 -194.0100 0 3174 -318.8400 -77.5100
-8.3862317370e-02 -7.9321715358e-02 -7.2804649339e-01
193 186 55
2 1 1971 -232.4100 -194.0100 0 3173 -318.8400 -77.5100
-3.4925643505e-02 -8.3409591893e-02 -7.2780808464e-01
127 97 20
2 1 1978 -110.2800 -194.3200 0 1372 -202.5300 -115.6300
-4.7175351092e-02 -8.3735069010e-02 -7.2929920173e-01
14 15 13
2 1 1993 -140.4500 -196.4200 0 1327 -231.8500 -108.0300
-7.5744929481e-02 -8.2223871067e-02 -7.2636603179e-01
178 190 211
2 1 2005 -211.3500 -199.9200 0 3217 -301.4000 -90.8700
-4.7342428610e-02 -8.5786821190e-02 -7.2936724745e-01
25 34 21
2 1 2006 -140.6000 -201.2100 0 1353 -233.5900 -112.4700
-4.0745075783e-02 -8.9971146400e-02 -7.4004848811e-01
153 153 168
2 1 2007 -125.1400 -201.4200 0 1379 -220.0500 -117.0000
-3.5391104661e-02 -8.7969614995e-02 -7.3261199941e-01
169 158 173
2 1 2008 -111.6000 -201.5000 0 1409 -206.4400 -121.5100
-3.8266234542e-02 -9.0973461600e-02 -7.3039856110e-01
6 5 6
2 1 2030 -117.9500 -210.8600 0 1440 -215.2100 -128.2400
-3.7292673042e-02 -9.2419071914e-02 -7.3122935249e-01
168 159 149
2 1 2038 -115.5200 -213.3700 0 1462 -213.8200 -131.3000
-9.5320705308e-02 -1.0382287495e-01 -7.1960423673e-01
248 218 182
2 1 2220 -258.7800 -262.3500 0 1472 -365.3600 -133.6800
-9.5320705308e-02 -1.0382287495e-01 -7.1960423673e-01
248 218 182
2 1 2221 -258.7800 -262.3500 0 1473 -365.3600 -133.6800
1.2228300611e-01 1.1903164222e-01 -6.1658495645e-01
223 216 211
2 1 2584 385.5000 362.6200 0 2628 438.9000 226.3200
1.0831628783e-01 1.2343874398e-01 -6.4832021544e-01
227 220 212
2 1 2586 302.7900 362.1600 0 2598 363.9300 257.9600
1.2483220150e-01 1.1687055182e-01 -6.0923551717e-01
222 215 207
2 1 2587 404.4500 358.8600 0 2635 454.2300 215.5600
1.2252176193e-01 1.1533879075e-01 -6.1064996300e-01
229 222 216
2 1 2595 395.0300 352.9700 0 2637 443.9300 213.3300
1.3067972939e-01 1.1120740286e-01 -5.8789151154e-01
180 173 163
2 1 2598 457.7900 349.0600 0 2677 498.4500 185.7200
1.3067972939e-01 1.1120740286e-01 -5.8789151154e-01
180 173 163
2 1 2599 457.7900 349.0600 0 2678 498.4500 185.7200
1.0473900410e-01 1.1808913195e-01 -6.4949844800e-01
207 197 187
2 1 2603 291.0800 344.9700 0 2615 347.6400 245.9800
4.9350840348e-02 1.2212950792e-01 -6.7318242447e-01
23 27 29
2 1 2606 111.7100 344.6100 0 59 186.0100 308.1300
1.2513837344e-01 1.1209460140e-01 -6.0865416550e-01
221 217 208
2 1 2610 405.7600 342.9900 0 2660 450.5500 200.4200
1.2609763595e-01 1.1144347126e-01 -6.0272685103e-01
224 219 212
2 1 2611 418.2600 343.3200 0 2667 461.3800 195.7200
1.2609763595e-01 1.1144347126e-01 -6.0272685103e-01
224 219 212
2 1 2612 418.2600 343.3200 0 2668 461.3800 195.7200
1.1964730453e-01 1.1278774416e-01 -6.1484624065e-01
233 229 220
2 1 2614 379.9300 342.5600 0 2647 426.7300 209.3400
1.1136420845e-01 1.1453208631e-01 -6.3490277054e-01
228 220 210
2 1 2619 327.8300 339.8500 0 2627 379.0400 226.9900
1.2774977724e-01 1.0976379350e-01 -5.9717167267e-01
221 217 208
2 1 2620 432.5000 339.9400 0 4105 472.7400 187.1400
1.2880619891e-01 1.0619457899e-01 -5.9952644795e-01
212 208 198
2 1 2640 431.3400 326.7300 0 2692 467.9200 175.8400
1.2690102935e-01 1.0236485758e-01 -5.9437401141e-01
177 173 161
2 1 2657 433.8500 315.3200 0 2713 465.8800 163.6900
9.0657054351e-02 1.1025808747e-01 -6.7328741478e-01
142 134 123
2 1 2660 227.2500 312.6900 0 2621 278.3000 240.5000
1.0662572269e-01 1.0604702234e-01 -6.3960200423e-01
204 194 182
2 1 2661 308.2800 311.2900 0 4090 351.2000 207.7800
1.2212237205e-01 1.0221818299e-01 -6.0875771791e-01
217 214 205
2 1 2663 395.9600 309.6700 0 2695 430.1800 173.1300
1.1736617068e-01 1.0206710479e-01 -6.1569237952e-01
214 210 199
2 1 2667 371.1400 306.6200 0 2688 407.0200 179.3800
1.1185950210e-01 9.9343418057e-02 -6.2763409173e-01
211 203 192
2 1 2678 338.3000 293.9200 0 2687 372.9100 180.2900
1.1698660890e-01 9.6272185227e-02 -6.1894468714e-01
221 214 204
2 1 2685 365.0300 286.6700 0 306 395.0300 163.7100
1.8607978296e-02 1.0592758681e-01 -7.3148581372e-01
243 243 73
2 1 2687 1.4000 281.6000 0 2565 58.9300 294.2600
1.1151786415e-01 9.4985786839e-02 -6.2867742782e-01
214 206 194
2 1 2692 335.6400 279.7000 0 4118 366.0600 168.3100
1.2658813500e-01 9.1995977224e-02 -5.9572845099e-01
216 209 199
2 1 2694 429.9300 279.1400 0 2745 450.1600 132.4400
1.2505192795e-01 9.1595957798e-02 -5.9678630194e-01
215 207 200
2 1 2695 423.3700 277.3900 0 2742 443.6600 133.0900
8.6741116651e-02 9.6544859043e-02 -6.7130704657e-01
30 31 35
2 1 2704 218.5600 273.0900 0 226 257.2300 206.3100
1.2418005095e-01 9.0076480023e-02 -5.9902044896e-01
216 209 199
2 1 2705 416.8400 271.5900 0 2748 436.0600 130.2700
1.2462950922e-01 8.9386559952e-02 -5.9643819003e-01
210 203 193
2 1 2708 422.5700 269.9000 0 2754 440.2300 126.5400
1.2763735815e-01 8.8498071904e-02 -5.9253354179e-01
216 208 199
2 1 2710 438.3600 267.9600 0 2758 453.8600 119.1500
1.0983286714e-01 9.0789051541e-02 -6.2941615202e-01
219 209 197
2 1 2712 329.6500 266.1100 0 330 356.0200 157.9300
1.2136812385e-01 8.7338411514e-02 -6.0305435716e-01
216 208 198
2 1 2719 401.4400 261.2000 0 2753 419.0800 126.3700
1.1641421659e-01 8.7944125737e-02 -6.1820324836e-01
188 180 169
2 1 2721 363.9800 259.7600 0 2730 385.1300 139.4500
1.2372485326e-01 8.6436583166e-02 -5.9597938772e-01
213 206 196
2 1 2723 420.1900 259.8200 0 431 434.9200 118.0600
8.4201444954e-02 9.1883749001e-02 -6.6953491890e-01
31 32 37
2 1 2724 213.2200 259.6700 0 2666 248.1500 195.3700
1.3126007974e-01 8.4782326999e-02 -5.7670859208e-01
215 206 197
2 1 2727 477.8600 258.5900 0 497 485.6000 95.5100
1.2909988303e-01 8.4714953488e-02 -5.8238651519e-01
215 208 198
2 1 2728 460.6200 257.0500 0 484 469.5000 100.6000
1.3197963724e-01 8.3947654229e-02 -5.7888357309e-01
176 167 158
2 1 2731 476.1600 255.2500 0 2796 482.8700 93.5200
1.2402411984e-01 8.3569915570e-02 -5.9743895706e-01
218 213 203
2 1 2736 418.5700 249.8100 0 449 430.1500 109.8200
1.2995984226e-01 8.2408032959e-02 -5.8205727685e-01
193 183 174
2 1 2743 463.7400 249.0400 0 2799 469.7100 92.3800
1.1970787984e-01 8.3497123253e-02 -6.0356261166e-01
218 209 200
2 1 2744 395.5600 248.1300 0 2764 408.9400 116.5500
1.3318607890e-01 8.0611783592e-02 -5.7351384859e-01
221 212 205
2 1 2746 489.8300 244.3700 0 2824 491.4100 78.5100
1.2722026450e-01 8.1368594462e-02 -5.8987609232e-01
160 153 143
2 1 2747 441.1000 243.8400 0 2791 448.0800 96.1200
1.2860361410e-01 8.0319321134e-02 -5.8275022657e-01
169 160 151
2 1 2748 457.9200 241.4400 0 515 462.0700 87.4600
1.3075499824e-01 7.8227522234e-02 -5.7766092010e-01
212 202 193
2 1 2756 473.8300 234.9800 0 545 474.2200 75.7800
2.5629774601e-02 8.3107958347e-02 -6.9797497304e-01
214 78 68
2 1 2765 35.8600 225.9000 0 2629 74.1500 225.9200
2.1284922583e-02 7.9086460367e-02 -7.0875824757e-01
220 68 63
2 1 2790 19.8400 213.7800 0 2632 54.7300 221.3200
2.1284922583e-02 7.9086460367e-02 -7.0875824757e-01
220 68 63
2 1 2791 19.8400 213.7800 0 2633 54.7300 221.3200
4.3436372920e-02 7.5009797354e-02 -6.5520645346e-01
25 29 32
2 1 2798 110.5300 207.4100 0 2689 139.2300 178.2400
4.3436372920e-02 7.5009797354e-02 -6.5520645346e-01
25 29 32
2 1 2799 110.5300 207.4100 0 2690 139.2300 178.2400
2.0605203046e-02 7.5405590812e-02 -7.0644271121e-01
214 79 66
2 1 2806 19.5400 204.0700 0 2640 51.0100 211.9100
2.0605203046e-02 7.5405590812e-02 -7.0644271121e-01
214 79 66
2 1 2807 19.5400 204.0700 0 2641 51.0100 211.9100
4.2433050510e-02 7.3074840029e-02 -6.5439992836e-01
32 35 38
2 1 2815 108.4400 201.6200 0 2694 135.1800 173.3900
2.1218693710e-02 7.4269059238e-02 -7.0499651558e-01
248 248 187
2 1 2819 21.7900 201.0600 0 2648 52.3800 208.2300
1.9297767270e-02 7.0741726736e-02 -7.1050968102e-01
239 69 69
2 1 2838 14.6200 191.2400 0 2657 42.4100 202.1900
1.9102163378e-02 6.5184141042e-02 -7.0263354957e-01
237 71 73
2 1 2854 18.3600 176.6700 0 2673 40.5500 186.0000
1.8430689120e-02 6.4059768639e-02 -7.0652389664e-01
248 62 76
2 1 2864 14.7000 173.4100 0 4108 36.6600 184.9300
1.9903611065e-02 6.4159301989e-02 -7.0193587297e-01
248 241 185
2 1 2866 20.5800 173.7600 0 2682 42.3500 182.7000
2.1082016830e-02 6.3341017694e-02 -6.9986417059e-01
220 73 90
2 1 2871 24.5300 171.5100 0 4111 45.7200 179.1600
1.8573561367e-02 5.8383484604e-02 -7.0231400975e-01
228 82 74
2 1 2893 17.4000 158.1200 0 4117 34.2800 169.2100
1.6196164482e-02 5.0323709095e-02 -7.0109407088e-01
233 79 77
2 1 2924 12.5500 136.3500 0 2727 22.3100 150.1900
2.0147399076e-02 4.1443501002e-02 -6.8335287243e-01
220 73 67
2 1 2993 31.8200 110.3700 0 2762 32.6800 117.6000
2.0147399076e-02 4.1443501002e-02 -6.8335287243e-01
220 73 67
2 1 2994 31.8200 110.3700 0 2761 32.6800 117.6000
-9.1432401838e-02 -2.0588636406e-02 -7.5486853013e-01
208 171 52
2 1 3288 -257.5000 -40.1300 0 533 -294.8400 78.0000
-3.2226282436e-02 -5.0140034776e-02 -7.4463063733e-01
3 5 2
2 1 3457 -110.0300 -104.9500 0 3044 -174.5100 -31.3800
-3.7329245934e-02 -5.3167466795e-02 -7.4057269048e-01
179 171 190
2 1 3498 -121.3900 -115.2300 0 3058 -188.2800 -37.6300
-3.3250691706e-02 -5.7297725119e-02 -7.4098964880e-01
169 171 192
2 1 3522 -111.1600 -123.9300 0 3093 -181.4400 -48.9500
-3.8800336569e-02 -5.6927847900e-02 -7.3903492875e-01
12 3 1
2 1 3526 -124.3100 -125.2100 0 3083 -194.1800 -46.1300
-3.8800336569e-02 -5.6927847900e-02 -7.3903492875e-01
12 3 1
2 1 3527 -124.3100 -125.2100 0 3084 -194.1800 -46.1300
-3.9249131280e-02 -6.0993549881e-02 -7.3776296182e-01
22 13 0
2 1 3566 -124.7700 -135.6200 0 3106 -197.8800 -55.7600
-7.9723110770e-02 -5.8556546348e-02 -7.3507922738e-01
189 191 47
2 1 3574 -224.5500 -138.6400 0 3033 -294.0200 -27.5900
-3.4600858510e-02 -6.3891445095e-02 -7.4101012417e-01
171 164 189
2 1 3577 -113.6400 -139.4900 0 3129 -188.8700 -62.6800
-3.4600858510e-02 -6.3891445095e-02 -7.4101012417e-01
171 164 189
2 1 3578 -113.6400 -139.4900 0 3130 -188.8700 -62.6800
-3.7560471794e-02 -6.9589703898e-02 -7.3757122222e-01
157 166 180
2 1 3609 -119.6200 -155.4800 0 3166 -199.5400 -75.9900
-7.4878691947e-02 -6.8197560995e-02 -7.3092540244e-01
201 186 69
2 1 3630 -211.3200 -163.7100 0 3105 -288.8900 -55.3100
-3.7844638307e-02 -7.3068231778e-02 -7.3722225500e-01
178 174 189
2 1 3631 -119.8700 -163.9100 0 3194 -202.4400 -83.7300
-3.6218582873e-02 -7.3170748417e-02 -7.3685378789e-01
173 173 175
2 1 3632 -115.8700 -164.0600 0 3201 -198.7300 -85.2100
-4.0730701335e-02 -7.2783068984e-02 -7.3305387971e-01
23 14 11
2 1 3640 -126.4200 -166.7000 0 3200 -209.1500 -84.4800
-3.4955790822e-02 -7.4566580162e-02 -7.3613925432e-01
11 16 5
2 1 3642 -112.6000 -167.6400 0 3211 -196.6300 -89.5000
-3.4955790822e-02 -7.4566580162e-02 -7.3613925432e-01
11 16 5
2 1 3643 -112.6000 -167.6400 0 3212 -196.6300 -89.5000
-4.3173591520e-02 -7.3739710146e-02 -7.3448656152e-01
184 131 28
2 1 3644 -132.3700 -168.3300 0 3197 -215.5600 -84.1600
-3.5302800281e-02 -7.8599530736e-02 -7.3677726650e-01
10 9 12
2 1 3663 -113.0400 -176.6000 0 3232 -200.0800 -97.7200
-3.5302800281e-02 -7.8599530736e-02 -7.3677726650e-01
10 9 12
2 1 3664 -113.0400 -176.6000 0 3233 -200.0800 -97.7200
-4.2375755010e-02 -7.9551210241e-02 -7.3398017258e-01
148 160 173
2 1 3682 -129.7300 -182.2700 0 1273 -217.3600 -97.7900
-4.6135022355e-02 -7.9752875456e-02 -7.3237707115e-01
12 17 11
2 1 3691 -138.6500 -184.5100 0 3230 -226.6000 -97.3900
-4.6135022355e-02 -7.9752875456e-02 -7.3237707115e-01
12 17 11
2 1 3692 -138.6500 -184.5100 0 3231 -226.6000 -97.3900
-4.1523426394e-02 -8.0030141542e-02 -7.3136599023e-01
13 4 9
2 1 3693 -127.2900 -185.0900 0 3252 -215.8100 -101.4100
-3.5672979361e-02 -8.1837134620e-02 -7.3460368867e-01
6 10 2
2 1 3695 -113.2700 -185.7900 0 3265 -203.0700 -106.2800
-3.5672979361e-02 -8.1837134620e-02 -7.3460368867e-01
6 10 2
2 1 3696 -113.2700 -185.7900 0 3266 -203.0700 -106.2800
-3.8946684939e-02 -8.3044187512e-02 -7.3542274566e-01
153 167 173
2 1 3709 -121.1100 -188.5600 0 3263 -211.5700 -106.4700
-4.8888178416e-02 -8.1256000790e-02 -7.2933770607e-01
14 8 1
2 1 3720 -144.9800 -190.8900 0 3250 -234.3400 -101.4600
-4.8888178416e-02 -8.1256000790e-02 -7.2933770607e-01
14 8 1
2 1 3721 -144.9800 -190.8900 0 3251 -234.3400 -101.4600
-3.8815795300e-02 -8.3881388242e-02 -7.2940875646e-01
177 174 199
2 1 3733 -120.0200 -195.1500 0 3290 -211.9100 -113.0100
-3.8815795300e-02 -8.3881388242e-02 -7.2940875646e-01
177 174 199
2 1 3734 -120.0200 -195.1500 0 3291 -211.9100 -113.0100
-3.6396787778e-02 -8.6618619063e-02 -7.3238149618e-01
9 10 10
2 1 3745 -114.1700 -198.7500 0 3303 -207.9200 -118.1300
-3.6396787778e-02 -8.6618619063e-02 -7.3238149618e-01
9 10 10
2 1 3746 -114.1700 -198.7500 0 3304 -207.9200 -118.1300
-3.6545170906e-02 -8.9381798445e-02 -7.3306526571e-01
2 9 1
2 1 3771 -114.3000 -204.6900 0 3325 -210.0400 -123.5700
-2.9081746250e-02 -9.3356612085e-02 -7.3290672017e-01
164 167 189
2 1 3799 -95.9100 -212.7400 0 4513 -194.9900 -136.4600
-3.7271539379e-02 -9.3454408173e-02 -7.2909123683e-01
6 3 14
2 1 3809 -115.0500 -217.4600 0 3362 -214.5500 -135.3900
-3.6440223754e-02 -9.5837654700e-02 -7.3124383279e-01
181 170 206
2 1 3817 -113.0600 -221.1500 0 1500 -214.0200 -139.2700
-8.5031325217e-02 -9.7313236260e-02 -7.2279823022e-01
173 112 85
2 1 3875 -233.1200 -241.6200 0 3318 -334.3900 -122.0600
-2.7214873357e-02 -1.0803170240e-01 -7.2555046096e-01
144 125 59
2 1 3899 -88.4800 -252.6100 0 3479 -200.2400 -175.8700
-3.8414647412e-02 -1.1334956003e-01 -7.2408708308e-01
182 145 48
2 1 3933 -114.8400 -268.5300 0 1701 -230.4500 -182.9000
1.1703691049e-01 1.2043979704e-01 -6.2471062007e-01
230 223 217
2 1 4157 358.3700 363.4000 0 4076 414.4000 237.1500
1.1703691049e-01 1.2043979704e-01 -6.2471062007e-01
230 223 217
2 1 4158 358.3700 363.4000 0 4077 414.4000 237.1500
1.2400560106e-01 1.1150633096e-01 -6.1231809535e-01
218 214 205
2 1 4170 396.6000 339.4700 0 4092 441.2600 200.7600
1.3005713856e-01 1.0539596704e-01 -5.9201236670e-01
219 215 204
2 1 4173 448.0900 326.9000 0 2698 482.4800 169.3700
1.0855709601e-01 1.0781623441e-01 -6.3905272323e-01
203 195 184
2 1 4182 314.3400 317.0500 0 4089 359.1100 211.0400
1.9046686221e-02 1.1852610368e-01 -7.3613838545e-01
251 249 171
2 1 4185 -0.4700 313.3800 0 4048 67.7700 325.6600
9.7657110783e-02 1.0889391206e-01 -6.6624388533e-01
204 194 182
2 1 4186 253.2800 311.2200 0 4083 301.5700 229.6600
1.1221730547e-01 1.0274901786e-01 -6.3038050552e-01
209 201 190
2 1 4190 335.7000 303.9700 0 4100 374.2900 190.7600
1.1056254647e-01 1.0307508608e-01 -6.3505313246e-01
216 208 195
2 1 4192 324.8100 303.4800 0 4096 364.4500 194.5600
1.1056254647e-01 1.0307508608e-01 -6.3505313246e-01
216 208 195
2 1 4193 324.8100 303.4800 0 4097 364.4500 194.5600
1.1065506985e-01 1.0130723206e-01 -6.3091351632e-01
217 209 196
2 1 4195 330.4800 299.1500 0 4103 367.7500 188.1000
5.0947815099e-02 1.0540583197e-01 -6.6718894422e-01
61 65 71
2 1 4196 121.5800 296.9100 0 4069 178.7900 259.3900
1.2632689075e-01 9.7211398627e-02 -5.9552276703e-01
177 170 160
2 1 4197 429.7800 297.1000 0 4131 456.1000 148.6700
1.9401843007e-02 1.1171203806e-01 -7.3677156270e-01
244 245 73
2 1 4198 0.7400 295.4900 0 4053 62.9900 308.4100
1.3077469523e-01 9.5159741915e-02 -5.8864423185e-01
178 171 161
2 1 4199 455.2700 292.2900 0 4138 477.5400 135.0500
1.1559392321e-01 9.5697959366e-02 -6.1813304518e-01
221 214 204
2 1 4210 362.2300 284.9700 0 4122 391.3900 162.9400
1.2304967663e-01 9.1960824292e-02 -6.0209575520e-01
215 208 198
2 1 4215 408.7900 277.2000 0 4137 430.2600 138.4900
1.2682520718e-01 9.0708704572e-02 -5.9465722928e-01
171 166 157
2 1 4217 432.2800 274.9900 0 4144 451.0300 127.7300
1.2010866662e-01 8.9556261848e-02 -5.9967923384e-01
214 207 197
2 1 4222 403.1000 269.3400 0 4140 422.9100 132.6100
1.2908622635e-01 8.4504182839e-02 -5.8591714826e-01
207 198 189
2 1 4228 454.3400 255.6300 0 4166 463.3800 101.9700
1.1541350909e-01 8.5732502543e-02 -6.1891520285e-01
212 202 192
2 1 4229 360.2700 252.4900 0 2738 378.6000 134.2000
1.3135349000e-01 8.2996311043e-02 -5.7622721864e-01
217 208 201
2 1 4230 478.9700 252.3000 0 4175 484.3500 89.4700
2.4739213597e-02 8.2632666698e-02 -7.0152499699e-01
236 244 189
2 1 4249 31.7900 224.1600 0 4084 69.7800 226.1700
2.1358775192e-02 8.2560168381e-02 -7.1049747472e-01
245 66 75
2 1 4252 19.0200 223.0000 0 4081 56.8400 230.4300
2.1419653925e-02 7.7454567699e-02 -7.0675915737e-01
245 238 177
2 1 4264 21.2900 209.5900 0 4086 54.5900 216.5900
-9.2943501430e-02 6.9948424075e-02 -1.0289980532e+00
144 117 104
2 1 4287 -244.3800 181.6100 0 4932 -223.9800 307.3200
1.7743193489e-02 6.4910737310e-02 -7.0934413761e-01
239 250 181
2 1 4295 11.7500 175.7400 0 4102 34.3100 188.3500
1.8823194593e-02 6.1993409523e-02 -7.0315595423e-01
221 72 68
2 1 4308 17.5100 167.9600 0 4112 37.2600 178.3500
2.0669470843e-02 5.3223112540e-02 -6.8808550315e-01
236 250 201
2 1 4326 29.8200 143.2800 0 4130 41.7700 149.5600
-9.1626576053e-02 -2.3393449820e-02 -7.5310332687e-01
211 165 54
2 1 4512 -257.7300 -47.4900 0 4192 -297.4400 70.8300
-8.1504718763e-02 -3.0244694154e-02 -7.4535768969e-01
137 112 44
2 1 4534 -232.4700 -65.7000 0 4208 -278.6700 44.5400
-7.5682061740e-02 -3.1798428492e-02 -7.4753816395e-01
160 133 131
2 1 4539 -217.7600 -67.5100 0 4215 -265.1500 38.4700
-7.6415000320e-02 -3.3903491749e-02 -7.4627132791e-01
196 190 53
2 1 4546 -219.2500 -73.0900 0 4225 -268.5400 33.3500
-7.0544573144e-02 -4.6399786714e-02 -7.3729131939e-01
178 187 209
2 1 4592 -203.4200 -106.8300 0 4270 -263.3900 -3.9900
-8.1965894145e-02 -4.7455620021e-02 -7.3911036868e-01
200 197 61
2 1 4597 -231.5100 -110.0900 0 4263 -291.7500 1.7900
-4.4181969308e-02 -5.2263898840e-02 -7.4057810471e-01
181 138 39
2 1 4609 -138.0700 -114.3100 0 4315 -203.7700 -31.4400
-3.4039803487e-02 -5.4290714825e-02 -7.4165246268e-01
166 165 174
2 1 4614 -113.4800 -116.6400 0 4332 -181.3500 -41.4000
-3.6863510851e-02 -5.4479101528e-02 -7.3951786450e-01
6 9 24
2 1 4615 -120.0000 -118.8800 0 4331 -188.0100 -41.5000
-7.2617073717e-02 -6.1606455454e-02 -7.3389667994e-01
145 113 111
2 1 4653 -206.4200 -145.3900 0 4328 -278.7600 -39.7300
-3.9874130935e-02 -6.7079174905e-02 -7.3541943665e-01
19 7 16
2 1 4664 -125.2700 -151.4900 0 4375 -203.3800 -70.6000
-3.4416698579e-02 -6.8623682918e-02 -7.3787258195e-01
14 10 2
2 1 4672 -112.2000 -152.4600 0 4385 -191.5400 -75.4800
-1.0742459427e-01 -7.3172022771e-02 -7.4906554386e-01
245 204 86
2 1 4702 -289.0900 -168.8700 0 4317 -367.1800 -34.4000
-3.9489573400e-02 -7.5246819117e-02 -7.3433696030e-01
157 147 146
2 1 4705 -123.2400 -171.3100 0 4407 -207.8000 -89.7400
-3.9489573400e-02 -7.5246819117e-02 -7.3433696030e-01
157 147 146
2 1 4706 -123.2400 -171.3100 0 4408 -207.8000 -89.7400
-3.9893295268e-02 -7.9001763166e-02 -7.3397284424e-01
148 149 154
2 1 4731 -123.7300 -180.4300 0 4427 -211.2000 -98.0900
-3.9893295268e-02 -7.9001763166e-02 -7.3397284424e-01
148 149 154
2 1 4732 -123.7300 -180.4300 0 4428 -211.2000 -98.0900
-3.8296587379e-02 -8.8225265819e-02 -7.3302381564e-01
174 174 196
2 1 4767 -118.6600 -202.3600 0 4478 -213.4300 -120.0800
-3.8296587379e-02 -8.8225265819e-02 -7.3302381564e-01
174 174 196
2 1 4768 -118.6600 -202.3600 0 4479 -213.4300 -120.0800
-3.8260535416e-02 -8.9625908262e-02 -7.3163319896e-01
14 4 2
2 1 4778 -118.2300 -206.6900 0 4490 -214.3100 -124.3100
-8.6007130809e-02 -9.6212995295e-02 -7.2371940124e-01
195 194 65
2 1 4818 -235.6500 -238.3200 0 4471 -335.9400 -118.2800
1.1045079478e-01 1.2101897101e-01 -6.4208450709e-01
220 213 207
2 1 5020 316.2600 357.3400 0 4943 374.7100 248.0800
1.0202811095e-01 1.2328051586e-01 -6.6345366487e-01
202 193 184
2 1 5022 268.2700 355.1600 0 4936 330.0200 265.1400
5.3324681418e-02 1.2042019430e-01 -6.7305543287e-01
55 59 62
2 1 5029 123.1800 339.8800 0 4934 194.5900 299.8600
9.3199613262e-02 1.1696550016e-01 -6.7984333230e-01
159 152 134
2 1 5030 227.8700 330.1900 0 4939 284.7600 257.6000
1.0565125624e-01 1.0975311680e-01 -6.4523487508e-01
205 197 184
2 1 5033 298.3700 320.7900 0 4949 346.3900 220.6000
1.1981018918e-01 1.0253295917e-01 -6.1369677989e-01
198 195 186
2 1 5037 381.5800 308.9800 0 4113 416.9700 177.9300
1.3159579084e-01 9.6226725948e-02 -5.8549664780e-01
185 177 166
2 1 5041 463.9800 297.0800 0 4983 486.0500 136.2500
8.7738958484e-02 1.0274143147e-01 -6.6814061902e-01
36 36 33
2 1 5046 224.2700 291.9700 0 4085 268.5800 221.4400
1.2409886678e-01 9.4498127139e-02 -5.9819543688e-01
217 210 201
2 1 5047 418.4200 286.9000 0 4135 442.1500 143.5300
2.6845729215e-02 9.2624779092e-02 -7.0310601783e-01
240 63 65
2 1 5055 35.7700 251.4600 0 4941 82.4700 250.6300
2.6845729215e-02 9.2624779092e-02 -7.0310601783e-01
240 63 65
2 1 5056 35.7700 251.4600 0 4942 82.4700 250.6300
2.0363316413e-02 7.8365099925e-02 -7.1060326602e-01
234 65 70
2 1 5067 16.7300 211.6700 0 4948 51.0100 220.6000
1.9799175724e-02 7.4642536096e-02 -7.0957869066e-01
232 69 67
2 1 5072 16.0500 201.7500 0 4953 47.0900 211.3800
1.9935306807e-02 7.1402332051e-02 -7.0837833492e-01
237 66 70
2 1 5073 17.3600 193.2800 0 4956 45.1700 202.7300
-9.4826559729e-02 7.3559455372e-02 -1.0330323943e+00
145 117 102
2 1 5075 -247.7200 187.1200 0 5389 -225.0700 314.4700
2.1605525380e-02 5.9678115241e-02 -6.9321715073e-01
244 66 85
2 1 5085 29.4200 161.4700 0 5418 46.9700 167.2300
2.1605525380e-02 5.9678115241e-02 -6.9321715073e-01
244 66 85
2 1 5086 29.4200 161.4700 0 5419 46.9700 167.2300
2.8886904194e-02 5.9324734252e-02 -6.6932845464e-01
247 243 47
2 1 5088 61.6900 160.0400 0 4972 77.4700 152.1700
2.8886904194e-02 5.9324734252e-02 -6.6932845464e-01
247 243 47
2 1 5089 61.6900 160.0400 0 4973 77.4700 152.1700
1.7765968769e-02 5.7855872554e-02 -7.0374884172e-01
238 76 77
2 1 5092 14.7800 156.7600 0 4963 31.1700 168.9200
4.2954886324e-02 5.8154747536e-02 -6.4742278823e-01
77 78 83
2 1 5093 115.7600 156.7800 0 4984 127.5100 128.7600
2.9359884103e-02 5.7653146533e-02 -6.7322116364e-01
251 245 46
2 1 5094 60.7000 155.3800 0 4974 75.3700 148.9000
1.8508881348e-02 5.6724813840e-02 -6.9921612617e-01
249 243 189
2 1 5095 18.9200 153.6300 0 4966 33.9100 163.9600
1.7044980352e-02 5.3974042170e-02 -7.0258406715e-01
231 77 85
2 1 5100 13.7600 146.2700 0 4967 26.7600 159.2900
1.8632532797e-02 5.3178878923e-02 -6.9956872612e-01
242 241 188
2 1 5102 19.3000 144.0700 0 4969 31.3200 155.0500
2.1165580884e-02 5.1066248725e-02 -6.8758565466e-01
242 80 90
2 1 5104 31.6600 137.4400 0 4976 41.3600 143.3900
2.1165580884e-02 5.1066248725e-02 -6.8758565466e-01
242 80 90
2 1 5105 31.6600 137.4400 0 4977 41.3600 143.3900
1.5901620726e-02 4.6941250517e-02 -7.0041455730e-01
240 71 86
2 1 5110 12.2500 127.1200 0 4980 19.3100 141.7100
2.7658905451e-02 4.7522076660e-02 -6.6691092916e-01
251 242 65
2 1 5111 60.4200 125.7500 0 5432 65.4100 120.6300
1.4532243486e-02 3.8000830093e-02 -6.9928928906e-01
245 56 75
2 1 5121 10.0500 103.1200 0 4986 9.1300 119.8000
1.4532243486e-02 3.8000830093e-02 -6.9928928906e-01
245 56 75
2 1 5122 10.0500 103.1200 0 4985 9.1300 119.8000
1.5402698739e-02 3.7496763166e-02 -6.9187108459e-01
242 249 186
2 1 5123 15.6000 100.5800 0 4987 13.7900 114.7200
-2.4047189442e-01 -1.5377252696e-02 -1.1744543753e+00
133 137 136
2 1 5145 -432.7400 56.4600 0 4938 -458.1600 259.3100
-6.8768278151e-02 -3.3406480971e-02 -7.4870168447e-01
176 189 215
2 1 5226 -200.4300 -69.4200 0 5455 -249.6500 30.8600
-7.8086827082e-02 -3.8464073057e-02 -7.4318126147e-01
195 196 81
2 1 5240 -222.9100 -85.7800 0 5015 -275.9200 22.3000
-7.8086827082e-02 -3.8464073057e-02 -7.4318126147e-01
195 196 81
2 1 5241 -222.9100 -85.7800 0 5016 -275.9200 22.3000
-3.7354679763e-02 -4.3087720407e-02 -7.4417511258e-01
113 96 58
2 1 5245 -123.0700 -89.6200 0 5038 -181.8300 -12.9200
-4.5301976956e-02 -4.8097644079e-02 -7.4035503660e-01
114 98 42
2 1 5261 -141.2500 -104.7800 0 5042 -203.7700 -21.6300
-8.2996142749e-02 -4.8913078915e-02 -7.4430170705e-01
203 199 32
2 1 5264 -233.2300 -110.4300 0 5463 -294.3900 2.0300
-8.2996142749e-02 -4.8913078915e-02 -7.4430170705e-01
203 199 32
2 1 5265 -233.2300 -110.4300 0 5464 -294.3900 2.0300
-7.1969116450e-02 -4.8572066200e-02 -7.3597644658e-01
107 108 125
2 1 5267 -206.5500 -112.7300 0 5473 -268.6700 -9.1200
-3.5226382587e-02 -5.5733212852e-02 -7.3998318249e-01
150 148 175
2 1 5272 -115.8600 -121.0600 0 5064 -185.1600 -45.1100
-3.5226382587e-02 -5.5733212852e-02 -7.3998318249e-01
150 148 175
2 1 5273 -115.8600 -121.0600 0 5065 -185.1600 -45.1100
-7.8726039658e-02 -6.8497402152e-02 -7.3032777937e-01
36 63 48
2 1 5311 -220.9300 -165.4700 0 5073 -298.7500 -54.1600
-7.8726039658e-02 -6.8497402152e-02 -7.3032777937e-01
36 63 48
2 1 5312 -220.9300 -165.4700 0 5072 -298.7500 -54.1600
-8.2615113794e-02 -7.2693103319e-02 -7.3163439565e-01
202 194 51
2 1 5319 -229.9300 -175.2200 0 5084 -310.7800 -60.5100
-8.2615113794e-02 -7.2693103319e-02 -7.3163439565e-01
202 194 51
2 1 5320 -229.9300 -175.2200 0 5085 -310.7800 -60.5100
-4.0746210792e-02 -7.7387454206e-02 -7.3549435453e-01
19 19 8
2 1 5321 -126.2200 -175.8500 0 5105 -212.0200 -92.7700
-3.6550232246e-02 -8.1592959363e-02 -7.3327860697e-01
15 7 11
2 1 5331 -115.2800 -186.4500 0 5121 -204.9400 -106.2000
-3.6550232246e-02 -8.1592959363e-02 -7.3327860697e-01
15 7 11
2 1 5332 -115.2800 -186.4500 0 5122 -204.9400 -106.2000
-4.1284002552e-02 -8.5640922599e-02 -7.3229974038e-01
7 13 7
2 1 5338 -126.1100 -197.4300 0 5131 -218.8800 -113.2900
-4.1284002552e-02 -8.5640922599e-02 -7.3229974038e-01
7 13 7
2 1 5339 -126.1100 -197.4300 0 5132 -218.8800 -113.2900
-4.2336943425e-02 -9.0064380359e-02 -7.2907575685e-01
7 13 3
2 1 5346 -127.8000 -210.5300 0 5144 -224.4000 -125.0500
1.1562256837e-01 1.2196041762e-01 -6.2990877143e-01
224 217 211
2 1 5503 346.9000 365.8600 0 4944 405.4400 243.9700
1.2015228324e-01 1.2076144840e-01 -6.2567491322e-01
214 206 203
2 1 5505 366.0300 364.0700 0 5405 422.1500 235.5000
1.2015228324e-01 1.2076144840e-01 -6.2567491322e-01
214 206 203
2 1 5506 366.0300 364.0700 0 5406 422.1500 235.5000
9.2651992172e-02 1.2282993074e-01 -6.7865258085e-01
160 152 136
2 1 5510 227.5000 347.5300 0 5398 290.1800 273.6800
5.2629515839e-02 1.1532421500e-01 -6.7042989130e-01
64 68 71
2 1 5516 123.4400 325.6100 0 5396 190.0100 286.0100
1.1933952637e-01 1.0542725088e-01 -6.1595333635e-01
218 213 207
2 1 5517 376.9100 317.7400 0 5416 415.9100 187.7800
1.2967283725e-01 9.6893527292e-02 -5.8677384359e-01
217 211 199
2 1 5523 455.4100 298.8900 0 5423 479.3900 140.6700
2.2263883672e-02 1.0256126222e-01 -7.3014068179e-01
246 252 182
2 1 5524 11.1400 273.1300 0 5397 65.8600 282.9900
1.3143595219e-01 8.3644574149e-02 -5.7476693279e-01
214 205 196
2 1 5528 482.0300 254.9100 0 5438 487.9400 90.5700
1.3143595219e-01 8.3644574149e-02 -5.7476693279e-01
214 205 196
2 1 5529 482.0300 254.9100 0 5439 487.9400 90.5700
2.5017859372e-02 9.0086154889e-02 -7.0613922125e-01
236 62 72
2 1 5530 29.7600 243.9800 0 5402 74.2500 246.0300
2.5633996277e-02 8.6188359821e-02 -7.0098964917e-01
234 71 82
2 1 5532 34.2000 234.0700 0 5404 75.1200 234.5100
2.3528276182e-02 8.3857199393e-02 -7.0428801671e-01
228 68 78
2 1 5534 27.2900 227.1900 0 5407 66.3200 230.8200
2.3528276182e-02 8.3857199393e-02 -7.0428801671e-01
228 68 78
2 1 5535 27.2900 227.1900 0 5408 66.3200 230.8200
2.4428989496e-02 7.6295937634e-02 -6.9803504492e-01
235 89 101
2 1 5539 33.2200 207.1200 0 5414 65.4400 209.2400
2.3964108698e-02 7.1790240946e-02 -6.9542121554e-01
246 84 90
2 1 5541 33.6100 194.8400 0 5415 61.8500 197.2900
-5.2963448343e-02 6.5826792970e-02 -9.2529499171e-01
59 62 67
2 1 5548 -178.5000 175.8000 0 5651 -157.0900 272.3800
-1.0418088574e-01 6.0217153470e-02 -1.0357609927e+00
131 110 94
2 1 5551 -261.2500 165.1100 0 5391 -245.7600 297.7900
-1.0418088574e-01 6.0217153470e-02 -1.0357609927e+00
131 110 94
2 1 5552 -261.2500 165.1100 0 5392 -245.7600 297.7900
2.9371093108e-02 5.4273762864e-02 -6.7234494338e-01
252 241 69
2 1 5554 61.4100 145.6600 0 5424 73.0300 139.6100
1.6887286736e-02 5.0910404338e-02 -6.9993656024e-01
239 144 130
2 1 5558 14.8200 137.8900 0 5420 24.9500 150.7300
1.6887286736e-02 5.0910404338e-02 -6.9993656024e-01
239 144 130
2 1 5559 14.8200 137.8900 0 5421 24.9500 150.7300
1.9563306313e-02 4.8761093478e-02 -6.9133679514e-01
229 81 94
2 1 5563 25.7900 131.3600 0 5669 33.7500 140.1300
-8.6025395035e-02 3.5001669358e-02 -1.0056301774e+00
34 35 29
2 1 5566 -230.8100 124.0700 0 5656 -228.8700 244.7700
1.6712982882e-02 4.5219224525e-02 -6.9680407212e-01
246 242 189
2 1 5567 16.1800 122.2300 0 5425 21.3100 135.3400
2.0130897564e-02 4.4537503675e-02 -6.8573420782e-01
235 67 90
2 1 5568 30.3600 119.2200 0 5427 34.1400 126.6000
1.5422548543e-02 4.2236960575e-02 -6.9829691061e-01
233 65 76
2 1 5570 12.4100 114.3200 0 5426 15.1100 129.3700
1.5912422089e-02 4.0126116116e-02 -6.9383073021e-01
246 243 180
2 1 5574 15.8500 108.0500 0 5430 16.4000 121.8400
1.5912422089e-02 4.0126116116e-02 -6.9383073021e-01
246 243 180
2 1 5575 15.8500 108.0500 0 5431 16.4000 121.8400
1.5912422089e-02 4.0126116116e-02 -6.9383073021e-01
246 243 180
2 1 5576 15.8500 108.0500 0 5429 16.4000 121.8400
-3.6723863762e-02 -2.5543840893e-02 -7.5398927325e-01
178 160 133
2 1 5620 -125.0900 -44.3700 0 5698 -168.8200 31.5900
-6.9567306260e-02 -3.5894681045e-02 -7.4594379018e-01
110 143 177
2 1 5628 -202.1800 -76.9200 0 5458 -253.3400 24.3100
-7.4866426626e-02 -3.6604986253e-02 -7.4645876412e-01
43 70 52
2 1 5630 -215.0100 -79.1000 0 5701 -266.5100 26.2900
-7.4866426626e-02 -3.6604986253e-02 -7.4645876412e-01
43 70 52
2 1 5631 -215.0100 -79.1000 0 5702 -266.5100 26.2900
-7.5750747853e-02 -4.6327607171e-02 -7.4151020498e-01
35 64 31
2 1 5644 -216.0900 -105.0300 0 5465 -275.4300 1.9500
-7.5750747853e-02 -4.6327607171e-02 -7.4151020498e-01
35 64 31
2 1 5645 -216.0900 -105.0300 0 5466 -275.4300 1.9500
-7.5052596093e-02 -4.9212388987e-02 -7.3912431077e-01
201 184 55
2 1 5647 -214.1200 -113.2400 0 5471 -275.8600 -6.4400
-4.4313085135e-02 -5.3505980323e-02 -7.3764474000e-01
32 32 28
2 1 5649 -137.9500 -118.9600 0 5486 -204.9900 -36.0900
-7.9910911987e-02 -5.2923447117e-02 -7.3760492460e-01
198 192 35
2 1 5654 -225.6600 -123.6300 0 5475 -290.4700 -12.9800
-7.9910911987e-02 -5.2923447117e-02 -7.3760492460e-01
198 192 35
2 1 5655 -225.6600 -123.6300 0 5476 -290.4700 -12.9800
-8.3967734822e-02 -5.9561442159e-02 -7.3680820039e-01
14 73 41
2 1 5666 -234.8600 -140.6900 0 5484 -304.7200 -26.1100
-4.2055927371e-02 -6.4552465439e-02 -7.3518463102e-01
179 143 8
2 1 5669 -130.7800 -145.9600 0 5506 -207.0200 -63.9600
-3.6875109828e-02 -6.5961953253e-02 -7.3766369064e-01
150 125 88
2 1 5670 -118.4200 -146.8600 0 5514 -195.5500 -68.2800
-8.1284039994e-02 -6.6061757001e-02 -7.3015484099e-01
198 192 30
2 1 5679 -227.7600 -160.2400 0 5490 -303.5700 -47.1300
-7.6409484109e-02 -7.0153291117e-02 -7.3717156378e-01
191 191 47
2 1 5684 -214.5300 -164.3800 0 5498 -292.6400 -54.3300
-7.6910858701e-02 -7.1794867078e-02 -7.3146281864e-01
202 183 57
2 1 5688 -215.7900 -172.1600 0 5089 -296.1600 -62.0000
-7.5555686979e-02 -7.8011359875e-02 -7.2881116528e-01
88 98 106
2 1 5699 -211.6200 -188.6400 0 5522 -297.3000 -78.9400
-7.5555686979e-02 -7.8011359875e-02 -7.2881116528e-01
88 98 106
2 1 5700 -211.6200 -188.6400 0 5523 -297.3000 -78.9400
-8.6353860546e-02 -7.7625949553e-02 -7.2686200641e-01
17 77 30
2 1 5702 -239.1100 -191.3500 0 5517 -324.2700 -73.0100
-4.4800809580e-02 -8.4654406083e-02 -7.2934749711e-01
170 141 40
2 1 5707 -134.4800 -198.0000 0 5542 -226.8200 -111.4800
-4.8170218410e-02 -8.4522319470e-02 -7.2857302839e-01
176 179 180
2 1 5708 -142.7200 -198.9900 0 5540 -234.8300 -109.8200
-9.0378156649e-02 -8.5837800249e-02 -7.2679358086e-01
22 97 56
2 1 5714 -248.0400 -211.9100 0 5529 -339.5000 -89.4700
-9.0378156649e-02 -8.5837800249e-02 -7.2679358086e-01
22 97 56
2 1 5715 -248.0400 -211.9100 0 5530 -339.5000 -89.4700
-1.0275407307e-01 -1.0696855138e-01 -7.1402937654e-01
168 129 47
2 1 5743 -278.4500 -276.8300 0 5778 -388.3700 -141.5600
9.2587933846e-02 1.2497770938e-01 -6.8512020846e-01
25 25 23
2 1 5782 221.1000 351.2100 0 5649 286.0300 280.2400
5.5481846349e-02 1.2306736624e-01 -6.7308932955e-01
19 20 22
2 1 5783 129.2000 347.9400 0 5647 202.4800 305.3600
5.4515064812e-02 1.1709441588e-01 -6.6934990554e-01
18 19 23
2 1 5786 129.4600 331.3900 0 5395 197.4400 289.2200
5.0352698791e-02 1.0287740160e-01 -6.6678167863e-01
53 57 60
2 1 5792 120.3700 289.4600 0 5654 175.1200 252.7900
9.2851162668e-02 1.0148675534e-01 -6.7617349075e-01
166 154 142
2 1 5793 230.5800 286.7600 0 5411 272.5200 215.8300
9.2344500515e-02 9.8765960924e-02 -6.7347880144e-01
178 169 159
2 1 5795 231.6900 279.4700 0 5660 271.3200 208.3300
9.2493945027e-02 9.4462424469e-02 -6.7379647028e-01
161 150 138
2 1 5796 231.7400 267.0100 0 5661 267.3800 196.8500
1.2810187732e-01 8.6599567203e-02 -5.8139623648e-01
184 177 168
2 1 5797 458.4400 263.7200 0 5678 471.5100 106.6700
8.8282929740e-02 9.0752071465e-02 -6.7028979553e-01
44 44 45
2 1 5798 223.7800 256.6600 0 5662 256.4900 189.3000
1.2767652095e-01 8.0840501870e-02 -5.8640217663e-01
204 196 183
2 1 5801 448.5000 242.6000 0 5680 454.2200 92.0700
-6.6067563534e-02 8.9317977001e-02 -9.8033638149e-01
200 202 227
2 1 5804 -204.0000 216.2200 0 5645 -170.5800 324.4500
3.9084465917e-02 6.2804331359e-02 -6.5243746664e-01
22 20 28
2 1 5810 100.7500 170.5100 0 5668 118.0500 146.9300
2.0010602146e-02 6.0790784087e-02 -6.9819044304e-01
247 236 183
2 1 5811 22.7800 164.5300 0 5664 41.6400 172.9200
1.9160825665e-02 5.2115989398e-02 -6.9340412177e-01
246 239 185
2 1 5812 23.5500 140.7000 0 5666 34.4800 149.7500
1.9160825665e-02 5.2115989398e-02 -6.9340412177e-01
246 239 185
2 1 5813 23.5500 140.7000 0 5667 34.4800 149.7500
2.8882909188e-02 5.1319289040e-02 -6.6865949499e-01
251 243 56
2 1 5814 62.7700 137.1400 0 5672 70.7000 130.4600
-7.1812063050e-02 3.6787037496e-02 -9.5328152088e-01
34 33 31
2 1 5816 -209.3900 123.2900 0 5657 -205.1500 234.1900
-1.4656457833e-01 2.0042644826e-02 -1.1409504976e+00
147 142 138
2 1 5818 -309.1000 108.3400 0 5652 -315.4200 263.9100
-2.3419967608e-01 -1.0908322720e-02 -1.1626610779e+00
48 51 42
2 1 5821 -427.4500 61.5000 0 5653 -450.8400 261.7400
-7.3632590769e-02 -2.7849733633e-02 -7.4495687915e-01
196 195 214
2 1 5853 -213.3900 -58.9600 0 5693 -258.1600 44.7100
-7.3632590769e-02 -2.7849733633e-02 -7.4495687915e-01
196 195 214
2 1 5854 -213.3900 -58.9600 0 5692 -258.1600 44.7100
-8.0068383811e-02 -3.5524350374e-02 -7.4449339924e-01
18 71 45
2 1 5857 -228.1700 -78.4500 0 5696 -278.6500 31.0400
-8.0068383811e-02 -3.5524350374e-02 -7.4449339924e-01
18 71 45
2 1 5858 -228.1700 -78.4500 0 5697 -278.6500 31.0400
-7.5267173201e-02 -4.0278842447e-02 -7.4188377751e-01
39 72 45
2 1 5871 -215.7600 -90.3600 0 5705 -270.4000 15.6400
-8.4407450904e-02 -4.4795749540e-02 -7.4187566689e-01
13 83 51
2 1 5882 -237.7100 -102.5300 0 5707 -295.5600 11.0400
-8.4407450904e-02 -4.4795749540e-02 -7.4187566689e-01
13 83 51
2 1 5883 -237.7100 -102.5300 0 5708 -295.5600 11.0400
-4.0643086694e-02 -5.5121979714e-02 -7.3999209255e-01
179 133 32
2 1 5890 -129.0600 -120.6700 0 5733 -197.3700 -40.4000
-7.7985994004e-02 -5.5617185715e-02 -7.3654570654e-01
37 66 47
2 1 5895 -220.5400 -130.3800 0 5713 -287.6400 -21.0000
-5.6615604743e-02 -6.0479139340e-02 -7.4336117518e-01
195 153 43
2 1 5896 -167.2500 -133.8800 0 5488 -238.3300 -40.4800
-8.4197288586e-02 -6.4408937609e-02 -7.3371681760e-01
16 69 43
2 1 5905 -234.9800 -154.3000 0 5732 -309.0200 -39.1500
-7.9067973991e-02 -6.6999931322e-02 -7.3527998691e-01
190 190 54
2 1 5910 -221.5900 -158.3900 0 5735 -297.7500 -47.1700
-8.4733574237e-02 -6.9820227492e-02 -7.3291576140e-01
19 68 45
2 1 5916 -235.5700 -167.8600 0 5737 -313.9200 -51.7500
-4.3266509517e-02 -7.2756849587e-02 -7.3063966749e-01
183 130 28
2 1 5919 -132.2200 -168.5100 0 5750 -215.4900 -84.9800
-4.3828177801e-02 -7.7862586421e-02 -7.3295481236e-01
182 134 21
2 1 5924 -133.3300 -179.2600 0 5757 -219.8200 -94.0500
-8.2699060854e-02 -7.8521071030e-02 -7.2814282501e-01
186 185 55
2 1 5933 -229.5700 -191.7500 0 5746 -315.4500 -76.3400
-8.1168337650e-02 -8.1463468249e-02 -7.2496406383e-01
40 65 36
2 1 5939 -225.5300 -200.9700 0 5752 -314.2300 -86.4100
-8.1064004989e-02 -8.7826208007e-02 -7.2556335361e-01
28 64 28
2 1 5947 -224.2500 -215.7200 0 5761 -317.8500 -100.5400
-3.0523207281e-02 -9.5001329787e-02 -7.3204311514e-01
15 13 14
2 1 5948 -99.0100 -217.4300 0 5777 -199.5100 -140.0400
-3.5121375576e-02 -9.6942465800e-02 -7.3253135646e-01
173 129 34
2 1 5951 -109.9100 -222.3700 0 5779 -211.6100 -141.3800
-2.9424522456e-02 -9.8896268529e-02 -7.3094737051e-01
155 162 174
2 1 5952 -95.7300 -227.0900 0 5785 -199.5100 -150.1100
5.2832089902e-02 1.2793488373e-01 -6.7776237460e-01
69 73 74
2 1 5974 118.0700 360.3200 0 5831 196.6300 321.4600
5.0841347918e-02 1.2160817745e-01 -6.6923471334e-01
61 65 67
2 1 5976 119.0900 344.8200 0 5832 192.1300 305.0800
4.8549669918e-02 9.8671662020e-02 -6.6324982948e-01
59 63 66
2 1 5980 118.1100 277.6400 0 5840 169.0500 241.9500
4.8343550159e-02 9.3603607169e-02 -6.6325051054e-01
62 63 65
2 1 5982 117.6800 262.4100 0 5842 163.8700 228.0400
2.1007851527e-02 5.5657742605e-02 -6.9365024791e-01
243 64 82
2 1 5993 28.0000 150.5100 0 5847 41.9300 157.5100
-8.3629352342e-02 4.2743954556e-02 -9.7046615445e-01
206 208 228
2 1 5994 -229.7900 134.5100 0 5655 -222.8400 252.7700
-1.5857483350e-01 -1.2996214470e-01 -1.0441582425e+00
145 150 156
2 1 6026 -326.2400 -132.3800 0 5695 -406.9500 32.4600
-3.0813368470e-02 -6.3351730429e-02 -7.3903515702e-01
172 124 33
2 1 6030 -104.0900 -138.3600 0 5880 -180.0500 -65.4700
-3.2248501135e-02 -7.0440440474e-02 -7.3546693631e-01
177 131 30
2 1 6034 -106.3800 -157.8400 0 5887 -187.7000 -82.5800
-3.4020876516e-02 -8.3162175396e-02 -7.3016801601e-01
182 130 26
2 1 6047 -108.2500 -191.3400 0 5897 -200.5100 -114.0700
5.5113320645e-02 1.1202293681e-01 -6.6999628495e-01
22 23 25
2 1 6069 130.7500 316.0100 0 5942 193.8200 274.6500
5.4220201679e-02 1.0626638239e-01 -6.6796266158e-01
23 24 23
2 1 6070 130.5500 299.7000 0 5838 187.0800 259.0500
2.4423243510e-02 8.5473644480e-02 -7.0212745268e-01
242 67 72
2 1 6072 30.6200 231.9600 0 5946 70.8300 233.8100
2.4423243510e-02 8.5473644480e-02 -7.0212745268e-01
242 67 72
2 1 6073 30.6200 231.9600 0 5945 70.8300 233.8100
1.3867419115e-02 5.1352117743e-02 -7.0694993203e-01
250 246 133
2 1 6077 4.1200 139.5300 0 5949 14.8500 156.4800
1.3867419115e-02 5.1352117743e-02 -7.0694993203e-01
250 246 133
2 1 6078 4.1200 139.5300 0 5950 14.8500 156.4800
-1.0094349565e-01 3.8550855834e-02 -1.0497224473e+00
105 97 86
2 1 6081 -252.2800 131.9200 0 5944 -248.8500 262.3700
1.2961814748e-02 4.4878776736e-02 -7.0527713717e-01
250 242 130
2 1 6083 3.0500 122.1900 0 5951 8.1700 140.4000
-1.4377254235e-01 -1.2293165286e-01 -1.0238111384e+00
154 151 146
2 1 6104 -306.8900 -128.2000 0 6003 -385.1600 29.4500
-4.1115867788e-02 -5.8956555789e-02 -7.4120714844e-01
179 137 23
2 1 6105 -129.9600 -129.1500 0 5872 -200.8000 -47.6800
-8.1080988244e-02 -6.2889711407e-02 -7.3661908754e-01
25 62 30
2 1 6110 -227.1100 -148.0800 0 5961 -299.8500 -35.7000
-8.5703509477e-02 -8.2623717009e-02 -7.3152633208e-01
21 61 43
2 1 6113 -236.2000 -199.6000 0 5971 -324.6000 -81.2700
-8.5887799246e-02 -8.7586273260e-02 -7.2564189840e-01
188 186 49
2 1 6115 -236.5200 -216.1500 0 5974 -329.6500 -97.0100
-8.5887799246e-02 -8.7586273260e-02 -7.2564189840e-01
188 186 49
2 1 6116 -236.5200 -216.1500 0 5975 -329.6500 -97.0100
-8.7880643212e-02 -1.0245434170e-01 -7.2044001183e-01
194 162 38
2 1 6119 -239.7900 -256.5200 0 5978 -345.5100 -134.2600
1.6299584141e-02 6.8496643543e-02 -7.1130252890e-01
249 246 179
2 1 6132 7.1500 185.3200 0 5998 32.4900 198.8600
-9.6143777043e-02 6.1181824338e-02 -1.0220687500e+00
82 80 78
2 1 6135 -249.5500 166.6900 0 5992 -232.9200 294.6100
-9.6143777043e-02 6.1181824338e-02 -1.0220687500e+00
82 80 78
2 1 6136 -249.5500 166.6900 0 5993 -232.9200 294.6100
-5.6324653104e-02 5.8230155101e-02 -9.3450759630e-01
3 5 4
2 1 6137 -183.6300 162.1800 0 5997 -167.7100 261.1200
-1.8553223691e-01 5.5599956899e-02 -1.1047684973e+00
14 12 14
2 1 6138 -378.1800 154.5000 0 5940 -367.2000 334.2100
-1.0117401337e-01 5.0091399913e-02 -1.0376566842e+00
217 223 239
2 1 6139 -255.0700 149.2200 0 5996 -245.0600 280.0100
-1.5347690165e-01 3.2423015343e-02 -1.1217095618e+00
24 25 29
2 1 6141 -323.4700 123.9100 0 5994 -323.8700 283.8200
-1.5347690165e-01 3.2423015343e-02 -1.1217095618e+00
24 25 29
2 1 6142 -323.4700 123.9100 0 5995 -323.8700 283.8200
-1.5223614825e-01 -3.8938162963e-02 -1.1792701667e+00
148 145 140
2 1 6143 -306.1500 32.2300 0 5947 -338.1100 189.7000
-7.2615933149e-02 -3.0778905091e-02 -7.4621762410e-01
191 192 211
2 1 6144 -210.4100 -65.1900 0 6002 -257.3700 38.0600
-2.9469317570e-02 -1.2535475429e-01 -7.3233655258e-01
167 155 145
2 1 6153 -93.3800 -287.4100 0 6011 -216.2200 -205.4200
1.9336300659e-02 8.7054532673e-02 -7.1578287554e-01
245 245 184
2 1 6159 11.2900 234.4200 0 6016 52.9000 244.3200
1.9336300659e-02 8.7054532673e-02 -7.1578287554e-01
245 245 184
2 1 6160 11.2900 234.4200 0 6015 52.9000 244.3200
2.1845551701e-02 7.4736619234e-02 -6.9876133044e-01
220 73 78
2 1 6161 26.3200 202.7000 0 6041 57.1900 207.3600
-1.9341998374e-01 4.1935077553e-02 -1.1384064467e+00
138 144 142
2 1 6163 -380.2800 136.3100 0 6037 -377.9000 317.3900
-7.7409948464e-02 -3.7522637406e-02 -7.4165350017e-01
88 113 53
2 1 6170 -221.5000 -84.2700 0 6026 -273.9000 23.1800
-7.7409948464e-02 -3.7522637406e-02 -7.4165350017e-01
88 113 53
2 1 6171 -221.5000 -84.2700 0 6025 -273.9000 23.1800
-8.2476043165e-02 -7.2439626376e-02 -7.3182753454e-01
173 177 49
2 1 6175 -229.6100 -174.4700 0 6032 -310.2200 -59.8600
-7.3450933958e-02 -8.5402765386e-02 -7.2378952695e-01
197 194 204
2 1 6178 -205.5400 -209.9500 0 6035 -297.7000 -100.8000
-8.7554206247e-02 4.9607266688e-02 -9.9793004890e-01
214 217 236
2 1 6181 -235.8100 147.1900 0 6040 -224.8500 269.3500
2.9375070724e-03 2.2904517014e-02 -6.9437812976e-01
241 239 250
2 1 6182 -16.8400 60.7200 0 6020 -30.2500 88.0600
-6.8763799144e-02 -7.1991365209e-02 -7.3247059874e-01
196 195 209
2 1 6185 -195.3900 -170.3500 0 6045 -276.1800 -66.6300
-2.8789598867e-02 -1.1997428338e-01 -7.1440213867e-01
164 155 141
2 1 6188 -88.8700 -291.2000 0 6049 -212.2200 -211.8600
1.0438396604e-02 1.0290369588e-01 -7.1300704829e-01
180 170 161
2 1 6190 -12.1300 276.8000 0 6050 45.2100 291.5700
1.3336346948e-01 1.3342672598e-01 -6.2399958875e-01
199 198 194
2 2 523 415.1400 157.9100 0 2596 474.4600 260.8900
1.3185615186e-01 7.9919428418e-02 -5.8479313035e-01
195 194 187
2 2 817 443.6100 20.0100 0 2813 467.3400 84.5100
1.2932148797e-01 5.3085379555e-02 -5.7045089260e-01
160 157 148
2 2 948 447.0000 -44.0500 0 2987 449.7100 -7.0300
1.0986507505e-01 2.1396376037e-02 -5.9555846401e-01
174 171 164
2 2 1044 361.2100 -82.3900 0 3138 321.6300 -63.6400
1.1894210556e-01 2.1089578576e-02 -5.7168493685e-01
190 187 180
2 2 1085 411.4300 -103.7500 0 4419 378.3400 -95.3700
-3.1683121395e-02 -5.1697428889e-02 -7.5059394151e-01
10 9 19
2 2 1111 -89.6200 -114.1400 0 3045 -174.5100 -31.3800
1.3338820647e-01 2.1295388105e-02 -5.3539514169e-01
174 172 161
2 2 1172 491.2200 -135.4900 0 4524 480.9300 -149.4600
1.2667992942e-01 1.3596092952e-02 -5.4590986867e-01
150 150 140
2 2 1185 459.6200 -140.7700 0 4530 431.6200 -154.9500
1.3401304676e-01 1.6517440939e-02 -5.2998899318e-01
178 175 166
2 2 1216 498.2000 -149.4600 0 4564 486.4100 -172.9800
1.1471685293e-01 -1.5664395698e-03 -5.6530390258e-01
144 141 134
2 2 1223 402.5200 -151.6800 0 4558 348.0500 -167.6100
1.1839464047e-01 -4.4127886877e-03 -5.5277514794e-01
184 181 172
2 2 1274 426.1800 -168.3400 0 4599 373.1300 -195.4800
1.2503439132e-01 -4.6486688792e-03 -5.3602833310e-01
144 141 132
2 2 1316 462.5000 -183.9900 0 3626 419.2500 -225.3800
1.1327563896e-01 -2.1191518668e-02 -5.5270634204e-01
179 177 165
2 2 1359 409.6500 -199.2300 0 3667 337.3700 -243.0700
1.2280599417e-01 -1.4476310618e-02 -5.3338335734e-01
183 181 169
2 2 1376 458.0100 -204.7500 0 4697 403.7600 -259.1000
1.2991851282e-01 -9.6892306262e-03 -5.1974967418e-01
182 178 169
2 2 1394 493.5000 -208.1600 0 4713 456.1800 -271.8100
1.2991851282e-01 -9.6892306262e-03 -5.1974967418e-01
182 178 169
2 2 1395 493.5000 -208.1600 0 4714 456.1800 -271.8100
1.2970847674e-01 -1.2015484894e-02 -5.1884335431e-01
190 183 177
2 2 1410 493.1500 -213.4000 0 4726 454.0500 -280.8100
1.1864072730e-01 -3.3585411496e-02 -5.2943046176e-01
181 178 169
2 2 1457 447.3200 -243.7100 0 4816 372.3700 -323.2400
-8.6654071499e-02 -9.9635902940e-02 -7.2181696444e-01
132 111 101
2 2 1476 -154.3000 -255.4100 0 3330 -339.6100 -126.5900
1.0627968230e-01 -5.0137741283e-02 -5.4692491630e-01
183 180 171
2 2 1485 392.8100 -257.7600 0 4841 289.5200 -334.7300
7.1289970975e-02 -8.6549586638e-02 -6.0832869295e-01
124 121 112
2 2 1503 232.8400 -267.0000 0 3869 95.6100 -317.0600
1.0555804757e-01 -5.5732898901e-02 -5.4529376611e-01
184 180 171
2 2 1510 391.1200 -269.3500 0 4883 282.8900 -353.8700
9.2675775289e-02 -7.4099825597e-02 -5.6309051045e-01
181 177 168
2 2 1548 335.8200 -285.9900 0 4003 204.1500 -367.9400
1.0226594774e-01 9.1632676886e-02 -6.7202758350e-01
141 138 133
2 2 2047 271.4700 112.8200 0 2686 291.0200 181.2800
1.3360554072e-01 7.1615597435e-02 -5.7310694374e-01
191 190 185
2 2 2170 460.3200 -6.0200 0 4206 481.2800 49.3000
1.3408126797e-01 6.1968347783e-02 -5.6525477571e-01
193 190 183
2 2 2200 468.2000 -30.9800 0 4253 483.5300 12.2300
9.3924326717e-02 9.0923799584e-03 -6.2644513168e-01
169 166 161
2 2 2237 285.2700 -79.0400 0 4354 232.9800 -58.4200
1.2471799222e-01 2.2501910519e-02 -5.5874503321e-01
182 182 174
2 2 2294 441.2500 -112.2600 0 5127 416.3200 -109.9400
1.2471799222e-01 2.2501910519e-02 -5.5874503321e-01
182 182 174
2 2 2295 441.2500 -112.2600 0 5128 416.3200 -109.9400
1.1710325898e-01 9.4719812733e-03 -5.6798438450e-01
176 173 166
2 2 2319 407.9700 -128.6500 0 4508 364.3800 -133.0600
1.3002286344e-01 1.7734296360e-02 -5.4101352758e-01
183 180 171
2 2 2328 474.8800 -137.2800 0 5165 455.6400 -150.8200
1.0347426707e-01 -2.0598037826e-02 -5.7760140648e-01
190 185 179
2 2 2386 357.1000 -176.0500 0 4606 278.4100 -199.6900
1.0514028160e-01 -2.7388698434e-02 -5.6868824487e-01
135 131 122
2 2 2423 369.7700 -195.9400 0 4658 285.7600 -232.7400
2.1936678713e-02 -4.0573039006e-02 -6.2424680186e-01
240 239 54
2 2 2436 167.6900 -202.7700 0 3387 -7.7100 -142.8800
1.2216195706e-01 -2.3631622250e-02 -5.2850477570e-01
179 175 164
2 2 2469 459.7300 -225.9600 0 5300 397.6700 -295.9700
9.5171659492e-02 -5.2539574869e-02 -5.7363514479e-01
150 146 137
2 2 2480 334.6500 -237.4600 0 5294 224.0100 -291.0600
9.7438300815e-02 -5.8786372522e-02 -5.6382136178e-01
148 144 133
2 2 2500 349.4200 -257.5300 0 4822 233.9800 -325.8600
9.7438300815e-02 -5.8786372522e-02 -5.6382136178e-01
148 144 133
2 2 2502 349.4200 -257.5300 0 4824 233.9800 -325.8600
1.2392662195e-01 4.5031180649e-02 -5.7816612795e-01
145 142 137
2 2 2842 422.0800 -52.7100 0 5041 412.0500 -20.6600
1.3158292917e-01 3.2394023276e-02 -5.4808705152e-01
155 152 145
2 2 2898 474.2600 -103.3500 0 5535 467.5600 -96.4000
1.0758222321e-01 -6.9419211521e-03 -5.7882184854e-01
145 142 135
2 2 2937 368.2900 -149.7500 0 5175 303.9700 -161.5700
-1.1751638040e-02 -1.0053378963e-01 -7.2957277860e-01
146 112 33
2 2 2999 -51.5800 -203.8900 0 5561 -159.7700 -165.0000
1.1999193993e-01 -2.8202100823e-02 -5.3015547932e-01
153 151 139
2 2 3026 451.2900 -232.9800 0 5311 382.3100 -305.9900
1.3199878944e-01 4.4564687600e-02 -5.5706467135e-01
157 153 147
2 2 3217 467.5500 -71.9800 0 5495 469.1300 -48.4300
1.3211087158e-01 2.1059336339e-02 -5.3739320033e-01
162 158 150
2 2 3259 485.8800 -134.5200 0 5783 473.0500 -146.4600
1.3267871497e-01 1.9368296614e-02 -5.3539952946e-01
186 184 172
2 2 3264 489.1800 -139.0600 0 5788 475.9800 -155.2100
1.1375863318e-01 -2.9645022393e-02 -5.4353761133e-01
179 175 164
2 2 3356 420.0300 -223.7900 0 5815 341.4400 -283.2900
1.2586057107e-01 -1.7129958253e-02 -5.2462112060e-01
163 159 150
2 2 3556 475.1700 -217.3900 0 5928 424.4400 -284.6000
-6.5385151866e-02 -5.2126620716e-02 -7.4589943375e-01
83 114 163
2 2 3612 -134.9000 -136.6100 0 5866 -253.8400 -15.1000
