# Bundle file v0.3
3 621
9.9890490116e+02 1.0344224835e-01 -1.8499192787e-01
9.9721283562e-01 -6.5024312726e-02 -3.6584139046e-02
4.9518313970e-02 9.4359809388e-01 -3.2736917053e-01
5.5807679191e-02 3.2464515395e-01 9.4418802521e-01
-4.4102610139e-02 -4.0156435723e-01 5.0044572546e-01
1.0272175152e+03 8.1409402226e-02 -1.0838355891e-01
9.9212457005e-01 -1.1457734545e-01 -5.0605033542e-02
5.7606755674e-02 7.7614630203e-01 -6.2791590165e-01
1.1122184683e-01 6.2005560215e-01 7.7663424534e-01
-9.3476418656e-02 -7.7581396450e-01 2.2187981900e-01
1.0254103183e+03 6.9946341100e-02 -2.1840755501e-02
9.3719351648e-01 -2.1402705400e-01 2.7542827164e-01
3.4196571512e-01 4.0811790173e-01 -8.4646277412e-01
6.8758725565e-02 8.8748644973e-01 4.5567536604e-01
3.7562725235e-01 -1.0700861142e+00 -1.5660476745e-01
2.4780139527e-01 2.1101142790e-01 -1.2229193058e+00
140 139 131
2 0 8 414.4900 372.4000 1 226 347.1200 310.4900
2.2344145624e-01 2.1218702998e-01 -1.2470218782e+00
187 184 179
2 0 10 358.1100 370.8000 1 162 293.9400 325.1300
1.5874734336e-01 2.1597162427e-01 -1.3075500476e+00
161 160 155
2 0 12 228.6300 367.6800 1 54 170.2200 358.6000
2.5485499593e-01 2.0788631182e-01 -1.2157338936e+00
185 182 175
2 0 13 431.4800 367.5400 1 270 362.7400 300.9700
2.5360747808e-01 2.0389170019e-01 -1.2153273693e+00
186 183 176
3 0 28 428.8000 360.0000 1 2454 359.9600 293.2100 2 2186 478.6700 262.0500
2.1963493653e-01 2.0394728245e-01 -1.2493198396e+00
140 139 135
3 0 34 350.2300 356.3800 1 224 285.3800 310.6900 2 2136 379.5400 286.4600
2.3019784917e-01 2.0276327128e-01 -1.2356491753e+00
137 132 129
2 0 37 374.9000 354.7300 1 2440 308.5900 302.2000
2.2179865278e-01 2.0239092469e-01 -1.2430782117e+00
180 179 175
2 0 43 356.4500 352.9400 1 249 290.8900 305.4200
2.2179865278e-01 2.0239092469e-01 -1.2430782117e+00
180 179 175
2 0 44 356.4500 352.9400 1 250 290.8900 305.4200
2.1944466816e-01 2.0075767639e-01 -1.2447155502e+00
182 181 177
2 0 51 351.5000 349.6800 1 259 285.9100 303.4400
2.5885977016e-01 1.7920187124e-01 -1.1974909676e+00
181 182 174
2 0 109 447.1500 313.3300 1 469 372.0900 237.7300
2.5885977016e-01 1.7920187124e-01 -1.1974909676e+00
181 182 174
2 0 110 447.1500 313.3300 1 470 372.0900 237.7300
2.7061127684e-01 1.7499180198e-01 -1.1848081589e+00
142 143 138
2 0 120 477.7400 305.7200 1 529 399.2400 221.9100
2.7624987067e-01 1.6810266674e-01 -1.1759767344e+00
184 180 177
2 0 143 494.1600 292.2200 1 593 412.6700 203.4800
2.3564744771e-01 1.6640152667e-01 -1.2120262695e+00
135 136 130
2 0 154 394.0000 287.8800 1 508 320.9800 224.8300
2.4837530716e-01 1.6450041242e-01 -1.1989462053e+00
171 172 166
2 0 168 425.1600 284.4800 1 558 348.5400 213.0400
2.7026812303e-01 1.6141710426e-01 -1.1782478537e+00
190 186 185
2 0 179 479.9200 278.8900 1 620 398.3000 193.4100
2.1049989447e-01 1.6006241721e-01 -1.2316651197e+00
168 165 158
2 0 184 338.8400 275.5600 1 505 269.4800 226.6100
2.4519352508e-01 1.5911358669e-01 -1.1996670262e+00
177 176 171
2 0 193 417.9600 274.2500 1 587 341.6200 204.3900
2.4519352508e-01 1.5911358669e-01 -1.1996670262e+00
177 176 171
2 0 194 417.9600 274.2500 1 588 341.6200 204.3900
2.5287799300e-01 1.5473586056e-01 -1.1904667964e+00
172 173 168
2 0 204 437.4800 265.8300 1 631 358.6500 190.6300
2.3303999036e-01 1.5204313013e-01 -1.2075875701e+00
179 178 173
2 0 209 390.3600 260.9000 1 602 315.5100 198.0600
2.5601133710e-01 1.5197307375e-01 -1.1859056577e+00
184 185 180
2 0 211 445.9400 260.3900 1 656 365.8900 182.6400
1.8682677747e-01 1.4999872780e-01 -1.2474628801e+00
108 104 101
2 0 218 291.1000 257.4600 1 537 224.9400 219.9700
2.3002724929e-01 1.4535310088e-01 -1.2065570857e+00
181 178 170
2 0 233 384.6800 248.3500 1 641 309.6100 186.3400
2.3003995732e-01 1.4535932329e-01 -1.2065463708e+00
181 178 170
3 0 234 384.6800 248.3500 1 642 309.6100 186.3400 2 1027 421.1800 164.9200
2.3918912823e-01 1.4206150491e-01 -1.1965024127e+00
188 185 178
2 0 240 406.7700 241.7800 1 679 328.9800 173.9500
2.7205786301e-01 1.4225387266e-01 -1.1663115917e+00
187 183 180
2 0 244 489.5900 240.3700 1 756 402.4300 151.6900
2.5461945882e-01 1.3571863807e-01 -1.1792098935e+00
189 186 179
2 0 266 445.7700 228.6100 1 759 362.6000 150.8800
2.3996954657e-01 1.3371616888e-01 -1.1910657552e+00
186 183 176
2 0 272 410.5200 225.6400 1 739 330.9500 156.4800
2.7238352835e-01 1.3132918608e-01 -1.1603853257e+00
192 188 185
2 0 281 492.8900 218.2700 1 821 403.2900 128.7500
2.7315623411e-01 1.2933784294e-01 -1.1588316068e+00
178 174 171
2 0 288 495.1200 214.2300 1 842 405.1700 124.1700
2.1579773251e-01 1.2669053562e-01 -1.2100121578e+00
173 170 163
2 0 290 355.6200 214.2600 1 727 281.3100 159.2400
2.1896821211e-01 1.2377000093e-01 -1.2052263447e+00
179 175 168
2 0 304 363.4300 208.4600 1 2671 287.8300 151.2500
2.5185245500e-01 1.2280630075e-01 -1.1745970667e+00
131 128 121
2 0 314 441.8600 203.3100 1 827 356.8500 126.4600
2.5563462655e-01 1.2182513676e-01 -1.1709936050e+00
192 189 181
2 0 321 451.3100 201.0400 1 846 365.1200 122.0500
2.4644087456e-01 1.1761130926e-01 -1.1768726085e+00
187 184 178
2 0 336 429.5400 193.7000 1 852 345.0600 120.1400
2.5770674138e-01 1.1421418856e-01 -1.1655347991e+00
186 183 175
2 0 352 458.0200 185.6800 1 881 369.6200 105.6500
2.6275972495e-01 1.1125647837e-01 -1.1591446861e+00
187 186 181
2 0 366 471.9700 178.8800 1 913 381.0200 95.6200
2.6275972495e-01 1.1125647837e-01 -1.1591446861e+00
187 186 181
2 0 367 471.9700 178.8800 1 914 381.0200 95.6200
2.5465513344e-01 1.0522842451e-01 -1.1630613840e+00
136 133 128
2 0 388 452.6300 167.9800 1 934 363.2100 89.5600
2.5787459213e-01 1.0459201930e-01 -1.1598877646e+00
131 130 125
2 0 394 461.0900 166.1300 1 946 370.1600 85.9300
2.5787459213e-01 1.0459201930e-01 -1.1598877646e+00
131 130 125
2 0 395 461.0900 166.1300 1 947 370.1600 85.9300
2.7176513302e-01 1.0561581471e-01 -1.1480358519e+00
196 192 189
2 0 397 496.9800 165.8600 1 974 401.7400 77.0600
2.2067971451e-01 9.8742445701e-02 -1.1892992751e+00
136 132 124
3 0 410 372.3800 160.5100 1 891 292.5000 101.3600 2 1221 406.8700 91.1100
2.4750417631e-01 9.6390020642e-02 -1.1642185154e+00
188 185 180
2 0 434 437.1100 151.3400 1 972 347.9700 77.0900
2.4750417631e-01 9.6390020642e-02 -1.1642185154e+00
188 185 180
2 0 435 437.1100 151.3400 1 973 347.9700 77.0900
2.0356033424e-01 8.9653970634e-02 -1.2010684868e+00
130 123 115
2 0 445 335.3000 146.8400 1 906 259.4300 97.4100
1.7713537293e-01 8.2771463644e-02 -1.2219636714e+00
136 135 128
2 0 466 280.6700 139.4300 1 886 211.6700 103.5900
2.5129732120e-01 8.4347758037e-02 -1.1557286061e+00
189 186 180
2 0 502 448.2000 126.8900 1 1048 356.1800 51.8000
2.4099386484e-01 7.9378029058e-02 -1.1621995862e+00
124 123 114
2 0 518 423.8500 119.2600 1 1051 334.2500 50.4000
2.6121750946e-01 8.1295333877e-02 -1.1449510060e+00
120 117 112
2 0 519 474.8300 118.0900 1 1068 377.9000 37.4600
2.6577375253e-01 8.1599615127e-02 -1.1410481363e+00
184 180 177
2 0 520 486.6200 117.6000 1 1078 388.2200 34.1800
2.6577375253e-01 8.1599615127e-02 -1.1410481363e+00
184 180 177
2 0 521 486.6200 117.6000 1 1079 388.2200 34.1800
2.1722587393e-01 6.9787452667e-02 -1.1783120012e+00
187 182 176
2 0 541 369.3500 106.3200 1 1050 286.6500 50.7800
2.3326242075e-01 7.1275931729e-02 -1.1628214638e+00
126 123 118
3 0 546 407.7500 103.7400 1 1066 319.2500 40.0400 2 1336 442.4900 39.0000
2.6053317029e-01 6.9650943027e-02 -1.1392125028e+00
132 127 123
2 0 570 475.9800 94.1400 1 1140 376.6600 15.0400
2.6221353465e-01 6.9324918349e-02 -1.1377243127e+00
195 192 187
2 0 574 480.3400 93.0500 1 1149 380.3100 13.1500
2.5242108392e-01 6.5500347122e-02 -1.1448245391e+00
190 187 182
2 0 591 455.5600 88.2300 1 1143 358.7500 14.6000
2.6602160512e-01 6.6238221293e-02 -1.1326192831e+00
194 191 184
2 0 598 491.2800 85.4100 1 1186 388.8800 3.7000
2.0435339237e-01 5.4100455519e-02 -1.1818464255e+00
181 177 172
2 0 608 343.2000 79.9200 1 1085 262.5800 32.4300
1.8355783871e-01 4.9770470201e-02 -1.1991332054e+00
164 159 153
2 0 616 298.9200 78.2000 1 1064 224.7800 41.3400
2.4319129445e-01 5.0120766875e-02 -1.1455197962e+00
139 134 128
2 0 656 435.0800 60.1600 1 1209 339.5700 -6.1400
1.5965394689e-01 3.5060141398e-02 -1.2130165821e+00
108 104 101
2 0 658 252.9600 58.7700 1 1080 185.0100 33.6900
2.3065000504e-01 3.9770311369e-02 -1.1511591071e+00
121 120 115
2 0 702 406.5900 43.6500 1 1244 314.2000 -14.6200
2.4219448649e-01 2.3994570775e-02 -1.1330078114e+00
187 184 179
2 0 765 438.3200 7.2900 1 1416 338.0600 -53.3400
2.4219448649e-01 2.3994570775e-02 -1.1330078114e+00
187 184 179
2 0 766 438.3200 7.2900 1 1417 338.0600 -53.3400
1.6554211500e-01 -5.8613432112e-03 -1.1869122204e+00
160 155 151
2 0 830 270.4800 -17.0100 1 1327 197.5600 -38.3600
-8.3170750785e-02 -4.9991243606e-02 -1.2896222417e+00
125 126 150
2 0 877 -104.0100 -41.5200 1 1227 -131.5100 -12.1200
2.3886109129e-01 -9.8989753067e-04 -1.1231415414e+00
184 180 173
2 0 880 435.2400 -42.5600 1 1559 332.1700 -95.4100
-8.1052929620e-02 -5.4022267604e-02 -1.2911637318e+00
121 130 151
2 0 891 -100.1600 -45.7300 1 1243 -127.8600 -14.5800
-8.6338216670e-02 -5.6181881691e-02 -1.2850350891e+00
104 109 137
2 0 903 -108.2800 -51.8500 1 1270 -134.7900 -21.9700
-8.1215474791e-02 -5.9040955502e-02 -1.2891923463e+00
118 127 149
2 0 907 -100.2200 -52.9900 1 1264 -127.0600 -20.9900
1.9212267591e-01 -1.9937238613e-02 -1.1561195904e+00
175 171 160
2 0 911 328.2200 -55.6400 1 1528 244.2900 -83.9600
-1.0343675138e-01 -5.2013785502e-02 -1.2684278723e+00
12 6 11
2 0 914 -135.6400 -56.3300 1 1308 -160.5300 -32.7700
-8.8783930584e-02 -6.2511485131e-02 -1.2813928334e+00
138 137 167
2 0 930 -111.6300 -61.8200 1 1302 -136.7100 -31.1600
-1.0993562057e-01 -5.7137814159e-02 -1.2606367988e+00
136 137 174
2 0 943 -145.6600 -67.5900 1 1367 -169.0700 -44.6800
-1.0772987153e-01 -7.3571140086e-02 -1.2593124506e+00
128 133 146
2 0 1005 -140.4700 -89.2800 1 1445 -162.0600 -61.2300
-1.0772987153e-01 -7.3571140086e-02 -1.2593124506e+00
128 133 146
2 0 1006 -140.4700 -89.2800 1 1446 -162.0600 -61.2300
-5.2465707293e-02 -1.0942237590e-01 -1.3103638930e+00
94 67 17
2 0 1050 -53.4100 -101.2000 1 1387 -78.7900 -48.4400
-9.3579914833e-02 -9.0903376799e-02 -1.2708549043e+00
122 125 143
2 0 1059 -116.0300 -103.5400 1 1466 -137.9400 -66.5300
-9.8658106837e-02 -8.8519351278e-02 -1.2654051816e+00
125 131 147
2 0 1062 -124.4700 -104.0500 1 1474 -145.7000 -69.2900
-1.1192841390e-01 -8.2166477317e-02 -1.2523271227e+00
120 131 149
2 0 1064 -146.5100 -104.6700 1 1499 -166.6800 -75.4800
-1.0988970214e-01 -8.3335721893e-02 -1.2550265438e+00
119 128 138
2 0 1065 -142.9400 -104.3900 1 1495 -163.1300 -74.1100
2.1357508424e-01 -3.9903002499e-02 -1.1260999478e+00
178 173 169
2 0 1073 381.2500 -107.5500 1 1710 284.5500 -138.1800
-1.1568579891e-01 -8.8547924344e-02 -1.2481924502e+00
17 6 15
2 0 1096 -151.9200 -115.5400 1 1531 -170.3800 -85.2200
-1.1423950156e-01 -1.2086808869e-01 -1.2442386392e+00
5 7 15
2 0 1255 -146.0300 -158.7400 1 1645 -160.7200 -117.5700
2.4275160875e-01 2.0417033439e-01 -1.2245827164e+00
181 180 175
2 0 1828 403.4900 359.0000 1 2444 335.9200 298.7700
2.5495192826e-01 2.0284451524e-01 -1.2131062169e+00
153 150 143
2 0 1834 432.6000 358.0900 1 3503 363.1100 290.0800
2.4995396176e-01 1.9494829698e-01 -1.2131229214e+00
177 178 172
2 0 1847 422.6800 342.5500 1 2483 351.8900 275.5600
2.5867467979e-01 1.9378569393e-01 -1.2047916033e+00
182 181 176
2 0 1848 443.9200 341.2700 1 2489 371.6600 268.5600
2.5715206752e-01 1.8700636864e-01 -1.2029361657e+00
175 177 164
2 0 1859 441.4900 328.1600 1 2511 368.0700 255.1700
1.9881323739e-01 1.8932105431e-01 -1.2575546147e+00
181 181 174
2 0 1861 309.4700 327.1900 1 2461 245.4700 290.1000
2.0798380877e-01 1.8645200394e-01 -1.2476688351e+00
183 183 175
2 0 1864 329.0600 322.9300 1 2475 263.5600 279.9600
2.1781330119e-01 1.7458620342e-01 -1.2325152063e+00
185 184 179
2 0 1879 352.4200 302.1900 1 2514 283.5200 251.3000
1.9280840980e-01 1.7134768529e-01 -1.2535597587e+00
134 134 126
2 0 1889 299.9700 295.1700 1 2506 234.8600 257.8800
2.1612008862e-01 1.7033360358e-01 -1.2332530942e+00
188 187 182
3 0 1890 349.0100 295.0500 1 2525 279.9400 244.0400 2 3003 378.9900 220.4000
2.3741288019e-01 1.6700828986e-01 -1.2108039386e+00
178 177 172
2 0 1897 397.7300 289.1500 1 2557 324.9400 225.0100
2.3969042656e-01 1.6468138135e-01 -1.2073533375e+00
184 185 179
2 0 1900 403.8900 284.7300 1 2565 329.6700 218.8900
2.6625342024e-01 1.6056440693e-01 -1.1811212285e+00
170 169 165
2 0 1902 469.8300 277.2100 1 2598 389.2700 193.8600
2.4743643081e-01 1.6029199283e-01 -1.1975322733e+00
185 185 179
2 0 1905 423.4800 276.4700 1 2590 346.8800 204.7800
2.4752082814e-01 1.6021336751e-01 -1.1978413161e+00
185 185 179
3 0 1906 423.4800 276.4700 1 2591 346.8800 204.7800 2 2352 466.2700 179.9100
2.7712842257e-01 1.5838898698e-01 -1.1706518957e+00
185 183 179
2 0 1909 498.4800 272.8200 1 660 414.4100 182.6300
2.7125434846e-01 1.5179313121e-01 -1.1727213601e+00
184 180 179
2 0 1919 484.4400 259.7600 1 684 400.4500 172.8000
2.0613092222e-01 1.5112374496e-01 -1.2297206961e+00
163 162 154
2 0 1922 331.5400 259.1500 1 2579 261.5400 210.7300
1.9682374416e-01 1.4909278242e-01 -1.2406113640e+00
154 149 143
3 0 1927 310.8900 256.7300 1 2572 243.1700 213.9400 2 2323 334.6100 194.6800
2.7535687118e-01 1.4916960386e-01 -1.1669378783e+00
194 190 187
2 0 1928 496.3700 254.2400 1 2643 410.4800 163.7900
2.7535687118e-01 1.4916960386e-01 -1.1669378783e+00
194 190 187
2 0 1929 496.3700 254.2400 1 2644 410.4800 163.7900
2.7240144728e-01 1.4851325245e-01 -1.1693855361e+00
182 178 177
2 0 1932 488.6000 253.0700 1 2642 403.4900 164.5500
2.2055256619e-01 1.4429229514e-01 -1.2139373830e+00
130 127 119
2 0 1935 363.8200 246.4900 1 2606 290.2800 189.5900
2.5558300110e-01 1.3837132069e-01 -1.1779273813e+00
140 137 132
3 0 1944 448.9800 233.3000 1 748 365.5000 154.2100 2 1126 491.5400 133.2700
2.2123269305e-01 1.3020443867e-01 -1.2055918602e+00
172 169 160
2 0 1950 368.2400 220.0300 1 2646 292.0600 161.4900
1.7883433111e-01 1.2364018878e-01 -1.2377629759e+00
34 33 31
2 0 1959 279.9100 210.7500 1 2624 212.6100 172.9500
2.4280155011e-01 1.2548297281e-01 -1.1841862703e+00
185 182 177
2 0 1962 419.1600 209.4300 1 2690 337.0300 138.2500
2.4638565829e-01 1.2493225669e-01 -1.1806599932e+00
182 179 174
2 0 1963 427.8200 208.0700 1 2694 344.9500 134.5800
2.4638565829e-01 1.2493225669e-01 -1.1806599932e+00
182 179 174
2 0 1964 427.8200 208.0700 1 2695 344.9500 134.5800
2.7088744925e-01 1.2416386558e-01 -1.1585380608e+00
190 186 183
2 0 1967 490.1400 204.0100 1 2716 399.6500 115.5900
2.3892135579e-01 1.1704418731e-01 -1.1834413392e+00
134 131 125
2 0 1981 411.3200 193.5100 1 2705 329.0000 124.4600
2.4664787066e-01 1.1260419634e-01 -1.1744115268e+00
185 182 177
2 0 1990 430.9300 183.9000 1 870 345.4200 110.4500
2.3737223307e-01 1.0903133985e-01 -1.1804636703e+00
188 185 178
2 0 1994 409.2900 178.1000 1 873 326.0400 109.7500
2.7193001121e-01 1.1075140475e-01 -1.1501266208e+00
191 186 182
2 0 1995 496.7400 176.2100 1 942 402.0900 86.9900
2.3260773620e-01 1.0690775059e-01 -1.1841024792e+00
152 149 142
2 0 1996 398.2500 174.7500 1 2727 315.8600 109.5600
2.5139922198e-01 1.0743914034e-01 -1.1669497902e+00
186 186 178
2 0 1998 444.1500 172.8400 1 2753 356.0300 96.2500
2.4994965303e-01 1.0011798969e-01 -1.1649501882e+00
153 150 143
2 0 2011 441.8100 158.6300 1 2775 352.7400 83.4900
2.0572827611e-01 8.7466224812e-02 -1.1981495970e+00
179 172 164
2 0 2027 340.2500 142.4400 1 925 263.6800 92.0000
1.9845760929e-01 8.3822620097e-02 -1.2023601687e+00
168 165 158
2 0 2035 325.2400 136.9400 1 933 250.3200 90.0600
2.4638313436e-01 8.3758845452e-02 -1.1596576466e+00
179 176 167
2 0 2046 436.3300 126.7100 1 2814 345.4600 54.5300
2.1138532356e-01 7.7888489941e-02 -1.1879953004e+00
179 172 166
2 0 2052 354.5100 123.2400 1 991 274.9400 70.2600
1.7269617025e-01 7.1382929300e-02 -1.2201741045e+00
131 126 122
2 0 2058 273.4700 120.0200 1 943 204.5500 86.7100
2.6007356548e-01 7.9576723136e-02 -1.1452423378e+00
193 189 186
2 0 2065 472.2100 114.8900 1 2853 375.2200 35.2700
2.4466584425e-01 6.8403138056e-02 -1.1533004353e+00
123 120 113
2 0 2087 435.2000 96.4000 1 1107 342.2200 26.6500
1.7719287642e-01 5.7431864868e-02 -1.2086607716e+00
159 152 146
2 0 2089 284.6400 93.8300 1 1029 213.2800 59.0900
1.7009592123e-01 5.1237613360e-02 -1.2124014961e+00
139 134 128
2 0 2101 271.0100 84.8000 1 2816 201.4200 53.9600
1.7009592123e-01 5.1237613360e-02 -1.2124014961e+00
139 134 128
2 0 2102 271.0100 84.8000 1 2817 201.4200 53.9600
2.1197978445e-01 5.2693378651e-02 -1.1750661394e+00
185 178 170
2 0 2123 360.2100 75.3100 1 1113 276.8100 24.7500
2.1197978445e-01 5.2693378651e-02 -1.1750661394e+00
185 178 170
2 0 2124 360.2100 75.3100 1 1114 276.8100 24.7500
2.6411273209e-01 5.7925829520e-02 -1.1304624599e+00
191 188 180
2 0 2130 487.8000 68.8600 1 1226 384.5400 -10.2100
2.0226769315e-01 4.3431166893e-02 -1.1778657713e+00
174 169 163
2 0 2138 340.2300 60.2900 1 1138 259.7000 14.6200
2.2478292471e-01 4.1750912206e-02 -1.1577049589e+00
191 188 179
2 0 2153 391.9000 49.8300 1 2918 302.4300 -5.7700
2.0308041446e-01 3.7153433609e-02 -1.1749130285e+00
179 174 168
2 0 2158 342.8300 48.5100 1 1183 261.0700 3.9800
2.2795415961e-01 3.9840009712e-02 -1.1542817002e+00
147 142 138
2 0 2169 399.6000 45.1300 1 2927 308.6700 -11.5000
2.1170297770e-01 3.3771341942e-02 -1.1648745931e+00
177 173 164
2 0 2173 363.2900 38.6600 1 2921 277.4300 -9.5600
1.6119252004e-01 1.9871986230e-02 -1.2043018339e+00
131 127 123
2 0 2180 257.8400 31.4300 1 2890 188.6700 7.6600
1.9144284019e-01 2.4745322120e-02 -1.1787377939e+00
178 173 166
2 0 2184 319.5300 29.0900 1 1218 240.6500 -8.5300
2.6038204168e-01 3.4071052695e-02 -1.1218287537e+00
135 132 128
2 0 2192 483.2400 20.3800 1 2999 376.5400 -51.8100
1.7046848857e-01 1.3821066780e-02 -1.1928011781e+00
163 158 153
2 0 2195 277.2500 17.0900 1 1223 204.5600 -9.5600
2.0516647880e-01 1.7903897638e-02 -1.1635373050e+00
190 183 175
2 0 2202 350.6600 11.0800 1 2963 265.8800 -31.0400
2.5648360486e-01 2.8659147038e-02 -1.1226661035e+00
196 193 188
2 0 2203 474.1200 10.7500 1 3008 368.0800 -58.0700
2.5470515585e-01 2.8298155752e-02 -1.1227565879e+00
149 144 138
2 0 2204 470.4200 10.0200 1 1440 364.9000 -58.6200
2.1801986939e-01 1.4677325623e-02 -1.1502602935e+00
186 181 175
2 0 2231 380.7900 -0.6400 1 1384 290.4300 -47.9300
2.1801986939e-01 1.4677325623e-02 -1.1502602935e+00
186 181 175
2 0 2232 380.7900 -0.6400 1 1386 290.4300 -47.9300
1.8288244846e-01 5.2544049024e-03 -1.1769933517e+00
174 169 163
2 0 2236 304.5200 -3.8500 1 1313 226.2600 -34.0500
2.2749750556e-01 1.4931960043e-02 -1.1418362742e+00
181 176 170
2 0 2240 403.4400 -4.3600 1 1431 308.8300 -55.9900
2.5343222978e-01 1.0504434382e-02 -1.1166089764e+00
190 187 180
2 0 2265 469.9000 -25.6500 1 3050 361.7300 -88.0500
-7.0580340768e-02 -4.7954907858e-02 -1.3032453714e+00
117 101 49
2 0 2272 -85.2300 -31.5000 1 2901 -114.0300 1.4700
2.4876594869e-01 1.4447127706e-03 -1.1153982462e+00
189 184 178
2 0 2284 460.1800 -42.7700 1 1577 352.5800 -100.9000
1.5088532900e-01 -2.7347253961e-02 -1.1900152616e+00
149 144 140
2 0 2291 244.3300 -48.8500 1 1444 175.2900 -60.2800
-8.0874462185e-02 -5.6517402936e-02 -1.2899638120e+00
11 19 15
2 0 2292 -99.7300 -49.4700 1 2938 -127.3500 -17.9000
-8.0874462185e-02 -5.6517402936e-02 -1.2899638120e+00
11 19 15
2 0 2293 -99.7300 -49.4700 1 2939 -127.3500 -17.9000
2.5711364217e-01 -2.9315805875e-04 -1.1076538406e+00
190 185 181
2 0 2294 482.1800 -50.5400 1 1623 369.9900 -111.6900
1.7613295871e-01 -2.2074754006e-02 -1.1693532159e+00
176 170 164
2 0 2296 294.5300 -51.7400 1 1494 216.4900 -73.5100
1.9244617346e-01 -1.7977592015e-02 -1.1569097839e+00
129 126 119
2 0 2298 328.6400 -52.0100 1 1513 244.6300 -80.8500
2.4899295876e-01 -6.9283543276e-03 -1.1115109152e+00
186 183 174
2 0 2305 462.0900 -60.0700 1 3102 353.2300 -115.6000
-7.9041470873e-02 -6.5801413242e-02 -1.2909620212e+00
127 125 152
2 0 2307 -96.2200 -60.3500 1 1293 -122.3900 -25.8400
2.1314426700e-01 -1.6951365472e-02 -1.1388350558e+00
175 168 162
2 0 2308 375.1400 -60.7100 1 1570 282.6700 -98.0700
2.3583506196e-01 -1.4409550701e-02 -1.1195419421e+00
188 184 175
2 0 2323 430.1400 -68.3000 1 1637 326.3600 -115.6200
2.3583506196e-01 -1.4409550701e-02 -1.1195419421e+00
188 184 175
2 0 2324 430.1400 -68.3000 1 1638 326.3600 -115.6200
-8.5993123667e-02 -6.9277761075e-02 -1.2831975378e+00
70 64 45
2 0 2327 -106.6000 -69.1700 1 1319 -131.3100 -35.8800
-8.5993123667e-02 -6.9277761075e-02 -1.2831975378e+00
70 64 45
2 0 2328 -106.6000 -69.1700 1 1320 -131.3100 -35.8800
1.6213794332e-01 -3.7840548725e-02 -1.1742757304e+00
133 128 124
2 0 2335 268.1300 -73.7300 1 1535 194.2600 -86.6600
-9.5206904779e-02 -7.0578246653e-02 -1.2730803339e+00
126 128 152
2 0 2343 -120.6000 -76.9400 1 1374 -144.5500 -45.9900
2.5010851989e-01 -1.5074813553e-02 -1.1062492732e+00
190 185 179
2 0 2348 467.1200 -78.1000 1 1685 355.6500 -131.4200
2.6162218180e-01 -1.2604022735e-02 -1.0975836999e+00
143 138 135
2 0 2352 496.9200 -79.3800 1 1712 380.0000 -138.5700
2.5915888096e-01 -1.3956277704e-02 -1.0985610601e+00
156 152 146
2 0 2356 491.2400 -81.3000 1 1717 374.6900 -138.9800
2.5915888096e-01 -1.3956277704e-02 -1.0985610601e+00
156 152 146
2 0 2358 491.2400 -81.3000 1 1718 374.6900 -138.9800
2.0062628768e-01 -3.4400241901e-02 -1.1412837936e+00
175 172 165
2 0 2369 349.7300 -88.2800 1 3101 260.2800 -115.6700
2.4702339496e-01 -2.5356453722e-02 -1.1037235429e+00
152 147 141
2 0 2386 461.3400 -98.0900 1 1738 349.6600 -146.6400
-1.0804948174e-01 -8.2142718717e-02 -1.2577472455e+00
1 1 10
2 0 2392 -140.0500 -101.1100 1 1480 -160.4400 -70.5700
-8.9238645471e-02 -9.3865221725e-02 -1.2743359999e+00
129 128 154
2 0 2399 -109.2400 -104.8800 1 3016 -131.1400 -66.0600
-5.3793164147e-02 -1.1274729974e-01 -1.3084051578e+00
80 69 18
2 0 2403 -55.1000 -106.2400 1 1414 -79.8300 -53.0200
-9.0843428360e-02 -9.6587867038e-02 -1.2725779396e+00
118 124 145
2 0 2408 -111.2900 -109.3900 1 1476 -132.8500 -70.0800
2.2145997536e-01 -3.9984227570e-02 -1.1211392943e+00
151 146 142
2 0 2414 398.6100 -110.8900 1 1727 299.1400 -143.7100
2.5333487934e-01 -3.0883505591e-02 -1.0957095056e+00
134 129 125
2 0 2418 479.0800 -113.6700 1 1779 362.6300 -162.5100
2.5507378716e-01 -3.0311905962e-02 -1.0944948414e+00
185 180 176
2 0 2419 483.4500 -113.5100 1 1783 366.3700 -163.3500
1.4775322724e-01 -6.4226379997e-02 -1.1743064429e+00
156 151 145
2 0 2420 243.4700 -114.0200 1 1634 173.1600 -115.2300
2.3633486467e-01 -3.8444344725e-02 -1.1069721569e+00
151 148 140
2 0 2428 436.4900 -118.6300 1 1765 328.2900 -158.0300
2.3459664613e-01 -4.0455994909e-02 -1.1078600662e+00
193 190 183
2 0 2437 432.2500 -121.4100 1 1775 324.8300 -159.2900
1.6678304608e-01 -6.5604372122e-02 -1.1562468986e+00
167 160 154
2 0 2447 281.8800 -128.0600 1 1697 203.7600 -134.5400
2.4381830951e-01 -4.4848838085e-02 -1.0973058976e+00
186 186 178
2 0 2467 456.9900 -137.0200 1 1821 343.4500 -176.6900
-9.2161671249e-02 -1.2209483887e-01 -1.2664944748e+00
112 119 140
2 0 2480 -110.8800 -144.4500 1 1565 -129.4700 -97.9500
2.5843991686e-01 -4.4653674138e-02 -1.0843025495e+00
152 147 143
2 0 2490 495.9700 -147.0100 1 1868 373.6700 -192.3300
1.8563917445e-01 -7.0073931941e-02 -1.1373759463e+00
185 178 171
2 0 2493 322.4400 -148.3900 1 1770 235.8200 -158.9700
2.2039746269e-01 -5.9779609061e-02 -1.1110995002e+00
183 180 173
2 0 2497 400.8100 -151.6500 1 1822 298.1800 -177.1400
1.9803779163e-01 -6.9590854899e-02 -1.1263428284e+00
194 189 183
2 0 2505 350.0800 -155.9300 1 1805 257.5400 -170.4800
2.4323589783e-01 -5.5501933324e-02 -1.0928091060e+00
130 129 124
2 0 2510 457.5600 -159.0600 1 1871 342.5400 -194.0600
-8.3228009603e-02 -1.4730422151e-01 -1.2688804739e+00
8 61 45
2 0 2523 -95.0100 -172.8300 1 1643 -113.1300 -116.9400
1.2397336987e-01 -1.0562071444e-01 -1.1754312298e+00
99 98 94
2 0 2525 204.1400 -174.0900 1 1762 140.4600 -156.2600
2.2088745907e-01 -7.0637741022e-02 -1.1053774448e+00
183 180 173
2 0 2526 404.2600 -174.3600 1 1873 299.4000 -195.4800
2.4465566543e-01 -6.2821553736e-02 -1.0873538873e+00
187 183 177
2 0 2530 463.4400 -176.3700 1 1912 345.6600 -208.7800
1.9137984962e-01 -8.7810828871e-02 -1.1238749918e+00
152 147 142
2 0 2534 338.1700 -186.9200 1 1866 246.6000 -192.2200
2.1289742272e-01 -8.2037449610e-02 -1.1069752968e+00
182 177 171
2 0 2542 387.1700 -191.7900 1 1901 284.9500 -205.6400
1.7977266239e-01 -1.0477637269e-01 -1.1251517309e+00
184 177 171
2 0 2572 315.8300 -212.3800 1 1908 227.9900 -208.0200
2.4195329294e-01 -8.3135571624e-02 -1.0793161750e+00
147 143 134
2 0 2577 461.0000 -218.4200 1 1985 341.0900 -240.7000
2.4025343841e-01 -8.9075166744e-02 -1.0783364194e+00
150 142 139
2 0 2584 457.4600 -229.3800 1 2007 337.8100 -248.1500
1.9716574205e-01 -1.0968787145e-01 -1.1072748805e+00
193 186 180
2 0 2592 355.5700 -235.8800 1 1968 258.1500 -233.4300
2.1288833259e-01 -1.0366186644e-01 -1.0957902432e+00
178 175 166
2 0 2598 391.5800 -236.9300 1 1987 286.2600 -241.2500
1.9821935339e-01 -1.1005664496e-01 -1.1055561148e+00
156 148 142
2 0 2599 358.4800 -238.1100 1 1972 260.0500 -235.8100
2.4948841140e-01 -9.4660900580e-02 -1.0680168569e+00
185 177 174
2 0 2612 482.5500 -248.8900 1 2057 356.2500 -267.3100
2.4117749198e-01 -1.0319171990e-01 -1.0711967068e+00
175 170 164
2 0 2621 462.4500 -260.1600 1 2069 339.8300 -271.7700
2.4647265023e-01 -1.0335158156e-01 -1.0652946517e+00
144 141 136
2 0 2625 477.4200 -266.5700 1 2090 350.6400 -279.7100
2.0587375812e-01 -1.2236628311e-01 -1.0926998685e+00
143 138 132
2 0 2630 378.5500 -269.8800 1 2048 274.4800 -263.4500
2.3174792322e-01 -1.1495193204e-01 -1.0733351016e+00
189 183 179
2 0 2638 440.8300 -277.5600 1 2095 322.0700 -280.7100
2.5157008784e-01 -1.0798778776e-01 -1.0589467399e+00
182 177 173
2 0 2644 491.8100 -281.0600 1 2128 360.7500 -292.8200
2.3389007601e-01 -1.1722613119e-01 -1.0697909963e+00
152 146 140
2 0 2649 447.2700 -285.0800 1 2114 326.3200 -287.5400
2.3445110844e-01 -1.2250917497e-01 -1.0675228111e+00
179 176 167
2 0 2661 449.2800 -296.1600 1 2145 327.2400 -295.6100
2.2750738811e-01 -1.3651166572e-01 -1.0659654656e+00
171 168 163
2 0 2698 434.7700 -320.7100 1 2205 315.0300 -311.1700
1.7844397765e-01 -1.6075279249e-01 -1.0981536007e+00
139 135 126
2 0 2700 322.6100 -323.4600 1 2129 229.7900 -292.6900
2.4205519899e-01 -1.3375771022e-01 -1.0544411172e+00
179 174 171
2 0 2711 472.0800 -329.2300 1 2228 342.5600 -323.9900
1.9147253319e-01 -1.6174692752e-01 -1.0864671238e+00
187 183 174
2 0 2726 351.9900 -337.5800 1 2197 251.5400 -307.9400
2.2396435586e-01 -1.5048894983e-01 -1.0626526528e+00
149 146 137
2 0 2736 428.3900 -346.9200 1 2236 308.7400 -328.5100
2.2396435586e-01 -1.5048894983e-01 -1.0626526528e+00
149 146 137
2 0 2737 428.3900 -346.9200 1 2237 308.7400 -328.5100
2.4335995239e-01 -1.4280818860e-01 -1.0485197417e+00
187 183 174
2 0 2746 477.5700 -351.0000 1 2277 345.5200 -340.6800
1.9051420439e-01 -1.7703327144e-01 -1.0791864159e+00
188 184 175
2 0 2776 352.8500 -369.0000 1 2247 250.9200 -330.6900
2.2681464733e-01 2.0941497493e-01 -1.2422024482e+00
165 161 157
2 0 2794 366.4100 366.2600 1 3487 300.9800 317.7100
2.7774429961e-01 1.9802009022e-01 -1.1888289216e+00
182 181 179
2 0 2806 492.1300 351.3000 1 3532 416.8000 266.7200
2.3542047906e-01 1.8979554485e-01 -1.2250812227e+00
135 136 130
2 0 2811 388.9500 331.4300 1 2484 319.4500 273.5000
2.6556446121e-01 1.7975197129e-01 -1.1921166334e+00
185 184 180
2 0 2819 463.5200 314.8200 1 3556 387.3600 235.3200
2.0266955366e-01 1.6525942756e-01 -1.2404910949e+00
166 164 156
2 0 2829 321.6600 284.6700 1 2528 254.2800 240.2300
2.6391192910e-01 1.5386778663e-01 -1.1793727553e+00
190 191 185
2 0 2848 465.9500 263.8500 1 3602 383.7500 181.1400
2.5664306077e-01 1.4348844514e-01 -1.1813773118e+00
185 185 177
2 0 2854 449.1200 243.7900 1 3617 367.1200 165.2500
2.5664306077e-01 1.4348844514e-01 -1.1813773118e+00
185 185 177
2 0 2855 449.1200 243.7900 1 3618 367.1200 165.2500
2.5664306077e-01 1.4348844514e-01 -1.1813773118e+00
185 185 177
2 0 2856 449.1200 243.7900 1 3616 367.1200 165.2500
2.3835716664e-01 1.3811920021e-01 -1.1945029206e+00
149 146 139
2 0 2859 406.0200 234.1300 1 3613 327.5100 166.0300
2.3835716664e-01 1.3811920021e-01 -1.1945029206e+00
149 146 139
2 0 2860 406.0200 234.1300 1 3614 327.5100 166.0300
2.7277654439e-01 1.3654528116e-01 -1.1634081320e+00
187 183 180
2 0 2861 492.1100 228.9800 1 3645 403.9500 139.9000
2.2668851555e-01 1.3243630633e-01 -1.2024990841e+00
179 175 166
2 0 2864 379.5900 224.0900 1 3620 303.2000 162.7800
2.7089732576e-01 1.3154162816e-01 -1.1625440478e+00
150 146 143
2 0 2865 488.2400 219.0400 1 3656 399.6200 130.9200
2.6920715689e-01 1.2657896698e-01 -1.1616582303e+00
195 190 187
2 0 2868 484.8700 209.1900 1 3669 395.6000 122.1400
2.6901929168e-01 1.2348981696e-01 -1.1601054630e+00
154 151 146
2 0 2871 485.1600 202.9300 1 3674 395.2600 115.8300
2.4919816336e-01 1.1347815915e-01 -1.1706646809e+00
182 180 168
3 0 2880 438.0800 184.5000 1 3678 352.0700 108.9700 2 3087 476.9700 94.8500
2.3422591223e-01 1.1173616506e-01 -1.1839210422e+00
187 184 177
3 0 2883 401.4000 183.3800 1 3672 319.9600 116.8300 2 3081 438.2300 103.0400
2.3659955909e-01 1.0274211625e-01 -1.1768556803e+00
181 176 169
3 0 2897 409.0900 165.1800 1 2749 324.8700 97.8500 2 2464 445.9800 86.5100
2.5416572397e-01 9.5801333127e-02 -1.1586764016e+00
184 181 174
2 0 2905 453.4800 149.1300 1 2788 362.1700 71.4800
2.6458475251e-01 8.9495429448e-02 -1.1462653263e+00
190 187 182
2 0 2911 481.6200 134.1900 1 2819 385.4000 50.8300
2.0545343386e-01 5.0959779367e-02 -1.1804436097e+00
173 168 162
2 0 2940 345.7700 74.1200 1 2864 264.3100 27.2200
2.6186263765e-01 4.9597865020e-02 -1.1280294037e+00
141 138 133
2 0 2952 483.8500 52.1600 1 2952 379.7800 -24.3200
2.6186263765e-01 4.9597865020e-02 -1.1280294037e+00
141 138 133
2 0 2953 483.8500 52.1600 1 2953 379.7800 -24.3200
1.5544188560e-01 3.1737137501e-02 -1.2066053679e+00
40 40 44
2 0 2954 247.7800 50.4400 1 3738 179.6100 23.3400
2.4235255688e-01 3.2754068165e-02 -1.1338314665e+00
188 185 176
3 0 2961 438.8200 22.5300 1 2985 339.9600 -40.2000 2 2583 469.5000 -24.0300
2.5829091585e-01 3.2057894283e-02 -1.1227455059e+00
181 177 173
2 0 2964 478.0800 17.0900 1 3004 372.0100 -53.5200
2.1470100019e-01 1.8537776910e-02 -1.1556038485e+00
183 178 172
2 0 2971 372.1600 8.5600 1 2975 283.7200 -37.7900
1.9538404997e-01 9.3146753803e-03 -1.1677665283e+00
176 171 165
2 0 2978 330.5800 -1.4300 1 2978 248.4000 -37.7200
1.9538404997e-01 9.3146753803e-03 -1.1677665283e+00
176 171 165
2 0 2979 330.5800 -1.4300 1 2979 248.4000 -37.7200
-4.6896935572e-02 -5.5071833674e-02 -1.3265058276e+00
38 88 77
2 0 2998 -50.2400 -27.9100 1 2877 -80.5900 14.1300
2.0719511126e-01 -9.3654615472e-03 -1.1476777629e+00
180 173 170
2 0 3014 360.3000 -42.9300 1 3859 271.0700 -79.9400
2.0719511126e-01 -9.3654615472e-03 -1.1476777629e+00
180 173 170
2 0 3015 360.3000 -42.9300 1 3860 271.0700 -79.9400
2.0289924058e-01 -1.6682401082e-02 -1.1479015196e+00
175 170 167
2 0 3024 351.8900 -55.0400 1 3053 263.4300 -88.3500
-1.0985773932e-01 -4.9511197150e-02 -1.2631324959e+00
0 7 4
2 0 3027 -146.0700 -56.3700 1 3807 -170.5800 -35.2100
2.5541812146e-01 -5.6113964522e-03 -1.1062421666e+00
189 181 178
2 0 3029 479.0500 -61.0900 1 3112 366.6100 -119.9100
-5.4731985150e-02 -9.3496765018e-02 -1.3099999326e+00
93 66 24
2 0 3052 -58.2300 -82.6200 1 2968 -84.4100 -34.6800
-5.4731985150e-02 -9.3496765018e-02 -1.3099999326e+00
93 66 24
2 0 3053 -58.2300 -82.6200 1 2967 -84.4100 -34.6800
2.0070200679e-01 -3.2337252012e-02 -1.1423762770e+00
148 144 136
2 0 3054 349.3000 -84.1400 1 3095 260.4600 -112.2400
2.0070200679e-01 -3.2337252012e-02 -1.1423762770e+00
148 144 136
2 0 3055 349.3000 -84.1400 1 3096 260.4600 -112.2400
-8.5276125110e-02 -8.3265447377e-02 -1.2817786876e+00
6 15 9
2 0 3057 -104.1700 -87.2500 1 2997 -127.2300 -50.0100
-9.5364064172e-02 -7.8517370532e-02 -1.2709720574e+00
9 10 6
2 0 3060 -120.0700 -88.1300 1 3005 -143.2400 -55.1500
-1.1416039285e-01 -7.9503896519e-02 -1.2519823991e+00
11 9 7
2 0 3069 -150.1900 -101.6000 1 3022 -170.1700 -73.4700
-8.1777893280e-02 -9.5533667028e-02 -1.2814162545e+00
86 71 38
2 0 3072 -97.5100 -102.4500 1 3011 -120.7400 -61.1800
1.8762206329e-01 -5.2177027847e-02 -1.1446751971e+00
144 140 131
2 0 3088 323.6800 -114.8000 1 3135 238.0500 -131.9200
-1.1449827912e-01 -9.1615035226e-02 -1.2481800051e+00
114 117 119
2 0 3096 -149.6200 -119.4200 1 3048 -168.2700 -87.9300
-1.1449827912e-01 -9.1615035226e-02 -1.2481800051e+00
114 117 119
2 0 3097 -149.6200 -119.4200 1 3049 -168.2700 -87.9300
-1.1643521413e-01 -9.4063984208e-02 -1.2469247081e+00
17 14 16
2 0 3101 -152.3500 -123.4200 1 3057 -170.1700 -91.4000
1.3772156196e-01 -7.2979549189e-02 -1.1794799164e+00
140 135 131
2 0 3104 225.2600 -123.7100 1 3110 158.3700 -119.4300
-1.1526369769e-01 -9.7155178362e-02 -1.2464910519e+00
110 111 116
2 0 3114 -150.2800 -127.5600 1 3060 -168.0600 -94.5000
-1.1526369769e-01 -9.7155178362e-02 -1.2464910519e+00
110 111 116
2 0 3115 -150.2800 -127.5600 1 3061 -168.0600 -94.5000
2.3917508087e-01 -4.1960336118e-02 -1.1029583058e+00
177 177 169
2 0 3116 444.3600 -127.6900 1 3188 333.9200 -166.6800
-1.1206883415e-01 -1.0209562020e-01 -1.2493988655e+00
4 7 6
2 0 3119 -144.4700 -131.7400 1 3886 -162.0500 -96.2200
-1.0708895032e-01 -1.1101715828e-01 -1.2541692056e+00
134 102 33
2 0 3133 -135.4400 -139.5000 1 3068 -152.3300 -99.7600
1.9446020085e-01 -6.2801861216e-02 -1.1329653303e+00
174 167 159
2 0 3134 340.8300 -140.0800 1 3169 250.7100 -155.9200
1.9446020085e-01 -6.2801861216e-02 -1.1329653303e+00
174 167 159
2 0 3135 340.8300 -140.0800 1 3168 250.7100 -155.9200
-1.1498750531e-01 -1.1391947488e-01 -1.2440510469e+00
0 5 1
2 0 3143 -148.1500 -150.2200 1 3093 -163.5200 -111.6700
-1.0930789089e-01 -1.2144439010e-01 -1.2494876552e+00
129 104 26
2 0 3148 -137.7900 -155.6900 1 3913 -153.6100 -113.1200
2.2923397098e-01 -5.8907088163e-02 -1.1036033078e+00
174 171 164
2 0 3151 422.5300 -156.1400 1 3209 314.9900 -184.8900
1.8922752458e-01 -7.3375878078e-02 -1.1333241928e+00
178 171 164
2 0 3152 330.5600 -156.6000 1 3964 242.0200 -166.7700
2.0798834347e-01 -6.8357923036e-02 -1.1185657423e+00
183 178 170
2 0 3156 372.3200 -159.8600 1 3200 275.5400 -177.9300
2.4661159076e-01 -5.8714835398e-02 -1.0877128355e+00
188 185 179
2 0 3165 467.7400 -168.9800 1 3241 349.3600 -203.7700
1.6901560886e-01 -9.1932771003e-02 -1.1412904885e+00
173 166 159
2 0 3184 290.5700 -179.4200 1 3199 209.3400 -177.4900
1.9220617219e-01 -8.3942000644e-02 -1.1248533557e+00
172 165 159
2 0 3186 339.4300 -180.0200 1 3215 247.8500 -187.1400
1.9800148007e-01 -8.5441511682e-02 -1.1193569216e+00
180 176 169
2 0 3202 352.6400 -186.8700 1 3223 257.9700 -194.8300
1.9620377613e-01 -8.7694097113e-02 -1.1193204470e+00
162 157 151
2 0 3205 349.0900 -190.4800 1 3231 255.2100 -197.2900
1.9118157480e-01 -9.0338959059e-02 -1.1215893257e+00
171 165 156
2 0 3207 338.9400 -192.9200 1 3229 246.4800 -197.3800
1.3361505286e-01 -1.2073297252e-01 -1.1588767220e+00
163 156 150
2 0 3222 224.3000 -208.4300 1 3214 156.0000 -187.5000
1.7184846162e-01 -1.0780562029e-01 -1.1314463868e+00
172 168 160
2 0 3226 298.9400 -211.6300 1 3244 214.9600 -204.0300
1.7184846162e-01 -1.0780562029e-01 -1.1314463868e+00
172 168 160
2 0 3227 298.9400 -211.6300 1 3245 214.9600 -204.0300
2.5141451724e-01 -8.2667353048e-02 -1.0710955591e+00
176 171 168
2 0 3239 486.0900 -225.4100 1 3283 360.1500 -250.8000
2.3466785391e-01 -1.0012621373e-01 -1.0776559150e+00
187 184 177
2 0 3254 445.5900 -248.6600 1 2037 327.1800 -260.3000
2.2626533364e-01 -1.0757679885e-01 -1.0812784381e+00
177 172 168
2 0 3261 425.8300 -257.4100 1 2046 311.4600 -263.2000
2.2179829705e-01 -1.2804076754e-01 -1.0757923299e+00
185 183 178
2 0 3285 418.3400 -296.3200 1 2119 303.8000 -290.2300
2.5248093688e-01 -1.1496870274e-01 -1.0546566245e+00
157 152 148
2 0 3289 495.8000 -297.5200 1 2185 362.7800 -305.5900
2.5085230569e-01 -1.1800369293e-01 -1.0548397520e+00
179 174 169
2 0 3295 492.1300 -302.5200 1 2199 359.1600 -308.1600
1.3965453175e-01 -1.7451829432e-01 -1.1272914733e+00
170 163 157
2 0 3299 243.7000 -313.7900 1 2061 169.1500 -270.7200
1.3965453175e-01 -1.7451829432e-01 -1.1272914733e+00
170 163 157
2 0 3301 243.7000 -313.7900 1 2062 169.1500 -270.7200
1.3342053791e-01 -1.8896811772e-01 -1.1257331763e+00
177 170 162
2 0 3321 233.4800 -335.7600 1 2107 161.1800 -285.0400
2.7557919216e-01 1.7215054784e-01 -1.1792427647e+00
187 186 182
2 0 3381 491.0400 300.3000 1 3576 410.7700 213.1100
2.5427311955e-01 1.7230705364e-01 -1.1974383606e+00
178 179 171
3 0 3383 438.1100 299.5800 1 4136 361.5800 225.6200 2 3419 484.4900 197.4300
2.2653431917e-01 1.5872809099e-01 -1.2164277901e+00
140 140 132
2 0 3385 374.5000 273.3400 1 4138 301.9600 214.8300
1.8027858653e-01 1.3280420777e-01 -1.2415056258e+00
34 34 35
2 0 3390 281.6300 226.8400 1 4425 214.3800 189.2900
2.7074527708e-01 1.2249064769e-01 -1.1577526665e+00
195 190 185
2 0 3395 490.1600 200.6200 1 4177 399.3800 112.2100
2.2742933993e-01 9.2526937819e-02 -1.1817546277e+00
182 179 172
2 0 3423 388.1900 148.1300 1 4186 305.9500 86.2000
1.8199216597e-01 4.6046314462e-02 -1.1984025453e+00
157 152 146
2 0 3452 296.0700 71.8200 1 4213 222.5700 35.7500
2.0303335057e-01 3.4636780572e-02 -1.1726237333e+00
152 150 146
2 0 3461 343.8600 43.1700 1 4229 261.1600 -1.3800
2.0303335057e-01 3.4636780572e-02 -1.1726237333e+00
152 150 146
2 0 3462 343.8600 43.1700 1 4230 261.1600 -1.3800
2.1585492664e-01 2.3300337863e-02 -1.1565000769e+00
189 184 178
2 0 3471 374.3500 17.0900 1 3801 285.7100 -30.8800
2.6028503381e-01 2.8921548666e-02 -1.1191158676e+00
150 147 141
2 0 3476 484.3100 9.4700 1 3835 376.4900 -61.5700
2.3760044738e-01 4.9896773713e-03 -1.1273204314e+00
190 183 175
2 0 3494 430.6700 -29.5600 1 3864 329.5300 -83.5600
2.3760044738e-01 4.9896773713e-03 -1.1273204314e+00
190 183 175
2 0 3495 430.6700 -29.5600 1 3865 329.5300 -83.5600
2.3760044738e-01 4.9896773713e-03 -1.1273204314e+00
190 183 175
2 0 3496 430.6700 -29.5600 1 3866 329.5300 -83.5600
-7.5751825585e-02 -6.4060816272e-02 -1.2921499959e+00
16 16 11
2 0 3510 -91.7900 -57.3800 1 4240 -118.6500 -23.0100
-7.5751825585e-02 -6.4060816272e-02 -1.2921499959e+00
16 16 11
2 0 3511 -91.7900 -57.3800 1 4239 -118.6500 -23.0100
-8.3643511167e-02 -6.7023379064e-02 -1.2845880949e+00
16 16 11
2 0 3517 -103.2600 -65.5200 1 4247 -128.9700 -32.4300
-8.0631885951e-02 -7.1329155035e-02 -1.2874886983e+00
112 117 146
3 0 3520 -97.8800 -68.8800 1 4249 -123.4700 -34.3300 2 3527 -50.1700 -46.7600
-8.0104158014e-02 -7.0525351724e-02 -1.2860244513e+00
112 117 146
2 0 3521 -97.8800 -68.8800 1 4250 -123.4700 -34.3300
1.6725087896e-01 -4.0017576429e-02 -1.1678930884e+00
154 149 145
2 0 3530 279.2700 -80.9700 1 4294 202.7200 -95.1900
-9.8270706795e-02 -7.6804918143e-02 -1.2692711033e+00
15 11 13
2 0 3534 -124.6000 -87.1300 1 4264 -147.6100 -55.1700
-9.4893132365e-02 -8.9131656674e-02 -1.2702449613e+00
126 131 155
2 0 3542 -118.3900 -101.7200 1 4268 -139.8500 -65.5500
-9.2473804100e-02 -9.3714582297e-02 -1.2718914922e+00
13 14 20
2 0 3544 -114.1300 -106.3100 1 3844 -135.5100 -68.1800
-8.5049296975e-02 -1.0291378768e-01 -1.2774275347e+00
129 126 157
2 0 3553 -101.8600 -113.9400 1 4275 -123.4200 -71.3700
-5.5680401612e-02 -1.1913357679e-01 -1.3047204904e+00
149 114 45
2 0 3555 -57.3700 -115.9000 1 4266 -81.1800 -61.6700
2.3074245330e-01 -4.2402053335e-02 -1.1099320310e+00
188 184 174
2 0 3557 423.1900 -123.2400 1 3177 317.5000 -159.1600
2.0832970537e-01 -5.4657558112e-02 -1.1241917813e+00
189 185 177
2 0 3564 371.3200 -133.3100 1 3171 275.3300 -156.6800
-9.0484456315e-02 -1.3205475850e-01 -1.2659206277e+00
131 137 161
2 0 3580 -107.4500 -156.8000 1 3905 -125.2500 -106.9700
2.3638153459e-01 -5.7685824154e-02 -1.0976762692e+00
168 165 158
2 0 3582 440.5000 -158.8700 1 3980 328.9300 -190.5800
2.0812254577e-01 -8.0328666586e-02 -1.1141313024e+00
182 177 171
2 0 3603 374.3800 -182.8800 1 3986 275.5500 -195.4100
2.4650469103e-01 -1.1696807439e-01 -1.0582472769e+00
159 154 150
2 0 3627 480.4500 -296.9600 1 4053 351.4400 -302.8300
2.4650469103e-01 -1.1696807439e-01 -1.0582472769e+00
159 154 150
2 0 3628 480.4500 -296.9600 1 4052 351.4400 -302.8300
1.1728541780e-01 -2.0739848790e-01 -1.1308990099e+00
168 164 155
2 0 3638 205.5300 -356.0700 1 4044 139.2200 -294.7000
1.9436490513e-01 1.8282107740e-01 -1.2572924754e+00
172 169 162
2 0 3650 301.6100 315.4000 1 4413 237.5600 278.7700
1.8611813539e-01 1.4522641133e-01 -1.2444033624e+00
104 101 96
2 0 3653 290.7100 248.9100 1 4420 224.2500 210.4100
1.7803041755e-01 1.2571652665e-01 -1.2370512249e+00
27 29 31
2 0 3654 279.3000 213.8600 1 4621 211.1000 175.3400
2.5508365202e-01 6.4903304130e-02 -1.1424575518e+00
160 157 150
2 0 3673 462.3500 86.3400 1 4225 364.3500 11.5400
-8.3867679526e-02 -4.1054499050e-02 -1.2923682717e+00
129 93 27
2 0 3703 -105.3500 -29.0000 1 4483 -134.3500 -1.2600
-8.5592818930e-02 -4.6855320761e-02 -1.2880936378e+00
12 12 13
2 0 3713 -107.6300 -38.5600 1 4491 -135.9400 -10.4200
-8.5592818930e-02 -4.6855320761e-02 -1.2880936378e+00
12 12 13
2 0 3714 -107.6300 -38.5600 1 4492 -135.9400 -10.4200
-9.0400200174e-02 -4.5340417386e-02 -1.2823867236e+00
116 119 144
2 0 3716 -115.8400 -39.7000 1 4495 -142.9900 -13.9500
-7.9945163070e-02 -5.0304512113e-02 -1.2935858351e+00
111 117 144
2 0 3717 -98.9400 -39.7400 1 4488 -126.7200 -9.0400
-7.9945163070e-02 -5.0304512113e-02 -1.2935858351e+00
111 117 144
2 0 3718 -98.9400 -39.7400 1 4489 -126.7200 -9.0400
-7.1529009190e-02 -5.5748714557e-02 -1.2998771966e+00
130 100 44
2 0 3719 -86.1400 -42.8600 1 4490 -113.8900 -8.7300
-9.9476537561e-02 -5.4404471712e-02 -1.2694770947e+00
136 99 21
2 0 3724 -129.6800 -58.5600 1 4506 -154.6200 -33.9400
-7.6721152923e-02 -6.8935985517e-02 -1.2916750832e+00
15 18 9
2 0 3725 -92.5700 -63.7300 1 4501 -118.7600 -28.0500
-8.6866105431e-02 -1.3008684950e-01 -1.2684139373e+00
17 16 13
2 0 3769 -102.4700 -152.5900 1 4549 -120.9000 -102.9500
-1.0641301350e-01 -1.2368547440e-01 -1.2522688411e+00
17 11 18
2 0 3772 -132.7500 -156.4800 1 4308 -149.1100 -112.4400
-1.1216172075e-01 -1.2420411833e-01 -1.2441530547e+00
133 104 36
2 0 3776 -142.7000 -162.8200 1 4563 -157.3300 -120.4400
2.4920484028e-01 -5.6483918599e-02 -1.0849168799e+00
147 146 142
2 0 3780 475.0500 -167.4900 1 4354 355.5300 -205.0100
-7.0952350126e-02 -1.7220596403e-01 -1.2737333864e+00
77 82 83
2 0 3791 -75.2900 -198.1900 1 4566 -92.7800 -132.7900
2.4181321682e-01 -8.2343654921e-02 -1.0798308721e+00
152 147 141
2 0 3794 460.3300 -216.5500 1 4013 340.9400 -239.2800
2.6624435969e-01 1.8899580943e-01 -1.1956313986e+00
174 174 162
2 0 3822 463.6400 332.7800 1 4615 389.2100 254.2100
1.9750156770e-01 1.4945452476e-01 -1.2376623829e+00
146 142 133
2 0 3832 313.1600 256.3600 1 4617 244.7600 213.2000
2.5218474522e-01 1.1166991296e-01 -1.1666886903e+00
166 163 156
3 0 3841 446.1200 180.1500 1 4634 358.5800 103.1100 2 3809 485.5600 89.2900
1.7527627170e-01 9.1962508119e-02 -1.2285460679e+00
118 117 110
2 0 3846 275.7600 156.1000 1 4630 207.6300 121.2700
1.7025042499e-01 7.0221914784e-02 -1.2213185394e+00
115 112 105
2 0 3853 268.8500 118.3500 1 4635 200.5800 85.9200
1.5614894338e-01 1.3430199619e-02 -1.2039731983e+00
118 115 110
2 0 3875 249.3000 20.9800 1 4653 181.1900 -0.6700
2.4713669870e-01 2.1020049819e-02 -1.1276961936e+00
168 164 155
2 0 3881 450.8500 -0.5700 1 4669 348.4700 -62.7800
-9.0676844906e-02 -3.3523220087e-02 -1.2870718370e+00
130 101 28
2 0 3886 -116.7600 -22.3600 1 4650 -145.6000 1.4100
-7.8048459302e-02 -4.3898581416e-02 -1.2967359948e+00
16 15 11
2 0 3888 -96.9200 -29.9800 1 4479 -125.0900 -0.2600
-7.8048459302e-02 -4.3898581416e-02 -1.2967359948e+00
16 15 11
2 0 3890 -96.9200 -29.9800 1 4480 -125.0900 -0.2600
-8.9606177540e-02 -3.9876485160e-02 -1.2854887124e+00
7 16 14
2 0 3891 -115.0700 -31.1000 1 4485 -142.5900 -6.0900
-7.5439278993e-02 -5.0188855985e-02 -1.3005997849e+00
8 18 12
2 0 3893 -91.1500 -36.0300 1 4655 -120.6300 -2.9700
-7.7320851158e-02 -5.7089526454e-02 -1.2944144695e+00
17 21 8
2 0 3902 -94.7300 -47.5700 1 4659 -121.4100 -14.7600
-9.2469079159e-02 -5.1764405531e-02 -1.2805124558e+00
8 7 2
2 0 3904 -118.1100 -48.9700 1 4496 -144.3200 -21.8300
-9.2469079159e-02 -5.1764405531e-02 -1.2805124558e+00
8 7 2
2 0 3905 -118.1100 -48.9700 1 4497 -144.3200 -21.8300
1.4431941624e-01 -3.2641411588e-02 -1.1927541805e+00
120 117 111
2 0 3908 232.7400 -55.5600 1 4523 165.2700 -63.7400
-9.3181430299e-02 -7.3754376306e-02 -1.2729178038e+00
111 116 136
2 0 3917 -116.9800 -81.0100 1 4512 -141.8000 -48.8800
-7.7682949009e-02 -9.7208116097e-02 -1.2866282983e+00
135 97 22
2 0 3925 -91.2600 -101.2100 1 4520 -114.2500 -58.2100
-1.0527018880e-01 -8.6357887867e-02 -1.2595380547e+00
137 103 25
2 0 3926 -135.4100 -105.1500 1 4527 -155.2600 -72.7800
-8.1133822347e-02 -1.0022703589e-01 -1.2802330136e+00
16 17 18
2 0 3928 -96.6400 -108.7400 1 4524 -118.6800 -66.4200
-8.3981874184e-02 -1.0836327377e-01 -1.2757022578e+00
10 15 11
2 0 3929 -99.9300 -121.5800 1 4530 -121.3200 -77.5800
-8.9180645696e-02 -1.1100537938e-01 -1.2721614600e+00
119 126 145
2 0 3934 -107.4900 -127.1800 1 4534 -127.2200 -83.2700
-9.9938750042e-02 -1.0637610308e-01 -1.2599288503e+00
125 127 149
2 0 3937 -124.4500 -129.8100 1 4540 -144.3500 -90.1000
-9.9938750042e-02 -1.0637610308e-01 -1.2599288503e+00
125 127 149
2 0 3938 -124.4500 -129.8100 1 4541 -144.3500 -90.1000
2.3577846572e-01 -4.5018094947e-02 -1.1051908544e+00
162 159 152
2 0 3939 435.8100 -131.2100 1 4575 327.0500 -167.5000
-1.0900203224e-01 -1.0782790335e-01 -1.2536728817e+00
135 102 12
2 0 3942 -138.7300 -135.9400 1 4545 -155.4800 -97.4900
-9.0781371664e-02 -1.1662488046e-01 -1.2674139590e+00
16 16 13
2 0 3943 -109.2300 -137.2000 1 4543 -129.3200 -92.2300
-1.6733796154e-01 -1.2771464792e-01 -1.2865726273e+00
73 102 144
2 0 3948 -203.5900 -143.5200 1 4689 -212.6000 -90.2900
-1.0243888844e-01 -1.1984762769e-01 -1.2560492022e+00
130 136 160
2 0 3951 -127.0600 -149.0300 1 4553 -144.5000 -105.5600
-1.0243888844e-01 -1.1984762769e-01 -1.2560492022e+00
130 136 160
2 0 3952 -127.0600 -149.0300 1 4554 -144.5000 -105.5600
-1.1048614593e-01 -1.1716705350e-01 -1.2486009363e+00
131 106 18
2 0 3955 -140.4500 -150.9800 1 4555 -156.0900 -110.2600
-1.0148905947e-01 -1.2568323534e-01 -1.2542836059e+00
10 13 9
2 0 3959 -125.5300 -157.2600 1 4557 -142.0400 -112.1700
-1.0047852539e-01 -1.3463131857e-01 -1.2560727699e+00
22 14 17
2 0 3962 -122.2300 -167.0500 1 4560 -138.6600 -118.2100
1.8030471967e-01 1.1283509604e-01 -1.2335379467e+00
120 117 112
2 0 3982 283.2500 192.1200 1 4732 215.5600 154.4900
2.4534871562e-01 3.3500790978e-02 -1.1340662634e+00
188 181 173
2 0 3999 445.0400 24.8700 1 4755 344.6100 -39.8600
1.4927286646e-01 -1.3593319694e-02 -1.1968569223e+00
129 122 116
2 0 4006 240.0200 -24.4300 1 4663 171.6300 -38.5600
-1.1558687347e-01 -6.5601960354e-02 -1.2567371256e+00
142 106 22
2 0 4018 -153.2100 -81.0600 1 4668 -174.6400 -56.4500
-1.0292694444e-01 -7.9699943431e-02 -1.2666127510e+00
134 100 26
3 0 4023 -130.9600 -92.5800 1 4759 -153.5700 -60.5200 2 3840 -66.3500 -82.8400
-8.4373166481e-02 -9.5244861259e-02 -1.2784266512e+00
46 32 18
2 0 4025 -101.2600 -104.0400 1 4670 -124.7700 -63.5000
-5.6318009519e-02 -1.1554041239e-01 -1.3105569583e+00
101 83 28
3 0 4032 -57.3600 -108.1100 1 4757 -81.8900 -54.5500 2 3830 -16.5100 -32.3300
-5.6318009519e-02 -1.1554041239e-01 -1.3105569583e+00
101 83 28
3 0 4033 -57.3600 -108.1100 1 4758 -81.8900 -54.5500 2 3831 -16.5100 -32.3300
-9.8442165459e-02 -9.9438606551e-02 -1.2638682679e+00
17 11 5
2 0 4034 -122.6800 -118.6500 1 4681 -143.3300 -80.4400
1.1119970950e-01 -1.6892129314e-01 -1.1552416180e+00
106 103 96
2 0 4051 189.3000 -279.6700 1 4716 127.4100 -235.5300
1.0425364248e-01 -1.9467799545e-01 -1.1478646011e+00
121 118 111
2 0 4053 180.5300 -321.9300 1 4719 119.7200 -265.5000
1.3605862918e-01 -7.2610591290e-02 -1.1806885923e+00
126 121 117
2 0 4071 222.6500 -122.5400 1 4768 155.3600 -117.7700
-9.6286745904e-02 -1.0779146826e-01 -1.2627951307e+00
115 120 141
2 0 4074 -118.4900 -129.6100 1 4765 -139.2400 -88.6400
-8.6212411991e-02 -5.9644308792e-02 -1.2878474671e+00
102 107 140
2 0 4089 -107.2000 -54.7300 1 4781 -133.1600 -23.0100
2.4186739653e-01 1.9943428808e-01 -1.2243420441e+00
187 184 177
2 0 50 402.1300 350.0800 2 647 444.4700 260.6700
2.5030928381e-01 1.7891814622e-01 -1.2053841849e+00
144 145 139
2 0 112 426.5700 312.2500 2 838 471.5200 213.9600
1.3443459531e-01 1.7500129646e-01 -1.1905374480e+00
23 26 30
2 0 153 220.4900 288.5900 1 579 142.5300 205.4200
2.1691469946e-01 1.4772340753e-01 -1.2202579514e+00
171 168 161
2 0 224 354.3900 253.1500 2 974 386.4800 178.0100
2.1691469946e-01 1.4772340753e-01 -1.2202579514e+00
171 168 161
2 0 225 354.3900 253.1500 2 975 386.4800 178.0100
1.0376548148e-01 4.2976740296e-02 -1.1520924951e+00
16 19 29
2 0 713 174.2600 37.5800 1 1265 101.8300 -21.1700
-1.9667115334e-01 1.3047197880e-02 -1.2347265415e+00
210 170 64
2 0 761 -294.4700 7.8600 2 3234 -215.3100 -123.4000
-1.5745810289e-01 1.1354155310e-02 -1.2306664364e+00
210 191 167
2 0 770 -235.5900 6.2300 1 2914 -262.3700 -4.5300
-1.6067595602e-01 1.1642734966e-02 -1.2261564444e+00
172 142 64
2 0 773 -242.9600 4.3600 1 1220 -267.6600 -8.5200
-1.6014922687e-01 -3.1191645805e-02 -1.2164689771e+00
138 147 50
2 0 927 -236.2900 -61.3700 1 1447 -254.7900 -61.6100
-4.7335077448e-02 -1.0538991817e-01 -1.3160365880e+00
87 67 16
2 0 1017 -46.8600 -93.0400 1 1336 -72.6200 -40.1600
2.0611814433e-02 -5.6832098918e-02 -1.1719989855e+00
203 217 179
2 0 1086 36.9300 -113.1100 1 1649 -10.2600 -118.0800
-1.2611198519e-01 -1.0021177782e-01 -1.2354092408e+00
17 16 17
2 0 1173 -168.0200 -139.2700 1 1607 -183.1200 -107.8100
-1.2611198519e-01 -1.0021177782e-01 -1.2354092408e+00
17 16 17
2 0 1174 -168.0200 -139.2700 1 1608 -183.1200 -107.8100
-1.2736211504e-01 -1.0467264208e-01 -1.2334933594e+00
12 10 19
2 0 1204 -169.7400 -146.2900 1 1628 -183.6900 -113.6500
-1.6842460312e-01 -1.1411392040e-01 -1.1876144687e+00
119 92 93
2 0 1349 -243.0500 -194.4200 1 1796 -245.3900 -167.8900
2.1817099146e-01 1.7444004087e-01 -1.2341370973e+00
185 184 179
2 0 1880 352.4200 302.1900 2 2265 383.0800 227.4200
4.5208491628e-02 1.8339633931e-01 -1.2725714241e+00
241 239 56
2 0 1884 56.7300 299.7100 1 387 -8.9700 268.2100
2.1739929429e-01 1.7255942838e-01 -1.2334775790e+00
160 159 154
2 0 1885 350.9200 298.6500 2 2272 382.0500 223.8600
4.4358673047e-02 1.7831506117e-01 -1.2714049471e+00
240 243 62
2 0 1894 55.6300 291.1500 1 409 -9.3000 259.6400
1.2099561350e-01 1.7620845152e-01 -1.1945572025e+00
163 155 52
2 0 1896 194.8300 289.5200 1 2586 118.1200 208.7300
2.1559915368e-01 1.6068801783e-01 -1.2286412097e+00
173 170 161
2 0 1903 349.1000 276.9600 2 2315 380.1100 202.6200
4.1870656307e-02 1.6638610609e-01 -1.2673493929e+00
229 248 25
2 0 1911 52.5000 270.8900 1 2532 -11.1400 238.8200
2.5134850856e-01 1.5666592435e-01 -1.1922124483e+00
145 146 141
2 0 1912 433.9600 269.4400 2 2369 477.4900 170.4100
2.3104891622e-01 1.5558504720e-01 -1.2112805568e+00
183 183 175
2 0 1913 384.6800 267.5000 2 2349 422.1800 183.0800
2.0301903088e-01 1.1905802466e-01 -1.2176751503e+00
175 171 162
2 0 1972 329.0600 201.3600 2 2406 358.3700 137.4800
8.5675882303e-02 8.5965455303e-02 -1.1829987249e+00
244 232 193
2 0 2054 135.5600 122.0100 1 1018 67.4300 62.6600
1.0117687495e-01 3.7789256182e-02 -1.1510806941e+00
88 94 106
2 0 2185 169.9000 28.0900 1 2956 98.1700 -28.8500
-1.5557927708e-01 -3.1170083144e-03 -1.2281841094e+00
161 132 64
2 0 2255 -230.9600 -15.3000 1 1269 -254.9500 -21.9400
-1.5432205252e-01 -1.3894635235e-02 -1.2273904795e+00
127 109 107
2 0 2270 -227.0300 -30.7600 1 2966 -249.7200 -33.7300
2.0237885279e-02 -2.1252988358e-02 -1.1905718691e+00
31 34 6
2 0 2289 33.2700 -48.9700 1 1450 -15.3200 -62.7500
2.0237885279e-02 -2.1252988358e-02 -1.1905718691e+00
31 34 6
2 0 2290 33.2700 -48.9700 1 1451 -15.3200 -62.7500
6.4529024603e-03 -3.9079869871e-02 -1.1945620894e+00
225 233 195
2 0 2332 13.9100 -73.6500 1 1503 -31.7800 -78.3500
8.8521840783e-02 -1.8933924040e-02 -1.1347340457e+00
71 79 91
2 0 2338 152.0800 -76.2600 1 3097 84.0200 -113.4300
-1.1174060999e-01 -6.2924195119e-02 -1.2572376097e+00
0 2 1
2 0 2340 -148.0100 -77.1000 1 1411 -170.6200 -53.2000
-1.1174060999e-01 -6.2924195119e-02 -1.2572376097e+00
0 2 1
2 0 2341 -148.0100 -77.1000 1 1412 -170.6200 -53.2000
-1.9962107253e-01 -4.3532636559e-02 -1.2086690807e+00
249 202 70
2 0 2364 -296.1100 -86.0400 1 1527 -304.6900 -83.8700
1.2951920420e-02 -5.4926382365e-02 -1.1815221719e+00
35 31 17
2 0 2396 24.5600 -104.3000 1 1600 -20.3800 -107.0400
-4.3947950110e-02 -1.3184626464e-01 -1.3125277681e+00
170 160 153
2 0 2443 -40.1500 -125.6300 1 1464 -64.4100 -65.7500
-4.2615332720e-03 -7.8701168090e-02 -1.1859611785e+00
42 39 26
2 0 2464 0.1900 -136.1800 1 1670 -39.3500 -127.0800
-4.5621032602e-02 -1.4431305949e-01 -1.3087037927e+00
159 154 142
2 0 2476 -41.5400 -142.2800 1 3032 -64.4100 -79.5000
-1.5624414259e-01 -9.3024494837e-02 -1.2041279651e+00
136 155 179
2 0 2498 -222.8900 -153.1900 1 3134 -231.7800 -132.1400
-1.6235386604e-01 -9.2758900335e-02 -1.2008100506e+00
41 51 31
2 0 2503 -233.4200 -155.5700 1 1702 -240.4900 -135.4800
-1.6235386604e-01 -9.2758900335e-02 -1.2008100506e+00
41 51 31
2 0 2504 -233.4200 -155.5700 1 1703 -240.4900 -135.4800
5.8015975547e-02 -7.7002704429e-02 -1.1273186720e+00
164 158 70
2 0 2527 102.6200 -175.1300 1 1843 44.5200 -184.3700
-1.7022043894e-01 -1.1297802155e-01 -1.1885571420e+00
147 161 67
2 0 2540 -245.6200 -192.2900 1 3186 -247.7300 -166.0600
7.4115817929e-02 -8.9050169559e-02 -1.1149708067e+00
19 23 32
2 0 2557 132.8300 -203.4500 1 1919 69.7700 -209.7100
5.3795826250e-02 -9.6329514160e-02 -1.1223048966e+00
173 168 76
2 0 2565 97.0200 -209.0900 1 1917 40.7900 -209.2000
5.3795826250e-02 -9.6329514160e-02 -1.1223048966e+00
173 168 76
2 0 2566 97.0200 -209.0900 1 1918 40.7900 -209.2000
4.2123874378e-02 -1.4366042315e-01 -1.1078762123e+00
163 152 43
2 0 2658 81.3900 -294.1400 1 2060 29.9500 -270.3200
4.3651408077e-02 -1.4616212406e-01 -1.1057253215e+00
243 249 28
2 0 2666 84.2900 -299.9700 1 2080 32.4500 -275.0700
2.4741808567e-01 2.0050212706e-01 -1.2194668911e+00
178 177 172
2 0 2804 415.0900 352.7200 2 3386 460.6500 259.0500
2.2446926506e-01 1.9053226839e-01 -1.2366147439e+00
168 167 162
2 0 2810 363.4000 331.8300 2 2961 396.9700 254.5300
2.4644601229e-01 1.7636152821e-01 -1.2067013168e+00
167 168 163
2 0 2822 418.3400 307.1000 2 3016 461.7700 210.1400
3.8783708204e-02 1.6892727894e-01 -1.2695442009e+00
242 243 52
2 0 2834 47.3200 275.0000 1 3548 -16.1300 243.6600
3.8783708204e-02 1.6892727894e-01 -1.2695442009e+00
242 243 52
2 0 2835 47.3200 275.0000 1 3549 -16.1300 243.6600
4.1273954488e-02 1.6418026429e-01 -1.2665020719e+00
138 137 59
2 0 2841 51.7200 267.1200 1 3557 -11.7100 234.9200
4.1273954488e-02 1.6418026429e-01 -1.2665020719e+00
138 137 59
2 0 2842 51.7200 267.1200 1 3558 -11.7100 234.9200
4.1273954488e-02 1.6418026429e-01 -1.2665020719e+00
138 137 59
2 0 2843 51.7200 267.1200 1 3559 -11.7100 234.9200
1.2318328013e-01 1.2063580923e-01 -1.1763870864e+00
12 17 23
2 0 2878 203.0900 184.4000 1 3679 126.9800 108.5100
1.2318328013e-01 1.2063580923e-01 -1.1763870864e+00
12 17 23
2 0 2879 203.0900 184.4000 1 3680 126.9800 108.5100
1.0791358708e-01 4.7050731366e-02 -1.1540023501e+00
44 47 54
2 0 2955 181.1000 45.8500 1 3787 108.2600 -13.7800
9.8752863463e-02 2.8950635111e-02 -1.1476938366e+00
64 74 79
2 0 2968 166.4600 11.2300 1 2989 95.1900 -43.3600
-3.2868382197e-02 -6.0226481141e-02 -1.3390170453e+00
143 139 138
2 0 2997 -30.6000 -27.5500 1 2867 -61.4100 19.5200
-1.6087430216e-01 -1.0602564862e-02 -1.2207208428e+00
102 88 35
2 0 3000 -240.2500 -30.1600 1 2971 -261.7400 -36.8200
6.2769557372e-03 -3.3101366487e-02 -1.1987371778e+00
29 32 8
2 0 3032 12.6800 -62.3700 1 3017 -32.1000 -68.3000
-1.4863590494e-01 -4.0480075963e-02 -1.2246151802e+00
133 152 184
3 0 3037 -214.8200 -68.5300 1 3836 -233.4600 -62.6600 2 2689 -124.4300 -136.0900
-3.7067804373e-02 -9.2935780676e-02 -1.3258369627e+00
168 154 139
2 0 3046 -33.9100 -72.7600 1 2946 -61.9600 -20.7800
1.0111830671e-02 -4.8809409660e-02 -1.1876949088e+00
35 36 20
2 0 3062 19.3600 -91.5100 1 3063 -24.5000 -94.9900
-1.5236793648e-01 -6.3675529678e-02 -1.2164268860e+00
111 91 95
2 0 3077 -218.5300 -105.2600 1 3878 -232.8100 -92.9400
-1.5236793648e-01 -6.3675529678e-02 -1.2164268860e+00
111 91 95
2 0 3078 -218.5300 -105.2600 1 3879 -232.8100 -92.9400
-4.6922075378e-02 -1.3304283161e-01 -1.3149386993e+00
32 62 46
3 0 3107 -43.5900 -125.4400 1 3015 -67.1900 -65.6800 2 1461 -2.5600 -31.8000
-4.7484139345e-02 -1.3809295416e-01 -1.3106733471e+00
34 60 35
2 0 3123 -44.3700 -134.0600 1 3021 -67.3700 -72.7900
-1.6483430076e-01 -7.7893592910e-02 -1.2013508945e+00
168 164 51
2 0 3126 -239.7800 -135.3700 1 3923 -248.8500 -121.3600
1.6555379296e-04 -9.2406584629e-02 -1.1749303468e+00
35 37 19
2 0 3159 7.4500 -163.0900 1 3157 -31.4700 -151.1600
2.6489198310e-03 -9.6814011673e-02 -1.1690554122e+00
236 245 191
2 0 3171 11.6600 -173.6800 1 3178 -28.0300 -161.2000
6.0224208732e-02 -7.6068283454e-02 -1.1250112144e+00
238 243 54
2 0 3177 106.5800 -175.5100 1 3213 47.6700 -185.9800
8.5016934217e-02 -7.7686186074e-02 -1.1218373706e+00
13 17 20
2 0 3183 150.3000 -179.2000 1 3219 84.7800 -189.9100
-8.1278159548e-03 -1.0595979763e-01 -1.1756902921e+00
43 42 49
2 0 3190 -4.0200 -181.9200 1 3180 -40.1200 -163.5100
-8.1278159548e-03 -1.0595979763e-01 -1.1756902921e+00
43 42 49
2 0 3191 -4.0200 -181.9200 1 3181 -40.1200 -163.5100
5.6342014929e-02 -9.3801132102e-02 -1.1206624426e+00
240 240 47
2 0 3219 101.3400 -206.5800 1 3247 44.2200 -208.5700
-1.7194109209e-01 -1.2313292786e-01 -1.1844039542e+00
158 133 44
2 0 3223 -248.0000 -209.1300 1 3202 -247.4800 -179.2500
5.3340639002e-02 -1.0834642006e-01 -1.1170131670e+00
244 244 55
2 0 3243 97.5200 -232.0800 1 1952 41.5600 -226.7900
5.2150756128e-02 -1.2273988310e-01 -1.1098520619e+00
190 186 87
2 0 3264 96.9700 -260.6100 1 3278 41.6700 -248.7200
-3.5098839897e-02 -1.6524682589e-01 -1.1708618592e+00
229 237 192
2 0 3266 -38.9500 -267.7000 1 1937 -64.9700 -222.0100
4.5761344717e-02 -1.2933686718e-01 -1.1111803549e+00
182 181 71
2 0 3268 86.2800 -269.4400 1 3288 33.4000 -253.4300
4.5564469357e-02 -1.3608877447e-01 -1.1095081424e+00
241 240 42
2 0 3276 86.5000 -281.1100 1 3299 34.0300 -261.5300
3.7313976904e-02 -1.6271581275e-01 -1.1021602214e+00
124 117 12
2 0 3310 74.7200 -328.2100 1 2134 25.8300 -294.0500
2.4096144048e-01 1.9545328074e-01 -1.2229142776e+00
165 165 157
2 0 3372 400.8300 342.5700 2 3389 442.6900 252.8900
2.4842521844e-01 1.7599346812e-01 -1.2051980787e+00
146 146 144
2 0 3378 422.8900 306.5500 2 3412 466.8700 208.9200
2.4842521844e-01 1.7599346812e-01 -1.2051980787e+00
146 146 144
2 0 3379 422.8900 306.5500 2 3413 466.8700 208.9200
4.0881659572e-02 1.8360479592e-01 -1.2736286062e+00
238 244 38
2 0 3382 49.5300 299.7500 1 4119 -15.3900 268.5800
1.3904707108e-01 1.6356179697e-01 -1.1911529772e+00
11 12 16
2 0 3386 228.3800 267.8500 1 4427 151.2300 188.4100
8.6697015176e-02 8.8747848515e-02 -1.1835051398e+00
125 122 35
2 0 3432 137.1700 127.0100 1 4196 68.7500 66.9300
1.1572579685e-01 7.9656450099e-02 -1.1647816312e+00
57 60 65
2 0 3439 192.4300 107.3200 1 4209 117.9400 39.8800
-1.1844923560e-01 -5.7367848423e-02 -1.2525600396e+00
57 53 65
2 0 3524 -159.5500 -72.9600 1 4261 -181.6600 -52.3700
-1.5060428302e-01 -4.3382141332e-02 -1.2220133492e+00
86 82 105
2 0 3528 -217.9800 -74.1300 1 4270 -235.6500 -68.0400
-1.6043658463e-01 -4.7771110156e-02 -1.2125750145e+00
162 154 48
2 0 3532 -235.1000 -86.5800 1 4283 -250.1000 -81.6900
-1.1649288441e-01 -7.4910892889e-02 -1.2491327795e+00
145 103 10
2 0 3541 -155.0200 -97.5200 1 4273 -174.8800 -71.8400
-1.5907031164e-01 -7.2926501947e-02 -1.2062718067e+00
43 56 44
3 0 3559 -231.2300 -125.0300 1 3910 -241.9700 -111.4300 2 2718 -117.1400 -174.5300
-1.5985602179e-01 -7.3404107409e-02 -1.2070511576e+00
43 56 44
2 0 3560 -231.2300 -125.0300 1 3911 -241.9700 -111.4300
-5.8357128152e-02 -1.5175332434e-01 -1.3015842273e+00
10 71 49
2 0 3576 -58.2000 -155.7000 1 3880 -77.9300 -92.2700
-5.0545980214e-03 -9.5290487955e-02 -1.1765890951e+00
232 241 190
2 0 3589 0.0000 -166.2800 1 3951 -38.2100 -152.4000
-1.7380793173e-01 -9.5686001070e-02 -1.1887959648e+00
25 74 55
2 0 3592 -254.7700 -169.0700 1 3944 -258.0900 -150.5400
5.7206467393e-02 -8.9684209658e-02 -1.1230131752e+00
241 239 51
2 0 3611 102.2800 -198.1700 1 3991 45.0700 -201.8400
1.1786766269e-02 -1.1329029264e-01 -1.1528309222e+00
46 50 38
2 0 3614 27.3000 -209.6200 1 3984 -14.1300 -193.2100
-1.8952796878e-01 -1.2718654404e-01 -1.1677735350e+00
145 108 46
2 0 3616 -280.8500 -229.4400 1 3988 -274.2000 -200.6200
5.0626863496e-02 -1.1979493269e-01 -1.1142581246e+00
243 240 62
2 0 3620 93.7300 -251.9600 1 4015 39.2100 -240.8500
5.0626863496e-02 -1.1979493269e-01 -1.1142581246e+00
243 240 62
2 0 3621 93.7300 -251.9600 1 4016 39.2100 -240.8500
4.2799517661e-02 -1.5106534429e-01 -1.1025392296e+00
244 238 61
2 0 3632 83.2500 -310.5500 1 4040 31.9900 -283.3100
6.4574705676e-02 1.2566204159e-01 -1.2246985268e+00
237 239 186
2 0 3655 93.5400 198.7400 1 4435 28.8900 150.9000
4.4628675352e-02 1.1628621705e-01 -1.2384796642e+00
220 54 71
2 0 3660 61.1200 184.6100 1 4437 -0.0600 147.0000
8.3126567270e-02 7.5314084515e-02 -1.1805823272e+00
244 235 69
2 0 3671 132.0300 102.8600 1 4463 64.4200 46.2300
-1.4689071316e-01 -1.6644430090e-02 -1.2339865491e+00
149 157 181
2 0 3704 -212.9600 -30.5700 1 4502 -236.9500 -30.1400
-1.4703727808e-01 -2.1223352285e-02 -1.2309267624e+00
84 114 152
3 0 3711 -213.2200 -38.5400 1 4255 -235.8800 -37.3800 2 3570 -133.7100 -120.3500
-1.4703727808e-01 -2.1223352285e-02 -1.2309267624e+00
84 114 152
3 0 3712 -213.2200 -38.5400 1 4256 -235.8800 -37.3800 2 3571 -133.7100 -120.3500
-1.6023715803e-01 -2.6396826465e-02 -1.2177171470e+00
16 61 22
2 0 3723 -236.9800 -53.9700 1 4517 -256.2000 -55.6500
-1.5536855309e-01 -3.7575752395e-02 -1.2205081799e+00
31 51 30
2 0 3726 -226.7700 -67.3900 1 4267 -244.3500 -64.0100
-1.6416645607e-01 -4.9498618426e-02 -1.2098767873e+00
18 58 34
2 0 3734 -241.0800 -90.9700 1 4537 -255.5900 -86.1100
-2.1471483074e-01 -5.1764740512e-02 -1.2129748516e+00
233 198 63
2 0 3736 -314.6500 -95.7400 1 4290 -319.1300 -88.9100
-2.1471483074e-01 -5.1764740512e-02 -1.2129748516e+00
233 198 63
2 0 3737 -314.6500 -95.7400 1 4289 -319.1300 -88.9100
-1.6508420658e-01 -5.6499438304e-02 -1.2052515501e+00
27 59 30
2 0 3741 -242.8900 -103.6000 1 4297 -255.7400 -97.3200
-1.1809688307e-01 -8.7365050621e-02 -1.2417844041e+00
132 105 15
2 0 3750 -157.1300 -118.1600 1 4291 -175.2100 -89.9300
-1.6301877731e-01 -6.9497569297e-02 -1.2048735791e+00
161 163 36
2 0 3754 -237.4900 -121.4300 1 4307 -248.2300 -110.0000
-1.6518128400e-01 -8.7499512968e-02 -1.1984421512e+00
164 155 61
2 0 3767 -239.2600 -150.4700 1 4320 -247.1100 -133.0600
-1.6912967696e-01 -8.5786489222e-02 -1.1948282580e+00
15 70 30
2 0 3768 -247.3000 -150.9300 1 4321 -253.6200 -135.2700
-1.7424637214e-01 -9.6501072086e-02 -1.1889426287e+00
16 76 49
2 0 3781 -255.1700 -170.1000 1 4329 -258.3400 -151.1600
-1.6335472846e-01 -1.0120362241e-01 -1.1955622149e+00
27 53 29
2 0 3783 -235.2700 -170.7400 1 4571 -240.4900 -148.2900
7.2565723328e-03 -9.6867231196e-02 -1.1631959461e+00
236 244 205
2 0 3785 18.8900 -178.1100 1 4341 -22.4300 -167.0800
1.3416444013e-01 1.6088504037e-01 -1.1884717921e+00
36 39 46
2 0 3831 220.5000 261.8000 1 4620 142.6800 181.2700
1.1213020645e-01 7.0563325682e-02 -1.1603538926e+00
52 53 58
2 0 3861 186.9300 89.4200 1 4470 113.0700 23.0800
1.1433291830e-01 5.5065555800e-02 -1.1585460578e+00
11 12 16
2 0 3869 191.4200 62.2700 1 4651 117.9000 1.5600
7.5725102082e-02 4.1017494043e-02 -1.1704743598e+00
241 236 29
2 0 3873 121.8700 41.0300 1 4487 57.0000 -7.3500
-1.5925417900e-01 -1.8903455059e-02 -1.2198432864e+00
18 59 35
2 0 3897 -236.1500 -42.2500 1 4509 -257.0600 -46.0100
-1.5925417900e-01 -1.8903455059e-02 -1.2198432864e+00
18 59 35
2 0 3898 -236.1500 -42.2500 1 4510 -257.0600 -46.0100
-1.6482370757e-01 -3.2796610038e-02 -1.2110973523e+00
18 72 42
2 0 3913 -245.1300 -67.1000 1 4526 -262.1900 -68.5100
-1.3250586320e-01 -6.3689482174e-02 -1.2337453966e+00
150 111 24
2 0 3921 -184.3100 -93.0700 1 4678 -201.8700 -75.9400
1.3255131543e-02 -6.5972187277e-02 -1.1763593811e+00
217 58 67
2 0 3931 25.8000 -123.7100 1 4564 -18.3100 -123.2900
-1.6656511563e-01 -7.2202307220e-02 -1.1998912741e+00
22 64 35
2 0 3935 -244.0100 -128.7800 1 4559 -253.7500 -117.5100
2.2405596455e-02 -6.8760636066e-02 -1.1656009240e+00
224 49 69
2 0 3941 40.7100 -134.9200 1 4569 -6.0700 -136.5200
-1.2090618270e-01 -1.0936695755e-01 -1.2397148872e+00
141 130 121
2 0 3950 -158.1300 -147.7400 1 4556 -173.0500 -111.8400
-4.9956877500e-02 -1.4745486185e-01 -1.3043273726e+00
18 67 45
2 0 3953 -47.2700 -148.7200 1 4536 -69.2100 -85.9100
-1.5562092354e-01 -1.1301112718e-01 -1.2033693680e+00
72 101 139
2 0 3963 -218.5000 -180.1100 1 4572 -224.5100 -150.8300
1.3586730108e-01 1.6857989715e-01 -1.1904957934e+00
41 46 52
2 0 3978 223.0900 276.6700 1 4727 145.2600 195.3600
9.2860118870e-03 -3.5376984277e-02 -1.1946440773e+00
226 232 202
2 0 4012 17.4700 -67.9300 1 4675 -27.9300 -74.3800
9.2860118870e-03 -3.5376984277e-02 -1.1946440773e+00
226 232 202
2 0 4013 17.4700 -67.9300 1 4676 -27.9300 -74.3800
-1.4275991413e-01 -4.6202892333e-02 -1.2282917050e+00
79 107 155
2 0 4015 -202.9400 -73.9000 1 4672 -223.4900 -64.4700
-1.4275991413e-01 -4.6202892333e-02 -1.2282917050e+00
79 107 155
2 0 4016 -202.9400 -73.9000 1 4673 -223.4900 -64.4700
9.5209251560e-03 -4.2794563870e-02 -1.1900168064e+00
233 239 192
2 0 4019 17.8900 -81.3800 1 4684 -26.1400 -86.6300
2.6966557656e-02 -4.0791682848e-02 -1.1746658439e+00
32 38 16
2 0 4020 45.7200 -87.2900 1 4692 -3.6700 -98.5800
1.6603512331e-02 -5.2871023823e-02 -1.1789767926e+00
23 41 26
2 0 4024 30.7900 -102.9700 1 4698 -16.6200 -107.1100
-1.1698221939e-01 -8.1712621730e-02 -1.2487144893e+00
140 112 49
2 0 4028 -154.4800 -106.6100 1 4679 -173.9700 -78.5200
2.3642852486e-02 -5.3149670484e-02 -1.1722400932e+00
27 39 30
2 0 4031 41.4300 -107.3400 1 4699 -6.5200 -113.9300
2.3889768450e-03 -6.7238198962e-02 -1.1849411028e+00
161 167 138
2 0 4036 9.1600 -120.2600 1 4702 -32.3300 -116.5700
-5.3258560503e-02 -1.2499569454e-01 -1.3070230600e+00
158 113 35
2 0 4037 -53.1300 -121.3800 1 4762 -77.2300 -64.7300
-5.3258560503e-02 -1.2499569454e-01 -1.3070230600e+00
158 113 35
2 0 4038 -53.1300 -121.3800 1 4763 -77.2300 -64.7300
-1.6789495303e-01 -9.0246275215e-02 -1.1940063494e+00
15 61 39
3 0 4042 -244.7200 -157.8000 1 4711 -251.5200 -139.6700 2 3766 -117.9000 -199.3800
4.1888291185e-03 -1.1073602751e-01 -1.1622978507e+00
37 41 33
2 0 4048 15.0500 -198.5300 1 4714 -23.9400 -181.1900
-2.1338227728e-01 -6.8494110201e-02 -1.2032233826e+00
238 197 70
2 0 4072 -313.5600 -124.7700 1 4787 -314.3300 -113.9100
-1.6524922760e-01 -1.1712465975e-01 -1.1916523913e+00
146 158 185
2 0 4079 -236.1000 -195.0800 1 4771 -239.0600 -166.3800
4.4684261776e-02 -1.6779415415e-01 -1.0962740972e+00
243 243 116
2 0 4081 88.0100 -341.7300 1 4773 36.8800 -305.3700
4.9415405504e-02 7.3488853955e-02 -1.2155988301e+00
224 255 187
2 0 4082 72.2000 109.9400 1 4778 13.3800 72.4900
-1.4752428669e-03 -3.5150211687e-02 -1.1964014078e+00
240 238 65
2 0 4090 0.4900 -67.2300 1 4785 -42.5100 -73.2700
-2.0961465643e-01 -4.0502203820e-02 -1.2132060320e+00
230 201 53
2 0 4091 -309.6800 -79.7700 1 4786 -317.0900 -77.3900
-2.0181853890e-01 -4.9260787186e-02 -1.2091596711e+00
189 158 46
2 0 4093 -297.6300 -93.8400 1 4802 -305.2500 -89.1300
-1.6453806637e-01 -7.7381406860e-02 -1.2020869879e+00
116 126 40
2 0 4095 -239.0200 -134.1800 1 4804 -248.5600 -120.1400
-1.6453806637e-01 -7.7381406860e-02 -1.2020869879e+00
116 126 40
2 0 4096 -239.0200 -134.1800 1 4805 -248.5600 -120.1400
-2.0116700849e-01 -7.5098501407e-02 -1.1907355390e+00
198 165 42
2 0 4097 -299.6600 -141.5800 1 4789 -300.8700 -131.3300
2.0159979470e-02 -8.6221503640e-02 -1.1597864790e+00
235 242 201
2 0 4099 38.8000 -164.8200 1 4790 -6.9800 -159.7400
5.4257039405e-02 9.2198052889e-02 -1.2171161304e+00
175 84 81
2 0 4104 79.1000 140.7400 1 4798 17.5500 98.3200
-1.5536047868e-01 -2.2146675567e-02 -1.2186230372e+00
50 70 24
2 0 4108 -230.6800 -47.0600 2 3934 -139.7000 -139.5100
-1.5536126544e-01 -2.1840698599e-02 -1.2188287213e+00
50 70 24
3 0 4109 -230.6800 -47.0600 1 4800 -250.6100 -48.7500 2 3935 -139.7000 -139.5100
-1.4573304050e-01 -3.3617206406e-02 -1.2299003240e+00
159 164 183
2 0 4110 -209.8600 -55.9100 1 4801 -230.3000 -50.9000
-1.4484002601e-01 -5.7348650927e-02 -1.2244824052e+00
157 162 184
2 0 4111 -205.4600 -91.2900 1 4816 -223.2800 -78.9200
-1.4842754002e-01 -7.9688661104e-02 -1.2161878662e+00
156 161 181
2 0 4114 -209.3700 -126.7000 1 4803 -222.9400 -107.9400
-1.5500949908e-01 -1.0099818244e-01 -1.2048280295e+00
156 160 179
2 0 4117 -218.9000 -163.2900 1 4806 -227.7800 -138.5800
4.2263838022e-02 1.3336308521e-01 -1.2468096867e+00
233 243 172
2 0 4124 55.2300 214.0100 1 4825 -5.4200 176.4800
-1.4826914619e-01 -1.3638662925e-01 -1.2135116030e+00
157 119 33
2 0 4127 -200.0500 -202.2600 1 4822 -205.2900 -161.1000
2.0448905481e-01 2.2133579017e-01 -1.2766926459e+00
178 171 166
2 1 62 252.8900 356.5900 2 258 331.5300 336.5100
2.1032185729e-01 2.1449855807e-01 -1.2667469185e+00
201 194 188
2 1 109 265.2000 339.8100 2 2045 349.6400 317.5800
2.1032185729e-01 2.1449855807e-01 -1.2667469185e+00
201 194 188
2 1 110 265.2000 339.8100 2 2046 349.6400 317.5800
1.9919934549e-01 2.1044919064e-01 -1.2762555206e+00
189 181 178
2 1 118 243.2700 337.1700 2 2047 320.1200 317.1200
2.2412119338e-01 2.1089607868e-01 -1.2501432948e+00
191 183 180
2 1 163 293.9400 325.1300 2 2107 389.8500 299.6600
1.9961667021e-01 2.0016469539e-01 -1.2694638772e+00
187 180 174
2 1 206 244.6400 315.8100 2 466 325.0500 294.8100
2.2277936938e-01 2.0421594892e-01 -1.2476225117e+00
196 190 186
2 1 218 291.3700 311.7600 2 524 387.8400 286.3300
2.0507747862e-01 1.9640055788e-01 -1.2620859694e+00
185 177 174
2 1 248 255.4500 305.6100 2 538 340.5800 283.8100
2.3626740348e-01 1.9870069219e-01 -1.2306649509e+00
192 186 180
2 1 314 320.4200 292.6900 2 624 427.7400 264.9200
2.4010918619e-01 1.9185334707e-01 -1.2232278879e+00
116 109 103
2 1 357 329.1700 276.3100 2 714 439.7100 248.2800
1.8865874213e-01 1.4228666259e-01 -1.2459973570e+00
102 94 91
2 1 575 228.0800 207.6500 2 2342 316.0100 189.4400
2.0775505422e-01 1.4682627670e-01 -1.2297214507e+00
170 161 158
2 1 585 264.1000 204.3500 2 945 362.4300 184.2800
2.5001811411e-01 1.2206924172e-01 -1.1738925371e+00
196 186 184
2 1 838 353.7800 124.6200 2 1186 478.5100 108.0600
-8.5411355533e-02 -2.2543021968e-01 -1.3959339615e+00
26 68 42
2 1 1511 -82.5200 -80.3300 2 2564 -42.2300 -10.3000
8.3177773617e-02 2.0282294167e-01 -1.3883169030e+00
170 163 157
2 1 2352 52.1800 370.9700 2 2790 47.3600 370.5400
1.3448023384e-01 2.1221871726e-01 -1.3425773546e+00
173 166 160
2 1 2354 128.6900 368.6100 2 2803 156.6800 360.7700
2.0607269049e-01 2.2447695697e-01 -1.2763231523e+00
198 193 187
2 1 2364 256.1100 362.0600 2 1978 335.2900 341.5200
2.0102089727e-01 2.1320826802e-01 -1.2761899354e+00
203 196 190
2 1 2392 246.3100 341.9200 2 2875 324.2100 322.1900
1.9966287948e-01 1.6801208534e-01 -1.2498028028e+00
166 156 154
2 1 2517 247.0200 250.8900 2 2253 335.9200 229.3900
1.9992251107e-01 1.6000230902e-01 -1.2451848733e+00
169 161 158
2 1 2538 247.9300 235.1400 2 2294 338.7900 214.4100
2.0647730162e-01 1.4962061233e-01 -1.2326229733e+00
172 164 161
2 1 2580 261.5400 210.7300 2 2337 358.3000 190.2900
2.4423731488e-01 1.4092320900e-01 -1.1907502005e+00
205 196 191
2 1 2632 340.1200 168.0100 2 2393 459.5100 147.0300
2.3647150363e-01 9.6569193819e-02 -1.1728608137e+00
138 128 126
2 1 2773 325.3700 84.5700 2 1252 446.6800 75.6200
-7.8862609864e-02 -4.3225401778e-02 -1.3027697760e+00
111 96 40
2 1 2893 -125.1200 5.2700 2 2570 -62.2300 -15.7400
-8.5962505208e-02 -6.6143650794e-02 -1.2880098489e+00
131 132 159
2 1 2955 -131.5500 -28.9700 2 1478 -57.7800 -45.9700
-1.4134507743e-01 -2.7308990339e-02 -1.2362962589e+00
137 142 167
2 1 2980 -225.0400 -38.6800 2 1599 -124.4200 -113.0200
-1.1165532819e-01 -5.9810853983e-02 -1.2604996449e+00
13 13 6
2 1 2995 -170.4200 -47.4300 2 1551 -82.2900 -85.2700
-9.7808741115e-02 -8.1945367199e-02 -1.2696079430e+00
100 94 46
2 1 3010 -145.2000 -59.5100 2 1541 -61.0700 -78.7500
1.5641597835e-01 2.1429566234e-01 -1.3217427012e+00
187 177 176
2 1 3457 165.0100 363.7400 2 3331 208.4700 352.1400
1.0733129007e-01 2.0184697124e-01 -1.3635659960e+00
168 160 156
2 1 3462 87.3900 360.0900 2 3329 100.2900 355.2100
2.2501393142e-01 2.1689424766e-01 -1.2537659281e+00
193 186 184
2 1 3479 295.0400 337.9700 2 3362 390.0700 313.6800
2.2726512517e-01 1.9083796675e-01 -1.2352840587e+00
188 183 178
2 1 3513 301.6000 281.3700 2 2959 403.6900 255.0700
2.2726512517e-01 1.9083796675e-01 -1.2352840587e+00
188 183 178
2 1 3514 301.6000 281.3700 2 2960 403.6900 255.0700
2.2665431599e-01 1.3222618785e-01 -1.2027611648e+00
191 182 175
2 1 3619 303.2000 162.7800 2 3068 414.4400 144.1200
2.2789681269e-01 1.3080330849e-01 -1.2004783911e+00
157 147 143
2 1 3624 305.5600 158.6900 2 3071 418.4900 140.5000
-5.9266820075e-02 -1.1854773357e-01 -1.3077274944e+00
76 69 26
2 1 3834 -85.5400 -59.0000 2 2597 -17.3400 -37.7000
2.2294087082e-01 2.2346762855e-01 -1.2591190646e+00
195 187 184
2 1 4088 290.5500 352.5300 2 3350 382.8600 328.8100
1.7940328479e-01 2.0242319890e-01 -1.2914114430e+00
175 167 164
2 1 4092 206.3400 330.2500 2 3628 271.4300 313.0500
2.4855243689e-01 1.7262339384e-01 -1.2037160865e+00
190 183 177
2 1 4134 348.6800 230.3100 2 3416 467.4100 202.9700
2.2056193763e-01 1.0310036864e-01 -1.1907724326e+00
177 168 163
2 1 4178 292.2700 108.6600 2 3452 406.4700 96.9200
-1.5032368823e-01 -4.3404667549e-02 -1.2221159393e+00
92 91 114
2 1 4269 -235.6500 -68.0400 2 3249 -124.4700 -140.9500
-1.6158841867e-01 -6.0238704234e-02 -1.2059426329e+00
26 57 34
2 1 4767 -249.1400 -100.0700 2 3848 -126.9100 -172.3700
