# Bundle file v0.3
3 368
1.5001138623e+03 3.4241902380e-01 -1.2742586957e-02
9.9926069322e-01 -1.6194496899e-02 -3.4868399100e-02
1.1678272172e-02 9.9195716259e-01 -1.2603414438e-01
3.6629017796e-02 1.2553376383e-01 9.9141292567e-01
-2.8783091974e-02 -1.3461937594e-01 2.2471868779e-01
1.6022807523e+03 4.3432528656e-01 3.7051615552e-02
9.8188070660e-01 9.4797114273e-02 -1.6408468891e-01
-1.8711119379e-01 6.2204674683e-01 -7.6029418379e-01
2.9994652320e-02 7.7722027243e-01 6.2851330054e-01
-2.0712388229e-01 -8.2317820386e-01 -1.7139767859e-01
0 0 0
0 0 0
0 0 0
0 0 0
0 0 0
1.9084559651e-01 1.9711032906e-01 -1.1276219907e+00
187 184 179
2 0 10 358.1100 370.8000 1 2457 425.1800 280.0000
1.9084559651e-01 1.9711032906e-01 -1.1276219907e+00
187 184 179
2 0 11 358.1100 370.8000 1 2456 425.1800 280.0000
2.0843035908e-01 1.8977306964e-01 -1.1151530229e+00
189 188 180
2 0 25 395.8900 361.2100 1 2509 461.2200 241.2100
1.9859084883e-01 1.8741260320e-01 -1.1193404875e+00
137 132 129
2 0 37 374.9000 354.7300 1 3639 435.8300 247.0900
1.8970772343e-01 1.8744755536e-01 -1.1241213134e+00
180 179 175
2 0 43 356.4500 352.9400 1 2489 414.8000 257.7800
1.8970772343e-01 1.8744755536e-01 -1.1241213134e+00
180 179 175
2 0 44 356.4500 352.9400 1 2490 414.8000 257.7800
1.8741040702e-01 1.8594772990e-01 -1.1250119313e+00
182 181 177
2 0 51 351.5000 349.6800 1 2491 408.4400 257.2900
2.2077625180e-01 1.7307748129e-01 -1.1011789587e+00
187 187 179
2 0 80 423.9800 332.7400 1 2549 477.6200 185.6500
2.2739287142e-01 1.6471265471e-01 -1.0937146596e+00
180 179 173
2 0 104 439.7600 318.3300 1 2574 486.8300 157.2900
1.8969588807e-01 1.6792295777e-01 -1.1156772387e+00
175 174 169
2 0 105 357.6900 317.2600 1 3652 400.0800 211.3200
2.0812150582e-01 1.5716011039e-01 -1.1010991661e+00
187 187 181
2 0 130 397.7800 300.5500 1 2571 434.6800 164.1500
2.0020334634e-01 1.5508003594e-01 -1.1044719894e+00
168 169 162
2 0 139 380.9600 295.3600 1 2569 414.7000 169.0900
2.0610948777e-01 1.5054810970e-01 -1.0992353510e+00
135 136 130
2 0 154 394.0000 287.8800 1 2579 425.0700 151.4100
2.0610948777e-01 1.5054810970e-01 -1.0992353510e+00
135 136 130
2 0 155 394.0000 287.8800 1 2578 425.0700 151.4100
2.1999870114e-01 1.4754299880e-01 -1.0902871290e+00
171 172 166
2 0 168 425.1600 284.4800 1 2594 455.1300 127.2300
2.0156615610e-01 1.4611784452e-01 -1.0998441928e+00
186 185 181
2 0 177 384.7100 278.9100 1 586 411.2600 147.1600
2.3607899050e-01 1.4144413037e-01 -1.0786246136e+00
180 179 175
2 0 185 462.2000 275.4600 1 705 489.2400 92.4400
2.1442186183e-01 1.4302958722e-01 -1.0917195785e+00
183 182 178
2 0 187 412.9000 275.0300 1 621 438.7300 124.6100
2.3019160904e-01 1.4044922348e-01 -1.0814315668e+00
185 184 179
2 0 196 448.8000 272.6100 1 2625 474.1800 97.8700
2.2507910586e-01 1.3731566038e-01 -1.0829239619e+00
172 173 168
2 0 204 437.4800 265.8300 1 2626 459.5700 97.5400
2.2865541233e-01 1.3419784815e-01 -1.0795323090e+00
184 185 180
2 0 211 445.9400 260.3900 1 2651 465.7500 85.8800
2.2865541233e-01 1.3419784815e-01 -1.0795323090e+00
184 185 180
2 0 212 445.9400 260.3900 1 2652 465.7500 85.8800
1.8673310431e-01 1.3330749512e-01 -1.1022413465e+00
171 168 161
2 0 225 354.3900 253.1500 1 605 369.0800 136.7500
2.0089922531e-01 1.2980547972e-01 -1.0930538575e+00
181 178 170
2 0 234 384.6800 248.3500 1 656 398.3400 111.7600
2.1083388722e-01 1.2567483225e-01 -1.0857217770e+00
188 185 178
2 0 240 406.7700 241.7800 1 2640 418.0000 90.1600
2.3116086423e-01 1.2449816237e-01 -1.0737598380e+00
137 134 129
2 0 242 453.0700 242.0800 1 2696 464.2700 61.0800
1.9773498625e-01 1.2605199404e-01 -1.0929962467e+00
179 174 168
2 0 243 378.3400 240.9600 1 2609 388.6400 107.3000
2.2758153774e-01 1.1774361454e-01 -1.0727412995e+00
189 186 179
2 0 266 445.7700 228.6100 1 2717 450.7900 51.0700
2.1194629914e-01 1.1709156422e-01 -1.0809937590e+00
186 183 176
2 0 272 410.5200 225.6400 1 2684 414.3700 69.6900
2.4719339188e-01 1.1130230388e-01 -1.0586557239e+00
192 188 185
2 0 281 492.8900 218.2700 1 2797 492.7200 10.3800
2.5044337557e-01 1.0975247809e-01 -1.0563397253e+00
190 187 182
2 0 284 500.9200 215.5600 1 2811 499.3800 2.9200
1.9798241303e-01 1.1090775549e-01 -1.0859253256e+00
133 130 124
2 0 293 380.6000 212.5700 1 2675 379.0300 74.0900
2.0081374848e-01 1.1061605535e-01 -1.0843271257e+00
180 176 172
2 0 295 386.6800 212.2700 1 796 385.1300 70.0400
2.0081374848e-01 1.1061605535e-01 -1.0843271257e+00
180 176 172
2 0 296 386.6800 212.2700 1 797 385.1300 70.0400
2.2506457358e-01 1.0478741436e-01 -1.0679884637e+00
131 128 121
2 0 314 441.8600 203.3100 1 2762 435.7200 25.9500
2.2377745986e-01 1.0458833463e-01 -1.0685129704e+00
178 175 167
2 0 315 438.9400 202.8100 1 913 432.6600 27.0400
2.1570235542e-01 1.0416825538e-01 -1.0729433228e+00
128 125 120
2 0 319 420.6500 201.3000 1 2745 413.9400 36.9300
2.4713396408e-01 1.0218688165e-01 -1.0546910133e+00
189 184 180
2 0 327 494.3800 200.2400 1 2850 485.5000 -8.9000
1.6867818571e-01 1.0278120829e-01 -1.0985173825e+00
108 105 98
2 0 334 319.6100 195.1600 1 699 311.4600 93.1700
2.4095164362e-01 9.8303918660e-02 -1.0561107901e+00
188 183 180
2 0 338 479.8700 191.9900 1 1042 468.3100 -9.3400
2.3155007641e-01 9.5468631892e-02 -1.0605186938e+00
186 183 175
2 0 352 458.0200 185.6800 1 2829 444.1800 -1.8500
2.4852269778e-01 9.4021873231e-02 -1.0503267225e+00
192 188 187
2 0 355 498.8300 184.1100 1 2899 482.9700 -28.0800
2.0491986873e-01 9.4081342711e-02 -1.0744100172e+00
147 144 137
2 0 359 397.7500 181.1700 1 907 383.3700 29.6300
2.1902854699e-01 8.7481085993e-02 -1.0635710592e+00
135 133 127
2 0 384 430.4700 169.2800 1 1010 410.2200 -2.4200
2.3484602018e-01 8.6094469523e-02 -1.0542308902e+00
147 144 139
2 0 389 467.3900 167.4500 1 1118 445.2400 -26.2600
2.3051532130e-01 8.5546339705e-02 -1.0564700379e+00
186 185 180
2 0 392 457.2600 166.1300 1 2882 434.9000 -21.4300
1.8103472611e-01 8.5774370672e-02 -1.0837671106e+00
177 173 164
2 0 399 347.2700 164.1800 1 2734 327.0400 42.4400
1.8103472611e-01 8.5774370672e-02 -1.0837671106e+00
177 173 164
2 0 400 347.2700 164.1800 1 2735 327.0400 42.4400
2.0199919375e-01 8.4898877390e-02 -1.0721481992e+00
183 179 170
2 0 401 392.5500 163.4500 1 948 371.0300 14.8400
1.8248474355e-01 8.4805436524e-02 -1.0826593022e+00
181 178 169
2 0 405 350.3300 162.4200 1 877 329.5700 38.8400
1.9259091668e-01 8.3583728894e-02 -1.0761423043e+00
136 132 124
2 0 410 372.3800 160.5100 1 2775 350.0300 23.1100
2.0964294065e-01 7.8909326801e-02 -1.0649754622e+00
130 125 121
2 0 433 410.1700 152.2100 1 2847 384.1200 -7.7500
2.2122763341e-01 7.8241469541e-02 -1.0579172459e+00
188 185 180
2 0 434 437.1100 151.3400 1 2892 408.9700 -24.7600
2.2122763341e-01 7.8241469541e-02 -1.0579172459e+00
188 185 180
2 0 435 437.1100 151.3400 1 2893 408.9700 -24.7600
1.7487781652e-01 7.6661593980e-02 -1.0828783637e+00
130 123 115
2 0 445 335.3000 146.8400 1 2755 309.0700 31.2500
2.1049529814e-01 7.4044238004e-02 -1.0623825741e+00
142 137 131
2 0 457 412.9400 142.8100 1 1081 382.7500 -18.5800
9.6074707351e-02 7.6278530304e-02 -1.0586599675e+00
55 62 70
2 0 460 190.9700 140.9100 1 2771 142.1600 23.0200
1.9758837212e-01 6.8243730649e-02 -1.0668121257e+00
174 172 167
2 0 485 384.9500 131.3000 1 1059 351.5600 -13.7900
1.7797026041e-01 6.7813227035e-02 -1.0772725763e+00
136 132 123
2 0 488 342.7100 130.2100 1 962 310.4800 9.8000
1.7797026041e-01 6.7813227035e-02 -1.0772725763e+00
136 132 123
2 0 489 342.7100 130.2100 1 963 310.4800 9.8000
2.4583450609e-01 6.7177666192e-02 -1.0393825106e+00
181 177 174
2 0 490 497.2900 130.0600 1 1361 457.6100 -80.5500
1.5759194726e-01 6.7471385468e-02 -1.0883262149e+00
115 110 104
2 0 491 300.4500 129.3800 1 893 269.2500 34.0700
2.2810675511e-01 6.7033347923e-02 -1.0490971958e+00
182 181 176
2 0 495 454.8400 129.4200 1 1269 417.0800 -56.6700
1.5064286410e-01 6.7358272329e-02 -1.0921996320e+00
153 149 140
2 0 498 286.3200 129.1300 1 2733 255.5500 42.3500
2.2527125708e-01 6.5782738019e-02 -1.0501834990e+00
189 186 180
2 0 502 448.2000 126.8900 1 2970 410.0800 -55.3000
2.3612126954e-01 6.1315150724e-02 -1.0420498602e+00
120 117 112
2 0 519 474.8300 118.0900 1 1354 431.4400 -79.1400
2.4098646534e-01 6.1055652093e-02 -1.0392024400e+00
184 180 177
2 0 521 486.6200 117.6000 1 1379 442.3600 -86.4200
1.9969249412e-01 5.7509894335e-02 -1.0606397990e+00
187 183 174
2 0 533 391.3900 110.5300 1 1187 349.4400 -38.0600
1.6046288415e-01 5.5379550324e-02 -1.0814218142e+00
171 166 160
2 0 539 307.4900 106.7800 1 973 268.6300 6.9800
1.8960037959e-01 5.5313839156e-02 -1.0650430803e+00
187 182 176
2 0 541 369.3500 106.3200 1 1136 327.2900 -29.8200
2.0683033938e-01 5.4052138035e-02 -1.0552781532e+00
126 123 118
2 0 546 407.7500 103.7400 1 1257 362.5800 -53.9400
2.1354570408e-01 5.3132135986e-02 -1.0510291680e+00
151 146 140
2 0 551 423.1100 101.8400 1 1308 376.5000 -64.8100
1.6268935062e-01 5.0620789117e-02 -1.0782070927e+00
176 172 163
2 0 561 312.4400 97.8000 1 1019 270.6600 -4.7900
2.3750977138e-01 4.8929821818e-02 -1.0356796713e+00
195 192 187
2 0 574 480.3400 93.0500 1 1436 426.6500 -105.8300
2.3750977138e-01 4.8929821818e-02 -1.0356796713e+00
195 192 187
2 0 575 480.3400 93.0500 1 1438 426.6500 -105.8300
1.6790771151e-01 4.7640005700e-02 -1.0736303883e+00
175 170 166
2 0 579 323.8100 92.0000 1 1072 279.3300 -17.5200
2.0084232986e-01 4.7688606333e-02 -1.0553938745e+00
189 184 179
2 0 583 395.2800 91.3200 1 1277 346.2900 -59.1900
1.8644047966e-01 4.7110973397e-02 -1.0630944654e+00
176 172 169
2 0 585 363.5300 90.5300 1 1200 316.2400 -41.8400
2.2684462990e-01 4.6433195610e-02 -1.0403761224e+00
190 187 182
2 0 591 455.5600 88.2300 1 1412 401.1400 -96.2100
1.7482611381e-01 4.4283168642e-02 -1.0683896007e+00
134 126 123
2 0 596 338.8700 85.4200 1 1160 291.2600 -32.4400
2.3895927026e-01 4.5176588464e-02 -1.0333163953e+00
192 189 184
2 0 597 484.5300 85.4000 1 1468 427.4800 -115.0200
2.4326641288e-01 4.2326261710e-02 -1.0293725837e+00
183 180 173
2 0 612 495.7200 79.4000 1 1526 435.4500 -127.1400
2.0597022214e-01 3.9517317011e-02 -1.0488818049e+00
138 134 125
2 0 622 408.0700 75.0700 1 1368 352.3600 -81.7700
1.9066639899e-01 3.6558309498e-02 -1.0560282804e+00
168 164 153
2 0 630 374.1900 69.8700 1 1316 319.1000 -67.5900
2.2339012655e-01 3.6921548599e-02 -1.0378517154e+00
190 185 179
2 0 632 448.9700 69.1400 1 1451 387.9800 -110.4200
2.3682751239e-01 3.6856920472e-02 -1.0304748307e+00
190 186 177
2 0 634 481.3500 68.4500 1 1532 417.2600 -128.7700
2.3682751239e-01 3.6856920472e-02 -1.0304748307e+00
190 186 177
2 0 635 481.3500 68.4500 1 1533 417.2600 -128.7700
2.4361672168e-01 3.6446589886e-02 -1.0265780002e+00
188 185 176
2 0 636 498.0000 67.3100 1 1573 432.2600 -139.0000
2.4361672168e-01 3.6446589886e-02 -1.0265780002e+00
188 185 176
2 0 637 498.0000 67.3100 1 1574 432.2600 -139.0000
2.3379207127e-01 3.4486958062e-02 -1.0309532339e+00
156 151 147
2 0 649 474.5400 63.7200 1 1535 409.0500 -129.4000
2.3702960405e-01 3.4218931911e-02 -1.0291345595e+00
182 177 170
2 0 651 482.4400 63.0300 1 1552 416.0200 -134.2400
2.3476255220e-01 3.2192816945e-02 -1.0293356739e+00
181 176 170
2 0 659 477.1400 58.9500 1 1563 409.9900 -135.3500
2.0090022136e-01 2.9360122901e-02 -1.0470616272e+00
146 141 135
2 0 672 398.0900 55.1600 1 1407 336.1700 -94.7600
2.2016391255e-01 2.8071759607e-02 -1.0357988781e+00
191 184 178
2 0 682 442.8100 51.4300 1 1511 375.8600 -122.9000
2.2016391255e-01 2.8071759607e-02 -1.0357988781e+00
191 184 178
2 0 683 442.8100 51.4300 1 1510 375.8600 -122.9000
2.1326142501e-01 2.5485225733e-02 -1.0385645753e+00
189 184 178
2 0 697 427.1900 46.6700 1 1484 359.6100 -118.3300
2.0409147357e-01 2.3698745558e-02 -1.0425392187e+00
121 120 115
2 0 702 406.5900 43.6500 1 1450 339.3900 -110.0000
2.2783118724e-01 2.3608925207e-02 -1.0294149223e+00
114 110 107
2 0 706 462.0800 41.8100 1 1578 389.6100 -142.1000
2.2783118724e-01 2.3608925207e-02 -1.0294149223e+00
114 110 107
2 0 707 462.0800 41.8100 1 1577 389.6100 -142.1000
2.2873201977e-01 2.2297998005e-02 -1.0281239148e+00
195 191 188
2 0 712 464.5300 39.0100 1 1595 390.8600 -146.2200
1.3016977926e-01 1.4070198659e-02 -1.0789210633e+00
114 110 107
2 0 723 250.4900 30.4300 1 1175 191.3700 -35.7200
1.8390044683e-01 1.0715960251e-02 -1.0479206097e+00
125 120 114
2 0 733 363.1200 19.4300 1 1443 291.8600 -108.0500
2.1818744093e-01 1.1194964229e-02 -1.0291436136e+00
187 184 177
2 0 737 441.3800 17.1700 1 1609 361.9700 -152.5200
2.1030724032e-01 2.9987865017e-03 -1.0298838836e+00
183 180 173
2 0 793 424.3100 1.2200 1 1628 341.0800 -157.0700
1.7398611982e-01 -2.3521202764e-03 -1.0471754641e+00
182 177 170
2 0 806 343.3900 -5.5400 1 1490 266.0400 -120.0200
2.3714808599e-01 -4.0407268079e-04 -1.0132152320e+00
185 182 177
2 0 811 489.9600 -9.1300 1 1772 395.7700 -200.9800
-1.3328815824e-01 -6.8205205264e-03 -1.0913053000e+00
96 58 3
2 0 812 -215.9500 -9.5300 1 2715 -300.2500 51.2200
2.3092610642e-01 -3.4284197882e-03 -1.0151584460e+00
129 124 120
2 0 818 475.3100 -14.7400 1 1753 380.6800 -198.0900
2.3092610642e-01 -3.4284197882e-03 -1.0151584460e+00
129 124 120
2 0 819 475.3100 -14.7400 1 1754 380.6800 -198.0900
-1.3912246448e-01 -9.9163154751e-03 -1.0867798474e+00
143 83 46
2 0 823 -227.3900 -16.1300 1 863 -313.5500 43.2800
2.1709604655e-01 -5.3004931880e-03 -1.0220806452e+00
184 180 173
2 0 831 442.1100 -16.8000 1 1694 350.5900 -182.2000
1.9675780728e-01 -1.9267160018e-02 -1.0270586693e+00
193 189 180
2 0 881 397.1300 -42.7600 1 1689 302.1000 -180.2500
1.9638633831e-01 -2.4178674175e-02 -1.0248245112e+00
189 182 176
2 0 908 397.2800 -52.9100 1 1721 298.9000 -189.0000
2.1973533217e-01 -2.2992856281e-02 -1.0128075734e+00
185 183 171
2 0 909 452.1700 -54.2500 1 1811 346.4600 -217.9800
1.6537674490e-01 -2.8010980371e-02 -1.0403559590e+00
175 171 160
2 0 911 328.2200 -55.6400 1 1618 237.9000 -155.4000
1.7764712279e-01 -3.5104388073e-02 -1.0303318984e+00
182 178 172
2 0 955 356.4700 -72.1600 1 1705 257.6200 -183.7900
2.0382893442e-01 -4.5657206207e-02 -1.0108176883e+00
191 187 178
2 0 1044 418.7200 -99.5200 1 1871 303.3000 -237.8700
2.3272684946e-01 -4.2878110458e-02 -9.9605610039e-01
144 139 133
2 0 1046 489.1300 -99.9400 1 1982 363.0800 -273.4300
1.9540926702e-01 -5.3331239677e-02 -1.0121978740e+00
191 186 181
2 0 1089 400.5900 -113.9000 1 1874 282.9800 -239.5800
-9.2135257531e-02 -6.9153915678e-02 -1.0941198583e+00
8 11 14
2 0 1093 -141.2400 -114.7500 1 1139 -219.6700 -30.2200
2.1799034430e-01 -5.1968405905e-02 -1.0001311317e+00
186 184 172
2 0 1106 454.4800 -116.3600 1 1969 328.2900 -268.6700
-8.0700585945e-02 -1.0844327885e-01 -1.1694391909e+00
26 28 21
2 0 1234 -107.5000 -151.6300 1 2776 -168.4400 21.7500
2.2339911143e-01 -6.7208352262e-02 -9.9012873757e-01
152 148 144
2 0 1236 471.8200 -151.4500 1 2079 331.5900 -303.4700
1.9233746632e-01 -8.4497483613e-02 -9.9934922422e-01
181 178 173
2 0 1318 399.9700 -180.7400 1 2034 263.0200 -290.2800
2.1717765908e-01 -9.7388055771e-02 -9.7917128108e-01
182 178 169
2 0 1431 464.4200 -218.2800 1 2208 304.9500 -348.3100
2.1852543917e-01 -1.0719146305e-01 -9.7413364905e-01
141 136 132
2 0 1479 470.4100 -241.4600 1 2250 303.2100 -366.8100
2.0413237165e-01 1.9619611524e-01 -1.1193554442e+00
150 147 142
2 0 1817 386.4800 372.2900 1 3629 456.2000 260.7800
2.1170205793e-01 1.7511851388e-01 -1.1069433694e+00
188 188 180
2 0 1854 403.8500 334.7100 1 3656 457.3500 201.6300
1.6637157363e-01 1.7569197061e-01 -1.1320701844e+00
181 181 174
2 0 1861 309.4700 327.1900 1 3630 353.0900 257.7800
1.6622147830e-01 1.7188121614e-01 -1.1303757252e+00
174 173 167
2 0 1866 309.6500 320.3500 1 3637 349.9400 248.8600
2.2543328706e-01 1.6443338486e-01 -1.0947861649e+00
180 179 174
2 0 1868 435.0700 317.3900 1 3684 482.0000 159.2400
2.1794170337e-01 1.6433837530e-01 -1.0989258896e+00
129 130 124
2 0 1872 418.6400 315.7600 1 3673 463.5500 168.6600
2.1794170337e-01 1.6433837530e-01 -1.0989258896e+00
129 130 124
2 0 1873 418.6400 315.7600 1 3674 463.5500 168.6600
2.1809675267e-01 1.6240185083e-01 -1.0978335213e+00
172 173 165
2 0 1876 419.0300 312.1700 1 3682 462.5400 163.6300
1.8621039378e-01 1.5809879169e-01 -1.1135112522e+00
160 159 154
2 0 1885 350.9200 298.6500 1 3661 385.2100 193.0800
1.8505525717e-01 1.5622180034e-01 -1.1131985743e+00
188 187 182
2 0 1890 349.0100 295.0500 1 3664 381.0400 190.0700
2.0786135244e-01 1.5108483167e-01 -1.0986303972e+00
178 177 172
2 0 1898 397.7300 289.1500 1 3694 429.5200 150.6500
2.1913292220e-01 1.4337342275e-01 -1.0886432787e+00
185 185 179
2 0 1905 423.4800 276.4700 1 3710 450.1500 118.3500
2.1913292220e-01 1.4337342275e-01 -1.0886432787e+00
185 185 179
2 0 1906 423.4800 276.4700 1 3711 450.1500 118.3500
1.5865235876e-01 1.3855620954e-01 -1.1202898053e+00
111 110 105
2 0 1921 296.2800 259.3600 1 3666 312.1700 182.4700
2.1640220285e-01 1.2392206034e-01 -1.0818269010e+00
188 185 178
2 0 1936 419.5500 239.1300 1 2667 429.3600 79.2200
2.1640220285e-01 1.2392206034e-01 -1.0818269010e+00
188 185 178
2 0 1937 419.5500 239.1300 1 2668 429.3600 79.2200
2.3567930212e-01 1.2238061257e-01 -1.0705664583e+00
185 182 177
2 0 1938 463.6300 238.5400 1 2718 473.4800 50.8800
2.3567930212e-01 1.2238061257e-01 -1.0705664583e+00
185 182 177
2 0 1939 463.6300 238.5400 1 2719 473.4800 50.8800
2.1528927733e-01 1.0842606003e-01 -1.0753648456e+00
185 182 177
2 0 1962 419.1600 209.4300 1 2724 415.8300 47.0100
1.7333227998e-01 1.0596426580e-01 -1.0970238010e+00
175 171 162
2 0 1973 329.0600 201.3600 1 3728 322.9900 93.6600
2.4598934412e-01 9.9839480923e-02 -1.0544588137e+00
193 188 185
2 0 1977 491.7100 195.4700 1 2861 481.1600 -12.0800
2.4598934412e-01 9.9839480923e-02 -1.0544588137e+00
193 188 185
2 0 1978 491.7100 195.4700 1 2862 481.1600 -12.0800
2.3688530990e-01 9.7514283401e-02 -1.0583646999e+00
196 191 185
2 0 1983 470.3600 190.1100 1 3821 457.9900 -4.8600
2.4548652990e-01 9.5727744242e-02 -1.0524981312e+00
194 189 186
2 0 1984 491.2300 187.2600 1 2879 477.1000 -20.8300
2.1975744005e-01 9.4988593911e-02 -1.0667939166e+00
185 182 177
2 0 1990 430.9300 183.9000 1 2793 416.9000 12.6600
2.1002643883e-01 9.2311880524e-02 -1.0710440212e+00
188 185 178
2 0 1993 409.2900 178.1000 1 2779 393.4100 19.8200
2.1002643883e-01 9.2311880524e-02 -1.0710440212e+00
188 185 178
2 0 1994 409.2900 178.1000 1 2780 393.4100 19.8200
2.4728826731e-01 9.0106183319e-02 -1.0490478403e+00
191 186 182
2 0 1995 496.7400 176.2100 1 2909 477.0800 -34.9300
2.2502946859e-01 8.9128599057e-02 -1.0609218713e+00
186 186 178
2 0 1998 444.1500 172.8400 1 2843 424.7600 -6.9900
1.9430952632e-01 8.3661111003e-02 -1.0755667796e+00
187 184 175
2 0 2010 375.9500 160.7400 1 3795 353.7700 21.6300
1.7819513958e-01 8.1395456378e-02 -1.0832628435e+00
172 168 159
2 0 2013 341.8400 155.8400 1 2744 318.5300 36.8900
2.3540100562e-01 7.6511258211e-02 -1.0495762229e+00
194 189 185
2 0 2022 470.3700 148.4800 1 2948 439.8900 -46.8200
1.7715303788e-01 7.4291563930e-02 -1.0806957650e+00
179 172 164
2 0 2027 340.2500 142.4400 1 2766 312.4500 23.8700
1.7002682426e-01 7.1426188945e-02 -1.0837486571e+00
168 165 158
2 0 2035 325.2400 136.9400 1 3791 296.5700 27.4800
1.8946353329e-01 7.1118165663e-02 -1.0727530629e+00
144 141 134
2 0 2036 366.9100 136.6900 1 2815 336.0700 2.5800
2.2019503083e-01 6.5712377534e-02 -1.0533183415e+00
179 176 167
2 0 2046 436.3300 126.7100 1 3889 398.7200 -48.0500
1.8328020120e-01 6.4115491362e-02 -1.0728023776e+00
179 172 166
2 0 2053 354.5100 123.2400 1 2838 319.2200 -3.9600
1.4402617193e-01 6.2428513849e-02 -1.0937097242e+00
131 126 122
2 0 2058 273.4700 120.0200 1 2738 240.2000 40.6600
2.3489669436e-01 5.9711561501e-02 -1.0422381165e+00
193 189 186
2 0 2065 472.2100 114.8900 1 3036 427.4800 -80.2400
1.8190530615e-01 5.9705844860e-02 -1.0711441571e+00
156 149 144
2 0 2066 352.0800 114.7800 1 2858 314.0400 -11.6900
1.6607133877e-01 5.4297507102e-02 -1.0778219558e+00
166 161 157
2 0 2078 319.2500 104.6700 1 2827 279.1300 -2.0200
2.1382049741e-01 4.6984126935e-02 -1.0478232245e+00
188 182 176
2 0 2091 424.7600 89.6200 1 3032 373.4800 -77.7600
1.4197382273e-01 4.3409361626e-02 -1.0862144624e+00
139 134 128
2 0 2101 271.0100 84.8000 1 2801 227.0300 6.1200
1.8369489278e-01 4.3349376101e-02 -1.0631077925e+00
182 177 173
2 0 2106 358.0800 83.3600 1 2942 308.5400 -45.3200
1.6205916690e-01 4.0066216395e-02 -1.0730764168e+00
176 171 166
2 0 2118 312.7100 77.7400 1 3857 263.7700 -25.4200
1.8454491545e-01 3.9199365317e-02 -1.0609300766e+00
185 178 170
2 0 2123 360.2100 75.3100 1 2964 308.2100 -54.2000
2.3945790816e-01 3.7122109410e-02 -1.0290114661e+00
191 188 180
2 0 2130 487.8000 68.8600 1 3123 423.2900 -132.1300
2.4256357112e-01 3.5427415510e-02 -1.0265945787e+00
185 180 174
2 0 2132 495.6900 65.2400 1 3994 429.2300 -139.6900
1.8944930591e-01 3.1377046041e-02 -1.0543547305e+00
189 184 179
2 0 2140 372.1900 59.7800 1 3024 313.8700 -75.9800
1.8944930591e-01 3.1377046041e-02 -1.0543547305e+00
189 184 179
2 0 2141 372.1900 59.7800 1 3026 313.8700 -75.9800
2.3137587819e-01 3.1849087663e-02 -1.0313573792e+00
184 181 173
2 0 2143 468.8300 58.4800 1 3121 402.3400 -130.8200
2.3693809541e-01 3.1500501961e-02 -1.0279534217e+00
185 181 177
2 0 2144 482.4600 57.4300 1 3128 414.4100 -139.5000
1.9786392081e-01 2.6576685082e-02 -1.0474980828e+00
191 188 179
2 0 2153 391.9000 49.8300 1 3074 328.1900 -96.0100
1.7551496193e-01 2.5194809793e-02 -1.0591617243e+00
179 174 168
2 0 2158 342.8300 48.5100 1 3001 282.6900 -70.1200
1.9268037924e-01 2.3070746754e-02 -1.0487342328e+00
180 175 169
2 0 2171 380.4500 43.2000 1 3073 316.1000 -96.1200
1.6412343942e-01 1.9399272357e-02 -1.0628362953e+00
118 113 106
2 0 2174 319.4400 38.0600 1 2996 257.4700 -66.7100
8.3520306144e-02 1.7658475916e-02 -1.0397341950e+00
88 94 106
2 0 2185 169.9000 28.0900 1 3020 94.2900 -74.2900
8.3520306144e-02 1.7658475916e-02 -1.0397341950e+00
88 94 106
2 0 2186 169.9000 28.0900 1 3021 94.2900 -74.2900
2.3851499977e-01 1.4576330919e-02 -1.0190912780e+00
142 139 134
2 0 2189 490.1600 22.1700 1 3185 407.5300 -174.8200
1.4318886978e-01 7.6115072323e-03 -1.0689496506e+00
163 158 153
2 0 2196 277.2500 17.0900 1 1295 212.5200 -63.0700
2.3149066858e-01 8.7586535713e-03 -1.0204438874e+00
196 193 188
2 0 2203 474.1200 10.7500 1 3187 388.7800 -175.8200
1.5575207633e-01 -2.5705019714e-03 -1.0574003368e+00
174 169 163
2 0 2235 304.5200 -3.8500 1 3077 231.1900 -97.0800
1.5575207633e-01 -2.5705019714e-03 -1.0574003368e+00
174 169 163
2 0 2236 304.5200 -3.8500 1 3078 231.1900 -97.0800
2.0096663294e-01 -2.4473168159e-04 -1.0334397504e+00
181 176 170
2 0 2240 403.4400 -4.3600 1 3142 320.1800 -150.8000
2.2827812390e-01 -8.8162028817e-03 -1.0144560191e+00
190 187 180
2 0 2265 469.9000 -25.6500 1 3224 371.9800 -203.9100
2.0874930915e-01 -1.1817355585e-02 -1.0237607038e+00
186 181 175
2 0 2268 423.6100 -29.1700 1 1699 329.9900 -182.8300
2.2574049056e-01 -1.1070506340e-02 -1.0144983268e+00
183 178 174
2 0 2269 464.1400 -30.1500 1 3226 365.6100 -205.2000
-1.3754205489e-01 -2.0203712995e-02 -1.0840286823e+00
152 161 41
2 0 2277 -224.8400 -34.7300 1 2761 -310.9900 26.5700
1.8552047694e-01 -1.6360479973e-02 -1.0342694530e+00
182 179 174
2 0 2279 371.1900 -35.2200 1 3161 281.4900 -160.7000
2.3216074606e-01 -2.0190160054e-02 -1.0068493606e+00
190 185 181
2 0 2294 482.1800 -50.5400 1 3274 373.9700 -230.9400
1.4942669273e-01 -2.7300208289e-02 -1.0493287943e+00
176 170 164
2 0 2296 294.5300 -51.7400 1 3125 208.3600 -134.2500
2.0163113610e-01 -2.4280644659e-02 -1.0218512894e+00
184 181 172
2 0 2299 409.3700 -54.0100 1 3217 309.3400 -196.2900
1.8646223123e-01 -2.8750896442e-02 -1.0281821274e+00
175 168 162
2 0 2308 375.1400 -60.7100 1 3197 277.5900 -184.2700
1.8646223123e-01 -2.8750896442e-02 -1.0281821274e+00
175 168 162
2 0 2309 375.1400 -60.7100 1 3198 277.5900 -184.2700
2.3693215279e-01 -2.8986186919e-02 -1.0000540692e+00
188 183 178
2 0 2329 496.3800 -70.4600 1 1914 379.2700 -254.1900
-9.6146385907e-02 -4.7943518192e-02 -1.0990700415e+00
0 2 1
2 0 2340 -148.0100 -77.1000 1 994 -224.8900 1.0300
2.3564978781e-01 -3.2141083205e-02 -9.9905306112e-01
185 182 175
2 0 2344 493.9900 -77.1800 1 1927 374.9400 -258.6300
2.3564978781e-01 -3.2141083205e-02 -9.9905306112e-01
185 182 175
2 0 2345 493.9900 -77.1800 1 1928 374.9400 -258.6300
2.2479418371e-01 -3.3655371825e-02 -1.0048046669e+00
190 185 179
2 0 2348 467.1200 -78.1000 1 1892 351.3000 -245.0900
2.3674483373e-01 -3.3086110672e-02 -9.9824042560e-01
143 138 135
2 0 2352 496.9200 -79.3800 1 1938 376.6900 -261.5200
2.3434149647e-01 -3.4199858355e-02 -9.9907080145e-01
156 152 146
2 0 2357 491.2400 -81.3000 1 3327 370.8900 -260.0300
2.3434149647e-01 -3.4199858355e-02 -9.9907080145e-01
156 152 146
2 0 2358 491.2400 -81.3000 1 3328 370.8900 -260.0300
2.0107819315e-01 -3.7735387347e-02 -1.0161072764e+00
194 191 182
2 0 2359 410.6500 -82.0800 1 3245 301.6200 -219.6700
1.7392453217e-01 -4.3256635979e-02 -1.0285266384e+00
175 172 165
2 0 2369 349.7300 -88.2800 1 3208 246.7300 -193.6100
2.3498755966e-01 -4.0152744811e-02 -9.9610999672e-01
188 183 179
2 0 2383 494.2400 -94.4300 1 3342 369.1400 -271.6100
2.2165446961e-01 -4.3218969450e-02 -1.0022956078e+00
152 147 141
2 0 2386 461.3400 -98.0900 1 3323 340.1200 -257.8100
2.2165446961e-01 -4.3218969450e-02 -1.0022956078e+00
152 147 141
2 0 2387 461.3400 -98.0900 1 3324 340.1200 -257.8100
1.6746987602e-01 -5.4210488883e-02 -1.0272892839e+00
183 177 171
2 0 2409 337.0600 -109.5300 1 1777 229.9900 -204.2100
2.2662810726e-01 -5.0344019670e-02 -9.9604172124e-01
192 187 183
2 0 2422 475.7500 -114.9000 1 1991 346.4900 -278.0500
-3.5088339682e-02 -8.2827778315e-02 -1.1248749787e+00
170 160 153
2 0 2443 -40.1500 -125.6300 1 3854 -109.0500 -22.2200
1.3927599264e-01 -6.5184355731e-02 -1.0375027369e+00
166 161 155
2 0 2445 277.8900 -126.0600 1 1716 174.7600 -188.1100
1.4093054383e-01 -6.5991203270e-02 -1.0362393908e+00
167 160 154
2 0 2447 281.8800 -128.0600 1 1723 176.9600 -191.4100
1.4093054383e-01 -6.5991203270e-02 -1.0362393908e+00
167 160 154
2 0 2448 281.8800 -128.0600 1 1724 176.9600 -191.4100
-1.6954453637e-03 -7.5354768942e-02 -1.0463578870e+00
38 42 15
2 0 2475 12.5800 -141.8100 1 1554 -79.5400 -134.6300
1.5780511194e-01 -7.1839443655e-02 -1.0248481402e+00
192 185 177
2 0 2478 318.5100 -143.8800 1 3252 205.0200 -221.8800
1.7065882168e-01 -7.2165385139e-02 -1.0170407219e+00
190 183 177
2 0 2491 347.3800 -148.0300 1 1875 228.0600 -239.9500
1.5936695969e-01 -7.3708560898e-02 -1.0226533754e+00
185 178 171
2 0 2493 322.4400 -148.3900 1 3267 206.9600 -227.8500
2.1729862213e-01 -7.1383904114e-02 -9.9153250098e-01
130 129 124
2 0 2510 457.5600 -159.0600 1 2067 317.4300 -302.2600
2.1885808144e-01 -7.8900837443e-02 -9.8726004560e-01
187 183 177
2 0 2530 463.4400 -176.3700 1 2122 316.8700 -317.5900
1.6503939608e-01 -9.1086967879e-02 -1.0115255338e+00
152 147 142
2 0 2534 338.1700 -186.9200 1 1952 209.9300 -264.8800
6.0992484015e-02 -9.7659779791e-02 -1.0012226183e+00
19 23 32
2 0 2557 132.8300 -203.4500 1 3308 15.1800 -248.3800
1.8084773786e-01 -1.1182606844e-01 -9.9322488602e-01
157 148 139
2 0 2600 378.8600 -237.7800 1 2143 229.9700 -321.0600
1.8084773786e-01 -1.1182606844e-01 -9.9322488602e-01
157 148 139
2 0 2601 378.8600 -237.7800 1 2144 229.9700 -321.0600
1.7199050015e-01 -1.2083361239e-01 -9.9364970701e-01
128 121 115
2 0 2616 359.8700 -255.0700 1 2153 210.6100 -324.8600
2.0471210618e-01 1.7412193651e-01 -1.1105089980e+00
135 136 130
2 0 2811 388.9500 331.4300 1 3653 439.7300 208.2000
2.2029903065e-01 1.6439847429e-01 -1.0973339092e+00
166 167 159
2 0 2814 423.7500 316.3700 1 4291 469.4800 165.2400
2.1421214960e-01 1.6415184935e-01 -1.1007438026e+00
141 142 134
2 0 2817 410.5900 314.7300 1 4288 454.4000 172.6800
2.1421214960e-01 1.6415184935e-01 -1.1007438026e+00
141 142 134
2 0 2818 410.5900 314.7300 1 4286 454.4000 172.6800
2.2619593805e-01 1.5510901843e-01 -1.0900860043e+00
179 180 172
2 0 2827 438.1800 299.9000 1 4322 476.0400 136.4000
1.9254609039e-02 1.5226766136e-01 -1.1369906117e+00
242 243 52
2 0 2835 47.3200 275.0000 1 4655 27.2000 280.1000
2.2226637480e-01 1.4070087828e-01 -1.0859335854e+00
181 182 177
2 0 2836 430.7500 271.8600 1 3718 455.4900 108.6700
2.0200056311e-01 1.4046829943e-01 -1.0967672779e+00
181 180 175
2 0 2837 386.7100 268.4800 1 4325 407.8700 133.5100
2.0200056311e-01 1.4046829943e-01 -1.0967672779e+00
181 180 175
2 0 2838 386.7100 268.4800 1 4326 407.8700 133.5100
1.8487473708e-02 1.4805575998e-01 -1.1353671490e+00
242 244 43
2 0 2839 46.2600 267.6000 1 4656 23.9400 271.2600
2.1788182211e-02 1.4765769740e-01 -1.1343070529e+00
138 137 59
2 0 2842 51.7200 267.1200 1 4254 30.5200 267.7900
2.1788182211e-02 1.4765769740e-01 -1.1343070529e+00
138 137 59
2 0 2844 51.7200 267.1200 1 4256 30.5200 267.7900
2.3722618368e-01 1.3532236323e-01 -1.0751720727e+00
190 191 185
2 0 2848 465.9500 263.8500 1 4356 486.9800 77.0800
2.2958566980e-01 1.2549740068e-01 -1.0752052732e+00
185 185 177
2 0 2854 449.1200 243.7900 1 4365 461.3900 65.5100
2.2442102194e-01 1.1792181306e-01 -1.0751665141e+00
187 184 175
2 0 2863 438.4300 228.5700 1 4373 443.3800 56.6200
1.9782449211e-01 1.1704204708e-01 -1.0888454807e+00
179 175 166
2 0 2864 379.5900 224.0900 1 4350 382.7100 87.5700
2.4544875076e-01 1.1180423644e-01 -1.0603343346e+00
150 146 143
2 0 2865 488.2400 219.0400 1 4419 488.9500 14.6200
2.4374546343e-01 1.0372675235e-01 -1.0576589372e+00
154 151 146
2 0 2871 485.1600 202.9300 1 3819 479.0200 -0.5200
2.2291210042e-01 9.5187590607e-02 -1.0649026526e+00
182 180 168
2 0 2880 438.0800 184.5000 1 4426 424.3000 8.5100
2.0664484114e-01 9.5179214166e-02 -1.0739664123e+00
187 184 177
2 0 2883 401.4000 183.3800 1 4402 387.8900 29.7300
2.4152508980e-01 8.5551925151e-02 -1.0503539047e+00
190 186 183
2 0 2894 483.5400 166.7700 1 3868 460.2100 -36.2700
1.5700186192e-01 8.3407223122e-02 -1.0961445948e+00
137 132 126
2 0 2901 297.6600 158.8900 1 3746 276.6500 67.2200
1.5700186192e-01 8.3407223122e-02 -1.0961445948e+00
137 132 126
2 0 2902 297.6600 158.8900 1 3747 276.6500 67.2200
2.3951697297e-01 6.9301168990e-02 -1.0437842760e+00
190 187 182
2 0 2911 481.6200 134.1900 1 3919 444.4500 -67.6000
1.4306835963e-01 6.9671029762e-02 -1.0973435961e+00
124 121 116
2 0 2912 270.8500 133.3300 1 3759 242.0800 55.8300
2.0111791294e-01 6.1533659380e-02 -1.0618756913e+00
181 176 172
2 0 2920 393.4400 118.3500 1 4464 355.2400 -31.7200
2.1381373420e-01 5.4948458567e-02 -1.0516625957e+00
189 184 179
2 0 2929 423.4400 105.4200 1 3908 378.1900 -61.6400
1.7783383901e-01 4.7721543914e-02 -1.0680159984e+00
184 179 173
2 0 2930 344.9900 91.9000 1 3863 299.0700 -29.9500
1.8764509444e-01 4.0506172666e-02 -1.0593992823e+00
171 166 162
2 0 2937 367.1100 77.6800 1 3901 315.0300 -56.2300
1.7765379483e-01 3.8449526443e-02 -1.0642718258e+00
173 168 162
2 0 2940 345.7700 74.1200 1 3887 293.6900 -47.0500
2.3726594955e-01 2.8949870609e-02 -1.0266023334e+00
141 138 133
2 0 2952 483.8500 52.1600 1 3999 413.5100 -144.9100
2.3726594955e-01 2.8949870609e-02 -1.0266023334e+00
141 138 133
2 0 2953 483.8500 52.1600 1 4000 413.5100 -144.9100
2.1732632228e-01 1.3771889860e-02 -1.0308116197e+00
188 185 176
2 0 2961 438.8200 22.5300 1 4004 361.6300 -146.4500
1.3137571669e-01 8.5300192524e-03 -1.0760020056e+00
136 131 127
2 0 2962 253.3200 19.9200 1 3886 191.2200 -46.9800
8.1429277379e-02 9.0826275612e-03 -1.0362078862e+00
64 74 79
2 0 2968 166.4600 11.2300 1 3950 86.9700 -88.9500
1.7429470723e-01 5.9628635462e-03 -1.0509837612e+00
177 173 164
2 0 2969 342.9000 10.9300 1 3965 270.6200 -104.7400
1.4556991440e-01 -8.2567324059e-03 -1.0605649040e+00
170 166 157
2 0 2990 284.0000 -13.7200 1 3068 209.7300 -94.6700
1.8041646255e-01 -2.0544536697e-02 -1.0353169809e+00
180 173 170
2 0 3014 360.3000 -42.9300 1 4029 269.7200 -161.4600
2.3047801738e-01 -2.5241966176e-02 -1.0054979047e+00
189 181 178
2 0 3029 479.0500 -61.0900 1 3284 367.7900 -237.8400
2.2933656167e-01 -2.7589832205e-02 -1.0048372975e+00
159 152 146
2 0 3035 476.9800 -66.0000 1 4094 364.0500 -240.8800
-1.3168526349e-01 -3.9097674290e-02 -1.0803868771e+00
133 152 184
2 0 3037 -214.8200 -68.5300 1 3820 -299.9300 -2.5600
-1.7569703978e-03 -3.9003423553e-02 -1.0634385595e+00
34 36 21
2 0 3042 13.0400 -70.6900 1 3008 -70.3100 -71.1500
-8.2503994017e-02 -5.8164580292e-02 -1.1038190398e+00
107 86 51
2 0 3063 -122.8200 -92.6500 1 3828 -198.8300 -8.3000
1.6120791093e-01 -5.7412784754e-02 -1.0292952929e+00
144 140 131
2 0 3088 323.6800 -114.8000 1 4068 217.2600 -201.7700
1.8915037823e-01 -5.9186007912e-02 -1.0128164545e+00
188 183 177
2 0 3106 387.0800 -124.9900 1 3288 268.4200 -241.7900
-3.7340627000e-02 -8.2570867105e-02 -1.1243875347e+00
32 62 46
2 0 3107 -43.5900 -125.4400 1 3851 -113.3300 -21.8000
2.1334245284e-01 -5.7690080040e-02 -1.0001376148e+00
177 177 169
2 0 3116 444.3600 -127.6900 1 3346 316.2100 -272.2500
1.9496698802e-01 -6.1754953980e-02 -1.0083969588e+00
174 169 163
2 0 3121 401.3900 -131.9100 1 4109 278.1800 -254.1300
-9.5294196537e-02 -8.7937375036e-02 -1.0854045105e+00
0 5 1
2 0 3143 -148.1500 -150.2200 1 2980 -228.6000 -60.9700
2.2092465426e-01 -7.5331398299e-02 -9.8771086582e-01
188 185 179
2 0 3165 467.7400 -168.9800 1 3414 322.6800 -314.3600
1.1237751376e-01 -9.0479264073e-02 -1.0406630199e+00
145 140 136
2 0 3168 225.8500 -171.3200 1 3220 118.6900 -198.0100
2.1916415058e-01 -7.7200343556e-02 -9.8799035712e-01
154 151 144
2 0 3170 463.5900 -172.5800 1 3417 318.4000 -314.8700
2.0085607015e-01 -8.1361868923e-02 -9.9594065144e-01
155 155 146
2 0 3178 419.6400 -176.4500 1 3390 280.7200 -296.8400
2.0158689144e-01 -8.3536887784e-02 -9.9485778805e-01
171 168 161
2 0 3188 421.9200 -181.3300 1 3398 280.9900 -301.0200
1.6981865312e-01 -9.2107717613e-02 -1.0085543266e+00
162 157 151
2 0 3205 349.0900 -190.4800 1 3348 218.1800 -272.6700
1.7201267001e-01 -9.4309513665e-02 -1.0059455811e+00
170 165 161
2 0 3209 354.5200 -196.1400 1 3366 221.3600 -280.0000
1.9524124641e-01 -9.6664442075e-02 -9.9206098949e-01
144 141 134
2 0 3224 409.8500 -208.7700 1 3419 263.0300 -315.3100
2.0962545353e-01 -9.9069564867e-02 -9.8287867515e-01
177 177 169
2 0 3234 445.8000 -219.2600 1 4200 289.3900 -339.8200
2.2534839021e-01 -9.9171620345e-02 -9.7382564386e-01
176 171 168
2 0 3239 486.0900 -225.4100 1 3487 320.0500 -363.2300
4.3464057671e-02 -1.1873265951e-01 -9.9780123413e-01
154 150 46
2 0 3251 99.4500 -245.7800 1 3337 -21.1500 -267.2900
5.0652941900e-02 -1.4801886471e-01 -9.8501212044e-01
19 22 31
2 0 3296 115.6900 -310.8100 1 3422 -17.1100 -316.9400
1.3722438506e-01 -1.6874430947e-01 -9.8996843018e-01
144 140 131
2 0 3333 290.3600 -351.0400 1 2226 132.6300 -358.5700
2.1036375850e-01 1.7948543840e-01 -1.1095342186e+00
165 165 157
2 0 3371 400.8300 342.5700 1 4663 457.4900 213.7200
2.1036375850e-01 1.7948543840e-01 -1.1095342186e+00
165 165 157
2 0 3372 400.8300 342.5700 1 4664 457.4900 213.7200
2.1953741703e-01 1.5924885739e-01 -1.0953644392e+00
146 146 144
2 0 3378 422.8900 306.5500 1 4676 463.3200 154.0800
2.1953741703e-01 1.5924885739e-01 -1.0953644392e+00
146 146 144
2 0 3379 422.8900 306.5500 1 4677 463.3200 154.0800
1.8025303677e-01 1.2887008586e-01 -1.1038848374e+00
165 162 153
2 0 3388 341.0600 244.2100 1 4689 352.1600 134.9600
1.9960365569e-01 7.6959618659e-02 -1.0699068532e+00
182 179 172
2 0 3423 388.1900 148.1300 1 4767 361.0600 1.6800
1.5391027536e-01 3.6751813617e-02 -1.0763499775e+00
157 152 146
2 0 3452 296.0700 71.8200 1 4777 246.4400 -21.3800
2.0070056103e-01 2.4090525834e-02 -1.0448454786e+00
143 138 134
2 0 3459 398.4600 44.7000 1 4533 332.8500 -104.4500
1.7564943826e-01 2.2486039701e-02 -1.0574999291e+00
152 150 146
2 0 3461 343.8600 43.1700 1 4510 281.3100 -75.9000
1.9116215173e-01 3.8807030405e-03 -1.0407367189e+00
157 154 147
2 0 3480 380.2800 5.0600 1 4548 302.8400 -130.3000
2.1176511306e-01 -1.1827711655e-02 -1.0223053956e+00
190 183 175
2 0 3494 430.6700 -29.5600 1 4576 336.0900 -186.5600
2.1176511306e-01 -1.1827711655e-02 -1.0223053956e+00
190 183 175
2 0 3496 430.6700 -29.5600 1 4577 336.0900 -186.5600
-6.5060718707e-02 -4.0294363228e-02 -1.1202542927e+00
16 16 11
2 0 3510 -91.7900 -57.3800 1 4403 -160.4200 27.5700
-6.5060718707e-02 -4.0294363228e-02 -1.1202542927e+00
16 16 11
2 0 3511 -91.7900 -57.3800 1 4404 -160.4200 27.5700
-6.8359927149e-02 -4.6324999419e-02 -1.1153650140e+00
112 117 146
2 0 3521 -97.8800 -68.8800 1 4754 -168.3700 15.4200
-1.3301073529e-01 -4.1842724912e-02 -1.0778236247e+00
86 82 105
2 0 3528 -217.9800 -74.1300 1 4440 -303.3700 -8.8400
-1.4168725813e-01 -4.7550303611e-02 -1.0710970761e+00
162 154 48
2 0 3533 -235.1000 -86.5800 1 4456 -322.8600 -21.7500
2.2978894468e-01 -5.4243611519e-02 -9.9243374378e-01
141 137 133
2 0 3558 484.7000 -124.3400 1 4613 351.0500 -289.7300
-1.3878471857e-01 -6.8128671410e-02 -1.0647397145e+00
43 56 44
2 0 3559 -231.2300 -125.0300 1 4488 -318.6200 -54.4900
-1.3878471857e-01 -6.8128671410e-02 -1.0647397145e+00
43 56 44
2 0 3560 -231.2300 -125.0300 1 4489 -318.6200 -54.4900
2.0314587780e-01 -7.4167082549e-02 -9.9812679544e-01
156 153 146
2 0 3585 423.4000 -161.1500 1 4146 288.4600 -287.2400
2.0314587780e-01 -7.4167082549e-02 -9.9812679544e-01
156 153 146
2 0 3586 423.4000 -161.1500 1 4147 288.4600 -287.2400
1.7819892873e-01 -9.4005857742e-02 -1.0026526014e+00
141 137 128
2 0 3609 368.7200 -197.4000 1 4148 232.7700 -287.7500
1.7819892873e-01 -9.4005857742e-02 -1.0026526014e+00
141 137 128
2 0 3610 368.7200 -197.4000 1 4149 232.7700 -287.7500
4.5557877607e-02 -9.6491956532e-02 -1.0072334720e+00
241 239 51
2 0 3611 102.2800 -198.1700 1 4593 -10.8500 -232.0300
1.4435894361e-01 4.0930374451e-02 -1.0836709900e+00
144 140 131
2 0 3676 276.3800 80.0800 1 4768 230.0700 -1.5600
2.2059916239e-01 1.7800608358e-02 -1.0312952401e+00
177 173 164
2 0 3693 445.7800 30.5900 1 4833 370.6400 -142.4000
1.9584007159e-01 8.6201446894e-03 -1.0403683559e+00
175 171 162
2 0 3695 390.1000 14.1200 1 4827 314.6000 -127.4600
-7.3300545688e-02 -2.3527181917e-02 -1.1229664531e+00
129 93 27
2 0 3703 -105.3500 -29.0000 1 4719 -173.9100 53.2200
-1.3160215048e-01 -1.8582938968e-02 -1.0886395856e+00
149 157 181
2 0 3704 -212.9600 -30.5700 1 4740 -297.5200 32.8200
-1.3136681762e-01 -2.2851460911e-02 -1.0863876913e+00
84 114 152
2 0 3711 -213.2200 -38.5400 1 4748 -297.6800 24.5300
-1.3136681762e-01 -2.2851460911e-02 -1.0863876913e+00
84 114 152
2 0 3712 -213.2200 -38.5400 1 4749 -297.6800 24.5300
-1.0045580952e-01 -6.9739967192e-02 -1.0878966009e+00
132 105 15
2 0 3750 -157.1300 -118.1600 1 4786 -237.1500 -36.6400
-1.4207117893e-01 -6.5940650007e-02 -1.0642757888e+00
161 163 36
2 0 3753 -237.4900 -121.4300 1 4486 -325.0900 -51.6900
-1.4207117893e-01 -6.5940650007e-02 -1.0642757888e+00
161 163 36
2 0 3754 -237.4900 -121.4300 1 4487 -325.0900 -51.6900
-1.4252830104e-01 -8.0910006353e-02 -1.0582235949e+00
164 155 61
2 0 3767 -239.2600 -150.4700 1 4808 -328.1500 -76.1700
-8.7199459886e-02 -9.2780856483e-02 -1.0900458905e+00
17 11 18
2 0 3772 -132.7500 -156.4800 1 4799 -212.5200 -62.2000
-1.4975004051e-01 -8.9918754295e-02 -1.0505363082e+00
16 76 49
2 0 3782 -255.1700 -170.1000 1 4525 -344.4000 -94.4000
-1.3974226215e-01 -9.1616924293e-02 -1.0551052484e+00
27 53 29
2 0 3783 -235.2700 -170.7400 1 4816 -323.2500 -92.8500
-1.3554447121e-01 -9.8130764644e-02 -1.0568085013e+00
76 105 134
2 0 3786 -226.8000 -181.4500 1 4526 -314.0900 -98.4900
2.1563418702e-01 -9.6864802912e-02 -9.8022205096e-01
152 147 141
2 0 3794 460.3300 -216.5500 1 4629 302.2300 -345.2800
2.1563418702e-01 -9.6864802912e-02 -9.8022205096e-01
152 147 141
2 0 3795 460.3300 -216.5500 1 4630 302.2300 -345.2800
1.4161799541e-01 6.1552186052e-02 -1.0939108967e+00
115 112 105
2 0 3853 268.8500 118.3500 1 5059 235.0900 40.6900
9.3231763936e-02 4.9373810584e-02 -1.0496788630e+00
52 53 58
2 0 3861 186.9300 89.4200 1 4955 125.3400 -24.2600
9.5351824929e-02 3.5049439687e-02 -1.0469709398e+00
11 12 16
2 0 3869 191.4200 62.2700 1 4964 124.3800 -46.8100
-7.9539751029e-02 -1.9163257116e-02 -1.1207416739e+00
130 101 28
2 0 3885 -116.7600 -22.3600 1 4914 -185.6300 57.4400
1.2108410268e-01 -2.4375317202e-02 -1.0661593489e+00
118 114 111
2 0 3896 236.1500 -41.8900 1 4983 158.9000 -94.8500
-6.6486724105e-02 -3.4719797469e-02 -1.1221894796e+00
17 21 8
2 0 3902 -94.7300 -47.5700 1 4928 -161.3900 36.8100
-8.0132021071e-02 -3.4140916771e-02 -1.1146598344e+00
8 7 2
2 0 3904 -118.1100 -48.9700 1 4930 -189.5100 32.2100
-8.0132021071e-02 -3.4140916771e-02 -1.1146598344e+00
8 7 2
2 0 3905 -118.1100 -48.9700 1 4931 -189.5100 32.2100
1.1904307880e-01 -3.1638509343e-02 -1.0642162527e+00
120 117 111
2 0 3908 232.7400 -55.5600 1 4987 152.4800 -104.8700
-7.9383240081e-02 -5.2081914949e-02 -1.1080126036e+00
111 116 136
2 0 3917 -116.9800 -81.0100 1 4941 -191.4800 2.9800
-7.5517106391e-02 -6.2124499592e-02 -1.1068163259e+00
110 120 140
2 0 3924 -110.8200 -98.1400 1 4950 -184.7500 -10.9900
-8.8775520260e-02 -6.4347848667e-02 -1.0978558013e+00
137 103 25
2 0 3926 -135.4100 -105.1500 1 4953 -211.6100 -21.1700
-6.9286059853e-02 -7.5941971010e-02 -1.1057817872e+00
10 15 11
2 0 3929 -99.9300 -121.5800 1 4781 -174.5700 -29.2000
-8.3055143961e-02 -7.8619264898e-02 -1.0964974595e+00
125 127 149
2 0 3937 -124.4500 -129.8100 1 4787 -202.9300 -39.9600
-9.0347902840e-02 -8.1142117752e-02 -1.0918250017e+00
135 102 12
2 0 3942 -138.7300 -135.9400 1 4965 -216.8600 -46.7500
-8.4131922646e-02 -8.9041885135e-02 -1.0925545680e+00
130 136 160
2 0 3951 -127.0600 -149.0300 1 4793 -206.1500 -55.9100
-1.3146678505e-01 -9.8003731922e-02 -1.0590134718e+00
72 101 139
2 0 3963 -218.5000 -180.1100 1 4985 -305.7800 -96.4900
1.1719916352e-01 1.6032623683e-01 -1.0887342954e+00
46 51 57
2 0 3977 227.0900 300.6700 1 5120 228.1900 183.7300
1.1178719122e-01 1.3065377551e-01 -1.0775707708e+00
34 37 42
2 0 3979 218.1300 244.6100 1 5035 200.5200 122.4600
-9.8984710993e-02 -4.9990014060e-02 -1.0977103292e+00
142 106 22
2 0 4018 -153.2100 -81.0600 1 5069 -230.4500 -2.1600
-1.1462915468e-01 -5.4490318613e-02 -1.0842868479e+00
151 111 23
2 0 4022 -183.4200 -93.5000 1 5077 -265.0100 -20.3000
-8.7072611567e-02 -5.7867586652e-02 -1.1027684518e+00
134 100 26
2 0 4023 -130.9600 -92.5800 1 5070 -207.2200 -7.9000
-4.2957233217e-02 -7.9673292517e-02 -1.1226412714e+00
158 113 35
2 0 4037 -53.1300 -121.3800 1 5075 -123.3100 -19.2500
-4.2957233217e-02 -7.9673292517e-02 -1.1226412714e+00
158 113 35
2 0 4038 -53.1300 -121.3800 1 5076 -123.3100 -19.2500
-1.4528724504e-01 -9.2598839552e-02 -1.0534850270e+00
147 159 26
2 0 4043 -245.9000 -173.4200 1 5096 -334.1500 -94.4000
-1.1984892101e-04 -1.0347428335e-01 -1.0335797828e+00
37 41 33
2 0 4048 15.0500 -198.5300 1 5108 -83.5900 -182.2900
8.9181354134e-02 -1.5398670656e-01 -1.0245458784e+00
101 96 93
2 0 4052 185.7800 -297.4500 1 5111 59.8600 -272.9600
-1.3536314879e-01 -1.5962819377e-02 -1.0871830117e+00
160 167 189
2 0 4068 -220.0200 -26.5000 1 5128 -305.7900 35.2700
3.3024029758e-02 5.9329714259e-02 -1.0881361666e+00
224 255 187
2 0 4082 72.2000 109.9400 1 5155 19.7600 68.9200
-7.3904851995e-02 -3.8291114743e-02 -1.1183669086e+00
102 107 140
2 0 4089 -107.2000 -54.7300 1 5160 -176.5500 30.2600
3.6698929430e-02 7.6274103506e-02 -1.0930285456e+00
175 84 81
2 0 4104 79.1000 140.7400 1 5181 31.5100 97.3100
-1.4004427107e-01 -2.6431019944e-02 -1.0789137670e+00
50 70 24
2 0 4109 -230.6800 -47.0600 1 5183 -317.7800 12.9400
-1.2937853234e-01 -3.2524968024e-02 -1.0841886007e+00
159 164 183
2 0 4110 -209.8600 -55.9100 1 5184 -294.2700 9.5000
4.1208959833e-02 3.9032277927e-02 -1.0741660555e+00
242 237 71
2 0 4122 88.5400 72.0600 1 5196 26.3100 19.7600
