# Bundle file v0.3
3 373
1.6667564077e+03 -4.8288414260e-02 -1.2074334980e-01
9.8390261001e-01 2.3675002668e-02 -1.7713031434e-01
-5.0089805788e-03 9.9444972675e-01 1.0509353488e-01
1.7863528241e-01 -1.0251456096e-01 9.7856026931e-01
-2.1754532898e-01 1.2922118017e-01 2.5563095999e-01
1.4289198737e+03 -1.2108566635e-01 -1.9835347597e-01
9.1165533047e-01 2.7326861773e-01 -3.0693455491e-01
-3.6300309176e-02 7.9750821945e-01 6.0221501763e-01
4.0934929582e-01 -5.3787071167e-01 7.3697235467e-01
-3.9176398058e-01 7.3951223428e-01 1.2772732108e-01
3.6142529935e+03 -7.4191249574e-01 -1.0484873955e-02
-9.8423600478e-01 1.6807019309e-01 -5.5062665053e-02
-1.6888921791e-01 -9.8557866517e-01 1.0541671543e-02
-5.2496847152e-02 1.9674983120e-02 9.9842725127e-01
-7.8955053102e-02 3.6064683912e-02 3.4451666577e+00
1.2102582696e-01 7.7502314662e-02 -1.1225884517e+00
24 27 32
2 0 369 206.2500 176.5700 1 141 172.0300 247.8500
2.5511584168e-01 6.9718372022e-02 -1.1338162135e+00
182 180 175
2 0 412 480.3000 159.0300 1 177 453.8500 225.0900
1.1473084195e-01 5.8939924997e-02 -1.1250555377e+00
12 17 23
2 0 469 193.4000 138.8000 1 198 152.9500 216.9700
1.6778120436e-01 6.2548026696e-02 -1.1718456718e+00
115 110 104
2 0 491 300.4500 129.3800 1 333 279.1900 157.0800
2.0246634770e-01 4.8141761010e-02 -1.1600504105e+00
187 182 176
2 0 541 369.3500 106.3200 1 347 341.7200 151.8000
2.6264184037e-01 3.0773994465e-02 -1.1381985702e+00
183 180 173
2 0 612 495.7200 79.4000 1 338 464.3500 156.1400
2.5623027181e-01 2.5947267996e-02 -1.1419927032e+00
190 186 177
2 0 634 481.3500 68.4500 1 363 449.7000 142.4500
2.6380987120e-01 2.4908804318e-02 -1.1390467599e+00
188 185 176
2 0 636 498.0000 67.3100 1 357 466.1200 145.0500
2.5854091463e-01 2.0730161996e-02 -1.1418017558e+00
142 137 134
2 0 664 486.3400 58.0600 1 385 453.8200 133.9300
2.0134212303e-01 1.8260095734e-02 -1.1662081715e+00
178 174 165
2 0 694 366.7000 46.7100 1 495 332.2700 95.4400
2.4732410302e-01 1.3434090151e-02 -1.1481129781e+00
114 110 107
2 0 705 462.0800 41.8100 1 442 427.7500 112.2900
1.7910063724e-01 1.6048562791e-02 -1.1755470004e+00
178 175 168
2 0 711 322.1500 40.0200 1 531 287.9800 79.7700
2.6401077261e-01 -3.3715745467e-03 -1.1448851235e+00
142 139 134
2 0 759 497.4200 8.7600 1 515 462.0700 87.4600
2.2030830700e-01 -5.1668136342e-03 -1.1624953598e+00
189 186 179
2 0 789 404.9800 1.8100 1 588 365.6200 60.6500
2.1008795950e-01 -5.1810345754e-03 -1.1670542235e+00
189 184 178
2 0 791 383.9000 0.8900 1 602 344.4200 54.7900
2.1008795950e-01 -5.1810345754e-03 -1.1670542235e+00
189 184 178
2 0 792 383.9000 0.8900 1 603 344.4200 54.7900
2.5077889961e-01 -1.0161140748e-02 -1.1514304265e+00
184 180 175
2 0 808 468.8000 -6.1100 1 577 430.8700 66.3100
-1.0895026710e-01 -1.1739343511e-02 -1.1712401370e+00
96 58 3
2 0 812 -215.9500 -9.5300 1 607 -247.3500 53.1300
-1.0895026710e-01 -1.1739343511e-02 -1.1712401370e+00
96 58 3
2 0 813 -215.9500 -9.5300 1 608 -247.3500 53.1300
-1.0950859269e-01 -1.4968466464e-02 -1.1718758101e+00
166 131 44
2 0 822 -216.8000 -15.5300 1 625 -249.8700 47.7900
-1.1411921584e-01 -1.5882197801e-02 -1.1671425453e+00
143 83 46
2 0 823 -227.3900 -16.1300 1 609 -261.6300 52.0200
1.6742009171e-01 -1.2277988694e-02 -1.1860943972e+00
171 166 160
2 0 824 298.9400 -16.1300 1 710 257.6600 19.8300
2.2755132273e-01 -1.7737865987e-02 -1.1623896509e+00
181 174 168
2 0 842 419.6600 -22.9600 1 656 378.2100 38.4600
-5.8347980044e-02 -2.1852238204e-02 -1.2307256736e+00
131 137 160
2 0 865 -100.9000 -38.0900 1 905 -131.0900 -30.2600
-5.2255987887e-02 -2.1605327066e-02 -1.2384179732e+00
94 85 58
2 0 866 -87.3600 -38.7700 1 4325 -116.3800 -38.5600
-1.1653400482e-01 -2.8361625467e-02 -1.1698499898e+00
42 60 32
2 0 871 -231.1100 -39.5000 1 674 -271.5200 31.0100
2.0660268018e-01 -2.5630894119e-02 -1.1724355336e+00
185 181 172
2 0 873 376.4600 -39.8400 1 746 331.9200 12.1300
2.1676619152e-01 -2.7339875780e-02 -1.1688777734e+00
193 189 180
2 0 881 397.1300 -42.7600 1 741 352.8900 13.1700
2.1676619152e-01 -2.7339875780e-02 -1.1688777734e+00
193 189 180
2 0 882 397.1300 -42.7600 1 742 352.8900 13.1700
-5.3865931679e-02 -2.5091654933e-02 -1.2375885987e+00
90 71 40
2 0 889 -90.7200 -44.7400 1 3071 -121.3000 -42.5900
2.3334850886e-01 -2.8788311330e-02 -1.1621767247e+00
137 134 127
2 0 890 431.3900 -44.8600 1 2925 388.3100 18.6300
-5.8413582181e-02 -2.6143059890e-02 -1.2329305092e+00
121 130 151
2 0 891 -100.1600 -45.7300 1 953 -132.3800 -38.9200
2.4396877519e-01 -2.9520777400e-02 -1.1581022716e+00
186 183 174
2 0 893 453.6200 -45.8900 1 702 411.7500 22.2900
2.1783025904e-01 -2.9352147176e-02 -1.1685258021e+00
188 183 177
2 0 896 399.0700 -46.7600 1 751 354.7700 10.0500
-6.2166918285e-02 -3.0010583613e-02 -1.2290874092e+00
104 109 137
2 0 903 -108.2800 -51.8500 1 960 -143.2100 -40.2400
-6.2166918285e-02 -3.0010583613e-02 -1.2290874092e+00
104 109 137
2 0 904 -108.2800 -51.8500 1 961 -143.2100 -40.2400
9.6301057588e-02 -3.5008309434e-02 -1.1492423556e+00
16 21 28
2 0 905 157.0600 -52.7200 1 2895 84.6700 34.5700
1.6376915918e-01 -3.4213682362e-02 -1.1920842408e+00
176 171 167
2 0 919 291.6000 -58.6000 1 880 244.1500 -24.8100
-1.1940166623e-01 -4.0423584060e-02 -1.1704654945e+00
138 147 50
2 0 927 -236.2900 -61.3700 1 744 -284.2000 12.6100
-7.9844971663e-02 -4.0302468312e-02 -1.2137145200e+00
136 137 174
2 0 943 -145.6600 -67.5900 1 3058 -188.2800 -37.6300
-7.6304591636e-02 -4.2129878649e-02 -1.2185124908e+00
17 13 14
2 0 951 -137.4800 -71.4100 1 986 -180.3900 -45.7900
-7.6304591636e-02 -4.2129878649e-02 -1.2185124908e+00
17 13 14
2 0 952 -137.4800 -71.4100 1 987 -180.3900 -45.7900
1.9696315207e-01 -4.1799439062e-02 -1.1797986523e+00
182 178 172
2 0 955 356.4700 -72.1600 1 883 307.8900 -25.5200
-5.9050344367e-02 -4.1660707067e-02 -1.2376028729e+00
135 135 162
2 0 956 -99.9900 -73.0800 1 3146 -139.4200 -66.7200
9.5125133529e-02 -4.6437412902e-02 -1.1528723591e+00
13 20 28
2 0 963 155.1600 -75.4800 1 749 78.2600 10.2500
-8.7333300814e-02 -4.6398911626e-02 -1.2075671685e+00
142 139 164
2 0 967 -161.4600 -77.3200 1 956 -208.8000 -39.6000
-8.8261402862e-02 -4.7740091360e-02 -1.2073116212e+00
32 35 34
2 0 973 -163.2100 -79.6200 1 969 -211.3600 -41.2700
1.6991257980e-01 -4.6234173725e-02 -1.1919942087e+00
182 175 168
2 0 978 303.1500 -81.5500 1 992 252.4800 -46.2600
2.6551291800e-01 -4.7585391535e-02 -1.1529976438e+00
184 179 176
2 0 980 498.7200 -82.0200 1 801 457.7900 -5.8300
-8.7235217748e-02 -5.2378027835e-02 -1.2098528825e+00
22 28 19
2 0 1000 -160.3500 -88.0300 1 1014 -210.9700 -51.1100
-7.8288545200e-02 -5.2304900820e-02 -1.2201663773e+00
128 133 146
2 0 1005 -140.4700 -89.2800 1 3129 -188.8700 -62.6800
-7.8288545200e-02 -5.2304900820e-02 -1.2201663773e+00
128 133 146
2 0 1006 -140.4700 -89.2800 1 3130 -188.8700 -62.6800
-6.3433816494e-02 -5.3074227405e-02 -1.2377694528e+00
108 110 129
2 0 1014 -107.7700 -92.6700 1 3195 -153.1400 -83.6000
2.3800477587e-01 -5.3520579066e-02 -1.1653668677e+00
184 181 174
2 0 1023 440.2200 -94.4300 1 916 393.0300 -31.9000
-7.9480424840e-02 -5.5494118039e-02 -1.2202853024e+00
112 111 134
2 0 1024 -142.5700 -94.8300 1 1093 -192.7200 -67.5200
-6.1977907365e-02 -5.5087205912e-02 -1.2410290366e+00
128 131 144
2 0 1032 -104.1300 -96.5100 1 3214 -149.7000 -90.1000
-8.8979914071e-02 -5.7653762013e-02 -1.2106871760e+00
132 131 139
2 0 1037 -163.4300 -97.5500 1 1053 -216.2700 -59.7200
-1.1288796651e-01 -6.5900743557e-02 -1.1869983381e+00
69 94 135
2 0 1078 -217.0700 -109.4700 1 982 -278.4500 -44.6500
-8.0605974243e-02 -6.5218820199e-02 -1.2231221391e+00
130 132 137
2 0 1082 -143.5400 -111.9800 1 3201 -198.7300 -85.2100
-8.1799817278e-02 -6.5547047802e-02 -1.2212587519e+00
123 126 144
2 0 1084 -146.2500 -112.2500 1 3194 -202.4400 -83.7300
-7.8793207179e-02 -6.7221565807e-02 -1.2236558946e+00
8 11 14
3 0 1092 -141.2400 -114.7500 1 3211 -196.6300 -89.5000 2 1264 -87.6900 -166.7800
-8.3737347847e-02 -6.7883743875e-02 -1.2183005938e+00
17 6 15
3 0 1096 -151.9200 -115.5400 1 3200 -209.1500 -84.4800 2 1273 -94.7400 -168.5500
-6.9239299210e-02 -6.6577127127e-02 -1.2364204133e+00
36 39 34
2 0 1097 -118.4400 -115.5600 1 1299 -171.8900 -102.2400
2.0362826403e-01 -6.4618254667e-02 -1.1816484612e+00
185 181 172
2 0 1103 369.3700 -116.6700 1 1107 315.3100 -70.4700
9.1278758219e-02 -6.7512197223e-02 -1.1582948790e+00
23 30 37
2 0 1107 147.8700 -117.1100 1 925 62.4100 -33.2800
-8.0409489398e-02 -7.1309226861e-02 -1.2261583374e+00
7 11 8
2 0 1123 -142.0900 -122.8200 1 3232 -200.0800 -97.7200
-8.0409489398e-02 -7.1309226861e-02 -1.2261583374e+00
7 11 8
2 0 1124 -142.0900 -122.8200 1 3233 -200.0800 -97.7200
-9.0400712610e-02 -7.7600275236e-02 -1.2175208769e+00
2 3 11
2 0 1148 -163.3800 -133.0300 1 3230 -226.6000 -97.3900
-9.0400712610e-02 -7.7600275236e-02 -1.2175208769e+00
2 3 11
2 0 1149 -163.3800 -133.0300 1 3231 -226.6000 -97.3900
-8.4221936021e-02 -7.8122800225e-02 -1.2248423254e+00
119 124 135
2 0 1155 -149.4300 -134.5000 1 3264 -211.5700 -106.4700
1.8505595057e-01 -7.5185333014e-02 -1.1914442302e+00
147 140 133
2 0 1168 332.2000 -137.1200 1 1287 273.7100 -100.0800
1.8505595057e-01 -7.5185333014e-02 -1.1914442302e+00
147 140 133
2 0 1169 332.2000 -137.1200 1 1288 273.7100 -100.0800
-9.2746097880e-02 -8.1351180197e-02 -1.2159715587e+00
17 16 17
2 0 1174 -168.0200 -139.2700 1 3251 -234.3400 -101.4600
1.6315151139e-01 -7.6572692809e-02 -1.2010223884e+00
126 119 115
2 0 1175 289.8600 -139.4900 1 1345 229.5700 -111.1500
-8.2254502668e-02 -8.2551087320e-02 -1.2293094315e+00
9 14 19
2 0 1188 -144.2700 -142.5100 1 3303 -207.9200 -118.1300
-8.6168677634e-02 -8.3879821434e-02 -1.2224082841e+00
5 3 0
3 0 1195 -155.5900 -144.0400 1 4457 -220.0200 -113.3400 2 1349 -94.4300 -194.5200
-8.2620319872e-02 -8.5583895545e-02 -1.2300170773e+00
15 17 23
2 0 1213 -144.6100 -147.7400 1 3325 -210.0400 -123.5700
-6.5713988700e-02 -8.6953775663e-02 -1.2510912785e+00
26 28 21
2 0 1234 -107.5000 -151.6300 1 3406 -168.1000 -148.7300
-8.5519107864e-02 -8.9246523391e-02 -1.2283156790e+00
124 135 134
2 0 1244 -150.4900 -153.9900 1 3335 -218.3000 -127.2000
1.2549105211e-01 -8.7181750204e-02 -1.2193024121e+00
100 96 92
2 0 1251 219.4900 -158.7600 1 1538 155.3700 -145.6600
-8.2495267816e-02 -9.2288159519e-02 -1.2300922001e+00
5 7 15
3 0 1255 -146.0300 -158.7400 1 3362 -214.5500 -135.3900 2 1388 -86.8700 -206.9500
2.3936017431e-01 -8.7165022447e-02 -1.1718235056e+00
185 182 174
2 0 1266 441.7700 -161.6500 1 3262 387.9600 -106.1400
-1.2040438161e-01 -9.5700218603e-02 -1.1920376760e+00
129 132 127
2 0 1271 -228.2900 -162.6500 1 1256 -307.9800 -95.8200
2.3833153727e-01 -8.8052439555e-02 -1.1726681663e+00
143 140 134
2 0 1274 439.4300 -163.4400 1 1337 385.5400 -108.8300
2.4576580719e-01 -9.2191791114e-02 -1.1704650989e+00
177 174 165
2 0 1292 454.7400 -171.9500 1 3295 401.7200 -115.3800
-6.6578983136e-02 -9.9767386735e-02 -1.2501181121e+00
119 132 154
3 0 1293 -111.6200 -172.5000 1 3457 -179.2300 -169.8800 2 1416 -60.9900 -215.4600
2.1929287488e-01 -9.7161381328e-02 -1.1817688953e+00
181 178 173
2 0 1318 399.9700 -180.7400 1 1488 340.0700 -135.6800
1.9836477651e-01 -9.8795340194e-02 -1.1908914849e+00
182 178 175
2 0 1323 358.0100 -182.9800 1 1542 294.1200 -146.7000
-1.2805553403e-01 -1.1359336092e-01 -1.1907638584e+00
119 92 93
2 0 1349 -243.0500 -194.4200 1 3318 -334.3900 -122.0600
1.8318534226e-01 -1.0521170177e-01 -1.1989510438e+00
120 117 110
2 0 1350 327.8600 -194.6800 1 1632 260.6500 -166.1400
1.8318534226e-01 -1.0521170177e-01 -1.1989510438e+00
120 117 110
2 0 1351 327.8600 -194.6800 1 1633 260.6500 -166.1400
1.8318534226e-01 -1.0521170177e-01 -1.1989510438e+00
120 117 110
2 0 1352 327.8600 -194.6800 1 1634 260.6500 -166.1400
-6.0056431062e-02 -1.1463693306e-01 -1.2713564988e+00
25 53 43
2 0 1361 -90.3300 -198.4300 1 3585 -162.4700 -212.9200
1.4430633719e-01 -1.1186470328e-01 -1.2165577490e+00
117 109 106
2 0 1381 254.0600 -205.1300 1 3530 181.2600 -191.6700
2.2051420847e-01 -1.1197750955e-01 -1.1851822465e+00
186 181 175
2 0 1390 401.8200 -209.7600 1 1648 338.8200 -169.9900
-8.9843296417e-02 -1.2320019941e-01 -1.2400948734e+00
150 142 121
2 0 1398 -152.8900 -212.0800 1 3536 -239.5400 -192.6300
2.5096875340e-01 -1.1533678960e-01 -1.1739023012e+00
182 178 169
2 0 1431 464.4200 -218.2800 1 3453 408.3700 -168.5300
2.3462868320e-01 -1.1779786168e-01 -1.1809115181e+00
141 140 135
2 0 1440 430.3900 -222.0500 1 3490 369.3400 -179.4000
1.9749013890e-01 -1.1964498838e-01 -1.1961689182e+00
144 139 133
2 0 1443 355.5900 -223.0900 1 1745 286.0400 -194.2600
2.5418378457e-01 -1.2281656911e-01 -1.1744565192e+00
190 184 178
2 0 1464 470.8600 -233.2900 1 3514 414.1200 -185.7600
1.4644949340e-01 -1.2855027761e-01 -1.2198005637e+00
176 171 167
2 0 1470 257.8300 -236.2100 1 3630 179.6800 -227.6300
2.4343719622e-01 -1.2871148703e-01 -1.1800528536e+00
183 179 170
2 0 1483 447.9400 -244.1800 1 3562 387.1000 -203.1000
2.2369152899e-01 -1.4249924139e-01 -1.1922287429e+00
186 180 174
3 0 1532 407.1900 -270.2800 1 3667 337.3700 -243.0700 2 1359 409.6500 -199.2300
2.3478845475e-01 -1.4741193253e-01 -1.1883448265e+00
182 178 169
2 0 1557 429.0400 -279.9100 1 3682 361.7300 -251.3600
2.6627114476e-01 -1.4749341912e-01 -1.1758950505e+00
157 149 146
2 0 1558 494.2600 -283.4100 1 1945 437.9600 -244.0300
1.9611453749e-01 -1.5338390642e-01 -1.2050766031e+00
192 188 179
2 0 1571 351.7400 -287.2200 1 3753 272.5600 -273.5900
2.1654821361e-01 -1.5550108955e-01 -1.1973602182e+00
180 175 172
2 0 1584 391.9700 -293.5100 1 2080 317.1500 -274.7300
2.3990461396e-01 -1.5596255637e-01 -1.1884749597e+00
168 167 162
2 0 1593 439.2800 -296.9300 1 3746 371.1600 -271.5600
1.7198831451e-01 -1.6500458932e-01 -1.2182351592e+00
177 173 164
2 0 1622 305.1700 -306.0900 1 2198 217.7500 -305.6200
1.6489245039e-01 -1.7633054933e-01 -1.2243188463e+00
136 133 124
2 0 1677 291.6300 -326.0000 1 2308 199.3300 -333.4700
1.1336295423e-01 -1.8651845029e-01 -1.2488868255e+00
170 166 157
2 0 1709 198.9000 -336.9000 1 2463 95.9900 -362.6400
2.5329318619e-01 -1.7702541220e-01 -1.1892203810e+00
174 171 166
2 0 1717 465.1600 -339.3900 1 3882 397.8100 -323.3400
1.6896635209e-01 -1.8898523081e-01 -1.2290102212e+00
181 177 168
3 0 1750 300.7300 -353.0200 1 4003 204.1500 -367.9400 2 1548 335.8200 -285.9900
2.6223780525e-01 1.1459534156e-01 -1.1220336157e+00
194 190 187
2 0 1928 496.3700 254.2400 1 2555 474.8200 310.2700
2.6223780525e-01 1.1459534156e-01 -1.1220336157e+00
194 190 187
2 0 1929 496.3700 254.2400 1 2556 474.8200 310.2700
1.6977073877e-01 1.0592725535e-01 -1.1629078075e+00
145 142 133
2 0 1954 304.6700 214.9200 1 165 293.6800 231.9200
2.5169913222e-01 6.7357020423e-02 -1.1359403112e+00
195 190 186
2 0 2017 472.8200 153.4200 1 196 446.2800 218.0700
2.5903844124e-01 2.5915457424e-02 -1.1408416535e+00
191 188 180
2 0 2130 487.8000 68.8600 1 362 455.5500 144.0000
2.6281711575e-01 2.3995899870e-02 -1.1397123482e+00
185 180 174
2 0 2133 495.6900 65.2400 1 365 463.8700 142.5400
1.8369788493e-01 2.6990480955e-02 -1.1720019715e+00
180 175 169
2 0 2136 331.3100 61.8500 1 2785 299.9600 102.0200
2.2480458841e-01 8.7099994571e-03 -1.1554528689e+00
188 183 177
3 0 2176 413.4800 34.0200 1 2795 378.1100 93.8400 2 791 371.6800 32.0100
2.0598408645e-01 1.0798555409e-02 -1.1658233692e+00
174 170 161
2 0 2178 375.8000 32.2600 1 2814 340.0100 83.6000
2.3342345616e-01 -3.5384187224e-03 -1.1548442178e+00
182 178 170
3 0 2208 431.1100 9.4300 1 2834 393.5700 73.5900 2 823 388.6600 15.8500
2.4028161768e-01 -7.0565692740e-03 -1.1551126684e+00
183 179 169
2 0 2233 446.4700 -0.6100 1 2848 408.3600 66.9700
-1.2999167071e-01 -1.1815679760e-02 -1.1489910660e+00
211 203 163
2 0 2244 -266.3600 -5.3700 1 4182 -297.4900 79.7500
2.2994706107e-01 -2.2315729931e-02 -1.1601445770e+00
186 181 175
3 0 2268 423.6100 -29.1700 1 2900 381.9000 33.2700 2 881 388.2000 -13.7700
2.0998422449e-01 -2.2624480856e-02 -1.1706697794e+00
183 179 170
2 0 2276 383.1800 -33.8300 1 2924 339.9800 19.6300
2.4692392156e-01 -2.8093460541e-02 -1.1566877304e+00
189 184 178
2 0 2284 460.1800 -42.7700 1 693 418.4600 26.6200
2.0532964821e-01 -2.8171386112e-02 -1.1735958134e+00
197 192 188
2 0 2287 373.7500 -44.9700 1 2950 328.7100 6.2000
2.0240131158e-01 -3.3296690643e-02 -1.1758167198e+00
176 171 167
2 0 2301 367.5700 -55.2700 1 2977 321.4200 -5.5700
-5.6880706031e-02 -3.4209957786e-02 -1.2374305542e+00
127 125 152
2 0 2306 -96.2200 -60.3500 1 4348 -131.5400 -55.6100
-6.0941330214e-02 -4.1012359944e-02 -1.2317930703e+00
70 64 45
3 0 2327 -106.6000 -69.1700 1 3117 -145.2100 -59.6300 2 1137 -67.5900 -122.4900
-6.0941330214e-02 -4.1012359944e-02 -1.2317930703e+00
70 64 45
3 0 2328 -106.6000 -69.1700 1 3118 -145.2100 -59.6300 2 1138 -67.5900 -122.4900
2.6433060685e-01 -4.1907153518e-02 -1.1525929281e+00
188 183 178
2 0 2329 496.3800 -70.4600 1 2951 456.1100 5.6500
-1.1910650409e-01 -4.5394382560e-02 -1.1795806428e+00
166 164 32
3 0 2336 -228.5500 -73.9800 1 2971 -279.8800 -3.4600 2 1181 -154.1400 -139.4400
-1.1910650409e-01 -4.5394382560e-02 -1.1795806428e+00
166 164 32
3 0 2337 -228.5500 -73.9800 1 2972 -279.8800 -3.4600 2 1182 -154.1400 -139.4400
-8.0820306526e-02 -4.6274755843e-02 -1.2131464680e+00
0 2 1
3 0 2341 -148.0100 -77.1000 1 3084 -194.1800 -46.1300 2 1167 -95.7800 -133.7900
2.6459878838e-01 -4.6304821199e-02 -1.1531645063e+00
143 138 135
2 0 2353 496.9200 -79.3800 1 2974 455.7800 -3.5800
2.5564394345e-01 -4.7715490529e-02 -1.1560107760e+00
200 195 189
3 0 2354 476.5700 -80.4800 1 4273 433.2400 -9.3600 2 950 435.6500 -45.3100
2.6273287764e-01 -4.8128667019e-02 -1.1534988480e+00
156 152 146
3 0 2357 491.2400 -81.3000 1 2986 449.7100 -7.0300 2 947 447.0000 -44.0500
2.6273287764e-01 -4.8128667019e-02 -1.1534988480e+00
156 152 146
3 0 2358 491.2400 -81.3000 1 2987 449.7100 -7.0300 2 948 447.0000 -44.0500
-8.2103209997e-02 -5.1286247551e-02 -1.2153779041e+00
6 11 15
2 0 2365 -149.0400 -86.8700 1 3106 -197.8800 -55.7600
2.4808224568e-01 -5.5397354912e-02 -1.1618212001e+00
152 147 141
2 0 2386 461.3400 -98.0900 1 3047 415.4900 -31.6200
-7.7830831992e-02 -5.9534213104e-02 -1.2215919529e+00
1 1 10
3 0 2392 -140.0500 -101.1100 1 4385 -191.5400 -75.4800 2 1229 -88.2300 -154.5500
-6.4567579185e-02 -6.0101774341e-02 -1.2394525094e+00
129 128 154
2 0 2399 -109.2400 -104.8800 1 4422 -158.0800 -95.8700
-6.4567579185e-02 -6.0101774341e-02 -1.2394525094e+00
129 128 154
2 0 2400 -109.2400 -104.8800 1 4421 -158.0800 -95.8700
1.7066169673e-01 -5.8802823343e-02 -1.1941025489e+00
179 175 168
2 0 2402 304.5100 -105.6000 1 3157 249.9200 -71.4200
2.0195559145e-01 -6.0403152984e-02 -1.1813357140e+00
144 139 133
2 0 2406 366.1100 -108.4300 1 3128 312.9500 -62.0100
-6.5641751078e-02 -6.2727184227e-02 -1.2392296370e+00
118 124 145
2 0 2408 -111.2900 -109.3900 1 3239 -161.5100 -99.5100
2.5656332434e-01 -6.3139435452e-02 -1.1597646909e+00
134 129 125
2 0 2418 479.0800 -113.6700 1 3079 433.4100 -44.6200
1.3796945951e-01 -6.3802696282e-02 -1.2080968227e+00
156 151 145
3 0 2420 243.4700 -114.0200 1 3221 187.8700 -92.2300 2 1090 253.3000 -104.9300
2.5502317258e-01 -6.3743360122e-02 -1.1606869407e+00
192 187 183
2 0 2422 475.7500 -114.9000 1 3091 429.7000 -46.9100
2.3458340828e-01 -6.7763707705e-02 -1.1687301121e+00
193 190 183
3 0 2437 432.2500 -121.4100 1 3140 381.0300 -63.2800 2 1042 407.8000 -81.8700
2.0854008847e-02 -7.2714696220e-02 -1.1891068839e+00
250 236 193
3 0 2444 19.6200 -125.8500 1 4382 -56.8600 -73.2000 2 2340 77.1600 -145.5200
2.2520663551e-01 -7.4237296004e-02 -1.1737505332e+00
182 179 173
3 0 2459 412.4000 -134.4500 1 5099 359.2900 -81.1200 2 2267 394.4500 -94.8000
2.3942478295e-01 -7.5305776429e-02 -1.1689051576e+00
134 131 124
3 0 2465 441.7400 -136.8100 1 3178 390.4700 -78.6900 2 1064 417.2100 -92.1300
2.4639971424e-01 -7.4752465271e-02 -1.1665772944e+00
186 186 178
2 0 2467 456.9900 -137.0200 1 3165 407.2300 -75.5000
1.7804252450e-01 -7.8768481600e-02 -1.1951696062e+00
192 185 177
2 0 2478 318.5100 -143.8800 1 3279 258.3400 -110.3500
1.7770183007e-01 -7.9166181413e-02 -1.1948064065e+00
192 185 177
3 0 2479 318.5100 -143.8800 1 3280 258.3400 -110.3500 2 1121 320.6300 -116.2600
-1.1815883412e-01 -8.9282902247e-02 -1.1934789884e+00
136 155 179
3 0 2498 -222.8900 -153.1900 1 4403 -298.0800 -86.7800 2 2447 -141.5000 -208.5200
1.7544240818e-01 -8.5284771998e-02 -1.1978600507e+00
181 174 164
2 0 2507 313.1700 -156.3900 1 3327 251.3000 -125.3600
2.0616135485e-01 -8.6660044401e-02 -1.1847614565e+00
197 193 184
3 0 2509 373.9500 -158.9900 1 3298 314.7400 -116.6300 2 1129 367.7000 -119.3500
2.4695536032e-01 -8.5723086847e-02 -1.1684899360e+00
130 129 124
2 0 2510 457.5600 -159.0600 1 3245 406.0200 -99.9100
8.5397382226e-02 -9.7288879750e-02 -1.1669620818e+00
26 26 36
2 0 2528 137.2300 -175.1100 1 4425 39.0000 -97.3300
2.5031493887e-01 -9.4740852269e-02 -1.1689496118e+00
187 183 177
3 0 2530 463.4400 -176.3700 1 4474 410.9000 -119.0700 2 2305 439.4500 -118.8900
-7.0744036440e-02 -1.0609790046e-01 -1.2540313578e+00
126 105 53
2 0 2532 -115.0100 -183.9200 1 4585 -186.4100 -181.2000
-1.2896520053e-01 -1.1233310401e-01 -1.1892851090e+00
147 161 67
2 0 2540 -245.6200 -192.2900 1 4471 -335.9400 -118.2800
2.1309935700e-01 -1.0296427768e-01 -1.1861814083e+00
182 177 171
2 0 2542 387.1700 -191.7900 1 3414 324.9500 -151.6900
2.1309935700e-01 -1.0296427768e-01 -1.1861814083e+00
182 177 171
2 0 2543 387.1700 -191.7900 1 3415 324.9500 -151.6900
2.4011303338e-01 -1.0323911427e-01 -1.1749294793e+00
183 180 174
3 0 2548 442.0200 -193.2900 1 3383 385.3700 -142.6700 2 1170 425.3300 -134.6600
2.5767133639e-01 -1.0458510665e-01 -1.1685298470e+00
180 175 169
2 0 2550 479.0700 -197.2900 1 3378 427.0500 -140.2000
8.3090348225e-02 -1.1193159784e-01 -1.1703300318e+00
19 23 32
2 0 2556 132.8300 -203.4500 1 3342 28.0800 -128.2800
8.3090348225e-02 -1.1193159784e-01 -1.1703300318e+00
19 23 32
2 0 2557 132.8300 -203.4500 1 3343 28.0800 -128.2800
2.5836525643e-01 -1.0843323273e-01 -1.1692521271e+00
153 148 145
2 0 2559 480.3100 -205.0200 1 3408 427.8300 -149.3200
2.6067226400e-01 -1.1124315406e-01 -1.1688682870e+00
155 149 145
3 0 2569 484.3900 -210.5600 1 4531 431.6200 -154.9500 2 1186 459.6200 -140.7700
2.3549673679e-01 -1.1358611623e-01 -1.1794712786e+00
179 176 169
2 0 2574 432.4200 -213.8200 1 3454 372.4200 -169.0300
2.4936322049e-01 -1.1542879277e-01 -1.1742407958e+00
147 143 134
2 0 2577 461.0000 -218.4200 1 3455 404.5500 -168.8300
1.9726181605e-01 -1.2589024709e-01 -1.1985028667e+00
193 186 180
3 0 2593 355.5700 -235.8800 1 4619 284.4900 -209.6200 2 1310 363.5900 -182.1000
2.3717449448e-01 -1.2472629753e-01 -1.1817327613e+00
185 182 175
3 0 2594 435.1100 -236.1100 1 4599 373.1300 -195.4800 2 1274 426.1800 -168.3400
2.0942727452e-01 -1.2680009611e-01 -1.1930988926e+00
157 148 139
2 0 2600 378.8600 -237.7800 1 4614 309.9600 -207.6500
2.0924656666e-01 -1.2645586141e-01 -1.1936171297e+00
157 148 139
3 0 2601 378.8600 -237.7800 1 4615 309.9600 -207.6500 2 1305 383.0200 -179.1700
2.2459743658e-01 -1.2914813164e-01 -1.1882489536e+00
184 179 173
3 0 2605 409.7700 -244.0900 1 4620 342.9800 -210.2800 2 2393 407.6500 -178.4500
2.1052606382e-01 -1.3011464069e-01 -1.1943520961e+00
148 141 131
3 0 2608 381.4000 -245.0800 1 4630 311.7600 -216.4100 2 1315 385.8000 -184.2800
2.3828214816e-01 -1.3566404191e-01 -1.1836144668e+00
177 170 162
2 0 2617 436.8300 -257.4400 1 3612 373.1400 -221.1800
2.5816383686e-01 -1.3911409792e-01 -1.1773007172e+00
144 141 136
3 0 2625 477.4200 -266.5700 1 3626 419.2500 -225.3800 2 1316 462.5000 -183.9900
7.6099184562e-02 -1.5049301911e-01 -1.1813061747e+00
23 28 34
2 0 2636 120.5400 -276.6900 1 4627 -2.3000 -213.9300
2.4046218733e-01 -1.4589170898e-01 -1.1853736025e+00
189 183 179
2 0 2638 440.8300 -277.5600 1 3671 375.4100 -245.9200
2.4046218733e-01 -1.4589170898e-01 -1.1853736025e+00
189 183 179
2 0 2639 440.8300 -277.5600 1 3670 375.4100 -245.9200
2.4661963639e-01 -1.4779181946e-01 -1.1843398822e+00
173 168 162
3 0 2646 453.1500 -282.9200 1 3681 389.2000 -250.5700 2 1365 446.8000 -200.2900
2.5314303800e-01 -1.5177259941e-01 -1.1828447591e+00
185 180 176
3 0 2652 466.3400 -291.2100 1 4697 403.7600 -259.1000 2 1376 458.0100 -204.7500
2.4601799960e-01 -1.6503551881e-01 -1.1890845618e+00
151 148 143
2 0 2688 450.9800 -315.2100 1 3810 383.5300 -293.9700
1.8047385583e-01 -1.7238201729e-01 -1.2194244161e+00
139 135 126
3 0 2700 322.6100 -323.4600 1 4822 233.9800 -325.8600 2 2500 349.4200 -257.5300
2.3202830643e-01 -1.7062433233e-01 -1.1956199373e+00
181 178 173
2 0 2703 422.2200 -324.2600 1 4791 348.4600 -310.0500
1.8475296221e-01 -1.7435255008e-01 -1.2178219833e+00
183 181 173
3 0 2708 330.5200 -327.6900 1 4831 242.2100 -329.6500 2 1488 356.7300 -259.2400
2.5648685437e-01 -1.7151450094e-01 -1.1863158351e+00
179 174 171
2 0 2710 472.0800 -329.2300 1 4783 407.2900 -308.2900
2.1126982249e-01 -1.7588253793e-01 -1.2073273351e+00
180 180 172
3 0 2718 381.3100 -333.7500 1 4833 299.6300 -329.5700 2 1472 398.4700 -253.5100
2.3530132742e-01 -1.8237930484e-01 -1.1979903840e+00
149 146 137
2 0 2737 428.3900 -346.9200 1 3930 352.5300 -340.0800
2.0160116574e-01 3.3900973484e-02 -1.1631552148e+00
171 166 162
2 0 2937 367.1100 77.6800 1 4145 336.9300 125.0700
1.9093239097e-01 3.2759005177e-02 -1.1678058228e+00
173 168 162
2 0 2941 345.7700 74.1200 1 4151 315.4800 116.8400
2.4735344867e-01 2.1647332070e-02 -1.1462013670e+00
187 184 177
2 0 2950 462.4900 58.7400 1 4142 429.2100 128.9600
1.0384390975e-01 -5.4364109671e-04 -1.1406216685e+00
18 21 30
2 0 2965 172.0100 16.6900 1 4164 112.0000 102.8900
-1.1999986033e-01 -2.3842156209e-02 -1.1639094536e+00
102 88 35
2 0 3000 -240.2500 -30.1600 1 4208 -278.6700 44.5400
1.9856500133e-01 -2.7003062589e-02 -1.1761714457e+00
180 173 170
2 0 3014 360.3000 -42.9300 1 4258 314.9400 5.2900
1.9856500133e-01 -2.7003062589e-02 -1.1761714457e+00
180 173 170
2 0 3015 360.3000 -42.9300 1 4259 314.9400 5.2900
2.3677663576e-01 -3.1201587511e-02 -1.1608453693e+00
161 158 150
2 0 3021 438.4100 -49.5600 1 4249 395.3500 15.9100
1.9447921513e-01 -3.3059458010e-02 -1.1790089255e+00
175 170 167
2 0 3024 351.8900 -55.0400 1 4272 305.0300 -8.7600
-7.9298609917e-02 -3.4679588256e-02 -1.2105964467e+00
0 7 4
3 0 3027 -146.0700 -56.3700 1 5047 -186.0000 -26.0500 2 2302 -96.3500 -115.2100
2.5666813396e-01 -3.8276327053e-02 -1.1535609438e+00
189 181 178
3 0 3029 479.0500 -61.0900 1 4252 437.4200 11.8300 2 2197 434.8100 -30.5200
-6.7762397491e-02 -3.5980277242e-02 -1.2254537818e+00
129 130 163
2 0 3031 -119.5300 -61.6200 1 4337 -158.2300 -44.7700
2.5513365108e-01 -3.9637186496e-02 -1.1556895134e+00
159 152 146
2 0 3035 476.9800 -66.0000 1 5025 434.9900 6.1700
-1.1021713826e-01 -4.3445372444e-02 -1.1807802994e+00
133 152 184
2 0 3037 -214.8200 -68.5300 1 4270 -263.3900 -3.9900
-1.1527336645e-01 -4.4290538186e-02 -1.1767933157e+00
31 47 30
2 0 3039 -225.8000 -69.3800 1 4266 -275.1900 -0.4900
-1.1527336645e-01 -4.4290538186e-02 -1.1767933157e+00
31 47 30
2 0 3040 -225.8000 -69.3800 1 4267 -275.1900 -0.4900
-1.2473808433e-01 -4.5572000471e-02 -1.1753082008e+00
171 167 46
3 0 3048 -240.9600 -74.2200 1 4264 -291.7500 1.7900 2 2333 -162.4400 -140.9000
-6.0558948178e-02 -5.0992454569e-02 -1.2372948382e+00
6 15 9
3 0 3057 -104.1700 -87.2500 1 4393 -146.5900 -80.1400 2 2926 -65.0300 -138.6700
-7.0456075192e-02 -5.3635417210e-02 -1.2299326329e+00
107 86 51
2 0 3063 -122.8200 -92.6500 1 5096 -170.3200 -75.7000
-7.0456075192e-02 -5.3635417210e-02 -1.2299326329e+00
107 86 51
2 0 3064 -122.8200 -92.6500 1 5097 -170.3200 -75.7000
-5.8990410660e-02 -5.8058523267e-02 -1.2464164486e+00
86 71 38
2 0 3072 -97.5100 -102.4500 1 5116 -142.5300 -100.2100
-1.1493998287e-01 -6.2870896990e-02 -1.1878534949e+00
111 91 95
3 0 3077 -218.5300 -105.2600 1 4329 -278.7600 -39.7300 2 2369 -143.3000 -166.9200
2.2027652677e-01 -6.8154729262e-02 -1.1751293145e+00
156 151 145
3 0 3099 402.8600 -122.7000 1 4376 349.9600 -70.7400 2 2251 385.0400 -86.1500
-8.4160872951e-02 -7.2383544983e-02 -1.2194840762e+00
17 14 16
3 0 3101 -152.3500 -123.4200 1 5105 -212.0200 -92.7700 2 2381 -94.1700 -175.7200
2.1255022356e-01 -6.9642838396e-02 -1.1779389133e+00
188 183 177
3 0 3106 387.0800 -124.9900 1 4389 332.9600 -76.2000 2 1057 373.4000 -91.5400
-1.1694684371e-01 -7.4389453751e-02 -1.1903786122e+00
131 97 84
3 0 3108 -221.2000 -125.9200 1 5086 -288.4800 -60.4200 2 2400 -143.3200 -185.0400
2.4062574659e-01 -7.0757883327e-02 -1.1671566626e+00
177 177 169
3 0 3116 444.3600 -127.6900 1 4373 394.2300 -67.5900 2 2249 417.9000 -84.7200
2.1967812747e-01 -7.2280561445e-02 -1.1768694516e+00
174 169 163
2 0 3121 401.3900 -131.9100 1 4394 347.9800 -80.7700
-1.2380105485e-01 -8.0668804629e-02 -1.1815711444e+00
168 164 51
2 0 3125 -239.7800 -135.3700 1 5084 -310.7800 -60.5100
-1.2380105485e-01 -8.0668804629e-02 -1.1815711444e+00
168 164 51
2 0 3126 -239.7800 -135.3700 1 5085 -310.7800 -60.5100
1.8920439588e-01 -7.7222173429e-02 -1.1893947510e+00
174 167 159
3 0 3134 340.8300 -140.0800 1 4435 282.3100 -101.7600 2 2287 338.0700 -110.0600
1.8920439588e-01 -7.7222173429e-02 -1.1893947510e+00
174 167 159
3 0 3135 340.8300 -140.0800 1 4436 282.3100 -101.7600 2 2288 338.0700 -110.0600
-8.6370626051e-02 -8.3104206458e-02 -1.2241495565e+00
9 9 0
2 0 3139 -153.5300 -143.0400 1 5132 -218.8800 -113.2900
2.5224312285e-01 -9.0957723186e-02 -1.1676274384e+00
188 185 179
3 0 3165 467.7400 -168.9800 1 5127 416.3200 -109.9400 2 2294 441.2500 -112.2600
2.5224312285e-01 -9.0957723186e-02 -1.1676274384e+00
188 185 179
3 0 3166 467.7400 -168.9800 1 5128 416.3200 -109.9400 2 2295 441.2500 -112.2600
2.5009264715e-01 -9.2389045004e-02 -1.1690023156e+00
154 151 144
2 0 3169 463.5900 -172.5800 1 4461 412.0100 -114.4600
1.2616494486e-01 -9.6926798024e-02 -1.2213088219e+00
145 140 136
3 0 3179 222.2300 -177.0300 1 4551 154.5000 -164.9700 2 2355 243.7100 -159.4300
8.9288924132e-02 -9.8593487372e-02 -1.1701000207e+00
36 39 46
2 0 3181 145.4000 -177.7400 1 5120 48.0600 -104.1600
9.1819625365e-02 -9.9204155264e-02 -1.1719729219e+00
13 17 20
2 0 3183 150.3000 -179.2000 1 5538 54.3300 -107.8300
2.3014675391e-01 -9.7441849435e-02 -1.1778882289e+00
171 168 161
3 0 3189 421.9200 -181.3300 1 4508 364.3800 -133.0600 2 2319 407.9700 -128.6500
8.4412636196e-02 -1.0363574627e-01 -1.1689440291e+00
23 26 37
2 0 3204 135.6800 -187.2700 1 4455 34.4300 -111.4100
-1.3099403644e-01 -1.2189849982e-01 -1.1915318289e+00
158 133 44
2 0 3223 -248.0000 -209.1300 1 4511 -344.6400 -135.8900
2.2444597595e-01 -1.1133320072e-01 -1.1837307023e+00
144 141 134
3 0 3224 409.8500 -208.7700 1 4558 348.0500 -167.6100 2 1223 402.5200 -151.6800
6.5652300207e-02 -1.1824503510e-01 -1.1751587615e+00
238 237 48
2 0 3231 100.1800 -214.6500 1 3387 -7.7100 -142.8800
6.5652300207e-02 -1.1824503510e-01 -1.1751587615e+00
238 237 48
2 0 3232 100.1800 -214.6500 1 3388 -7.7100 -142.8800
2.4246634415e-01 -1.3078742642e-01 -1.1814399027e+00
187 184 177
3 0 3254 445.5900 -248.6600 1 4617 383.7800 -209.1300 2 1294 436.1600 -175.7900
1.9654512400e-01 -1.3379422577e-01 -1.2000276752e+00
160 156 147
2 0 3257 353.3000 -250.0500 1 5228 279.6400 -227.3200
1.8695338986e-01 -1.3440068761e-01 -1.2056460761e+00
181 174 166
3 0 3259 335.4100 -251.6200 1 5234 260.2200 -232.8800 2 2995 349.7600 -198.2400
2.3279234820e-01 -1.3558904624e-01 -1.1863562465e+00
177 172 168
3 0 3262 425.8300 -257.4100 1 4644 360.0700 -223.3500 2 1322 421.9900 -186.0700
2.1580824664e-01 -1.5093393263e-01 -1.1970891845e+00
170 166 157
2 0 3280 391.0500 -284.4200 1 5262 316.7100 -264.5300
2.2957332042e-01 -1.5547151155e-01 -1.1934464562e+00
185 183 178
3 0 3285 418.3400 -296.3200 1 5278 347.2100 -274.0500 2 1419 421.9800 -217.1100
2.3552853307e-01 -1.5565188605e-01 -1.1920269353e+00
178 175 167
3 0 3286 430.3200 -297.3000 1 5599 361.4100 -274.3200 2 2456 430.8700 -215.5300
2.6578930227e-01 -1.5673590335e-01 -1.1793463709e+00
179 174 169
3 0 3294 492.1300 -302.5200 1 5268 433.5500 -269.0800 2 2449 478.7100 -208.4000
7.2931347775e-02 -1.6895620901e-01 -1.1875511030e+00
19 22 31
2 0 3296 115.6900 -310.8100 1 5590 -16.4400 -256.9000
1.8808016830e-01 -1.6855281210e-01 -1.2145059344e+00
169 166 159
3 0 3303 337.1400 -317.1200 1 4799 251.0300 -314.6900 2 2494 360.3600 -249.3800
2.5220834038e-01 -1.6584094201e-01 -1.1872836293e+00
171 170 166
3 0 3306 463.8300 -319.0400 1 5300 397.6700 -295.9700 2 2469 459.7300 -225.9600
1.3196774299e-01 -1.8214293436e-01 -1.2428529661e+00
177 170 162
3 0 3321 233.4800 -335.7600 1 4891 133.1700 -355.8500 2 2525 276.3400 -286.4300
2.3663117250e-01 -1.7565656365e-01 -1.1964794296e+00
179 176 169
3 0 3322 431.6200 -336.3600 1 5330 357.8000 -324.5000 2 2488 437.8400 -245.5300
2.5165526088e-01 -1.8692127899e-01 -1.1922486004e+00
134 133 125
2 0 3338 461.1000 -358.2900 1 5354 390.8700 -349.0500
1.2669191638e-01 9.9644008745e-02 -1.1181141358e+00
39 42 47
2 0 3391 217.7200 222.4200 1 5396 190.0100 286.0100
1.5953055088e-01 1.0826346313e-01 -1.1661581309e+00
109 108 98
2 0 3392 284.8200 217.5700 1 4082 275.6800 230.1400
1.0971755249e-01 6.7001773025e-03 -1.1426020229e+00
18 19 26
2 0 3467 183.7800 30.2400 1 5433 128.6200 111.7800
2.0556971500e-01 1.1082080698e-03 -1.1644235310e+00
189 184 178
3 0 3471 374.3500 17.0900 1 4198 336.8300 69.0300 2 2148 343.0100 14.9700
2.4624816538e-01 -2.3081473205e-03 -1.1518575868e+00
184 180 172
2 0 3475 459.3200 9.5200 1 5002 422.3900 79.7100
2.5869123460e-01 -4.3110318067e-03 -1.1451690748e+00
150 147 141
3 0 3476 484.3100 9.4700 1 5001 448.2300 85.6500 2 2143 429.1000 21.7000
2.0852401594e-01 -5.0499930663e-03 -1.1646764907e+00
157 154 147
3 0 3480 380.2800 5.0600 1 5007 341.0900 58.0600 2 2806 349.6500 6.2600
1.0384071599e-01 -1.2089706330e-02 -1.1462088460e+00
43 46 51
2 0 3486 172.8100 -7.0100 1 5443 109.0500 76.2900
-1.1459416694e-01 -2.3163081043e-02 -1.1698074715e+00
129 112 115
2 0 3493 -227.2400 -29.9200 1 4215 -265.1500 38.4700
-6.8196136214e-02 -2.4391160810e-02 -1.2204831307e+00
10 6 6
2 0 3505 -121.9600 -40.7900 1 5044 -155.2600 -22.3300
-5.4504256786e-02 -3.2288586552e-02 -1.2387664560e+00
16 16 11
2 0 3511 -91.7900 -57.3800 1 5501 -125.5500 -54.3000
-8.6772914986e-02 -3.6553599705e-02 -1.2045041767e+00
99 80 47
2 0 3513 -161.5400 -59.5800 1 5042 -203.7700 -21.6300
-5.6876114941e-02 -4.0650422568e-02 -1.2361706567e+00
112 117 146
3 0 3520 -97.8800 -68.8800 1 5507 -135.9000 -64.3300 2 2917 -61.4300 -120.7600
-8.6268109047e-02 -4.3820010613e-02 -1.2078853796e+00
57 53 65
2 0 3524 -159.5500 -72.9600 1 5486 -204.9900 -36.0900
-6.0257765672e-02 -4.3502563291e-02 -1.2337263324e+00
17 16 14
3 0 3526 -104.7200 -73.7300 1 5511 -144.1700 -65.3100 2 2921 -66.1600 -126.5300
-6.1310435518e-02 -4.2087639589e-02 -1.2359232677e+00
17 16 14
2 0 3527 -104.7200 -73.7300 1 5512 -144.1700 -65.3100
-1.1397881849e-01 -4.5548875489e-02 -1.1837142787e+00
86 82 105
3 0 3528 -217.9800 -74.1300 1 5472 -268.6700 -9.1200 2 2927 -146.0300 -138.8100
-1.1983216283e-01 -5.3947117499e-02 -1.1752728170e+00
162 154 48
2 0 3532 -235.1000 -86.5800 1 5475 -290.4700 -12.9800
-8.0152464328e-02 -5.6606005859e-02 -1.2193402178e+00
119 105 92
2 0 3537 -143.8800 -96.4500 1 5514 -195.5500 -68.2800
-8.4762012023e-02 -5.7672180126e-02 -1.2140634117e+00
145 103 10
3 0 3541 -155.0200 -97.5200 1 5506 -207.0200 -63.9600 2 2946 -98.9900 -152.5700
-6.5583490315e-02 -6.2043519165e-02 -1.2351016235e+00
13 14 20
3 0 3545 -114.1300 -106.3100 1 5106 -163.6600 -94.7900 2 2953 -69.1700 -156.3800
-6.8673809154e-02 -6.4422531332e-02 -1.2367884710e+00
127 130 167
2 0 3550 -117.5000 -112.0600 1 5113 -169.1000 -99.2700
-6.1586589691e-02 -6.5026971354e-02 -1.2458672839e+00
129 126 157
2 0 3553 -101.8600 -113.9400 1 5541 -151.7800 -110.1800
2.5994353355e-01 -6.8979387982e-02 -1.1593910830e+00
141 137 133
3 0 3558 484.7000 -124.3400 1 5078 439.1200 -55.6100 2 2234 447.7300 -76.5000
-1.1979546937e-01 -7.4870532822e-02 -1.1835792838e+00
43 56 44
2 0 3559 -231.2300 -125.0300 1 5073 -298.7500 -54.1600
-1.1979546937e-01 -7.4870532822e-02 -1.1835792838e+00
43 56 44
2 0 3560 -231.2300 -125.0300 1 5072 -298.7500 -54.1600
-1.1981243321e-01 -7.7366635857e-02 -1.1884263246e+00
158 156 40
3 0 3563 -227.2900 -131.6600 1 5089 -296.1600 -62.0000 2 2411 -147.2800 -190.5900
-6.9325927142e-02 -7.9723554876e-02 -1.2429162008e+00
123 124 150
2 0 3566 -116.4600 -138.6600 1 5149 -175.4500 -129.0100
-1.1740850477e-01 -8.6100588029e-02 -1.1902249377e+00
78 78 95
2 0 3569 -224.1500 -145.8600 1 5522 -297.3000 -78.9400
-1.1870047998e-01 -8.5448543230e-02 -1.1920522394e+00
78 78 95
3 0 3570 -224.1500 -145.8600 1 5523 -297.3000 -78.9400 2 2998 -143.3700 -203.3100
2.4810402716e-01 -8.0611980100e-02 -1.1670547428e+00
138 137 131
2 0 3572 460.5200 -148.7200 1 5531 409.6400 -88.0300
-6.4139126394e-02 -9.0655559748e-02 -1.2491474311e+00
131 137 161
3 0 3579 -107.4500 -156.8000 1 5554 -170.4200 -154.8600 2 2433 -59.4600 -200.2200
-6.6118788863e-02 -9.0144544932e-02 -1.2521421284e+00
131 137 161
2 0 3580 -107.4500 -156.8000 1 5555 -170.4200 -154.8600
-7.1370175635e-02 -9.1974121394e-02 -1.2466145541e+00
106 85 27
2 0 3584 -118.7400 -159.7200 1 5552 -183.7900 -151.5500
2.3046192456e-01 -8.7062077834e-02 -1.1754525458e+00
156 153 146
2 0 3585 423.4000 -161.1500 1 5125 367.6800 -109.3700
2.3046192456e-01 -8.7062077834e-02 -1.1754525458e+00
156 153 146
2 0 3586 423.4000 -161.1500 1 5126 367.6800 -109.3700
2.0364328551e-01 -1.0605256026e-01 -1.1906301069e+00
141 137 128
3 0 3609 368.7200 -197.4000 1 5174 303.9700 -161.5700 2 2936 368.2900 -149.7500
2.0364328551e-01 -1.0605256026e-01 -1.1906301069e+00
141 137 128
3 0 3610 368.7200 -197.4000 1 5175 303.9700 -161.5700 2 2937 368.2900 -149.7500
2.5019623588e-01 -1.2593261817e-01 -1.1765881606e+00
185 178 170
2 0 3617 462.1500 -239.2600 1 5571 403.9000 -194.2500
2.5019623588e-01 -1.2593261817e-01 -1.1765881606e+00
185 178 170
2 0 3618 462.1500 -239.2600 1 5572 403.9000 -194.2500
2.0070289149e-01 -1.4538650006e-01 -1.2022590050e+00
180 177 168
3 0 3624 361.9200 -273.9000 1 5588 285.5100 -255.2500 2 3006 374.2600 -210.6400
2.0070289149e-01 -1.4538650006e-01 -1.2022590050e+00
180 177 168
3 0 3625 361.9200 -273.9000 1 5589 285.5100 -255.2500 2 3007 374.2600 -210.6400
2.5985151975e-01 -1.5477025330e-01 -1.1802821732e+00
159 154 150
2 0 3627 480.4500 -296.9600 1 5595 419.9900 -264.1800
2.5985151975e-01 -1.5477025330e-01 -1.1802821732e+00
159 154 150
2 0 3628 480.4500 -296.9600 1 5597 419.9900 -264.1800
1.6090253741e-01 -1.6156618458e-01 -1.2242473021e+00
155 151 144
3 0 3630 285.7800 -301.1500 1 5309 197.6800 -302.4400 2 3034 316.1600 -247.2400
2.2370060845e-01 -1.6997017855e-01 -1.1989205142e+00
178 175 168
2 0 3633 405.4900 -321.9000 1 5621 329.3000 -309.9200
1.2216428900e-01 7.9937271743e-02 -1.1217109196e+00
30 35 39
2 0 3661 208.2600 181.6600 1 5654 175.1200 252.7900
-5.9370360982e-02 -1.8612617877e-02 -1.2253089623e+00
129 93 27
3 0 3703 -105.3500 -29.0000 1 5478 -133.5700 -19.7200 2 3231 -70.8100 -86.7500
-1.0855837289e-01 -2.2745703907e-02 -1.1768373317e+00
149 157 181
2 0 3704 -212.9600 -30.5700 1 5455 -249.6500 30.8600
-1.1061762668e-01 -2.5823747545e-02 -1.1796223484e+00
84 114 152
3 0 3711 -213.2200 -38.5400 1 5458 -253.3400 24.3100 2 3245 -145.5000 -106.2700
-1.1061762668e-01 -2.5823747545e-02 -1.1796223484e+00
84 114 152
3 0 3712 -213.2200 -38.5400 1 5459 -253.3400 24.3100 2 3246 -145.5000 -106.2700
-6.0609489316e-02 -2.3990318602e-02 -1.2257041328e+00
12 12 13
3 0 3713 -107.6300 -38.5600 1 5719 -138.2300 -27.7300 2 3238 -71.4600 -95.7800
-6.0609489316e-02 -2.3990318602e-02 -1.2257041328e+00
12 12 13
3 0 3714 -107.6300 -38.5600 1 5720 -138.2300 -27.7300 2 3239 -71.4600 -95.7800
-5.6582614275e-02 -2.4458099481e-02 -1.2298908370e+00
111 117 144
3 0 3717 -98.9400 -39.7400 1 5725 -129.5300 -33.3300 2 3240 -65.3200 -95.6200
-5.6582614275e-02 -2.4458099481e-02 -1.2298908370e+00
111 117 144
3 0 3718 -98.9400 -39.7400 1 5726 -129.5300 -33.3300 2 3241 -65.3200 -95.6200
-5.0321259178e-02 -2.6174052272e-02 -1.2356434991e+00
130 100 44
3 0 3719 -86.1400 -42.8600 1 5489 -116.7600 -42.5500 2 3243 -55.3500 -97.4900
-1.1466047583e-01 -3.5497689499e-02 -1.1740051103e+00
35 56 36
2 0 3721 -225.7500 -53.0300 1 5705 -270.4000 15.6400
-1.1559680398e-01 -4.3216700990e-02 -1.1760908134e+00
31 51 30
2 0 3726 -226.7700 -67.3900 1 5465 -275.4300 1.9500
-1.1559680398e-01 -4.3216700990e-02 -1.1760908134e+00
31 51 30
2 0 3727 -226.7700 -67.3900 1 5466 -275.4300 1.9500
-5.6011635840e-02 -5.0966461916e-02 -1.2406850372e+00
23 20 13
3 0 3732 -95.2400 -87.4300 1 5751 -137.1500 -84.2500 2 3261 -57.9100 -137.4900
-5.9521455178e-02 -5.4437360055e-02 -1.2390634604e+00
119 123 151
3 0 3735 -101.9300 -93.2500 1 5754 -146.2500 -87.6900 2 3272 -62.2000 -143.5200
-1.1788154933e-01 -6.8456751322e-02 -1.1875914019e+00
25 41 31
3 0 3746 -223.9400 -115.3200 1 5492 -287.6700 -47.7700 2 3303 -146.3600 -176.1400
-1.2455082022e-01 -7.0539481447e-02 -1.1763951485e+00
20 69 31
2 0 3748 -243.4900 -116.6100 1 5732 -309.0200 -39.1500
-1.1946792143e-01 -7.1555103238e-02 -1.1817167629e+00
158 162 25
2 0 3749 -231.2600 -118.7100 1 5735 -297.7500 -47.1700
-8.7079008594e-02 -6.9081516123e-02 -1.2178616121e+00
132 105 15
2 0 3750 -157.1300 -118.1600 1 5750 -215.4900 -84.9800
-1.2444462444e-01 -7.1849899878e-02 -1.1833271196e+00
161 163 36
3 0 3753 -237.4900 -121.4300 1 5490 -303.5700 -47.1300 2 3312 -155.6800 -183.1200
-1.2444462444e-01 -7.1849899878e-02 -1.1833271196e+00
161 163 36
3 0 3754 -237.4900 -121.4300 1 5491 -303.5700 -47.1300 2 3313 -155.6800 -183.1200
-8.7334832391e-02 -7.4973485510e-02 -1.2176252803e+00
135 109 20
3 0 3759 -158.5800 -128.0000 1 5757 -219.8200 -94.0500 2 3310 -98.6900 -180.9400
-6.3449679153e-02 -8.4530500391e-02 -1.2470075202e+00
118 125 148
3 0 3764 -106.7500 -145.9000 1 5780 -166.3800 -142.5000 2 3327 -60.3100 -191.4800
-1.2606758277e-01 -8.8210278111e-02 -1.1867303275e+00
164 155 61
3 0 3767 -239.2600 -150.4700 1 5746 -315.4500 -76.3400 2 3347 -153.9200 -209.4600
-6.1540775771e-02 -8.8072938825e-02 -1.2507272531e+00
17 16 13
3 0 3769 -102.4700 -152.5900 1 5786 -162.7800 -152.0600 2 3331 -56.5900 -196.3800
-6.6699357748e-02 -8.9246991599e-02 -1.2461360603e+00
13 16 11
3 0 3770 -112.9400 -154.3700 1 5551 -175.0600 -148.6500 2 3338 -64.1200 -199.2900
-7.7729775453e-02 -9.0456243867e-02 -1.2381315352e+00
17 11 18
2 0 3772 -132.7500 -156.4800 1 5777 -199.5100 -140.0400
-8.0946366963e-02 -9.4474948576e-02 -1.2324023360e+00
133 104 36
3 0 3776 -142.7000 -162.8200 1 5779 -211.6100 -141.3800 2 3348 -84.0200 -210.0500
-7.7321781163e-02 -9.4959713051e-02 -1.2411066619e+00
126 129 156
2 0 3779 -130.9600 -164.3500 1 5785 -199.5100 -150.1100
-1.3199770055e-01 -1.0023011494e-01 -1.1805899314e+00
16 76 49
2 0 3782 -255.1700 -170.1000 1 5529 -339.5000 -89.4700
-1.2498403000e-01 -9.9399248181e-02 -1.1920844369e+00
27 53 29
3 0 3783 -235.2700 -170.7400 1 5761 -317.8500 -100.5400 2 3363 -149.3700 -225.9900
2.4897108399e-01 -1.1475610522e-01 -1.1748129833e+00
152 147 141
3 0 3795 460.3300 -216.5500 1 5567 402.7700 -168.1400 2 2941 442.0800 -149.8300
1.8274362429e-01 -1.3355664963e-01 -1.2051922356e+00
167 160 152
2 0 3803 326.5200 -248.4300 1 5579 250.2600 -229.6200
1.2010599449e-01 7.3784625757e-02 -1.1229831748e+00
45 50 54
2 0 3842 204.1700 168.9600 1 5840 169.0500 241.9500
-5.6290414335e-02 -1.7265438973e-02 -1.2307101150e+00
16 15 11
2 0 3890 -96.9200 -29.9800 1 5481 -125.5000 -23.8400
-5.2733577168e-02 -2.2151627749e-02 -1.2328514488e+00
8 18 12
3 0 3894 -91.1500 -36.0300 1 5728 -120.0000 -33.3800 2 3237 -60.1700 -91.2000
-1.2165067119e-01 -2.8166098734e-02 -1.1716182876e+00
18 59 35
3 0 3897 -236.1500 -42.2500 1 5696 -278.6500 31.0400 2 3496 -161.6400 -112.0100
-1.2165067119e-01 -2.8166098734e-02 -1.1716182876e+00
18 59 35
3 0 3898 -236.1500 -42.2500 1 5697 -278.6500 31.0400 2 3497 -161.6400 -112.0100
-1.2341772463e-01 -4.3884365694e-02 -1.1674699759e+00
18 72 42
2 0 3912 -245.1300 -67.1000 1 5707 -295.5600 11.0400
-1.2647156376e-01 -4.1927182524e-02 -1.1717804205e+00
18 72 42
3 0 3913 -245.1300 -67.1000 1 5708 -295.5600 11.0400 2 3509 -165.6500 -135.0000
-7.1838190371e-02 -4.1703457555e-02 -1.2215203537e+00
136 98 24
3 0 3914 -128.6200 -69.3600 1 5873 -171.4700 -49.4200 2 3254 -83.4200 -124.7200
-5.9580634703e-02 -4.5521567026e-02 -1.2386612267e+00
121 124 158
2 0 3915 -100.8100 -79.9700 1 5883 -141.6300 -73.4600
-6.8842622045e-02 -6.3889650700e-02 -1.2306424342e+00
122 125 144
3 0 3927 -121.5500 -109.1900 1 5889 -172.7500 -92.2400 2 3286 -73.7300 -160.5600
-1.2748433831e-01 -7.6135627055e-02 -1.1813220504e+00
22 64 35
3 0 3935 -244.0100 -128.7800 1 5875 -313.6500 -51.6800 2 3544 -158.6800 -189.9500
-7.2478069892e-02 -7.4821108143e-02 -1.2362558386e+00
125 127 149
2 0 3937 -124.4500 -129.8100 1 5899 -182.1800 -114.3300
-7.2478069892e-02 -7.4821108143e-02 -1.2362558386e+00
125 127 149
2 0 3938 -124.4500 -129.8100 1 5900 -182.1800 -114.3300
2.3615272246e-01 -7.1941026462e-02 -1.1702731319e+00
162 159 152
2 0 3939 435.8100 -131.2100 1 5745 384.3600 -73.6900
-7.2796908775e-02 -8.0200096349e-02 -1.2396493376e+00
4 12 4
2 0 3945 -123.9300 -139.3900 1 5771 -183.3900 -125.9500
-7.4552300977e-02 -8.5998424191e-02 -1.2388732554e+00
130 136 160
2 0 3952 -127.0600 -149.0300 1 5775 -190.8800 -134.1600
-7.2793652266e-02 -9.1101134304e-02 -1.2401944890e+00
10 13 9
3 0 3959 -125.5300 -157.2600 1 5782 -190.4300 -144.8500 2 3550 -72.8100 -203.3900
7.9475146970e-02 -1.4353387158e-01 -1.1817955359e+00
48 51 58
2 0 3970 127.7800 -263.1500 1 5920 8.7900 -201.7000
6.1019812330e-02 -1.9208917613e-01 -1.1921875235e+00
19 23 23
2 0 3973 93.9200 -353.0400 1 5987 -52.8900 -305.7100
1.1144858226e-01 1.0666628964e-02 -1.1426802470e+00
13 14 19
2 0 3996 187.8500 38.2600 1 5953 133.4600 117.7800
-1.0670461445e-01 -4.5319621336e-02 -1.1884639501e+00
79 107 155
3 0 4015 -202.9400 -73.9000 1 5866 -253.8400 -15.1000 2 3612 -134.9000 -136.6100
-8.3787812455e-02 -4.8180793028e-02 -1.2123249324e+00
142 106 22
2 0 4018 -153.2100 -81.0600 1 5872 -200.8000 -47.6800
-5.9164381759e-02 -6.0806136612e-02 -1.2395995311e+00
46 32 18
3 0 4025 -101.2600 -104.0400 1 5890 -149.5700 -98.2300 2 3616 -59.7100 -153.5600
-1.2789121848e-01 -1.0172463983e-01 -1.1851637905e+00
147 159 26
2 0 4043 -245.9000 -173.4200 1 5975 -329.6500 -97.0100
1.1917445100e-01 4.5541782714e-02 -1.1326500055e+00
15 16 18
2 0 4062 203.2000 109.8900 1 5948 159.2700 185.9800
-1.2306622765e-01 -6.5600173873e-02 -1.1809332694e+00
32 53 28
3 0 4070 -235.7800 -109.5900 1 5961 -299.8500 -35.7000 2 3680 -154.5100 -172.2900
-7.2957494336e-02 -9.2580539790e-02 -1.2457553578e+00
69 57 16
2 0 4077 -122.2600 -161.0300 1 6009 -186.8100 -151.2400
-7.2957494336e-02 -9.2580539790e-02 -1.2457553578e+00
69 57 16
2 0 4078 -122.2600 -161.0300 1 6010 -186.8100 -151.2400
-1.2598788214e-01 -1.1333777348e-01 -1.1954251437e+00
146 158 185
3 0 4079 -236.1000 -195.0800 1 6007 -326.7100 -126.2000 2 3689 -147.3200 -248.9700
-6.1696874780e-02 -3.1706279213e-02 -1.2295048853e+00
102 107 140
2 0 4089 -107.2000 -54.7300 1 6004 -143.4000 -43.3000
-1.2355174264e-01 -8.0115437294e-02 -1.1816404178e+00
116 126 40
2 0 4095 -239.0200 -134.1800 1 6032 -310.2200 -59.8600
-1.2552037952e-01 -7.9093645592e-02 -1.1843821899e+00
116 126 40
3 0 4096 -239.0200 -134.1800 1 6033 -310.2200 -59.8600 2 3720 -155.1900 -194.3400
-1.1677323530e-01 -3.2500315122e-02 -1.1713087974e+00
50 70 24
2 0 4108 -230.6800 -47.0600 1 6026 -273.9000 23.1800
-1.1677323530e-01 -3.2500315122e-02 -1.1713087974e+00
50 70 24
2 0 4109 -230.6800 -47.0600 1 6025 -273.9000 23.1800
-1.0954694694e-01 -3.5477003847e-02 -1.1829528631e+00
159 164 183
3 0 4110 -209.8600 -55.9100 1 6027 -255.8800 6.2000 2 3712 -141.6900 -121.6100
-1.0828581546e-01 -5.5054024126e-02 -1.1903529242e+00
157 162 184
3 0 4111 -205.4600 -91.2900 1 6044 -261.3800 -31.7800 2 3730 -134.8000 -152.5700
-1.1040827216e-01 -7.5329046345e-02 -1.1935662328e+00
156 161 181
2 0 4114 -209.3700 -126.7000 1 6045 -276.1800 -66.6300
-1.1678112264e-01 -9.5401775338e-02 -1.1970776741e+00
156 160 179
3 0 4117 -218.9000 -163.2900 1 6035 -297.7000 -100.8000 2 3721 -137.6900 -218.4900
