# Bundle file v0.3
3 132
2.1104698535e+03 -7.0846310765e-02 -1.9855685401e-03
9.9936080422e-01 1.0814474248e-02 3.4073892246e-02
-8.8245668462e-03 9.9827651648e-01 -5.8018304615e-02
-3.4642603915e-02 5.7680532219e-02 9.9773385539e-01
3.7645752869e-02 -6.4655244511e-02 6.0404475688e-03
2.1004009754e+03 1.6523662977e-01 9.8782258386e-03
9.0608995635e-01 1.4751438928e-01 -3.9653561750e-01
2.2341348348e-01 6.2909426404e-01 7.4453127695e-01
3.5928735908e-01 -7.6320371586e-01 5.3705929068e-01
-4.8921106667e-01 8.1373544074e-01 -4.8457443469e-01
0 0 0
0 0 0
0 0 0
0 0 0
0 0 0
-4.5366180827e-02 -2.0600148019e-02 -1.1113938219e+00
94 85 58
2 0 866 -87.3600 -38.7700 1 1845 -180.3700 -71.7300
-1.1643405960e-01 -1.7735217630e-02 -1.0641297791e+00
42 60 32
2 0 871 -231.1100 -39.5000 1 1617 -340.7100 -30.3400
-5.6034550740e-02 -2.7090600744e-02 -1.1067764751e+00
104 109 137
2 0 903 -108.2800 -51.8500 1 1899 -205.1100 -77.7800
-5.6034550740e-02 -2.7090600744e-02 -1.1067764751e+00
104 109 137
2 0 904 -108.2800 -51.8500 1 1900 -205.1100 -77.7800
-6.9859247562e-02 -2.8778692537e-02 -1.0987847590e+00
12 6 11
2 0 914 -135.6400 -56.3300 1 1866 -236.1900 -74.2000
-1.2011951774e-01 -2.9868136007e-02 -1.0751449882e+00
138 147 50
2 0 927 -236.2900 -61.3700 1 1793 -343.5200 -63.1900
-7.0860799327e-02 -3.6840714682e-02 -1.1011406877e+00
17 13 14
2 0 951 -137.4800 -71.4100 1 1980 -239.5700 -88.3900
-7.0860799327e-02 -3.6840714682e-02 -1.1011406877e+00
17 13 14
2 0 952 -137.4800 -71.4100 1 1981 -239.5700 -88.3900
-8.3014900235e-02 -3.9381627355e-02 -1.0941213214e+00
142 139 164
2 0 967 -161.4600 -77.3200 1 1963 -267.9700 -86.8200
-8.3912829590e-02 -4.0583310638e-02 -1.0941648867e+00
32 35 34
2 0 973 -163.2100 -79.6200 1 1986 -270.0500 -88.8200
-8.2539166268e-02 -4.5181086421e-02 -1.0966881438e+00
22 28 19
2 0 1000 -160.3500 -88.0300 1 2046 -267.6700 -97.8600
-7.2436758083e-02 -4.6433944444e-02 -1.1040042470e+00
128 133 146
2 0 1005 -140.4700 -89.2800 1 4594 -244.1600 -105.6400
-7.2436758083e-02 -4.6433944444e-02 -1.1040042470e+00
128 133 146
2 0 1006 -140.4700 -89.2800 1 4595 -244.1600 -105.6400
-5.7455959320e-02 -4.8837044005e-02 -1.1147996035e+00
9 8 16
2 0 1013 -111.1400 -91.9300 1 2167 -209.9500 -118.0300
-7.5600773271e-02 -5.8838090545e-02 -1.1066785504e+00
123 126 144
2 0 1084 -146.2500 -112.2500 1 2224 -253.3400 -127.3600
-7.2943446494e-02 -6.0348849559e-02 -1.1093156481e+00
8 11 14
2 0 1092 -141.2400 -114.7500 1 4682 -246.8300 -131.9200
-7.3439054996e-02 -6.4780351827e-02 -1.1107726111e+00
7 11 8
2 0 1123 -142.0900 -122.8200 1 4712 -248.5300 -140.2000
-7.3439054996e-02 -6.4780351827e-02 -1.1107726111e+00
7 11 8
2 0 1124 -142.0900 -122.8200 1 4713 -248.5300 -140.2000
-8.4291542723e-02 -6.9597068544e-02 -1.1056672600e+00
2 3 11
2 0 1148 -163.3800 -133.0300 1 4730 -274.3100 -143.8900
-7.4619986346e-02 -7.5613460566e-02 -1.1145066397e+00
9 14 19
2 0 1188 -144.2700 -142.5100 1 4785 -252.3300 -160.7500
-8.0542346692e-02 -7.6052632954e-02 -1.1105749288e+00
5 3 0
2 0 1195 -155.5900 -144.0400 1 2408 -266.7400 -158.3100
-7.4863064698e-02 -7.8534658297e-02 -1.1154746385e+00
15 17 23
2 0 1213 -144.6100 -147.7400 1 4805 -253.3700 -166.3000
-5.5606766599e-02 -8.2309737588e-02 -1.1294988588e+00
26 28 21
2 0 1234 -107.5000 -151.6300 1 4864 -208.7300 -183.7100
-7.7880127780e-02 -8.1759789081e-02 -1.1148093522e+00
124 135 134
2 0 1243 -150.4900 -153.9900 1 4823 -260.7700 -171.0200
-7.7880127780e-02 -8.1759789081e-02 -1.1148093522e+00
124 135 134
2 0 1244 -150.4900 -153.9900 1 4824 -260.7700 -171.0200
-7.5632423348e-02 -8.4650246128e-02 -1.1176942644e+00
5 7 15
2 0 1255 -146.0300 -158.7400 1 4850 -255.6100 -178.2400
-1.1705919197e-01 -8.3409232186e-02 -1.0903088196e+00
129 132 127
2 0 1271 -228.2900 -162.6500 1 2384 -353.2500 -154.5400
-5.7808112345e-02 -9.4019448052e-02 -1.1328929009e+00
119 132 154
2 0 1293 -111.6200 -172.5000 1 4935 -214.9400 -205.9300
-1.2476731661e-01 -1.0022702653e-01 -1.0922251120e+00
119 92 93
2 0 1349 -243.0500 -194.4200 1 4865 -374.4100 -183.9700
-1.2286606741e-01 -1.0598390739e-01 -1.0958686542e+00
159 169 176
2 0 1377 -238.8500 -204.4500 1 2569 -370.8100 -196.5800
-1.1597503925e-01 -5.2566594576e-03 -1.0589647563e+00
161 132 64
2 0 2255 -230.9600 -15.3000 1 4234 -338.1000 -7.2800
-1.1351973538e-01 -1.5464825676e-02 -1.0647277116e+00
152 161 41
2 0 2277 -224.8400 -34.7300 1 4307 -334.4300 -27.3000
-5.5047633964e-02 -3.6499517530e-02 -1.1116170504e+00
70 64 45
2 0 2327 -106.6000 -69.1700 1 4564 -203.0500 -96.2600
-5.5047633964e-02 -3.6499517530e-02 -1.1116170504e+00
70 64 45
2 0 2328 -106.6000 -69.1700 1 4565 -203.0500 -96.2600
-7.6307113591e-02 -3.9657923142e-02 -1.0984927428e+00
0 2 1
2 0 2341 -148.0100 -77.1000 1 4549 -252.7900 -90.6600
-6.2858962666e-02 -4.4249238249e-02 -1.1092135361e+00
131 133 154
2 0 2362 -121.4700 -84.0900 1 4601 -222.3200 -106.3600
-8.4503535449e-02 -6.3401839637e-02 -1.1030013416e+00
133 136 137
2 0 2439 -163.9800 -121.8100 1 4681 -274.0300 -131.7800
-7.4370053588e-02 -6.9514907643e-02 -1.1120120554e+00
1 4 8
2 0 2450 -143.4500 -131.2800 1 7146 -251.6700 -148.9700
6.9260515601e-02 -8.6275240313e-02 -1.0726461150e+00
26 26 36
2 0 2528 137.2300 -175.1100 1 4373 -30.5800 -51.6500
-1.2583389070e-01 -9.8838854141e-02 -1.0909811992e+00
147 161 67
2 0 2540 -245.6200 -192.2900 1 6320 -376.3800 -180.5200
6.7868690451e-02 -1.0135627872e-01 -1.0768827373e+00
19 23 32
2 0 2557 132.8300 -203.4500 1 4502 -34.4400 -80.2200
-1.2069495681e-01 -1.2784943591e-02 -1.0591258236e+00
102 88 35
2 0 3000 -240.2500 -30.1600 1 5944 -350.0600 -18.9300
-1.0904275659e-01 -3.3228294755e-02 -1.0745766715e+00
133 152 184
2 0 3037 -214.8200 -68.5300 1 6044 -326.8800 -61.8200
-1.1140718296e-01 -5.2653626157e-02 -1.0810166674e+00
111 91 95
2 0 3077 -218.5300 -105.2600 1 6110 -335.3800 -97.3500
-7.7337243263e-02 -6.2649689044e-02 -1.1070977526e+00
114 117 119
2 0 3096 -149.6200 -119.4200 1 6205 -257.7700 -133.7800
-7.8743002559e-02 -6.4767514638e-02 -1.1072285475e+00
17 14 16
2 0 3101 -152.3500 -123.4200 1 7131 -261.0900 -137.3900
-1.1289538526e-01 -6.3585408084e-02 -1.0843878507e+00
131 97 84
2 0 3108 -221.2000 -125.9200 1 6161 -340.4900 -117.2400
-7.4640620052e-02 -6.9601424351e-02 -1.1120293067e+00
4 7 6
2 0 3120 -144.4700 -131.7400 1 7147 -251.6700 -148.9700
-1.2206767939e-01 -6.8062136740e-02 -1.0807055114e+00
168 164 51
2 0 3125 -239.7800 -135.3700 1 7114 -362.2400 -121.8000
-1.2206767939e-01 -6.8062136740e-02 -1.0807055114e+00
168 164 51
2 0 3126 -239.7800 -135.3700 1 7115 -362.2400 -121.8000
-7.9418361460e-02 -7.5538293320e-02 -1.1110741216e+00
9 9 0
2 0 3139 -153.5300 -143.0400 1 7155 -263.9400 -157.7900
7.6101729159e-02 -8.9194288938e-02 -1.0773368154e+00
13 17 20
2 0 3183 150.3000 -179.2000 1 7045 -14.7000 -60.3800
6.2295816926e-02 -1.6041968347e-01 -1.0956202260e+00
19 22 31
2 0 3296 115.6900 -310.8100 1 7214 -48.9900 -201.2400
6.4404442889e-02 -1.7430998345e-01 -1.1008251468e+00
45 48 55
2 0 3317 118.3400 -334.9700 1 7258 -45.0200 -230.9800
-5.3325641294e-02 -3.4607603925e-02 -1.1120166352e+00
16 16 11
2 0 3517 -103.2600 -65.5200 1 7080 -198.9300 -93.6600
-8.2006529702e-02 -3.7091229037e-02 -1.0940271758e+00
57 53 65
2 0 3524 -159.5500 -72.9600 1 7065 -265.1600 -83.2600
-6.0019736774e-02 -3.8785557749e-02 -1.1088394634e+00
10 14 14
2 0 3525 -115.9600 -73.7700 1 7084 -215.3300 -97.5100
-5.4077181177e-02 -3.9032740190e-02 -1.1131476530e+00
17 16 14
2 0 3526 -104.7200 -73.7300 1 7635 -201.1600 -101.3400
-5.4077181177e-02 -3.9032740190e-02 -1.1131476530e+00
17 16 14
2 0 3527 -104.7200 -73.7300 1 7636 -201.1600 -101.3400
-1.1069671810e-01 -3.6138535636e-02 -1.0748488554e+00
86 82 105
2 0 3528 -217.9800 -74.1300 1 7050 -331.0600 -66.6900
-7.9803515984e-02 -5.0433590608e-02 -1.1007719159e+00
145 103 10
2 0 3541 -155.0200 -97.5200 1 7647 -261.5700 -109.3300
-5.8962314687e-02 -5.6625771860e-02 -1.1168276649e+00
13 14 20
2 0 3545 -114.1300 -106.3100 1 7124 -214.1500 -131.8600
-1.1787485137e-01 -6.2864192736e-02 -1.0812675026e+00
43 56 44
2 0 3559 -231.2300 -125.0300 1 7105 -351.8100 -113.9800
-1.1787485137e-01 -6.2864192736e-02 -1.0812675026e+00
43 56 44
2 0 3560 -231.2300 -125.0300 1 7104 -351.8100 -113.9800
-1.1597097083e-01 -6.6484585681e-02 -1.0835861307e+00
158 156 40
2 0 3563 -227.2900 -131.6600 1 7116 -348.2000 -121.3000
-6.0254816229e-02 -7.4577356039e-02 -1.1231680802e+00
123 124 150
2 0 3566 -116.4600 -138.6600 1 7164 -218.9800 -165.8400
-1.1460650192e-01 -7.4274945023e-02 -1.0878104376e+00
78 78 95
2 0 3569 -224.1500 -145.8600 1 7666 -346.0000 -137.2700
-1.1460650192e-01 -7.4274945023e-02 -1.0878104376e+00
78 78 95
2 0 3570 -224.1500 -145.8600 1 7667 -346.0000 -137.2700
-5.1858129274e-02 -7.9451021211e-02 -1.1303024667e+00
19 11 14
2 0 3571 -100.4900 -146.2100 1 7704 -200.0500 -179.3200
-5.5705193115e-02 -8.5324221374e-02 -1.1307373882e+00
131 137 161
2 0 3579 -107.4500 -156.8000 1 7715 -209.3800 -189.8400
-5.5705193115e-02 -8.5324221374e-02 -1.1307373882e+00
131 137 161
2 0 3580 -107.4500 -156.8000 1 7716 -209.3800 -189.8400
-6.1560530715e-02 -8.6446828770e-02 -1.1274886273e+00
106 85 27
2 0 3584 -118.7400 -159.7200 1 7713 -222.9900 -189.0800
-1.3021344968e-01 -8.5967933073e-02 -1.0831752893e+00
25 74 55
2 0 3592 -254.7700 -169.0700 1 7682 -384.8200 -153.4700
-5.4531911697e-02 -1.4936275234e-02 -1.1039190720e+00
129 93 27
2 0 3703 -105.3500 -29.0000 1 7599 -199.7400 -57.6300
-1.0767448997e-01 -1.3495648377e-02 -1.0684679696e+00
149 157 181
2 0 3704 -212.9600 -30.5700 1 7582 -319.7900 -27.5300
-1.0804809755e-01 -1.7687193269e-02 -1.0690882912e+00
84 114 152
2 0 3711 -213.2200 -38.5400 1 7585 -322.4700 -34.0300
-1.0804809755e-01 -1.7687193269e-02 -1.0690882912e+00
84 114 152
2 0 3712 -213.2200 -38.5400 1 7586 -322.4700 -34.0300
-5.1287851256e-02 -2.0847818388e-02 -1.1079453795e+00
111 117 144
2 0 3718 -98.9400 -39.7400 1 7904 -193.4000 -69.5400
-1.1408205999e-01 -2.4870845845e-02 -1.0683453616e+00
35 56 36
2 0 3721 -225.7500 -53.0300 1 7889 -336.6900 -44.3700
-1.1476994036e-01 -3.2357507972e-02 -1.0711277105e+00
31 51 30
2 0 3726 -226.7700 -67.3900 1 7600 -339.2100 -58.1400
-1.1476994036e-01 -3.2357507972e-02 -1.0711277105e+00
31 51 30
2 0 3727 -226.7700 -67.3900 1 7601 -339.2100 -58.1400
-1.1408217523e-01 -3.6481593864e-02 -1.0731328645e+00
158 152 34
2 0 3730 -225.0400 -75.1300 1 7610 -338.4700 -66.0500
-4.9161074788e-02 -4.6812598966e-02 -1.1190295735e+00
23 20 13
2 0 3732 -95.2400 -87.4300 1 7930 -190.9800 -117.9300
-5.2665004477e-02 -4.9873749855e-02 -1.1185135108e+00
119 123 151
2 0 3735 -101.9300 -93.2500 1 7933 -198.8400 -122.7000
-1.2320480463e-01 -5.1073038388e-02 -1.0727742138e+00
27 59 30
2 0 3741 -242.8900 -103.6000 1 7629 -362.6500 -88.5100
-1.1412107041e-01 -5.7840704533e-02 -1.0815005781e+00
25 41 31
2 0 3746 -223.9400 -115.3200 1 7640 -342.2500 -105.9800
-1.2364598922e-01 -5.7936388851e-02 -1.0753701112e+00
20 69 31
2 0 3748 -243.4900 -116.6100 1 7923 -364.6200 -101.4000
-1.2070106217e-01 -6.0629686927e-02 -1.0784735420e+00
161 163 36
2 0 3753 -237.4900 -121.4300 1 7642 -357.8000 -108.0400
-1.2070106217e-01 -6.0629686927e-02 -1.0784735420e+00
161 163 36
2 0 3754 -237.4900 -121.4300 1 7643 -357.8000 -108.0400
-1.2212460719e-01 -7.6256565383e-02 -1.0837556691e+00
164 155 61
2 0 3767 -239.2600 -150.4700 1 7665 -364.2100 -137.3900
-1.2605212851e-01 -7.6240720867e-02 -1.0814995674e+00
15 70 30
2 0 3768 -247.3000 -150.9300 1 7662 -373.1900 -135.7800
-5.2898510579e-02 -8.3011816859e-02 -1.1313039731e+00
17 16 13
2 0 3769 -102.4700 -152.5900 1 7972 -202.5700 -186.1200
-5.8330938902e-02 -8.3564891787e-02 -1.1283731076e+00
13 16 11
2 0 3770 -112.9400 -154.3700 1 7708 -214.8500 -184.8300
-6.8918900175e-02 -8.4024796855e-02 -1.1216235208e+00
17 11 18
2 0 3772 -132.7500 -156.4800 1 7968 -240.2400 -180.3900
-7.3819203662e-02 -8.6999598562e-02 -1.1196413824e+00
133 104 36
2 0 3776 -142.7000 -162.8200 1 7969 -251.5800 -183.4600
-6.8013789406e-02 -8.8572433839e-02 -1.1242856307e+00
126 129 156
2 0 3779 -130.9600 -164.3500 1 7973 -238.3700 -190.1700
-1.1213174821e-01 -8.9668600093e-03 -1.0627119726e+00
170 165 184
2 0 3883 -222.3500 -22.0900 1 7877 -330.5400 -15.7500
-1.1213174821e-01 -8.9668600093e-03 -1.0627119726e+00
170 165 184
2 0 3884 -222.3500 -22.0900 1 7878 -330.5400 -15.7500
-6.0610154236e-02 -1.1268128159e-02 -1.0977808768e+00
130 101 28
2 0 3886 -116.7600 -22.3600 1 8044 -214.3100 -47.1500
-4.7325548758e-02 -1.9053944519e-02 -1.1098404067e+00
8 18 12
2 0 3894 -91.1500 -36.0300 1 7902 -184.3700 -68.3600
-1.1908405192e-01 -1.9180791210e-02 -1.0627488549e+00
18 59 35
2 0 3897 -236.1500 -42.2500 1 7882 -347.7400 -31.5600
-1.1908405192e-01 -1.9180791210e-02 -1.0627488549e+00
18 59 35
2 0 3898 -236.1500 -42.2500 1 7883 -347.7400 -31.5600
-6.1128121788e-02 -2.5342618835e-02 -1.1028584793e+00
8 7 2
2 0 3904 -118.1100 -48.9700 1 7906 -216.5700 -72.1600
-1.2368818873e-01 -3.1848077163e-02 -1.0648207582e+00
18 72 42
2 0 3912 -245.1300 -67.1000 1 7890 -360.3600 -52.4500
-6.6734486900e-02 -3.6236635722e-02 -1.1041629518e+00
136 98 24
2 0 3914 -128.6200 -69.3600 1 8060 -230.2600 -90.5600
-5.2025907641e-02 -4.2514049302e-02 -1.1154474212e+00
121 124 158
2 0 3915 -100.8100 -79.9700 1 8063 -197.1100 -108.3100
-5.7054551382e-02 -5.2145383427e-02 -1.1165029441e+00
110 120 140
2 0 3924 -110.8200 -98.1400 1 8070 -208.7700 -124.4400
-7.0046342331e-02 -5.5343920951e-02 -1.1091943827e+00
137 103 25
2 0 3926 -135.4100 -105.1500 1 8069 -239.8000 -123.9700
-6.2613638485e-02 -5.7742717434e-02 -1.1138144304e+00
122 125 144
2 0 3927 -121.5500 -109.1900 1 8072 -223.3600 -130.4200
-5.1612357453e-02 -6.5689020407e-02 -1.1254476878e+00
10 15 11
2 0 3929 -99.9300 -121.5800 1 7952 -197.8700 -153.4000
-1.2413488504e-01 -6.4452421220e-02 -1.0777993623e+00
22 64 35
2 0 3935 -244.0100 -128.7800 1 7928 -366.8600 -113.8000
-6.4397766998e-02 -6.9298073844e-02 -1.1181840107e+00
125 127 149
2 0 3937 -124.4500 -129.8100 1 8083 -228.2800 -153.2100
-6.4397766998e-02 -6.9298073844e-02 -1.1181840107e+00
125 127 149
2 0 3938 -124.4500 -129.8100 1 8084 -228.2800 -153.2100
-6.4035367510e-02 -7.4667168653e-02 -1.1211345785e+00
4 12 4
2 0 3945 -123.9300 -139.3900 1 7960 -227.2400 -164.4900
-6.5925089841e-02 -8.0018875274e-02 -1.1215386310e+00
130 136 160
2 0 3952 -127.0600 -149.0300 1 7965 -233.1600 -173.4800
-7.2725291393e-02 -8.0476873495e-02 -1.1173425407e+00
131 106 18
2 0 3955 -140.4500 -150.9800 1 7963 -248.8600 -170.7800
-6.4946606806e-02 -8.4663260878e-02 -1.1245388761e+00
10 13 9
2 0 3959 -125.5300 -157.2600 1 7970 -230.5000 -183.6100
-1.0350727364e-01 -3.6460009134e-02 -1.0794259213e+00
79 107 155
2 0 4015 -202.9400 -73.9000 1 8056 -315.0200 -70.7400
-7.8915126728e-02 -4.1635695648e-02 -1.0976876589e+00
142 106 22
2 0 4018 -153.2100 -81.0600 1 8061 -258.8500 -93.1400
-5.2551748285e-02 -5.5897065747e-02 -1.1199887507e+00
46 32 18
2 0 4025 -101.2600 -104.0400 1 8074 -200.4700 -133.0500
-7.9738732628e-02 -5.5556657589e-02 -1.1036293057e+00
140 112 49
2 0 4028 -154.4800 -106.6100 1 8067 -261.5800 -120.2900
-1.1999592610e-01 -5.4530350587e-02 -1.0760945231e+00
32 53 28
2 0 4070 -235.7800 -109.5900 1 8137 -356.1800 -96.5900
-6.3086583278e-02 -8.6869674516e-02 -1.1268080908e+00
69 57 16
2 0 4077 -122.2600 -161.0300 1 8187 -225.9000 -189.0200
-6.3086583278e-02 -8.6869674516e-02 -1.1268080908e+00
69 57 16
2 0 4078 -122.2600 -161.0300 1 8188 -225.9000 -189.0200
-5.5510462438e-02 -2.8655449119e-02 -1.1072737847e+00
102 107 140
2 0 4089 -107.2000 -54.7300 1 8182 -204.5400 -80.3200
-1.2179050885e-01 -6.7511942031e-02 -1.0805948189e+00
116 126 40
2 0 4095 -239.0200 -134.1800 1 8209 -361.8000 -120.9000
-1.2179050885e-01 -6.7511942031e-02 -1.0805948189e+00
116 126 40
2 0 4096 -239.0200 -134.1800 1 8210 -361.8000 -120.9000
-1.1657300598e-01 -2.1812518123e-02 -1.0659407724e+00
50 70 24
2 0 4108 -230.6800 -47.0600 1 8204 -341.9000 -38.3400
-1.1657300598e-01 -2.1812518123e-02 -1.0659407724e+00
50 70 24
2 0 4109 -230.6800 -47.0600 1 8203 -341.9000 -38.3400
-1.0672432128e-01 -2.6844679798e-02 -1.0730786719e+00
159 164 183
2 0 4110 -209.8600 -55.9100 1 8205 -321.5700 -50.8400
-1.0730691512e-01 -6.4539972937e-02 -1.0884775310e+00
156 161 181
2 0 4114 -209.3700 -126.7000 1 8222 -327.8800 -122.2200
-1.1247124140e-01 -8.4130852744e-02 -1.0933289186e+00
156 160 179
2 0 4117 -218.9000 -163.2900 1 8212 -342.8300 -157.9900
