# Bundle file v0.3
3 452
1.5950610059e+03 1.7849596776e-01 1.7962036689e-02
9.9693802858e-01 -3.0123626442e-03 -7.8137653135e-02
4.4636576275e-03 9.9982063938e-01 1.8405565470e-02
7.8068194079e-02 -1.8697987886e-02 9.9677266331e-01
-1.0701755422e-01 2.5214445993e-02 2.8527486887e-01
0 0 0
0 0 0
0 0 0
0 0 0
0 0 0
1.8548452957e+03 3.4810738363e-01 2.1759836661e-02
8.1379862642e-01 1.2506696158e-02 -5.8101237352e-01
2.5362994066e-02 9.9805147121e-01 5.7008590079e-02
5.8059324330e-01 -6.1129725682e-02 8.1189570911e-01
-8.2836779492e-01 4.3014435298e-02 -2.8755429870e-01
1.9199643737e-01 2.5102787597e-01 -1.4608140762e+00
192 193 195
2 0 64 275.4900 349.4300 2 215 245.6800 292.9000
1.9751033580e-01 2.4999075117e-01 -1.4613073824e+00
162 163 165
2 0 69 283.2600 348.2100 2 220 252.8000 292.2000
4.9105247946e-03 2.2947410500e-01 -1.4505208019e+00
180 179 175
2 0 138 14.4900 314.5600 2 359 26.8900 239.2200
3.0730822738e-01 1.0192712353e-01 -1.4803621378e+00
185 186 190
2 0 573 435.8500 140.1200 2 657 405.4500 97.6600
3.5052819870e-01 9.1648024911e-02 -1.4845291596e+00
185 183 184
2 0 606 497.5400 126.4100 2 2067 469.3700 86.1000
-6.1960775833e-02 9.4021115634e-02 -1.4540814715e+00
174 166 164
2 0 611 -75.7300 124.8400 2 724 -40.3000 65.4000
3.3128352170e-01 7.4978040891e-02 -1.4842780633e+00
184 183 181
2 0 665 469.5400 102.7100 2 736 441.3200 60.5400
3.3128352170e-01 7.4978040891e-02 -1.4842780633e+00
184 183 181
2 0 666 469.5400 102.7100 2 737 441.3200 60.5400
2.5624562301e-01 6.8420987378e-02 -1.4787218935e+00
181 179 182
2 0 695 363.0800 92.6800 2 759 335.3500 47.0400
2.6865296790e-01 6.4137219860e-02 -1.4801974665e+00
183 183 183
2 0 711 380.4500 86.8600 2 772 352.6000 41.6300
3.2090505829e-01 5.4164050467e-02 -1.4850712617e+00
135 133 130
2 0 738 454.3200 73.2500 2 798 427.0000 30.1900
2.0059097844e-01 3.8392162479e-02 -1.4772147858e+00
161 159 160
2 0 810 285.0000 50.4400 2 846 263.4500 3.5800
2.0059097844e-01 3.8392162479e-02 -1.4772147858e+00
161 159 160
2 0 811 285.0000 50.4400 2 847 263.4500 3.5800
2.2015116712e-01 2.8543491018e-02 -1.4791747553e+00
163 163 161
2 0 848 312.2000 37.2700 2 869 289.0700 -9.5700
3.2568104856e-01 1.8061138458e-02 -1.4879647792e+00
169 164 158
2 0 893 460.6700 23.4300 2 899 435.5400 -22.0000
2.6379195312e-01 1.6808028144e-02 -1.4832743559e+00
164 163 159
2 0 898 373.1600 21.3000 2 907 347.9600 -24.8600
3.2479392854e-01 1.2127073891e-02 -1.4887959908e+00
165 160 154
2 0 910 459.2000 15.0800 2 2197 434.8100 -30.5200
3.2509353115e-01 2.0622255591e-03 -1.4893869666e+00
172 169 162
2 0 948 459.5800 1.4300 2 950 435.6500 -45.3100
3.2858572105e-01 1.0557361677e-03 -1.4894627212e+00
127 122 117
2 0 955 464.6200 0.0600 2 952 440.6700 -46.7300
2.2467062680e-01 -1.9944221807e-03 -1.4821894217e+00
161 160 158
2 0 966 318.3000 -4.7700 2 963 296.6600 -51.4300
2.0279987103e-01 -1.4890360279e-02 -1.4811439408e+00
123 120 118
2 0 1025 287.9700 -22.4000 2 1009 268.5700 -69.2300
2.7529221915e-01 -2.1734254482e-02 -1.4876081942e+00
153 148 142
2 0 1050 388.9500 -31.7400 2 1031 366.1000 -79.0400
3.0483761517e-01 -2.3378267276e-02 -1.4899321987e+00
174 169 163
2 0 1053 430.5900 -33.7600 2 1042 407.8000 -81.8700
2.6669132324e-01 -2.3562359543e-02 -1.4869787601e+00
129 124 120
2 0 1054 376.9100 -34.0400 2 1041 354.2400 -81.7500
2.3204446726e-01 -2.3818884043e-02 -1.4839180465e+00
124 121 116
2 0 1055 328.6000 -34.4300 2 1039 307.1800 -81.7900
2.3204446726e-01 -2.3818884043e-02 -1.4839180465e+00
124 121 116
2 0 1056 328.6000 -34.4300 2 1040 307.1800 -81.7900
3.1181396478e-01 -2.5236855106e-02 -1.4905470467e+00
159 156 151
2 0 1059 440.4700 -36.2100 2 2249 417.9000 -84.7200
2.7953433554e-01 -2.6020380603e-02 -1.4874904736e+00
163 159 150
2 0 1063 395.0800 -37.3200 2 1051 371.7500 -85.4200
2.4969792365e-01 -2.7314208980e-02 -1.4853999527e+00
162 159 154
2 0 1067 353.2400 -39.1200 2 1054 330.9200 -86.9000
2.8668627104e-01 -3.1095054065e-02 -1.4890584650e+00
106 103 98
2 0 1081 404.9600 -44.4800 2 1062 382.4400 -92.5500
2.8668627104e-01 -3.1095054065e-02 -1.4890584650e+00
106 103 98
2 0 1082 404.9600 -44.4800 2 1063 382.4400 -92.5500
2.9516641053e-01 -3.2403285568e-02 -1.4897687100e+00
168 165 158
2 0 1090 416.9200 -46.0200 2 2267 394.4500 -94.8000
2.3855164449e-01 -3.2855586186e-02 -1.4849915421e+00
156 153 148
2 0 1091 337.6700 -46.7800 2 1068 316.2500 -94.4200
2.4822642357e-01 -3.7320412343e-02 -1.4861786581e+00
169 165 160
2 0 1109 351.1400 -52.8100 2 1080 329.5500 -100.8800
2.5884815840e-01 -4.7240439702e-02 -1.4878206556e+00
164 161 153
2 0 1145 365.9500 -66.4100 2 1113 344.5700 -115.0000
2.4109261181e-01 -4.8504820992e-02 -1.4865825592e+00
169 164 158
2 0 1149 341.1600 -68.1900 2 1121 320.6300 -116.2600
2.4410526656e-01 -5.0376145652e-02 -1.4866976908e+00
165 161 154
2 0 1157 345.4200 -70.4500 2 1128 324.6000 -119.2500
2.7201534581e-01 -5.5097327717e-02 -1.4895624654e+00
165 162 157
2 0 1177 384.3500 -77.0700 2 1154 363.2100 -126.5700
1.9856029984e-01 -6.4238263838e-02 -1.4842296242e+00
147 142 139
2 0 1207 282.2200 -89.5200 2 1178 265.4100 -136.9000
2.0769493068e-01 -7.0654035213e-02 -1.4858034779e+00
155 150 147
2 0 1222 294.8200 -98.2300 2 1201 277.8200 -146.0500
2.0769493068e-01 -7.0654035213e-02 -1.4858034779e+00
155 150 147
2 0 1223 294.8200 -98.2300 2 1202 277.8200 -146.0500
3.4103252584e-01 -7.0709160281e-02 -1.4955734438e+00
151 146 142
2 0 1225 481.9900 -98.3400 2 1225 463.2700 -152.2600
2.9924154027e-01 -7.1864072070e-02 -1.4929229432e+00
116 116 108
2 0 1228 422.6100 -99.9900 2 1223 402.5200 -151.6800
2.8276190378e-01 -7.6002205495e-02 -1.4920379602e+00
162 159 153
2 0 1251 399.4100 -105.6100 2 1232 379.4900 -156.8200
2.8276190378e-01 -7.6002205495e-02 -1.4920379602e+00
162 159 153
2 0 1252 399.4100 -105.6100 2 1233 379.4900 -156.8200
3.0591813235e-01 -7.6794077832e-02 -1.4939071578e+00
156 153 144
2 0 1258 432.0000 -106.7800 2 1238 412.4700 -159.1000
3.0591813235e-01 -7.6794077832e-02 -1.4939071578e+00
156 153 144
2 0 1259 432.0000 -106.7800 2 1239 412.4700 -159.1000
3.2185914918e-01 -8.7656929112e-02 -1.4956215175e+00
157 157 149
2 0 1302 454.6400 -121.7600 2 1294 436.1600 -175.7900
3.2185914918e-01 -8.7656929112e-02 -1.4956215175e+00
157 157 149
2 0 1303 454.6400 -121.7600 2 1295 436.1600 -175.7900
2.8462054475e-01 -9.1544070508e-02 -1.4932415250e+00
135 130 124
2 0 1316 402.0700 -126.8700 2 1305 383.0200 -179.1700
3.4764687154e-01 -1.0680973380e-01 -1.4988496260e+00
114 109 103
2 0 1390 491.3900 -148.2400 2 1386 475.8500 -205.8300
2.3157269930e-01 -1.1242324059e-01 -1.4901165649e+00
155 151 147
2 0 1409 328.2200 -155.1300 2 1378 311.2500 -205.4600
3.1086678733e-01 -1.1649344687e-01 -1.4966817214e+00
156 153 146
2 0 1432 439.2300 -161.2300 2 1419 421.9800 -217.1100
2.6330143053e-01 -1.4831720044e-01 -1.4953226446e+00
148 143 137
2 0 1558 372.6700 -203.9800 2 1488 356.7300 -259.2400
1.4214341312e-01 -1.5347167254e-01 -1.4314843305e+00
228 236 57
2 0 1587 209.2700 -218.6300 2 1491 161.3700 -259.9900
1.4214341312e-01 -1.5347167254e-01 -1.4314843305e+00
228 236 57
2 0 1588 209.2700 -218.6300 2 1492 161.3700 -259.9900
2.4123679323e-01 -1.5929539949e-01 -1.4938846336e+00
111 106 102
2 0 1589 342.1200 -218.9400 2 1516 326.9500 -272.7000
1.8707416178e-01 -1.6690558407e-01 -1.4902675358e+00
148 145 140
2 0 1600 267.2300 -228.6500 2 1535 255.9800 -278.3300
2.7959087702e-01 -1.6643929152e-01 -1.4979443070e+00
152 148 139
2 0 1605 395.6200 -229.0700 2 1555 380.8300 -286.9400
2.4717542019e-01 -1.6801695731e-01 -1.4953624576e+00
144 139 133
2 0 1614 350.4200 -230.5600 2 1548 335.8200 -285.9900
2.8678312976e-01 -1.7611452203e-01 -1.4987617259e+00
104 101 94
2 0 1630 405.9300 -242.3700 2 1582 391.4700 -302.0200
2.8039987260e-01 -1.7968581021e-01 -1.4985139252e+00
90 87 78
2 0 1635 397.0200 -247.1400 2 1590 382.6700 -306.4900
1.4137857128e-01 -1.7562422068e-01 -1.4327041827e+00
136 134 23
2 0 1646 208.4700 -250.1300 2 1559 161.3400 -291.1800
1.9842300221e-01 -1.9156758952e-01 -1.4930303067e+00
148 143 139
2 0 1678 283.1700 -262.2400 2 1615 272.2500 -314.0300
2.5168679705e-01 -1.9966861885e-01 -1.4973638958e+00
96 92 88
2 0 1698 357.2200 -274.0800 2 1659 343.8700 -331.9900
2.5260537663e-01 -2.0348495290e-01 -1.4978963830e+00
135 134 129
2 0 1713 358.5100 -279.3900 2 1672 345.5500 -337.5000
3.3695741962e-01 -2.0978613828e-01 -1.5046508258e+00
123 119 116
2 0 1737 477.4000 -289.7800 2 1730 467.7400 -359.0300
6.7454060361e-02 -2.1432902867e-01 -1.4828220078e+00
137 134 129
2 0 1745 104.1400 -292.3900 2 1658 111.2400 -331.7900
7.3297745294e-02 2.6816136795e-01 -1.4523176913e+00
171 170 168
2 0 1973 109.1900 371.1800 2 1855 102.1200 297.7100
-9.4766408697e-02 2.6807021328e-01 -1.4428307141e+00
173 172 170
2 0 1977 -123.8900 368.7800 2 253 -77.9400 275.3800
7.2593952148e-02 2.4838749583e-01 -1.4536203286e+00
174 175 170
2 0 2003 108.2000 342.6700 2 1889 101.8300 271.7900
7.2593952148e-02 2.4838749583e-01 -1.4536203286e+00
174 175 170
2 0 2004 108.2000 342.6700 2 1890 101.8300 271.7900
1.1004929371e-01 2.4423144627e-01 -1.4563364470e+00
170 170 168
2 0 2010 160.3500 337.5100 2 266 145.5400 271.3500
1.2946609289e-01 2.4287552743e-01 -1.4572965124e+00
176 176 174
2 0 2012 187.4800 336.1600 2 262 168.4600 272.3100
1.2946609289e-01 2.4287552743e-01 -1.4572965124e+00
176 176 174
2 0 2013 187.4800 336.1600 2 263 168.4600 272.3100
1.7933144822e-01 2.3926758844e-01 -1.4608601401e+00
185 186 188
2 0 2021 257.4100 332.1600 2 1885 229.9100 274.7200
-2.8266227621e-02 2.3391695466e-01 -1.4479341836e+00
147 146 142
2 0 2031 -31.4300 320.7300 2 353 -8.9400 240.9800
1.0677214005e-01 2.2893543899e-01 -1.4566423147e+00
164 164 162
2 0 2039 155.7200 315.7300 2 322 141.7000 250.7600
-4.9008170688e-03 2.2395529609e-01 -1.4502198267e+00
171 170 166
2 0 2048 0.9900 306.7200 2 379 16.4300 231.0400
6.2397404868e-02 1.9079872637e-01 -1.4058749687e+00
248 252 136
2 0 2071 92.7600 274.8200 2 432 55.2900 204.5300
6.2397404868e-02 1.9079872637e-01 -1.4058749687e+00
248 252 136
2 0 2072 92.7600 274.8200 2 433 55.2900 204.5300
5.9793199000e-02 1.7633379281e-01 -1.4074627859e+00
151 141 83
2 0 2095 89.0700 253.2500 2 1975 53.3300 184.9300
6.0445246799e-02 1.7182784348e-01 -1.4076282226e+00
116 106 65
2 0 2104 90.0200 246.6900 2 485 54.0900 179.0500
6.0445246799e-02 1.7182784348e-01 -1.4076282226e+00
116 106 65
2 0 2105 90.0200 246.6900 2 486 54.0900 179.0500
-9.7057123022e-02 1.6586188712e-01 -1.4471481317e+00
150 145 142
2 0 2116 -125.1800 224.4700 2 538 -78.4600 150.9100
-1.2500564848e-01 1.2667660144e-01 -1.4474825731e+00
140 135 131
2 0 2157 -162.8600 169.7100 2 643 -105.4400 101.9400
7.1585232397e-02 9.9921846181e-02 -1.4131167943e+00
232 238 193
2 0 2188 106.3000 142.0300 2 2068 69.2400 84.8200
2.2264752415e-01 9.3291834879e-02 -1.4748618068e+00
186 185 191
2 0 2211 316.1400 126.7500 2 2074 289.9200 79.5000
-9.6692480084e-02 9.4575764956e-02 -1.4500676856e+00
166 161 158
2 0 2212 -123.6300 125.6600 2 729 -77.0700 64.6600
9.4948126225e-02 7.6847428739e-02 -1.4145175650e+00
225 247 198
2 0 2233 139.9200 109.2200 2 2106 96.1200 55.5600
9.4948126225e-02 7.6847428739e-02 -1.4145175650e+00
225 247 198
2 0 2234 139.9200 109.2200 2 2107 96.1200 55.5600
1.2908791776e-01 6.5247086290e-02 -1.4170283518e+00
230 241 61
2 0 2250 189.1200 92.9500 2 770 137.0600 41.5600
1.2908791776e-01 6.5247086290e-02 -1.4170283518e+00
230 241 61
2 0 2252 189.1200 92.9500 2 771 137.0600 41.5600
3.1770813939e-01 6.7123442727e-02 -1.4835154469e+00
174 173 171
2 0 2258 450.0900 91.7800 2 2114 421.6100 48.2700
2.8405013585e-01 4.9721829695e-02 -1.4826230458e+00
165 164 162
2 0 2284 401.9600 67.1800 2 2141 374.6500 21.8100
2.8405013585e-01 4.9721829695e-02 -1.4826230458e+00
165 164 162
2 0 2285 401.9600 67.1800 2 2142 374.6500 21.8100
1.3810749341e-01 4.4427665916e-02 -1.4187836910e+00
165 154 87
2 0 2292 202.1600 63.1700 2 2152 148.6500 13.5100
1.3810749341e-01 4.4427665916e-02 -1.4187836910e+00
165 154 87
2 0 2293 202.1600 63.1700 2 2153 148.6500 13.5100
2.6089125336e-01 4.5336164622e-02 -1.4814119409e+00
174 173 171
2 0 2294 369.2300 60.6400 2 2148 343.0100 14.9700
-1.1027666864e-02 4.6818515092e-02 -1.4595830255e+00
176 170 170
2 0 2297 -5.6500 60.5600 2 833 14.1300 8.7500
3.3720474711e-01 3.6848269090e-02 -1.4875917531e+00
162 159 155
2 0 2305 477.3400 49.6900 2 2157 451.7100 5.4200
2.3634814644e-01 3.2271638851e-02 -1.4803156727e+00
167 163 164
2 0 2308 334.7800 42.4200 2 2166 310.4000 -3.9500
2.3634814644e-01 3.2271638851e-02 -1.4803156727e+00
167 163 164
2 0 2309 334.7800 42.4200 2 2167 310.4000 -3.9500
3.2289025342e-01 2.0112792762e-02 -1.4880960216e+00
134 131 126
2 0 2320 456.5800 26.3400 2 2182 431.6500 -19.2300
-1.4022779189e-01 1.3411734359e-02 -1.4512635042e+00
131 123 121
2 0 2333 -182.0600 14.2000 2 923 -118.9000 -34.5700
2.5509185316e-01 -1.1927249637e-02 -1.4843592378e+00
130 125 119
2 0 2366 360.8900 -18.0500 2 2224 337.2500 -65.3600
2.5509185316e-01 -1.1927249637e-02 -1.4843592378e+00
130 125 119
2 0 2367 360.8900 -18.0500 2 2225 337.2500 -65.3600
3.0679221117e-01 -1.9162704359e-02 -1.4897033454e+00
167 162 156
2 0 2381 433.4000 -27.8900 2 2232 410.3300 -75.9000
2.5233220098e-01 -2.3871200107e-02 -1.4858583357e+00
166 163 158
2 0 2390 356.8400 -34.0800 2 2244 334.6100 -82.4400
3.0019591644e-01 -2.5629267209e-02 -1.4894870220e+00
167 162 158
2 0 2394 424.0900 -36.7500 2 2250 401.1300 -85.1400
2.8878743984e-01 -2.6629989235e-02 -1.4886994513e+00
140 136 131
2 0 2395 407.9800 -38.4200 2 2251 385.0400 -86.1500
2.8878743984e-01 -2.6629989235e-02 -1.4886994513e+00
140 136 131
2 0 2396 407.9800 -38.4200 2 2252 385.0400 -86.1500
2.8035340898e-01 -3.0333939408e-02 -1.4883202980e+00
170 167 160
2 0 2400 396.1100 -43.2600 2 1057 373.4000 -91.5400
6.0700764667e-02 -3.4601120985e-02 -1.4204213709e+00
31 35 10
2 0 2409 91.6000 -50.2100 2 2264 60.7200 -93.7400
6.0700764667e-02 -3.4601120985e-02 -1.4204213709e+00
31 35 10
2 0 2410 91.6000 -50.2100 2 2265 60.7200 -93.7400
7.3057132266e-02 -3.5675006345e-02 -1.4200272131e+00
36 36 36
2 0 2411 109.2000 -51.7100 2 2270 74.1200 -95.2600
2.9644778638e-01 -3.6908361577e-02 -1.4899705985e+00
158 155 148
2 0 2412 418.7700 -52.1500 2 2272 396.3800 -101.3200
2.9644778638e-01 -3.6908361577e-02 -1.4899705985e+00
158 155 148
2 0 2413 418.7700 -52.1500 2 2273 396.3800 -101.3200
3.1494526577e-01 -3.8699430325e-02 -1.4915182825e+00
164 160 154
2 0 2414 444.9100 -54.6900 2 2281 423.0400 -104.2300
7.7209258368e-02 -3.9132696168e-02 -1.4209947795e+00
36 40 36
2 0 2416 115.1700 -56.3500 2 1078 79.4100 -100.2000
7.7209258368e-02 -3.9132696168e-02 -1.4209947795e+00
36 40 36
2 0 2417 115.1700 -56.3500 2 1079 79.4100 -100.2000
1.9002074715e-01 -4.1056880896e-02 -1.4818729242e+00
140 136 133
2 0 2418 270.3500 -58.0100 2 1090 253.3000 -104.9300
2.5429774928e-01 -4.3743610497e-02 -1.4870459996e+00
154 149 143
2 0 2425 359.6300 -61.5400 2 2287 338.0700 -110.0600
2.5429774928e-01 -4.3743610497e-02 -1.4870459996e+00
154 149 143
2 0 2426 359.6300 -61.5400 2 2288 338.0700 -110.0600
3.2712611316e-01 -4.4067093088e-02 -1.4930087445e+00
159 156 149
2 0 2427 462.1200 -62.1500 2 2294 441.2500 -112.2600
3.0309660518e-01 -4.5037129986e-02 -1.4911508038e+00
117 114 107
2 0 2432 428.1100 -63.2800 2 2298 406.3700 -113.1700
2.3284486548e-01 -5.7259240572e-02 -1.4864461618e+00
140 136 133
2 0 2450 329.7200 -80.0100 2 2317 309.9800 -128.3600
3.0219290805e-01 -5.9929708679e-02 -1.4918645142e+00
164 159 153
2 0 2459 426.8900 -83.5700 2 2325 405.7600 -134.7100
7.9316465189e-02 -6.6207142856e-02 -1.4224233519e+00
233 230 186
2 0 2468 118.4000 -94.8600 2 1173 82.5300 -136.4800
9.4829600007e-02 -6.6182843844e-02 -1.4232607294e+00
224 241 191
2 0 2469 140.5500 -94.9700 2 1174 100.6900 -136.6900
9.4829600007e-02 -6.6182843844e-02 -1.4232607294e+00
224 241 191
2 0 2470 140.5500 -94.9700 2 1175 100.6900 -136.6900
-1.3601769371e-01 -6.2578302000e-02 -1.3284522592e+00
247 205 85
2 0 2471 -211.7600 -95.5000 2 1156 -217.5700 -127.5800
3.1961320171e-01 -7.2734814975e-02 -1.4940785203e+00
153 150 143
2 0 2479 451.5300 -101.3200 2 2350 431.7300 -153.8900
5.8490431656e-02 -7.2416310328e-02 -1.4223372940e+00
37 43 31
2 0 2480 88.7900 -103.7500 2 2336 59.2300 -144.1200
5.8490431656e-02 -7.2416310328e-02 -1.4223372940e+00
37 43 31
2 0 2481 88.7900 -103.7500 2 2337 59.2300 -144.1200
7.1130600676e-02 -7.3747816288e-02 -1.4224416468e+00
20 35 24
2 0 2483 106.7900 -105.6400 2 2342 73.3100 -146.3000
-1.3429952276e-01 -7.1154497318e-02 -1.3285171678e+00
246 211 71
2 0 2488 -209.1600 -108.5000 2 1179 -216.1300 -138.9300
-1.3429952276e-01 -7.1154497318e-02 -1.3285171678e+00
246 211 71
2 0 2489 -209.1600 -108.5000 2 1180 -216.1300 -138.9300
2.8774818068e-01 -8.0037604798e-02 -1.4927754440e+00
128 125 118
2 0 2493 406.4000 -111.2600 2 2359 386.8000 -162.7300
7.2274109163e-02 -8.2153719673e-02 -1.4231383777e+00
224 240 186
2 0 2497 108.5000 -117.5700 2 2352 75.0100 -157.6000
-1.3451456041e-01 -7.7484158603e-02 -1.3291843368e+00
248 211 60
2 0 2498 -209.3000 -118.1800 2 1204 -215.9600 -147.1400
5.7923626885e-02 -8.2808882167e-02 -1.4230455439e+00
35 39 30
2 0 2501 88.0900 -118.4100 2 2354 59.0000 -158.0300
7.0475730209e-02 -8.4182167735e-02 -1.4226641508e+00
30 31 23
2 0 2505 105.9500 -120.4400 2 2356 72.6300 -160.3200
-1.2438886279e-01 -7.9816404385e-02 -1.3296956624e+00
251 201 57
2 0 2509 -193.8000 -121.6700 2 1218 -205.6600 -150.4100
7.1933872976e-02 -8.6753463246e-02 -1.4235936536e+00
237 246 198
2 0 2512 108.0600 -124.1200 2 2362 74.9200 -163.7200
2.6618565024e-01 -9.0033331058e-02 -1.4915204163e+00
163 158 152
2 0 2514 376.2800 -124.6400 2 2386 357.1000 -176.0500
3.1182197028e-01 -9.5144926661e-02 -1.4953529235e+00
147 147 139
2 0 2522 440.4600 -131.9700 2 1322 421.9900 -186.0700
-1.3620406406e-01 -8.9121715796e-02 -1.3301803733e+00
36 52 37
2 0 2528 -211.6000 -136.0100 2 1250 -217.1200 -162.1900
-1.3230888929e-01 -9.2717174985e-02 -1.3302846664e+00
30 58 22
2 0 2540 -205.6800 -141.4400 2 1268 -213.3500 -167.0700
2.7486838891e-01 -1.0370508238e-01 -1.4927872716e+00
110 107 102
2 0 2544 388.5700 -143.5400 2 2423 369.7700 -195.9400
-1.3554392586e-01 -9.6419606801e-02 -1.3305405114e+00
30 65 62
2 0 2552 -210.5200 -147.0800 2 1283 -216.4200 -171.8400
7.5626158761e-02 -1.0432924079e-01 -1.4252466738e+00
228 235 205
2 0 2555 113.5100 -148.7900 2 2407 80.0700 -187.7600
-1.4293334120e-01 -9.9306974549e-02 -1.3298998085e+00
241 204 56
2 0 2567 -221.9500 -151.6500 2 1290 -224.2900 -175.3600
5.8515034256e-02 -1.0989374806e-01 -1.4244681352e+00
233 241 190
2 0 2576 89.2000 -156.7500 2 2414 60.3900 -194.3700
-1.2589549213e-01 -1.1053335462e-01 -1.3320196498e+00
43 66 36
2 0 2589 -195.5200 -168.5300 2 1333 -206.1500 -190.6500
2.3292523130e-01 -1.2961891403e-01 -1.4914797625e+00
151 148 143
2 0 2606 330.2200 -178.5300 2 2472 314.1100 -229.7600
1.4666176786e-01 -1.2635570278e-01 -1.4302480781e+00
234 232 55
2 0 2610 215.4300 -180.2800 2 2464 165.9300 -222.0900
-1.2195574461e-01 -1.1839232487e-01 -1.3325795279e+00
251 200 53
2 0 2613 -189.4300 -180.5300 2 1366 -202.0500 -201.1300
-1.2195574461e-01 -1.1839232487e-01 -1.3325795279e+00
251 200 53
2 0 2614 -189.4300 -180.5300 2 1367 -202.0500 -201.1300
-1.2134590601e-01 -1.2396317612e-01 -1.3321678579e+00
46 57 22
2 0 2620 -188.6600 -189.0700 2 1396 -202.0200 -208.6400
-1.2134590601e-01 -1.2396317612e-01 -1.3321678579e+00
46 57 22
2 0 2621 -188.6600 -189.0700 2 1397 -202.0200 -208.6400
2.5963235589e-01 -1.4023306051e-01 -1.4945540954e+00
115 112 105
2 0 2627 367.4600 -192.8100 2 2491 351.1700 -247.4000
2.5509098472e-01 -1.4125436260e-01 -1.4942104223e+00
122 117 111
2 0 2629 361.1300 -194.4800 2 2493 344.9900 -248.1600
2.6621280956e-01 -1.4139391146e-01 -1.4951192349e+00
138 135 130
2 0 2630 376.6500 -194.7500 2 2494 360.3600 -249.3800
-1.2139863619e-01 -1.2809018196e-01 -1.3323929429e+00
46 56 32
2 0 2632 -188.7000 -195.4100 2 1412 -202.0200 -214.0600
2.8395279852e-01 -1.6131869749e-01 -1.4974060472e+00
139 136 129
2 0 2664 401.8000 -222.2600 2 3052 386.3200 -279.9700
1.4543574188e-01 -1.5670898373e-01 -1.4319233612e+00
234 234 50
2 0 2668 214.0400 -223.3000 2 2509 165.6400 -264.7700
2.5409173220e-01 -1.6721505094e-01 -1.4957637021e+00
149 145 137
2 0 2675 360.0500 -229.7600 2 2522 345.2100 -285.3900
2.1618413113e-01 -1.7134994162e-01 -1.4930744200e+00
142 137 131
2 0 2680 307.4500 -234.9600 2 2526 294.3600 -287.3500
2.1618413113e-01 -1.7134994162e-01 -1.4930744200e+00
142 137 131
2 0 2681 307.4500 -234.9600 2 2527 294.3600 -287.3500
1.4475493751e-01 -1.6770912048e-01 -1.4326085766e+00
232 231 65
2 0 2684 213.2100 -238.7600 2 1539 165.3000 -280.4000
1.4419729216e-01 -1.7559976909e-01 -1.4329390654e+00
231 233 53
2 0 2690 212.5200 -250.0900 2 2529 164.8900 -291.4300
1.4419729216e-01 -1.7559976909e-01 -1.4329390654e+00
231 233 53
2 0 2691 212.5200 -250.0900 2 2530 164.8900 -291.4300
2.3918775539e-01 -1.8257799986e-01 -1.4959332366e+00
144 141 134
2 0 2692 339.4500 -250.3800 2 2541 326.0600 -305.8500
2.3996146621e-01 -2.0999106140e-01 -1.4967633697e+00
133 130 125
2 0 2724 341.1400 -287.8100 2 2567 328.2600 -345.7000
1.8839275816e-01 -2.2539263229e-01 -1.4944949670e+00
138 135 128
2 0 2739 269.8500 -308.0500 2 2580 261.2500 -360.7300
-6.5176881569e-02 -2.2519395009e-01 -1.4700232621e+00
137 134 127
2 0 2740 -76.7900 -308.6800 2 2559 -37.6300 -333.5200
3.9895253902e-02 -2.3170783154e-01 -1.4810383447e+00
165 160 154
2 0 2746 66.7700 -316.4000 2 2572 79.6800 -352.0200
9.2951809450e-02 -2.3479334464e-01 -1.4855564968e+00
148 143 137
2 0 2749 139.2100 -320.4900 2 2581 141.7800 -362.2800
-8.2943114857e-02 -2.3443954442e-01 -1.4692881346e+00
167 164 159
2 0 2752 -100.9600 -321.3800 2 1685 -56.0500 -343.8400
3.8676588337e-02 -2.3837894878e-01 -1.4813271933e+00
133 128 122
2 0 2756 65.1900 -325.5200 2 1732 78.5200 -360.7700
-1.4460480965e-01 -2.4116531919e-01 -1.4635866497e+00
141 138 131
2 0 2766 -185.7500 -331.9400 2 1696 -120.1500 -346.9100
1.8093537254e-01 2.4656635427e-01 -1.4599343875e+00
182 183 187
2 0 2818 259.8500 342.6900 2 2626 231.4200 285.2800
1.2130384292e-02 2.2447135734e-01 -1.4509269534e+00
143 139 136
2 0 2824 24.4800 307.6400 2 1923 34.6200 233.7700
2.1275160761e-01 2.2104011528e-01 -1.4641551862e+00
194 195 200
2 0 2826 304.2800 306.7600 2 1901 272.8700 254.8100
-5.6406812294e-02 2.2031445577e-01 -1.4471166638e+00
147 146 142
2 0 2828 -70.0600 301.1400 2 1943 -37.9600 221.0600
-5.2690707691e-03 2.1323706763e-01 -1.4506174685e+00
169 165 162
2 0 2835 0.5700 291.6400 2 1947 16.1600 217.4900
-8.3931897124e-02 1.9627195084e-01 -1.4470467234e+00
165 160 157
2 0 2848 -107.5300 266.9100 2 468 -65.3900 188.9400
-5.2926141174e-03 1.6686906779e-01 -1.4534876915e+00
169 165 164
2 0 2859 1.0200 226.0900 2 1997 17.4300 159.5600
-5.2926141174e-03 1.6686906779e-01 -1.4534876915e+00
169 165 164
2 0 2860 1.0200 226.0900 2 1998 17.4300 159.5600
-3.8269475819e-02 1.5125864148e-01 -1.4519647562e+00
172 167 164
2 0 2867 -44.1300 204.0300 2 2700 -17.4200 137.6800
-1.6459710846e-02 1.3979105274e-01 -1.4539555820e+00
172 167 164
2 0 2875 -14.0700 188.3600 2 2033 5.9100 124.8700
-2.1506938550e-01 1.3304163728e-01 -1.4407589795e+00
175 172 167
2 0 2886 -287.5800 178.4900 2 2052 -192.9700 104.6900
7.8119386496e-02 1.2509371034e-01 -1.4120100933e+00
245 238 208
2 0 2888 115.6000 178.5500 2 2040 76.1000 118.6500
7.8119386496e-02 1.2509371034e-01 -1.4120100933e+00
245 238 208
2 0 2889 115.6000 178.5500 2 2041 76.1000 118.6500
8.2049843247e-02 1.1511172017e-01 -1.4120044056e+00
208 62 76
2 0 2898 121.2700 164.1800 2 2732 80.3300 105.8800
7.8254006459e-02 1.0612014794e-01 -1.4122423036e+00
223 242 186
2 0 2906 115.8400 151.2000 2 2742 76.1200 93.5900
-3.5136234339e-03 1.0831134267e-01 -1.4575398751e+00
151 147 146
2 0 2910 4.1000 144.7700 2 2749 21.2800 86.1500
7.3645159838e-02 9.7187101603e-02 -1.4139867637e+00
242 56 85
2 0 2920 109.2700 137.8900 2 2755 72.1200 81.3900
7.3645159838e-02 9.7187101603e-02 -1.4139867637e+00
242 56 85
2 0 2921 109.2700 137.8900 2 2756 72.1200 81.3900
9.0988278378e-02 9.5487391482e-02 -1.4135058224e+00
233 234 201
2 0 2924 134.1800 136.2000 2 2070 91.1800 80.0300
7.1872276028e-02 9.4147586287e-02 -1.4133227676e+00
244 241 202
2 0 2927 106.7300 133.6300 2 2077 69.6200 77.3100
7.1872276028e-02 9.4147586287e-02 -1.4133227676e+00
244 241 202
2 0 2928 106.7300 133.6300 2 2078 69.6200 77.3100
-1.4155541995e-01 9.8231753366e-02 -1.4471173443e+00
165 160 156
2 0 2929 -185.2600 130.5300 2 2090 -121.7100 67.0100
8.1011366532e-02 9.1595493293e-02 -1.4131150860e+00
219 59 82
2 0 2931 119.8500 130.3500 2 2764 79.6200 74.3800
8.3389485838e-02 7.7878247472e-02 -1.4143887722e+00
237 242 197
2 0 2942 123.3100 110.4400 2 2104 83.0100 56.3500
7.1332279197e-02 6.2065444030e-02 -1.4149459956e+00
215 63 79
2 0 2947 106.1000 87.5000 2 2129 69.7400 34.8200
3.0246687169e-01 5.2855008718e-02 -1.4837366204e+00
170 166 165
2 0 2951 428.0800 71.2900 2 2793 400.4800 27.4500
7.0259317632e-02 4.8094496477e-02 -1.4155018046e+00
236 239 186
2 0 2953 104.6400 67.6200 2 2798 68.7600 16.1400
7.0259317632e-02 4.8094496477e-02 -1.4155018046e+00
236 239 186
2 0 2954 104.6400 67.6200 2 2797 68.7600 16.1400
2.6542344560e-01 3.9101027664e-02 -1.4825044032e+00
151 150 147
2 0 2965 375.4800 52.1500 2 2806 349.6500 6.2600
-1.9141756894e-01 3.6603153055e-02 -1.4458492982e+00
141 136 132
2 0 2970 -253.1000 45.6900 2 2171 -169.6300 -7.7000
-1.9141756894e-01 3.6603153055e-02 -1.4458492982e+00
141 136 132
2 0 2971 -253.1000 45.6900 2 2172 -169.6300 -7.7000
2.4713898118e-01 3.1002716320e-02 -1.4811825340e+00
130 129 127
2 0 2972 349.8700 40.7200 2 2814 324.8600 -5.3900
2.9664860060e-01 2.4592235158e-02 -1.4859420102e+00
168 165 160
2 0 2974 419.3600 32.5400 2 2818 393.8000 -13.5700
3.4666050191e-01 2.4017561306e-02 -1.4895638215e+00
153 148 144
2 0 2976 490.5900 31.8200 2 3199 466.6000 -12.9400
3.3254764570e-01 2.0916957819e-02 -1.4887562975e+00
158 153 149
2 0 2980 470.3500 27.2600 2 2823 445.7800 -17.6200
-1.7703245514e-01 1.7477419006e-02 -1.4482359306e+00
143 140 135
2 0 2987 -232.7900 19.4800 2 2196 -155.1200 -30.0700
2.5004682469e-01 -1.0554550688e-02 -1.4845209994e+00
153 150 147
2 0 2997 353.7100 -16.1500 2 2859 330.7500 -63.5000
3.0982276407e-01 -1.0871729092e-02 -1.4896019865e+00
159 156 149
2 0 2998 437.6700 -16.5000 2 2860 414.4100 -63.9900
1.2417205055e-01 -1.3148817086e-02 -1.4216304823e+00
214 217 88
2 0 3000 182.2500 -19.3700 2 2861 133.7700 -65.1700
3.0912933323e-01 -2.0434089925e-02 -1.4897329509e+00
151 146 140
2 0 3012 436.7600 -29.7700 2 2879 413.6200 -77.6100
7.8080223283e-02 -2.3786745082e-02 -1.4200250705e+00
37 40 32
2 0 3018 116.2800 -34.8800 2 2238 79.8700 -79.3200
7.8080223283e-02 -2.3786745082e-02 -1.4200250705e+00
37 40 32
2 0 3019 116.2800 -34.8800 2 2239 79.8700 -79.3200
-1.1678574147e-02 -3.1298220931e-02 -1.4641603343e+00
167 157 155
2 0 3030 -5.7100 -45.6600 2 2257 15.6200 -89.4900
3.2202986807e-01 -3.4530802055e-02 -1.4913482797e+00
119 118 113
2 0 3033 455.0900 -49.0700 2 2891 432.8800 -98.2400
3.2202986807e-01 -3.4530802055e-02 -1.4913482797e+00
119 118 113
2 0 3034 455.0900 -49.0700 2 2892 432.8800 -98.2400
3.4966383828e-01 -3.7542747041e-02 -1.4939476595e+00
129 122 116
2 0 3037 494.3800 -53.1400 2 2898 474.2600 -103.3500
-5.6959627984e-02 -3.8118153231e-02 -1.4304044079e+00
138 114 66
2 0 3039 -72.4700 -55.5100 2 3243 -55.3500 -97.4900
7.5557794798e-02 -4.2044279360e-02 -1.4212626487e+00
233 241 184
2 0 3040 112.8300 -60.7000 2 2278 77.7400 -103.8500
8.3697970185e-02 -5.1444652568e-02 -1.4220996997e+00
35 34 39
2 0 3044 124.5300 -73.8600 2 2303 87.3700 -116.7600
8.3697970185e-02 -5.1444652568e-02 -1.4220996997e+00
35 34 39
2 0 3045 124.5300 -73.8600 2 2304 87.3700 -116.7600
-4.1227005926e-02 -5.4296745559e-02 -1.4628644488e+00
166 162 159
2 0 3049 -45.7700 -77.1300 2 2913 -15.6600 -117.8900
7.6230101425e-02 -5.8786473710e-02 -1.4221962166e+00
46 33 35
2 0 3055 113.9300 -84.4300 2 2314 78.9900 -126.3200
2.7754944932e-01 -6.2705632196e-02 -1.4906065948e+00
157 154 149
2 0 3057 392.1000 -87.3800 2 2925 371.3700 -137.6700
-1.3756273102e-01 -6.0720215054e-02 -1.3282157111e+00
69 80 51
2 0 3059 -214.1700 -92.6100 2 1149 -219.2300 -125.2200
-1.3756273102e-01 -6.0720215054e-02 -1.3282157111e+00
69 80 51
2 0 3060 -214.1700 -92.6100 2 1150 -219.2300 -125.2200
3.2670693200e-01 -6.9745744355e-02 -1.4946236953e+00
127 122 116
2 0 3063 461.5300 -97.2800 2 2941 442.0800 -149.8300
3.1695461226e-01 -7.1230323597e-02 -1.4938085854e+00
125 122 114
2 0 3071 447.7200 -99.9300 2 2942 427.8300 -150.9200
3.1695461226e-01 -7.1230323597e-02 -1.4938085854e+00
125 122 114
2 0 3072 447.7200 -99.9300 2 2943 427.8300 -150.9200
2.7778582434e-01 -7.4052551161e-02 -1.4910012873e+00
144 139 133
2 0 3074 392.5400 -103.0200 2 2949 372.1000 -153.7500
2.5192647638e-01 -7.8902865327e-02 -1.4894934513e+00
148 147 143
2 0 3080 356.3500 -109.4600 2 2956 336.8400 -159.5200
1.4994414285e-01 -8.8788198187e-02 -1.4277640525e+00
233 234 57
2 0 3087 219.8200 -127.0100 2 2969 168.1700 -169.7800
1.4646676135e-01 -9.4555052128e-02 -1.4282223185e+00
155 151 56
2 0 3095 214.8400 -135.1300 2 2391 164.3100 -177.6800
1.4646676135e-01 -9.4555052128e-02 -1.4282223185e+00
155 151 56
2 0 3096 214.8400 -135.1300 2 2392 164.3100 -177.6800
1.4969341082e-01 -9.5192979462e-02 -1.4284925541e+00
233 231 55
2 0 3097 219.5000 -135.7700 2 2978 168.3400 -179.0000
1.4882373800e-01 -9.7674201471e-02 -1.4281980465e+00
233 233 47
2 0 3102 218.2900 -139.6000 2 2398 167.1100 -182.1500
2.6020150510e-01 -1.0595672407e-01 -1.4920784768e+00
158 155 150
2 0 3107 368.0100 -146.4300 2 2995 349.7600 -198.2400
7.2016218125e-02 -1.0432967524e-01 -1.4247237093e+00
230 239 193
2 0 3116 108.3500 -149.0800 2 2986 75.6700 -187.3300
6.6040634408e-02 -1.0533836399e-01 -1.4244348486e+00
234 243 203
2 0 3122 99.8500 -150.4900 2 2410 68.7800 -188.4300
7.4312273426e-02 -1.0708373083e-01 -1.4249669558e+00
48 51 42
2 0 3124 111.6600 -152.7700 2 2988 78.3700 -191.3900
1.4545926989e-01 -1.1000935469e-01 -1.4293240168e+00
131 128 33
2 0 3129 213.5100 -157.2200 2 2429 163.8700 -198.9800
-9.4588502566e-02 -1.0488307957e-01 -1.3542391271e+00
136 136 19
2 0 3130 -142.3900 -157.4700 2 3313 -155.6800 -183.1200
1.4846240801e-01 -1.1254177593e-01 -1.4296527768e+00
229 231 56
2 0 3133 217.8600 -160.7500 2 2436 167.6900 -202.7700
1.4805634793e-01 -1.1873891633e-01 -1.4298884686e+00
237 234 58
2 0 3141 217.3700 -169.1500 2 3008 167.3200 -211.8400
1.4802926545e-01 -1.2316785658e-01 -1.4302296003e+00
233 235 43
2 0 3149 217.3600 -175.6600 2 2459 167.5500 -217.8000
1.4802926545e-01 -1.2316785658e-01 -1.4302296003e+00
233 235 43
2 0 3150 217.3600 -175.6600 2 2460 167.5500 -217.8000
-1.2808513175e-01 -1.2108890509e-01 -1.3318220119e+00
237 205 68
2 0 3160 -198.9600 -184.6800 2 2442 -208.8700 -204.6000
-1.2808513175e-01 -1.2108890509e-01 -1.3318220119e+00
237 205 68
2 0 3161 -198.9600 -184.6800 2 2443 -208.8700 -204.6000
1.5083477225e-01 -1.3068739677e-01 -1.4308637280e+00
155 150 58
2 0 3162 221.4800 -186.3400 2 2470 171.3700 -228.5500
1.5083477225e-01 -1.3068739677e-01 -1.4308637280e+00
155 150 58
2 0 3163 221.4800 -186.3400 2 2471 171.3700 -228.5500
1.5061855454e-01 -1.3521853452e-01 -1.4312286005e+00
165 160 71
2 0 3167 221.2200 -192.6000 2 2476 171.3500 -235.0600
1.5061855454e-01 -1.3521853452e-01 -1.4312286005e+00
165 160 71
2 0 3168 221.2200 -192.6000 2 2477 171.3500 -235.0600
2.6998732187e-01 -1.4940630721e-01 -1.4962012261e+00
140 137 130
2 0 3180 381.9700 -205.3600 2 3043 366.2500 -261.5600
2.6998732187e-01 -1.4940630721e-01 -1.4962012261e+00
140 137 130
2 0 3181 381.9700 -205.3600 2 3044 366.2500 -261.5600
1.4310558280e-01 -1.4700679442e-01 -1.4313997483e+00
179 170 76
2 0 3182 210.5500 -209.4900 2 3036 162.4700 -250.8800
-3.6139321306e-02 -1.5494317195e-01 -1.4694607363e+00
161 155 155
2 0 3183 -37.7000 -212.9800 2 2487 -7.4300 -245.4900
-8.4012349191e-02 2.5902867545e-01 -1.4443031628e+00
174 173 169
2 0 3247 -108.7300 355.7600 2 2630 -66.5500 265.4900
8.4291661490e-02 2.3990789574e-01 -1.4547568684e+00
147 146 144
2 0 3248 124.4600 330.9500 2 2631 115.4000 262.1300
8.4686285201e-02 2.3542115849e-01 -1.4559014699e+00
173 174 169
2 0 3251 125.0000 324.2000 2 2633 116.5300 256.2200
8.9521227549e-02 1.3020928093e-01 -1.4113569839e+00
233 52 93
2 0 3265 132.0000 186.2700 2 2714 88.5000 126.5700
8.2258268611e-02 1.2839877074e-01 -1.4105112900e+00
218 56 79
2 0 3266 121.5400 183.7000 2 3131 79.6900 123.5900
8.5238917049e-02 1.2509233063e-01 -1.4112634875e+00
222 239 183
2 0 3268 125.8400 178.8600 2 3132 83.5300 119.3600
8.6171077294e-02 1.2184096530e-01 -1.4120202208e+00
245 233 179
2 0 3269 127.1900 174.1700 2 2718 85.0800 114.9000
8.2128127050e-02 1.2162896021e-01 -1.4117381082e+00
217 59 86
2 0 3270 121.3700 173.7200 2 2720 80.3300 114.4300
8.2128127050e-02 1.2162896021e-01 -1.4117381082e+00
217 59 86
2 0 3271 121.3700 173.7200 2 2721 80.3300 114.4300
8.9097717901e-02 1.1868541268e-01 -1.4123316271e+00
232 73 104
2 0 3274 131.4000 169.2700 2 2727 88.5400 111.3100
8.4812662877e-02 1.1816170636e-01 -1.4117709892e+00
229 239 178
2 0 3275 125.2400 168.7700 2 3141 83.3100 110.0700
7.4835717564e-02 1.1578460210e-01 -1.4123622945e+00
219 63 87
2 0 3278 110.9100 165.0800 2 3143 72.5500 105.9800
8.4936863836e-02 1.1220662672e-01 -1.4125075183e+00
228 238 181
2 0 3279 125.4300 160.0000 2 2735 83.8900 102.1700
8.1156976300e-02 1.0904563139e-01 -1.4121495744e+00
233 52 85
2 0 3280 120.0000 155.3500 2 3144 79.3400 97.8300
9.3996409750e-02 1.0359608529e-01 -1.4134548753e+00
226 239 204
2 0 3282 138.4800 147.6100 2 2744 94.6600 91.3600
9.3996409750e-02 1.0359608529e-01 -1.4134548753e+00
226 239 204
2 0 3283 138.4800 147.6100 2 2745 94.6600 91.3600
7.3809546182e-02 1.0284738941e-01 -1.4130949093e+00
231 59 85
2 0 3284 109.4800 146.2800 2 2746 71.7400 88.8300
8.3858239676e-02 9.4423274480e-02 -1.4135244342e+00
223 239 186
2 0 3287 123.9300 134.3700 2 2759 83.1500 78.3000
7.2989303506e-02 9.0567105593e-02 -1.4140679374e+00
229 53 84
2 0 3291 108.3500 128.2900 2 3155 71.3500 72.7100
8.0188498711e-02 8.5060950382e-02 -1.4138546601e+00
228 78 91
2 0 3293 118.6900 120.7200 2 2770 79.1400 65.7500
8.0188498711e-02 8.5060950382e-02 -1.4138546601e+00
228 78 91
2 0 3294 118.6900 120.7200 2 2771 79.1400 65.7500
7.2841405106e-02 7.9104719992e-02 -1.4146312524e+00
216 67 90
2 0 3295 108.1900 111.9600 2 3159 71.4300 57.3600
8.0065855060e-02 7.8519705383e-02 -1.4142002224e+00
213 57 81
2 0 3297 118.5400 111.3500 2 2776 79.1600 57.0000
9.8668853484e-02 7.7519921804e-02 -1.4148307091e+00
216 63 86
2 0 3298 145.2700 110.3600 2 2777 100.5800 56.4800
7.5502312867e-02 6.1691971566e-02 -1.4156433517e+00
237 230 190
2 0 3307 112.0800 87.0400 2 3170 74.8800 34.3700
8.9961887580e-02 5.7666214320e-02 -1.4157484440e+00
243 232 200
2 0 3308 132.8200 81.5800 2 3175 91.1100 29.6100
8.9961887580e-02 5.7666214320e-02 -1.4157484440e+00
243 232 200
2 0 3309 132.8200 81.5800 2 3176 91.1100 29.6100
7.8462338862e-02 5.7367176256e-02 -1.4148735253e+00
238 58 93
2 0 3312 116.3300 81.0200 2 3179 77.5600 28.8200
8.5325546236e-02 4.5841463356e-02 -1.4164280607e+00
234 52 90
2 0 3318 126.2100 64.1800 2 2799 86.2300 14.0400
7.7933092804e-02 4.3509154126e-02 -1.4155449340e+00
235 58 82
2 0 3321 115.6400 61.1600 2 3190 77.2700 10.3800
7.7933092804e-02 4.3509154126e-02 -1.4155449340e+00
235 58 82
2 0 3322 115.6400 61.1600 2 3191 77.2700 10.3800
1.2665847805e-01 3.6583597467e-02 -1.4185692228e+00
238 228 80
2 0 3326 185.6600 51.7900 2 3194 134.9800 2.4800
-1.0036588606e-01 1.0447604760e-02 -1.4543649958e+00
146 138 135
2 0 3337 -127.3800 10.4900 2 2830 -78.8600 -37.8300
1.3094755684e-01 -2.2802158994e-03 -1.4212352107e+00
139 131 39
2 0 3341 191.9600 -3.6400 2 2840 141.5000 -50.5100
7.3746658802e-02 -3.8657675289e-02 -1.4207090454e+00
224 233 187
2 0 3366 110.2100 -56.0400 2 2893 75.3600 -99.1500
7.3746658802e-02 -3.8657675289e-02 -1.4207090454e+00
224 233 187
2 0 3367 110.2100 -56.0400 2 2894 75.3600 -99.1500
7.3746658802e-02 -3.8657675289e-02 -1.4207090454e+00
224 233 187
2 0 3368 110.2100 -56.0400 2 2895 75.3600 -99.1500
1.0106385837e-01 -5.9115382044e-02 -1.4233187220e+00
219 53 72
2 0 3381 149.4100 -84.8200 2 3256 107.9000 -127.3800
8.3949216960e-02 -6.3155093648e-02 -1.4233399707e+00
232 235 189
2 0 3384 124.9800 -90.6200 2 3258 88.4500 -132.3400
8.5511401093e-02 -6.6884257528e-02 -1.4224664251e+00
229 53 67
2 0 3386 127.2500 -95.8300 2 3262 89.5300 -137.5600
9.3031014501e-02 -7.0045059011e-02 -1.4233902606e+00
214 59 67
2 0 3387 138.0200 -100.2800 2 3267 98.6900 -142.0500
-5.5673668248e-02 -7.9535479938e-02 -1.4327792315e+00
138 105 53
2 0 3393 -70.2200 -113.6000 2 3521 -53.0300 -149.4500
7.5375273699e-02 -8.0576530846e-02 -1.4233049835e+00
27 36 36
2 0 3396 112.9000 -115.4800 2 2951 78.6300 -155.4200
7.5375273699e-02 -8.0576530846e-02 -1.4233049835e+00
27 36 36
2 0 3397 112.9000 -115.4800 2 2952 78.6300 -155.4200
-1.2534991938e-01 -7.6857297130e-02 -1.3299829767e+00
26 57 41
2 0 3400 -195.1500 -116.9500 2 2931 -206.2700 -146.7000
-1.2534991938e-01 -7.6857297130e-02 -1.3299829767e+00
26 57 41
2 0 3402 -195.1500 -116.9500 2 2932 -206.2700 -146.7000
6.2432010195e-02 -8.3127146891e-02 -1.4229681740e+00
39 43 39
2 0 3403 94.5000 -118.8500 2 2954 63.9200 -158.6500
1.4633321576e-01 -8.7959635628e-02 -1.4277774229e+00
167 167 64
2 0 3407 214.6000 -125.6200 2 3294 163.8400 -168.6500
8.7305877889e-02 -9.4119837429e-02 -1.4233090558e+00
40 46 35
2 0 3412 130.0700 -134.5200 2 3301 91.9200 -174.5100
8.7305877889e-02 -9.4119837429e-02 -1.4233090558e+00
40 46 35
2 0 3413 130.0700 -134.5200 2 3302 91.9200 -174.5100
7.0018249832e-02 -1.0062715534e-01 -1.4242964319e+00
229 238 186
2 0 3417 105.4700 -143.7300 2 3311 73.1500 -182.3700
-1.3765456800e-01 -9.4581736954e-02 -1.3300701333e+00
238 204 73
2 0 3418 -213.8700 -144.5300 2 2966 -218.8100 -169.1400
9.1811220859e-02 -1.0318537988e-01 -1.4251940315e+00
42 50 39
2 0 3423 136.5900 -147.2700 2 2985 98.3300 -187.0100
-9.5580713239e-02 -1.0107864417e-01 -1.3507607588e+00
6 37 21
2 0 3427 -144.7100 -151.6900 2 3541 -159.5600 -178.7300
-1.2926443463e-01 -1.0018192190e-01 -1.3310192221e+00
241 197 84
2 0 3429 -200.8700 -152.6800 2 2975 -209.9900 -177.0700
-1.3863995519e-01 -1.0204191558e-01 -1.3303093790e+00
236 205 76
2 0 3432 -215.3200 -155.7200 2 2979 -219.8500 -179.1400
-1.2889171354e-01 -1.0935455785e-01 -1.3311925455e+00
239 198 67
2 0 3437 -200.3100 -166.8700 2 2987 -209.7800 -188.9800
8.9940662381e-02 -1.2316786978e-01 -1.4264223666e+00
42 46 41
2 0 3439 134.1300 -175.5000 2 3352 96.9300 -214.2300
8.9940662381e-02 -1.2316786978e-01 -1.4264223666e+00
42 46 41
2 0 3440 134.1300 -175.5000 2 3353 96.9300 -214.2300
-1.2778508799e-01 -1.2757639701e-01 -1.3322151853e+00
239 202 72
2 0 3446 -198.4300 -194.6400 2 3009 -208.4600 -213.1100
-8.7237096779e-02 -1.4340421985e-01 -1.3697552300e+00
77 99 134
2 0 3450 -127.8700 -212.3100 2 3560 -136.5200 -234.0100
1.4474471385e-01 -1.5379936650e-01 -1.4314450662e+00
229 230 48
2 0 3454 213.0200 -219.3700 2 3041 164.4900 -260.4600
1.4874358483e-01 -1.5770047389e-01 -1.4322491413e+00
108 104 14
2 0 3457 218.8000 -224.8500 2 3372 169.8700 -266.3200
2.7251662628e-01 -1.6551491224e-01 -1.4973066048e+00
137 134 123
2 0 3458 385.7200 -227.5300 2 3379 370.7800 -285.0000
1.4515881961e-01 -1.6078262408e-01 -1.4322393680e+00
229 232 56
2 0 3459 213.6900 -229.0300 2 3374 165.5300 -270.5300
1.4488167687e-01 -1.7117195244e-01 -1.4327662954e+00
232 234 58
2 0 3463 213.4400 -243.7700 2 3378 165.5800 -285.2400
1.4729480459e-01 -1.7970338053e-01 -1.4331077964e+00
138 136 51
2 0 3466 217.0500 -256.1400 2 3065 168.7700 -297.4500
1.0420125620e-01 1.3670433114e-01 -1.4107697404e+00
228 57 86
2 0 3478 153.2100 196.3400 2 3421 104.8600 136.4600
1.0420125620e-01 1.3670433114e-01 -1.4107697404e+00
228 57 86
2 0 3479 153.2100 196.3400 2 3422 104.8600 136.4600
7.5660436560e-02 1.2186947886e-01 -1.4123262133e+00
214 62 79
2 0 3484 112.0800 173.8900 2 3430 73.5400 114.0400
8.4210046408e-02 1.0030187573e-01 -1.4130505895e+00
239 237 202
2 0 3486 124.4200 142.9600 2 3150 83.2900 86.0900
8.4210046408e-02 1.0030187573e-01 -1.4130505895e+00
239 237 202
2 0 3487 124.4200 142.9600 2 3151 83.2900 86.0900
8.9276911783e-02 1.0012659735e-01 -1.4133483431e+00
225 58 84
2 0 3488 131.7000 142.6000 2 3152 89.2000 86.3600
1.0031191359e-01 9.0343301624e-02 -1.4143173770e+00
229 66 86
2 0 3490 147.6000 128.7000 2 3154 102.2600 73.9100
7.3628245759e-02 8.5148807923e-02 -1.4142573410e+00
223 58 73
2 0 3491 109.2900 120.6700 2 3156 72.1200 65.4200
1.0155537045e-01 8.2738466639e-02 -1.4134035431e+00
224 64 81
2 0 3492 149.4400 118.1200 2 3444 102.9100 63.7400
8.3654251056e-02 8.1346366185e-02 -1.4139934471e+00
233 235 201
2 0 3493 123.6800 115.5600 2 3447 83.0700 60.9000
1.2863385875e-01 5.9231595323e-02 -1.4174016869e+00
146 151 49
2 0 3498 188.4700 84.3900 2 3172 136.7200 33.2500
9.8429301831e-02 5.7463575740e-02 -1.4164853701e+00
249 225 199
2 0 3501 144.9700 81.3100 2 3459 101.2300 29.7000
1.2833965407e-01 5.2931552637e-02 -1.4179601733e+00
215 220 127
2 0 3504 188.0300 74.9400 2 3182 136.7000 25.0500
1.0348689768e-01 4.8183671629e-02 -1.4169647313e+00
229 241 183
2 0 3508 152.2700 68.0200 2 3184 107.2200 17.5300
6.7296626105e-02 4.4314078495e-02 -1.4162722123e+00
223 50 79
2 0 3511 100.4400 62.1200 2 3188 65.9900 10.9800
6.7296626105e-02 4.4314078495e-02 -1.4162722123e+00
223 50 79
2 0 3512 100.4400 62.1200 2 3189 65.9900 10.9800
-6.6778947296e-02 2.9546841936e-02 -1.4562396876e+00
141 135 135
2 0 3516 -81.6300 36.6200 2 3200 -44.5000 -13.8900
-6.6778947296e-02 2.9546841936e-02 -1.4562396876e+00
141 135 135
2 0 3517 -81.6300 36.6200 2 3201 -44.5000 -13.8900
1.2290404810e-01 -1.7510145988e-02 -1.4220156807e+00
190 191 66
2 0 3520 180.4400 -25.6100 2 3483 132.5300 -71.1000
-1.5590634594e-01 -2.1169903420e-02 -1.3273404883e+00
241 206 105
2 0 3522 -242.1700 -32.1400 2 3220 -236.5000 -74.1800
-1.6139712190e-01 -4.1077723980e-02 -1.3245266804e+00
159 149 140
2 0 3527 -251.5600 -62.7900 2 3244 -244.9000 -99.6100
8.8674549989e-02 -5.2053566513e-02 -1.4232545536e+00
229 235 189
2 0 3528 131.6300 -74.8500 2 3499 93.8300 -117.5000
8.8674549989e-02 -5.2053566513e-02 -1.4232545536e+00
229 235 189
2 0 3529 131.6300 -74.8500 2 3500 93.8300 -117.5000
7.2682525905e-02 -5.4723252983e-02 -1.4215202211e+00
229 235 187
2 0 3531 108.8300 -78.7400 2 3253 74.5800 -120.7400
7.6902926381e-02 -6.5164586183e-02 -1.4225822310e+00
235 238 187
2 0 3535 114.9500 -93.3700 2 3510 79.9500 -135.0100
7.6902926381e-02 -6.5164586183e-02 -1.4225822310e+00
235 238 187
2 0 3536 114.9500 -93.3700 2 3511 79.9500 -135.0100
3.0676224976e-01 -7.2209242027e-02 -1.4931137495e+00
151 148 139
2 0 3538 433.3200 -100.7500 2 3523 413.1000 -152.3100
7.7704115105e-02 -7.0960562818e-02 -1.4254699289e+00
212 53 74
2 0 3541 116.1600 -101.5300 2 3516 82.9000 -142.7000
7.7704115105e-02 -7.0960562818e-02 -1.4254699289e+00
212 53 74
2 0 3542 116.1600 -101.5300 2 3517 82.9000 -142.7000
8.8093952029e-02 -7.0588875667e-02 -1.4227707587e+00
236 234 188
2 0 3543 130.9700 -101.1400 2 3269 92.6400 -142.5800
8.8093952029e-02 -7.0588875667e-02 -1.4227707587e+00
236 234 188
2 0 3544 130.9700 -101.1400 2 3270 92.6400 -142.5800
-8.6479356351e-02 -6.9067413995e-02 -1.3682015525e+00
77 97 148
2 0 3546 -127.0000 -102.5200 2 3613 -134.9000 -136.6100
-1.3493879738e-01 -7.4227440241e-02 -1.3290681317e+00
109 116 77
2 0 3553 -209.9700 -113.2800 2 3268 -216.3600 -142.7900
1.0549272724e-01 -7.9880324150e-02 -1.4242879117e+00
221 56 72
2 0 3554 155.9400 -114.2600 2 3526 113.5100 -155.8200
7.5290634224e-02 -9.1136237394e-02 -1.4243302057e+00
232 244 182
2 0 3557 112.9000 -130.0900 2 3296 79.1500 -169.9700
7.5290634224e-02 -9.1136237394e-02 -1.4243302057e+00
232 244 182
2 0 3558 112.9000 -130.0900 2 3297 79.1500 -169.9700
1.4838745560e-01 -1.0179265055e-01 -1.4287791011e+00
231 229 56
2 0 3562 217.6800 -145.2200 2 3324 166.9700 -188.0600
7.8785098381e-02 -1.0578654824e-01 -1.4254407900e+00
231 239 192
2 0 3566 118.0200 -150.9900 2 3326 83.7600 -189.7500
6.6291642118e-02 -1.0810073294e-01 -1.4248831073e+00
231 237 196
2 0 3568 100.2800 -153.6000 2 3545 69.2800 -192.9700
-1.3328800514e-01 -1.0109078065e-01 -1.3303132431e+00
137 146 94
2 0 3569 -207.2000 -154.2600 2 3306 -214.5800 -178.0500
-1.3328800514e-01 -1.0109078065e-01 -1.3303132431e+00
137 146 94
2 0 3570 -207.2000 -154.2600 2 3307 -214.5800 -178.0500
7.6179668178e-02 -1.1209456106e-01 -1.4252380620e+00
230 241 185
2 0 3572 114.3800 -159.7300 2 3334 80.6000 -198.4300
8.7648549638e-02 -1.1554229274e-01 -1.4257226332e+00
230 238 197
2 0 3575 130.7600 -165.0200 2 3551 93.9100 -203.3700
-1.3314830205e-01 -1.0910040868e-01 -1.3306832899e+00
145 154 111
2 0 3576 -206.9200 -166.5300 2 3322 -214.4000 -188.5400
-1.3314830205e-01 -1.0910040868e-01 -1.3306832899e+00
145 154 111
2 0 3577 -206.9200 -166.5300 2 3323 -214.4000 -188.5400
-1.2347648357e-01 -1.1555841514e-01 -1.3320640981e+00
160 163 87
2 0 3579 -191.8700 -176.2000 2 3333 -203.9100 -197.4100
-9.4332709688e-02 -1.1854562967e-01 -1.3547618605e+00
13 36 11
2 0 3582 -141.8900 -177.3500 2 3630 -155.4700 -201.7700
-1.2778557998e-01 -1.1787970821e-01 -1.3320006147e+00
234 204 80
2 0 3583 -198.4300 -179.7300 2 3339 -208.3000 -200.3600
-3.9326582533e-02 -1.3048323456e-01 -1.4675440456e+00
153 152 148
2 0 3585 -42.3400 -180.1700 2 3349 -11.6100 -213.9600
-1.2817009675e-01 -1.2391876115e-01 -1.3316694813e+00
240 202 69
2 0 3587 -199.1600 -189.1500 2 3346 -209.1800 -208.2300
-1.3251005619e-01 -1.3066249772e-01 -1.3313570926e+00
144 157 103
2 0 3589 -205.8900 -199.6000 2 3354 -213.9700 -216.9400
-1.3251005619e-01 -1.3066249772e-01 -1.3313570926e+00
144 157 103
2 0 3590 -205.8900 -199.6000 2 3355 -213.9700 -216.9400
-1.3284374536e-01 -1.3694081758e-01 -1.3319615779e+00
61 89 33
2 0 3591 -206.2500 -209.0900 2 3361 -214.0100 -225.2800
-1.3284374536e-01 -1.3694081758e-01 -1.3319615779e+00
61 89 33
2 0 3592 -206.2500 -209.0900 2 3362 -214.0100 -225.2800
9.2466268201e-02 1.3650892380e-01 -1.4114604615e+00
229 60 80
2 0 3598 136.2400 195.5500 2 3423 92.0100 135.0500
9.0437949910e-02 1.2578801220e-01 -1.4120826540e+00
211 63 76
2 0 3599 133.3300 180.0700 2 3429 90.0000 120.3600
1.0313568065e-01 1.0878745436e-01 -1.4126126530e+00
226 80 99
2 0 3602 151.6700 155.8200 2 3434 104.5300 98.6500
9.0388063705e-02 9.0832066864e-02 -1.4141397528e+00
246 84 110
2 0 3603 133.3200 129.2000 2 3438 90.8900 73.9600
8.4360536778e-02 8.8804271554e-02 -1.4139358559e+00
228 240 184
2 0 3604 124.6700 126.3000 2 3439 83.9300 70.8000
8.4360536778e-02 8.8804271554e-02 -1.4139358559e+00
228 240 184
2 0 3605 124.6700 126.3000 2 3440 83.9300 70.8000
9.5286231183e-02 8.6323269989e-02 -1.4141883581e+00
226 243 194
2 0 3606 140.3800 122.8900 2 3441 96.4000 68.2000
8.8408697928e-02 7.6894587463e-02 -1.4147629895e+00
215 66 86
2 0 3607 130.5200 109.1600 2 3579 88.9100 55.2000
8.8408697928e-02 7.6894587463e-02 -1.4147629895e+00
215 66 86
2 0 3608 130.5200 109.1600 2 3580 88.9100 55.2000
1.0289094014e-01 7.6729732607e-02 -1.4152218559e+00
236 238 206
2 0 3609 151.3400 109.1600 2 3449 105.6600 55.7300
9.4642981180e-02 6.7518962732e-02 -1.4157130474e+00
226 239 192
2 0 3610 139.5000 95.7000 2 3450 96.5100 43.0100
9.4642981180e-02 6.7518962732e-02 -1.4157130474e+00
226 239 192
2 0 3611 139.5000 95.7000 2 3451 96.5100 43.0100
8.8031168832e-02 6.3254852009e-02 -1.4160381007e+00
215 65 83
2 0 3613 130.0200 89.3400 2 3455 89.2200 37.1000
8.0764964151e-02 6.2100699621e-02 -1.4142836037e+00
232 238 190
2 0 3614 119.6100 87.9800 2 3581 79.7700 35.1500
8.0764964151e-02 6.2100699621e-02 -1.4142836037e+00
232 238 190
2 0 3615 119.6100 87.9800 2 3582 79.7700 35.1500
1.3423583779e-01 6.1672064187e-02 -1.4175077479e+00
238 234 60
2 0 3617 196.5500 87.6400 2 3457 143.3900 37.1700
8.6376265164e-02 5.2780123688e-02 -1.4164596683e+00
225 61 82
2 0 3618 127.7000 74.6100 2 3463 87.5200 22.7500
1.3341202152e-01 4.3491792187e-02 -1.4183941112e+00
238 233 87
2 0 3621 195.3900 61.6400 2 3465 142.8400 12.2500
1.4081828083e-01 3.9536614323e-02 -1.4191124560e+00
238 238 62
2 0 3623 206.0900 56.2300 2 3468 152.0300 6.8800
1.4081828083e-01 3.9536614323e-02 -1.4191124560e+00
238 238 62
2 0 3624 206.0900 56.2300 2 3469 152.0300 6.8800
8.5615169361e-02 3.5339309801e-02 -1.4173197858e+00
213 56 78
2 0 3625 126.6900 49.5900 2 3470 87.0600 -0.4700
9.8379824442e-02 3.4670693895e-02 -1.4168734991e+00
214 64 76
2 0 3626 145.0100 48.9800 2 3471 101.1600 -1.0800
9.8379824442e-02 3.4670693895e-02 -1.4168734991e+00
214 64 76
2 0 3627 145.0100 48.9800 2 3472 101.1600 -1.0800
-4.2673719016e-02 -4.0108936919e-03 -1.4593478984e+00
173 166 168
2 0 3632 -48.4000 -9.1200 2 3592 -18.8500 -54.8800
7.9885512107e-02 -4.4821464136e-02 -1.4213869470e+00
33 33 36
2 0 3636 119.0300 -64.5400 2 3495 82.6400 -107.7300
9.4186083876e-02 -7.4874464653e-02 -1.4233643180e+00
211 55 68
2 0 3645 139.7200 -107.1200 2 3615 99.9400 -148.6700
9.1053013994e-02 -8.4721987722e-02 -1.4234052932e+00
50 54 39
2 0 3647 135.3300 -121.2200 2 3623 96.3300 -161.8200
-1.3718313838e-01 -1.0508039740e-01 -1.3311961318e+00
246 201 80
2 0 3659 -212.8400 -160.2000 2 3543 -217.7600 -183.2200
-9.4868508188e-02 -1.4908839919e-01 -1.3550185911e+00
15 50 27
2 0 3667 -142.7400 -223.3900 2 3688 -156.7700 -242.1100
-1.6060633258e-01 -1.7117298048e-01 -1.3282996225e+00
151 146 138
2 0 3669 -250.0700 -262.4500 2 3635 -245.8000 -269.7200
8.6299813353e-02 6.9596062013e-02 -1.4157497827e+00
225 241 201
2 0 3674 127.5200 98.6500 2 3652 87.1500 45.2000
1.1796747612e-01 -1.0592553745e-02 -1.4204706027e+00
213 211 71
2 0 3682 173.3600 -15.5100 2 3657 125.7400 -61.9300
1.3005692197e-01 -2.1458530835e-02 -1.4221309444e+00
230 224 83
2 0 3686 190.7800 -31.0000 2 3662 140.9300 -76.7000
1.3005692197e-01 -2.1458530835e-02 -1.4221309444e+00
230 224 83
2 0 3687 190.7800 -31.0000 2 3663 140.9300 -76.7000
6.6100923672e-02 -3.6940797066e-02 -1.4201554276e+00
148 156 133
2 0 3691 99.3000 -53.4200 2 3664 66.4600 -97.0000
9.3251502500e-02 -4.5284406018e-02 -1.4217090246e+00
29 33 32
2 0 3694 138.1300 -65.2400 2 3606 97.9600 -108.4800
6.7455870518e-02 -4.5569404624e-02 -1.4215045382e+00
230 236 190
2 0 3696 101.3200 -65.6500 2 3667 68.8500 -108.5200
7.9154635851e-02 -5.7356375401e-02 -1.4232785313e+00
49 21 24
2 0 3702 118.0900 -82.4800 2 3609 83.0800 -124.3300
9.2111494537e-02 -5.8874607535e-02 -1.4225612163e+00
33 40 29
2 0 3703 136.6100 -84.4800 2 3672 97.1500 -126.8700
7.7536914917e-02 -8.3479362037e-02 -1.4245783395e+00
31 32 35
2 0 3717 116.0300 -119.2500 2 3676 81.9300 -159.6700
-1.5610288219e-01 -1.6646273108e-01 -1.3318307831e+00
250 211 98
2 0 3730 -241.9100 -254.7900 2 3633 -237.9900 -262.9500
7.6975400931e-02 1.1305727034e-01 -1.4124426594e+00
156 87 72
2 0 3733 113.9900 161.2100 2 3650 74.9500 102.5200
8.6438503367e-02 8.5120462884e-02 -1.4151625421e+00
228 238 192
2 0 3734 127.6600 120.7700 2 3651 87.1000 66.0400
7.4821683224e-02 6.9028605306e-02 -1.4149365395e+00
200 85 93
2 0 3736 111.0700 97.6600 2 3653 73.7100 44.0200
-8.9331572157e-02 -5.7277229828e-02 -1.3631000354e+00
149 155 178
2 0 3744 -132.3700 -85.0900 2 3712 -141.6900 -121.6100
6.4375674639e-02 -9.1209438044e-02 -1.4243221076e+00
230 237 191
2 0 3746 97.3600 -130.3400 2 3679 66.9900 -169.4200
8.6195841728e-02 -1.0884458268e-01 -1.4248720362e+00
32 37 34
2 0 3747 128.6500 -154.9100 2 3683 91.6300 -194.8800
-8.7357127673e-02 -1.3190408633e-01 -1.3680150125e+00
141 147 170
2 0 3752 -128.4400 -195.8800 2 3721 -137.6900 -218.4900
7.5811038552e-02 9.7254672292e-02 -1.4130516281e+00
233 60 79
2 0 3755 112.3500 137.6700 2 3696 73.8400 82.2800
9.5159715098e-02 7.6918354258e-02 -1.4132875379e+00
235 241 197
2 0 3757 140.2400 109.4500 2 3697 95.4700 55.8300
-9.5345882270e-02 -8.0664360457e-02 -1.3532942612e+00
137 140 22
2 0 3765 -143.7000 -121.2100 2 3716 -156.5200 -151.3800
-9.5345882270e-02 -8.0664360457e-02 -1.3532942612e+00
137 140 22
2 0 3766 -143.7000 -121.2100 2 3717 -156.5200 -151.3800
-8.6065476293e-02 -8.1124862708e-02 -1.3682439682e+00
142 146 166
2 0 3767 -126.3800 -120.0900 2 3730 -134.8000 -152.5700
9.3398737792e-02 -9.4290537850e-02 -1.4262688933e+00
230 237 206
2 0 3769 138.7400 -134.7700 2 3718 101.0100 -174.6800
9.7466951286e-02 9.6944347045e-02 -1.4135873346e+00
176 96 89
2 0 3781 143.5200 139.1400 2 3706 98.6100 81.6300
9.2406729553e-02 5.6745795895e-02 -1.4155514555e+00
200 67 80
2 0 3782 136.3200 79.8100 2 3707 93.7200 29.0600
7.6137559631e-02 3.7302690129e-03 -1.4183985109e+00
141 142 104
2 0 3784 113.3200 4.4700 2 3709 76.8300 -42.8300
1.1118903385e-01 5.5512184811e-02 -1.4165521838e+00
240 237 78
2 0 3799 163.3500 79.1200 2 3725 115.8400 27.2300
-1.4602163780e-01 -1.2050003519e-01 -1.3303305394e+00
241 202 65
2 0 3811 -226.6700 -184.6800 2 3732 -227.6300 -202.3900
-1.2792553619e-01 -1.2243584490e-01 -1.3323840809e+00
243 207 71
2 0 3812 -198.5200 -185.9900 2 3733 -208.3500 -207.1400
-1.2792553619e-01 -1.2243584490e-01 -1.3323840809e+00
243 207 71
2 0 3813 -198.5200 -185.9900 2 3734 -208.3500 -207.1400
1.3454215679e-01 -4.9557650947e-03 -1.4135579564e+00
125 131 52
2 0 3817 197.6700 -7.1700 2 3739 140.2300 -53.8800
6.4847043544e-02 2.6942324644e-02 -1.4174701566e+00
235 234 248
2 0 3820 97.0900 38.2100 2 3746 63.9000 -13.1100
8.3465132633e-02 -4.5551411381e-02 -1.4213463351e+00
60 64 48
2 0 3823 124.1500 -65.4900 2 3757 86.6200 -108.8500
