# Bundle file v0.3
3 114
1.9307712594e+03 2.0448999068e-01 1.4015600373e-02
9.9853754238e-01 8.1712167537e-03 5.3441628759e-02
-6.1215008833e-03 9.9924346179e-01 -3.8406136117e-02
-5.3715022988e-02 3.8022825793e-02 9.9783213068e-01
3.5317590794e-02 -2.4707484263e-02 4.6180749908e-02
0 0 0
0 0 0
0 0 0
0 0 0
0 0 0
2.1847633023e+03 -1.2714124472e-01 -7.4222005115e-03
5.7714249960e-01 9.6648458403e-02 8.1090419326e-01
4.8676427305e-01 7.5658788451e-01 -4.3661804303e-01
-6.5571874889e-01 6.4671001887e-01 3.8961400623e-01
6.2431838406e-01 -3.4641558339e-01 -6.8799888789e-01
1.4652074109e-01 8.1739251764e-02 -6.5200282907e-01
211 210 208
2 0 2596 474.4600 260.8900 2 523 415.1400 157.9100
9.9215850709e-02 5.9477542617e-02 -6.9630676644e-01
154 149 145
2 0 2686 291.0200 181.2800 2 2047 271.4700 112.8200
1.3372018375e-01 3.1089465313e-02 -6.2404324725e-01
156 153 149
2 0 2788 455.3600 99.1400 2 793 431.7000 31.6000
1.1635848069e-01 2.9666152117e-02 -6.4619258876e-01
205 200 197
2 0 2795 378.1100 93.8400 2 791 371.6800 32.0100
1.3544143234e-01 2.6704232544e-02 -6.1756603833e-01
206 202 197
2 0 2813 467.3400 84.5100 2 817 443.6100 20.0100
1.1893779334e-01 2.3420928739e-02 -6.3716172352e-01
201 196 193
2 0 2834 393.5700 73.5900 2 823 388.6600 15.8500
1.1435362923e-01 1.1205256549e-02 -6.3211643813e-01
199 196 191
2 0 2900 381.9000 33.2700 2 881 388.2000 -13.7700
1.0086331614e-01 5.4826832060e-03 -6.4501281610e-01
202 197 191
2 0 2934 327.3000 15.7400 2 907 347.9600 -24.8600
-9.8726230213e-02 -7.2173748301e-03 -7.7987490228e-01
172 182 57
2 0 2971 -279.8800 -3.4600 2 1181 -154.1400 -139.4400
-9.8726230213e-02 -7.2173748301e-03 -7.7987490228e-01
172 182 57
2 0 2972 -279.8800 -3.4600 2 1182 -154.1400 -139.4400
1.2714944111e-01 1.7993087703e-04 -6.0486416060e-01
162 157 151
2 0 2987 449.7100 -7.0300 2 948 447.0000 -44.0500
9.2550944765e-02 -3.7175960825e-03 -6.4778797105e-01
204 195 190
2 0 3004 298.2200 -13.3000 2 951 330.2700 -46.1000
1.1600884147e-01 -4.6300381164e-03 -6.1541549943e-01
144 141 134
2 0 3021 401.0400 -21.6200 2 969 414.0600 -53.6400
-5.9253325275e-02 -1.7202873441e-02 -7.7431475534e-01
4 16 5
2 0 3045 -174.5100 -31.3800 2 1111 -89.6200 -114.1400
1.1942179995e-01 -9.6327362703e-03 -6.0634634259e-01
198 193 187
2 0 3066 420.7500 -40.5700 2 999 432.2400 -66.4500
9.6112047601e-02 -1.8136751990e-02 -6.2994971064e-01
195 187 183
2 0 3138 321.6300 -63.6400 2 1044 361.2100 -82.3900
1.0968813268e-01 -1.6698936423e-02 -6.1266822103e-01
209 201 198
2 0 3140 381.0300 -63.2800 2 1042 407.8000 -81.8700
6.1137829038e-02 -3.0075080689e-02 -6.6576990067e-01
180 174 171
2 0 3221 187.8700 -92.2300 2 1090 253.3000 -104.9300
7.8839484160e-02 -3.3228306533e-02 -6.3890302449e-01
206 199 192
2 0 3280 258.3400 -110.3500 2 1121 320.6300 -116.2600
1.0015125868e-01 -3.1053149069e-02 -6.1236611493e-01
159 154 150
2 0 3284 348.1900 -111.8600 2 1114 392.3400 -115.3300
-1.1823403152e-01 -5.1464602389e-02 -7.6177256146e-01
153 105 70
2 0 3330 -339.6100 -126.5900 2 1476 -154.3000 -255.4100
5.1008779925e-02 -4.2771392000e-02 -6.6742567666e-01
154 149 145
2 0 3349 155.3300 -131.0000 2 1168 234.6400 -134.4100
-1.7818171694e-03 -4.7352748396e-02 -6.6996088652e-01
240 237 75
2 0 3387 -7.7100 -142.8800 2 2436 167.6900 -202.7700
-5.9918056485e-02 -6.6533109052e-02 -7.5317149839e-01
151 162 178
2 0 3457 -179.2300 -169.8800 2 1416 -60.9900 -215.4600
8.9926737155e-02 -4.8717768110e-02 -6.0955943925e-01
201 193 190
2 0 3471 314.8700 -172.8400 2 1232 379.4900 -156.8200
8.9926737155e-02 -4.8717768110e-02 -6.0955943925e-01
201 193 190
2 0 3472 314.8700 -172.8400 2 1233 379.4900 -156.8200
1.1043912033e-01 -5.8252741101e-02 -5.7306701230e-01
152 147 141
2 0 3626 419.2500 -225.3800 2 1316 462.5000 -183.9900
9.2208078409e-02 -6.6051269841e-02 -5.9029796400e-01
198 191 184
2 0 3667 337.3700 -243.0700 2 1359 409.6500 -199.2300
2.9519832630e-02 -9.8283680031e-02 -6.4430204465e-01
149 145 136
2 0 3869 95.6100 -317.0600 2 1503 232.8400 -267.0000
5.6516907076e-02 -1.0417453076e-01 -6.0189322957e-01
201 194 186
2 0 4003 204.1500 -367.9400 2 1548 335.8200 -285.9900
1.0546716756e-01 2.1929462206e-02 -6.5372880302e-01
208 203 199
2 0 4198 336.8300 69.0300 2 2148 343.0100 14.9700
1.3643695594e-01 1.6475217707e-02 -6.0668897611e-01
190 187 180
2 0 4206 481.2800 49.3000 2 2170 460.3200 -6.0200
1.2552052373e-01 5.4226412433e-03 -6.1186516725e-01
195 190 185
2 0 4252 437.4200 11.8300 2 2197 434.8100 -30.5200
1.3510150500e-01 6.0353731042e-03 -5.9932702892e-01
205 198 192
2 0 4253 483.5300 12.2300 2 2200 468.2000 -30.9800
1.2357278543e-01 -6.7104285244e-04 -6.0888096025e-01
206 201 195
2 0 4273 433.2400 -9.3600 2 950 435.6500 -45.3100
-9.7753117462e-02 -2.0498215086e-02 -7.7381771647e-01
131 110 99
2 0 4329 -278.7600 -39.7300 2 2369 -143.3000 -166.9200
7.4315616994e-02 -1.8591166973e-02 -6.5855970877e-01
193 185 183
2 0 4354 232.9800 -58.4200 2 2237 285.2700 -79.0400
-1.6662351310e-02 -2.8005952225e-02 -7.1224865187e-01
237 235 198
2 0 4382 -56.8600 -73.2000 2 2340 77.1600 -145.5200
-1.0389070764e-01 -3.7301935189e-02 -7.6703509662e-01
149 174 207
2 0 4403 -298.0800 -86.7800 2 2447 -141.5000 -208.5200
1.0763732152e-01 -2.5729158877e-02 -6.0733907741e-01
202 195 189
2 0 4419 378.3400 -95.3700 2 1085 411.4300 -103.7500
-7.5340942188e-02 -4.6860135727e-02 -7.6207865519e-01
17 3 0
2 0 4457 -220.0200 -113.3400 2 1349 -94.4300 -194.5200
1.0292666719e-01 -3.6397120806e-02 -6.0411301263e-01
187 182 178
2 0 4508 364.3800 -133.0600 2 2319 407.9700 -128.6500
1.2645485214e-01 -3.7138097590e-02 -5.7131727435e-01
191 186 180
2 0 4524 480.9300 -149.4600 2 1172 491.2200 -135.4900
1.1623426678e-01 -4.0052777758e-02 -5.8231468631e-01
160 157 150
2 0 4530 431.6200 -154.9500 2 1185 459.6200 -140.7700
4.9721607944e-02 -5.2838529952e-02 -6.5962263240e-01
168 163 160
2 0 4551 154.5000 -164.9700 2 2355 243.7100 -159.4300
9.7776711507e-02 -4.6183500799e-02 -6.0190783357e-01
149 144 140
2 0 4558 348.0500 -167.6100 2 1223 402.5200 -151.6800
1.2635799431e-01 -4.2850981292e-02 -5.6600653563e-01
190 185 179
2 0 4564 486.4100 -172.9800 2 1216 498.2000 -149.4600
9.9341834180e-02 -4.8904404027e-02 -5.9672319235e-01
199 192 186
2 0 4584 357.7200 -179.4700 2 1238 412.4700 -159.1000
1.0203548355e-01 -5.2501106303e-02 -5.8982554475e-01
194 190 181
2 0 4599 373.1300 -195.4800 2 1274 426.1800 -168.3400
8.0304451460e-02 -5.7331400924e-02 -6.1442047709e-01
198 193 187
2 0 4606 278.4100 -199.6900 2 2386 357.1000 -176.0500
1.0377065575e-01 -5.5541364850e-02 -5.8465972629e-01
196 191 182
2 0 4617 383.7800 -209.1300 2 1294 436.1600 -175.7900
8.1380975868e-02 -5.9754029995e-02 -6.1088379663e-01
200 195 190
2 0 4619 284.4900 -209.6200 2 1310 363.5900 -182.1000
9.4854004450e-02 -5.7434262667e-02 -5.9497642656e-01
191 186 180
2 0 4620 342.9800 -210.2800 2 2393 407.6500 -178.4500
8.7526582542e-02 -6.0337646807e-02 -6.0213553079e-01
161 153 146
2 0 4630 311.7600 -216.4100 2 1315 385.8000 -184.2800
9.8005259828e-02 -6.0121089787e-02 -5.8808859741e-01
190 186 179
2 0 4644 360.0700 -223.3500 2 1322 421.9900 -186.0700
8.0874808047e-02 -6.5688884596e-02 -6.0601032462e-01
145 136 131
2 0 4658 285.7600 -232.7400 2 2423 369.7700 -195.9400
1.0569422988e-01 -6.7096100957e-02 -5.7080070678e-01
196 189 181
2 0 4697 403.7600 -259.1000 2 1376 458.0100 -204.7500
1.1571546072e-01 -6.7838005592e-02 -5.5655131355e-01
191 186 178
2 0 4713 456.1800 -271.8100 2 1394 493.5000 -208.1600
1.1571546072e-01 -6.7838005592e-02 -5.5655131355e-01
191 186 178
2 0 4714 456.1800 -271.8100 2 1395 493.5000 -208.1600
1.1489585150e-01 -7.0076582069e-02 -5.5567965780e-01
193 188 184
2 0 4726 454.0500 -280.8100 2 1410 493.1500 -213.4000
6.9620899005e-02 -8.8289061910e-02 -5.9951549171e-01
183 178 172
2 0 4799 251.0300 -314.6900 2 2494 360.3600 -249.3800
9.6398308529e-02 -8.3902657680e-02 -5.6741726283e-01
192 192 184
2 0 4816 372.3700 -323.2400 2 1457 447.3200 -243.7100
6.5190599986e-02 -9.2067382858e-02 -6.0215569313e-01
164 159 153
2 0 4822 233.9800 -325.8600 2 2500 349.4200 -257.5300
6.5190599986e-02 -9.2067382858e-02 -6.0215569313e-01
164 159 153
2 0 4824 233.9800 -325.8600 2 2502 349.4200 -257.5300
6.6993339504e-02 -9.2499810714e-02 -5.9902714486e-01
204 197 189
2 0 4831 242.2100 -329.6500 2 1488 356.7300 -259.2400
8.0354058105e-02 -8.9278933671e-02 -5.8425512447e-01
196 192 183
2 0 4833 299.6300 -329.5700 2 1472 398.4700 -253.5100
7.7802101342e-02 -9.1009683478e-02 -5.8555056403e-01
197 192 185
2 0 4841 289.5200 -334.7300 2 1485 392.8100 -257.7600
7.5622112495e-02 -9.6036785755e-02 -5.8401217170e-01
196 192 183
2 0 4883 282.8900 -353.8700 2 1510 391.1200 -269.3500
3.8842257501e-02 -1.0573083491e-01 -6.2433158679e-01
199 192 184
2 0 4891 133.1700 -355.8500 2 2525 276.3400 -286.4300
4.4071241089e-02 -1.0550740122e-01 -6.1733884141e-01
191 182 175
2 0 4895 153.9200 -360.2200 2 2526 294.3600 -287.3500
1.1850889419e-01 -4.1677724133e-03 -6.1262781051e-01
157 151 145
2 0 5041 412.0500 -20.6600 2 2842 422.0800 -52.7100
-6.3537414500e-02 -1.5239154587e-02 -7.7497417122e-01
3 9 0
2 0 5047 -186.0000 -26.0500 2 2302 -96.3500 -115.2100
1.2261158011e-01 -1.3482473634e-02 -5.9873076407e-01
146 143 138
2 0 5078 439.1200 -55.6100 2 2234 447.7300 -76.5000
-1.0084045868e-01 -2.7854779777e-02 -7.7107474208e-01
160 107 76
2 0 5086 -288.4800 -60.4200 2 2400 -143.3200 -185.0400
1.0396233340e-01 -2.2261815507e-02 -6.1528345124e-01
195 192 187
2 0 5099 359.2900 -81.1200 2 2267 394.4500 -94.8000
1.1523440849e-01 -2.8693027472e-02 -5.9460691854e-01
196 193 188
2 0 5127 416.3200 -109.9400 2 2294 441.2500 -112.2600
1.1523440849e-01 -2.8693027472e-02 -5.9460691854e-01
196 193 188
2 0 5128 416.3200 -109.9400 2 2295 441.2500 -112.2600
1.2134899207e-01 -3.8256538195e-02 -5.7718954258e-01
190 187 178
2 0 5165 455.6400 -150.8200 2 2328 474.8800 -137.2800
8.7888819260e-02 -4.6117126848e-02 -6.1510137038e-01
156 148 145
2 0 5175 303.9700 -161.5700 2 2937 368.2900 -149.7500
9.9347379965e-02 -5.0180266568e-02 -5.9599672878e-01
195 187 184
2 0 5194 358.3100 -184.2800 2 2959 413.2400 -161.7300
9.9347379965e-02 -5.0180266568e-02 -5.9599672878e-01
195 187 184
2 0 5195 358.3100 -184.2800 2 2960 413.2400 -161.7300
9.9205079860e-02 -6.7953077485e-02 -5.7929616193e-01
160 153 145
2 0 5256 371.8800 -256.7500 2 2444 435.8600 -204.8600
6.3896735657e-02 -8.3806238257e-02 -6.1147572607e-01
167 159 156
2 0 5294 224.0100 -291.0600 2 2480 334.6500 -237.4600
1.0286995129e-01 -7.6204559597e-02 -5.6609379360e-01
190 185 179
2 0 5300 397.6700 -295.9700 2 2469 459.7300 -225.9600
5.6944230174e-02 -8.8215016546e-02 -6.1661666373e-01
169 161 158
2 0 5309 197.6800 -302.4400 2 3034 316.1600 -247.2400
9.9224900435e-02 -7.9315447739e-02 -5.6796696067e-01
159 156 149
2 0 5311 382.3100 -305.9900 2 3026 451.2900 -232.9800
7.6191720887e-02 -9.3708725545e-02 -5.8552150751e-01
194 190 181
2 0 5346 283.7200 -344.4400 2 2507 390.1100 -263.5200
-8.9179093787e-02 3.2011385958e-03 -7.8343935004e-01
107 137 197
2 0 5459 -253.3400 24.3100 2 3246 -145.5000 -106.2700
9.8321599918e-02 -6.5490242212e-04 -6.4294956988e-01
198 194 184
2 0 5470 320.2100 -4.3100 2 3204 346.6800 -39.4200
-9.4463925633e-02 -9.2553349356e-03 -7.7870246693e-01
107 105 123
2 0 5472 -268.6700 -9.1200 2 2927 -146.0300 -138.8100
-1.0084530591e-01 -2.3375942122e-02 -7.7293730488e-01
30 46 30
2 0 5492 -287.6700 -47.7700 2 3303 -146.3600 -176.1400
1.2909535112e-01 -1.0974311122e-02 -5.9207888173e-01
161 157 150
2 0 5495 469.1300 -48.4300 2 3217 467.5500 -71.9800
-4.7790944189e-02 -2.9510375425e-02 -7.6872416374e-01
10 13 12
2 0 5511 -144.1700 -65.3100 2 2921 -66.1600 -126.5300
1.2634544133e-01 -2.3843069236e-02 -5.8373026939e-01
156 152 146
2 0 5535 467.5600 -96.4000 2 2898 474.2600 -103.3500
-5.2862532999e-02 -6.4750388361e-02 -7.5330041706e-01
143 108 30
2 0 5561 -159.7700 -165.0000 2 2999 -51.5800 -203.8900
1.0963159604e-01 -4.4388586626e-02 -5.8728418491e-01
156 153 144
2 0 5567 402.7700 -168.1400 2 2941 442.0800 -149.8300
7.9868444988e-02 -7.1521535703e-02 -6.0152212252e-01
196 189 183
2 0 5589 285.5100 -255.2500 2 3007 374.2600 -210.6400
-5.1919001850e-03 -8.0327711803e-02 -6.4824506085e-01
27 31 40
2 0 5590 -16.4400 -256.9000 2 2518 193.4100 -279.2300
-3.8753215621e-02 -1.7655381710e-02 -7.7347525988e-01
11 17 16
2 0 5728 -120.0000 -33.3800 2 3237 -60.1700 -91.2000
1.2494478627e-01 -3.6617721454e-02 -5.7347839376e-01
163 159 150
2 0 5783 473.0500 -146.4600 2 3259 485.8800 -134.5200
1.2518728415e-01 -3.8706331088e-02 -5.7141677520e-01
195 188 178
2 0 5788 475.9800 -155.2100 2 3264 489.1800 -139.0600
1.0154568379e-01 -5.8476438388e-02 -5.8459302952e-01
180 173 165
2 0 5804 376.0300 -219.3400 2 3316 432.4400 -183.3400
9.1330142764e-02 -7.5844552663e-02 -5.8163067026e-01
187 182 176
2 0 5815 341.4400 -283.2900 2 3356 420.0300 -223.7900
1.2350048109e-01 2.9136835601e-02 -6.3616191232e-01
197 194 189
2 0 5852 410.2000 92.7100 2 3585 397.1900 28.4900
-8.8750979839e-02 -1.1303676614e-02 -7.7706131591e-01
108 141 193
2 0 5866 -253.8400 -15.1000 2 3612 -134.9000 -136.6100
-5.7777351640e-02 -2.3586695901e-02 -7.7165397479e-01
167 124 24
2 0 5873 -171.4700 -49.4200 2 3254 -83.4200 -124.7200
-1.1011459046e-01 -2.4683298513e-02 -7.7238647618e-01
17 64 47
2 0 5875 -313.6500 -51.6800 2 3544 -158.6800 -189.9500
-4.9561957082e-02 -4.1236327730e-02 -7.6266417174e-01
39 38 30
2 0 5890 -149.5700 -98.2300 2 3616 -59.7100 -153.5600
-1.5474493152e-03 -4.5834548680e-02 -6.7090680049e-01
241 239 75
2 0 5904 -7.2600 -138.0200 2 3701 166.8400 -198.8500
1.0886193950e-01 -7.2278318036e-02 -5.6183367043e-01
169 164 158
2 0 5928 424.4400 -284.6000 2 3556 475.1700 -217.3900
-1.1355976635e-01 -5.1278940965e-02 -7.6168159484e-01
176 185 218
2 0 6007 -326.7100 -126.2000 2 3689 -147.3200 -248.9700
-8.9851427671e-02 -3.5123701282e-03 -7.8039207057e-01
186 190 215
2 0 6027 -255.8800 6.2000 2 3712 -141.6900 -121.6100
-1.0876642826e-01 -2.7665078180e-02 -7.7134242706e-01
160 165 62
2 0 6033 -310.2200 -59.8600 2 3720 -155.1900 -194.3400
-9.1312227930e-02 -1.7427144687e-02 -7.7456243372e-01
184 189 209
2 0 6044 -261.3800 -31.7800 2 3730 -134.8000 -152.5700
