# Bundle file v0.3
3 157
2.0977421703e+03 -3.7102834283e-02 -5.7718708295e-04
9.9999979075e-01 -6.4324645393e-04 -6.8836673755e-05
6.4347784865e-04 9.9999395841e-01 3.4160032190e-03
6.6638925915e-05 -3.4160467990e-03 9.9999416307e-01
-3.1745064401e-04 3.1437928399e-03 1.2811496156e-02
0 0 0
0 0 0
0 0 0
0 0 0
0 0 0
2.1436792949e+03 6.3531693685e-02 2.3348553403e-03
9.8361828678e-01 -1.7266393832e-01 5.1790253146e-02
1.2776489188e-01 4.6508727720e-01 -8.7599655079e-01
1.2716602659e-01 8.6826320260e-01 4.7952874021e-01
9.8718848748e-04 -8.1264307308e-01 -5.9710172753e-01
4.8169877871e-02 4.6307303977e-02 -8.9065667141e-01
29 32 43
2 0 446 114.1600 110.9700 2 1382 -12.3700 -10.3900
4.6212334301e-02 4.0246034168e-02 -8.8711942336e-01
16 23 29
2 0 493 110.2400 96.8600 2 1458 -14.1700 -23.8200
-1.0421325654e-01 3.7712353665e-03 -9.2918277232e-01
180 126 76
2 0 760 -238.7700 8.3400 2 1441 -306.7600 -20.9200
-6.2806746469e-02 -1.7646462018e-02 -9.3705317392e-01
125 131 165
2 0 960 -143.2100 -40.2400 2 1409 -212.9500 -16.0700
-6.2806746469e-02 -1.7646462018e-02 -9.3705317392e-01
125 131 165
2 0 961 -143.2100 -40.2400 2 1410 -212.9500 -16.0700
-8.3083642459e-02 -3.1154433413e-02 -9.2211648456e-01
150 155 174
2 0 1116 -192.2200 -71.9800 2 1644 -245.2200 -59.7200
-6.3573512340e-02 -4.2812273339e-02 -9.2549343962e-01
78 68 41
2 0 1275 -146.4300 -98.5700 2 1639 -201.8300 -59.1600
-6.3573512340e-02 -4.2812273339e-02 -9.2549343962e-01
78 68 41
2 0 1276 -146.4300 -98.5700 2 1640 -201.8300 -59.1600
4.4406992632e-02 4.0944532803e-02 -8.8737963179e-01
88 98 108
2 0 2789 105.5500 98.5600 2 3951 -17.9800 -23.1200
4.7966074754e-02 3.9704995403e-02 -8.8730853312e-01
139 143 153
2 0 2792 114.3800 95.5500 2 1457 -10.1700 -23.5100
-8.2019008994e-02 -1.6351071455e-02 -9.2891802973e-01
160 166 192
2 0 3058 -188.2800 -37.6300 2 1494 -251.3100 -34.1800
-5.3373101420e-02 -1.8751655086e-02 -9.4089728559e-01
108 87 31
2 0 3071 -121.3000 -42.5900 2 3896 -194.0500 -7.9200
-6.5307562453e-02 -2.1580159819e-02 -9.3416970196e-01
153 158 187
2 0 3096 -149.4400 -49.2800 2 1463 -215.6400 -25.3800
-9.1037896599e-02 -2.3746715095e-02 -9.2163627630e-01
171 169 185
2 0 3102 -210.5800 -54.9500 2 1619 -264.8400 -56.0300
-8.5723502725e-02 -2.4151670487e-02 -9.2377170731e-01
20 16 7
2 0 3106 -197.8800 -55.7600 2 1584 -254.2400 -51.2600
-6.3417840571e-02 -2.6083367601e-02 -9.3290784831e-01
83 75 53
2 0 3117 -145.2100 -59.6300 2 1480 -209.7700 -31.2200
-6.3417840571e-02 -2.6083367601e-02 -9.3290784831e-01
83 75 53
2 0 3118 -145.2100 -59.6300 2 1481 -209.7700 -31.2200
-8.1762843008e-02 -2.7186681692e-02 -9.2411878288e-01
142 153 179
2 0 3130 -188.8700 -62.6800 2 1595 -244.6800 -52.3300
-1.3446735825e-01 -3.2769810473e-02 -8.9883667656e-01
174 182 37
2 0 3174 -318.8400 -77.5100 2 1985 -344.1700 -115.3600
-8.4438014495e-02 -3.3460098189e-02 -9.2016544172e-01
139 145 170
2 0 3175 -195.5900 -77.4900 2 1671 -246.8000 -65.5500
-9.2535105619e-02 -3.6164389814e-02 -9.1510340729e-01
165 125 53
2 0 3196 -215.5600 -84.1600 2 1759 -260.9200 -78.8700
-7.5617869609e-02 -3.7691929842e-02 -9.2221416620e-01
160 158 182
2 0 3206 -174.8700 -87.0700 2 4081 -227.4500 -63.4300
-1.3942064715e-01 -5.1061489017e-02 -8.8877738801e-01
138 101 94
2 0 3318 -334.3900 -122.0600 2 2172 -342.7400 -149.6400
1.1291869371e-02 -5.1011771815e-02 -8.4273791219e-01
25 27 39
2 0 3342 28.0800 -128.2800 2 2422 -46.8600 -198.6400
1.1291869371e-02 -5.1011771815e-02 -8.4273791219e-01
25 27 39
2 0 3343 28.0800 -128.2800 2 2423 -46.8600 -198.6400
-7.5972216237e-02 -6.8538572435e-02 -9.0923561552e-01
147 151 180
2 0 3437 -178.2300 -160.3800 2 1967 -212.1500 -112.3800
-8.1770008262e-02 -6.9233998753e-02 -9.0608332083e-01
125 130 159
2 0 3441 -192.6100 -162.5200 2 2009 -222.5700 -119.8400
-1.3036926245e-01 3.5147984073e-02 -9.3221915497e-01
226 215 185
2 0 4181 -297.4900 79.7500 2 3849 -378.9700 7.6000
-1.3036926245e-01 3.5147984073e-02 -9.3221915497e-01
226 215 185
2 0 4182 -297.4900 79.7500 2 3850 -378.9700 7.6000
-1.2154038653e-01 1.9582734244e-02 -9.2846592501e-01
124 107 42
2 0 4208 -278.6700 44.5400 2 3912 -351.0000 -11.8500
-1.0546422616e-01 9.0566705307e-03 -9.3048190333e-01
169 107 58
2 0 4245 -241.6400 20.4800 2 3916 -312.0100 -13.9200
-1.1882975261e-01 -1.4623189234e-04 -9.2030764392e-01
27 56 45
2 0 4266 -275.1900 -0.4900 2 4024 -333.1200 -44.2200
-1.1882975261e-01 -1.4623189234e-04 -9.2030764392e-01
27 56 45
2 0 4267 -275.1900 -0.4900 2 4025 -333.1200 -44.2200
-1.1388865323e-01 -1.6508643062e-03 -9.2131226899e-01
165 181 215
2 0 4270 -263.3900 -3.9900 2 5443 -322.5300 -42.5300
-5.1335711817e-02 -1.6988179936e-02 -9.4271988534e-01
110 106 60
2 0 4325 -116.3800 -38.5600 2 3883 -191.1000 -2.5700
-1.1933973422e-01 -1.7004228757e-02 -9.1235757148e-01
131 110 99
2 0 4328 -278.7600 -39.7300 2 5499 -324.0500 -73.7600
-1.1933973422e-01 -1.7004228757e-02 -9.1235757148e-01
131 110 99
2 0 4329 -278.7600 -39.7300 2 5498 -324.0500 -73.7600
-1.1753612753e-01 -1.7528032055e-02 -9.1307277911e-01
156 173 213
2 0 4330 -274.4300 -40.9000 2 5492 -320.0800 -72.4700
-5.8330639353e-02 -1.8678354743e-02 -9.3854241225e-01
11 20 15
2 0 4333 -132.4400 -42.6100 2 5384 -204.1700 -13.2900
-1.3119246887e-01 -1.9694225667e-02 -9.0599755414e-01
181 177 49
2 0 4341 -308.4300 -46.3100 2 4168 -345.8900 -90.5400
-1.3119246887e-01 -1.9694225667e-02 -9.0599755414e-01
181 177 49
2 0 4342 -308.4300 -46.3100 2 4169 -345.8900 -90.5400
-5.7704491716e-02 -2.4391430952e-02 -9.3648080584e-01
144 147 173
2 0 4348 -131.5400 -55.6100 2 3943 -199.7500 -21.9700
-7.1160470443e-02 -2.6353543095e-02 -9.2926239115e-01
148 152 178
2 0 4361 -163.4800 -60.4700 2 4008 -224.6500 -39.8400
-8.2705413153e-02 -3.2651426927e-02 -9.2136880772e-01
15 8 4
2 0 4385 -191.5400 -75.4800 2 4078 -243.6400 -62.2600
-1.2597512968e-01 -3.6707444930e-02 -9.0009766659e-01
149 174 207
2 0 4403 -298.0800 -86.7800 2 4248 -325.6100 -114.3500
-8.9284605273e-02 -3.8586514335e-02 -9.1576308850e-01
140 142 164
2 0 4407 -207.8000 -89.7400 2 4130 -253.3800 -78.9900
-8.9284605273e-02 -3.8586514335e-02 -9.1576308850e-01
140 142 164
2 0 4408 -207.8000 -89.7400 2 4131 -253.3800 -78.9900
-6.8438128498e-02 -4.1582163897e-02 -9.2381007869e-01
151 154 184
2 0 4422 -158.0800 -95.8700 2 4079 -211.5700 -62.2300
-9.0509772613e-02 -4.2099314555e-02 -9.1368733757e-01
139 152 159
2 0 4427 -211.2000 -98.0900 2 4156 -253.7500 -85.9700
-9.0509772613e-02 -4.2099314555e-02 -9.1368733757e-01
139 152 159
2 0 4428 -211.2000 -98.0900 2 4157 -253.7500 -85.9700
-2.4631404132e-02 -4.0689890127e-02 -8.6651224770e-01
61 63 49
2 0 4431 -61.9500 -99.4000 2 5631 -123.6200 -154.3300
-2.4631404132e-02 -4.0689890127e-02 -8.6651224770e-01
61 63 49
2 0 4432 -61.9500 -99.4000 2 5632 -123.6200 -154.3300
-8.7664140108e-02 -4.5545060119e-02 -9.1343776299e-01
11 3 12
2 0 4449 -204.2400 -106.2300 2 5523 -246.8900 -88.6900
-7.1146198370e-02 -4.9858596363e-02 -9.1893334466e-01
135 141 176
2 0 4464 -165.1700 -115.5100 2 4129 -212.5200 -78.6000
-1.4023571536e-01 -4.9459580573e-02 -8.8901008930e-01
177 182 44
2 0 4471 -335.9400 -118.2800 2 4347 -345.6600 -148.1800
-7.7790929672e-02 -5.1583432865e-02 -9.1533781753e-01
151 152 183
2 0 4477 -181.3200 -119.9400 2 1809 -224.2500 -88.0000
-1.4317506758e-01 -5.6592845063e-02 -8.8502399581e-01
190 152 45
2 0 4511 -344.6400 -135.8900 2 4404 -346.9100 -161.7100
-7.4975185082e-04 -8.3336268313e-02 -8.2695569834e-01
39 42 51
2 0 4627 -2.3000 -213.9300 2 4640 -56.9500 -255.7900
5.3790549798e-02 5.4052497501e-02 -8.9463129324e-01
62 66 75
2 0 4984 127.5100 128.7600 2 5349 -4.2300 6.7500
-7.9615910203e-02 -5.6002671953e-03 -9.3496895176e-01
115 95 62
2 0 5038 -181.8300 -12.9200 2 5382 -252.2400 -12.9100
-6.8221349736e-02 -9.7565823955e-03 -9.3826281273e-01
10 7 16
2 0 5044 -155.2600 -22.3300 2 6069 -227.7400 -8.0200
-8.1237262192e-02 -1.1327697537e-02 -9.3177609272e-01
3 9 0
2 0 5047 -186.0000 -26.0500 2 5416 -252.4400 -24.3100
-6.5988753125e-02 -1.5471413215e-02 -9.3669204903e-01
7 7 2
2 0 5054 -150.4400 -35.3300 2 5395 -220.3500 -15.5200
-6.5988753125e-02 -1.5471413215e-02 -9.3669204903e-01
7 7 2
2 0 5055 -150.4400 -35.3300 2 5396 -220.3500 -15.5200
-8.0463001016e-02 -1.9638486107e-02 -9.2823600987e-01
149 145 159
2 0 5064 -185.1600 -45.1100 2 5435 -246.1200 -37.9400
-8.0463001016e-02 -1.9638486107e-02 -9.2823600987e-01
149 145 159
2 0 5065 -185.1600 -45.1100 2 5436 -246.1200 -37.9400
-1.2704618602e-01 -2.3054241055e-02 -9.0615456006e-01
41 60 34
2 0 5072 -298.7500 -54.1600 2 6159 -335.6000 -92.1100
-1.2704618602e-01 -2.3054241055e-02 -9.0615456006e-01
41 60 34
2 0 5073 -298.7500 -54.1600 2 6158 -335.6000 -92.1100
-1.3179927979e-01 -2.5662060718e-02 -9.0309035908e-01
183 179 53
2 0 5085 -310.7800 -60.5100 2 5548 -343.5600 -101.0700
-1.2275642386e-01 -2.5754605846e-02 -9.0705864497e-01
160 107 76
2 0 5086 -288.4800 -60.4200 2 5533 -325.4700 -91.7300
-7.3749504231e-02 -3.2899763113e-02 -9.2535939012e-01
133 111 58
2 0 5097 -170.3200 -75.7000 2 5458 -225.9700 -53.1800
-7.0764140032e-02 -4.1090235542e-02 -9.2306378732e-01
10 12 9
2 0 5106 -163.6600 -94.7900 2 5476 -216.1800 -63.6800
-7.2911849664e-02 -4.2959442682e-02 -9.2107979756e-01
145 155 178
2 0 5113 -169.1000 -99.2700 2 5484 -219.1800 -69.3100
1.9330332425e-02 -4.1735237828e-02 -8.4835955563e-01
42 45 54
2 0 5120 48.0600 -104.1600 2 4441 -34.7100 -178.6200
-8.7845283890e-02 -4.5561715145e-02 -9.1345351523e-01
14 4 11
2 0 5122 -204.9400 -106.2000 2 5524 -246.8900 -88.6900
-1.0031783824e-01 -7.7233788576e-02 -8.9455245071e-01
172 132 39
2 0 5193 -239.1000 -183.5900 2 2178 -253.5500 -150.9000
5.4115384819e-02 4.6783684572e-02 -8.9243868387e-01
16 19 24
2 0 5433 128.6200 111.7800 2 6065 -0.5100 -4.8200
-1.0923115045e-01 1.3660555133e-02 -9.3115910428e-01
170 183 215
2 0 5455 -249.6500 30.8600 2 6464 -322.7600 -9.3900
-1.1037976702e-01 1.0706050842e-02 -9.2902042191e-01
107 137 197
2 0 5458 -253.3400 24.3100 2 6468 -322.7400 -16.2700
-1.2687633326e-01 9.7100308466e-04 -9.1742288926e-01
194 185 43
2 0 5463 -294.3900 2.0300 2 6113 -350.1800 -50.5200
-1.2687633326e-01 9.7100308466e-04 -9.1742288926e-01
194 185 43
2 0 5464 -294.3900 2.0300 2 6114 -350.1800 -50.5200
-1.1897523002e-01 9.0526583474e-04 -9.2083353173e-01
29 58 46
2 0 5465 -275.4300 1.9500 2 6107 -333.9700 -42.3400
-1.1897523002e-01 9.0526583474e-04 -9.2083353173e-01
29 58 46
2 0 5466 -275.4300 1.9500 2 6108 -333.9700 -42.3400
-1.1903621810e-01 -2.6939393571e-03 -9.1883496732e-01
175 184 46
2 0 5471 -275.8600 -6.4400 2 6486 -332.2900 -49.2800
-1.1601298783e-01 -3.8688819041e-03 -9.1993645500e-01
107 105 123
2 0 5472 -268.6700 -9.1200 2 6110 -325.4200 -47.5700
-1.2480607216e-01 -5.5239106724e-03 -9.1530556830e-01
176 179 65
2 0 5476 -290.4700 -12.9800 2 6120 -341.8500 -59.6500
-5.9067507285e-02 -8.6194670656e-03 -9.4338021711e-01
151 112 42
2 0 5478 -133.5700 -19.7200 2 6450 -210.6800 4.4200
-6.5215266145e-02 -1.0394951466e-02 -9.3890332113e-01
131 142 176
2 0 5480 -148.5700 -23.7100 2 6463 -221.2600 -6.6900
-5.5270032555e-02 -1.0507662695e-02 -9.4380663355e-01
9 15 17
2 0 5481 -125.5000 -23.8400 2 6452 -201.6500 4.4200
-1.3024697810e-01 -1.1124403627e-02 -9.1034152732e-01
13 73 50
2 0 5484 -304.7200 -26.1100 2 6143 -349.2700 -74.9800
-8.9059389153e-02 -1.5636445121e-02 -9.2619509274e-01
14 25 15
2 0 5486 -204.9900 -36.0900 2 6106 -265.4900 -40.1600
-1.2919940887e-01 -2.0062237287e-02 -9.0668200861e-01
190 182 54
2 0 5490 -303.5700 -47.1300 2 6152 -341.6900 -89.1200
-1.2919940887e-01 -2.0062237287e-02 -9.0668200861e-01
190 182 54
2 0 5491 -303.5700 -47.1300 2 6153 -341.6900 -89.1200
-5.5152573293e-02 -2.3819209536e-02 -9.3711337349e-01
20 18 16
2 0 5500 -125.5500 -54.3000 2 6082 -195.2200 -19.7000
-5.5152573293e-02 -2.3819209536e-02 -9.3711337349e-01
20 18 16
2 0 5501 -125.5500 -54.3000 2 6083 -195.2200 -19.7000
-6.1504055821e-02 -2.5234611378e-02 -9.3407487667e-01
17 17 17
2 0 5502 -140.2700 -57.7200 2 6090 -206.9700 -27.9500
-8.9390696531e-02 -2.7619008972e-02 -9.2048950713e-01
169 137 26
2 0 5506 -207.0200 -63.9600 2 6124 -259.5200 -61.0800
-5.9436897885e-02 -2.8156649100e-02 -9.3369746691e-01
134 140 170
2 0 5507 -135.9000 -64.3300 2 6091 -201.1400 -30.7100
-1.2584372132e-01 -3.3484739813e-02 -9.0217930180e-01
96 102 108
2 0 5522 -297.3000 -78.9400 2 6179 -326.9600 -107.8400
-1.4226881622e-01 -3.7608399737e-02 -8.9313776279e-01
20 89 66
2 0 5529 -339.5000 -89.4700 2 6554 -356.4200 -131.5500
-6.5657032110e-02 -4.7726007916e-02 -9.2253724304e-01
147 149 190
2 0 5541 -151.7800 -110.1800 2 6137 -203.2300 -69.1100
-1.2599889920e-01 -5.0643052922e-02 -8.9461409994e-01
110 124 150
2 0 5546 -299.8200 -120.4400 2 6206 -317.6800 -135.6900
-7.8512175033e-02 -6.4739188074e-02 -9.0939329468e-01
130 91 31
2 0 5552 -183.7900 -151.5500 2 6183 -219.3200 -109.6300
-6.2288461290e-03 -9.9151960441e-02 -8.1972170634e-01
27 31 40
2 0 5590 -16.4400 -256.9000 2 5796 -61.0700 -281.9200
5.9574373066e-02 7.2573203296e-02 -9.0319387669e-01
63 69 73
2 0 5665 139.7400 171.0600 2 6433 0.4200 44.4900
-1.1281706367e-01 1.9688960308e-02 -9.3184320590e-01
197 191 218
2 0 5692 -258.1600 44.7100 2 6680 -333.0700 -3.2900
-1.2116303272e-01 1.3631221992e-02 -9.2588221508e-01
12 75 34
2 0 5697 -278.6500 31.0400 2 6690 -346.4700 -22.0400
-1.1728311185e-01 6.8794834329e-03 -9.2444244794e-01
39 69 50
2 0 5705 -270.4000 15.6400 2 6474 -334.2900 -29.9000
-1.2758025402e-01 4.8653754312e-03 -9.1906902122e-01
9 81 42
2 0 5707 -295.5600 11.0400 2 6481 -353.9000 -44.1600
-1.2758025402e-01 4.8653754312e-03 -9.1906902122e-01
9 81 42
2 0 5708 -295.5600 11.0400 2 6482 -353.9000 -44.1600
-6.3911774900e-02 -7.0314034998e-03 -9.4139430705e-01
5 12 7
2 0 5711 -145.3900 -16.0300 2 6456 -220.3200 1.2100
-1.2341071385e-01 -8.9787356212e-03 -9.1425443309e-01
34 69 41
2 0 5713 -287.6400 -21.0000 2 6496 -336.9000 -64.2700
-6.1057797758e-02 -1.2117751655e-02 -9.4047129100e-01
14 8 9
2 0 5719 -138.2300 -27.7300 2 6457 -213.0200 -4.5200
-6.1057797758e-02 -1.2117751655e-02 -9.4047129100e-01
14 8 9
2 0 5720 -138.2300 -27.7300 2 6458 -213.0200 -4.5200
-5.7018832312e-02 -1.4659493408e-02 -9.4120073910e-01
135 139 179
2 0 5725 -129.5300 -33.3300 2 6459 -203.2100 -4.5200
-5.7018832312e-02 -1.4659493408e-02 -9.4120073910e-01
135 139 179
2 0 5726 -129.5300 -33.3300 2 6460 -203.2100 -4.5200
-5.3045401646e-02 -1.4680971518e-02 -9.4326162333e-01
11 17 16
2 0 5728 -120.0000 -33.3800 2 6678 -195.8000 0.0800
-1.3169643604e-01 -1.6640399173e-02 -9.0718036228e-01
14 71 39
2 0 5732 -309.0200 -39.1500 2 6516 -348.9600 -85.9100
-1.3331676955e-01 -2.1955145045e-02 -9.0411859743e-01
19 67 51
2 0 5737 -313.9200 -51.7500 2 6531 -348.8700 -96.4300
-5.8102115066e-02 -2.2502339271e-02 -9.3717674420e-01
149 158 187
2 0 5738 -132.5100 -51.2500 2 6471 -201.3000 -19.1100
-5.6204093854e-02 -2.6654537696e-02 -9.3569571801e-01
17 14 10
2 0 5739 -128.2100 -60.8000 2 6473 -195.7200 -25.0300
-7.0371110064e-02 -2.8533816803e-02 -9.2862371252e-01
148 159 189
2 0 5743 -162.0000 -65.4500 2 6700 -221.7200 -42.7000
-7.0371110064e-02 -2.8533816803e-02 -9.2862371252e-01
148 159 189
2 0 5744 -162.0000 -65.4500 2 6701 -221.7200 -42.7000
-9.2515314158e-02 -3.6528889868e-02 -9.1533162005e-01
164 123 47
2 0 5750 -215.4900 -84.9800 2 6510 -260.6400 -78.7700
-9.4086249361e-02 -4.0317145700e-02 -9.1253986663e-01
170 125 29
2 0 5757 -219.8200 -94.0500 2 6520 -261.6000 -87.3600
-1.3344395535e-01 -4.2318403889e-02 -8.9472821907e-01
31 57 45
2 0 5761 -317.8500 -100.5400 2 6552 -336.5200 -130.4300
-6.9401212790e-02 -5.2640106455e-02 -9.1867899052e-01
144 151 170
2 0 5769 -160.9500 -122.0300 2 6511 -208.0400 -81.0100
-7.8536989922e-02 -5.4101826775e-02 -9.1401201304e-01
11 10 6
2 0 5771 -183.3900 -125.9500 2 6528 -224.2800 -92.6300
-8.1635640516e-02 -5.7420260550e-02 -9.1110145797e-01
151 155 178
2 0 5774 -190.8800 -134.1600 2 6532 -228.8600 -101.3100
-8.5084761457e-02 -5.9809574582e-02 -9.0890927604e-01
14 14 9
2 0 5777 -199.5100 -140.0400 2 6537 -234.0600 -107.9700
-8.9962569727e-02 -6.0200982833e-02 -9.0605690868e-01
156 121 32
2 0 5779 -211.6100 -141.3800 2 6545 -243.1200 -114.4900
-8.1309196700e-02 -6.1865518070e-02 -9.0918817631e-01
11 11 12
2 0 5782 -190.4300 -144.8500 2 6538 -226.0400 -108.2900
-8.4843026129e-02 -6.3951964519e-02 -9.0649317545e-01
140 147 177
2 0 5785 -199.5100 -150.1100 2 6546 -231.4000 -115.5700
8.7155281748e-02 1.4198214064e-01 -9.3769349281e-01
49 54 60
2 0 5831 196.6300 321.4600 2 6633 31.9900 202.0400
-1.1278057681e-01 1.9431959749e-02 -9.3198969439e-01
197 192 222
2 0 5857 -257.8200 44.0600 2 6679 -333.0700 -3.2900
-7.4605759676e-02 -2.1589304007e-02 -9.3066184454e-01
167 124 24
2 0 5873 -171.4700 -49.4200 2 6695 -233.4500 -33.9100
-6.1648483033e-02 -3.2116743694e-02 -9.3121193074e-01
141 148 177
2 0 5883 -141.6300 -73.4600 2 6696 -203.0100 -39.1600
-8.0947221394e-02 -3.5719137362e-02 -9.2082293728e-01
168 123 31
2 0 5887 -187.7000 -82.5800 2 6707 -238.4700 -65.4600
-6.8228497193e-02 -3.8144594672e-02 -9.2519757815e-01
136 146 173
2 0 5888 -156.9800 -87.9200 2 6703 -213.3900 -56.7700
-7.4636690018e-02 -3.9903297430e-02 -9.2145568169e-01
144 151 176
2 0 5889 -172.7500 -92.2400 2 6708 -224.4000 -66.4500
-6.4979160419e-02 -4.2614569191e-02 -9.2481691134e-01
39 38 30
2 0 5890 -149.5700 -98.2300 2 6705 -204.8600 -60.5400
-7.6409934960e-02 -4.4699964667e-02 -9.1901794311e-01
11 11 8
2 0 5894 -177.3600 -103.5600 2 6718 -225.2400 -75.3200
-8.5714491870e-02 -4.8997875748e-02 -9.1347187700e-01
166 121 43
2 0 5897 -200.5100 -114.0700 2 6726 -240.3200 -90.9900
-6.2190485671e-02 -5.5070741405e-02 -9.2069469285e-01
165 123 42
2 0 5902 -143.8200 -127.4100 2 6721 -193.2300 -77.8000
-1.2810016504e-01 -1.5220054622e-02 -9.0981139061e-01
17 62 45
2 0 5961 -299.8500 -35.7000 2 6848 -342.5500 -79.0000
-6.9211443102e-02 -2.3523603738e-02 -9.3134948778e-01
40 41 37
2 0 5966 -158.6400 -53.8900 2 6798 -222.3900 -33.1200
-6.4215974692e-02 -2.6131015992e-02 -9.3277796923e-01
88 79 52
2 0 5967 -146.5100 -59.8700 2 6799 -211.9200 -31.7400
-1.3670738427e-01 -3.4296353138e-02 -8.9732507623e-01
8 63 35
2 0 5971 -324.6000 -81.2700 2 6811 -347.7200 -119.9200
-1.3826615377e-01 -4.0788877503e-02 -8.9373584724e-01
178 178 43
2 0 5974 -329.6500 -97.0100 2 6812 -346.8100 -132.1300
-1.3826615377e-01 -4.0788877503e-02 -8.9373584724e-01
178 178 43
2 0 5975 -329.6500 -97.0100 2 6813 -346.8100 -132.1300
-6.2679884169e-02 -1.9040356281e-02 -9.3697219377e-01
128 132 168
2 0 6004 -143.4000 -43.3000 2 6864 -211.4400 -17.4200
-1.1910178758e-01 1.0221795375e-02 -9.2519858134e-01
78 100 52
2 0 6026 -273.9000 23.1800 2 6865 -340.4900 -25.9600
-1.1087148794e-01 2.7332061036e-03 -9.2499911605e-01
186 190 215
2 0 6027 -255.8800 6.2000 2 6883 -318.5900 -31.0300
-1.3158316241e-01 -2.5406661275e-02 -9.0350330774e-01
160 165 62
2 0 6032 -310.2200 -59.8600 2 6868 -343.1700 -100.0400
-1.3158316241e-01 -2.5406661275e-02 -9.0350330774e-01
160 165 62
2 0 6033 -310.2200 -59.8600 2 6869 -343.1700 -100.0400
-1.2574858882e-01 -4.2492723459e-02 -8.9804604291e-01
181 186 207
2 0 6035 -297.7000 -100.8000 2 6870 -322.4000 -122.8600
-1.1768700136e-01 -2.8415159934e-02 -9.0797738999e-01
181 187 209
2 0 6045 -276.1800 -66.6300 2 6887 -314.1600 -91.1300
