# Bundle file v0.3
3 40
2.1372209592e+03 -8.5593665320e-04 -8.1717468661e-05
9.9991162551e-01 2.5712730509e-04 1.3291917249e-02
-1.0618839619e-04 9.9993552257e-01 -1.1355150014e-02
-1.3293979939e-02 1.1352735061e-02 9.9984718108e-01
6.2110479781e-03 -5.2006566889e-03 -1.1196736684e-04
2.1334876340e+03 1.0367954412e-03 9.5003256447e-05
6.4433733448e-02 3.6472678149e-01 9.2888248388e-01
5.7895657549e-01 7.4448854069e-01 -3.3248473120e-01
-8.1280845080e-01 5.5920585445e-01 -1.6319079222e-01
5.9406328979e-01 -2.0755356861e-01 -7.7258535629e-01
0 0 0
0 0 0
0 0 0
0 0 0
0 0 0
1.0733681533e-01 1.9719813416e-02 -4.6538189983e-01
199 195 192
2 0 2802 491.6200 90.4900 1 753 485.7000 66.5100
9.1230000135e-02 -1.6232501342e-02 -4.5634838069e-01
191 186 183
2 0 3168 426.4800 -75.9800 1 1070 464.6200 -41.0800
6.1525016660e-02 -2.6509064122e-02 -5.0344946337e-01
206 199 192
2 0 3280 258.3400 -110.3500 1 1149 341.1600 -68.1900
8.5330863785e-02 -3.5219507496e-02 -4.4644160536e-01
190 186 177
2 0 3453 408.3700 -168.5300 1 1221 465.2100 -97.4600
8.1370632024e-02 1.5790203983e-02 -5.1214313732e-01
208 203 199
2 0 4198 336.8300 69.0300 1 2294 369.2300 60.6400
9.5485587456e-02 -1.0082324429e-03 -4.6524663785e-01
151 146 140
2 0 4271 437.4600 -4.2900 1 939 461.7500 4.5900
8.6496305257e-02 -1.4922346162e-02 -4.6745782399e-01
191 186 182
2 0 4373 394.2300 -67.5900 1 1059 440.4700 -36.2100
7.9143384597e-02 -1.6165671152e-02 -4.8074133373e-01
176 171 167
2 0 4376 349.9600 -70.7400 1 2395 407.9800 -38.4200
7.5982512340e-02 -1.7651585683e-02 -4.8494865300e-01
207 202 196
2 0 4389 332.9600 -76.2000 1 2400 396.1100 -43.2600
9.4686348108e-02 -1.6385761255e-02 -4.4911709318e-01
154 150 144
2 0 4391 450.1400 -78.2800 1 2399 480.8900 -42.3200
-6.4014409214e-02 -3.1567822678e-02 -6.8895327711e-01
140 142 164
2 0 4407 -207.8000 -89.7400 1 1333 -209.8100 -133.2400
-6.4014409214e-02 -3.1567822678e-02 -6.8895327711e-01
140 142 164
2 0 4408 -207.8000 -89.7400 1 1334 -209.8100 -133.2400
7.7224255541e-02 -2.3370949539e-02 -4.7613754262e-01
197 192 186
2 0 4440 345.1400 -103.6100 1 2422 410.2900 -60.9100
8.7685712585e-02 -2.4340499492e-02 -4.5415149972e-01
163 160 155
2 0 4461 412.0100 -114.4600 1 1140 460.2900 -65.0300
6.2725187428e-02 -3.7483872182e-02 -4.8926739399e-01
184 177 171
2 0 4544 271.7700 -162.0100 1 2477 362.7600 -101.3400
6.2725187428e-02 -3.7483872182e-02 -4.8926739399e-01
184 177 171
2 0 4546 271.7700 -162.0100 1 2478 362.7600 -101.3400
8.0614144620e-02 -3.7838664687e-02 -4.5288920885e-01
189 184 180
2 0 4577 379.9800 -178.1900 1 1243 447.6000 -104.6400
8.0614144620e-02 -3.7838664687e-02 -4.5288920885e-01
189 184 180
2 0 4578 379.9800 -178.1900 1 1244 447.6000 -104.6400
7.7021591978e-02 -3.8711818967e-02 -4.5923686875e-01
199 192 186
2 0 4584 357.7200 -179.4700 1 1258 432.0000 -106.7800
8.7700452041e-02 -3.7677966827e-02 -4.3873497584e-01
160 156 147
2 0 4592 427.4400 -183.8300 1 1249 479.8000 -105.0000
6.8239771314e-02 -4.5769920747e-02 -4.6867116799e-01
166 159 151
2 0 4614 309.9600 -207.6500 1 1315 402.0700 -126.8700
8.0284672481e-02 -4.3747278182e-02 -4.4686089792e-01
196 191 182
2 0 4616 383.7800 -209.1300 1 1301 454.6400 -121.7600
7.6097399279e-02 -4.7264347873e-02 -4.5128779208e-01
190 186 179
2 0 4643 360.0700 -223.3500 1 2521 440.4600 -131.9700
7.6097399279e-02 -4.7264347873e-02 -4.5128779208e-01
190 186 179
2 0 4644 360.0700 -223.3500 1 2522 440.4600 -131.9700
6.3390060742e-02 -5.1592999700e-02 -4.7163029950e-01
145 136 131
2 0 4658 285.7600 -232.7400 1 2544 388.5700 -143.5400
8.5558134427e-02 -5.2610953713e-02 -4.2590621558e-01
159 154 148
2 0 4707 430.2900 -264.5600 1 1388 491.3900 -148.2400
1.0360641632e-01 1.4107286377e-02 -4.6617255451e-01
198 195 190
2 0 5006 473.6800 64.7500 1 2305 477.3400 49.6900
8.8119341773e-02 -8.4479344725e-03 -4.7185472886e-01
191 187 178
2 0 5057 397.7200 -37.4400 1 2998 437.6700 -16.5000
8.0826416709e-02 -2.4124293997e-02 -4.6821146796e-01
162 157 153
2 0 5126 367.6800 -109.3700 1 2432 428.1100 -63.2800
8.8524211282e-02 -2.3368083065e-02 -4.5380352964e-01
196 193 188
2 0 5127 416.3200 -109.9400 1 2427 462.1200 -62.1500
6.3675243842e-02 -3.4387921443e-02 -4.9052321527e-01
192 183 179
2 0 5163 275.1100 -148.1500 1 2467 363.4200 -92.2500
8.9335915290e-02 -3.2981248655e-02 -4.4099707079e-01
182 179 170
2 0 5172 432.9400 -160.2700 1 2465 480.1800 -90.8900
6.9572344371e-02 -7.1063615428e-02 -4.3726130064e-01
147 144 137
2 0 5348 340.5500 -346.9900 1 2637 445.2800 -200.3000
6.9572344371e-02 -7.1063615428e-02 -4.3726130064e-01
147 144 137
2 0 5349 340.5500 -346.9900 1 2638 445.2800 -200.3000
6.9572344371e-02 -7.1063615428e-02 -4.3726130064e-01
147 144 137
2 0 5350 340.5500 -346.9900 1 2639 445.2800 -200.3000
6.8742056864e-02 -7.2321431715e-02 -4.3731152750e-01
192 188 177
2 0 5356 336.4900 -353.0300 1 2644 443.7500 -204.1200
9.6562165412e-02 -1.9792572707e-02 -4.4135861861e-01
156 152 146
2 0 5535 467.5600 -96.4000 1 3037 494.3800 -53.1400
8.1950183399e-02 -2.4645918342e-02 -4.6571942135e-01
181 174 171
2 0 5544 375.0100 -112.3100 1 3042 433.1400 -64.9800
6.8726761950e-02 -3.7782417478e-02 -4.7666806842e-01
183 174 167
2 0 5564 306.4800 -168.2000 1 3074 392.5400 -103.0200
7.4903426896e-02 -5.6922010932e-02 -4.4305845410e-01
192 188 179
2 0 5599 361.4100 -274.3200 1 2581 448.1600 -159.5200
