# Bundle file v0.3
3 83
2.1558810415e+03 1.3214196448e-01 7.0605428459e-03
9.9995594402e-01 9.2755088270e-03 1.4404726274e-03
-9.2354029486e-03 9.9962653049e-01 -2.5719776024e-02
-1.6784986643e-03 2.5705339569e-02 9.9966815402e-01
3.5038055264e-03 -2.1624737438e-02 -2.9675917753e-02
0 0 0
0 0 0
0 0 0
0 0 0
0 0 0
1.9863505767e+03 -1.7706710262e-01 -8.9697790132e-03
4.9726701456e-01 -1.0187869706e-01 -8.6159517600e-01
-6.1200568413e-01 6.6271292764e-01 -4.3157921421e-01
6.1495898955e-01 7.4191125253e-01 2.6719493735e-01
-7.5766773155e-01 -3.4608880817e-01 -4.8628053214e-01
1.2115299788e-01 1.5614404365e-01 -9.5495337732e-01
192 193 195
2 0 64 275.4900 349.4300 2 3537 389.7700 339.2500
1.1800375584e-01 1.4904360204e-01 -9.5141489078e-01
195 195 197
2 0 101 269.4300 334.4100 2 2384 372.0700 320.8400
1.7533261602e-01 7.1554066690e-02 -9.2441308203e-01
196 197 202
2 0 497 404.9000 164.5300 2 2893 408.9700 -24.7600
1.9888324848e-01 6.3339757709e-02 -9.2485137926e-01
191 192 194
2 0 559 458.6500 145.3000 2 3065 458.9700 -93.5000
1.7145096494e-01 6.0821297418e-02 -9.1890317291e-01
161 160 165
2 0 571 398.0800 140.4500 2 2950 384.0600 -48.4300
2.1575912408e-01 5.5077520422e-02 -9.2386506970e-01
185 183 184
2 0 606 497.5400 126.4100 2 4014 491.1400 -151.1100
1.8053925548e-01 4.9853019306e-02 -9.1539722070e-01
174 174 174
2 0 636 420.5400 115.1400 2 3076 391.5200 -96.5300
1.4250038652e-01 4.4578728801e-02 -9.0676230878e-01
180 179 185
2 0 662 335.4300 104.1600 2 2928 292.7300 -40.7100
1.6176243881e-01 3.7326988069e-02 -9.0635148878e-01
183 183 183
2 0 711 380.4500 86.8600 2 3074 328.1900 -96.0100
1.9119377251e-01 2.8341158703e-02 -9.0756746190e-01
178 174 171
2 0 758 448.2800 65.5400 2 3187 388.7800 -175.8200
1.4445096593e-01 2.7013480512e-02 -8.9900053341e-01
167 166 164
2 0 768 342.3400 63.4500 2 3061 275.5300 -91.8500
1.5171419741e-01 2.4898285357e-02 -8.9909948852e-01
168 167 166
2 0 783 359.2300 58.4100 2 3096 289.2700 -110.9400
1.1926406503e-01 2.1133696674e-02 -8.9208928296e-01
161 159 160
2 0 810 285.0000 50.4400 2 1294 212.5200 -63.0700
2.0288819149e-01 1.8801413625e-02 -9.0531583838e-01
162 159 154
2 0 830 476.5300 43.1600 2 3261 404.8300 -223.9500
1.9049762193e-01 1.7221244132e-02 -9.0240175903e-01
172 168 165
2 0 838 448.7900 39.6900 2 3224 371.9800 -203.9100
1.3067731074e-01 1.5711563707e-02 -8.9147031220e-01
163 163 161
2 0 849 312.2000 37.2700 2 3078 231.1900 -97.0800
1.2809235402e-01 1.5121332403e-02 -8.9086011678e-01
165 164 162
2 0 853 306.3700 35.8600 2 1404 225.0500 -93.8400
1.5633972988e-01 1.5405827879e-02 -8.9567229068e-01
169 165 162
2 0 854 371.3600 35.9600 2 1583 288.5700 -144.0500
1.2895224949e-01 1.1310168664e-02 -8.8944264826e-01
160 159 157
2 0 882 308.6600 26.9200 2 3092 223.1300 -105.0500
1.9514310504e-01 1.0313903513e-02 -9.0004820167e-01
169 164 158
2 0 893 460.6700 23.4300 2 3274 373.9700 -230.9400
1.5893044128e-01 8.8168419889e-03 -8.9319831930e-01
163 160 155
2 0 902 378.3500 20.3400 2 3168 286.7000 -165.6900
1.9424303616e-01 6.7648454703e-03 -8.9856553049e-01
165 160 154
2 0 910 459.2000 15.0800 2 3284 367.7900 -237.8400
1.9390210933e-01 9.8010909938e-04 -8.9574560533e-01
172 169 162
2 0 948 459.5800 1.4300 2 3318 358.9800 -252.1300
2.0679282629e-01 -5.2356158157e-03 -8.9513441230e-01
137 132 126
2 0 994 490.4300 -13.5600 2 3384 381.6200 -293.0500
1.5031985448e-01 -8.6142352483e-03 -8.8379461762e-01
158 153 148
2 0 1023 361.4100 -21.2800 2 3208 246.7300 -193.6100
1.3277920321e-01 -9.4238811280e-03 -8.8056343582e-01
156 154 150
2 0 1028 320.5300 -22.9200 2 1652 208.1300 -163.9500
1.5665005029e-01 -1.3877489346e-02 -8.8259977477e-01
129 124 120
2 0 1054 376.9100 -34.0400 2 1809 254.9200 -218.0000
1.8419465420e-01 -1.4772326791e-02 -8.8698850905e-01
159 156 151
2 0 1059 440.4700 -36.2100 2 3346 316.2100 -272.2500
1.6435870236e-01 -1.5192841841e-02 -8.8328780487e-01
163 159 150
2 0 1063 395.0800 -37.3200 2 1861 270.3900 -235.5300
1.6847799948e-01 -1.8182880528e-02 -8.8276060694e-01
106 103 98
2 0 1081 404.9600 -44.4800 2 3314 276.4200 -250.4600
1.6847799948e-01 -1.8182880528e-02 -8.8276060694e-01
106 103 98
2 0 1082 404.9600 -44.4800 2 3315 276.4200 -250.4600
1.8050129957e-01 -2.2401975901e-02 -8.8291127955e-01
164 161 154
2 0 1113 433.4600 -54.6900 2 3372 298.4500 -283.5600
1.9161969489e-01 -2.6573402065e-02 -8.8286764749e-01
135 130 124
2 0 1140 460.2900 -65.0300 2 3416 318.4000 -314.8700
1.5109468836e-01 -2.7233882491e-02 -8.7570904735e-01
164 161 153
2 0 1145 365.9500 -66.4100 2 1875 228.0600 -239.9500
1.4258016074e-01 -2.8036715790e-02 -8.7369050821e-01
158 153 147
2 0 1150 346.0900 -68.2900 2 1836 208.5600 -226.7600
1.4741105385e-01 -3.4884231020e-02 -8.7167597733e-01
127 122 118
2 0 1197 358.5500 -85.2400 2 1903 211.9900 -251.1500
1.3947467705e-01 -3.5149528925e-02 -8.7015237479e-01
113 110 105
2 0 1201 339.9200 -85.8800 2 1866 194.9300 -237.4900
1.9270824568e-01 -3.9892763718e-02 -8.7714235482e-01
152 147 141
2 0 1221 465.2100 -97.4600 2 2208 304.9500 -348.3100
1.2018030802e-01 -4.0174197315e-02 -8.6472969597e-01
155 150 147
2 0 1222 294.8200 -98.2300 2 1801 150.6600 -214.8900
1.4541216074e-01 -4.2809902678e-02 -8.6774404690e-01
102 101 97
2 0 1245 355.0900 -104.8900 2 1957 199.3200 -265.9300
1.0144821176e-01 1.4885857840e-01 -9.4846725834e-01
152 153 155
2 0 2015 233.4100 334.9300 2 4222 328.7300 346.0200
1.1562762621e-01 1.4734790064e-01 -9.4983677639e-01
158 158 158
2 0 2022 264.3200 331.2700 2 4230 362.4500 318.2700
1.0340709784e-01 1.1292831114e-01 -8.9681080596e-01
150 155 54
2 0 2087 251.0900 264.6300 2 3669 187.5900 180.6000
8.2606846467e-02 5.6478989708e-02 -8.6891146027e-01
168 168 74
2 0 2198 206.0800 135.3900 2 3763 83.2600 50.4800
1.5143924774e-01 3.2304063137e-02 -9.0243272048e-01
172 170 171
2 0 2274 357.5600 75.6100 2 3954 297.7700 -90.6100
1.5612215086e-01 2.5945896786e-02 -9.0047351064e-01
174 173 171
2 0 2294 369.2300 60.6400 2 3981 301.1500 -115.8800
1.5612215086e-01 2.5945896786e-02 -9.0047351064e-01
174 173 171
2 0 2295 369.2300 60.6400 2 3982 301.1500 -115.8800
1.5553667959e-01 2.2944402649e-02 -8.9905029399e-01
169 168 166
2 0 2304 368.2100 53.7400 2 3984 296.2200 -122.8000
1.4058520643e-01 1.8007212177e-02 -8.9419344414e-01
167 163 164
2 0 2309 334.7800 42.4200 2 3974 255.8900 -108.6700
1.7878524306e-01 1.1319957100e-02 -8.9774478434e-01
162 157 154
2 0 2325 423.1800 26.0600 2 4064 336.1700 -196.6800
1.5286170195e-01 6.0994184231e-03 -8.9095238010e-01
169 165 162
2 0 2334 364.7800 14.0200 2 4029 269.7200 -161.4600
1.9373640385e-01 5.3288391794e-03 -8.9759300224e-01
133 128 122
2 0 2338 458.4400 11.6900 2 4094 364.0500 -240.8800
1.2363612624e-01 1.8580580448e-03 -8.8411977524e-01
155 153 149
2 0 2346 297.7000 4.3900 2 3101 200.8300 -119.8100
1.2363612624e-01 1.8580580448e-03 -8.8411977524e-01
155 153 149
2 0 2347 297.7000 4.3900 2 3102 200.8300 -119.8100
1.4999633515e-01 1.9626432906e-03 -8.8859636303e-01
155 154 150
2 0 2350 358.8600 4.1800 2 3173 258.4300 -166.6500
1.6462939552e-01 -1.7642233008e-02 -8.8234404430e-01
170 167 160
2 0 2400 396.1100 -43.2600 2 3288 268.4200 -241.7900
-2.8228618338e-02 -1.8550320960e-02 -8.3747979653e-01
145 124 85
2 0 2402 -65.6700 -44.9200 2 4375 -128.7500 53.4500
1.1069822133e-01 -2.3958302806e-02 -8.7029761919e-01
140 136 133
2 0 2418 270.3500 -58.0100 2 3160 147.2900 -160.6300
1.9267972072e-01 -2.5479087563e-02 -8.8370447471e-01
159 156 149
2 0 2428 462.1200 -62.1500 2 3415 322.6800 -314.3600
1.7794061220e-01 -2.5959279783e-02 -8.8087190253e-01
117 114 107
2 0 2432 428.1100 -63.2800 2 4147 288.4600 -287.2400
1.9601459781e-01 -2.9567625104e-02 -8.8236438317e-01
131 126 120
2 0 2442 470.7700 -72.1600 2 4191 325.0600 -330.6200
1.9601459781e-01 -2.9567625104e-02 -8.8236438317e-01
131 126 120
2 0 2443 470.7700 -72.1600 2 4192 325.0600 -330.6200
1.5868977455e-01 2.2287417069e-02 -8.9932221985e-01
151 150 147
2 0 2965 375.4800 52.1500 2 4548 302.8400 -130.3000
1.7727833692e-01 1.4095937709e-02 -8.9873015290e-01
168 165 160
2 0 2974 419.3600 32.5400 2 4576 336.0900 -186.5600
1.8280732114e-01 -1.2098682451e-02 -8.8799224967e-01
151 146 140
2 0 3012 436.7600 -29.7700 2 4125 316.4100 -262.9800
2.0705770157e-01 -2.1760789837e-02 -8.8796859775e-01
129 122 116
2 0 3037 494.3800 -53.1400 2 4193 361.1200 -333.6300
1.7989045259e-01 -2.6559730176e-02 -8.8080798264e-01
135 132 125
2 0 3041 433.1400 -64.9800 2 4614 291.7000 -292.2900
1.9124445749e-01 -3.9874038103e-02 -8.7709385744e-01
127 122 116
2 0 3063 461.5300 -97.2800 2 4630 302.2300 -345.2800
1.4586149553e-01 -4.4667868750e-02 -8.6703428702e-01
148 147 143
2 0 3080 356.3500 -109.4600 2 4131 198.4500 -271.0100
8.3726984086e-02 -6.5085069945e-02 -8.1564600382e-01
237 234 58
2 0 3141 217.3700 -169.1500 2 4104 -18.5300 -250.6700
8.5147932926e-02 -7.1528559952e-02 -8.1293122727e-01
155 150 58
2 0 3162 221.4800 -186.3400 2 3336 -21.1500 -267.2900
8.5147932926e-02 -7.1528559952e-02 -8.1293122727e-01
155 150 58
2 0 3163 221.4800 -186.3400 2 3337 -21.1500 -267.2900
1.8369994420e-01 3.3981963900e-02 -9.0867646592e-01
149 148 146
2 0 3314 430.1400 78.9300 2 4838 377.5600 -146.6300
1.3587359430e-01 -8.4541012987e-04 -8.8505627304e-01
129 128 124
2 0 3339 326.5000 -2.3000 2 4839 224.4600 -148.0600
8.7744359782e-02 -5.8155531392e-02 -8.1934816401e-01
231 230 60
2 0 3428 227.2100 -150.9800 2 4095 -6.0800 -242.0300
5.6578056597e-02 3.3679975810e-02 -8.5537429059e-01
249 225 199
2 0 3501 144.9700 81.3100 2 4738 11.9500 33.1200
7.2279148183e-02 3.3127814320e-02 -8.5717723715e-01
243 244 90
2 0 3503 182.7300 79.7900 2 4765 41.1600 5.0700
7.4438848916e-02 3.1163947685e-02 -8.5690144239e-01
215 220 127
2 0 3504 188.0300 74.9400 2 4769 44.3300 -3.3300
7.4359714703e-02 2.7179710043e-02 -8.5483980024e-01
171 175 67
2 0 3510 187.6700 65.6700 2 4775 40.0500 -14.4500
1.6813487723e-01 -1.4021056332e-02 -8.8453421217e-01
148 143 137
2 0 3524 403.7100 -34.5900 2 4852 280.3700 -239.5400
4.4973917088e-02 -3.2032795970e-02 -8.2494369059e-01
49 21 24
2 0 3702 118.0900 -82.4800 2 4993 -59.8800 -110.1800
4.4124697211e-02 6.6998283075e-02 -8.6867333359e-01
156 87 72
2 0 3733 113.9900 161.2100 2 5121 17.8500 143.6500
5.4640879219e-02 4.5526819952e-02 -8.6090690327e-01
235 241 197
2 0 3757 140.2400 109.4500 2 5155 19.7600 68.9200
