# Bundle file v0.3
3 347
2.1223089183e+03 1.3024684828e-02 1.6152133145e-03
9.9964283763e-01 4.3055216886e-05 -2.6724432887e-02
4.0006478017e-04 9.9986253671e-01 1.6575513214e-02
2.6721472921e-02 -1.6580284569e-02 9.9950540621e-01
-3.2228753289e-02 1.9567551236e-02 -6.1851140305e-03
1.9845095830e+03 2.2117687601e-02 -7.9762520238e-03
9.1688376666e-01 2.8946534171e-01 -2.7483444905e-01
-1.6685114277e-02 7.1573451557e-01 6.9817312336e-01
3.9880542298e-01 -6.3555795894e-01 6.6107512087e-01
-3.4876730184e-01 8.4956262386e-01 -2.8346973132e-01
0 0 0
0 0 0
0 0 0
0 0 0
0 0 0
1.1216118183e-01 9.3022056918e-02 -1.1236650837e+00
24 27 32
2 0 369 206.2500 176.5700 1 141 172.0300 247.8500
2.5874425825e-01 8.4180263443e-02 -1.1369137537e+00
182 180 175
2 0 412 480.3000 159.0300 1 177 453.8500 225.0900
1.0561101867e-01 7.3306610810e-02 -1.1278932098e+00
12 17 23
2 0 469 193.4000 138.8000 1 198 152.9500 216.9700
1.6657235099e-01 7.1000790650e-02 -1.1683291024e+00
115 110 104
2 0 491 300.4500 129.3800 1 333 279.1900 157.0800
2.0324154922e-01 5.7703933776e-02 -1.1608521444e+00
187 182 176
2 0 541 369.3500 106.3200 1 347 341.7200 151.8000
2.6866808250e-01 4.2023450716e-02 -1.1453402630e+00
183 180 173
2 0 612 495.7200 79.4000 1 338 464.3500 156.1400
2.6187421222e-01 3.6388951393e-02 -1.1491144356e+00
190 186 177
2 0 634 481.3500 68.4500 1 363 449.7000 142.4500
2.7020509377e-01 3.5590757421e-02 -1.1467967077e+00
188 185 176
2 0 636 498.0000 67.3100 1 357 466.1200 145.0500
2.6461101143e-01 3.0775894620e-02 -1.1496093608e+00
142 137 134
2 0 664 486.3400 58.0600 1 385 453.8200 133.9300
2.0296073268e-01 2.5388347056e-02 -1.1696293163e+00
178 174 165
2 0 694 366.7000 46.7100 1 495 332.2700 95.4400
2.5265497784e-01 2.2191848895e-02 -1.1557203061e+00
114 110 107
2 0 705 462.0800 41.8100 1 442 427.7500 112.2900
1.7951728953e-01 2.2022512628e-02 -1.1772679086e+00
178 175 168
2 0 711 322.1500 40.0200 1 531 287.9800 79.7700
2.7161189976e-01 4.2113635204e-03 -1.1552781183e+00
142 139 134
2 0 759 497.4200 8.7600 1 515 462.0700 87.4600
2.2397114220e-01 6.7187287969e-04 -1.1697779204e+00
189 186 179
2 0 789 404.9800 1.8100 1 588 365.6200 60.6500
2.1298922393e-01 2.3483108572e-04 -1.1734260214e+00
189 184 178
2 0 791 383.9000 0.8900 1 602 344.4200 54.7900
2.1298922393e-01 2.3483108572e-04 -1.1734260214e+00
189 184 178
2 0 792 383.9000 0.8900 1 603 344.4200 54.7900
2.5732135959e-01 -3.7899739207e-03 -1.1615251226e+00
184 180 175
2 0 808 468.8000 -6.1100 1 577 430.8700 66.3100
-1.1916730947e-01 -5.3285622831e-03 -1.1720191046e+00
96 58 3
2 0 812 -215.9500 -9.5300 1 607 -247.3500 53.1300
-1.1916730947e-01 -5.3285622831e-03 -1.1720191046e+00
96 58 3
2 0 813 -215.9500 -9.5300 1 608 -247.3500 53.1300
-1.1974527326e-01 -8.6527173459e-03 -1.1729205884e+00
166 131 44
2 0 822 -216.8000 -15.5300 1 625 -249.8700 47.7900
-1.2530045074e-01 -9.1262615856e-03 -1.1691435948e+00
143 83 46
2 0 823 -227.3900 -16.1300 1 609 -261.6300 52.0200
1.6798832739e-01 -9.0317758100e-03 -1.1892386386e+00
171 166 160
2 0 824 298.9400 -16.1300 1 710 257.6600 19.8300
2.3222449611e-01 -1.2967132576e-02 -1.1713861733e+00
181 174 168
2 0 842 419.6600 -22.9600 1 656 378.2100 38.4600
-5.8473018972e-02 -2.1138680289e-02 -1.2207588838e+00
131 137 160
2 0 865 -100.9000 -38.0900 1 905 -131.0900 -30.2600
-5.1129145409e-02 -2.1608322904e-02 -1.2266581197e+00
94 85 58
2 0 866 -87.3600 -38.7700 1 4325 -116.3800 -38.5600
-1.2773747375e-01 -2.2021112323e-02 -1.1728356072e+00
42 60 32
2 0 871 -231.1100 -39.5000 1 674 -271.5200 31.0100
2.0983233645e-01 -2.2311704265e-02 -1.1804198796e+00
185 181 172
2 0 873 376.4600 -39.8400 1 746 331.9200 12.1300
2.2084177977e-01 -2.3921771519e-02 -1.1778501182e+00
193 189 180
2 0 881 397.1300 -42.7600 1 741 352.8900 13.1700
2.2084177977e-01 -2.3921771519e-02 -1.1778501182e+00
193 189 180
2 0 882 397.1300 -42.7600 1 742 352.8900 13.1700
-5.2966330630e-02 -2.5008609063e-02 -1.2264226123e+00
90 71 40
2 0 889 -90.7200 -44.7400 1 3071 -121.3000 -42.5900
2.3888385433e-01 -2.5020577987e-02 -1.1727053977e+00
137 134 127
2 0 890 431.3900 -44.8600 1 2925 388.3100 18.6300
-5.8286911983e-02 -2.5624084777e-02 -1.2229443782e+00
121 130 151
2 0 891 -100.1600 -45.7300 1 953 -132.3800 -38.9200
2.5053023527e-01 -2.5542521225e-02 -1.1695325579e+00
186 183 174
2 0 893 453.6200 -45.8900 1 702 411.7500 22.2900
2.2203713752e-01 -2.6071238743e-02 -1.1778546406e+00
188 183 177
2 0 896 399.0700 -46.7600 1 751 354.7700 10.0500
-6.2796928248e-02 -2.9147097856e-02 -1.2204270587e+00
104 109 137
2 0 903 -108.2800 -51.8500 1 960 -143.2100 -40.2400
-6.2796928248e-02 -2.9147097856e-02 -1.2204270587e+00
104 109 137
2 0 904 -108.2800 -51.8500 1 961 -143.2100 -40.2400
8.7730393731e-02 -2.9021234484e-02 -1.1603273108e+00
16 21 28
2 0 905 157.0600 -52.7200 1 2895 84.6700 34.5700
1.6467333438e-01 -3.2916787618e-02 -1.1967869870e+00
176 171 167
2 0 919 291.6000 -58.6000 1 880 244.1500 -24.8100
-1.3104258764e-01 -3.4335440292e-02 -1.1747900567e+00
138 147 50
2 0 927 -236.2900 -61.3700 1 744 -284.2000 12.6100
-8.3404121412e-02 -3.8081114543e-02 -1.2095683139e+00
136 137 174
2 0 943 -145.6600 -67.5900 1 3058 -188.2800 -37.6300
-7.9080367649e-02 -4.0345194620e-02 -1.2135501278e+00
17 13 14
2 0 951 -137.4800 -71.4100 1 986 -180.3900 -45.7900
-7.9080367649e-02 -4.0345194620e-02 -1.2135501278e+00
17 13 14
2 0 952 -137.4800 -71.4100 1 987 -180.3900 -45.7900
1.9994099912e-01 -4.0363236037e-02 -1.1883916958e+00
182 178 172
2 0 955 356.4700 -72.1600 1 883 307.8900 -25.5200
-5.8592515312e-02 -4.1571256723e-02 -1.2283237764e+00
135 135 162
2 0 956 -99.9900 -73.0800 1 3146 -139.4200 -66.7200
8.6764635844e-02 -4.1644834265e-02 -1.1648778817e+00
13 20 28
2 0 963 155.1600 -75.4800 1 749 78.2600 10.2500
-9.2201951606e-02 -4.3685596059e-02 -1.2054207093e+00
142 139 164
2 0 967 -161.4600 -77.3200 1 956 -208.8000 -39.6000
-9.3218796720e-02 -4.5013835852e-02 -1.2053699730e+00
32 35 34
2 0 973 -163.2100 -79.6200 1 969 -211.3600 -41.2700
1.7137696880e-01 -4.5849491413e-02 -1.1983625348e+00
182 175 168
2 0 978 303.1500 -81.5500 1 992 252.4800 -46.2600
2.7493945794e-01 -4.5241502152e-02 -1.1678270612e+00
184 179 176
2 0 980 498.7200 -82.0200 1 801 457.7900 -5.8300
-9.1900934189e-02 -4.9924312127e-02 -1.2079288613e+00
22 28 19
2 0 1000 -160.3500 -88.0300 1 1014 -210.9700 -51.1100
-8.1099916060e-02 -5.0734238363e-02 -1.2160190963e+00
128 133 146
2 0 1005 -140.4700 -89.2800 1 3129 -188.8700 -62.6800
-8.1099916060e-02 -5.0734238363e-02 -1.2160190963e+00
128 133 146
2 0 1006 -140.4700 -89.2800 1 3130 -188.8700 -62.6800
-6.3239902098e-02 -5.3011563348e-02 -1.2297316105e+00
108 110 129
2 0 1014 -107.7700 -92.6700 1 3195 -153.1400 -83.6000
2.4475102844e-01 -5.2477935510e-02 -1.1786109356e+00
184 181 174
2 0 1023 440.2200 -94.4300 1 916 393.0300 -31.9000
-8.2368166075e-02 -5.3955221611e-02 -1.2164750594e+00
112 111 134
2 0 1024 -142.5700 -94.8300 1 1093 -192.7200 -67.5200
-6.1279742769e-02 -5.5295572991e-02 -1.2324377423e+00
128 131 144
2 0 1032 -104.1300 -96.5100 1 3214 -149.7000 -90.1000
-9.3660585248e-02 -5.5316501869e-02 -1.2091821185e+00
132 131 139
2 0 1037 -163.4300 -97.5500 1 1053 -216.2700 -59.7200
-1.2237858974e-01 -6.1698991141e-02 -1.1912611725e+00
69 94 135
2 0 1078 -217.0700 -109.4700 1 982 -278.4500 -44.6500
-8.3291611230e-02 -6.3996174572e-02 -1.2197993946e+00
130 132 137
2 0 1082 -143.5400 -111.9800 1 3201 -198.7300 -85.2100
-8.4842257461e-02 -6.4184472124e-02 -1.2184014527e+00
123 126 144
2 0 1084 -146.2500 -112.2500 1 3194 -202.4400 -83.7300
-8.2053050302e-02 -6.5614083178e-02 -1.2214657292e+00
8 11 14
2 0 1092 -141.2400 -114.7500 1 3211 -196.6300 -89.5000
-8.7920117895e-02 -6.5981299474e-02 -1.2172181065e+00
17 6 15
2 0 1096 -151.9200 -115.5400 1 3200 -209.1500 -84.4800
-6.9644128627e-02 -6.6461152620e-02 -1.2302290979e+00
36 39 34
2 0 1097 -118.4400 -115.5600 1 1299 -171.8900 -102.2400
2.0767200639e-01 -6.5431932590e-02 -1.1929221006e+00
185 181 172
2 0 1103 369.3700 -116.6700 1 1107 315.3100 -70.4700
8.3009183560e-02 -6.4827926934e-02 -1.1721559760e+00
23 30 37
2 0 1107 147.8700 -117.1100 1 925 62.4100 -33.2800
-8.2734447376e-02 -7.0382843557e-02 -1.2228454102e+00
7 11 8
2 0 1123 -142.0900 -122.8200 1 3232 -200.0800 -97.7200
-8.2734447376e-02 -7.0382843557e-02 -1.2228454102e+00
7 11 8
2 0 1124 -142.0900 -122.8200 1 3233 -200.0800 -97.7200
-9.4489130988e-02 -7.6046760294e-02 -1.2168420352e+00
2 3 11
2 0 1148 -163.3800 -133.0300 1 3230 -226.6000 -97.3900
-9.4489130988e-02 -7.6046760294e-02 -1.2168420352e+00
2 3 11
2 0 1149 -163.3800 -133.0300 1 3231 -226.6000 -97.3900
-8.6987159934e-02 -7.7152699907e-02 -1.2225974557e+00
119 124 135
2 0 1155 -149.4300 -134.5000 1 3264 -211.5700 -106.4700
1.8803447406e-01 -7.7355432967e-02 -1.2018674810e+00
147 140 133
2 0 1168 332.2000 -137.1200 1 1287 273.7100 -100.0800
1.8803447406e-01 -7.7355432967e-02 -1.2018674810e+00
147 140 133
2 0 1169 332.2000 -137.1200 1 1288 273.7100 -100.0800
-9.7256465133e-02 -7.9730926899e-02 -1.2160768905e+00
17 16 17
2 0 1174 -168.0200 -139.2700 1 3251 -234.3400 -101.4600
1.6493460667e-01 -7.9119280877e-02 -1.2092583221e+00
126 119 115
2 0 1175 289.8600 -139.4900 1 1345 229.5700 -111.1500
-8.4339758765e-02 -8.1967204281e-02 -1.2265438449e+00
9 14 19
2 0 1188 -144.2700 -142.5100 1 3303 -207.9200 -118.1300
-8.4670881749e-02 -8.5087044717e-02 -1.2274361547e+00
15 17 23
2 0 1213 -144.6100 -147.7400 1 3325 -210.0400 -123.5700
-6.4099516854e-02 -8.8052204309e-02 -1.2435854506e+00
26 28 21
2 0 1234 -107.5000 -151.6300 1 3406 -168.1000 -148.7300
-8.7983999863e-02 -8.8656298482e-02 -1.2265365029e+00
124 135 134
2 0 1244 -150.4900 -153.9900 1 3335 -218.3000 -127.2000
1.2621477710e-01 -9.0935003518e-02 -1.2240821880e+00
100 96 92
2 0 1251 219.4900 -158.7600 1 1538 155.3700 -145.6600
-8.5703562746e-02 -9.1604445699e-02 -1.2297270413e+00
5 7 15
2 0 1255 -146.0300 -158.7400 1 3362 -214.5500 -135.3900
2.4721169104e-01 -9.0251406877e-02 -1.1882828998e+00
185 182 174
2 0 1266 441.7700 -161.6500 1 3262 387.9600 -106.1400
-1.3006715885e-01 -9.2450402543e-02 -1.1988169915e+00
129 132 127
2 0 1271 -228.2900 -162.6500 1 1256 -307.9800 -95.8200
2.4610790793e-01 -9.1271897279e-02 -1.1890842840e+00
143 140 134
2 0 1274 439.4300 -163.4400 1 1337 385.5400 -108.8300
2.5442605767e-01 -9.5895024938e-02 -1.1878943809e+00
177 174 165
2 0 1292 454.7400 -171.9500 1 3295 401.7200 -115.3800
-6.6906336723e-02 -1.0062444334e-01 -1.2464764566e+00
119 132 154
2 0 1293 -111.6200 -172.5000 1 3457 -179.2300 -169.8800
2.2545191012e-01 -1.0156128858e-01 -1.1974164055e+00
181 178 173
2 0 1318 399.9700 -180.7400 1 1488 340.0700 -135.6800
2.0282200823e-01 -1.0344977601e-01 -1.2046223500e+00
182 178 175
2 0 1323 358.0100 -182.9800 1 1542 294.1200 -146.7000
-1.3868037943e-01 -1.1064477915e-01 -1.1999059349e+00
119 92 93
2 0 1349 -243.0500 -194.4200 1 3318 -334.3900 -122.0600
1.8673293664e-01 -1.1059938126e-01 -1.2115701236e+00
120 117 110
2 0 1350 327.8600 -194.6800 1 1632 260.6500 -166.1400
1.8673293664e-01 -1.1059938126e-01 -1.2115701236e+00
120 117 110
2 0 1351 327.8600 -194.6800 1 1633 260.6500 -166.1400
1.8673293664e-01 -1.1059938126e-01 -1.2115701236e+00
120 117 110
2 0 1352 327.8600 -194.6800 1 1634 260.6500 -166.1400
-5.5610476700e-02 -1.1720810325e-01 -1.2615281383e+00
25 53 43
2 0 1361 -90.3300 -198.4300 1 3585 -162.4700 -212.9200
1.4601544700e-01 -1.1778089413e-01 -1.2253586562e+00
117 109 106
2 0 1381 254.0600 -205.1300 1 3530 181.2600 -191.6700
2.2716763304e-01 -1.1824614373e-01 -1.2020318893e+00
186 181 175
2 0 1390 401.8200 -209.7600 1 1648 338.8200 -169.9900
-9.1061607123e-02 -1.2375215915e-01 -1.2392808391e+00
150 142 121
2 0 1398 -152.8900 -212.0800 1 3536 -239.5400 -192.6300
2.6080637592e-01 -1.2216768637e-01 -1.1936633104e+00
182 178 169
2 0 1431 464.4200 -218.2800 1 3453 408.3700 -168.5300
2.4279119996e-01 -1.2487812245e-01 -1.1994888735e+00
141 140 135
2 0 1440 430.3900 -222.0500 1 3490 369.3400 -179.4000
2.0236702596e-01 -1.2671455852e-01 -1.2113856021e+00
144 139 133
2 0 1443 355.5900 -223.0900 1 1745 286.0400 -194.2600
2.6456460848e-01 -1.3070968224e-01 -1.1950468498e+00
190 184 178
2 0 1464 470.8600 -233.2900 1 3514 414.1200 -185.7600
1.4860736137e-01 -1.3607668241e-01 -1.2298749611e+00
176 171 167
2 0 1470 257.8300 -236.2100 1 3630 179.6800 -227.6300
2.5277653447e-01 -1.3731925836e-01 -1.2002257262e+00
183 179 170
2 0 1483 447.9400 -244.1800 1 3562 387.1000 -203.1000
2.3148683876e-01 -1.5331836448e-01 -1.2108394401e+00
186 180 174
2 0 1532 407.1900 -270.2800 1 3667 337.3700 -243.0700
2.4364142121e-01 -1.5844201390e-01 -1.2089917099e+00
182 178 169
2 0 1557 429.0400 -279.9100 1 3682 361.7300 -251.3600
2.7859543331e-01 -1.5904584993e-01 -1.1992386718e+00
157 149 146
2 0 1558 494.2600 -283.4100 1 1945 437.9600 -244.0300
2.0163149213e-01 -1.6441733852e-01 -1.2223187416e+00
192 188 179
2 0 1571 351.7400 -287.2200 1 3753 272.5600 -273.5900
2.2380870136e-01 -1.6722898231e-01 -1.2168271067e+00
180 175 172
2 0 1584 391.9700 -293.5100 1 2080 317.1500 -274.7300
2.4945863210e-01 -1.6824957728e-01 -1.2100906756e+00
168 167 162
2 0 1593 439.2800 -296.9300 1 3746 371.1600 -271.5600
1.7615977495e-01 -1.7677060382e-01 -1.2332917374e+00
177 173 164
2 0 1622 305.1700 -306.0900 1 2198 217.7500 -305.6200
1.6893785520e-01 -1.8907956287e-01 -1.2389500158e+00
136 133 124
2 0 1677 291.6300 -326.0000 1 2308 199.3300 -333.4700
1.1607866240e-01 -1.9831343368e-01 -1.2570482897e+00
170 166 157
2 0 1709 198.9000 -336.9000 1 2463 95.9900 -362.6400
2.6465940654e-01 -1.9254575025e-01 -1.2129955610e+00
174 171 166
2 0 1717 465.1600 -339.3900 1 3882 397.8100 -323.3400
1.7442291613e-01 -2.0528140940e-01 -1.2421226988e+00
181 177 168
2 0 1750 300.7300 -353.0200 1 4003 204.1500 -367.9400
2.6418912546e-01 1.3311274194e-01 -1.1221084742e+00
194 190 187
2 0 1928 496.3700 254.2400 1 2555 474.8200 310.2700
2.6418912546e-01 1.3311274194e-01 -1.1221084742e+00
194 190 187
2 0 1929 496.3700 254.2400 1 2556 474.8200 310.2700
1.6745663779e-01 1.1673828822e-01 -1.1558986967e+00
145 142 133
2 0 1954 304.6700 214.9200 1 165 293.6800 231.9200
2.5516889265e-01 8.1369743828e-02 -1.1389491285e+00
195 190 186
2 0 2017 472.8200 153.4200 1 196 446.2800 218.0700
2.6494124975e-01 3.6466584419e-02 -1.1481322493e+00
191 188 180
2 0 2130 487.8000 68.8600 1 362 455.5500 144.0000
2.6915930064e-01 3.4532482711e-02 -1.1474757347e+00
185 180 174
2 0 2133 495.6900 65.2400 1 365 463.8700 142.5400
1.8408385522e-01 3.3958670588e-02 -1.1730699625e+00
180 175 169
2 0 2136 331.3100 61.8500 1 2785 299.9600 102.0200
2.2785225979e-01 1.8283919519e-02 -1.1642244583e+00
188 183 177
2 0 2176 413.4800 34.0200 1 2795 378.1100 93.8400
2.0813103495e-01 1.7487959033e-02 -1.1703305109e+00
174 170 161
2 0 2178 375.8000 32.2600 1 2814 340.0100 83.6000
2.3755275468e-01 4.8106892448e-03 -1.1650339281e+00
182 178 170
2 0 2208 431.1100 9.4300 1 2834 393.5700 73.5900
2.4572582604e-01 -7.1810919572e-04 -1.1641171849e+00
183 179 169
2 0 2233 446.4700 -0.6100 1 2848 408.3600 66.9700
-1.4450536956e-01 -3.2694650237e-03 -1.1536126544e+00
211 203 163
2 0 2244 -266.3600 -5.3700 1 4182 -297.4900 79.7500
2.3449006880e-01 -1.6348479883e-02 -1.1715599141e+00
186 181 175
2 0 2268 423.6100 -29.1700 1 2900 381.9000 33.2700
2.1339144133e-01 -1.8918245780e-02 -1.1786469895e+00
183 179 170
2 0 2276 383.1800 -33.8300 1 2924 339.9800 19.6300
2.5372736741e-01 -2.3887622527e-02 -1.1681715560e+00
189 184 178
2 0 2284 460.1800 -42.7700 1 693 418.4600 26.6200
2.0854223112e-01 -2.5153826631e-02 -1.1816853812e+00
197 192 188
2 0 2287 373.7500 -44.9700 1 2950 328.7100 6.2000
2.0553930765e-01 -3.0866820791e-02 -1.1841333398e+00
176 171 167
2 0 2301 367.5700 -55.2700 1 2977 321.4200 -5.5700
-5.6248899190e-02 -3.4100485258e-02 -1.2273406950e+00
127 125 152
2 0 2306 -96.2200 -60.3500 1 4348 -131.5400 -55.6100
-6.2120389633e-02 -3.9184476367e-02 -1.2253594410e+00
70 64 45
2 0 2327 -106.6000 -69.1700 1 3117 -145.2100 -59.6300
-6.2120389633e-02 -3.9184476367e-02 -1.2253594410e+00
70 64 45
2 0 2328 -106.6000 -69.1700 1 3118 -145.2100 -59.6300
2.7342862104e-01 -3.8902945510e-02 -1.1667381356e+00
188 183 178
2 0 2329 496.3800 -70.4600 1 2951 456.1100 5.6500
-1.2740622853e-01 -4.1453801759e-02 -1.1800449804e+00
166 164 32
2 0 2336 -228.5500 -73.9800 1 2971 -279.8800 -3.4600
-1.2740622853e-01 -4.1453801759e-02 -1.1800449804e+00
166 164 32
2 0 2337 -228.5500 -73.9800 1 2972 -279.8800 -3.4600
-8.4993836565e-02 -4.3662391823e-02 -1.2104151343e+00
0 2 1
2 0 2341 -148.0100 -77.1000 1 3084 -194.1800 -46.1300
2.7387945349e-01 -4.3830051770e-02 -1.1677796448e+00
143 138 135
2 0 2353 496.9200 -79.3800 1 2974 455.7800 -3.5800
2.7107243815e-01 -4.4897628521e-02 -1.1690579811e+00
156 152 146
2 0 2357 491.2400 -81.3000 1 2986 449.7100 -7.0300
-8.5732978332e-02 -4.9296080036e-02 -1.2121509292e+00
6 11 15
2 0 2365 -149.0400 -86.8700 1 3106 -197.8800 -55.7600
2.5590230559e-01 -5.4404537534e-02 -1.1760214519e+00
152 147 141
2 0 2386 461.3400 -98.0900 1 3047 415.4900 -31.6200
-8.1108149062e-02 -5.7630121162e-02 -1.2188583779e+00
1 1 10
2 0 2392 -140.0500 -101.1100 1 4385 -191.5400 -75.4800
-6.4276415276e-02 -6.0201871204e-02 -1.2318113079e+00
129 128 154
2 0 2399 -109.2400 -104.8800 1 4422 -158.0800 -95.8700
-6.4276415276e-02 -6.0201871204e-02 -1.2318113079e+00
129 128 154
2 0 2400 -109.2400 -104.8800 1 4421 -158.0800 -95.8700
1.7243360803e-01 -5.9557716605e-02 -1.2016552311e+00
179 175 168
2 0 2402 304.5100 -105.6000 1 3157 249.9200 -71.4200
2.0575889185e-01 -6.0777574574e-02 -1.1921043808e+00
144 139 133
2 0 2406 366.1100 -108.4300 1 3128 312.9500 -62.0100
-6.5458574473e-02 -6.2819786439e-02 -1.2319373424e+00
118 124 145
2 0 2408 -111.2900 -109.3900 1 3239 -161.5100 -99.5100
2.6552568249e-01 -6.2952397029e-02 -1.1753980440e+00
134 129 125
2 0 2418 479.0800 -113.6700 1 3079 433.4100 -44.6200
2.6384000392e-01 -6.3673817687e-02 -1.1762263427e+00
192 187 183
2 0 2422 475.7500 -114.9000 1 3091 429.7000 -46.9100
2.4658905947e-01 -7.6264797729e-02 -1.1849315023e+00
134 131 124
2 0 2465 441.7400 -136.8100 1 3178 390.4700 -78.6900
2.5463477481e-01 -7.6211103387e-02 -1.1824457811e+00
186 186 178
2 0 2467 456.9900 -137.0200 1 3165 407.2300 -75.5000
1.8067006232e-01 -8.1383052439e-02 -1.2051663548e+00
192 185 177
2 0 2478 318.5100 -143.8800 1 3279 258.3400 -110.3500
1.8067006232e-01 -8.1383052439e-02 -1.2051663548e+00
192 185 177
2 0 2479 318.5100 -143.8800 1 3280 258.3400 -110.3500
-1.2649839297e-01 -8.6738435357e-02 -1.1979144625e+00
136 155 179
2 0 2498 -222.8900 -153.1900 1 4403 -298.0800 -86.7800
1.7807452646e-01 -8.8594195540e-02 -1.2080876091e+00
181 174 164
2 0 2507 313.1700 -156.3900 1 3327 251.3000 -125.3600
2.1101482240e-01 -8.9483537441e-02 -1.1986625396e+00
197 193 184
2 0 2509 373.9500 -158.9900 1 3298 314.7400 -116.6300
2.5556070190e-01 -8.8567185997e-02 -1.1854566396e+00
130 129 124
2 0 2510 457.5600 -159.0600 1 3245 406.0200 -99.9100
7.7343540683e-02 -9.7713622988e-02 -1.1831828467e+00
26 26 36
2 0 2528 137.2300 -175.1100 1 4425 39.0000 -97.3300
2.5909623848e-01 -9.8331432512e-02 -1.1873521462e+00
187 183 177
2 0 2530 463.4400 -176.3700 1 4474 410.9000 -119.0700
-6.9062046274e-02 -1.0748592923e-01 -1.2478696509e+00
126 105 53
2 0 2532 -115.0100 -183.9200 1 4585 -186.4100 -181.2000
-1.3984119785e-01 -1.0924911445e-01 -1.1985671658e+00
147 161 67
2 0 2540 -245.6200 -192.2900 1 4471 -335.9400 -118.2800
2.1887444626e-01 -1.0811636031e-01 -1.2016040495e+00
182 177 171
2 0 2542 387.1700 -191.7900 1 3414 324.9500 -151.6900
2.1887444626e-01 -1.0811636031e-01 -1.2016040495e+00
182 177 171
2 0 2543 387.1700 -191.7900 1 3415 324.9500 -151.6900
2.4823696706e-01 -1.0819454254e-01 -1.1930623695e+00
183 180 174
2 0 2548 442.0200 -193.2900 1 3383 385.3700 -142.6700
2.6797979550e-01 -1.0992886091e-01 -1.1879951900e+00
180 175 169
2 0 2550 479.0700 -197.2900 1 3378 427.0500 -140.2000
7.5076347420e-02 -1.1385957275e-01 -1.1878437711e+00
19 23 32
2 0 2556 132.8300 -203.4500 1 3342 28.0800 -128.2800
7.5076347420e-02 -1.1385957275e-01 -1.1878437711e+00
19 23 32
2 0 2557 132.8300 -203.4500 1 3343 28.0800 -128.2800
2.6885596688e-01 -1.1431916257e-01 -1.1890729833e+00
153 148 145
2 0 2559 480.3100 -205.0200 1 3408 427.8300 -149.3200
2.7104867436e-01 -1.1743211372e-01 -1.1890950000e+00
155 149 145
2 0 2569 484.3900 -210.5600 1 4531 431.6200 -154.9500
2.4364240660e-01 -1.2011146828e-01 -1.1978135463e+00
179 176 169
2 0 2574 432.4200 -213.8200 1 3454 372.4200 -169.0300
2.5902139818e-01 -1.2224292035e-01 -1.1939544622e+00
147 143 134
2 0 2577 461.0000 -218.4200 1 3455 404.5500 -168.8300
2.0269671275e-01 -1.3414364277e-01 -1.2134903965e+00
193 186 180
2 0 2593 355.5700 -235.8800 1 4619 284.4900 -209.6200
2.1543751064e-01 -1.3482768668e-01 -1.2100182908e+00
157 148 139
2 0 2600 378.8600 -237.7800 1 4614 309.9600 -207.6500
2.1543751064e-01 -1.3482768668e-01 -1.2100182908e+00
157 148 139
2 0 2601 378.8600 -237.7800 1 4615 309.9600 -207.6500
2.3211495632e-01 -1.3807184661e-01 -1.2062389257e+00
184 179 173
2 0 2605 409.7700 -244.0900 1 4620 342.9800 -210.2800
2.4723130617e-01 -1.4514639440e-01 -1.2038902007e+00
177 170 162
2 0 2617 436.8300 -257.4400 1 3612 373.1400 -221.1800
6.8423199368e-02 -1.5647644500e-01 -1.2015928013e+00
23 28 34
2 0 2636 120.5400 -276.6900 1 4627 -2.3000 -213.9300
2.4986290089e-01 -1.5679939272e-01 -1.2065092512e+00
189 183 179
2 0 2638 440.8300 -277.5600 1 3671 375.4100 -245.9200
2.4986290089e-01 -1.5679939272e-01 -1.2065092512e+00
189 183 179
2 0 2639 440.8300 -277.5600 1 3670 375.4100 -245.9200
2.5661426216e-01 -1.5965855621e-01 -1.2054307167e+00
173 168 162
2 0 2646 453.1500 -282.9200 1 3681 389.2000 -250.5700
2.5639929774e-01 -1.7871230461e-01 -1.2116017769e+00
151 148 143
2 0 2688 450.9800 -315.2100 1 3810 383.5300 -293.9700
2.4106434558e-01 -1.8469435238e-01 -1.2172614542e+00
181 178 173
2 0 2703 422.2200 -324.2600 1 4791 348.4600 -310.0500
2.6811835354e-01 -1.8633832342e-01 -1.2101595980e+00
179 174 171
2 0 2710 472.0800 -329.2300 1 4783 407.2900 -308.2900
2.4487840121e-01 -1.9811138321e-01 -1.2202917325e+00
149 146 137
2 0 2737 428.3900 -346.9200 1 3930 352.5300 -340.0800
2.0276819717e-01 4.2327219879e-02 -1.1651909514e+00
171 166 162
2 0 2937 367.1100 77.6800 1 4145 336.9300 125.0700
1.9152704004e-01 4.0538935248e-02 -1.1690095135e+00
173 168 162
2 0 2941 345.7700 74.1200 1 4151 315.4800 116.8400
2.5236075280e-01 3.1267143129e-02 -1.1530765333e+00
187 184 177
2 0 2950 462.4900 58.7400 1 4142 429.2100 128.9600
9.5219824005e-02 8.6684581101e-03 -1.1486024567e+00
18 21 30
2 0 2965 172.0100 16.6900 1 4164 112.0000 102.8900
-1.3216423203e-01 -1.6888325276e-02 -1.1674200597e+00
102 88 35
2 0 3000 -240.2500 -30.1600 1 4208 -278.6700 44.5400
2.0126814605e-01 -2.4076819183e-02 -1.1835315838e+00
180 173 170
2 0 3014 360.3000 -42.9300 1 4258 314.9400 5.2900
2.0126814605e-01 -2.4076819183e-02 -1.1835315838e+00
180 173 170
2 0 3015 360.3000 -42.9300 1 4259 314.9400 5.2900
2.4269296970e-01 -2.7555952692e-02 -1.1719656343e+00
161 158 150
2 0 3021 438.4100 -49.5600 1 4249 395.3500 15.9100
1.9706121563e-01 -3.0826064507e-02 -1.1865722878e+00
175 170 167
2 0 3024 351.8900 -55.0400 1 4272 305.0300 -8.7600
-8.3470259984e-02 -3.1672189790e-02 -1.2070247459e+00
0 7 4
2 0 3027 -146.0700 -56.3700 1 5047 -186.0000 -26.0500
2.6405779331e-01 -3.3872518205e-02 -1.1678644708e+00
189 181 178
2 0 3029 479.0500 -61.0900 1 4252 437.4200 11.8300
-6.9164801106e-02 -3.4792883590e-02 -1.2182762379e+00
129 130 163
2 0 3031 -119.5300 -61.6200 1 4337 -158.2300 -44.7700
2.6316641340e-01 -3.6565079055e-02 -1.1689357369e+00
159 152 146
2 0 3035 476.9800 -66.0000 1 5025 434.9900 6.1700
-1.1999273108e-01 -3.8338183936e-02 -1.1835721064e+00
133 152 184
2 0 3037 -214.8200 -68.5300 1 4270 -263.3900 -3.9900
-1.2583657655e-01 -3.8826948525e-02 -1.1804135982e+00
31 47 30
2 0 3039 -225.8000 -69.3800 1 4266 -275.1900 -0.4900
-1.2583657655e-01 -3.8826948525e-02 -1.1804135982e+00
31 47 30
2 0 3040 -225.8000 -69.3800 1 4267 -275.1900 -0.4900
-1.3364111585e-01 -4.1373570754e-02 -1.1762675284e+00
171 167 46
2 0 3048 -240.9600 -74.2200 1 4264 -291.7500 1.7900
-6.0986277960e-02 -4.9725768787e-02 -1.2305451659e+00
6 15 9
2 0 3057 -104.1700 -87.2500 1 4393 -146.5900 -80.1400
-7.1604320530e-02 -5.2905142940e-02 -1.2237612663e+00
107 86 51
2 0 3063 -122.8200 -92.6500 1 5096 -170.3200 -75.7000
-7.1604320530e-02 -5.2905142940e-02 -1.2237612663e+00
107 86 51
2 0 3064 -122.8200 -92.6500 1 5097 -170.3200 -75.7000
-5.7464015679e-02 -5.8714744909e-02 -1.2368546513e+00
86 71 38
2 0 3072 -97.5100 -102.4500 1 5116 -142.5300 -100.2100
-1.2305047500e-01 -5.9288720959e-02 -1.1899319437e+00
111 91 95
2 0 3077 -218.5300 -105.2600 1 4329 -278.7600 -39.7300
2.2565901328e-01 -6.8628886898e-02 -1.1887731557e+00
156 151 145
2 0 3099 402.8600 -122.7000 1 4376 349.9600 -70.7400
-8.8369794017e-02 -7.0624349721e-02 -1.2187929368e+00
17 14 16
2 0 3101 -152.3500 -123.4200 1 5105 -212.0200 -92.7700
2.1731933828e-01 -7.0023411155e-02 -1.1914731017e+00
188 183 177
2 0 3106 387.0800 -124.9900 1 4389 332.9600 -76.2000
-1.2521782565e-01 -7.1242982783e-02 -1.1935767139e+00
131 97 84
2 0 3108 -221.2000 -125.9200 1 5086 -288.4800 -60.4200
2.4774147018e-01 -7.1080389803e-02 -1.1829482738e+00
177 177 169
2 0 3116 444.3600 -127.6900 1 4373 394.2300 -67.5900
2.2525490459e-01 -7.3743644938e-02 -1.1902730543e+00
174 169 163
2 0 3121 401.3900 -131.9100 1 4394 347.9800 -80.7700
-1.3497375122e-01 -7.6301167283e-02 -1.1886234369e+00
168 164 51
2 0 3125 -239.7800 -135.3700 1 5084 -310.7800 -60.5100
-1.3497375122e-01 -7.6301167283e-02 -1.1886234369e+00
168 164 51
2 0 3126 -239.7800 -135.3700 1 5085 -310.7800 -60.5100
1.9277058538e-01 -7.8977968227e-02 -1.2009871780e+00
174 167 159
2 0 3134 340.8300 -140.0800 1 4435 282.3100 -101.7600
1.9277058538e-01 -7.8977968227e-02 -1.2009871780e+00
174 167 159
2 0 3135 340.8300 -140.0800 1 4436 282.3100 -101.7600
-8.9421853275e-02 -8.2139702365e-02 -1.2226351239e+00
9 9 0
2 0 3139 -153.5300 -143.0400 1 5132 -218.8800 -113.2900
2.6114523009e-01 -9.4126523393e-02 -1.1857174098e+00
188 185 179
2 0 3165 467.7400 -168.9800 1 5127 416.3200 -109.9400
2.6114523009e-01 -9.4126523393e-02 -1.1857174098e+00
188 185 179
2 0 3166 467.7400 -168.9800 1 5128 416.3200 -109.9400
2.5922749917e-01 -9.6107262570e-02 -1.1867753053e+00
154 151 144
2 0 3169 463.5900 -172.5800 1 4461 412.0100 -114.4600
8.1928002590e-02 -9.9413346102e-02 -1.1860058517e+00
36 39 46
2 0 3181 145.4000 -177.7400 1 5120 48.0600 -104.1600
8.4884942423e-02 -1.0024515967e-01 -1.1876774101e+00
13 17 20
2 0 3183 150.3000 -179.2000 1 5538 54.3300 -107.8300
7.6446167584e-02 -1.0474159048e-01 -1.1856274734e+00
23 26 37
2 0 3204 135.6800 -187.2700 1 4455 34.4300 -111.4100
-1.4176826183e-01 -1.1917774135e-01 -1.2014835384e+00
158 133 44
2 0 3223 -248.0000 -209.1300 1 4511 -344.6400 -135.8900
2.3150998337e-01 -1.1756098523e-01 -1.2008206724e+00
144 141 134
2 0 3224 409.8500 -208.7700 1 4558 348.0500 -167.6100
5.6862995399e-02 -1.2054667315e-01 -1.1922043020e+00
238 237 48
2 0 3231 100.1800 -214.6500 1 3387 -7.7100 -142.8800
5.6862995399e-02 -1.2054667315e-01 -1.1922043020e+00
238 237 48
2 0 3232 100.1800 -214.6500 1 3388 -7.7100 -142.8800
2.5159916771e-01 -1.3997450063e-01 -1.2013003551e+00
187 184 177
2 0 3254 445.5900 -248.6600 1 4617 383.7800 -209.1300
2.0167038037e-01 -1.4252052060e-01 -1.2161099348e+00
160 156 147
2 0 3257 353.3000 -250.0500 1 5228 279.6400 -227.3200
1.9198529992e-01 -1.4378683208e-01 -1.2196465503e+00
181 174 166
2 0 3259 335.4100 -251.6200 1 5234 260.2200 -232.8800
2.2293127303e-01 -1.6209819395e-01 -1.2160402202e+00
170 166 157
2 0 3280 391.0500 -284.4200 1 5262 316.7100 -264.5300
2.3822386299e-01 -1.6829970426e-01 -1.2132057794e+00
185 183 178
2 0 3285 418.3400 -296.3200 1 5278 347.2100 -274.0500
2.4482721565e-01 -1.6868586502e-01 -1.2121076521e+00
178 175 167
2 0 3286 430.3200 -297.3000 1 5599 361.4100 -274.3200
2.7796391281e-01 -1.7019942792e-01 -1.2024799251e+00
179 174 169
2 0 3294 492.1300 -302.5200 1 5268 433.5500 -269.0800
1.9404391700e-01 -1.8265622504e-01 -1.2297706296e+00
169 166 159
2 0 3303 337.1400 -317.1200 1 4799 251.0300 -314.6900
1.3591241673e-01 -1.9669636118e-01 -1.2507629170e+00
177 170 162
2 0 3321 233.4800 -335.7600 1 4891 133.1700 -355.8500
2.4640211483e-01 -1.9163138487e-01 -1.2176303548e+00
179 176 169
2 0 3322 431.6200 -336.3600 1 5330 357.8000 -324.5000
2.6298537022e-01 -2.0375951754e-01 -1.2163594888e+00
134 133 125
2 0 3338 461.1000 -358.2900 1 5354 390.8700 -349.0500
1.1777680331e-01 1.1662032911e-01 -1.1173341899e+00
39 42 47
2 0 3391 217.7200 222.4200 1 5396 190.0100 286.0100
1.5687858580e-01 1.1847672173e-01 -1.1581322665e+00
109 108 98
2 0 3392 284.8200 217.5700 1 4082 275.6800 230.1400
1.0182964778e-01 1.6142355876e-02 -1.1495060929e+00
18 19 26
2 0 3467 183.7800 30.2400 1 5433 128.6200 111.7800
2.5207515799e-01 4.7379377551e-03 -1.1608413191e+00
184 180 172
2 0 3475 459.3200 9.5200 1 5002 422.3900 79.7100
2.6485608267e-01 4.6334081943e-03 -1.1568492852e+00
150 147 141
2 0 3476 484.3100 9.4700 1 5001 448.2300 85.6500
2.1095697586e-01 2.5173608089e-03 -1.1733986088e+00
157 154 147
2 0 3480 380.2800 5.0600 1 5007 341.0900 58.0600
9.5755241224e-02 -4.2381977356e-03 -1.1548617787e+00
43 46 51
2 0 3486 172.8100 -7.0100 1 5443 109.0500 76.2900
-1.2557937536e-01 -1.6747834470e-02 -1.1721898235e+00
129 112 115
2 0 3493 -227.2400 -29.9200 1 4215 -265.1500 38.4700
-7.0086883906e-02 -2.2720468465e-02 -1.2130603958e+00
10 6 6
2 0 3505 -121.9600 -40.7900 1 5044 -155.2600 -22.3300
-5.3619623372e-02 -3.2309166860e-02 -1.2281622530e+00
16 16 11
2 0 3511 -91.7900 -57.3800 1 5501 -125.5500 -54.3000
-9.1844884120e-02 -3.3478449318e-02 -1.2018402501e+00
99 80 47
2 0 3513 -161.5400 -59.5800 1 5042 -203.7700 -21.6300
-5.7461659902e-02 -3.9174612278e-02 -1.2289093350e+00
112 117 146
2 0 3520 -97.8800 -68.8800 1 5507 -135.9000 -64.3300
-9.0985743142e-02 -4.1109474454e-02 -1.2053682224e+00
57 53 65
2 0 3524 -159.5500 -72.9600 1 5486 -204.9900 -36.0900
-6.1124729480e-02 -4.1839782468e-02 -1.2270653336e+00
17 16 14
2 0 3527 -104.7200 -73.7300 1 5512 -144.1700 -65.3100
-1.2200215247e-01 -4.1603797716e-02 -1.1842144190e+00
86 82 105
2 0 3528 -217.9800 -74.1300 1 5472 -268.6700 -9.1200
-1.3112030308e-01 -4.8521362545e-02 -1.1803287319e+00
162 154 48
2 0 3532 -235.1000 -86.5800 1 5475 -290.4700 -12.9800
-8.3256963445e-02 -5.5005151069e-02 -1.2158806169e+00
119 105 92
2 0 3537 -143.8800 -96.4500 1 5514 -195.5500 -68.2800
-8.9129188487e-02 -5.5376364944e-02 -1.2123539939e+00
145 103 10
2 0 3541 -155.0200 -97.5200 1 5506 -207.0200 -63.9600
-6.6943930917e-02 -6.0940553906e-02 -1.2302765195e+00
13 14 20
2 0 3545 -114.1300 -106.3100 1 5106 -163.6600 -94.7900
-6.8943625677e-02 -6.4315093223e-02 -1.2302526965e+00
127 130 167
2 0 3550 -117.5000 -112.0600 1 5113 -169.1000 -99.2700
-6.0332613673e-02 -6.5657178057e-02 -1.2372293026e+00
129 126 157
2 0 3553 -101.8600 -113.9400 1 5541 -151.7800 -110.1800
2.6884063201e-01 -6.8844929096e-02 -1.1763744015e+00
141 137 133
2 0 3558 484.7000 -124.3400 1 5078 439.1200 -55.6100
-1.3032461289e-01 -7.0545271458e-02 -1.1895629231e+00
43 56 44
2 0 3559 -231.2300 -125.0300 1 5073 -298.7500 -54.1600
-1.3032461289e-01 -7.0545271458e-02 -1.1895629231e+00
43 56 44
2 0 3560 -231.2300 -125.0300 1 5072 -298.7500 -54.1600
-1.2821988961e-01 -7.4255624973e-02 -1.1918139473e+00
158 156 40
2 0 3563 -227.2900 -131.6600 1 5089 -296.1600 -62.0000
-6.8944329043e-02 -8.0178438598e-02 -1.2366351639e+00
123 124 150
2 0 3566 -116.4600 -138.6600 1 5149 -175.4500 -129.0100
-1.2707167114e-01 -8.2545823892e-02 -1.1962366054e+00
78 78 95
2 0 3569 -224.1500 -145.8600 1 5522 -297.3000 -78.9400
-1.2707167114e-01 -8.2545823892e-02 -1.1962366054e+00
78 78 95
2 0 3570 -224.1500 -145.8600 1 5523 -297.3000 -78.9400
2.5668833300e-01 -8.2805648955e-02 -1.1835951345e+00
138 137 131
2 0 3572 460.5200 -148.7200 1 5531 409.6400 -88.0300
-6.4401841749e-02 -9.1331014598e-02 -1.2447286473e+00
131 137 161
2 0 3579 -107.4500 -156.8000 1 5554 -170.4200 -154.8600
-6.4401841749e-02 -9.1331014598e-02 -1.2447286473e+00
131 137 161
2 0 3580 -107.4500 -156.8000 1 5555 -170.4200 -154.8600
-7.0644725474e-02 -9.2762175356e-02 -1.2407754222e+00
106 85 27
2 0 3584 -118.7400 -159.7200 1 5552 -183.7900 -151.5500
2.3742583484e-01 -9.0201893748e-02 -1.1911233537e+00
156 153 146
2 0 3585 423.4000 -161.1500 1 5125 367.6800 -109.3700
2.3742583484e-01 -9.0201893748e-02 -1.1911233537e+00
156 153 146
2 0 3586 423.4000 -161.1500 1 5126 367.6800 -109.3700
2.0898847764e-01 -1.1161196784e-01 -1.2052968125e+00
141 137 128
2 0 3609 368.7200 -197.4000 1 5174 303.9700 -161.5700
2.0898847764e-01 -1.1161196784e-01 -1.2052968125e+00
141 137 128
2 0 3610 368.7200 -197.4000 1 5175 303.9700 -161.5700
2.6020403780e-01 -1.3421131718e-01 -1.1971518672e+00
185 178 170
2 0 3617 462.1500 -239.2600 1 5571 403.9000 -194.2500
2.6020403780e-01 -1.3421131718e-01 -1.1971518672e+00
185 178 170
2 0 3618 462.1500 -239.2600 1 5572 403.9000 -194.2500
2.0683817877e-01 -1.5638808221e-01 -1.2184912753e+00
180 177 168
2 0 3624 361.9200 -273.9000 1 5588 285.5100 -255.2500
2.0683817877e-01 -1.5638808221e-01 -1.2184912753e+00
180 177 168
2 0 3625 361.9200 -273.9000 1 5589 285.5100 -255.2500
2.7157006148e-01 -1.6727338483e-01 -1.2035542454e+00
159 154 150
2 0 3627 480.4500 -296.9600 1 5595 419.9900 -264.1800
2.7157006148e-01 -1.6727338483e-01 -1.2035542454e+00
159 154 150
2 0 3628 480.4500 -296.9600 1 5597 419.9900 -264.1800
1.6529851930e-01 -1.7422377725e-01 -1.2357518065e+00
155 151 144
2 0 3630 285.7800 -301.1500 1 5309 197.6800 -302.4400
2.3192814797e-01 -1.8373644491e-01 -1.2196892350e+00
178 175 168
2 0 3633 405.4900 -321.9000 1 5621 329.3000 -309.9200
1.1329206443e-01 9.5694052627e-02 -1.1226519808e+00
30 35 39
2 0 3661 208.2600 181.6600 1 5654 175.1200 252.7900
-6.0868703625e-02 -1.5916078815e-02 -1.2178138191e+00
129 93 27
2 0 3703 -105.3500 -29.0000 1 5478 -133.5700 -19.7200
-1.1817015576e-01 -1.6978108730e-02 -1.1778838204e+00
149 157 181
2 0 3704 -212.9600 -30.5700 1 5455 -249.6500 30.8600
-1.1853611575e-01 -2.1553600425e-02 -1.1783394846e+00
84 114 152
2 0 3711 -213.2200 -38.5400 1 5458 -253.3400 24.3100
-1.1853611575e-01 -2.1553600425e-02 -1.1783394846e+00
84 114 152
2 0 3712 -213.2200 -38.5400 1 5459 -253.3400 24.3100
-6.2146391866e-02 -2.1365451434e-02 -1.2186368239e+00
12 12 13
2 0 3713 -107.6300 -38.5600 1 5719 -138.2300 -27.7300
-6.2146391866e-02 -2.1365451434e-02 -1.2186368239e+00
12 12 13
2 0 3714 -107.6300 -38.5600 1 5720 -138.2300 -27.7300
-5.7512387929e-02 -2.2148041661e-02 -1.2220930037e+00
111 117 144
2 0 3717 -98.9400 -39.7400 1 5725 -129.5300 -33.3300
-5.7512387929e-02 -2.2148041661e-02 -1.2220930037e+00
111 117 144
2 0 3718 -98.9400 -39.7400 1 5726 -129.5300 -33.3300
-5.0552763475e-02 -2.4051919534e-02 -1.2272127972e+00
130 100 44
2 0 3719 -86.1400 -42.8600 1 5489 -116.7600 -42.5500
-1.2538611566e-01 -2.9647377847e-02 -1.1770960077e+00
35 56 36
2 0 3721 -225.7500 -53.0300 1 5705 -270.4000 15.6400
-1.2624874950e-01 -3.7672981511e-02 -1.1797108528e+00
31 51 30
2 0 3726 -226.7700 -67.3900 1 5465 -275.4300 1.9500
-1.2624874950e-01 -3.7672981511e-02 -1.1797108528e+00
31 51 30
2 0 3727 -226.7700 -67.3900 1 5466 -275.4300 1.9500
-5.6037414434e-02 -4.9939116587e-02 -1.2333956038e+00
23 20 13
2 0 3732 -95.2400 -87.4300 1 5751 -137.1500 -84.2500
-5.9966630833e-02 -5.3370831954e-02 -1.2325579974e+00
119 123 151
2 0 3735 -101.9300 -93.2500 1 5754 -146.2500 -87.6900
-1.2621519155e-01 -6.5026900903e-02 -1.1902876500e+00
25 41 31
2 0 3746 -223.9400 -115.3200 1 5492 -287.6700 -47.7700
-1.3634430715e-01 -6.5540638140e-02 -1.1832284426e+00
20 69 31
2 0 3748 -243.4900 -116.6100 1 5732 -309.0200 -39.1500
-1.3025193876e-01 -6.7026036428e-02 -1.1876864240e+00
158 162 25
2 0 3749 -231.2600 -118.7100 1 5735 -297.7500 -47.1700
-9.0826387708e-02 -6.7456190505e-02 -1.2161305622e+00
132 105 15
2 0 3750 -157.1300 -118.1600 1 5750 -215.4900 -84.9800
-1.3329961449e-01 -6.8280691663e-02 -1.1866000819e+00
161 163 36
2 0 3753 -237.4900 -121.4300 1 5490 -303.5700 -47.1300
-1.3329961449e-01 -6.8280691663e-02 -1.1866000819e+00
161 163 36
2 0 3754 -237.4900 -121.4300 1 5491 -303.5700 -47.1300
-9.1711301091e-02 -7.3128189222e-02 -1.2172698036e+00
135 109 20
2 0 3759 -158.5800 -128.0000 1 5757 -219.8200 -94.0500
-6.3688087061e-02 -8.4704984967e-02 -1.2422189111e+00
118 125 148
2 0 3764 -106.7500 -145.9000 1 5780 -166.3800 -142.5000
-1.3518565731e-01 -8.5041336480e-02 -1.1917011420e+00
164 155 61
2 0 3767 -239.2600 -150.4700 1 5746 -315.4500 -76.3400
-6.1263914522e-02 -8.8709110219e-02 -1.2453914626e+00
17 16 13
2 0 3769 -102.4700 -152.5900 1 5786 -162.7800 -152.0600
-6.7168857226e-02 -8.9571198370e-02 -1.2419530184e+00
13 16 11
2 0 3770 -112.9400 -154.3700 1 5551 -175.0600 -148.6500
-7.8461240155e-02 -9.0609625681e-02 -1.2341924219e+00
17 11 18
2 0 3772 -132.7500 -156.4800 1 5777 -199.5100 -140.0400
-8.3843195399e-02 -9.4020509064e-02 -1.2318016585e+00
133 104 36
2 0 3776 -142.7000 -162.8200 1 5779 -211.6100 -141.3800
-7.7635251655e-02 -9.5357209272e-02 -1.2369429683e+00
126 129 156
2 0 3779 -130.9600 -164.3500 1 5785 -199.5100 -150.1100
-1.4419879148e-01 -9.6224686077e-02 -1.1901753809e+00
16 76 49
2 0 3782 -255.1700 -170.1000 1 5529 -339.5000 -89.4700
-1.3384579731e-01 -9.6946221311e-02 -1.1978172277e+00
27 53 29
2 0 3783 -235.2700 -170.7400 1 5761 -317.8500 -100.5400
1.8685347784e-01 -1.4205535030e-01 -1.2198917363e+00
167 160 152
2 0 3803 326.5200 -248.4300 1 5579 250.2600 -229.6200
1.1120718752e-01 8.9104924730e-02 -1.1244377533e+00
45 50 54
2 0 3842 204.1700 168.9600 1 5840 169.0500 241.9500
-5.6303940783e-02 -1.6565429818e-02 -1.2202337470e+00
16 15 11
2 0 3890 -96.9200 -29.9800 1 5481 -125.5000 -23.8400
-5.3147066555e-02 -2.0001197183e-02 -1.2242555107e+00
8 18 12
2 0 3894 -91.1500 -36.0300 1 5728 -120.0000 -33.3800
-1.3051897084e-01 -2.3702143566e-02 -1.1710575261e+00
18 59 35
2 0 3897 -236.1500 -42.2500 1 5696 -278.6500 31.0400
-1.3051897084e-01 -2.3702143566e-02 -1.1710575261e+00
18 59 35
2 0 3898 -236.1500 -42.2500 1 5697 -278.6500 31.0400
-1.3580867822e-01 -3.7587854781e-02 -1.1727501875e+00
18 72 42
2 0 3912 -245.1300 -67.1000 1 5707 -295.5600 11.0400
-1.3580867822e-01 -3.7587854781e-02 -1.1727501875e+00
18 72 42
2 0 3913 -245.1300 -67.1000 1 5708 -295.5600 11.0400
-7.4677975708e-02 -3.9497636337e-02 -1.2169971388e+00
136 98 24
2 0 3914 -128.6200 -69.3600 1 5873 -171.4700 -49.4200
-5.9047887396e-02 -4.5527471658e-02 -1.2295700048e+00
121 124 158
2 0 3915 -100.8100 -79.9700 1 5883 -141.6300 -73.4600
-7.0851563965e-02 -6.2408081852e-02 -1.2268262255e+00
122 125 144
2 0 3927 -121.5500 -109.1900 1 5889 -172.7500 -92.2400
-7.3134006970e-02 -7.4740290378e-02 -1.2310268777e+00
125 127 149
2 0 3937 -124.4500 -129.8100 1 5899 -182.1800 -114.3300
-7.3134006970e-02 -7.4740290378e-02 -1.2310268777e+00
125 127 149
2 0 3938 -124.4500 -129.8100 1 5900 -182.1800 -114.3300
2.4326792794e-01 -7.3189197399e-02 -1.1849962533e+00
162 159 152
2 0 3939 435.8100 -131.2100 1 5745 384.3600 -73.6900
-7.2978595804e-02 -8.0392451751e-02 -1.2341885217e+00
4 12 4
2 0 3945 -123.9300 -139.3900 1 5771 -183.3900 -125.9500
-7.5051089187e-02 -8.6195802408e-02 -1.2342767548e+00
130 136 160
2 0 3952 -127.0600 -149.0300 1 5775 -190.8800 -134.1600
-7.4259558929e-02 -9.1064427124e-02 -1.2375026702e+00
10 13 9
2 0 3959 -125.5300 -157.2600 1 5782 -190.4300 -144.8500
7.2233924815e-02 -1.4894400794e-01 -1.2011452784e+00
48 51 58
2 0 3970 127.7800 -263.1500 1 5920 8.7900 -201.7000
5.3109185904e-02 -2.0196130638e-01 -1.2150068689e+00
19 23 23
2 0 3973 93.9200 -353.0400 1 5987 -52.8900 -305.7100
1.0373557190e-01 2.0324430902e-02 -1.1490710550e+00
13 14 19
2 0 3996 187.8500 38.2600 1 5953 133.4600 117.7800
-8.7858836893e-02 -4.5898277378e-02 -1.2093872332e+00
142 106 22
2 0 4018 -153.2100 -81.0600 1 5872 -200.8000 -47.6800
-5.9845577523e-02 -5.9828996053e-02 -1.2338858081e+00
46 32 18
2 0 4025 -101.2600 -104.0400 1 5890 -149.5700 -98.2300
-1.3920902957e-01 -9.8118601961e-02 -1.1940191568e+00
147 159 26
2 0 4043 -245.9000 -173.4200 1 5975 -329.6500 -97.0100
1.1115112870e-01 5.8311892600e-02 -1.1361904423e+00
15 16 18
2 0 4062 203.2000 109.8900 1 5948 159.2700 185.9800
-1.3236769220e-01 -6.1796564442e-02 -1.1842071403e+00
32 53 28
2 0 4070 -235.7800 -109.5900 1 5961 -299.8500 -35.7000
-7.2376463631e-02 -9.3292847656e-02 -1.2401684446e+00
69 57 16
2 0 4077 -122.2600 -161.0300 1 6009 -186.8100 -151.2400
-7.2376463631e-02 -9.3292847656e-02 -1.2401684446e+00
69 57 16
2 0 4078 -122.2600 -161.0300 1 6010 -186.8100 -151.2400
-6.2321189440e-02 -3.0891504486e-02 -1.2209600523e+00
102 107 140
2 0 4089 -107.2000 -54.7300 1 6004 -143.4000 -43.3000
-1.3469080325e-01 -7.5739144600e-02 -1.1886231419e+00
116 126 40
2 0 4095 -239.0200 -134.1800 1 6032 -310.2200 -59.8600
-1.3469080325e-01 -7.5739144600e-02 -1.1886231419e+00
116 126 40
2 0 4096 -239.0200 -134.1800 1 6033 -310.2200 -59.8600
-1.2787664156e-01 -2.6351149191e-02 -1.1745268022e+00
50 70 24
2 0 4108 -230.6800 -47.0600 1 6026 -273.9000 23.1800
-1.2787664156e-01 -2.6351149191e-02 -1.1745268022e+00
50 70 24
2 0 4109 -230.6800 -47.0600 1 6025 -273.9000 23.1800
-1.1734555839e-01 -3.1444132991e-02 -1.1823997141e+00
159 164 183
2 0 4110 -209.8600 -55.9100 1 6027 -255.8800 6.2000
-1.1899046326e-01 -7.1833206338e-02 -1.1976565535e+00
156 161 181
2 0 4114 -209.3700 -126.7000 1 6045 -276.1800 -66.6300
-1.2501663556e-01 -9.2907784168e-02 -1.2021281597e+00
156 160 179
2 0 4117 -218.9000 -163.2900 1 6035 -297.7000 -100.8000
