# Bundle file v0.3
3 440
1.6877718841e+03 1.5171086187e-01 1.8406090287e-02
9.9881954067e-01 -5.5713100804e-03 -4.8254385020e-02
6.8543325411e-03 9.9962626244e-01 2.6464194024e-02
4.8088910313e-02 -2.6763705721e-02 9.9848443191e-01
-6.6302491427e-02 3.7347677818e-02 2.4445204502e-01
0 0 0
0 0 0
0 0 0
0 0 0
0 0 0
1.9671371525e+03 3.2786478996e-01 1.7255713559e-02
8.1319200450e-01 1.7295874171e-02 -5.8173844342e-01
2.9015696339e-02 9.9711046493e-01 7.0205484726e-02
5.8127175502e-01 -7.3970084874e-02 8.1034040586e-01
-8.4933369088e-01 6.3317593202e-02 -3.6518953596e-01
1.9659561881e-01 2.5457514462e-01 -1.4909764887e+00
192 193 195
2 0 64 275.4900 349.4300 2 215 245.6800 292.9000
2.0222543025e-01 2.5354869723e-01 -1.4914810688e+00
162 163 165
2 0 69 283.2600 348.2100 2 220 252.8000 292.2000
6.7687704628e-03 2.3190793629e-01 -1.4805631966e+00
180 179 175
2 0 138 14.4900 314.5600 2 359 26.8900 239.2200
3.1431117817e-01 1.0335896553e-01 -1.5118831858e+00
185 186 190
2 0 573 435.8500 140.1200 2 657 405.4500 97.6600
3.5888260642e-01 9.2907559052e-02 -1.5159956130e+00
185 183 184
2 0 606 497.5400 126.4100 2 2067 469.3700 86.1000
-6.0592253768e-02 9.5307986179e-02 -1.4851495149e+00
174 166 164
2 0 611 -75.7300 124.8400 2 724 -40.3000 65.4000
3.3895334143e-01 7.5963341743e-02 -1.5160068011e+00
184 183 181
2 0 665 469.5400 102.7100 2 736 441.3200 60.5400
3.3895334143e-01 7.5963341743e-02 -1.5160068011e+00
184 183 181
2 0 666 469.5400 102.7100 2 737 441.3200 60.5400
2.6174580744e-01 6.9363946658e-02 -1.5107290333e+00
181 179 182
2 0 695 363.0800 92.6800 2 759 335.3500 47.0400
2.7446637588e-01 6.5009648582e-02 -1.5122231198e+00
183 183 183
2 0 711 380.4500 86.8600 2 772 352.6000 41.6300
3.2819685941e-01 5.4822511588e-02 -1.5170567299e+00
135 133 130
2 0 738 454.3200 73.2500 2 798 427.0000 30.1900
2.0477213986e-01 3.9022512099e-02 -1.5095569773e+00
161 159 160
2 0 810 285.0000 50.4400 2 846 263.4500 3.5800
2.0477213986e-01 3.9022512099e-02 -1.5095569773e+00
161 159 160
2 0 811 285.0000 50.4400 2 847 263.4500 3.5800
2.2472727647e-01 2.9017011079e-02 -1.5116290337e+00
163 163 161
2 0 848 312.2000 37.2700 2 869 289.0700 -9.5700
3.3305074640e-01 1.8135029225e-02 -1.5203372462e+00
169 164 158
2 0 893 460.6700 23.4300 2 899 435.5400 -22.0000
2.6939248045e-01 1.7026769825e-02 -1.5158104519e+00
164 163 159
2 0 898 373.1600 21.3000 2 907 347.9600 -24.8600
3.3213007773e-01 1.2113482189e-02 -1.5212241257e+00
165 160 154
2 0 910 459.2000 15.0800 2 2197 434.8100 -30.5200
3.3242354780e-01 1.8871274571e-03 -1.5219327858e+00
172 169 162
2 0 948 459.5800 1.4300 2 950 435.6500 -45.3100
3.3602267986e-01 8.5048388878e-04 -1.5220138047e+00
127 122 117
2 0 955 464.6200 0.0600 2 952 440.6700 -46.7300
2.2931389818e-01 -1.9062116745e-03 -1.5149456238e+00
161 160 158
2 0 966 318.3000 -4.7700 2 963 296.6600 -51.4300
2.0695703426e-01 -1.4889731431e-02 -1.5140476279e+00
123 120 118
2 0 1025 287.9700 -22.4000 2 1009 268.5700 -69.2300
2.8115802190e-01 -2.2082589967e-02 -1.5205194751e+00
153 148 142
2 0 1050 388.9500 -31.7400 2 1031 366.1000 -79.0400
3.1152954508e-01 -2.3869547815e-02 -1.5228055150e+00
174 169 163
2 0 1053 430.5900 -33.7600 2 1042 407.8000 -81.8700
2.7232740370e-01 -2.3903529572e-02 -1.5199294160e+00
129 124 120
2 0 1054 376.9100 -34.0400 2 1041 354.2400 -81.7500
2.3682774029e-01 -2.4033911568e-02 -1.5169166626e+00
124 121 116
2 0 1055 328.6000 -34.4300 2 1039 307.1800 -81.7900
2.3682774029e-01 -2.4033911568e-02 -1.5169166626e+00
124 121 116
2 0 1056 328.6000 -34.4300 2 1040 307.1800 -81.7900
3.1871106312e-01 -2.5786003169e-02 -1.5234256104e+00
159 156 151
2 0 1059 440.4700 -36.2100 2 2249 417.9000 -84.7200
2.8550280344e-01 -2.6455050389e-02 -1.5204649881e+00
163 159 150
2 0 1063 395.0800 -37.3200 2 1051 371.7500 -85.4200
2.5489594043e-01 -2.7645030206e-02 -1.5184271774e+00
162 159 154
2 0 1067 353.2400 -39.1200 2 1054 330.9200 -86.9000
2.9285424498e-01 -3.1625320128e-02 -1.5220543339e+00
106 103 98
2 0 1081 404.9600 -44.4800 2 1062 382.4400 -92.5500
2.9285424498e-01 -3.1625320128e-02 -1.5220543339e+00
106 103 98
2 0 1082 404.9600 -44.4800 2 1063 382.4400 -92.5500
3.0157109332e-01 -3.2989827247e-02 -1.5227664907e+00
168 165 158
2 0 1090 416.9200 -46.0200 2 2267 394.4500 -94.8000
2.4347874741e-01 -3.3213341025e-02 -1.5180841503e+00
156 153 148
2 0 1091 337.6700 -46.7800 2 1068 316.2500 -94.4200
2.5338391479e-01 -3.7776267331e-02 -1.5193089264e+00
169 165 160
2 0 1109 351.1400 -52.8100 2 1080 329.5500 -100.8800
2.6426605482e-01 -4.7876932231e-02 -1.5210423090e+00
164 161 153
2 0 1145 365.9500 -66.4100 2 1113 344.5700 -115.0000
2.4607484029e-01 -4.9074609385e-02 -1.5198313675e+00
169 164 158
2 0 1149 341.1600 -68.1900 2 1121 320.6300 -116.2600
2.4915471735e-01 -5.0988075125e-02 -1.5199764019e+00
165 161 154
2 0 1157 345.4200 -70.4500 2 1128 324.6000 -119.2500
2.7777308008e-01 -5.5905598502e-02 -1.5228485264e+00
165 162 157
2 0 1177 384.3500 -77.0700 2 1154 363.2100 -126.5700
2.0259803037e-01 -6.4802503247e-02 -1.5176558528e+00
147 142 139
2 0 1207 282.2200 -89.5200 2 1178 265.4100 -136.9000
2.1192565486e-01 -7.1336525748e-02 -1.5192880873e+00
155 150 147
2 0 1222 294.8200 -98.2300 2 1201 277.8200 -146.0500
2.1192565486e-01 -7.1336525748e-02 -1.5192880873e+00
155 150 147
2 0 1223 294.8200 -98.2300 2 1202 277.8200 -146.0500
3.4883132442e-01 -7.2143542147e-02 -1.5288790003e+00
151 146 142
2 0 1225 481.9900 -98.3400 2 1225 463.2700 -152.2600
3.0575290506e-01 -7.3066009788e-02 -1.5263413236e+00
116 116 108
2 0 1228 422.6100 -99.9900 2 1223 402.5200 -151.6800
2.8880942558e-01 -7.7170061139e-02 -1.5255296728e+00
162 159 153
2 0 1251 399.4100 -105.6100 2 1232 379.4900 -156.8200
2.8880942558e-01 -7.7170061139e-02 -1.5255296728e+00
162 159 153
2 0 1252 399.4100 -105.6100 2 1233 379.4900 -156.8200
3.1262668225e-01 -7.8109666008e-02 -1.5273614049e+00
156 153 144
2 0 1258 432.0000 -106.7800 2 1238 412.4700 -159.1000
3.1262668225e-01 -7.8109666008e-02 -1.5273614049e+00
156 153 144
2 0 1259 432.0000 -106.7800 2 1239 412.4700 -159.1000
3.2905299642e-01 -8.9249164979e-02 -1.5291612102e+00
157 157 149
2 0 1302 454.6400 -121.7600 2 1294 436.1600 -175.7900
3.2905299642e-01 -8.9249164979e-02 -1.5291612102e+00
157 157 149
2 0 1303 454.6400 -121.7600 2 1295 436.1600 -175.7900
2.9072292298e-01 -9.2956414137e-02 -1.5268993257e+00
135 130 124
2 0 1316 402.0700 -126.8700 2 1305 383.0200 -179.1700
3.5568769715e-01 -1.0890478839e-01 -1.5325239967e+00
114 109 103
2 0 1390 491.3900 -148.2400 2 1386 475.8500 -205.8300
2.3632867648e-01 -1.1379752349e-01 -1.5240613608e+00
155 151 147
2 0 1409 328.2200 -155.1300 2 1378 311.2500 -205.4600
3.1774334479e-01 -1.1848508661e-01 -1.5305672884e+00
156 153 146
2 0 1432 439.2300 -161.2300 2 1419 421.9800 -217.1100
2.6887220229e-01 -1.5044749498e-01 -1.5296312959e+00
148 143 137
2 0 1558 372.6700 -203.9800 2 1488 356.7300 -259.2400
1.4405604730e-01 -1.5586279670e-01 -1.4675095380e+00
228 236 57
2 0 1587 209.2700 -218.6300 2 1491 161.3700 -259.9900
1.4405604730e-01 -1.5586279670e-01 -1.4675095380e+00
228 236 57
2 0 1588 209.2700 -218.6300 2 1492 161.3700 -259.9900
2.4625727113e-01 -1.6142205522e-01 -1.5283386579e+00
111 106 102
2 0 1589 342.1200 -218.9400 2 1516 326.9500 -272.7000
1.9090293702e-01 -1.6869259906e-01 -1.5247866291e+00
148 145 140
2 0 1600 267.2300 -228.6500 2 1535 255.9800 -278.3300
2.8562731633e-01 -1.6899666544e-01 -1.5324274247e+00
152 148 139
2 0 1605 395.6200 -229.0700 2 1555 380.8300 -286.9400
2.5235807089e-01 -1.7031935720e-01 -1.5298983486e+00
144 139 133
2 0 1614 350.4200 -230.5600 2 1548 335.8200 -285.9900
2.9303453763e-01 -1.7890854973e-01 -1.5333506487e+00
104 101 94
2 0 1630 405.9300 -242.3700 2 1582 391.4700 -302.0200
2.8647753636e-01 -1.8248152356e-01 -1.5331509934e+00
90 87 78
2 0 1635 397.0200 -247.1400 2 1590 382.6700 -306.4900
1.4328027827e-01 -1.7837308199e-01 -1.4689645085e+00
136 134 23
2 0 1646 208.4700 -250.1300 2 1559 161.3400 -291.1800
2.0251237319e-01 -1.9379636481e-01 -1.5278176200e+00
148 143 139
2 0 1678 283.1700 -262.2400 2 1615 272.2500 -314.0300
2.5702829768e-01 -2.0253347505e-01 -1.5322532987e+00
96 92 88
2 0 1698 357.2200 -274.0800 2 1659 343.8700 -331.9900
2.5798005602e-01 -2.0641798181e-01 -1.5328208872e+00
135 134 129
2 0 1713 358.5100 -279.3900 2 1672 345.5500 -337.5000
3.4483721767e-01 -2.1371072593e-01 -1.5395054457e+00
123 119 116
2 0 1737 477.4000 -289.7800 2 1730 467.7400 -359.0300
6.9390848719e-02 -2.1573713887e-01 -1.5176397762e+00
137 134 129
2 0 1745 104.1400 -292.3900 2 1658 111.2400 -331.7900
7.5924536894e-02 2.7137368989e-01 -1.4821965312e+00
171 170 168
2 0 1973 109.1900 371.1800 2 1855 102.1200 297.7100
1.7106376963e-01 2.5654040403e-01 -1.4889075182e+00
152 153 155
2 0 1994 240.2600 351.7500 2 219 213.9300 291.8700
7.5169719399e-02 2.5132142144e-01 -1.4836862142e+00
174 175 170
2 0 2003 108.2000 342.6700 2 1889 101.8300 271.7900
7.5169719399e-02 2.5132142144e-01 -1.4836862142e+00
174 175 170
2 0 2004 108.2000 342.6700 2 1890 101.8300 271.7900
1.1313189203e-01 2.4727670876e-01 -1.4865174424e+00
170 170 168
2 0 2010 160.3500 337.5100 2 266 145.5400 271.3500
1.3284341417e-01 2.4599325115e-01 -1.4875307569e+00
176 176 174
2 0 2012 187.4800 336.1600 2 262 168.4600 272.3100
1.3284341417e-01 2.4599325115e-01 -1.4875307569e+00
176 176 174
2 0 2013 187.4800 336.1600 2 263 168.4600 272.3100
1.8361910767e-01 2.4255823101e-01 -1.4911508831e+00
185 186 188
2 0 2021 257.4100 332.1600 2 1885 229.9100 274.7200
-2.6645145655e-02 2.3628479579e-01 -1.4778262246e+00
147 146 142
2 0 2031 -31.4300 320.7300 2 353 -8.9400 240.9800
1.0975339038e-01 2.3175792672e-01 -1.4869874278e+00
164 164 162
2 0 2039 155.7200 315.7300 2 322 141.7000 250.7600
-3.1250751345e-03 2.2629850580e-01 -1.4802840639e+00
171 170 166
2 0 2048 0.9900 306.7200 2 379 16.4300 231.0400
6.3368058254e-02 1.9328828752e-01 -1.4381911544e+00
248 252 136
2 0 2071 92.7600 274.8200 2 432 55.2900 204.5300
6.3368058254e-02 1.9328828752e-01 -1.4381911544e+00
248 252 136
2 0 2072 92.7600 274.8200 2 433 55.2900 204.5300
6.0720264617e-02 1.7860241341e-01 -1.4399081182e+00
151 141 83
2 0 2095 89.0700 253.2500 2 1975 53.3300 184.9300
6.1369419342e-02 1.7403449860e-01 -1.4401274235e+00
116 106 65
2 0 2104 90.0200 246.6900 2 485 54.0900 179.0500
6.1369419342e-02 1.7403449860e-01 -1.4401274235e+00
116 106 65
2 0 2105 90.0200 246.6900 2 486 54.0900 179.0500
7.2557325633e-02 1.0118317888e-01 -1.4463817569e+00
232 238 193
2 0 2188 106.3000 142.0300 2 2068 69.2400 84.8200
2.2740911327e-01 9.4586482050e-02 -1.5066326590e+00
186 185 191
2 0 2211 316.1400 126.7500 2 2074 289.9200 79.5000
9.6210094895e-02 7.7802645255e-02 -1.4480856830e+00
225 247 198
2 0 2233 139.9200 109.2200 2 2106 96.1200 55.5600
9.6210094895e-02 7.7802645255e-02 -1.4480856830e+00
225 247 198
2 0 2234 139.9200 109.2200 2 2107 96.1200 55.5600
1.3092634362e-01 6.6016660187e-02 -1.4507194207e+00
230 241 61
2 0 2250 189.1200 92.9500 2 770 137.0600 41.5600
1.3092634362e-01 6.6016660187e-02 -1.4507194207e+00
230 241 61
2 0 2252 189.1200 92.9500 2 771 137.0600 41.5600
3.2492788529e-01 6.7991565848e-02 -1.5153893159e+00
174 173 171
2 0 2258 450.0900 91.7800 2 2114 421.6100 48.2700
2.9024975097e-01 5.0368029229e-02 -1.5147700547e+00
165 164 162
2 0 2284 401.9600 67.1800 2 2141 374.6500 21.8100
2.9024975097e-01 5.0368029229e-02 -1.5147700547e+00
165 164 162
2 0 2285 401.9600 67.1800 2 2142 374.6500 21.8100
1.4008116411e-01 4.4896347230e-02 -1.4526977967e+00
165 154 87
2 0 2292 202.1600 63.1700 2 2152 148.6500 13.5100
1.4008116411e-01 4.4896347230e-02 -1.4526977967e+00
165 154 87
2 0 2293 202.1600 63.1700 2 2153 148.6500 13.5100
2.6646944019e-01 4.5957160338e-02 -1.5136381761e+00
174 173 171
2 0 2294 369.2300 60.6400 2 2148 343.0100 14.9700
-9.5240408405e-03 4.7811359672e-02 -1.4913844119e+00
176 170 170
2 0 2297 -5.6500 60.5600 2 833 14.1300 8.7500
3.4497610230e-01 3.7198424548e-02 -1.5197175612e+00
162 159 155
2 0 2305 477.3400 49.6900 2 2157 451.7100 5.4200
2.4130072580e-01 3.2760840853e-02 -1.5127138162e+00
167 163 164
2 0 2308 334.7800 42.4200 2 2166 310.4000 -3.9500
2.4130072580e-01 3.2760840853e-02 -1.5127138162e+00
167 163 164
2 0 2309 334.7800 42.4200 2 2167 310.4000 -3.9500
3.3017883409e-01 2.0231029018e-02 -1.5204468842e+00
134 131 126
2 0 2320 456.5800 26.3400 2 2182 431.6500 -19.2300
2.6043263299e-01 -1.2076057366e-02 -1.5172257583e+00
130 125 119
2 0 2366 360.8900 -18.0500 2 2224 337.2500 -65.3600
2.6043263299e-01 -1.2076057366e-02 -1.5172257583e+00
130 125 119
2 0 2367 360.8900 -18.0500 2 2225 337.2500 -65.3600
3.1354441626e-01 -1.9598715655e-02 -1.5225289040e+00
167 162 156
2 0 2381 433.4000 -27.8900 2 2232 410.3300 -75.9000
2.5760247058e-01 -2.4160637757e-02 -1.5188383421e+00
166 163 158
2 0 2390 356.8400 -34.0800 2 2244 334.6100 -82.4400
3.0674838734e-01 -2.6138193402e-02 -1.5224037650e+00
167 162 158
2 0 2394 424.0900 -36.7500 2 2250 401.1300 -85.1400
2.9501540780e-01 -2.7106324278e-02 -1.5216466463e+00
140 136 131
2 0 2395 407.9800 -38.4200 2 2251 385.0400 -86.1500
2.9501540780e-01 -2.7106324278e-02 -1.5216466463e+00
140 136 131
2 0 2396 407.9800 -38.4200 2 2252 385.0400 -86.1500
2.8634554611e-01 -3.0828555813e-02 -1.5213277635e+00
170 167 160
2 0 2400 396.1100 -43.2600 2 1057 373.4000 -91.5400
6.1323758554e-02 -3.4904832429e-02 -1.4551211685e+00
31 35 10
2 0 2409 91.6000 -50.2100 2 2264 60.7200 -93.7400
6.1323758554e-02 -3.4904832429e-02 -1.4551211685e+00
31 35 10
2 0 2410 91.6000 -50.2100 2 2265 60.7200 -93.7400
7.3823302232e-02 -3.6052116068e-02 -1.4547924241e+00
36 36 36
2 0 2411 109.2000 -51.7100 2 2270 74.1200 -95.2600
3.0288450757e-01 -3.7570374778e-02 -1.5230205729e+00
158 155 148
2 0 2412 418.7700 -52.1500 2 2272 396.3800 -101.3200
3.0288450757e-01 -3.7570374778e-02 -1.5230205729e+00
158 155 148
2 0 2413 418.7700 -52.1500 2 2273 396.3800 -101.3200
3.2192692687e-01 -3.9473869915e-02 -1.5245410628e+00
164 160 154
2 0 2414 444.9100 -54.6900 2 2281 423.0400 -104.2300
7.8045216948e-02 -3.9561183610e-02 -1.4557895094e+00
36 40 36
2 0 2416 115.1700 -56.3500 2 1078 79.4100 -100.2000
7.8045216948e-02 -3.9561183610e-02 -1.4557895094e+00
36 40 36
2 0 2417 115.1700 -56.3500 2 1079 79.4100 -100.2000
1.9389908092e-01 -4.1312127186e-02 -1.5150521525e+00
140 136 133
2 0 2418 270.3500 -58.0100 2 1090 253.3000 -104.9300
2.5960064579e-01 -4.4313502352e-02 -1.5202414478e+00
154 149 143
2 0 2425 359.6300 -61.5400 2 2287 338.0700 -110.0600
2.5960064579e-01 -4.4313502352e-02 -1.5202414478e+00
154 149 143
2 0 2426 359.6300 -61.5400 2 2288 338.0700 -110.0600
3.3448326466e-01 -4.4982705325e-02 -1.5260504141e+00
159 156 149
2 0 2427 462.1200 -62.1500 2 2294 441.2500 -112.2600
3.0972279546e-01 -4.5851787114e-02 -1.5242721742e+00
117 114 107
2 0 2432 428.1100 -63.2800 2 2298 406.3700 -113.1700
2.3762851567e-01 -5.7905402084e-02 -1.5197980677e+00
140 136 133
2 0 2450 329.7200 -80.0100 2 2317 309.9800 -128.3600
3.0878648262e-01 -6.0971094959e-02 -1.5251584791e+00
164 159 153
2 0 2459 426.8900 -83.5700 2 2325 405.7600 -134.7100
8.0149651193e-02 -6.6981019367e-02 -1.4575173510e+00
233 230 186
2 0 2468 118.4000 -94.8600 2 1173 82.5300 -136.4800
9.5906306394e-02 -6.7030943782e-02 -1.4583654049e+00
224 241 191
2 0 2469 140.5500 -94.9700 2 1174 100.6900 -136.6900
9.5906306394e-02 -6.7030943782e-02 -1.4583654049e+00
224 241 191
2 0 2470 140.5500 -94.9700 2 1175 100.6900 -136.6900
-1.4074643775e-01 -6.3579502550e-02 -1.3656836042e+00
247 205 85
2 0 2471 -211.7600 -95.5000 2 1156 -217.5700 -127.5800
3.2673064954e-01 -7.4075814521e-02 -1.5274675078e+00
153 150 143
2 0 2479 451.5300 -101.3200 2 2350 431.7300 -153.8900
5.9036756563e-02 -7.3155952008e-02 -1.4574450685e+00
37 43 31
2 0 2480 88.7900 -103.7500 2 2336 59.2300 -144.1200
5.9036756563e-02 -7.3155952008e-02 -1.4574450685e+00
37 43 31
2 0 2481 88.7900 -103.7500 2 2337 59.2300 -144.1200
7.1836117197e-02 -7.4575222702e-02 -1.4576044143e+00
20 35 24
2 0 2483 106.7900 -105.6400 2 2342 73.3100 -146.3000
-1.3905069722e-01 -7.2291845520e-02 -1.3658627926e+00
246 211 71
2 0 2488 -209.1600 -108.5000 2 1179 -216.1300 -138.9300
-1.3905069722e-01 -7.2291845520e-02 -1.3658627926e+00
246 211 71
2 0 2489 -209.1600 -108.5000 2 1180 -216.1300 -138.9300
2.9393541975e-01 -8.1294025555e-02 -1.5262991291e+00
128 125 118
2 0 2493 406.4000 -111.2600 2 2359 386.8000 -162.7300
7.2992380894e-02 -8.3089117506e-02 -1.4583874311e+00
224 240 186
2 0 2497 108.5000 -117.5700 2 2352 75.0100 -157.6000
-1.3926682745e-01 -7.8706746248e-02 -1.3665888723e+00
248 211 60
2 0 2498 -209.3000 -118.1800 2 1204 -215.9600 -147.1400
5.8455158011e-02 -8.3668242885e-02 -1.4582598400e+00
35 39 30
2 0 2501 88.0900 -118.4100 2 2354 59.0000 -158.0300
7.1152683274e-02 -8.5141323597e-02 -1.4579493023e+00
30 31 23
2 0 2505 105.9500 -120.4400 2 2356 72.6300 -160.3200
-1.2903532149e-01 -8.1115510110e-02 -1.3671484381e+00
251 201 57
2 0 2509 -193.8000 -121.6700 2 1218 -205.6600 -150.4100
7.2648586742e-02 -8.7741416178e-02 -1.4588840180e+00
237 246 198
2 0 2512 108.0600 -124.1200 2 2362 74.9200 -163.7200
2.7178954647e-01 -9.1310879572e-02 -1.5251939087e+00
163 158 152
2 0 2514 376.2800 -124.6400 2 2386 357.1000 -176.0500
3.1871183543e-01 -9.6793704110e-02 -1.5290006932e+00
147 147 139
2 0 2522 440.4600 -131.9700 2 1322 421.9900 -186.0700
-1.4098150108e-01 -9.0499043297e-02 -1.3676949819e+00
36 52 37
2 0 2528 -211.6000 -136.0100 2 1250 -217.1200 -162.1900
-1.3706399058e-01 -9.4168482002e-02 -1.3678555306e+00
30 58 22
2 0 2540 -205.6800 -141.4400 2 1268 -213.3500 -167.0700
2.8070474845e-01 -1.0524604651e-01 -1.5266049651e+00
110 107 102
2 0 2544 388.5700 -143.5400 2 2423 369.7700 -195.9400
-1.4033543147e-01 -9.7907979321e-02 -1.3681400596e+00
30 65 62
2 0 2552 -210.5200 -147.0800 2 1283 -216.4200 -171.8400
7.6391223814e-02 -1.0555464716e-01 -1.4607186444e+00
228 235 205
2 0 2555 113.5100 -148.7900 2 2407 80.0700 -187.7600
-1.4783514588e-01 -1.0081352451e-01 -1.3675284197e+00
241 204 56
2 0 2567 -221.9500 -151.6500 2 1290 -224.2900 -175.3600
5.9024306712e-02 -1.1109285480e-01 -1.4599791370e+00
233 241 190
2 0 2576 89.2000 -156.7500 2 2414 60.3900 -194.3700
-1.3059993464e-01 -1.1227197024e-01 -1.3697851289e+00
43 66 36
2 0 2589 -195.5200 -168.5300 2 1333 -206.1500 -190.6500
2.3772330000e-01 -1.3124097133e-01 -1.5256071382e+00
151 148 143
2 0 2606 330.2200 -178.5300 2 2472 314.1100 -229.7600
1.4866804965e-01 -1.2834954690e-01 -1.4659774089e+00
234 232 55
2 0 2610 215.4300 -180.2800 2 2464 165.9300 -222.0900
-1.2663600766e-01 -1.2027124626e-01 -1.3704394365e+00
251 200 53
2 0 2613 -189.4300 -180.5300 2 1366 -202.0500 -201.1300
-1.2663600766e-01 -1.2027124626e-01 -1.3704394365e+00
251 200 53
2 0 2614 -189.4300 -180.5300 2 1367 -202.0500 -201.1300
-1.2606674485e-01 -1.2594646295e-01 -1.3701121386e+00
46 57 22
2 0 2620 -188.6600 -189.0700 2 1396 -202.0200 -208.6400
-1.2606674485e-01 -1.2594646295e-01 -1.3701121386e+00
46 57 22
2 0 2621 -188.6600 -189.0700 2 1397 -202.0200 -208.6400
2.6509947905e-01 -1.4220820379e-01 -1.5287774272e+00
115 112 105
2 0 2627 367.4600 -192.8100 2 2491 351.1700 -247.4000
2.6044268671e-01 -1.4321041766e-01 -1.5284474586e+00
122 117 111
2 0 2629 361.1300 -194.4800 2 2493 344.9900 -248.1600
2.7185303731e-01 -1.4343903747e-01 -1.5293471392e+00
138 135 130
2 0 2630 376.6500 -194.7500 2 2494 360.3600 -249.3800
-1.2613059359e-01 -1.3013808802e-01 -1.3703815201e+00
46 56 32
2 0 2632 -188.7000 -195.4100 2 1412 -202.0200 -214.0600
2.9009826729e-01 -1.6384025178e-01 -1.5318399460e+00
139 136 129
2 0 2664 401.8000 -222.2600 2 3052 386.3200 -279.9700
1.4741782752e-01 -1.5917653920e-01 -1.4679779461e+00
234 234 50
2 0 2668 214.0400 -223.3000 2 2509 165.6400 -264.7700
2.5944720570e-01 -1.6956655308e-01 -1.5302878152e+00
149 145 137
2 0 2675 360.0500 -229.7600 2 2522 345.2100 -285.3900
2.2063679946e-01 -1.7343798320e-01 -1.5276513996e+00
142 137 131
2 0 2680 307.4500 -234.9600 2 2526 294.3600 -287.3500
2.2063679946e-01 -1.7343798320e-01 -1.5276513996e+00
142 137 131
2 0 2681 307.4500 -234.9600 2 2527 294.3600 -287.3500
1.4672702811e-01 -1.7035021552e-01 -1.4687788833e+00
232 231 65
2 0 2684 213.2100 -238.7600 2 1539 165.3000 -280.4000
1.4615868775e-01 -1.7836999669e-01 -1.4691949340e+00
231 233 53
2 0 2690 212.5200 -250.0900 2 2529 164.8900 -291.4300
1.4615868775e-01 -1.7836999669e-01 -1.4691949340e+00
231 233 53
2 0 2691 212.5200 -250.0900 2 2530 164.8900 -291.4300
2.4419647096e-01 -1.8503251846e-01 -1.5306235422e+00
144 141 134
2 0 2692 339.4500 -250.3800 2 2541 326.0600 -305.8500
2.4502132547e-01 -2.1292167287e-01 -1.5317814078e+00
133 130 125
2 0 2724 341.1400 -287.8100 2 2567 328.2600 -345.7000
1.9231663387e-01 -2.2803683131e-01 -1.5296403569e+00
138 135 128
2 0 2739 269.8500 -308.0500 2 2580 261.2500 -360.7300
-6.4425230179e-02 -2.2573382051e-01 -1.5045726731e+00
137 134 127
2 0 2740 -76.7900 -308.6800 2 2559 -37.6300 -333.5200
4.1500683103e-02 -2.3309984020e-01 -1.5159797061e+00
165 160 154
2 0 2746 66.7700 -316.4000 2 2572 79.6800 -352.0200
9.5201787431e-02 -2.3670008976e-01 -1.5206932579e+00
148 143 137
2 0 2749 139.2100 -320.4900 2 2581 141.7800 -362.2800
-8.2289343776e-02 -2.3492873462e-01 -1.5038611714e+00
167 164 159
2 0 2752 -100.9600 -321.3800 2 1685 -56.0500 -343.8400
4.0264790815e-02 -2.3983990335e-01 -1.5163386265e+00
133 128 122
2 0 2756 65.1900 -325.5200 2 1732 78.5200 -360.7700
-1.4421870062e-01 -2.4131050092e-01 -1.4980309971e+00
141 138 131
2 0 2766 -185.7500 -331.9400 2 1696 -120.1500 -346.9100
1.8527657962e-01 2.4998660177e-01 -1.4901554891e+00
182 183 187
2 0 2818 259.8500 342.6900 2 2626 231.4200 285.2800
1.4029666876e-02 2.2687977752e-01 -1.4810555678e+00
143 139 136
2 0 2824 24.4800 307.6400 2 1923 34.6200 233.7700
2.1769099145e-01 2.2417966531e-01 -1.4946145071e+00
194 195 200
2 0 2826 304.2800 306.7600 2 1901 272.8700 254.8100
-5.4936264722e-02 2.2246332014e-01 -1.4770142636e+00
147 146 142
2 0 2828 -70.0600 301.1400 2 1943 -37.9600 221.0600
-3.5155001532e-03 2.1547353378e-01 -1.4807924730e+00
169 165 162
2 0 2835 0.5700 291.6400 2 1947 16.1600 217.4900
-3.5844179015e-03 1.6868436146e-01 -1.4840895971e+00
169 165 164
2 0 2859 1.0200 226.0900 2 1997 17.4300 159.5600
-3.5844179015e-03 1.6868436146e-01 -1.4840895971e+00
169 165 164
2 0 2860 1.0200 226.0900 2 1998 17.4300 159.5600
-1.4864311889e-02 1.4138149256e-01 -1.4847925025e+00
172 167 164
2 0 2875 -14.0700 188.3600 2 2033 5.9100 124.8700
7.9236356438e-02 1.2668257848e-01 -1.4450064559e+00
245 238 208
2 0 2888 115.6000 178.5500 2 2040 76.1000 118.6500
7.9236356438e-02 1.2668257848e-01 -1.4450064559e+00
245 238 208
2 0 2889 115.6000 178.5500 2 2041 76.1000 118.6500
8.3188804026e-02 1.1656998640e-01 -1.4451333266e+00
208 62 76
2 0 2898 121.2700 164.1800 2 2732 80.3300 105.8800
7.9314696126e-02 1.0745988420e-01 -1.4454719610e+00
223 242 186
2 0 2906 115.8400 151.2000 2 2742 76.1200 93.5900
-1.8515687553e-03 1.0969040368e-01 -1.4887062072e+00
151 147 146
2 0 2910 4.1000 144.7700 2 2749 21.2800 86.1500
7.4659425424e-02 9.8414421648e-02 -1.4472605858e+00
242 56 85
2 0 2920 109.2700 137.8900 2 2755 72.1200 81.3900
7.4659425424e-02 9.8414421648e-02 -1.4472605858e+00
242 56 85
2 0 2921 109.2700 137.8900 2 2756 72.1200 81.3900
9.2225988968e-02 9.6688937851e-02 -1.4468655341e+00
233 234 201
2 0 2924 134.1800 136.2000 2 2070 91.1800 80.0300
7.2835397207e-02 9.5335856486e-02 -1.4466522622e+00
244 241 202
2 0 2927 106.7300 133.6300 2 2077 69.6200 77.3100
7.2835397207e-02 9.5335856486e-02 -1.4466522622e+00
244 241 202
2 0 2928 106.7300 133.6300 2 2078 69.6200 77.3100
8.2083956638e-02 9.2748189880e-02 -1.4465110054e+00
219 59 82
2 0 2931 119.8500 130.3500 2 2764 79.6200 74.3800
8.4484130752e-02 7.8856158303e-02 -1.4479212456e+00
237 242 197
2 0 2942 123.3100 110.4400 2 2104 83.0100 56.3500
7.2227991273e-02 6.2859804353e-02 -1.4486289771e+00
215 63 79
2 0 2947 106.1000 87.5000 2 2129 69.7400 34.8200
3.0919897851e-01 5.3519739870e-02 -1.5157946695e+00
170 166 165
2 0 2951 428.0800 71.2900 2 2793 400.4800 27.4500
7.1111278943e-02 4.8722110161e-02 -1.4493446195e+00
236 239 186
2 0 2953 104.6400 67.6200 2 2798 68.7600 16.1400
7.1111278943e-02 4.8722110161e-02 -1.4493446195e+00
236 239 186
2 0 2954 104.6400 67.6200 2 2797 68.7600 16.1400
2.7110947917e-01 3.9630101456e-02 -1.5147846084e+00
151 150 147
2 0 2965 375.4800 52.1500 2 2806 349.6500 6.2600
2.5234659134e-01 3.1453240883e-02 -1.5135840685e+00
130 129 127
2 0 2972 349.8700 40.7200 2 2814 324.8600 -5.3900
3.0316106000e-01 2.4847046952e-02 -1.5183183260e+00
168 165 160
2 0 2974 419.3600 32.5400 2 2818 393.8000 -13.5700
3.5472094640e-01 2.4136151010e-02 -1.5217865505e+00
153 148 144
2 0 2976 490.5900 31.8200 2 3199 466.6000 -12.9400
3.4014276042e-01 2.1022041886e-02 -1.5210611983e+00
158 153 149
2 0 2980 470.3500 27.2600 2 2823 445.7800 -17.6200
2.5527138681e-01 -1.0660723140e-02 -1.5173616992e+00
153 150 147
2 0 2997 353.7100 -16.1500 2 2859 330.7500 -63.5000
3.1667472651e-01 -1.1190144717e-02 -1.5223229910e+00
159 156 149
2 0 2998 437.6700 -16.5000 2 2860 414.4100 -63.9900
1.2580504191e-01 -1.3424807732e-02 -1.4561744607e+00
214 217 88
2 0 3000 182.2500 -19.3700 2 2861 133.7700 -65.1700
3.1594841961e-01 -2.0901515120e-02 -1.5225694388e+00
151 146 140
2 0 3012 436.7600 -29.7700 2 2879 413.6200 -77.6100
7.8945540726e-02 -2.4034775297e-02 -1.4546530321e+00
37 40 32
2 0 3018 116.2800 -34.8800 2 2238 79.8700 -79.3200
7.8945540726e-02 -2.4034775297e-02 -1.4546530321e+00
37 40 32
2 0 3019 116.2800 -34.8800 2 2239 79.8700 -79.3200
-1.0281891229e-02 -3.0753098608e-02 -1.4967669388e+00
167 157 155
2 0 3030 -5.7100 -45.6600 2 2257 15.6200 -89.4900
3.2922854559e-01 -3.5277478729e-02 -1.5243128411e+00
119 118 113
2 0 3033 455.0900 -49.0700 2 2891 432.8800 -98.2400
3.2922854559e-01 -3.5277478729e-02 -1.5243128411e+00
119 118 113
2 0 3034 455.0900 -49.0700 2 2892 432.8800 -98.2400
3.5775487499e-01 -3.8464570342e-02 -1.5268487298e+00
129 122 116
2 0 3037 494.3800 -53.1400 2 2898 474.2600 -103.3500
-5.6915445673e-02 -3.7835859779e-02 -1.4641840127e+00
138 114 66
2 0 3039 -72.4700 -55.5100 2 3243 -55.3500 -97.4900
7.6372154268e-02 -4.2499075911e-02 -1.4560763716e+00
233 241 184
2 0 3040 112.8300 -60.7000 2 2278 77.7400 -103.8500
8.4619836520e-02 -5.2050728775e-02 -1.4570311097e+00
35 34 39
2 0 3044 124.5300 -73.8600 2 2303 87.3700 -116.7600
8.4619836520e-02 -5.2050728775e-02 -1.4570311097e+00
35 34 39
2 0 3045 124.5300 -73.8600 2 2304 87.3700 -116.7600
-4.0021973603e-02 -5.3784101281e-02 -1.4956005655e+00
166 162 159
2 0 3049 -45.7700 -77.1300 2 2913 -15.6600 -117.8900
7.7034518605e-02 -5.9448916070e-02 -1.4571932793e+00
46 33 35
2 0 3055 113.9300 -84.4300 2 2314 78.9900 -126.3200
2.8345414460e-01 -6.3650826408e-02 -1.5239658389e+00
157 154 149
2 0 3057 392.1000 -87.3800 2 2925 371.3700 -137.6700
-1.4230809472e-01 -6.1690286540e-02 -1.3654267441e+00
69 80 51
2 0 3059 -214.1700 -92.6100 2 1149 -219.2300 -125.2200
-1.4230809472e-01 -6.1690286540e-02 -1.3654267441e+00
69 80 51
2 0 3060 -214.1700 -92.6100 2 1150 -219.2300 -125.2200
3.3404655193e-01 -7.1076741458e-02 -1.5279546636e+00
127 122 116
2 0 3063 461.5300 -97.2800 2 2941 442.0800 -149.8300
3.2399182719e-01 -7.2530770776e-02 -1.5271782657e+00
125 122 114
2 0 3071 447.7200 -99.9300 2 2942 427.8300 -150.9200
3.2399182719e-01 -7.2530770776e-02 -1.5271782657e+00
125 122 114
2 0 3072 447.7200 -99.9300 2 2943 427.8300 -150.9200
2.8369266928e-01 -7.5170595653e-02 -1.5244921135e+00
144 139 133
2 0 3074 392.5400 -103.0200 2 2949 372.1000 -153.7500
2.5716426279e-01 -7.9939966762e-02 -1.5230648064e+00
148 147 143
2 0 3080 356.3500 -109.4600 2 2956 336.8400 -159.5200
1.5201807811e-01 -9.0240519543e-02 -1.4631006732e+00
233 234 57
2 0 3087 219.8200 -127.0100 2 2969 168.1700 -169.7800
1.4847359631e-01 -9.6067728577e-02 -1.4636158521e+00
155 151 56
2 0 3095 214.8400 -135.1300 2 2391 164.3100 -177.6800
1.4847359631e-01 -9.6067728577e-02 -1.4636158521e+00
155 151 56
2 0 3096 214.8400 -135.1300 2 2392 164.3100 -177.6800
1.5176583367e-01 -9.6733670563e-02 -1.4638922078e+00
233 231 55
2 0 3097 219.5000 -135.7700 2 2978 168.3400 -179.0000
1.5087068308e-01 -9.9253192551e-02 -1.4636324386e+00
233 233 47
2 0 3102 218.2900 -139.6000 2 2398 167.1100 -182.1500
2.6565606390e-01 -1.0742833122e-01 -1.5259315369e+00
158 155 150
2 0 3107 368.0100 -146.4300 2 2995 349.7600 -198.2400
7.2720156678e-02 -1.0553957620e-01 -1.4601977686e+00
230 239 193
2 0 3116 108.3500 -149.0800 2 2986 75.6700 -187.3300
6.6656023391e-02 -1.0652686111e-01 -1.4599123276e+00
234 243 203
2 0 3122 99.8500 -150.4900 2 2410 68.7800 -188.4300
7.5046175812e-02 -1.0834352290e-01 -1.4604779671e+00
48 51 42
2 0 3124 111.6600 -152.7700 2 2988 78.3700 -191.3900
1.4744630353e-01 -1.1174298770e-01 -1.4648747498e+00
131 128 33
2 0 3129 213.5100 -157.2200 2 2429 163.8700 -198.9800
-9.8021504483e-02 -1.0630447083e-01 -1.3913785682e+00
136 136 19
2 0 3130 -142.3900 -157.4700 2 3313 -155.6800 -183.1200
1.5051000415e-01 -1.1433303797e-01 -1.4652286722e+00
229 231 56
2 0 3133 217.8600 -160.7500 2 2436 167.6900 -202.7700
1.5009132043e-01 -1.2062462649e-01 -1.4655388361e+00
237 234 58
2 0 3141 217.3700 -169.1500 2 3008 167.3200 -211.8400
1.5006542934e-01 -1.2512002451e-01 -1.4659221733e+00
233 235 43
2 0 3149 217.3600 -175.6600 2 2459 167.5500 -217.8000
1.5006542934e-01 -1.2512002451e-01 -1.4659221733e+00
233 235 43
2 0 3150 217.3600 -175.6600 2 2460 167.5500 -217.8000
-1.3287310550e-01 -1.2299184633e-01 -1.3697194371e+00
237 205 68
2 0 3160 -198.9600 -184.6800 2 2442 -208.8700 -204.6000
-1.3287310550e-01 -1.2299184633e-01 -1.3697194371e+00
237 205 68
2 0 3161 -198.9600 -184.6800 2 2443 -208.8700 -204.6000
1.5292921820e-01 -1.3277567528e-01 -1.4666328889e+00
155 150 58
2 0 3162 221.4800 -186.3400 2 2470 171.3700 -228.5500
1.5292921820e-01 -1.3277567528e-01 -1.4666328889e+00
155 150 58
2 0 3163 221.4800 -186.3400 2 2471 171.3700 -228.5500
1.5271036418e-01 -1.3737476741e-01 -1.4670447317e+00
165 160 71
2 0 3167 221.2200 -192.6000 2 2476 171.3500 -235.0600
1.5271036418e-01 -1.3737476741e-01 -1.4670447317e+00
165 160 71
2 0 3168 221.2200 -192.6000 2 2477 171.3500 -235.0600
2.7573916473e-01 -1.5160277898e-01 -1.5305084335e+00
140 137 130
2 0 3180 381.9700 -205.3600 2 3043 366.2500 -261.5600
2.7573916473e-01 -1.5160277898e-01 -1.5305084335e+00
140 137 130
2 0 3181 381.9700 -205.3600 2 3044 366.2500 -261.5600
1.4504204304e-01 -1.4929677807e-01 -1.4673482924e+00
179 170 76
2 0 3182 210.5500 -209.4900 2 3036 162.4700 -250.8800
-3.5060962536e-02 -1.5507341793e-01 -1.5032962993e+00
161 155 155
2 0 3183 -37.7000 -212.9800 2 2487 -7.4300 -245.4900
8.6992727077e-02 2.4278250715e-01 -1.4849438655e+00
147 146 144
2 0 3248 124.4600 330.9500 2 2631 115.4000 262.1300
8.7403563413e-02 2.3822989021e-01 -1.4861012601e+00
173 174 169
2 0 3251 125.0000 324.2000 2 2633 116.5300 256.2200
9.0804764607e-02 1.3187628075e-01 -1.4443294025e+00
233 52 93
2 0 3265 132.0000 186.2700 2 2714 88.5000 126.5700
8.3407298809e-02 1.3003590351e-01 -1.4435199909e+00
218 56 79
2 0 3266 121.5400 183.7000 2 3131 79.6900 123.5900
8.6438599466e-02 1.2668646884e-01 -1.4442975854e+00
222 239 183
2 0 3268 125.8400 178.8600 2 3132 83.5300 119.3600
8.7390975065e-02 1.2339204648e-01 -1.4450784582e+00
245 233 179
2 0 3269 127.1900 174.1700 2 2718 85.0800 114.9000
8.3282773639e-02 1.2317442840e-01 -1.4447959664e+00
217 59 86
2 0 3270 121.3700 173.7200 2 2720 80.3300 114.4300
8.3282773639e-02 1.2317442840e-01 -1.4447959664e+00
217 59 86
2 0 3271 121.3700 173.7200 2 2721 80.3300 114.4300
9.0360664364e-02 1.2019396643e-01 -1.4454145231e+00
232 73 104
2 0 3274 131.4000 169.2700 2 2727 88.5400 111.3100
8.5994989339e-02 1.1966213111e-01 -1.4448770547e+00
229 239 178
2 0 3275 125.2400 168.7700 2 3141 83.3100 110.0700
7.5884182478e-02 1.1724967369e-01 -1.4454603056e+00
219 63 87
2 0 3278 110.9100 165.0800 2 3143 72.5500 105.9800
8.6119751513e-02 1.1362761806e-01 -1.4456648984e+00
228 238 181
2 0 3279 125.4300 160.0000 2 2735 83.8900 102.1700
8.2266947468e-02 1.1042342296e-01 -1.4453473072e+00
233 52 85
2 0 3280 120.0000 155.3500 2 3144 79.3400 97.8300
9.5307337692e-02 1.0490415227e-01 -1.4467094483e+00
226 239 204
2 0 3282 138.4800 147.6100 2 2744 94.6600 91.3600
9.5307337692e-02 1.0490415227e-01 -1.4467094483e+00
226 239 204
2 0 3283 138.4800 147.6100 2 2745 94.6600 91.3600
7.4820441075e-02 1.0414578970e-01 -1.4463293003e+00
231 59 85
2 0 3284 109.4800 146.2800 2 2746 71.7400 88.8300
8.4990865403e-02 9.5612373700e-02 -1.4468773713e+00
223 239 186
2 0 3287 123.9300 134.3700 2 2759 83.1500 78.3000
7.3976016077e-02 9.1711026883e-02 -1.4474186532e+00
229 53 84
2 0 3291 108.3500 128.2900 2 3155 71.3500 72.7100
8.1248263469e-02 8.6131421516e-02 -1.4473044398e+00
228 78 91
2 0 3293 118.6900 120.7200 2 2770 79.1400 65.7500
8.1248263469e-02 8.6131421516e-02 -1.4473044398e+00
228 78 91
2 0 3294 118.6900 120.7200 2 2771 79.1400 65.7500
7.3802419538e-02 8.0107366453e-02 -1.4481137396e+00
216 67 90
2 0 3295 108.1900 111.9600 2 3159 71.4300 57.3600
8.1111218178e-02 7.9508008888e-02 -1.4477233011e+00
213 57 81
2 0 3297 118.5400 111.3500 2 2776 79.1600 57.0000
9.9995668367e-02 7.8482256351e-02 -1.4483921029e+00
216 63 86
2 0 3298 145.2700 110.3600 2 2777 100.5800 56.4800
7.6469400011e-02 6.2479425003e-02 -1.4493226718e+00
237 230 190
2 0 3307 112.0800 87.0400 2 3170 74.8800 34.3700
9.1119701224e-02 5.8382860546e-02 -1.4495129115e+00
243 232 200
2 0 3308 132.8200 81.5800 2 3175 91.1100 29.6100
9.1119701224e-02 5.8382860546e-02 -1.4495129115e+00
243 232 200
2 0 3309 132.8200 81.5800 2 3176 91.1100 29.6100
7.9435863178e-02 5.8092961132e-02 -1.4486404178e+00
238 58 93
2 0 3312 116.3300 81.0200 2 3179 77.5600 28.8200
8.6400524770e-02 4.6417891505e-02 -1.4503004878e+00
234 52 90
2 0 3318 126.2100 64.1800 2 2799 86.2300 14.0400
7.8874066592e-02 4.4065965795e-02 -1.4494648506e+00
235 58 82
2 0 3321 115.6400 61.1600 2 3190 77.2700 10.3800
7.8874066592e-02 4.4065965795e-02 -1.4494648506e+00
235 58 82
2 0 3322 115.6400 61.1600 2 3191 77.2700 10.3800
1.2840108286e-01 3.6965190157e-02 -1.4525786210e+00
238 228 80
2 0 3326 185.6600 51.7900 2 3194 134.9800 2.4800
-9.9244083592e-02 1.1408485507e-02 -1.4861735302e+00
146 138 135
2 0 3337 -127.3800 10.4900 2 2830 -78.8600 -37.8300
1.3271584601e-01 -2.4331219315e-03 -1.4556659186e+00
139 131 39
2 0 3341 191.9600 -3.6400 2 2840 141.5000 -50.5100
7.4532328833e-02 -3.9067646907e-02 -1.4554898335e+00
224 233 187
2 0 3366 110.2100 -56.0400 2 2893 75.3600 -99.1500
7.4532328833e-02 -3.9067646907e-02 -1.4554898335e+00
224 233 187
2 0 3367 110.2100 -56.0400 2 2894 75.3600 -99.1500
7.4532328833e-02 -3.9067646907e-02 -1.4554898335e+00
224 233 187
2 0 3368 110.2100 -56.0400 2 2895 75.3600 -99.1500
1.0225193735e-01 -5.9899622265e-02 -1.4583488410e+00
219 53 72
2 0 3381 149.4100 -84.8200 2 3256 107.9000 -127.3800
8.4877849270e-02 -6.3900769511e-02 -1.4583767278e+00
232 235 189
2 0 3384 124.9800 -90.6200 2 3258 88.4500 -132.3400
8.6430565526e-02 -6.7701108890e-02 -1.4575844640e+00
229 53 67
2 0 3386 127.2500 -95.8300 2 3262 89.5300 -137.5600
9.4074509750e-02 -7.0934289228e-02 -1.4585380307e+00
214 59 67
2 0 3387 138.0200 -100.2800 2 3267 98.6900 -142.0500
-5.5687653684e-02 -7.9568503078e-02 -1.4669992592e+00
138 105 53
2 0 3393 -70.2200 -113.6000 2 3521 -53.0300 -149.4500
7.6143845677e-02 -8.1506765693e-02 -1.4585355788e+00
27 36 36
2 0 3396 112.9000 -115.4800 2 2951 78.6300 -155.4200
7.6143845677e-02 -8.1506765693e-02 -1.4585355788e+00
27 36 36
2 0 3397 112.9000 -115.4800 2 2952 78.6300 -155.4200
-1.2998034623e-01 -7.8101512929e-02 -1.3673908808e+00
26 57 41
2 0 3400 -195.1500 -116.9500 2 2931 -206.2700 -146.7000
-1.2998034623e-01 -7.8101512929e-02 -1.3673908808e+00
26 57 41
2 0 3402 -195.1500 -116.9500 2 2932 -206.2700 -146.7000
6.3016116444e-02 -8.4018893531e-02 -1.4582049628e+00
39 43 39
2 0 3403 94.5000 -118.8500 2 2954 63.9200 -158.6500
1.4833864890e-01 -8.9374783785e-02 -1.4631037333e+00
167 167 64
2 0 3407 214.6000 -125.6200 2 3294 163.8400 -168.6500
8.8209278017e-02 -9.5311828249e-02 -1.4587470105e+00
40 46 35
2 0 3412 130.0700 -134.5200 2 3301 91.9200 -174.5100
8.8209278017e-02 -9.5311828249e-02 -1.4587470105e+00
40 46 35
2 0 3413 130.0700 -134.5200 2 3302 91.9200 -174.5100
7.0692701838e-02 -1.0177998598e-01 -1.4597332956e+00
229 238 186
2 0 3417 105.4700 -143.7300 2 3311 73.1500 -182.3700
-1.4247590716e-01 -9.6038448432e-02 -1.3676488974e+00
238 204 73
2 0 3418 -213.8700 -144.5300 2 2966 -218.8100 -169.1400
9.2807797884e-02 -1.0450553701e-01 -1.4606977105e+00
42 50 39
2 0 3423 136.5900 -147.2700 2 2985 98.3300 -187.0100
-9.9153195501e-02 -1.0249972517e-01 -1.3879633785e+00
6 37 21
2 0 3427 -144.7100 -151.6900 2 3541 -159.5600 -178.7300
-1.3399544440e-01 -1.0175425530e-01 -1.3686748546e+00
241 197 84
2 0 3429 -200.8700 -152.6800 2 2975 -209.9900 -177.0700
-1.4349850683e-01 -1.0360675407e-01 -1.3679761451e+00
236 205 76
2 0 3432 -215.3200 -155.7200 2 2979 -219.8500 -179.1400
-1.3365565305e-01 -1.1107279421e-01 -1.3689564933e+00
239 198 67
2 0 3437 -200.3100 -166.8700 2 2987 -209.7800 -188.9800
9.0898370568e-02 -1.2474579684e-01 -1.4621335476e+00
42 46 41
2 0 3439 134.1300 -175.5000 2 3352 96.9300 -214.2300
9.0898370568e-02 -1.2474579684e-01 -1.4621335476e+00
42 46 41
2 0 3440 134.1300 -175.5000 2 3353 96.9300 -214.2300
-1.3258534115e-01 -1.2958122478e-01 -1.3701824310e+00
239 202 72
2 0 3446 -198.4300 -194.6400 2 3009 -208.4600 -213.1100
-9.0148256421e-02 -1.4514339871e-01 -1.4069280221e+00
77 99 134
2 0 3450 -127.8700 -212.3100 2 3560 -136.5200 -234.0100
1.4670702207e-01 -1.5621986235e-01 -1.4674754877e+00
229 230 48
2 0 3454 213.0200 -219.3700 2 3041 164.4900 -260.4600
1.5079646122e-01 -1.6020825832e-01 -1.4683079268e+00
108 104 14
2 0 3457 218.8000 -224.8500 2 3372 169.8700 -266.3200
2.7835707252e-01 -1.6799536446e-01 -1.5317901513e+00
137 134 123
2 0 3458 385.7200 -227.5300 2 3379 370.7800 -285.0000
1.4713785842e-01 -1.6331253036e-01 -1.4683349780e+00
229 232 56
2 0 3459 213.6900 -229.0300 2 3374 165.5300 -270.5300
1.4685661084e-01 -1.7387270868e-01 -1.4689738324e+00
232 234 58
2 0 3463 213.4400 -243.7700 2 3378 165.5800 -285.2400
1.4931795268e-01 -1.8257456830e-01 -1.4694100444e+00
138 136 51
2 0 3466 217.0500 -256.1400 2 3065 168.7700 -297.4500
1.0572072630e-01 1.3847836399e-01 -1.4437052828e+00
228 57 86
2 0 3478 153.2100 196.3400 2 3421 104.8600 136.4600
1.0572072630e-01 1.3847836399e-01 -1.4437052828e+00
228 57 86
2 0 3479 153.2100 196.3400 2 3422 104.8600 136.4600
7.6739581905e-02 1.2341456563e-01 -1.4453512761e+00
214 62 79
2 0 3484 112.0800 173.8900 2 3430 73.5400 114.0400
8.5354639570e-02 1.0156703889e-01 -1.4463464513e+00
239 237 202
2 0 3486 124.4200 142.9600 2 3150 83.2900 86.0900
8.5354639570e-02 1.0156703889e-01 -1.4463464513e+00
239 237 202
2 0 3487 124.4200 142.9600 2 3151 83.2900 86.0900
9.0503046935e-02 1.0138875951e-01 -1.4466428619e+00
225 58 84
2 0 3488 131.7000 142.6000 2 3152 89.2000 86.3600
1.0169465256e-01 9.1474020964e-02 -1.4477297362e+00
229 66 86
2 0 3490 147.6000 128.7000 2 3154 102.2600 73.9100
7.4609476601e-02 8.6225354178e-02 -1.4476770485e+00
223 58 73
2 0 3491 109.2900 120.6700 2 3156 72.1200 65.4200
1.0290951233e-01 8.3764082513e-02 -1.4469472180e+00
224 64 81
2 0 3492 149.4400 118.1200 2 3444 102.9100 63.7400
8.4753075918e-02 8.2367651651e-02 -1.4474975675e+00
233 235 201
2 0 3493 123.6800 115.5600 2 3447 83.0700 60.9000
1.3045291567e-01 5.9919161908e-02 -1.4511610125e+00
146 151 49
2 0 3498 188.4700 84.3900 2 3172 136.7200 33.2500
9.9729968664e-02 5.8168273386e-02 -1.4502464961e+00
249 225 199
2 0 3501 144.9700 81.3100 2 3459 101.2300 29.7000
1.3014872650e-01 5.3533429013e-02 -1.4517735320e+00
215 220 127
2 0 3504 188.0300 74.9400 2 3182 136.7000 25.0500
1.0484841720e-01 4.8760207119e-02 -1.4508370093e+00
229 241 183
2 0 3508 152.2700 68.0200 2 3184 107.2200 17.5300
6.8119401223e-02 4.4905521619e-02 -1.4501294742e+00
223 50 79
2 0 3511 100.4400 62.1200 2 3188 65.9900 10.9800
6.8119401223e-02 4.4905521619e-02 -1.4501294742e+00
223 50 79
2 0 3512 100.4400 62.1200 2 3189 65.9900 10.9800
-6.5540763175e-02 3.0527735758e-02 -1.4879834356e+00
141 135 135
2 0 3516 -81.6300 36.6200 2 3200 -44.5000 -13.8900
-6.5540763175e-02 3.0527735758e-02 -1.4879834356e+00
141 135 135
2 0 3517 -81.6300 36.6200 2 3201 -44.5000 -13.8900
1.2451319259e-01 -1.7837868944e-02 -1.4566011345e+00
190 191 66
2 0 3520 180.4400 -25.6100 2 3483 132.5300 -71.1000
-1.6067183835e-01 -2.1512029302e-02 -1.3640187183e+00
241 206 105
2 0 3522 -242.1700 -32.1400 2 3220 -236.5000 -74.1800
-1.6642831117e-01 -4.1712676318e-02 -1.3615158639e+00
159 149 140
2 0 3527 -251.5600 -62.7900 2 3244 -244.9000 -99.6100
8.9694792311e-02 -5.2677820398e-02 -1.4581670400e+00
229 235 189
2 0 3528 131.6300 -74.8500 2 3499 93.8300 -117.5000
8.9694792311e-02 -5.2677820398e-02 -1.4581670400e+00
229 235 189
2 0 3529 131.6300 -74.8500 2 3500 93.8300 -117.5000
7.3432876215e-02 -5.5323586957e-02 -1.4564763160e+00
229 235 187
2 0 3531 108.8300 -78.7400 2 3253 74.5800 -120.7400
7.7709904218e-02 -6.5909044453e-02 -1.4576510234e+00
235 238 187
2 0 3535 114.9500 -93.3700 2 3510 79.9500 -135.0100
7.7709904218e-02 -6.5909044453e-02 -1.4576510234e+00
235 238 187
2 0 3536 114.9500 -93.3700 2 3511 79.9500 -135.0100
3.1349146637e-01 -7.3465862803e-02 -1.5265255792e+00
151 148 139
2 0 3538 433.3200 -100.7500 2 3523 413.1000 -152.3100
7.8582158699e-02 -7.1744028221e-02 -1.4605191348e+00
212 53 74
2 0 3541 116.1600 -101.5300 2 3516 82.9000 -142.7000
7.8582158699e-02 -7.1744028221e-02 -1.4605191348e+00
212 53 74
2 0 3542 116.1600 -101.5300 2 3517 82.9000 -142.7000
8.9049175194e-02 -7.1466319155e-02 -1.4579314792e+00
236 234 188
2 0 3543 130.9700 -101.1400 2 3269 92.6400 -142.5800
8.9049175194e-02 -7.1466319155e-02 -1.4579314792e+00
236 234 188
2 0 3544 130.9700 -101.1400 2 3270 92.6400 -142.5800
-8.9124502333e-02 -6.9807860040e-02 -1.4044856069e+00
77 97 148
2 0 3546 -127.0000 -102.5200 2 3613 -134.9000 -136.6100
-1.3968412040e-01 -7.5400114180e-02 -1.3664320428e+00
109 116 77
2 0 3553 -209.9700 -113.2800 2 3268 -216.3600 -142.7900
1.0672653124e-01 -8.0968381231e-02 -1.4595587509e+00
221 56 72
2 0 3554 155.9400 -114.2600 2 3526 113.5100 -155.8200
7.6057942394e-02 -9.2192852567e-02 -1.4596654821e+00
232 244 182
2 0 3557 112.9000 -130.0900 2 3296 79.1500 -169.9700
7.6057942394e-02 -9.2192852567e-02 -1.4596654821e+00
232 244 182
2 0 3558 112.9000 -130.0900 2 3297 79.1500 -169.9700
1.5043067566e-01 -1.0342490618e-01 -1.4642504249e+00
231 229 56
2 0 3562 217.6800 -145.2200 2 3324 166.9700 -188.0600
7.9595696002e-02 -1.0705044442e-01 -1.4609322727e+00
231 239 192
2 0 3566 118.0200 -150.9900 2 3326 83.7600 -189.7500
6.6912400538e-02 -1.0932151486e-01 -1.4603929152e+00
231 237 196
2 0 3568 100.2800 -153.6000 2 3545 69.2800 -192.9700
-1.3809223286e-01 -1.0266870724e-01 -1.3679853984e+00
137 146 94
2 0 3569 -207.2000 -154.2600 2 3306 -214.5800 -178.0500
-1.3809223286e-01 -1.0266870724e-01 -1.3679853984e+00
137 146 94
2 0 3570 -207.2000 -154.2600 2 3307 -214.5800 -178.0500
7.6934128074e-02 -1.1343326894e-01 -1.4608109706e+00
230 241 185
2 0 3572 114.3800 -159.7300 2 3334 80.6000 -198.4300
8.8571831677e-02 -1.1700344179e-01 -1.4613503702e+00
230 238 197
2 0 3575 130.7600 -165.0200 2 3551 93.9100 -203.3700
-1.3797435419e-01 -1.1080061870e-01 -1.3684451880e+00
145 154 111
2 0 3576 -206.9200 -166.5300 2 3322 -214.4000 -188.5400
-1.3797435419e-01 -1.1080061870e-01 -1.3684451880e+00
145 154 111
2 0 3577 -206.9200 -166.5300 2 3323 -214.4000 -188.5400
-1.2818077109e-01 -1.1739184918e-01 -1.3698994268e+00
160 163 87
2 0 3579 -191.8700 -176.2000 2 3333 -203.9100 -197.4100
-9.7807175248e-02 -1.2016489103e-01 -1.3920680955e+00
13 36 11
2 0 3582 -141.8900 -177.3500 2 3630 -155.4700 -201.7700
-1.3254634820e-01 -1.1972801273e-01 -1.3698537536e+00
234 204 80
2 0 3583 -198.4300 -179.7300 2 3339 -208.3000 -200.3600
-3.8230754737e-02 -1.3042833436e-01 -1.5011046563e+00
153 152 148
2 0 3585 -42.3400 -180.1700 2 3349 -11.6100 -213.9600
-1.3297946230e-01 -1.2587105963e-01 -1.3696045478e+00
240 202 69
2 0 3587 -199.1600 -189.1500 2 3346 -209.1800 -208.2300
-1.3741034052e-01 -1.3270831485e-01 -1.3693709952e+00
144 157 103
2 0 3589 -205.8900 -199.6000 2 3354 -213.9700 -216.9400
-1.3741034052e-01 -1.3270831485e-01 -1.3693709952e+00
144 157 103
2 0 3590 -205.8900 -199.6000 2 3355 -213.9700 -216.9400
-1.3775355194e-01 -1.3907841183e-01 -1.3700368366e+00
61 89 33
2 0 3591 -206.2500 -209.0900 2 3361 -214.0100 -225.2800
-1.3775355194e-01 -1.3907841183e-01 -1.3700368366e+00
61 89 33
2 0 3592 -206.2500 -209.0900 2 3362 -214.0100 -225.2800
9.3817732615e-02 1.3826648182e-01 -1.4443591370e+00
229 60 80
2 0 3598 136.2400 195.5500 2 3423 92.0100 135.0500
9.1734953197e-02 1.2739598655e-01 -1.4451010085e+00
211 63 76
2 0 3599 133.3300 180.0700 2 3429 90.0000 120.3600
1.0458207751e-01 1.1016751832e-01 -1.4458537501e+00
226 80 99
2 0 3602 151.6700 155.8200 2 3434 104.5300 98.6500
9.1618877914e-02 9.1973026436e-02 -1.4475316980e+00
246 84 110
2 0 3603 133.3200 129.2000 2 3438 90.8900 73.9600
8.5491870626e-02 8.9921319002e-02 -1.4473497015e+00
228 240 184
2 0 3604 124.6700 126.3000 2 3439 83.9300 70.8000
8.5491870626e-02 8.9921319002e-02 -1.4473497015e+00
228 240 184
2 0 3605 124.6700 126.3000 2 3440 83.9300 70.8000
9.6575713699e-02 8.7402628389e-02 -1.4476477545e+00
226 243 194
2 0 3606 140.3800 122.8900 2 3441 96.4000 68.2000
8.9580399797e-02 7.7857032949e-02 -1.4483102062e+00
215 66 86
2 0 3607 130.5200 109.1600 2 3579 88.9100 55.2000
8.9580399797e-02 7.7857032949e-02 -1.4483102062e+00
215 66 86
2 0 3608 130.5200 109.1600 2 3580 88.9100 55.2000
1.0429034804e-01 7.7678879556e-02 -1.4487862750e+00
236 238 206
2 0 3609 151.3400 109.1600 2 3449 105.6600 55.7300
9.5899758633e-02 6.8356646704e-02 -1.4493622703e+00
226 239 192
2 0 3610 139.5000 95.7000 2 3450 96.5100 43.0100
9.5899758633e-02 6.8356646704e-02 -1.4493622703e+00
226 239 192
2 0 3611 139.5000 95.7000 2 3451 96.5100 43.0100
8.9186967660e-02 6.4046828860e-02 -1.4497138903e+00
215 65 83
2 0 3613 130.0200 89.3400 2 3455 89.2200 37.1000
8.1769153096e-02 6.2880428791e-02 -1.4480173137e+00
232 238 190
2 0 3614 119.6100 87.9800 2 3581 79.7700 35.1500
8.1769153096e-02 6.2880428791e-02 -1.4480173137e+00
232 238 190
2 0 3615 119.6100 87.9800 2 3582 79.7700 35.1500
1.3616653870e-01 6.2385601027e-02 -1.4512287246e+00
238 234 60
2 0 3617 196.5500 87.6400 2 3457 143.3900 37.1700
8.7484292054e-02 5.3443862896e-02 -1.4502594526e+00
225 61 82
2 0 3618 127.7000 74.6100 2 3463 87.5200 22.7500
1.3529085894e-01 4.3954203339e-02 -1.4523238218e+00
238 233 87
2 0 3621 195.3900 61.6400 2 3465 142.8400 12.2500
1.4283404909e-01 3.9931688917e-02 -1.4530820805e+00
238 238 62
2 0 3623 206.0900 56.2300 2 3468 152.0300 6.8800
1.4283404909e-01 3.9931688917e-02 -1.4530820805e+00
238 238 62
2 0 3624 206.0900 56.2300 2 3469 152.0300 6.8800
8.6681658504e-02 3.5788735866e-02 -1.4513100479e+00
213 56 78
2 0 3625 126.6900 49.5900 2 3470 87.0600 -0.4700
9.9618566816e-02 3.5080062077e-02 -1.4509182015e+00
214 64 76
2 0 3626 145.0100 48.9800 2 3471 101.1600 -1.0800
9.9618566816e-02 3.5080062077e-02 -1.4509182015e+00
214 64 76
2 0 3627 145.0100 48.9800 2 3472 101.1600 -1.0800
-4.1417552361e-02 -3.2418278794e-03 -1.4915659669e+00
173 166 168
2 0 3632 -48.4000 -9.1200 2 3592 -18.8500 -54.8800
8.0753743277e-02 -4.5331211330e-02 -1.4562459669e+00
33 33 36
2 0 3636 119.0300 -64.5400 2 3495 82.6400 -107.7300
9.5234966583e-02 -7.5837725656e-02 -1.4585768097e+00
211 55 68
2 0 3645 139.7200 -107.1200 2 3615 99.9400 -148.6700
9.2034820295e-02 -8.5803442215e-02 -1.4587307448e+00
50 54 39
2 0 3647 135.3300 -121.2200 2 3623 96.3300 -161.8200
-1.4200370214e-01 -1.0668522071e-01 -1.3688816608e+00
246 201 80
2 0 3659 -212.8400 -160.2000 2 3543 -217.7600 -183.2200
-9.8478425822e-02 -1.5118077367e-01 -1.3926957513e+00
15 50 27
2 0 3667 -142.7400 -223.3900 2 3688 -156.7700 -242.1100
-1.6615407827e-01 -1.7381812107e-01 -1.3668265780e+00
151 146 138
2 0 3669 -250.0700 -262.4500 2 3635 -245.8000 -269.7200
8.7441880856e-02 7.0470574053e-02 -1.4493569347e+00
225 241 201
2 0 3674 127.5200 98.6500 2 3652 87.1500 45.2000
1.1947553991e-01 -1.0820500358e-02 -1.4550130291e+00
213 211 71
2 0 3682 173.3600 -15.5100 2 3657 125.7400 -61.9300
1.3178152069e-01 -2.1870502258e-02 -1.4567757232e+00
230 224 83
2 0 3686 190.7800 -31.0000 2 3662 140.9300 -76.7000
1.3178152069e-01 -2.1870502258e-02 -1.4567757232e+00
230 224 83
2 0 3687 190.7800 -31.0000 2 3663 140.9300 -76.7000
6.6776752073e-02 -3.7300809052e-02 -1.4549132433e+00
148 156 133
2 0 3691 99.3000 -53.4200 2 3664 66.4600 -97.0000
9.4316600500e-02 -4.5861412621e-02 -1.4565969726e+00
29 33 32
2 0 3694 138.1300 -65.2400 2 3606 97.9600 -108.4800
6.8161636826e-02 -4.6027189602e-02 -1.4563312673e+00
230 236 190
2 0 3696 101.3200 -65.6500 2 3667 68.8500 -108.5200
8.0030464773e-02 -5.8000716169e-02 -1.4582289225e+00
49 21 24
2 0 3702 118.0900 -82.4800 2 3609 83.0800 -124.3300
9.3147535911e-02 -5.9617755532e-02 -1.4575916827e+00
33 40 29
2 0 3703 136.6100 -84.4800 2 3672 97.1500 -126.8700
7.8359289383e-02 -8.4442069626e-02 -1.4598152632e+00
31 32 35
2 0 3717 116.0300 -119.2500 2 3676 81.9300 -159.6700
-1.6140664654e-01 -1.6896788575e-01 -1.3702041480e+00
250 211 98
2 0 3730 -241.9100 -254.7900 2 3633 -237.9900 -262.9500
7.8045922985e-02 1.1448767893e-01 -1.4455783998e+00
156 87 72
2 0 3733 113.9900 161.2100 2 3650 74.9500 102.5200
8.7619017352e-02 8.6191564462e-02 -1.4485864752e+00
228 238 192
2 0 3734 127.6600 120.7700 2 3651 87.1000 66.0400
7.5783929035e-02 6.9905297132e-02 -1.4485454586e+00
200 85 93
2 0 3736 111.0700 97.6600 2 3653 73.7100 44.0200
-9.2159868936e-02 -5.7924865021e-02 -1.3993942750e+00
149 155 178
2 0 3744 -132.3700 -85.0900 2 3712 -141.6900 -121.6100
6.5000848080e-02 -9.2198211912e-02 -1.4596208806e+00
230 237 191
2 0 3746 97.3600 -130.3400 2 3679 66.9900 -169.4200
8.7088429183e-02 -1.1021358583e-01 -1.4604481536e+00
32 37 34
2 0 3747 128.6500 -154.9100 2 3683 91.6300 -194.8800
-9.0285411675e-02 -1.3350678186e-01 -1.4050919132e+00
141 147 170
2 0 3752 -128.4400 -195.8800 2 3721 -137.6900 -218.4900
7.6834837211e-02 9.8479063569e-02 -1.4463437734e+00
233 60 79
2 0 3755 112.3500 137.6700 2 3696 73.8400 82.2800
9.6395621513e-02 7.7870089837e-02 -1.4468913295e+00
235 241 197
2 0 3757 140.2400 109.4500 2 3697 95.4700 55.8300
-9.8718806703e-02 -8.1746025376e-02 -1.3901553831e+00
137 140 22
2 0 3765 -143.7000 -121.2100 2 3716 -156.5200 -151.3800
-9.8718806703e-02 -8.1746025376e-02 -1.3901553831e+00
137 140 22
2 0 3766 -143.7000 -121.2100 2 3717 -156.5200 -151.3800
-8.8757434596e-02 -8.2023959021e-02 -1.4046858304e+00
142 146 166
2 0 3767 -126.3800 -120.0900 2 3730 -134.8000 -152.5700
9.4464850502e-02 -9.5475831976e-02 -1.4616277598e+00
230 237 206
2 0 3769 138.7400 -134.7700 2 3718 101.0100 -174.6800
9.8803048387e-02 9.8166376941e-02 -1.4469601517e+00
176 96 89
2 0 3781 143.5200 139.1400 2 3706 98.6100 81.6300
9.3596320094e-02 5.7444725132e-02 -1.4493249863e+00
200 67 80
2 0 3782 136.3200 79.8100 2 3707 93.7200 29.0600
7.7009802734e-02 3.8185226922e-03 -1.4527301849e+00
141 142 104
2 0 3784 113.3200 4.4700 2 3709 76.8300 -42.8300
1.1268200759e-01 5.6172139560e-02 -1.4503690442e+00
240 237 78
2 0 3799 163.3500 79.1200 2 3725 115.8400 27.2300
-1.5103766118e-01 -1.2231943953e-01 -1.3681929371e+00
241 202 65
2 0 3811 -226.6700 -184.6800 2 3732 -227.6300 -202.3900
-1.3269856374e-01 -1.2435174550e-01 -1.3702948393e+00
243 207 71
2 0 3812 -198.5200 -185.9900 2 3733 -208.3500 -207.1400
-1.3269856374e-01 -1.2435174550e-01 -1.3702948393e+00
243 207 71
2 0 3813 -198.5200 -185.9900 2 3734 -208.3500 -207.1400
1.3620699297e-01 -5.2343599983e-03 -1.4482445298e+00
125 131 52
2 0 3817 197.6700 -7.1700 2 3739 140.2300 -53.8800
6.5611648218e-02 2.7339534180e-02 -1.4515249020e+00
235 234 248
2 0 3820 97.0900 38.2100 2 3746 63.9000 -13.1100
8.4379489274e-02 -4.6088600376e-02 -1.4562272569e+00
60 64 48
2 0 3823 124.1500 -65.4900 2 3757 86.6200 -108.8500
