# Bundle file v0.3
3 58
2.1328552034e+03 3.0167632357e-06 1.0538268094e-07
9.9999950394e-01 -9.8105959794e-04 -1.7214125363e-04
9.8104913087e-04 9.9999951692e-01 -6.0879047574e-05
1.7220089645e-04 6.0710138347e-05 9.9999998333e-01
-2.1340504513e-04 1.8867814527e-05 -3.3338192129e-04
2.1331870688e+03 -3.2776160691e-06 -1.2465736599e-07
9.1755002455e-01 2.1691171554e-01 -3.3324354474e-01
2.7585918490e-01 2.5632218219e-01 9.2639119654e-01
2.8636281629e-01 -9.4193855775e-01 1.7535133551e-01
-2.5928400234e-01 7.7063675156e-01 -5.8167131160e-01
0 0 0
0 0 0
0 0 0
0 0 0
0 0 0
-5.9382341647e-02 -8.5008867502e-03 -8.4800751063e-01
103 81 28
2 0 1268 -149.4100 -21.3300 1 3434 -95.3000 -96.6900
-9.8120717548e-02 -8.4529990003e-03 -8.2022310324e-01
173 126 72
2 0 1269 -254.9500 -21.9400 1 3326 -222.8600 -52.8300
-5.2781326489e-02 -1.4455921779e-02 -8.5776297667e-01
63 59 51
2 0 1319 -131.3100 -35.8800 1 3516 -72.7200 -122.8700
-5.2781326489e-02 -1.4455921779e-02 -8.5776297667e-01
63 59 51
2 0 1320 -131.3100 -35.8800 1 3517 -72.7200 -122.8700
-6.5095841070e-02 -2.4617722712e-02 -8.5702042297e-01
139 139 154
2 0 1446 -162.0600 -61.2300 1 3578 -113.6400 -139.4900
-5.4099082667e-02 -2.8573663354e-02 -8.6860240327e-01
126 126 152
2 0 1476 -132.8500 -70.0800 1 3639 -75.7900 -166.1500
-5.6599439002e-02 -3.3291227629e-02 -8.7092957182e-01
11 13 13
2 0 1514 -138.7800 -81.5100 1 3674 -83.5300 -178.9000
-9.3544250599e-02 -3.5471999190e-02 -8.4540790103e-01
184 123 44
2 0 1538 -235.9900 -89.5100 1 1729 -209.6400 -139.9100
-9.5250758246e-02 -3.6010523326e-02 -8.4450868233e-01
167 136 26
2 0 1544 -240.3800 -90.9000 1 3576 -215.6900 -139.3200
-9.3912262685e-02 -4.3064281637e-02 -8.5141400888e-01
168 154 71
2 0 1606 -235.2500 -107.9000 1 3630 -211.3200 -163.7100
-6.7045225118e-02 -4.4382208690e-02 -8.7255465903e-01
131 135 139
2 0 1610 -164.0300 -108.4900 1 4768 -118.6600 -202.3600
-9.9925688252e-02 -5.4311208103e-02 -8.5672020867e-01
163 166 35
2 0 1699 -248.6000 -135.1800 1 1970 -232.4100 -194.0100
-9.9925688252e-02 -5.4311208103e-02 -8.5672020867e-01
163 166 35
2 0 1700 -248.6000 -135.1800 1 1971 -232.4100 -194.0100
-9.9919541529e-02 -6.8348646239e-02 -8.6858259953e-01
137 100 80
2 0 1796 -245.3900 -167.8900 1 3875 -233.1200 -241.6200
-4.9628278418e-02 2.0666851976e-03 -8.4661383801e-01
111 96 40
2 0 2893 -125.1200 5.2700 1 4551 -63.6100 -76.6700
-1.0090151670e-01 -1.4165060955e-02 -8.2256096765e-01
109 86 28
2 0 2971 -261.7400 -36.8200 1 4534 -232.4700 -65.7000
-1.0073656461e-01 -6.7513954458e-02 -8.6750640310e-01
147 164 59
2 0 3186 -247.7300 -166.0600 1 4818 -235.6500 -238.3200
-6.5552317532e-02 -1.9067054271e-02 -8.5188708988e-01
123 120 128
2 0 3824 -163.9500 -47.6200 1 5272 -115.8600 -121.0600
-1.0406044969e-01 -1.8585021919e-02 -8.2402620538e-01
183 148 106
2 0 3826 -269.5600 -48.2500 1 5229 -243.0300 -75.6500
-9.1688123700e-02 -2.4606875182e-02 -8.3729672007e-01
147 157 180
2 0 3836 -233.4600 -62.6600 1 4592 -203.4200 -106.8300
-5.5072578150e-02 -2.7747080547e-02 -8.6724996856e-01
7 12 9
2 0 3845 -135.5100 -68.1800 1 5310 -79.0900 -162.4200
-9.2506746883e-02 -3.6921982629e-02 -8.4721740581e-01
114 101 85
2 0 3878 -232.8100 -92.9400 1 4652 -206.4200 -145.3900
-9.2506746883e-02 -3.6921982629e-02 -8.4721740581e-01
114 101 85
2 0 3879 -232.8100 -92.9400 1 4653 -206.4200 -145.3900
-4.9701517229e-02 -1.3854769855e-02 -8.5943301585e-01
125 126 142
2 0 4249 -123.4700 -34.3300 1 5656 -62.4600 -124.4400
-9.1655927068e-02 -1.4501377502e-02 -8.2936703851e-01
93 114 165
2 0 4255 -235.8800 -37.3800 1 5628 -202.1800 -76.9200
-9.1655927068e-02 -1.4501377502e-02 -8.2936703851e-01
93 114 165
2 0 4256 -235.8800 -37.3800 1 5629 -202.1800 -76.9200
-7.2259422081e-02 -2.0844300869e-02 -8.4862213052e-01
43 44 53
2 0 4261 -181.6600 -52.3700 1 5649 -137.9500 -118.9600
-9.5693142478e-02 -2.5054984206e-02 -8.3534470270e-01
32 58 30
2 0 4267 -244.3500 -64.0100 1 5644 -216.0900 -105.0300
-9.2658596880e-02 -2.6747107479e-02 -8.3851875821e-01
92 91 114
2 0 4270 -235.6500 -68.0400 1 5266 -206.5500 -112.7300
-7.0161570071e-02 -2.8841898947e-02 -8.5654330965e-01
147 109 27
2 0 4273 -174.8800 -71.8400 1 5669 -130.7800 -145.9600
-5.7974305048e-02 -3.9709712014e-02 -8.7544430710e-01
10 11 5
2 0 4296 -140.8600 -96.5300 1 5938 -87.9800 -198.7800
-5.1903447347e-02 -4.4610627571e-02 -8.8398433023e-01
131 132 153
2 0 4304 -125.2500 -107.5500 1 5718 -66.1300 -222.5700
-9.8760568001e-02 -4.3749279593e-02 -8.4854084748e-01
168 158 46
2 0 4307 -248.2300 -110.0000 1 5680 -227.7600 -160.2400
-6.1491278432e-02 -4.6376007004e-02 -8.7880312776e-01
16 15 10
2 0 4308 -149.1100 -112.4400 1 5948 -99.0100 -217.4300
-9.5109024275e-02 -4.6297928058e-02 -8.5302064763e-01
162 158 38
2 0 4310 -237.8100 -115.7900 1 5688 -215.7900 -172.1600
-5.3202956564e-02 -4.9453504282e-04 -8.4644636293e-01
136 96 18
2 0 4483 -134.3500 -1.2600 1 5632 -74.6900 -81.0200
-5.3862860835e-02 -4.1022402424e-03 -8.4860298749e-01
13 10 4
2 0 4491 -135.9400 -10.4200 1 5867 -76.6500 -90.1800
-5.3862860835e-02 -4.1022402424e-03 -8.4860298749e-01
13 10 4
2 0 4492 -135.9400 -10.4200 1 5868 -76.6500 -90.1800
-9.9560029134e-02 -1.7787775892e-02 -8.2662609886e-01
15 63 21
2 0 4509 -257.0600 -46.0100 1 5857 -228.1700 -78.4500
-9.9560029134e-02 -1.7787775892e-02 -8.2662609886e-01
15 63 21
2 0 4510 -257.0600 -46.0100 1 5858 -228.1700 -78.4500
-1.0221478609e-01 -2.6679250844e-02 -8.3202784356e-01
17 72 32
2 0 4525 -262.1900 -68.5100 1 5882 -237.7100 -102.5300
-1.0221478609e-01 -2.6679250844e-02 -8.3202784356e-01
17 72 32
2 0 4526 -262.1900 -68.5100 1 5883 -237.7100 -102.5300
-7.1050478862e-02 -3.9370138925e-02 -8.6482953250e-01
138 111 21
2 0 4544 -175.3200 -97.0900 1 5924 -133.3300 -179.2600
-9.4412120933e-02 -4.0382346207e-02 -8.4924339084e-01
26 39 25
2 0 4546 -237.2000 -101.4800 1 5907 -212.3500 -155.5800
-9.7388604647e-02 -6.0024990911e-02 -8.6314572191e-01
22 42 39
2 0 4571 -240.4900 -148.2900 1 5947 -224.2500 -215.7200
-6.9965789121e-02 -2.2640971723e-02 -8.5242810485e-01
143 113 54
2 0 4668 -174.6400 -56.4500 1 6105 -129.9600 -129.1500
-5.0811545903e-02 -2.5898955865e-02 -8.6865093458e-01
25 23 15
2 0 4670 -124.7700 -63.5000 1 6036 -64.9900 -161.2300
-5.3442907929e-02 -1.4810952655e-02 -8.5768997370e-01
70 67 50
2 0 4752 -133.4900 -36.9500 1 6103 -74.3400 -123.3600
-5.7195081608e-02 -1.5815229259e-02 -8.5562211172e-01
25 32 25
2 0 4754 -142.6400 -39.3700 1 6102 -87.4700 -121.7200
-9.8768526876e-02 -3.9656505621e-02 -8.4550384825e-01
26 57 34
2 0 4767 -249.1400 -100.0700 1 6110 -227.1100 -148.0800
-5.3562825574e-02 -9.3439284472e-03 -8.5295427763e-01
110 112 136
2 0 4781 -133.1600 -23.0100 1 6145 -76.5600 -106.3500
-9.7428464431e-02 -1.8941925145e-02 -8.2904298075e-01
70 88 46
2 0 4800 -250.6100 -48.7500 1 6171 -221.5000 -84.2700
-9.0334735996e-02 -1.9996790983e-02 -8.3467201748e-01
165 171 187
2 0 4801 -230.3000 -50.9000 1 6173 -198.9000 -94.8600
-8.9323129706e-02 -4.3247417049e-02 -8.5507860486e-01
163 166 185
2 0 4803 -222.9400 -107.9400 1 6185 -195.3900 -170.3500
-9.9327795719e-02 -4.7991920400e-02 -8.5207746555e-01
96 109 22
2 0 4804 -248.5600 -120.1400 1 6175 -229.6100 -174.4700
-9.9327795719e-02 -4.7991920400e-02 -8.5207746555e-01
96 109 22
2 0 4805 -248.5600 -120.1400 1 6176 -229.6100 -174.4700
-9.2218036992e-02 -5.6107281803e-02 -8.6398353404e-01
160 163 185
2 0 4806 -227.7800 -138.5800 1 6178 -205.5400 -209.9500
-8.8768190004e-02 -3.1382366758e-02 -8.4586712272e-01
169 170 190
2 0 4816 -223.2800 -78.9200 1 6192 -193.4600 -133.8400
