# Bundle file v0.3
3 141
2.1347051555e+03 -1.7840465729e-03 -6.3157143631e-05
9.9997436815e-01 -7.0859347122e-04 -7.1246704832e-03
9.2871625128e-04 9.9952080682e-01 3.0940171763e-02
7.0993323860e-03 -3.0945995507e-02 9.9949584533e-01
-9.0248002548e-03 3.6209391898e-02 -7.0345989402e-03
0 0 0
0 0 0
0 0 0
0 0 0
0 0 0
2.1322134492e+03 9.5493721023e-04 7.4382360194e-06
9.8098251017e-01 -1.5338388648e-01 -1.1893989282e-01
1.9182407683e-01 6.7265630763e-01 7.1465867052e-01
-2.9611455252e-02 -7.2388319166e-01 6.8928679557e-01
-8.8721777637e-02 8.7342010162e-01 -4.0112131795e-01
-1.8545021091e-01 -3.4720658981e-02 -1.1516762663e+00
175 194 72
2 0 1793 -343.5200 -63.1900 2 1174 -234.7000 -15.6700
-1.8545021091e-01 -3.4720658981e-02 -1.1516762663e+00
175 194 72
2 0 1794 -343.5200 -63.1900 2 1175 -234.7000 -15.6700
-1.3676214551e-01 -3.6851065654e-02 -1.1724774716e+00
12 10 12
2 0 1816 -248.9000 -67.0500 2 1229 -140.6400 -28.0800
-1.2197723070e-01 -3.7934786878e-02 -1.1788686845e+00
121 108 50
2 0 1828 -220.8600 -68.9800 2 1251 -112.3500 -32.4200
-1.2197723070e-01 -3.7934786878e-02 -1.1788686845e+00
121 108 50
2 0 1829 -220.8600 -68.9800 2 1252 -112.3500 -32.4200
-1.0515067283e-01 -4.0732101179e-02 -1.1869423068e+00
13 16 26
2 0 1861 -189.1600 -73.9500 2 1309 -79.8400 -40.2600
-1.3015885153e-01 -4.0818457358e-02 -1.1763970985e+00
0 1 6
2 0 1865 -236.1900 -74.2000 2 1279 -126.9200 -35.6800
-1.0617323799e-01 -5.0248749149e-02 -1.1897746368e+00
150 152 162
2 0 2008 -190.6200 -90.9300 2 1402 -78.6600 -55.9800
-1.1451090417e-01 -5.2798280428e-02 -1.1868564415e+00
86 78 50
2 0 2035 -205.7600 -95.5900 2 1427 -93.9500 -58.4200
-1.1451090417e-01 -5.2798280428e-02 -1.1868564415e+00
86 78 50
2 0 2036 -205.7600 -95.5900 2 1428 -93.9500 -58.4200
-1.4721696485e-01 -5.3854536658e-02 -1.1733719937e+00
26 26 31
2 0 2046 -267.6700 -97.8600 2 1394 -155.9000 -54.1100
-1.3271620884e-01 -5.7411112888e-02 -1.1806610914e+00
186 174 181
2 0 2078 -239.9600 -104.0500 2 1465 -126.9300 -62.7600
-1.4836150676e-01 -5.7401141929e-02 -1.1740036747e+00
31 29 31
2 0 2079 -269.5700 -104.2700 2 1447 -157.1500 -59.8100
-1.4054883483e-01 -6.2187305254e-02 -1.1787532804e+00
172 166 176
2 0 2134 -254.4600 -112.7400 2 1498 -140.6600 -69.1700
-1.4054883483e-01 -6.2187305254e-02 -1.1787532804e+00
172 166 176
2 0 2135 -254.4600 -112.7400 2 1499 -140.6600 -69.1700
-1.4039172243e-01 -7.0370023944e-02 -1.1818677092e+00
160 169 170
2 0 2224 -253.3400 -127.3600 2 1566 -138.0200 -83.5500
-1.4471249926e-01 -7.3790015398e-02 -1.1815731413e+00
17 11 20
2 0 2259 -261.3200 -133.5300 2 1600 -145.1300 -89.1200
-1.5007377611e-01 -7.4641293146e-02 -1.1792781019e+00
28 19 23
2 0 2266 -271.6900 -135.1900 2 1599 -155.2200 -89.2200
-2.0056336444e-01 -7.4042762919e-02 -1.1585984566e+00
65 74 27
2 0 2270 -369.1100 -135.3700 2 1547 -254.8500 -80.1500
-1.4755538182e-01 -7.4770046714e-02 -1.1803973145e+00
171 140 30
2 0 2271 -266.8100 -135.3600 2 1609 -150.3600 -89.9100
-1.0978288804e-01 -8.1951533381e-02 -1.1986250448e+00
29 29 19
2 0 2344 -195.4800 -147.0500 2 1700 -75.6000 -108.6900
-1.9298421382e-01 -8.4755712095e-02 -1.1651919397e+00
149 156 162
2 0 2384 -353.2500 -154.5400 2 1670 -237.0100 -99.9800
-1.4799744269e-01 -8.7675276910e-02 -1.1845705020e+00
6 6 1
2 0 2408 -266.7400 -158.3100 2 3798 -147.3700 -112.2000
-1.2656724168e-01 -9.4960699093e-02 -1.1962470597e+00
140 143 159
2 0 2460 -225.7600 -170.3900 2 1809 -103.6400 -128.7700
-1.4354338775e-01 -9.5195637663e-02 -1.1891015565e+00
11 16 23
2 0 2465 -257.6100 -171.4400 2 1795 -136.5300 -126.2500
-1.4263662984e-01 -9.6801318112e-02 -1.1900677790e+00
178 174 160
2 0 2484 -255.7700 -174.2300 2 1810 -134.2700 -129.2700
-2.0324949379e-01 -1.0795899875e-01 -1.1686964431e+00
199 194 209
2 0 2569 -370.8100 -196.5800 2 3877 -251.8600 -139.4400
-1.2149720614e-01 -1.1235332780e-01 -1.2043421109e+00
135 136 157
2 0 2593 -214.8700 -200.5100 2 1935 -88.6400 -160.2800
-1.1812153093e-01 -1.1312630817e-01 -1.2062519840e+00
23 20 26
2 0 2598 -208.8700 -201.6400 2 1947 -81.4800 -162.4400
-1.8152088096e-01 -4.5880900960e-03 -1.1433599287e+00
201 168 83
2 0 4234 -338.1000 -7.2800 2 3450 -235.1500 33.2300
-1.0459270081e-01 -3.0365649172e-02 -1.1838365286e+00
144 127 40
2 0 4383 -188.7100 -55.3600 2 3576 -81.9500 -23.4400
-1.3674878908e-01 -4.5057337132e-02 -1.1747785764e+00
175 171 180
2 0 4511 -248.5600 -81.8800 2 3612 -138.2000 -41.1800
-1.3930456188e-01 -4.9906552713e-02 -1.1754575241e+00
23 17 11
2 0 4548 -252.7900 -90.6600 2 1364 -141.8900 -49.0200
-1.3930456188e-01 -4.9906552713e-02 -1.1754575241e+00
23 17 11
2 0 4549 -252.7900 -90.6600 2 1365 -141.8900 -49.0200
-1.3501021499e-01 -5.8279285326e-02 -1.1800693445e+00
166 167 179
2 0 4594 -244.1600 -105.6400 2 1468 -131.1000 -63.9200
-1.3501021499e-01 -5.8279285326e-02 -1.1800693445e+00
166 167 179
2 0 4595 -244.1600 -105.6400 2 1469 -131.1000 -63.9200
-1.9675619330e-01 -5.9062070912e-02 -1.1549265866e+00
193 191 37
2 0 4606 -363.4400 -107.9900 2 5047 -250.8900 -54.6200
-1.8620663645e-01 -6.2271314194e-02 -1.1602394536e+00
192 188 61
2 0 4623 -342.4300 -113.6700 2 3660 -229.2900 -61.8300
-1.4404156079e-01 -7.1211370367e-02 -1.1806590283e+00
3 9 8
2 0 4675 -260.2100 -128.9400 2 1571 -144.7900 -84.4000
-1.4698720555e-01 -7.1426040116e-02 -1.1792437901e+00
190 131 19
2 0 4676 -266.0700 -129.3900 2 3715 -150.2900 -83.9200
-1.4698720555e-01 -7.1426040116e-02 -1.1792437901e+00
190 131 19
2 0 4677 -266.0700 -129.3900 2 3716 -150.2900 -83.9200
-1.3794608028e-01 -7.7644958216e-02 -1.1856124988e+00
9 3 6
2 0 4712 -248.5300 -140.2000 2 1644 -130.6700 -96.7900
-1.3794608028e-01 -7.7644958216e-02 -1.1856124988e+00
9 3 6
2 0 4713 -248.5300 -140.2000 2 1645 -130.6700 -96.7900
-1.5173740387e-01 -7.9498033650e-02 -1.1804322969e+00
10 14 9
2 0 4730 -274.3100 -143.8900 2 3745 -157.1000 -97.6000
-1.5173740387e-01 -7.9498033650e-02 -1.1804322969e+00
10 14 9
2 0 4731 -274.3100 -143.8900 2 3746 -157.1000 -97.6000
-1.4046531842e-01 -8.9211397667e-02 -1.1885633991e+00
13 7 17
2 0 4786 -252.3300 -160.7500 2 1739 -132.1500 -116.5400
-1.4112514267e-01 -9.2329154382e-02 -1.1890591724e+00
2 5 4
2 0 4805 -253.3700 -166.3000 2 1764 -132.6200 -121.5200
-1.4518247151e-01 -9.4930176805e-02 -1.1884208952e+00
182 182 187
2 0 4824 -260.7700 -171.0200 2 3831 -139.7100 -125.6300
-2.0467643137e-01 -1.0089799679e-01 -1.1659932652e+00
157 111 83
2 0 4865 -374.4100 -183.9700 2 3834 -256.2900 -126.9000
-1.3680862466e-01 -3.9123943997e-02 -1.1732144814e+00
18 10 1
2 0 6060 -248.7600 -71.1700 2 5004 -140.1400 -31.8500
-1.1747863881e-01 -4.1159395415e-02 -1.1818064433e+00
11 9 19
2 0 6071 -212.1500 -74.7700 2 5018 -102.9500 -38.5700
-1.4494374910e-01 -4.3089577698e-02 -1.1709657979e+00
185 144 32
2 0 6075 -264.4100 -78.3600 2 5011 -154.2000 -36.7200
-1.8210058308e-01 -5.3333074691e-02 -1.1581393413e+00
158 109 91
2 0 6110 -335.3800 -97.3500 2 5035 -223.9300 -46.2400
-1.1177866733e-01 -6.4157202378e-02 -1.1922015040e+00
12 12 9
2 0 6158 -200.3800 -115.6900 2 3701 -84.6900 -78.4900
-1.8546486156e-01 -6.4241846596e-02 -1.1614430310e+00
163 112 87
2 0 6161 -340.4900 -117.2400 2 5061 -227.4600 -65.6600
-1.1664579132e-01 -7.3382646037e-02 -1.1928174878e+00
156 159 176
2 0 6199 -208.7100 -132.1500 2 5101 -91.4200 -92.7900
-1.4285002953e-01 -7.3945527747e-02 -1.1821566512e+00
154 151 149
2 0 6206 -257.7700 -133.7800 2 5096 -141.6200 -89.4000
-1.4392833425e-01 -7.8674772012e-02 -1.1832913844e+00
160 159 160
2 0 6231 -259.3800 -142.2300 2 5113 -142.4000 -97.3600
-1.1857124259e-01 -8.4532363838e-02 -1.1962120252e+00
154 155 172
2 0 6249 -211.7100 -151.8000 2 3800 -91.3000 -112.1500
-1.1457979158e-01 -8.5903560132e-02 -1.1984934158e+00
157 164 182
2 0 6253 -204.1000 -154.0800 2 5143 -83.2800 -115.3700
-1.8186354802e-01 -1.5580406565e-02 -1.1466151988e+00
189 189 49
2 0 7015 -338.2900 -27.7500 2 4913 -232.6600 15.6500
-1.7252450895e-01 -1.5434593528e-02 -1.1502099669e+00
174 193 210
2 0 7016 -319.7100 -27.6000 2 5761 -215.0600 14.3700
-1.3549972101e-01 -3.1956185178e-02 -1.1712505863e+00
120 94 44
2 0 7042 -246.9000 -58.1700 2 5802 -139.6600 -20.0500
-1.7931121017e-01 -3.6618725239e-02 -1.1549223725e+00
108 102 124
2 0 7050 -331.0600 -66.6900 2 5800 -222.4400 -20.0900
-1.1051371595e-01 -5.1774268395e-02 -1.1886359227e+00
18 13 17
2 0 7080 -198.9300 -93.6600 2 5829 -85.9600 -57.9400
-1.9663772559e-01 -6.6624345721e-02 -1.1574763308e+00
189 193 48
2 0 7114 -362.2400 -121.8000 2 5839 -248.9800 -67.6300
-1.9663772559e-01 -6.6624345721e-02 -1.1574763308e+00
189 193 48
2 0 7115 -362.2400 -121.8000 2 5840 -248.9800 -67.6300
-1.4472108276e-01 -7.5959539307e-02 -1.1824378891e+00
14 14 16
2 0 7131 -261.0900 -137.3900 2 5869 -144.5200 -93.0300
-1.3993247333e-01 -8.2554577067e-02 -1.1865428402e+00
15 14 18
2 0 7146 -251.6700 -148.9700 2 5874 -133.2400 -105.0800
-1.4659924603e-01 -8.7402539896e-02 -1.1850882746e+00
14 15 3
2 0 7155 -263.9400 -157.7900 2 5881 -144.8800 -112.0000
-1.8718228240e-01 -9.7578455198e-02 -1.1715954943e+00
121 124 126
2 0 7179 -340.7000 -177.3700 2 6512 -222.2700 -123.1600
-1.1741368062e-01 -3.0478819826e-02 -1.1784051108e+00
11 10 10
2 0 7598 -212.0900 -55.5800 2 5805 -106.5900 -21.1500
-1.8311322329e-01 -3.1982929725e-02 -1.1515864242e+00
40 69 49
2 0 7601 -339.2100 -58.1400 2 5789 -230.9100 -11.3400
-1.8296248437e-01 -3.6272666630e-02 -1.1531279486e+00
195 190 57
2 0 7610 -338.4700 -66.0500 2 6234 -229.5300 -18.6100
-1.0011964982e-01 -4.2025330327e-02 -1.1895011157e+00
165 121 41
2 0 7623 -179.6000 -76.2500 2 6246 -70.1600 -43.3500
-1.1191304188e-01 -5.6068122813e-02 -1.1892415439e+00
16 14 9
2 0 7636 -201.1600 -101.3400 2 5838 -87.5000 -64.5900
-1.8598047731e-01 -5.8058158739e-02 -1.1593493482e+00
25 53 25
2 0 7640 -342.2500 -105.9800 2 6257 -229.7900 -55.2000
-1.8598047731e-01 -5.8058158739e-02 -1.1593493482e+00
25 53 25
2 0 7641 -342.2500 -105.9800 2 6258 -229.7900 -55.2000
-1.6847365285e-01 -5.9454768117e-02 -1.1660580552e+00
112 139 178
2 0 7645 -307.3100 -108.3400 2 6489 -196.5000 -59.4300
-1.9561514404e-01 -6.2698935243e-02 -1.1566914624e+00
21 61 39
2 0 7651 -360.8000 -114.6100 2 6260 -247.6900 -61.1700
-2.0056620459e-01 -6.7403313317e-02 -1.1555409357e+00
25 79 29
2 0 7652 -369.8700 -123.3400 2 6267 -257.0300 -67.5600
-1.0736667586e-01 -7.0321725373e-02 -1.1959675112e+00
23 18 15
2 0 7654 -191.6400 -126.5200 2 6275 -74.6500 -89.5300
-1.9814874914e-01 -7.5175806312e-02 -1.1596646354e+00
184 188 56
2 0 7664 -364.2100 -137.3900 2 6270 -250.0000 -82.1400
-1.9814874914e-01 -7.5175806312e-02 -1.1596646354e+00
184 188 56
2 0 7665 -364.2100 -137.3900 2 6271 -250.0000 -82.1400
-1.8880836561e-01 -7.5251459570e-02 -1.1636832332e+00
104 104 121
2 0 7666 -346.0000 -137.2700 2 6272 -231.2200 -84.0300
-1.8880836561e-01 -7.5251459570e-02 -1.1636832332e+00
104 104 121
2 0 7667 -346.0000 -137.2700 2 6273 -231.2200 -84.0300
-1.1213605435e-01 -8.0638604171e-02 -1.1975942435e+00
161 162 175
2 0 7676 -199.9100 -144.7800 2 6283 -80.3300 -106.5300
-2.0927497123e-01 -8.3905507670e-02 -1.1589925702e+00
21 98 46
2 0 7683 -384.8200 -153.4700 2 6505 -269.7900 -96.8200
-1.2091825589e-01 -1.0338397314e-01 -1.2018453260e+00
15 16 11
2 0 7708 -214.8500 -184.8300 2 6301 -89.7800 -144.8900
-1.2537948932e-01 -1.0571523283e-01 -1.2007334059e+00
141 103 32
2 0 7714 -222.9900 -189.0800 2 6303 -97.6700 -148.2400
-1.1837852337e-01 -1.0635930411e-01 -1.2047831076e+00
164 166 183
2 0 7715 -209.3800 -189.8400 2 6539 -84.1000 -151.6200
-2.2662788655e-01 -1.1452970604e-01 -1.1619778823e+00
196 157 38
2 0 7726 -416.1000 -209.3800 2 6533 -297.4200 -148.5600
-1.7786120651e-01 -9.1028791165e-03 -1.1455696124e+00
205 200 207
2 0 7878 -330.5400 -15.7500 2 6221 -227.4100 26.1900
-1.8707494320e-01 -1.7638274665e-02 -1.1455799715e+00
25 77 49
2 0 7882 -347.7400 -31.5600 2 6456 -242.6100 12.6700
-1.8707494320e-01 -1.7638274665e-02 -1.1455799715e+00
25 77 49
2 0 7883 -347.7400 -31.5600 2 6457 -242.6100 12.6700
-1.8154283899e-01 -2.4528489716e-02 -1.1495088243e+00
46 77 48
2 0 7889 -336.6900 -44.3700 2 6230 -230.0500 1.0800
-1.9392821371e-01 -2.8909443382e-02 -1.1460906791e+00
13 93 34
2 0 7890 -360.3600 -52.4500 2 6461 -253.2900 -4.2000
-1.9392821371e-01 -2.8909443382e-02 -1.1460906791e+00
13 93 34
2 0 7891 -360.3600 -52.4500 2 6462 -253.2900 -4.2000
-1.1211852099e-01 -3.6079198679e-02 -1.1827790200e+00
14 13 9
2 0 7898 -202.7100 -65.6000 2 6239 -93.9200 -31.6600
-1.2000421660e-01 -3.9684809634e-02 -1.1802508403e+00
10 13 7
2 0 7906 -216.5700 -72.1600 2 6470 -108.5800 -35.6800
-1.2000421660e-01 -3.9684809634e-02 -1.1802508403e+00
10 13 7
2 0 7907 -216.5700 -72.1600 2 6471 -108.5800 -35.6800
-1.2000421660e-01 -3.9684809634e-02 -1.1802508403e+00
10 13 7
2 0 7908 -216.5700 -72.1600 2 6472 -108.5800 -35.6800
-1.8690572775e-01 -4.4116193099e-02 -1.1533900770e+00
40 70 38
2 0 7913 -345.8600 -80.4900 2 6469 -235.3300 -30.1400
-1.4142567652e-01 -4.7202691590e-02 -1.1743714973e+00
179 136 33
2 0 7916 -256.7200 -85.8000 2 6481 -146.6600 -45.0000
-1.0726109442e-01 -4.7822791977e-02 -1.1885129351e+00
159 163 185
2 0 7917 -192.7400 -86.6200 2 6483 -81.5000 -51.7500
-1.2135792244e-01 -5.7468563365e-02 -1.1853146683e+00
162 170 188
2 0 7924 -218.1200 -104.0300 2 6492 -105.7700 -64.7600
-1.9906370313e-01 -6.2220819536e-02 -1.1557472838e+00
21 76 38
2 0 7928 -366.8600 -113.8000 2 6490 -254.9800 -60.5900
-1.0669748893e-01 -6.5452640741e-02 -1.1938710063e+00
22 23 18
2 0 7930 -190.9800 -117.9300 2 6497 -74.9500 -80.4500
-1.1725217718e-01 -7.7381307228e-02 -1.1937154887e+00
151 157 183
2 0 7946 -209.2800 -139.2600 2 6507 -91.7200 -99.3100
-1.9674292550e-01 -8.0433706316e-02 -1.1622284670e+00
46 72 47
2 0 7950 -361.0500 -146.8500 2 6501 -245.5800 -91.8300
-1.1111275948e-01 -8.5572056929e-02 -1.1995885577e+00
15 17 13
2 0 7952 -197.8700 -153.4000 2 6510 -76.7100 -115.0600
-1.2715818548e-01 -9.1605444625e-02 -1.1951208684e+00
13 13 11
2 0 7959 -227.2400 -164.4900 2 6513 -105.5500 -123.1300
-1.2715818548e-01 -9.1605444625e-02 -1.1951208684e+00
13 13 11
2 0 7960 -227.2400 -164.4900 2 6514 -105.5500 -123.1300
-1.1862435479e-01 -9.3280961886e-02 -1.1988435678e+00
15 16 11
2 0 7962 -210.8200 -167.2000 2 6517 -89.2100 -126.9600
-1.3070926366e-01 -9.6621334973e-02 -1.1949850653e+00
164 170 188
2 0 7964 -233.1600 -173.4800 2 6519 -111.3900 -130.9000
-1.1711668925e-01 -9.9331916626e-02 -1.2019568076e+00
147 154 170
2 0 7967 -207.8300 -177.6500 2 6527 -84.0200 -138.2800
-1.3471000930e-01 -1.0049730253e-01 -1.1950631792e+00
21 14 14
2 0 7968 -240.2400 -180.3900 2 6526 -117.8700 -137.6000
-1.1429133013e-01 -1.0424582437e-01 -1.2043039828e+00
15 15 4
2 0 7972 -202.5700 -186.1200 2 6531 -76.9800 -146.7100
-1.3382181794e-01 -1.0611924423e-01 -1.1973507959e+00
157 155 174
2 0 7973 -238.3700 -190.1700 2 6532 -114.2300 -147.6500
-1.2754847684e-01 -4.9919218850e-02 -1.1811782646e+00
173 134 26
2 0 8060 -230.2600 -90.5600 2 6618 -119.3300 -52.1900
-1.0972827767e-01 -5.9998142091e-02 -1.1906614272e+00
154 158 177
2 0 8064 -197.1100 -108.3100 2 6629 -82.2600 -70.5600
-1.3283982775e-01 -6.8564845047e-02 -1.1839138505e+00
171 131 38
2 0 8069 -239.8000 -123.9700 2 6631 -123.6900 -81.1100
-1.2428889690e-01 -7.2299734537e-02 -1.1888207741e+00
159 162 188
2 0 8072 -223.3600 -130.4200 2 6638 -106.2500 -89.0700
-1.1241375499e-01 -7.3918361534e-02 -1.1943564338e+00
46 39 29
2 0 8074 -200.4700 -133.0500 2 6503 -83.7100 -93.9400
-1.8038894803e-01 -7.7282748023e-02 -1.1674675581e+00
105 133 167
2 0 8077 -328.9200 -140.7700 2 6635 -214.7500 -88.5300
-1.8038894803e-01 -7.7282748023e-02 -1.1674675581e+00
105 133 167
2 0 8078 -328.9200 -140.7700 2 6636 -214.7500 -88.5300
-1.2768529747e-01 -8.5141643940e-02 -1.1922496442e+00
164 168 188
2 0 8084 -228.2800 -153.2100 2 6644 -109.1500 -111.2700
-1.3878016684e-01 -9.5099616980e-02 -1.1899779133e+00
174 131 34
2 0 8087 -249.0200 -171.1800 2 6650 -127.4800 -125.5000
-1.2398647541e-01 -1.1456745361e-01 -1.2041708482e+00
159 165 183
2 0 8091 -219.7300 -204.4200 2 6656 -92.3300 -163.9400
-1.2081880192e-01 -5.1233893386e-02 -1.1835749272e+00
56 58 52
2 0 8136 -217.3700 -92.8900 2 6621 -106.7200 -54.5400
-1.9304677627e-01 -5.2852735028e-02 -1.1546315063e+00
28 67 41
2 0 8137 -356.1800 -96.5900 2 6710 -245.5200 -45.0000
-2.0239015256e-01 -7.8522786249e-02 -1.1592041092e+00
18 72 31
2 0 8142 -372.0400 -143.5700 2 6634 -257.6800 -87.4800
-2.0371644293e-01 -8.7140424767e-02 -1.1615759246e+00
187 185 48
2 0 8143 -374.0600 -159.1900 2 6713 -257.8600 -102.4100
-2.0371644293e-01 -8.7140424767e-02 -1.1615759246e+00
187 185 48
2 0 8144 -374.0600 -159.1900 2 6714 -257.8600 -102.4100
-2.0935245672e-01 -1.0822801054e-01 -1.1663534763e+00
190 160 35
2 0 8147 -382.8000 -197.3300 2 6719 -264.0500 -139.0700
-1.2676074724e-01 -1.0568651397e-01 -1.2005217064e+00
116 90 1
2 0 8187 -225.9000 -189.0200 2 6757 -99.8500 -148.4100
-2.1921222563e-01 -1.1231832121e-01 -1.1648621768e+00
192 158 40
2 0 8189 -401.1900 -204.9900 2 6755 -282.8000 -146.4400
-1.9652292837e-01 -6.6137847071e-02 -1.1577446502e+00
157 170 46
2 0 8209 -361.8000 -120.9000 2 6787 -248.8700 -67.3100
-1.9652292837e-01 -6.6137847071e-02 -1.1577446502e+00
157 170 46
2 0 8210 -361.8000 -120.9000 2 6788 -248.8700 -67.3100
-1.8798019970e-01 -8.6737885596e-02 -1.1676979434e+00
191 195 205
2 0 8212 -342.8300 -157.9900 2 6790 -227.1300 -104.0200
-1.7417229220e-01 -4.7914183533e-02 -1.1602261724e+00
194 198 207
2 0 8221 -319.3000 -87.4100 2 6785 -210.5600 -39.3100
