# Bundle file v0.3
11 69
2.1632107954e+03 1.4511055935e-02 5.0645331584e-04
9.9988391466e-01 -6.9619520806e-04 -1.5220792063e-02
6.9850490149e-04 9.9999974532e-01 1.4643026072e-04
1.5220686243e-02 -1.5704506018e-04 9.9988414631e-01
-2.3658927425e-02 2.1513757385e-04 -2.3240343854e-02
0 0 0
0 0 0
0 0 0
0 0 0
0 0 0
0 0 0
0 0 0
0 0 0
0 0 0
0 0 0
0 0 0
0 0 0
0 0 0
0 0 0
0 0 0
0 0 0
0 0 0
0 0 0
0 0 0
0 0 0
0 0 0
0 0 0
0 0 0
0 0 0
0 0 0
0 0 0
0 0 0
0 0 0
0 0 0
0 0 0
0 0 0
0 0 0
0 0 0
0 0 0
0 0 0
2.0949055391e+03 -3.0039215332e-02 -3.3375855166e-03
7.2215931993e-01 1.0005046340e-01 6.8445293587e-01
-2.6283424972e-02 9.9273884049e-01 -1.1738303178e-01
-6.9122724065e-01 6.6779483017e-02 7.1954527476e-01
9.6086914258e-01 -1.7130802468e-01 -2.9761006670e-01
0 0 0
0 0 0
0 0 0
0 0 0
0 0 0
0 0 0
0 0 0
0 0 0
0 0 0
0 0 0
-9.1037645289e-02 1.7045371140e-01 -1.6293699016e+00
207 187 162
2 0 20 -117.7300 223.2800 8 188 -304.4700 286.8400
-8.9346508889e-02 1.6798767735e-01 -1.6288767004e+00
200 178 153
2 0 24 -115.5900 219.5100 8 20 -302.1900 283.3500
-9.3693319641e-02 1.5348203149e-01 -1.6305745155e+00
155 133 110
2 0 30 -121.0800 200.6900 8 191 -311.0700 262.0800
-9.4010986603e-02 1.4685758514e-01 -1.6304776945e+00
163 143 119
2 0 35 -121.5100 191.7900 8 195 -312.2400 252.4100
-9.6411301781e-02 1.3347888267e-01 -1.6317181340e+00
221 195 173
2 0 42 -124.5100 174.2100 8 199 -318.1100 232.7600
-1.0085436964e-01 1.2538704026e-01 -1.6335552318e+00
165 143 119
2 0 49 -130.1300 163.2700 8 202 -326.2700 221.5600
-1.0261107378e-01 1.2005824421e-01 -1.6340458118e+00
209 187 163
2 0 50 -132.3500 156.5100 8 207 -329.6400 213.6500
-1.3564804242e-01 1.1755143157e-01 -1.6511245222e+00
80 70 61
2 0 54 -173.2600 151.6800 8 205 -386.1400 215.7100
-1.2393241116e-01 9.6027437168e-02 -1.6420611036e+00
77 73 61
2 0 61 -159.1900 124.3200 8 81 -366.4600 181.2100
-9.7425515436e-02 1.3585775378e-02 -1.6210920067e+00
8 7 5
2 0 84 -126.7400 17.7100 8 222 -326.4700 52.5600
-9.9605356869e-02 1.3046636022e-02 -1.6220700504e+00
37 36 34
2 0 88 -129.5600 16.4500 8 106 -330.0100 52.5100
1.2959238848e-02 -1.4997631667e-01 -1.5364165750e+00
45 99 48
2 0 196 17.7900 -207.8000 8 246 -141.9600 -206.7000
-2.1291489197e-02 1.5228898495e-01 -1.5505927945e+00
195 97 95
2 0 257 -29.5400 208.2200 8 196 -151.4700 245.9200
3.8273022498e-02 1.1698424360e-01 -1.5250139953e+00
77 68 62
2 0 268 52.7700 163.7300 8 209 -64.6100 181.8400
2.2085458438e-02 8.7521296720e-02 -1.5253888589e+00
240 224 209
2 0 275 30.1500 122.2200 8 218 -87.1900 140.3300
-9.8709579320e-02 -1.7697515750e-01 -1.6190364194e+00
146 41 41
2 0 356 -128.4000 -232.6500 8 159 -351.6300 -230.0800
-1.0107783728e-01 -1.7955082823e-01 -1.6180385630e+00
182 39 51
2 0 358 -131.7800 -237.1900 8 160 -353.9600 -233.4300
-8.9982052490e-02 1.7299018087e-01 -1.6290204789e+00
174 154 129
2 0 395 -116.3900 226.5400 8 332 -302.5000 290.5400
-1.1807968934e-01 9.6703349189e-02 -1.6407498494e+00
89 80 63
2 0 410 -151.7500 125.2800 8 310 -357.8500 181.3900
1.0067484244e-01 3.2029988064e-02 -1.5211873476e+00
58 46 40
2 0 419 140.3900 44.6600 8 223 -6.2600 52.5800
-8.8002420094e-03 -2.9476604114e-02 -1.5567184108e+00
13 6 5
2 0 433 -11.9000 -39.7500 8 349 -168.9100 -26.6700
3.0482761445e-02 -3.6232887680e-02 -1.5352364651e+00
151 120 41
2 0 440 42.0300 -49.6300 8 280 -105.2100 -41.5700
-1.4382806969e-02 -1.0034158065e-01 -1.5462991224e+00
15 18 20
2 0 453 -19.8400 -137.9300 8 321 -175.5800 -132.8900
2.5730680602e-02 -1.4700060039e-01 -1.5313041762e+00
39 65 49
2 0 463 35.4200 -205.0000 8 294 -122.2800 -202.4200
-1.0764114796e-01 -1.7284277440e-01 -1.6220922214e+00
174 48 49
2 0 468 -139.9500 -227.5200 8 300 -364.7200 -223.1000
-1.0142425582e-01 -1.7660970148e-01 -1.6193082618e+00
14 8 0
2 0 469 -131.9900 -232.4100 8 301 -355.1600 -229.4100
-1.0142425582e-01 -1.7660970148e-01 -1.6193082618e+00
14 8 0
2 0 470 -131.9900 -232.4100 8 302 -355.1600 -229.4100
4.8350886069e-02 1.0373461118e-01 -1.5226140763e+00
114 32 33
2 0 515 66.9500 145.7800 8 273 -53.1900 160.5500
-1.2099558818e-01 9.3574081738e-02 -1.6416720814e+00
25 20 13
2 0 518 -155.4100 121.3600 8 340 -362.7700 176.9500
-1.0571177839e-01 -1.6992317746e-01 -1.6220526428e+00
25 9 8
2 0 571 -137.3400 -223.1800 8 325 -361.9500 -219.1400
-1.1434002663e-01 -2.0573701858e-01 -1.6227183693e+00
159 30 38
2 0 575 -148.6700 -270.7200 8 359 -377.9300 -271.7200
3.0014927474e-02 1.2756875253e-01 -1.5297426526e+00
181 65 74
2 0 589 41.1600 177.4700 8 367 -76.7400 199.4200
3.8664324670e-02 1.2213505883e-01 -1.5262302177e+00
18 12 16
2 0 590 53.3200 171.2100 8 368 -64.7000 189.1200
-1.3422127228e-01 1.2103411673e-01 -1.6493220919e+00
63 52 39
2 0 594 -171.6300 156.5700 8 339 -382.3800 220.4600
1.0724426989e-01 4.4617246480e-02 -1.5181324102e+00
221 180 128
2 0 602 149.8900 63.1300 8 344 5.2300 69.0200
1.0724426989e-01 4.4617246480e-02 -1.5181324102e+00
221 180 128
2 0 603 149.8900 63.1300 8 345 5.2300 69.0200
1.0406348373e-01 3.8188909186e-02 -1.5192687083e+00
198 154 114
2 0 604 145.3300 53.9400 8 346 -0.0800 60.3300
1.0406348373e-01 3.8188909186e-02 -1.5192687083e+00
198 154 114
2 0 605 145.3300 53.9400 8 347 -0.0800 60.3300
9.8414220676e-02 3.4815773851e-02 -1.5210040351e+00
15 4 2
2 0 606 137.2400 48.7200 8 348 -8.0600 56.5300
9.1751394109e-03 -3.3708943956e-02 -1.5428401642e+00
141 136 102
2 0 613 12.4000 -47.1500 8 351 -135.7900 -34.8300
1.8065219640e-02 -1.4652592754e-01 -1.5327363382e+00
77 154 80
2 0 629 24.8000 -203.8400 8 357 -132.2100 -202.0800
-8.0201733207e-02 -2.0548045197e-01 -1.6050416797e+00
143 34 31
2 0 630 -105.3000 -273.0700 8 328 -320.6100 -273.9800
1.1148918916e-02 1.5174802013e-01 -1.5352097136e+00
16 17 11
2 0 635 14.9200 210.5600 8 382 -99.7100 238.3500
2.5061245469e-02 8.3610995431e-02 -1.5245713468e+00
8 11 14
2 0 641 34.3200 116.9200 8 370 -83.6500 134.0300
-4.5821228890e-02 2.7730740587e-02 -1.5573733885e+00
81 51 41
2 0 643 -62.6400 37.9600 8 371 -204.7900 60.7800
-3.3262977554e-02 2.6635474124e-02 -1.5527572504e+00
178 39 54
2 0 644 -45.7300 36.2000 8 372 -185.6800 57.9400
-9.5193122363e-02 -2.1499413932e-01 -1.6112777829e+00
149 122 85
2 0 664 -124.6200 -284.8100 8 398 -345.6100 -287.1500
4.0990979168e-02 1.0457954377e-01 -1.5248049614e+00
201 158 114
2 0 677 56.5800 146.3200 8 388 -63.2000 163.2500
-1.2315512673e-01 1.0401516698e-01 -1.6447695166e+00
77 66 54
2 0 678 -157.9000 134.1900 8 385 -366.6300 193.5800
-1.0850421172e-01 9.2363415482e-02 -1.6364586293e+00
20 18 16
2 0 679 -139.7800 119.7700 8 386 -342.7300 173.4800
-2.5981122042e-02 2.3134263360e-02 -1.5506129435e+00
225 99 108
2 0 681 -35.7600 32.2000 8 390 -175.7300 51.2200
-1.3233140705e-01 9.5995660704e-02 -1.6467918657e+00
78 71 56
2 0 709 -169.4300 124.9100 8 399 -381.2900 181.7900
6.0172858086e-02 2.8798690798e-02 -1.5257146933e+00
218 160 122
2 0 711 83.4600 40.4200 8 401 -54.1400 50.6700
-1.1859363851e-01 1.3150130811e-02 -1.6309929779e+00
121 108 99
2 0 712 -153.3900 17.2700 8 413 -361.5400 54.5500
2.0708424408e-02 -4.1156664706e-02 -1.5371895490e+00
218 186 55
2 0 717 28.4000 -56.9900 8 404 -118.5900 -47.6500
-3.2422333000e-02 -6.7024209379e-02 -1.5606443645e+00
126 167 173
2 0 718 -44.1300 -92.0100 8 425 -205.1400 -79.9300
1.5281018332e-02 1.4870449457e-01 -1.5341522550e+00
17 10 7
2 0 738 20.6400 206.2400 8 409 -94.4200 233.3300
2.3954139294e-02 9.0705716737e-02 -1.5256752412e+00
14 11 6
2 0 744 32.7600 126.6700 8 412 -84.9200 144.8700
4.3890108072e-02 -1.6078691109e-02 -1.5296174513e+00
38 32 24
2 0 748 60.5500 -23.4100 8 402 -81.8800 -12.0300
6.7727079178e-02 -2.9663495552e-02 -1.5257512356e+00
39 34 29
2 0 749 94.1000 -41.1200 8 403 -54.4300 -34.2700
8.5749090364e-02 -1.0014691362e-01 -1.5083373173e+00
106 148 146
2 0 750 120.1600 -142.8600 8 406 -28.1500 -137.3800
4.0352476833e-04 3.4852629031e-02 -1.5482858903e+00
166 58 58
2 0 766 0.4100 48.1400 8 434 -141.3100 66.7400
-2.3804659824e-02 -1.2532248807e-01 -1.5540235152e+00
121 165 164
2 0 784 -32.4300 -171.2200 8 441 -197.2100 -168.2500
-1.9074043459e-02 -5.7970165373e-02 -1.5554869050e+00
123 168 171
2 0 794 -26.0600 -79.5200 8 447 -183.5500 -68.0500
-2.3821961602e-02 -9.3494129214e-02 -1.5537036459e+00
39 34 30
2 0 798 -32.6400 -128.6000 8 449 -192.3700 -120.5900
4.5191484120e-03 8.3752502032e-02 -1.5325264668e+00
253 238 219
2 0 806 5.7500 116.6000 8 454 -114.5400 137.1400
4.5191484120e-03 8.3752502032e-02 -1.5325264668e+00
253 238 219
2 0 807 5.7500 116.6000 8 455 -114.5400 137.1400
1.6956579485e-02 -1.1637873241e-02 -1.5378456471e+00
253 197 78
2 0 810 23.1400 -16.3500 8 446 -119.1900 -3.9200
-8.7055292250e-03 -1.5556217189e-01 -1.5447726284e+00
61 52 43
2 0 816 -11.8800 -213.5000 8 450 -175.4000 -214.6700
