# Bundle file v0.3
3 437
6.8580007306e+02 -1.2070503781e-01 -3.2414056707e-02
9.9929201583e-01 4.2053646585e-04 3.7620343519e-02
-2.1382267602e-03 9.9895612170e-01 4.5629978143e-02
-3.7561883389e-02 -4.5678113666e-02 9.9824977578e-01
4.6071670712e-01 3.2178249487e-01 -1.4344927609e+00
6.8496346773e+02 -1.1067083980e-01 -4.5223737880e-02
9.7715601561e-01 -7.0005616851e-02 -2.0066224053e-01
8.7103267697e-02 9.9316653430e-01 7.7674036217e-02
1.9385340318e-01 -9.3377988600e-02 9.7657637147e-01
-7.2410405057e-01 5.3667688919e-01 -1.7115467487e+00
6.8238835674e+02 -1.0453164057e-01 -4.2909115325e-02
-9.6745563552e-01 -2.5258634955e-01 -1.5156824257e-02
2.4802517059e-01 -9.5844378690e-01 1.4095751880e-01
-5.0130909154e-02 1.3261087201e-01 9.8989961540e-01
2.3329407565e-01 1.7000847147e+00 -2.0558739666e+00
4.0127838694e-01 1.0946535557e+00 -4.9581929598e+00
135 28 46
2 0 58 71.4500 125.6400 1 159 60.7400 131.9700
-8.3833406859e-01 7.1695128237e-01 -3.5648514216e+00
213 153 167
2 0 65 -69.8000 119.7900 1 177 -110.2500 112.9000
2.7584141084e+00 1.1190282305e+00 -5.0619877528e+00
199 147 75
2 0 66 302.8400 120.1500 1 788 309.2100 159.1200
-1.4703657162e+00 6.6542950639e-01 -3.5171463584e+00
223 159 173
2 0 73 -157.3800 114.3100 1 211 -185.1700 98.2900
4.3737112919e-01 9.8827688327e-01 -4.9880630883e+00
199 126 145
3 0 74 74.6600 113.9500 1 166 65.7600 120.9200 2 535 -36.2100 15.7900
1.6910554970e+00 9.4257925960e-01 -4.7987043705e+00
152 90 106
2 0 77 210.1500 111.0500 1 794 199.9700 136.6100
3.8089745380e-01 9.3522042027e-01 -4.9763630819e+00
169 99 113
2 0 79 69.1700 108.5900 1 175 60.2200 115.3200
-1.0125410311e+00 5.7783604186e-01 -3.5551396614e+00
224 188 212
2 0 87 -93.9600 101.4200 1 222 -130.3500 93.4800
2.7273973233e+00 8.4034692033e-01 -5.2383228697e+00
197 153 82
2 0 105 293.0800 89.4700 1 163 305.6300 125.6100
2.9191932357e-02 6.1325793629e-01 -4.7289687402e+00
169 140 155
2 0 112 34.5500 79.4900 1 238 22.5500 83.7200
-1.1905003677e-01 5.3516272570e-01 -4.6973323834e+00
226 212 228
2 0 131 18.4300 71.6300 1 251 6.9400 74.3600
2.0536546080e-01 5.3587475696e-01 -4.8276442979e+00
158 37 65
2 0 133 52.7000 69.0300 1 249 43.3500 75.8900
-7.8562167086e-01 3.3998854703e-01 -3.6980004785e+00
210 149 164
2 0 134 -62.0300 66.1500 1 277 -95.9000 64.3400
-6.9325353154e-01 3.3292402660e-01 -3.7101704826e+00
156 103 119
2 0 135 -49.5900 65.0100 1 278 -84.5000 64.3800
-2.8024759855e-01 4.6820331547e-01 -4.8068384923e+00
218 204 222
2 0 141 0.0000 62.6100 1 280 -6.9600 63.5600
2.6151335012e+00 4.5214703863e-01 -5.3513694315e+00
209 170 96
3 0 164 279.3600 51.1100 1 842 295.7700 81.7600 2 354 -211.8800 105.1700
-6.4913328032e-01 1.0177776637e-01 -3.6806033336e+00
212 163 174
3 0 193 -44.1600 34.5400 1 890 -78.5600 37.3100 2 986 107.0400 110.9000
7.2783058554e-01 -1.6324620988e-01 -5.2108411177e+00
216 190 205
2 0 241 101.9400 -8.2200 1 358 107.3400 3.3500
2.5685220832e+00 -2.4541322847e-01 -5.4004777530e+00
173 144 87
2 0 260 274.3500 -16.9500 1 351 298.5300 9.9800
2.2132499163e+00 -2.9468667504e-01 -5.9586185491e+00
164 131 26
2 0 270 222.2500 -22.5600 1 367 252.8200 -2.5400
2.2132499163e+00 -2.9468667504e-01 -5.9586185491e+00
164 131 26
2 0 271 222.2500 -22.5600 1 368 252.8200 -2.5400
-1.1311044657e+00 -4.4791788918e-01 -4.1225960743e+00
151 183 226
2 0 311 -102.5000 -37.6600 1 411 -112.2500 -38.9700
2.6447064246e+00 -6.1736317635e-01 -5.2781383695e+00
212 61 72
2 0 342 286.9800 -53.3800 1 395 313.6200 -27.2100
2.6447064246e+00 -6.1736317635e-01 -5.2781383695e+00
212 61 72
2 0 343 286.9800 -53.3800 1 396 313.6200 -27.2100
1.2741532369e+00 -6.1555649002e-01 -4.9160031874e+00
181 120 134
2 0 345 165.6300 -55.5300 1 970 169.7900 -37.9300
2.1309429075e+00 -7.7730230172e-01 -6.0572732943e+00
165 134 21
2 0 355 212.3500 -66.1400 1 426 247.9200 -49.0700
2.6460560418e+00 -7.4151617987e-01 -5.2582654355e+00
202 71 110
2 0 356 288.0500 -65.8300 1 413 315.6200 -40.1800
2.5894079791e+00 -8.4148358452e-01 -5.3600131770e+00
227 169 172
2 0 366 278.5200 -75.1800 1 429 308.0500 -51.3700
2.5974817544e+00 -8.7216801263e-01 -5.3522068197e+00
199 92 110
2 0 367 279.6000 -78.2400 1 431 309.4100 -54.4900
2.5444325934e+00 -9.3642894300e-01 -5.4080185680e+00
210 61 70
2 0 373 272.4200 -84.2900 1 434 303.1200 -61.5500
2.5690297703e+00 -9.5934862123e-01 -5.3672216949e+00
192 90 116
2 0 377 276.3900 -86.7100 1 436 306.9100 -63.8500
2.5512308287e+00 -1.0136969902e+00 -5.3809555718e+00
202 88 112
2 0 383 274.1900 -91.9800 1 440 305.2400 -69.6200
2.5512308287e+00 -1.0136969902e+00 -5.3809555718e+00
202 88 112
2 0 384 274.1900 -91.9800 1 441 305.2400 -69.6200
-2.4688617395e+00 -1.8252870715e+00 -1.3055405902e+01
94 71 74
2 0 393 -119.2300 -100.1700 1 467 -17.9000 -115.3700
1.9754227970e+00 -1.1738143026e+00 -6.2474792149e+00
206 178 60
3 0 394 193.5400 -100.3100 1 451 234.1800 -86.7100 2 131 -102.0200 193.3600
1.9778699757e+00 -1.1740372974e+00 -6.2556772643e+00
206 178 60
2 0 395 193.5400 -100.3100 1 452 234.1800 -86.7100
2.5664004642e+00 -1.1576037933e+00 -5.3557094550e+00
232 132 65
3 0 401 276.5400 -106.0800 1 450 309.1500 -84.6000 2 4 -163.7900 235.5300
4.8455060516e-01 -1.9221033606e+00 -1.2349347193e+01
86 73 82
2 0 405 23.9300 -108.0300 1 468 119.0600 -115.3400
4.8455060516e-01 -1.9221033606e+00 -1.2349347193e+01
86 73 82
2 0 406 23.9300 -108.0300 1 469 119.0600 -115.3400
4.1656390311e-01 -1.9554576540e+00 -1.2477003077e+01
46 37 40
2 0 409 20.1100 -109.0200 1 470 115.9800 -116.6300
1.4878675114e+00 -1.4312920258e+00 -6.8648678716e+00
48 30 0
2 0 425 138.6900 -116.9200 1 465 186.9200 -109.1600
1.4878675114e+00 -1.4312920258e+00 -6.8648678716e+00
48 30 0
2 0 426 138.6900 -116.9200 1 466 186.9200 -109.1600
4.9278337052e-01 -2.1758649884e+00 -1.2282460112e+01
50 35 38
2 0 430 24.6000 -121.0500 1 482 120.3700 -128.5700
4.9278337052e-01 -2.1758649884e+00 -1.2282460112e+01
50 35 38
2 0 431 24.6000 -121.0500 1 483 120.3700 -128.5700
1.6036283952e-01 -2.2747547497e+00 -1.2889751794e+01
71 63 74
2 0 432 6.4800 -122.1900 1 490 105.4300 -131.0600
5.4312515074e-01 -2.1804027227e+00 -1.2201225115e+01
84 71 78
2 0 433 27.3700 -122.0700 1 487 122.9000 -128.8200
-1.2674932356e+00 -2.6310536436e+00 -1.5157853701e+01
45 39 43
2 0 437 -57.3000 -124.6000 1 494 52.1000 -138.8500
-1.0413291052e+00 -2.7379835173e+00 -1.4847861648e+01
47 42 52
2 0 444 -48.3000 -130.8800 1 504 60.2200 -144.4700
3.9185772452e-01 -2.4149581870e+00 -1.2481286739e+01
35 26 30
2 0 447 18.9100 -131.5400 1 496 116.5000 -139.8400
8.6398434140e-01 -2.5686361886e+00 -1.1851235722e+01
59 49 59
2 0 477 45.3800 -144.0800 1 516 140.9200 -150.5400
1.2565848776e+00 -2.6279025558e+00 -1.1016774279e+01
92 81 92
2 0 491 71.6200 -154.6900 1 523 163.5200 -159.0300
1.1846144098e+00 -2.7150086322e+00 -1.1182372351e+01
82 75 89
2 0 501 66.4500 -157.8800 1 528 159.5500 -162.6900
1.1846144098e+00 -2.7150086322e+00 -1.1182372351e+01
82 75 89
2 0 502 66.4500 -157.8800 1 529 159.5500 -162.6900
1.0410809838e+00 -2.8530560422e+00 -1.1490992126e+01
47 35 48
2 0 509 56.6300 -162.4600 1 541 151.8400 -167.8200
2.1432873699e-01 -3.1073854065e+00 -1.2780650724e+01
60 54 59
2 0 512 9.3300 -163.0700 1 550 110.8800 -172.2600
-7.9718813876e-01 -3.4732372181e+00 -1.4378561680e+01
39 34 40
2 0 528 -38.3100 -165.8500 1 564 70.7800 -178.5500
-3.3543477653e-01 -3.3470387454e+00 -1.3698831633e+01
26 24 28
2 0 529 -17.8000 -166.0000 1 563 88.2400 -177.4400
1.9538929624e-01 -3.2066776712e+00 -1.2881275224e+01
35 30 38
2 0 530 8.1500 -166.9900 1 560 110.5400 -176.2200
9.8337697493e-01 -2.9769486724e+00 -1.1531687446e+01
77 72 85
2 0 534 53.3800 -168.3700 1 555 149.1200 -174.5600
1.0641524640e+00 -3.1094898272e+00 -1.1376317803e+01
38 29 36
2 0 543 58.6300 -176.9900 1 573 154.2200 -183.0700
-2.7835367641e-01 -3.6327670018e+00 -1.3559248199e+01
13 12 12
3 0 547 -14.9900 -180.4300 1 593 91.4000 -191.5000 2 296 69.3600 136.2200
4.8166585929e-01 -3.5653080265e+00 -1.2336285829e+01
48 44 50
2 0 566 23.7900 -189.8400 1 614 125.1900 -198.6200
1.3876548269e+00 -3.2586289212e+00 -1.0913965926e+01
54 48 55
2 0 567 79.5900 -190.1800 1 605 173.9200 -195.5800
8.3901137145e-01 -3.4936297427e+00 -1.1766576473e+01
62 62 76
2 0 575 44.4400 -192.7800 1 617 143.2900 -200.1100
1.1527310084e+00 -3.4151899908e+00 -1.1222718276e+01
38 33 36
2 0 583 64.3800 -195.0500 1 625 160.5800 -201.3500
1.2046255426e+00 -3.3988337392e+00 -1.1173319320e+01
72 66 85
2 0 584 67.5100 -194.8600 1 624 163.5300 -200.7800
8.7859128509e-01 -3.5267775664e+00 -1.1688999361e+01
31 25 28
2 0 586 46.9100 -195.4100 1 628 145.5600 -202.6400
7.1940968754e-01 -3.6578455431e+00 -1.1916290567e+01
57 49 61
2 0 591 37.5300 -199.3600 1 634 137.5600 -207.4100
1.3326902349e+00 -3.4774212493e+00 -1.1003523354e+01
75 71 87
2 0 595 75.7900 -201.0500 1 633 171.4400 -207.0300
1.8632884972e+00 -3.2882526905e+00 -1.0127270345e+01
53 41 48
2 0 598 114.3800 -202.0700 1 632 205.7000 -205.4200
1.5951246433e+00 -3.4125410162e+00 -1.0579742365e+01
40 35 41
2 0 599 94.1100 -203.0800 1 635 187.8200 -207.8000
8.7135374545e-01 -3.7338896306e+00 -1.1717331761e+01
58 51 63
3 0 605 46.2600 -205.5700 1 646 146.0200 -213.4400 2 162 24.3600 183.3700
9.8369651380e-01 -3.6893231855e+00 -1.1547247337e+01
59 54 68
2 0 606 53.1900 -205.6400 1 1110 151.9700 -212.7000
1.6138204741e+00 -3.4596063089e+00 -1.0486657708e+01
21 19 24
3 0 609 95.9800 -207.0200 1 642 189.5700 -211.6800 2 95 -15.3800 205.0700
1.8587235752e+00 -3.4101548769e+00 -1.0117370283e+01
76 66 78
2 0 613 114.2100 -209.2200 1 645 205.9800 -213.0900
1.1309565961e+00 -3.7702618518e+00 -1.1297795395e+01
65 61 78
3 0 622 62.5800 -213.1600 1 660 160.5600 -219.9600 2 126 12.7100 196.0900
1.0198859106e+00 -3.8793987551e+00 -1.1495254203e+01
25 23 30
2 0 629 55.4300 -216.0300 1 671 154.6800 -223.7200
1.0198859106e+00 -3.8793987551e+00 -1.1495254203e+01
25 23 30
2 0 630 55.4300 -216.0300 1 672 154.6800 -223.7200
9.5363642020e-01 -3.9103765073e+00 -1.1548031686e+01
53 48 54
2 0 637 51.5900 -217.0900 1 678 151.1600 -224.7200
1.5391688406e+00 -3.6997111754e+00 -1.0637667400e+01
63 59 75
2 0 641 90.3100 -218.4400 1 673 185.4800 -223.8400
1.9419006069e+00 -3.6103068837e+00 -1.0023578720e+01
49 42 56
2 0 648 120.1100 -222.2400 1 682 212.5600 -226.4000
2.0869877591e+00 -3.5641258213e+00 -9.7582148191e+00
63 52 64
2 0 651 132.1300 -223.7800 1 683 223.3700 -226.9600
1.8269391511e+00 -3.7095694644e+00 -1.0261087963e+01
72 66 91
2 0 654 110.5700 -224.3600 1 686 204.4900 -229.1800
-4.1287336995e+00 4.3587747948e+00 -1.1076076488e+01
80 73 84
2 0 693 -217.0300 222.2800 1 120 -139.8200 179.4600
2.2264923224e+00 1.9415880646e+00 -5.8407190097e+00
135 102 47
2 0 708 222.2400 179.3300 1 746 231.6400 205.3100
-1.2076364383e-01 1.6149350519e+00 -5.1742268811e+00
143 12 17
2 0 710 14.7800 172.8000 1 135 8.1900 169.9600
-1.5409610142e-01 1.5926421205e+00 -5.1517286302e+00
146 16 20
2 0 712 11.5700 171.5600 1 782 4.7000 167.8600
2.4106622399e+00 1.7829931775e+00 -5.6969728711e+00
180 147 90
3 0 718 243.2200 168.7600 1 1158 253.1500 197.9900 2 1142 -219.1600 -18.8400
2.2780075979e+00 1.8036065253e+00 -5.8426423887e+00
137 104 48
2 0 719 227.1000 167.1000 1 759 238.0800 193.5800
2.6116268656e+00 1.4625375239e+00 -5.3377789054e+00
191 162 94
2 0 739 276.0800 147.3800 1 766 283.0500 182.5400
2.6524164716e+00 1.4225311381e+00 -5.2886382075e+00
188 163 88
3 0 741 281.9700 144.8600 1 768 288.9100 180.6700 2 1099 -242.5600 23.1900
2.6299752334e+00 1.3122633628e+00 -5.2814988540e+00
189 140 50
2 0 747 280.7000 134.5600 1 779 288.1100 169.8900
3.0519898570e-01 1.0713932418e+00 -4.9436158176e+00
145 25 51
3 0 761 61.5700 123.6000 1 798 50.7300 128.8500 2 1127 -25.9400 5.1600
-1.1354270596e+00 7.1042518188e-01 -3.4653587149e+00
213 152 171
2 0 763 -112.0600 122.1800 1 182 -149.9000 110.2000
-2.0415284762e-01 9.4193877935e-01 -4.8883571192e+00
113 3 6
3 0 773 8.3800 111.8700 1 1210 -0.7900 111.1000 2 1474 27.5700 5.6500
-1.1576017731e+00 5.9551125796e-01 -3.5112433142e+00
222 166 184
2 0 782 -114.6100 104.9500 1 831 -149.5000 94.7200
-1.0552436760e+00 5.9190208177e-01 -3.5409842103e+00
233 207 227
2 0 783 -100.0200 103.6400 1 832 -136.0900 95.0200
2.7343244314e+00 8.1156308791e-01 -5.1815379900e+00
200 171 104
3 0 797 296.5500 88.3900 1 801 307.7300 123.3200 2 1023 -236.8100 80.9900
3.9245252727e-01 6.1529077100e-01 -4.6996266657e+00
178 28 40
2 0 809 75.0300 80.2300 1 230 60.7800 88.5000
-4.2994598350e-02 5.7174208848e-01 -4.7116587016e+00
221 205 217
2 0 817 26.7800 75.4700 1 846 14.9300 78.6900
-7.9403104941e-02 5.5021570850e-01 -4.7035908757e+00
223 211 225
3 0 818 22.7500 73.2100 1 851 11.2700 76.3200 2 465 25.0500 50.4200
-1.0523787372e+00 1.9213170310e-01 -3.6576583256e+00
236 174 181
2 0 850 -98.5200 47.2000 1 882 -127.8200 43.5800
-6.7563273413e-01 1.8728250123e-01 -3.6781168640e+00
216 165 172
2 0 851 -47.4900 46.0400 1 877 -82.6500 47.4700
-6.2710816722e-01 1.0107029943e-01 -3.7105111018e+00
162 105 112
3 0 863 -40.8900 33.9900 1 894 -74.9200 36.9600 2 987 104.0600 110.4200
-1.1601792199e+00 -5.4424605816e-02 -3.6483747633e+00
202 138 154
2 0 885 -113.6000 13.9300 1 919 -139.1800 12.3200
-6.4709013849e-01 -8.1095702499e-02 -3.7878010280e+00
165 108 123
2 0 892 -43.3900 9.1900 1 918 -73.0900 13.0300
-7.1590019509e-01 -1.6334666043e-01 -3.8509976974e+00
219 170 179
2 0 905 -52.1900 -1.9100 1 929 -78.1800 1.4500
9.6042679227e-01 -1.5139335022e-01 -5.1353631391e+00
117 46 57
2 0 908 127.1800 -6.7800 1 355 131.2100 7.3900
-7.3617399043e-01 -2.1199946663e-01 -3.8811305253e+00
219 168 180
2 0 909 -54.7100 -8.4300 1 1303 -79.0300 -4.8900
7.9396021709e-01 -1.8283355734e-01 -5.2306789925e+00
168 125 138
2 0 912 108.2800 -10.2400 1 362 114.4000 1.7200
7.9396021709e-01 -1.8283355734e-01 -5.2306789925e+00
168 125 138
2 0 913 108.2800 -10.2400 1 363 114.4000 1.7200
2.6117800116e+00 -8.4571863650e-01 -5.2868726704e+00
220 183 198
3 0 967 283.6200 -75.9700 1 1341 312.3600 -51.5700 2 825 -177.6600 214.4400
2.0239630340e+00 -9.3300233635e-01 -6.1978950010e+00
165 138 36
2 0 975 199.0300 -79.4700 1 437 237.2300 -64.2700
2.5975745020e+00 -9.0467238853e-01 -5.3299600976e+00
221 165 180
2 0 977 280.5600 -81.6000 1 989 310.3100 -57.8800
1.9323472674e+00 -1.0212016007e+00 -6.3244959569e+00
152 156 108
2 0 980 187.7600 -86.5100 1 999 227.9100 -72.7500
2.5680495446e+00 -9.9828965249e-01 -5.3438210579e+00
220 178 192
3 0 983 277.0800 -90.6300 1 997 307.9700 -67.9000 2 31 -168.6200 223.5900
2.5358289338e+00 -1.0307532442e+00 -5.4305539503e+00
218 174 184
2 0 986 270.7600 -93.1900 1 998 302.5900 -71.4700
2.9132438947e-01 -1.7425166952e+00 -1.2737666981e+01
51 40 46
2 0 990 13.2100 -97.2000 1 463 109.4400 -105.5000
1.9173477123e+00 -1.1800820442e+00 -6.3370692995e+00
205 178 67
2 0 998 186.2400 -100.0500 1 1010 227.6300 -87.4800
3.5937262612e-03 -1.9619575712e+00 -1.3127915392e+01
44 32 32
2 0 1002 -1.4100 -105.7500 1 1023 97.3500 -115.5400
1.9542306236e+00 -1.2557858059e+00 -6.2713249508e+00
206 179 62
3 0 1003 191.1200 -107.2800 1 1016 232.6200 -94.2900 2 849 -98.2100 198.0800
1.9542306236e+00 -1.2557858059e+00 -6.2713249508e+00
206 179 62
3 0 1004 191.1200 -107.2800 1 1017 232.6200 -94.2900 2 848 -98.2100 198.0800
1.9861634772e+00 -1.2504124508e+00 -6.2315296798e+00
163 134 23
3 0 1006 194.9400 -107.2800 1 456 235.9500 -93.7300 2 113 -101.3600 199.5400
1.8713915224e+00 -1.3044105426e+00 -6.3683996377e+00
204 176 63
3 0 1009 181.5300 -110.6300 1 1019 224.2300 -98.7900 2 850 -89.8000 196.9000
-6.8368751338e-01 -2.3625318398e+00 -1.3714493890e+01
17 21 31
2 0 1018 -33.7000 -121.3600 1 491 69.2000 -133.0600
5.1496652758e-01 -2.3765334123e+00 -1.2237718905e+01
46 35 37
2 0 1023 25.8900 -131.3600 1 1036 122.2200 -139.0400
9.1691431407e-01 -2.3097712002e+00 -1.1581551207e+01
97 94 110
2 0 1025 49.6000 -132.9300 1 1034 142.7500 -138.2700
8.1604501780e-01 -2.4275641683e+00 -1.1783302677e+01
92 90 110
2 0 1029 43.2600 -137.4000 1 1039 137.8000 -143.6700
8.1604501780e-01 -2.4275641683e+00 -1.1783302677e+01
92 90 110
2 0 1030 43.2600 -137.4000 1 1040 137.8000 -143.6700
8.8691569045e-01 -2.4330140487e+00 -1.1750775120e+01
55 43 47
2 0 1031 47.1200 -137.8600 1 1041 141.5900 -144.0200
8.8691569045e-01 -2.4330140487e+00 -1.1750775120e+01
55 43 47
2 0 1032 47.1200 -137.8600 1 1042 141.5900 -144.0200
-2.7371529354e-01 -2.9777422577e+00 -1.3546594927e+01
33 27 34
2 0 1042 -14.9000 -150.5300 1 1054 89.3200 -161.3800
1.0338646367e+00 -2.7110339865e+00 -1.1386150192e+01
44 36 47
2 0 1046 56.9700 -155.7800 1 525 150.9100 -161.1800
1.0338646367e+00 -2.7110339865e+00 -1.1386150192e+01
44 36 47
2 0 1047 56.9700 -155.7800 1 526 150.9100 -161.1800
2.1145001756e+00 -1.7773538259e+00 -5.9909383909e+00
205 155 49
2 0 1048 213.0200 -156.7600 1 506 255.5800 -144.9100
1.2927202031e+00 -2.8124722714e+00 -1.0990862817e+01
46 36 44
2 0 1054 73.7700 -165.1000 1 1062 166.4400 -169.5300
1.2927202031e+00 -2.8124722714e+00 -1.0990862817e+01
46 36 44
2 0 1055 73.7700 -165.1000 1 1063 166.4400 -169.5300
1.4101759876e+00 -2.8161052912e+00 -1.0835086318e+01
98 89 99
2 0 1057 81.5400 -166.8300 1 1065 173.5800 -170.9000
-1.9883140359e-01 -3.3838797809e+00 -1.3502370408e+01
58 51 58
3 0 1059 -11.1400 -169.6600 1 1076 93.8900 -180.3500 2 963 63.7000 127.9100
1.3436332913e+00 -2.8874398926e+00 -1.0903411835e+01
50 40 50
2 0 1060 77.2900 -170.0300 1 557 169.8600 -174.5700
9.6542047526e-01 -3.0451666762e+00 -1.1543283151e+01
41 30 32
2 0 1065 52.3600 -171.8400 1 1071 148.4100 -178.1900
2.0407549599e+00 -1.9755099668e+00 -6.0596111047e+00
195 143 34
2 0 1067 204.3200 -173.9300 1 1056 248.9700 -162.9400
2.0295283804e+00 -2.0102024437e+00 -6.0729818528e+00
195 140 42
2 0 1072 202.9700 -176.6200 1 536 247.9200 -166.2700
2.0295283804e+00 -2.0102024437e+00 -6.0729818528e+00
195 140 42
2 0 1073 202.9700 -176.6200 1 537 247.9200 -166.2700
3.8544840692e-01 -3.3533028458e+00 -1.2394272306e+01
54 44 44
2 0 1075 18.7600 -179.0200 1 586 119.6500 -187.3100
1.2335001838e+00 -3.1692704966e+00 -1.1089805890e+01
76 70 84
2 0 1078 69.7500 -183.3900 1 1085 164.3600 -188.9000
2.4083114277e-01 -3.5666977945e+00 -1.2769644079e+01
47 45 48
2 0 1080 10.6700 -185.0900 1 1092 113.7800 -194.9600
-4.8883960793e-01 -3.8446995898e+00 -1.3923277663e+01
17 14 17
3 0 1084 -24.8300 -186.4200 1 613 83.7100 -198.2300 2 294 78.4200 137.1800
4.1967405508e-01 -3.6018902797e+00 -1.2404021073e+01
20 18 20
3 0 1090 20.4300 -190.9400 1 1099 122.3100 -199.8300 2 916 42.3000 160.3700
5.3075974070e-01 -3.7561751631e+00 -1.2194699249e+01
28 24 25
2 0 1102 26.7600 -200.9700 1 1104 128.2600 -209.7500
7.5576574207e-01 -3.7366812048e+00 -1.1909720294e+01
30 25 29
2 0 1104 39.4200 -203.4100 1 1107 139.7700 -211.5400
7.5576574207e-01 -3.7366812048e+00 -1.1909720294e+01
30 25 29
2 0 1105 39.4200 -203.4100 1 1108 139.7700 -211.5400
1.2829624592e+00 -3.5413861926e+00 -1.1050587501e+01
38 27 32
3 0 1106 72.5900 -204.0000 1 1106 168.7700 -210.1000 2 135 2.6200 192.7700
1.6804700641e+00 -3.5196106758e+00 -1.0380861488e+01
31 24 31
2 0 1116 100.9300 -211.9300 1 1116 194.2200 -216.4800
1.6804700641e+00 -3.5196106758e+00 -1.0380861488e+01
31 24 31
2 0 1117 100.9300 -211.9300 1 1117 194.2200 -216.4800
1.0733283747e+00 -3.7666116196e+00 -1.1324701243e+01
27 23 35
2 0 1118 59.3400 -212.6000 1 658 157.4200 -219.5200
1.4766062257e+00 -3.6541263586e+00 -1.0733542713e+01
69 64 79
2 0 1121 85.9400 -214.5800 1 1120 181.2900 -220.0200
1.7256701027e+00 -3.5672802145e+00 -1.0345718960e+01
44 34 43
2 0 1123 103.8800 -215.0700 1 1122 197.3100 -219.7200
1.4161743549e+00 -3.7051610333e+00 -1.0828158238e+01
32 27 36
3 0 1128 81.6300 -215.7300 1 665 177.7800 -222.0300 2 839 -1.8400 206.5700
1.0994641106e+00 -3.9119475231e+00 -1.1341676098e+01
52 49 60
3 0 1135 60.6500 -220.0200 1 1129 159.4500 -227.1600 2 845 16.1900 201.0900
1.1948215106e+00 -3.8708708890e+00 -1.1174304069e+01
59 57 71
3 0 1137 66.7500 -220.2900 1 681 164.9600 -226.8000 2 100 11.0900 203.9500
1.8879490599e+00 -3.6059907176e+00 -1.0040573110e+01
81 73 90
3 0 1140 116.5100 -221.7100 1 1124 209.2100 -226.0100 2 24 -28.4900 225.8500
1.8879490599e+00 -3.6059907176e+00 -1.0040573110e+01
81 73 90
3 0 1141 116.5100 -221.7100 1 1125 209.2100 -226.0100 2 23 -28.4900 225.8500
1.3466041226e+00 -3.9250782451e+00 -1.0948030558e+01
57 55 64
2 0 1148 76.8600 -226.2900 1 1137 174.1800 -232.8500
-3.3219829044e+00 4.3075497273e+00 -1.0673966738e+01
21 11 8
2 0 1161 -179.3700 228.1900 1 1164 -109.3400 189.7200
-3.3143094836e+00 4.3324304165e+00 -1.0939383939e+01
76 33 10
2 0 1163 -175.8200 224.2100 1 1168 -104.3200 186.4000
-3.2795449679e+00 4.2177917873e+00 -1.0947821465e+01
17 10 14
2 0 1165 -174.1000 218.0800 1 1176 -102.2500 181.1100
6.7024457156e-01 1.8134811041e+00 -5.2205427953e+00
128 3 9
3 0 1168 93.3500 190.1500 1 1159 84.3200 196.7400 2 1161 -77.3100 -58.7600
6.0361800099e-01 1.7072000437e+00 -5.2678741706e+00
117 1 5
2 0 1174 86.6000 178.5900 1 1173 78.9400 184.1100
9.5359439567e-01 1.6835116757e+00 -5.1941994809e+00
137 18 32
2 0 1175 122.6000 177.4500 1 1167 113.3700 189.1200
2.8855896217e+00 1.6482984652e+00 -4.9398126573e+00
178 152 39
2 0 1176 317.6900 174.5700 1 1151 317.5200 218.2300
2.8855896217e+00 1.6482984652e+00 -4.9398126573e+00
178 152 39
2 0 1177 317.6900 174.5700 1 1152 317.5200 218.2300
2.6187440536e+00 1.6346539000e+00 -5.2942289344e+00
183 133 40
2 0 1182 277.8000 164.7600 1 1156 282.2100 200.5000
2.3943825461e+00 1.7011357962e+00 -5.7268941506e+00
183 153 93
3 0 1187 241.8000 160.4900 1 1165 251.7500 189.3500 2 1140 -214.6900 -12.9400
-9.1529953989e-01 9.2219015283e-01 -3.5787064040e+00
142 106 123
2 0 1200 -79.8700 146.7100 1 1200 -119.8400 136.1300
2.6045434361e+00 1.3587254880e+00 -5.3429724655e+00
189 137 50
2 0 1205 275.6900 137.6800 1 1183 283.6300 172.1200
-1.0917096470e+00 6.9021606235e-01 -3.4747675231e+00
166 98 121
3 0 1217 -106.1300 118.9800 1 819 -144.2100 108.3000 2 1435 147.9000 35.3400
-1.0414709047e+00 6.9073908874e-01 -3.4866878687e+00
172 101 117
3 0 1218 -98.7600 118.7400 1 817 -137.4900 108.8600 2 1074 141.8900 36.5700
-1.0467653169e+00 6.5894123754e-01 -3.4831386254e+00
221 158 170
3 0 1220 -99.9400 114.3200 1 825 -138.4800 104.9800 2 1065 142.7800 40.3000
1.2423186330e+00 1.0973861558e+00 -5.4914979419e+00
111 3 8
2 0 1222 144.9800 112.8900 1 1205 148.1800 127.9500
-2.8747780796e-01 8.2358203267e-01 -4.7837190521e+00
151 16 25
3 0 1231 -0.6500 101.8600 1 1220 -10.4400 100.4500 2 1720 38.8500 16.9900
1.1837706510e+00 9.6447893687e-01 -5.3884770526e+00
104 1 0
2 0 1232 142.0200 102.0600 1 1207 143.7400 117.3000
-8.2218189283e-01 5.6770871998e-01 -3.5611084199e+00
217 160 169
2 0 1233 -67.8000 99.7800 1 1228 -107.5800 94.9500
-2.1837265816e-01 8.0857343802e-01 -4.8194182226e+00
161 20 27
2 0 1236 6.7000 99.1800 1 1221 -2.8200 98.9900
5.6377958832e-01 6.3514000434e-01 -4.9703138546e+00
177 25 42
2 0 1249 88.7800 77.2600 1 1237 81.6800 86.9500
-1.2149327585e+00 3.5645714789e-01 -3.5472150876e+00
153 142 180
3 0 1250 -123.0900 71.9600 1 864 -152.6400 63.4800 2 1406 169.7100 69.4900
-1.0740652660e+00 3.2511686884e-01 -3.5841747054e+00
164 214 250
2 0 1259 -102.3900 66.3800 1 1257 -134.6400 61.0700
7.9646319912e-01 5.4809814377e-01 -5.1080643804e+00
151 15 27
2 0 1261 110.2800 65.4900 1 847 107.6400 78.2000
1.3816634304e+00 5.7965037915e-01 -5.4911281586e+00
99 9 4
2 0 1263 159.0900 63.0400 1 1489 167.0300 79.7500
1.0176235220e+00 4.7899632942e-01 -5.0113233683e+00
136 16 21
2 0 1266 135.2600 59.5600 1 1247 131.1600 75.3400
2.6924141382e+00 4.8465427049e-01 -5.2740873419e+00
205 153 70
3 0 1273 289.3800 54.8000 1 836 305.5400 87.8600 2 352 -221.3200 106.1800
9.7997858788e-01 3.7076662985e-01 -5.0438373993e+00
190 33 58
2 0 1281 130.7800 48.0700 1 866 128.2500 62.9700
-6.0262199854e-01 1.4925424685e-01 -3.7121364749e+00
201 139 154
3 0 1289 -37.3100 40.8400 1 1275 -72.2100 42.7500 2 993 100.2300 105.7000
2.1049997422e+00 4.1082147877e-01 -6.1366196031e+00
135 83 25
3 0 1291 206.4200 39.4100 1 1258 233.1900 60.0700 2 1397 -150.4100 79.8000
2.0685198915e+00 3.1797428895e-01 -6.1690346872e+00
125 84 36
2 0 1297 202.5800 31.2600 1 1268 230.3800 50.6800
-5.9872431685e-01 2.0647980443e-02 -3.7528034684e+00
213 154 162
2 0 1307 -37.0900 22.6800 1 1281 -69.3800 26.8400
6.3770410840e-01 -1.7642643315e-01 -5.2568484015e+00
215 194 212
2 0 1330 91.9700 -9.7300 1 1295 98.4700 0.8400
-1.2073228389e+00 -3.1976219343e-01 -4.1562901614e+00
253 253 252
2 0 1340 -111.6600 -22.9300 1 1321 -119.6400 -23.7800
1.1481719009e+00 -3.6405321492e-01 -4.9737716075e+00
203 140 152
2 0 1346 150.6900 -28.7800 1 1308 153.3500 -11.9900
2.1003241780e+00 -7.8575053358e-01 -6.1058350784e+00
219 183 55
2 0 1366 208.2500 -66.6500 1 980 244.3800 -50.1800
8.0988883302e-02 -1.5535869812e+00 -1.3045044421e+01
57 41 41
2 0 1386 2.4000 -86.8000 1 1351 99.3000 -96.0600
2.0198435505e+00 -1.0440927089e+00 -6.2033274605e+00
206 175 59
3 0 1387 198.5200 -89.3000 1 1347 237.6100 -74.5900 2 1320 -109.1900 186.1500
1.9915093916e+00 -1.0745505254e+00 -6.2555230213e+00
154 127 32
2 0 1388 194.6900 -91.5400 1 1003 234.6400 -77.4800
1.9934867835e+00 -1.1296361182e+00 -6.2361882968e+00
204 177 61
3 0 1395 195.4000 -96.4500 1 1008 235.6300 -82.6100 2 861 -104.5300 190.8600
1.9649337159e+00 -1.2202559367e+00 -6.2623103776e+00
206 177 54
2 0 1397 192.3000 -104.1600 1 1014 233.2400 -91.1800
1.9120025700e+00 -1.3619694649e+00 -6.3238675996e+00
203 177 52
3 0 1402 186.2500 -115.9900 1 1353 228.6500 -104.2400 2 1306 -92.3200 203.0400
1.4793442218e+00 -1.4772358399e+00 -6.8520209308e+00
192 168 61
2 0 1405 138.2300 -120.9300 1 1355 186.6000 -113.1000
4.0044228039e-01 -2.2280193315e+00 -1.2536980243e+01
89 79 87
2 0 1406 19.1500 -121.9700 1 1361 116.3100 -130.1300
3.1520943339e-01 -2.2627794862e+00 -1.2549965558e+01
40 29 30
2 0 1407 14.8900 -123.7400 1 1365 112.2400 -131.9100
4.3161395801e-01 -2.3194748394e+00 -1.2428506361e+01
47 35 39
2 0 1409 21.0300 -127.2700 1 1031 118.0600 -135.1600
-3.5605143764e+00 -2.4262414228e+00 -1.3006703689e+01
42 16 19
2 0 1412 -171.7400 -129.6300 1 505 -64.8600 -144.8500
6.5679447448e-01 -2.3757088772e+00 -1.1888129628e+01
48 38 36
2 0 1415 34.5100 -134.0500 1 1369 129.2300 -140.6300
4.6593340405e-01 -3.3115398124e+00 -1.2406917608e+01
33 26 31
2 0 1431 22.7900 -176.4600 1 1395 123.5200 -185.2300
4.6593340405e-01 -3.3115398124e+00 -1.2406917608e+01
33 26 31
2 0 1432 22.7900 -176.4600 1 1396 123.5200 -185.2300
1.5046110388e+00 -3.1278238803e+00 -1.0749290537e+01
70 63 70
2 0 1436 87.3700 -185.6000 1 1086 180.7800 -188.9200
1.1526207857e+00 -3.5989640477e+00 -1.1284374650e+01
59 51 61
3 0 1446 64.0600 -204.2400 1 1409 160.9800 -210.7500 2 1315 9.6100 188.8900
9.0002338366e-01 -3.7786323493e+00 -1.1628530508e+01
28 26 28
2 0 1448 48.3400 -209.1800 1 1413 147.7000 -216.7700
9.0002338366e-01 -3.7786323493e+00 -1.1628530508e+01
28 26 28
2 0 1449 48.3400 -209.1800 1 1414 147.7000 -216.7700
2.3652556453e+00 1.8843308688e+00 -5.7311215617e+00
174 143 45
3 0 1477 237.9700 176.7200 1 1442 246.6200 205.3900 2 1746 -217.3000 -29.0500
2.4473756017e+00 1.6318669873e+00 -5.6198110402e+00
184 153 79
2 0 1484 250.0500 156.8600 1 1444 259.5100 187.1500
2.4473756017e+00 1.6318669873e+00 -5.6198110402e+00
184 153 79
2 0 1485 250.0500 156.8600 1 1445 259.5100 187.1500
1.0410740864e+00 1.4162350908e+00 -5.6101423189e+00
128 11 14
2 0 1497 122.8400 140.7300 1 1465 125.7200 152.2100
3.1283997385e-01 1.1596163455e+00 -4.9364194970e+00
147 18 29
2 0 1502 62.4000 133.0800 1 1468 50.8400 137.9500
-1.1010279145e+00 7.2757230948e-01 -3.4768835656e+00
215 154 169
3 0 1505 -106.8400 124.0300 1 1209 -144.8100 112.9500 2 1712 149.0800 30.5000
-1.0607882034e+00 7.2856654644e-01 -3.4842741723e+00
215 152 169
3 0 1506 -101.7400 123.9300 1 1472 -139.8800 113.4600 2 1710 143.1400 31.6200
-1.2078575656e+00 6.3303324817e-01 -3.4879088522e+00
228 166 179
2 0 1515 -121.9100 110.7800 1 1479 -156.7300 99.1200
-1.0753816617e+00 6.3272187092e-01 -3.5257868402e+00
218 146 162
2 0 1516 -102.9500 109.6000 1 1219 -139.4100 100.1200
-1.0027567042e+00 6.0618333623e-01 -3.5326295261e+00
216 147 165
2 0 1519 -92.8500 105.9600 1 1222 -130.4600 97.5900
-1.0905082808e+00 4.0348593134e-01 -3.5685161318e+00
255 254 253
3 0 1533 -104.9900 77.5000 1 1495 -137.4800 70.8400 2 1686 153.5300 66.9600
-3.1527007958e-01 5.7662832823e-01 -4.6994928725e+00
110 13 22
2 0 1535 -3.4400 76.3000 1 1490 -13.8100 76.4100
7.3926637256e-01 6.3240126718e-01 -5.0615835280e+00
180 23 38
2 0 1537 105.3300 75.3000 1 1485 100.6500 86.7100
2.1782051769e+00 4.5067840231e-01 -6.1292872647e+00
184 149 86
2 0 1556 212.9000 43.2400 1 1630 239.7700 64.1900
4.4506278039e-01 5.6483233441e-02 -5.1817513688e+00
116 6 11
2 0 1577 73.4100 14.4600 1 1508 76.3300 23.5100
5.1396817253e-01 1.8508093344e-02 -5.2237215749e+00
126 15 26
2 0 1579 79.8800 10.4800 1 1509 83.9900 19.6300
1.9864713905e-02 2.3206252236e-03 -5.0280014536e+00
191 40 66
2 0 1581 30.9100 9.8600 1 1512 31.4900 15.7400
4.7291014456e-01 -8.2625508070e-02 -5.3185437961e+00
180 38 61
2 0 1587 74.3000 -0.4500 1 1518 81.4900 8.3100
9.8871071226e-01 -1.0561243315e-01 -5.1916541825e+00
153 82 93
2 0 1588 128.7300 -2.2500 1 1291 133.8100 11.8000
1.1461972298e+00 -1.2826850047e-01 -5.1736550253e+00
79 26 25
2 0 1589 145.0200 -4.7400 1 1515 150.5500 11.3200
1.2042523553e+00 -3.4106183972e-01 -4.9866526600e+00
208 147 155
2 0 1597 156.1600 -26.2100 1 1530 159.1800 -9.2300
1.5202368666e+00 -1.3541509695e+00 -6.8222262857e+00
194 166 54
2 0 1631 142.0800 -111.2400 1 1553 189.4500 -102.4100
4.6830944412e-01 -2.0992619719e+00 -1.2299117772e+01
44 35 37
2 0 1634 23.2600 -117.3500 1 1556 118.8900 -124.4300
-3.6611608753e-01 -2.4399652316e+00 -1.3219781183e+01
86 64 41
2 0 1638 -18.9900 -127.9300 1 1564 81.9500 -138.6000
-2.5248699414e-01 -3.7251292935e+00 -1.3547545258e+01
7 6 7
3 0 1646 -13.7100 -184.5400 1 1404 92.7700 -196.0700 2 1350 69.2200 140.2500
5.7516160096e-01 -3.4420637684e+00 -1.2196501021e+01
26 22 23
2 0 1650 29.0100 -185.2300 1 1576 129.3800 -193.5900
1.7258524295e+00 -3.6312853969e+00 -1.0219652975e+01
70 62 77
2 0 1655 105.2800 -220.5200 1 1585 198.1600 -225.5300
1.7472169601e+00 -3.7720085549e+00 -1.0327065293e+01
37 26 33
2 0 1657 105.2300 -227.0200 1 1587 199.5500 -232.1100
-3.9960650891e+00 4.3749220153e+00 -1.0973504680e+01
12 12 14
2 0 1664 -211.4600 225.2800 1 1448 -135.7400 182.7600
6.5378951765e-01 1.8572171487e+00 -5.1829435903e+00
163 16 26
2 0 1674 92.6700 195.2600 1 1592 81.8600 202.2100
-1.6795528367e-01 1.4144232831e+00 -5.0486163072e+00
128 9 13
2 0 1679 10.7600 156.7600 1 1463 2.6000 153.7400
2.6432074196e+00 1.4828479522e+00 -5.3009475231e+00
187 134 44
2 0 1684 280.4100 150.2900 1 1598 286.6900 185.8700
2.6432074196e+00 1.4828479522e+00 -5.3009475231e+00
187 134 44
2 0 1685 280.4100 150.2900 1 1599 286.6900 185.8700
-1.1119258648e+00 5.9760149807e-01 -3.5353325443e+00
233 223 237
2 0 1696 -107.9200 104.4700 1 1481 -142.9800 95.1400
-1.0565366404e+00 5.0495471656e-01 -3.4098938177e+00
166 218 255
2 0 1697 -102.1600 95.9300 1 1483 -142.4300 86.7500
-1.1850869250e+00 3.9012416843e-01 -3.5652550056e+00
159 212 250
3 0 1704 -117.6500 75.7400 1 1496 -149.2000 67.5800 2 1688 164.9600 65.3900
-7.1700799412e-02 5.2092661684e-01 -4.7444491073e+00
76 21 36
2 0 1710 23.3000 69.1500 1 1624 12.9700 72.6000
9.7741009172e-01 5.5101013591e-01 -5.0881896441e+00
48 7 6
3 0 1712 129.4700 65.8900 1 1618 125.6500 80.3900 2 2028 -75.2200 66.8800
6.9212637015e-01 5.2414960165e-01 -5.0203195119e+00
164 19 31
2 0 1713 101.3600 64.6700 1 1621 96.4700 76.0500
6.9212637015e-01 5.2414960165e-01 -5.0203195119e+00
164 19 31
2 0 1714 101.3600 64.6700 1 1622 96.4700 76.0500
-6.3609509643e-01 1.6551215332e-01 -3.6867581836e+00
157 100 112
3 0 1726 -42.0600 42.5700 1 1639 -77.4800 45.5000 2 1666 103.7300 103.7100
-1.2386522975e-01 -3.3046157811e-02 -5.5598205266e+00
196 29 46
2 0 1738 12.6000 3.6600 1 1649 26.0600 5.6600
5.8244855464e-01 -1.9355452108e-01 -5.2812971498e+00
50 10 16
2 0 1742 86.0200 -11.3800 1 1655 93.1300 -1.7400
7.2070901809e-01 -2.8529850704e-01 -5.1951502507e+00
42 10 9
2 0 1745 101.5300 -20.9700 1 1528 107.6200 -8.8500
-2.3226819587e+00 -1.4344812447e+00 -1.2805027041e+01
113 91 102
2 0 1772 -113.5500 -81.6300 1 1676 -15.3000 -98.4300
2.5852924837e+00 -9.1747664100e-01 -5.3662542392e+00
228 177 185
2 0 1774 277.9100 -82.5900 1 1672 308.2300 -59.3400
2.5852924837e+00 -9.1747664100e-01 -5.3662542392e+00
228 177 185
2 0 1775 277.9100 -82.5900 1 1673 308.2300 -59.3400
1.1480614698e-01 -1.7362928851e+00 -1.2995046005e+01
53 38 35
2 0 1777 4.0900 -95.7900 1 1679 101.4800 -104.7900
1.7557351696e+00 -1.2030480742e+00 -6.5532309082e+00
207 175 60
2 0 1778 167.2700 -100.5100 1 1549 210.9700 -89.5100
5.4299653856e-01 -2.5067611949e+00 -1.2239472641e+01
76 65 79
2 0 1785 27.2200 -138.1600 1 1684 124.2200 -145.3100
1.4247164732e+00 -3.5374084046e+00 -1.0812219840e+01
31 25 32
2 0 1795 82.4100 -206.9900 1 1581 177.5300 -212.4800
8.6289916348e-01 -3.9125170245e+00 -1.1727645586e+01
22 20 19
3 0 1798 45.9300 -214.7100 1 1697 145.9900 -222.8900 2 1822 26.7100 190.6200
-1.4848768771e-01 1.5094870083e+00 -5.0836091630e+00
68 3 4
2 0 1815 12.6500 165.7100 1 1604 4.4800 161.6600
2.5987809344e+00 1.5700766931e+00 -5.2943990603e+00
185 160 109
3 0 1817 275.8600 158.6600 1 1704 280.6000 193.9200 2 1897 -243.0100 8.8200
2.5934921128e+00 1.5683415544e+00 -5.2929561527e+00
185 160 109
2 0 1818 275.8600 158.6600 1 1705 280.6000 193.9200
2.6980051739e-01 1.1091450002e+00 -4.9414548769e+00
156 134 158
3 0 1822 57.8500 127.6100 1 1728 46.6900 132.2300 2 1984 -23.5700 0.6700
-2.6383146804e-01 7.5876593117e-01 -4.7574555969e+00
86 1 4
3 0 1826 2.7500 94.6500 1 1733 -8.9400 94.8300 2 1980 38.0700 23.8600
-2.2807508480e-02 6.0253564139e-01 -4.7563315056e+00
191 175 194
2 0 1832 28.5700 77.8600 1 1737 17.6800 81.4400
7.1648885315e-01 4.5376869665e-01 -5.0317311556e+00
85 0 1
2 0 1837 103.6700 56.8500 1 1740 99.7600 69.1800
-2.4285081629e-01 3.8830787252e-01 -4.8470038132e+00
216 46 86
2 0 1839 4.0100 53.7700 1 1744 -1.7300 54.5700
-2.4285081629e-01 3.8830787252e-01 -4.8470038132e+00
216 46 86
2 0 1840 4.0100 53.7700 1 1745 -1.7300 54.5700
-1.0445725358e+00 1.2790549885e-01 -3.6369001156e+00
189 127 140
2 0 1845 -97.8200 38.9100 1 1640 -127.5100 36.0700
8.4064131808e-01 -1.5584702101e-01 -5.1877786194e+00
33 11 11
2 0 1856 114.0200 -6.6800 1 1651 118.7500 4.6100
-8.8396351172e-02 -1.7595150398e+00 -1.3186006979e+01
101 75 53
2 0 1879 -5.7000 -95.3500 1 1762 92.3300 -106.5600
2.1836873453e+00 -1.6093578420e+00 -5.9324778061e+00
194 190 83
2 0 1885 220.9300 -142.5400 1 1764 261.9900 -128.7100
-1.6380317714e-01 1.1240352204e+00 -4.8985585488e+00
73 0 0
2 0 1902 12.2000 131.2000 1 1729 2.0400 129.1300
3.2675675028e-01 9.9803891488e-01 -4.9551615413e+00
149 15 22
2 0 1906 63.7200 115.6600 1 1794 53.8700 121.5400
2.1768729699e+00 1.0365618715e+00 -5.7252035985e+00
197 163 106
2 0 1908 224.1500 100.4400 1 1840 238.8200 126.9200
2.3695028718e+00 7.9364607504e-01 -5.7942174776e+00
205 166 52
2 0 1913 239.3400 76.6800 1 1796 259.2800 104.7000
5.5870013828e-01 -8.9080991186e-02 -5.2405865213e+00
239 217 229
2 0 1924 84.1600 -0.8700 1 1809 89.6000 9.2500
-5.6360284598e-02 -2.1506496491e-01 -5.4180026343e+00
183 28 43
2 0 1928 20.0700 -14.3000 1 1753 31.6700 -9.8100
1.2751758087e-01 -2.4292728283e-01 -5.5453812559e+00
168 17 30
2 0 1929 37.3800 -17.0200 1 1812 51.2500 -12.1400
-9.5594974207e-01 4.8212650029e-01 -3.5713129502e+00
181 206 243
2 0 1948 -86.2700 87.4500 1 1843 -122.3200 82.8200
-1.0766368765e+00 2.9526253839e-01 -3.6322926808e+00
178 189 234
2 0 1950 -102.0700 61.3800 1 1847 -132.4300 56.4800
2.0169693850e-01 3.9590742402e-01 -4.7930705736e+00
75 5 9
2 0 1951 52.9300 54.8900 1 1803 43.5400 61.2900
9.2028513395e-01 4.4782922188e-01 -5.0716091132e+00
198 175 196
2 0 1952 123.8400 55.4500 1 1844 121.3400 70.0900
9.2028513395e-01 4.4782922188e-01 -5.0716091132e+00
198 175 196
2 0 1953 123.8400 55.4500 1 1846 121.3400 70.0900
-1.1159899429e+00 5.7879330241e-01 -3.5567987794e+00
200 210 238
3 0 1987 -107.4900 101.5300 1 1841 -142.5800 91.8100 2 2075 152.4600 45.4800
-1.9666103545e-01 2.8017835768e-01 -4.8976689094e+00
169 26 40
2 0 1992 8.7500 41.3400 1 1888 4.8500 43.2200
6.7472356365e-01 -1.2539468677e-01 -5.2467731412e+00
199 165 190
2 0 1997 95.8400 -4.5900 1 1893 101.7700 6.5300
-1.2950171259e+00 -2.2988131822e-01 -3.9775518691e+00
234 172 187
2 0 1998 -125.3700 -10.1300 1 1895 -137.7200 -14.3000
-1.2145627174e+00 -3.9092643390e-01 -4.1840354232e+00
19 19 23
2 0 2000 -112.1800 -31.7400 1 1857 -118.8000 -32.0500
4.6736653686e-01 1.6097876568e+00 -5.2349410529e+00
137 9 17
2 0 2021 73.6500 170.2100 1 1917 66.1200 174.4500
2.3279473402e+00 1.5341724148e+00 -5.7129460263e+00
177 147 61
2 0 2024 236.8300 146.9600 1 1918 247.6900 173.2400
-1.0723112246e+00 4.4070617843e-01 -3.5546987266e+00
19 19 29
2 0 2027 -102.4000 82.8100 1 1884 -136.5600 75.8400
-1.0723112246e+00 4.4070617843e-01 -3.5546987266e+00
19 19 29
2 0 2028 -102.4000 82.8100 1 1885 -136.5600 75.8400
-1.0689534504e+00 4.4040244724e-01 -3.5517303398e+00
19 19 29
3 0 2029 -102.4000 82.8100 1 1886 -136.5600 75.8400 2 2098 149.5900 63.6800
1.8628659507e+00 -9.5137239129e-01 -6.3893993121e+00
210 174 55
2 0 2034 179.9500 -81.0700 1 1899 220.4100 -65.8200
5.2645062869e-01 1.4102567209e-01 -5.0851863236e+00
193 27 49
2 0 2048 83.1700 23.4800 1 1932 83.1700 34.5600
5.2645062869e-01 1.4102567209e-01 -5.0851863236e+00
193 27 49
2 0 2049 83.1700 23.4800 1 1933 83.1700 34.5600
2.2197177748e+00 -2.2540107248e+00 -5.8189299895e+00
203 32 47
2 0 2060 227.1500 -203.7600 1 1937 272.3900 -192.3000
9.8069078995e-01 1.7092742308e+00 -5.1797437328e+00
187 118 131
2 0 21 125.5200 180.3700 2 609 -103.8300 -41.2700
-4.6027608366e+00 3.5927613024e+00 -1.2615178401e+01
35 28 35
2 0 29 -221.0300 160.2400 2 768 191.3500 -224.8600
-1.2326483002e+00 8.7655552420e-01 -3.5195163020e+00
166 115 134
2 0 39 -124.1500 142.8800 2 559 159.1100 7.3600
-1.3108807374e+00 8.0158640000e-01 -3.5015943468e+00
182 125 141
2 0 47 -135.6500 133.3800 2 541 171.0500 14.3900
-3.8260347855e+00 1.3651562244e+00 -1.1515478888e+01
83 66 71
2 0 143 -200.1900 61.6200 2 669 193.9800 -112.3600
-8.6521564288e-01 2.7076079496e-01 -3.6501001368e+00
165 100 120
2 0 147 -73.1900 57.8400 2 1015 128.3600 86.3700
-8.6908822097e-01 2.4237393602e-01 -3.6327823974e+00
195 136 151
2 0 155 -73.9400 54.3200 2 383 129.9000 90.0600
2.6208973982e+00 4.5460381104e-01 -5.3558780826e+00
209 170 96
2 0 163 279.3600 51.1100 2 355 -211.8800 105.1700
-1.1203123132e+00 2.0843496824e-01 -3.6237139384e+00
220 159 174
2 0 168 -108.2800 49.9700 2 391 160.6300 86.6900
2.6951564214e+00 9.1154745763e-02 -5.2182132253e+00
208 155 67
2 0 213 293.0600 16.7700 2 283 -212.0800 141.3900
2.8223711087e+00 -7.0641008693e-02 -4.9771163284e+00
231 163 173
2 0 231 316.8400 1.8300 2 213 -225.3100 165.5700
2.7968768148e+00 -1.7098729956e-01 -5.0103286560e+00
241 160 171
2 0 243 312.9400 -8.5400 2 191 -219.2900 172.5300
2.7968768148e+00 -1.7098729956e-01 -5.0103286560e+00
241 160 171
2 0 244 312.9400 -8.5400 2 190 -219.2900 172.5300
2.7834996237e+00 -2.2089691777e-01 -5.0310359861e+00
228 169 187
2 0 256 310.7200 -13.6800 2 183 -216.1500 175.8000
2.7101636108e+00 -4.2481404514e-01 -5.1445293510e+00
193 81 109
2 0 298 298.8100 -34.4600 2 152 -200.9700 187.3700
2.7101636108e+00 -4.2481404514e-01 -5.1445293510e+00
193 81 109
2 0 299 298.8100 -34.4600 2 151 -200.9700 187.3700
-4.3416407772e+00 -5.6026999772e-01 -1.2268919840e+01
43 38 48
2 0 314 -217.4700 -39.5500 2 599 228.3400 -27.3200
4.6445199345e-01 -4.6561976546e-01 -5.1108736178e+00
131 10 16
2 0 315 77.4600 -39.6400 2 281 -1.2300 145.0400
6.4240365081e-01 -4.8271127701e-01 -5.0021245409e+00
173 38 54
2 0 321 97.4100 -41.5000 2 248 -18.0100 154.3800
2.7369292894e+00 -7.0334613425e-01 -5.0867325209e+00
215 46 50
2 0 351 304.1800 -62.6600 2 66 -197.1100 213.1400
2.6527111348e+00 -7.1312497036e-01 -5.2356967362e+00
230 188 202
2 0 354 289.4700 -63.1000 2 89 -186.0300 206.5600
1.9322195838e+00 -1.2954205738e+00 -6.3006594110e+00
207 177 63
2 0 410 188.4100 -110.5700 2 115 -95.6100 199.5200
-4.1291896102e-01 -3.0400422442e+00 -1.3886464106e+01
30 25 32
2 0 483 -21.2000 -150.7200 2 351 67.8900 107.2100
7.7254978166e-01 -3.4397898663e+00 -1.1857333147e+01
55 49 58
2 0 563 40.4600 -188.9100 2 210 25.2500 166.9000
1.2862979323e+00 -3.3902902971e+00 -1.1084587177e+01
63 54 65
2 0 585 72.6000 -195.4300 2 157 0.6500 185.2400
1.7041572953e+00 -3.2827091364e+00 -1.0346366922e+01
41 31 41
2 0 589 102.5200 -198.8700 2 110 -22.8400 200.9800
1.3113515948e+00 -3.7519399257e+00 -1.1001691592e+01
57 57 68
2 0 631 74.5300 -216.1500 2 103 3.9400 203.5900
9.0841914472e-01 -3.9540901234e+00 -1.1660821712e+01
21 19 22
2 0 639 48.5400 -217.8000 2 129 25.2600 194.3200
2.6237617616e+00 1.5360705654e+00 -5.3040533778e+00
183 162 104
2 0 731 278.2300 155.2400 2 1116 -242.9500 12.2000
4.3390512128e-01 1.0265947784e+00 -4.9899317405e+00
134 8 23
2 0 766 75.0600 117.7500 2 1117 -36.1000 11.7000
2.2793106884e-01 9.4186998365e-01 -4.9232207058e+00
178 113 132
2 0 775 53.8300 110.7200 2 538 -14.9900 15.9800
2.2793106884e-01 9.4186998365e-01 -4.9232207058e+00
178 113 132
2 0 776 53.8300 110.7200 2 537 -14.9900 15.9800
1.9395720459e-01 9.2651122266e-01 -4.9113351911e+00
150 23 40
2 0 777 50.3100 109.4100 2 532 -11.4100 16.8300
-1.3076971248e+00 6.0848666230e-01 -3.4727049027e+00
177 111 130
2 0 778 -136.4700 107.9300 2 1071 176.5900 38.4800
-3.7894316497e+00 1.4177561505e+00 -1.1464511531e+01
39 29 37
2 0 825 -198.9000 64.7500 2 1202 192.2500 -114.6100
-3.7894316497e+00 1.4177561505e+00 -1.1464511531e+01
39 29 37
2 0 826 -198.9000 64.7500 2 1201 192.2500 -114.6100
-4.0611423771e+00 1.4084657187e+00 -1.1751636533e+01
87 67 76
2 0 831 -209.1800 62.1900 2 1210 201.6800 -117.1300
-3.9364755566e+00 1.3747289086e+00 -1.1617226907e+01
41 29 37
2 0 832 -204.5000 61.3900 2 1200 197.9700 -114.1200
-3.9364755566e+00 1.3747289086e+00 -1.1617226907e+01
41 29 37
2 0 833 -204.5000 61.3900 2 1199 197.9700 -114.1200
-1.1505362939e+00 2.0335759734e-01 -3.6343333787e+00
191 125 145
2 0 847 -112.3200 49.1300 2 1017 163.9300 86.0500
-1.1508539438e+00 1.7563225556e-01 -3.6367763875e+00
230 170 184
2 0 852 -112.4100 45.3500 2 389 164.5600 89.1300
-5.2764148327e+00 1.0580483032e+00 -1.3069147221e+01
68 56 58
2 0 862 -249.6000 37.3300 2 674 241.8300 -113.1900
-1.1911966540e+00 9.1563943701e-02 -3.6643872531e+00
216 151 163
2 0 864 -117.6000 33.6400 2 1005 170.5600 96.5400
-1.1576752082e+00 -2.6228193497e-02 -3.6360015922e+00
236 176 188
2 0 882 -113.2300 17.9800 2 346 170.9000 111.6000
2.8071995361e+00 -7.8569575883e-02 -5.0124531474e+00
200 66 98
2 0 903 313.6600 0.8600 2 217 -222.7300 164.7400
2.8071995361e+00 -7.8569575883e-02 -5.0124531474e+00
200 66 98
2 0 904 313.6600 0.8600 2 218 -222.7300 164.7400
2.7773367529e+00 -1.8959267027e-01 -5.0464148956e+00
215 40 62
2 0 914 309.3900 -10.5500 2 192 -216.0200 172.4500
2.6856843277e+00 -3.6348244076e-01 -5.1831792505e+00
223 170 176
2 0 932 294.7400 -28.3400 2 172 -199.5100 180.3800
2.6856843277e+00 -3.6348244076e-01 -5.1831792505e+00
223 170 176
2 0 933 294.7400 -28.3400 2 171 -199.5100 180.3800
2.6664441545e+00 -4.4598943451e-01 -5.1953204937e+00
211 46 62
2 0 943 292.3500 -36.5700 2 154 -195.4500 186.4800
2.1135797842e+00 -8.2106638924e-01 -6.0605769182e+00
173 141 34
2 0 965 210.7300 -70.0700 2 184 -123.4400 176.0300
2.0128972525e+00 -1.1583856931e+00 -6.1922273725e+00
159 130 37
2 0 994 198.3100 -99.4100 2 128 -106.0800 194.6900
2.0128972525e+00 -1.1583856931e+00 -6.1922273725e+00
159 130 37
2 0 995 198.3100 -99.4100 2 127 -106.0800 194.6900
1.9855045770e+00 -1.2509434883e+00 -6.2313096169e+00
163 134 23
2 0 1005 194.9400 -107.2800 2 114 -101.3600 199.5400
2.6964138153e-01 1.1871207185e+00 -4.9393228926e+00
197 170 184
2 0 1206 57.8700 135.9200 2 1487 -25.2500 -6.7600
2.6964138153e-01 1.1871207185e+00 -4.9393228926e+00
197 170 184
2 0 1207 57.8700 135.9200 2 1486 -25.2500 -6.7600
-1.6702400283e-01 7.7247703956e-01 -4.8257567735e+00
109 3 8
2 0 1241 12.2900 95.1600 2 1449 27.7200 24.1500
-9.4620263052e-01 3.6395984410e-01 -3.5954271190e+00
169 139 173
2 0 1252 -84.7500 71.4900 2 1031 136.5400 74.9900
-3.9631970388e+00 1.3024502463e+00 -1.1684809609e+01
88 65 74
2 0 1269 -204.7500 57.1600 2 1190 199.4500 -110.8600
-4.3533751494e+00 1.3191768354e+00 -1.2042187506e+01
30 22 27
2 0 1270 -219.9300 55.6800 2 1523 212.6200 -115.9400
-4.3533751494e+00 1.3191768354e+00 -1.2042187506e+01
30 22 27
2 0 1271 -219.9300 55.6800 2 1522 212.6200 -115.9400
-5.9445714074e+00 5.5719298287e-01 -1.5035618197e+01
105 101 122
2 0 1315 -251.0400 8.5200 2 1178 245.4600 -98.1900
4.0822028725e-01 -4.7486057088e-01 -5.1542721151e+00
121 3 8
2 0 1355 70.5500 -40.5100 2 1345 3.7200 143.3600
2.6714725023e+00 -4.9537523100e-01 -5.2139979394e+00
222 187 200
2 0 1357 292.2000 -41.5000 2 862 -193.8700 189.8700
2.7130359890e+00 -7.6836865482e-01 -5.1349019986e+00
221 36 52
2 0 1367 300.0300 -69.0800 2 824 -191.7500 215.9300
2.0725313101e+00 -8.6309066037e-01 -6.1208340526e+00
213 182 65
2 0 1372 205.4200 -73.5700 2 1329 -118.3600 176.4800
2.1002847246e+00 -8.6406844843e-01 -6.0518205576e+00
147 117 21
2 0 1373 210.0100 -74.0200 2 1325 -121.4000 179.2000
2.1002847246e+00 -8.6406844843e-01 -6.0518205576e+00
147 117 21
2 0 1374 210.0100 -74.0200 2 1324 -121.4000 179.2000
1.9977099772e+00 -9.9256661293e-01 -6.2277873973e+00
160 132 34
2 0 1383 195.9900 -84.5000 2 876 -108.1600 181.2300
2.0295988714e+00 -1.1044925251e+00 -6.1786069006e+00
161 135 41
2 0 1391 200.1600 -94.7300 2 857 -108.7100 191.5100
2.5490826546e+00 -1.0443128570e+00 -5.3609069442e+00
226 189 204
2 0 1392 274.7300 -95.1400 2 811 -165.6400 226.0800
1.6836420973e+00 -3.3650224835e+00 -1.0456548206e+01
87 79 92
2 0 1444 100.7600 -202.1300 2 843 -19.8100 201.8900
4.9754487495e-01 1.8391501353e+00 -5.2611019341e+00
74 1 3
2 0 1473 76.5900 191.4600 2 1915 -60.5900 -66.0600
2.6808817754e+00 1.7572598034e+00 -5.1655241531e+00
182 130 37
2 0 1476 287.5500 179.6700 2 1733 -259.3700 -4.1900
2.4898948147e+00 1.8072746003e+00 -5.5353256794e+00
179 151 76
2 0 1479 256.1800 174.6800 2 1739 -231.2800 -17.6800
-5.4347233866e-02 1.3245784411e+00 -4.9518806324e+00
85 0 1
2 0 1489 23.4200 150.2900 2 1745 2.7000 -28.2900
-1.1826061086e+00 6.6970375295e-01 -3.4575062548e+00
158 96 116
2 0 1510 -119.0200 116.7600 2 1437 160.2300 35.3500
-8.5592498289e-01 6.1482310835e-01 -3.5277011992e+00
220 167 180
2 0 1518 -72.6400 107.1100 2 1697 120.2900 50.2800
-4.8074743122e+00 4.8895492573e-01 -1.3121170124e+01
48 35 41
2 0 1578 -227.4600 10.4300 2 1760 226.4300 -82.6500
2.7443266273e+00 -4.9698154396e-01 -5.1218986312e+00
216 38 58
2 0 1609 303.0300 -41.7000 2 1629 -202.5600 194.9000
9.9855060689e-01 -6.0037187025e-01 -4.9675045421e+00
212 147 151
2 0 1612 134.9300 -53.9100 2 1330 -48.7200 174.0200
2.6010016706e+00 -9.9096208710e-01 -5.3073773854e+00
217 35 60
2 0 1624 281.8100 -90.2600 2 1608 -172.4600 224.9400
1.0279690685e+00 -3.9934656605e+00 -1.1538715858e+01
27 19 23
2 0 1654 55.5700 -221.4800 2 1627 20.3400 199.7800
5.0240453055e-01 1.9321637976e+00 -5.2931562932e+00
136 12 17
2 0 1672 76.3400 199.3600 2 1996 -63.2100 -74.7100
5.0240453055e-01 1.9321637976e+00 -5.2931562932e+00
136 12 17
2 0 1673 76.3400 199.3600 2 1997 -63.2100 -74.7100
-5.1016617934e+00 2.1635273524e+00 -1.2428654343e+01
73 57 62
2 0 1698 -250.1700 94.2500 2 2002 232.1600 -163.9000
2.1937640296e+00 3.4010718988e-01 -6.0233439606e+00
192 128 47
2 0 1731 217.7600 34.2500 2 1857 -157.6800 89.5100
2.6369957885e+00 2.4467139372e-01 -5.2929444489e+00
208 149 52
2 0 1732 283.6700 31.3800 2 1662 -209.6600 125.1900
2.7637692543e+00 -2.2651799532e-01 -5.0690083189e+00
218 188 207
2 0 1743 307.1800 -14.3700 2 1646 -213.0800 174.4700
2.7637692543e+00 -2.2651799532e-01 -5.0690083189e+00
218 188 207
2 0 1744 307.1800 -14.3700 2 1645 -213.0800 174.4700
2.6546756405e+00 -4.2310260133e-01 -5.2177885977e+00
216 39 52
2 0 1753 290.4600 -34.3200 2 1826 -194.2700 183.4300
2.6635238148e+00 -5.8868365777e-01 -5.2004096707e+00
218 180 191
2 0 1760 292.0900 -50.8300 2 1818 -191.0700 197.9100
2.6981009480e+00 -6.6392407484e-01 -5.1815295900e+00
216 38 57
2 0 1765 296.1900 -58.3700 2 1623 -192.4200 205.4400
2.6722353953e+00 -7.5537908509e-01 -5.2157416842e+00
213 37 55
2 0 1767 292.2400 -67.3800 2 1808 -186.9600 211.0900
2.6053338726e+00 -7.7778593414e-01 -5.2656312398e+00
207 168 185
2 0 1768 284.0700 -69.4800 2 1812 -179.3500 209.6000
2.6053338726e+00 -7.7778593414e-01 -5.2656312398e+00
207 168 185
2 0 1769 284.0700 -69.4800 2 1811 -179.3500 209.6000
2.6910849785e+00 1.5083798986e+00 -5.2078731128e+00
187 165 107
2 0 1819 289.1300 154.7400 2 1889 -250.6600 17.3800
2.6910849785e+00 1.5083798986e+00 -5.2078731128e+00
187 165 107
2 0 1820 289.1300 154.7400 2 1888 -250.6600 17.3800
2.6922555625e+00 -6.0414146490e-01 -5.4485202208e+00
217 37 42
2 0 1869 283.4600 -51.6000 2 1821 -187.3300 190.8300
2.6396558234e+00 -6.8618786007e-01 -5.2487130894e+00
228 157 175
2 0 1872 287.8900 -60.4200 2 1814 -185.1300 203.5200
2.6396558234e+00 -6.8618786007e-01 -5.2487130894e+00
228 157 175
2 0 1873 287.8900 -60.4200 2 1813 -185.1300 203.5200
2.7337658917e+00 -1.2629752935e-01 -5.0747195713e+00
217 33 51
2 0 1926 304.0800 -4.2700 2 1948 -213.0300 165.1000
3.5542770320e-01 1.1147304895e+00 -4.9689837288e+00
142 28 53
2 1 155 55.8800 133.0200 2 577 -31.7200 1.9100
-1.3919234473e+00 7.8159449904e-01 -3.5081877712e+00
223 169 184
2 1 176 -177.3700 113.6000 2 1112 181.5000 14.0600
-9.3348439636e-01 6.7272968897e-01 -3.5106282686e+00
224 164 179
2 1 188 -123.4400 107.7000 2 482 128.7500 41.5100
-1.7963643814e-01 8.8610632696e-01 -4.8688994046e+00
175 25 40
2 1 192 1.8600 106.2900 2 545 26.3000 12.1900
-8.8100984733e-01 5.9346628848e-01 -3.5264959201e+00
216 151 165
2 1 213 -116.1900 98.2000 2 461 124.0500 52.1100
-7.5820336476e-01 5.9293306787e-01 -3.5973106437e+00
236 170 182
2 1 214 -98.5200 98.0300 2 456 107.8300 54.0100
-8.1322568576e-01 4.6522889428e-01 -3.5648054179e+00
219 155 170
2 1 240 -105.5800 82.3800 2 425 118.6900 68.2000
7.7369398059e-01 -3.4364122238e+00 -1.1847312109e+01
87 83 99
2 1 606 139.5600 -196.4400 2 211 25.2500 166.9000
5.9654160248e-01 -3.6283871227e+00 -1.2145599431e+01
49 44 54
2 1 1100 131.1000 -203.6100 2 903 35.0900 167.8400
1.7103423188e+00 -3.3560121670e+00 -1.0345316513e+01
119 110 128
2 1 1102 195.5200 -207.0800 2 96 -21.9400 204.4700
1.3642059197e+00 -3.6002531764e+00 -1.0877271365e+01
92 80 90
2 1 1115 174.2400 -215.2800 2 846 -0.4400 200.0400
6.8064526557e-01 -3.8679054711e+00 -1.2032702125e+01
81 79 96
2 1 1118 136.5400 -216.9100 2 877 34.4800 181.0200
-3.2168099732e-01 6.1841955164e-01 -4.6794144824e+00
210 35 60
2 1 1244 -15.9700 80.7000 2 1072 46.6700 37.8900
-6.4980623097e-01 2.0835860701e-01 -3.6764730733e+00
155 94 108
2 1 1266 -79.7100 50.4200 2 1002 104.3500 98.9700
2.3769981470e-01 -4.2479416459e-01 -5.3383236628e+00
173 27 37
2 1 1324 60.9700 -27.9100 2 1355 17.6100 129.7100
1.4970242039e-01 -4.1559590899e+00 -1.2860413163e+01
71 67 87
2 1 1420 111.8000 -222.5600 2 1331 59.0700 172.4800
2.3573453090e+00 1.6230824487e+00 -5.7572377818e+00
188 163 106
2 1 1449 249.0000 181.1400 2 1738 -208.8600 -7.2500
-8.4507511531e-03 1.3700964128e+00 -4.9736564229e+00
157 17 29
2 1 1464 17.4400 153.6600 2 1747 -2.7200 -31.7000
-9.7372016305e-01 7.0737646292e-01 -3.4819911733e+00
224 165 176
2 1 1473 -130.6700 111.6500 2 1705 132.3300 36.5600
4.9166915326e-01 1.8399255197e+00 -5.2660725588e+00
64 2 0
2 1 1595 66.9200 195.3500 2 1914 -60.5900 -66.0600
2.5519045913e+00 4.3349978437e-01 -5.4579211820e+00
214 185 121
2 1 1620 287.5600 77.6200 2 1667 -202.7000 102.7500
8.6226812897e-01 -3.9161194811e+00 -1.1736841224e+01
37 33 48
2 1 1696 145.9900 -222.8900 2 1823 26.7100 190.6200
7.9841972379e-01 3.8598517036e-01 -4.9843746983e+00
212 196 202
2 1 1801 108.1600 63.3000 2 1966 -55.4300 80.4300
5.5485435019e-01 1.0889380220e+00 -5.0233830710e+00
128 9 12
2 1 1839 77.1100 131.4000 2 2077 -49.7400 8.4500
-7.6975030844e-02 9.1129859555e-01 -4.9005899981e+00
199 30 50
2 1 1881 12.9100 109.4300 2 2125 15.8200 11.8600
3.9949456857e-01 1.3631088290e+00 -5.1441968889e+00
24 8 9
2 1 1919 60.6900 153.1300 2 2140 -40.7000 -22.6400
