# Bundle file v0.3
3 402
6.6601528638e+02 -7.0395178944e-02 -3.6422215343e-02
8.9911395454e-01 -4.3369602917e-01 -5.9176439898e-02
3.3580788976e-01 5.9673639481e-01 7.2879265658e-01
-2.8076174584e-01 -6.7513956290e-01 6.8217256810e-01
1.0359109718e-01 4.2827909967e+00 -2.5534359861e+00
6.2968293485e+02 -1.6683949896e-01 5.6913242265e-02
9.9971674559e-01 -8.0601868273e-03 2.2393346515e-02
7.7259142822e-03 9.9985803557e-01 1.4973942563e-02
-2.2510860230e-02 -1.4796692052e-02 9.9963709369e-01
2.6688917551e-01 7.0610430947e-02 -1.2173247350e-01
6.2429914350e+02 -1.6780303053e-01 3.8405838644e-02
9.8689856360e-01 -3.6688161414e-02 -1.5711525699e-01
3.9261697355e-02 9.9914035555e-01 1.3306728606e-02
1.5649199433e-01 -1.9301003018e-02 9.8749062122e-01
-4.2100207620e-01 -3.7895594595e-01 -7.3888974750e-01
2.5583682334e+00 7.7947400222e-01 -5.8207833529e+00
205 146 53
2 1 114 272.3300 78.9800 2 839 293.9000 41.8600
2.2631593236e+00 -7.7875113615e-01 -6.8189468017e+00
173 141 34
3 1 965 210.7300 -70.0700 2 502 247.7700 -98.5800 0 986 259.1500 -35.2300
2.7454320637e+00 1.5952871054e+00 -6.1171320229e+00
189 131 46
3 1 1193 273.9300 152.5300 2 1119 297.7700 115.8600 0 1631 172.6400 130.7300
2.7757389519e+00 -7.1006357402e-01 -5.9962593952e+00
221 186 201
3 1 963 286.5700 -69.4200 2 972 314.0900 -101.2600 0 1772 307.8100 39.7500
2.1969374530e+00 -8.7824997781e-01 -6.9189318233e+00
207 178 52
3 1 971 202.2300 -78.2800 2 973 240.4400 -105.6800 0 1882 258.7000 -49.2400
2.1190035752e+00 -1.1418387262e+00 -6.9892526736e+00
206 178 60
3 1 394 193.5400 -100.3100 2 525 233.2600 -126.9100 0 1899 268.1900 -71.7800
2.1304651265e+00 -1.2206547634e+00 -6.9720000502e+00
163 134 23
3 1 1006 194.9400 -107.2800 2 535 234.5900 -133.5900 0 1901 274.3800 -75.1800
2.1304651265e+00 -1.2206547634e+00 -6.9720000502e+00
163 134 23
3 1 1005 194.9400 -107.2800 2 534 234.5900 -133.5900 0 1902 274.3800 -75.1800
2.0253261083e+00 -1.1562956855e+00 -7.1373310881e+00
145 156 122
3 1 996 182.0000 -100.0800 2 984 223.0300 -126.0000 0 1912 259.5300 -84.6900
-3.1540908632e+00 4.7911140635e+00 -1.2167743982e+01
51 12 8
3 1 3 -158.2200 230.6200 2 117 -82.3600 189.2800 0 1972 -204.6600 -138.9200
1.6205599143e+00 -1.4255569604e+00 -7.6088634378e+00
48 30 0
3 1 425 138.6900 -116.9200 2 545 185.5600 -140.7200 0 1982 238.4900 -142.4300
1.6205599143e+00 -1.4255569604e+00 -7.6088634378e+00
48 30 0
3 1 426 138.6900 -116.9200 2 546 185.5600 -140.7200 0 1983 238.4900 -142.4300
2.7786220937e+00 3.1430144095e-01 -6.0332710070e+00
208 149 52
3 1 1732 283.6700 31.3800 2 1398 310.1600 -3.2300 0 2290 243.9300 86.7200
2.1671357556e+00 -1.0115197395e+00 -6.9573804306e+00
206 175 59
3 1 1387 198.5200 -89.3000 2 1260 237.4200 -116.4200 0 2416 264.2500 -60.3700
2.1360723320e+00 -1.0958855838e+00 -6.9728491187e+00
204 177 61
3 1 1395 195.4000 -96.4500 2 982 234.7800 -123.2900 0 2421 267.0000 -67.4000
2.0962794708e+00 -1.2267924696e+00 -7.0105794750e+00
206 179 62
3 1 1004 191.1200 -107.2800 2 995 231.0500 -133.6800 0 2436 271.5200 -79.0900
2.0962794708e+00 -1.2267924696e+00 -7.0105794750e+00
206 179 62
3 1 1003 191.1200 -107.2800 2 994 231.0500 -133.6800 0 2437 271.5200 -79.0900
2.0142523236e+00 -1.2809712110e+00 -7.1155971193e+00
204 176 63
3 1 1009 181.5300 -110.6300 2 998 222.7100 -136.6700 0 2447 266.9600 -91.5700
1.6185761541e+00 -1.4774440114e+00 -7.6218738486e+00
192 168 61
3 1 1405 138.2300 -120.9300 2 1003 185.2800 -144.2800 0 2489 241.3200 -146.6100
-8.9910552414e-01 5.4252823691e-01 -4.2678371370e+00
255 254 253
3 1 1533 -104.9900 77.5000 2 1389 -80.3100 8.8500 0 2602 -81.0800 141.9200
2.7611080511e+00 1.6528776040e+00 -6.0908512079e+00
185 160 109
3 1 1817 275.8600 158.6600 2 1481 299.9400 121.4900 0 2610 171.0600 134.9000
2.7200165570e+00 -8.5113510542e-01 -6.0744330739e+00
228 177 185
3 1 1775 277.9100 -82.5900 2 1557 306.7700 -113.6200 0 2992 311.7400 24.9000
2.7200165570e+00 -8.5113510542e-01 -6.0744330739e+00
228 177 185
3 1 1774 277.9100 -82.5900 2 1556 306.7700 -113.6200 0 2993 311.7400 24.9000
2.8137747056e+00 1.8020819444e+00 -5.9540330825e+00
187 154 79
2 1 24 285.5200 175.9800 2 149 307.8600 138.4800
1.9038635939e+00 1.4601774266e+00 -5.7453741157e+00
151 108 104
2 1 35 209.5100 150.7200 2 206 228.0200 106.4800
-5.6674885698e+00 3.5427310760e+00 -1.4503267367e+01
27 23 34
2 1 42 -240.9500 140.4000 2 207 -148.5100 105.4700
-1.0649212202e+00 9.3314184924e-01 -4.2205765801e+00
208 156 169
2 1 48 -128.8400 133.4600 2 263 -102.8900 55.6500
-6.5748229603e-01 8.4498714215e-01 -4.2872998004e+00
213 153 167
2 1 65 -69.8000 119.7900 2 279 -52.4400 47.0000
-7.2860793647e-01 8.3129985018e-01 -4.2397774956e+00
184 132 148
2 1 67 -80.6200 119.2100 2 281 -62.2300 45.2800
5.7255731539e-01 1.0801531457e+00 -5.7225095153e+00
199 126 145
2 1 74 74.6600 113.9500 2 251 98.6300 63.3200
1.8033947601e+00 1.0228494494e+00 -5.4960898858e+00
152 90 106
2 1 77 210.1500 111.0500 2 247 225.4300 66.1700
-7.3476564490e-01 7.6809370677e-01 -4.2313397021e+00
205 141 161
2 1 78 -81.6500 110.5000 2 296 -62.9700 37.5500
-6.4192957101e-01 7.5470932159e-01 -4.2703490953e+00
176 119 135
2 1 81 -67.9400 107.8200 2 298 -50.5400 36.0100
1.7445502323e+00 9.9238310862e-01 -5.5635683353e+00
179 122 132
2 1 84 201.6400 106.6500 2 254 218.2900 61.9200
-8.2384592885e-01 7.0973234353e-01 -4.2655828584e+00
224 188 212
2 1 87 -93.9600 101.4200 2 318 -72.0100 29.3400
3.1845394318e-01 6.7217465016e-01 -5.4491184021e+00
146 110 128
2 1 122 51.4700 74.4700 2 333 74.1400 23.8900
-1.8825875131e-01 6.4826509660e-01 -5.3696759039e+00
204 168 185
2 1 125 -5.4000 72.9100 2 341 21.9200 19.3900
2.1890054434e-02 6.4110649721e-01 -5.4057002056e+00
226 212 228
2 1 131 18.4300 71.6300 2 342 43.7200 19.4900
-5.2140204284e-01 4.6711757757e-01 -4.4061954799e+00
156 103 119
2 1 135 -49.5900 65.0100 2 372 -31.3200 0.9700
-6.8753309512e-01 4.1197742234e-01 -4.3597955632e+00
165 100 120
2 1 147 -73.1900 57.8400 2 381 -51.9000 -6.3600
-7.4319855770e-01 3.7744635720e-01 -4.3312374521e+00
184 116 135
2 1 159 -81.4100 53.3600 2 388 -59.1200 -10.8100
2.7327618410e+00 5.2292575588e-01 -6.0404839784e+00
209 170 96
2 1 163 279.3600 51.1100 2 346 305.2300 16.3200
-9.3287776610e-01 3.5413152536e-01 -4.3222644046e+00
220 159 174
2 1 168 -108.2800 49.9700 2 391 -81.4200 -14.4900
2.5465871305e+00 2.5361450220e-01 -6.0431805785e+00
204 156 73
2 1 202 263.2100 23.9700 2 385 288.4300 -9.1600
-4.9034348401e-01 1.2702557412e-01 -4.4558784266e+00
212 158 169
2 1 212 -44.6300 17.4800 2 420 -25.0600 -39.4800
1.8921086050e+00 -2.3224017444e-02 -5.6858818398e+00
174 132 79
2 1 236 214.6000 -2.6500 2 918 235.1300 -40.3400
-1.1430410544e+00 -2.1582813071e-01 -4.7966572775e+00
125 179 218
2 1 288 -125.6100 -28.8100 2 471 -86.4500 -77.3500
1.2684441661e+00 -2.6907079268e-01 -5.6543902829e+00
196 136 147
2 1 289 151.7100 -29.5500 2 456 173.6700 -67.4700
5.1112738091e-01 -5.4273772923e-01 -5.8177742626e+00
172 20 32
2 1 349 68.8500 -58.6100 2 498 98.5600 -94.8200
5.1112738091e-01 -5.4273772923e-01 -5.8177742626e+00
172 20 32
2 1 350 68.8500 -58.6100 2 499 98.5600 -94.8200
2.7828354804e+00 -6.7099542075e-01 -5.9788874308e+00
202 71 110
2 1 356 288.0500 -65.8300 2 500 315.5700 -97.9100
2.1176036270e+00 -1.1409281304e+00 -6.9835388084e+00
206 178 60
2 1 395 193.5400 -100.3100 2 526 233.2600 -126.9100
4.9731994593e-01 -2.3679145212e+00 -1.4309077964e+01
46 37 40
2 1 408 20.1100 -109.0200 2 517 100.7300 -122.1500
4.9731994593e-01 -2.3679145212e+00 -1.4309077964e+01
46 37 40
2 1 409 20.1100 -109.0200 2 518 100.7300 -122.1500
1.9907783235e-01 -2.7744135158e+00 -1.4911099863e+01
71 63 74
2 1 432 6.4800 -122.1900 2 536 89.0700 -134.0300
6.4467159605e-01 -2.6229863905e+00 -1.4041459544e+01
84 71 78
2 1 433 27.3700 -122.0700 2 537 107.3300 -134.7500
-1.2654829244e+00 -3.4962061607e+00 -1.7610415856e+01
47 42 52
2 1 444 -48.3000 -130.8800 2 547 41.5100 -140.8000
5.3821971550e-01 -2.8708444498e+00 -1.4202174996e+01
62 52 56
2 1 448 22.2900 -131.5300 2 550 103.0600 -143.8700
1.1495897971e+00 -2.7961156800e+00 -1.3150815002e+01
84 76 94
2 1 463 53.9200 -137.2900 2 557 131.0200 -150.0400
2.3270737774e+00 -1.5717362571e+00 -6.6496121577e+00
193 189 82
2 1 475 221.0700 -142.5100 2 579 257.7300 -168.3200
9.9864052866e-01 -3.0131239889e+00 -1.3472992554e+01
59 49 59
2 1 477 45.3800 -144.0800 2 562 123.8800 -156.6500
4.1166298796e-01 -3.4949871629e+00 -1.4479501094e+01
43 35 44
2 1 493 16.3800 -155.7800 2 573 98.4000 -166.7400
4.1166298796e-01 -3.4949871629e+00 -1.4479501094e+01
43 35 44
2 1 494 16.3800 -155.7800 2 574 98.4000 -166.7400
4.9314935358e-01 -3.4669433998e+00 -1.4282864690e+01
67 61 78
2 1 495 20.2900 -156.4200 2 575 101.7900 -167.6700
1.3590040614e+00 -3.1381299079e+00 -1.2692805198e+01
82 75 89
2 1 501 66.4500 -157.8800 2 582 142.3400 -170.5100
1.3590040614e+00 -3.1381299079e+00 -1.2692805198e+01
82 75 89
2 1 502 66.4500 -157.8800 2 583 142.3400 -170.5100
-4.0299431892e-02 -3.8385245389e+00 -1.5258330989e+01
53 44 52
2 1 508 -3.4000 -162.5200 2 586 81.0800 -172.4500
1.2085107148e+00 -3.3459507405e+00 -1.3171701463e+01
47 35 48
2 1 509 56.6300 -162.4600 2 593 134.2000 -174.2300
2.5778864936e-01 -3.7469383868e+00 -1.4799357970e+01
60 54 59
2 1 512 9.3300 -163.0700 2 589 92.5000 -173.6400
3.3112733086e-01 -3.6985087729e+00 -1.4609262363e+01
40 31 39
2 1 513 12.7600 -163.0600 2 591 95.3200 -173.5800
-1.2259697032e+00 -4.4214636651e+00 -1.7460359962e+01
40 34 36
2 1 518 -46.8100 -164.2300 2 587 43.4500 -173.0000
-1.2259697032e+00 -4.4214636651e+00 -1.7460359962e+01
40 34 36
2 1 519 -46.8100 -164.2300 2 588 43.4500 -173.0000
1.1060207098e+00 -3.4188507328e+00 -1.3197195946e+01
40 31 38
2 1 527 51.7100 -165.5600 2 596 129.5700 -177.2800
2.3634400175e-01 -3.8987653235e+00 -1.5025856563e+01
35 30 38
2 1 530 8.1500 -166.9900 2 595 91.9000 -177.1900
1.4302756929e+00 -3.2958549641e+00 -1.2558814992e+01
77 66 72
2 1 532 70.7800 -166.9900 2 603 146.2800 -179.3200
1.0048278943e+00 -3.7123037441e+00 -1.3364391086e+01
32 29 35
2 1 542 46.2800 -177.0300 2 620 124.9600 -188.1400
1.2272374045e+00 -3.6084364887e+00 -1.2950551782e+01
38 29 36
2 1 543 58.6300 -176.9900 2 625 135.9100 -188.8600
1.8565226965e-01 -4.3207708435e+00 -1.4947381406e+01
27 25 32
2 1 556 6.3000 -184.9400 2 634 90.2400 -194.3800
8.9827312086e-01 -4.0434665938e+00 -1.3591986560e+01
55 49 58
2 1 562 40.4600 -188.9100 2 639 120.2300 -199.6700
8.9827312086e-01 -4.0434665938e+00 -1.3591986560e+01
55 49 58
2 1 563 40.4600 -188.9100 2 640 120.2300 -199.6700
5.6441604694e-01 -4.2293735281e+00 -1.4185642967e+01
48 44 50
2 1 566 23.7900 -189.8400 2 641 105.5500 -199.8900
1.5381030062e+00 -3.7973220030e+00 -1.2417706980e+01
71 67 84
2 1 576 76.9700 -192.8200 2 646 152.3400 -204.4000
1.3240586977e+00 -3.9403939618e+00 -1.2752992009e+01
38 33 36
2 1 583 64.3800 -195.0500 2 656 141.1900 -206.3400
1.3842865173e+00 -3.9262135256e+00 -1.2711295447e+01
72 66 85
2 1 584 67.5100 -194.8600 2 653 144.1400 -206.3000
1.0243948941e+00 -4.1423419631e+00 -1.3423829164e+01
31 25 28
2 1 586 46.9100 -195.4100 2 652 126.1300 -206.0300
1.6825594133e+00 -3.8343367442e+00 -1.2198913980e+01
50 40 47
2 1 587 85.6700 -197.3900 2 658 160.3300 -209.4700
1.0109089134e+00 -4.3740926312e+00 -1.3431290748e+01
58 51 63
2 1 605 46.2600 -205.5700 2 663 125.7100 -215.8900
1.1437316079e+00 -4.3209260246e+00 -1.3255816408e+01
59 54 68
2 1 606 53.1900 -205.6400 2 1047 131.9100 -215.9600
1.3000941743e+00 -4.3636097943e+00 -1.2862407106e+01
65 61 78
2 1 622 62.5800 -213.1600 2 676 140.0400 -223.6200
1.1019606424e+00 -4.5528349766e+00 -1.3184633956e+01
53 48 54
2 1 637 51.5900 -217.0900 2 686 130.3500 -227.0900
1.7616313709e+00 -4.2360987471e+00 -1.2101883988e+01
63 59 75
2 1 641 90.3100 -218.4400 2 694 164.8300 -229.7500
2.0921684875e+00 -4.0741686159e+00 -1.1460977478e+01
49 40 51
2 1 644 113.1900 -220.4300 2 699 185.1300 -232.9400
2.5411710865e+00 1.8449752472e+00 -6.4049884999e+00
180 147 90
2 1 717 243.2200 168.7600 2 764 270.5500 132.3400
2.5411710865e+00 1.8449752472e+00 -6.4049884999e+00
180 147 90
2 1 718 243.2200 168.7600 2 765 270.5500 132.3400
2.4895216765e+00 1.8099853485e+00 -6.5053770985e+00
171 134 72
2 1 721 235.3300 163.3600 2 174 263.9500 127.1500
-3.8183015437e+00 3.6129553671e+00 -1.2932616388e+01
66 50 53
2 1 722 -182.5000 163.2100 2 1099 -99.6600 126.6100
2.7916680539e+00 1.6012813109e+00 -6.0097071590e+00
181 137 63
2 1 729 282.1300 155.4400 2 781 305.5000 118.6500
2.7916680539e+00 1.6012813109e+00 -6.0097071590e+00
181 137 63
2 1 730 282.1300 155.4400 2 782 305.5000 118.6500
2.7537849646e+00 1.6033573692e+00 -6.0230562022e+00
183 162 104
2 1 731 278.2300 155.2400 2 1114 301.4600 118.6500
2.7502411770e+00 1.5305249087e+00 -6.0714395324e+00
191 162 94
2 1 739 276.0800 147.3800 2 199 300.3100 110.8300
2.7900679419e+00 1.4931874868e+00 -6.0217591924e+00
188 163 88
2 1 741 281.9700 144.8600 2 795 305.7100 108.3600
-1.0366858230e+00 9.7960241619e-01 -4.2374810459e+00
202 145 159
2 1 744 -124.3800 139.5300 2 255 -99.0900 61.2200
1.7703738280e+00 1.2845872951e+00 -5.5593106734e+00
152 103 107
2 1 746 203.5400 137.3400 2 1136 219.2000 91.8700
-1.0851582674e+00 8.6721817501e-01 -4.2012450972e+00
179 121 135
2 1 759 -132.3400 124.7400 2 278 -105.7300 47.6800
-4.9239337683e+00 2.8511906527e+00 -1.3113108772e+01
21 18 19
2 1 760 -230.6000 124.3700 2 222 -141.7900 89.8200
4.4192352119e-01 1.1606885853e+00 -5.6627223363e+00
145 25 51
2 1 761 61.5700 123.6000 2 813 85.1900 71.4400
-9.4282670230e-01 8.4642517493e-01 -4.2001002600e+00
213 152 171
2 1 763 -112.0600 122.1800 2 280 -88.9900 46.0700
-1.2179739225e+00 7.9968140645e-01 -4.2148570155e+00
215 152 163
2 1 767 -150.9000 114.4200 2 842 -120.3100 38.5000
-1.0378455822e+00 7.8625104764e-01 -4.1651538591e+00
186 122 138
2 1 770 -126.5700 114.3300 2 294 -101.3400 38.4700
-5.8073113963e-02 1.0362601581e+00 -5.5829411041e+00
113 3 6
2 1 773 8.3800 111.8700 2 824 35.6600 57.7100
-6.0566798800e+00 2.8354457121e+00 -1.4440929578e+01
54 45 48
2 1 774 -258.0400 111.0200 2 235 -163.0900 78.1000
-1.0796554907e+00 7.2858201433e-01 -4.1794658674e+00
220 152 167
2 1 781 -132.2400 105.5300 2 315 -105.5100 31.0500
-9.6213936667e-01 7.2840856646e-01 -4.2116464098e+00
222 166 184
2 1 782 -114.6100 104.9500 2 312 -90.4600 31.4600
-8.6618847665e-01 7.2551861309e-01 -4.2621114636e+00
233 207 227
2 1 783 -100.0200 103.6400 2 316 -77.1900 31.0600
-1.0337387116e+00 5.5326063634e-01 -4.2335621601e+00
166 156 194
2 1 810 -124.5000 79.4300 2 357 -97.2400 9.4000
3.3471045589e-01 7.0018711563e-01 -5.4628218479e+00
247 234 240
2 1 815 53.0600 77.4300 2 323 75.7700 26.7000
9.5843096246e-02 6.7290580463e-01 -5.3970859738e+00
221 205 217
2 1 817 26.7800 75.4700 2 334 51.1500 23.0200
6.0382897019e-02 6.5478940249e-01 -5.4066720686e+00
223 211 225
2 1 818 22.7500 73.2100 2 338 47.6300 21.0200
-8.1160483594e-01 3.7839463526e-01 -4.3189928020e+00
210 138 155
2 1 838 -91.1700 53.4500 2 387 -67.6300 -10.8600
-8.0534647565e-01 3.5584599664e-01 -4.3412602782e+00
230 167 178
2 1 844 -89.9800 50.1000 2 889 -66.0000 -13.6800
-5.0594184912e-01 3.2826876827e-01 -4.3882354771e+00
216 165 172
2 1 851 -47.4900 46.0400 2 891 -29.3300 -15.7200
-1.0501345821e+00 3.1268750621e-01 -4.3559693160e+00
223 163 172
2 1 854 -123.8400 43.4600 2 394 -93.6200 -19.7700
-4.6056801649e-01 2.4376040505e-01 -4.4153139948e+00
162 105 112
2 1 863 -40.8900 33.9900 2 400 -22.9900 -25.6000
-1.0050605987e+00 2.4157952404e-01 -4.3559331196e+00
216 151 163
2 1 864 -117.6000 33.6400 2 405 -88.1100 -28.1700
-1.0235340341e+00 1.5390423999e-01 -4.3274441456e+00
219 157 172
2 1 877 -120.7800 21.4600 2 419 -90.9100 -38.8000
-9.7291265960e-01 9.9791286879e-02 -4.3317509032e+00
202 138 154
2 1 885 -113.6000 13.9300 2 427 -84.6300 -45.2000
-4.8201207047e-01 6.6156536705e-02 -4.4763048259e+00
165 108 123
2 1 891 -43.3900 9.1900 2 922 -23.2300 -46.7600
-4.8201207047e-01 6.6156536705e-02 -4.4763048259e+00
165 108 123
2 1 892 -43.3900 9.1900 2 923 -23.2300 -46.7600
-5.4912531169e-01 -1.5667716766e-02 -4.5350346943e+00
219 170 179
2 1 905 -52.1900 -1.9100 2 442 -29.0800 -56.4800
9.1141928579e-01 -8.9076251007e-02 -5.9129904851e+00
168 125 138
2 1 912 108.2800 -10.2400 2 436 135.7200 -49.2400
9.1141928579e-01 -8.9076251007e-02 -5.9129904851e+00
168 125 138
2 1 913 108.2800 -10.2400 2 437 135.7200 -49.2400
-1.1349785470e+00 -1.6482474150e-01 -4.7380822479e+00
75 98 156
2 1 926 -125.9400 -22.4700 2 465 -87.7400 -72.3500
1.2963468135e+00 -2.8790371002e-01 -5.6675843325e+00
128 65 73
2 1 938 154.2400 -31.4100 2 947 176.4200 -69.2200
1.7130337049e-01 -4.0810582900e-01 -6.2172921044e+00
145 10 16
2 1 949 29.9100 -42.4100 2 474 67.2900 -78.5600
2.2457331152e+00 -6.2748803531e-01 -6.8432146187e+00
164 134 25
2 1 957 208.4500 -56.7900 2 482 245.6500 -85.4600
1.1688482743e+00 -5.2673100885e-01 -5.6955485385e+00
134 71 86
2 1 959 140.3000 -56.9900 2 492 164.0000 -93.0600
1.0466151494e+00 -5.2445786812e-01 -5.6593466727e+00
177 108 124
2 1 960 128.3800 -57.3200 2 495 152.0300 -93.5900
2.7482898661e+00 -7.7488655898e-01 -6.0077472157e+00
220 183 198
2 1 967 283.6200 -75.9700 2 975 311.5300 -107.3900
2.1663217423e+00 -8.9324569485e-01 -6.9372607526e+00
165 138 36
2 1 975 199.0300 -79.4700 2 507 237.6900 -106.8100
2.7297637811e+00 -8.3420034820e-01 -6.0390803161e+00
221 165 180
2 1 977 280.5600 -81.6000 2 513 308.8700 -112.4800
2.7084155930e+00 -9.3145976003e-01 -6.0723175677e+00
220 178 192
2 1 983 277.0800 -90.6300 2 979 306.0300 -121.2600
-2.7301741546e+00 -2.0398434014e+00 -1.4930782166e+01
104 77 83
2 1 985 -115.9800 -92.3500 2 506 -27.1900 -106.5400
2.6677204953e+00 -9.6448599201e-01 -6.1336124129e+00
218 174 184
2 1 986 270.7600 -93.1900 2 521 300.5000 -123.4700
2.0194564649e+00 -1.1522214372e+00 -7.1117744384e+00
145 156 122
2 1 997 182.0000 -100.0800 2 985 223.0300 -126.0000
2.0549471494e+00 -1.1466574784e+00 -7.0608495281e+00
205 178 67
2 1 998 186.2400 -100.0500 2 986 226.7800 -126.3200
2.0702150094e+00 -1.1919188062e+00 -7.0292852208e+00
160 133 40
2 1 1000 188.3200 -104.2100 2 531 228.6400 -130.5100
2.0702150094e+00 -1.1919188062e+00 -7.0292852208e+00
160 133 40
2 1 1001 188.3200 -104.2100 2 532 228.6400 -130.5100
2.0429013331e-02 -2.4256664174e+00 -1.5215593737e+01
44 32 32
2 1 1002 -1.4100 -105.7500 2 515 81.8700 -118.3400
3.7298977810e-01 -2.4263857594e+00 -1.4534216946e+01
38 26 27
2 1 1007 14.3100 -110.1200 2 519 95.6100 -122.9000
6.1452894798e-01 -2.8492700109e+00 -1.4120259560e+01
46 35 37
2 1 1023 25.8900 -131.3600 2 1002 106.2500 -143.5300
1.0688421985e+00 -2.7223390683e+00 -1.3264744258e+01
97 94 110
2 1 1026 49.6000 -132.9300 2 1006 127.0100 -145.6400
9.4810756655e-01 -2.8533145079e+00 -1.3432927484e+01
92 90 110
2 1 1029 43.2600 -137.4000 2 1010 121.4600 -149.9500
9.4810756655e-01 -2.8533145079e+00 -1.3432927484e+01
92 90 110
2 1 1030 43.2600 -137.4000 2 1011 121.4600 -149.9500
1.0122296043e+00 -2.8226455329e+00 -1.3223017752e+01
55 43 47
2 1 1031 47.1200 -137.8600 2 560 124.6800 -150.7000
-2.9841696528e-01 -3.4064448985e+00 -1.5898829089e+01
32 25 32
2 1 1034 -14.0700 -139.9700 2 558 71.6300 -150.4200
1.0891544252e-01 -3.4583813377e+00 -1.5056514630e+01
37 27 32
2 1 1040 2.7000 -148.8600 2 567 86.4200 -159.8900
-3.2189340203e-01 -3.6606370164e+00 -1.5812028729e+01
33 27 34
2 1 1042 -14.9000 -150.5300 2 1016 70.8800 -160.5900
-6.1435617715e-01 -3.8608374059e+00 -1.6446642610e+01
48 42 54
2 1 1045 -25.9400 -152.5400 2 1272 61.6200 -162.5300
1.1964529377e+00 -3.1599694494e+00 -1.2995140367e+01
44 36 47
2 1 1047 56.9700 -155.7800 2 578 133.9100 -168.0200
2.2526877245e+00 -1.7433476782e+00 -6.6921459040e+00
205 155 49
2 1 1048 213.0200 -156.7600 2 610 250.6500 -182.4000
2.2526877245e+00 -1.7433476782e+00 -6.6921459040e+00
205 155 49
2 1 1049 213.0200 -156.7600 2 611 250.6500 -182.4000
1.4845759048e+00 -3.2460076702e+00 -1.2503389402e+01
46 36 44
2 1 1055 73.7700 -165.1000 2 598 149.0600 -177.7600
-5.1087300370e-01 -4.1671728798e+00 -1.6160293380e+01
47 45 57
2 1 1056 -21.9700 -166.7300 2 1026 65.0500 -175.9100
-2.3074624790e-01 -4.1194250581e+00 -1.5657426939e+01
58 51 58
2 1 1059 -11.1400 -169.6600 2 1029 74.5900 -179.1100
1.1170867534e+00 -3.5495971030e+00 -1.3171109993e+01
41 30 32
2 1 1065 52.3600 -171.8400 2 612 130.2500 -183.3700
8.8830982315e-01 -3.7284030663e+00 -1.3589050339e+01
77 66 77
2 1 1068 40.0300 -175.1500 2 618 119.4700 -186.1400
4.5165884375e-01 -3.9889477109e+00 -1.4286179459e+01
54 44 44
2 1 1075 18.7600 -179.0200 2 623 100.4300 -188.4600
1.4093300813e+00 -3.6396616665e+00 -1.2543254972e+01
76 70 84
2 1 1078 69.7500 -183.3900 2 636 145.7100 -195.7400
-5.9579970719e-01 -4.7666864399e+00 -1.6420646400e+01
17 14 17
2 1 1084 -24.8300 -186.4200 2 633 63.1300 -194.6700
4.9452310188e-01 -4.2954991964e+00 -1.4326049640e+01
20 18 20
2 1 1090 20.4300 -190.9400 2 1039 102.6600 -200.8500
1.2436789362e+00 -4.2876675825e+00 -1.2953079130e+01
61 56 74
2 1 1111 59.4200 -208.4100 2 1052 137.1400 -218.8900
1.9011549320e+00 -3.9797452776e+00 -1.1703535359e+01
31 24 31
2 1 1116 100.9300 -211.9300 2 681 173.8100 -224.2200
7.0674008539e-01 -4.7157971563e+00 -1.3805926035e+01
45 42 48
2 1 1125 31.1700 -215.3500 2 683 112.2600 -225.0600
3.6871272795e-01 -4.9767136592e+00 -1.4595997938e+01
41 38 44
2 1 1127 14.6800 -215.7700 2 1057 98.0600 -224.2700
1.6228404054e+00 -4.2550541354e+00 -1.2322331136e+01
32 27 36
2 1 1128 81.6300 -215.7300 2 689 157.1700 -227.3700
2.2924857732e+00 -3.9920524740e+00 -1.1075845388e+01
34 27 30
2 1 1143 128.1800 -222.5000 2 1067 198.4700 -235.7300
-3.6220535187e+00 4.8092167972e+00 -1.2313329775e+01
21 11 8
2 1 1161 -179.3700 228.1900 2 734 -101.1200 186.1100
-3.5551543389e+00 4.7352002693e+00 -1.2347152131e+01
76 33 10
2 1 1163 -175.8200 224.2100 2 735 -97.7400 182.7700
1.0963850267e+00 1.7671439537e+00 -5.9469999108e+00
137 18 32
2 1 1175 122.6000 177.4500 2 770 145.2800 127.9800
2.7656566046e+00 1.7051926012e+00 -6.0417131339e+00
183 133 40
2 1 1182 277.8000 164.7600 2 771 301.5400 127.3900
2.5331534455e+00 1.7590228820e+00 -6.4335427397e+00
183 153 93
2 1 1187 241.8000 160.4900 2 1101 269.7800 124.1400
2.6780155323e+00 1.6646852800e+00 -6.2208156797e+00
186 130 45
2 1 1192 262.7800 156.8400 2 1112 288.8000 119.9400
1.9535806858e+00 1.4295595464e+00 -5.7798880393e+00
88 48 47
2 1 1197 213.2000 146.8100 2 1345 232.5000 102.9500
-1.0400020036e+00 1.0344519577e+00 -4.2623375603e+00
169 127 140
2 1 1199 -124.2200 146.3900 2 817 -98.6500 67.3800
1.7821762307e+00 1.3762502552e+00 -5.6330314600e+00
107 60 58
2 1 1202 201.5900 145.3700 2 1349 218.6500 99.5400
-8.5890773888e-01 8.9827017251e-01 -4.2211454838e+00
151 98 119
2 1 1210 -99.5900 129.0800 2 1153 -78.5000 52.7200
-9.0133839671e-01 8.2327146126e-01 -4.1995169868e+00
166 98 121
2 1 1216 -106.1300 118.9800 2 834 -84.0300 43.5200
-9.0133839671e-01 8.2327146126e-01 -4.1995169868e+00
166 98 121
2 1 1217 -106.1300 118.9800 2 835 -84.0300 43.5200
-8.5097395118e-01 8.2227230312e-01 -4.2050670752e+00
172 101 117
2 1 1218 -98.7600 118.7400 2 836 -77.8900 43.7100
-8.6003677352e-01 7.9273417306e-01 -4.2097697633e+00
221 158 170
2 1 1220 -99.9400 114.3200 2 841 -78.7500 40.0500
-7.1374609102e-01 7.8954251262e-01 -4.2516088206e+00
217 162 173
2 1 1221 -78.4700 113.2000 2 1165 -59.7500 39.9200
1.3686594362e+00 1.1687869970e+00 -6.1976708072e+00
111 3 8
2 1 1222 144.9800 112.8900 2 1143 171.6500 70.0500
1.3686594362e+00 1.1687869970e+00 -6.1976708072e+00
111 3 8
2 1 1223 144.9800 112.8900 2 1144 171.6500 70.0500
-1.4133109833e-01 9.2521048054e-01 -5.4943379418e+00
151 16 25
2 1 1231 -0.6500 101.8600 2 1160 27.1400 46.7300
-7.5118075477e-02 9.0719965643e-01 -5.5260718693e+00
161 20 27
2 1 1236 6.7000 99.1800 2 1161 34.0700 45.1100
-5.8922477529e-01 6.7047905583e-01 -4.3140288356e+00
177 116 132
2 1 1240 -59.9600 94.9700 2 1180 -42.6800 25.7100
1.3000691512e+00 6.7742280639e-01 -5.9103423917e+00
163 22 27
2 1 1256 146.6000 68.7000 2 851 170.4300 26.0800
9.1639940899e-01 6.3164024902e-01 -5.7940464884e+00
151 15 27
2 1 1261 110.2800 65.4900 2 1183 134.1100 20.6500
-8.0792550339e-01 4.3674980380e-01 -4.3374166038e+00
207 149 169
2 1 1264 -90.3900 61.4500 2 376 -66.8100 -3.8600
-5.1824119923e-01 4.3004780618e-01 -4.3804999363e+00
116 68 83
2 1 1265 -49.4800 60.5300 2 1201 -31.2400 -3.7300
2.3176368408e+00 6.0068062706e-01 -6.7929126472e+00
194 154 57
2 1 1274 214.6800 51.9300 2 1184 249.1500 19.0100
-4.8244274285e-01 3.5051348126e-01 -4.3918086821e+00
163 103 118
2 1 1278 -44.2000 49.1100 2 1211 -26.5600 -12.9200
-1.0952931392e+00 3.1694891912e-01 -4.3521430117e+00
192 131 149
2 1 1284 -130.1500 43.9400 2 1216 -99.0000 -19.3400
-1.0126204099e+00 3.1171835024e-01 -4.3347786579e+00
195 131 146
2 1 1285 -119.1400 43.6700 2 897 -90.0500 -19.8300
-4.3412105936e-01 2.9235792010e-01 -4.4146547585e+00
201 139 154
2 1 1289 -37.3100 40.8400 2 1217 -20.0300 -19.7300
-9.5451051283e-01 2.7391808508e-01 -4.3714151252e+00
237 176 184
2 1 1292 -110.2200 38.0600 2 903 -81.9300 -24.0500
-1.2930244920e+00 2.6422226583e-01 -4.4961588721e+00
240 177 186
2 1 1293 -153.1500 34.9000 2 904 -115.2900 -25.9300
2.2063897578e+00 3.7617477327e-01 -6.8992372898e+00
125 84 36
2 1 1297 202.5800 31.2600 2 1195 238.4100 -0.4300
-1.0028001596e+00 2.0818554108e-01 -4.3309091255e+00
175 108 126
2 1 1298 -117.8200 29.1300 2 912 -88.6300 -32.2100
-4.3603456974e-01 1.6561143526e-01 -4.4559559017e+00
213 154 162
2 1 1307 -37.0900 22.6800 2 915 -18.9700 -34.4900
8.4226079697e-01 -1.3950873936e-01 -5.9428507792e+00
167 131 145
2 1 1335 100.6700 -15.4400 2 1234 129.1000 -54.1500
2.5101108652e-01 -2.8840446142e-01 -6.2427339003e+00
167 20 26
2 1 1349 37.6600 -30.7000 2 943 74.0800 -66.9600
5.3280961444e-01 -3.7308026627e-01 -5.8496503919e+00
121 3 8
2 1 1355 70.5500 -40.5100 2 956 100.1400 -78.0700
-1.1627920337e+00 -3.9420212265e-01 -5.0347671688e+00
195 147 159
2 1 1361 -122.7300 -49.6100 2 493 -80.3100 -93.5000
2.2330536360e+00 -7.3842543561e-01 -6.8132758158e+00
219 183 55
2 1 1365 208.2500 -66.6500 2 968 245.4400 -95.3700
2.2330536360e+00 -7.3842543561e-01 -6.8132758158e+00
219 183 55
2 1 1366 208.2500 -66.6500 2 969 245.4400 -95.3700
2.1526400104e+00 -8.4852262642e-01 -6.9588818119e+00
207 178 60
2 1 1377 197.2500 -75.3800 2 1255 236.1000 -102.9100
2.1691543245e+00 -9.2715564344e-01 -6.8527022261e+00
205 179 56
2 1 1382 201.6300 -82.9700 2 1259 239.6400 -111.0400
2.0432292782e+00 -1.1932888299e+00 -7.0873150262e+00
205 181 57
2 1 1396 184.5600 -103.7300 2 991 225.4500 -129.7100
2.1059223961e+00 -1.1859962772e+00 -6.9936248671e+00
206 177 54
2 1 1397 192.3000 -104.1600 2 992 232.1500 -130.4000
2.0543997109e+00 -1.3335603521e+00 -7.0557688693e+00
203 177 52
2 1 1402 186.2500 -115.9900 2 1267 227.0700 -141.5900
3.2393812522e-01 -2.6020080716e+00 -1.4674544991e+01
46 33 36
2 1 1403 12.0200 -116.6000 2 990 93.8400 -128.9800
3.8535682825e-01 -2.7532081075e+00 -1.4580231560e+01
40 29 30
2 1 1407 14.8900 -123.7400 2 996 96.4700 -135.7000
5.1788307621e-01 -2.7993651573e+00 -1.4349293406e+01
47 35 39
2 1 1409 21.0300 -127.2700 2 1000 102.0900 -139.6200
-4.2194798931e+00 -3.0256712379e+00 -1.5371895671e+01
42 16 19
2 1 1412 -171.7400 -129.6300 2 543 -77.0400 -140.7500
7.7486492030e-01 -2.8199888851e+00 -1.3661772852e+01
48 38 36
2 1 1415 34.5100 -134.0500 2 1009 113.4200 -146.3000
5.4783889091e-01 -3.9359828968e+00 -1.4259558098e+01
33 26 31
2 1 1431 22.7900 -176.4600 2 1282 104.5900 -187.1600
5.4783889091e-01 -3.9359828968e+00 -1.4259558098e+01
33 26 31
2 1 1432 22.7900 -176.4600 2 1283 104.5900 -187.1600
3.6531215236e-01 -4.0137185016e+00 -1.4443069216e+01
31 25 30
2 1 1434 14.5600 -177.8300 2 1032 97.0500 -188.1800
1.7371615675e+00 -3.6178407579e+00 -1.2046690793e+01
39 30 35
2 1 1437 89.7300 -189.0600 2 1293 163.5400 -201.2500
7.6882411102e-01 -4.3795485884e+00 -1.3839161000e+01
29 26 35
2 1 1441 33.8200 -200.5200 2 1044 114.5900 -210.5000
1.8879119051e+00 -3.7686061260e+00 -1.1663805779e+01
87 79 92
2 1 1443 100.7600 -202.1300 2 1295 173.2100 -214.3500
1.8879119051e+00 -3.7686061260e+00 -1.1663805779e+01
87 79 92
2 1 1444 100.7600 -202.1300 2 1296 173.2100 -214.3500
1.3276169920e+00 -4.1614275115e+00 -1.2843500544e+01
59 51 61
2 1 1446 64.0600 -204.2400 2 1297 141.1900 -214.7300
4.7251062733e-01 -4.7482388561e+00 -1.4386990548e+01
46 39 46
2 1 1447 19.4700 -209.1300 2 1298 102.1100 -218.0800
1.5511164712e+00 -4.3176537499e+00 -1.2553902765e+01
59 54 64
2 1 1451 76.5500 -215.4600 2 1301 152.7700 -226.2300
6.3524070802e-01 1.9037863040e+00 -5.9357666746e+00
74 1 3
2 1 1473 76.5900 191.4600 2 1323 100.5700 138.7500
2.5936343045e+00 1.6981884090e+00 -6.3560678474e+00
184 153 79
2 1 1485 250.0500 156.8600 2 1111 277.4900 120.2400
8.7955898709e-02 1.4126604576e+00 -5.6557497614e+00
85 0 1
2 1 1489 23.4200 150.2900 2 1134 49.1400 94.3500
1.5732179692e-01 1.3897592169e+00 -5.6367536253e+00
93 0 3
2 1 1491 31.0200 148.4100 2 1494 55.9200 92.7900
1.5732179692e-01 1.3897592169e+00 -5.6367536253e+00
93 0 3
2 1 1492 31.0200 148.4100 2 1495 55.9200 92.7900
1.8409717861e+00 1.2849748755e+00 -5.6157185917e+00
85 44 45
2 1 1498 208.4600 136.3000 2 1496 225.5100 90.8900
1.8409717861e+00 1.2849748755e+00 -5.6157185917e+00
85 44 45
2 1 1499 208.4600 136.3000 2 1497 225.5100 90.8900
-1.0299152696e+00 8.6918872483e-01 -4.1789897376e+00
121 68 86
2 1 1504 -125.0600 125.9000 2 1156 -100.0800 48.4600
-9.0537641092e-01 8.5721374225e-01 -4.1890815077e+00
215 154 169
2 1 1505 -106.8400 124.0300 2 1157 -85.0900 47.8700
-8.7051255031e-01 8.5692276824e-01 -4.1942779746e+00
215 152 169
2 1 1506 -101.7400 123.9300 2 1363 -80.7400 47.9800
-1.0212299156e+00 8.2577949578e-01 -4.1529269590e+00
214 157 167
2 1 1507 -124.4100 120.3600 2 1367 -100.0400 43.6100
-9.3230728895e-01 7.9363619428e-01 -4.2201570145e+00
216 155 170
2 1 1512 -110.2400 114.2400 2 1166 -86.7200 39.3500
-1.0074535923e+00 7.6335341419e-01 -4.1776343397e+00
228 166 179
2 1 1515 -121.9100 110.7800 2 1167 -97.1800 35.7200
-8.8498379307e-01 7.6539342627e-01 -4.2459524403e+00
218 146 162
2 1 1516 -102.9500 109.6000 2 1168 -80.1600 36.0000
-6.7411754512e-01 7.4872467179e-01 -4.2698144409e+00
220 167 180
2 1 1518 -72.6400 107.1100 2 1170 -54.2300 34.9000
2.5460476076e-02 8.9401689037e-01 -5.5689120927e+00
180 26 40
2 1 1528 17.6800 96.8600 2 1366 44.4500 44.0500
-6.0682849022e-01 6.2596608980e-01 -4.3122344449e+00
222 163 178
2 1 1530 -62.3800 88.6400 2 1381 -44.7300 20.3200
-1.7140491745e-01 6.8119951312e-01 -5.3833731804e+00
110 13 22
2 1 1535 -3.4400 76.3000 2 1378 23.5700 22.9300
9.3950949039e-01 5.8685249632e-01 -5.7228843592e+00
87 2 6
2 1 1545 114.2400 61.6900 2 1385 137.0200 16.5900
1.5226989851e+00 5.3516327800e-01 -6.2122878844e+00
130 12 15
2 1 1552 160.6500 51.1700 2 1386 188.4900 12.3100
2.2236785852e+00 5.5386989730e-01 -6.8827867400e+00
167 128 77
2 1 1555 204.0800 47.1800 2 1188 239.6700 14.3500
2.2987113495e+00 5.0275683370e-01 -6.8041203409e+00
184 149 86
2 1 1556 212.9000 43.2400 2 1388 247.7100 10.5200
-1.3090524106e+00 2.2838579335e-01 -4.5487760037e+00
215 139 156
2 1 1563 -153.6500 29.4700 2 1221 -114.9500 -29.7800
6.3331145983e-01 1.1562205824e-01 -5.9014485343e+00
126 15 26
2 1 1579 79.8800 10.4800 2 1409 108.0400 -30.2100
-1.3301398836e+00 2.6717421126e-03 -4.6274328903e+00
242 191 203
2 1 1586 -154.1400 -0.8400 2 1235 -113.1600 -55.0700
1.1060365651e+00 -1.2301530482e-02 -5.8844527778e+00
153 82 93
2 1 1588 128.7300 -2.2500 2 1418 154.4600 -41.2100
1.2511399097e+00 -3.8167048541e-02 -5.8247641588e+00
79 26 25
2 1 1589 145.0200 -4.7400 2 1419 169.3300 -43.5700
9.0029542505e-01 -1.3684177916e-01 -5.9285346224e+00
48 12 15
2 1 1591 106.9800 -15.3900 2 1232 134.6100 -53.5300
9.3186548745e-01 -1.4730223706e-01 -5.7594905469e+00
156 91 107
2 1 1592 113.7600 -16.7100 2 1239 138.6700 -55.5700
1.1183481960e+00 -4.9897370235e-01 -5.6947432999e+00
212 147 151
2 1 1612 134.9300 -53.9100 2 1252 158.9700 -90.6900
-1.2560026188e+00 -2.4485863741e+00 -1.4665354796e+01
98 79 77
2 1 1630 -55.1700 -110.7800 2 1444 29.6000 -123.8600
5.5598337089e-01 -2.5254999860e+00 -1.4135530521e+01
44 35 37
2 1 1634 23.2600 -117.3500 2 1446 103.3100 -129.7300
5.5598337089e-01 -2.5254999860e+00 -1.4135530521e+01
44 35 37
2 1 1635 23.2600 -117.3500 2 1447 103.3100 -129.7300
-4.1500409669e-01 -2.9799922625e+00 -1.5290358163e+01
86 64 41
2 1 1638 -18.9900 -127.9300 2 1452 65.5500 -139.4400
-2.9761365916e-01 -4.5316046559e+00 -1.5736733545e+01
7 6 7
2 1 1646 -13.7100 -184.5400 2 1288 72.6800 -193.7400
-2.9761365916e-01 -4.5316046559e+00 -1.5736733545e+01
7 6 7
2 1 1647 -13.7100 -184.5400 2 1289 72.6800 -193.7400
6.7634430648e-01 -4.0857434804e+00 -1.4053515254e+01
26 22 23
2 1 1650 29.0100 -185.2300 2 1464 110.2200 -195.6400
6.4264300865e-01 2.0072915344e+00 -5.9972744655e+00
136 12 17
2 1 1673 76.3400 199.3600 2 1476 100.6200 147.0900
7.9547515842e-01 1.9442846683e+00 -5.9323763652e+00
163 16 26
2 1 1674 92.6700 195.2600 2 1478 115.5000 143.5400
2.7713963024e+00 1.5453668024e+00 -6.0114744448e+00
187 134 44
2 1 1684 280.4100 150.2900 2 1483 304.0300 113.1800
2.7713963024e+00 1.5453668024e+00 -6.0114744448e+00
187 134 44
2 1 1685 280.4100 150.2900 2 1484 304.0300 113.1800
-5.8007477268e+00 2.4029001669e+00 -1.4310757630e+01
73 57 62
2 1 1698 -250.1700 94.2500 2 1501 -155.4400 62.6200
-9.5031995844e-01 6.3719423793e-01 -4.2004429550e+00
164 213 251
2 1 1703 -113.3400 92.3700 2 1380 -88.9700 20.2200
-9.8775733300e-01 5.2872420233e-01 -4.2446885676e+00
159 212 250
2 1 1704 -117.6500 75.7400 2 1391 -91.4100 6.6700
-7.3970480419e-01 5.3245768128e-01 -4.3007274425e+00
197 144 169
2 1 1705 -81.3700 75.6400 2 1390 -60.3500 8.1600
3.5942618978e-01 6.8456786990e-01 -5.5099247999e+00
249 235 234
2 1 1708 55.1300 75.2200 2 1374 78.6700 24.7200
-5.7152718539e-01 5.1772741954e-01 -4.4034443221e+00
228 175 185
2 1 1709 -56.6300 72.0400 2 1392 -37.4600 6.7600
6.5645462851e-02 6.2024967248e-01 -5.4189200131e+00
76 21 36
2 1 1710 23.3000 69.1500 2 1383 48.4100 17.4500
1.1053524952e+00 6.3767364254e-01 -5.8082850235e+00
48 7 6
2 1 1712 129.4700 65.8900 2 1616 152.5500 21.9800
8.2783264907e-01 6.2123781179e-01 -5.7783824216e+00
164 19 31
2 1 1713 101.3600 64.6700 2 1510 125.5600 19.2600
-4.3093313280e-01 3.5858860537e-01 -4.3480301347e+00
199 137 147
2 1 1720 -37.0300 50.5100 2 1403 -21.7600 -11.3400
-8.8836162881e-01 3.1585305267e-01 -4.3124957947e+00
234 171 180
2 1 1725 -102.2000 44.7500 2 1525 -76.4200 -18.9400
-4.6825249122e-01 3.0500131853e-01 -4.4034281719e+00
157 100 112
2 1 1726 -42.0600 42.5700 2 1406 -24.4700 -18.2400
9.0213265665e-01 8.1905344762e-02 -6.0261011599e+00
95 3 8
2 1 1735 105.0200 6.9900 2 1634 133.5600 -32.2700
7.4215972118e-01 6.6245834121e-02 -5.9733589000e+00
135 21 32
2 1 1736 89.8700 5.3400 2 1414 118.5500 -34.4000
1.1685513633e+00 -6.9775396023e-02 -5.7487720737e+00
89 32 33
2 1 1741 138.5700 -8.2200 2 1535 162.0000 -47.2700
-5.8103062776e-01 -1.8078945017e-01 -4.8532812830e+00
216 166 175
2 1 1748 -53.4100 -23.7800 2 1541 -24.9800 -71.6800
2.2034146095e+00 -5.4795998601e-01 -6.8316043680e+00
210 175 51
2 1 1758 205.0300 -49.5000 2 1433 242.3000 -79.4100
1.2131040607e+00 -4.9216038493e-01 -5.7049337255e+00
206 143 155
2 1 1762 144.4100 -52.5700 2 1436 168.5000 -90.0100
1.8800647081e+00 -1.1748656510e+00 -7.2413413127e+00
207 175 60
2 1 1778 167.2700 -100.5100 2 1563 209.9400 -126.4600
6.3976548619e-01 -2.9932978446e+00 -1.4071447184e+01
76 65 79
2 1 1785 27.2200 -138.1600 2 1566 107.4600 -149.8500
1.6256737240e+00 -4.0466118037e+00 -1.2247684568e+01
31 25 32
2 1 1795 82.4100 -206.9900 2 1470 157.4800 -218.7600
8.0969365676e-01 1.8017304597e+00 -5.9494216408e+00
168 20 32
2 1 1813 94.0200 180.9800 2 1589 117.6900 129.8400
-2.7145067163e-03 1.6059040262e+00 -5.8225906737e+00
68 3 4
2 1 1815 12.6500 165.7100 2 1485 41.0900 109.3400
2.7509186732e+00 1.6460810029e+00 -6.0632775250e+00
185 160 109
2 1 1818 275.8600 158.6600 2 1482 299.9400 121.4900
4.0857717893e-01 1.2000373888e+00 -5.6698513345e+00
156 134 158
2 1 1822 57.8500 127.6100 2 1606 81.7400 75.0300
1.1677372386e-01 7.0443383336e-01 -5.4701359319e+00
191 175 194
2 1 1832 28.5700 77.8600 2 1615 53.6900 25.9700
-5.6050058406e-01 4.6900385501e-01 -4.4152102604e+00
86 40 48
2 1 1836 -54.9500 65.1000 2 1620 -35.6800 0.9700
8.4408732023e-01 5.4497652734e-01 -5.7550636044e+00
85 0 1
2 1 1837 103.6700 56.8500 2 1618 127.5400 12.0000
-1.0278612802e-01 4.9201457961e-01 -5.5033223299e+00
216 46 86
2 1 1839 4.0100 53.7700 2 1519 32.7700 3.3400
-1.0278612802e-01 4.9201457961e-01 -5.5033223299e+00
216 46 86
2 1 1840 4.0100 53.7700 2 1520 32.7700 3.3400
9.9905954261e-01 4.2669397051e-01 -5.7724207676e+00
150 21 34
2 1 1841 119.9500 43.6500 2 1521 142.9100 1.5500
-8.5614032820e-01 2.7348368237e-01 -4.3031047898e+00
189 127 140
2 1 1844 -97.8200 38.9100 2 1527 -72.7800 -23.9800
-8.5614032820e-01 2.7348368237e-01 -4.3031047898e+00
189 127 140
2 1 1845 -97.8200 38.9100 2 1528 -72.7800 -23.9800
-9.9103081177e-01 1.4712750047e-01 -4.3215423861e+00
219 157 170
2 1 1850 -116.3500 20.5800 2 1532 -87.3500 -39.5400
1.3912003152e+00 -1.6547179877e-02 -5.8265759208e+00
102 28 24
2 1 1855 159.2800 -2.5400 2 1636 182.9200 -40.7800
9.5999843686e-01 -5.3980074160e-02 -5.8767481887e+00
33 11 11
2 1 1856 114.0200 -6.6800 2 1534 140.4600 -45.7800
2.3270658469e+00 -1.5742319607e+00 -6.6523369601e+00
194 190 83
2 1 1885 220.9300 -142.5400 2 1644 257.7200 -168.6200
2.3270658469e+00 -1.5742319607e+00 -6.6523369601e+00
194 190 83
2 1 1886 220.9300 -142.5400 2 1645 257.7200 -168.6200
-5.5063933035e+00 3.7712828024e+00 -1.4511790904e+01
52 42 48
2 1 1895 -234.2100 150.0200 2 1595 -142.6200 114.4200
4.6400673889e-01 1.0910083691e+00 -5.6881712504e+00
149 15 22
2 1 1906 63.7200 115.6600 2 1670 87.7200 64.4300
2.0350186004e-01 9.0277881623e-01 -5.5945094916e+00
182 26 40
2 1 1907 36.6300 97.9500 2 1611 62.7100 44.9500
2.5308555106e+00 8.6179074313e-01 -6.5868687892e+00
205 166 52
2 1 1913 239.3400 76.6800 2 1671 270.6100 43.9500
3.3334417562e-01 5.0456259268e-01 -5.6000266467e+00
68 4 10
2 1 1918 51.4800 54.2400 2 1675 77.0300 6.2200
1.3553292598e+00 3.4057505307e-01 -6.2484056503e+00
156 20 27
2 1 1921 144.0400 32.1300 2 1678 173.4200 -6.4800
7.5236440176e-02 -1.2328606724e-01 -6.2418651128e+00
183 28 43
2 1 1928 20.0700 -14.3000 2 1638 57.7700 -52.7400
-8.8876823108e-01 4.3568364176e-01 -4.3142353929e+00
178 189 234
2 1 1950 -102.0700 61.3800 2 1676 -77.1300 -4.1500
1.0439329851e+00 5.3560522875e-01 -5.7868692531e+00
198 175 196
2 1 1952 123.8400 55.4500 2 1713 147.0800 11.8600
1.0439329851e+00 5.3560522875e-01 -5.7868692531e+00
198 175 196
2 1 1953 123.8400 55.4500 2 1714 147.0800 11.8600
1.3547148941e+00 8.6019688173e-02 -5.9032146762e+00
179 113 122
2 1 1958 153.3000 8.0100 2 1718 178.0900 -30.7200
1.0292002556e+00 -1.4624884217e-01 -5.8501291599e+00
166 102 118
2 1 1959 122.0500 -16.8100 2 1686 147.4100 -54.0600
1.2495451319e+00 -4.2838075237e-01 -5.5095118171e+00
202 136 148
2 1 1963 153.9000 -47.5100 2 1689 174.0100 -85.3600
1.6112563394e+00 -1.4543323068e+00 -7.5815187992e+00
167 154 59
2 1 1972 138.4100 -119.5500 2 1692 185.0800 -143.3000
-7.9216278653e+00 6.6851656647e+00 -2.1844253492e+01
25 21 22
2 1 1981 -227.5900 176.7700 2 1701 -131.0700 147.8200
6.1128682075e-01 1.6974595783e+00 -5.9989342244e+00
135 7 15
2 1 1983 73.6900 169.4400 2 1772 99.3400 118.2500
-9.1658415107e-01 7.0879774945e-01 -4.2414377907e+00
200 210 238
2 1 1987 -107.4900 101.5300 2 1710 -83.9200 29.0700
-7.6604505285e-01 3.6192478857e-01 -4.4759107657e+00
189 130 145
2 1 1990 -82.4800 49.3500 2 1680 -57.3200 -12.7900
-7.6604505285e-01 3.6192478857e-01 -4.4759107657e+00
189 130 145
2 1 1991 -82.4800 49.3500 2 1681 -57.3200 -12.7900
-5.8030784480e-02 3.8134725263e-01 -5.5515618981e+00
169 26 40
2 1 1992 8.7500 41.3400 2 1715 38.3400 -7.9600
8.0601490523e-01 -3.2490933997e-02 -6.0031462826e+00
199 165 190
2 1 1997 95.8400 -4.5900 2 1754 124.9700 -43.6100
-1.0394306285e+00 -2.4001096269e-01 -4.8099332501e+00
19 19 23
2 1 2000 -112.1800 -31.7400 2 1724 -74.9700 -79.7100
2.1583537996e+00 -1.0780921228e+00 -6.9790126440e+00
191 164 61
2 1 2008 197.0300 -94.7400 2 1726 236.6800 -121.8300
2.0666937986e+00 -1.2713027250e+00 -7.0973148578e+00
166 140 41
2 1 2010 186.1500 -110.0200 2 1762 227.3600 -135.9300
-8.8172173669e-01 5.7768041236e-01 -4.2534971699e+00
19 19 29
2 1 2027 -102.4000 82.8100 2 1748 -78.7800 13.0600
-8.8172173669e-01 5.7768041236e-01 -4.2534971699e+00
19 19 29
2 1 2028 -102.4000 82.8100 2 1749 -78.7800 13.0600
-8.8172173669e-01 5.7768041236e-01 -4.2534971699e+00
19 19 29
2 1 2029 -102.4000 82.8100 2 1750 -78.7800 13.0600
-6.4598244424e-01 -3.2580340445e-01 -5.1855819614e+00
113 85 72
2 1 2032 -58.9700 -39.3000 2 1781 -23.7100 -84.4400
1.6295076695e+00 3.0253773434e-01 -6.4226878698e+00
156 23 26
2 1 2065 165.1700 27.8000 2 1825 196.5500 -9.2700
2.9305860147e+00 -1.4241369694e-01 -5.7821976318e+00
228 169 187
2 1 255 310.7200 -13.6800 0 652 285.1600 87.8300
2.9305860147e+00 -1.4241369694e-01 -5.7821976318e+00
228 169 187
2 1 256 310.7200 -13.6800 0 653 285.1600 87.8300
2.8988962209e+00 -1.8929153279e-01 -5.8305341088e+00
197 85 114
2 1 263 305.2300 -18.2800 0 679 285.3000 81.3100
2.3654176868e+00 -2.4096267648e-01 -6.7159151657e+00
164 131 26
2 1 270 222.2500 -22.5600 0 865 236.1300 3.3800
2.3654176868e+00 -2.4096267648e-01 -6.7159151657e+00
164 131 26
2 1 272 222.2500 -22.5600 0 864 236.1300 3.3800
2.8513311187e+00 -2.7112532832e-01 -5.9005882781e+00
205 73 89
2 1 282 297.6800 -26.4900 0 708 285.7400 70.9600
2.8565345882e+00 -3.5058663616e-01 -5.8885667055e+00
193 81 109
2 1 298 298.8100 -34.4600 0 715 291.4800 68.1200
2.8565345882e+00 -3.5058663616e-01 -5.8885667055e+00
193 81 109
2 1 299 298.8100 -34.4600 0 716 291.4800 68.1200
2.8413587810e+00 -4.1180626914e-01 -5.9126968802e+00
199 78 111
2 1 320 296.3600 -40.5200 0 741 293.8800 62.9100
2.6129153784e+00 -5.6463629792e-01 -6.2891835054e+00
174 143 24
2 1 340 259.3700 -53.6400 0 815 280.3100 21.9300
2.6129153784e+00 -5.6463629792e-01 -6.2891835054e+00
174 143 24
2 1 341 259.3700 -53.6400 0 814 280.3100 21.9300
2.7832108856e+00 -5.4600639655e-01 -6.0005063689e+00
212 61 72
2 1 342 286.9800 -53.3800 0 774 296.9100 48.1600
2.7832108856e+00 -5.4600639655e-01 -6.0005063689e+00
212 61 72
2 1 343 286.9800 -53.3800 0 773 296.9100 48.1600
2.7262329239e+00 -7.7395317559e-01 -6.0747298779e+00
227 169 172
2 1 366 278.5200 -75.1800 0 807 306.6000 29.2000
2.4166955019e+00 -1.2549150178e+00 -6.5361007533e+00
176 148 33
2 1 420 232.7600 -115.4500 0 1007 306.8100 -39.9300
2.4166955019e+00 -1.2549150178e+00 -6.5361007533e+00
176 148 33
2 1 421 232.7600 -115.4500 0 1006 306.8100 -39.9300
-4.5091849847e+00 4.8429086340e+00 -1.2682990209e+01
80 73 84
2 1 693 -217.0300 222.2800 0 2033 -261.3500 -177.5400
-4.5091849847e+00 4.8429086340e+00 -1.2682990209e+01
80 73 84
2 1 694 -217.0300 222.2800 0 2034 -261.3500 -177.5400
2.9225341380e+00 8.8471024242e-01 -5.9426891183e+00
199 145 59
2 1 801 300.0200 87.3700 0 1653 221.3700 119.8800
2.9096838130e+00 8.2151845889e-01 -5.9731677282e+00
201 150 62
2 1 805 297.5700 80.8400 0 1667 223.6300 115.0000
2.9096838130e+00 8.2151845889e-01 -5.9731677282e+00
201 150 62
2 1 806 297.5700 80.8400 0 1666 223.6300 115.0000
2.9202591967e+00 -1.0993825453e-01 -5.7939254123e+00
215 40 62
2 1 914 309.3900 -10.5500 0 1702 281.8400 88.1100
2.8339486054e+00 -2.8979954493e-01 -5.9311009965e+00
223 170 176
2 1 932 294.7400 -28.3400 0 717 285.0400 67.3400
2.2944904562e+00 -4.8780710367e-01 -6.8112716951e+00
164 133 27
2 1 952 213.4700 -44.3900 0 1852 243.8800 -17.7100
2.2944904562e+00 -4.8780710367e-01 -6.8112716951e+00
164 133 27
2 1 953 213.4700 -44.3900 0 1851 243.8800 -17.7100
2.9419198811e+00 -1.7827756238e-01 -5.7785533997e+00
215 42 79
2 1 1339 312.0700 -17.3500 0 1705 288.2200 86.7000
2.8169315145e+00 -4.2323682737e-01 -5.9537186214e+00
222 187 200
2 1 1357 292.2000 -41.5000 0 2323 292.0900 58.6800
2.2374896992e+00 -7.7716614533e-01 -6.8621501349e+00
215 184 60
2 1 1368 207.0900 -69.5900 0 2400 256.4100 -38.6200
2.2374896992e+00 -7.7716614533e-01 -6.8621501349e+00
215 184 60
2 1 1369 207.0900 -69.5900 0 2399 256.4100 -38.6200
2.2267131202e+00 -8.2474761277e-01 -6.8887765048e+00
213 182 65
2 1 1372 205.4200 -73.5700 0 2405 258.0300 -43.3300
2.2518110212e+00 -8.2189750556e-01 -6.8111204525e+00
147 117 21
2 1 1373 210.0100 -74.0200 0 2398 260.9200 -37.5800
2.2518110212e+00 -8.2189750556e-01 -6.8111204525e+00
147 117 21
2 1 1374 210.0100 -74.0200 0 2397 260.9200 -37.5800
2.1472847411e+00 -9.5923516334e-01 -6.9845887953e+00
160 132 34
2 1 1383 195.9900 -84.5000 0 2415 258.9400 -59.5800
2.1472847411e+00 -9.5923516334e-01 -6.9845887953e+00
160 132 34
2 1 1384 195.9900 -84.5000 0 2414 258.9400 -59.5800
1.8916956910e+00 -1.6205710653e+00 -7.2002018937e+00
200 177 59
2 1 1418 169.0000 -138.1500 0 2755 278.2900 -122.9800
2.8813107469e+00 -4.2212093899e-01 -5.8473095584e+00
216 38 58
2 1 1609 303.0300 -41.7000 0 2662 298.8900 68.3600
1.6548006358e+00 -1.3506398932e+00 -7.5906486025e+00
194 166 54
2 1 1631 142.0800 -111.2400 0 2913 236.5300 -135.3700
2.9101610870e+00 -1.4865443946e-01 -5.8174237937e+00
218 188 207
2 1 1743 307.1800 -14.3700 0 2651 283.3500 84.3700
2.8282460267e+00 -2.2831296220e-01 -5.9103166232e+00
215 36 53
2 1 1747 295.1900 -22.3100 0 2856 281.0700 71.6400
2.8024484970e+00 -3.5026880167e-01 -5.9637692362e+00
216 39 52
2 1 1753 290.4600 -34.3200 0 2863 286.0300 61.1300
2.8163793839e+00 -5.1843309867e-01 -5.9524492760e+00
218 180 191
2 1 1760 292.0900 -50.8300 0 2869 298.5500 54.0300
2.8163793839e+00 -5.1843309867e-01 -5.9524492760e+00
218 180 191
2 1 1761 292.0900 -50.8300 0 2868 298.5500 54.0300
2.8415462788e+00 -5.9236286700e-01 -5.9147980646e+00
216 38 57
2 1 1765 296.1900 -58.3700 0 2871 306.0700 53.7300
2.8858137597e+00 -2.4679895682e-01 -5.8579337622e+00
225 167 179
2 1 1859 302.9800 -24.1700 0 2853 287.2700 76.1400
2.5771064007e+00 -2.1693937533e-01 -5.3202738983e+00
225 167 179
2 1 1860 302.9800 -24.1700 0 2842 271.3700 109.8000
2.8640034738e+00 -3.1601543267e-01 -5.8902038439e+00
219 181 193
2 1 1863 299.2100 -30.8800 0 2974 289.9200 69.9500
2.7562826882e+00 -5.2844119501e-01 -6.0260219031e+00
217 37 42
2 1 1869 283.4600 -51.6000 0 2982 293.2400 46.4200
2.7876945696e+00 -6.1676545286e-01 -5.9906208372e+00
228 157 175
2 1 1872 287.8900 -60.4200 0 2984 302.1200 45.3500
2.7876945696e+00 -6.1676545286e-01 -5.9906208372e+00
228 157 175
2 1 1873 287.8900 -60.4200 0 2983 302.1200 45.3500
-3.1641235821e+00 4.7486722931e+00 -1.2233107533e+01
105 58 20
2 2 118 -81.7900 186.3800 0 1981 -203.5600 -142.5900
-1.9925253989e+00 2.6880067752e+00 -1.1003442463e+01
95 85 93
2 2 205 -38.7800 107.7800 0 2013 -129.1600 -163.6200
2.5613490258e+00 -6.8597150914e-01 -5.6233406811e+00
251 199 199
2 2 508 307.1500 -106.4700 0 1742 297.1300 62.2800
-3.5153199211e+00 4.9395470976e+00 -1.2078686179e+01
126 68 31
2 2 733 -99.9700 195.5400 0 2478 -224.3500 -137.8500
-3.0086990002e+00 4.6443131794e+00 -1.2362735835e+01
67 14 7
2 2 738 -73.1300 180.6800 0 2492 -193.2500 -147.1800
-1.9299020806e+00 2.6708599040e+00 -1.1006433061e+01
15 12 16
2 2 800 -35.3600 107.0200 0 2012 -125.5400 -163.0100
2.7000703706e+00 8.2290896800e-01 -6.3167501530e+00
239 187 78
2 2 840 293.9000 41.8600 0 658 204.4800 86.8700
-1.9663178216e+00 2.7213157628e+00 -1.0978993618e+01
88 78 87
2 2 1125 -37.7300 109.7900 0 2774 -128.6400 -160.7400
2.5741614736e+00 2.7340787325e-01 -6.3911344419e+00
243 191 78
2 2 1205 281.9500 -8.1100 0 1753 225.9500 55.0600
