# Bundle file v0.3
3 132
6.5172287784e+02 -6.6949454377e-02 -3.5081056054e-03
9.9995090948e-01 1.6196847135e-03 9.7752363230e-03
-1.6154706105e-03 9.9999859877e-01 -4.3898046500e-04
-9.7759336356e-03 4.2316730823e-04 9.9995212488e-01
4.3917349989e-02 9.5459708819e-04 3.5956798535e-02
6.5837976922e+02 -6.2065906139e-02 1.1661218435e-03
9.9669080255e-01 7.8907767601e-02 1.9519434731e-02
-8.1104762142e-02 9.4933360575e-01 3.0362431153e-01
5.4278612570e-03 -3.0420267784e-01 9.5259186912e-01
6.4923958239e-02 1.0106137196e+00 1.8260092186e-01
0 0 0
0 0 0
0 0 0
0 0 0
0 0 0
-4.2468299072e+00 2.3358827341e+00 -1.0823294020e+01
50 52 60
2 0 169 -257.4500 140.4700 1 365 -251.9500 17.1900
-3.7786786417e+00 1.2647967825e+00 -1.0319066567e+01
86 67 66
2 0 271 -241.2600 80.3600 1 432 -246.8700 -39.9400
-3.7047456014e+00 9.7085934408e-01 -9.9268174875e+00
93 66 72
2 0 310 -245.8200 64.2900 1 1174 -254.6200 -53.1200
-1.8847957605e-01 2.7058896253e-01 -3.4358257060e+00
182 147 159
2 0 322 -34.1100 52.4000 1 1072 -34.9400 49.6700
-6.4051203972e-01 1.8227167710e-01 -2.9230740041e+00
145 87 109
2 0 339 -141.0600 41.8100 1 1024 -151.6400 85.7500
-4.0183020875e-01 1.5917936997e-01 -2.9245286880e+00
197 143 157
2 0 350 -87.3100 36.5500 1 1041 -93.9600 75.8400
5.1267811048e-01 1.3319134425e-01 -3.0089288472e+00
137 86 108
2 0 364 114.5800 29.4200 1 1075 127.8400 43.8600
1.2534014840e+00 7.6250968530e-02 -3.2924494448e+00
166 136 25
2 0 404 249.6100 15.1400 1 399 275.4100 -4.0300
-4.1094120565e-01 -8.1438944874e-03 -2.9419270614e+00
190 133 156
2 0 440 -88.7700 -1.1700 1 1086 -101.0700 35.8700
1.1811623405e+00 -3.3149631607e-02 -3.4316701379e+00
152 101 87
2 0 448 225.8300 -6.1600 1 1159 249.3300 -33.7200
-4.1781882983e-01 -8.1559853688e-02 -2.9563621848e+00
185 136 149
2 0 471 -89.9500 -17.5500 1 1100 -104.6300 17.4800
-7.0696919715e-01 -8.9334304542e-02 -2.9577408840e+00
180 121 143
2 0 474 -153.9900 -19.1100 1 1097 -176.9500 21.3500
-4.9944006165e-01 -1.3532741117e-01 -2.9427616280e+00
175 134 144
2 0 489 -108.2100 -29.5900 1 1620 -127.7900 7.4100
-5.6702809200e-01 -1.6034626683e-01 -2.9666366263e+00
145 100 120
2 0 502 -122.2600 -34.8500 1 1625 -144.6800 0.9100
-1.8942739835e+00 -6.3282130985e-01 -8.2395592520e+00
16 15 21
2 0 512 -153.1100 -49.5600 1 655 -177.4500 -169.0300
-1.8351707803e+00 -6.8891672966e-01 -8.2433097777e+00
10 11 15
2 0 517 -148.5700 -54.0300 1 664 -172.8400 -174.5000
-4.3127150711e+00 -1.0559678825e+00 -1.0804523212e+01
36 31 34
2 0 531 -262.5500 -62.5800 1 1379 -298.3700 -192.5000
-3.3585938478e+00 -9.4536443080e-01 -9.7399209768e+00
53 46 61
2 0 532 -227.9000 -62.4400 1 689 -260.5300 -188.9300
1.2628580650e+00 -3.1763514029e-01 -3.3047830912e+00
60 37 5
2 0 534 250.1000 -62.3100 1 1226 280.4500 -90.1400
-3.3735996657e+00 -1.0489223886e+00 -9.7374291667e+00
37 29 37
2 0 551 -228.7700 -69.3200 1 706 -263.2000 -196.6400
1.1950485781e+00 -3.9196638213e-01 -3.6497873276e+00
177 157 57
2 0 552 214.3100 -69.7600 1 1274 237.4000 -116.5500
1.1519123606e+00 -4.8329805051e-01 -3.8876809101e+00
155 120 61
2 0 579 193.6600 -80.8100 1 1309 212.9600 -139.8500
1.2729438057e+00 -4.1230587958e-01 -3.2403861505e+00
53 29 0
2 0 582 256.9600 -82.4500 1 564 290.0400 -109.6000
1.2729438057e+00 -4.1230587958e-01 -3.2403861505e+00
53 29 0
2 0 583 256.9600 -82.4500 1 565 290.0400 -109.6000
8.9185927335e-01 -9.4275621847e-01 -4.8653925173e+00
100 82 96
2 0 636 118.8900 -126.1600 1 1402 122.9100 -224.7600
9.6913660364e-01 1.1180292025e+00 -4.0547135770e+00
187 146 60
2 0 857 156.2200 179.4600 1 989 169.5700 124.2000
1.2180519924e+00 6.6082346347e-01 -3.1963029239e+00
227 186 197
2 0 905 249.9300 134.0700 1 994 269.6300 120.9400
-4.4046326667e+00 1.5590910365e+00 -1.0817557673e+01
25 25 33
2 0 944 -267.3700 94.1800 1 1153 -270.6900 -26.7800
-3.7786369293e+00 1.2821259766e+00 -1.1182656112e+01
11 11 13
2 0 970 -223.2800 75.2600 1 1171 -229.3100 -51.6900
-3.4795937276e+00 8.4380044974e-01 -9.6283176251e+00
33 26 22
2 0 988 -238.4100 57.6800 1 1184 -247.9700 -58.3900
-3.3321556512e+00 5.4021370291e-01 -9.4251603749e+00
36 26 25
2 0 1011 -233.3200 38.0100 1 1213 -246.7100 -77.5600
-3.8722367020e-01 8.9139712020e-02 -2.9690165392e+00
146 87 107
2 0 1049 -82.6700 20.4600 1 1577 -91.4500 55.3300
-5.3612404173e-02 6.6550809832e-02 -3.4468836469e+00
173 26 40
2 0 1053 -8.1000 13.2200 1 1621 -10.8300 6.6600
1.2639468392e+00 6.7354307434e-02 -3.2629770784e+00
205 175 67
2 0 1055 254.0500 13.4800 1 1630 280.3800 -4.1400
1.2639468392e+00 6.7354307434e-02 -3.2629770784e+00
205 175 67
2 0 1056 254.0500 13.4800 1 1631 280.3800 -4.1400
-3.7909610688e-01 -2.4448390164e-03 -2.9621628194e+00
146 92 108
2 0 1073 -81.1800 0.0900 1 1592 -92.3200 34.7700
1.2901279071e+00 -1.1635238226e-01 -3.1704643666e+00
153 123 29
2 0 1106 266.6600 -23.7600 1 1166 297.4600 -38.8500
-5.6908991646e-01 -1.4439356656e-01 -2.9557351259e+00
198 149 163
2 0 1118 -123.3900 -31.4600 1 1622 -144.9200 5.6300
-1.2347610123e+00 -7.4361551408e-01 -8.4025888141e+00
8 33 55
2 0 1128 -99.3900 -57.4000 1 1792 -119.2400 -184.5900
-1.1942411415e+00 -7.7660282105e-01 -8.4268808569e+00
3 36 66
2 0 1132 -95.9900 -59.8000 1 1799 -115.8200 -187.8700
-1.1942411415e+00 -7.7660282105e-01 -8.4268808569e+00
3 36 66
2 0 1133 -95.9900 -59.8000 1 1800 -115.8200 -187.8700
-1.2578599025e+00 -7.8002055755e-01 -8.3776710343e+00
7 13 18
2 0 1134 -101.2800 -60.3800 1 1797 -122.1200 -187.5600
-3.7227916873e-01 -6.4107567293e-01 -6.8550388043e+00
13 19 41
2 0 1137 -37.8200 -60.8100 1 1355 -52.2900 -175.5700
1.1150880103e+00 -3.8352870523e-01 -3.9771214432e+00
25 22 8
2 0 1141 183.5200 -62.7200 1 1726 200.3000 -122.1600
-3.2489837956e+00 -9.7388057714e-01 -9.7730889414e+00
46 40 47
2 0 1142 -220.1000 -64.2000 1 1377 -252.0600 -191.9100
1.1816598108e+00 -3.6966509168e-01 -3.6982561628e+00
113 86 60
2 0 1143 209.1400 -64.9400 1 1720 231.1000 -113.1700
9.3464536036e-01 -4.7924706670e-01 -4.6527654304e+00
13 8 12
2 0 1145 130.9800 -67.0800 1 1763 138.4700 -148.9500
9.3464536036e-01 -4.7924706670e-01 -4.6527654304e+00
13 8 12
2 0 1146 130.9800 -67.0800 1 1764 138.4700 -148.9500
1.1464099620e+00 -4.1230674012e-01 -3.8676347868e+00
174 150 47
2 0 1148 193.9800 -69.3100 1 1729 212.9100 -125.5000
9.3859697484e-01 -5.7719092272e-01 -4.6424175614e+00
15 11 12
2 0 1154 131.9100 -80.9900 1 1778 139.0200 -164.8100
1.2646184594e+00 -4.0679016769e-01 -3.2598640152e+00
192 172 53
2 0 1156 253.7400 -80.8700 1 1717 286.1800 -108.8500
1.2646184594e+00 -4.0679016769e-01 -3.2598640152e+00
192 172 53
2 0 1157 253.7400 -80.8700 1 1718 286.1800 -108.8500
9.9749437915e-01 -7.7017677862e-01 -4.5018828198e+00
12 10 12
2 0 1174 144.2900 -111.3600 1 1809 153.6100 -197.1600
1.0356725243e+00 -9.2021908571e-01 -4.3894184653e+00
26 14 30
2 0 1201 153.6200 -136.3300 1 1830 164.5200 -224.3500
9.1881868428e-01 1.3421166913e+00 -4.0098408808e+00
107 87 51
2 0 1280 149.7000 217.3800 1 952 163.1300 160.5300
9.5725002614e-01 1.1459156567e+00 -4.0170056094e+00
188 169 111
2 0 1299 155.8000 185.6100 1 1489 169.2200 131.4000
9.4788481129e-01 1.1109965912e+00 -4.0632646746e+00
190 164 105
2 0 1303 152.4900 178.0200 1 991 165.8200 122.8100
9.4788481129e-01 1.1109965912e+00 -4.0632646746e+00
190 164 105
2 0 1304 152.4900 178.0200 1 992 165.8200 122.8100
-3.4576679983e+00 2.0364903707e+00 -1.1883495843e+01
30 11 15
2 0 1350 -193.0800 112.0800 1 1646 -191.9400 -21.3300
-3.4911047938e+00 1.4914837267e+00 -1.1181472569e+01
33 24 29
2 0 1381 -206.7600 87.4500 1 1662 -210.1600 -40.9600
-3.6773302793e+00 1.3460716603e+00 -1.0243383031e+01
28 23 23
2 0 1382 -236.6900 86.0900 1 1160 -240.9800 -34.1500
-3.6773302793e+00 1.3460716603e+00 -1.0243383031e+01
28 23 23
2 0 1383 -236.6900 86.0900 1 1161 -240.9800 -34.1500
1.1211591104e+00 4.8538712520e-01 -3.8184416842e+00
190 130 50
2 0 1392 192.7100 82.9400 1 1942 208.2700 40.2200
-3.6794597849e+00 1.2417361232e+00 -1.0214055424e+01
28 22 22
2 0 1397 -237.3000 79.7600 1 1660 -243.2400 -40.2600
1.0993051725e+00 4.2878959408e-01 -3.8288733752e+00
140 91 28
2 0 1399 188.2900 73.1500 1 1950 204.1700 30.2500
-3.6667738576e+00 1.1103874915e+00 -1.0154937535e+01
32 22 23
2 0 1400 -237.9800 71.8100 1 1665 -245.2400 -47.7800
1.1928044378e+00 3.4538948063e-01 -3.4794981974e+00
161 128 33
2 0 1406 224.9200 64.6900 1 1944 245.0600 37.4200
-4.2083773989e+00 9.8263085807e-01 -1.0199469784e+01
10 10 11
2 0 1407 -271.2600 63.2000 1 1672 -280.3900 -53.6000
-1.6309948723e-01 2.8170293881e-01 -3.4286220455e+00
163 130 145
2 0 1417 -29.6100 54.6100 1 1582 -29.2200 51.9400
-3.3304769274e+00 4.2692918080e-01 -9.2156663371e+00
36 27 29
2 0 1434 -238.3600 30.8600 1 1692 -253.3700 -82.8700
1.2318933141e+00 8.8905234553e-02 -3.3526593007e+00
81 55 17
2 0 1442 241.1900 17.3200 1 1632 265.2400 -4.9100
-5.1324345243e-01 7.1216581056e-02 -2.9323242814e+00
145 192 234
2 0 1443 -112.3200 16.6700 1 1935 -123.8700 57.1900
-3.5508147943e+00 2.0800762682e-01 -9.0122263746e+00
48 54 69
2 0 1445 -259.1500 15.7700 1 2023 -278.4100 -95.0300
-4.9791395033e-01 5.8460347994e-02 -2.9493744953e+00
148 201 244
2 0 1447 -108.2700 13.7200 1 1581 -119.8800 52.3400
-5.6471856011e-01 4.0980892632e-02 -2.9599856166e+00
17 23 68
2 0 1450 -121.8400 9.9300 1 1939 -137.2800 48.6400
-8.5699271542e-03 4.3249644395e-02 -3.4510723967e+00
191 27 51
2 0 1452 0.1300 8.7200 1 1972 -1.4400 0.9500
1.2148614891e+00 -4.8121624073e-02 -3.4290671882e+00
201 174 56
2 0 1470 232.2500 -9.0100 1 1164 256.6900 -37.2200
-3.5615951940e+00 -3.4884987238e-01 -8.8076430827e+00
7 6 5
2 0 1479 -265.3500 -24.8300 1 1740 -294.5100 -136.2100
-3.3324167073e+00 -4.1835317308e-01 -8.7718058906e+00
73 60 75
2 0 1482 -250.0600 -30.2300 1 1752 -278.5700 -143.2200
1.2985009227e+00 -2.4061825207e-01 -3.0847415328e+00
200 174 53
2 0 1493 275.6700 -50.5200 1 2005 310.3300 -62.9800
-1.2934414141e+00 -8.8761077427e-01 -8.4349819541e+00
6 6 5
2 0 1501 -103.5200 -68.3100 1 2075 -125.4400 -196.9300
9.7737299635e-01 -6.2507144254e-01 -4.5339343571e+00
12 10 11
2 0 1503 140.3500 -89.7700 1 1782 149.5200 -172.2300
9.8666191987e-01 -7.2512404285e-01 -4.5441373364e+00
11 9 12
2 0 1507 141.7000 -103.9100 1 1801 149.9800 -189.4100
-1.3919119790e+00 -1.2252821259e+00 -7.5635283148e+00
5 5 4
2 0 1509 -123.1300 -105.2900 1 2253 -153.1200 -228.5000
7.7358253603e-01 -8.5700030268e-01 -5.1670688487e+00
47 18 24
2 0 1510 96.5700 -108.0700 1 2081 97.6000 -209.4600
1.0455547672e+00 -8.8867480604e-01 -4.3444119158e+00
19 12 19
2 0 1518 156.7200 -133.0200 1 1828 168.4200 -218.8500
8.9802876545e-01 -9.9189426185e-01 -4.8249866468e+00
115 105 123
2 0 1519 120.6200 -133.8100 1 1834 125.0000 -233.0800
1.0473808214e+00 1.0707329221e+00 -3.7462916585e+00
197 144 53
2 0 1588 182.7900 185.7000 1 2108 197.5200 141.7100
1.0473808214e+00 1.0707329221e+00 -3.7462916585e+00
197 144 53
2 0 1589 182.7900 185.7000 1 2109 197.5200 141.7100
1.2250051765e+00 7.2309372705e-01 -3.1314127204e+00
205 94 42
2 0 1603 256.1700 149.5800 1 1881 276.1700 139.3500
-4.2883684588e+00 2.2606405447e+00 -1.0759352578e+01
5 5 7
2 0 1611 -261.3200 136.7900 1 1959 -256.7100 14.3700
-4.2335556470e+00 2.1936415693e+00 -1.0810650313e+01
26 29 47
2 0 1618 -256.9700 132.1900 1 1964 -253.1900 9.2900
1.2800001070e+00 4.6389654483e-01 -2.9866067913e+00
219 41 63
2 0 1653 281.1300 100.5600 1 2121 305.4800 102.1200
-4.2156116016e+00 1.0821541882e+00 -1.0300589541e+01
30 29 45
2 0 1676 -268.9400 68.8900 1 1666 -277.1800 -48.7500
-4.3617879895e-01 1.5411166651e-01 -2.9156354590e+00
207 159 171
2 0 1690 -95.4300 35.5100 1 1919 -102.7500 76.2700
-3.3289256735e+00 3.0359762165e-01 -9.2012992771e+00
43 32 33
2 0 1694 -238.6800 22.1800 1 2020 -255.3200 -91.7800
-3.0831648497e+00 9.1170796436e-02 -9.5581096832e+00
77 73 95
2 0 1702 -213.3500 6.9400 1 2219 -231.9400 -113.0700
1.2122724625e+00 -1.6576059916e-02 -3.4332637201e+00
88 50 8
2 0 1708 231.7500 -3.0500 1 1986 255.3300 -30.9200
1.8333432190e-01 -1.7604546480e-01 -3.4148063426e+00
105 4 14
2 0 1729 37.8800 -33.4900 1 2178 35.9400 -45.4200
-5.2994814336e-01 -1.5709271637e-01 -2.9628119820e+00
116 76 99
2 0 1730 -114.5500 -34.2500 1 2160 -135.1300 1.2300
-1.3163657987e+00 -8.2113318575e-01 -8.3878741027e+00
0 47 88
2 0 1742 -105.6800 -63.4900 1 2246 -127.4800 -190.7800
-2.0999983835e+00 -1.1440338878e+00 -8.2845265261e+00
44 44 54
2 0 1748 -168.4800 -89.4700 1 2084 -201.0300 -213.4500
1.1428469195e+00 -5.7379456422e-01 -3.9038954863e+00
173 149 38
2 0 1751 191.4400 -95.5600 1 2237 210.2100 -157.7500
8.9949906803e-01 -8.7111637699e-01 -4.8060298187e+00
81 75 89
2 0 1756 121.6700 -118.0400 1 2250 126.1800 -213.2800
1.1505482450e+00 9.7270365174e-01 -3.3957675892e+00
175 103 115
2 0 1800 221.5900 185.6500 1 2106 238.0800 157.6100
-4.6810149192e+00 1.9803082953e+00 -1.1273465694e+01
6 5 6
2 0 1818 -272.4000 114.4700 1 2163 -271.6000 -8.9000
-3.7314719557e+00 1.8302323229e+00 -1.1578281170e+01
31 26 31
2 0 1824 -213.1200 103.4300 1 1984 -213.9400 -26.6000
-3.5016227248e+00 1.8769952751e-02 -8.9405855980e+00
58 61 78
2 0 1855 -257.7700 2.1100 1 2215 -279.6000 -108.9900
-4.2728301692e+00 -9.5214648147e-01 -1.0757411955e+01
56 47 62
2 0 1872 -261.5300 -56.6700 1 2370 -295.5500 -185.6400
-4.2728301692e+00 -9.5214648147e-01 -1.0757411955e+01
56 47 62
2 0 1873 -261.5300 -56.6700 1 2371 -295.5500 -185.6400
1.1023925781e+00 -5.1858304978e-01 -4.0780090910e+00
143 122 40
2 0 1877 176.4800 -82.7100 1 2360 192.6000 -149.3100
1.1751382448e+00 8.1581255463e-01 -3.3270464583e+00
203 50 55
2 0 1910 231.4600 159.0500 1 2279 248.9600 136.9600
-3.9539449162e+00 1.6035901918e+00 -1.0367425899e+01
6 6 8
2 0 1917 -250.8600 101.0900 1 2324 -252.6300 -18.8100
-3.7466077377e+00 1.6837748568e+00 -1.1269348859e+01
93 85 109
2 0 1918 -219.5300 97.8300 1 2418 -221.7000 -30.0000
-4.3241807614e+00 1.2983577454e+00 -1.0524173184e+01
68 62 75
2 0 1926 -269.7500 80.7700 1 2175 -275.9200 -38.1700
-3.7427413303e+00 1.2160041499e+00 -1.1067143160e+01
11 9 12
2 0 1928 -223.5200 72.1500 1 2333 -230.0200 -54.1700
-4.1727843886e+00 8.7137865070e-01 -1.0078394419e+01
31 28 36
2 0 1932 -271.9000 56.8700 1 2334 -282.9600 -59.2300
-4.0696565086e+00 6.2751788624e-01 -9.7950821785e+00
63 61 74
2 0 1937 -272.9700 42.3300 1 2336 -286.9000 -72.0500
-2.2915535827e-01 5.1179047176e-02 -3.2890760029e+00
180 165 182
2 0 1953 -43.3900 10.8300 1 2410 -49.7600 17.5500
1.2172966765e+00 -4.4802813086e-01 -3.6122668068e+00
184 159 42
2 0 1977 220.6400 -80.5600 1 2353 244.8900 -127.5200
-3.9821350999e+00 2.3551759549e+00 -1.1206228274e+01
75 71 88
2 0 2001 -234.0000 136.9800 1 2411 -229.0300 9.7100
-3.7760914884e+00 1.6159182201e+00 -1.0317318514e+01
86 66 67
2 0 2007 -241.1100 102.3800 1 2468 -242.3300 -18.1000
-5.3159690547e-01 -4.1558484443e-02 -2.9454413240e+00
159 189 233
2 0 2024 -115.7500 -8.6200 1 2462 -132.0200 30.1400
-3.2315861853e+00 -3.6459950593e-01 -8.6900412570e+00
120 94 94
2 0 2029 -245.1100 -26.5700 1 2429 -272.1100 -138.9300
-3.1375566973e+00 -5.5190218234e-01 -9.0883756253e+00
53 45 56
2 0 2032 -228.2900 -38.8800 1 2480 -255.9800 -157.5200
1.2487392147e+00 -2.9654037309e-01 -3.3856663889e+00
192 166 47
2 0 2036 242.0000 -56.8800 1 2477 269.1800 -88.3700
1.1772904515e+00 -6.9263377435e-01 -3.7306276129e+00
139 117 32
2 0 2043 206.0000 -120.5300 1 2485 229.1600 -180.4300
1.1157954213e+00 1.0266337803e+00 -3.4240575537e+00
207 39 56
2 0 2052 214.2800 194.2600 1 2447 228.0600 164.4300
-5.2664629519e-01 1.4428034418e-02 -2.9346826504e+00
13 21 29
2 0 2070 -115.3000 3.8900 1 2459 -129.0300 44.1000
-5.2664629519e-01 1.4428034418e-02 -2.9346826504e+00
13 21 29
2 0 2071 -115.3000 3.8900 1 2460 -129.0300 44.1000
-3.4493849316e+00 -2.1468543768e-01 -8.8127404991e+00
6 6 6
2 0 2109 -257.3000 -15.0100 1 2510 -283.3600 -126.3500
1.2196329768e+00 -3.5031676534e-01 -3.5004441078e+00
189 161 51
2 0 2114 229.3000 -65.1100 1 2535 252.9300 -103.5800
