# Bundle file v0.3
3 536
6.9180618521e+02 -1.3374941710e-01 4.3077879086e-02
9.9871462849e-01 7.9815351184e-03 5.0053830441e-02
-8.3143652670e-03 9.9994466669e-01 6.4447564209e-03
-4.9999621747e-02 -6.8526383439e-03 9.9872572770e-01
3.3695961971e-01 -1.9632283594e-02 -9.0935396695e-01
6.9513663094e+02 -1.3775950536e-01 -1.3293476314e-02
9.9952454230e-01 -2.6236125541e-02 1.6197377822e-02
2.9469364223e-02 9.6739024733e-01 -2.5157039958e-01
-9.0689527512e-03 2.5192811492e-01 9.6770345613e-01
2.7767610925e-01 -1.0116335368e+00 -1.5665847602e+00
6.9347600728e+02 -1.3102746016e-01 3.8396203002e-02
9.0392146288e-01 3.0383836950e-01 3.0101201663e-01
-2.2062486767e-01 9.3417695001e-01 -2.8042484527e-01
-3.6640231536e-01 1.8707130003e-01 9.1145689531e-01
1.3885198192e+00 -1.2030450082e+00 -1.2642998519e+00
1.5510919092e+00 9.8790024330e-01 -3.3113407765e+00
229 187 202
2 0 209 270.5500 146.3600 1 197 261.3400 122.8300
6.7148935052e-01 2.1310236246e+00 -9.2634529169e+00
58 43 47
2 0 231 37.5600 137.8800 1 11 51.0000 232.3400
1.0177684402e+00 1.2050105856e+00 -4.8214811294e+00
187 145 61
2 0 244 132.7700 135.6800 1 139 136.9700 161.3700
-2.4705534068e-01 2.1785169050e+00 -1.0423157045e+01
6 13 27
2 0 259 -25.3000 127.3400 1 16 -11.9200 228.7100
-3.5127438499e-01 2.1240474408e+00 -1.0478497387e+01
22 51 102
2 0 267 -31.8300 123.5500 1 27 -18.0700 224.8900
-8.1206394012e-01 7.3200571342e-01 -3.0606624265e+00
210 161 173
3 0 270 -108.5200 121.7500 1 296 -96.4400 70.3100 2 614 -8.1500 99.6000
1.7830550244e-01 2.1206832081e+00 -1.0717415791e+01
37 32 47
2 0 272 -0.4400 120.2400 1 30 13.7800 224.5900
-8.4938717984e-01 6.3796507842e-01 -2.9889352875e+00
242 188 204
2 0 291 -116.9300 107.9700 1 318 -102.6000 53.6500
1.2951726789e+00 8.1768081539e-01 -4.1599300405e+00
212 163 63
2 0 301 190.0500 101.1400 1 212 188.3300 109.7100
-1.2918503151e+00 5.3873259682e-01 -3.1798237875e+00
234 158 170
2 0 329 -188.1500 86.5100 1 340 -165.5100 41.6000
1.2030220143e+00 5.1187722092e-01 -4.1803831676e+00
93 41 4
2 0 376 177.4300 60.5800 1 291 175.1400 71.4500
1.4579228690e+00 4.5547281388e-01 -3.5731597512e+00
169 138 33
2 0 380 241.5100 59.8300 1 327 231.2300 51.4800
-1.1584441588e+00 1.9439663976e-01 -2.9698729434e+00
210 148 165
2 0 435 -173.7600 29.6800 1 470 -147.0700 -17.4300
-7.1846006001e-01 1.5424619684e-01 -3.0303455043e+00
150 106 118
2 0 449 -93.9100 21.4100 1 475 -76.9200 -18.8900
-3.9282654167e+00 2.4724375716e-01 -1.1407687313e+01
94 73 89
2 0 473 -233.4600 10.5000 1 930 -210.2300 108.2700
-4.3298852109e+00 2.1431362120e-01 -1.0611028999e+01
98 74 70
2 0 475 -271.0400 9.7400 1 233 -245.0500 100.6800
-2.0462955822e-01 1.0183191076e-01 -3.5455172142e+00
172 14 27
2 0 476 -6.6800 9.4900 1 445 1.6200 -3.7900
-4.1795055921e+00 2.1840108429e-02 -1.0318644303e+01
100 74 68
2 0 492 -268.2300 -1.8200 1 250 -240.8100 87.7600
-4.0895373318e+00 -1.8166324693e-01 -1.0949261207e+01
7 7 9
2 0 512 -250.9600 -13.8900 1 962 -223.5900 81.2300
-3.9087416368e+00 -5.2383130912e-01 -9.7067960608e+00
38 26 26
2 0 535 -264.4100 -37.3800 1 328 -233.1800 49.9600
1.5240842317e+00 -2.9366238475e-01 -3.2324740084e+00
84 58 3
2 0 550 272.5300 -55.7600 1 534 250.1000 -62.3100
1.5240842317e+00 -2.9366238475e-01 -3.2324740084e+00
84 58 3
2 0 551 272.5300 -55.7600 1 535 250.1000 -62.3100
1.5403649966e+00 -4.0251858203e-01 -3.1217936303e+00
72 46 1
2 0 574 282.5700 -74.9400 1 582 256.9600 -82.4500
1.5403649966e+00 -4.0251858203e-01 -3.1217936303e+00
72 46 1
2 0 575 282.5700 -74.9400 1 583 256.9600 -82.4500
-4.2885957375e+00 -1.2727527056e+00 -8.8651552823e+00
57 54 64
2 0 592 -309.9700 -92.5400 1 454 -268.5500 -9.0600
1.2123957918e+00 -7.2417947754e-01 -4.1810275240e+00
41 28 6
3 0 612 177.3800 -103.8000 1 565 170.6400 -73.9700 2 1187 122.3200 -118.6600
-2.3769858199e+00 -1.7277441270e+00 -8.1314642968e+00
12 12 14
2 0 660 -188.1100 -136.2900 1 513 -153.1100 -49.5600
-2.3769858199e+00 -1.7277441270e+00 -8.1314642968e+00
12 12 14
2 0 661 -188.1100 -136.2900 1 512 -153.1100 -49.5600
6.9267541450e-01 -1.2069376142e+00 -5.3971071447e+00
23 15 16
2 0 663 81.4000 -137.5900 1 577 89.0700 -78.1000
-5.5574606869e-01 -1.6156377977e+00 -6.9234555698e+00
31 36 51
2 0 677 -51.0400 -147.8400 1 548 -27.7500 -68.0000
-1.3540840093e-01 -1.6410217074e+00 -6.8493326629e+00
11 9 4
2 0 685 -13.5600 -151.4600 1 555 5.8400 -70.9600
-1.3540840093e-01 -1.6410217074e+00 -6.8493326629e+00
11 9 4
2 0 686 -13.5600 -151.4600 1 556 5.8400 -70.9600
-1.1906516069e-01 -1.7054009406e+00 -6.9373366601e+00
31 28 20
3 0 698 -12.5300 -155.4600 1 563 7.2300 -73.6000 2 1128 -116.2300 -72.0300
-1.1906516069e-01 -1.7054009406e+00 -6.9373366601e+00
31 28 20
3 0 699 -12.5300 -155.4600 1 564 7.2300 -73.6000 2 1129 -116.2300 -72.0300
-2.1894188627e+00 -2.1063434846e+00 -8.1868062249e+00
7 7 9
2 0 734 -172.8100 -164.1500 1 559 -137.3800 -72.7800
-4.8822725543e+00 -2.6411026288e+00 -1.0298282604e+01
37 35 37
2 0 735 -310.6800 -164.2900 1 530 -262.5500 -62.5800
-4.8822725543e+00 -2.6411026288e+00 -1.0298282604e+01
37 35 37
2 0 736 -310.6800 -164.2900 1 531 -262.5500 -62.5800
7.5865035867e-01 -1.4439587599e+00 -5.1465697247e+00
40 12 11
3 0 756 92.9800 -169.4200 1 610 98.8500 -108.8900 2 1970 9.2400 -135.3900
-1.7270332991e+00 -2.2121379857e+00 -8.2703293716e+00
8 6 7
2 0 760 -136.8800 -170.9300 1 569 -104.3900 -76.7600
-2.6602605877e+00 -2.2824239744e+00 -8.1390183281e+00
7 5 8
2 0 783 -209.2800 -177.7300 1 586 -168.7800 -86.0600
-2.6602605877e+00 -2.2824239744e+00 -8.1390183281e+00
7 5 8
2 0 784 -209.2800 -177.7300 1 587 -168.7800 -86.0600
-2.1842770704e+00 -2.3382916633e+00 -8.1704633868e+00
8 8 9
2 0 794 -172.5800 -181.8200 1 590 -135.8900 -88.1100
-1.8384397223e+00 -2.4090465022e+00 -8.2716547949e+00
8 8 8
2 0 807 -145.1500 -185.4100 1 591 -111.0100 -89.4600
8.2642536053e-01 -1.5735707818e+00 -5.0107407388e+00
115 93 107
2 0 813 103.1700 -187.5300 1 637 107.7100 -126.3200
-2.2934822462e+00 -2.4555237420e+00 -8.1893608187e+00
6 6 6
2 0 822 -180.4900 -190.0900 1 594 -142.3700 -95.2600
9.4483292570e-01 -1.5931201741e+00 -4.7345421018e+00
138 119 141
3 0 837 123.6600 -198.4200 1 666 124.5600 -139.9200 2 2031 36.9800 -173.5200
1.4780628865e+00 1.2354662732e+00 -3.5222923571e+00
218 55 76
3 0 946 246.2700 176.7700 1 140 241.2800 160.9700 2 1705 288.2200 86.7000
1.0918362881e+00 1.4083905605e+00 -4.6050753703e+00
198 152 60
3 0 959 148.0800 166.0400 1 853 151.8200 184.2600 2 2224 172.6700 142.8000
1.1196885870e+00 1.2996603955e+00 -4.5103633493e+00
209 174 106
2 0 972 154.4900 154.6900 1 867 157.0900 172.1700
1.5099157082e+00 1.0563834228e+00 -3.4207617477e+00
237 194 201
3 0 976 257.4000 153.4200 1 905 249.9300 134.0700 2 2324 292.0900 58.6800
-7.7896613096e-01 7.5421352891e-01 -3.0831429360e+00
236 176 187
3 0 1005 -102.4700 124.9600 1 971 -90.7600 74.7900 2 606 -2.5400 102.2300
-7.9748471706e-01 7.4123520710e-01 -3.0748285061e+00
144 88 102
2 0 1007 -105.8000 123.3000 1 975 -93.6600 72.5200
-7.9748471706e-01 7.4123520710e-01 -3.0748285061e+00
144 88 102
2 0 1008 -105.8000 123.3000 1 976 -93.6600 72.5200
-3.2254444241e-01 1.8140153359e+00 -1.0480670699e+01
15 18 35
3 0 1024 -29.9300 105.5000 1 834 -15.7100 205.5200 2 2098 -99.6100 230.0900
-1.2650784419e+00 5.8789781481e-01 -3.1895439601e+00
241 186 202
2 0 1031 -183.2200 94.5600 1 997 -161.6500 49.4300
-1.1030167668e+00 5.6355410710e-01 -3.0287341310e+00
133 62 81
2 0 1032 -161.0500 94.1500 1 339 -141.0600 41.8100
-4.5021629874e-01 4.9568949554e-01 -3.6622397443e+00
193 155 159
2 0 1060 -44.3300 69.2600 1 321 -34.1100 52.4000
-8.6902440789e-01 4.0276537190e-01 -3.0124358623e+00
236 213 231
2 0 1063 -120.5100 65.8400 1 1050 -102.9700 17.4700
5.1805039223e-01 4.2703586298e-01 -3.0660550117e+00
146 89 103
2 0 1064 121.3400 65.9100 1 364 114.5800 29.4200
-8.3460993256e-01 3.8561959256e-01 -3.0018077685e+00
213 142 157
3 0 1072 -114.6500 62.6800 1 402 -97.8100 14.9200 2 2339 -28.9800 34.9500
-8.7430567185e-01 3.8298400238e-01 -3.0040698730e+00
143 164 210
3 0 1073 -121.7200 62.1800 1 405 -103.9200 14.0400 2 796 -36.1700 36.7400
-1.0146242137e+00 3.5917778467e-01 -2.9898227130e+00
179 232 255
2 0 1077 -147.0800 58.7000 1 1061 -125.9500 9.2200
1.1806501021e+00 4.9670155926e-01 -4.1843496022e+00
154 97 86
2 0 1079 174.4000 58.5700 1 978 172.2000 69.5900
-3.8966043870e-01 3.6235547809e-01 -3.5464601243e+00
182 135 145
3 0 1085 -35.0500 50.8100 1 357 -25.3200 30.8500 2 1779 12.4100 34.8100
-9.1384153812e-01 2.3742071826e-01 -2.9593506154e+00
236 222 243
3 0 1098 -130.0500 37.0800 1 457 -109.6300 -10.0600 2 1807 -49.5100 9.6400
1.5291016991e+00 2.3587381531e-01 -3.3569156538e+00
178 148 30
3 0 1118 265.3600 28.4400 1 403 249.6100 15.1400 2 1887 257.5400 -53.2200
1.5285847273e+00 2.3593936009e-01 -3.3555196358e+00
178 148 30
2 0 1119 265.3600 28.4400 1 404 249.6100 15.1400
-7.9536932516e-01 1.8037963131e-01 -2.9785537642e+00
189 140 151
2 0 1121 -108.4700 26.5600 1 471 -89.9500 -17.5500
-8.9817789540e-01 1.7393011427e-01 -2.9504401456e+00
215 153 164
2 0 1126 -127.5700 25.7800 1 1103 -106.6100 -20.2300
-9.4084051342e-01 1.5413495324e-01 -2.9402460257e+00
168 101 120
2 0 1130 -135.5400 22.3400 1 481 -113.3800 -23.8900
-8.7024583042e-01 1.4942700501e-01 -2.9490844942e+00
195 137 151
2 0 1133 -122.5500 21.3200 1 482 -102.0500 -23.8900
1.5824691870e+00 1.4826415712e-01 -3.1798394323e+00
169 140 29
3 0 1139 285.6400 15.3600 1 443 265.5500 -3.0500 2 1901 274.3800 -75.1800
1.5824691870e+00 1.4826415712e-01 -3.1798394323e+00
169 140 29
3 0 1140 285.6400 15.3600 1 444 265.5500 -3.0500 2 1902 274.3800 -75.1800
-3.6808779478e+00 2.4045392074e-01 -1.1467345168e+01
97 79 98
2 0 1148 -219.2700 9.9500 1 928 -195.6900 108.8200
-4.8086962216e+00 1.0054527856e-01 -1.0788912261e+01
33 32 38
2 0 1160 -295.2200 3.0300 1 944 -267.3700 94.1800
-4.2520967405e+00 -9.8391819280e-02 -1.0096454905e+01
26 16 18
2 0 1179 -277.2400 -9.2800 1 968 -248.6900 78.6300
1.6212168223e+00 7.1392325883e-04 -2.9828606649e+00
138 155 120
3 0 1180 306.7800 -8.7400 1 495 280.7900 -32.3100 2 1175 288.8100 -106.8400
1.6208387348e+00 8.8749162345e-04 -2.9819443445e+00
138 155 120
2 0 1181 306.7800 -8.7400 1 496 280.7900 -32.3100
-4.1974137108e+00 -1.0278279477e-01 -1.0314676194e+01
94 74 66
2 0 1182 -269.3900 -9.4900 1 271 -241.2600 80.3600
-2.0698086861e-01 -1.9563647232e-02 -3.4325226332e+00
200 34 52
2 0 1183 -6.6500 -9.5300 1 1111 2.2100 -24.6000
-3.7493010334e+00 -1.3284151857e-01 -1.0920749210e+01
31 28 29
2 0 1185 -231.9800 -11.2300 1 263 -205.4700 84.5000
1.0747812289e+00 -4.7899001341e-02 -3.5939370975e+00
158 98 109
2 0 1188 185.2300 -15.0100 1 469 175.9700 -16.5900
-3.9614987661e+00 -2.7606034736e-01 -1.0896931386e+01
11 9 10
2 0 1190 -244.5000 -19.5400 1 280 -217.0000 75.8200
-4.0864415596e+00 -2.8576683472e-01 -1.0927201311e+01
13 11 12
2 0 1191 -251.1800 -20.0000 1 970 -223.2800 75.2600
1.5198527463e+00 -1.3679247227e-01 -3.2846278192e+00
100 61 3
2 0 1198 268.4400 -30.2200 1 504 248.6400 -38.8400
-4.6726854195e+00 -5.3391942817e-01 -9.9820412886e+00
14 13 15
2 0 1202 -306.1200 -36.6600 1 993 -272.2700 50.7200
-4.6726854195e+00 -5.3391942817e-01 -9.9820412886e+00
14 13 15
2 0 1203 -306.1200 -36.6600 1 994 -272.2700 50.7200
1.0884985534e+00 -1.9135804270e-01 -3.6099131426e+00
137 88 93
2 0 1204 186.3700 -36.5100 1 501 176.3500 -34.4700
-3.8521387394e+00 -6.7504607792e-01 -9.4705344140e+00
41 29 25
2 0 1209 -265.8600 -48.2300 1 1011 -233.3200 38.0100
-3.3513977612e+00 -1.1376032878e+00 -9.5036032283e+00
23 36 69
2 0 1235 -232.6400 -79.2000 1 1057 -199.1100 11.2300
-3.4386890922e+00 -1.1524181429e+00 -9.5316248182e+00
21 39 73
2 0 1236 -237.7100 -79.9100 1 1058 -204.0000 10.5700
-3.8007023577e+00 -1.0957077951e+00 -8.9284924720e+00
56 37 44
2 0 1237 -274.8900 -80.1400 1 1066 -237.8900 4.0900
-3.8065393792e+00 -1.2247908665e+00 -8.7937549608e+00
50 35 45
2 0 1243 -278.4900 -90.3200 1 1083 -240.1300 -6.3700
-3.8065393792e+00 -1.2247908665e+00 -8.7937549608e+00
50 35 45
2 0 1244 -278.4900 -90.3200 1 1084 -240.1300 -6.3700
1.3000546308e+00 -6.0262672868e-01 -3.9195650098e+00
175 155 52
2 0 1245 200.1800 -91.9300 1 554 190.4000 -70.9600
1.3282279768e+00 -6.1048951366e-01 -3.8335421011e+00
189 164 55
3 0 1246 208.2700 -94.5000 1 567 196.6100 -75.2100 2 1957 159.8000 -127.1500
1.2939972695e+00 -6.2459888469e-01 -3.9598586397e+00
93 71 13
2 0 1247 197.7200 -94.3300 1 558 187.8700 -71.7300
1.2522226399e+00 -6.8276732584e-01 -4.0876220701e+00
143 125 29
2 0 1252 186.3200 -99.9900 1 1150 178.5300 -73.1500
1.3173461584e+00 -6.6970298188e-01 -3.8659368882e+00
170 131 54
3 0 1253 205.1000 -102.3600 1 579 193.6600 -80.8100 2 1964 154.0600 -131.7300
1.3119437148e+00 -7.0528712550e-01 -3.8752769090e+00
96 62 25
2 0 1264 203.8500 -107.1300 1 585 192.4700 -84.7700
1.0099669558e+00 -9.6046536711e-01 -4.6418002303e+00
34 29 33
2 0 1274 135.4000 -124.8300 1 580 135.4900 -81.3300
-6.9260414879e-01 -1.4647690401e+00 -6.8974314899e+00
44 49 71
2 0 1282 -63.0200 -135.0600 1 519 -39.4600 -57.5900
-6.9373129199e-01 -1.4686016020e+00 -6.9045020978e+00
44 49 71
3 0 1283 -63.0200 -135.0600 1 520 -39.4600 -57.5900 2 1028 -160.3200 -44.3900
-6.7534481080e-01 -1.5140120799e+00 -6.9100220035e+00
16 22 45
3 0 1290 -61.4500 -139.0600 1 1137 -37.8200 -60.8100 2 1881 -159.7000 -48.2900
1.2517134698e+00 -9.5971409918e-01 -3.9917403944e+00
36 18 4
3 0 1291 189.5300 -139.7800 1 608 179.9700 -108.2900 2 2003 127.2000 -155.6800
1.2557436586e+00 -9.6352421776e-01 -4.0060436667e+00
36 18 4
2 0 1292 189.5300 -139.7800 1 609 179.9700 -108.2900
-1.5818658708e+00 -1.9527098559e+00 -8.2570743845e+00
3 42 73
3 0 1308 -126.1200 -152.2100 1 1132 -95.9900 -59.8000 2 1861 -247.8600 -28.8400
-1.5818658708e+00 -1.9527098559e+00 -8.2570743845e+00
3 42 73
3 0 1309 -126.1200 -152.2100 1 1133 -95.9900 -59.8000 2 1862 -247.8600 -28.8400
-1.8968061607e-01 -1.6929645141e+00 -6.9344013074e+00
35 31 21
3 0 1313 -18.9300 -154.5800 1 561 1.6900 -72.7100 2 1121 -121.7700 -70.0500
-1.8968061607e-01 -1.6929645141e+00 -6.9344013074e+00
35 31 21
3 0 1314 -18.9300 -154.5800 1 562 1.6900 -72.7100 2 1122 -121.7700 -70.0500
-1.6143501024e+00 -2.0151486237e+00 -8.3276434559e+00
9 11 16
2 0 1317 -127.7700 -155.4300 1 533 -97.2400 -62.5300
9.1517486104e-01 -1.2893118837e+00 -4.8492707471e+00
23 18 23
3 0 1322 117.9100 -159.4700 1 605 120.0400 -105.8200 2 1971 40.2700 -137.5600
-3.7938469448e+00 -2.3670827194e+00 -9.3874734713e+00
52 42 48
2 0 1326 -263.2700 -161.4500 1 1142 -220.1000 -64.2000
-4.8363996804e+00 -2.6196579798e+00 -1.0324455516e+01
9 6 11
2 0 1327 -307.3500 -162.7000 1 1135 -259.7600 -60.9100
9.7392127810e-01 -1.4341955048e+00 -4.7203390238e+00
64 61 69
2 0 1359 127.9900 -179.8500 1 634 128.3300 -125.2200
9.2280588159e-01 -1.4680358350e+00 -4.8110752693e+00
42 36 43
2 0 1361 119.3500 -181.2000 1 629 121.2700 -124.6900
9.1994766899e-01 -1.4635468228e+00 -4.7962630944e+00
42 36 43
3 0 1362 119.3500 -181.2000 1 630 121.2700 -124.6900 2 2007 36.6000 -157.5800
9.0967582441e-01 -1.5020824860e+00 -4.8516628532e+00
112 99 106
2 0 1364 116.8600 -184.0000 1 636 118.8900 -126.1600
8.7107772537e-01 -1.5648538697e+00 -4.8958163440e+00
118 109 124
3 0 1370 110.7400 -190.3000 1 1192 114.2200 -130.2100 2 2502 24.9300 -160.9900
8.9618667241e-01 -1.7204638885e+00 -4.8011653243e+00
146 128 144
2 0 1394 115.8000 -210.9500 1 681 118.1700 -149.0700
9.5338839621e-01 -1.7443388290e+00 -4.6788922659e+00
153 138 155
2 0 1403 125.7700 -217.9700 1 693 126.2400 -156.8800
9.5338839621e-01 -1.7443388290e+00 -4.6788922659e+00
153 138 155
2 0 1404 125.7700 -217.9700 1 694 126.2400 -156.8800
1.4363159154e+00 1.4398631921e+00 -3.6470690596e+00
213 116 42
3 0 1426 232.7000 201.6800 1 1294 230.4400 190.8800 2 2626 282.4500 118.1800
1.0702028480e+00 1.6688124456e+00 -4.5986859304e+00
148 129 71
3 0 1430 144.9400 197.1700 1 1280 149.7000 217.3800 2 2577 181.8300 173.3200
1.1776099839e+00 1.5492068148e+00 -4.3488887337e+00
206 156 63
2 0 1436 167.1300 190.4300 1 1284 169.2800 203.7900
1.1174759603e+00 1.4089861272e+00 -4.5578934264e+00
201 181 111
2 0 1454 152.4000 166.6800 1 1299 155.8000 185.6100
-3.1783560004e-01 2.0586429716e+00 -1.0397687539e+01
2 17 47
2 0 1499 -29.6500 120.4600 1 1278 -16.0900 221.1700
-3.1783560004e-01 2.0586429716e+00 -1.0397687539e+01
2 17 47
2 0 1500 -29.6500 120.4600 1 1279 -16.0900 221.1700
-3.5832795378e-01 1.7375470196e+00 -1.0390862580e+01
10 37 74
3 0 1516 -32.2700 101.3800 1 1286 -17.9300 201.1300 2 2107 -102.0500 226.1300
-1.2830992481e+00 4.9749296423e-01 -3.1569304190e+00
229 148 164
2 0 1532 -187.4800 79.9900 1 1432 -164.6100 34.7300
1.4348356213e+00 5.3846667801e-01 -3.6600800147e+00
182 147 43
3 0 1540 233.2300 71.1200 1 1405 224.9200 64.6900 2 2708 237.2500 1.2000
1.4348356213e+00 5.3846667801e-01 -3.6600800147e+00
182 147 43
3 0 1541 233.2300 71.1200 1 1406 224.9200 64.6900 2 2709 237.2500 1.2000
-7.4335957639e-01 4.1109742273e-01 -3.0435933055e+00
144 82 103
2 0 1546 -97.7300 66.5500 1 1049 -82.6700 20.4600
-6.8629126205e-01 4.1426227006e-01 -3.0827381359e+00
91 37 44
2 0 1548 -86.8200 66.2800 1 387 -73.5700 22.5800
1.2872496352e+00 5.3585245349e-01 -4.1013008669e+00
151 101 35
2 0 1550 191.6400 64.5800 1 1399 188.2900 73.1500
-7.3568358408e-01 3.8236290247e-01 -3.0510719032e+00
229 174 183
2 0 1551 -96.2100 61.3600 1 1444 -81.2300 16.3600
-9.5897119683e-01 3.6160241316e-01 -2.9984010644e+00
255 254 251
2 0 1553 -136.8700 58.9100 1 1060 -117.0800 10.1800
-4.2660589275e+00 9.2252261830e-01 -1.1332795126e+01
90 76 85
2 0 1560 -253.2300 48.8800 1 894 -232.4200 144.3800
1.2695570261e+00 3.8686271284e-01 -3.9657428337e+00
113 64 47
2 0 1565 194.9400 45.9500 1 1682 190.6500 51.3000
-1.0920665587e+00 2.7804713674e-01 -2.9687921439e+00
232 170 179
2 0 1567 -161.5800 44.6000 1 1465 -137.9300 -4.4400
-9.1124387455e-01 2.1416160916e-01 -2.9679667415e+00
206 136 159
2 0 1578 -129.4300 32.8900 1 1092 -108.7000 -13.4000
-9.5738434209e-01 2.0540022440e-01 -2.9618300629e+00
210 142 163
2 0 1580 -138.2000 31.4600 1 1095 -115.6500 -15.2000
-2.7131140282e-01 2.1988953743e-01 -3.5835568854e+00
184 25 38
2 0 1584 -17.1600 27.7100 1 1053 -8.1000 13.2200
1.4918486947e+00 2.3623847483e-01 -3.4263500531e+00
76 51 7
2 0 1585 255.2800 28.0800 1 1442 241.1900 17.3200
1.5438883883e+00 2.1079717778e-01 -3.2774084643e+00
219 185 70
2 0 1589 272.7500 25.0200 1 1062 255.7200 8.9900
1.5599584110e+00 1.7712609513e-01 -3.2507255267e+00
217 188 53
3 0 1593 277.2100 19.8100 1 1069 258.8200 3.7500 2 2421 267.0000 -67.4000
-3.6300309704e+00 2.9678573833e-01 -1.1483198989e+01
32 10 13
2 0 1596 -216.1200 13.0600 1 1350 -193.0800 112.0800
-1.0111049695e+00 1.0039720992e-01 -2.9591979190e+00
207 155 167
2 0 1598 -147.7600 12.6300 1 1118 -123.3900 -31.4600
1.4864145625e+00 7.7408286512e-02 -3.4874925580e+00
214 182 51
2 0 1601 250.7000 3.4900 1 1457 236.1300 -2.1600
9.9528543857e-01 5.1692083148e-02 -3.6336370812e+00
149 94 91
2 0 1606 171.9700 0.0400 1 1460 164.5200 -2.4500
-4.0936843539e+00 -3.6239062963e-03 -1.0271118400e+01
31 27 22
2 0 1609 -263.9500 -3.4300 1 1382 -236.6900 86.0900
-4.0936843539e+00 -3.6239062963e-03 -1.0271118400e+01
31 27 22
2 0 1610 -263.9500 -3.4300 1 1383 -236.6900 86.0900
-4.1369038864e+00 -3.9126544631e-02 -1.0199676265e+01
92 73 75
2 0 1616 -268.1500 -5.6100 1 1388 -240.2100 83.3200
-4.0973660245e+00 -1.0295349728e-01 -1.0214971855e+01
34 26 25
2 0 1619 -265.4300 -9.6000 1 1397 -237.3000 79.7600
-4.0612026803e+00 -2.1126071356e-01 -1.0034718308e+01
33 26 19
2 0 1623 -266.9300 -16.5500 1 1400 -237.9800 71.8100
8.5657422501e-01 -6.6508225727e-02 -3.6387457713e+00
118 65 68
2 0 1624 151.3300 -17.4900 1 1100 145.5000 -18.2900
-4.7057548767e+00 -2.7926097681e-01 -1.0317565837e+01
34 30 44
2 0 1626 -299.9300 -20.0500 1 1676 -268.9400 68.8900
-4.7076091424e+00 -3.5639257538e-01 -1.0192700102e+01
12 11 17
2 0 1628 -302.8800 -25.0100 1 1407 -271.2600 63.2000
-4.5800397324e+00 -4.6620667351e-01 -1.0098475785e+01
5 5 4
2 0 1630 -297.5500 -32.1500 1 1413 -265.0800 56.1400
-3.7762504202e+00 -6.0731425609e-01 -1.0668721525e+01
105 94 110
2 0 1637 -237.9200 -39.7600 1 1415 -208.4700 55.5800
-3.8962831383e+00 -7.5799668165e-01 -9.3218056223e+00
42 29 21
2 0 1641 -272.1100 -54.4200 1 1434 -238.3600 30.8600
-3.8962831383e+00 -7.5799668165e-01 -9.3218056223e+00
42 29 21
2 0 1642 -272.1100 -54.4200 1 1435 -238.3600 30.8600
1.3914742688e+00 -4.4534376905e-01 -3.6753945725e+00
190 166 56
2 0 1651 225.4700 -73.2900 1 1138 211.6900 -62.2800
1.5274974744e+00 -4.0043307492e-01 -3.1517121111e+00
205 180 47
3 0 1652 278.5200 -73.8300 1 1156 253.7400 -80.8700 2 2489 241.3200 -146.6100
1.5237667175e+00 -3.9764460737e-01 -3.1417889392e+00
205 180 47
2 0 1653 278.5200 -73.8300 1 1157 253.7400 -80.8700
1.3847463927e+00 -4.7868790146e-01 -3.7074501327e+00
164 135 122
2 0 1654 222.9100 -77.7200 1 1143 209.1400 -64.9400
1.2699698315e+00 -5.6658752237e-01 -4.0176291388e+00
23 16 10
2 0 1658 191.9500 -85.4000 1 1141 183.5200 -62.7200
-3.8915371513e+00 -1.2765918670e+00 -9.6067480500e+00
62 48 52
2 0 1659 -265.7300 -87.1200 1 1067 -228.9600 3.4300
1.3193893052e+00 -5.7584540507e-01 -3.8812703919e+00
187 164 52
3 0 1660 204.9000 -88.8700 1 1148 193.9800 -69.3100 2 2462 157.4800 -120.0600
1.3967278790e+00 -5.4898878455e-01 -3.6250380428e+00
115 82 63
3 0 1661 228.7800 -89.3000 1 1152 213.5300 -77.3800 2 2471 183.7900 -132.8200
1.3967278790e+00 -5.4898878455e-01 -3.6250380428e+00
115 82 63
3 0 1662 228.7800 -89.3000 1 1153 213.5300 -77.3800 2 2472 183.7900 -132.8200
1.3368872736e+00 -6.4549488934e-01 -3.7896675866e+00
188 167 48
3 0 1670 211.4800 -100.2900 1 1155 199.0700 -81.1800 2 2474 161.9400 -133.9300
9.9941302788e-01 -8.9793028225e-01 -4.7070177236e+00
8 10 9
3 0 1691 132.7200 -115.8300 1 1149 132.8200 -72.4900 2 2452 68.1500 -106.9200
-4.0071268150e+00 -1.5954646735e+00 -8.7862717362e+00
80 62 77
2 0 1692 -292.6000 -116.3900 1 1482 -250.0600 -30.2300
9.8836272507e-01 -9.8017378544e-01 -4.6974472381e+00
12 12 10
3 0 1694 131.0000 -126.2700 1 1154 131.9100 -80.9900 2 2457 64.7500 -115.5600
1.0454714620e+00 -1.0167418623e+00 -4.5698758822e+00
9 8 10
2 0 1696 142.1400 -133.3100 1 1503 140.3500 -89.7700
-7.3001924421e-01 -1.5455255471e+00 -6.9314571694e+00
36 42 62
3 0 1703 -66.3800 -141.3700 1 1140 -41.8100 -62.8500 2 2409 -165.4500 -49.2100
-1.6283806557e+00 -1.9035351856e+00 -8.2272132948e+00
6 38 64
3 0 1712 -130.0900 -148.8300 1 1128 -99.3900 -57.4000 2 2388 -250.8800 -25.2600
1.0727952945e+00 -1.2036470026e+00 -4.5094803019e+00
8 8 10
2 0 1720 146.7400 -157.7800 1 1174 144.2900 -111.3600
1.1081296110e+00 -1.2244285406e+00 -4.3767307170e+00
26 22 27
2 0 1726 155.3600 -164.0100 1 1185 151.4400 -119.3900
8.1176852816e-01 -1.3972058947e+00 -5.0540998016e+00
71 57 61
3 0 1728 101.0700 -166.4500 1 1169 105.6700 -108.1500 2 2475 18.9200 -136.3000
8.1176852816e-01 -1.3972058947e+00 -5.0540998016e+00
71 57 61
3 0 1729 101.0700 -166.4500 1 1170 105.6700 -108.1500 2 2476 18.9200 -136.3000
7.5788809433e-01 -1.5125428843e+00 -5.1598986711e+00
60 10 11
2 0 1738 92.3500 -176.5300 1 1178 98.7100 -114.7700
8.5594932994e-01 -1.5983362279e+00 -4.9241906085e+00
120 109 131
3 0 1747 108.3700 -192.9500 1 1194 112.1900 -132.0300 2 2504 21.0200 -162.8800
8.5856388730e-01 -1.6024886786e+00 -4.9382638507e+00
120 109 131
2 0 1748 108.3700 -192.9500 1 1195 112.1900 -132.0300
8.5594932994e-01 -1.5983362279e+00 -4.9241906085e+00
120 109 131
3 0 1749 108.3700 -192.9500 1 1196 112.1900 -132.0300 2 2503 21.0200 -162.8800
1.5245268270e+00 1.1633574648e+00 -3.3531245134e+00
223 127 59
2 0 1779 263.6400 171.9300 1 1603 256.1700 149.5800
-1.1317693750e+00 8.9188286652e-01 -3.3408409176e+00
198 191 227
2 0 1783 -155.0000 140.0800 1 1828 -140.9000 99.3700
4.0627309671e-01 9.8914541536e-01 -4.2681236952e+00
106 34 33
2 0 1792 70.2900 124.2700 1 1340 75.3600 130.5100
-2.0469742393e-01 2.0657437007e+00 -1.0388315067e+01
9 15 21
2 0 1795 -22.7600 120.8900 1 1575 -9.1000 221.8400
-6.3655878751e-01 4.8057292520e-01 -3.0890652787e+00
83 29 34
2 0 1817 -77.8200 77.5600 1 1021 -66.3800 33.1700
-9.2536903807e-01 4.0384771212e-01 -2.9971621645e+00
163 212 249
3 0 1821 -130.7300 66.4000 1 1443 -112.3200 16.6700 2 2675 -43.9900 42.4400
-4.6578842384e+00 8.3281578407e-01 -1.0892259752e+01
4 6 5
2 0 1832 -283.7000 45.7100 1 1611 -261.3200 136.7900
-4.5901902680e+00 7.4844055868e-01 -1.0900845904e+01
46 43 50
2 0 1833 -279.7600 40.7300 1 1618 -256.9700 132.1900
-4.5901902680e+00 7.4844055868e-01 -1.0900845904e+01
46 43 50
2 0 1834 -279.7600 40.7300 1 1619 -256.9700 132.1900
-4.9722284551e+00 5.3666066820e-01 -1.1329589007e+01
69 54 64
2 0 1842 -292.6500 27.3600 1 1632 -267.9700 121.1600
-4.9415112999e+00 4.5436091829e-01 -1.1475417088e+01
5 5 4
2 0 1847 -288.8400 22.4000 1 1635 -262.3600 117.5400
-2.1262371879e-01 1.8162796436e-01 -3.5967061018e+00
209 34 54
2 0 1849 -8.1600 21.6300 1 1452 0.1300 8.7200
1.4587871684e+00 1.3280597174e-01 -3.4482815323e+00
94 50 6
2 0 1854 249.1700 12.1000 1 1453 234.7000 3.8300
1.5607348809e+00 1.2009362905e-01 -3.2415097136e+00
177 149 40
3 0 1855 277.9600 10.7000 1 1079 258.8900 -4.9300 2 2431 264.9400 -74.9900
4.6277709293e-02 -4.4317308168e-02 -3.4214738444e+00
186 30 44
2 0 1872 34.1200 -13.8400 1 1723 37.9600 -27.3000
1.5970883322e+00 -1.2761361334e-01 -2.9910474095e+00
212 184 54
3 0 1879 301.7800 -30.4300 1 1494 275.6700 -50.5200 2 2755 278.2900 -122.9800
-3.8806463362e+00 -8.7500107372e-01 -9.2182295748e+00
53 41 36
2 0 1887 -273.4400 -62.9100 1 1694 -238.6800 22.1800
-1.7003575793e+00 -2.0709697020e+00 -8.2295607950e+00
5 5 5
3 0 1922 -135.5900 -161.3800 1 1501 -103.5200 -68.3100 2 2728 -259.5500 -36.3400
7.4469076236e-01 -1.4568419010e+00 -5.1999618234e+00
53 19 17
2 0 1925 90.4700 -169.3700 1 1510 96.5700 -108.0700
-2.6553431652e+00 -2.3291136859e+00 -8.1227760681e+00
48 44 50
2 0 1935 -209.0900 -181.5500 1 1748 -168.4800 -89.4700
9.5639286907e-01 -1.4755872926e+00 -4.7290355493e+00
110 106 126
2 0 1936 125.4400 -184.5000 1 1517 126.3600 -128.9300
9.8838750992e-01 -1.5589453577e+00 -4.6770871854e+00
127 123 141
2 0 1939 130.6900 -196.0100 1 1522 130.2500 -139.1300
-1.2858193379e+00 -2.4648061443e+00 -6.9991242797e+00
25 12 14
2 0 1946 -114.5100 -219.1000 1 1761 -81.5700 -129.0900
-3.4155024160e-02 -2.0317106353e+00 -5.3726736722e+00
93 77 81
2 0 1949 1.8700 -227.1900 1 1531 19.9700 -154.2800
1.3097783323e+00 -1.5766972060e+00 -3.8178675275e+00
79 64 29
2 0 1950 203.6300 -230.2500 1 1231 187.6500 -184.4800
1.4145838632e+00 1.4036419500e+00 -3.7633055453e+00
225 165 171
3 0 1960 223.9000 191.7200 1 1800 221.5900 185.6500 2 2956 268.3200 116.6100
1.2461017178e+00 1.4061373453e+00 -4.1930266150e+00
208 159 56
2 0 1965 181.8500 177.3200 1 1588 182.7900 185.7000
1.2461017178e+00 1.4061373453e+00 -4.1930266150e+00
208 159 56
2 0 1966 181.8500 177.3200 1 1589 182.7900 185.7000
1.4863720195e+00 1.1613779754e+00 -3.5026420365e+00
231 181 200
3 0 1969 249.0500 166.4000 1 1601 242.7700 149.9800 2 2852 287.2700 76.1400
1.4863720195e+00 1.1613779754e+00 -3.5026420365e+00
231 181 200
3 0 1970 249.0500 166.4000 1 1602 242.7700 149.9800 2 2853 287.2700 76.1400
1.5310928210e+00 1.0934298718e+00 -3.3573492809e+00
231 41 74
3 0 1975 264.5200 161.2600 1 1609 256.6200 138.6400 2 2864 302.1900 61.3000
1.4925367189e+00 1.0623367613e+00 -3.4697929915e+00
230 49 71
3 0 1978 251.7100 152.6900 1 1613 244.9800 135.8600 2 2863 286.0300 61.1300
1.5790686228e+00 9.3712870591e-01 -3.1783866830e+00
229 44 67
2 0 1983 284.0500 142.6400 1 1640 272.7200 113.3500
1.6196430883e+00 9.0024559134e-01 -3.0842050075e+00
234 125 63
2 0 1985 297.4800 139.5400 1 1647 283.9400 106.2700
-9.9469890106e-01 3.4900306356e-01 -3.0090466922e+00
17 23 47
2 0 2011 -143.0500 56.5600 1 1700 -122.2000 8.4800
-8.2740516362e-01 2.2562776845e-01 -2.9679177679e+00
230 170 178
2 0 2016 -114.3200 34.8200 1 1711 -95.6400 -11.2700
1.4085897774e+00 2.0708167655e-01 -3.3877292366e+00
156 104 99
2 0 2021 245.9400 23.9100 1 1853 230.9400 11.8400
-4.1708478462e+00 4.2587277874e-01 -1.0697847429e+01
27 23 22
2 0 2022 -259.8800 22.1700 1 1819 -235.7000 113.8300
-5.0195875454e+00 4.2854350391e-01 -1.1207578696e+01
5 6 5
2 0 2023 -297.7500 21.5400 1 1818 -272.4000 114.4700
-3.9589892130e+00 1.7363648371e-01 -1.1273850418e+01
40 26 29
2 0 2030 -237.8100 6.5000 1 1824 -213.1200 103.4300
-3.9589892130e+00 1.7363648371e-01 -1.1273850418e+01
40 26 29
2 0 2031 -237.8100 6.5000 1 1825 -213.1200 103.4300
1.4613636595e+00 -1.5149211886e-01 -3.2759013143e+00
165 119 118
2 0 2036 260.4300 -32.6400 1 1731 240.7100 -41.4500
-4.2159736196e+00 -7.1673112012e-01 -9.2988960553e+00
52 51 63
2 0 2042 -293.7300 -51.4700 1 1844 -258.7500 32.4300
1.5124428888e+00 -3.5326763171e-01 -3.2231053666e+00
202 173 48
3 0 2053 271.6500 -65.5700 1 1744 247.9700 -70.9900 2 2913 236.5300 -135.3700
-4.1358032936e+00 -1.1290982381e+00 -8.9776947282e+00
63 65 72
2 0 2059 -296.4600 -81.7500 1 1855 -257.7700 2.1100
-4.1358032936e+00 -1.1290982381e+00 -8.9776947282e+00
63 65 72
2 0 2060 -296.4600 -81.7500 1 1856 -257.7700 2.1100
1.3029369267e+00 -7.9462923836e-01 -3.8591584928e+00
183 164 46
3 0 2073 203.0700 -119.9700 1 1751 191.4400 -95.5600 2 2919 147.3500 -146.2300
1.3542963319e+00 -7.6748268342e-01 -3.7399376465e+00
189 164 46
3 0 2074 215.3100 -119.2700 1 1880 202.6400 -97.7300 2 3024 161.9200 -150.8500
-1.7245160603e+00 -1.9962654537e+00 -8.2345920817e+00
1 49 96
3 0 2081 -137.1200 -155.6100 1 1742 -105.6800 -63.4900 2 2894 -260.2300 -30.2900
-2.6240591432e+00 -2.4870411392e+00 -8.0673179192e+00
30 28 36
2 0 2087 -207.5000 -194.5700 1 1881 -166.2800 -100.9900
-1.2301247971e-01 -1.9056162757e+00 -5.6765887778e+00
58 42 44
2 0 2089 -9.0900 -204.3600 1 1886 10.5800 -131.2800
-2.6007077320e+00 -2.5863629596e+00 -7.2461323018e+00
119 61 53
2 0 2097 -222.1800 -221.4000 1 1885 -176.8100 -131.5600
1.2834469587e+00 1.4306300603e+00 -4.1508015864e+00
213 187 121
3 0 2107 188.8100 181.4400 1 1797 188.4100 189.2400 2 2952 224.9900 131.5100
1.2834469587e+00 1.4306300603e+00 -4.1508015864e+00
213 187 121
3 0 2108 188.8100 181.4400 1 1798 188.4100 189.2400 2 2951 224.9900 131.5100
1.4391899773e+00 1.2143984114e+00 -3.6122498329e+00
226 46 63
3 0 2109 235.3000 170.3500 1 1910 231.4600 159.0500 2 2963 275.1400 86.9700
1.5480596239e+00 9.9090128848e-01 -3.3234548402e+00
234 187 204
3 0 2116 269.6000 146.2400 1 1812 259.8500 123.5400 2 2983 302.1200 45.3500
1.5492355680e+00 9.9078090480e-01 -3.3268220419e+00
234 187 204
2 0 2117 269.6000 146.2400 1 1813 259.8500 123.5400
-1.0749340916e+00 4.2979553937e-01 -3.0299674466e+00
238 173 185
3 0 2141 -155.4100 71.1600 1 1847 -135.7800 20.9100 2 2977 -71.4700 55.4000
-2.5290893140e-01 2.5225159154e-01 -3.6019385438e+00
209 35 52
2 0 2152 -15.0000 32.5900 1 1849 -4.9700 18.2300
-4.3728675454e+00 2.4229278334e-01 -1.0443304712e+01
7 9 7
2 0 2154 -276.9600 11.6700 1 1917 -250.8600 101.0900
1.5096702648e+00 1.4396647763e-01 -3.4541997837e+00
215 187 52
2 0 2155 256.7200 13.6000 1 1704 240.7800 5.9000
-4.0383230278e+00 9.3750030065e-02 -1.1112209414e+01
106 96 120
2 0 2157 -245.0700 2.0800 1 1918 -219.5300 97.8300
-4.1740803355e+00 -4.5608076666e-02 -1.0156323477e+01
102 74 70
2 0 2160 -271.1600 -6.0000 1 1924 -243.3200 82.4700
-4.7850264229e+00 -1.0429050988e-01 -1.0548043321e+01
79 74 94
2 0 2162 -299.2500 -9.1600 1 1926 -269.7500 80.7700
-4.0602566747e+00 -3.2492661383e-01 -1.0810729934e+01
8 7 10
2 0 2166 -251.8300 -22.4800 1 1928 -223.5200 72.1500
-4.6830793434e+00 -4.4429416155e-01 -1.0069959977e+01
43 41 56
2 0 2167 -304.3200 -30.7700 1 1932 -271.9000 56.8700
-4.6312685324e+00 -6.4396068434e-01 -9.8115431826e+00
81 77 90
2 0 2169 -307.6000 -44.2600 1 1937 -272.9700 42.3300
-3.9854071392e+00 -8.0490238698e-01 -9.2825384240e+00
112 80 75
2 0 2173 -278.8900 -57.7100 1 1948 -244.3500 27.2200
1.4360946174e+00 -5.5649100732e-01 -3.5694536815e+00
196 171 45
2 0 2185 237.5600 -91.4000 1 1977 220.6400 -80.5600
-4.0320900677e+00 -1.4405703020e+00 -8.7984303484e+00
5 7 8
2 0 2189 -294.0500 -105.2900 1 1960 -252.6100 -20.3400
1.2398091593e+00 -7.6636888097e-01 -4.0842141907e+00
159 135 41
2 0 2192 184.8600 -111.3700 1 1877 176.4800 -82.7100
-4.8082958902e+00 -2.4986035272e+00 -1.0206823481e+01
56 49 65
2 0 2198 -308.3700 -156.9700 1 1872 -261.5300 -56.6700
-4.8082958902e+00 -2.4986035272e+00 -1.0206823481e+01
56 49 65
2 0 2199 -308.3700 -156.9700 1 1873 -261.5300 -56.6700
1.1538114054e+00 -1.2383917496e+00 -4.2836960252e+00
140 137 152
2 0 2201 164.5600 -168.4700 1 1883 158.6400 -124.9600
-1.0959512388e+00 -2.0896038840e+00 -7.0283909733e+00
70 29 11
2 0 2202 -97.6400 -186.5200 1 1978 -68.5900 -101.0600
-1.2879826423e+00 -2.5041997222e+00 -7.0231615067e+00
18 16 15
3 0 2207 -114.3700 -221.7400 1 1884 -81.4200 -130.9700 2 3017 -235.5100 -114.6100
-3.2825837545e-01 3.2060331184e-01 -3.5512462096e+00
63 2 6
2 0 2233 -25.1200 43.6300 1 1950 -17.2400 25.7900
-4.2596609979e+00 7.9802510116e-01 -1.1193086855e+01
98 86 96
2 0 2234 -255.3200 42.3800 1 2001 -234.0000 136.9800
-4.2596609979e+00 7.9802510116e-01 -1.1193086855e+01
98 86 96
2 0 2235 -255.3200 42.3800 1 2002 -234.0000 136.9800
-4.0115584616e-01 2.9553624276e-01 -3.5021695532e+00
237 229 236
2 0 2236 -36.9500 40.3900 1 2020 -27.1000 20.4600
-5.1582659590e-01 2.5165820643e-01 -3.4113915582e+00
199 182 196
2 0 2237 -55.8500 34.5000 1 1953 -43.3900 10.8300
-2.8254162683e-01 1.7861447751e-01 -3.6005025319e+00
106 3 6
2 0 2240 -18.8500 21.2400 1 1954 -9.6800 8.1600
5.2727659204e-01 3.6604778831e-02 -3.1572920790e+00
153 15 19
2 0 2242 119.2800 -1.3600 1 1963 112.4800 -24.8900
-3.8904886016e+00 -1.5155937283e+00 -8.7055632066e+00
128 99 96
2 0 2255 -286.4800 -111.7600 1 2029 -245.1100 -26.5700
-8.3850121681e-01 -1.5545676492e+00 -6.9148921239e+00
16 22 37
2 0 2260 -75.8300 -142.6000 1 1974 -50.8900 -64.2700
-4.8827321654e+00 -2.7562741907e+00 -1.0614786727e+01
3 3 3
2 0 2262 -303.0800 -166.8100 1 1875 -256.1700 -62.7400
-9.4367793019e-01 3.2594397616e-01 -2.9693972601e+00
21 21 28
3 0 2285 -134.9000 52.6400 1 2070 -115.3000 3.8900 2 3161 -50.1800 27.7000
-9.4367793019e-01 3.2594397616e-01 -2.9693972601e+00
21 21 28
3 0 2286 -134.9000 52.6400 1 2071 -115.3000 3.8900 2 3162 -50.1800 27.7000
-4.5462812359e+00 9.2659711406e-01 -1.1288080305e+01
14 11 11
2 0 2287 -269.4600 49.3800 1 2056 -248.3700 143.7000
-7.6363477130e-01 1.1008640784e-01 -3.0151849319e+00
180 129 141
2 0 2289 -102.2400 13.7400 1 2030 -83.7800 -26.3600
1.5006888373e+00 -2.9494265413e-01 -3.3442287648e+00
204 180 48
3 0 2297 261.0300 -54.3600 1 2036 242.0000 -56.8800 2 3128 228.0200 -121.6100
1.4060415423e+00 -7.5106212968e-01 -3.5366861494e+00
192 168 48
2 0 2303 235.3100 -121.3700 1 2041 215.6900 -105.9600
-3.7529672847e+00 -1.8121890363e+00 -9.0109746503e+00
59 46 51
2 0 2304 -269.3300 -129.1800 1 2032 -228.2900 -38.8800
-2.3724190042e+00 -2.3817254943e+00 -7.6296257815e+00
5 5 5
2 0 2314 -196.6300 -196.0600 1 2083 -155.1700 -105.8300
-6.1196316599e-01 2.3552004285e-01 -3.2695070108e+00
18 9 13
2 0 2325 -73.2700 33.3500 1 2103 -57.7900 3.0600
6.2371575743e-02 1.4911094229e-01 -3.5545711851e+00
44 5 5
3 0 2326 35.1000 17.8000 1 2104 39.2400 3.0900 2 3168 63.6500 -12.6800
1.5571225556e+00 8.5891255503e-02 -3.1324207938e+00
198 173 42
2 0 2349 284.3500 5.6200 1 2110 264.9800 -14.3000
1.5180570277e+00 4.8272235257e-02 -3.4053098887e+00
220 187 61
3 0 2350 260.9100 -0.4800 1 2139 243.9500 -9.7100 2 3194 242.2800 -74.1100
1.4566741426e+00 -3.9897602124e-01 -3.4796953615e+00
202 175 44
2 0 2354 245.4800 -68.9500 1 2114 229.3000 -65.1100
1.1404497227e+00 -7.0004679784e-02 -3.6659746109e+00
174 115 133
2 0 2393 190.9300 -18.1200 1 2170 182.3200 -16.5900
1.2784161700e+00 1.3382602315e+00 -4.1340227132e+00
207 165 80
2 0 164 188.5100 170.4800 2 1653 221.3700 119.8800
1.4986920644e+00 1.1443253112e+00 -3.4533315925e+00
230 163 182
2 0 172 253.6700 165.6700 2 1729 292.2100 71.6600
1.5384377883e+00 9.5418304849e-01 -3.3204123601e+00
211 75 91
2 0 222 268.4000 140.9700 2 785 299.3100 40.4500
-1.1586341384e+00 5.5343614698e-01 -3.0632513027e+00
189 130 143
2 0 319 -169.6600 91.3100 2 1713 -80.6100 84.1300
-1.1592033186e+00 4.9775287862e-01 -3.0511685098e+00
177 114 135
2 0 337 -170.2300 82.0700 2 1726 -83.5000 73.2100
1.5309111585e+00 3.2088327853e-01 -3.3540282330e+00
164 136 23
2 0 427 265.8300 41.7900 2 1874 262.3300 -42.4500
-1.1070233362e+00 1.8919688604e-01 -2.9449668722e+00
179 116 132
2 0 436 -165.4000 28.7900 2 1809 -86.9600 8.7100
-1.2841359291e+00 -1.0016280714e+00 -9.9990578940e+00
48 54 84
2 0 568 -92.6600 -68.5700 2 734 -209.1700 64.4100
-1.0365023665e+00 -1.2035850244e+00 -9.7652577227e+00
50 37 38
2 0 585 -77.9400 -83.2800 2 1767 -195.3500 44.0100
1.2977110928e+00 -5.9488690079e-01 -3.9521651755e+00
158 140 44
2 0 590 198.5600 -90.3900 2 1938 150.0200 -117.9100
-2.3712709872e+00 -1.3177936161e+00 -9.4057838792e+00
21 19 28
2 0 593 -169.0400 -92.7100 2 765 -292.8600 53.3600
-2.3712709872e+00 -1.3177936161e+00 -9.4057838792e+00
21 19 28
2 0 594 -169.0400 -92.7100 2 764 -292.8600 53.3600
1.1929279804e+00 -7.0837270937e-01 -4.2126840939e+00
17 14 6
2 0 606 173.4200 -101.3700 2 1935 119.4800 -114.6900
-6.8714980329e-01 -1.3284836473e+00 -8.3993322407e+00
16 11 24
2 0 611 -58.1600 -104.0700 2 863 -166.9900 4.9300
-1.7185606389e+00 -1.3489221136e+00 -8.2037763049e+00
2 20 29
2 0 613 -137.0900 -107.0800 2 834 -248.2200 17.5900
-1.9233341628e+00 -1.3625851714e+00 -8.1579532792e+00
0 23 37
2 0 614 -153.1100 -108.3000 2 824 -265.6600 19.2500
-1.3638840986e+00 -1.3941527667e+00 -8.2560753362e+00
37 54 90
2 0 617 -109.7000 -110.1400 2 853 -220.3800 8.8200
9.3762340724e-01 -8.6940613584e-01 -4.8277563716e+00
18 14 15
2 0 620 122.0100 -110.2000 2 1921 57.9300 -97.3900
9.5683208210e-01 -8.6785486646e-01 -4.7937126740e+00
36 32 31
2 0 621 124.9900 -110.9400 2 1168 61.5900 -98.8600
-1.6087420099e+00 -1.5289665125e+00 -8.2194844728e+00
26 24 43
2 0 642 -128.6500 -120.6600 2 869 -242.5500 2.3100
-1.8551723169e+00 -1.5583805894e+00 -8.1761058616e+00
3 41 62
2 0 645 -147.9200 -123.3500 2 1819 -263.2700 3.6000
1.0323549843e+00 -9.6403081360e-01 -4.6053508138e+00
18 15 17
2 0 647 139.3700 -126.0000 2 1188 73.5800 -119.1800
-1.7774562211e+00 -1.6477988676e+00 -8.1716629952e+00
22 67 91
2 0 650 -142.0400 -130.2200 2 885 -258.5500 -4.7200
-2.3830730411e+00 -1.6781225324e+00 -8.1059441600e+00
8 6 8
2 0 657 -189.0200 -132.7600 2 868 -310.2000 2.2600
7.3779270850e-01 -1.1960672376e+00 -5.2845874274e+00
27 16 15
2 0 666 88.3600 -138.6800 2 1171 10.6200 -105.3100
-2.2024957500e+00 -1.7570010371e+00 -8.1136567082e+00
9 8 11
2 0 667 -175.0500 -138.7500 2 897 -296.2900 -7.0300
-2.2523495366e+00 -1.8831671689e+00 -8.1223724412e+00
12 10 11
2 0 680 -178.6400 -148.1000 2 924 -302.6300 -15.6700
-2.2523495366e+00 -1.8831671689e+00 -8.1223724412e+00
12 10 11
2 0 681 -178.6400 -148.1000 2 923 -302.6300 -15.6700
-2.3709246226e+00 -1.9776446303e+00 -8.1285772798e+00
10 10 12
2 0 693 -187.5900 -155.1400 2 934 -314.0700 -20.5800
-2.1897203636e+00 -1.9931325918e+00 -8.1388962300e+00
11 11 13
2 0 701 -173.6400 -156.3000 2 946 -299.0600 -24.6700
-2.2467213115e+00 -2.0235039606e+00 -8.1313572648e+00
8 6 10
2 0 707 -178.0300 -158.6000 2 957 -304.4500 -26.2400
-2.2467213115e+00 -2.0235039606e+00 -8.1313572648e+00
8 6 10
2 0 708 -178.0300 -158.6000 2 956 -304.4500 -26.2400
9.2808376240e-01 -1.2719372225e+00 -4.8046479788e+00
54 48 50
2 0 710 120.6700 -158.3700 2 1216 43.7200 -138.4100
9.4491324578e-01 -1.2680388229e+00 -4.7626154310e+00
39 32 38
2 0 714 123.7700 -159.0000 2 1220 47.1900 -140.4200
-2.1904379106e+00 -2.0496237685e+00 -8.1501436002e+00
10 10 13
2 0 719 -173.5000 -160.3700 2 962 -299.9900 -28.6500
-2.1318036555e+00 -2.0516127210e+00 -8.1590034735e+00
6 6 8
2 0 721 -169.0900 -160.6700 2 963 -294.8900 -29.3700
-2.3065348192e+00 -2.0873884822e+00 -8.1271400589e+00
9 9 11
2 0 731 -182.5300 -163.3200 2 966 -310.6600 -30.2700
1.0787991926e+00 -1.2436240729e+00 -4.4439258969e+00
23 17 25
2 0 739 149.5000 -164.6500 2 1250 75.0800 -156.9400
1.0787991926e+00 -1.2436240729e+00 -4.4439258969e+00
23 17 25
2 0 740 149.5000 -164.6500 2 1251 75.0800 -156.9400
-1.9883304900e+00 -2.1187664770e+00 -8.2127398906e+00
23 23 23
2 0 744 -157.5200 -165.0000 2 985 -283.7900 -35.3300
-2.3048855113e+00 -2.1353874063e+00 -8.1566730523e+00
10 10 10
2 0 745 -182.0400 -166.6100 2 980 -310.9000 -33.0000
-1.7272275021e+00 -2.1622919026e+00 -8.2432106328e+00
8 8 9
2 0 750 -137.4000 -167.8600 2 1013 -263.2800 -42.0600
1.0849402561e+00 -1.2801565521e+00 -4.4109487340e+00
18 13 25
2 0 758 151.2800 -170.1600 2 1270 75.8000 -162.6200
9.6908994392e-01 -1.3688341575e+00 -4.7116612363e+00
84 82 90
2 0 763 127.7400 -172.4500 2 1238 48.1200 -153.2900
8.3505202598e-01 -1.4445227222e+00 -4.9944361808e+00
90 68 72
2 0 766 104.8100 -173.5300 2 1985 21.8100 -143.9800
9.8871399665e-01 -1.3692203386e+00 -4.6517320371e+00
59 55 75
2 0 770 131.8500 -174.0900 2 2005 52.3800 -156.9300
-2.2983901790e+00 -2.2409209139e+00 -8.1635416863e+00
8 8 10
2 0 771 -181.4000 -174.4400 2 1873 -312.0100 -40.8500
-1.6636656698e+00 -2.2564718246e+00 -8.2445340100e+00
7 7 9
2 0 774 -132.5400 -174.8400 2 1056 -259.8500 -49.9500
-1.9497188169e+00 -2.2751482530e+00 -8.2146864262e+00
6 6 6
2 0 780 -154.5000 -176.6400 2 1040 -283.3000 -47.5000
-1.9534439159e+00 -2.3151881730e+00 -8.2085237619e+00
8 8 8
2 0 788 -154.6800 -179.5000 2 1062 -284.5000 -50.7500
-1.7735785876e+00 -2.3263658201e+00 -8.2328591615e+00
7 7 5
2 0 789 -140.9600 -180.2200 2 1070 -269.8600 -53.5800
-1.8916015468e+00 -2.3312149514e+00 -8.2289915681e+00
7 7 7
2 0 791 -149.8800 -180.5400 2 1066 -279.4900 -52.1900
9.9109774394e-01 -1.4251672908e+00 -4.6690899098e+00
99 97 108
2 0 793 131.3900 -180.4600 2 1265 50.0500 -161.3800
-2.2393986244e+00 -2.3549601608e+00 -8.1673255719e+00
7 7 7
2 0 799 -176.8400 -183.0000 2 1058 -308.9100 -50.2100
-1.8960053142e+00 -2.3983114076e+00 -8.2468566207e+00
7 7 7
2 0 806 -150.0300 -185.2700 2 1079 -280.7900 -56.4300
-2.2382264762e+00 -2.3992735621e+00 -8.1815075827e+00
9 9 9
2 0 810 -176.5400 -186.0800 2 1068 -309.3700 -53.0800
-2.2382264762e+00 -2.3992735621e+00 -8.1815075827e+00
9 9 9
2 0 811 -176.5400 -186.0800 2 1067 -309.3700 -53.0800
-2.1223054107e+00 -2.4415151729e+00 -8.1882700524e+00
8 8 8
2 0 815 -167.7000 -189.2500 2 1083 -300.4300 -57.8300
-2.1223054107e+00 -2.4415151729e+00 -8.1882700524e+00
8 8 8
2 0 816 -167.7000 -189.2500 2 1082 -300.4300 -57.8300
-2.2391877764e+00 -2.4416045606e+00 -8.1773249245e+00
9 9 9
2 0 819 -176.6300 -189.2900 2 1077 -310.1900 -56.3400
-2.2391877764e+00 -2.4416045606e+00 -8.1773249245e+00
9 9 9
2 0 820 -176.6300 -189.2900 2 1078 -310.1900 -56.3400
1.0329243531e+00 -1.6145024792e+00 -4.5238356821e+00
79 67 84
2 0 854 140.3100 -207.9500 2 2042 53.2500 -188.8100
2.3373531456e+00 2.0444089193e+00 -4.7179187904e+00
104 83 98
2 0 887 284.1500 228.8800 2 2193 300.5000 168.3800
2.3895174390e+00 1.9099242235e+00 -4.6016116962e+00
100 77 89
2 0 900 296.3900 217.3600 2 1593 308.4700 151.2100
-1.2971595312e+00 6.7452104462e-01 -3.2144950388e+00
234 173 182
2 0 1019 -187.4000 108.4400 2 2252 -104.7800 117.8700
-1.3163441112e+00 6.6019853381e-01 -3.2288326645e+00
202 130 146
2 0 1023 -190.1500 105.6300 2 1662 -109.4400 116.6200
-8.1211772613e-01 4.0074326752e-01 -2.9976746224e+00
229 167 177
2 0 1065 -110.7700 65.4000 2 2337 -23.9300 36.7400
1.6269224875e+00 4.3604288198e-01 -3.0305616023e+00
178 150 40
2 0 1068 303.8300 64.2600 2 1878 309.1500 -45.3600
1.5503630773e+00 2.6330795214e-01 -3.2994686806e+00
164 135 37
2 0 1107 272.3600 33.1500 2 1889 266.2500 -53.0600
1.5503630773e+00 2.6330795214e-01 -3.2994686806e+00
164 135 37
2 0 1108 272.3600 33.1500 2 1890 266.2500 -53.0600
-1.9174071000e-01 1.5420611209e-01 -3.5771952383e+00
156 7 19
2 0 1137 -5.0200 17.4600 2 1828 29.0500 -2.1000
1.5334668113e+00 1.2120460578e-01 -3.3312716573e+00
154 164 126
2 0 1146 267.6500 10.6000 2 1897 254.2800 -69.4600
1.5657305598e+00 9.4112607863e-02 -3.2042653819e+00
171 138 37
2 0 1154 281.3300 6.6700 2 1909 267.3900 -80.5400
1.5657305598e+00 9.4112607863e-02 -3.2042653819e+00
171 138 37
2 0 1155 281.3300 6.6700 2 1910 267.3900 -80.5400
1.5493373546e+00 4.2625786350e-02 -3.2430174487e+00
151 162 121
2 0 1169 276.0300 -1.7100 2 1911 259.5300 -84.6900
1.3281682159e+00 -6.6805546335e-01 -3.8234474627e+00
137 103 38
2 0 1254 208.6800 -102.8800 2 1968 157.9000 -134.0100
8.9730303627e-01 -8.4048084688e-01 -4.9086953258e+00
26 15 13
2 0 1258 115.2300 -105.4900 2 1916 51.7500 -90.0300
-1.3804354430e+00 -1.3441963051e+00 -8.2470086887e+00
14 20 57
2 0 1262 -111.1100 -106.6100 2 1803 -220.6300 12.7900
-1.6879007051e+00 -1.3926141622e+00 -8.2027987793e+00
15 62 93
2 0 1266 -134.7800 -110.4300 2 1801 -246.5300 13.6700
-1.6879007051e+00 -1.3926141622e+00 -8.2027987793e+00
15 62 93
2 0 1267 -134.7800 -110.4300 2 1802 -246.5300 13.6700
-1.9589341868e+00 -1.4463945240e+00 -8.1589619949e+00
14 53 70
2 0 1271 -155.8600 -114.7100 2 2352 -270.1000 13.5100
-6.3546191102e-01 -1.4907207494e+00 -6.8976779356e+00
37 41 67
2 0 1288 -58.0300 -137.3200 2 1879 -155.4500 -47.2500
-6.3546191102e-01 -1.4907207494e+00 -6.8976779356e+00
37 41 67
2 0 1289 -58.0300 -137.3200 2 1880 -155.4500 -47.2500
-1.5223455788e+00 -2.0071489795e+00 -8.2698796306e+00
0 41 70
2 0 1318 -121.6800 -155.9300 2 2393 -244.1600 -33.3900
9.4394420453e-01 -1.3017285711e+00 -4.7757293788e+00
65 59 69
2 0 1328 123.2400 -162.6200 2 1984 45.3600 -143.0700
9.5402555450e-01 -1.3425642566e+00 -4.7502088111e+00
73 72 85
2 0 1335 124.9600 -168.2500 2 1994 46.0200 -148.4600
8.6587111064e-01 -1.4058937642e+00 -4.8970999421e+00
80 70 78
2 0 1342 110.9100 -171.4500 2 1989 29.3500 -145.9400
8.6587111064e-01 -1.4058937642e+00 -4.8970999421e+00
80 70 78
2 0 1343 110.9100 -171.4500 2 1990 29.3500 -145.9400
8.6710817704e-01 -1.5266033457e+00 -4.9227615624e+00
111 98 114
2 0 1366 110.0100 -184.8800 2 2004 24.6700 -155.9800
1.0108870735e+00 -1.4966203972e+00 -4.6056931042e+00
126 123 141
2 0 1371 135.5600 -190.7900 2 2030 51.8400 -172.3700
9.2336410797e-01 -1.6739378558e+00 -4.7917376345e+00
140 120 138
2 0 1390 119.4300 -206.0400 2 2035 29.9500 -177.7800
9.2691973768e-01 -1.8035477346e+00 -4.7257811911e+00
149 136 156
2 0 1407 121.3600 -223.3500 2 2052 28.1400 -194.0300
1.3688191388e+00 1.1786803499e+00 -3.8498036795e+00
213 185 123
2 0 1466 213.5600 157.7000 2 2285 245.7300 90.9500
-7.7989332953e-01 5.1711005716e-01 -2.9964056037e+00
115 55 67
2 0 1529 -104.7400 86.0700 2 2325 -11.6000 56.2100
-8.2305863278e-01 4.8236732387e-01 -3.0060573850e+00
119 66 84
2 0 1533 -112.2900 79.8300 2 2328 -21.7100 52.3000
1.5934529269e+00 7.2560661490e-02 -3.0918332128e+00
178 147 34
2 0 1602 293.8900 3.3200 2 2443 279.5000 -90.2700
1.5679755774e+00 2.4335685355e-02 -3.1704356974e+00
214 183 57
2 0 1614 284.0600 -4.6300 2 2447 266.9600 -91.5700
-8.3979550907e-01 -9.9203501034e-01 -1.0061663210e+01
33 40 68
2 0 1650 -64.2100 -67.8300 2 2322 -179.7000 58.5400
-1.0195318240e+00 -1.1442116729e+00 -9.8333644672e+00
14 14 18
2 0 1655 -76.6600 -79.1400 2 2673 -193.2400 48.7300
1.4091462110e+00 -6.1216173240e-01 -3.5506827505e+00
167 139 49
2 0 1671 234.5900 -100.1800 2 2767 187.3800 -145.0200
-1.2728932565e+00 -1.2687128965e+00 -8.2847395254e+00
99 91 108
2 0 1672 -102.7400 -100.7000 2 2692 -210.5700 17.3900
-1.2728932565e+00 -1.2687128965e+00 -8.2847395254e+00
99 91 108
2 0 1673 -102.7400 -100.7000 2 2693 -210.5700 17.3900
-1.1318712169e+00 -1.3056755614e+00 -8.3302456813e+00
13 41 82
2 0 1675 -91.7800 -103.0000 2 2353 -200.3400 12.9900
-1.5423699103e+00 -1.3379949109e+00 -8.2317685839e+00
114 107 131
2 0 1676 -123.5000 -106.1800 2 2348 -233.5500 15.8600
-1.6631517347e+00 -1.3508317351e+00 -8.2132724265e+00
12 7 5
2 0 1682 -132.7200 -107.0700 2 1799 -243.7800 16.5500
-1.3120280084e+00 -1.3924208087e+00 -8.2955716657e+00
11 58 91
2 0 1683 -105.4800 -109.6000 2 2358 -216.2500 8.8800
-1.7422224633e+00 -1.3990412805e+00 -8.2008102668e+00
11 21 27
2 0 1684 -138.9100 -110.8700 2 2351 -251.1200 14.1100
-1.8830107738e+00 -1.4156100322e+00 -8.1767851733e+00
9 32 44
2 0 1686 -149.9500 -112.3700 2 2349 -263.0400 14.9800
1.3378859925e+00 -7.3264268239e-01 -3.8104934565e+00
185 162 49
2 0 1687 210.3700 -112.4800 2 2485 157.0000 -142.1100
-2.0156591908e+00 -1.4335772113e+00 -8.1578100058e+00
20 82 113
2 0 1688 -160.3300 -113.9000 2 2696 -274.4400 15.6900
9.5302615401e-01 -8.9788020799e-01 -4.7796847133e+00
9 8 9
2 0 1689 124.9800 -114.6000 2 2746 60.5700 -102.6400
-2.0054519020e+00 -1.6278302550e+00 -8.1613164925e+00
15 71 97
2 0 1695 -159.4600 -128.5700 2 2366 -277.1200 0.5700
-6.1479546679e-01 -1.5392360012e+00 -6.9043556081e+00
14 21 40
2 0 1704 -56.2300 -141.5200 2 1886 -154.7600 -51.4000
-1.7745927338e+00 -1.9048418511e+00 -8.1999306162e+00
10 8 6
2 0 1713 -141.5000 -149.2500 2 2719 -262.7900 -23.3900
1.0502310805e+00 -1.1488952095e+00 -4.5472352499e+00
6 6 6
2 0 1714 142.9400 -150.0500 2 2484 71.0500 -141.3400
9.2493328790e-01 -1.8010339039e+00 -4.7744466755e+00
154 138 158
2 0 1756 119.7000 -221.5100 2 2519 26.4600 -190.7500
1.1515822499e+00 1.5621337635e+00 -4.4291621763e+00
204 183 120
2 0 1774 161.1600 189.9700 2 2821 196.6500 155.7300
1.4715854768e+00 1.2992588522e+00 -3.5818465094e+00
228 44 67
2 0 1776 241.6300 183.5000 2 2640 285.4600 96.8900
1.5226254404e+00 3.4834775144e-01 -3.3766008034e+00
165 133 27
2 0 1830 263.1100 45.8300 2 2397 260.9200 -37.5800
1.5612774842e+00 1.2002909141e-01 -3.2420548857e+00
177 149 40
2 0 1856 277.9600 10.7000 2 2432 264.9400 -74.9900
-8.4473192439e-01 -9.0966580224e-01 -1.0153961828e+01
100 65 81
2 0 1888 -64.2900 -62.2200 2 2858 -178.9300 65.0900
-1.1862719129e+00 -1.4064206115e+00 -8.3169580063e+00
75 52 65
2 0 1901 -95.8700 -110.4800 2 2704 -206.6400 6.0800
-2.0660088705e+00 -1.4747442913e+00 -8.1401792022e+00
8 9 9
2 0 1904 -164.2800 -117.0100 2 2700 -279.6500 12.9000
-1.9017530575e+00 -1.4913037127e+00 -8.1662787070e+00
133 128 151
2 0 1907 -151.4900 -118.2000 2 2703 -266.0500 9.2500
1.2626596205e+00 -8.2832126046e-01 -4.0349082543e+00
171 146 57
2 0 1908 189.5100 -121.0200 2 2760 131.6200 -138.5500
1.2335132999e+00 -8.3450925867e-01 -4.0753766010e+00
111 94 53
2 0 1910 184.1300 -120.6500 2 2914 125.7600 -136.7800
1.2640724872e+00 -8.4955996186e-01 -3.9838645833e+00
176 153 49
2 0 1911 192.0500 -124.8100 2 2916 133.5600 -144.0600
-1.9011592068e+00 -1.6528772383e+00 -8.1659503247e+00
20 77 102
2 0 1912 -151.4800 -130.5200 2 2710 -268.8900 -3.0900
1.0597037132e+00 -1.0711004531e+00 -4.5114969821e+00
8 8 8
2 0 1919 145.3600 -141.4000 2 2758 76.6200 -135.3400
-1.4545808496e+00 -1.9466027670e+00 -8.2618986440e+00
7 8 7
2 0 1920 -116.6400 -151.5700 2 2725 -237.7200 -30.2900
-1.8089516088e+00 -2.2082554388e+00 -8.2307849499e+00
4 4 4
2 0 1928 -143.7000 -171.4600 2 2735 -270.6900 -44.4300
-1.9265739470e+00 -2.2298832025e+00 -8.2022852077e+00
6 6 6
2 0 1930 -152.7700 -173.2800 2 2733 -280.9100 -45.0700
-1.9265739470e+00 -2.2298832025e+00 -8.2022852077e+00
6 6 6
2 0 1931 -152.7700 -173.2800 2 2734 -280.9100 -45.0700
1.1037937494e+00 -1.3085222835e+00 -4.3604506146e+00
14 9 13
2 0 1932 155.2000 -175.3600 2 2777 79.0600 -168.5500
1.4376426008e+00 1.5376979225e+00 -3.6886824834e+00
225 41 62
2 0 1956 230.4400 213.5000 2 2834 283.6600 131.8300
-9.0965801299e-01 4.6737554006e-01 -3.0030763147e+00
218 155 171
2 0 2008 -127.7200 77.4700 2 2870 -37.8200 53.5000
-1.4976799726e+00 -9.4020545310e-01 -9.9951030113e+00
103 54 72
2 0 2051 -106.3600 -64.7300 2 2854 -222.4500 72.0600
-7.7550476398e-01 -1.0385877151e+00 -1.0060869651e+01
76 58 67
2 0 2057 -60.1800 -70.8300 2 2866 -176.2700 54.5700
-7.7550476398e-01 -1.0385877151e+00 -1.0060869651e+01
76 58 67
2 0 2058 -60.1800 -70.8300 2 2867 -176.2700 54.5700
-1.0541292019e+00 -1.2703250366e+00 -8.3438962901e+00
100 92 111
2 0 2063 -85.9400 -100.3900 2 2996 -193.5300 14.6100
-1.8129473864e+00 -1.3479942950e+00 -8.1852356720e+00
14 79 114
2 0 2069 -144.2500 -106.8000 2 2994 -256.2800 18.7500
-1.5530391465e+00 -1.8770095846e+00 -8.2705516010e+00
3 8 9
2 0 2078 -123.9700 -146.1600 2 2892 -244.3000 -23.3500
1.6109012862e+00 -5.4300684777e-02 -2.9947022147e+00
213 185 53
2 0 2165 304.0000 -18.2300 2 3018 283.6900 -113.0700
1.4690729414e+00 -5.8315054672e-01 -3.3957021229e+00
198 172 52
2 0 2187 252.6000 -98.9600 2 3025 206.5800 -152.1500
1.3053808391e+00 -7.0851642212e-01 -3.8337471738e+00
126 86 54
2 0 2191 205.1600 -108.0900 2 3022 152.7600 -137.9300
-1.5901943683e+00 -2.0580335743e+00 -8.2423694501e+00
5 6 10
2 0 2200 -127.0700 -160.1600 2 3009 -250.5100 -36.7000
-1.8222700746e+00 -1.7930747711e+00 -8.1920767118e+00
6 5 7
2 0 2305 -145.1300 -140.7800 2 3118 -264.8300 -14.5000
1.2509352569e+00 -1.5777788354e+00 -3.8889376974e+00
152 149 172
2 0 2316 192.0200 -227.5900 2 3141 106.6400 -228.0700
-1.8977844761e+00 -1.5096959663e+00 -8.1950142598e+00
131 126 148
2 0 2359 -150.7900 -119.1900 2 3191 -265.9700 8.3600
-1.8977844761e+00 -1.5096959663e+00 -8.1950142598e+00
131 126 148
2 0 2360 -150.7900 -119.1900 2 3190 -265.9700 8.3600
1.0816857330e+00 1.7383307164e+00 -4.5544984180e+00
106 86 22
2 1 25 151.9200 226.1600 2 1527 189.0100 181.2600
1.2925115734e+00 1.8315539155e+00 -7.6475612927e+00
94 82 100
2 1 40 112.0900 217.8900 2 1491 66.5100 194.2800
9.3472891105e-01 1.8700880555e+00 -8.6461645343e+00
54 48 62
2 1 44 74.0300 216.3300 2 176 14.9600 207.6200
3.6134366564e-01 1.9488705359e+00 -1.0326091677e+01
32 27 41
2 1 49 26.0200 215.6100 2 1395 -52.4200 224.6600
1.0271752053e+00 1.7657213508e+00 -8.3804075334e+00
97 93 112
2 1 59 83.2300 209.7300 2 1483 25.3900 197.3200
5.4589065882e-01 1.8057571800e+00 -9.7131104687e+00
35 29 38
2 1 63 40.4400 208.0600 2 1433 -33.8200 212.1600
1.9962244246e-01 1.7547462932e+00 -1.0812835609e+01
53 51 66
2 1 72 15.1800 202.1300 2 129 -72.5400 215.5400
6.5597291263e-01 1.6326949605e+00 -9.4755334620e+00
43 37 49
2 1 78 49.1300 196.9700 2 1481 -26.1000 198.1900
-1.1682516316e-01 1.5674070163e+00 -1.0427807044e+01
8 32 66
2 1 89 -3.0100 190.8400 2 161 -90.4100 210.3800
1.2282806803e+00 1.4676353115e+00 -7.8747266867e+00
56 47 58
2 1 100 104.1500 187.8300 2 1551 45.8800 168.5500
1.2434636090e+00 1.4203273559e+00 -7.8297129851e+00
93 82 98
2 1 107 105.8200 184.4200 2 421 47.0500 164.0400
-8.2531205977e-02 1.2394506404e+00 -1.0414995964e+01
15 13 26
2 1 122 -0.3900 170.6900 2 297 -94.3000 188.8100
-1.7938995681e+00 5.0288330271e-01 -1.1982651105e+01
8 7 6
2 1 191 -91.4100 129.5100 2 1528 -218.8000 179.0200
-2.7119768141e+00 5.0733440434e-01 -1.2243656956e+01
31 21 30
2 1 192 -137.2300 128.7800 2 243 -272.5700 195.7800
1.5605749780e+00 9.6787191699e-01 -3.2652239905e+00
233 176 198
2 1 198 264.9400 119.2800 2 1773 307.8100 39.7500
-1.8122556245e+00 3.0361038155e-01 -1.1722728652e+01
65 56 74
2 1 200 -93.4000 117.7300 2 409 -222.9000 166.9900
-1.1788714379e+00 9.0968560422e-01 -3.2941981859e+00
191 196 228
2 1 227 -149.2200 101.3200 2 1578 -73.6500 155.6600
-1.2199340639e+00 -2.2994351956e-02 -1.1485533123e+01
12 10 19
2 1 235 -61.6000 99.5300 2 533 -192.2900 136.9200
1.6271049141e+00 4.6242302296e-01 -3.0689352762e+00
176 149 32
2 1 345 281.6300 39.2000 2 1006 306.8100 -39.9300
1.6271049141e+00 4.6242302296e-01 -3.0689352762e+00
176 149 32
2 1 346 281.6300 39.2000 2 1007 306.8100 -39.9300
-1.2873680276e+00 5.2269335843e-01 -3.1691986828e+00
238 166 183
2 1 347 -164.8900 38.8500 2 1701 -109.7700 88.1900
-3.8986270343e-01 3.6009737159e-01 -3.5505745559e+00
183 154 174
2 1 356 -25.3200 30.8500 2 1778 12.4100 34.8100
1.5646456428e+00 1.5240489726e-01 -3.2290846939e+00
204 176 56
2 1 436 260.4300 -0.5600 2 1899 268.1900 -71.7800
-1.0981138032e-01 -2.5157463719e-02 -3.4224712258e+00
105 2 6
2 1 485 16.0700 -25.1300 2 1000 40.0400 -38.8600
-2.3158104851e+00 -1.7940452252e+00 -8.1192960680e+00
10 11 15
2 1 517 -148.5700 -54.0300 2 901 -306.3000 -7.6400
-6.9428948845e-01 -1.4716930775e+00 -6.9096784586e+00
31 40 59
2 1 518 -39.4600 -57.5900 2 1027 -160.3200 -44.3900
-2.1943064754e+00 -1.9389620551e+00 -8.1351704042e+00
6 6 6
2 1 537 -139.1500 -62.9000 2 935 -298.4600 -20.6200
-2.1362519368e+00 -2.0962467482e+00 -8.1641664055e+00
9 9 9
2 1 560 -133.9300 -72.4100 2 979 -296.0800 -32.7500
-1.6119563543e+00 -2.1840512153e+00 -8.2430579582e+00
7 7 9
2 1 568 -96.8100 -75.3600 2 1033 -254.5700 -45.6900
1.5184355135e+00 -3.8443586445e-01 -3.1865252957e+00
52 36 0
2 1 573 250.7400 -76.4400 2 1983 238.4900 -142.4300
-2.1857123622e+00 -2.3410433238e+00 -8.1690740117e+00
8 8 9
2 1 589 -135.8900 -88.1100 2 1884 -304.2000 -50.1200
9.3555077552e-01 -1.3379915658e+00 -4.7883761370e+00
31 25 30
2 1 616 123.2600 -112.9700 2 1991 42.7700 -145.9500
9.3687936757e-01 -1.5759498853e+00 -4.7498680356e+00
115 106 126
2 1 657 123.4700 -137.6000 2 2024 36.0600 -171.0800
8.4518028935e-01 -1.7071313047e+00 -4.9417223198e+00
99 18 29
2 1 671 110.3100 -141.4700 2 2027 15.7200 -171.9400
-1.6044106522e+00 -2.7505729613e+00 -7.0823576337e+00
120 59 57
2 1 678 -103.5600 -146.9800 2 2466 -268.1800 -126.5800
9.6801704312e-01 -1.6584310395e+00 -4.6753115379e+00
147 133 155
2 1 683 127.9200 -148.9900 2 2038 39.1100 -183.4400
9.4798395615e-01 -1.7261044378e+00 -4.7196434246e+00
140 120 141
2 1 688 124.7600 -153.4600 2 2039 33.1000 -187.0500
-1.4221346434e+00 -3.1190537535e+00 -7.0157668874e+00
63 62 78
2 1 703 -88.5200 -173.6800 2 2010 -258.8800 -160.7000
-1.4221346434e+00 -3.1190537535e+00 -7.0157668874e+00
63 62 78
2 1 704 -88.5200 -173.6800 2 2011 -258.8800 -160.7000
-1.3696092396e+00 -3.3094756083e+00 -7.0105188545e+00
17 16 21
2 1 718 -83.6900 -186.4900 2 1285 -257.6500 -176.0100
-1.4071533818e+00 -3.3297542727e+00 -7.0009040970e+00
86 83 97
2 1 720 -86.4600 -188.1800 2 2034 -261.3500 -177.5400
-1.6948450459e+00 -3.5918558571e+00 -7.0429737304e+00
58 57 65
2 1 745 -105.9800 -203.7500 2 2520 -291.0400 -191.8700
1.0725334937e+00 1.7694382708e+00 -4.5721246446e+00
189 166 60
2 1 812 150.3900 229.7600 2 2165 188.2100 185.5600
1.1049765281e+00 1.7280321101e+00 -4.5214445476e+00
196 171 72
2 1 817 155.5600 225.4900 2 2181 193.0900 178.5300
-1.3721196734e-01 1.7450907527e+00 -1.0406580819e+01
2 31 67
2 1 838 -4.5600 201.9500 2 1401 -88.0600 222.0900
1.1263294274e+00 1.3556462360e+00 -4.5694997430e+00
187 146 60
2 1 857 156.2200 179.4600 2 2612 176.6500 133.8600
1.1263294274e+00 1.3556462360e+00 -4.5694997430e+00
187 146 60
2 1 858 156.2200 179.4600 2 2613 176.6500 133.8600
-1.1716258488e-01 1.3108535742e+00 -1.0394467392e+01
48 34 49
2 1 860 -2.5300 174.7900 2 1489 -94.8600 194.2300
-1.8487057365e+00 1.0893160028e+00 -1.2634252500e+01
81 52 60
2 1 880 -92.0100 161.6900 2 2123 -213.4500 213.7400
-1.1933682075e+00 7.8904406276e-01 -3.3293976209e+00
27 55 110
2 1 959 -148.8600 82.9300 2 1620 -83.9000 135.9400
-3.2031225867e-02 7.4343978632e-02 -3.5736115491e+00
190 25 44
2 1 1081 25.7900 -5.7100 2 1855 47.2300 -19.2400
-1.6628981999e+00 -1.9512094879e+00 -8.2496905365e+00
7 13 18
2 1 1134 -101.2800 -60.3800 2 1859 -254.5100 -27.4700
8.9022308840e-01 -1.4462169642e+00 -4.8719851177e+00
88 78 87
2 1 1183 116.7100 -119.7600 2 2496 31.3700 -151.6400
1.1233815716e+00 -1.3678584681e+00 -4.3238302319e+00
26 14 30
2 1 1201 153.6200 -136.3300 2 2513 80.2500 -177.3600
-8.9009988007e-01 -2.7204143559e+00 -6.9777712115e+00
52 12 11
2 1 1208 -50.1500 -146.9700 2 1972 -204.6600 -138.9200
-1.1081044485e+00 -2.7521492518e+00 -6.9896300486e+00
84 43 23
2 1 1209 -66.6400 -149.1600 2 2478 -224.3500 -137.8500
9.3428445360e-01 -1.6988229098e+00 -4.7462086262e+00
137 124 138
2 1 1210 122.9100 -149.4400 2 2517 31.6800 -183.0000
-8.3345398084e-01 -2.8209881567e+00 -6.9784021629e+00
60 16 14
2 1 1214 -45.4500 -153.7400 2 2491 -201.7700 -147.4200
-1.6294559580e+00 -3.4360879453e+00 -7.0422469406e+00
71 70 82
2 1 1235 -102.0500 -193.7800 2 2514 -282.6500 -180.9500
-1.6294559580e+00 -3.4360879453e+00 -7.0422469406e+00
71 70 82
2 1 1236 -102.0500 -193.7800 2 2515 -282.6500 -180.9500
9.5380508657e-01 1.4960205402e+00 -8.5796933523e+00
83 77 96
2 1 1297 76.1200 189.3500 2 2575 9.2200 179.6100
1.1061385305e+00 1.3480232735e+00 -4.6218194752e+00
190 164 105
2 1 1303 152.4900 178.0200 2 2610 171.0600 134.9000
1.1061385305e+00 1.3480232735e+00 -4.6218194752e+00
190 164 105
2 1 1304 152.4900 178.0200 2 2611 171.0600 134.9000
1.4689446133e+00 1.2097531416e+00 -3.5526256575e+00
213 176 187
2 1 1316 238.2800 157.5000 2 2650 283.3500 84.3700
1.4689446133e+00 1.2097531416e+00 -3.5526256575e+00
213 176 187
2 1 1317 238.2800 157.5000 2 2651 283.3500 84.3700
-1.1945548186e+00 8.2638617863e-01 -3.2996151534e+00
252 251 251
2 1 1377 -150.3900 88.2500 2 2602 -81.0800 141.9200
-1.1945548186e+00 8.2638617863e-01 -3.2996151534e+00
252 251 251
2 1 1378 -150.3900 88.2500 2 2603 -81.0800 141.9200
-9.5791597224e-01 8.1521903946e-02 -2.9518412235e+00
120 80 101
2 1 1489 -115.0000 -34.1800 2 2717 -65.8600 -17.1300
-2.0261563172e+00 -2.6360524846e+00 -8.2028055807e+00
5 5 4
2 1 1509 -123.1300 -105.2900 2 2903 -295.7200 -73.6100
9.0950621710e-01 -1.3618933659e+00 -4.8429813666e+00
65 62 71
2 1 1512 119.4500 -113.0000 2 2766 37.2700 -145.1300
9.1505439846e-01 -1.5492234540e+00 -4.7858422835e+00
115 105 123
2 1 1519 120.6200 -133.8100 2 2775 33.5300 -165.9600
-1.1157596462e+00 -2.6517963709e+00 -6.9800787292e+00
85 42 23
2 1 1523 -67.7200 -142.3000 2 2756 -223.0900 -130.5200
-1.0816098167e+00 -2.9299637867e+00 -6.9925444982e+00
16 12 15
2 1 1537 -63.8600 -161.0400 2 2771 -225.4800 -151.9300
-1.6863521941e+00 -3.6267362212e+00 -6.9803673955e+00
14 13 14
2 1 1558 -105.7400 -208.5200 2 2786 -291.2500 -197.3900
-2.4382059251e-01 1.2852332753e+00 -1.0444968027e+01
57 41 57
2 1 1595 -10.2500 173.1500 2 2809 -103.7700 195.1000
1.4761104342e+00 1.1196693807e+00 -3.5364211396e+00
211 49 64
2 1 1607 239.5900 144.3800 2 2856 281.0700 71.6400
-2.6163702469e-01 4.5645845667e-01 -3.6326478186e+00
208 41 71
2 1 1683 -7.6300 46.9400 2 2674 31.1100 47.3500
-1.6821139753e-01 1.3074648736e-01 -3.5669116547e+00
204 33 59
2 1 1707 6.7300 1.0900 2 2711 31.6900 -6.8900
1.5002273462e+00 -2.1140586365e-01 -3.3330540664e+00
56 34 13
2 1 1736 242.7800 -46.6900 2 2752 233.4500 -111.0700
1.2334179371e+00 -7.1777759253e-01 -4.1051671035e+00
126 109 33
2 1 1747 175.4600 -75.7500 2 2909 128.9700 -122.9200
9.2045914354e-01 -1.3914998387e+00 -4.7800002799e+00
81 75 89
2 1 1756 121.6700 -118.0400 2 2921 39.6800 -151.8900
-1.0061663219e+00 -2.9543174196e+00 -6.9828212809e+00
82 41 17
2 1 1773 -58.0800 -163.0900 2 2772 -219.3400 -155.0500
-1.4673695838e+00 -3.3829096897e+00 -6.9813269633e+00
15 15 20
2 1 1777 -90.8300 -192.4900 2 2930 -267.6700 -181.6700
-1.3249996791e+00 -4.1978773106e+00 -7.5110647942e+00
10 9 14
2 1 1784 -73.2300 -223.0500 2 2792 -267.0700 -217.5500
1.4216496764e+00 1.2717447615e+00 -3.6873565681e+00
211 45 60
2 1 1802 225.5600 167.4300 2 2961 269.3700 97.0000
1.5229400470e+00 9.8147857493e-01 -3.3820009350e+00
211 47 63
2 1 1816 253.1700 123.1100 2 2982 293.2400 46.4200
-1.3855688499e+00 1.8574846884e-01 -1.1800147433e+01
85 80 105
2 1 1820 -69.7600 112.2500 2 2948 -199.5100 153.4200
-2.4926103991e-01 2.7143920945e-01 -3.5358548510e+00
193 30 49
2 1 1848 -4.9700 18.2300 2 2695 28.9900 16.0100
-8.6965158161e-01 2.4713962636e-01 -2.9676942514e+00
207 147 163
2 1 1860 -102.4900 -8.2800 2 2884 -41.4900 10.0600
8.8090682909e-02 1.8371241613e+00 -1.0808419495e+01
13 13 19
2 1 1905 8.5900 206.5300 2 2935 -77.5500 223.2500
1.6978732953e-01 5.8296590783e-01 -3.6996103209e+00
198 30 55
2 1 1930 51.7500 67.0200 2 2980 91.2800 52.0800
-9.6959072612e-01 -3.0469621424e+00 -6.9499247097e+00
11 11 13
2 1 1981 -55.0800 -171.1300 2 3026 -217.8100 -163.4300
-1.6459827501e+00 -3.3127049013e+00 -7.0363482141e+00
13 12 17
2 1 1984 -104.0100 -186.1400 2 3080 -282.0400 -171.5300
-1.1987355349e+00 8.6703791783e-01 -3.3315036987e+00
18 19 27
2 1 2009 -150.5500 95.0500 2 3151 -80.7900 149.8800
-9.5152136572e-01 2.4945935783e-01 -2.9548874506e+00
159 189 233
2 1 2024 -115.7500 -8.6200 2 3112 -55.4900 13.2300
1.4344857470e+00 -3.7056558536e-01 -3.5136247918e+00
182 157 48
2 1 2037 224.3600 -59.5900 2 3072 204.3800 -119.0500
1.3906897573e+00 -7.3438109145e-01 -3.5131548059e+00
175 152 50
2 1 2040 215.6900 -105.9600 2 3133 182.2000 -161.0900
1.3393214884e+00 -5.2786582574e-01 -3.7839116033e+00
177 155 44
2 1 2078 200.2300 -67.2100 2 3177 167.9500 -120.8400
-1.2690950674e+00 -2.5938071952e+00 -7.0237792562e+00
15 13 18
2 1 2120 -79.3900 -138.1100 2 3178 -235.4000 -121.1000
-9.9443949922e-01 -2.8083508775e+00 -6.9390224361e+00
76 33 14
2 1 2122 -57.9800 -154.5400 2 3206 -215.4200 -145.9100
