# Bundle file v0.3
3 70
0 0 0
0 0 0
0 0 0
0 0 0
0 0 0
7.0096421954e+02 -7.3051889859e-02 -2.5086098901e-02
9.9971360316e-01 1.5624848492e-02 -1.8126658916e-02
-1.4367240457e-02 9.9761257494e-01 6.7548003122e-02
1.9138810191e-02 -6.7268227520e-02 9.9755134781e-01
1.0848164230e-02 2.6883594871e-01 -7.7718974532e-01
7.0429528577e+02 -1.0189568617e-02 2.8565486259e-03
-9.2284372147e-01 -3.3926162783e-01 -1.8237602260e-01
2.9756643501e-01 -9.2860357184e-01 2.2169714278e-01
-2.4456835955e-01 1.5032283341e-01 9.5790884914e-01
-2.4537857913e-01 1.0012043925e+00 -1.0907781180e+00
1.1764844073e+00 -5.1160200646e-01 -2.9418678679e+00
216 193 82
2 1 451 234.1800 -86.7100 2 131 -102.0200 193.3600
1.1835023617e+00 -5.4774925933e-01 -2.9337606741e+00
177 153 53
2 1 456 235.9500 -93.7300 2 113 -101.3600 199.5400
1.1823667862e+00 -4.8967866523e-01 -2.9357804200e+00
215 190 72
2 1 1008 235.6300 -82.6100 2 861 -104.5300 190.8600
1.1721249955e+00 -5.5240656410e-01 -2.9551672319e+00
221 196 81
2 1 1017 232.6200 -94.2900 2 848 -98.2100 198.0800
-5.9038529512e-01 1.3430404304e-01 -1.9587628067e+00
255 254 254
2 1 1495 -137.4800 70.8400 2 1686 153.5300 66.9600
1.1614748075e+00 -6.0640103497e-01 -2.9848059400e+00
212 189 69
2 1 1353 228.6500 -104.2400 2 1306 -92.3200 203.0400
2.0052316730e-01 5.3438127596e-01 -2.5040506776e+00
142 28 53
2 1 155 55.8800 133.0200 2 577 -31.7200 1.9100
2.4712706301e-01 4.7598149692e-01 -2.5023327410e+00
209 138 156
2 1 166 65.7600 120.9200 2 535 -36.2100 15.7900
-7.5743753776e-01 3.0684855170e-01 -1.9660901014e+00
223 169 184
2 1 176 -177.3700 113.6000 2 1112 181.5000 14.0600
-5.3257720928e-01 2.7360550762e-01 -1.9221676771e+00
224 164 179
2 1 188 -123.4400 107.7000 2 482 128.7500 41.5100
-5.5154212999e-02 4.0042598583e-01 -2.5000923384e+00
175 25 40
2 1 192 1.8600 106.2900 2 545 26.3000 12.1900
-5.0242825289e-01 2.3689702619e-01 -1.9233314889e+00
216 151 165
2 1 213 -116.1900 98.2000 2 461 124.0500 52.1100
-4.3667997089e-01 2.4152666516e-01 -1.9456074311e+00
236 170 182
2 1 214 -98.5200 98.0300 2 456 107.8300 54.0100
-4.6070597884e-01 1.7668236942e-01 -1.9330270020e+00
219 155 170
2 1 240 -105.5800 82.3800 2 425 118.6900 68.2000
8.0911124951e-01 -1.7395769680e+00 -6.2835998003e+00
28 24 35
2 1 593 91.4000 -191.5000 2 296 69.3600 136.2200
1.1431695392e+00 -1.6143643746e+00 -5.4764709076e+00
87 83 99
2 1 606 139.5600 -196.4400 2 211 25.2500 166.9000
7.5141957308e-01 -1.8400101679e+00 -6.4430361708e+00
36 26 32
2 1 613 83.7100 -198.2300 2 294 78.4200 137.1800
1.4225746082e+00 -1.5953849178e+00 -4.8251832793e+00
32 30 45
2 1 642 189.5700 -211.6800 2 95 -15.3800 205.0700
1.1890320349e+00 -1.7470687034e+00 -5.4086368552e+00
99 95 118
2 1 646 146.0200 -213.4400 2 162 24.3600 183.3700
1.2751643532e+00 -1.7532425613e+00 -5.2066806267e+00
115 112 131
2 1 660 160.5600 -219.9600 2 126 12.7100 196.0900
1.3053710008e+00 7.7705557699e-01 -2.4699226208e+00
198 171 90
2 1 768 288.9100 180.6700 2 1099 -242.5600 23.1900
1.7586848806e-01 5.1157714625e-01 -2.4948559098e+00
156 20 54
2 1 798 50.7300 128.8500 2 1127 -25.9400 5.1600
1.3645825292e+00 4.8643540087e-01 -2.4091316702e+00
215 181 109
2 1 801 307.7300 123.3200 2 1023 -236.8100 80.9900
-5.8743269415e-01 2.7783612219e-01 -1.9211593489e+00
178 107 123
2 1 817 -137.4900 108.8600 2 1074 141.8900 36.5700
1.3651980419e+00 3.2674137209e-01 -2.4471254402e+00
210 164 76
2 1 836 305.5400 87.8600 2 352 -221.3200 106.1800
1.3376715409e+00 3.0647293339e-01 -2.4918571681e+00
216 181 106
2 1 842 295.7700 81.7600 2 354 -211.8800 105.1700
-7.5594538687e-03 2.4209972569e-01 -2.4079177465e+00
233 219 230
2 1 851 11.2700 76.3200 2 465 25.0500 50.4200
-3.5482128637e-01 5.2111503352e-03 -1.9665453921e+00
224 173 182
2 1 890 -78.5600 37.3100 2 986 107.0400 110.9000
-3.4192372415e-01 5.6781075398e-03 -1.9795485986e+00
157 99 112
2 1 894 -74.9200 36.9600 2 987 104.0600 110.4200
1.1721249955e+00 -5.5240656410e-01 -2.9551672319e+00
221 196 81
2 1 1016 232.6200 -94.2900 2 849 -98.2100 198.0800
1.1427957040e+00 -5.7993071799e-01 -3.0060103103e+00
213 187 80
2 1 1019 224.2300 -98.7900 2 850 -89.8000 196.9000
8.3039089671e-01 -1.6241302082e+00 -6.2597304881e+00
96 91 106
2 1 1076 93.8900 -180.3500 2 963 63.7000 127.9100
1.0321737645e+00 -1.7015590280e+00 -5.7377600196e+00
39 35 49
2 1 1099 122.3100 -199.8300 2 916 42.3000 160.3700
1.0931848351e+00 -1.7078809444e+00 -5.6147312064e+00
49 44 54
2 1 1100 131.1000 -203.6100 2 903 35.0900 167.8400
1.4520584279e+00 -1.5441503824e+00 -4.7586147275e+00
119 110 128
2 1 1102 195.5200 -207.0800 2 96 -21.9400 204.4700
1.3175618537e+00 -1.6445536676e+00 -5.0929885021e+00
66 50 61
2 1 1106 168.7700 -210.1000 2 135 2.6200 192.7700
1.3434845417e+00 -1.6688778317e+00 -5.0124603289e+00
92 80 90
2 1 1115 174.2400 -215.2800 2 846 -0.4400 200.0400
1.1314704146e+00 -1.8138107913e+00 -5.5564099537e+00
81 79 96
2 1 1118 136.5400 -216.9100 2 877 34.4800 181.0200
1.2699618988e+00 -1.8202591349e+00 -5.2293547355e+00
94 91 109
2 1 1129 159.4500 -227.1600 2 845 16.1900 201.0900
1.2090276389e+00 9.3529494416e-01 -2.6824711430e+00
191 165 111
2 1 1158 253.1500 197.9900 2 1142 -219.1600 -18.8400
3.4432226492e-01 8.8418446553e-01 -2.6061676770e+00
131 4 10
2 1 1159 84.3200 196.7400 2 1161 -77.3100 -58.7600
1.2073429522e+00 8.9638701312e-01 -2.7004316653e+00
191 163 109
2 1 1165 251.7500 189.3500 2 1140 -214.6900 -12.9400
-6.8552906235e-02 4.2665369658e-01 -2.5151136458e+00
102 2 5
2 1 1210 -0.7900 111.1000 2 1474 27.5700 5.6500
-1.1170864687e-01 3.6538623826e-01 -2.4702510623e+00
163 21 33
2 1 1220 -10.4400 100.4500 2 1720 38.8500 16.9900
-1.2898547562e-01 2.6514622943e-01 -2.4190063548e+00
210 35 60
2 1 1244 -15.9700 80.7000 2 1072 46.6700 37.8900
1.1596127521e+00 2.5942973566e-01 -2.8882877685e+00
147 94 24
2 1 1258 233.1900 60.0700 2 1397 -150.4100 79.8000
-3.6058665672e-01 5.7147392628e-02 -1.9672902907e+00
155 94 108
2 1 1266 -79.7100 50.4200 2 1002 104.3500 98.9700
-3.3248782815e-01 2.8896443419e-02 -1.9823369511e+00
210 149 164
2 1 1275 -72.2100 42.7500 2 993 100.2300 105.7000
2.4156270582e-01 -2.2210723910e-01 -2.6656341811e+00
173 27 37
2 1 1324 60.9700 -27.9100 2 1355 17.6100 129.7100
1.1878718035e+00 -4.4631363073e-01 -2.9170048202e+00
215 189 74
2 1 1347 237.6100 -74.5900 2 1320 -109.1900 186.1500
8.2435511819e-01 -1.7839078854e+00 -6.2834399576e+00
10 10 12
2 1 1404 92.7700 -196.0700 2 1350 69.2200 140.2500
1.2780032383e+00 -1.6756173732e+00 -5.2062472099e+00
97 90 106
2 1 1409 160.9800 -210.7500 2 1315 9.6100 188.8900
9.6686301529e-01 -1.9614210655e+00 -5.9443915994e+00
71 67 87
2 1 1420 111.8000 -222.5600 2 1331 59.0700 172.4800
1.1851731703e+00 9.8231971389e-01 -2.7036078716e+00
184 157 43
2 1 1442 246.6200 205.3900 2 1746 -217.3000 -29.0500
1.1955477642e+00 8.5654840200e-01 -2.7125708279e+00
188 163 106
2 1 1449 249.0000 181.1400 2 1738 -208.8600 -7.2500
1.5942164883e-02 6.4278631341e-01 -2.5432713020e+00
157 17 29
2 1 1464 17.4400 153.6600 2 1747 -2.7200 -31.7000
-5.9774939901e-01 2.9576627558e-01 -1.9208353144e+00
224 166 176
2 1 1472 -139.8800 113.4600 2 1710 143.1400 31.6200
-5.5609585072e-01 2.8906104928e-01 -1.9129749779e+00
224 165 176
2 1 1473 -130.6700 111.6500 2 1705 132.3300 36.5600
2.6107705404e-01 8.8943577142e-01 -2.6450339198e+00
64 2 0
2 1 1595 66.9200 195.3500 2 1914 -60.5900 -66.0600
1.3162279630e+00 2.9437225277e-01 -2.5433513815e+00
214 185 121
2 1 1620 287.5600 77.6200 2 1667 -202.7000 102.7500
-3.5150315671e-01 3.7920824020e-02 -1.9684607459e+00
156 99 112
2 1 1639 -77.4800 45.5000 2 1666 103.7300 103.7100
1.1928036419e+00 -1.8298212661e+00 -5.4157546191e+00
37 33 48
2 1 1696 145.9900 -222.8900 2 1823 26.7100 190.6200
1.1928036419e+00 -1.8298212661e+00 -5.4157546191e+00
37 33 48
2 1 1697 145.9900 -222.8900 2 1822 26.7100 190.6200
1.5707840092e-01 5.2849892189e-01 -2.4976026351e+00
171 150 172
2 1 1728 46.6900 132.2300 2 1984 -23.5700 0.6700
-1.0198911378e-01 3.3666792137e-01 -2.4544241365e+00
91 1 6
2 1 1733 -8.9400 94.8300 2 1980 38.0700 23.8600
4.4466993634e-01 1.9869568562e-01 -2.4609059411e+00
212 196 202
2 1 1801 108.1600 63.3000 2 1966 -55.4300 80.4300
3.0182981896e-01 5.2999433946e-01 -2.5116530892e+00
128 9 12
2 1 1839 77.1100 131.4000 2 2077 -49.7400 8.4500
-6.1352278756e-01 2.1898409450e-01 -1.9622579128e+00
192 206 241
2 1 1841 -142.5800 91.8100 2 2075 152.4600 45.4800
-4.1829961861e-03 4.1694131066e-01 -2.5062849025e+00
199 30 50
2 1 1881 12.9100 109.4300 2 2125 15.8200 11.8600
2.2649189586e-01 6.5542657511e-01 -2.5869583293e+00
24 8 9
2 1 1919 60.6900 153.1300 2 2140 -40.7000 -22.6400
