# Bundle file v0.3
3 96
6.6591493795e+02 -6.1473535396e-02 1.5741849784e-02
9.9999868370e-01 -1.0172722637e-03 1.2640257566e-03
1.0187586730e-03 9.9999878976e-01 -1.1758458540e-03
-1.2628280715e-03 1.1771320434e-03 9.9999850981e-01
5.7203307592e-03 -5.1639176704e-03 -8.9580199393e-03
6.7170318213e+02 -4.8433637566e-02 -2.0494859484e-02
9.3167354635e-01 2.6659559192e-01 2.4680193152e-01
-1.7627566435e-01 9.2574415281e-01 -3.3455142161e-01
-3.1766537928e-01 2.6818753496e-01 9.0948565294e-01
6.4639317452e-01 -7.4494739589e-01 -2.1697338591e-01
0 0 0
0 0 0
0 0 0
0 0 0
0 0 0
7.6242884396e-01 -5.2108060222e-01 -2.4316777612e+00
196 158 64
2 0 616 206.8600 -141.4700 1 1963 147.1800 -130.3000
5.0643636453e-01 -6.9991913138e-01 -3.2074533944e+00
35 29 36
2 0 620 104.8400 -144.3900 1 1907 26.9800 -78.8500
-1.0166279890e+00 -1.1791039919e+00 -5.1322775472e+00
37 114 142
2 0 627 -130.7800 -151.7600 1 856 -257.2800 8.0400
-1.1120286195e+00 -1.2547443281e+00 -5.0883956084e+00
7 67 94
2 0 646 -144.2200 -162.8500 1 878 -273.1300 -1.1700
6.1717392727e-01 -7.0691778988e-01 -2.8521373055e+00
55 46 47
2 0 649 143.1200 -163.9000 1 1936 69.2500 -115.9600
-1.2906505909e+00 -1.2893481429e+00 -5.0479106493e+00
11 10 15
2 0 653 -168.3700 -168.3200 1 882 -300.7800 -3.3200
-9.9798090947e-01 -1.3272254993e+00 -5.1505210171e+00
156 31 39
2 0 657 -127.8000 -170.0900 1 905 -257.6400 -10.2000
-1.2907614681e+00 -1.3219909077e+00 -5.0509821440e+00
14 14 19
2 0 660 -168.4500 -172.6900 1 895 -301.1600 -7.1800
-1.2907614681e+00 -1.3219909077e+00 -5.0509821440e+00
14 14 19
2 0 661 -168.4500 -172.6900 1 896 -301.1600 -7.1800
-1.3555107731e+00 -1.3239297029e+00 -5.0257683830e+00
22 22 27
2 0 662 -177.5500 -173.5600 1 893 -311.5100 -7.2300
5.3493195995e-01 -8.3093545327e-01 -3.0219169165e+00
35 28 29
2 0 673 117.3500 -181.5000 1 1939 35.3900 -119.3500
-1.2296294607e+00 -1.5144167727e+00 -5.0636105502e+00
15 14 17
2 0 708 -159.6000 -196.7800 1 979 -296.0800 -32.7500
6.3879959886e-01 -8.3964007128e-01 -2.7092048433e+00
40 32 43
2 0 721 155.8300 -203.9800 1 1250 75.0800 -156.9400
-1.3312989663e+00 -1.6006306717e+00 -5.0646131931e+00
11 10 13
2 0 730 -172.9400 -208.1500 1 1873 -312.0100 -40.8500
-1.3133149969e+00 -1.6207404906e+00 -5.0639906840e+00
51 48 60
2 0 735 -170.5300 -210.6800 1 1022 -309.8800 -43.8700
-1.3133149969e+00 -1.6207404906e+00 -5.0639906840e+00
51 48 60
2 0 736 -170.5300 -210.6800 1 1023 -309.8800 -43.8700
1.3466146329e+00 1.0486918495e+00 -3.1482734299e+00
126 102 121
2 0 850 279.5400 217.6600 1 2125 287.4000 213.3200
1.3623897309e+00 9.3792015029e-01 -3.0797453059e+00
184 165 186
2 0 885 289.1700 198.9900 1 2161 290.6800 188.9000
7.2712644547e-01 7.3685758894e-01 -2.8372944486e+00
242 213 86
2 0 934 169.0700 170.7300 1 2181 193.0900 178.5300
7.3359384824e-01 5.3973248305e-01 -2.8593832480e+00
239 190 85
2 0 989 169.5700 124.2000 1 2612 176.6500 133.8600
7.2415033218e-01 5.3805693478e-01 -2.8900992782e+00
235 210 132
2 0 991 165.8200 122.8100 1 2610 171.0600 134.9000
7.2415033218e-01 5.3805693478e-01 -2.8900992782e+00
235 210 132
2 0 992 165.8200 122.8100 1 2611 171.0600 134.9000
-2.8796823071e-01 1.6651168904e-01 -1.9269231916e+00
215 153 164
2 0 1066 -98.0000 55.8800 1 2336 -19.2500 38.4900
9.0970502606e-01 -7.9236732592e-02 -2.0588792801e+00
212 181 42
2 0 1151 290.5800 -25.6200 1 1909 267.3900 -80.5400
9.0970502606e-01 -7.9236732592e-02 -2.0588792801e+00
212 181 42
2 0 1152 290.5800 -25.6200 1 1910 267.3900 -80.5400
-1.1990826844e+00 -7.9543680144e-01 -7.4502682032e+00
20 12 17
2 0 1200 -107.1300 -70.7200 1 2251 -245.9400 119.3300
-4.6846485828e-01 -1.0939759090e+00 -6.6883973331e+00
64 68 106
2 0 1261 -46.7900 -108.5100 1 2322 -179.7000 58.5400
7.7361043245e-01 -4.7674620818e-01 -2.3988528532e+00
194 161 55
2 0 1299 212.8200 -131.1700 1 1953 156.4000 -125.3800
7.7549856997e-01 -5.0876773931e-01 -2.4015278499e+00
206 164 69
2 0 1309 212.9600 -139.8500 1 1964 154.0600 -131.7300
-7.6929151529e-01 -1.1292583981e+00 -5.2344444126e+00
22 37 89
2 0 1316 -97.2600 -142.7900 1 1803 -220.6300 12.7900
-1.0637302465e+00 -1.1277925526e+00 -5.1114835747e+00
7 59 82
2 0 1323 -137.5300 -145.9000 1 2349 -263.0400 14.9800
-7.6252848731e-01 -1.1553798235e+00 -5.2196596788e+00
78 71 116
2 0 1326 -96.7000 -146.5400 1 853 -220.3800 8.8200
-7.4306653722e-01 -1.1857757804e+00 -5.2243093117e+00
110 33 56
2 0 1329 -94.2700 -150.4100 1 1816 -218.2700 4.9600
-3.4730486780e-01 -1.1017066880e+00 -4.2514314935e+00
57 69 102
2 0 1347 -53.5700 -171.1900 1 1027 -160.3200 -44.3900
-3.3858314622e-01 -1.1297926837e+00 -4.2540911140e+00
22 36 75
2 0 1355 -52.2900 -175.5700 1 1881 -159.7000 -48.2900
-3.0267008458e-01 -1.1508684463e+00 -4.2649090479e+00
23 35 64
2 0 1362 -46.6300 -178.4300 1 1886 -154.7600 -51.4000
6.3135631258e-01 -8.4208737503e-01 -2.7365007057e+00
102 96 108
2 0 1390 152.4800 -202.6300 1 2002 71.5300 -154.0100
5.6507949004e-01 -9.1510494919e-01 -2.9131454930e+00
60 56 73
2 0 1395 128.3100 -207.0400 1 1991 42.7700 -145.9500
5.1685532751e-01 -1.0009951928e+00 -3.0104456403e+00
136 104 117
2 0 1400 113.6600 -219.0100 1 1995 23.3100 -149.4900
8.7667533474e-01 5.9934718858e-01 -2.3378870649e+00
255 161 87
2 0 1465 246.2900 167.4600 1 2626 282.4500 118.1800
7.3256691132e-01 5.7116894621e-01 -2.8611277032e+00
237 214 137
2 0 1488 169.2200 131.4000 1 2605 178.5900 140.9900
7.3256691132e-01 5.7116894621e-01 -2.8611277032e+00
237 214 137
2 0 1489 169.2200 131.4000 1 2604 178.5900 140.9900
-4.4634863464e-01 2.2013878864e-01 -1.9276039610e+00
237 170 186
2 0 1549 -151.8100 74.4100 1 2310 -70.8400 69.0900
-3.3370982288e-01 1.6632178995e-01 -1.9160165658e+00
250 238 247
2 0 1575 -114.1600 56.2800 1 2335 -34.5200 40.4300
9.0734082795e-01 -6.6803360671e-02 -2.0784568643e+00
211 178 48
2 0 1648 287.1700 -21.4800 1 2431 264.9400 -74.9900
9.0734082795e-01 -6.6803360671e-02 -2.0784568643e+00
211 178 48
2 0 1649 287.1700 -21.4800 1 2432 264.9400 -74.9900
9.0837307444e-01 -8.7248047258e-02 -2.0802430368e+00
249 221 78
2 0 1652 287.1000 -28.1100 1 2439 263.0100 -79.6800
8.7994290358e-01 -3.3417583084e-01 -2.0196132793e+00
239 211 68
2 0 1717 286.1800 -108.8500 1 2489 241.3200 -146.6100
-8.6470851951e-01 -1.1095101492e+00 -5.1925985956e+00
145 138 164
2 0 1748 -110.2200 -141.4600 1 2348 -233.5500 15.8600
-9.8253104494e-01 -1.1291975066e+00 -5.1437171845e+00
13 34 50
2 0 1755 -126.2400 -145.1500 1 2351 -251.1200 14.1100
-7.3323843343e-01 -1.1564712992e+00 -5.2393307758e+00
31 86 124
2 0 1758 -92.7000 -146.2000 1 2358 -216.2500 8.8800
-1.1461744356e+00 -1.1892031038e+00 -5.0869795107e+00
47 118 145
2 0 1769 -148.7800 -154.4800 1 2359 -276.6400 8.0600
-1.0229617143e+00 -1.2266668958e+00 -5.1311224114e+00
48 117 146
2 0 1773 -131.6400 -157.9500 1 2365 -259.1700 2.1800
-1.1416087362e+00 -1.2482431893e+00 -5.0905612704e+00
32 106 141
2 0 1776 -148.0700 -162.0300 1 2366 -277.1200 0.5700
-9.3333448351e-01 -1.4437112527e+00 -5.1638290791e+00
10 54 95
2 0 1792 -119.2400 -184.5900 1 2388 -250.8800 -25.2600
-9.5655466407e-01 -1.4680600151e+00 -5.1679470911e+00
6 22 40
2 0 1797 -122.1200 -187.5600 1 1859 -254.5100 -27.4700
4.9835945061e-01 -9.6129365331e-01 -3.0690091680e+00
100 87 99
2 0 1813 107.6200 -206.4900 1 2475 18.9200 -136.3000
8.9032135382e-01 5.2948007030e-01 -2.2959738208e+00
255 73 114
2 0 1879 254.7500 150.6100 1 2640 285.4600 96.8900
-3.6145167203e-01 1.6809628828e-01 -1.9112545682e+00
208 243 255
2 0 1935 -123.8700 57.1900 1 2675 -43.9900 42.4400
8.6366253643e-01 1.3399880328e-01 -2.3243271352e+00
220 184 49
2 0 1943 245.0600 37.4200 1 2708 237.2500 1.2000
8.9947280579e-01 4.4678255393e-02 -2.1628811559e+00
220 188 54
2 0 1961 273.7800 13.0600 1 2397 260.9200 -37.5800
-7.6216597693e-01 -8.6247842301e-01 -7.5759354219e+00
7 12 11
2 0 2010 -67.1400 -75.4200 1 2844 -203.5000 105.9500
-6.6274455181e-01 -8.6400008141e-01 -7.5867258414e+00
10 12 12
2 0 2011 -58.1400 -75.1700 1 2635 -194.2700 103.7300
-7.0442637989e-01 -1.0839651942e+00 -5.2452894080e+00
128 126 147
2 0 2048 -89.0400 -136.9800 1 2692 -210.5700 17.3900
-1.1405228275e+00 -1.1316694622e+00 -5.0938654460e+00
40 119 154
2 0 2053 -147.9400 -146.9000 1 2696 -274.4400 15.6900
-1.1724828767e+00 -1.1562478250e+00 -5.0799503208e+00
12 14 18
2 0 2056 -152.6400 -150.6900 1 2700 -279.6500 12.9000
-1.0777055020e+00 -1.1751314833e+00 -5.1104803440e+00
163 161 179
2 0 2057 -139.3500 -152.0500 1 2703 -266.0500 9.2500
7.4905725958e-01 -5.7487496154e-01 -2.4571473368e+00
166 143 36
2 0 2059 201.2000 -154.2400 1 2762 137.5500 -138.0500
7.3082503972e-01 -6.0689640092e-01 -2.5166877911e+00
126 107 38
2 0 2061 191.6500 -159.1300 1 2914 125.7600 -136.7800
-1.0819393230e+00 -1.2691711234e+00 -5.1020542517e+00
42 115 143
2 0 2065 -139.9600 -164.3000 1 2710 -268.8900 -3.0900
6.3791574954e-01 -7.5596984419e-01 -2.7609796861e+00
10 10 10
2 0 2073 152.7300 -180.6800 1 2758 76.6200 -135.3400
-9.8027151685e-01 -1.5374984198e+00 -5.1501977521e+00
8 6 3
2 0 2075 -125.4400 -196.9300 1 2728 -259.5500 -36.3400
-1.0476160316e+00 -1.6055896293e+00 -5.1263438576e+00
6 6 6
2 0 2078 -134.5400 -206.4200 1 2735 -270.6900 -44.4300
-1.1164059336e+00 -1.6134735928e+00 -5.1065242135e+00
9 9 9
2 0 2079 -143.7900 -208.0600 1 2733 -280.9100 -45.0700
-1.1164059336e+00 -1.6134735928e+00 -5.1065242135e+00
9 9 9
2 0 2080 -143.7900 -208.0600 1 2734 -280.9100 -45.0700
6.5211394915e-01 -8.7138349257e-01 -2.6634313424e+00
17 16 22
2 0 2086 161.6600 -215.1300 1 2777 79.0600 -168.5500
8.7081682845e-01 5.7952681338e-01 -2.4049166470e+00
251 195 206
2 0 2106 238.0800 157.6100 1 2956 268.3200 116.6100
7.2422607074e-01 6.5846587459e-01 -2.8703357276e+00
235 212 144
2 0 2107 166.6700 151.0000 1 2946 182.5400 161.4600
-8.7862678708e-01 -1.0233802138e+00 -6.5873397238e+00
138 88 113
2 0 2209 -88.9800 -103.3200 1 2854 -222.4500 72.0600
-4.2923290942e-01 -1.1241769995e+00 -6.6835424456e+00
105 90 104
2 0 2217 -42.8700 -111.5100 1 2866 -176.2700 54.5700
-4.2923290942e-01 -1.1241769995e+00 -6.6835424456e+00
105 90 104
2 0 2218 -42.8700 -111.5100 1 2867 -176.2700 54.5700
-9.3955208408e-01 -1.1583065538e+00 -5.1736089588e+00
15 94 126
2 0 2235 -120.4300 -148.5300 1 2883 -244.9300 11.0800
7.6149583856e-01 -5.7205490248e-01 -2.3891675003e+00
221 197 64
2 0 2237 210.2100 -157.7500 1 2919 147.3500 -146.2300
-8.8971079959e-01 -1.4299882178e+00 -5.1885415673e+00
9 13 12
2 0 2242 -113.1600 -182.0100 1 2892 -244.3000 -23.3500
-9.9216786631e-01 -1.4836358879e+00 -5.1335769047e+00
3 80 132
2 0 2246 -127.4800 -190.7800 1 2894 -260.2300 -30.2900
5.5167908838e-01 -9.3867498971e-01 -2.8963020170e+00
116 115 134
2 0 2250 126.1800 -213.2800 1 2921 39.6800 -151.8900
8.1852042603e-01 5.8608800663e-01 -2.6342891976e+00
245 217 144
2 0 2276 204.6100 145.6400 1 2951 224.9900 131.5100
8.7496301662e-01 4.8431164849e-01 -2.3112763366e+00
255 76 116
2 0 2279 248.9600 136.9600 1 2963 275.1400 86.9700
7.6949234949e-01 -5.2864722796e-01 -2.3853804239e+00
173 126 72
2 0 2359 212.8600 -146.0200 1 3022 152.7600 -137.9300
-1.0539267254e+00 -1.5356229886e+00 -5.1112144632e+00
7 7 10
2 0 2440 -136.0900 -198.4200 1 3065 -270.0900 -36.2600
7.2668744092e-01 7.7504748395e-01 -2.8476130262e+00
208 182 60
2 0 2446 168.4300 179.1200 1 3145 194.5500 187.5000
-3.7256274189e-01 1.2941612665e-01 -1.8926479267e+00
31 34 50
2 0 2459 -129.0300 44.1000 1 3161 -50.1800 27.7000
-3.7907787333e-01 8.9507226638e-02 -1.8837570494e+00
190 207 243
2 0 2462 -132.0200 30.1400 1 3112 -55.4900 13.2300
-1.0425211141e+00 -1.3628698881e+00 -5.1287872837e+00
10 9 13
2 0 2484 -134.1400 -175.4900 1 3118 -264.8300 -14.5000
7.1241720338e-01 8.6730435608e-01 -2.8796050854e+00
236 213 72
2 0 2492 163.3200 198.3700 1 3185 194.8900 210.3000
7.8507819415e-01 7.3588472220e-01 -2.7473811390e+00
240 221 145
2 0 2519 188.2900 175.8600 1 3210 215.5700 172.5200
