# Bundle file v0.3
3 38
6.5608398199e+02 -1.0652038294e-02 -5.3125742440e-03
9.9999865300e-01 -6.1989464024e-04 1.5197791582e-03
6.2321515785e-04 9.9999741788e-01 -2.1853693419e-03
-1.5184205352e-03 2.1863135476e-03 9.9999645721e-01
-9.1392620123e-05 -4.9934971426e-03 1.6106234532e-02
6.6439890333e+02 -3.5600151581e-02 -9.8849415420e-03
9.9651395368e-01 -8.0128002119e-02 2.3225920917e-02
6.1038430363e-02 8.9005171025e-01 4.5175464924e-01
-5.6870468125e-02 -4.4876213785e-01 8.9183983623e-01
-1.7782662168e-02 1.0002644692e+00 5.8162602259e-02
0 0 0
0 0 0
0 0 0
0 0 0
0 0 0
-2.1424923330e+00 2.6299183963e+00 -7.8894117614e+00
80 71 88
2 0 29 -178.9900 219.8800 1 427 -210.2700 -29.1600
-2.4546502972e+00 1.3290555311e+00 -6.4021145301e+00
63 28 32
2 0 194 -253.1600 137.1200 1 526 -293.1500 -92.6400
-2.4546502972e+00 1.3290555311e+00 -6.4021145301e+00
63 28 32
2 0 195 -253.1600 137.1200 1 527 -293.1500 -92.6400
8.3413817118e-01 3.0176263737e-01 -2.5775451337e+00
186 142 52
2 0 290 212.5700 77.4000 1 335 198.9700 42.4400
-1.9460420577e-01 9.1812012567e-02 -2.0020944288e+00
174 120 135
2 0 363 -65.3500 30.0900 1 1565 -100.2800 62.5500
-1.7804390691e+00 1.1759492186e-01 -6.1253574510e+00
15 32 64
2 0 399 -191.6600 13.4600 1 1827 -239.3100 -217.6800
8.6816470070e-01 -2.3351846580e-01 -2.2750104455e+00
194 167 51
2 0 504 250.5200 -67.5000 1 475 280.0900 -62.8000
8.5357941414e-01 -3.1055223644e-01 -2.2907237453e+00
58 32 4
2 0 547 244.1800 -89.0700 1 1226 280.4500 -90.1400
5.8417757143e-01 -4.9625337499e-01 -3.4373704156e+00
95 76 94
2 0 558 110.9600 -94.5100 1 1402 122.9100 -224.7600
-2.0615147849e+00 1.4799455124e+00 -6.4804861767e+00
28 22 22
2 0 766 -210.2000 150.8800 1 1213 -246.7100 -77.5600
-2.0139439573e+00 9.4685973866e-01 -6.0206283014e+00
42 30 29
2 0 810 -221.1200 104.1200 1 1724 -262.7600 -117.3100
8.7324781803e-01 -4.6940497839e-02 -2.2725522277e+00
90 62 21
2 0 942 252.7600 -13.5900 1 1632 265.2400 -4.9100
8.8817322794e-01 -1.5038641592e-01 -2.2173390566e+00
194 168 62
2 0 973 262.9700 -44.5700 1 1652 287.1000 -28.1100
-2.1910187503e+00 2.1354238113e+00 -6.9197871420e+00
21 20 15
2 0 1120 -209.1800 203.5300 1 1160 -240.9800 -34.1500
-2.2009704246e+00 2.0595477483e+00 -6.9044616448e+00
20 18 15
2 0 1126 -210.3200 196.8000 1 1660 -243.2400 -40.2600
-2.5777001966e+00 1.9352404664e+00 -6.9058940084e+00
8 8 6
2 0 1134 -246.4700 184.8000 1 1672 -280.3900 -53.6000
8.0734685601e-01 7.1732312737e-01 -2.6418955176e+00
178 152 93
2 0 1136 200.2800 179.2200 1 991 165.8200 122.8100
8.0734685601e-01 7.1732312737e-01 -2.6418955176e+00
178 152 93
2 0 1137 200.2800 179.2200 1 992 165.8200 122.8100
-2.0877926718e-01 1.3614045247e+00 -7.4777840290e+00
29 32 53
2 0 1180 -19.4700 120.7000 1 1261 -46.7900 -108.5100
-2.1525743048e+00 7.4988270732e-01 -6.0898992141e+00
65 50 62
2 0 1206 -233.6000 81.6600 1 1752 -278.5700 -143.2200
-2.9150568182e-01 5.7902725238e-02 -2.0062814884e+00
14 28 60
2 0 1244 -96.8200 18.8400 1 1939 -137.2800 48.6400
-2.0905560563e+00 2.5219903050e+00 -7.9145887438e+00
7 8 8
2 0 1361 -174.4300 210.2300 1 1992 -205.6500 -37.8500
-3.9056251860e-01 2.2741492222e+00 -8.4351128331e+00
30 31 51
2 0 1379 -31.6800 178.2200 1 2006 -61.4700 -63.5500
8.7813936085e-01 6.3824067344e-01 -2.3594506687e+00
189 136 46
2 0 1380 244.2100 178.4300 1 2273 208.2400 154.1800
-2.0391691731e+00 2.0299015704e+00 -7.6335292489e+00
6 6 6
2 0 1385 -176.6100 175.6200 1 2007 -209.6200 -67.1800
8.6194863238e-01 6.4325162443e-01 -2.4349190476e+00
187 134 47
2 0 1386 232.3300 174.2800 1 2109 197.5200 141.7100
-2.0806622817e+00 1.2892166511e+00 -6.3356031987e+00
38 33 29
2 0 1414 -217.0600 134.5100 1 2020 -255.3200 -91.7800
-2.1830362987e+00 2.6496499184e+00 -7.8520806897e+00
26 21 22
2 0 1549 -183.6200 222.5200 1 1984 -213.9400 -26.6000
8.7719068739e-01 6.3787284147e-01 -2.4067694725e+00
190 162 105
2 0 1569 238.6900 174.9400 1 2276 204.6100 145.6400
8.7719068739e-01 6.3787284147e-01 -2.4067694725e+00
190 162 105
2 0 1570 238.6900 174.9400 1 2275 204.6100 145.6400
-2.0138665488e-01 1.4459821935e+00 -7.5461771138e+00
88 53 67
2 0 1584 -18.8700 126.9900 1 2212 -46.0500 -102.9700
-2.2252326241e+00 1.0848632629e+00 -6.1779797555e+00
25 30 35
2 0 1591 -237.8700 116.1500 1 2215 -279.6000 -108.9900
-2.5324939579e+00 1.6459266996e+00 -6.6870956147e+00
56 54 63
2 0 1677 -249.8900 162.4500 1 2336 -286.9000 -72.0500
-2.0736649561e+00 7.6182787212e-01 -6.0162734425e+00
109 85 74
2 0 1697 -227.7800 83.9700 1 2429 -272.1100 -138.9300
-2.7799205648e-01 5.1343757778e-03 -2.0133051155e+00
158 197 239
2 0 1717 -91.8700 1.4500 1 2462 -132.0200 30.1400
-2.7073038350e-01 3.9708896789e-02 -2.0014282887e+00
13 18 21
2 0 1824 -90.9200 12.8500 1 2459 -129.0300 44.1000
-2.7073038350e-01 3.9708896789e-02 -2.0014282887e+00
13 18 21
2 0 1825 -90.9200 12.8500 1 2460 -129.0300 44.1000
-2.2096892912e+00 9.0460945433e-01 -6.1022157966e+00
5 5 5
2 0 1857 -238.7900 98.2200 1 2510 -283.3600 -126.3500
