# Bundle file v0.3
3 96
6.6603348456e+02 -6.1342786843e-02 1.5711236517e-02
9.9999912765e-01 -1.3043673995e-03 -2.0813882723e-04
1.3038485907e-03 9.9999609069e-01 -2.4735753122e-03
2.1136446455e-04 2.4733017728e-03 9.9999691905e-01
-8.8452922337e-04 -9.8535454792e-03 -3.6782671093e-03
6.7182962967e+02 -4.8352392316e-02 -2.0443581516e-02
9.3210195492e-01 2.6665641898e-01 2.4511283087e-01
-1.7649418189e-01 9.2535169106e-01 -3.3552056809e-01
-3.1628428573e-01 2.6947838888e-01 9.0958542673e-01
6.3949792528e-01 -7.4898078060e-01 -2.1112284239e-01
0 0 0
0 0 0
0 0 0
0 0 0
0 0 0
7.6412914882e-01 -5.1896942656e-01 -2.4341488538e+00
196 158 64
2 0 616 206.8600 -141.4700 1 1963 147.1800 -130.3000
5.0729532435e-01 -6.9840428098e-01 -3.2079730817e+00
35 29 36
2 0 620 104.8400 -144.3900 1 1907 26.9800 -78.8500
-1.0160264092e+00 -1.1785819594e+00 -5.1259760261e+00
37 114 142
2 0 627 -130.7800 -151.7600 1 856 -257.2800 8.0400
-1.1112068554e+00 -1.2539974582e+00 -5.0819429666e+00
7 67 94
2 0 646 -144.2200 -162.8500 1 878 -273.1300 -1.1700
6.1839588733e-01 -7.0498859442e-01 -2.8534367544e+00
55 46 47
2 0 649 143.1200 -163.9000 1 1936 69.2500 -115.9600
-1.2894441201e+00 -1.2884301123e+00 -5.0412258526e+00
11 10 15
2 0 653 -168.3700 -168.3200 1 882 -300.7800 -3.3200
-9.9747645826e-01 -1.3264480470e+00 -5.1439986512e+00
156 31 39
2 0 657 -127.8000 -170.0900 1 905 -257.6400 -10.2000
-1.2895664592e+00 -1.3210136628e+00 -5.0442433038e+00
14 14 19
2 0 660 -168.4500 -172.6900 1 895 -301.1600 -7.1800
-1.2895664592e+00 -1.3210136628e+00 -5.0442433038e+00
14 14 19
2 0 661 -168.4500 -172.6900 1 896 -301.1600 -7.1800
-1.3541591367e+00 -1.3228981606e+00 -5.0189835206e+00
22 22 27
2 0 662 -177.5500 -173.5600 1 893 -311.5100 -7.2300
5.3598728312e-01 -8.2898729809e-01 -3.0226315652e+00
35 28 29
2 0 673 117.3500 -181.5000 1 1939 35.3900 -119.3500
-1.2286140994e+00 -1.5131055686e+00 -5.0566691291e+00
15 14 17
2 0 708 -159.6000 -196.7800 1 979 -296.0800 -32.7500
6.4016406192e-01 -8.3732758221e-01 -2.7106014862e+00
40 32 43
2 0 721 155.8300 -203.9800 1 1250 75.0800 -156.9400
-1.3301092295e+00 -1.5991173820e+00 -5.0573860535e+00
11 10 13
2 0 730 -172.9400 -208.1500 1 1873 -312.0100 -40.8500
-1.3121638351e+00 -1.6191938659e+00 -5.0567651044e+00
51 48 60
2 0 735 -170.5300 -210.6800 1 1022 -309.8800 -43.8700
-1.3121638351e+00 -1.6191938659e+00 -5.0567651044e+00
51 48 60
2 0 736 -170.5300 -210.6800 1 1023 -309.8800 -43.8700
1.3466610659e+00 1.0471756852e+00 -3.1523998607e+00
126 102 121
2 0 850 279.5400 217.6600 1 2125 287.4000 213.3200
1.3624910482e+00 9.3667933726e-01 -3.0838723648e+00
184 165 186
2 0 885 289.1700 198.9900 1 2161 290.6800 188.9000
7.2861998395e-01 7.3649358642e-01 -2.8406984512e+00
242 213 86
2 0 934 169.0700 170.7300 1 2181 193.0900 178.5300
7.3498825976e-01 5.3964782988e-01 -2.8624976781e+00
239 190 85
2 0 989 169.5700 124.2000 1 2612 176.6500 133.8600
7.2551165882e-01 5.3793625436e-01 -2.8931447676e+00
235 210 132
2 0 991 165.8200 122.8100 1 2610 171.0600 134.9000
7.2551165882e-01 5.3793625436e-01 -2.8931447676e+00
235 210 132
2 0 992 165.8200 122.8100 1 2611 171.0600 134.9000
-2.8374074166e-01 1.6853701908e-01 -1.9295775994e+00
215 153 164
2 0 1066 -98.0000 55.8800 1 2336 -19.2500 38.4900
9.1189578450e-01 -7.7370335867e-02 -2.0627516125e+00
212 181 42
2 0 1151 290.5800 -25.6200 1 1909 267.3900 -80.5400
9.1189578450e-01 -7.7370335867e-02 -2.0627516125e+00
212 181 42
2 0 1152 290.5800 -25.6200 1 1910 267.3900 -80.5400
-1.2011009755e+00 -7.9834426416e-01 -7.4381517112e+00
20 12 17
2 0 1200 -107.1300 -70.7200 1 2251 -245.9400 119.3300
-4.7106379158e-01 -1.0955873422e+00 -6.6791634760e+00
64 68 106
2 0 1261 -46.7900 -108.5100 1 2322 -179.7000 58.5400
7.7535835821e-01 -4.7466642386e-01 -2.4014534203e+00
194 161 55
2 0 1299 212.8200 -131.1700 1 1953 156.4000 -125.3800
7.7722911259e-01 -5.0664189841e-01 -2.4040839889e+00
206 164 69
2 0 1309 212.9600 -139.8500 1 1964 154.0600 -131.7300
-7.6928141387e-01 -1.1290259517e+00 -5.2283497129e+00
22 37 89
2 0 1316 -97.2600 -142.7900 1 1803 -220.6300 12.7900
-1.0629988212e+00 -1.1273285280e+00 -5.1052285527e+00
7 59 82
2 0 1323 -137.5300 -145.9000 1 2349 -263.0400 14.9800
-7.6251751274e-01 -1.1550826666e+00 -5.2135728650e+00
78 71 116
2 0 1326 -96.7000 -146.5400 1 853 -220.3800 8.8200
-7.4310641530e-01 -1.1854319823e+00 -5.2181979439e+00
110 33 56
2 0 1329 -94.2700 -150.4100 1 1816 -218.2700 4.9600
-3.4666971811e-01 -1.1005087590e+00 -4.2481540484e+00
57 69 102
2 0 1347 -53.5700 -171.1900 1 1027 -160.3200 -44.3900
-3.3797469780e-01 -1.1285499713e+00 -4.2507814090e+00
22 36 75
2 0 1355 -52.2900 -175.5700 1 1881 -159.7000 -48.2900
-3.0214567547e-01 -1.1496106959e+00 -4.2615991169e+00
23 35 64
2 0 1362 -46.6300 -178.4300 1 1886 -154.7600 -51.4000
6.3268994208e-01 -8.3980190733e-01 -2.7378364991e+00
102 96 108
2 0 1390 152.4800 -202.6300 1 2002 71.5300 -154.0100
5.6622544954e-01 -9.1289471075e-01 -2.9139798273e+00
60 56 73
2 0 1395 128.3100 -207.0400 1 1991 42.7700 -145.9500
5.1790348374e-01 -9.9874550406e-01 -3.0109210816e+00
136 104 117
2 0 1400 113.6600 -219.0100 1 1995 23.3100 -149.4900
8.7867073527e-01 5.9983068207e-01 -2.3421568503e+00
255 161 87
2 0 1465 246.2900 167.4600 1 2626 282.4500 118.1800
7.3396900736e-01 5.7103265496e-01 -2.8642791956e+00
237 214 137
2 0 1488 169.2200 131.4000 1 2605 178.5900 140.9900
7.3396900736e-01 5.7103265496e-01 -2.8642791956e+00
237 214 137
2 0 1489 169.2200 131.4000 1 2604 178.5900 140.9900
-4.4188024284e-01 2.2213155565e-01 -1.9301074715e+00
237 170 186
2 0 1549 -151.8100 74.4100 1 2310 -70.8400 69.0900
-3.2940119877e-01 1.6837476477e-01 -1.9186222360e+00
250 238 247
2 0 1575 -114.1600 56.2800 1 2335 -34.5200 40.4300
9.0950805443e-01 -6.4979993388e-02 -2.0823107982e+00
211 178 48
2 0 1648 287.1700 -21.4800 1 2431 264.9400 -74.9900
9.0950805443e-01 -6.4979993388e-02 -2.0823107982e+00
211 178 48
2 0 1649 287.1700 -21.4800 1 2432 264.9400 -74.9900
9.1052973757e-01 -8.5396640381e-02 -2.0840687526e+00
249 221 78
2 0 1652 287.1000 -28.1100 1 2439 263.0100 -79.6800
8.8216411681e-01 -3.3186958972e-01 -2.0231711577e+00
239 211 68
2 0 1717 286.1800 -108.8500 1 2489 241.3200 -146.6100
-8.6445668861e-01 -1.1092372879e+00 -5.1864846797e+00
145 138 164
2 0 1748 -110.2200 -141.4600 1 2348 -233.5500 15.8600
-9.8199640010e-01 -1.1287939885e+00 -5.1375104225e+00
13 34 50
2 0 1755 -126.2400 -145.1500 1 2351 -251.1200 14.1100
-7.3330985837e-01 -1.1562036810e+00 -5.2332404566e+00
31 86 124
2 0 1758 -92.7000 -146.2000 1 2358 -216.2500 8.8800
-1.1452698420e+00 -1.1885678752e+00 -5.0805684629e+00
47 118 145
2 0 1769 -148.7800 -154.4800 1 2359 -276.6400 8.0600
-1.0223586104e+00 -1.2260510898e+00 -5.1247473004e+00
48 117 146
2 0 1773 -131.6400 -157.9500 1 2365 -259.1700 2.1800
-1.1407321896e+00 -1.2475013743e+00 -5.0840666441e+00
32 106 141
2 0 1776 -148.0700 -162.0300 1 2366 -277.1200 0.5700
-9.3299932200e-01 -1.4427455409e+00 -5.1572090478e+00
10 54 95
2 0 1792 -119.2400 -184.5900 1 2388 -250.8800 -25.2600
-9.5618723043e-01 -1.4670444921e+00 -5.1612477184e+00
6 22 40
2 0 1797 -122.1200 -187.5600 1 1859 -254.5100 -27.4700
4.9936123088e-01 -9.5917554275e-01 -3.0694086683e+00
100 87 99
2 0 1813 107.6200 -206.4900 1 2475 18.9200 -136.3000
8.9234186314e-01 5.3012283101e-01 -2.3002386725e+00
255 73 114
2 0 1879 254.7500 150.6100 1 2640 285.4600 96.8900
-3.5709602638e-01 1.7016087280e-01 -1.9138306105e+00
208 243 255
2 0 1935 -123.8700 57.1900 1 2675 -43.9900 42.4400
8.6557019739e-01 1.3521375284e-01 -2.3279860111e+00
220 184 49
2 0 1943 245.0600 37.4200 1 2708 237.2500 1.2000
9.0155199405e-01 4.6227813104e-02 -2.1667347697e+00
220 188 54
2 0 1961 273.7800 13.0600 1 2397 260.9200 -37.5800
-7.6532186847e-01 -8.6552834278e-01 -7.5640781491e+00
7 12 11
2 0 2010 -67.1400 -75.4200 1 2844 -203.5000 105.9500
-6.6613071341e-01 -8.6709018371e-01 -7.5749928474e+00
10 12 12
2 0 2011 -58.1400 -75.1700 1 2635 -194.2700 103.7300
-7.0454096633e-01 -1.0838510104e+00 -5.2393293856e+00
128 126 147
2 0 2048 -89.0400 -136.9800 1 2692 -210.5700 17.3900
-1.1396237209e+00 -1.1311529223e+00 -5.0875269529e+00
40 119 154
2 0 2053 -147.9400 -146.9000 1 2696 -274.4400 15.6900
-1.1715106877e+00 -1.1556579891e+00 -5.0735591797e+00
12 14 18
2 0 2056 -152.6400 -150.6900 1 2700 -279.6500 12.9000
-1.0769582776e+00 -1.1745721310e+00 -5.1041402539e+00
163 161 179
2 0 2057 -139.3500 -152.0500 1 2703 -266.0500 9.2500
7.5072181324e-01 -5.7270741286e-01 -2.4594850136e+00
166 143 36
2 0 2059 201.2000 -154.2400 1 2762 137.5500 -138.0500
7.3241569802e-01 -6.0474684273e-01 -2.5188570483e+00
126 107 38
2 0 2061 191.6500 -159.1300 1 2914 125.7600 -136.7800
-1.0811963466e+00 -1.2684221644e+00 -5.0955962693e+00
42 115 143
2 0 2065 -139.9600 -164.3000 1 2710 -268.8900 -3.0900
6.3922902797e-01 -7.5385574499e-01 -2.7623999118e+00
10 10 10
2 0 2073 152.7300 -180.6800 1 2758 76.6200 -135.3400
-9.7985222754e-01 -1.5363211470e+00 -5.1434049074e+00
8 6 3
2 0 2075 -125.4400 -196.9300 1 2728 -259.5500 -36.3400
-1.0470531616e+00 -1.6042317440e+00 -5.1194066908e+00
6 6 6
2 0 2078 -134.5400 -206.4200 1 2735 -270.6900 -44.4300
-1.1156873234e+00 -1.6120558285e+00 -5.0995168390e+00
9 9 9
2 0 2079 -143.7900 -208.0600 1 2733 -280.9100 -45.0700
-1.1156873234e+00 -1.6120558285e+00 -5.0995168390e+00
9 9 9
2 0 2080 -143.7900 -208.0600 1 2734 -280.9100 -45.0700
6.5351707052e-01 -8.6896744063e-01 -2.6648820410e+00
17 16 22
2 0 2086 161.6600 -215.1300 1 2777 79.0600 -168.5500
8.7271142526e-01 5.7995195027e-01 -2.4090423952e+00
251 195 206
2 0 2106 238.0800 157.6100 1 2956 268.3200 116.6100
7.2565145087e-01 6.5818167820e-01 -2.8735748940e+00
235 212 144
2 0 2107 166.6700 151.0000 1 2946 182.5400 161.4600
-8.8022795499e-01 -1.0248936614e+00 -6.5778443009e+00
138 88 113
2 0 2209 -88.9800 -103.3200 1 2854 -222.4500 72.0600
-4.3191334567e-01 -1.1257322363e+00 -6.6743383319e+00
105 90 104
2 0 2217 -42.8700 -111.5100 1 2866 -176.2700 54.5700
-4.3191334567e-01 -1.1257322363e+00 -6.6743383319e+00
105 90 104
2 0 2218 -42.8700 -111.5100 1 2867 -176.2700 54.5700
-9.3914612129e-01 -1.1578954745e+00 -5.1673564879e+00
15 94 126
2 0 2235 -120.4300 -148.5300 1 2883 -244.9300 11.0800
7.6324743483e-01 -5.6981138075e-01 -2.3916396086e+00
221 197 64
2 0 2237 210.2100 -157.7500 1 2919 147.3500 -146.2300
-8.8948832900e-01 -1.4290905478e+00 -5.1819496180e+00
9 13 12
2 0 2242 -113.1600 -182.0100 1 2892 -244.3000 -23.3500
-9.9169021675e-01 -1.4825403324e+00 -5.1268807521e+00
3 80 132
2 0 2246 -127.4800 -190.7800 1 2894 -260.2300 -30.2900
5.5286498629e-01 -9.3640211321e-01 -2.8971145681e+00
116 115 134
2 0 2250 126.1800 -213.2800 1 2921 39.6800 -151.8900
8.2014208727e-01 5.8620898471e-01 -2.6379687987e+00
245 217 144
2 0 2276 204.6100 145.6400 1 2951 224.9900 131.5100
8.7697155667e-01 4.8500775823e-01 -2.3154345354e+00
255 76 116
2 0 2279 248.9600 136.9600 1 2963 275.1400 86.9700
7.7125118381e-01 -5.2646889507e-01 -2.3879281550e+00
173 126 72
2 0 2359 212.8600 -146.0200 1 3022 152.7600 -137.9300
-1.0533143747e+00 -1.5343816132e+00 -5.1044011287e+00
7 7 10
2 0 2440 -136.0900 -198.4200 1 3065 -270.0900 -36.2600
7.2817597068e-01 7.7460875195e-01 -2.8510487968e+00
208 182 60
2 0 2446 168.4300 179.1200 1 3145 194.5500 187.5000
-3.6817555604e-01 1.3156352389e-01 -1.8951838593e+00
31 34 50
2 0 2459 -129.0300 44.1000 1 3161 -50.1800 27.7000
-3.7467994360e-01 9.1725103667e-02 -1.8862433964e+00
190 207 243
2 0 2462 -132.0200 30.1400 1 3112 -55.4900 13.2300
-1.0419118833e+00 -1.3619850246e+00 -5.1221964341e+00
10 9 13
2 0 2484 -134.1400 -175.4900 1 3118 -264.8300 -14.5000
7.1390389485e-01 8.6667880994e-01 -2.8830867123e+00
236 213 72
2 0 2492 163.3200 198.3700 1 3185 194.8900 210.3000
7.8661803735e-01 7.3562699627e-01 -2.7510198577e+00
240 221 145
2 0 2519 188.2900 175.8600 1 3210 215.5700 172.5200
