# Bundle file v0.3
3 556
6.9272745758e+02 -1.1088162863e-01 2.1830371640e-02
9.9864196851e-01 6.4094013066e-03 5.1702401319e-02
-6.4800290319e-03 9.9997828614e-01 1.1985287538e-03
-5.1693596808e-02 -1.5319341756e-03 9.9866181725e-01
6.3811640519e-01 2.0744431950e-03 -1.9498950469e+00
6.9382755680e+02 -1.1958817543e-01 4.7493014010e-02
9.8709888185e-01 1.5734467557e-01 2.9638665847e-02
-1.4834920306e-01 9.6841609045e-01 -2.0040656106e-01
-6.0235466236e-02 1.9342421988e-01 9.7926439728e-01
7.2174819103e-01 -1.1987512368e+00 -2.3080416855e+00
6.9053677340e+02 -1.2381853241e-01 3.6599845488e-02
8.8112976297e-01 2.4933756616e-01 4.0179736052e-01
-2.5263658839e-01 9.6647996980e-01 -4.5729882703e-02
-3.9973127851e-01 -6.1214753679e-02 9.1458605878e-01
3.0783333377e+00 -4.3808166767e-01 -1.6068952058e+00
1.7708158970e+00 3.0809747469e+00 -7.1733793742e+00
106 86 22
3 0 25 151.9200 226.1600 1 16 210.2300 227.0200 2 1527 189.0100 181.2600
1.8012147460e+00 2.9525075151e+00 -7.2512442549e+00
190 171 68
2 0 53 152.5600 215.2600 1 41 208.7400 215.9900
1.7681902177e+00 2.7083534584e+00 -7.5063903979e+00
179 146 51
2 0 86 145.7900 192.6800 1 93 196.6100 196.4400
1.7681902177e+00 2.7083534584e+00 -7.5063903979e+00
179 146 51
2 0 87 145.7900 192.6800 1 92 196.6100 196.4400
2.3000225622e+00 2.1941202662e+00 -6.0144394814e+00
224 179 188
2 0 109 221.7700 182.8300 1 159 270.7500 153.3600
2.1282773288e+00 3.9077859612e+00 -1.3199123278e+01
87 79 94
2 0 118 95.0100 174.7100 1 13 141.9700 229.3800
2.3336798778e+00 2.0370850039e+00 -5.9190594951e+00
219 177 187
2 0 121 227.5300 171.6400 1 189 274.0900 139.4100
1.7458855178e+00 2.3597615033e+00 -7.9112631074e+00
173 135 57
2 0 139 136.9700 161.3700 1 753 181.8900 169.9300
2.4087396471e+00 1.8625781142e+00 -5.7006682481e+00
198 52 74
3 0 140 241.2800 160.9700 1 216 284.7800 122.7500 2 1705 288.2200 86.7000
1.1678440982e+00 4.2476859708e+00 -1.6221075273e+01
72 65 80
2 0 143 37.5700 159.5900 1 5 80.7600 234.8100
2.2538393172e+00 1.8976090536e+00 -6.2360760027e+00
202 170 113
2 0 148 211.8400 154.2600 1 204 254.4100 129.2000
2.4469113674e+00 1.6876860467e+00 -5.6325831417e+00
228 162 178
2 0 160 247.1100 147.0400 1 233 287.0400 106.6000
1.2252175691e+00 3.7919416513e+00 -1.6263343488e+01
51 38 45
2 0 162 39.5300 142.1800 1 39 79.6400 216.3100
2.2321458748e+00 1.8217743489e+00 -6.6169716496e+00
205 168 95
2 0 165 199.7300 141.8300 1 213 239.8500 124.1100
8.2013776151e-01 3.9891034887e+00 -1.7385986095e+01
56 51 65
2 0 166 20.9300 141.2200 1 24 60.3500 221.7900
1.0816397127e+00 3.8551560630e+00 -1.6883072671e+01
71 62 81
2 0 173 31.9400 139.9400 1 37 71.3500 217.1700
2.4580825594e+00 1.6092377372e+00 -5.6427165060e+00
219 189 195
2 0 175 247.5400 139.9400 1 247 286.2900 99.5900
2.4778737491e+00 1.5797413246e+00 -5.5528372704e+00
228 152 164
3 0 176 252.5400 138.6400 1 254 290.7000 96.3100 2 1742 297.1300 62.2800
1.0180046081e+00 3.8167601242e+00 -1.6967445276e+01
48 34 42
2 0 177 29.3300 137.9800 1 40 68.3500 215.7900
-2.5396384250e+00 4.1311773523e+00 -2.0208314351e+01
8 7 6
3 0 191 -91.4100 129.5100 1 677 -55.9400 233.6600 2 1528 -218.8000 179.0200
-2.5697995540e+00 3.7101524366e+00 -1.9938944657e+01
65 56 74
3 0 200 -93.4000 117.7300 1 23 -59.3400 221.3500 2 409 -222.9000 166.9900
2.5669243344e+00 1.2703530613e+00 -5.3507773846e+00
224 162 179
2 0 205 268.1600 114.2200 1 303 299.8400 65.7600
2.5837057789e+00 1.2064444909e+00 -5.3110238828e+00
228 161 175
2 0 213 271.2300 108.9300 1 311 301.5600 59.3800
2.6060873783e+00 1.1139268340e+00 -5.2537532857e+00
227 170 182
2 0 230 275.5900 101.1800 1 869 303.8400 50.1000
-1.5511936309e+00 3.0983418731e+00 -1.9615330209e+01
12 10 19
3 0 235 -61.6000 99.5300 1 729 -29.4100 196.5100 2 533 -192.2900 136.9200
-6.5150146854e+00 2.4392923485e+00 -1.7551049196e+01
85 69 67
2 0 250 -240.8100 87.7600 1 59 -213.1800 205.8800
6.0108633166e-01 1.0729121670e+00 -6.3861650139e+00
191 136 155
2 0 251 75.8100 87.8800 1 835 106.3400 84.8600
-2.2542449152e+00 9.3163920089e-01 -5.7645740207e+00
217 146 161
2 0 260 -172.3300 85.1700 1 228 -137.7700 107.5800
1.0958347587e+00 9.0609129999e-01 -5.3945037295e+00
151 90 102
2 0 266 135.9300 83.3100 1 320 164.3900 54.9800
-6.5337412241e+00 2.2360319799e+00 -1.7591156157e+01
86 67 66
2 0 271 -241.2600 80.3600 1 727 -214.2100 198.4000
-6.8898355343e+00 2.1517867611e+00 -1.7128472617e+01
12 13 15
2 0 275 -258.8000 79.3400 1 79 -232.4700 198.4600
-6.1097025129e+00 2.2203091147e+00 -1.8600302333e+01
11 9 12
2 0 280 -217.0000 75.8200 1 732 -190.4300 192.9800
-1.5123695355e+00 7.4914251174e-01 -5.2537599979e+00
240 184 197
2 0 283 -110.2900 73.1500 1 291 -77.6300 77.0600
2.0597189701e+00 9.7254058503e-01 -7.1179645935e+00
81 32 8
2 0 291 175.1400 71.4500 1 304 200.6000 64.3600
-1.3710818267e+00 7.2539044077e-01 -5.2937974447e+00
202 154 165
2 0 296 -96.4400 70.3100 1 298 -64.1300 73.1400
-1.3710074391e+00 6.8319036076e-01 -5.3055942678e+00
216 166 180
2 0 307 -96.5000 66.1200 1 302 -64.4900 69.3000
6.8188692816e-01 6.6188681373e-01 -5.9690121651e+00
184 48 73
2 0 315 87.6000 56.6100 1 1229 113.9400 46.0400
2.2364570427e+00 6.9244682831e-01 -6.8068759067e+00
169 131 49
2 0 325 195.6400 52.0500 1 883 216.4400 38.5300
-2.1428518003e+00 4.4150793548e-01 -5.6156762276e+00
221 148 163
2 0 340 -165.5100 41.6000 1 308 -135.2400 61.1000
-1.9432838572e+00 4.1496775465e-01 -5.3945057276e+00
196 138 155
2 0 343 -150.0900 40.3100 1 322 -120.8200 53.4800
-1.2734602654e+00 3.7542276456e-01 -5.2948837151e+00
197 143 157
2 0 350 -87.3100 36.5500 1 345 -59.6500 39.1500
-1.2811798919e+00 3.3147469282e-01 -5.3180086654e+00
181 132 144
2 0 354 -88.0600 32.1900 1 885 -60.6900 35.5400
2.5597776352e+00 3.3289774297e-01 -5.8052511861e+00
163 131 30
2 0 371 250.9100 26.9800 1 429 264.0000 -7.8200
2.5597776352e+00 3.3289774297e-01 -5.8052511861e+00
163 131 30
2 0 372 250.9100 26.9800 1 430 264.0000 -7.8200
-1.2148335124e+00 2.5315101576e-01 -5.3927025322e+00
200 151 158
2 0 379 -81.0000 24.4100 1 366 -55.5000 28.5300
-6.5717303225e+00 5.6426982712e-01 -1.6236753521e+01
54 57 72
2 0 381 -258.5600 22.5600 1 781 -237.0200 137.6300
-9.0633898001e-01 2.6423536402e-01 -6.0747406349e+00
109 72 82
2 0 383 -50.3600 23.0000 1 355 -26.4500 34.8000
-1.3481572134e+00 1.7199454263e-01 -5.3498625214e+00
225 167 180
2 0 399 -94.3000 16.8500 1 378 -68.8700 22.3800
-1.3857023118e+00 1.5143220964e-01 -5.3517260805e+00
207 145 161
2 0 402 -97.8100 14.9200 1 904 -72.6800 21.0600
2.5646838015e+00 1.9790769122e-01 -5.8524002625e+00
166 136 25
3 0 403 249.6100 15.1400 1 447 260.2600 -17.8800 2 1887 257.5400 -53.2200
2.5681129046e+00 1.9750570491e-01 -5.8607113102e+00
166 136 25
2 0 404 249.6100 15.1400 1 448 260.2600 -17.8800
-1.4505902562e+00 1.4567175744e-01 -5.3453125684e+00
132 148 193
3 0 405 -103.9200 14.0400 1 384 -78.9700 21.4800 2 796 -36.1700 36.7400
-1.5652759564e+00 1.3569546762e-01 -5.3492312330e+00
23 45 94
2 0 407 -115.0400 13.5400 1 381 -89.5000 22.0900
-1.9016026975e+00 1.0698156429e-01 -5.3882298412e+00
230 164 178
2 0 412 -146.7000 10.9400 1 371 -120.4000 24.7600
-1.3771793620e+00 1.1162694822e-01 -5.3474575278e+00
217 150 167
2 0 413 -97.0200 11.1200 1 390 -72.4700 17.2600
-1.3716478515e+00 1.3485498545e-02 -5.3700402258e+00
215 154 170
2 0 429 -96.4300 1.7000 1 405 -72.9900 8.7100
-1.2587420554e+00 -4.7511648184e-03 -5.3258461118e+00
199 148 166
2 0 433 -85.8700 -0.0900 1 414 -63.2000 4.7200
2.6440974051e+00 -1.4403034450e-02 -5.5937014361e+00
165 137 35
3 0 443 265.5500 -3.0500 1 479 271.1100 -41.5700 2 1901 274.3800 -75.1800
2.6440974051e+00 -1.4403034450e-02 -5.5937014361e+00
165 137 35
3 0 444 265.5500 -3.0500 1 480 271.1100 -41.5700 2 1902 274.3800 -75.1800
-2.9179437606e-01 -4.1289889002e-02 -6.3101431986e+00
158 10 28
2 0 445 1.6200 -3.7900 1 410 19.7400 5.6600
2.6166374487e+00 -7.3358358218e-02 -5.5644692825e+00
205 178 54
2 0 451 264.2000 -8.4700 1 486 268.8600 -46.6500
-1.5079014645e+00 -1.0895460707e-01 -5.3376574425e+00
234 219 242
3 0 457 -109.6300 -10.0600 1 422 -87.5400 -0.9300 2 1807 -49.5100 9.6400
-1.6445203989e+00 -3.7343025066e-01 -5.4275405361e+00
145 100 120
2 0 502 -122.2600 -34.8500 1 455 -101.8000 -20.8100
2.5842513045e+00 -7.0489369581e-01 -5.8682628673e+00
60 37 5
3 0 534 250.1000 -62.3100 1 547 244.1800 -89.0700 2 1205 240.0000 -127.9300
2.5809422567e+00 -7.0343501765e-01 -5.8604628377e+00
60 37 5
2 0 535 250.1000 -62.3100 1 548 244.1800 -89.0700
2.1427884953e+00 -9.7315615847e-01 -7.6580839996e+00
23 15 10
2 0 553 168.1700 -70.4100 1 496 167.1200 -62.8500
2.1589592184e+00 -1.0175895741e+00 -7.5975840040e+00
36 27 2
2 0 565 170.6400 -73.9700 1 500 168.5000 -67.0700
2.5491967047e+00 -8.8627984661e-01 -5.9996119259e+00
54 30 6
2 0 572 242.4300 -76.7500 1 568 234.4600 -98.9600
2.1698998438e+00 -1.1272801838e+00 -7.6029871874e+00
23 15 3
2 0 581 170.9600 -81.7500 1 521 167.8100 -74.1600
2.6141107930e+00 -9.2530602166e-01 -5.7355645761e+00
53 29 0
3 0 582 256.9600 -82.4500 1 584 246.3300 -110.0600 2 1229 245.3500 -149.2200
-4.7301912593e+00 -2.1985320437e+00 -1.5392997641e+01
5 6 9
2 0 588 -196.5100 -87.6700 1 389 -186.4300 18.0100
-7.3780470064e+00 -2.4419546615e+00 -1.4604938707e+01
113 103 127
2 0 598 -313.8500 -100.8000 1 388 -300.7600 18.7100
1.7520527657e+00 -1.6666267065e+00 -8.9528115952e+00
24 21 22
3 0 605 120.0400 -105.8200 1 529 115.5100 -76.7600 2 1971 40.2700 -137.5600
1.7908043020e+00 -1.7724267784e+00 -8.8847393013e+00
31 25 30
3 0 616 123.2600 -112.9700 1 533 117.3800 -84.3500 2 1991 42.7700 -145.9500
1.7536089377e+00 -2.0057688356e+00 -9.0215344512e+00
100 82 96
2 0 636 118.8900 -126.1600 1 558 110.9600 -94.5100
2.0597369881e+00 -1.8955389383e+00 -8.0311749761e+00
138 129 146
2 0 647 154.6000 -130.5100 1 585 143.0400 -111.6800
2.0597369881e+00 -1.8955389383e+00 -8.0311749761e+00
138 129 146
2 0 648 154.6000 -130.5100 1 586 143.0400 -111.6800
1.7103564107e+00 -2.2364132363e+00 -9.1614603041e+00
128 104 125
2 0 661 114.1800 -138.7200 1 576 104.4100 -104.1000
1.7103564107e+00 -2.2364132363e+00 -9.1614603041e+00
128 104 125
2 0 662 114.1800 -138.7200 1 575 104.4100 -104.1000
1.7040603264e+00 -2.3439262064e+00 -9.1858551433e+00
99 27 39
2 0 675 113.4200 -144.9600 1 582 102.5800 -109.4100
1.7465077795e+00 -2.3788213171e+00 -9.0286452308e+00
144 129 138
2 0 681 118.1700 -149.0700 1 591 106.1100 -114.9200
1.8575405545e+00 -2.3337392696e+00 -8.8225430922e+00
147 133 155
3 0 683 127.9200 -148.9900 1 594 115.4200 -118.0000 2 2038 39.1100 -183.4400
-1.0109498443e-01 -2.8021078660e+00 -1.0819353798e+01
56 50 57
2 0 687 -2.2500 -152.0500 1 546 -7.1100 -89.0900
1.8350053294e+00 -2.4616049969e+00 -8.8281347483e+00
151 128 147
2 0 693 126.2400 -156.8800 1 599 112.5700 -124.5300
1.8350053294e+00 -2.4616049969e+00 -8.8281347483e+00
151 128 147
2 0 694 126.2400 -156.8800 1 600 112.5700 -124.5300
1.7922066511e+00 -2.5147683152e+00 -9.0178769894e+00
150 133 144
2 0 697 120.8000 -157.5700 1 596 107.5000 -122.9400
-2.9528459726e+00 -4.0126369171e+00 -1.4240257458e+01
124 43 25
2 0 701 -131.6500 -171.5700 1 519 -132.7400 -73.3800
-3.5335009344e+00 -4.1633664906e+00 -1.4222162783e+01
142 93 88
2 0 708 -156.4400 -177.9700 1 526 -157.2500 -75.9600
-1.8515634592e+00 -4.2171137764e+00 -1.3536203393e+01
86 83 97
3 0 719 -86.4600 -188.1800 1 565 -92.1500 -97.6100 2 2033 -261.3500 -177.5400
-1.8515634592e+00 -4.2171137764e+00 -1.3536203393e+01
86 83 97
3 0 720 -86.4600 -188.1800 1 566 -92.1500 -97.6100 2 2034 -261.3500 -177.5400
1.8815280482e+00 -2.9943821609e+00 -8.8606645157e+00
118 55 78
2 0 724 128.0700 -189.4600 1 619 108.7900 -153.2600
1.8815280482e+00 -2.9943821609e+00 -8.8606645157e+00
118 55 78
2 0 725 128.0700 -189.4600 1 620 108.7900 -153.2600
-5.2083328143e+00 -4.7182802928e+00 -1.4005550032e+01
127 65 49
2 0 743 -230.4100 -203.4000 1 549 -229.0000 -89.9600
-5.6598501039e+00 -4.7940705395e+00 -1.3986035404e+01
115 40 19
2 0 750 -249.8800 -206.5800 1 550 -247.8100 -90.3700
8.6808940023e-01 -3.4858710703e+00 -9.6061926420e+00
93 69 82
2 0 752 58.3400 -207.1300 1 618 41.3100 -153.9600
-6.0699286943e+00 -5.3432354167e+00 -1.5195001898e+01
119 66 54
2 0 766 -251.4600 -213.9300 1 557 -249.9600 -92.6200
9.4803258242e-01 -3.7240457495e+00 -9.3363745439e+00
103 79 92
2 0 790 65.1000 -225.9600 1 637 44.8100 -173.0900
1.8050219727e+00 3.0477967622e+00 -7.1161094782e+00
196 171 72
3 0 817 155.5600 225.4900 1 691 213.6600 224.3000 2 2181 193.0900 178.5300
1.8891723656e+00 2.8719187695e+00 -7.1029855041e+00
192 145 59
2 0 830 162.2600 212.5700 1 1113 217.3800 209.6900
1.8237132065e+00 2.5717237782e+00 -7.4074270385e+00
186 143 64
3 0 853 151.8200 184.2600 1 1133 201.1000 185.4700 2 2224 172.6700 142.8000
2.0631140177e+00 3.8986348284e+00 -1.3208564129e+01
60 49 60
2 0 863 91.8900 174.2500 1 681 138.9900 229.4400
2.4477846720e+00 1.7419757615e+00 -5.6226057711e+00
210 44 76
2 0 884 247.2900 151.9300 1 803 288.7300 111.3100
2.4634942664e+00 1.6851163141e+00 -5.5685488713e+00
218 43 73
2 0 890 250.6200 147.9200 1 809 290.9900 105.8100
2.4715509835e+00 1.5374270786e+00 -5.6115098548e+00
227 186 197
3 0 905 249.9300 134.0700 1 824 287.0900 93.0100 2 2324 292.0900 58.6800
-2.0923750276e+00 3.6645435162e+00 -1.9985552527e+01
26 41 71
3 0 921 -77.9500 116.0800 1 706 -44.2100 217.0200 2 1568 -207.1000 159.7100
-1.7080398624e+00 3.7414266118e+00 -2.1043886695e+01
10 9 9
2 0 925 -63.5600 112.5900 1 1111 -31.7400 214.0800
-6.3156055815e+00 3.2418412176e+00 -1.9195790122e+01
85 68 86
2 0 932 -217.9500 107.1900 1 683 -188.5100 227.2800
-1.4247198525e+00 9.6320844536e-01 -5.4546001904e+00
146 89 103
2 0 950 -99.8800 91.1500 1 818 -65.1000 97.3400
-6.1682055966e+00 2.3264758505e+00 -1.8703864456e+01
74 60 73
2 0 967 -217.9100 79.0300 1 1128 -191.2200 196.6900
-1.3159594844e+00 7.7815261990e-01 -5.3442924514e+00
227 166 180
2 0 971 -90.7600 74.7900 1 838 -57.8900 77.7400
2.1506959909e+00 1.0105754646e+00 -7.0385891538e+00
173 132 78
2 0 972 183.3800 74.7700 1 851 209.7700 65.4100
2.1506959909e+00 1.0105754646e+00 -7.0385891538e+00
173 132 78
2 0 973 183.3800 74.7700 1 852 209.7700 65.4100
-1.3467117188e+00 7.5354709799e-01 -5.3409862491e+00
138 86 104
2 0 975 -93.6600 72.5200 1 840 -61.2200 75.8500
-1.3467117188e+00 7.5354709799e-01 -5.3409862491e+00
138 86 104
2 0 976 -93.6600 72.5200 1 839 -61.2200 75.8500
2.1156135782e+00 9.6984963835e-01 -7.1498169837e+00
159 122 69
2 0 977 178.4100 70.9200 1 856 203.8400 63.7600
2.0122916935e+00 9.4448830564e-01 -7.0943119841e+00
141 88 83
2 0 978 172.2000 69.5900 1 860 197.3600 62.6700
-6.0129019693e+00 9.9232394077e-01 -1.6609406864e+01
36 26 25
2 0 1011 -233.3200 38.0100 1 766 -210.2000 150.8800
-1.3065907153e+00 3.6419276373e-01 -5.3027957282e+00
103 49 62
2 0 1016 -90.4200 35.4600 1 882 -62.8900 38.6900
2.3326807787e+00 4.3914132908e-01 -6.6351210030e+00
156 113 45
2 0 1022 207.2300 32.9800 1 391 223.9300 16.2600
2.3326807787e+00 4.3914132908e-01 -6.6351210030e+00
156 113 45
2 0 1023 207.2300 32.9800 1 392 223.9300 16.2600
-1.8255220958e+00 3.1591366067e-01 -5.3489634188e+00
186 123 144
2 0 1028 -139.6200 31.0100 1 877 -111.6500 42.1700
2.5171573319e+00 3.7461960312e-01 -5.8567946773e+00
211 181 58
2 0 1030 245.5000 30.4200 1 931 259.8600 -3.0000
-1.3683332772e+00 3.0994182186e-01 -5.3269188629e+00
111 68 90
2 0 1032 -96.5800 30.1100 1 354 -68.8300 34.9300
-1.9293525515e+00 2.5062648591e-01 -5.4118108564e+00
229 167 180
2 0 1048 -148.7200 24.5900 1 881 -121.1400 38.5000
-1.2313963358e+00 2.1208921299e-01 -5.4037944672e+00
146 87 107
2 0 1049 -82.6700 20.4600 1 369 -57.3700 25.2200
-4.0285589020e-01 1.6208594187e-01 -6.3760900481e+00
173 26 40
2 0 1053 -8.1000 13.2200 1 900 13.4800 24.1600
2.5811034198e+00 1.7638849968e-01 -5.7649027804e+00
205 175 67
2 0 1055 254.0500 13.4800 1 956 264.0400 -21.5800
-5.0953235106e+00 2.8480247256e-01 -1.6642760265e+01
25 40 73
2 0 1057 -199.1100 11.2300 1 218 -178.7700 119.1400
-1.5883457345e+00 1.0061887802e-01 -5.3638717439e+00
251 250 253
2 0 1060 -117.0800 10.1800 1 905 -91.9600 19.4600
2.5942621617e+00 1.2613153010e-01 -5.7490521530e+00
205 173 61
3 0 1062 255.7200 8.9900 1 960 264.6900 -26.3400 2 2416 264.2500 -60.3700
-1.8348149035e-01 7.0025795613e-02 -6.3199510038e+00
122 5 8
2 0 1063 10.8700 5.5300 1 911 29.7500 13.3300
-1.8348149035e-01 7.0025795613e-02 -6.3199510038e+00
122 5 8
2 0 1064 10.8700 5.5300 1 912 29.7500 13.3300
2.5605583141e+00 7.5833336787e-02 -5.7808264440e+00
206 171 63
2 0 1065 251.8600 4.7500 1 963 259.8500 -29.1600
2.6121789247e+00 5.9687581476e-02 -5.7014767588e+00
203 176 69
3 0 1069 258.8200 3.7500 1 966 266.4000 -32.8300 2 2421 267.0000 -67.4000
1.6351181803e+00 3.3096062310e-02 -6.1475071930e+00
126 74 78
2 0 1070 165.1800 1.5600 1 943 175.8200 -14.4700
-1.6750349084e+00 -1.9890342539e-03 -5.3550159808e+00
160 216 247
2 0 1071 -125.4400 0.4500 1 915 -101.3900 11.2300
-1.2133903442e+00 -2.7003858153e-03 -5.3645829712e+00
146 92 108
2 0 1072 -81.1800 0.0900 1 1257 -58.8900 4.9700
2.5805965341e+00 -1.5701789185e-02 -5.7304044819e+00
202 178 66
2 0 1075 255.1400 -3.2500 1 968 261.4700 -37.8600
2.6161958302e+00 -3.4907108147e-02 -5.7100229500e+00
156 126 38
3 0 1079 258.8900 -4.9300 1 970 264.5100 -40.2600 2 2431 264.9400 -74.9900
-5.9030436155e+00 -1.8248216858e-01 -1.5645155129e+01
45 36 44
2 0 1083 -240.1300 -6.3700 1 810 -221.1200 104.1200
-1.2121033949e+00 -7.7982328276e-02 -5.3871790788e+00
136 82 98
2 0 1085 -80.9700 -7.0800 1 928 -59.6300 -1.3700
1.5637144728e+00 -1.0297095012e-01 -6.4413954327e+00
47 18 15
2 0 1087 152.0200 -9.6500 1 951 162.3900 -18.9100
-1.5500521702e+00 -1.2438898687e-01 -5.3607374164e+00
234 221 243
2 0 1089 -113.7300 -11.3800 1 423 -91.0700 -1.3700
-1.2442153176e+00 -1.3045423760e-01 -5.3856580991e+00
109 62 78
2 0 1090 -83.9800 -12.0400 1 934 -63.3400 -5.6400
-1.4980704686e+00 -1.4534051814e-01 -5.3562227655e+00
196 135 152
2 0 1092 -108.7000 -13.4000 1 933 -86.7200 -4.0500
2.5078978501e+00 -1.6457140014e-01 -6.1054776379e+00
210 175 55
2 0 1096 236.2300 -15.5700 1 972 241.4800 -40.9000
2.6609528054e+00 -1.6645556121e-01 -5.5671038374e+00
204 177 61
2 0 1098 267.8400 -16.7700 1 977 270.3900 -54.7300
1.7046432521e+00 -2.6232899402e-01 -6.3612974274e+00
157 104 113
2 0 1105 165.0000 -22.8600 1 967 172.1600 -34.1300
2.7898561538e+00 -2.1576684983e-01 -4.8071818208e+00
200 148 50
2 0 1108 311.6100 -23.3400 1 1001 309.2300 -80.4200
2.7898561538e+00 -2.1576684983e-01 -4.8071818208e+00
200 148 50
2 0 1109 311.6100 -23.3400 1 1002 309.2300 -80.4200
-1.6580566708e+00 -3.3749965891e-01 -5.4017786129e+00
198 149 163
2 0 1118 -123.3900 -31.4600 1 446 -103.3500 -18.0400
1.7723831902e+00 -4.3039022510e-01 -6.4913980607e+00
138 91 100
2 0 1120 167.1900 -36.1100 1 974 171.7900 -44.9000
-7.4137346284e+00 -1.8442614155e+00 -1.8767698172e+01
9 7 14
2 0 1135 -259.7600 -60.9100 1 307 -246.9700 62.1900
2.3088694985e+00 -8.9933079533e-01 -7.0497565046e+00
174 150 47
3 0 1148 193.9800 -69.3100 1 989 190.9500 -72.1300 2 2462 157.4800 -120.0600
2.4228606691e+00 -9.6097736898e-01 -6.6239247373e+00
105 73 47
2 0 1152 213.5300 -77.3800 1 1007 207.5400 -87.1900
2.4215265816e+00 -9.5897380993e-01 -6.6215532321e+00
105 73 47
3 0 1153 213.5300 -77.3800 1 1008 207.5400 -87.1900 2 2472 183.7900 -132.8200
1.8500876548e+00 -1.2283913635e+00 -8.5838906673e+00
15 11 12
3 0 1154 131.9100 -80.9900 1 981 131.1100 -58.7500 2 2457 64.7500 -115.5600
2.3236838717e+00 -1.0371702949e+00 -6.8764972047e+00
174 154 52
2 0 1155 199.0700 -81.1800 1 534 193.7700 -85.5600
2.5981745785e+00 -9.1246074980e-01 -5.7892249299e+00
192 172 53
3 0 1157 253.7400 -80.8700 1 1028 243.7900 -107.5900 2 2490 241.3200 -146.6100
2.2850919836e+00 -1.2178930022e+00 -7.1983288889e+00
164 140 47
2 0 1160 188.2300 -91.8100 1 1012 181.5500 -89.9700
1.9255289970e+00 -1.4622666107e+00 -8.4649716782e+00
13 10 12
2 0 1164 138.4100 -97.1900 1 995 134.4600 -75.5300
-3.9737271792e+00 -2.6434253736e+00 -1.5140378960e+01
8 7 7
2 0 1165 -167.9700 -107.1800 1 425 -161.1700 -5.3600
-3.9737271792e+00 -2.6434253736e+00 -1.5140378960e+01
8 7 7
2 0 1166 -167.9700 -107.1800 1 426 -161.1700 -5.3600
1.9807813380e+00 -1.6571909845e+00 -8.3197471995e+00
12 10 12
2 0 1174 144.2900 -111.3600 1 1013 137.3300 -90.4700
1.7299493139e+00 -1.9150923565e+00 -9.0739092153e+00
88 78 87
3 0 1183 116.7100 -119.7600 1 542 110.1200 -88.1900 2 2496 31.3700 -151.6400
1.7242471245e+00 -1.9070486554e+00 -9.0515326784e+00
88 78 87
2 0 1184 116.7100 -119.7600 1 543 110.1200 -88.1900
2.0386324753e+00 -1.7481734594e+00 -8.1329754499e+00
26 23 28
2 0 1185 151.4400 -119.3900 1 1021 142.2100 -100.3600
1.8154922794e+00 -1.9652612034e+00 -8.8699918659e+00
93 89 111
2 0 1188 124.7900 -125.3100 1 1014 116.8100 -95.7500
1.7659096893e+00 -2.1776890051e+00 -9.0769898376e+00
121 108 125
3 0 1200 118.4500 -135.9900 1 1023 109.3900 -102.9400 2 2508 29.0500 -168.5200
1.7153667525e+00 -2.2837420505e+00 -9.1836676951e+00
127 113 129
2 0 1206 114.1900 -141.3200 1 1027 103.9000 -106.2700
-1.0334144862e+00 -3.2072357667e+00 -1.3192526229e+01
52 12 11
3 0 1208 -50.1500 -146.9700 1 499 -52.3000 -66.3400 2 1972 -204.6600 -138.9200
-1.3938217876e+00 -3.2684668059e+00 -1.3255064529e+01
84 43 23
3 0 1209 -66.6400 -149.1600 1 1275 -68.0800 -65.7200 2 2478 -224.3500 -137.8500
1.8106254818e+00 -2.3715924519e+00 -8.9628280932e+00
137 124 138
3 0 1210 122.9100 -149.4400 1 592 110.7200 -116.5500 2 2517 31.6800 -183.0000
-7.3466284744e-01 -3.4026662917e+00 -1.3184010817e+01
56 28 18
2 0 1215 -36.5600 -155.8700 1 527 -40.6000 -76.2300
-7.3466284744e-01 -3.4026662917e+00 -1.3184010817e+01
56 28 18
2 0 1216 -36.5600 -155.8700 1 528 -40.6000 -76.2300
2.2608996966e+00 -2.6681954926e+00 -7.6066080513e+00
129 125 150
2 0 1233 175.5600 -189.9100 1 1057 151.8300 -170.6800
7.9300250049e-02 -3.5528279317e+00 -1.0419457110e+01
26 24 32
3 0 1238 8.1900 -198.8100 1 1312 -3.0700 -133.9900 2 2789 -119.3600 -211.5200
1.9898217598e+00 -3.0956487155e+00 -8.5188827698e+00
136 129 150
2 0 1239 140.0200 -201.6900 1 1056 117.6400 -168.1900
2.2606305406e+00 -4.2481051598e+00 -1.2256763083e+01
32 24 29
2 0 1241 106.7500 -204.5700 1 1049 86.8900 -144.0300
9.8104511233e-01 -3.5121717758e+00 -9.6703831494e+00
95 75 79
2 0 1242 64.2900 -207.4600 1 1053 46.9900 -154.6300
-2.4848407710e+00 -5.4286859694e+00 -1.4300148916e+01
19 14 18
2 0 1258 -110.9500 -230.0800 1 609 -120.3800 -128.8700
1.7752643641e+00 2.9942610517e+00 -7.2986171071e+00
107 87 51
3 0 1280 149.7000 217.3800 1 1108 206.4000 219.0400 2 2577 181.8300 173.3200
2.2973572279e+00 2.3043935280e+00 -5.9460802374e+00
204 40 47
2 0 1291 223.4900 193.5200 1 1150 274.9700 162.9900
2.0796900392e+00 2.4736672774e+00 -6.6171700115e+00
202 175 109
2 0 1293 187.8500 192.8500 1 1138 238.7400 178.2800
2.3314431354e+00 2.2377197281e+00 -5.8188752964e+00
209 105 52
3 0 1294 230.4400 190.8800 1 1153 281.1400 156.7500 2 2626 282.4500 118.1800
2.3255294292e+00 2.2345993672e+00 -5.8034304176e+00
209 105 52
2 0 1295 230.4400 190.8800 1 1154 281.1400 156.7500
2.3237835514e+00 2.2560996980e+00 -5.9526430674e+00
206 39 58
2 0 1298 225.7100 189.3000 1 1152 275.7800 158.4100
1.8774387212e+00 2.5759185739e+00 -7.3702088759e+00
188 169 111
2 0 1299 155.8000 185.6100 1 1373 205.9500 185.8300
2.3313567136e+00 2.2036211065e+00 -5.9194648497e+00
207 40 55
2 0 1300 227.3600 185.6300 1 1156 276.7000 153.8100
1.8439971477e+00 2.4857465383e+00 -7.4409968171e+00
190 164 105
3 0 1303 152.4900 178.0200 1 1136 200.2800 179.2200 2 2610 171.0600 134.9000
1.8439971477e+00 2.4857465383e+00 -7.4409968171e+00
190 164 105
3 0 1304 152.4900 178.0200 1 1137 200.2800 179.2200 2 2611 171.0600 134.9000
2.3979721201e+00 1.9132188682e+00 -5.7024443202e+00
211 46 56
3 0 1312 240.1700 165.4700 1 1175 284.8100 127.4600 2 2646 288.3700 90.8400
2.4229950193e+00 1.8120102224e+00 -5.6403437073e+00
206 49 61
3 0 1318 244.5600 157.7600 1 1181 287.2400 118.0900 2 2653 292.1800 82.2700
5.0543946161e-01 1.7622690367e+00 -7.3634563792e+00
181 124 141
2 0 1341 57.1400 129.4600 1 1166 95.7300 142.7600
2.5735213290e+00 1.3170543567e+00 -5.3425602099e+00
212 42 59
2 0 1346 268.9600 118.5600 1 1212 301.7400 69.7600
-5.5939656552e+00 3.4301811048e+00 -1.9403120685e+01
30 11 15
2 0 1350 -193.0800 112.0800 1 1350 -161.9300 229.3100
-6.8319686810e+00 3.0327231894e+00 -1.8194863692e+01
83 61 59
2 0 1358 -244.7500 105.3700 1 1102 -215.6600 226.6600
-1.5836940869e+00 3.2349242700e+00 -1.9426606386e+01
11 11 13
2 0 1364 -62.5300 104.6200 1 1122 -30.2700 201.9900
-1.5106297220e+00 2.9675684798e+00 -1.9694008146e+01
10 9 15
2 0 1371 -60.0700 94.7400 1 1129 -28.9800 192.0200
2.6303109744e+00 1.0364746161e+00 -5.1709342772e+00
219 39 67
2 0 1372 281.1900 95.0200 1 1231 307.7100 41.7200
2.0718063704e+00 1.2464326270e+00 -7.0454137415e+00
110 58 15
2 0 1375 177.4500 92.5700 1 1202 207.5700 83.9000
-5.8898398685e+00 2.6076023923e+00 -1.8926774349e+01
33 24 29
2 0 1381 -206.7600 87.4500 1 1117 -178.7700 204.3900
-6.3959469955e+00 2.3918833663e+00 -1.7545074029e+01
28 23 23
2 0 1382 -236.6900 86.0900 1 1120 -209.1800 203.5300
-6.4904507838e+00 2.3124916645e+00 -1.7534596153e+01
79 62 65
2 0 1388 -240.2100 83.3200 1 1124 -212.9700 201.1400
-1.4092637343e+00 8.4837323436e-01 -5.3020894826e+00
228 180 195
2 0 1393 -99.5000 82.1400 1 1445 -66.4700 85.3200
-7.3627150294e+00 1.7430448260e+00 -1.7528245917e+01
10 10 11
2 0 1407 -271.2600 63.2000 1 1134 -246.4700 184.8000
-7.1462317351e+00 1.5386519741e+00 -1.7430438892e+01
6 5 10
2 0 1413 -265.0800 56.1400 1 1384 -240.4700 176.4100
-5.8024881284e+00 1.6091189525e+00 -1.8424538800e+01
97 86 105
2 0 1415 -208.4700 55.5800 1 1143 -183.8200 170.4800
1.0983039414e+00 5.9734656423e-01 -5.2777644711e+00
162 107 121
2 0 1416 138.6700 55.4600 1 898 161.9300 25.4700
-6.7212366897e-01 6.4937897292e-01 -6.3162128505e+00
163 130 145
2 0 1417 -29.6100 54.6100 1 849 -2.5400 66.2100
-2.0999733965e+00 4.7560996146e-01 -5.5951134178e+00
235 180 193
2 0 1424 -161.5900 44.9000 1 1215 -131.5800 63.3400
-2.1335232351e+00 3.6588458161e-01 -5.6036540532e+00
216 138 155
2 0 1432 -164.6100 34.7300 1 1223 -135.7400 54.0600
-6.0607049245e+00 7.8772904251e-01 -1.6312500419e+01
36 27 29
2 0 1435 -238.3600 30.8600 1 1164 -215.9400 143.4000
-1.2646146063e+00 2.8657376378e-01 -5.3597695035e+00
79 41 62
2 0 1438 -85.9500 27.7500 1 888 -59.8000 31.7800
-1.2616636507e+00 2.4312448347e-01 -5.3794738855e+00
211 157 172
2 0 1439 -85.6300 23.5200 1 892 -59.9300 28.0800
-1.2194219795e+00 1.6938424486e-01 -5.4322619176e+00
215 162 173
2 0 1444 -81.2300 16.3600 1 902 -56.8600 21.6400
-1.5435662070e+00 1.2232194891e-01 -5.3493464642e+00
13 25 73
2 0 1449 -112.8900 12.2600 1 1243 -87.7400 20.5700
-1.6361703029e+00 8.4005584838e-02 -5.3609645512e+00
17 23 68
3 0 1450 -121.8400 9.9300 1 1244 -96.8200 18.8400 2 2680 -58.4400 34.2100
2.4550269913e+00 6.6012767606e-02 -6.0348834829e+00
92 53 7
2 0 1453 234.7000 3.8300 1 957 243.4100 -23.6900
6.3493616373e-02 3.5674300358e-02 -6.3272779703e+00
156 17 25
2 0 1454 31.3600 2.4900 1 1251 49.1500 7.7000
-1.4644856124e+00 5.6987169192e-03 -5.3461278531e+00
175 225 255
2 0 1455 -105.4900 1.0300 1 1249 -81.8500 8.8700
2.5058464329e+00 -4.5332742183e-03 -6.1113797549e+00
199 170 52
2 0 1457 236.1300 -2.1600 1 962 243.8700 -28.3400
-1.4879532677e+00 -2.8854189674e-02 -5.3563251839e+00
166 220 255
2 0 1458 -107.8000 -2.2900 1 1254 -84.2100 6.2700
-1.3294388333e+00 -2.9285877836e-02 -5.4287594569e+00
218 162 173
2 0 1459 -92.2000 -2.4400 1 920 -69.0500 5.3500
-2.0065917159e-01 -3.8497725933e-02 -6.3394574488e+00
137 6 14
2 0 1462 9.2900 -3.5600 1 1255 26.7700 5.2300
-2.0065917159e-01 -3.8497725933e-02 -6.3394574488e+00
137 6 14
2 0 1463 9.2900 -3.5600 1 1256 26.7700 5.2300
-1.8095977025e+00 -5.4286714720e-02 -5.3777519939e+00
222 155 171
2 0 1465 -137.9300 -4.4400 1 1250 -114.2200 8.7600
2.4619501286e+00 -8.7108531277e-02 -6.1254341289e+00
201 174 56
2 0 1470 232.2500 -9.0100 1 1269 238.5100 -33.9600
-1.3972526241e+00 -2.1295015061e-01 -5.3941364445e+00
175 121 141
2 0 1477 -99.4500 -19.9600 1 939 -77.3100 -10.6600
-6.5606207647e+00 -6.5543123103e-01 -1.5689564721e+01
7 6 5
2 0 1479 -265.3500 -24.8300 1 1198 -247.8100 89.5300
-6.4638892786e+00 -7.4598304803e-01 -1.5682711973e+01
113 108 137
2 0 1480 -261.9300 -28.4900 1 1444 -244.2700 85.4700
-6.1370960802e+00 -7.8533171346e-01 -1.5573971598e+01
73 60 75
2 0 1482 -250.0600 -30.2300 1 1206 -233.6000 81.6600
-1.4774009284e+00 -3.4835038004e-01 -5.4025688519e+00
87 49 68
2 0 1485 -106.2600 -32.6000 1 458 -87.0300 -21.4100
2.7142433063e+00 -3.6497678416e-01 -5.4202706058e+00
204 174 60
2 0 1490 278.2200 -35.0400 1 1280 275.5100 -75.2400
2.1882111999e+00 -1.0659433886e+00 -7.4410039170e+00
138 116 31
2 0 1502 175.9400 -78.6400 1 1278 172.6700 -73.7100
1.9298713334e+00 -1.3352684150e+00 -8.3674894873e+00
12 10 11
3 0 1503 140.3500 -89.7700 1 986 137.7400 -69.9100 2 2467 74.7900 -126.4300
2.2575520869e+00 -1.3037820264e+00 -7.3693989179e+00
159 140 47
2 0 1504 182.3000 -96.4300 1 1290 175.0400 -91.4600
1.9548608657e+00 -1.5534666192e+00 -8.3818102638e+00
11 9 12
2 0 1507 141.7000 -103.9100 1 1285 136.1400 -82.8200
1.7500593732e+00 -1.7897094358e+00 -8.9801291312e+00
65 62 71
3 0 1512 119.4500 -113.0000 1 1005 113.6700 -83.2800 2 2766 37.2700 -145.1300
1.7683653795e+00 -2.1147149160e+00 -8.9633293960e+00
115 105 123
3 0 1519 120.6200 -133.8100 1 1297 111.1300 -101.9500 2 2775 33.5300 -165.9600
1.8612422655e+00 -2.1009534550e+00 -8.8401473818e+00
111 106 123
2 0 1520 128.0200 -134.1200 1 1025 118.1600 -104.3600
1.8612422655e+00 -2.1009534550e+00 -8.8401473818e+00
111 106 123
2 0 1521 128.0200 -134.1200 1 1024 118.1600 -104.3600
1.8591340699e+00 -2.1478052338e+00 -8.6750797427e+00
119 115 131
2 0 1522 130.2500 -139.1300 1 1301 119.5100 -110.4800
-1.4166236722e+00 -3.1082381358e+00 -1.3202393453e+01
85 42 23
3 0 1523 -67.7200 -142.3000 1 1274 -68.4600 -59.2400 2 2756 -223.0900 -130.5200
1.8798292372e+00 -2.2215261282e+00 -8.6551160955e+00
126 122 149
2 0 1524 131.8000 -144.0600 1 1304 120.0800 -115.2600
1.8798292372e+00 -2.2215261282e+00 -8.6551160955e+00
126 122 149
2 0 1525 131.8000 -144.0600 1 1303 120.0800 -115.2600
-7.7773118561e-01 -3.3394759508e+00 -1.3246092984e+01
34 11 12
2 0 1529 -38.4500 -152.3900 1 1277 -42.0500 -72.5300
-1.4451692165e+00 -3.3539832732e+00 -1.3249538119e+01
17 13 11
3 0 1530 -69.1000 -153.0800 1 985 -70.7000 -69.0600 2 2482 -228.1100 -141.7000
2.5465966118e-01 -2.6983963291e+00 -1.0154456484e+01
85 72 82
2 0 1531 19.9700 -154.2800 1 1292 13.3600 -98.2100
-4.8091549947e-01 -3.0044418061e+00 -1.1237314042e+01
18 14 15
2 0 1535 -23.2000 -157.8600 1 1288 -27.8800 -89.1300
-3.1650584860e+00 -4.3869269266e+00 -1.3978485474e+01
123 44 23
2 0 1548 -142.0100 -190.2600 1 1289 -145.2500 -90.0300
-2.3010593288e+00 -4.7243746478e+00 -1.3674661478e+01
14 13 14
3 0 1558 -105.7400 -208.5200 1 1031 -113.2900 -112.1300 2 2786 -291.2500 -197.3900
-1.7183198542e+00 -5.2851013115e+00 -1.4597219109e+01
31 28 19
3 0 1564 -77.7100 -220.1100 1 1039 -88.0900 -123.6200 2 2535 -269.8500 -213.3900
2.3120477013e+00 2.3328705726e+00 -5.8712546355e+00
198 103 45
2 0 1583 226.9000 197.5900 1 1390 279.4800 165.4100
2.3544600070e+00 2.2844539938e+00 -5.7719204946e+00
213 37 55
2 0 1584 233.9700 195.7800 1 1393 285.4400 160.7400
2.0731710614e+00 2.4308615775e+00 -6.8028487750e+00
197 144 53
2 0 1588 182.7900 185.7000 1 1387 232.3300 174.2800
2.0731710614e+00 2.4308615775e+00 -6.8028487750e+00
197 144 53
2 0 1589 182.7900 185.7000 1 1386 232.3300 174.2800
2.3606248442e+00 2.0621451865e+00 -5.8166913668e+00
214 40 66
2 0 1593 233.2100 175.8600 1 1408 280.2300 141.1300
2.4236160628e+00 1.7385242610e+00 -5.6978997349e+00
212 162 175
3 0 1601 242.7700 149.9800 1 1424 283.6400 111.9900 2 2852 287.2700 76.1400
2.4236160628e+00 1.7385242610e+00 -5.6978997349e+00
212 162 175
3 0 1602 242.7700 149.9800 1 1425 283.6400 111.9900 2 2853 287.2700 76.1400
2.4132324764e+00 1.6807135205e+00 -5.7639593761e+00
211 49 64
3 0 1607 239.5900 144.3800 1 1426 279.5600 106.6600 2 2856 281.0700 71.6400
2.4902408279e+00 1.6472908313e+00 -5.5627855136e+00
213 46 61
2 0 1608 253.3200 144.6500 1 1427 292.5000 102.0400
2.4970053958e+00 1.5692092150e+00 -5.4911809878e+00
210 43 68
3 0 1609 256.6200 138.6400 1 1431 294.3700 94.6300 2 2864 302.1900 61.3000
2.4467471096e+00 1.5672296626e+00 -5.6892148260e+00
210 49 69
3 0 1613 244.9800 135.8600 1 1430 282.7300 96.4400 2 2863 286.0300 61.1300
2.5246200775e+00 1.4864525914e+00 -5.4351755926e+00
212 44 65
2 0 1617 260.9800 132.4800 1 1443 297.3700 86.4200
2.5561565344e+00 1.2649161419e+00 -5.3719624238e+00
208 170 181
2 0 1638 266.2100 113.4100 1 1455 298.1700 65.6300
2.5561565344e+00 1.2649161419e+00 -5.3719624238e+00
208 170 181
2 0 1639 266.2100 113.4100 1 1456 298.1700 65.6300
2.6134122489e+00 1.1687084466e+00 -5.2375594152e+00
216 40 60
2 0 1646 276.7800 106.4200 1 1460 306.3500 54.7300
-6.4294321387e+00 3.1831505683e+00 -1.9209161863e+01
85 79 101
2 0 1648 -221.8400 105.1700 1 1547 -192.1700 225.8000
2.6298085218e+00 1.0954582839e+00 -5.1645091949e+00
219 41 63
2 0 1653 281.1300 100.5600 1 1465 309.4400 46.9700
4.2597590463e-01 1.1527644050e+00 -6.4048728171e+00
163 24 44
2 0 1659 61.7400 94.5600 1 1600 92.7300 93.7800
-5.8125974638e+00 2.7987682507e+00 -1.9037928880e+01
13 13 17
2 0 1660 -203.3400 93.2600 1 1361 -174.4300 210.2300
-6.9887776726e+00 2.5217644695e+00 -1.7511915378e+01
48 46 58
2 0 1662 -257.9700 90.9000 1 1359 -230.1200 211.5300
-6.9887776726e+00 2.5217644695e+00 -1.7511915378e+01
48 46 58
2 0 1663 -257.9700 90.9000 1 1360 -230.1200 211.5300
-6.2552912141e+00 2.3040359057e+00 -1.7488055841e+01
97 85 100
2 0 1670 -232.3600 83.1900 1 1368 -205.0300 199.7300
-6.7309298314e+00 1.8093615815e+00 -1.6711268638e+01
37 40 52
2 0 1677 -258.0800 68.3800 1 1374 -232.6800 185.7400
2.1914995506e+00 6.8663030105e-01 -6.8585700944e+00
108 67 56
2 0 1682 190.6500 51.3000 1 1234 212.1400 39.1900
9.7777323427e-01 4.6118192117e-01 -5.2720997691e+00
179 124 138
2 0 1686 127.7000 42.7800 1 1475 148.6600 14.7800
-1.3601485418e+00 3.6567616450e-01 -5.3271914610e+00
207 159 171
2 0 1690 -95.4300 35.5100 1 1469 -67.6700 39.9200
8.9424850692e-01 3.1934985171e-01 -5.3429588545e+00
173 126 136
2 0 1692 118.5000 29.1400 1 1482 137.0300 4.4600
-1.0656324280e+00 2.9588730203e-01 -5.4580470398e+00
146 95 110
2 0 1693 -66.2500 28.1500 1 1238 -41.2900 31.2600
-6.0499665112e+00 5.5828081561e-01 -1.6256246009e+01
43 32 33
2 0 1694 -238.6800 22.1800 1 1414 -217.0600 134.5100
-6.6516277173e+00 3.5670624473e-01 -1.5987663327e+01
6 3 5
2 0 1698 -264.8100 14.8400 1 1415 -243.7700 129.9300
-5.4989664355e+00 1.6868700831e-01 -1.6729163253e+01
77 73 95
2 0 1702 -213.3500 6.9400 1 1420 -193.4400 117.1400
-1.2551574931e+00 3.6835779735e-02 -5.3632813848e+00
207 151 162
2 0 1705 -85.2200 3.8800 1 1477 -62.1500 9.0800
-2.3507614633e-01 1.7012715674e-02 -6.3231920483e+00
204 33 59
3 0 1707 6.7300 1.0900 1 1478 24.6200 9.8200 2 2711 31.6900 -6.8900
2.4763029992e+00 -1.4986843521e-02 -6.1656775798e+00
88 50 8
2 0 1708 231.7500 -3.0500 1 1268 240.1400 -27.7800
-1.3617838293e+00 -1.2218799567e-01 -5.3755040660e+00
221 160 174
2 0 1711 -95.6400 -11.2700 1 1487 -73.6400 -3.4700
-1.6839651612e+00 -1.3590731763e-01 -5.3899435290e+00
188 125 148
2 0 1712 -125.9600 -12.3100 1 1485 -103.4100 -0.0400
-3.8727342498e-01 -1.9062586018e-01 -6.3016223523e+00
148 10 23
2 0 1716 -6.3300 -16.3000 1 1488 9.9800 -5.1500
-6.5475939171e+00 -6.3967473002e-01 -1.5677735859e+01
6 6 5
2 0 1719 -265.0500 -24.2400 1 1438 -247.3400 90.0400
-1.3281438485e+00 -2.6896446400e-01 -5.3779828890e+00
93 48 62
2 0 1721 -91.6800 -25.1200 1 1263 -73.2500 -16.9700
-1.6439689217e+00 -2.7079148061e-01 -5.3421789091e+00
163 108 130
2 0 1722 -122.7400 -25.3300 1 1261 -101.9000 -13.5400
2.0845491590e-01 -3.2815676651e-01 -6.1235721651e+00
120 6 14
2 0 1725 45.3800 -28.6700 1 1267 57.2700 -26.4900
2.5589823607e+00 -8.0055784284e-01 -5.8716341560e+00
192 164 54
3 0 1744 247.9700 -70.9900 1 1506 240.1000 -95.5900 2 2913 236.5300 -135.3700
2.2363288429e+00 -9.8918071545e-01 -7.2366685909e+00
152 127 42
2 0 1745 184.0000 -74.6400 1 1502 180.9800 -73.4100
2.2363288429e+00 -9.8918071545e-01 -7.2366685909e+00
152 127 42
2 0 1746 184.0000 -74.6400 1 1501 180.9800 -73.4100
2.3043881165e+00 -1.2622997257e+00 -7.1179705216e+00
173 149 38
3 0 1751 191.4400 -95.5600 1 1505 183.8300 -94.9800 2 2919 147.3500 -146.2300
1.5784063125e+00 -1.9260806880e+00 -9.4339569771e+00
69 70 86
3 0 1755 103.1300 -117.1100 1 1282 97.6300 -80.9700 2 2917 12.6800 -144.7800
2.0491884514e+00 -1.8679751593e+00 -8.1333595676e+00
21 14 15
2 0 1759 151.8100 -127.4400 1 1510 141.5200 -107.6300
2.0491884514e+00 -1.8679751593e+00 -8.1333595676e+00
21 14 15
2 0 1760 151.8100 -127.4400 1 1509 141.5200 -107.6300
-1.3378318483e+00 -3.4038623575e+00 -1.3264800153e+01
82 47 21
3 0 1769 -64.0800 -155.3600 1 1499 -66.5200 -71.3000 2 2918 -223.1600 -145.1300
-1.2124941024e+00 -3.5882561102e+00 -1.3298112693e+01
82 41 17
3 0 1773 -58.0800 -163.0900 1 1281 -62.3200 -79.4700 2 2772 -219.3400 -155.0500
-1.9513646647e+00 -4.3154219975e+00 -1.3547856821e+01
15 15 20
3 0 1777 -90.8300 -192.4900 1 1508 -97.0400 -100.2600 2 2930 -267.6700 -181.6700
-2.0954360875e+00 -4.5516272971e+00 -1.3715213215e+01
13 13 18
2 0 1780 -96.6900 -200.7100 1 1300 -103.3000 -106.5700
-1.6190899049e+00 -5.4267082088e+00 -1.4804083714e+01
10 9 14
3 0 1784 -73.2300 -223.0500 1 1308 -84.1600 -126.0300 2 2792 -267.0700 -217.5500
1.1458518253e+00 -3.7490889273e+00 -9.4940182938e+00
107 81 89
2 0 1785 75.4400 -224.2000 1 1525 54.5100 -171.9000
2.0909557745e+00 2.4284712054e+00 -6.6221086163e+00
193 174 116
3 0 1797 188.4100 189.2400 1 1570 238.6900 174.9400 2 2952 224.9900 131.5100
2.0909557745e+00 2.4284712054e+00 -6.6221086163e+00
193 174 116
3 0 1798 188.4100 189.2400 1 1569 238.6900 174.9400 2 2951 224.9900 131.5100
2.3219439440e+00 1.9876347559e+00 -5.9515296883e+00
211 45 60
3 0 1802 225.5600 167.4300 1 1413 271.0400 135.3300 2 2961 269.3700 97.0000
2.4969786252e+00 1.4028322711e+00 -5.5800191570e+00
211 47 63
3 0 1816 253.1700 123.1100 1 1604 287.8000 80.6800 2 2982 293.2400 46.4200
-1.8415904368e+00 3.5433811528e+00 -1.9938794357e+01
85 80 105
3 0 1820 -69.7600 112.2500 1 1552 -36.9800 211.7700 2 2948 -199.5100 153.4200
2.5834175621e+00 1.1726682125e+00 -5.3188577148e+00
188 137 140
2 0 1822 270.8200 105.7200 1 1618 300.6200 56.4400
2.5834175621e+00 1.1726682125e+00 -5.3188577148e+00
188 137 140
2 0 1823 270.8200 105.7200 1 1619 300.6200 56.4400
-6.1463397988e+00 3.1204135168e+00 -1.9141902470e+01
31 26 31
2 0 1824 -213.1200 103.4300 1 1549 -183.6200 222.5200
-1.9020162195e+00 1.0852413027e+00 -5.7205014579e+00
189 210 245
2 0 1828 -140.9000 99.3700 1 1593 -105.0100 116.4400
-7.2792255743e+00 1.7996826962e+00 -1.7855105886e+01
6 5 5
2 0 1835 -264.7600 64.0800 1 1563 -239.4000 185.7500
-7.2792255743e+00 1.7996826962e+00 -1.7855105886e+01
6 5 5
2 0 1836 -264.7600 64.0800 1 1564 -239.4000 185.7500
-2.2266450716e+00 6.0824002203e-01 -5.6646757768e+00
242 184 197
2 0 1838 -171.6000 56.7700 1 1449 -140.7900 77.5700
-6.9904945023e+00 1.2120450957e+00 -1.7026981580e+01
5 6 1
2 0 1840 -264.4200 45.3700 1 1573 -240.7000 164.1000
-6.6157335383e+00 8.2744160488e-01 -1.6348778062e+01
44 47 61
2 0 1844 -258.7500 32.4300 1 1576 -236.3400 147.9900
-5.9433619669e+00 6.8570981625e-01 -1.7039139549e+01
5 13 24
2 0 1845 -226.5300 25.8700 1 1581 -204.6300 138.9700
-5.9196293280e+00 6.1144493803e-01 -1.6325431917e+01
107 98 117
2 0 1846 -232.9800 24.0900 1 1582 -211.2000 135.8500
-6.4591906958e+00 2.9748858062e-02 -1.5971908859e+01
58 61 78
2 0 1855 -257.7700 2.1100 1 1591 -237.8700 116.1500
-6.4591906958e+00 2.9748858062e-02 -1.5971908859e+01
58 61 78
2 0 1856 -257.7700 2.1100 1 1592 -237.8700 116.1500
-8.1603210994e-01 2.8990493488e-02 -6.0877564628e+00
25 15 21
2 0 1857 -43.0700 2.4300 1 1474 -21.4300 14.4100
-1.4354955245e+00 -8.9299419954e-02 -5.3413527053e+00
207 147 163
3 0 1860 -102.4900 -8.2800 1 1486 -80.5800 -0.4600 2 2884 -41.4900 10.0600
2.4705587126e-01 -2.6169568501e-01 -6.0770300149e+00
195 30 54
2 0 1861 49.1200 -23.1300 1 1633 61.8900 -22.5600
2.4705587126e-01 -2.6169568501e-01 -6.0770300149e+00
195 30 54
2 0 1862 49.1200 -23.1300 1 1634 61.8900 -22.5600
2.6798548854e+00 -4.0585668714e-01 -5.3566875266e+00
201 174 52
2 0 1865 277.6500 -39.0800 1 1643 274.3000 -79.9200
2.6798548854e+00 -4.0585668714e-01 -5.3566875266e+00
201 174 52
2 0 1866 277.6500 -39.0800 1 1644 274.3000 -79.9200
-7.4335535206e+00 -1.7097566243e+00 -1.8673656096e+01
56 47 62
2 0 1873 -261.5300 -56.6700 1 1612 -248.0900 66.3600
-7.4591396182e+00 -1.9416926416e+00 -1.9232886043e+01
5 7 4
2 0 1875 -256.1700 -62.7400 1 1458 -244.1400 60.9800
2.2304914329e+00 -1.1385894944e+00 -7.5690139991e+00
143 122 40
2 0 1877 176.4800 -82.7100 1 1503 171.5800 -76.1300
2.2909724832e+00 -1.1136376866e+00 -6.9889863504e+00
128 88 50
2 0 1878 193.7500 -86.0000 1 1647 187.9000 -87.8600
2.3873385479e+00 -1.2627284491e+00 -6.9078756938e+00
177 152 50
3 0 1880 202.6400 -97.7300 1 1649 194.0600 -101.0500 2 3024 161.9200 -150.8500
1.1809557399e-01 -2.3735562954e+00 -1.0596508483e+01
46 40 48
2 0 1886 10.5800 -131.2800 1 1500 7.9900 -73.3000
-1.3857654029e+00 -3.1467057735e+00 -1.3258554504e+01
83 42 17
2 0 1887 -66.0100 -143.5800 1 1641 -67.3000 -60.5700
-2.6439562148e+00 -4.1190793591e+00 -1.4064832259e+01
126 42 21
2 0 1890 -119.5000 -178.0500 1 1735 -121.5200 -81.5700
-3.2106526609e+00 -4.2090810578e+00 -1.4184381169e+01
121 44 19
2 0 1891 -143.0000 -180.4200 1 1645 -144.4900 -80.1300
2.2593216882e+00 -3.9263896730e+00 -1.2431063581e+01
48 47 67
2 0 1892 105.6000 -187.1600 1 1516 87.9700 -127.6100
7.6084803053e-01 -3.5083560478e+00 -9.3454323429e+00
132 112 124
2 0 1895 54.1500 -213.1700 1 1653 36.2600 -160.4400
3.2927254746e+00 -3.5272093113e+00 -8.7441425196e+00
110 103 91
2 0 1898 215.6700 -222.0900 1 1657 183.0900 -194.4100
2.3600771482e+00 1.8709500778e+00 -5.8645492421e+00
203 50 55
3 0 1910 231.4600 159.0500 1 1687 275.0500 124.9300 2 2963 275.1400 86.9700
2.5064539410e+00 1.7691339508e+00 -5.4903361316e+00
216 41 61
2 0 1911 257.4000 156.7700 1 1692 298.9300 112.3100
-6.9152846223e+00 2.8646463774e+00 -1.7898123522e+01
6 6 8
2 0 1917 -250.8600 101.0900 1 1664 -222.1700 222.2400
-6.2703355380e+00 2.9133409112e+00 -1.8887259494e+01
93 85 109
2 0 1918 -219.5300 97.8300 1 1667 -190.6200 216.9600
-6.7530826660e+00 2.3935900735e+00 -1.7373638250e+01
8 8 8
2 0 1922 -251.0800 86.9700 1 1669 -223.8100 206.0100
4.0777908390e-01 1.0449888494e+00 -6.3346852214e+00
228 201 209
2 0 1923 60.3600 86.3300 1 1696 91.2700 84.7800
-6.6325802482e+00 2.3110832663e+00 -1.7723718216e+01
80 55 56
2 0 1924 -243.3200 82.4700 1 1671 -216.0900 201.2700
5.1142110867e-01 1.0027499538e+00 -6.4337728280e+00
83 1 5
2 0 1925 67.5200 81.6900 1 1603 97.8000 80.6700
-7.4616470692e+00 2.2824834798e+00 -1.7921361318e+01
68 62 75
2 0 1926 -269.7500 80.7700 1 1670 -243.4700 203.8600
-3.8968993572e-01 8.9836650500e-01 -6.3376006985e+00
73 70 88
2 0 1927 -7.0800 74.8100 1 1699 25.1900 83.2200
-1.8838530449e-01 7.2439072842e-01 -6.2370400670e+00
61 5 9
2 0 1931 10.9200 60.9600 1 1613 39.2600 65.4500
-7.2592145201e+00 1.1322459728e+00 -1.7111541337e+01
63 61 74
2 0 1937 -272.9700 42.3300 1 1677 -249.8900 162.4500
2.3260801437e+00 3.8281733287e-01 -6.0187437974e+00
177 125 127
2 0 1943 225.0100 30.7700 1 1716 239.5500 2.7600
-6.2321687788e+00 6.9344509430e-01 -1.6361573652e+01
104 78 84
2 0 1948 -244.3500 27.2200 1 1684 -222.2200 140.7400
-5.2757631670e-01 3.0400840737e-01 -6.2260912384e+00
43 8 12
2 0 1949 -17.2400 25.7900 1 1620 4.8300 35.1600
-5.2757631670e-01 3.0400840737e-01 -6.2260912384e+00
43 8 12
2 0 1950 -17.2400 25.7900 1 1621 4.8300 35.1600
2.7624322267e+00 1.3943772891e-01 -5.0852151199e+00
195 182 78
2 0 1952 296.6300 11.1200 1 1726 303.1800 -41.5000
-8.2291743547e-01 1.2436092700e-01 -6.0346547198e+00
180 165 182
2 0 1953 -43.3900 10.8300 1 1709 -21.0700 21.5700
-4.3162903938e-01 9.9420750962e-02 -6.3828151984e+00
100 2 7
2 0 1955 -9.6800 8.1600 1 1627 9.4100 19.6000
2.4555372429e+00 -9.8118514156e-01 -6.4492462560e+00
184 159 42
2 0 1977 220.6400 -80.5600 1 1742 214.1800 -93.2800
-1.1441041691e+00 -3.7524082746e+00 -1.3289062046e+01
11 11 13
3 0 1981 -55.0800 -171.1300 1 1646 -60.2700 -86.7900 2 3026 -217.8100 -163.4300
-2.1323872542e+00 -3.9071784925e+00 -1.3504365695e+01
15 15 17
3 0 1982 -99.0900 -175.0300 1 1736 -102.6100 -83.8700 2 3077 -272.0400 -159.8600
-2.2517183501e+00 -4.1871454135e+00 -1.3601739485e+01
13 12 17
3 0 1984 -104.0100 -186.1400 1 1741 -108.6000 -92.9900 2 3080 -282.0400 -171.5300
-2.8201171356e+00 -4.5173789825e+00 -1.3919618835e+01
128 42 17
2 0 1986 -127.9200 -196.7300 1 1648 -131.4700 -97.9200
-2.3726508379e+00 -4.4550479109e+00 -1.3676387971e+01
18 18 18
3 0 1987 -109.0500 -196.9900 1 1743 -114.5500 -101.8700 2 3084 -291.8500 -182.6100
-3.2840603158e+00 -4.8249784992e+00 -1.3809695718e+01
127 52 31
2 0 1990 -148.4600 -211.1500 1 1745 -153.0700 -108.6300
-6.5834792466e+00 2.5984181580e+00 -1.7646567669e+01
90 69 68
2 0 2011 -242.1300 92.9600 1 1754 -214.0200 211.7600
3.2874580622e-01 9.4318037417e-01 -6.4245806186e+00
63 2 2
2 0 2015 51.8600 76.9600 1 1700 83.2800 78.1600
-1.5655728592e+00 -9.3092667609e-02 -5.3448021738e+00
159 189 233
3 0 2024 -115.7500 -8.6200 1 1717 -91.8700 1.4500 2 3112 -55.4900 13.2300
-5.9489285160e+00 -6.8358044513e-01 -1.5388355490e+01
120 94 94
2 0 2029 -245.1100 -26.5700 1 1697 -227.7800 83.9700
2.5691267990e+00 -6.6666187536e-01 -6.0664211729e+00
192 166 47
3 0 2036 242.0000 -56.8800 1 1783 238.1800 -81.3500 2 3128 228.0200 -121.6100
1.9793442165e+00 -1.5979093292e+00 -8.2748217285e+00
16 15 13
3 0 2039 144.9100 -107.1600 1 1739 138.9100 -88.5900 2 3130 76.0700 -146.2400
4.3128650552e-02 -2.6247972698e+00 -1.0382288840e+01
13 13 13
2 0 2044 7.0700 -147.4900 1 1784 2.4000 -88.8600
2.2370382455e+00 2.3490318845e+00 -6.0810780976e+00
207 39 56
2 0 2052 214.2800 194.2600 1 1802 266.4000 167.4000
2.2123597726e+00 1.8100548441e+00 -6.3657696268e+00
198 146 48
2 0 2054 205.0500 145.0600 1 1812 245.5700 122.8800
2.2123597726e+00 1.8100548441e+00 -6.3657696268e+00
198 146 48
2 0 2055 205.0500 145.0600 1 1813 245.5700 122.8800
-4.8170642411e-01 5.4590796624e-01 -6.2082709310e+00
186 33 55
2 0 2066 -14.3800 46.1900 1 1861 13.1800 54.2500
-7.7593580658e-01 2.7745551996e-01 -6.2656315832e+00
93 1 7
2 0 2067 -38.5100 23.5600 1 1822 -15.8900 36.6200
-7.4371605692e+00 3.7982318350e-01 -1.6415493552e+01
6 6 8
2 0 2068 -288.9100 15.5000 1 1809 -267.6900 135.4000
-1.5632922120e+00 3.6785354285e-02 -5.3165845376e+00
13 21 29
3 0 2070 -115.3000 3.8900 1 1824 -90.9200 12.8500 2 3161 -50.1800 27.7000
-1.5632922120e+00 3.6785354285e-02 -5.3165845376e+00
13 21 29
3 0 2071 -115.3000 3.8900 1 1825 -90.9200 12.8500 2 3162 -50.1800 27.7000
2.3413422526e+00 -8.6170405481e-01 -6.8826138887e+00
177 155 44
3 0 2078 200.2300 -67.2100 1 1834 197.7500 -73.4300 2 3177 167.9500 -120.8400
2.5341866797e+00 -1.0536956993e+00 -6.0866478947e+00
187 162 46
2 0 2080 238.1000 -89.9500 1 1837 227.9300 -108.9300
2.3052516332e+00 -1.4005041851e+00 -7.0469190194e+00
173 148 45
2 0 2084 193.2900 -106.9300 1 1836 183.0200 -105.9200
2.0441125451e+00 3.0288856723e+00 -7.1265277918e+00
194 174 115
2 0 2087 173.5800 223.1200 1 1846 229.6800 219.4400
1.5179883625e-01 4.3065603722e-02 -6.3051461668e+00
79 0 3
3 0 2104 39.2400 3.0900 1 1826 56.5800 5.8900 2 3168 63.6500 -12.6800
-7.2877633462e+00 4.8430646099e-02 -1.6998165649e+01
58 51 69
2 0 2105 -275.9700 2.8100 1 1854 -256.0500 122.6600
-7.2877633462e+00 4.8430646099e-02 -1.6998165649e+01
58 51 69
2 0 2106 -275.9700 2.8100 1 1853 -256.0500 122.6600
-6.3615940678e+00 -4.0506045068e-01 -1.5717448894e+01
6 6 6
2 0 2109 -257.3000 -15.0100 1 1857 -238.7900 98.2200
2.6147059351e+00 -1.3831133922e-01 -5.5392821165e+00
201 169 70
2 0 2110 264.9800 -14.3000 1 1869 268.2500 -52.5400
2.4319183656e+00 -7.5595058402e-01 -6.1012605313e+00
189 161 51
2 0 2114 229.3000 -65.1100 1 1873 225.7400 -85.3000
2.6036492937e+00 -8.8256450626e-01 -5.9352806789e+00
30 12 0
2 0 2117 249.1900 -76.9600 1 1874 240.3100 -100.9800
-1.2070320947e+00 -3.3695581182e+00 -1.3193092656e+01
76 33 14
3 0 2122 -57.9800 -154.5400 1 1872 -61.2700 -71.1700 2 3206 -215.4200 -145.9100
-5.8486021308e+00 -2.9429224544e-01 -1.5699188223e+01
108 95 112
2 0 2138 -237.4100 -10.7800 1 1882 -218.8700 99.5500
2.5623911679e+00 -8.2914682426e-02 -6.0194848300e+00
207 176 61
3 0 2139 243.9500 -9.7100 1 1866 249.1000 -36.2200 2 3194 242.2800 -74.1100
-3.6016836837e-01 -2.5085923774e+00 -1.1287703883e+01
9 9 11
2 0 2140 -16.9100 -131.6100 1 1871 -18.0700 -65.7900
1.6532273564e+00 -3.5230299269e-01 -6.5042016552e+00
144 92 109
2 0 2148 158.4000 -29.6100 1 1884 163.0200 -37.4900
-1.2919546743e+00 4.5989284062e-03 -5.4224587792e+00
202 144 162
2 0 2158 -88.3900 0.8000 1 1911 -65.5400 7.7300
-1.5791351653e-02 -3.1040402989e+00 -1.0266609669e+01
14 14 17
2 0 2163 4.6200 -175.4900 1 1916 -5.2400 -114.4700
8.5163046997e-01 5.8616477505e-01 -5.6053963461e+00
206 146 160
2 0 2166 109.3300 52.3700 1 1921 132.9100 32.6700
2.1181482961e+00 -2.5201629496e+00 -8.3690765347e+00
144 140 166
2 0 2179 151.2800 -167.1300 1 1933 134.2700 -140.7400
2.2952797033e+00 4.5688298066e+00 -1.2157179695e+01
94 82 100
2 0 40 112.0900 217.8900 2 1491 66.5100 194.2800
1.7573985874e+00 5.0469829795e+00 -1.3817285037e+01
54 48 62
2 0 44 74.0300 216.3300 2 176 14.9600 207.6200
8.9074187054e-01 5.8792062208e+00 -1.6620121147e+01
32 27 41
2 0 49 26.0200 215.6100 2 1395 -52.4200 224.6600
1.9049385827e+00 4.7695670356e+00 -1.3419301691e+01
97 93 112
2 0 59 83.2300 209.7300 2 1483 25.3900 197.3200
1.1764174532e+00 5.3904151774e+00 -1.5650331057e+01
35 29 38
2 0 63 40.4400 208.0600 2 1433 -33.8200 212.1600
6.6342980297e-01 5.7734437679e+00 -1.7539843442e+01
53 51 66
2 0 72 15.1800 202.1300 2 129 -72.5400 215.5400
1.3616699156e+00 5.0150173732e+00 -1.5327668331e+01
43 37 49
2 0 78 49.1300 196.9700 2 1481 -26.1000 198.1900
1.2418211554e-01 5.2828387719e+00 -1.7002724356e+01
8 32 66
2 0 89 -3.0100 190.8400 2 161 -90.4100 210.3800
2.2362303878e+00 4.0842216417e+00 -1.2706553629e+01
56 47 58
2 0 100 104.1500 187.8300 2 1551 45.8800 168.5500
2.2630924036e+00 3.9898801230e+00 -1.2653048431e+01
93 82 98
2 0 107 105.8200 184.4200 2 421 47.0500 164.0400
2.0726913675e-01 4.7500512293e+00 -1.7131522217e+01
15 13 26
2 0 122 -0.3900 170.6900 2 297 -94.3000 188.8100
-4.0814305212e+00 4.2019322344e+00 -2.0725620159e+01
31 21 30
2 0 192 -137.2300 128.7800 2 243 -272.5700 195.7800
2.5480015270e+00 1.3314163359e+00 -5.3895510505e+00
233 176 198
2 0 198 264.9400 119.2800 2 1773 307.8100 39.7500
-1.9751797355e+00 1.0880418312e+00 -5.6149792431e+00
191 196 228
2 0 227 -149.2200 101.3200 2 1578 -73.6500 155.6600
2.6879512353e+00 4.4502006405e-01 -5.2836455742e+00
176 149 32
2 0 345 281.6300 39.2000 2 1006 306.8100 -39.9300
2.6879512353e+00 4.4502006405e-01 -5.2836455742e+00
176 149 32
2 0 346 281.6300 39.2000 2 1007 306.8100 -39.9300
-2.1322425302e+00 4.1181796388e-01 -5.5814943455e+00
238 166 183
2 0 347 -164.8900 38.8500 2 1701 -109.7700 88.1900
-6.1731943915e-01 3.6521281276e-01 -6.2183114664e+00
183 154 174
2 0 356 -25.3200 30.8500 2 1778 12.4100 34.8100
-6.1731943915e-01 3.6521281276e-01 -6.2183114664e+00
183 154 174
2 0 357 -25.3200 30.8500 2 1779 12.4100 34.8100
2.6215477705e+00 1.2172381186e-02 -5.6776925322e+00
204 176 56
2 0 436 260.4300 -0.5600 2 1899 268.1900 -71.7800
-1.3003652657e-01 -2.8973530651e-01 -6.1605870837e+00
105 2 6
2 0 485 16.0700 -25.1300 2 1000 40.0400 -38.8600
2.7086412250e+00 -3.3063024941e-01 -5.3391715707e+00
148 146 105
2 0 495 280.7900 -32.3100 2 1175 288.8100 -106.8400
-3.4363430664e+00 -1.3042411452e+00 -1.4781344533e+01
10 11 15
2 0 517 -148.5700 -54.0300 2 901 -306.3000 -7.6400
-8.0563747985e-01 -1.1954044206e+00 -1.2522788404e+01
31 40 59
2 0 518 -39.4600 -57.5900 2 1027 -160.3200 -44.3900
-8.0563747985e-01 -1.1954044206e+00 -1.2522788404e+01
31 40 59
2 0 520 -39.4600 -57.5900 2 1028 -160.3200 -44.3900
-3.2214532194e+00 -1.5264603051e+00 -1.4863744089e+01
6 6 6
2 0 537 -139.1500 -62.9000 2 935 -298.4600 -20.6200
-3.1112264494e+00 -1.7671692469e+00 -1.4978937168e+01
9 9 9
2 0 560 -133.9300 -72.4100 2 979 -296.0800 -32.7500
5.9775125224e-02 -1.5128499792e+00 -1.2628413978e+01
30 28 24
2 0 561 1.6900 -72.7100 2 1121 -121.7700 -70.0500
5.9775125224e-02 -1.5128499792e+00 -1.2628413978e+01
30 28 24
2 0 562 1.6900 -72.7100 2 1122 -121.7700 -70.0500
1.7667837063e-01 -1.5289679292e+00 -1.2632132323e+01
26 25 21
2 0 563 7.2300 -73.6000 2 1128 -116.2300 -72.0300
1.7667837063e-01 -1.5289679292e+00 -1.2632132323e+01
26 25 21
2 0 564 7.2300 -73.6000 2 1129 -116.2300 -72.0300
-2.2214860571e+00 -1.8469859766e+00 -1.5113819234e+01
7 7 9
2 0 568 -96.8100 -75.3600 2 1033 -254.5700 -45.6900
2.5826234634e+00 -8.6908013441e-01 -5.8361607218e+00
52 36 0
2 0 573 250.7400 -76.4400 2 1983 238.4900 -142.4300
-3.1758130725e+00 -2.1670982660e+00 -1.5102137320e+01
8 8 9
2 0 589 -135.8900 -88.1100 2 1884 -304.2000 -50.1200
2.2393455055e+00 -1.4742140020e+00 -7.4028138052e+00
33 15 0
2 0 608 179.9700 -108.2900 2 2003 127.2000 -155.6800
1.8058760044e+00 -2.1714028254e+00 -8.9180118825e+00
115 106 126
2 0 657 123.4700 -137.6000 2 2024 36.0600 -171.0800
1.8183668106e+00 -2.2024243356e+00 -8.8942159134e+00
124 105 122
2 0 666 124.5600 -139.9200 2 2031 36.9800 -173.5200
1.6746634259e+00 -2.3089806666e+00 -9.2935698461e+00
99 18 29
2 0 671 110.3100 -141.4700 2 2027 15.7200 -171.9400
-2.2224209303e+00 -3.2534456599e+00 -1.3435754203e+01
120 59 57
2 0 678 -103.5600 -146.9800 2 2466 -268.1800 -126.5800
1.8334091448e+00 -2.4251053317e+00 -8.9310022471e+00
140 120 141
2 0 688 124.7600 -153.4600 2 2039 33.1000 -187.0500
-1.8922381057e+00 -3.8702331700e+00 -1.3477310836e+01
63 62 78
2 0 703 -88.5200 -173.6800 2 2010 -258.8800 -160.7000
-1.8922381057e+00 -3.8702331700e+00 -1.3477310836e+01
63 62 78
2 0 704 -88.5200 -173.6800 2 2011 -258.8800 -160.7000
-1.7898141095e+00 -4.1794012007e+00 -1.3550346134e+01
17 16 21
2 0 718 -83.6900 -186.4900 2 1285 -257.6500 -176.0100
-2.3110343765e+00 -4.6454152905e+00 -1.3758681184e+01
58 57 65
2 0 745 -105.9800 -203.7500 2 2520 -291.0400 -191.8700
1.7517324908e+00 3.1346548056e+00 -7.1843544803e+00
189 166 60
2 0 812 150.3900 229.7600 2 2165 188.2100 185.5600
-2.2701157495e-01 5.7185627854e+00 -1.7100766432e+01
11 16 35
2 0 834 -15.7100 205.5200 2 2098 -99.6100 230.0900
7.4553100849e-02 5.5582130630e+00 -1.6885417941e+01
2 31 67
2 0 838 -4.5600 201.9500 2 1401 -88.0600 222.0900
1.8787828333e+00 2.4801825026e+00 -7.3598793477e+00
187 146 60
2 0 857 156.2200 179.4600 2 2612 176.6500 133.8600
1.8787828333e+00 2.4801825026e+00 -7.3598793477e+00
187 146 60
2 0 858 156.2200 179.4600 2 2613 176.6500 133.8600
1.4210485365e-01 4.8542194765e+00 -1.7065990564e+01
48 34 49
2 0 860 -2.5300 174.7900 2 1489 -94.8600 194.2300
-2.6453521654e+00 5.3770989603e+00 -2.1064204425e+01
81 52 60
2 0 880 -92.0100 161.6900 2 2123 -213.4500 213.7400
-1.9886790020e+00 9.0955388638e-01 -5.7228130792e+00
27 55 110
2 0 959 -148.8600 82.9300 2 1620 -83.9000 135.9400
4.8038697072e-05 -6.2203896888e-02 -6.3592938365e+00
190 25 44
2 0 1081 25.7900 -5.7100 2 1855 47.2300 -19.2400
-2.2706291570e+00 -1.3946142072e+00 -1.4945357096e+01
8 33 55
2 0 1128 -99.3900 -57.4000 2 2388 -250.8800 -25.2600
-2.1898660327e+00 -1.4543155938e+00 -1.4966569902e+01
3 36 66
2 0 1132 -95.9900 -59.8000 2 1861 -247.8600 -28.8400
-2.1898660327e+00 -1.4543155938e+00 -1.4966569902e+01
3 36 66
2 0 1133 -95.9900 -59.8000 2 1862 -247.8600 -28.8400
-2.3241752647e+00 -1.4675796507e+00 -1.5023607014e+01
7 13 18
2 0 1134 -101.2800 -60.3800 2 1859 -254.5100 -27.4700
-7.7121214214e-01 -1.2642316483e+00 -1.2544378732e+01
13 19 41
2 0 1137 -37.8200 -60.8100 2 1881 -159.7000 -48.2900
2.6016609894e+00 -9.1147771164e-01 -5.7948090800e+00
192 172 53
2 0 1156 253.7400 -80.8700 2 2489 241.3200 -146.6100
1.6011511039e+00 -1.7638379025e+00 -9.3458883577e+00
60 52 61
2 0 1169 105.6700 -108.1500 2 2475 18.9200 -136.3000
1.6901408416e+00 -2.1423428577e+00 -9.2294559680e+00
107 101 124
2 0 1194 112.1900 -132.0300 2 2504 21.0200 -162.8800
1.6901408416e+00 -2.1423428577e+00 -9.2294559680e+00
107 101 124
2 0 1196 112.1900 -132.0300 2 2503 21.0200 -162.8800
2.0739207070e+00 -2.0012391400e+00 -8.1215962233e+00
26 14 30
2 0 1201 153.6200 -136.3300 2 2513 80.2500 -177.3600
-9.3118871117e-01 -3.3670242195e+00 -1.3240971965e+01
60 16 14
2 0 1214 -45.4500 -153.7400 2 2491 -201.7700 -147.4200
-2.2136028772e+00 -4.3879243584e+00 -1.3681149777e+01
71 70 82
2 0 1235 -102.0500 -193.7800 2 2514 -282.6500 -180.9500
-2.2136028772e+00 -4.3879243584e+00 -1.3681149777e+01
71 70 82
2 0 1236 -102.0500 -193.7800 2 2515 -282.6500 -180.9500
-2.9038372336e-01 5.5410140257e+00 -1.6935573096e+01
8 28 61
2 0 1286 -17.9300 201.1300 2 2107 -102.0500 226.1300
1.8185439733e+00 4.4212849583e+00 -1.3880881102e+01
83 77 96
2 0 1297 76.1200 189.3500 2 2575 9.2200 179.6100
2.3939777744e+00 1.8334795832e+00 -5.7550685048e+00
213 176 187
2 0 1316 238.2800 157.5000 2 2650 283.3500 84.3700
2.3939777744e+00 1.8334795832e+00 -5.7550685048e+00
213 176 187
2 0 1317 238.2800 157.5000 2 2651 283.3500 84.3700
-1.9947932197e+00 9.5652529351e-01 -5.6592869701e+00
252 251 251
2 0 1377 -150.3900 88.2500 2 2602 -81.0800 141.9200
-1.9947932197e+00 9.5652529351e-01 -5.6592869701e+00
252 251 251
2 0 1378 -150.3900 88.2500 2 2603 -81.0800 141.9200
2.4111632802e+00 8.0493976301e-01 -6.2305784578e+00
161 128 33
2 0 1405 224.9200 64.6900 2 2708 237.2500 1.2000
2.4111632802e+00 8.0493976301e-01 -6.2305784578e+00
161 128 33
2 0 1406 224.9200 64.6900 2 2709 237.2500 1.2000
-1.5364363465e+00 1.7133081717e-01 -5.3320899254e+00
145 192 234
2 0 1443 -112.3200 16.6700 2 2675 -43.9900 42.4400
-1.5680459787e+00 -3.6415831518e-01 -5.3978520898e+00
120 80 101
2 0 1489 -115.0000 -34.1800 2 2717 -65.8600 -17.1300
-2.3774817591e+00 -1.6687734196e+00 -1.5025857313e+01
6 6 5
2 0 1501 -103.5200 -68.3100 2 2728 -259.5500 -36.3400
-2.8845791355e+00 -2.6250623215e+00 -1.5279877053e+01
5 5 4
2 0 1509 -123.1300 -105.2900 2 2903 -295.7200 -73.6100
-1.3377926647e+00 -3.5524785090e+00 -1.3329266483e+01
16 12 15
2 0 1537 -63.8600 -161.0400 2 2771 -225.4800 -151.9300
-6.6324012350e-02 4.8272208640e+00 -1.7170512208e+01
57 41 57
2 0 1595 -10.2500 173.1500 2 2809 -103.7700 195.1000
-4.0722385197e-01 5.6185354124e-01 -6.3043636974e+00
208 41 71
2 0 1683 -7.6300 46.9400 2 2674 31.1100 47.3500
2.5502044319e+00 -5.3173039166e-01 -6.0028872479e+00
56 34 13
2 0 1736 242.7800 -46.6900 2 2752 233.4500 -111.0700
-2.4260482594e+00 -1.5458895715e+00 -1.4980420591e+01
0 47 88
2 0 1742 -105.6800 -63.4900 2 2894 -260.2300 -30.2900
2.1956821957e+00 -1.0394203651e+00 -7.4857395816e+00
126 109 33
2 0 1747 175.4600 -75.7500 2 2909 128.9700 -122.9200
1.7667288861e+00 -1.8625277954e+00 -8.8903485772e+00
81 75 89
2 0 1756 121.6700 -118.0400 2 2921 39.6800 -151.8900
2.2953789839e+00 2.2264980734e+00 -6.0104876030e+00
175 103 115
2 0 1800 221.5900 185.6500 2 2956 268.3200 116.6100
2.5241723988e+00 1.3915377832e+00 -5.4680710466e+00
194 145 162
2 0 1812 259.8500 123.5400 2 2983 302.1200 45.3500
-1.7874914664e+00 2.1440521027e-01 -5.3785032501e+00
230 170 181
2 0 1847 -135.7800 20.9100 2 2977 -71.4700 55.4000
-3.7798498032e-01 2.2534202383e-01 -6.2253419344e+00
193 30 49
2 0 1848 -4.9700 18.2300 2 2695 28.9900 16.0100
-1.7165917975e+00 -2.8577587979e+00 -1.3193975226e+01
15 15 14
2 0 1884 -81.4200 -130.9700 2 3017 -235.5100 -114.6100
4.6872743048e-01 5.8970832743e+00 -1.7500606494e+01
13 13 19
2 0 1905 8.5900 206.5300 2 2935 -77.5500 223.2500
3.0421153639e-01 8.1912848024e-01 -6.3388906624e+00
198 30 55
2 0 1930 51.7500 67.0200 2 2980 91.2800 52.0800
-2.0029721599e+00 1.0345195228e+00 -5.6940656213e+00
18 19 27
2 0 2009 -150.5500 95.0500 2 3151 -80.7900 149.8800
2.4654082097e+00 -7.1585736871e-01 -6.3664169241e+00
182 157 48
2 0 2037 224.3600 -59.5900 2 3072 204.3800 -119.0500
2.4192417902e+00 -1.3027262916e+00 -6.5202699197e+00
175 152 50
2 0 2040 215.6900 -105.9600 2 3133 182.2000 -161.0900
-1.6760428026e+00 -3.0035842108e+00 -1.3244784218e+01
15 13 18
2 0 2120 -79.3900 -138.1100 2 3178 -235.4000 -121.1000
2.3588745568e+00 3.8303975243e+00 -1.2354078949e+01
47 39 52
2 1 14 162.2100 228.2800 2 1576 55.7600 157.7100
1.9157544907e+00 3.8461892924e+00 -1.3819502258e+01
54 41 45
2 1 18 126.1300 224.7000 2 467 7.7000 154.4500
-3.7022888860e+00 3.4655983976e+00 -1.9729996499e+01
78 69 88
2 1 32 -98.0300 219.7000 2 1538 -265.2400 173.8300
-3.0726779411e+00 3.4796054375e+00 -1.9807144784e+01
31 28 33
2 1 38 -77.2600 216.7500 2 413 -242.5400 166.2500
2.1680462951e+00 3.3695363332e+00 -1.3090846406e+01
59 43 56
2 1 63 140.7600 203.9500 2 1624 26.5400 134.9500
2.1680462951e+00 3.3695363332e+00 -1.3090846406e+01
59 43 56
2 1 64 140.7600 203.9500 2 1625 26.5400 134.9500
-2.4514615754e+00 3.1509752367e+00 -1.9637726728e+01
58 56 78
2 1 65 -58.9700 203.2200 2 484 -223.2300 148.7800
-1.6877767875e+00 3.0034441445e+00 -1.9647907459e+01
13 13 16
2 1 97 -34.7700 194.3300 2 1623 -197.9500 134.9900
8.9541191814e-01 1.7149843977e+00 -7.2652016369e+00
126 97 39
2 1 196 124.9000 134.3600 2 600 108.3900 104.3800
-1.6760523761e+00 1.0381974132e+00 -1.7700279261e+01
80 73 95
2 1 203 -46.3000 128.8100 2 1730 -208.2700 71.1800
2.1957335202e+00 1.8428336267e+00 -6.5912339871e+00
183 141 64
2 1 209 238.1500 126.3500 2 1708 222.8200 85.8200
-1.7009500948e+00 9.2423975382e-01 -1.7676174890e+01
93 81 99
2 1 211 -47.8300 124.9100 2 719 -210.3300 67.1300
-1.2793586430e+00 9.7565948415e-01 -1.7676909358e+01
100 75 83
2 1 212 -32.6300 124.3500 2 735 -193.5000 64.3900
-1.0801889596e+00 3.2640528341e-01 -1.7208462683e+01
36 29 33
2 1 245 -29.3600 99.4200 2 1774 -189.9500 37.5700
2.5188153572e+00 1.4142809585e+00 -5.5080298069e+00
223 167 175
2 1 286 292.4700 80.7100 2 776 299.5400 47.3800
-1.6234662701e+00 1.0422262709e-01 -5.3957868778e+00
21 36 86
2 1 383 -95.1300 21.3200 2 1776 -57.6100 36.9100
2.2793347716e+00 -8.9926348740e-01 -7.1759654304e+00
130 112 43
2 1 506 186.4200 -68.9900 2 1938 150.0200 -117.9100
1.6980014484e+00 -1.8479392356e+00 -9.1187306090e+00
73 55 60
2 1 532 108.4800 -83.5200 2 1989 29.3500 -145.9400
1.7836398190e+00 -1.9776993231e+00 -8.9636788358e+00
55 45 54
2 1 560 113.6300 -94.4300 2 2007 36.6000 -157.5800
1.2653431103e-01 -3.5810252376e+00 -1.0399787673e+01
80 63 60
2 1 612 -1.2200 -136.5100 2 2064 -116.9200 -214.2900
-3.5934578186e+00 3.5751993888e+00 -1.9837534125e+01
72 59 69
2 1 698 -93.6700 222.4800 2 1535 -260.3000 175.4600
-2.1732484001e+00 3.7474413809e+00 -1.9980584431e+01
50 41 59
2 1 700 -46.6300 220.5000 2 422 -208.8800 163.5200
2.1595988386e+00 3.6626378177e+00 -1.3014436437e+01
43 36 42
2 1 703 143.5400 218.4900 2 2213 31.2600 148.2600
-4.3383504310e+00 2.8774662213e+00 -1.9363940072e+01
32 20 16
2 1 715 -123.1900 204.5000 2 1563 -294.7800 163.2600
-3.4892976258e+00 2.9777019459e+00 -1.9432021013e+01
31 23 18
2 1 721 -94.5000 203.5000 2 1577 -261.9400 156.0300
-2.0720022629e+00 3.1802972747e+00 -1.9627010513e+01
60 58 83
2 1 724 -46.4700 202.2900 2 1602 -209.5000 145.4300
-1.6410400376e+00 2.8990674311e+00 -1.9591445014e+01
48 41 48
2 1 734 -33.7800 190.7300 2 2236 -197.0900 131.2300
-6.7577034284e-01 9.2784499393e-01 -1.7657042056e+01
21 12 18
2 1 795 -11.5700 119.2200 2 1750 -170.9400 55.9800
2.4348621752e+00 6.8466654770e-01 -6.1666990288e+00
152 120 22
2 1 894 249.2600 27.6700 2 2374 240.1400 -8.9900
2.5622347452e+00 1.4833169926e-01 -5.8788293753e+00
195 168 57
2 1 955 258.3200 -21.3800 2 2413 254.8100 -57.0100
2.6150355476e+00 -9.2424151734e-02 -5.7220945624e+00
194 168 62
2 1 973 262.9700 -44.5700 2 2439 263.0100 -79.6800
2.2598280238e+00 -8.4573340644e-01 -7.2026758778e+00
89 73 23
2 1 983 185.3800 -64.7100 2 2454 148.6200 -113.2400
2.4225778853e+00 -7.2480443320e-01 -6.5738708660e+00
159 136 44
2 1 988 212.8300 -71.7100 2 2753 190.7100 -115.5200
1.5861265135e+00 -1.8227946553e+00 -9.4610337325e+00
62 52 55
2 1 994 98.9200 -74.9700 2 2479 14.0100 -138.1100
1.9170992414e+00 -2.3267672635e+00 -8.6326920083e+00
130 122 137
2 1 1038 121.3900 -122.9500 2 2783 48.2900 -186.6600
-4.0526437770e+00 3.5180367578e+00 -1.9842913436e+01
70 61 78
2 1 1104 -108.6200 222.5900 2 2177 -277.7100 179.2500
-3.0930305482e+00 3.6021402782e+00 -1.9814296705e+01
69 63 76
2 1 1105 -77.4600 221.0800 2 2190 -241.9500 170.4200
-4.4718443250e+00 2.8449647601e+00 -1.9333372216e+01
37 23 16
2 1 1118 -127.9200 204.1900 2 2200 -300.2000 163.9000
-9.0023981535e-01 9.3240377827e-01 -1.7708922124e+01
29 32 53
2 1 1180 -19.4700 120.7000 2 2322 -179.7000 58.5400
-2.5223544879e+00 3.6832219241e+00 -1.9999137996e+01
48 49 70
2 1 1357 -58.0600 219.9600 2 2584 -221.7300 165.4700
-3.0634543599e+00 3.1516834621e+00 -1.9540490192e+01
12 12 12
2 1 1364 -79.3800 206.9000 2 2594 -244.7600 156.3100
-1.5157561837e+00 2.5283233444e+00 -1.9383637760e+01
30 31 51
2 1 1379 -31.6800 178.2200 2 2624 -195.3100 118.0300
2.5042801734e+00 1.4920019075e+00 -5.5315798775e+00
178 123 131
2 1 1441 291.8200 88.1200 2 2868 298.5500 54.0300
2.5042801734e+00 1.4920019075e+00 -5.5315798775e+00
178 123 131
2 1 1442 291.8200 88.1200 2 2869 298.5500 54.0300
5.2622612165e-01 5.3153853399e-01 -6.1352808189e+00
186 33 53
2 1 1470 95.9800 39.1100 2 2691 111.5200 20.7100
-2.8910597272e+00 3.0074164465e+00 -1.9546927883e+01
55 60 80
2 1 1555 -74.2400 200.9600 2 2823 -240.1200 149.4700
-1.7468545930e+00 3.1404767785e+00 -1.9692986013e+01
53 55 78
2 1 1557 -35.9400 198.9900 2 2826 -198.9000 140.1300
-1.6415249747e+00 2.1294945131e+00 -1.9336483023e+01
5 6 6
2 1 1572 -37.7700 165.5500 2 2844 -203.5000 105.9500
-9.1064709904e-01 1.1071960298e+00 -1.7811262382e+01
88 53 67
2 1 1584 -18.8700 126.9900 2 2858 -178.9300 65.0900
2.4467285153e+00 1.6606612204e+00 -5.6515778793e+00
173 104 125
2 1 1597 286.0700 103.7400 2 2974 289.9200 69.9500
1.9887791328e+00 -1.6070359477e+00 -8.2910469147e+00
19 14 17
2 1 1740 138.9100 -88.5900 2 3131 76.0700 -146.2400
-1.6316516203e+00 1.8150350090e-01 -5.3661625391e+00
116 144 188
2 1 1775 -95.0700 27.6500 2 3110 -55.1400 46.1900
-1.9909953556e+00 -3.6341385584e+00 -1.3483591422e+01
16 14 17
2 1 1782 -95.2300 -73.6700 2 3132 -260.9900 -148.0000
2.3944845387e+00 -1.2924466850e+00 -6.4933981710e+00
170 146 41
2 1 1786 203.2200 -113.6400 2 3134 182.2000 -161.0900
-3.3091537199e+00 3.4255911526e+00 -1.9780200926e+01
79 75 96
2 1 1797 -85.4000 216.4300 2 3093 -251.4200 167.2000
-3.3091537199e+00 3.4255911526e+00 -1.9780200926e+01
79 75 96
2 1 1798 -85.4000 216.4300 2 3094 -251.4200 167.2000
