# Bundle file v0.3
3 158
6.5061867863e+02 -9.5250309149e-02 -9.2724057882e-03
9.9999417892e-01 -2.5943056738e-03 -2.2162351482e-03
2.5815035213e-03 9.9998007896e-01 -5.7599927431e-03
2.2311341804e-03 5.7542379949e-03 9.9998095521e-01
-1.3634881599e-02 -2.5154362133e-02 9.8181376868e-02
6.5905749349e+02 -1.0759213167e-01 1.3291436585e-02
9.1051008491e-01 2.4562333768e-01 3.3262675969e-01
-2.4786041617e-01 9.6811127671e-01 -3.6411124807e-02
-3.3096313900e-01 -4.9292310747e-02 9.4235538345e-01
9.7453455813e-01 -1.2706115484e-01 2.1633061749e-01
0 0 0
0 0 0
0 0 0
0 0 0
0 0 0
7.1186074412e-01 1.0521366599e+00 -3.0618479072e+00
106 86 22
2 0 25 151.9200 226.1600 1 1527 189.0100 181.2600
8.6630264130e-01 1.6678458525e+00 -5.0322851804e+00
94 82 100
2 0 40 112.0900 217.8900 1 1491 66.5100 194.2800
6.5168002174e-01 1.8845942792e+00 -5.7271705014e+00
54 48 62
2 0 44 74.0300 216.3300 1 176 14.9600 207.6200
2.8193389085e-01 2.2847283116e+00 -6.9798608340e+00
32 27 41
2 0 49 26.0200 215.6100 1 1395 -52.4200 224.6600
7.1037174863e-01 1.7704255515e+00 -5.5570163380e+00
97 93 112
2 0 59 83.2300 209.7300 1 1483 25.3900 197.3200
4.0699151550e-01 2.0643505014e+00 -6.5324195814e+00
35 29 38
2 0 63 40.4400 208.0600 1 1433 -33.8200 212.1600
1.7511107832e-01 2.2719353902e+00 -7.4128280975e+00
53 51 66
2 0 72 15.1800 202.1300 1 129 -72.5400 215.5400
4.8183398484e-01 1.9104253484e+00 -6.3885074542e+00
43 37 49
2 0 78 49.1300 196.9700 1 1481 -26.1000 198.1900
-2.9187476116e-02 2.0569297209e+00 -7.1204570517e+00
8 32 66
2 0 89 -3.0100 190.8400 1 161 -90.4100 210.3800
8.3807697839e-01 1.4990601656e+00 -5.2581402299e+00
56 47 58
2 0 100 104.1500 187.8300 1 1551 45.8800 168.5500
8.4813861831e-01 1.4629610759e+00 -5.2357448539e+00
93 82 98
2 0 107 105.8200 184.4200 1 421 47.0500 164.0400
-1.1711901189e-03 1.8499778959e+00 -7.1814888422e+00
15 13 26
2 0 122 -0.3900 170.6900 1 297 -94.3000 188.8100
9.3562030043e-01 6.2611124599e-01 -2.5513717174e+00
198 52 74
2 0 140 241.2800 160.9700 1 1705 288.2200 86.7000
-1.1970639783e+00 1.6698690095e+00 -8.5798881082e+00
8 7 6
2 0 191 -91.4100 129.5100 1 1528 -218.8000 179.0200
-1.8415936343e+00 1.7043161193e+00 -8.7589474665e+00
31 21 30
2 0 192 -137.2300 128.7800 1 243 -272.5700 195.7800
9.8255018153e-01 4.4647132515e-01 -2.4449746481e+00
233 176 198
2 0 198 264.9400 119.2800 1 1773 307.8100 39.7500
-1.1953749176e+00 1.4813010914e+00 -8.3913511826e+00
65 56 74
2 0 200 -93.4000 117.7300 1 409 -222.9000 166.9900
-5.2498455269e-01 3.7438119507e-01 -2.4126446631e+00
191 196 228
2 0 227 -149.2200 101.3200 1 1578 -73.6500 155.6600
-7.7850640459e-01 1.2332477915e+00 -8.2931559276e+00
12 10 19
2 0 235 -61.6000 99.5300 1 533 -192.2900 136.9200
1.0268455191e+00 1.4997424386e-01 -2.4084433693e+00
176 149 32
2 0 345 281.6300 39.2000 1 1006 306.8100 -39.9300
1.0268455191e+00 1.4997424386e-01 -2.4084433693e+00
176 149 32
2 0 346 281.6300 39.2000 1 1007 306.8100 -39.9300
-5.7742898258e-01 1.5113699728e-01 -2.3952625139e+00
238 166 183
2 0 347 -164.8900 38.8500 1 1701 -109.7700 88.1900
-9.1209517929e-02 1.3125332485e-01 -2.6491758201e+00
183 154 174
2 0 356 -25.3200 30.8500 1 1778 12.4100 34.8100
-9.1209517929e-02 1.3125332485e-01 -2.6491758201e+00
183 154 174
2 0 357 -25.3200 30.8500 1 1779 12.4100 34.8100
9.8166700208e-01 6.6881899184e-02 -2.6015726457e+00
166 136 25
2 0 403 249.6100 15.1400 1 1887 257.5400 -53.2200
-3.4869656063e-01 6.1467123094e-02 -2.3287499073e+00
132 148 193
2 0 405 -103.9200 14.0400 1 796 -36.1700 36.7400
1.0010316810e+00 4.8908783504e-03 -2.5415468184e+00
204 176 56
2 0 436 260.4300 -0.5600 1 1899 268.1900 -71.7800
1.0097166829e+00 -3.6696025208e-03 -2.5138901757e+00
165 137 35
2 0 443 265.5500 -3.0500 1 1901 274.3800 -75.1800
1.0097166829e+00 -3.6696025208e-03 -2.5138901757e+00
165 137 35
2 0 444 265.5500 -3.0500 1 1902 274.3800 -75.1800
-3.6787400353e-01 -2.2167398490e-02 -2.3246728714e+00
234 219 242
2 0 457 -109.6300 -10.0600 1 1807 -49.5100 9.6400
7.0399656421e-02 -8.8982998589e-02 -2.6381554248e+00
105 2 6
2 0 485 16.0700 -25.1300 1 1000 40.0400 -38.8600
1.0307732794e+00 -1.0892147356e-01 -2.4251663276e+00
148 146 105
2 0 495 280.7900 -32.3100 1 1175 288.8100 -106.8400
-1.3314047265e+00 -4.9015040178e-01 -5.8873480545e+00
10 11 15
2 0 517 -148.5700 -54.0300 1 901 -306.3000 -7.6400
-2.9806658424e-01 -4.4160295421e-01 -5.0290215977e+00
31 40 59
2 0 518 -39.4600 -57.5900 1 1027 -160.3200 -44.3900
-2.9806658424e-01 -4.4160295421e-01 -5.0290215977e+00
31 40 59
2 0 520 -39.4600 -57.5900 1 1028 -160.3200 -44.3900
-1.2558742849e+00 -5.7490114620e-01 -5.9294280329e+00
6 6 6
2 0 537 -139.1500 -62.9000 1 935 -298.4600 -20.6200
-1.2201237564e+00 -6.6669540450e-01 -5.9819900624e+00
9 9 9
2 0 560 -133.9300 -72.4100 1 979 -296.0800 -32.7500
1.3752075200e-02 -5.6280191599e-01 -5.1026088939e+00
30 28 24
2 0 561 1.6900 -72.7100 1 1121 -121.7700 -70.0500
1.3752075200e-02 -5.6280191599e-01 -5.1026088939e+00
30 28 24
2 0 562 1.6900 -72.7100 1 1122 -121.7700 -70.0500
5.6376527406e-02 -5.6935722830e-01 -5.1083953284e+00
26 25 21
2 0 563 7.2300 -73.6000 1 1128 -116.2300 -72.0300
5.6376527406e-02 -5.6935722830e-01 -5.1083953284e+00
26 25 21
2 0 564 7.2300 -73.6000 1 1129 -116.2300 -72.0300
-8.9504021099e-01 -7.0337126613e-01 -6.0761951081e+00
7 7 9
2 0 568 -96.8100 -75.3600 1 1033 -254.5700 -45.6900
9.8397204346e-01 -2.9107198660e-01 -2.5923618677e+00
52 36 0
2 0 573 250.7400 -76.4400 1 1983 238.4900 -142.4300
-1.2496954182e+00 -8.1750497985e-01 -6.0304151797e+00
8 8 9
2 0 589 -135.8900 -88.1100 1 1884 -304.2000 -50.1200
6.7224871082e-01 -5.8649305333e-01 -3.6976990333e+00
24 21 22
2 0 605 120.0400 -105.8200 1 1971 40.2700 -137.5600
8.5530153410e-01 -5.0684027392e-01 -3.1384823177e+00
33 15 0
2 0 608 179.9700 -108.2900 1 2003 127.2000 -155.6800
6.8560960512e-01 -6.2266623349e-01 -3.6715337924e+00
31 25 30
2 0 616 123.2600 -112.9700 1 1991 42.7700 -145.9500
6.8990733180e-01 -7.6233191385e-01 -3.6841478120e+00
115 106 126
2 0 657 123.4700 -137.6000 1 2024 36.0600 -171.0800
6.9439739195e-01 -7.7288714027e-01 -3.6753829044e+00
124 105 122
2 0 666 124.5600 -139.9200 1 2031 36.9800 -173.5200
6.3965826820e-01 -8.1471051295e-01 -3.8220692734e+00
99 18 29
2 0 671 110.3100 -141.4700 1 2027 15.7200 -171.9400
-8.4352937691e-01 -1.1961962635e+00 -5.3413835043e+00
120 59 57
2 0 678 -103.5600 -146.9800 1 2466 -268.1800 -126.5800
7.0879239886e-01 -8.1773373628e-01 -3.6512411606e+00
147 133 155
2 0 683 127.9200 -148.9900 1 2038 39.1100 -183.4400
6.9854966167e-01 -8.5102301337e-01 -3.6886733837e+00
140 120 141
2 0 688 124.7600 -153.4600 1 2039 33.1000 -187.0500
-7.2642321306e-01 -1.4251647385e+00 -5.3669771277e+00
63 62 78
2 0 703 -88.5200 -173.6800 1 2010 -258.8800 -160.7000
-7.2642321306e-01 -1.4251647385e+00 -5.3669771277e+00
63 62 78
2 0 704 -88.5200 -173.6800 1 2011 -258.8800 -160.7000
-6.9217883225e-01 -1.5409413429e+00 -5.3995198310e+00
17 16 21
2 0 718 -83.6900 -186.4900 1 1285 -257.6500 -176.0100
-7.1469160885e-01 -1.5546830607e+00 -5.3953705459e+00
86 83 97
2 0 720 -86.4600 -188.1800 1 2034 -261.3500 -177.5400
-8.9018592550e-01 -1.7131922387e+00 -5.4664712794e+00
58 57 65
2 0 745 -105.9800 -203.7500 1 2520 -291.0400 -191.8700
7.0609427931e-01 1.0715813241e+00 -3.0671806237e+00
189 166 60
2 0 812 150.3900 229.7600 1 2165 188.2100 185.5600
7.2506713120e-01 1.0415738091e+00 -3.0445083680e+00
196 171 72
2 0 817 155.5600 225.4900 1 2181 193.0900 178.5300
-1.6793602289e-01 2.2306853818e+00 -7.1547935924e+00
11 16 35
2 0 834 -15.7100 205.5200 1 2098 -99.6100 230.0900
-4.5131209420e-02 2.1619972547e+00 -7.0644027218e+00
2 31 67
2 0 838 -4.5600 201.9500 1 1401 -88.0600 222.0900
7.2898644396e-01 8.8423493131e-01 -3.1539265397e+00
186 143 64
2 0 853 151.8200 184.2600 1 2224 172.6700 142.8000
7.4576866146e-01 8.4878268824e-01 -3.1310466767e+00
187 146 60
2 0 857 156.2200 179.4600 1 2612 176.6500 133.8600
7.4576866146e-01 8.4878268824e-01 -3.1310466767e+00
187 146 60
2 0 858 156.2200 179.4600 1 2613 176.6500 133.8600
-2.5041745251e-02 1.8892073894e+00 -7.1477124144e+00
48 34 49
2 0 860 -2.5300 174.7900 1 1489 -94.8600 194.2300
-1.2719693742e+00 2.2078027285e+00 -9.0353730339e+00
81 52 60
2 0 880 -92.0100 161.6900 1 2123 -213.4500 213.7400
9.5552702435e-01 5.1596657737e-01 -2.5196429686e+00
227 186 197
2 0 905 249.9300 134.0700 1 2324 292.0900 58.6800
-5.3258954526e-01 3.1554591917e-01 -2.4485572900e+00
27 55 110
2 0 959 -148.8600 82.9300 1 1620 -83.9000 135.9400
9.9834985327e-01 2.0989296724e-02 -2.5505122525e+00
203 176 69
2 0 1069 258.8200 3.7500 1 2421 267.0000 -67.4000
9.9947805856e-01 -1.0930249889e-02 -2.5530895130e+00
156 126 38
2 0 1079 258.8900 -4.9300 1 2431 264.9400 -74.9900
1.1122674035e-01 -1.3849588244e-02 -2.7117825398e+00
190 25 44
2 0 1081 25.7900 -5.7100 1 1855 47.2300 -19.2400
-9.0650740859e-01 -5.3145231635e-01 -6.0038809896e+00
8 33 55
2 0 1128 -99.3900 -57.4000 1 2388 -250.8800 -25.2600
-8.7735235434e-01 -5.5448786645e-01 -6.0160225911e+00
3 36 66
2 0 1132 -95.9900 -59.8000 1 1861 -247.8600 -28.8400
-8.7735235434e-01 -5.5448786645e-01 -6.0160225911e+00
3 36 66
2 0 1133 -95.9900 -59.8000 1 1862 -247.8600 -28.8400
-9.2924538987e-01 -5.5934998028e-01 -6.0353847275e+00
7 13 18
2 0 1134 -101.2800 -60.3800 1 1859 -254.5100 -27.4700
-2.8630087010e-01 -4.6701399954e-01 -5.0387092221e+00
13 19 41
2 0 1137 -37.8200 -60.8100 1 1881 -159.7000 -48.2900
8.8501282552e-01 -3.0813123644e-01 -3.0174445102e+00
174 150 47
2 0 1148 193.9800 -69.3100 1 2462 157.4800 -120.0600
7.1103372676e-01 -4.3097725488e-01 -3.5624354494e+00
15 11 12
2 0 1154 131.9100 -80.9900 1 2457 64.7500 -115.5600
9.9049212929e-01 -3.0510115470e-01 -2.5782837929e+00
192 172 53
2 0 1156 253.7400 -80.8700 1 2489 241.3200 -146.6100
6.1516081263e-01 -6.2413355571e-01 -3.8425544056e+00
60 52 61
2 0 1169 105.6700 -108.1500 1 2475 18.9200 -136.3000
6.6142823153e-01 -6.7417191241e-01 -3.7391026294e+00
88 78 87
2 0 1183 116.7100 -119.7600 1 2496 31.3700 -151.6400
6.4634665046e-01 -7.5565206540e-01 -3.7989492677e+00
107 101 124
2 0 1194 112.1900 -132.0300 1 2504 21.0200 -162.8800
6.4634665046e-01 -7.5565206540e-01 -3.7989492677e+00
107 101 124
2 0 1196 112.1900 -132.0300 1 2503 21.0200 -162.8800
7.9093390660e-01 -6.9474741736e-01 -3.3950833817e+00
26 14 30
2 0 1201 153.6200 -136.3300 1 2513 80.2500 -177.3600
-4.0392093143e-01 -1.1833613085e+00 -5.2869650555e+00
52 12 11
2 0 1208 -50.1500 -146.9700 1 1972 -204.6600 -138.9200
-5.3738507243e-01 -1.2031352992e+00 -5.2929618913e+00
84 43 23
2 0 1209 -66.6400 -149.1600 1 2478 -224.3500 -137.8500
6.9031115040e-01 -8.3251320087e-01 -3.7006433630e+00
137 124 138
2 0 1210 122.9100 -149.4400 1 2517 31.6800 -183.0000
-3.6794987947e-01 -1.2435600312e+00 -5.3073628151e+00
60 16 14
2 0 1214 -45.4500 -153.7400 1 2491 -201.7700 -147.4200
-8.5135816049e-01 -1.6173153886e+00 -5.4383007006e+00
71 70 82
2 0 1235 -102.0500 -193.7800 1 2514 -282.6500 -180.9500
-8.5135816049e-01 -1.6173153886e+00 -5.4383007006e+00
71 70 82
2 0 1236 -102.0500 -193.7800 1 2515 -282.6500 -180.9500
7.1167006976e-01 1.0245086236e+00 -3.1075215445e+00
107 87 51
2 0 1280 149.7000 217.3800 1 2577 181.8300 173.3200
-1.8939694192e-01 2.1549016448e+00 -7.0707221320e+00
8 28 61
2 0 1286 -17.9300 201.1300 1 2107 -102.0500 226.1300
9.1025523273e-01 7.5353212189e-01 -2.5926793914e+00
209 105 52
2 0 1294 230.4400 190.8800 1 2626 282.4500 118.1800
6.7163187323e-01 1.6492286430e+00 -5.7525257007e+00
83 77 96
2 0 1297 76.1200 189.3500 1 2575 9.2200 179.6100
7.3479969441e-01 8.5269444437e-01 -3.1627827574e+00
190 164 105
2 0 1303 152.4900 178.0200 1 2610 171.0600 134.9000
7.3479969441e-01 8.5269444437e-01 -3.1627827574e+00
190 164 105
2 0 1304 152.4900 178.0200 1 2611 171.0600 134.9000
9.3053495064e-01 6.1672652089e-01 -2.5701471418e+00
213 176 187
2 0 1316 238.2800 157.5000 1 2650 283.3500 84.3700
9.3053495064e-01 6.1672652089e-01 -2.5701471418e+00
213 176 187
2 0 1317 238.2800 157.5000 1 2651 283.3500 84.3700
-5.3287997699e-01 3.3099967745e-01 -2.4268710802e+00
252 251 251
2 0 1377 -150.3900 88.2500 1 2602 -81.0800 141.9200
-5.3287997699e-01 3.3099967745e-01 -2.4268710802e+00
252 251 251
2 0 1378 -150.3900 88.2500 1 2603 -81.0800 141.9200
9.2963742799e-01 2.7176859643e-01 -2.7329755687e+00
161 128 33
2 0 1405 224.9200 64.6900 1 2708 237.2500 1.2000
9.2963742799e-01 2.7176859643e-01 -2.7329755687e+00
161 128 33
2 0 1406 224.9200 64.6900 1 2709 237.2500 1.2000
-3.7662537452e-01 7.0371375379e-02 -2.3226217387e+00
145 192 234
2 0 1443 -112.3200 16.6700 1 2675 -43.9900 42.4400
-3.8993849412e-01 -1.0622778474e-01 -2.3421156728e+00
120 80 101
2 0 1489 -115.0000 -34.1800 1 2717 -65.8600 -17.1300
-9.4963007147e-01 -6.3452202554e-01 -6.0325559624e+00
6 6 5
2 0 1501 -103.5200 -68.3100 1 2728 -259.5500 -36.3400
-1.1495311913e+00 -9.9370187261e-01 -6.1166439858e+00
5 5 4
2 0 1509 -123.1300 -105.2900 1 2903 -295.7200 -73.6100
6.7116422534e-01 -6.2967572371e-01 -3.7085195391e+00
65 62 71
2 0 1512 119.4500 -113.0000 1 2766 37.2700 -145.1300
6.7701895969e-01 -7.4304794002e-01 -3.7019415576e+00
115 105 123
2 0 1519 120.6200 -133.8100 1 2775 33.5300 -165.9600
-5.4293571952e-01 -1.1437902866e+00 -5.2681531777e+00
85 42 23
2 0 1523 -67.7200 -142.3000 1 2756 -223.0900 -130.5200
-5.1922860988e-01 -1.3100551020e+00 -5.3277054225e+00
16 12 15
2 0 1537 -63.8600 -161.0400 1 2771 -225.4800 -151.9300
-8.8243395338e-01 -1.7409651408e+00 -5.4290438030e+00
14 13 14
2 0 1558 -105.7400 -208.5200 1 2786 -291.2500 -197.3900
-1.0948313694e-01 1.8804656430e+00 -7.1876209235e+00
57 41 57
2 0 1595 -10.2500 173.1500 1 2809 -103.7700 195.1000
9.3952548777e-01 5.8333839208e-01 -2.5485260594e+00
212 162 175
2 0 1601 242.7700 149.9800 1 2852 287.2700 76.1400
9.3952548777e-01 5.8333839208e-01 -2.5485260594e+00
212 162 175
2 0 1602 242.7700 149.9800 1 2853 287.2700 76.1400
9.3639358141e-01 5.6642550584e-01 -2.5743794089e+00
211 49 64
2 0 1607 239.5900 144.3800 1 2856 281.0700 71.6400
9.6584470269e-01 5.2650227226e-01 -2.4798470124e+00
210 43 68
2 0 1609 256.6200 138.6400 1 2864 302.1900 61.3000
9.4675591866e-01 5.2634024166e-01 -2.5461075025e+00
210 49 69
2 0 1613 244.9800 135.8600 1 2863 286.0300 61.1300
-2.2162663945e-02 1.9650400160e-01 -2.6851417171e+00
208 41 71
2 0 1683 -7.6300 46.9400 1 2674 31.1100 47.3500
3.4613240658e-02 1.3624855785e-02 -2.6965033904e+00
204 33 59
2 0 1707 6.7300 1.0900 1 2711 31.6900 -6.8900
9.7329581859e-01 -1.7859915178e-01 -2.6511268399e+00
56 34 13
2 0 1736 242.7800 -46.6900 1 2752 233.4500 -111.0700
-9.6579725835e-01 -5.8767310894e-01 -6.0116094960e+00
0 47 88
2 0 1742 -105.6800 -63.4900 1 2894 -260.2300 -30.2900
9.7719335656e-01 -2.6884331496e-01 -2.6046662703e+00
192 164 54
2 0 1744 247.9700 -70.9900 1 2913 236.5300 -135.3700
8.4119960643e-01 -3.5857399810e-01 -3.1692581291e+00
126 109 33
2 0 1747 175.4600 -75.7500 1 2909 128.9700 -122.9200
8.8030366810e-01 -4.3225597707e-01 -3.0380392263e+00
173 149 38
2 0 1751 191.4400 -95.5600 1 2919 147.3500 -146.2300
6.7754368210e-01 -6.5421483923e-01 -3.6740298427e+00
81 75 89
2 0 1756 121.6700 -118.0400 1 2921 39.6800 -151.8900
-4.7244772591e-01 -1.3252383397e+00 -5.3278647887e+00
82 41 17
2 0 1773 -58.0800 -163.0900 1 2772 -219.3400 -155.0500
-7.5044500584e-01 -1.5897339433e+00 -5.3896527802e+00
15 15 20
2 0 1777 -90.8300 -192.4900 1 2930 -267.6700 -181.6700
-6.7083946570e-01 -2.0367051834e+00 -5.9269498055e+00
10 9 14
2 0 1784 -73.2300 -223.0500 1 2792 -267.0700 -217.5500
8.2353864403e-01 8.2258351848e-01 -2.8680593885e+00
193 174 116
2 0 1797 188.4100 189.2400 1 2952 224.9900 131.5100
8.2353864403e-01 8.2258351848e-01 -2.8680593885e+00
193 174 116
2 0 1798 188.4100 189.2400 1 2951 224.9900 131.5100
8.9719225782e-01 7.5096579003e-01 -2.6588276815e+00
175 103 115
2 0 1800 221.5900 185.6500 1 2956 268.3200 116.6100
9.0467442496e-01 6.6964526203e-01 -2.6367780790e+00
211 45 60
2 0 1802 225.5600 167.4300 1 2961 269.3700 97.0000
9.7435008354e-01 4.6690999163e-01 -2.4718024304e+00
194 145 162
2 0 1812 259.8500 123.5400 1 2983 302.1200 45.3500
9.6329104091e-01 4.7041523896e-01 -2.5081321296e+00
211 47 63
2 0 1816 253.1700 123.1100 1 2982 293.2400 46.4200
-9.0614366402e-01 1.4327243018e+00 -8.5149629107e+00
85 80 105
2 0 1820 -69.7600 112.2500 1 2948 -199.5100 153.4200
-4.5986424799e-01 8.5213366022e-02 -2.3330564166e+00
230 170 181
2 0 1847 -135.7800 20.9100 1 2977 -71.4700 55.4000
-1.1950170499e-02 8.3816742977e-02 -2.6568150230e+00
193 30 49
2 0 1848 -4.9700 18.2300 1 2695 28.9900 16.0100
-3.4410167544e-01 -1.5402895074e-02 -2.3294827816e+00
207 147 163
2 0 1860 -102.4900 -8.2800 1 2884 -41.4900 10.0600
9.0947906788e-01 -4.3065584992e-01 -2.9645477568e+00
177 152 50
2 0 1880 202.6400 -97.7300 1 3024 161.9200 -150.8500
-6.5133541468e-01 -1.0507693827e+00 -5.2617714270e+00
15 15 14
2 0 1884 -81.4200 -130.9700 1 3017 -235.5100 -114.6100
9.8836985281e-02 2.3189365290e+00 -7.3850162514e+00
13 13 19
2 0 1905 8.5900 206.5300 1 2935 -77.5500 223.2500
9.1629527487e-01 6.2834601089e-01 -2.6041299520e+00
203 50 55
2 0 1910 231.4600 159.0500 1 2963 275.1400 86.9700
2.1628600639e-01 2.8115533931e-01 -2.7159416487e+00
198 30 55
2 0 1930 51.7500 67.0200 1 2980 91.2800 52.0800
-4.4813000837e-01 -1.3847377274e+00 -5.3224825345e+00
11 11 13
2 0 1981 -55.0800 -171.1300 1 3026 -217.8100 -163.4300
-8.6235701442e-01 -1.5429011429e+00 -5.4108358390e+00
13 12 17
2 0 1984 -104.0100 -186.1400 1 3080 -282.0400 -171.5300
-5.3624452823e-01 3.5691475107e-01 -2.4388587257e+00
18 19 27
2 0 2009 -150.5500 95.0500 1 3151 -80.7900 149.8800
-3.8827253725e-01 -1.7055679626e-02 -2.3206297336e+00
159 189 233
2 0 2024 -115.7500 -8.6200 1 3112 -55.4900 13.2300
9.7982296934e-01 -2.2370759450e-01 -2.6758478393e+00
192 166 47
2 0 2036 242.0000 -56.8800 1 3128 228.0200 -121.6100
9.4185534689e-01 -2.4225109087e-01 -2.7761806895e+00
182 157 48
2 0 2037 224.3600 -59.5900 1 3072 204.3800 -119.0500
9.2319544999e-01 -4.4145629032e-01 -2.8271638238e+00
175 152 50
2 0 2040 215.6900 -105.9600 1 3133 182.2000 -161.0900
-3.8545372979e-01 2.5670848697e-02 -2.3146418027e+00
13 21 29
2 0 2070 -115.3000 3.8900 1 3161 -50.1800 27.7000
-3.8545372979e-01 2.5670848697e-02 -2.3146418027e+00
13 21 29
2 0 2071 -115.3000 3.8900 1 3162 -50.1800 27.7000
8.9444594084e-01 -2.9424630706e-01 -2.9539594604e+00
177 155 44
2 0 2078 200.2300 -67.2100 1 3177 167.9500 -120.8400
1.6467232442e-01 2.2962555481e-02 -2.7038795744e+00
79 0 3
2 0 2104 39.2400 3.0900 1 3168 63.6500 -12.6800
-6.3847186672e-01 -1.1050939501e+00 -5.2829437123e+00
15 13 18
2 0 2120 -79.3900 -138.1100 1 3178 -235.4000 -121.1000
-4.6589190290e-01 -1.2419270059e+00 -5.2715116346e+00
76 33 14
2 0 2122 -57.9800 -154.5400 1 3206 -215.4200 -145.9100
9.7999555082e-01 -2.8862227837e-02 -2.6582590016e+00
207 176 61
2 0 2139 243.9500 -9.7100 1 3194 242.2800 -74.1100
