# Bundle file v0.3
3 591
6.6698007000e+02 -1.0456339279e-01 2.5783538626e-02
9.9533591558e-01 2.6293981099e-02 9.2817249054e-02
-4.7859309535e-02 9.6997672681e-01 2.3844210186e-01
-8.3760979309e-02 -2.4177215722e-01 9.6671108525e-01
7.8564492771e-01 1.6189850830e+00 -9.3683405076e-01
6.6557079919e+02 -1.0494943744e-01 4.9825731694e-03
9.9864959058e-01 1.7407294035e-03 5.1922683868e-02
-1.5138984018e-03 9.9998914035e-01 -4.4076396604e-03
-5.1929792514e-02 4.3230818742e-03 9.9864138088e-01
6.1659409804e-01 -7.5295041032e-02 -1.5202242787e+00
6.6515020433e+02 -1.1204838901e-01 3.2535884405e-02
9.8800988277e-01 1.5187128713e-01 2.7777395253e-02
-1.4338565722e-01 9.6932093973e-01 -1.9964335480e-01
-5.7245304129e-02 1.9326672750e-01 9.7947483235e-01
6.7830193461e-01 -1.2523935596e+00 -1.8648545304e+00
1.8175778303e+00 2.4175996314e+00 -8.0915936555e+00
173 135 57
3 1 139 136.9700 161.3700 2 753 181.8900 169.9300 0 244 132.7700 135.6800
-1.3318110663e+00 7.7232376070e-01 -5.3969848673e+00
202 154 165
3 1 296 -96.4400 70.3100 2 298 -64.1300 73.1400 0 270 -108.5200 121.7500
-2.1023937564e+00 4.9497249312e-01 -5.7091222770e+00
221 148 163
3 1 340 -165.5100 41.6000 2 308 -135.2400 61.1000 0 329 -188.1500 86.5100
2.1125961029e+00 1.0073785816e+00 -7.2514065092e+00
81 32 8
3 1 291 175.1400 71.4500 2 304 200.6000 64.3600 0 376 177.4300 60.5800
-2.6259727664e-01 1.6047336406e-03 -6.4236909991e+00
158 10 28
3 1 445 1.6200 -3.7900 2 410 19.7400 5.6600 0 476 -6.6800 9.4900
-7.2621777636e+00 2.7619325568e+00 -1.9709625981e+01
85 69 67
3 1 250 -240.8100 87.7600 2 59 -213.1800 205.8800 0 492 -268.2300 -1.8200
2.5996092025e+00 -6.7011365523e-01 -5.9493041162e+00
60 37 5
3 1 534 250.1000 -62.3100 2 547 244.1800 -89.0700 0 550 272.5300 -55.7600
2.5996092025e+00 -6.7011365523e-01 -5.9493041162e+00
60 37 5
3 1 535 250.1000 -62.3100 2 548 244.1800 -89.0700 0 551 272.5300 -55.7600
2.6221449250e+00 -8.8687364389e-01 -5.8086987720e+00
53 29 0
3 1 582 256.9600 -82.4500 2 584 246.3300 -110.0600 0 574 282.5700 -74.9400
2.2232893437e+00 -1.0087962988e+00 -7.7712142176e+00
36 27 2
3 1 565 170.6400 -73.9700 2 500 168.5000 -67.0700 0 612 177.3800 -103.8000
2.4328934404e+00 1.8864262733e+00 -5.7963659615e+00
198 52 74
3 1 140 241.2800 160.9700 2 216 284.7800 122.7500 0 946 246.2700 176.7700
2.4930627083e+00 1.5628866021e+00 -5.7088436365e+00
227 186 197
3 1 905 249.9300 134.0700 2 824 287.0900 93.0100 0 976 257.4000 153.4200
-1.2779075350e+00 8.2466007368e-01 -5.4341061448e+00
227 166 180
3 1 971 -90.7600 74.7900 2 838 -57.8900 77.7400 0 1005 -102.4700 124.9600
-1.3076638116e+00 8.0056922469e-01 -5.4234602619e+00
138 86 104
3 1 975 -93.6600 72.5200 2 840 -61.2200 75.8500 0 1007 -105.8000 123.3000
-1.3076638116e+00 8.0056922469e-01 -5.4234602619e+00
138 86 104
3 1 976 -93.6600 72.5200 2 839 -61.2200 75.8500 0 1008 -105.8000 123.3000
-1.3507033437e+00 2.0247887892e-01 -5.4515917204e+00
207 145 161
3 1 402 -97.8100 14.9200 2 904 -72.6800 21.0600 0 1072 -114.6500 62.6800
-1.4160699403e+00 1.9512817480e-01 -5.4569256338e+00
132 148 193
3 1 405 -103.9200 14.0400 2 384 -78.9700 21.4800 0 1073 -121.7200 62.1800
2.0724944784e+00 9.7945435610e-01 -7.2528974678e+00
141 88 83
3 1 978 172.2000 69.5900 2 860 197.3600 62.6700 0 1079 174.4000 58.5700
-1.4730368375e+00 -5.5909738247e-02 -5.4388853342e+00
234 219 242
3 1 457 -109.6300 -10.0600 2 422 -87.5400 -0.9300 0 1098 -130.0500 37.0800
2.5841698877e+00 2.2951898054e-01 -5.9421607358e+00
166 136 25
3 1 403 249.6100 15.1400 2 447 260.2600 -17.8800 0 1118 265.3600 28.4400
2.5841698877e+00 2.2951898054e-01 -5.9421607358e+00
166 136 25
3 1 404 249.6100 15.1400 2 448 260.2600 -17.8800 0 1119 265.3600 28.4400
2.6556221806e+00 1.8706213655e-02 -5.6760063463e+00
165 137 35
3 1 443 265.5500 -3.0500 2 479 271.1100 -41.5700 0 1139 285.6400 15.3600
2.6556221806e+00 1.8706213655e-02 -5.6760063463e+00
165 137 35
3 1 444 265.5500 -3.0500 2 480 271.1100 -41.5700 0 1140 285.6400 15.3600
-7.2890292819e+00 2.5334220559e+00 -1.9768918742e+01
86 67 66
3 1 271 -241.2600 80.3600 2 727 -214.2100 198.4000 0 1182 -269.3900 -9.4900
-6.8856835303e+00 2.5359972403e+00 -2.1148252442e+01
11 9 12
3 1 280 -217.0000 75.8200 2 732 -190.4300 192.9800 0 1190 -244.5000 -19.5400
-6.5932823482e+00 1.1149397864e+00 -1.8319266682e+01
36 26 25
3 1 1011 -233.3200 38.0100 2 766 -210.2000 150.8800 0 1209 -265.8600 -48.2300
-5.6200790657e+00 3.1704033906e-01 -1.8516684390e+01
25 40 73
3 1 1057 -199.1100 11.2300 2 218 -178.7700 119.1400 0 1235 -232.6400 -79.2000
-6.4277991385e+00 -1.8569157791e-01 -1.7126571747e+01
45 36 44
3 1 1083 -240.1300 -6.3700 2 810 -221.1200 104.1200 0 1243 -278.4900 -90.3200
1.8398667250e+00 -1.6984571726e+00 -9.2435841474e+00
24 21 22
3 1 605 120.0400 -105.8200 2 529 115.5100 -76.7600 0 1322 117.9100 -159.4700
-8.3786694483e+00 -2.1032323765e+00 -2.1196707990e+01
9 7 14
3 1 1135 -259.7600 -60.9100 2 307 -246.9700 62.1900 0 1327 -307.3500 -162.7000
1.8420192457e+00 -2.0496820794e+00 -9.3196461581e+00
100 82 96
3 1 636 118.8900 -126.1600 2 558 110.9600 -94.5100 0 1364 116.8600 -184.0000
1.8290415788e+00 -2.4325139012e+00 -9.3215448108e+00
144 129 138
3 1 681 118.1700 -149.0700 2 591 106.1100 -114.9200 0 1394 115.8000 -210.9500
1.9169021037e+00 -2.5145524680e+00 -9.1093272047e+00
151 128 147
3 1 693 126.2400 -156.8800 2 599 112.5700 -124.5300 0 1403 125.7700 -217.9700
1.9169021037e+00 -2.5145524680e+00 -9.1093272047e+00
151 128 147
3 1 694 126.2400 -156.8800 2 600 112.5700 -124.5300 0 1404 125.7700 -217.9700
1.8374379068e+00 3.0500339673e+00 -7.4592733116e+00
107 87 51
3 1 1280 149.7000 217.3800 2 1108 206.4000 219.0400 0 1430 144.9400 197.1700
1.9415987665e+00 2.6279982397e+00 -7.5296934043e+00
188 169 111
3 1 1299 155.8000 185.6100 2 1373 205.9500 185.8300 0 1454 152.4000 166.6800
-2.0893435144e+00 4.2060091026e-01 -5.6892795354e+00
216 138 155
3 1 1432 -164.6100 34.7300 2 1223 -135.7400 54.0600 0 1532 -187.4800 79.9900
-1.1982036985e+00 2.6286941161e-01 -5.4925937560e+00
146 87 107
3 1 1049 -82.6700 20.4600 2 369 -57.3700 25.2200 0 1546 -97.7300 66.5500
-1.1849555819e+00 2.2081296917e-01 -5.5173446189e+00
215 162 173
3 1 1444 -81.2300 16.3600 2 902 -56.8600 21.6400 0 1551 -96.2100 61.3600
-1.5513485778e+00 1.5426804752e-01 -5.4517727781e+00
251 250 253
3 1 1060 -117.0800 10.1800 2 905 -91.9600 19.4600 0 1553 -136.8700 58.9100
2.2207913649e+00 7.2029688499e-01 -6.9466278523e+00
108 67 56
3 1 1682 190.6500 51.3000 2 1234 212.1400 39.1900 0 1565 194.9400 45.9500
-1.7679403810e+00 3.6929119420e-03 -5.4511153393e+00
222 155 171
3 1 1465 -137.9300 -4.4400 2 1250 -114.2200 8.7600 0 1567 -161.5800 44.6000
-1.4641457240e+00 -9.1337562400e-02 -5.4515853722e+00
196 135 152
3 1 1092 -108.7000 -13.4000 2 933 -86.7200 -4.0500 0 1578 -129.4300 32.8900
-3.7616946327e-01 2.0823126936e-01 -6.4620456990e+00
173 26 40
3 1 1053 -8.1000 13.2200 2 900 13.4800 24.1600 0 1584 -17.1600 27.7100
2.6028764612e+00 1.5788826269e-01 -5.8207497075e+00
205 173 61
3 1 1062 255.7200 8.9900 2 960 264.6900 -26.3400 0 1589 272.7500 25.0200
2.6246252829e+00 9.3717342072e-02 -5.7818399428e+00
203 176 69
3 1 1069 258.8200 3.7500 2 966 266.4000 -32.8300 0 1593 277.2100 19.8100
-6.3287345958e+00 3.9427729293e+00 -2.2197167619e+01
30 11 15
3 1 1350 -193.0800 112.0800 2 1350 -161.9300 229.3100 0 1596 -216.1200 13.0600
-1.6224516991e+00 -2.8059189392e-01 -5.4910983224e+00
198 149 163
3 1 1118 -123.3900 -31.4600 2 446 -103.3500 -18.0400 0 1598 -147.7600 12.6300
2.5373934395e+00 2.4927140075e-02 -6.2211006524e+00
199 170 52
3 1 1457 236.1300 -2.1600 2 962 243.8700 -28.3400 0 1601 250.7000 3.4900
1.7438890698e+00 1.9136034564e-02 -6.5156863695e+00
136 82 84
3 1 1460 164.5200 -2.4500 2 943 175.8200 -14.4700 0 1606 171.9700 0.0400
-7.1098494495e+00 2.7033717709e+00 -1.9649521270e+01
28 23 23
3 1 1382 -236.6900 86.0900 2 1120 -209.1800 203.5300 0 1609 -263.9500 -3.4300
-7.1953873890e+00 2.6077818075e+00 -1.9557607401e+01
79 62 65
3 1 1388 -240.2100 83.3200 2 1124 -212.9700 201.1400 0 1616 -268.1500 -5.6100
-7.0329372344e+00 2.2149257825e+00 -1.9279009118e+01
32 22 23
3 1 1400 -237.9800 71.8100 2 1132 -211.7400 188.2600 0 1623 -266.9300 -16.5500
-8.2147089129e+00 1.9788398789e+00 -1.9656481947e+01
10 10 11
3 1 1407 -271.2600 63.2000 2 1134 -246.4700 184.8000 0 1628 -302.8800 -25.0100
-7.9646668493e+00 1.7437312733e+00 -1.9516059279e+01
6 5 10
3 1 1413 -265.0800 56.1400 2 1384 -240.4700 176.4100 0 1630 -297.5500 -32.1500
-6.5130334546e+00 1.8279637630e+00 -2.0846891404e+01
97 86 105
3 1 1415 -208.4700 55.5800 2 1143 -183.8200 170.4800 0 1637 -237.9200 -39.7600
-6.6472750640e+00 8.8666768415e-01 -1.8002725418e+01
36 27 29
3 1 1435 -238.3600 30.8600 2 1164 -215.9400 143.4000 0 1642 -272.1100 -54.4200
2.5990841055e+00 -8.7187850351e-01 -5.8445933993e+00
192 172 53
3 1 1157 253.7400 -80.8700 2 1028 243.7900 -107.5900 0 1653 278.5200 -73.8300
2.3571589704e+00 -8.8035806216e-01 -7.1818636605e+00
174 150 47
3 1 1148 193.9800 -69.3100 2 989 190.9500 -72.1300 0 1660 204.9000 -88.8700
2.4549544600e+00 -9.3388408277e-01 -6.7260748084e+00
105 73 47
3 1 1152 213.5300 -77.3800 2 1007 207.5400 -87.1900 0 1661 228.7800 -89.3000
2.4549544600e+00 -9.3388408277e-01 -6.7260748084e+00
105 73 47
3 1 1153 213.5300 -77.3800 2 1008 207.5400 -87.1900 0 1662 228.7800 -89.3000
2.3831515665e+00 -1.0271002524e+00 -7.0512134102e+00
174 154 52
3 1 1155 199.0700 -81.1800 2 534 193.7700 -85.5600 0 1670 211.4800 -100.2900
-6.7367943072e+00 -8.6372431443e-01 -1.7194228551e+01
73 60 75
3 1 1482 -250.0600 -30.2300 2 1206 -233.6000 81.6600 0 1692 -292.6000 -116.3900
1.9301456561e+00 -1.2393462169e+00 -8.8418199402e+00
15 11 12
3 1 1154 131.9100 -80.9900 2 981 131.1100 -58.7500 0 1694 131.0000 -126.2700
2.0094345525e+00 -1.3463024333e+00 -8.6002293290e+00
12 10 11
3 1 1503 140.3500 -89.7700 2 986 137.7400 -69.9100 0 1696 142.1400 -133.3100
2.0603012628e+00 -1.6770051270e+00 -8.5614634096e+00
12 10 12
3 1 1174 144.2900 -111.3600 2 1013 137.3300 -90.4700 0 1720 146.7400 -157.7800
2.1078813366e+00 -1.7605659630e+00 -8.3390119482e+00
26 23 28
3 1 1185 151.4400 -119.3900 2 1021 142.2100 -100.3600 0 1726 155.3600 -164.0100
-1.8586136343e+00 1.1342558043e+00 -5.8249865237e+00
189 210 245
3 1 1828 -140.9000 99.3700 2 1593 -105.0100 116.4400 0 1783 -155.0000 140.0800
2.4825941232e+00 9.6659736858e-02 -6.1357989473e+00
92 53 7
3 1 1453 234.7000 3.8300 2 957 243.4100 -23.6900 0 1854 249.1700 12.1000
2.6298429484e+00 -1.8276608185e-03 -5.7921152761e+00
156 126 38
3 1 1079 258.8900 -4.9300 2 970 264.5100 -40.2600 0 1855 277.9600 10.7000
-6.5519976583e+00 3.2023202495e+00 -2.1667391708e+01
13 13 17
3 1 1660 -203.3400 93.2600 2 1361 -174.4300 210.2300 0 1862 -228.3900 -3.8400
-6.6161985134e+00 6.3249526847e-01 -1.7874251883e+01
43 32 33
3 1 1694 -238.6800 22.1800 2 1414 -217.0600 134.5100 0 1887 -273.4400 -62.9100
1.9557336993e+00 -2.2036894131e+00 -8.9971403210e+00
119 115 131
3 1 1522 130.2500 -139.1300 2 1301 119.5100 -110.4800 0 1939 130.6900 -196.0100
3.0037045577e-01 -2.7902587644e+00 -1.0564821348e+01
85 72 82
3 1 1531 19.9700 -154.2800 2 1292 13.3600 -98.2100 0 1949 1.8700 -227.1900
2.1186052524e+00 2.4656976199e+00 -6.9052010092e+00
197 144 53
3 1 1588 182.7900 185.7000 2 1387 232.3300 174.2800 0 1965 181.8500 177.3200
2.1186052524e+00 2.4656976199e+00 -6.9052010092e+00
197 144 53
3 1 1589 182.7900 185.7000 2 1386 232.3300 174.2800 0 1966 181.8500 177.3200
-1.3278004159e+00 -6.6461771771e-02 -5.4518795773e+00
221 160 174
3 1 1711 -95.6400 -11.2700 2 1487 -73.6400 -3.4700 0 2016 -114.3200 34.8200
-6.9410117452e+00 3.5764551748e+00 -2.1803870454e+01
31 26 31
3 1 1824 -213.1200 103.4300 2 1549 -183.6200 222.5200 0 2030 -237.8100 6.5000
-7.2444267503e+00 9.3463884928e-01 -1.7980040553e+01
44 47 61
3 1 1844 -258.7500 32.4300 2 1576 -236.3400 147.9900 0 2042 -293.7300 -51.4700
-6.4949024269e+00 6.8961879741e-01 -1.8026434709e+01
107 98 117
3 1 1846 -232.9800 24.0900 2 1582 -211.2000 135.8500 0 2049 -267.1800 -61.9200
2.5864165978e+00 -7.6987442064e-01 -5.9707568282e+00
192 164 54
3 1 1744 247.9700 -70.9900 2 1506 240.1000 -95.5900 0 2053 271.6500 -65.5700
-7.0506405450e+00 5.1524556208e-02 -1.7501795708e+01
58 61 78
3 1 1855 -257.7700 2.1100 2 1591 -237.8700 116.1500 0 2059 -296.4600 -81.7500
-7.0506405450e+00 5.1524556208e-02 -1.7501795708e+01
58 61 78
3 1 1856 -257.7700 2.1100 2 1592 -237.8700 116.1500 0 2060 -296.4600 -81.7500
2.3498553350e+00 -1.2440381432e+00 -7.2497210814e+00
173 149 38
3 1 1751 191.4400 -95.5600 2 1505 183.8300 -94.9800 0 2073 203.0700 -119.9700
2.4304523383e+00 -1.2472580135e+00 -7.0526391794e+00
177 152 50
3 1 1880 202.6400 -97.7300 2 1649 194.0600 -101.0500 0 2074 215.3100 -119.2700
1.6078750791e-01 -2.4674023158e+00 -1.1073805140e+01
46 40 48
3 1 1886 10.5800 -131.2800 2 1500 7.9900 -73.3000 0 2089 -9.0900 -204.3600
2.1673489247e+00 2.4800367906e+00 -6.8092629616e+00
193 174 116
3 1 1797 188.4100 189.2400 2 1570 238.6900 174.9400 0 2107 188.8100 181.4400
2.1673489247e+00 2.4800367906e+00 -6.8092629616e+00
193 174 116
3 1 1798 188.4100 189.2400 2 1569 238.6900 174.9400 0 2108 188.8100 181.4400
-7.6776995050e+00 3.2365660705e+00 -1.9980486614e+01
6 6 8
3 1 1917 -250.8600 101.0900 2 1664 -222.1700 222.2400 0 2154 -276.9600 11.6700
-7.0715395706e+00 3.3330142354e+00 -2.1471840132e+01
93 85 109
3 1 1918 -219.5300 97.8300 2 1667 -190.6200 216.9600 0 2157 -245.0700 2.0800
-7.3021894484e+00 2.5955280507e+00 -1.9595053492e+01
80 55 56
3 1 1924 -243.3200 82.4700 2 1671 -216.0900 201.2700 0 2160 -271.1600 -6.0000
-8.3861837653e+00 2.6035044256e+00 -2.0258046003e+01
68 62 75
3 1 1926 -269.7500 80.7700 2 1670 -243.4700 203.8600 0 2162 -299.2500 -9.1600
-8.0402905981e+00 1.2828103493e+00 -1.9023410625e+01
63 61 74
3 1 1937 -272.9700 42.3300 2 1677 -249.8900 162.4500 0 2169 -307.6000 -44.2600
-6.8190975594e+00 7.8372345232e-01 -1.7990739340e+01
104 78 84
3 1 1948 -244.3500 27.2200 2 1684 -222.2200 140.7400 0 2173 -278.8900 -57.7100
2.5084801638e+00 -9.6669824687e-01 -6.6114260809e+00
184 159 42
3 1 1977 220.6400 -80.5600 2 1742 214.1800 -93.2800 0 2185 237.5600 -91.4000
2.2706055372e+00 -1.1139820147e+00 -7.6572444309e+00
143 122 40
3 1 1877 176.4800 -82.7100 2 1503 171.5800 -76.1300 0 2192 184.8600 -111.3700
-8.3479930183e+00 -1.9304808847e+00 -2.0948442952e+01
56 47 62
3 1 1873 -261.5300 -56.6700 2 1612 -248.0900 66.3600 0 2199 -308.3700 -156.9700
-4.8890516765e-01 3.4789995992e-01 -6.3463406550e+00
43 8 12
3 1 1950 -17.2400 25.7900 2 1621 4.8300 35.1600 0 2233 -25.1200 43.6300
-7.9483666476e-01 1.7010336784e-01 -6.1507798493e+00
180 165 182
3 1 1953 -43.3900 10.8300 2 1709 -21.0700 21.5700 0 2237 -55.8500 34.5000
-6.5206908531e+00 -7.5075144271e-01 -1.6977861234e+01
120 94 94
3 1 2029 -245.1100 -26.5700 2 1697 -227.7800 83.9700 0 2255 -286.4800 -111.7600
-8.4841369877e+00 -2.2357783325e+00 -2.1890181025e+01
5 7 4
3 1 1875 -256.1700 -62.7400 2 1458 -244.1400 60.9800 0 2262 -303.0800 -166.8100
-1.5286427358e+00 8.8714876165e-02 -5.4332351136e+00
13 21 29
3 1 2070 -115.3000 3.8900 2 1824 -90.9200 12.8500 0 2285 -134.9000 52.6400
-1.5286427358e+00 8.8714876165e-02 -5.4332351136e+00
13 21 29
3 1 2071 -115.3000 3.8900 2 1825 -90.9200 12.8500 0 2286 -134.9000 52.6400
2.5730892949e+00 -6.2666280062e-01 -6.1267723338e+00
192 166 47
3 1 2036 242.0000 -56.8800 2 1783 238.1800 -81.3500 0 2297 261.0300 -54.3600
1.7254719107e-01 8.7113952479e-02 -6.3210499923e+00
79 0 3
3 1 2104 39.2400 3.0900 2 1826 56.5800 5.8900 0 2326 35.1000 17.8000
2.6155312558e+00 -1.0201261779e-01 -5.6202515698e+00
201 169 70
3 1 2110 264.9800 -14.3000 2 1869 268.2500 -52.5400 0 2349 284.3500 5.6200
2.5839618097e+00 -5.0721193968e-02 -6.1016458613e+00
207 176 61
3 1 2139 243.9500 -9.7100 2 1866 249.1000 -36.2200 0 2350 260.9100 -0.4800
2.5045427304e+00 -7.5186961947e-01 -6.3429297289e+00
189 161 51
3 1 2114 229.3000 -65.1100 2 1873 225.7400 -85.3000 0 2354 245.4800 -68.9500
1.8395143521e+00 3.1375222979e+00 -7.3412455794e+00
106 86 22
2 1 25 151.9200 226.1600 2 16 210.2300 227.0200
1.8629969658e+00 3.0034456807e+00 -7.3953555079e+00
190 171 68
2 1 53 152.5600 215.2600 2 41 208.7400 215.9900
1.8351820495e+00 2.7635562480e+00 -7.6682409962e+00
179 146 51
2 1 86 145.7900 192.6800 2 93 196.6100 196.4400
1.8351820495e+00 2.7635562480e+00 -7.6682409962e+00
179 146 51
2 1 87 145.7900 192.6800 2 92 196.6100 196.4400
2.3295903948e+00 2.2191470299e+00 -6.1057755133e+00
224 179 188
2 1 109 221.7700 182.8300 2 159 270.7500 153.3600
2.3657153824e+00 4.1703825199e+00 -1.4068764010e+01
87 79 94
2 1 118 95.0100 174.7100 2 13 141.9700 229.3800
2.3602722714e+00 2.0614952505e+00 -6.0082693405e+00
219 177 187
2 1 121 227.5300 171.6400 2 189 274.0900 139.4100
1.4008274607e+00 4.6669284650e+00 -1.7792823929e+01
72 65 80
2 1 143 37.5700 159.5900 2 5 80.7600 234.8100
2.2892175008e+00 1.9271289998e+00 -6.3375973023e+00
202 170 113
2 1 148 211.8400 154.2600 2 204 254.4100 129.2000
2.4643699534e+00 1.7106404366e+00 -5.7152174418e+00
228 162 178
2 1 160 247.1100 147.0400 2 233 287.0400 106.6000
1.4634448792e+00 4.1662370723e+00 -1.7853047548e+01
51 38 45
2 1 162 39.5300 142.1800 2 39 79.6400 216.3100
2.2778686905e+00 1.8561166542e+00 -6.7350141931e+00
205 168 95
2 1 165 199.7300 141.8300 2 213 239.8500 124.1100
1.0354065860e+00 4.4326368850e+00 -1.9300833495e+01
56 51 65
2 1 166 20.9300 141.2200 2 24 60.3500 221.7900
1.3173615389e+00 4.2613584247e+00 -1.8648094141e+01
71 62 81
2 1 173 31.9400 139.9400 2 37 71.3500 217.1700
2.4756942953e+00 1.6328637993e+00 -5.7260603213e+00
219 189 195
2 1 175 247.5400 139.9400 2 247 286.2900 99.5900
2.5019890649e+00 1.6043402525e+00 -5.6543238880e+00
228 152 164
2 1 176 252.5400 138.6400 2 254 290.7000 96.3100
1.2480148787e+00 4.2224725223e+00 -1.8758176204e+01
48 34 42
2 1 177 29.3300 137.9800 2 40 68.3500 215.7900
-2.7676685214e+00 4.6861140553e+00 -2.2755477538e+01
8 7 6
2 1 191 -91.4100 129.5100 2 677 -55.9400 233.6600
-2.8198949995e+00 4.2309394783e+00 -2.2614619458e+01
65 56 74
2 1 200 -93.4000 117.7300 2 23 -59.3400 221.3500
2.5748560964e+00 1.2941784205e+00 -5.4284660826e+00
224 162 179
2 1 205 268.1600 114.2200 2 303 299.8400 65.7600
2.5902554579e+00 1.2305912842e+00 -5.3881160841e+00
228 161 175
2 1 213 271.2300 108.9300 2 311 301.5600 59.3800
2.6106409387e+00 1.1386160726e+00 -5.3300164547e+00
227 170 182
2 1 230 275.5900 101.1800 2 869 303.8400 50.1000
-1.6417400824e+00 3.4905328326e+00 -2.2020440437e+01
12 10 19
2 1 235 -61.6000 99.5300 2 729 -29.4100 196.5100
6.3660559727e-01 1.1122991928e+00 -6.5006740179e+00
191 136 155
2 1 251 75.8100 87.8800 2 835 106.3400 84.8600
-2.2130472425e+00 9.8306419353e-01 -5.8642608803e+00
217 146 161
2 1 260 -172.3300 85.1700 2 228 -137.7700 107.5800
1.1153057609e+00 9.3999570228e-01 -5.4773605375e+00
151 90 102
2 1 266 135.9300 83.3100 2 320 164.3900 54.9800
-7.6271829023e+00 2.4247189055e+00 -1.9066601828e+01
12 13 15
2 1 275 -258.8000 79.3400 2 79 -232.4700 198.4600
-1.4704819306e+00 7.9685005225e-01 -5.3392067220e+00
240 184 197
2 1 283 -110.2900 73.1500 2 291 -77.6300 77.0600
-1.3312281232e+00 7.3091073443e-01 -5.3915607077e+00
216 166 180
2 1 307 -96.5000 66.1200 2 302 -64.4900 69.3000
7.1074794546e-01 7.0032504092e-01 -6.0683809429e+00
184 48 73
2 1 315 87.6000 56.6100 2 1229 113.9400 46.0400
2.2851870626e+00 7.2417317007e-01 -6.9390717224e+00
169 131 49
2 1 325 195.6400 52.0500 2 883 216.4400 38.5300
-1.9013331002e+00 4.6787633207e-01 -5.4829895608e+00
196 138 155
2 1 343 -150.0900 40.3100 2 322 -120.8200 53.4800
-1.2361922561e+00 4.2557477714e-01 -5.3796394800e+00
197 143 157
2 1 350 -87.3100 36.5500 2 345 -59.6500 39.1500
-1.2442536146e+00 3.8201986756e-01 -5.4031098136e+00
181 132 144
2 1 354 -88.0600 32.1900 2 885 -60.6900 35.5400
2.5797892379e+00 3.6365586956e-01 -5.8975622830e+00
163 131 30
2 1 371 250.9100 26.9800 2 429 264.0000 -7.8200
2.5797892379e+00 3.6365586956e-01 -5.8975622830e+00
163 131 30
2 1 372 250.9100 26.9800 2 430 264.0000 -7.8200
-1.1794020779e+00 3.0385165460e-01 -5.4790150977e+00
200 151 158
2 1 379 -81.0000 24.4100 2 366 -55.5000 28.5300
-7.2175923429e+00 6.4094322450e-01 -1.7917646508e+01
54 57 72
2 1 381 -258.5600 22.5600 2 781 -237.0200 137.6300
-8.7571508459e-01 3.1123646907e-01 -6.1801278060e+00
109 72 82
2 1 383 -50.3600 23.0000 2 355 -26.4500 34.8000
-1.3117927136e+00 2.2418403541e-01 -5.4352506280e+00
225 167 180
2 1 399 -94.3000 16.8500 2 378 -68.8700 22.3800
-1.5273338365e+00 1.8925259822e-01 -5.4349427003e+00
23 45 94
2 1 407 -115.0400 13.5400 2 381 -89.5000 22.0900
-1.8616609744e+00 1.6223389654e-01 -5.4754206623e+00
230 164 178
2 1 412 -146.7000 10.9400 2 371 -120.4000 24.7600
-1.3408934599e+00 1.6449166641e-01 -5.4326462752e+00
217 150 167
2 1 413 -97.0200 11.1200 2 390 -72.4700 17.2600
-1.3361375207e+00 6.7048759534e-02 -5.4553330044e+00
215 154 170
2 1 429 -96.4300 1.7000 2 405 -72.9900 8.7100
-1.2239297643e+00 4.8673150272e-02 -5.4099018315e+00
199 148 166
2 1 433 -85.8700 -0.0900 2 414 -63.2000 4.7200
2.6285539255e+00 -4.0076541345e-02 -5.6505350682e+00
205 178 54
2 1 451 264.2000 -8.4700 2 486 268.8600 -46.6500
-1.6096530788e+00 -3.1587737415e-01 -5.5129852410e+00
145 100 120
2 1 502 -122.2600 -34.8500 2 455 -101.8000 -20.8100
2.2095115496e+00 -9.6604013957e-01 -7.8452181806e+00
23 15 10
2 1 553 168.1700 -70.4100 2 496 167.1200 -62.8500
2.5725997491e+00 -8.5549704279e-01 -6.0995737261e+00
54 30 6
2 1 572 242.4300 -76.7500 2 568 234.4600 -98.9600
2.2351645129e+00 -1.1220005392e+00 -7.7865407593e+00
23 15 3
2 1 581 170.9600 -81.7500 2 521 167.8100 -74.1600
-5.1460475362e+00 -2.4162730667e+00 -1.6845997684e+01
5 6 9
2 1 588 -196.5100 -87.6700 2 389 -186.4300 18.0100
-8.0220438854e+00 -2.6487016786e+00 -1.5888295906e+01
113 103 127
2 1 598 -313.8500 -100.8000 2 388 -300.7600 18.7100
1.8752446100e+00 -1.8035172903e+00 -9.1634055167e+00
31 25 30
2 1 616 123.2600 -112.9700 2 533 117.3800 -84.3500
2.1322528022e+00 -1.9138550239e+00 -8.2472353625e+00
138 129 146
2 1 647 154.6000 -130.5100 2 585 143.0400 -111.6800
2.1322528022e+00 -1.9138550239e+00 -8.2472353625e+00
138 129 146
2 1 648 154.6000 -130.5100 2 586 143.0400 -111.6800
1.8005396121e+00 -2.2935612584e+00 -9.4813471762e+00
128 104 125
2 1 661 114.1800 -138.7200 2 576 104.4100 -104.1000
1.8005396121e+00 -2.2935612584e+00 -9.4813471762e+00
128 104 125
2 1 662 114.1800 -138.7200 2 575 104.4100 -104.1000
1.7942582344e+00 -2.4055329709e+00 -9.5085331690e+00
99 27 39
2 1 675 113.4200 -144.9600 2 582 102.5800 -109.4100
1.9371956283e+00 -2.3788350682e+00 -9.0787770039e+00
147 133 155
2 1 683 127.9200 -148.9900 2 594 115.4200 -118.0000
-6.5430423008e-02 -2.9280186599e+00 -1.1342326890e+01
56 50 57
2 1 687 -2.2500 -152.0500 2 546 -7.1100 -89.0900
1.8808152525e+00 -2.5775607041e+00 -9.3239201118e+00
150 133 144
2 1 697 120.8000 -157.5700 2 596 107.5000 -122.9400
-3.1648289230e+00 -4.3680287287e+00 -1.5411631644e+01
124 43 25
2 1 701 -131.6500 -171.5700 2 519 -132.7400 -73.3800
-3.7994379664e+00 -4.5299209156e+00 -1.5393673827e+01
142 93 88
2 1 708 -156.4400 -177.9700 2 526 -157.2500 -75.9600
-1.9473794675e+00 -4.5300720513e+00 -1.4466188914e+01
86 83 97
2 1 719 -86.4600 -188.1800 2 565 -92.1500 -97.6100
-1.9473794675e+00 -4.5300720513e+00 -1.4466188914e+01
86 83 97
2 1 720 -86.4600 -188.1800 2 566 -92.1500 -97.6100
1.9679397300e+00 -3.0687588274e+00 -9.1530984501e+00
118 55 78
2 1 724 128.0700 -189.4600 2 619 108.7900 -153.2600
1.9679397300e+00 -3.0687588274e+00 -9.1530984501e+00
118 55 78
2 1 725 128.0700 -189.4600 2 620 108.7900 -153.2600
-5.6272630447e+00 -5.1230138787e+00 -1.5150183784e+01
127 65 49
2 1 743 -230.4100 -203.4000 2 549 -229.0000 -89.9600
-6.1225188286e+00 -5.2056829599e+00 -1.5134457458e+01
115 40 19
2 1 750 -249.8800 -206.5800 2 550 -247.8100 -90.3700
9.3173449371e-01 -3.6012175549e+00 -9.9755217027e+00
93 69 82
2 1 752 58.3400 -207.1300 2 618 41.3100 -153.9600
-6.6590621297e+00 -5.8935582641e+00 -1.6650607066e+01
119 66 54
2 1 766 -251.4600 -213.9300 2 557 -249.9600 -92.6200
1.0097618263e+00 -3.8379557816e+00 -9.6768014922e+00
103 79 92
2 1 790 65.1000 -225.9600 2 637 44.8100 -173.0900
1.8563331908e+00 3.0904947757e+00 -7.2273295078e+00
196 171 72
2 1 817 155.5600 225.4900 2 691 213.6600 224.3000
1.9478071370e+00 2.9186891097e+00 -7.2389957342e+00
192 145 59
2 1 830 162.2600 212.5700 2 1113 217.3800 209.6900
1.8919113739e+00 2.6158743870e+00 -7.5621896688e+00
186 143 64
2 1 853 151.8200 184.2600 2 1133 201.1000 185.4700
2.2962612384e+00 4.1613197222e+00 -1.4080392669e+01
60 49 60
2 1 863 91.8900 174.2500 2 681 138.9900 229.4400
2.4650256845e+00 1.7643879569e+00 -5.7046666215e+00
210 44 76
2 1 884 247.2900 151.9300 2 803 288.7300 111.3100
2.4790078029e+00 1.7073729835e+00 -5.6494963870e+00
218 43 73
2 1 890 250.6200 147.9200 2 809 290.9900 105.8100
-2.2594307916e+00 4.1487553406e+00 -2.2472910573e+01
26 41 71
2 1 921 -77.9500 116.0800 2 706 -44.2100 217.0200
-1.8519380932e+00 4.3226295679e+00 -2.4309898469e+01
10 9 9
2 1 925 -63.5600 112.5900 2 1111 -31.7400 214.0800
-7.1192653722e+00 3.7116284667e+00 -2.1811964697e+01
85 68 86
2 1 932 -217.9500 107.1900 2 683 -188.5100 227.2800
-1.3841356286e+00 1.0090572244e+00 -5.5443106144e+00
146 89 103
2 1 950 -99.8800 91.1500 2 818 -65.1000 97.3400
-6.9222683492e+00 2.6499811925e+00 -2.1147558026e+01
74 60 73
2 1 967 -217.9100 79.0300 2 1128 -191.2200 196.6900
2.2058164667e+00 1.0452763454e+00 -7.1820195080e+00
173 132 78
2 1 972 183.3800 74.7700 2 851 209.7700 65.4100
2.2058164667e+00 1.0452763454e+00 -7.1820195080e+00
173 132 78
2 1 973 183.3800 74.7700 2 852 209.7700 65.4100
2.1732911584e+00 1.0048298322e+00 -7.2996719291e+00
159 122 69
2 1 977 178.4100 70.9200 2 856 203.8400 63.7600
-1.2691491803e+00 4.1459495299e-01 -5.3877495582e+00
103 49 62
2 1 1016 -90.4200 35.4600 2 882 -62.8900 38.6900
2.3766558994e+00 4.6923579035e-01 -6.7596094215e+00
156 113 45
2 1 1022 207.2300 32.9800 2 391 223.9300 16.2600
2.3766558994e+00 4.6923579035e-01 -6.7596094215e+00
156 113 45
2 1 1023 207.2300 32.9800 2 392 223.9300 16.2600
-1.7844589593e+00 3.6917537689e-01 -5.4358878512e+00
186 123 144
2 1 1028 -139.6200 31.0100 2 877 -111.6500 42.1700
2.5388409693e+00 4.0531622944e-01 -5.9506850476e+00
211 181 58
2 1 1030 245.5000 30.4200 2 931 259.8600 -3.0000
-1.3308471873e+00 3.6108279214e-01 -5.4123145976e+00
111 68 90
2 1 1032 -96.5800 30.1100 2 354 -68.8300 34.9300
-1.8886936908e+00 3.0476195521e-01 -5.5001196849e+00
229 167 180
2 1 1048 -148.7200 24.5900 2 881 -121.1400 38.5000
2.5995850567e+00 2.0772346476e-01 -5.8562592559e+00
205 175 67
2 1 1055 254.0500 13.4800 2 956 264.0400 -21.5800
-1.5396535168e-01 1.1254485901e-01 -6.4331304124e+00
122 5 8
2 1 1063 10.8700 5.5300 2 911 29.7500 13.3300
-1.5396535168e-01 1.1254485901e-01 -6.4331304124e+00
122 5 8
2 1 1064 10.8700 5.5300 2 912 29.7500 13.3300
2.5793298760e+00 1.0753382536e-01 -5.8727860582e+00
206 171 63
2 1 1065 251.8600 4.7500 2 963 259.8500 -29.1600
-1.6370528853e+00 5.3248728301e-02 -5.4405670611e+00
160 216 247
2 1 1071 -125.4400 0.4500 2 915 -101.3900 11.2300
-1.1792036870e+00 5.0267598898e-02 -5.4493893774e+00
146 92 108
2 1 1072 -81.1800 0.0900 2 1257 -58.8900 4.9700
2.5976757048e+00 1.6480640543e-02 -5.8210087054e+00
202 178 66
2 1 1075 255.1400 -3.2500 2 968 261.4700 -37.8600
-1.1784903322e+00 -2.4529064811e-02 -5.4721871153e+00
136 82 98
2 1 1085 -80.9700 -7.0800 2 928 -59.6300 -1.3700
1.5977436273e+00 -7.0206439813e-02 -6.5580805658e+00
47 18 15
2 1 1087 152.0200 -9.6500 2 951 162.3900 -18.9100
-1.5138100714e+00 -6.8750444643e-02 -5.4456229326e+00
234 221 243
2 1 1089 -113.7300 -11.3800 2 423 -91.0700 -1.3700
-1.2106293479e+00 -7.6405355699e-02 -5.4704854868e+00
109 62 78
2 1 1090 -83.9800 -12.0400 2 934 -63.3400 -5.6400
2.5358574261e+00 -1.3432433479e-01 -6.2087550000e+00
210 175 55
2 1 1096 236.2300 -15.5700 2 972 241.4800 -40.9000
2.6726805397e+00 -1.3297638145e-01 -5.6533270904e+00
204 177 61
2 1 1098 267.8400 -16.7700 2 977 270.3900 -54.7300
1.7368539807e+00 -2.3008491254e-01 -6.4745114849e+00
157 104 113
2 1 1105 165.0000 -22.8600 2 967 172.1600 -34.1300
2.7776420071e+00 -1.7681908306e-01 -4.8790735145e+00
200 148 50
2 1 1108 311.6100 -23.3400 2 1001 309.2300 -80.4200
2.7776420071e+00 -1.7681908306e-01 -4.8790735145e+00
200 148 50
2 1 1109 311.6100 -23.3400 2 1002 309.2300 -80.4200
1.8072451268e+00 -4.0025612611e-01 -6.6103052223e+00
138 91 100
2 1 1120 167.1900 -36.1100 2 974 171.7900 -44.9000
2.3405584631e+00 -1.2073782385e+00 -7.3557660621e+00
164 140 47
2 1 1160 188.2300 -91.8100 2 1012 181.5500 -89.9700
2.0074424165e+00 -1.4794547913e+00 -8.7165871120e+00
13 10 12
2 1 1164 138.4100 -97.1900 2 995 134.4600 -75.5300
-4.3038027194e+00 -2.9015197074e+00 -1.6526470993e+01
8 7 7
2 1 1165 -167.9700 -107.1800 2 425 -161.1700 -5.3600
-4.3038027194e+00 -2.9015197074e+00 -1.6526470993e+01
8 7 7
2 1 1166 -167.9700 -107.1800 2 426 -161.1700 -5.3600
1.8133619118e+00 -1.9500751018e+00 -9.3593940995e+00
88 78 87
2 1 1183 116.7100 -119.7600 2 542 110.1200 -88.1900
1.8133619118e+00 -1.9500751018e+00 -9.3593940995e+00
88 78 87
2 1 1184 116.7100 -119.7600 2 543 110.1200 -88.1900
1.9028918078e+00 -2.0059019358e+00 -9.1600483594e+00
93 89 111
2 1 1188 124.7900 -125.3100 2 1014 116.8100 -95.7500
1.8534784154e+00 -2.2261012571e+00 -9.3790938305e+00
121 108 125
2 1 1200 118.4500 -135.9900 2 1023 109.3900 -102.9400
1.8060942228e+00 -2.3432433486e+00 -9.5060127146e+00
127 113 129
2 1 1206 114.1900 -141.3200 2 1027 103.9000 -106.2700
-1.0584066141e+00 -3.4384563068e+00 -1.4073214603e+01
52 12 11
2 1 1208 -50.1500 -146.9700 2 499 -52.3000 -66.3400
1.8942161896e+00 -2.4227835812e+00 -9.2424542434e+00
137 124 138
2 1 1210 122.9100 -149.4400 2 592 110.7200 -116.5500
-7.3969049719e-01 -3.6632809346e+00 -1.4118934653e+01
56 28 18
2 1 1215 -36.5600 -155.8700 2 527 -40.6000 -76.2300
-7.3969049719e-01 -3.6632809346e+00 -1.4118934653e+01
56 28 18
2 1 1216 -36.5600 -155.8700 2 528 -40.6000 -76.2300
2.3246018485e+00 -2.6925776377e+00 -7.7937681463e+00
129 125 150
2 1 1233 175.5600 -189.9100 2 1057 151.8300 -170.6800
1.2759128213e-01 -3.7573632810e+00 -1.1025717429e+01
26 24 32
2 1 1238 8.1900 -198.8100 2 1312 -3.0700 -133.9900
2.0707047133e+00 -3.1614165125e+00 -8.7800760801e+00
136 129 150
2 1 1239 140.0200 -201.6900 2 1056 117.6400 -168.1900
2.4603570796e+00 -4.5503648772e+00 -1.3034800261e+01
32 24 29
2 1 1241 106.7500 -204.5700 2 1049 86.8900 -144.0300
1.0500663575e+00 -3.6323452889e+00 -1.0047922062e+01
95 75 79
2 1 1242 64.2900 -207.4600 2 1053 46.9900 -154.6300
-2.6675638254e+00 -5.9291817474e+00 -1.5500529815e+01
19 14 18
2 1 1258 -110.9500 -230.0800 2 609 -120.3800 -128.8700
2.3251500711e+00 2.3276854955e+00 -6.0342792211e+00
204 40 47
2 1 1291 223.4900 193.5200 2 1150 274.9700 162.9900
2.1260622661e+00 2.5089653292e+00 -6.7311740729e+00
202 175 109
2 1 1293 187.8500 192.8500 2 1138 238.7400 178.2800
2.3491177787e+00 2.2559827595e+00 -5.8875884794e+00
209 105 52
2 1 1294 230.4400 190.8800 2 1153 281.1400 156.7500
2.3491177787e+00 2.2559827595e+00 -5.8875884794e+00
209 105 52
2 1 1295 230.4400 190.8800 2 1154 281.1400 156.7500
2.3516066986e+00 2.2796994553e+00 -6.0413264823e+00
206 39 58
2 1 1298 225.7100 189.3000 2 1152 275.7800 158.4100
2.3581582577e+00 2.2270043822e+00 -6.0074516466e+00
207 40 55
2 1 1300 227.3600 185.6300 2 1156 276.7000 153.8100
1.9078396570e+00 2.5357422817e+00 -7.5928237590e+00
190 164 105
2 1 1303 152.4900 178.0200 2 1136 200.2800 179.2200
1.9078396570e+00 2.5357422817e+00 -7.5928237590e+00
190 164 105
2 1 1304 152.4900 178.0200 2 1137 200.2800 179.2200
2.4168777777e+00 1.9360380390e+00 -5.7841560101e+00
211 46 56
2 1 1312 240.1700 165.4700 2 1175 284.8100 127.4600
2.4448655293e+00 1.8362813610e+00 -5.7324326549e+00
206 49 61
2 1 1318 244.5600 157.7600 2 1181 287.2400 118.0900
5.5404808820e-01 1.8132953094e+00 -7.5259684244e+00
181 124 141
2 1 1341 57.1400 129.4600 2 1166 95.7300 142.7600
2.5812248850e+00 1.3403489097e+00 -5.4198469128e+00
212 42 59
2 1 1346 268.9600 118.5600 2 1212 301.7400 69.7600
-7.6373719849e+00 3.4449152069e+00 -2.0470284026e+01
83 61 59
2 1 1358 -244.7500 105.3700 2 1102 -215.6600 226.6600
-1.6884052267e+00 3.6748590768e+00 -2.2061907358e+01
11 11 13
2 1 1364 -62.5300 104.6200 2 1122 -30.2700 201.9900
-1.6097282538e+00 3.3767704689e+00 -2.2433274248e+01
10 9 15
2 1 1371 -60.0700 94.7400 2 1129 -28.9800 192.0200
2.6320933544e+00 1.0615214915e+00 -5.2458843301e+00
219 39 67
2 1 1372 281.1900 95.0200 2 1231 307.7100 41.7200
2.1269632889e+00 1.2831565166e+00 -7.1883293875e+00
110 58 15
2 1 1375 177.4500 92.5700 2 1202 207.5700 83.9000
-6.6156826173e+00 2.9741530227e+00 -2.1442959773e+01
33 24 29
2 1 1381 -206.7600 87.4500 2 1117 -178.7700 204.3900
-1.3681781432e+00 8.9469476241e-01 -5.3884047045e+00
228 180 195
2 1 1393 -99.5000 82.1400 2 1445 -66.4700 85.3200
1.1147456249e+00 6.3395657069e-01 -5.3583617730e+00
162 107 121
2 1 1416 138.6700 55.4600 2 898 161.9300 25.4700
-6.4006233799e-01 6.9468387523e-01 -6.4308069449e+00
163 130 145
2 1 1417 -29.6100 54.6100 2 849 -2.5400 66.2100
-2.0595452854e+00 5.2860312705e-01 -5.6889358140e+00
235 180 193
2 1 1424 -161.5900 44.9000 2 1215 -131.5800 63.3400
-1.2283726968e+00 3.3733008394e-01 -5.4455782823e+00
79 41 62
2 1 1438 -85.9500 27.7500 2 888 -59.8000 31.7800
-1.2258253012e+00 2.9417865675e-01 -5.4655607203e+00
211 157 172
2 1 1439 -85.6300 23.5200 2 892 -59.9300 28.0800
-1.5058767694e+00 1.7588933110e-01 -5.4349693339e+00
13 25 73
2 1 1449 -112.8900 12.2600 2 1243 -87.7400 20.5700
-1.5943852957e+00 1.5097295644e-01 -5.3954114938e+00
17 23 68
2 1 1450 -121.8400 9.9300 2 1244 -96.8200 18.8400
9.3171124177e-02 7.6901699148e-02 -6.4403742689e+00
156 17 25
2 1 1454 31.3600 2.4900 2 1251 49.1500 7.7000
-1.4280652309e+00 5.9907915557e-02 -5.4310655775e+00
175 225 255
2 1 1455 -105.4900 1.0300 2 1249 -81.8500 8.8700
-1.4516292239e+00 2.5705494453e-02 -5.4413838503e+00
166 220 255
2 1 1458 -107.8000 -2.2900 2 1254 -84.2100 6.2700
-1.2949548217e+00 2.4084872316e-02 -5.5151088512e+00
218 162 173
2 1 1459 -92.2000 -2.4400 2 920 -69.0500 5.3500
-1.7164643104e-01 3.8723365640e-03 -6.4532757661e+00
137 6 14
2 1 1462 9.2900 -3.5600 2 1255 26.7700 5.2300
-1.7164643104e-01 3.8723365640e-03 -6.4532757661e+00
137 6 14
2 1 1463 9.2900 -3.5600 2 1256 26.7700 5.2300
2.4905241132e+00 -5.6729096575e-02 -6.2292657672e+00
201 174 56
2 1 1470 232.2500 -9.0100 2 1269 238.5100 -33.9600
-1.3630023451e+00 -1.5755552888e-01 -5.4790403497e+00
175 121 141
2 1 1477 -99.4500 -19.9600 2 939 -77.3100 -10.6600
-7.1778028372e+00 -7.0848440783e-01 -1.7227055145e+01
7 6 5
2 1 1479 -265.3500 -24.8300 2 1198 -247.8100 89.5300
-7.0706406738e+00 -8.0908866400e-01 -1.7217728591e+01
113 108 137
2 1 1480 -261.9300 -28.4900 2 1444 -244.2700 85.4700
-1.4433692043e+00 -2.9156023225e-01 -5.4872558052e+00
87 49 68
2 1 1485 -106.2600 -32.6000 2 458 -87.0300 -21.4100
2.7209690752e+00 -3.2953104340e-01 -5.5029330268e+00
204 174 60
2 1 1490 278.2200 -35.0400 2 1280 275.5100 -75.2400
2.2494545951e+00 -1.0569973910e+00 -7.6134910947e+00
138 116 31
2 1 1502 175.9400 -78.6400 2 1278 172.6700 -73.7100
2.3172342929e+00 -1.2974940225e+00 -7.5375819288e+00
159 140 47
2 1 1504 182.3000 -96.4300 2 1290 175.0400 -91.4600
2.0350959328e+00 -1.5713488624e+00 -8.6263065553e+00
11 9 12
2 1 1507 141.7000 -103.9100 2 1285 136.1400 -82.8200
1.8293352734e+00 -1.8170840735e+00 -9.2413948945e+00
65 62 71
2 1 1512 119.4500 -113.0000 2 1005 113.6700 -83.2800
1.8615190442e+00 -2.1707210885e+00 -9.2826579076e+00
115 105 123
2 1 1519 120.6200 -133.8100 2 1297 111.1300 -101.9500
1.9488777743e+00 -2.1452974216e+00 -9.1276879726e+00
111 106 123
2 1 1520 128.0200 -134.1200 2 1025 118.1600 -104.3600
1.9488777743e+00 -2.1452974216e+00 -9.1276879726e+00
111 106 123
2 1 1521 128.0200 -134.1200 2 1024 118.1600 -104.3600
-1.4756539240e+00 -3.3483786887e+00 -1.4177775984e+01
85 42 23
2 1 1523 -67.7200 -142.3000 2 1274 -68.4600 -59.2400
1.9630017588e+00 -2.2643228810e+00 -8.9252769949e+00
126 122 149
2 1 1524 131.8000 -144.0600 2 1304 120.0800 -115.2600
1.9630017588e+00 -2.2643228810e+00 -8.9252769949e+00
126 122 149
2 1 1525 131.8000 -144.0600 2 1303 120.0800 -115.2600
-7.8589548610e-01 -3.5975866282e+00 -1.4193368721e+01
34 11 12
2 1 1529 -38.4500 -152.3900 2 1277 -42.0500 -72.5300
-1.5020722215e+00 -3.5963364715e+00 -1.4142332780e+01
17 13 11
2 1 1530 -69.1000 -153.0800 2 985 -70.7000 -69.0600
-4.6522457529e-01 -3.1553483460e+00 -1.1822752047e+01
18 14 15
2 1 1535 -23.2000 -157.8600 2 1288 -27.8800 -89.1300
-3.3916818689e+00 -4.7621539699e+00 -1.5094788191e+01
123 44 23
2 1 1548 -142.0100 -190.2600 2 1289 -145.2500 -90.0300
-2.4647983245e+00 -5.1579591564e+00 -1.4864829251e+01
14 13 14
2 1 1558 -105.7400 -208.5200 2 1031 -113.2900 -112.1300
-1.8278437838e+00 -5.7692675201e+00 -1.5794282080e+01
31 28 19
2 1 1564 -77.7100 -220.1100 2 1039 -88.0900 -123.6200
2.3377147148e+00 2.3546733350e+00 -5.9567555027e+00
198 103 45
2 1 1583 226.9000 197.5900 2 1390 279.4800 165.4100
2.3770570160e+00 2.3048327704e+00 -5.8545997721e+00
213 37 55
2 1 1584 233.9700 195.7800 2 1393 285.4400 160.7400
2.3842339851e+00 2.0848595505e+00 -5.9024150180e+00
214 40 66
2 1 1593 233.2100 175.8600 2 1408 280.2300 141.1300
2.4588965546e+00 1.7665896155e+00 -5.8190096088e+00
212 162 175
2 1 1601 242.7700 149.9800 2 1424 283.6400 111.9900
2.4588965546e+00 1.7665896155e+00 -5.8190096088e+00
212 162 175
2 1 1602 242.7700 149.9800 2 1425 283.6400 111.9900
2.4184616632e+00 1.6994461284e+00 -5.8108883950e+00
211 49 64
2 1 1607 239.5900 144.3800 2 1426 279.5600 106.6600
2.5053743410e+00 1.6697049247e+00 -5.6436952630e+00
213 46 61
2 1 1608 253.3200 144.6500 2 1427 292.5000 102.0400
2.5205493368e+00 1.5923126894e+00 -5.5927803413e+00
210 43 68
2 1 1609 256.6200 138.6400 2 1431 294.3700 94.6300
2.4580747372e+00 1.5922128034e+00 -5.7586520211e+00
210 49 69
2 1 1613 244.9800 135.8600 2 1430 282.7300 96.4400
2.5356088211e+00 1.5090103826e+00 -5.5138118340e+00
212 44 65
2 1 1617 260.9800 132.4800 2 1443 297.3700 86.4200
2.5648001901e+00 1.2889691285e+00 -5.4501907141e+00
208 170 181
2 1 1638 266.2100 113.4100 2 1455 298.1700 65.6300
2.5648001901e+00 1.2889691285e+00 -5.4501907141e+00
208 170 181
2 1 1639 266.2100 113.4100 2 1456 298.1700 65.6300
2.6175007746e+00 1.1927255099e+00 -5.3132744727e+00
216 40 60
2 1 1646 276.7800 106.4200 2 1460 306.3500 54.7300
-7.2521183287e+00 3.6458040537e+00 -2.1832553852e+01
85 79 101
2 1 1648 -221.8400 105.1700 2 1547 -192.1700 225.8000
2.6314988166e+00 1.1198426364e+00 -5.2391562512e+00
219 41 63
2 1 1653 281.1300 100.5600 2 1465 309.4400 46.9700
4.6183516200e-01 1.1931217576e+00 -6.5203497818e+00
163 24 44
2 1 1659 61.7400 94.5600 2 1600 92.7300 93.7800
-7.7661137793e+00 2.8497697636e+00 -1.9569126723e+01
48 46 58
2 1 1662 -257.9700 90.9000 2 1359 -230.1200 211.5300
-7.7661137793e+00 2.8497697636e+00 -1.9569126723e+01
48 46 58
2 1 1663 -257.9700 90.9000 2 1360 -230.1200 211.5300
-6.9351284785e+00 2.5983337368e+00 -1.9528104037e+01
97 85 100
2 1 1670 -232.3600 83.1900 2 1368 -205.0300 199.7300
-7.4193106056e+00 2.0330376005e+00 -1.8523834353e+01
37 40 52
2 1 1677 -258.0800 68.3800 2 1374 -232.6800 185.7400
9.9467824472e-01 4.9968346604e-01 -5.3526785545e+00
179 124 138
2 1 1686 127.7000 42.7800 2 1475 148.6600 14.7800
-1.3224212611e+00 4.1627508383e-01 -5.4127605032e+00
207 159 171
2 1 1690 -95.4300 35.5100 2 1469 -67.6700 39.9200
9.1231516335e-01 3.5941641304e-01 -5.4249213951e+00
173 126 136
2 1 1692 118.5000 29.1400 2 1482 137.0300 4.4600
-1.0314836883e+00 3.4532767995e-01 -5.5456620428e+00
146 95 110
2 1 1693 -66.2500 28.1500 2 1238 -41.2900 31.2600
-7.2905682237e+00 4.1115991411e-01 -1.7601180011e+01
6 3 5
2 1 1698 -264.8100 14.8400 2 1415 -243.7700 129.9300
-6.0536186926e+00 1.9259883691e-01 -1.8543776320e+01
77 73 95
2 1 1702 -213.3500 6.9400 2 1420 -193.4400 117.1400
-1.2204045102e+00 8.9676617404e-02 -5.4482881143e+00
207 151 162
2 1 1705 -85.2200 3.8800 2 1477 -62.1500 9.0800
-2.0545674227e-01 5.8996758444e-02 -6.4425697179e+00
204 33 59
2 1 1707 6.7300 1.0900 2 1478 24.6200 9.8200
2.5063024385e+00 1.5085584152e-02 -6.2710520913e+00
88 50 8
2 1 1708 231.7500 -3.0500 2 1268 240.1400 -27.7800
-1.6470589112e+00 -7.9735146557e-02 -5.4757220769e+00
188 125 148
2 1 1712 -125.9600 -12.3100 2 1485 -103.4100 -0.0400
-3.5937443794e-01 -1.4724729764e-01 -6.4138043668e+00
148 10 23
2 1 1716 -6.3300 -16.3000 2 1488 9.9800 -5.1500
-7.1622856115e+00 -6.9092996379e-01 -1.7211786438e+01
6 6 5
2 1 1719 -265.0500 -24.2400 2 1438 -247.3400 90.0400
-1.2946088958e+00 -2.1331694996e-01 -5.4622271206e+00
93 48 62
2 1 1721 -91.6800 -25.1200 2 1263 -73.2500 -16.9700
-1.6076095065e+00 -2.1332301371e-01 -5.4262179670e+00
163 108 130
2 1 1722 -122.7400 -25.3300 2 1261 -101.9000 -13.5400
2.3502397541e-01 -2.8626602916e-01 -6.2277857442e+00
120 6 14
2 1 1725 45.3800 -28.6700 2 1267 57.2700 -26.4900
2.2928054421e+00 -9.7609124782e-01 -7.3961477074e+00
152 127 42
2 1 1745 184.0000 -74.6400 2 1502 180.9800 -73.4100
2.2928054421e+00 -9.7609124782e-01 -7.3961477074e+00
152 127 42
2 1 1746 184.0000 -74.6400 2 1501 180.9800 -73.4100
1.6732726508e+00 -1.9817384092e+00 -9.7907539707e+00
69 70 86
2 1 1755 103.1300 -117.1100 2 1282 97.6300 -80.9700
2.1242911450e+00 -1.8882199774e+00 -8.3576811845e+00
21 14 15
2 1 1759 151.8100 -127.4400 2 1510 141.5200 -107.6300
2.1242911450e+00 -1.8882199774e+00 -8.3576811845e+00
21 14 15
2 1 1760 151.8100 -127.4400 2 1509 141.5200 -107.6300
-1.3942309822e+00 -3.6910288731e+00 -1.4305788975e+01
82 47 21
2 1 1769 -64.0800 -155.3600 2 1499 -66.5200 -71.3000
-1.2552612507e+00 -3.8619207427e+00 -1.4234635723e+01
82 41 17
2 1 1773 -58.0800 -163.0900 2 1281 -62.3200 -79.4700
-2.0735129205e+00 -4.6977015521e+00 -1.4674975602e+01
15 15 20
2 1 1777 -90.8300 -192.4900 2 1508 -97.0400 -100.2600
-2.2239519242e+00 -4.9309215023e+00 -1.4770696122e+01
13 13 18
2 1 1780 -96.6900 -200.7100 2 1300 -103.3000 -106.5700
-1.7271295297e+00 -5.9551564632e+00 -1.6104103940e+01
10 9 14
2 1 1784 -73.2300 -223.0500 2 1308 -84.1600 -126.0300
1.2176334538e+00 -3.8729613216e+00 -9.8534182406e+00
107 81 89
2 1 1785 75.4400 -224.2000 2 1525 54.5100 -171.9000
2.3330929037e+00 2.0096309442e+00 -6.0045109300e+00
211 45 60
2 1 1802 225.5600 167.4300 2 1413 271.0400 135.3300
2.5057801254e+00 1.4289646585e+00 -5.6506135020e+00
211 47 63
2 1 1816 253.1700 123.1100 2 1604 287.8000 80.6800
-1.9751088708e+00 4.0122089170e+00 -2.2485108305e+01
85 80 105
2 1 1820 -69.7600 112.2500 2 1552 -36.9800 211.7700
2.5901683778e+00 1.1971895229e+00 -5.3962706795e+00
188 137 140
2 1 1822 270.8200 105.7200 2 1618 300.6200 56.4400
2.5901683778e+00 1.1971895229e+00 -5.3962706795e+00
188 137 140
2 1 1823 270.8200 105.7200 2 1619 300.6200 56.4400
-8.1309872152e+00 2.0437785072e+00 -2.0030542302e+01
6 5 5
2 1 1835 -264.7600 64.0800 2 1563 -239.4000 185.7500
-8.1309872152e+00 2.0437785072e+00 -2.0030542302e+01
6 5 5
2 1 1836 -264.7600 64.0800 2 1564 -239.4000 185.7500
-2.1858926898e+00 6.6105617164e-01 -5.7609881665e+00
242 184 197
2 1 1838 -171.6000 56.7700 2 1449 -140.7900 77.5700
-7.7416128283e+00 1.3701196835e+00 -1.8940292942e+01
5 6 1
2 1 1840 -264.4200 45.3700 2 1573 -240.7000 164.1000
-6.5676020051e+00 7.7345622168e-01 -1.8947311198e+01
5 13 24
2 1 1845 -226.5300 25.8700 2 1581 -204.6300 138.9700
-7.8684227261e-01 7.5842961712e-02 -6.1928866961e+00
25 15 21
2 1 1857 -43.0700 2.4300 2 1474 -21.4300 14.4100
-1.3985594779e+00 -3.6735450674e-02 -5.4231995088e+00
207 147 163
2 1 1860 -102.4900 -8.2800 2 1486 -80.5800 -0.4600
2.7356284173e-01 -2.1964488396e-01 -6.1796523802e+00
195 30 54
2 1 1861 49.1200 -23.1300 2 1633 61.8900 -22.5600
2.7356284173e-01 -2.1964488396e-01 -6.1796523802e+00
195 30 54
2 1 1862 49.1200 -23.1300 2 1634 61.8900 -22.5600
2.6846807015e+00 -3.6938250140e-01 -5.4379178199e+00
201 174 52
2 1 1865 277.6500 -39.0800 2 1643 274.3000 -79.9200
2.6846807015e+00 -3.6938250140e-01 -5.4379178199e+00
201 174 52
2 1 1866 277.6500 -39.0800 2 1644 274.3000 -79.9200
2.3408442880e+00 -1.0982216306e+00 -7.1340769095e+00
128 88 50
2 1 1878 193.7500 -86.0000 2 1647 187.9000 -87.8600
-1.4402549085e+00 -3.3863472723e+00 -1.4207457369e+01
83 42 17
2 1 1887 -66.0100 -143.5800 2 1641 -67.3000 -60.5700
-2.8242821680e+00 -4.4761668579e+00 -1.5195526422e+01
126 42 21
2 1 1890 -119.5000 -178.0500 2 1735 -121.5200 -81.5700
-3.4461552598e+00 -4.5790075168e+00 -1.5345681348e+01
121 44 19
2 1 1891 -143.0000 -180.4200 2 1645 -144.4900 -80.1300
2.4646921829e+00 -4.2129995037e+00 -1.3236658790e+01
48 47 67
2 1 1892 105.6000 -187.1600 2 1516 87.9700 -127.6100
8.1662449434e-01 -3.6124173853e+00 -9.6847593502e+00
132 112 124
2 1 1895 54.1500 -213.1700 2 1653 36.2600 -160.4400
3.4266943853e+00 -3.6321574234e+00 -9.0445701141e+00
110 103 91
2 1 1898 215.6700 -222.0900 2 1657 183.0900 -194.4100
2.3794477195e+00 1.8981726993e+00 -5.9443541298e+00
203 50 55
2 1 1910 231.4600 159.0500 2 1687 275.0500 124.9300
2.5194787134e+00 1.7896348939e+00 -5.5686389817e+00
216 41 61
2 1 1911 257.4000 156.7700 2 1692 298.9300 112.3100
-7.4893508058e+00 2.7003860721e+00 -1.9384446651e+01
8 8 8
2 1 1922 -251.0800 86.9700 2 1669 -223.8100 206.0100
4.4249692189e-01 1.0850731725e+00 -6.4475622951e+00
228 201 209
2 1 1923 60.3600 86.3300 2 1696 91.2700 84.7800
5.4706072841e-01 1.0427427897e+00 -6.5505935986e+00
83 1 5
2 1 1925 67.5200 81.6900 2 1603 97.8000 80.6700
-3.5612241910e-01 9.4237111378e-01 -6.4524946062e+00
73 70 88
2 1 1927 -7.0800 74.8100 2 1699 25.1900 83.2200
-1.5589529936e-01 7.6722204902e-01 -6.3475254001e+00
61 5 9
2 1 1931 10.9200 60.9600 2 1613 39.2600 65.4500
2.3524747465e+00 4.1404706601e-01 -6.1180218284e+00
177 125 127
2 1 1943 225.0100 30.7700 2 1716 239.5500 2.7600
-4.9723548189e-01 3.4867802127e-01 -6.3364559229e+00
43 8 12
2 1 1949 -17.2400 25.7900 2 1620 4.8300 35.1600
2.7594210481e+00 1.7308090684e-01 -5.1606899293e+00
195 182 78
2 1 1952 296.6300 11.1200 2 1726 303.1800 -41.5000
-4.0216582843e-01 1.4288703888e-01 -6.4990364809e+00
100 2 7
2 1 1955 -9.6800 8.1600 2 1627 9.4100 19.6000
-1.1851375871e+00 -4.0875873034e+00 -1.4356487367e+01
11 11 13
2 1 1981 -55.0800 -171.1300 2 1646 -60.2700 -86.7900
-2.2532463177e+00 -4.2137367281e+00 -1.4492378726e+01
15 15 17
2 1 1982 -99.0900 -175.0300 2 1736 -102.6100 -83.8700
-2.3838197387e+00 -4.5132366497e+00 -1.4587807759e+01
13 12 17
2 1 1984 -104.0100 -186.1400 2 1741 -108.6000 -92.9900
-3.0155974570e+00 -4.9024326748e+00 -1.5021802091e+01
128 42 17
2 1 1986 -127.9200 -196.7300 2 1648 -131.4700 -97.9200
-2.5162130965e+00 -4.8052472784e+00 -1.4667061631e+01
18 18 18
2 1 1987 -109.0500 -196.9900 2 1743 -114.5500 -101.8700
-3.5200310282e+00 -5.2306856557e+00 -1.4893924517e+01
127 52 31
2 1 1990 -148.4600 -211.1500 2 1745 -153.0700 -108.6300
-7.3159938477e+00 2.9361942458e+00 -1.9740144613e+01
90 69 68
2 1 2011 -242.1300 92.9600 2 1754 -214.0200 211.7600
3.6376884865e-01 9.8397345385e-01 -6.5415226128e+00
63 2 2
2 1 2015 51.8600 76.9600 2 1700 83.2800 78.1600
-1.5301090378e+00 -3.9278078590e-02 -5.4408118095e+00
159 189 233
2 1 2024 -115.7500 -8.6200 2 1717 -91.8700 1.4500
2.0105298286e+00 -1.5739531526e+00 -8.3389378043e+00
16 15 13
2 1 2039 144.9100 -107.1600 2 1739 138.9100 -88.5900
8.4187643259e-02 -2.7268981142e+00 -1.0844376022e+01
13 13 13
2 1 2044 7.0700 -147.4900 2 1784 2.4000 -88.8600
2.2688215899e+00 2.3745547901e+00 -6.1737728382e+00
207 39 56
2 1 2052 214.2800 194.2600 2 1802 266.4000 167.4000
2.2511295251e+00 1.8414963726e+00 -6.4730511690e+00
198 146 48
2 1 2054 205.0500 145.0600 2 1812 245.5700 122.8800
2.2511295251e+00 1.8414963726e+00 -6.4730511690e+00
198 146 48
2 1 2055 205.0500 145.0600 2 1813 245.5700 122.8800
-4.5011829592e-01 5.9027215689e-01 -6.3181636802e+00
186 33 55
2 1 2066 -14.3800 46.1900 2 1861 13.1800 54.2500
-7.4584682194e-01 3.2322644686e-01 -6.3779874470e+00
93 1 7
2 1 2067 -38.5100 23.5600 2 1822 -15.8900 36.6200
-8.2027412568e+00 4.4046778348e-01 -1.8157844963e+01
6 6 8
2 1 2068 -288.9100 15.5000 2 1809 -267.6900 135.4000
2.3743702227e+00 -8.3156130769e-01 -6.9830059355e+00
177 155 44
2 1 2078 200.2300 -67.2100 2 1834 197.7500 -73.4300
2.5598236223e+00 -1.0243892621e+00 -6.1898602193e+00
187 162 46
2 1 2080 238.1000 -89.9500 2 1837 227.9300 -108.9300
2.3562041809e+00 -1.3894566549e+00 -7.1955049170e+00
173 148 45
2 1 2084 193.2900 -106.9300 2 1836 183.0200 -105.9200
2.1046454402e+00 3.0761223832e+00 -7.2618432417e+00
194 174 115
2 1 2087 173.5800 223.1200 2 1846 229.6800 219.4400
-8.0866378565e+00 6.6348000969e-02 -1.8913338890e+01
58 51 69
2 1 2105 -275.9700 2.8100 2 1854 -256.0500 122.6600
-8.0866378565e+00 6.6348000969e-02 -1.8913338890e+01
58 51 69
2 1 2106 -275.9700 2.8100 2 1853 -256.0500 122.6600
-6.9559478064e+00 -4.3266769288e-01 -1.7258936452e+01
6 6 6
2 1 2109 -257.3000 -15.0100 2 1857 -238.7900 98.2200
2.6252511451e+00 -8.5117713135e-01 -6.0330451956e+00
30 12 0
2 1 2117 249.1900 -76.9600 2 1874 240.3100 -100.9800
-1.2590030894e+00 -3.6916256543e+00 -1.4381883796e+01
76 33 14
2 1 2122 -57.9800 -154.5400 2 1872 -61.2700 -71.1700
-6.3839075645e+00 -3.1254497366e-01 -1.7230422750e+01
108 95 112
2 1 2138 -237.4100 -10.7800 2 1882 -218.8700 99.5500
-3.3503332132e-01 -2.6337741576e+00 -1.1880043736e+01
9 9 11
2 1 2140 -16.9100 -131.6100 2 1871 -18.0700 -65.7900
1.6880360746e+00 -3.2133679239e-01 -6.6234974793e+00
144 92 109
2 1 2148 158.4000 -29.6100 2 1884 163.0200 -37.4900
-1.2575141723e+00 5.7559289098e-02 -5.5087333552e+00
202 144 162
2 1 2158 -88.3900 0.8000 2 1911 -65.5400 7.7300
1.9487856293e-02 -3.2239961858e+00 -1.0713983757e+01
14 14 17
2 1 2163 4.6200 -175.4900 2 1916 -5.2400 -114.4700
8.7474045137e-01 6.2403832861e-01 -5.6937361226e+00
206 146 160
2 1 2166 109.3300 52.3700 2 1921 132.9100 32.6700
2.1997930018e+00 -2.5645217870e+00 -8.6152696941e+00
144 140 166
2 1 2179 151.2800 -167.1300 2 1933 134.2700 -140.7400
1.5832156836e+00 6.2626475427e+00 -1.6121706690e+01
43 39 54
2 1 11 51.0000 232.3400 0 231 37.5600 137.8800
-2.6086899530e-02 6.9859671615e+00 -1.8628349371e+01
1 12 31
2 1 16 -11.9200 228.7100 0 259 -25.3000 127.3400
-2.1426348406e-01 6.9175106985e+00 -1.8789259894e+01
16 47 86
2 1 27 -18.0700 224.8900 0 267 -31.8300 123.5500
8.0743861927e-01 7.0900559040e+00 -1.9273377742e+01
26 27 42
2 1 30 13.7800 224.5900 0 272 -0.4400 120.2400
2.5556495468e+00 1.4114931060e+00 -5.5594133851e+00
226 168 185
2 1 197 261.3400 122.8300 0 209 270.5500 146.3600
2.2415373356e+00 1.4979513517e+00 -7.0782385147e+00
200 150 66
2 1 212 188.3300 109.7100 0 301 190.0500 101.1400
-7.5925711178e+00 3.2675296135e+00 -2.0314375422e+01
86 65 65
2 1 233 -245.0500 100.6800 0 475 -271.0400 9.7400
-6.5177470639e+00 2.8429787479e+00 -2.1206944237e+01
26 24 27
2 1 263 -205.4700 84.5000 0 1185 -231.9800 -11.2300
-1.3901811257e+00 5.9646341654e-01 -5.3226997580e+00
231 178 197
2 1 318 -102.6000 53.6500 0 291 -116.9300 107.9700
-6.9091654390e-01 6.7225264077e-01 -6.4777198429e+00
182 147 159
2 1 321 -34.1100 52.4000 0 1060 -44.3300 69.2600
2.4740802838e+00 6.6775588419e-01 -6.2175283144e+00
162 130 26
2 1 327 231.2300 51.4800 0 380 241.5100 59.8300
-6.7086332342e+00 1.4936646896e+00 -1.8712090096e+01
33 24 25
2 1 328 -233.1800 49.9600 0 535 -264.4100 -37.3800
-1.7993984226e+00 4.8122538691e-01 -5.4346093014e+00
145 87 109
2 1 339 -141.0600 41.8100 0 1032 -161.0500 94.1500
-5.8674568791e-01 4.0741814735e-01 -6.3015464311e+00
183 154 174
2 1 357 -25.3200 30.8500 0 1085 -35.0500 50.8100
8.7599295884e-01 3.6302157811e-01 -5.4430350011e+00
137 86 108
2 1 364 114.5800 29.4200 0 1064 121.3400 65.9100
-1.1043012054e+00 2.8720253385e-01 -5.5536922591e+00
92 42 59
2 1 387 -73.5700 22.5800 0 1548 -86.8200 66.2800
-7.2906122869e+00 -2.6731340275e-01 -1.7287852620e+01
46 44 54
2 1 454 -268.5500 -9.0600 0 592 -309.9700 -92.5400
1.8792994971e+00 -1.5381041990e-01 -6.4835899242e+00
149 90 103
2 1 469 175.9700 -16.5900 0 1188 185.2300 -15.0100
-1.8684820146e+00 -1.3345352481e-01 -5.4848063846e+00
204 144 159
2 1 470 -147.0700 -17.4300 0 435 -173.7600 29.6800
-1.2727894747e+00 -1.3381678648e-01 -5.4802225184e+00
185 136 149
2 1 471 -89.9500 -17.5500 0 1121 -108.4700 26.5600
-1.1427020536e+00 -1.5066681500e-01 -5.5713308582e+00
141 97 110
2 1 475 -76.9200 -18.8900 0 449 -93.9100 21.4100
-1.5109147271e+00 -1.9842514314e-01 -5.4368837573e+00
170 114 136
2 1 481 -113.3800 -23.8900 0 1130 -135.5400 22.3400
-1.3946889232e+00 -1.9878875608e-01 -5.4486306834e+00
181 127 141
2 1 482 -102.0500 -23.8900 0 1133 -122.5500 21.3200
2.7062585355e+00 -2.9415142329e-01 -5.4044749037e+00
148 146 105
2 1 495 280.7900 -32.3100 0 1180 306.7800 -8.7400
2.7062585355e+00 -2.9415142329e-01 -5.4044749037e+00
148 146 105
2 1 496 280.7900 -32.3100 0 1181 306.7800 -8.7400
1.9142786664e+00 -3.7822291213e-01 -6.5688912782e+00
132 86 98
2 1 501 176.3500 -34.4700 0 1204 186.3700 -36.5100
2.5873945134e+00 -3.9844443554e-01 -5.9701446674e+00
97 64 10
2 1 504 248.6400 -38.8400 0 1198 268.4400 -30.2200
-3.7779436467e+00 -1.2912668125e+00 -1.5919856823e+01
16 15 21
2 1 512 -153.1100 -49.5600 0 661 -188.1100 -136.2900
-3.7779436467e+00 -1.2912668125e+00 -1.5919856823e+01
16 15 21
2 1 513 -153.1100 -49.5600 0 660 -188.1100 -136.2900
-7.9868745985e-01 -1.2583636855e+00 -1.3240198684e+01
31 40 59
2 1 519 -39.4600 -57.5900 0 1282 -63.0200 -135.0600
-7.9868745985e-01 -1.2583636855e+00 -1.3240198684e+01
31 40 59
2 1 520 -39.4600 -57.5900 0 1283 -63.0200 -135.0600
-8.4418178438e+00 -2.1540973710e+00 -2.1102773965e+01
36 31 34
2 1 530 -262.5500 -62.5800 0 735 -310.6800 -164.2900
-8.4418178438e+00 -2.1540973710e+00 -2.1102773965e+01
36 31 34
2 1 531 -262.5500 -62.5800 0 736 -310.6800 -164.2900
-2.3688743963e+00 -1.6798172032e+00 -1.6433702904e+01
11 11 18
2 1 533 -97.2400 -62.5300 0 1317 -127.7700 -155.4300
-5.4221421476e-01 -1.5017646837e+00 -1.3353094595e+01
27 31 43
2 1 548 -27.7500 -68.0000 0 677 -51.0400 -147.8400
2.3314817383e+00 -9.1002565628e-01 -7.2568814240e+00
161 141 50
2 1 554 190.4000 -70.9600 0 1245 200.1800 -91.9300
2.0491270200e-01 -1.5536619025e+00 -1.3195284747e+01
10 8 6
2 1 555 5.8400 -70.9600 0 685 -13.5600 -151.4600
2.0491270200e-01 -1.5536619025e+00 -1.3195284747e+01
10 8 6
2 1 556 5.8400 -70.9600 0 686 -13.5600 -151.4600
2.3275079482e+00 -9.3018842880e-01 -7.3358936632e+00
87 66 8
2 1 558 187.8700 -71.7300 0 1247 197.7200 -94.3300
-3.4121389836e+00 -1.9295062339e+00 -1.6204000006e+01
8 8 10
2 1 559 -137.3800 -72.7800 0 734 -172.8100 -164.1500
1.1807201492e-01 -1.6158403162e+00 -1.3408728865e+01
30 28 24
2 1 561 1.6900 -72.7100 0 1313 -18.9300 -154.5800
1.1807201492e-01 -1.6158403162e+00 -1.3408728865e+01
30 28 24
2 1 562 1.6900 -72.7100 0 1314 -18.9300 -154.5800
2.4249937244e-01 -1.6302914089e+00 -1.3352945467e+01
26 25 21
2 1 563 7.2300 -73.6000 0 698 -12.5300 -155.4600
2.4249937244e-01 -1.6302914089e+00 -1.3352945467e+01
26 25 21
2 1 564 7.2300 -73.6000 0 699 -12.5300 -155.4600
2.3739643238e+00 -9.5315298554e-01 -7.1220478982e+00
173 150 45
2 1 567 196.6100 -75.2100 0 1246 208.2700 -94.5000
-2.5619480611e+00 -2.0602027545e+00 -1.6410689008e+01
8 8 10
2 1 569 -104.3900 -76.7600 0 760 -136.8800 -170.9300
1.5008159946e+00 -1.3547092393e+00 -1.0190298810e+01
22 13 17
2 1 577 89.0700 -78.1000 0 663 81.4000 -137.5900
2.3642494459e+00 -1.0383679363e+00 -7.2052837632e+00
155 120 61
2 1 579 193.6600 -80.8100 0 1253 205.1000 -102.3600
1.9487678527e+00 -1.2269846731e+00 -8.6945833951e+00
30 26 30
2 1 580 135.4900 -81.3300 0 1274 135.4000 -124.8300
2.6218231336e+00 -8.8707629188e-01 -5.8061046742e+00
53 29 0
2 1 583 256.9600 -82.4500 0 575 282.5700 -74.9400
2.3540204711e+00 -1.0938191192e+00 -7.2231138333e+00
99 64 31
2 1 585 192.4700 -84.7700 0 1264 203.8500 -107.1300
-4.2521155547e+00 -2.2838015036e+00 -1.6202361833e+01
6 5 10
2 1 586 -168.7800 -86.0600 0 783 -209.2800 -177.7300
-4.2521155547e+00 -2.2838015036e+00 -1.6202361833e+01
6 5 10
2 1 587 -168.7800 -86.0600 0 784 -209.2800 -177.7300
-3.3864587521e+00 -2.3473565677e+00 -1.6277262629e+01
8 8 9
2 1 590 -135.8900 -88.1100 0 794 -172.5800 -181.8200
-2.7512187533e+00 -2.4158011208e+00 -1.6509042947e+01
6 6 6
2 1 591 -111.0100 -89.4600 0 807 -145.1500 -185.4100
-3.5764495541e+00 -2.5530673162e+00 -1.6374353551e+01
7 7 9
2 1 594 -142.3700 -95.2600 0 822 -180.4900 -190.0900
2.2943072929e+00 -1.4668804045e+00 -7.5627664270e+00
33 15 0
2 1 608 179.9700 -108.2900 0 1291 189.5300 -139.7800
2.2943072929e+00 -1.4668804045e+00 -7.5627664270e+00
33 15 0
2 1 609 179.9700 -108.2900 0 1292 189.5300 -139.7800
1.6107359631e+00 -1.8487335445e+00 -9.8502659234e+00
39 13 16
2 1 610 98.8500 -108.8900 0 756 92.9800 -169.4200
1.8561644400e+00 -2.0074238173e+00 -9.2244501395e+00
52 38 55
2 1 629 121.2700 -124.6900 0 1361 119.3500 -181.2000
1.8561644400e+00 -2.0074238173e+00 -9.2244501395e+00
52 38 55
2 1 630 121.2700 -124.6900 0 1362 119.3500 -181.2000
1.9312972448e+00 -1.9830468237e+00 -9.0433959159e+00
44 39 56
2 1 634 128.3300 -125.2200 0 1359 127.9900 -179.8500
1.7196808507e+00 -2.1123097191e+00 -9.6376605995e+00
104 85 98
2 1 637 107.7100 -126.3200 0 813 103.1700 -187.5300
1.8985695039e+00 -2.2462616856e+00 -9.1571997480e+00
124 105 122
2 1 666 124.5600 -139.9200 0 837 123.6600 -198.4200
-1.3678806368e-01 6.2977574108e+00 -1.8749987164e+01
11 16 35
2 1 834 -15.7100 205.5200 0 1024 -29.9300 105.5000
1.9467591895e+00 2.4291176545e+00 -7.4942357210e+00
193 164 93
2 1 867 157.0900 172.1700 0 972 154.4900 154.6900
-7.5623567731e+00 4.9664167713e+00 -2.1540511746e+01
82 65 77
2 1 894 -232.4200 144.3800 0 1560 -253.2300 48.8800
-6.4422167245e+00 3.8391330442e+00 -2.2255539231e+01
84 69 88
2 1 928 -195.6900 108.8200 0 1148 -219.2700 9.9500
-6.9093541044e+00 3.7987844415e+00 -2.2113947598e+01
80 60 73
2 1 930 -210.2300 108.2700 0 473 -233.4600 10.5000
-8.4924756249e+00 3.1186060035e+00 -2.0771331122e+01
25 25 33
2 1 944 -267.3700 94.1800 0 1160 -295.2200 3.0300
-7.1586699536e+00 2.7432872538e+00 -2.1300448841e+01
8 7 8
2 1 962 -223.5900 81.2300 0 512 -250.9600 -13.8900
-7.3900910809e+00 2.4349498334e+00 -1.9343412336e+01
20 15 15
2 1 968 -248.6900 78.6300 0 1179 -277.2400 -9.2800
-7.1463951858e+00 2.5399405393e+00 -2.1307600965e+01
11 11 13
2 1 970 -223.2800 75.2600 0 1191 -251.1800 -20.0000
-8.1302949003e+00 1.5604366684e+00 -1.9321220632e+01
11 10 13
2 1 993 -272.2700 50.7200 0 1202 -306.1200 -36.6600
-8.1302949003e+00 1.5604366684e+00 -1.9321220632e+01
11 10 13
2 1 994 -272.2700 50.7200 0 1203 -306.1200 -36.6600
-2.0618009823e+00 5.7841861695e-01 -5.7028639724e+00
232 177 188
2 1 997 -161.6500 49.4300 0 1031 -183.2200 94.5600
-1.0265477123e+00 3.9822611187e-01 -5.5349024953e+00
81 31 42
2 1 1021 -66.3800 33.1700 0 1817 -77.8200 77.5600
-1.4064413350e+00 2.3051599841e-01 -5.4540214148e+00
230 205 224
2 1 1050 -102.9700 17.4700 0 1063 -120.5100 65.8400
-5.7981192386e+00 3.0251731426e-01 -1.8641381867e+01
20 35 68
2 1 1058 -204.0000 10.5700 0 1236 -237.7100 -79.9100
-1.6430174526e+00 1.4431791553e-01 -5.4435214704e+00
170 222 251
2 1 1061 -125.9500 9.2200 0 1077 -147.0800 58.7000
-6.4260340615e+00 1.0441076266e-01 -1.7326905019e+01
55 39 51
2 1 1066 -237.8900 4.0900 0 1237 -274.8900 -80.1400
-6.6291214860e+00 8.5905002619e-02 -1.8875049346e+01
54 43 52
2 1 1067 -228.9600 3.4300 0 1659 -265.7300 -87.1200
-6.4200230902e+00 -1.8695176511e-01 -1.7105225808e+01
45 36 44
2 1 1084 -240.1300 -6.3700 0 1244 -278.4900 -90.3200
-1.5404965189e+00 -1.0896090139e-01 -5.4535638478e+00
203 138 155
2 1 1095 -115.6500 -15.2000 0 1580 -138.2000 31.4600
1.5223228508e+00 -1.7695391740e-01 -6.5815637942e+00
102 57 60
2 1 1100 145.5000 -18.2900 0 1624 151.3300 -17.4900
-1.4419535234e+00 -1.6064905638e-01 -5.4430910338e+00
208 146 159
2 1 1103 -106.6100 -20.2300 0 1126 -127.5700 25.7800
-2.6573857120e-01 -2.4030419916e-01 -6.2812762224e+00
181 28 50
2 1 1111 2.2100 -24.6000 0 1183 -6.6500 -9.5300
-2.4139378410e+00 -1.5255727360e+00 -1.6254522041e+01
8 33 55
2 1 1128 -99.3900 -57.4000 0 1712 -130.0900 -148.8300
-2.3292842462e+00 -1.6012304843e+00 -1.6379150961e+01
3 36 66
2 1 1132 -95.9900 -59.8000 0 1308 -126.1200 -152.2100
-2.3292842462e+00 -1.6012304843e+00 -1.6379150961e+01
3 36 66
2 1 1133 -95.9900 -59.8000 0 1309 -126.1200 -152.2100
-7.6313679535e-01 -1.3349718095e+00 -1.3294157843e+01
13 19 41
2 1 1137 -37.8200 -60.8100 0 1290 -61.4500 -139.0600
2.4440215765e+00 -7.4659900362e-01 -6.7661525884e+00
178 154 59
2 1 1138 211.6900 -62.2800 0 1651 225.4700 -73.2900
-8.5665101191e-01 -1.3834475533e+00 -1.3329392264e+01
31 38 61
2 1 1140 -41.8100 -62.8500 0 1703 -66.3800 -141.3700
2.2894421335e+00 -8.1403306967e-01 -7.4128401747e+00
25 22 8
2 1 1141 183.5200 -62.7200 0 1658 191.9500 -85.4000
-6.3663422665e+00 -1.9809344468e+00 -1.8927663986e+01
46 40 47
2 1 1142 -220.1000 -64.2000 0 1326 -263.2700 -161.4500
2.4390037625e+00 -7.8823427887e-01 -6.8351074302e+00
113 86 60
2 1 1143 209.1400 -64.9400 0 1654 222.9100 -77.7200
1.9280415179e+00 -1.0973883529e+00 -8.7630031233e+00
11 10 10
2 1 1149 132.8200 -72.4900 0 1691 132.7200 -115.8300
2.2763561426e+00 -9.7677550602e-01 -7.5846502234e+00
131 111 37
2 1 1150 178.5300 -73.1500 0 1252 186.3200 -99.9900
2.5966154883e+00 -8.7239231777e-01 -5.8384853917e+00
192 172 53
2 1 1156 253.7400 -80.8700 0 1652 278.5200 -73.8300
1.6858336210e+00 -1.8018067616e+00 -9.6396706618e+00
60 52 61
2 1 1169 105.6700 -108.1500 0 1728 101.0700 -166.4500
1.6858336210e+00 -1.8018067616e+00 -9.6396706618e+00
60 52 61
2 1 1170 105.6700 -108.1500 0 1729 101.0700 -166.4500
1.6124728601e+00 -1.9568419124e+00 -9.8866561140e+00
57 10 20
2 1 1178 98.7100 -114.7700 0 1738 92.3500 -176.5300
1.7926805563e+00 -2.1458541356e+00 -9.4672962603e+00
114 100 114
2 1 1192 114.2200 -130.2100 0 1370 110.7400 -190.3000
1.7695186558e+00 -2.1863572914e+00 -9.5170962185e+00
107 101 124
2 1 1194 112.1900 -132.0300 0 1747 108.3700 -192.9500
1.7695186558e+00 -2.1863572914e+00 -9.5170962185e+00
107 101 124
2 1 1195 112.1900 -132.0300 0 1748 108.3700 -192.9500
1.7695186558e+00 -2.1863572914e+00 -9.5170962185e+00
107 101 124
2 1 1196 112.1900 -132.0300 0 1749 108.3700 -192.9500
2.4102635890e+00 -2.5347177193e+00 -7.4994514715e+00
87 72 46
2 1 1231 187.6500 -184.4800 0 1950 203.6300 -230.2500
-1.5179051940e-01 6.7549559829e+00 -1.8649825702e+01
0 16 37
2 1 1278 -16.0900 221.1700 0 1499 -29.6500 120.4600
-1.5179051940e-01 6.7549559829e+00 -1.8649825702e+01
0 16 37
2 1 1279 -16.0900 221.1700 0 1500 -29.6500 120.4600
2.0065476303e+00 2.7596463948e+00 -7.1064477323e+00
193 145 53
2 1 1284 169.2800 203.7900 0 1436 167.1300 190.4300
-2.0330677009e-01 6.1677183726e+00 -1.8777489490e+01
8 28 61
2 1 1286 -17.9300 201.1300 0 1516 -32.2700 101.3800
7.4881965547e-01 1.7803933306e+00 -7.2567282116e+00
100 38 40
2 1 1340 75.3600 130.5100 0 1792 70.2900 124.2700
-7.1172385079e+00 2.7090406538e+00 -1.9677577866e+01
28 23 23
2 1 1383 -236.6900 86.0900 0 1610 -263.9500 -3.4300
-7.1151743058e+00 2.4994018253e+00 -1.9606811032e+01
28 22 22
2 1 1397 -237.3000 79.7600 0 1619 -265.4300 -9.6000
2.2437413753e+00 1.0150182446e+00 -7.0947614362e+00
140 91 28
2 1 1399 188.2900 73.1500 0 1550 191.6400 64.5800
2.4353816450e+00 8.3525971085e-01 -6.3205852972e+00
161 128 33
2 1 1405 224.9200 64.6900 0 1540 233.2300 71.1200
2.4353816450e+00 8.3525971085e-01 -6.3205852972e+00
161 128 33
2 1 1406 224.9200 64.6900 0 1541 233.2300 71.1200
-6.6456651388e+00 8.8635322756e-01 -1.7999488373e+01
36 27 29
2 1 1434 -238.3600 30.8600 0 1641 -272.1100 -54.4200
2.5297718864e+00 2.5604778305e-01 -6.0574945398e+00
81 55 17
2 1 1442 241.1900 17.3200 0 1585 255.2800 28.0800
-1.4986669499e+00 2.2148759145e-01 -5.4271504185e+00
145 192 234
2 1 1443 -112.3200 16.6700 0 1821 -130.7300 66.4000
-2.7856775540e-01 1.5074035171e-01 -6.4776864280e+00
191 27 51
2 1 1452 0.1300 8.7200 0 1849 -8.1600 21.6300
2.6803116451e+00 -4.9563557476e-01 -5.4769523552e+00
200 174 53
2 1 1494 275.6700 -50.5200 0 1879 301.7800 -30.4300
-2.5394851365e+00 -1.8302359356e+00 -1.6385504888e+01
6 6 5
2 1 1501 -103.5200 -68.3100 0 1922 -135.5900 -161.3800
1.5895631770e+00 -1.8487713963e+00 -9.9358344681e+00
47 18 24
2 1 1510 96.5700 -108.0700 0 1925 90.4700 -169.3700
1.9054335311e+00 -2.0493767946e+00 -9.0783655218e+00
103 96 115
2 1 1517 126.3600 -128.9300 0 1936 125.4400 -184.5000
6.0200725977e-02 6.7687460758e+00 -1.8616898706e+01
5 10 15
2 1 1575 -9.1000 221.8400 0 1795 -22.7600 120.8900
2.5028154587e+00 1.7073695891e+00 -5.5601700860e+00
205 94 42
2 1 1603 256.1700 149.5800 0 1779 263.6400 171.9300
-8.2433842370e+00 4.5144515137e+00 -2.0585332585e+01
5 5 7
2 1 1611 -261.3200 136.7900 0 1832 -283.7000 45.7100
-8.1179743923e+00 4.3733812799e+00 -2.0656113918e+01
26 29 47
2 1 1618 -256.9700 132.1900 0 1833 -279.7600 40.7300
-8.1179743923e+00 4.3733812799e+00 -2.0656113918e+01
26 29 47
2 1 1619 -256.9700 132.1900 0 1834 -279.7600 40.7300
-8.8704815354e+00 4.1982159913e+00 -2.1745732576e+01
59 53 65
2 1 1632 -267.9700 121.1600 0 1842 -292.6500 27.3600
-8.8295214903e+00 4.1330691579e+00 -2.2130699405e+01
5 5 5
2 1 1635 -262.3600 117.5400 0 1847 -288.8400 22.4000
2.5899214333e+00 1.2746265759e+00 -5.3578540622e+00
219 39 60
2 1 1640 272.7200 113.3500 0 1983 284.0500 142.6400
2.6476577893e+00 1.1774017493e+00 -5.2142881599e+00
232 127 73
2 1 1647 283.9400 106.2700 0 1985 297.4800 139.5400
-8.2373261614e+00 2.1885272593e+00 -1.9926742013e+01
30 29 45
2 1 1676 -268.9400 68.8900 0 1626 -299.9300 -20.0500
-1.6090803566e+00 1.3698727345e-01 -5.4779389204e+00
15 22 59
2 1 1700 -122.2000 8.4800 0 2011 -143.0500 56.5600
2.5691397685e+00 1.2022979518e-01 -6.1401374394e+00
200 171 60
2 1 1704 240.7800 5.9000 0 2155 256.7200 13.6000
1.5547777283e-01 -2.7152792899e-01 -6.2564118586e+00
173 26 38
2 1 1723 37.9600 -27.3000 0 1872 34.1200 -13.8400
2.4912412439e+00 -4.2856494348e-01 -5.9652438805e+00
151 112 113
2 1 1731 240.7100 -41.4500 0 2036 260.4300 -32.6400
-4.2396310954e+00 -2.3726408118e+00 -1.6189899383e+01
44 44 54
2 1 1748 -168.4800 -89.4700 0 1935 -209.0900 -181.5500
-1.7803440856e+00 -2.9813948384e+00 -1.3921708972e+01
18 13 15
2 1 1761 -81.5700 -129.0900 0 1946 -114.5100 -219.1000
2.3460984506e+00 2.2644429122e+00 -6.1482337068e+00
175 103 115
2 1 1800 221.5900 185.6500 0 1960 223.9000 191.7200
2.5540277830e+00 1.4226098959e+00 -5.5837857427e+00
194 145 162
2 1 1812 259.8500 123.5400 0 2116 269.6000 146.2400
2.5540277830e+00 1.4226098959e+00 -5.5837857427e+00
194 145 162
2 1 1813 259.8500 123.5400 0 2117 269.6000 146.2400
-8.9408604926e+00 3.9282030295e+00 -2.1528542358e+01
6 5 6
2 1 1818 -272.4000 114.4700 0 2023 -297.7500 21.5400
-7.3127874753e+00 3.7116419497e+00 -2.0391240532e+01
22 20 23
2 1 1819 -235.7000 113.8300 0 2022 -259.8800 22.1700
-6.9539397188e+00 3.5854231696e+00 -2.1846003732e+01
31 26 31
2 1 1825 -213.1200 103.4300 0 2031 -237.8100 6.5000
-1.7383894166e+00 2.6591868034e-01 -5.4569631396e+00
230 170 181
2 1 1847 -135.7800 20.9100 0 2141 -155.4100 71.1600
-3.4998615471e-01 2.6474821869e-01 -6.4607718643e+00
193 30 49
2 1 1849 -4.9700 18.2300 0 2152 -15.0000 32.5900
2.3902718703e+00 1.8909167956e-01 -6.0098324776e+00
156 109 103
2 1 1853 230.9400 11.8400 0 2021 245.9400 23.9100
-8.3027936033e+00 -1.9268959020e+00 -2.0824101723e+01
56 47 62
2 1 1872 -261.5300 -56.6700 0 2198 -308.3700 -156.9700
-4.1709870432e+00 -2.6722580760e+00 -1.6146324627e+01
37 36 44
2 1 1881 -166.2800 -100.9900 0 2087 -207.5000 -194.5700
2.1744874216e+00 -1.8163023238e+00 -8.1721170714e+00
131 128 147
2 1 1883 158.6400 -124.9600 0 2201 164.5600 -168.4700
-1.7807864869e+00 -3.0403155521e+00 -1.3995696390e+01
15 15 14
2 1 1884 -81.4200 -130.9700 0 2207 -114.3700 -221.7400
-4.1074944505e+00 -3.1586492419e+00 -1.4520999141e+01
112 58 55
2 1 1885 -176.8100 -131.5600 0 2097 -222.1800 -221.4000
-7.0856838947e+00 2.4082363303e+00 -2.1063392064e+01
11 9 12
2 1 1928 -223.5200 72.1500 0 2166 -251.8300 -22.4800
-8.1625138381e+00 1.7656171146e+00 -1.9467559339e+01
31 28 36
2 1 1932 -271.9000 56.8700 0 2167 -304.3200 -30.7700
-3.9444595945e-01 1.4379933951e-01 -6.4898495851e+00
100 2 7
2 1 1954 -9.6800 8.1600 0 2240 -18.8500 21.2400
-6.8144627179e+00 -5.8142983589e-01 -1.7223773015e+01
6 7 7
2 1 1960 -252.6100 -20.3400 0 2189 -294.0500 -105.2900
9.2577127028e-01 -2.2339845383e-01 -5.7497945826e+00
137 13 19
2 1 1963 112.4800 -24.8900 0 2242 119.2800 -1.3600
-1.0513924874e+00 -1.4143459742e+00 -1.3323057977e+01
16 22 36
2 1 1974 -50.8900 -64.2700 0 2260 -75.8300 -142.6000
-1.4673796929e+00 -2.3097826152e+00 -1.3802164187e+01
61 30 11
2 1 1978 -68.5900 -101.0600 0 2202 -97.6400 -186.5200
-7.5343215839e+00 4.6595457285e+00 -2.1295822950e+01
75 71 88
2 1 2001 -234.0000 136.9800 0 2234 -255.3200 42.3800
-7.5343215839e+00 4.6595457285e+00 -2.1295822950e+01
75 71 88
2 1 2002 -234.0000 136.9800 0 2235 -255.3200 42.3800
-6.0485871830e-01 2.8523311988e-01 -6.2839667420e+00
234 212 230
2 1 2020 -27.1000 20.4600 0 2236 -36.9500 40.3900
-1.2146717504e+00 -2.2950369858e-01 -5.5666520167e+00
167 121 138
2 1 2030 -83.7800 -26.3600 0 2289 -102.2400 13.7400
-6.3020163524e+00 -1.1381287145e+00 -1.7847500308e+01
53 45 56
2 1 2032 -228.2900 -38.8800 0 2304 -269.3300 -129.1800
2.4750439792e+00 -1.2942600871e+00 -6.6571058583e+00
175 152 50
2 1 2041 215.6900 -105.9600 0 2303 235.3100 -121.3700
-8.0814297016e+00 4.9222067610e+00 -2.1430039368e+01
8 8 9
2 1 2056 -248.3700 143.7000 0 2287 -269.4600 49.3800
-3.7201742329e+00 -2.6458135556e+00 -1.5193082603e+01
14 16 15
2 1 2083 -155.1700 -105.8300 0 2314 -196.6300 -196.0600
-9.6170446551e-01 8.1977224075e-02 -5.9308388871e+00
22 10 13
2 1 2103 -57.7900 3.0600 0 2325 -73.2700 33.3500
1.9976672762e+00 -1.5669147343e-01 -6.6108823625e+00
166 113 128
2 1 2170 182.3200 -16.5900 0 2393 190.9300 -18.1200
-6.9720264704e+00 2.1479464076e+00 -2.0772142618e+01
10 11 10
2 2 117 -197.1600 182.4400 0 1197 -251.7100 -28.7500
-7.1472443838e+00 8.2799053572e-01 -1.8018309856e+01
6 5 3
2 2 176 -232.9100 143.7500 0 1214 -290.2800 -55.7500
-7.8510270612e+00 5.3914719704e-01 -1.8378262015e+01
63 28 32
2 2 194 -253.1600 137.1200 0 566 -312.4800 -66.8000
-1.3866712249e+00 1.2052658607e+00 -1.9965928335e+01
78 72 90
2 2 208 -33.0900 128.6200 0 556 -79.0100 -62.1400
-1.1256409057e+00 3.5077826495e-01 -1.9136024612e+01
36 29 33
2 2 245 -29.3600 99.4200 0 588 -72.1200 -87.2800
2.2150374717e+00 1.2086887535e+00 -7.1990274143e+00
186 142 52
2 2 290 212.5700 77.4000 0 350 185.6100 76.4400
2.5828246457e+00 -3.1155486300e-01 -5.9615629034e+00
155 114 59
2 2 492 249.6000 -60.7800 0 1193 267.7900 -21.8800
2.6578041063e+00 -2.1162851168e-01 -5.6533092642e+00
145 112 17
2 2 493 267.8400 -61.0700 0 1176 288.4700 -6.1100
-6.5269261760e+00 1.9613461047e+00 -2.0974596845e+01
7 6 7
2 2 750 -182.9100 174.4500 0 531 -236.8400 -36.3400
-7.0940724121e-01 1.1558979164e+00 -1.9909626260e+01
22 12 19
2 2 791 -12.3600 123.8300 0 1223 -56.9100 -64.3900
-8.3572753616e+00 2.6033685478e+00 -2.0337359843e+01
45 42 52
2 2 1119 -241.9100 203.5900 0 1620 -297.3200 -9.7000
-9.2286561487e-01 1.0260299852e+00 -1.9804283427e+01
29 32 53
2 2 1180 -19.4700 120.7000 0 1650 -64.2100 -67.8300
2.1764376410e+00 2.5151348854e+00 -6.6739060361e+00
189 136 46
2 2 1380 244.2100 178.4300 0 2103 192.6600 189.4300
-9.3383809837e-01 1.2222506780e+00 -1.9967589271e+01
88 53 67
2 2 1584 -18.8700 126.9900 0 1888 -64.2900 -62.2200
-7.0371308216e+00 7.4579782288e-01 -1.7972262943e+01
2 3 6
2 2 1683 -230.0500 140.3900 0 2174 -287.1100 -58.6400
