# Bundle file v0.3
3 552
6.8050987527e+02 -1.5505456823e-01 5.0577311977e-03
9.9975920191e-01 -4.6908069232e-03 2.1436756517e-02
4.4328255306e-03 9.9991737444e-01 1.2066248348e-02
-2.1491585734e-02 -1.1968317417e-02 9.9969738977e-01
2.3747607068e-01 1.0894059475e-01 -5.5117640017e-01
6.7735237288e+02 -1.3914965163e-01 4.9207854992e-03
9.8759964299e-01 -3.6136856855e-02 -1.5277785421e-01
3.7442082873e-02 9.9928269116e-01 5.6739382472e-03
1.5246322701e-01 -1.1323900466e-02 9.8824426823e-01
-4.1289320573e-01 -3.6015904971e-01 -1.2305717136e+00
6.7644381131e+02 -1.3767327740e-01 -3.8277577609e-02
-9.6892927045e-01 -2.4727495165e-01 5.5827554063e-03
2.4489480905e-01 -9.5594929984e-01 1.6182542642e-01
-3.4678543370e-02 1.5816458018e-01 9.8680360975e-01
4.8636466367e-01 1.8830695286e+00 -1.1784095746e+00
-2.8727272439e+00 4.2775461159e+00 -1.1618596031e+01
51 12 8
2 0 3 -158.2200 230.6200 1 117 -82.3600 189.2800
2.7440504254e+00 1.7031216444e+00 -5.8797868506e+00
187 154 79
2 0 24 285.5200 175.9800 1 149 307.8600 138.4800
1.8789411859e+00 1.3806628011e+00 -5.6978190005e+00
151 108 104
2 0 35 209.5100 150.7200 1 206 228.0200 106.4800
-5.1013768361e+00 3.0919702287e+00 -1.3739520892e+01
27 23 34
2 0 42 -240.9500 140.4000 1 207 -148.5100 105.4700
-1.0443847623e+00 8.7815392711e-01 -4.1595218193e+00
208 156 169
2 0 48 -128.8400 133.4600 1 263 -102.8900 55.6500
-6.3580539477e-01 7.8933439006e-01 -4.2145044039e+00
213 153 167
2 0 65 -69.8000 119.7900 1 279 -52.4400 47.0000
-7.0715790534e-01 7.7626925983e-01 -4.1677837484e+00
184 132 148
2 0 67 -80.6200 119.2100 1 281 -62.2300 45.2800
5.7698510638e-01 1.0028695157e+00 -5.6392733421e+00
199 126 145
3 0 74 74.6600 113.9500 1 251 98.6300 63.3200 2 535 -36.2100 15.7900
1.7888178016e+00 9.5584870434e-01 -5.4477979133e+00
152 90 106
2 0 77 210.1500 111.0500 1 247 225.4300 66.1700
-7.1330114795e-01 7.1339767351e-01 -4.1590862911e+00
205 141 161
2 0 78 -81.6500 110.5000 1 296 -62.9700 37.5500
-6.1948835252e-01 6.9910735597e-01 -4.1926438492e+00
176 119 135
3 0 81 -67.9400 107.8200 1 298 -50.5400 36.0100 2 468 115.5700 49.9700
1.7299450242e+00 9.2494206173e-01 -5.5141921935e+00
179 122 132
2 0 84 201.6400 106.6500 1 254 218.2900 61.9200
-8.0224275460e-01 6.5486034968e-01 -4.1967363721e+00
224 188 212
2 0 87 -93.9600 101.4200 1 318 -72.0100 29.3400
2.5158642689e+00 7.1357713970e-01 -5.7660727551e+00
205 146 53
2 0 114 272.3300 78.9800 1 839 293.9000 41.8600
3.3090958332e-01 6.0744049442e-01 -5.3780271114e+00
146 110 128
2 0 122 51.4700 74.4700 1 333 74.1400 23.8900
-1.6749683432e-01 5.8343893385e-01 -5.2982915845e+00
204 168 185
2 0 125 -5.4000 72.9100 1 341 21.9200 19.3900
3.9372156314e-02 5.7652027325e-01 -5.3334081272e+00
226 212 228
2 0 131 18.4300 71.6300 1 342 43.7200 19.4900
-4.9868335835e-01 4.1198962170e-01 -4.3299114441e+00
156 103 119
2 0 135 -49.5900 65.0100 1 372 -31.3200 0.9700
-6.6470601398e-01 3.5712555995e-01 -4.2856341244e+00
165 100 120
3 0 147 -73.1900 57.8400 1 381 -51.9000 -6.3600 2 1015 128.3600 86.3700
-7.2057322781e-01 3.2297719357e-01 -4.2598089655e+00
184 116 135
2 0 159 -81.4100 53.3600 1 388 -59.1200 -10.8100
2.6885799296e+00 4.6310337546e-01 -6.0012352782e+00
209 170 96
3 0 163 279.3600 51.1100 1 346 305.2300 16.3200 2 355 -211.8800 105.1700
2.6885799296e+00 4.6310337546e-01 -6.0012352782e+00
209 170 96
3 0 164 279.3600 51.1100 1 347 305.2300 16.3200 2 354 -211.8800 105.1700
-9.1011839736e-01 2.9927446886e-01 -4.2531871253e+00
220 159 174
3 0 168 -108.2800 49.9700 1 391 -81.4200 -14.4900 2 391 160.6300 86.6900
2.4989594811e+00 1.9807089597e-01 -5.9790535067e+00
204 156 73
2 0 202 263.2100 23.9700 1 385 288.4300 -9.1600
-4.6665678536e-01 7.3188969323e-02 -4.3769729771e+00
212 158 169
2 0 212 -44.6300 17.4800 1 420 -25.0600 -39.4800
1.8717486816e+00 -7.3077168486e-02 -5.6186370250e+00
174 132 79
2 0 236 214.6000 -2.6500 1 918 235.1300 -40.3400
-1.1158741067e+00 -2.7043902747e-01 -4.7474823121e+00
125 179 218
2 0 288 -125.6100 -28.8100 1 471 -86.4500 -77.3500
1.2617613296e+00 -3.1546253158e-01 -5.5730852904e+00
196 136 147
2 0 289 151.7100 -29.5500 1 456 173.6700 -67.4700
5.1907199246e-01 -5.8420412962e-01 -5.7202059123e+00
172 20 32
2 0 349 68.8500 -58.6100 1 498 98.5600 -94.8200
5.1907199246e-01 -5.8420412962e-01 -5.7202059123e+00
172 20 32
2 0 350 68.8500 -58.6100 1 499 98.5600 -94.8200
2.7214715984e+00 -6.9979234714e-01 -5.8897572953e+00
202 71 110
2 0 356 288.0500 -65.8300 1 500 315.5700 -97.9100
2.0505417340e+00 -1.1480841132e+00 -6.8427775608e+00
206 178 60
3 0 394 193.5400 -100.3100 1 525 233.2600 -126.9100 2 131 -102.0200 193.3600
2.0534608316e+00 -1.1494056458e+00 -6.8523464305e+00
206 178 60
2 0 395 193.5400 -100.3100 1 526 233.2600 -126.9100
4.4776519308e-01 -2.1748396667e+00 -1.3287791365e+01
46 37 40
2 0 408 20.1100 -109.0200 1 517 100.7300 -122.1500
4.4776519308e-01 -2.1748396667e+00 -1.3287791365e+01
46 37 40
2 0 409 20.1100 -109.0200 1 518 100.7300 -122.1500
1.5648781485e+00 -1.4165620692e+00 -7.4358259032e+00
48 30 0
2 0 425 138.6900 -116.9200 1 545 185.5600 -140.7200
1.5648781485e+00 -1.4165620692e+00 -7.4358259032e+00
48 30 0
2 0 426 138.6900 -116.9200 1 546 185.5600 -140.7200
1.8126224011e-01 -2.5174029492e+00 -1.3750316693e+01
71 63 74
2 0 432 6.4800 -122.1900 1 536 89.0700 -134.0300
5.8036504501e-01 -2.4036569542e+00 -1.3054307678e+01
84 71 78
2 0 433 27.3700 -122.0700 1 537 107.3300 -134.7500
-1.0778338040e+00 -3.0664084048e+00 -1.5804810421e+01
47 42 52
2 0 444 -48.3000 -130.8800 1 547 41.5100 -140.8000
4.8447785936e-01 -2.6168596220e+00 -1.3169698880e+01
62 52 56
2 0 448 22.2900 -131.5300 1 550 103.0600 -143.8700
1.0394099814e+00 -2.5746097463e+00 -1.2308560828e+01
84 76 94
2 0 463 53.9200 -137.2900 1 557 131.0200 -150.0400
2.2566712458e+00 -1.5619726114e+00 -6.5146483696e+00
193 189 82
2 0 475 221.0700 -142.5100 1 579 257.7300 -168.3200
8.9997324846e-01 -2.7580027248e+00 -1.2562755671e+01
59 49 59
2 0 477 45.3800 -144.0800 1 562 123.8800 -156.6500
3.7061611340e-01 -3.1514095882e+00 -1.3355013308e+01
43 35 44
2 0 493 16.3800 -155.7800 1 573 98.4000 -166.7400
3.7061611340e-01 -3.1514095882e+00 -1.3355013308e+01
43 35 44
2 0 494 16.3800 -155.7800 1 574 98.4000 -166.7400
4.4360885700e-01 -3.1324986648e+00 -1.3196838181e+01
67 61 78
2 0 495 20.2900 -156.4200 1 575 101.7900 -167.6700
1.2315750358e+00 -2.8865204884e+00 -1.1903110622e+01
82 75 89
2 0 501 66.4500 -157.8800 1 582 142.3400 -170.5100
1.2315750358e+00 -2.8865204884e+00 -1.1903110622e+01
82 75 89
2 0 502 66.4500 -157.8800 1 583 142.3400 -170.5100
-2.8434921974e-02 -3.4336765994e+00 -1.3999827646e+01
53 44 52
3 0 508 -3.4000 -162.5200 1 586 81.0800 -172.4500 2 321 55.6000 125.2100
1.0895203451e+00 -3.0569645461e+00 -1.2292750133e+01
47 35 48
2 0 509 56.6300 -162.4600 1 593 134.2000 -174.2300
2.3384551506e-01 -3.3588523536e+00 -1.3595484244e+01
60 54 59
2 0 512 9.3300 -163.0700 1 589 92.5000 -173.6400
2.9904602262e-01 -3.3229615667e+00 -1.3445979666e+01
40 31 39
2 0 513 12.7600 -163.0600 1 591 95.3200 -173.5800
-1.0388026296e+00 -3.8421110638e+00 -1.5620871301e+01
40 34 36
2 0 518 -46.8100 -164.2300 1 587 43.4500 -173.0000
-1.0388026296e+00 -3.8421110638e+00 -1.5620871301e+01
40 34 36
2 0 519 -46.8100 -164.2300 1 588 43.4500 -173.0000
9.9732890194e-01 -3.1200378841e+00 -1.2308071702e+01
40 31 38
2 0 527 51.7100 -165.5600 1 596 129.5700 -177.2800
2.1425326787e-01 -3.4820346002e+00 -1.3767794795e+01
35 30 38
2 0 530 8.1500 -166.9900 1 595 91.9000 -177.1900
1.2965704065e+00 -3.0287201573e+00 -1.1780404716e+01
77 66 72
2 0 532 70.7800 -166.9900 1 603 146.2800 -179.3200
9.0411189893e-01 -3.3709889701e+00 -1.2427583582e+01
32 29 35
2 0 542 46.2800 -177.0300 1 620 124.9600 -188.1400
1.1075627376e+00 -3.2921169849e+00 -1.2089221450e+01
38 29 36
2 0 543 58.6300 -176.9900 1 625 135.9100 -188.8600
1.7040570867e-01 -3.8437701261e+00 -1.3674071877e+01
27 25 32
2 0 556 6.3000 -184.9400 1 634 90.2400 -194.3800
8.0568183400e-01 -3.6428553279e+00 -1.2564810134e+01
55 49 58
3 0 562 40.4600 -188.9100 1 639 120.2300 -199.6700 2 211 25.2500 166.9000
8.0568183400e-01 -3.6428553279e+00 -1.2564810134e+01
55 49 58
3 0 563 40.4600 -188.9100 1 640 120.2300 -199.6700 2 210 25.2500 166.9000
5.0606688092e-01 -3.7911528331e+00 -1.3065712530e+01
48 44 50
2 0 566 23.7900 -189.8400 1 641 105.5500 -199.8900
1.3919552732e+00 -3.4721328760e+00 -1.1628870825e+01
71 67 84
2 0 576 76.9700 -192.8200 1 646 152.3400 -204.4000
1.1946618334e+00 -3.5870040817e+00 -1.1901552722e+01
38 33 36
2 0 583 64.3800 -195.0500 1 656 141.1900 -206.3400
1.2491187083e+00 -3.5758242788e+00 -1.1867664213e+01
72 66 85
2 0 584 67.5100 -194.8600 1 653 144.1400 -206.3000
9.1904209514e-01 -3.7410613157e+00 -1.2447569728e+01
31 25 28
2 0 586 46.9100 -195.4100 1 652 126.1300 -206.0300
1.5246163968e+00 -3.5104693515e+00 -1.1440132169e+01
50 40 47
2 0 587 85.6700 -197.3900 1 658 160.3300 -209.4700
9.0414911725e-01 -3.9289990478e+00 -1.2399550848e+01
58 51 63
3 0 605 46.2600 -205.5700 1 663 125.7100 -215.8900 2 162 24.3600 183.3700
1.0258443278e+00 -3.9003190444e+00 -1.2296280659e+01
59 54 68
2 0 606 53.1900 -205.6400 1 1047 131.9100 -215.9600
1.1718851522e+00 -3.9567114755e+00 -1.1986704702e+01
65 61 78
3 0 622 62.5800 -213.1600 1 676 140.0400 -223.6200 2 126 12.7100 196.0900
1.3556334078e+00 -3.9237694148e+00 -1.1674272260e+01
57 57 68
3 0 631 74.5300 -216.1500 1 687 150.7100 -227.1500 2 103 3.9400 203.5900
9.8832139396e-01 -4.1019201567e+00 -1.2219668882e+01
53 48 54
2 0 637 51.5900 -217.0900 1 686 130.3500 -227.0900
1.5854881002e+00 -3.8414326651e+00 -1.1260177588e+01
63 59 75
3 0 641 90.3100 -218.4400 1 694 164.8300 -229.7500 2 70 -8.4000 212.2400
1.9035953467e+00 -3.7410252608e+00 -1.0788956835e+01
49 40 51
2 0 644 113.1900 -220.4300 1 699 185.1300 -232.9400
2.4744348369e+00 1.7395695255e+00 -6.3384015671e+00
180 147 90
2 0 717 243.2200 168.7600 1 764 270.5500 132.3400
2.4821211083e+00 1.7444067681e+00 -6.3565630735e+00
180 147 90
3 0 718 243.2200 168.7600 1 765 270.5500 132.3400 2 1142 -219.1600 -18.8400
2.4233022013e+00 1.7044195916e+00 -6.4391081818e+00
171 134 72
2 0 721 235.3300 163.3600 1 174 263.9500 127.1500
-3.4755570144e+00 3.2000884751e+00 -1.2334870558e+01
66 50 53
2 0 722 -182.5000 163.2100 1 1099 -99.6600 126.6100
2.7259865100e+00 1.5093178698e+00 -5.9426199656e+00
181 137 63
2 0 729 282.1300 155.4400 1 781 305.5000 118.6500
2.7259865100e+00 1.5093178698e+00 -5.9426199656e+00
181 137 63
2 0 730 282.1300 155.4400 1 782 305.5000 118.6500
2.6968763474e+00 1.5155546526e+00 -5.9745243227e+00
183 162 104
3 0 731 278.2300 155.2400 1 1114 301.4600 118.6500 2 1116 -242.9500 12.2000
2.6863904545e+00 1.4404314385e+00 -6.0073879323e+00
191 162 94
2 0 739 276.0800 147.3800 1 199 300.3100 110.8300
2.7264549153e+00 1.4053490718e+00 -5.9602468629e+00
188 163 88
3 0 741 281.9700 144.8600 1 795 305.7100 108.3600 2 1099 -242.5600 23.1900
-1.0158132996e+00 9.2412067299e-01 -4.1755905823e+00
202 145 159
2 0 744 -124.3800 139.5300 1 255 -99.0900 61.2200
1.7564767724e+00 1.2129209376e+00 -5.5164328995e+00
152 103 107
3 0 746 203.5400 137.3400 1 1136 219.2000 91.8700 2 1447 -160.1800 27.0300
-1.0650345185e+00 8.1279229139e-01 -4.1408922796e+00
179 121 135
2 0 759 -132.3400 124.7400 1 278 -105.7300 47.6800
-4.4902358599e+00 2.5113785532e+00 -1.2551952222e+01
21 18 19
2 0 760 -230.6000 124.3700 1 222 -141.7900 89.8200
4.5022376612e-01 1.0854402295e+00 -5.5989905959e+00
145 25 51
3 0 761 61.5700 123.6000 1 813 85.1900 71.4400 2 1127 -25.9400 5.1600
-9.2208591361e-01 7.9191399224e-01 -4.1341782494e+00
213 152 171
2 0 763 -112.0600 122.1800 1 280 -88.9900 46.0700
-1.1987944765e+00 7.4554971270e-01 -4.1612550386e+00
215 152 163
2 0 767 -150.9000 114.4200 1 842 -120.3100 38.5000
-1.0179268679e+00 7.3246139099e-01 -4.1023338277e+00
186 122 138
2 0 770 -126.5700 114.3300 1 294 -101.3400 38.4700
-4.3603213651e-02 9.6473755964e-01 -5.5284902418e+00
113 3 6
3 0 773 8.3800 111.8700 1 824 35.6600 57.7100 2 1474 27.5700 5.6500
-5.4734121017e+00 2.4669249037e+00 -1.3740024427e+01
54 45 48
2 0 774 -258.0400 111.0200 1 235 -163.0900 78.1000
3.7500732850e-01 9.6133622662e-01 -5.5721332778e+00
178 113 132
3 0 776 53.8300 110.7200 1 258 78.2300 58.9300 2 537 -14.9900 15.9800
-1.0599313012e+00 6.7480974563e-01 -4.1189454688e+00
220 152 167
2 0 781 -132.2400 105.5300 1 315 -105.5100 31.0500
-9.4140789537e-01 6.7413831188e-01 -4.1467252960e+00
222 166 184
2 0 782 -114.6100 104.9500 1 312 -90.4600 31.4600
-8.4471333325e-01 6.7064144012e-01 -4.1946792430e+00
233 207 227
2 0 783 -100.0200 103.6400 1 316 -77.1900 31.0600
-1.0132942798e+00 4.9918095921e-01 -4.1726268205e+00
166 156 194
2 0 810 -124.5000 79.4300 1 357 -97.2400 9.4000
3.4674764450e-01 6.3492405414e-01 -5.3922785564e+00
247 234 240
2 0 815 53.0600 77.4300 1 323 75.7700 26.7000
1.1209549643e-01 6.0809845196e-01 -5.3253548485e+00
221 205 217
2 0 817 26.7800 75.4700 1 334 51.1500 23.0200
7.7286452999e-02 5.9029188217e-01 -5.3366253762e+00
223 211 225
3 0 818 22.7500 73.2100 1 338 47.6300 21.0200 2 465 25.0500 50.4200
-7.8921068438e-01 3.2395175334e-01 -4.2499010635e+00
210 138 155
2 0 838 -91.1700 53.4500 1 387 -67.6300 -10.8600
-7.8274168272e-01 3.0130485901e-01 -4.2722742011e+00
230 167 178
2 0 844 -89.9800 50.1000 1 889 -66.0000 -13.6800
-9.3920632772e-01 2.9467247189e-01 -4.2625595255e+00
191 125 145
3 0 847 -112.3200 49.1300 1 392 -84.4200 -15.0300 2 1017 163.9300 86.0500
-4.8297962302e-01 2.7387187682e-01 -4.3102074767e+00
216 165 172
2 0 851 -47.4900 46.0400 1 891 -29.3300 -15.7200
-9.4063309850e-01 2.6789353040e-01 -4.2603543148e+00
230 170 184
3 0 852 -112.4100 45.3500 1 894 -84.9900 -18.4000 2 389 164.5600 89.1300
-1.0285011516e+00 2.5793805460e-01 -4.2984088096e+00
223 163 172
2 0 854 -123.8400 43.4600 1 394 -93.6200 -19.7700
-4.3817992792e-01 1.8995692662e-01 -4.3434146530e+00
162 105 112
3 0 863 -40.8900 33.9900 1 400 -22.9900 -25.6000 2 987 104.0600 110.4200
-9.7986958753e-01 1.8656496553e-01 -4.2851843177e+00
216 151 163
3 0 864 -117.6000 33.6400 1 405 -88.1100 -28.1700 2 1005 170.5600 96.5400
-1.0019756385e+00 9.9510235990e-02 -4.2687185486e+00
219 157 172
2 0 877 -120.7800 21.4600 1 419 -90.9100 -38.8000
-9.4833357607e-01 4.5457427924e-02 -4.2623915151e+00
202 138 154
3 0 885 -113.6000 13.9300 1 427 -84.6300 -45.2000 2 343 170.8600 114.6500
-4.5811408964e-01 1.2569332913e-02 -4.3969915039e+00
165 108 123
2 0 891 -43.3900 9.1900 1 922 -23.2300 -46.7600
-4.5811408964e-01 1.2569332913e-02 -4.3969915039e+00
165 108 123
2 0 892 -43.3900 9.1900 1 923 -23.2300 -46.7600
-5.2458281801e-01 -6.9140812455e-02 -4.4578255973e+00
219 170 179
2 0 905 -52.1900 -1.9100 1 442 -29.0800 -56.4800
9.0927068506e-01 -1.4057487969e-01 -5.8278777891e+00
168 125 138
2 0 912 108.2800 -10.2400 1 436 135.7200 -49.2400
9.0927068506e-01 -1.4057487969e-01 -5.8278777891e+00
168 125 138
2 0 913 108.2800 -10.2400 1 437 135.7200 -49.2400
-1.1086642621e+00 -2.1968714078e-01 -4.6885220756e+00
75 98 156
2 0 926 -125.9400 -22.4700 1 465 -87.7400 -72.3500
1.2888091763e+00 -3.3380288639e-01 -5.5860747174e+00
128 65 73
2 0 938 154.2400 -31.4100 1 947 176.4200 -69.2200
1.8533633687e-01 -4.5311844541e-01 -6.1149225488e+00
145 10 16
2 0 949 29.9100 -42.4100 1 474 67.2900 -78.5600
2.1839467458e+00 -6.5766638755e-01 -6.7353126564e+00
164 134 25
2 0 957 208.4500 -56.7900 1 482 245.6500 -85.4600
1.1630284940e+00 -5.6732414481e-01 -5.6060645962e+00
134 71 86
2 0 959 140.3000 -56.9900 1 492 164.0000 -93.0600
1.0440389682e+00 -5.6552756977e-01 -5.5688091313e+00
177 108 124
2 0 960 128.3800 -57.3200 1 495 152.0300 -93.5900
2.7064259997e+00 -7.3435744875e-01 -5.8912635151e+00
221 186 201
2 0 963 286.5700 -69.4200 1 972 314.0900 -101.2600
2.1902936808e+00 -7.9884135658e-01 -6.6728940714e+00
173 141 34
3 0 965 210.7300 -70.0700 1 502 247.7700 -98.5800 2 184 -123.4400 176.0300
2.6806364977e+00 -7.9867653299e-01 -5.8996413877e+00
220 183 198
3 0 967 283.6200 -75.9700 1 975 311.5300 -107.3900 2 825 -177.6600 214.4400
2.1288013069e+00 -8.9544532198e-01 -6.7789996593e+00
207 178 52
3 0 971 202.2300 -78.2800 1 973 240.4400 -105.6800 2 888 -115.0500 178.5000
2.0992335458e+00 -9.1093266656e-01 -6.8011629498e+00
165 138 36
3 0 975 199.0300 -79.4700 1 507 237.6900 -106.8100 2 179 -111.8600 178.3500
2.6671224341e+00 -8.5765460776e-01 -5.9444275528e+00
221 165 180
2 0 977 280.5600 -81.6000 1 513 308.8700 -112.4800
2.6350573379e+00 -9.4797475885e-01 -5.9473911720e+00
220 178 192
3 0 983 277.0800 -90.6300 1 979 306.0300 -121.2600 2 31 -168.6200 223.5900
-2.4039821711e+00 -1.8794373523e+00 -1.3800984866e+01
104 77 83
2 0 985 -115.9800 -92.3500 1 506 -27.1900 -106.5400
2.6035825487e+00 -9.8320961361e-01 -6.0335570470e+00
218 174 184
2 0 986 270.7600 -93.1900 1 521 300.5000 -123.4700
1.9565641159e+00 -1.1595124268e+00 -6.9742405941e+00
145 156 122
2 0 996 182.0000 -100.0800 1 984 223.0300 -126.0000
1.9565641159e+00 -1.1595124268e+00 -6.9742405941e+00
145 156 122
2 0 997 182.0000 -100.0800 1 985 223.0300 -126.0000
1.9872580036e+00 -1.1522694400e+00 -6.9098900366e+00
205 178 67
3 0 998 186.2400 -100.0500 1 986 226.7800 -126.3200 2 863 -96.2700 190.2100
2.0065952972e+00 -1.1978641956e+00 -6.8941035183e+00
160 133 40
2 0 1000 188.3200 -104.2100 1 531 228.6400 -130.5100
2.0065952972e+00 -1.1978641956e+00 -6.8941035183e+00
160 133 40
2 0 1001 188.3200 -104.2100 1 532 228.6400 -130.5100
2.2738231149e-02 -2.2084413288e+00 -1.4015215509e+01
44 32 32
2 0 1002 -1.4100 -105.7500 1 515 81.8700 -118.3400
2.0275643186e+00 -1.2284858937e+00 -6.8601131257e+00
206 179 62
3 0 1003 191.1200 -107.2800 1 994 231.0500 -133.6800 2 849 -98.2100 198.0800
2.0275643186e+00 -1.2284858937e+00 -6.8601131257e+00
206 179 62
3 0 1004 191.1200 -107.2800 1 995 231.0500 -133.6800 2 848 -98.2100 198.0800
2.0622394302e+00 -1.2238658358e+00 -6.8285683002e+00
163 134 23
3 0 1005 194.9400 -107.2800 1 534 234.5900 -133.5900 2 114 -101.3600 199.5400
2.0622394302e+00 -1.2238658358e+00 -6.8285683002e+00
163 134 23
3 0 1006 194.9400 -107.2800 1 535 234.5900 -133.5900 2 113 -101.3600 199.5400
3.3625343012e-01 -2.2218952517e+00 -1.3467255617e+01
38 26 27
2 0 1007 14.3100 -110.1200 1 519 95.6100 -122.9000
1.9459407273e+00 -1.2789894595e+00 -6.9549387676e+00
204 176 63
3 0 1009 181.5300 -110.6300 1 998 222.7100 -136.6700 2 850 -89.8000 196.9000
5.5276628179e-01 -2.5999474018e+00 -1.3105102984e+01
46 35 37
2 0 1023 25.8900 -131.3600 1 1002 106.2500 -143.5300
9.6600883769e-01 -2.5071693089e+00 -1.2407791373e+01
97 94 110
2 0 1026 49.6000 -132.9300 1 1006 127.0100 -145.6400
8.5576661780e-01 -2.6187977207e+00 -1.2538949029e+01
92 90 110
2 0 1029 43.2600 -137.4000 1 1010 121.4600 -149.9500
8.5576661780e-01 -2.6187977207e+00 -1.2538949029e+01
92 90 110
2 0 1030 43.2600 -137.4000 1 1011 121.4600 -149.9500
9.1539292187e-01 -2.5964446134e+00 -1.2365640919e+01
55 43 47
2 0 1031 47.1200 -137.8600 1 560 124.6800 -150.7000
-2.5400649869e-01 -3.0369252727e+00 -1.4492757768e+01
32 25 32
2 0 1034 -14.0700 -139.9700 1 558 71.6300 -150.4200
1.0229392348e-01 -3.1039490531e+00 -1.3820795070e+01
37 27 32
2 0 1040 2.7000 -148.8600 1 567 86.4200 -159.8900
-2.7368699537e-01 -3.2556812075e+00 -1.4405897967e+01
33 27 34
2 0 1042 -14.9000 -150.5300 1 1016 70.8800 -160.5900
-5.2449827291e-01 -3.4061837733e+00 -1.4886185347e+01
48 42 54
2 0 1045 -25.9400 -152.5400 1 1272 61.6200 -162.5300
1.0817365932e+00 -2.8984509185e+00 -1.2155752425e+01
44 36 47
2 0 1047 56.9700 -155.7800 1 578 133.9100 -168.0200
2.1822778328e+00 -1.7247040836e+00 -6.5484817284e+00
205 155 49
2 0 1048 213.0200 -156.7600 1 610 250.6500 -182.4000
2.1822778328e+00 -1.7247040836e+00 -6.5484817284e+00
205 155 49
2 0 1049 213.0200 -156.7600 1 611 250.6500 -182.4000
1.3464854177e+00 -2.9861149998e+00 -1.1736660568e+01
46 36 44
2 0 1055 73.7700 -165.1000 1 598 149.0600 -177.7600
-4.3485941634e-01 -3.6735154190e+00 -1.4642028812e+01
47 45 57
2 0 1056 -21.9700 -166.7300 1 1026 65.0500 -175.9100
-1.9576428321e-01 -3.6641630762e+00 -1.4311636914e+01
58 51 58
3 0 1059 -11.1400 -169.6600 1 1029 74.5900 -179.1100 2 963 63.7000 127.9100
1.0069208893e+00 -3.2348345350e+00 -1.2277797854e+01
41 30 32
2 0 1065 52.3600 -171.8400 1 612 130.2500 -183.3700
7.9828727983e-01 -3.3784473607e+00 -1.2612228981e+01
77 66 77
2 0 1068 40.0300 -175.1500 1 618 119.4700 -186.1400
4.0659640543e-01 -3.5825152257e+00 -1.3165795774e+01
54 44 44
2 0 1075 18.7600 -179.0200 1 623 100.4300 -188.4600
1.2756774932e+00 -3.3306092810e+00 -1.1743968927e+01
76 70 84
2 0 1078 69.7500 -183.3900 1 636 145.7100 -195.7400
-5.0043903280e-01 -4.1501920489e+00 -1.4739195184e+01
17 14 17
3 0 1084 -24.8300 -186.4200 1 633 63.1300 -194.6700 2 294 78.4200 137.1800
4.4304568542e-01 -3.8323001205e+00 -1.3135904590e+01
20 18 20
3 0 1090 20.4300 -190.9400 1 1039 102.6600 -200.8500 2 916 42.3000 160.3700
1.1196863264e+00 -3.8893352809e+00 -1.2071528511e+01
61 56 74
3 0 1111 59.4200 -208.4100 1 1052 137.1400 -218.8900 2 858 14.4500 190.7500
1.7274800809e+00 -3.6511920746e+00 -1.1003087483e+01
31 24 31
3 0 1116 100.9300 -211.9300 1 681 173.8100 -224.2200 2 72 -18.1600 211.2700
6.3283905599e-01 -4.2191028012e+00 -1.2719368294e+01
45 42 48
2 0 1125 31.1700 -215.3500 1 683 112.2600 -225.0600
3.3112056795e-01 -4.4061973168e+00 -1.3327531039e+01
41 38 44
3 0 1127 14.6800 -215.7700 1 1057 98.0600 -224.2700 2 887 52.5400 178.8400
1.4602845672e+00 -3.8600458962e+00 -1.1473967631e+01
32 27 36
3 0 1128 81.6300 -215.7300 1 689 157.1700 -227.3700 2 839 -1.8400 206.5700
2.0931536783e+00 -3.6796123081e+00 -1.0458370924e+01
34 27 30
2 0 1143 128.1800 -222.5000 1 1067 198.4700 -235.7300
-3.2999961025e+00 4.2894584749e+00 -1.1752833726e+01
21 11 8
2 0 1161 -179.3700 228.1900 1 734 -101.1200 186.1100
-3.2394192836e+00 4.2227894058e+00 -1.1784808589e+01
76 33 10
2 0 1163 -175.8200 224.2100 1 735 -97.7400 182.7700
8.0405316781e-01 1.7946091465e+00 -5.8861722655e+00
128 3 9
3 0 1168 93.3500 190.1500 1 759 117.6100 137.9900 2 1161 -77.3100 -58.7600
1.0850188825e+00 1.6755953244e+00 -5.8933609011e+00
137 18 32
2 0 1175 122.6000 177.4500 1 770 145.2800 127.9800
2.6987144408e+00 1.6092473118e+00 -5.9731932134e+00
183 133 40
2 0 1182 277.8000 164.7600 1 771 301.5400 127.3900
2.4786586330e+00 1.6659327095e+00 -6.4093099090e+00
183 153 93
3 0 1187 241.8000 160.4900 1 1101 269.7800 124.1400 2 1140 -214.6900 -12.9400
2.6120634825e+00 1.5681749354e+00 -6.1559343578e+00
186 130 45
2 0 1192 262.7800 156.8400 1 1112 288.8000 119.9400
2.6614600537e+00 1.4917447554e+00 -5.9995749323e+00
189 131 46
2 0 1193 273.9300 152.5300 1 1119 297.7700 115.8600
1.9268655132e+00 1.3501437640e+00 -5.7320463184e+00
88 48 47
2 0 1197 213.2000 146.8100 1 1345 232.5000 102.9500
-1.0188401589e+00 9.7832741239e-01 -4.2010096760e+00
169 127 140
2 0 1199 -124.2200 146.3900 1 817 -98.6500 67.3800
1.7632266441e+00 1.3005412814e+00 -5.5860837945e+00
107 60 58
2 0 1202 201.5900 145.3700 1 1349 218.6500 99.5400
2.5931988772e+00 1.4140983083e+00 -6.0624507819e+00
187 134 45
2 0 1203 265.7400 143.1800 1 797 289.6700 107.8300
-8.3777399706e-01 8.4323064506e-01 -4.1528570587e+00
151 98 119
2 0 1210 -99.5900 129.0800 1 1153 -78.5000 52.7200
-8.8046762891e-01 7.6881495325e-01 -4.1320866577e+00
166 98 121
2 0 1216 -106.1300 118.9800 1 834 -84.0300 43.5200
-8.7764816689e-01 7.6734589339e-01 -4.1227984714e+00
166 98 121
3 0 1217 -106.1300 118.9800 1 835 -84.0300 43.5200 2 1435 147.9000 35.3400
-8.2960725815e-01 7.6711415459e-01 -4.1323798556e+00
172 101 117
3 0 1218 -98.7600 118.7400 1 836 -77.8900 43.7100 2 1074 141.8900 36.5700
-8.3511935205e-01 7.3687652058e-01 -4.1318074000e+00
221 158 170
3 0 1220 -99.9400 114.3200 1 841 -78.7500 40.0500 2 1065 142.7800 40.3000
-6.9218573645e-01 7.3454509303e-01 -4.1793689820e+00
217 162 173
2 0 1221 -78.4700 113.2000 1 1165 -59.7500 39.9200
1.3501979052e+00 1.0881559371e+00 -6.1380621436e+00
111 3 8
2 0 1222 144.9800 112.8900 1 1143 171.6500 70.0500
1.3501979052e+00 1.0881559371e+00 -6.1380621436e+00
111 3 8
2 0 1223 144.9800 112.8900 1 1144 171.6500 70.0500
-1.2304869914e-01 8.5334659034e-01 -5.4172434144e+00
151 16 25
3 0 1231 -0.6500 101.8600 1 1160 27.1400 46.7300 2 1720 38.8500 16.9900
-5.7064297323e-02 8.3680108469e-01 -5.4575666354e+00
161 20 27
2 0 1236 6.7000 99.1800 1 1161 34.0700 45.1100
-5.6668117229e-01 6.1467387440e-01 -4.2343010071e+00
177 116 132
3 0 1240 -59.9600 94.9700 1 1180 -42.6800 25.7100 2 1411 110.4900 60.5900
1.2891453497e+00 6.1079065166e-01 -5.8469920262e+00
163 22 27
2 0 1256 146.6000 68.7000 1 851 170.4300 26.0800
9.1510572846e-01 5.6595927612e-01 -5.7258877703e+00
151 15 27
2 0 1261 110.2800 65.4900 1 1183 134.1100 20.6500
-7.8546505242e-01 3.8201609511e-01 -4.2686088615e+00
207 149 169
2 0 1264 -90.3900 61.4500 1 376 -66.8100 -3.8600
-4.9553865345e-01 3.7528137498e-01 -4.3034666564e+00
116 68 83
2 0 1265 -49.4800 60.5300 1 1201 -31.2400 -3.7300
2.2588880284e+00 5.3002369830e-01 -6.7171389899e+00
194 154 57
2 0 1274 214.6800 51.9300 1 1184 249.1500 19.0100
-4.5903007488e-01 2.9583546040e-01 -4.3101179400e+00
163 103 118
3 0 1278 -44.2000 49.1100 1 1211 -26.5600 -12.9200 2 1002 104.3500 98.9700
-1.0740443908e+00 2.6219122435e-01 -4.2969003049e+00
192 131 149
2 0 1284 -130.1500 43.9400 1 1216 -99.0000 -19.3400
-9.9096695336e-01 2.5713954258e-01 -4.2750480540e+00
195 131 146
2 0 1285 -119.1400 43.6700 1 897 -90.0500 -19.8300
-4.1323476262e-01 2.3826576978e-01 -4.3406496070e+00
201 139 154
3 0 1289 -37.3100 40.8400 1 1217 -20.0300 -19.7300 2 993 100.2300 105.7000
-9.3210627889e-01 2.1922135947e-01 -4.3093316834e+00
237 176 184
2 0 1292 -110.2200 38.0600 1 903 -81.9300 -24.0500
-1.2717285097e+00 2.0846460756e-01 -4.4542891602e+00
240 177 186
2 0 1293 -153.1500 34.9000 1 904 -115.2900 -25.9300
2.1490351952e+00 3.1143157406e-01 -6.8151157157e+00
125 84 36
2 0 1297 202.5800 31.2600 1 1195 238.4100 -0.4300
-9.8107254219e-01 1.5376284392e-01 -4.2709190242e+00
175 108 126
2 0 1298 -117.8200 29.1300 1 912 -88.6300 -32.2100
-4.1260957266e-01 1.1169734501e-01 -4.3759460410e+00
213 154 162
2 0 1307 -37.0900 22.6800 1 915 -18.9700 -34.4900
8.4134612443e-01 -1.9003358266e-01 -5.8553165146e+00
167 131 145
2 0 1335 100.6700 -15.4400 1 1234 129.1000 -54.1500
2.6151408978e-01 -3.3577140363e-01 -6.1224816741e+00
167 20 26
3 0 1349 37.6600 -30.7000 1 943 74.0800 -66.9600 2 1369 26.2200 118.1600
5.3908541094e-01 -4.1924078643e-01 -5.7629293300e+00
121 3 8
3 0 1355 70.5500 -40.5100 1 956 100.1400 -78.0700 2 1345 3.7200 143.3600
-1.1319579255e+00 -4.4712173414e-01 -4.9850068453e+00
195 147 159
2 0 1361 -122.7300 -49.6100 1 493 -80.3100 -93.5000
2.1716431164e+00 -7.6450021250e-01 -6.7028558731e+00
219 183 55
2 0 1365 208.2500 -66.6500 1 968 245.4400 -95.3700
2.1716431164e+00 -7.6450021250e-01 -6.7028558731e+00
219 183 55
2 0 1366 208.2500 -66.6500 1 969 245.4400 -95.3700
2.0901423527e+00 -8.6973805294e-01 -6.8389587197e+00
207 178 60
2 0 1377 197.2500 -75.3800 1 1255 236.1000 -102.9100
2.1127516828e+00 -9.4826171590e-01 -6.7558212336e+00
205 179 56
3 0 1382 201.6300 -82.9700 1 1259 239.6400 -111.0400 2 1321 -112.5800 182.7600
2.0968966235e+00 -1.0216873313e+00 -6.8095951495e+00
206 175 59
3 0 1387 198.5200 -89.3000 1 1260 237.4200 -116.4200 2 1320 -109.1900 186.1500
2.0673085155e+00 -1.1037478987e+00 -6.8301362872e+00
204 177 61
3 0 1395 195.4000 -96.4500 1 982 234.7800 -123.2900 2 861 -104.5300 190.8600
1.9794824514e+00 -1.1987706301e+00 -6.9495076900e+00
205 181 57
2 0 1396 184.5600 -103.7300 1 991 225.4500 -129.7100
2.0416323225e+00 -1.1923766087e+00 -6.8603555220e+00
206 177 54
2 0 1397 192.3000 -104.1600 1 992 232.1500 -130.4000
1.9882377044e+00 -1.3320748584e+00 -6.9109105339e+00
203 177 52
3 0 1402 186.2500 -115.9900 1 1267 227.0700 -141.5900 2 1306 -92.3200 203.0400
2.9224624241e-01 -2.3724445325e+00 -1.3570423289e+01
46 33 36
2 0 1403 12.0200 -116.6000 1 990 93.8400 -128.9800
1.5625373081e+00 -1.4659450791e+00 -7.4510163426e+00
192 168 61
2 0 1405 138.2300 -120.9300 1 1003 185.2800 -144.2800
3.4702690430e-01 -2.5061571169e+00 -1.3485324443e+01
40 29 30
2 0 1407 14.8900 -123.7400 1 996 96.4700 -135.7000
4.6557170838e-01 -2.5512766844e+00 -1.3294784036e+01
47 35 39
2 0 1409 21.0300 -127.2700 1 1000 102.0900 -139.6200
-3.6970865663e+00 -2.7371709490e+00 -1.4165812509e+01
42 16 19
2 0 1412 -171.7400 -129.6300 1 543 -77.0400 -140.7500
6.9906661355e-01 -2.5845622994e+00 -1.2729851471e+01
48 38 36
2 0 1415 34.5100 -134.0500 1 1009 113.4200 -146.3000
4.9143929097e-01 -3.5372215155e+00 -1.3146124179e+01
33 26 31
2 0 1431 22.7900 -176.4600 1 1282 104.5900 -187.1600
4.9143929097e-01 -3.5372215155e+00 -1.3146124179e+01
33 26 31
2 0 1432 22.7900 -176.4600 1 1283 104.5900 -187.1600
3.2976242032e-01 -3.5981703610e+00 -1.3288598486e+01
31 25 30
2 0 1434 14.5600 -177.8300 1 1032 97.0500 -188.1800
1.5781748375e+00 -3.3251018261e+00 -1.1324861701e+01
39 30 35
2 0 1437 89.7300 -189.0600 1 1293 163.5400 -201.2500
6.8830859046e-01 -3.9311971911e+00 -1.2772484291e+01
29 26 35
2 0 1441 33.8200 -200.5200 1 1044 114.5900 -210.5000
1.7192110260e+00 -3.4680879850e+00 -1.0985707554e+01
87 79 92
2 0 1443 100.7600 -202.1300 1 1295 173.2100 -214.3500
1.7298315981e+00 -3.5001488029e+00 -1.1095090283e+01
87 79 92
3 0 1444 100.7600 -202.1300 1 1296 173.2100 -214.3500 2 843 -19.8100 201.8900
1.1959664818e+00 -3.7795333697e+00 -1.1975228123e+01
59 51 61
3 0 1446 64.0600 -204.2400 1 1297 141.1900 -214.7300 2 1315 9.6100 188.8900
4.2343326451e-01 -4.2260543850e+00 -1.3192297092e+01
46 39 46
2 0 1447 19.4700 -209.1300 1 1298 102.1100 -218.0800
1.3974368081e+00 -3.9200768953e+00 -1.1708774360e+01
59 54 64
2 0 1451 76.5500 -215.4600 1 1301 152.7700 -226.2300
6.3425691331e-01 1.8190992273e+00 -5.9211036783e+00
74 1 3
3 0 1473 76.5900 191.4600 1 1323 100.5700 138.7500 2 1915 -60.5900 -66.0600
2.5278981152e+00 1.5987978839e+00 -6.2915838346e+00
184 153 79
2 0 1485 250.0500 156.8600 1 1111 277.4900 120.2400
1.0174117194e-01 1.3325147929e+00 -5.5979548459e+00
85 0 1
3 0 1489 23.4200 150.2900 1 1134 49.1400 94.3500 2 1745 2.7000 -28.2900
1.6944608183e-01 1.3096247164e+00 -5.5746716724e+00
93 0 3
2 0 1491 31.0200 148.4100 1 1494 55.9200 92.7900
1.6944608183e-01 1.3096247164e+00 -5.5746716724e+00
93 0 3
2 0 1492 31.0200 148.4100 1 1495 55.9200 92.7900
1.8216330407e+00 1.2114306380e+00 -5.5687614452e+00
85 44 45
2 0 1498 208.4600 136.3000 1 1496 225.5100 90.8900
1.8216330407e+00 1.2114306380e+00 -5.5687614452e+00
85 44 45
2 0 1499 208.4600 136.3000 1 1497 225.5100 90.8900
-1.0097306267e+00 8.1497180465e-01 -4.1159704140e+00
121 68 86
2 0 1504 -125.0600 125.9000 1 1156 -100.0800 48.4600
-8.8693632759e-01 8.0257261615e-01 -4.1209912953e+00
215 154 169
3 0 1505 -106.8400 124.0300 1 1157 -85.0900 47.8700 2 1712 149.0800 30.5000
-8.4909618595e-01 8.0285984710e-01 -4.1282022881e+00
215 152 169
3 0 1506 -101.7400 123.9300 1 1363 -80.7400 47.9800 2 1710 143.1400 31.6200
-1.0012849313e+00 7.7200971925e-01 -4.0890248095e+00
214 157 167
2 0 1507 -124.4100 120.3600 1 1367 -100.0400 43.6100
-9.1138422832e-01 7.3905780249e-01 -4.1543390520e+00
216 155 170
2 0 1512 -110.2400 114.2400 1 1166 -86.7200 39.3500
-9.8725781738e-01 7.0943514472e-01 -4.1138551863e+00
228 166 179
2 0 1515 -121.9100 110.7800 1 1167 -97.1800 35.7200
-8.6369418923e-01 7.1057141983e-01 -4.1788893831e+00
218 146 162
2 0 1516 -102.9500 109.6000 1 1168 -80.1600 36.0000
-6.5093253308e-01 6.9138297101e-01 -4.1812155673e+00
220 167 180
3 0 1518 -72.6400 107.1100 1 1170 -54.2300 34.9000 2 1697 120.2900 50.2800
4.1736472205e-02 8.2357643158e-01 -5.4999542213e+00
180 26 40
2 0 1528 17.6800 96.8600 1 1366 44.4500 44.0500
-5.8470419675e-01 5.7096118271e-01 -4.2373992743e+00
222 163 178
2 0 1530 -62.3800 88.6400 1 1381 -44.7300 20.3200
-8.7973600662e-01 4.8870321106e-01 -4.2020909899e+00
255 254 253
3 0 1533 -104.9900 77.5000 1 1389 -80.3100 8.8500 2 1686 153.5300 66.9600
-1.5099776805e-01 6.1577677123e-01 -5.3123164484e+00
110 13 22
2 0 1535 -3.4400 76.3000 1 1378 23.5700 22.9300
9.3870316817e-01 5.2270669209e-01 -5.6549274943e+00
87 2 6
2 0 1545 114.2400 61.6900 1 1385 137.0200 16.5900
1.5014837100e+00 4.6945067399e-01 -6.1439462669e+00
130 12 15
2 0 1552 160.6500 51.1700 1 1386 188.4900 12.3100
2.1661882411e+00 4.8371764805e-01 -6.8028012934e+00
167 128 77
2 0 1555 204.0800 47.1800 1 1188 239.6700 14.3500
2.2403964225e+00 4.3495621404e-01 -6.7262182044e+00
184 149 86
2 0 1556 212.9000 43.2400 1 1388 247.7100 10.5200
-1.2871179168e+00 1.7235862539e-01 -4.5083567534e+00
215 139 156
2 0 1563 -153.6500 29.4700 1 1221 -114.9500 -29.7800
6.3747064368e-01 5.8880137428e-02 -5.8181332133e+00
126 15 26
2 0 1579 79.8800 10.4800 1 1409 108.0400 -30.2100
-1.3073658221e+00 -5.3332927463e-02 -4.5904922095e+00
242 191 203
2 0 1586 -154.1400 -0.8400 1 1235 -113.1600 -55.0700
1.0999012876e+00 -6.4998369662e-02 -5.8040703888e+00
153 82 93
2 0 1588 128.7300 -2.2500 1 1418 154.4600 -41.2100
1.2426228672e+00 -8.9786886756e-02 -5.7466751610e+00
79 26 25
2 0 1589 145.0200 -4.7400 1 1419 169.3300 -43.5700
8.9820403236e-01 -1.8727432533e-01 -5.8419838773e+00
48 12 15
2 0 1591 106.9800 -15.3900 1 1232 134.6100 -53.5300
9.3108261204e-01 -1.9724170176e-01 -5.6753652541e+00
156 91 107
2 0 1592 113.7600 -16.7100 1 1239 138.6700 -55.5700
1.1125350514e+00 -5.3823766050e-01 -5.5798833182e+00
212 147 151
3 0 1612 134.9300 -53.9100 1 1252 158.9700 -90.6900 2 1330 -48.7200 174.0200
-1.1033013962e+00 -2.2386987873e+00 -1.3554617686e+01
98 79 77
2 0 1630 -55.1700 -110.7800 1 1444 29.6000 -123.8600
5.0095575921e-01 -2.3164386922e+00 -1.3137177814e+01
44 35 37
2 0 1634 23.2600 -117.3500 1 1446 103.3100 -129.7300
5.0095575921e-01 -2.3164386922e+00 -1.3137177814e+01
44 35 37
2 0 1635 23.2600 -117.3500 1 1447 103.3100 -129.7300
-3.5786087023e-01 -2.6862568850e+00 -1.4034069355e+01
86 64 41
2 0 1638 -18.9900 -127.9300 1 1452 65.5500 -139.4400
-2.5254320222e-01 -4.0077423590e+00 -1.4333385797e+01
7 6 7
3 0 1646 -13.7100 -184.5400 1 1288 72.6800 -193.7400 2 1350 69.2200 140.2500
-2.5004607422e-01 -3.9941325031e+00 -1.4282189757e+01
7 6 7
2 0 1647 -13.7100 -184.5400 1 1289 72.6800 -193.7400
6.0585294657e-01 -3.6723448086e+00 -1.2968597953e+01
26 22 23
2 0 1650 29.0100 -185.2300 1 1464 110.2200 -195.6400
6.3871023316e-01 1.9095959601e+00 -5.9499068476e+00
136 12 17
3 0 1673 76.3400 199.3600 1 1476 100.6200 147.0900 2 1997 -63.2100 -74.7100
7.9001540307e-01 1.8474227909e+00 -5.8764909367e+00
163 16 26
2 0 1674 92.6700 195.2600 1 1478 115.5000 143.5400
2.7156591541e+00 1.4603850581e+00 -5.9684017620e+00
187 134 44
3 0 1684 280.4100 150.2900 1 1483 304.0300 113.1800 2 1891 -243.0400 17.7100
2.7156591541e+00 1.4603850581e+00 -5.9684017620e+00
187 134 44
3 0 1685 280.4100 150.2900 1 1484 304.0300 113.1800 2 1890 -243.0400 17.7100
-5.0622086909e+00 2.0108736439e+00 -1.3135011371e+01
73 57 62
3 0 1698 -250.1700 94.2500 1 1501 -155.4400 62.6200 2 2002 232.1600 -163.9000
-9.2967333328e-01 5.8326050091e-01 -4.1350438535e+00
164 213 251
2 0 1703 -113.3400 92.3700 1 1380 -88.9700 20.2200
-9.7067408831e-01 4.7657633732e-01 -4.2016655198e+00
159 212 250
3 0 1704 -117.6500 75.7400 1 1391 -91.4100 6.6700 2 1688 164.9600 65.3900
-7.1751510391e-01 4.7779645199e-01 -4.2291417494e+00
197 144 169
2 0 1705 -81.3700 75.6400 1 1390 -60.3500 8.1600
3.7081014577e-01 6.1915152856e-01 -5.4390998504e+00
249 235 234
2 0 1708 55.1300 75.2200 1 1374 78.6700 24.7200
-5.4883365534e-01 4.6234564805e-01 -4.3287354713e+00
228 175 185
2 0 1709 -56.6300 72.0400 1 1392 -37.4600 6.7600
8.2454301869e-02 5.5596523801e-01 -5.3462486426e+00
76 21 36
2 0 1710 23.3000 69.1500 1 1383 48.4100 17.4500
1.1026285941e+00 5.7321138625e-01 -5.7514448313e+00
48 7 6
3 0 1712 129.4700 65.8900 1 1616 152.5500 21.9800 2 2028 -75.2200 66.8800
8.2848971783e-01 5.5565167095e-01 -5.7090415031e+00
164 19 31
2 0 1713 101.3600 64.6700 1 1510 125.5600 19.2600
-4.0831540905e-01 3.0445747187e-01 -4.2676769641e+00
199 137 147
2 0 1720 -37.0300 50.5100 1 1403 -21.7600 -11.3400
-8.6623621870e-01 2.6152006378e-01 -4.2465424482e+00
234 171 180
2 0 1725 -102.2000 44.7500 1 1525 -76.4200 -18.9400
-4.4614395694e-01 2.5095234507e-01 -4.3300509470e+00
157 100 112
3 0 1726 -42.0600 42.5700 1 1406 -24.4700 -18.2400 2 1666 103.7300 103.7100
2.7097412570e+00 2.6047992815e-01 -5.9419075466e+00
208 149 52
3 0 1732 283.6700 31.3800 1 1398 310.1600 -3.2300 2 1662 -209.6600 125.1900
8.9888758815e-01 2.6142296660e-02 -5.9429933376e+00
95 3 8
2 0 1735 105.0200 6.9900 1 1634 133.5600 -32.2700
7.4321671870e-01 1.0620734034e-02 -5.8889619406e+00
135 21 32
2 0 1736 89.8700 5.3400 1 1414 118.5500 -34.4000
1.1629313884e+00 -1.2077781625e-01 -5.6697190805e+00
89 32 33
2 0 1741 138.5700 -8.2200 1 1535 162.0000 -47.2700
-5.5442978764e-01 -2.3346730422e-01 -4.7780983830e+00
216 166 175
2 0 1748 -53.4100 -23.7800 1 1541 -24.9800 -71.6800
2.1441341302e+00 -5.8133245186e-01 -6.7262761083e+00
210 175 51
2 0 1758 205.0300 -49.5000 1 1433 242.3000 -79.4100
1.2062218093e+00 -5.3345385662e-01 -5.6166786017e+00
206 143 155
2 0 1762 144.4100 -52.5700 1 1436 168.5000 -90.0100
2.6535879616e+00 -8.7209683634e-01 -5.9754339252e+00
228 177 185
2 0 1774 277.9100 -82.5900 1 1556 306.7700 -113.6200
2.6535879616e+00 -8.7209683634e-01 -5.9754339252e+00
228 177 185
2 0 1775 277.9100 -82.5900 1 1557 306.7700 -113.6200
1.8202523925e+00 -1.1804915467e+00 -7.0960857683e+00
207 175 60
2 0 1778 167.2700 -100.5100 1 1563 209.9400 -126.4600
5.7535692763e-01 -2.7268270852e+00 -1.3056632967e+01
76 65 79
2 0 1785 27.2200 -138.1600 1 1566 107.4600 -149.8500
1.4681814337e+00 -3.6889628752e+00 -1.1448654182e+01
31 25 32
3 0 1795 82.4100 -206.9900 1 1470 157.4800 -218.7600 2 1307 -4.3800 199.5300
8.9687924474e-01 -4.1214639664e+00 -1.2432505417e+01
22 20 19
3 0 1798 45.9300 -214.7100 1 1583 125.2200 -224.9000 2 1822 26.7100 190.6200
8.0457793741e-01 1.7084615350e+00 -5.8932137812e+00
168 20 32
2 0 1813 94.0200 180.9800 1 1589 117.6900 129.8400
1.1270644130e-02 1.5172172767e+00 -5.7605268139e+00
68 3 4
2 0 1815 12.6500 165.7100 1 1485 41.0900 109.3400
2.6850238811e+00 1.5500871741e+00 -5.9859722597e+00
185 160 109
3 0 1817 275.8600 158.6600 1 1481 299.9400 121.4900 2 1897 -243.0100 8.8200
2.6853290796e+00 1.5521065412e+00 -5.9968444450e+00
185 160 109
2 0 1818 275.8600 158.6600 1 1482 299.9400 121.4900
4.1696982775e-01 1.1225891674e+00 -5.5995107763e+00
156 134 158
3 0 1822 57.8500 127.6100 1 1606 81.7400 75.0300 2 1984 -23.5700 0.6700
-1.0009760028e-01 7.9262081571e-01 -5.4013806214e+00
86 1 4
3 0 1826 2.7500 94.6500 1 1503 28.6900 41.2600 2 1980 38.0700 23.8600
1.3235010298e-01 6.3846146634e-01 -5.3987524663e+00
191 175 194
2 0 1832 28.5700 77.8600 1 1615 53.6900 25.9700
-5.3766882149e-01 4.1374840922e-01 -4.3400657269e+00
86 40 48
2 0 1836 -54.9500 65.1000 1 1620 -35.6800 0.9700
8.4481650186e-01 4.8105815447e-01 -5.6846912921e+00
85 0 1
2 0 1837 103.6700 56.8500 1 1618 127.5400 12.0000
-8.3037319589e-02 4.2866375759e-01 -5.4286520038e+00
216 46 86
2 0 1839 4.0100 53.7700 1 1519 32.7700 3.3400
-8.3037319589e-02 4.2866375759e-01 -5.4286520038e+00
216 46 86
2 0 1840 4.0100 53.7700 1 1520 32.7700 3.3400
9.9666986884e-01 3.6526984382e-01 -5.7015627791e+00
150 21 34
2 0 1841 119.9500 43.6500 1 1521 142.9100 1.5500
-8.3390408268e-01 2.1931678477e-01 -4.2355840857e+00
189 127 140
2 0 1844 -97.8200 38.9100 1 1527 -72.7800 -23.9800
-8.3390408268e-01 2.1931678477e-01 -4.2355840857e+00
189 127 140
2 0 1845 -97.8200 38.9100 1 1528 -72.7800 -23.9800
-9.6927685528e-01 9.2822428887e-02 -4.2609945710e+00
219 157 170
2 0 1850 -116.3500 20.5800 1 1532 -87.3500 -39.5400
1.3795759859e+00 -6.8275330021e-02 -5.7510349665e+00
102 28 24
2 0 1855 159.2800 -2.5400 1 1636 182.9200 -40.7800
9.5720996263e-01 -1.0609425547e-01 -5.7935793186e+00
33 11 11
2 0 1856 114.0200 -6.6800 1 1534 140.4600 -45.7800
2.2565543271e+00 -1.5643051031e+00 -6.5171405805e+00
194 190 83
2 0 1885 220.9300 -142.5400 1 1644 257.7200 -168.6200
2.2565543271e+00 -1.5643051031e+00 -6.5171405805e+00
194 190 83
2 0 1886 220.9300 -142.5400 1 1645 257.7200 -168.6200
-4.9507286232e+00 3.2932807626e+00 -1.3729652770e+01
52 42 48
2 0 1895 -234.2100 150.0200 1 1595 -142.6200 114.4200
4.7118872356e-01 1.0167663943e+00 -5.6238515189e+00
149 15 22
2 0 1906 63.7200 115.6600 1 1670 87.7200 64.4300
2.1652888946e-01 8.3236814503e-01 -5.5261211519e+00
182 26 40
2 0 1907 36.6300 97.9500 1 1611 62.7100 44.9500
2.4688419413e+00 7.8562981193e-01 -6.5202944634e+00
205 166 52
2 0 1913 239.3400 76.6800 1 1671 270.6100 43.9500
3.4508710504e-01 4.4127851582e-01 -5.5252932502e+00
68 4 10
2 0 1918 51.4800 54.2400 1 1675 77.0300 6.2200
1.3378208629e+00 2.7879469745e-01 -6.1729120775e+00
156 20 27
2 0 1921 144.0400 32.1300 1 1678 173.4200 -6.4800
9.1179625840e-02 -1.7641699511e-01 -6.1452944015e+00
183 28 43
2 0 1928 20.0700 -14.3000 1 1638 57.7700 -52.7400
-8.6672257143e-01 3.8109453289e-01 -4.2482045989e+00
178 189 234
2 0 1950 -102.0700 61.3800 1 1676 -77.1300 -4.1500
1.0403328217e+00 4.7213945670e-01 -5.7186800905e+00
198 175 196
2 0 1952 123.8400 55.4500 1 1713 147.0800 11.8600
1.0403328217e+00 4.7213945670e-01 -5.7186800905e+00
198 175 196
2 0 1953 123.8400 55.4500 1 1714 147.0800 11.8600
1.3427800022e+00 3.1744268501e-02 -5.8284109109e+00
179 113 122
2 0 1958 153.3000 8.0100 1 1718 178.0900 -30.7200
1.0251486523e+00 -1.9606519654e-01 -5.7661536436e+00
166 102 118
2 0 1959 122.0500 -16.8100 1 1686 147.4100 -54.0600
1.2450544168e+00 -4.7150222095e-01 -5.4253288827e+00
202 136 148
2 0 1963 153.9000 -47.5100 1 1689 174.0100 -85.3600
1.5550532827e+00 -1.4431390009e+00 -7.4069685000e+00
167 154 59
2 0 1972 138.4100 -119.5500 1 1692 185.0800 -143.3000
-6.6205718268e+00 5.4521027041e+00 -1.9333767908e+01
25 21 22
2 0 1981 -227.5900 176.7700 1 1701 -131.0700 147.8200
6.1069499188e-01 1.6052580597e+00 -5.9396218235e+00
135 7 15
2 0 1983 73.6900 169.4400 1 1772 99.3400 118.2500
-9.0263932097e-01 6.5774753272e-01 -4.2016249615e+00
200 210 238
3 0 1987 -107.4900 101.5300 1 1710 -83.9200 29.0700 2 2075 152.4600 45.4800
-7.4243417011e-01 3.0645457421e-01 -4.4073992136e+00
189 130 145
2 0 1990 -82.4800 49.3500 1 1680 -57.3200 -12.7900
-7.4243417011e-01 3.0645457421e-01 -4.4073992136e+00
189 130 145
2 0 1991 -82.4800 49.3500 1 1681 -57.3200 -12.7900
-3.8811793618e-02 3.1960539974e-01 -5.4746388090e+00
169 26 40
2 0 1992 8.7500 41.3400 1 1715 38.3400 -7.9600
8.0530319240e-01 -8.5744661392e-02 -5.9167191217e+00
199 165 190
2 0 1997 95.8400 -4.5900 1 1754 124.9700 -43.6100
-1.0116943224e+00 -2.9397365966e-01 -4.7545047957e+00
19 19 23
2 0 2000 -112.1800 -31.7400 1 1724 -74.9700 -79.7100
2.0931618805e+00 -1.0892524695e+00 -6.8504680916e+00
191 164 61
2 0 2008 197.0300 -94.7400 1 1726 236.6800 -121.8300
2.0009798897e+00 -1.2728713989e+00 -6.9563785430e+00
166 140 41
2 0 2010 186.1500 -110.0200 1 1762 227.3600 -135.9300
-8.6028286077e-01 5.2331249439e-01 -4.1863084721e+00
19 19 29
2 0 2027 -102.4000 82.8100 1 1748 -78.7800 13.0600
-8.6028286077e-01 5.2331249439e-01 -4.1863084721e+00
19 19 29
2 0 2028 -102.4000 82.8100 1 1749 -78.7800 13.0600
-8.5884815794e-01 5.2410682890e-01 -4.1923302816e+00
19 19 29
3 0 2029 -102.4000 82.8100 1 1750 -78.7800 13.0600 2 2098 149.5900 63.6800
-6.1664797029e-01 -3.7674061992e-01 -5.1105103911e+00
113 85 72
2 0 2032 -58.9700 -39.3000 1 1781 -23.7100 -84.4400
1.6014219157e+00 2.4139733664e-01 -6.3459734914e+00
156 23 26
2 0 2065 165.1700 27.8000 1 1825 196.5500 -9.2700
1.1046898169e+00 1.6933491705e+00 -5.8489373812e+00
187 118 131
2 0 21 125.5200 180.3700 2 609 -103.8300 -41.2700
-4.5815421228e+00 3.4409948705e+00 -1.3434800037e+01
35 28 35
2 0 29 -221.0300 160.2400 2 768 191.3500 -224.8600
-1.0130951250e+00 9.4636913812e-01 -4.1671742302e+00
166 115 134
2 0 39 -124.1500 142.8800 2 559 159.1100 7.3600
-1.0885506134e+00 8.7522115607e-01 -4.1459348092e+00
182 125 141
2 0 47 -135.6500 133.3800 2 541 171.0500 14.3900
-3.7554840361e+00 1.2197617709e+00 -1.2189267849e+01
83 66 71
2 0 143 -200.1900 61.6200 2 669 193.9800 -112.3600
-6.6837762457e-01 3.3032802125e-01 -4.2674305814e+00
195 136 151
2 0 155 -73.9400 54.3200 2 383 129.9000 90.0600
2.7653907193e+00 1.1387853025e-01 -5.8616344640e+00
208 155 67
2 0 213 293.0600 16.7700 2 283 -212.0800 141.3900
2.8901479088e+00 -3.6429765893e-02 -5.6175174802e+00
231 163 173
2 0 231 316.8400 1.8300 2 213 -225.3100 165.5700
2.8646718124e+00 -1.3481034547e-01 -5.6473068921e+00
241 160 171
2 0 243 312.9400 -8.5400 2 191 -219.2900 172.5300
2.8646718124e+00 -1.3481034547e-01 -5.6473068921e+00
241 160 171
2 0 244 312.9400 -8.5400 2 190 -219.2900 172.5300
2.8513066440e+00 -1.8388410749e-01 -5.6662725162e+00
228 169 187
2 0 256 310.7200 -13.6800 2 183 -216.1500 175.8000
2.7783326654e+00 -3.8530567404e-01 -5.7723415185e+00
193 81 109
2 0 298 298.8100 -34.4600 2 152 -200.9700 187.3700
2.7783326654e+00 -3.8530567404e-01 -5.7723415185e+00
193 81 109
2 0 299 298.8100 -34.4600 2 151 -200.9700 187.3700
-4.3093758568e+00 -7.2393311789e-01 -1.2916443870e+01
43 38 48
2 0 314 -217.4700 -39.5500 2 599 228.3400 -27.3200
5.9344642384e-01 -4.0840867153e-01 -5.7183947830e+00
131 10 16
2 0 315 77.4600 -39.6400 2 281 -1.2300 145.0400
7.6713070227e-01 -4.2245618057e-01 -5.6126853911e+00
173 38 54
2 0 321 97.4100 -41.5000 2 248 -18.0100 154.3800
2.8036065246e+00 -6.5426970188e-01 -5.7052370867e+00
215 46 50
2 0 351 304.1800 -62.6600 2 66 -197.1100 213.1400
2.7206935511e+00 -6.6833983725e-01 -5.8532113843e+00
230 188 202
2 0 354 289.4700 -63.1000 2 89 -186.0300 206.5600
2.6263920717e+00 -1.1003981326e+00 -5.9425479912e+00
232 132 65
2 0 401 276.5400 -106.0800 2 4 -163.7900 235.5300
2.0085168526e+00 -1.2691189879e+00 -6.8943327782e+00
207 177 63
2 0 410 188.4100 -110.5700 2 115 -95.6100 199.5200
-4.1724146408e-01 -3.3188323495e+00 -1.4682356346e+01
30 25 32
2 0 483 -21.2000 -150.7200 2 351 67.8900 107.2100
1.3283808129e+00 -3.5549869863e+00 -1.1751806688e+01
63 54 65
2 0 585 72.6000 -195.4300 2 157 0.6500 185.2400
1.7528264923e+00 -3.4142465755e+00 -1.0987591300e+01
41 31 41
2 0 589 102.5200 -198.8700 2 110 -22.8400 200.9800
1.6591385049e+00 -3.5945992269e+00 -1.1119520496e+01
21 19 24
2 0 609 95.9800 -207.0200 2 95 -15.3800 205.0700
9.4247728533e-01 -4.1556196417e+00 -1.2351954971e+01
21 19 22
2 0 639 48.5400 -217.8000 2 129 25.2600 194.3200
5.7346399367e-01 1.0399238987e+00 -5.6418684884e+00
134 8 23
2 0 766 75.0600 117.7500 2 1117 -36.1000 11.7000
3.7448168498e-01 9.6093540636e-01 -5.5714101874e+00
178 113 132
2 0 775 53.8300 110.7200 2 538 -14.9900 15.9800
3.4167918054e-01 9.4660081372e-01 -5.5588641015e+00
150 23 40
2 0 777 50.3100 109.4100 2 532 -11.4100 16.8300
-1.0859651914e+00 6.9014845938e-01 -4.1125995395e+00
177 111 130
2 0 778 -136.4700 107.9300 2 1071 176.5900 38.4800
2.8069470281e+00 8.1758872780e-01 -5.8391033606e+00
200 171 104
2 0 797 296.5500 88.3900 2 1023 -236.8100 80.9900
-3.7170805558e+00 1.2733360617e+00 -1.2138490020e+01
39 29 37
2 0 825 -198.9000 64.7500 2 1202 192.2500 -114.6100
-3.7170805558e+00 1.2733360617e+00 -1.2138490020e+01
39 29 37
2 0 826 -198.9000 64.7500 2 1201 192.2500 -114.6100
-3.9988074723e+00 1.2582939899e+00 -1.2433467744e+01
87 67 76
2 0 831 -209.1800 62.1900 2 1210 201.6800 -117.1300
-3.8694347302e+00 1.2273531098e+00 -1.2293933359e+01
41 29 37
2 0 832 -204.5000 61.3900 2 1200 197.9700 -114.1200
-3.8694347302e+00 1.2273531098e+00 -1.2293933359e+01
41 29 37
2 0 833 -204.5000 61.3900 2 1199 197.9700 -114.1200
-5.2726973314e+00 8.7908389126e-01 -1.3789177750e+01
68 56 58
2 0 862 -249.6000 37.3300 2 674 241.8300 -113.1900
-9.4774179809e-01 7.3718608957e-02 -4.2540457484e+00
236 176 188
2 0 882 -113.2300 17.9800 2 346 170.9000 111.6000
2.8751355889e+00 -4.5169323541e-02 -5.6523496457e+00
200 66 98
2 0 903 313.6600 0.8600 2 217 -222.7300 164.7400
2.8751355889e+00 -4.5169323541e-02 -5.6523496457e+00
200 66 98
2 0 904 313.6600 0.8600 2 218 -222.7300 164.7400
2.8453440940e+00 -1.5393108501e-01 -5.6825421910e+00
215 40 62
2 0 914 309.3900 -10.5500 2 192 -216.0200 172.4500
2.7544797652e+00 -3.2681007332e-01 -5.8127503593e+00
223 170 176
2 0 932 294.7400 -28.3400 2 172 -199.5100 180.3800
2.7544797652e+00 -3.2681007332e-01 -5.8127503593e+00
223 170 176
2 0 933 294.7400 -28.3400 2 171 -199.5100 180.3800
2.7353120885e+00 -4.0729471126e-01 -5.8221025691e+00
211 46 62
2 0 943 292.3500 -36.5700 2 154 -195.4500 186.4800
2.0885807778e+00 -1.1317797126e+00 -6.7907219685e+00
159 130 37
2 0 994 198.3100 -99.4100 2 128 -106.0800 194.6900
2.0885807778e+00 -1.1317797126e+00 -6.7907219685e+00
159 130 37
2 0 995 198.3100 -99.4100 2 127 -106.0800 194.6900
1.3245432382e+00 -3.7036275445e+00 -1.1708626347e+01
38 27 32
2 0 1106 72.5900 -204.0000 2 135 2.6200 192.7700
1.1373772662e+00 -4.0980074910e+00 -1.2017651592e+01
52 49 60
2 0 1135 60.6500 -220.0200 2 845 16.1900 201.0900
1.2351988327e+00 -4.0537406681e+00 -1.1852902534e+01
59 57 71
2 0 1137 66.7500 -220.2900 2 100 11.0900 203.9500
1.9319932092e+00 -3.7139594581e+00 -1.0636341328e+01
81 73 90
2 0 1140 116.5100 -221.7100 2 24 -28.4900 225.8500
1.9319932092e+00 -3.7139594581e+00 -1.0636341328e+01
81 73 90
2 0 1141 116.5100 -221.7100 2 23 -28.4900 225.8500
4.1594122923e-01 1.1975769907e+00 -5.5932079626e+00
197 170 184
2 0 1206 57.8700 135.9200 2 1487 -25.2500 -6.7600
4.1594122923e-01 1.1975769907e+00 -5.5932079626e+00
197 170 184
2 0 1207 57.8700 135.9200 2 1486 -25.2500 -6.7600
-7.1786738007e-03 8.0212556557e-01 -5.4654103056e+00
109 3 8
2 0 1241 12.2900 95.1600 2 1449 27.7200 24.1500
-9.9867209064e-01 4.4626383182e-01 -4.1693818217e+00
153 142 180
2 0 1250 -123.0900 71.9600 2 1406 169.7100 69.4900
-7.4132480378e-01 4.4890760284e-01 -4.2333543143e+00
169 139 173
2 0 1252 -84.7500 71.4900 2 1031 136.5400 74.9900
-3.8985542884e+00 1.1535311061e+00 -1.2361676861e+01
88 65 74
2 0 1269 -204.7500 57.1600 2 1190 199.4500 -110.8600
-4.3024733331e+00 1.1632853710e+00 -1.2729933195e+01
30 22 27
2 0 1270 -219.9300 55.6800 2 1523 212.6200 -115.9400
-4.3024733331e+00 1.1632853710e+00 -1.2729933195e+01
30 22 27
2 0 1271 -219.9300 55.6800 2 1522 212.6200 -115.9400
2.7684217155e+00 4.9434295466e-01 -5.9349674924e+00
205 153 70
2 0 1273 289.3800 54.8000 2 352 -221.3200 106.1800
2.1884936045e+00 3.9801978974e-01 -6.7922650974e+00
135 83 25
2 0 1291 206.4200 39.4100 2 1397 -150.4100 79.8000
-6.0315300397e+00 3.1730234406e-01 -1.5863116574e+01
105 101 122
2 0 1315 -251.0400 8.5200 2 1178 245.4600 -98.1900
2.7399422591e+00 -4.5597220988e-01 -5.8390458244e+00
222 187 200
2 0 1357 292.2000 -41.5000 2 862 -193.8700 189.8700
2.7797783752e+00 -7.1896667449e-01 -5.7507762157e+00
221 36 52
2 0 1367 300.0300 -69.0800 2 824 -191.7500 215.9300
2.1483099431e+00 -8.4133000752e-01 -6.7291859083e+00
213 182 65
2 0 1372 205.4200 -73.5700 2 1329 -118.3600 176.4800
2.1758690147e+00 -8.4001930792e-01 -6.6602628372e+00
147 117 21
2 0 1373 210.0100 -74.0200 2 1325 -121.4000 179.2000
2.1758690147e+00 -8.4001930792e-01 -6.6602628372e+00
147 117 21
2 0 1374 210.0100 -74.0200 2 1324 -121.4000 179.2000
2.0740065815e+00 -9.7100795260e-01 -6.8315686393e+00
160 132 34
2 0 1383 195.9900 -84.5000 2 876 -108.1600 181.2300
2.1051724682e+00 -1.0787634571e+00 -6.7789555559e+00
161 135 41
2 0 1391 200.1600 -94.7300 2 857 -108.7100 191.5100
2.6176290452e+00 -9.9423022801e-01 -5.9658841289e+00
226 189 204
2 0 1392 274.7300 -95.1400 2 811 -165.6400 226.0800
2.7602649737e+00 1.7343180055e+00 -5.8510053627e+00
182 130 37
2 0 1476 287.5500 179.6700 2 1733 -259.3700 -4.1900
2.4527146244e+00 1.8454571126e+00 -6.4190010958e+00
174 143 45
2 0 1477 237.9700 176.7200 2 1746 -217.3000 -29.0500
2.5719330063e+00 1.7739854246e+00 -6.2181614283e+00
179 151 76
2 0 1479 256.1800 174.6800 2 1739 -231.2800 -17.6800
-9.6485981921e-01 7.4868037877e-01 -4.1025773082e+00
158 96 116
2 0 1510 -119.0200 116.7600 2 1437 160.2300 35.3500
-4.8008167800e+00 3.0213017625e-01 -1.3832922613e+01
48 35 41
2 0 1578 -227.4600 10.4300 2 1760 226.4300 -82.6500
2.8115389924e+00 -4.5493716939e-01 -5.7474989430e+00
216 38 58
2 0 1609 303.0300 -41.7000 2 1629 -202.5600 194.9000
2.6687814460e+00 -9.4076895796e-01 -5.9145325688e+00
217 35 60
2 0 1624 281.8100 -90.2600 2 1608 -172.4600 224.9400
1.0639983294e+00 -4.1906926227e+00 -1.2225260530e+01
27 19 23
2 0 1654 55.5700 -221.4800 2 1627 20.3400 199.7800
6.4086517066e-01 1.9089067224e+00 -5.9597790000e+00
136 12 17
2 0 1672 76.3400 199.3600 2 1996 -63.2100 -74.7100
2.2720437429e+00 3.3375184725e-01 -6.6675992870e+00
192 128 47
2 0 1731 217.7600 34.2500 2 1857 -157.6800 89.5100
2.8318324222e+00 -1.9045505246e-01 -5.7037846708e+00
218 188 207
2 0 1743 307.1800 -14.3700 2 1646 -213.0800 174.4700
2.8318324222e+00 -1.9045505246e-01 -5.7037846708e+00
218 188 207
2 0 1744 307.1800 -14.3700 2 1645 -213.0800 174.4700
2.7237833138e+00 -3.8571137049e-01 -5.8451466329e+00
216 39 52
2 0 1753 290.4600 -34.3200 2 1826 -194.2700 183.4300
2.7318736295e+00 -5.4617915735e-01 -5.8223426795e+00
218 180 191
2 0 1760 292.0900 -50.8300 2 1818 -191.0700 197.9100
2.7654532467e+00 -6.1894299226e-01 -5.8010259363e+00
216 38 57
2 0 1765 296.1900 -58.3700 2 1623 -192.4200 205.4400
2.7396864112e+00 -7.0888119946e-01 -5.8318600296e+00
213 37 55
2 0 1767 292.2400 -67.3800 2 1808 -186.9600 211.0900
2.6739872460e+00 -7.3190958528e-01 -5.8805641268e+00
207 168 185
2 0 1768 284.0700 -69.4800 2 1812 -179.3500 209.6000
2.6739872460e+00 -7.3190958528e-01 -5.8805641268e+00
207 168 185
2 0 1769 284.0700 -69.4800 2 1811 -179.3500 209.6000
2.7684987595e+00 1.4912488140e+00 -5.8875860146e+00
187 165 107
2 0 1819 289.1300 154.7400 2 1889 -250.6600 17.3800
2.7684987595e+00 1.4912488140e+00 -5.8875860146e+00
187 165 107
2 0 1820 289.1300 154.7400 2 1888 -250.6600 17.3800
2.7589395498e+00 -5.6997699139e-01 -6.0694736920e+00
217 37 42
2 0 1869 283.4600 -51.6000 2 1821 -187.3300 190.8300
2.7079601575e+00 -6.4248611305e-01 -5.8670319794e+00
228 157 175
2 0 1872 287.8900 -60.4200 2 1814 -185.1300 203.5200
2.7079601575e+00 -6.4248611305e-01 -5.8670319794e+00
228 157 175
2 0 1873 287.8900 -60.4200 2 1813 -185.1300 203.5200
2.8028818551e+00 -9.3066292835e-02 -5.7125206135e+00
217 33 51
2 0 1926 304.0800 -4.2700 2 1948 -213.0300 165.1000
6.5564485629e-02 1.8068217792e+00 -5.8297339419e+00
128 2 1
2 1 152 45.8500 135.9800 2 1166 -5.7600 -78.3600
-1.6298953627e+00 2.7925588922e+00 -1.0271589601e+01
41 35 36
2 1 160 -32.1200 133.4200 2 714 81.3200 -176.0000
-4.2243639888e+00 3.5353265705e+00 -1.3270362891e+01
79 64 69
2 1 165 -120.1600 131.0700 2 1269 175.7300 -226.8300
2.7382608009e+00 1.6285910069e+00 -5.9671689437e+00
233 200 111
2 1 168 305.0600 129.6000 2 1128 -250.0700 2.9700
1.4608424227e+00 1.2897315904e+00 -5.4343577701e+00
162 116 127
2 1 215 189.3100 99.4400 2 1113 -134.7200 13.5200
2.7181602107e+00 1.2927907896e+00 -5.9630849305e+00
228 179 57
2 1 216 305.3300 97.3100 2 490 -238.8400 33.2000
2.7181602107e+00 1.2927907896e+00 -5.9630849305e+00
228 179 57
2 1 217 305.3300 97.3100 2 489 -238.8400 33.2000
4.4355360275e-01 1.1153853511e+00 -5.6015238488e+00
221 200 222
2 1 238 84.5100 74.3200 2 578 -25.8900 1.9600
5.4086715392e-01 1.1158509827e+00 -5.6332367880e+00
195 42 76
2 1 239 94.4200 74.5100 2 571 -35.4200 3.8300
3.9429690600e-01 1.1024021484e+00 -5.5858920015e+00
238 211 231
2 1 242 79.6200 72.9800 2 576 -20.5900 2.2700
5.9569731522e-01 1.1020057743e+00 -5.6520591679e+00
162 28 49
2 1 243 100.0600 73.2100 2 1124 -40.3400 6.2400
4.3950252651e-01 9.4332665562e-01 -5.5935502410e+00
229 156 175
2 1 262 84.8800 57.1800 2 529 -20.9200 18.9400
5.3617196876e-01 8.6338313411e-01 -5.6122300363e+00
223 192 208
2 1 274 95.0800 49.4800 2 500 -28.3100 28.7900
5.3617196876e-01 8.6338313411e-01 -5.6122300363e+00
223 192 208
2 1 275 95.0800 49.4800 2 501 -28.3100 28.7900
-1.0509520017e+00 7.1146511276e-01 -4.0981351234e+00
219 151 163
2 1 301 -105.2600 35.7100 2 486 172.4700 37.2900
-6.7614278969e-01 6.7267882465e-01 -4.1684499449e+00
245 185 195
2 1 309 -57.9800 32.5900 2 462 124.0500 52.1100
-6.7614278969e-01 6.7267882465e-01 -4.1684499449e+00
245 185 195
2 1 310 -57.9800 32.5900 2 461 124.0500 52.1100
-3.9932617582e-01 5.1979070297e-01 -4.4406756615e+00
237 185 197
2 1 350 -17.4400 14.2400 2 419 88.9200 70.2700
-9.4662276132e-01 4.6412406349e-02 -4.2589488236e+00
236 173 188
2 1 428 -84.6300 -45.2000 2 342 170.8600 114.6500
7.2167020307e-01 -3.8543845587e-01 -5.6423533619e+00
200 36 61
2 1 470 118.2500 -75.5000 2 266 -14.7000 148.9700
2.6261977387e+00 -8.1405306473e-01 -5.9789575162e+00
245 84 100
2 1 509 304.3000 -107.7300 2 71 -170.4200 211.3300
1.7566043138e-01 -3.8199507248e+00 -1.3594283101e+01
72 68 82
2 1 635 90.2400 -194.3800 2 270 52.1600 149.1100
7.8376069034e-01 -3.9411598599e+00 -1.2598347095e+01
85 68 80
2 1 660 119.4600 -213.4200 2 178 29.6900 178.5800
1.3288553814e+00 -3.7311403127e+00 -1.1765293215e+01
81 63 76
2 1 661 148.6500 -215.7700 2 136 2.6200 192.7700
1.7661074742e+00 -3.5055809895e+00 -1.1024796623e+01
146 133 150
2 1 664 175.8400 -215.7600 2 96 -21.9400 204.4700
1.4043789083e+00 -3.7402557911e+00 -1.1496304706e+01
119 98 106
2 1 671 153.9900 -220.4700 2 846 -0.4400 200.0400
-2.4224979489e-01 -4.6984721656e+00 -1.4325004071e+01
106 103 119
2 1 674 73.7700 -222.8900 2 212 75.0600 166.6900
1.5291613960e+00 -3.8001618894e+00 -1.1354815421e+01
144 138 160
2 1 685 161.3100 -225.9800 2 84 -5.9200 207.4200
1.3566541552e+00 -3.9306018185e+00 -1.1689081366e+01
123 119 149
2 1 688 150.7100 -227.1500 2 102 3.9400 203.5900
-8.1737224672e-01 -5.1298804957e+00 -1.5178891376e+01
28 27 32
2 1 693 52.4000 -228.8800 2 222 97.1400 163.0600
1.4946257532e+00 2.7108982990e+00 -7.9321530399e+00
114 95 82
2 1 742 162.9700 176.7800 2 1218 -130.3100 -126.1800
1.4946257532e+00 2.7108982990e+00 -7.9321530399e+00
114 95 82
2 1 744 162.9700 176.7800 2 1217 -130.3100 -126.1800
8.0650836382e-01 1.7935835417e+00 -5.8845916168e+00
168 15 27
2 1 758 117.6100 137.9900 2 1162 -77.3100 -58.7600
-4.5264263757e+00 3.4883655276e+00 -1.3530415194e+01
84 72 76
2 1 773 -128.9900 125.8400 2 1584 186.6700 -225.7500
2.7835074004e+00 1.5609518564e+00 -5.9097029550e+00
227 177 55
2 1 774 312.0200 124.5800 2 1118 -253.4600 11.2500
-1.6714794510e+00 2.5685556658e+00 -1.0384149984e+01
38 32 32
2 1 778 -32.4300 119.4400 2 1229 86.4600 -162.5200
2.4956467025e+00 1.5851076216e+00 -6.3492844330e+00
219 169 54
2 1 785 273.0100 117.9800 2 1484 -216.1600 -4.4600
2.4956467025e+00 1.5851076216e+00 -6.3492844330e+00
219 169 54
2 1 786 273.0100 117.9800 2 1483 -216.1600 -4.4600
1.6880137365e+00 1.4401741610e+00 -5.6067785910e+00
178 130 131
2 1 791 209.5200 113.0200 2 1132 -157.9100 1.2500
2.6030641333e+00 1.4967175860e+00 -6.3275390494e+00
224 172 56
2 1 792 284.4700 110.9400 2 563 -222.8800 6.0600
2.7334305540e-01 1.4696301043e+00 -5.6579954644e+00
137 10 14
2 1 796 66.4500 107.8200 2 1751 -17.7600 -38.2900
-1.7618140941e+00 2.3795303225e+00 -1.0534651950e+01
15 12 16
2 1 800 -35.3600 107.0200 2 1228 93.2000 -152.0000
-1.3004747654e+00 2.2357473800e+00 -9.9580428125e+00
72 59 61
2 1 801 -15.2400 105.7400 2 1223 72.1300 -138.2400
2.7338331044e+00 1.2397818977e+00 -5.8306192217e+00
232 183 49
2 1 810 310.6900 93.9400 2 1061 -243.2900 41.1100
-7.0189454498e-02 1.0109646573e+00 -5.5442237207e+00
132 4 8
2 1 821 33.2400 61.9900 2 1477 28.7700 0.2600
4.4457889725e-01 8.7752057984e-01 -5.6061696983e+00
223 198 216
2 1 829 85.7100 50.5000 2 1093 -19.6700 25.2500
4.4457889725e-01 8.7752057984e-01 -5.6061696983e+00
223 198 216
2 1 830 85.7100 50.5000 2 1092 -19.6700 25.2500
2.5684659446e+00 7.5028401791e-01 -6.2102274513e+00
243 215 125
2 1 837 287.4100 42.5200 2 415 -203.5100 72.3300
-1.5000272483e-01 6.5823413390e-01 -5.3275461042e+00
251 54 98
2 1 850 23.5400 27.0700 2 1072 46.6700 37.8900
2.2214822609e+00 4.3531408943e-01 -6.7443275199e+00
217 185 116
2 1 866 245.4200 10.4100 2 1027 -155.0700 78.5500
2.0688418852e+00 1.2944900941e-01 -6.9293298393e+00
209 169 52
2 1 893 230.2400 -16.5400 2 1007 -132.1600 95.1800
-1.0450370066e+00 2.3637458189e-01 -4.2835461700e+00
254 201 212
2 1 901 -96.2700 -22.6100 2 1013 177.1400 88.6700
3.2767171172e-01 -3.6259395054e+00 -1.3381193660e+01
74 63 78
2 1 1033 97.0500 -188.1800 2 933 44.5000 146.4500
-3.9835773431e-01 -3.9533475826e+00 -1.4484811828e+01
68 55 61
2 1 1034 66.4300 -189.5300 2 300 73.6700 134.4500
7.1029334623e-01 -4.0897414133e+00 -1.2750719737e+01
114 105 119
2 1 1051 116.0500 -218.1600 2 877 34.4800 181.0200
-3.3028172189e-01 -4.7855836946e+00 -1.4496403276e+01
60 44 54
2 1 1056 70.5900 -224.1300 2 907 78.7500 166.2400
-5.6088304904e-01 -5.0476087106e+00 -1.4835740272e+01
92 88 103
2 1 1063 61.9200 -230.2400 2 905 88.4300 168.0300
1.0375769210e+00 2.9028075730e+00 -8.4771794660e+00
19 15 16
2 1 1079 126.7600 178.1000 2 1775 -94.3700 -147.6200
-1.5522301933e+00 3.1600056420e+00 -1.0098883251e+01
15 14 10
2 1 1087 -30.2100 156.9900 2 1570 72.6300 -198.4700
2.5288104475e+00 1.8019232414e+00 -6.3119099459e+00
222 192 117
2 1 1095 275.8000 138.5900 2 1490 -225.6400 -22.3000
3.4488219977e-01 1.7084791044e+00 -5.8066931225e+00
160 13 22
2 1 1098 73.0300 128.7200 2 1753 -30.7700 -61.4900
2.4358488292e+00 1.5905024937e+00 -6.4218180583e+00
222 192 121
2 1 1115 266.2800 117.2400 2 1738 -208.8600 -7.2500
5.2631986654e-01 1.5599586994e+00 -5.8816514664e+00
166 15 23
2 1 1122 91.4400 114.2100 2 1153 -44.2900 -43.1300
-1.2900631651e+00 2.3003989493e+00 -9.9188022448e+00
6 6 4
2 1 1123 -14.9700 110.0700 2 1541 71.0000 -142.1800
-1.7939089447e+00 2.4263348492e+00 -1.0501291167e+01
88 78 87
2 1 1125 -37.7300 109.7900 2 1548 94.5800 -155.3600
5.0147628641e-01 1.5010939182e+00 -5.8728953944e+00
182 29 36
2 1 1126 89.4400 108.6700 2 1494 -40.2500 -37.9600
5.5488140507e-01 1.4893178675e+00 -5.9442157621e+00
73 1 0
2 1 1127 94.6500 106.6700 2 1493 -44.8000 -36.2900
1.0142034580e-01 1.3334682031e+00 -5.5885979897e+00
115 4 7
2 1 1135 49.1400 94.3500 2 1744 2.7000 -28.2900
-1.3404190164e-01 1.0483278172e+00 -5.5289842668e+00
142 19 25
2 1 1145 26.5900 65.5700 2 1737 34.4200 -4.8500
-1.4630662885e-02 9.9585056298e-01 -5.5353530247e+00
215 36 58
2 1 1148 38.3900 60.6900 2 1727 23.1800 3.3000
-2.2549308426e-01 8.1881175154e-01 -5.3337618181e+00
121 6 8
2 1 1164 15.8200 43.5000 2 1717 51.0100 19.5400
8.6367401658e-01 6.5344656640e-01 -5.7185565204e+00
236 46 81
2 1 1175 128.3800 29.0800 2 1416 -54.7000 54.4600
-5.3225304629e-02 6.0647289167e-01 -5.3109871174e+00
250 236 245
2 1 1181 33.7700 22.2800 2 1698 38.2900 46.0500
2.4603003649e+00 2.3174227375e-01 -6.3701474630e+00
244 188 79
2 1 1204 275.7100 -6.6400 2 1372 -176.5600 109.5200
2.5057244915e+00 2.1519693464e-01 -6.2814278852e+00
243 191 78
2 1 1205 281.9500 -8.1100 2 980 -182.0200 114.3300
2.5057244915e+00 2.1519693464e-01 -6.2814278852e+00
243 191 78
2 1 1206 281.9500 -8.1100 2 979 -182.0200 114.3300
3.7001691350e-01 -3.6971609836e-01 -5.9257773570e+00
205 37 63
2 1 1246 83.6400 -71.9900 2 1355 17.6100 129.7100
2.6203459855e+00 -9.9569785796e-01 -5.9679514945e+00
245 219 227
2 1 1262 303.8900 -125.6200 2 812 -165.6400 226.0800
-4.3824036421e-01 -4.9422188084e+00 -1.4632738192e+01
65 58 69
2 1 1302 66.3600 -228.7700 2 1334 83.6400 168.6900
6.3071082936e-01 1.8205777518e+00 -5.9269213830e+00
94 6 3
2 1 1324 100.5700 138.7500 2 1914 -60.5900 -66.0600
5.5713177992e-01 1.7903548285e+00 -5.8255778661e+00
186 29 43
2 1 1325 93.2600 137.3800 2 1913 -53.6900 -64.3100
-1.5382268938e+00 2.7898186218e+00 -1.0239521172e+01
21 21 21
2 1 1326 -27.0700 134.0800 2 1780 76.3200 -174.6400
-1.5382268938e+00 2.7898186218e+00 -1.0239521172e+01
21 21 21
2 1 1327 -27.0700 134.0800 2 1779 76.3200 -174.6400
-1.4207669632e+00 2.6480834894e+00 -1.0304334868e+01
49 44 44
2 1 1331 -19.3600 125.7400 2 1931 70.9800 -163.9700
1.4935448469e-01 1.3751598307e+00 -5.6304181709e+00
200 34 52
2 1 1350 54.5500 98.3300 2 1747 -2.7200 -31.7000
-9.3081213488e-01 8.3041888524e-01 -4.1105452098e+00
174 110 126
2 1 1361 -91.1500 50.9900 2 1713 153.4600 25.9500
4.0254421966e-01 8.8976410365e-01 -5.5786743158e+00
185 35 57
2 1 1362 81.3400 51.7600 2 1715 -15.8500 23.5600
-7.6363327834e-01 7.8436508057e-01 -4.1298577873e+00
245 191 204
2 1 1365 -70.8400 45.9600 2 1705 132.3300 36.5600
8.0235477132e-02 5.5391795089e-01 -5.3330869129e+00
105 39 62
2 1 1384 48.4100 17.4500 2 1873 26.0900 54.2700
2.6478481613e+00 -1.0328834592e+00 -5.9456073702e+00
255 63 99
2 1 1448 307.4100 -129.4200 2 1601 -167.1600 230.4800
2.6478481613e+00 -1.0328834592e+00 -5.9456073702e+00
255 63 99
2 1 1449 307.4100 -129.4200 2 1600 -167.1600 230.4800
-1.9857960373e-02 1.4159939555e+00 -5.7066059697e+00
181 26 39
2 1 1490 38.4700 100.2800 2 1993 13.1400 -40.9100
6.2932532677e-01 1.2472593211e+00 -5.7490300035e+00
91 1 0
2 1 1498 102.6900 86.4800 2 1985 -47.0400 -8.6600
2.6263347072e+00 4.4081908761e-01 -6.1081997007e+00
240 216 145
2 1 1515 296.7400 13.7700 2 1667 -202.7000 102.7500
1.9007620221e+00 -1.5808259866e+00 -6.9461319892e+00
240 212 72
2 1 1570 219.5700 -161.9800 2 1807 -79.6300 217.8300
8.9744657746e-01 -4.1384878545e+00 -1.2471140012e+01
59 47 59
2 1 1582 125.2200 -224.9000 2 1823 26.7100 190.6200
-1.8399499743e-01 7.1568353604e-01 -5.3389821163e+00
229 43 71
2 1 1613 20.8300 33.1300 2 1975 49.5500 31.0200
7.4717949850e-01 -4.1849198082e+00 -1.2689655128e+01
107 100 119
2 1 1650 117.8200 -223.6500 2 1943 33.8100 186.5400
7.9452057784e-01 1.1908324402e+00 -5.8099637885e+00
178 24 37
2 1 1668 119.3900 81.1000 2 2078 -60.9500 -0.0800
-2.0430283549e-02 1.1522439246e+00 -5.5947424619e+00
103 1 4
2 1 1669 37.5700 75.5500 2 2045 19.3700 -13.4000
9.2661392459e-01 4.2142212449e-01 -5.6189507964e+00
247 225 234
2 1 1673 136.0800 6.3600 2 1966 -55.4300 80.4300
9.2661392459e-01 4.2142212449e-01 -5.6189507964e+00
247 225 234
2 1 1674 136.0800 6.3600 2 1965 -55.4300 80.4300
6.8809620925e-01 1.1027177048e+00 -5.6524919984e+00
162 21 30
2 1 1707 109.1100 73.6300 2 2077 -49.7400 8.4500
1.6011221239e+00 3.2578141670e+00 -7.7748927652e+00
141 136 152
2 1 1734 169.5700 220.7600 2 2111 -152.1000 -166.3600
1.3890358533e-01 8.9145360617e-01 -5.4513052964e+00
245 48 86
2 1 1747 53.4500 51.5700 2 2103 10.3400 19.2200
7.8327106559e-02 9.4212339708e-01 -5.4927890097e+00
239 45 80
2 1 1774 48.1100 56.3400 2 2125 15.8200 11.8600
