# Bundle file v0.3
3 606
6.6663973581e+02 -8.4710973193e-02 8.1135193143e-03
9.9977662175e-01 -1.0016082201e-02 1.8611413083e-02
1.0180142566e-02 9.9990997308e-01 -8.7413061254e-03
-1.8522183914e-02 8.9288203462e-03 9.9978858009e-01
1.0982107283e-01 -4.5334891334e-02 -7.6553914776e-02
6.6347675823e+02 -8.7907149445e-02 -1.8027291420e-02
9.9901828743e-01 -4.1862264400e-02 -1.4491797866e-02
3.7015227024e-02 9.6853892175e-01 -2.4609394551e-01
2.4337920093e-02 2.4531593481e-01 9.6913763614e-01
4.4971588152e-02 -9.1498200202e-01 -5.6642211667e-01
6.6982087802e+02 -1.0882328563e-01 6.7424606930e-02
9.9892322797e-01 3.9506172260e-02 -2.4323794464e-02
-3.7610401159e-02 9.9654887313e-01 7.3998656701e-02
2.7163253642e-02 -7.3004149350e-02 9.9696166016e-01
-8.8322939868e-03 1.2474155284e-01 -8.3309047049e-02
1.3402292264e+00 7.4969868361e-01 -3.2443057452e+00
229 187 202
2 0 209 270.5500 146.3600 1 197 261.3400 122.8300
6.0048122624e-01 1.8762048693e+00 -9.1621900529e+00
58 43 47
2 0 231 37.5600 137.8800 1 11 51.0000 232.3400
9.1760304323e-01 9.4988232885e-01 -4.5691939725e+00
187 145 61
2 0 244 132.7700 135.6800 1 139 136.9700 161.3700
-2.9929825514e-01 1.9838582746e+00 -1.0526743393e+01
6 13 27
2 0 259 -25.3000 127.3400 1 16 -11.9200 228.7100
-4.0326731902e-01 1.9360424096e+00 -1.0595592056e+01
22 51 102
2 0 267 -31.8300 123.5500 1 27 -18.0700 224.8900
-5.4154968821e-01 5.7843771119e-01 -2.9426686306e+00
210 161 173
3 0 270 -108.5200 121.7500 1 296 -96.4400 70.3100 2 231 -98.5000 109.5700
1.0383460523e-01 1.9364321059e+00 -1.0928896328e+01
37 32 47
2 0 272 -0.4400 120.2400 1 30 13.7800 224.5900
-5.7061863537e-01 5.0556647441e-01 -2.8859864534e+00
242 188 204
2 0 291 -116.9300 107.9700 1 318 -102.6000 53.6500
1.1404497335e+00 6.2177553174e-01 -3.9765750218e+00
212 163 63
2 0 301 190.0500 101.1400 1 212 188.3300 109.7100
-5.0318682193e-01 4.1501468792e-01 -2.8972352176e+00
211 151 163
3 0 327 -101.3200 87.5500 1 350 -87.3100 36.5500 2 1041 -93.9600 75.8400
-9.2927025833e-01 4.3245899180e-01 -3.0333821847e+00
234 158 170
2 0 329 -188.1500 86.5100 1 340 -165.5100 41.6000
1.0624664295e+00 3.7336351297e-01 -3.9919944313e+00
93 41 4
2 0 376 177.4300 60.5800 1 291 175.1400 71.4500
1.2638363244e+00 3.2551135044e-01 -3.4636866556e+00
169 138 33
2 0 380 241.5100 59.8300 1 327 231.2300 51.4800
-8.1980371281e-01 1.5936459796e-01 -2.8583025787e+00
210 148 165
2 0 435 -173.7600 29.6800 1 470 -147.0700 -17.4300
-4.7571828994e-01 1.2076718021e-01 -2.9226822653e+00
150 106 118
2 0 449 -93.9100 21.4100 1 475 -76.9200 -18.8900
-4.0219250809e+00 1.6998127891e-01 -1.1649067738e+01
94 73 89
2 0 473 -233.4600 10.5000 1 930 -210.2300 108.2700
-4.2691869810e+00 1.5294252953e-01 -1.0563716762e+01
98 74 70
2 0 475 -271.0400 9.7400 1 233 -245.0500 100.6800
-8.1366799171e-02 6.5852064464e-02 -3.3820124309e+00
172 14 27
2 0 476 -6.6800 9.4900 1 445 1.6200 -3.7900
-4.0913030055e+00 -3.0655459956e-02 -1.0220480879e+01
100 74 68
2 0 492 -268.2300 -1.8200 1 250 -240.8100 87.7600
-4.1181321057e+00 -2.4237460659e-01 -1.1047762618e+01
7 7 9
2 0 512 -250.9600 -13.8900 1 962 -223.5900 81.2300
-3.7701910543e+00 -5.4105855808e-01 -9.5155673652e+00
38 26 26
2 0 535 -264.4100 -37.3800 1 328 -233.1800 49.9600
1.3113306285e+00 -2.7791585496e-01 -3.1868268020e+00
84 58 3
3 0 550 272.5300 -55.7600 1 534 250.1000 -62.3100 2 1226 280.4500 -90.1400
1.3060801029e+00 -2.7383597625e-01 -3.1744627404e+00
84 58 3
2 0 551 272.5300 -55.7600 1 535 250.1000 -62.3100
1.3226514497e+00 -3.6387135413e-01 -3.0947926320e+00
72 46 1
3 0 574 282.5700 -74.9400 1 582 256.9600 -82.4500 2 564 290.0400 -109.6000
1.3226514497e+00 -3.6387135413e-01 -3.0947926320e+00
72 46 1
3 0 575 282.5700 -74.9400 1 583 256.9600 -82.4500 2 565 290.0400 -109.6000
-4.0045621818e+00 -1.1947649420e+00 -8.5034868435e+00
57 54 64
2 0 592 -309.9700 -92.5400 1 454 -268.5500 -9.0600
1.0590038972e+00 -6.4495839808e-01 -4.0055739530e+00
41 28 6
2 0 612 177.3800 -103.8000 1 565 170.6400 -73.9700
-2.2426067522e+00 -1.6464327710e+00 -7.8934472596e+00
12 12 14
3 0 660 -188.1100 -136.2900 1 513 -153.1100 -49.5600 2 654 -177.4500 -169.0300
-2.2426067522e+00 -1.6464327710e+00 -7.8934472596e+00
12 12 14
3 0 661 -188.1100 -136.2900 1 512 -153.1100 -49.5600 2 655 -177.4500 -169.0300
6.1704445975e-01 -1.0920286425e+00 -5.1400607744e+00
23 15 16
2 0 663 81.4000 -137.5900 1 577 89.0700 -78.1000
-2.1894076459e+00 -1.7133665368e+00 -7.9021652985e+00
10 10 10
3 0 668 -183.6100 -141.9300 1 517 -148.5700 -54.0300 2 664 -172.8400 -174.5000
-5.1636900463e-01 -1.5051285573e+00 -6.6411783639e+00
31 36 51
2 0 677 -51.0400 -147.8400 1 548 -27.7500 -68.0000
-1.3953015716e-01 -1.5335935779e+00 -6.5861047423e+00
11 9 4
2 0 685 -13.5600 -151.4600 1 555 5.8400 -70.9600
-1.3953015716e-01 -1.5335935779e+00 -6.5861047423e+00
11 9 4
2 0 686 -13.5600 -151.4600 1 556 5.8400 -70.9600
-1.2842784836e-01 -1.5923567005e+00 -6.6591144693e+00
31 28 20
2 0 698 -12.5300 -155.4600 1 563 7.2300 -73.6000
-1.2842784836e-01 -1.5923567005e+00 -6.6591144693e+00
31 28 20
2 0 699 -12.5300 -155.4600 1 564 7.2300 -73.6000
-2.0733368508e+00 -1.9891384346e+00 -7.9235801306e+00
7 7 9
2 0 734 -172.8100 -164.1500 1 559 -137.3800 -72.7800
-4.8162709018e+00 -2.5731677757e+00 -1.0203066309e+01
37 35 37
2 0 735 -310.6800 -164.2900 1 530 -262.5500 -62.5800
-4.8091064848e+00 -2.5691247048e+00 -1.0193383065e+01
37 35 37
3 0 736 -310.6800 -164.2900 1 531 -262.5500 -62.5800 2 1379 -298.3700 -192.5000
6.7326241089e-01 -1.2883465697e+00 -4.9157324194e+00
40 12 11
2 0 756 92.9800 -169.4200 1 610 98.8500 -108.8900
-1.6633733176e+00 -2.1100433760e+00 -8.0581414966e+00
8 6 7
2 0 760 -136.8800 -170.9300 1 569 -104.3900 -76.7600
-2.4940573225e+00 -2.1303444439e+00 -7.8342004302e+00
7 5 8
2 0 783 -209.2800 -177.7300 1 586 -168.7800 -86.0600
-2.4940573225e+00 -2.1303444439e+00 -7.8342004302e+00
7 5 8
2 0 784 -209.2800 -177.7300 1 587 -168.7800 -86.0600
-2.0717378973e+00 -2.2022074162e+00 -7.9098089923e+00
8 8 9
2 0 794 -172.5800 -181.8200 1 590 -135.8900 -88.1100
-1.7687228169e+00 -2.2892553942e+00 -8.0546550107e+00
8 8 8
2 0 807 -145.1500 -185.4100 1 591 -111.0100 -89.4600
7.2897875041e-01 -1.3903560339e+00 -4.7827397052e+00
115 93 107
2 0 813 103.1700 -187.5300 1 637 107.7100 -126.3200
-2.1740477609e+00 -2.3079090715e+00 -7.9242926362e+00
6 6 6
2 0 822 -180.4900 -190.0900 1 594 -142.3700 -95.2600
8.3053887511e-01 -1.3981953400e+00 -4.5349391749e+00
138 119 141
2 0 837 123.6600 -198.4200 1 666 124.5600 -139.9200
1.2788010555e+00 9.4945272360e-01 -3.4075434804e+00
218 55 76
3 0 946 246.2700 176.7700 1 140 241.2800 160.9700 2 180 258.9700 144.4000
1.0024032752e+00 1.0219286235e+00 -4.2876486798e+00
209 174 106
2 0 972 154.4900 154.6900 1 867 157.0900 172.1700
1.3071471351e+00 8.0539132958e-01 -3.3337632398e+00
237 194 201
3 0 976 257.4000 153.4200 1 905 249.9300 134.0700 2 994 269.6300 120.9400
-5.1758242601e-01 5.9605188174e-01 -2.9717389198e+00
236 176 187
2 0 1005 -102.4700 124.9600 1 971 -90.7600 74.7900
-5.3041026256e-01 5.8715956014e-01 -2.9560343206e+00
144 88 102
3 0 1007 -105.8000 123.3000 1 975 -93.6600 72.5200 2 1005 -95.6500 110.5700
-5.3041026256e-01 5.8715956014e-01 -2.9560343206e+00
144 88 102
3 0 1008 -105.8000 123.3000 1 976 -93.6600 72.5200 2 1006 -95.6500 110.5700
-3.7461927043e-01 1.6307426781e+00 -1.0494475067e+01
15 18 35
2 0 1024 -29.9300 105.5000 1 834 -15.7100 205.5200
-9.0788416060e-01 4.7107454337e-01 -3.0428243109e+00
241 186 202
2 0 1031 -183.2200 94.5600 1 997 -161.6500 49.4300
-7.7120167280e-01 4.5109660538e-01 -2.9018843341e+00
133 62 81
3 0 1032 -161.0500 94.1500 1 339 -141.0600 41.8100 2 1024 -151.6400 85.7500
-2.7725133083e-01 3.8628189891e-01 -3.4746599630e+00
193 155 159
2 0 1060 -44.3300 69.2600 1 321 -34.1100 52.4000
-2.7722708553e-01 3.8706148600e-01 -3.4680705448e+00
193 155 159
3 0 1061 -44.3300 69.2600 1 322 -34.1100 52.4000 2 1072 -34.9400 49.6700
-5.9043149562e-01 3.1991719655e-01 -2.9033395511e+00
236 213 231
2 0 1063 -120.5100 65.8400 1 1050 -102.9700 17.4700
5.1196121335e-01 3.1945392863e-01 -2.9941802595e+00
146 89 103
3 0 1064 121.3400 65.9100 1 364 114.5800 29.4200 2 1075 127.8400 43.8600
-5.6424765383e-01 3.0611235966e-01 -2.9016018250e+00
213 142 157
3 0 1072 -114.6500 62.6800 1 402 -97.8100 14.9200 2 1070 -108.3500 52.4800
-5.9508246200e-01 3.0427678773e-01 -2.8934641793e+00
143 164 210
3 0 1073 -121.7200 62.1800 1 405 -103.9200 14.0400 2 324 -115.8000 52.7100
-7.0501219559e-01 2.8748217924e-01 -2.8797831623e+00
179 232 255
2 0 1077 -147.0800 58.7000 1 1061 -125.9500 9.2200
1.0440271348e+00 3.6128049493e-01 -3.9948258317e+00
154 97 86
2 0 1079 174.4000 58.5700 1 978 172.2000 69.5900
-2.2477116480e-01 2.7980349752e-01 -3.3622685269e+00
182 135 145
3 0 1085 -35.0500 50.8100 1 357 -25.3200 30.8500 2 350 -26.9500 31.5400
-6.2706041487e-01 1.8989711582e-01 -2.8606932676e+00
236 222 243
2 0 1098 -130.0500 37.0800 1 457 -109.6300 -10.0600
1.3158211515e+00 1.4934519199e-01 -3.2776987463e+00
178 148 30
2 0 1118 265.3600 28.4400 1 403 249.6100 15.1400
1.3173946690e+00 1.4854051156e-01 -3.2816212866e+00
178 148 30
3 0 1119 265.3600 28.4400 1 404 249.6100 15.1400 2 399 275.4100 -4.0300
-5.3306668050e-01 1.4446528788e-01 -2.8704912122e+00
189 140 151
3 0 1121 -108.4700 26.5600 1 471 -89.9500 -17.5500 2 1100 -104.6300 17.4800
-6.1445021561e-01 1.3968757385e-01 -2.8497229630e+00
215 153 164
2 0 1126 -127.5700 25.7800 1 1103 -106.6100 -20.2300
-6.4796858192e-01 1.2472985551e-01 -2.8398649896e+00
168 101 120
2 0 1130 -135.5400 22.3400 1 481 -113.3800 -23.8900
-5.9274273096e-01 1.1990999558e-01 -2.8494465857e+00
195 137 151
2 0 1133 -122.5500 21.3200 1 482 -102.0500 -23.8900
1.3567112728e+00 7.9855592312e-02 -3.1321735988e+00
169 140 29
2 0 1139 285.6400 15.3600 1 443 265.5500 -3.0500
1.3567112728e+00 7.9855592312e-02 -3.1321735988e+00
169 140 29
2 0 1140 285.6400 15.3600 1 444 265.5500 -3.0500
-3.7941516935e+00 1.5833018523e-01 -1.1757905090e+01
97 79 98
2 0 1148 -219.2700 9.9500 1 928 -195.6900 108.8200
-7.0378999916e-01 6.3197572858e-02 -2.8575369671e+00
135 85 102
3 0 1151 -147.2300 7.7600 1 502 -122.2600 -34.8500 2 1625 -144.6800 0.9100
-4.7486212695e+00 4.8534274639e-02 -1.0747660307e+01
33 32 38
3 0 1160 -295.2200 3.0300 1 944 -267.3700 94.1800 2 1153 -270.6900 -26.7800
-4.1267980113e+00 -1.4005755805e-01 -9.9419506076e+00
26 16 18
2 0 1179 -277.2400 -9.2800 1 968 -248.6900 78.6300
1.3816479903e+00 -3.5535764043e-02 -2.9627737072e+00
138 155 120
2 0 1180 306.7800 -8.7400 1 495 280.7900 -32.3100
1.3816479903e+00 -3.5535764043e-02 -2.9627737072e+00
138 155 120
2 0 1181 306.7800 -8.7400 1 496 280.7900 -32.3100
-4.1152001439e+00 -1.5046190084e-01 -1.0223827477e+01
94 74 66
3 0 1182 -269.3900 -9.4900 1 271 -241.2600 80.3600 2 432 -246.8700 -39.9400
-8.2049963024e-02 -3.0624697052e-02 -3.2846595643e+00
200 34 52
2 0 1183 -6.6500 -9.5300 1 1111 2.2100 -24.6000
-3.7908691806e+00 -2.0081928531e-01 -1.1045776408e+01
31 28 29
2 0 1185 -231.9800 -11.2300 1 263 -205.4700 84.5000
9.5066014942e-01 -7.5387677278e-02 -3.4699305501e+00
158 98 109
2 0 1188 185.2300 -15.0100 1 469 175.9700 -16.5900
-3.9980184194e+00 -3.3775885992e-01 -1.1005304661e+01
11 9 10
3 0 1190 -244.5000 -19.5400 1 280 -217.0000 75.8200 2 1172 -222.9800 -52.1000
-4.0995798733e+00 -3.3909533631e-01 -1.0975833199e+01
13 11 12
3 0 1191 -251.1800 -20.0000 1 970 -223.2800 75.2600 2 1171 -229.3100 -51.6900
1.3047074631e+00 -1.4874748711e-01 -3.2178668201e+00
100 61 3
2 0 1198 268.4400 -30.2200 1 504 248.6400 -38.8400
-4.5172991108e+00 -5.4558494446e-01 -9.7929585529e+00
14 13 15
3 0 1202 -306.1200 -36.6600 1 993 -272.2700 50.7200 2 476 -285.5000 -64.6300
-4.5038607942e+00 -5.4160267745e-01 -9.7735240876e+00
14 13 15
2 0 1203 -306.1200 -36.6600 1 994 -272.2700 50.7200
9.6325704914e-01 -1.9471408013e-01 -3.4945519095e+00
137 88 93
3 0 1204 186.3700 -36.5100 1 501 176.3500 -34.4700 2 1197 193.9300 -68.7600
-3.6979962259e+00 -6.8067804556e-01 -9.2639914766e+00
41 29 25
3 0 1209 -265.8600 -48.2300 1 1011 -233.3200 38.0100 2 1213 -246.7100 -77.5600
-3.2527022436e+00 -1.1292700073e+00 -9.3425865892e+00
23 36 69
2 0 1235 -232.6400 -79.2000 1 1057 -199.1100 11.2300
-3.3366733067e+00 -1.1422704171e+00 -9.3686159551e+00
21 39 73
2 0 1236 -237.7100 -79.9100 1 1058 -204.0000 10.5700
-3.5783739247e+00 -1.0483938493e+00 -8.6170049831e+00
56 37 44
2 0 1237 -274.8900 -80.1400 1 1066 -237.8900 4.0900
-3.5681856084e+00 -1.1610257390e+00 -8.4632664812e+00
50 35 45
2 0 1243 -278.4900 -90.3200 1 1083 -240.1300 -6.3700
-3.5681856084e+00 -1.1610257390e+00 -8.4632664812e+00
50 35 45
2 0 1244 -278.4900 -90.3200 1 1084 -240.1300 -6.3700
1.1302306496e+00 -5.3858481089e-01 -3.7721777521e+00
175 155 52
2 0 1245 200.1800 -91.9300 1 554 190.4000 -70.9600
1.1543176797e+00 -5.4359660516e-01 -3.7027811598e+00
189 164 55
2 0 1246 208.2700 -94.5000 1 567 196.6100 -75.2100
1.1253889176e+00 -5.5770791516e-01 -3.8082651918e+00
93 71 13
2 0 1247 197.7200 -94.3300 1 558 187.8700 -71.7300
1.0916295240e+00 -6.0889832180e-01 -3.9226237647e+00
143 125 29
2 0 1252 186.3200 -99.9900 1 1150 178.5300 -73.1500
1.1490066431e+00 -5.9761448565e-01 -3.7436079535e+00
170 131 54
3 0 1253 205.1000 -102.3600 1 579 193.6600 -80.8100 2 1309 212.9600 -139.8500
1.1396188022e+00 -6.2291361317e-01 -3.7376241948e+00
96 62 25
3 0 1264 203.8500 -107.1300 1 585 192.4700 -84.7700 2 1322 211.4000 -144.2200
8.9054860549e-01 -8.5596299029e-01 -4.4275493063e+00
34 29 33
2 0 1274 135.4000 -124.8300 1 580 135.4900 -81.3300
-6.3435430975e-01 -1.3647209631e+00 -6.6020036145e+00
44 49 71
2 0 1282 -63.0200 -135.0600 1 519 -39.4600 -57.5900
-6.3435430975e-01 -1.3647209631e+00 -6.6020036145e+00
44 49 71
2 0 1283 -63.0200 -135.0600 1 520 -39.4600 -57.5900
-6.1792818639e-01 -1.4053214334e+00 -6.6088288090e+00
16 22 45
3 0 1290 -61.4500 -139.0600 1 1137 -37.8200 -60.8100 2 1355 -52.2900 -175.5700
1.0915441302e+00 -8.3852136541e-01 -3.8547582454e+00
36 18 4
2 0 1291 189.5300 -139.7800 1 608 179.9700 -108.2900
1.0915441302e+00 -8.3852136541e-01 -3.8547582454e+00
36 18 4
2 0 1292 189.5300 -139.7800 1 609 179.9700 -108.2900
-1.5244213818e+00 -1.8727028809e+00 -8.0590022127e+00
3 42 73
3 0 1308 -126.1200 -152.2100 1 1132 -95.9900 -59.8000 2 1799 -115.8200 -187.8700
-1.5244213818e+00 -1.8727028809e+00 -8.0590022127e+00
3 42 73
3 0 1309 -126.1200 -152.2100 1 1133 -95.9900 -59.8000 2 1800 -115.8200 -187.8700
-1.9229489306e-01 -1.5886631459e+00 -6.6841889432e+00
35 31 21
2 0 1313 -18.9300 -154.5800 1 561 1.6900 -72.7100
-1.9229489306e-01 -1.5886631459e+00 -6.6841889432e+00
35 31 21
2 0 1314 -18.9300 -154.5800 1 562 1.6900 -72.7100
-1.5610094260e+00 -1.9348026783e+00 -8.1282293158e+00
9 11 16
2 0 1317 -127.7700 -155.4300 1 533 -97.2400 -62.5300
8.0904664487e-01 -1.1453697571e+00 -4.6367531589e+00
23 18 23
2 0 1322 117.9100 -159.4700 1 605 120.0400 -105.8200
-3.6882909890e+00 -2.2891832151e+00 -9.2449785329e+00
52 42 48
3 0 1326 -263.2700 -161.4500 1 1142 -220.1000 -64.2000 2 1377 -252.0600 -191.9100
-4.7788631035e+00 -2.5571589572e+00 -1.0240726928e+01
9 6 11
2 0 1327 -307.3500 -162.7000 1 1135 -259.7600 -60.9100
8.5555987582e-01 -1.2592379920e+00 -4.5105652210e+00
64 61 69
2 0 1359 127.9900 -179.8500 1 634 128.3300 -125.2200
8.1213508993e-01 -1.2916611084e+00 -4.5947343364e+00
42 36 43
2 0 1361 119.3500 -181.2000 1 629 121.2700 -124.6900
8.1213508993e-01 -1.2916611084e+00 -4.5947343364e+00
42 36 43
2 0 1362 119.3500 -181.2000 1 630 121.2700 -124.6900
7.9895946061e-01 -1.3159648189e+00 -4.6187408951e+00
112 99 106
3 0 1364 116.8600 -184.0000 1 636 118.8900 -126.1600 2 1402 122.9100 -224.7600
7.6723478941e-01 -1.3767326628e+00 -4.6745177737e+00
118 109 124
3 0 1370 110.7400 -190.3000 1 1192 114.2200 -130.2100 2 1406 116.8400 -231.1000
7.8700746967e-01 -1.5055674588e+00 -4.5910230394e+00
146 128 144
2 0 1394 115.8000 -210.9500 1 681 118.1700 -149.0700
8.3510403437e-01 -1.5199886896e+00 -4.4792447108e+00
153 138 155
2 0 1403 125.7700 -217.9700 1 693 126.2400 -156.8800
8.3510403437e-01 -1.5199886896e+00 -4.4792447108e+00
153 138 155
2 0 1404 125.7700 -217.9700 1 694 126.2400 -156.8800
9.6024102156e-01 1.3249417203e+00 -4.3483428191e+00
148 129 71
3 0 1430 144.9400 197.1700 1 1280 149.7000 217.3800 2 952 163.1300 160.5300
1.0516467486e+00 1.2219047461e+00 -4.1447312940e+00
206 156 63
2 0 1436 167.1300 190.4300 1 1284 169.2800 203.7900
9.9567536738e-01 1.1112913567e+00 -4.3103105278e+00
201 181 111
3 0 1454 152.4000 166.6800 1 1299 155.8000 185.6100 2 1489 169.2200 131.4000
-3.6898055745e-01 1.8700440505e+00 -1.0501176973e+01
2 17 47
2 0 1499 -29.6500 120.4600 1 1278 -16.0900 221.1700
-3.6898055745e-01 1.8700440505e+00 -1.0501176973e+01
2 17 47
2 0 1500 -29.6500 120.4600 1 1279 -16.0900 221.1700
-4.1231483834e-01 1.5647657916e+00 -1.0488908917e+01
10 37 74
2 0 1516 -32.2700 101.3800 1 1286 -17.9300 201.1300
-9.1906983363e-01 4.0118858848e-01 -3.0031568316e+00
229 148 164
3 0 1532 -187.4800 79.9900 1 1432 -164.6100 34.7300 2 1042 -177.7000 71.9400
1.2452777901e+00 3.9318554869e-01 -3.5329327180e+00
182 147 43
2 0 1540 233.2300 71.1200 1 1405 224.9200 64.6900
1.2483089939e+00 3.9197910864e-01 -3.5422573232e+00
182 147 43
3 0 1541 233.2300 71.1200 1 1406 224.9200 64.6900 2 1944 245.0600 37.4200
-4.9167674134e-01 3.2544333715e-01 -2.9287472543e+00
144 82 103
3 0 1546 -97.7300 66.5500 1 1049 -82.6700 20.4600 2 1577 -91.4500 55.3300
-4.4823682082e-01 3.2629761257e-01 -2.9683418636e+00
91 37 44
2 0 1548 -86.8200 66.2800 1 387 -73.5700 22.5800
1.1302500627e+00 3.9176701540e-01 -3.9242197564e+00
151 101 35
3 0 1550 191.6400 64.5800 1 1399 188.2900 73.1500 2 1950 204.1700 30.2500
-4.8672279707e-01 3.0180922162e-01 -2.9399059197e+00
229 174 183
2 0 1551 -96.2100 61.3600 1 1444 -81.2300 16.3600
-6.6146678561e-01 2.8861763910e-01 -2.8886496923e+00
255 254 251
2 0 1553 -136.8700 58.9100 1 1060 -117.0800 10.1800
-4.2963722098e+00 8.3870400442e-01 -1.1449305636e+01
90 76 85
3 0 1560 -253.2300 48.8800 1 894 -232.4200 144.3800 2 1615 -226.5400 15.5800
1.1144266380e+00 2.7107317796e-01 -3.8027995454e+00
113 64 47
2 0 1565 194.9400 45.9500 1 1682 190.6500 51.3000
-7.6567669361e-01 2.2520468223e-01 -2.8558646947e+00
232 170 179
3 0 1567 -161.5800 44.6000 1 1465 -137.9300 -4.4400 2 1588 -156.0600 37.5500
-6.2497983609e-01 1.7184436269e-01 -2.8621891999e+00
206 136 159
3 0 1578 -129.4300 32.8900 1 1092 -108.7000 -13.4000 2 1606 -125.4200 24.2900
-6.6186428903e-01 1.6607973409e-01 -2.8520404897e+00
210 142 163
3 0 1580 -138.2000 31.4600 1 1095 -115.6500 -15.2000 2 1607 -134.7200 23.6400
-1.3568534925e-01 1.6021384801e-01 -3.4197576259e+00
184 25 38
3 0 1584 -17.1600 27.7100 1 1053 -8.1000 13.2200 2 1621 -10.8300 6.6600
1.2897118065e+00 1.4801061118e-01 -3.3451770253e+00
76 51 7
3 0 1585 255.2800 28.0800 1 1442 241.1900 17.3200 2 1632 265.2400 -4.9100
1.3286050735e+00 1.2846772536e-01 -3.2167917165e+00
219 185 70
3 0 1589 272.7500 25.0200 1 1062 255.7200 8.9900 2 1633 282.3900 -7.3300
1.3449545772e+00 1.0104588049e-01 -3.2033174238e+00
217 188 53
3 0 1593 277.2100 19.8100 1 1069 258.8200 3.7500 2 1642 286.8500 -12.9800
-3.7245839875e+00 2.1719913289e-01 -1.1716351175e+01
32 10 13
3 0 1596 -216.1200 13.0600 1 1350 -193.0800 112.0800 2 1646 -191.9400 -21.3300
-7.0461854205e-01 8.3979393957e-02 -2.8490950627e+00
207 155 167
3 0 1598 -147.7600 12.6300 1 1118 -123.3900 -31.4600 2 1622 -144.9200 5.6300
1.2823407383e+00 2.1146880756e-02 -3.3907809905e+00
214 182 51
2 0 1601 250.7000 3.4900 1 1457 236.1300 -2.1600
8.8744325872e-01 5.9802237010e-03 -3.5012135264e+00
149 94 91
2 0 1606 171.9700 0.0400 1 1460 164.5200 -2.4500
-4.0081355733e+00 -5.6322491058e-02 -1.0175428275e+01
31 27 22
3 0 1609 -263.9500 -3.4300 1 1382 -236.6900 86.0900 2 1160 -240.9800 -34.1500
-4.0081355733e+00 -5.6322491058e-02 -1.0175428275e+01
31 27 22
3 0 1610 -263.9500 -3.4300 1 1383 -236.6900 86.0900 2 1161 -240.9800 -34.1500
1.2612441599e+00 -1.8541981488e-02 -3.3888619112e+00
219 182 70
3 0 1615 247.0200 -3.7300 1 1470 232.2500 -9.0100 2 1164 256.6900 -37.2200
-4.0358170544e+00 -8.7715609938e-02 -1.0079205244e+01
92 73 75
2 0 1616 -268.1500 -5.6100 1 1388 -240.2100 83.3200
-4.0120625657e+00 -1.5169149932e-01 -1.0118403490e+01
34 26 25
3 0 1619 -265.4300 -9.6000 1 1397 -237.3000 79.7600 2 1660 -243.2400 -40.2600
-3.9891463661e+00 -2.6191324199e-01 -9.9937901962e+00
33 26 19
3 0 1623 -266.9300 -16.5500 1 1400 -237.9800 71.8100 2 1665 -245.2400 -47.7800
7.7400529644e-01 -8.7874552857e-02 -3.5017737816e+00
118 65 68
2 0 1624 151.3300 -17.4900 1 1100 145.5000 -18.2900
-4.5884817070e+00 -3.0980688094e-01 -1.0188748265e+01
34 30 44
3 0 1626 -299.9300 -20.0500 1 1676 -268.9400 68.8900 2 1666 -277.1800 -48.7500
-4.5832671660e+00 -3.8349740446e-01 -1.0066469826e+01
12 11 17
3 0 1628 -302.8800 -25.0100 1 1407 -271.2600 63.2000 2 1672 -280.3900 -53.6000
-4.4381061097e+00 -4.8319254799e-01 -9.9243751773e+00
5 5 4
2 0 1630 -297.5500 -32.1500 1 1413 -265.0800 56.1400
-3.7955954309e+00 -6.5829787603e-01 -1.0738568955e+01
105 94 110
2 0 1637 -237.9200 -39.7600 1 1415 -208.4700 55.5800
-3.7108003524e+00 -7.4856361694e-01 -9.0649083760e+00
42 29 21
3 0 1641 -272.1100 -54.4200 1 1434 -238.3600 30.8600 2 1692 -253.3700 -82.8700
-3.7108003524e+00 -7.4856361694e-01 -9.0649083760e+00
42 29 21
3 0 1642 -272.1100 -54.4200 1 1435 -238.3600 30.8600 2 1693 -253.3700 -82.8700
1.2035889929e+00 -4.0467035475e-01 -3.5564958419e+00
190 166 56
2 0 1651 225.4700 -73.2900 1 1138 211.6900 -62.2800
1.3117640599e+00 -3.6166536359e-01 -3.1153928182e+00
205 180 47
3 0 1652 278.5200 -73.8300 1 1156 253.7400 -80.8700 2 1717 286.1800 -108.8500
1.3117640599e+00 -3.6166536359e-01 -3.1153928182e+00
205 180 47
3 0 1653 278.5200 -73.8300 1 1157 253.7400 -80.8700 2 1718 286.1800 -108.8500
1.1980652809e+00 -4.3229280437e-01 -3.5841214202e+00
164 135 122
3 0 1654 222.9100 -77.7200 1 1143 209.1400 -64.9400 2 1720 231.1000 -113.1700
1.1076893348e+00 -5.1258078661e-01 -3.8624660768e+00
23 16 10
3 0 1658 191.9500 -85.4000 1 1141 183.5200 -62.7200 2 1726 200.3000 -122.1600
-3.7630999632e+00 -1.2506852498e+00 -9.4189994917e+00
62 48 52
2 0 1659 -265.7300 -87.1200 1 1067 -228.9600 3.4300
1.1473081688e+00 -5.1745481755e-01 -3.7432870307e+00
187 164 52
3 0 1660 204.9000 -88.8700 1 1148 193.9800 -69.3100 2 1729 212.9100 -125.5000
1.2065786236e+00 -4.8875038056e-01 -3.5143232791e+00
115 82 63
3 0 1661 228.7800 -89.3000 1 1152 213.5300 -77.3800 2 1728 236.4500 -125.2000
1.2053216507e+00 -4.8730799479e-01 -3.5102606256e+00
115 82 63
2 0 1662 228.7800 -89.3000 1 1153 213.5300 -77.3800
1.1618768981e+00 -5.7194851220e-01 -3.6686137000e+00
188 167 48
2 0 1670 211.4800 -100.2900 1 1155 199.0700 -81.1800
8.8233342447e-01 -8.0415036195e-01 -4.4814478082e+00
8 10 9
3 0 1691 132.7200 -115.8300 1 1149 132.8200 -72.4900 2 1770 141.0700 -154.6200
-3.7665634159e+00 -1.5051265309e+00 -8.4760106938e+00
80 62 77
3 0 1692 -292.6000 -116.3900 1 1482 -250.0600 -30.2300 2 1752 -278.5700 -143.2200
8.7306876652e-01 -8.7568946468e-01 -4.4866253555e+00
12 12 10
3 0 1694 131.0000 -126.2700 1 1154 131.9100 -80.9900 2 1778 139.0200 -164.8100
9.1945918535e-01 -9.0043076594e-01 -4.3613361790e+00
9 8 10
3 0 1696 142.1400 -133.3100 1 1503 140.3500 -89.7700 2 1782 149.5200 -172.2300
-6.6620444781e-01 -1.4267530174e+00 -6.6059741794e+00
36 42 62
3 0 1703 -66.3800 -141.3700 1 1140 -41.8100 -62.8500 2 1786 -57.3500 -177.4700
-1.5650213363e+00 -1.8281997996e+00 -8.0355417904e+00
6 38 64
3 0 1712 -130.0900 -148.8300 1 1128 -99.3900 -57.4000 2 1792 -119.2400 -184.5900
9.2527984015e-01 -1.0116412658e+00 -4.3518615767e+00
6 6 6
3 0 1714 142.9400 -150.0500 1 1507 141.7000 -103.9100 2 1801 149.9800 -189.4100
9.3822488052e-01 -1.0508765791e+00 -4.2993735455e+00
8 8 10
3 0 1720 146.7400 -157.7800 1 1174 144.2900 -111.3600 2 1809 153.6100 -197.1600
9.6924531438e-01 -1.0685809491e+00 -4.1919192961e+00
26 22 27
2 0 1726 155.3600 -164.0100 1 1185 151.4400 -119.3900
7.1618297412e-01 -1.2352264186e+00 -4.8041711597e+00
71 57 61
3 0 1728 101.0700 -166.4500 1 1169 105.6700 -108.1500 2 1813 107.6200 -206.4900
7.1837177642e-01 -1.2413508327e+00 -4.8191060077e+00
71 57 61
2 0 1729 101.0700 -166.4500 1 1170 105.6700 -108.1500
6.6840951022e-01 -1.3341458267e+00 -4.8963427732e+00
60 10 11
3 0 1738 92.3500 -176.5300 1 1178 98.7100 -114.7700 2 1823 99.1800 -216.6800
9.9375889459e-01 -1.1374316533e+00 -4.1024305066e+00
19 11 20
3 0 1742 162.8000 -177.9600 1 1518 156.7200 -133.0200 2 1828 168.4200 -218.8500
9.8043346530e-01 -1.1864515539e+00 -4.1495861389e+00
17 11 21
3 0 1744 158.4800 -183.9800 1 1201 153.6200 -136.3300 2 1830 164.5200 -224.3500
7.5614109577e-01 -1.4117705568e+00 -4.7158816890e+00
120 109 131
2 0 1747 108.3700 -192.9500 1 1194 112.1900 -132.0300
7.5614109577e-01 -1.4117705568e+00 -4.7158816890e+00
120 109 131
2 0 1748 108.3700 -192.9500 1 1195 112.1900 -132.0300
7.5614109577e-01 -1.4117705568e+00 -4.7158816890e+00
120 109 131
2 0 1749 108.3700 -192.9500 1 1196 112.1900 -132.0300
1.3211569307e+00 8.9018618223e-01 -3.2818323974e+00
223 127 59
3 0 1779 263.6400 171.9300 1 1603 256.1700 149.5800 2 1881 276.1700 139.3500
-8.0342279777e-01 7.1150940476e-01 -3.1648653606e+00
198 191 227
3 0 1783 -155.0000 140.0800 1 1828 -140.9000 99.3700 2 1494 -142.2500 126.8400
4.1360559140e-01 7.7630801350e-01 -4.0433961814e+00
106 34 33
2 0 1792 70.2900 124.2700 1 1340 75.3600 130.5100
-2.5917521014e-01 1.8749298309e+00 -1.0495022903e+01
9 15 21
2 0 1795 -22.7600 120.8900 1 1575 -9.1000 221.8400
-4.0804947740e-01 3.7820824309e-01 -2.9755660277e+00
83 29 34
2 0 1817 -77.8200 77.5600 1 1021 -66.3800 33.1700
-6.3258921063e-01 3.2209633838e-01 -2.8827414428e+00
163 212 249
3 0 1821 -130.7300 66.4000 1 1443 -112.3200 16.6700 2 1935 -123.8700 57.1900
-4.5961787417e+00 7.5119337715e-01 -1.0856315871e+01
4 6 5
3 0 1832 -283.7000 45.7100 1 1611 -261.3200 136.7900 2 1959 -256.7100 14.3700
-4.5391360594e+00 6.6945824462e-01 -1.0879707652e+01
46 43 50
3 0 1833 -279.7600 40.7300 1 1618 -256.9700 132.1900 2 1964 -253.1900 9.2900
-4.5391360594e+00 6.6945824462e-01 -1.0879707652e+01
46 43 50
3 0 1834 -279.7600 40.7300 1 1619 -256.9700 132.1900 2 1965 -253.1900 9.2900
-4.9765259633e+00 4.7028945599e-01 -1.1388447690e+01
69 54 64
3 0 1842 -292.6500 27.3600 1 1632 -267.9700 121.1600 2 1629 -266.6600 -3.5800
-4.9371628363e+00 3.9308976017e-01 -1.1478171670e+01
5 5 4
3 0 1847 -288.8400 22.4000 1 1635 -262.3600 117.5400 2 1978 -263.1000 -8.0200
-8.7750527339e-02 1.3031812904e-01 -3.4238977074e+00
209 34 54
3 0 1849 -8.1600 21.6300 1 1452 0.1300 8.7200 2 1972 -1.4400 0.9500
1.2602250923e+00 6.6648387945e-02 -3.3555892821e+00
94 50 6
2 0 1854 249.1700 12.1000 1 1453 234.7000 3.8300
1.3385883096e+00 5.7398041468e-02 -3.1802412229e+00
177 149 40
2 0 1855 277.9600 10.7000 1 1079 258.8900 -4.9300
1.2182828649e-01 -5.4311758718e-02 -3.2839882402e+00
186 30 44
2 0 1872 34.1200 -13.8400 1 1723 37.9600 -27.3000
1.3628147259e+00 -1.3772537565e-01 -2.9722177681e+00
212 184 54
2 0 1879 301.7800 -30.4300 1 1494 275.6700 -50.5200
-3.7063297288e+00 -8.6424876170e-01 -9.0009949149e+00
53 41 36
3 0 1887 -273.4400 -62.9100 1 1694 -238.6800 22.1800 2 2020 -255.3200 -91.7800
-3.9564231198e+00 -9.1136399969e-01 -8.8279913745e+00
58 60 72
3 0 1889 -296.4200 -67.8700 1 1445 -259.1500 15.7700 2 2023 -278.4100 -95.0300
-1.6362038706e+00 -1.9840250806e+00 -8.0442239477e+00
5 5 5
3 0 1922 -135.5900 -161.3800 1 1501 -103.5200 -68.3100 2 2075 -125.4400 -196.9300
6.5926955174e-01 -1.2910935489e+00 -4.9396225857e+00
53 19 17
3 0 1925 90.4700 -169.3700 1 1510 96.5700 -108.0700 2 2081 97.6000 -209.4600
-2.4958357613e+00 -2.1834967148e+00 -7.8502536604e+00
48 44 50
3 0 1935 -209.0900 -181.5500 1 1748 -168.4800 -89.4700 2 2084 -201.0300 -213.4500
8.4040849408e-01 -1.2945225360e+00 -4.5191657695e+00
110 106 126
2 0 1936 125.4400 -184.5000 1 1517 126.3600 -128.9300
-1.7549495299e+00 -2.1502424610e+00 -7.1910669583e+00
4 5 3
3 0 1938 -160.5900 -195.7500 1 1509 -123.1300 -105.2900 2 2253 -153.1200 -228.5000
8.6641521632e-01 -1.3630684293e+00 -4.4738145268e+00
127 123 141
2 0 1939 130.6900 -196.0100 1 1522 130.2500 -139.1300
-1.1827533472e+00 -2.2521977644e+00 -6.6942860239e+00
25 12 14
2 0 1946 -114.5100 -219.1000 1 1761 -81.5700 -129.0900
-1.6164733790e-02 -1.7887801647e+00 -5.1068748504e+00
93 77 81
2 0 1949 1.8700 -227.1900 1 1531 19.9700 -154.2800
1.1294074459e+00 -1.3392387707e+00 -3.7036102269e+00
79 64 29
2 0 1950 203.6300 -230.2500 1 1231 187.6500 -184.4800
1.2349784145e+00 1.0886735341e+00 -3.6227843224e+00
225 165 171
3 0 1960 223.9000 191.7200 1 1800 221.5900 185.6500 2 2106 238.0800 157.6100
1.1043400730e+00 1.1016160538e+00 -4.0048999328e+00
208 159 56
3 0 1965 181.8500 177.3200 1 1588 182.7900 185.7000 2 2108 197.5200 141.7100
1.1043400730e+00 1.1016160538e+00 -4.0048999328e+00
208 159 56
3 0 1966 181.8500 177.3200 1 1589 182.7900 185.7000 2 2109 197.5200 141.7100
1.3595934091e+00 7.0794867946e-01 -3.1313090292e+00
229 44 67
3 0 1983 284.0500 142.6400 1 1640 272.7200 113.3500 2 2118 295.6000 111.4200
1.3906709400e+00 6.7739922951e-01 -3.0528017946e+00
234 125 63
2 0 1985 297.4800 139.5400 1 1647 283.9400 106.2700
-5.4220902778e-01 4.1288167713e-01 -2.8884232736e+00
219 168 180
3 0 2005 -110.4000 86.9100 1 1690 -95.4300 35.5100 2 1919 -102.7500 76.2700
-6.8919904045e-01 2.8071385995e-01 -2.8859433598e+00
17 23 47
3 0 2011 -143.0500 56.5600 1 1700 -122.2000 8.4800 2 1939 -137.2800 48.6400
-5.5820457942e-01 1.8013935679e-01 -2.8630290205e+00
230 170 178
3 0 2016 -114.3200 34.8200 1 1711 -95.6400 -11.2700 2 2150 -110.3500 25.6900
1.2200193609e+00 1.2776276344e-01 -3.3011524911e+00
156 104 99
2 0 2021 245.9400 23.9100 1 1853 230.9400 11.8400
-4.1240866393e+00 3.5403725503e-01 -1.0667565704e+01
27 23 22
3 0 2022 -259.8800 22.1700 1 1819 -235.7000 113.8300 2 2164 -235.0200 -9.5200
-5.0044024258e+00 3.6625971482e-01 -1.1243689836e+01
5 6 5
3 0 2023 -297.7500 21.5400 1 1818 -272.4000 114.4700 2 2163 -271.6000 -8.9000
-6.6103932287e-01 6.6441959897e-02 -2.8536057841e+00
112 67 79
3 0 2029 -137.5300 8.7300 1 1730 -114.5500 -34.2500 2 2160 -135.1300 1.2300
-4.0178683987e+00 1.0205217514e-01 -1.1424740057e+01
40 26 29
3 0 2030 -237.8100 6.5000 1 1824 -213.1200 103.4300 2 1984 -213.9400 -26.6000
-4.0326242252e+00 9.9167596425e-02 -1.1470668323e+01
40 26 29
2 0 2031 -237.8100 6.5000 1 1825 -213.1200 103.4300
1.2611118052e+00 -1.6108352541e-01 -3.2134990840e+00
165 119 118
3 0 2036 260.4300 -32.6400 1 1731 240.7100 -41.4500 2 2186 269.1300 -65.4000
-4.0125167190e+00 -7.0929111279e-01 -9.0543438534e+00
52 51 63
3 0 2042 -293.7300 -51.4700 1 1844 -258.7500 32.4300 2 2191 -274.4000 -79.2700
1.3003879655e+00 -3.2491143354e-01 -3.1725671563e+00
202 173 48
3 0 2053 271.6500 -65.5700 1 1744 247.9700 -70.9900 2 2208 279.7000 -99.9200
-3.9108931804e+00 -1.0862834761e+00 -8.7105886003e+00
63 65 72
3 0 2059 -296.4600 -81.7500 1 1855 -257.7700 2.1100 2 2215 -279.6000 -108.9900
-3.9108931804e+00 -1.0862834761e+00 -8.7105886003e+00
63 65 72
3 0 2060 -296.4600 -81.7500 1 1856 -257.7700 2.1100 2 2216 -279.6000 -108.9900
1.1353244556e+00 -6.9881550542e-01 -3.7379737300e+00
183 164 46
3 0 2073 203.0700 -119.9700 1 1751 191.4400 -95.5600 2 2237 210.2100 -157.7500
1.1787171120e+00 -6.7726791652e-01 -3.6459425657e+00
189 164 46
3 0 2074 215.3100 -119.2700 1 1880 202.6400 -97.7300 2 2236 222.6400 -156.4500
-1.6525453230e+00 -1.9037056660e+00 -8.0106940280e+00
1 49 96
3 0 2081 -137.1200 -155.6100 1 1742 -105.6800 -63.4900 2 2246 -127.4800 -190.7800
-2.4496790663e+00 -2.3074588821e+00 -7.7487499159e+00
30 28 36
3 0 2087 -207.5000 -194.5700 1 1881 -166.2800 -100.9900 2 2252 -200.0900 -226.0100
-9.8774201685e-02 -1.6965067252e+00 -5.3965792705e+00
58 42 44
2 0 2089 -9.0900 -204.3600 1 1886 10.5800 -131.2800
-2.3567925545e+00 -2.3328580381e+00 -6.8649773935e+00
119 61 53
2 0 2097 -222.1800 -221.4000 1 1885 -176.8100 -131.5600
1.1390009139e+00 1.1213640839e+00 -3.9799271677e+00
213 187 121
3 0 2107 188.8100 181.4400 1 1797 188.4100 189.2400 2 2275 204.6100 145.6400
1.1390009139e+00 1.1213640839e+00 -3.9799271677e+00
213 187 121
3 0 2108 188.8100 181.4400 1 1798 188.4100 189.2400 2 2276 204.6100 145.6400
1.2584136036e+00 9.3827284122e-01 -3.5112347580e+00
226 46 63
3 0 2109 235.3000 170.3500 1 1910 231.4600 159.0500 2 2279 248.9600 136.9600
1.3388990002e+00 7.5213173886e-01 -3.2573256985e+00
234 187 204
2 0 2116 269.6000 146.2400 1 1812 259.8500 123.5400
1.3664014211e+00 7.5014166358e-01 -3.3024804702e+00
234 187 204
3 0 2117 269.6000 146.2400 1 1813 259.8500 123.5400 2 2289 286.7400 109.6100
-7.4574375606e-01 3.4659532085e-01 -2.8916827930e+00
238 173 185
3 0 2141 -155.4100 71.1600 1 1847 -135.7800 20.9100 2 2308 -147.2700 63.2300
-1.2298366100e-01 1.8740318089e-01 -3.4265375010e+00
209 35 52
3 0 2152 -15.0000 32.5900 1 1849 -4.9700 18.2300 2 2315 -8.9400 11.8900
-4.2835311158e+00 1.8145830816e-01 -1.0352000161e+01
7 9 7
3 0 2154 -276.9600 11.6700 1 1917 -250.8600 101.0900 2 2324 -252.6300 -18.8100
1.3010646829e+00 7.4816610995e-02 -3.3622631070e+00
215 187 52
2 0 2155 256.7200 13.6000 1 1704 240.7800 5.9000
-4.0546343184e+00 3.0484056543e-02 -1.1159170061e+01
106 96 120
3 0 2157 -245.0700 2.0800 1 1918 -219.5300 97.8300 2 2418 -221.7000 -30.0000
-4.0632412626e+00 -9.2416025743e-02 -1.0021913594e+01
102 74 70
2 0 2160 -271.1600 -6.0000 1 1924 -243.3200 82.4700
-4.6870892914e+00 -1.4403547130e-01 -1.0440207207e+01
79 74 94
3 0 2162 -299.2500 -9.1600 1 1926 -269.7500 80.7700 2 2175 -275.9200 -38.1700
-4.0656592428e+00 -3.7721346648e-01 -1.0853941565e+01
8 7 10
3 0 2166 -251.8300 -22.4800 1 1928 -223.5200 72.1500 2 2333 -230.0200 -54.1700
-4.5489341682e+00 -4.6608208806e-01 -9.9264335179e+00
43 41 56
3 0 2167 -304.3200 -30.7700 1 1932 -271.9000 56.8700 2 2334 -282.9600 -59.2300
-4.4648233244e+00 -6.4883307863e-01 -9.6261465019e+00
81 77 90
3 0 2169 -307.6000 -44.2600 1 1937 -272.9700 42.3300 2 2336 -286.9000 -72.0500
-3.7854933493e+00 -7.8820974355e-01 -9.0081289324e+00
112 80 75
2 0 2173 -278.8900 -57.7100 1 1948 -244.3500 27.2200
1.2388761358e+00 -4.9505709229e-01 -3.4720111163e+00
196 171 45
3 0 2185 237.5600 -91.4000 1 1977 220.6400 -80.5600 2 2353 244.8900 -127.5200
-3.7736679401e+00 -1.3537576755e+00 -8.4530725758e+00
5 7 8
2 0 2189 -294.0500 -105.2900 1 1960 -252.6100 -20.3400
1.0832652999e+00 -6.8049727687e-01 -3.9280964313e+00
159 135 41
3 0 2192 184.8600 -111.3700 1 1877 176.4800 -82.7100 2 2360 192.6000 -149.3100
-4.7491854933e+00 -2.4460489463e+00 -1.0147140952e+01
56 49 65
3 0 2198 -308.3700 -156.9700 1 1872 -261.5300 -56.6700 2 2370 -295.5500 -185.6400
-4.7491854933e+00 -2.4460489463e+00 -1.0147140952e+01
56 49 65
3 0 2199 -308.3700 -156.9700 1 1873 -261.5300 -56.6700 2 2371 -295.5500 -185.6400
1.0066352959e+00 -1.0768889874e+00 -4.1086510330e+00
140 137 152
2 0 2201 164.5600 -168.4700 1 1883 158.6400 -124.9600
-1.0098187301e+00 -1.9234103019e+00 -6.7304440557e+00
70 29 11
2 0 2202 -97.6400 -186.5200 1 1978 -68.5900 -101.0600
-1.1872843874e+00 -2.2903881871e+00 -6.7248318104e+00
18 16 15
2 0 2207 -114.3700 -221.7400 1 1884 -81.4200 -130.9700
-1.7814602006e-01 2.4400949988e-01 -3.3819225651e+00
63 2 6
2 0 2233 -25.1200 43.6300 1 1950 -17.2400 25.7900
-4.2635008363e+00 7.1666309088e-01 -1.1253013694e+01
98 86 96
3 0 2234 -255.3200 42.3800 1 2001 -234.0000 136.9800 2 2411 -229.0300 9.7100
-4.2742414353e+00 7.1657587337e-01 -1.1288152295e+01
98 86 96
2 0 2235 -255.3200 42.3800 1 2002 -234.0000 136.9800
-2.3588761070e-01 2.2398012376e-01 -3.3442170582e+00
237 229 236
3 0 2236 -36.9500 40.3900 1 2020 -27.1000 20.4600 2 2409 -29.9500 21.0200
-3.2624100131e-01 1.9229263252e-01 -3.2540107931e+00
199 182 196
3 0 2237 -55.8500 34.5000 1 1953 -43.3900 10.8300 2 2410 -49.7600 17.5500
-1.4463784841e-01 1.2844780360e-01 -3.4268553564e+00
106 3 6
2 0 2240 -18.8500 21.2400 1 1954 -9.6800 8.1600
5.1546416010e-01 5.5061800841e-03 -3.0790227430e+00
153 15 19
3 0 2242 119.2800 -1.3600 1 1963 112.4800 -24.8900 2 2417 124.0600 -25.1000
-3.6544363008e+00 -1.4333998883e+00 -8.4059045677e+00
128 99 96
3 0 2255 -286.4800 -111.7600 1 2029 -245.1100 -26.5700 2 2429 -272.1100 -138.9300
-7.6615955719e-01 -1.4425964185e+00 -6.6141336852e+00
16 22 37
2 0 2260 -75.8300 -142.6000 1 1974 -50.8900 -64.2700
-4.8900607597e+00 -2.7248672442e+00 -1.0629487961e+01
3 3 3
3 0 2262 -303.0800 -166.8100 1 1875 -256.1700 -62.7400 2 2438 -291.6600 -196.3900
-6.4979182137e-01 2.6033700325e-01 -2.8698460021e+00
21 21 28
3 0 2285 -134.9000 52.6400 1 2070 -115.3000 3.8900 2 2459 -129.0300 44.1000
-6.4979182137e-01 2.6033700325e-01 -2.8698460021e+00
21 21 28
3 0 2286 -134.9000 52.6400 1 2071 -115.3000 3.8900 2 2460 -129.0300 44.1000
-4.5517959455e+00 8.4564381640e-01 -1.1369735745e+01
14 11 11
2 0 2287 -269.4600 49.3800 1 2056 -248.3700 143.7000
-5.1235889551e-01 8.6174890385e-02 -2.9094483202e+00
180 129 141
3 0 2289 -102.2400 13.7400 1 2030 -83.7800 -26.3600 2 2465 -99.5600 3.1700
1.2926557053e+00 -2.7707164626e-01 -3.2812505368e+00
204 180 48
3 0 2297 261.0300 -54.3600 1 2036 242.0000 -56.8800 2 2477 269.1800 -88.3700
1.2113939813e+00 -6.5013006257e-01 -3.4398715919e+00
192 168 48
2 0 2303 235.3100 -121.3700 1 2041 215.6900 -105.9600
-3.5649549422e+00 -1.7224767709e+00 -8.7398947409e+00
59 46 51
3 0 2304 -269.3300 -129.1800 1 2032 -228.2900 -38.8800 2 2480 -255.9800 -157.5200
1.1787500244e+00 -7.8577561429e-01 -3.5313596543e+00
151 127 34
3 0 2306 222.4000 -142.3600 1 2043 206.0000 -120.5300 2 2485 229.1600 -180.4300
-2.1902150485e+00 -2.1899773130e+00 -7.2936824510e+00
5 5 5
2 0 2314 -196.6300 -196.0600 1 2083 -155.1700 -105.8300
-3.9815206808e-01 1.8186653575e-01 -3.1295186706e+00
18 9 13
2 0 2325 -73.2700 33.3500 1 2103 -57.7900 3.0600
1.3299751176e-01 1.0582812570e-01 -3.3525493333e+00
44 5 5
3 0 2326 35.1000 17.8000 1 2104 39.2400 3.0900 2 2467 40.3800 -4.5500
1.3379413025e+00 2.8661794162e-02 -3.0981441358e+00
198 173 42
3 0 2349 284.3500 5.6200 1 2110 264.9800 -14.3000 2 2529 293.7500 -26.8600
1.2970423417e+00 9.8504961241e-04 -3.2938124836e+00
220 187 61
2 0 2350 260.9100 -0.4800 1 2139 243.9500 -9.7100
1.2516450683e+00 -3.6299706807e-01 -3.3862313824e+00
202 175 44
3 0 2354 245.4800 -68.9500 1 2114 229.3000 -65.1100 2 2535 252.9300 -103.5800
1.0038038089e+00 -9.5429174144e-02 -3.5356302123e+00
174 115 133
2 0 2393 190.9300 -18.1200 1 2170 182.3200 -16.5900
1.3449995316e+00 6.9910044759e-01 -3.2157166588e+00
235 187 189
2 0 236 274.3900 137.5300 2 239 286.0900 105.8200
1.2926303109e+00 6.8748044434e-01 -3.4442333667e+00
194 162 65
2 0 260 247.1300 127.2400 2 1018 259.6800 94.3600
1.3635108850e+00 6.2509754644e-01 -3.1298118349e+00
243 183 188
2 0 263 285.5300 125.8500 2 252 296.8900 94.9400
-8.8625305038e-01 5.0291323383e-01 -2.9571287963e+00
192 123 139
2 0 295 -183.4700 104.1100 2 253 -172.2600 94.5200
2.5677492921e-01 5.3347697811e-01 -3.5377410137e+00
163 84 97
2 0 306 54.3100 95.9700 2 299 65.1600 70.6700
-4.2221325596e-01 4.5566505191e-01 -2.9457313606e+00
228 174 183
2 0 312 -82.3300 95.1500 2 268 -74.0200 82.2700
-4.3804486999e-01 3.9999645308e-01 -2.9181641019e+00
207 156 165
2 0 335 -86.3300 83.6000 2 296 -78.9800 71.4500
-4.5232880890e-01 3.7810083974e-01 -2.9063846060e+00
195 147 159
2 0 342 -89.8300 78.9400 2 1052 -82.6700 67.2800
-3.7488074171e-01 4.1696087728e-01 -3.4161400610e+00
133 21 22
2 0 348 -63.4700 76.0900 2 1574 -53.8900 57.0600
1.0967242341e+00 4.6474828890e-01 -3.9286971095e+00
206 165 55
2 0 350 185.6100 76.4400 2 335 198.9700 42.4400
-9.9480895303e-01 3.5850740421e-01 -2.9648864467e+00
190 149 167
2 0 355 -206.2800 72.0600 2 309 -196.6400 64.2500
-1.5457735517e-01 3.9145832791e-01 -3.4403557669e+00
109 60 74
2 0 356 -21.4200 71.0400 2 326 -12.0500 50.2600
-7.2991303653e-01 2.9930355591e-01 -2.8496648752e+00
150 105 135
2 0 374 -153.9700 61.9300 2 317 -147.5600 53.7300
-3.0921154784e-01 2.9815992199e-01 -3.3697867273e+00
69 40 58
2 0 393 -51.3900 54.0400 2 344 -43.1100 35.5200
-4.3155602286e-01 2.6876070294e-01 -2.9750595647e+00
126 73 89
2 0 394 -83.3200 53.4500 2 336 -77.2200 41.1000
-4.9357239307e-01 2.5162133750e-01 -2.8897773885e+00
231 173 185
2 0 400 -98.9900 51.0200 2 337 -94.0700 40.1600
-2.6498485736e-01 1.7633315458e-01 -3.2891075237e+00
182 143 163
2 0 434 -42.9800 31.3600 2 374 -37.2200 13.0800
1.2893392765e+00 1.5329061406e-01 -3.3884313155e+00
161 110 87
2 0 440 252.0800 28.5500 2 400 262.2000 -4.2600
1.2668209041e+00 1.3382150327e-01 -3.3664520089e+00
156 108 89
2 0 446 249.5600 24.9300 2 1131 259.4700 -7.5300
-7.0593799967e-01 1.3402066675e-01 -2.7959099935e+00
213 157 173
2 0 447 -150.7200 24.6600 2 363 -147.3100 17.8600
-5.9778903301e-01 1.0182876076e-01 -2.8330611059e+00
145 93 110
2 0 457 -124.2100 17.2700 2 380 -121.4000 8.8700
1.2619198352e+00 9.0082891880e-02 -3.3830179303e+00
147 101 69
2 0 460 247.5600 16.5900 2 414 257.2600 -16.1200
-7.8524542746e-01 7.5545156761e-02 -2.8374490503e+00
193 137 150
2 0 471 -166.6400 10.8300 2 385 -163.4400 4.3700
-7.4122549426e-01 6.7052802713e-02 -2.8025796236e+00
148 98 110
2 0 478 -158.4800 8.9300 2 389 -155.6300 2.7900
-7.2501562738e-01 6.2708171468e-02 -2.8149454139e+00
121 72 91
2 0 480 -154.0500 8.0100 2 1119 -151.4100 1.3900
-7.7374496488e-01 2.1876015111e-02 -2.8271079205e+00
159 120 136
2 0 490 -164.3800 -1.4200 2 402 -162.2300 -7.7300
-6.6177520573e-01 2.5359131154e-03 -2.8619656248e+00
140 102 120
2 0 496 -137.3400 -5.5400 2 410 -135.4900 -13.4800
8.9469603988e-01 -1.8779288370e-01 -3.4528530185e+00
152 100 107
2 0 533 175.9600 -36.1900 2 480 183.0000 -66.9300
1.0218179658e+00 -2.4293599138e-01 -3.5310009180e+00
111 70 78
2 0 543 194.8600 -44.9700 2 1214 202.5300 -77.7200
9.9141367285e-01 -2.5985487975e-01 -3.5779666036e+00
83 46 42
2 0 546 187.1100 -47.3000 2 1220 194.3300 -80.4400
1.0778050581e+00 -4.0407729895e-01 -3.9506296338e+00
21 16 13
2 0 562 182.7500 -65.9500 2 543 191.8300 -102.1500
1.3131814612e+00 -3.8811249062e-01 -3.2953084323e+00
69 39 0
2 0 576 263.9600 -75.5600 2 1265 271.8800 -110.4600
1.3131814612e+00 -3.8811249062e-01 -3.2953084323e+00
69 39 0
2 0 577 263.9600 -75.5600 2 1266 271.8800 -110.4600
1.0166048156e+00 -5.3966327321e-01 -4.1854148492e+00
13 10 5
2 0 586 163.0300 -83.0700 2 581 171.9200 -120.5300
1.1812690909e+00 -5.7584574913e-01 -3.6631353105e+00
152 126 28
2 0 605 215.1100 -101.0300 2 605 222.8800 -137.7300
6.1530834600e-01 -1.0886394662e+00 -5.1239521641e+00
23 15 16
2 0 662 81.4000 -137.5900 2 1361 89.5300 -177.4500
8.1505170336e-01 -1.1176108805e+00 -4.5591295914e+00
54 48 50
2 0 710 120.6700 -158.3700 2 710 127.6100 -198.2200
9.2722578701e-01 -1.0661197723e+00 -4.1746130089e+00
23 17 25
2 0 739 149.5000 -164.6500 2 721 155.8300 -203.9800
9.2722578701e-01 -1.0661197723e+00 -4.1746130089e+00
23 17 25
2 0 740 149.5000 -164.6500 2 722 155.8300 -203.9800
8.4596445249e-01 -1.1925068316e+00 -4.4632607502e+00
84 82 90
2 0 763 127.7400 -172.4500 2 742 134.2700 -212.6300
8.9085229359e-01 -1.2285006547e+00 -4.5453652491e+00
59 55 75
2 0 770 131.8500 -174.0900 2 746 138.3100 -215.3900
8.0439250721e-01 -1.2465918345e+00 -4.5335181530e+00
98 93 107
2 0 781 119.8600 -177.4800 2 753 126.0100 -217.9500
7.2449045649e-01 -1.3484255457e+00 -4.7845052126e+00
101 84 96
2 0 798 102.4500 -182.0600 2 762 108.7100 -223.0700
1.9190665024e+00 1.5449068816e+00 -4.3208194545e+00
104 83 98
2 0 887 284.1500 228.8800 2 907 303.7300 186.3000
1.9073867597e+00 1.3481716767e+00 -4.2059099061e+00
107 93 107
2 0 910 290.7000 205.2100 2 944 309.8100 163.8600
1.1943315169e+00 1.0212622972e+00 -3.3952067819e+00
214 53 71
2 0 929 231.2700 191.2800 2 953 244.8000 158.5000
1.2846874785e+00 8.9315998042e-01 -3.2460742018e+00
225 49 70
2 0 948 259.4000 174.0900 2 973 272.1700 142.3800
9.9658285850e-01 1.0649507193e+00 -4.3032152464e+00
203 152 63
2 0 962 153.0800 160.8100 2 990 169.5700 124.2000
1.3819516968e+00 7.3012927395e-01 -3.1553929476e+00
224 47 66
2 0 980 286.7300 146.1600 2 1000 297.9700 114.2700
6.0621991276e-01 8.4996718309e-01 -3.8334798390e+00
155 90 82
2 0 986 107.8100 143.0300 2 1004 121.7700 111.9900
-5.4654542817e-01 6.4653809704e-01 -2.9786780132e+00
161 104 120
2 0 993 -108.9800 135.4000 2 993 -97.3900 121.8600
7.2013998591e-01 8.5249277209e-01 -4.0824720874e+00
171 111 93
2 0 994 118.7100 135.3500 2 1013 133.6200 102.2000
-5.4861395956e-01 6.2325342061e-01 -2.9272059842e+00
236 192 206
2 0 996 -111.0300 132.4800 2 995 -100.0200 119.7500
1.4203764591e+00 6.3635442970e-01 -3.0454307672e+00
225 43 63
2 0 999 304.7500 131.3600 2 1015 315.4900 100.3000
-9.1002954507e-01 5.2710273667e-01 -2.9812096217e+00
234 173 182
2 0 1019 -187.4000 108.4400 2 1016 -175.3400 98.6900
-9.2030693565e-01 5.1261087433e-01 -2.9708832562e+00
202 130 146
2 0 1023 -190.1500 105.6300 2 245 -178.3600 96.1600
-8.1973705029e-01 4.0042849189e-01 -2.8627010959e+00
183 127 143
2 0 1044 -173.8100 84.3000 2 283 -165.1000 76.1900
-7.8535352426e-01 3.9512355018e-01 -2.8544169234e+00
227 166 177
2 0 1045 -166.6000 83.3400 2 1040 -158.0300 75.2200
-5.0556261020e-01 3.9168207860e-01 -2.8831308940e+00
189 136 143
2 0 1047 -102.2800 82.5700 2 1044 -95.2100 71.4200
5.7423469152e-01 3.9226387186e-01 -3.0061943191e+00
198 146 153
2 0 1049 134.0000 81.3800 2 1062 140.7400 58.5100
-8.1326611167e-01 3.5386674812e-01 -2.8842903055e+00
239 175 189
2 0 1056 -170.9800 73.3900 2 1057 -163.2100 65.0100
-6.9361621789e-01 3.4664502426e-01 -2.8437146368e+00
229 166 181
2 0 1057 -146.3500 72.7600 2 1059 -138.9600 64.3800
-6.7452749346e-01 3.4046870015e-01 -2.8594806312e+00
233 214 234
2 0 1058 -141.2800 71.0700 2 1061 -134.0500 62.2700
-5.4119782248e-01 3.1433979530e-01 -2.8653428123e+00
229 167 177
2 0 1065 -110.7700 65.4000 2 1067 -104.6700 55.2900
-4.6442955235e-01 3.0942442464e-01 -2.9057889783e+00
134 71 84
2 0 1069 -92.2100 63.7200 2 1071 -86.3400 52.2200
-7.1270274599e-01 2.1627248462e-01 -2.8368004266e+00
218 195 222
2 0 1092 -150.5600 43.1800 2 1087 -145.4700 35.5100
1.1108762608e+00 2.5095163202e-01 -3.7511686131e+00
173 124 111
2 0 1093 197.5300 42.9800 2 1112 209.0600 9.6200
-5.5490406103e-01 2.1277249858e-01 -2.8352838720e+00
215 149 163
2 0 1094 -114.7000 42.7100 2 1089 -110.2000 33.6300
-4.8560648262e-01 1.8894849397e-01 -2.8742614428e+00
151 89 101
2 0 1099 -97.6000 37.0300 2 1093 -93.4900 26.6700
1.3423309821e+00 1.9423808118e-01 -3.3151596369e+00
164 130 26
2 0 1100 267.4500 37.0100 2 1117 277.5700 4.2700
1.3446274687e+00 1.7211880835e-01 -3.2597256334e+00
164 135 37
2 0 1107 272.3600 33.1500 2 1120 282.2600 0.7900
-7.0348301502e-01 1.6009659110e-01 -2.8074235814e+00
221 157 166
2 0 1113 -149.8500 30.4900 2 1094 -145.5900 23.6300
-1.4820746405e-01 1.7318615135e-01 -3.3899707700e+00
161 10 21
2 0 1114 -19.8200 30.0600 2 379 -13.0500 9.9900
-5.9510932932e-01 1.4743203903e-01 -2.8202332272e+00
218 156 167
2 0 1120 -124.1800 27.8500 2 1099 -120.8600 19.4600
9.3878173193e-01 1.5317383332e-01 -3.7563669855e+00
94 37 26
2 0 1125 168.4600 25.9900 2 1129 178.7400 -6.3600
-7.3829791486e-01 1.2813152771e-01 -2.8375387962e+00
208 152 163
2 0 1129 -156.1400 22.9400 2 1102 -152.2700 15.8700
-7.0060963280e-01 1.2340668764e-01 -2.8102275300e+00
151 90 106
2 0 1131 -148.9600 22.0000 2 1104 -145.2700 15.1900
-6.7904178454e-01 1.2128590069e-01 -2.8120602513e+00
161 98 113
2 0 1132 -143.7900 21.6400 2 1107 -140.4700 14.4100
9.7520462494e-01 1.0412609368e-01 -3.6676954494e+00
120 66 45
2 0 1136 179.1800 17.9500 2 1144 188.6900 -14.3900
1.3275646691e+00 5.7158845512e-02 -3.2803340624e+00
154 164 126
2 0 1146 267.6500 10.6000 2 1149 277.1600 -22.0800
1.3275646691e+00 5.7158845512e-02 -3.2803340624e+00
154 164 126
2 0 1147 267.6500 10.6000 2 1150 277.1600 -22.0800
1.3565835577e+00 3.6672446859e-02 -3.1825725713e+00
171 138 37
2 0 1154 281.3300 6.6700 2 1151 290.5800 -25.6200
1.3565835577e+00 3.6672446859e-02 -3.1825725713e+00
171 138 37
2 0 1155 281.3300 6.6700 2 1152 290.5800 -25.6200
-8.2319665108e-01 4.0686100548e-02 -2.8241912155e+00
184 141 156
2 0 1161 -175.8700 2.7800 2 1125 -173.1900 -2.9900
1.3712536478e+00 8.8275940487e-03 -3.1707269980e+00
173 140 41
2 0 1165 285.2300 1.1200 2 1156 294.4300 -31.3400
1.3712536478e+00 8.8275940487e-03 -3.1707269980e+00
173 140 41
2 0 1166 285.2300 1.1200 2 1157 294.4300 -31.3400
-7.8032781511e-01 1.1521964379e-02 -2.8134603895e+00
108 74 87
2 0 1171 -166.3300 -3.6800 2 404 -164.9200 -10.0000
1.3826563625e+00 -2.7400697777e-02 -3.1601955484e+00
165 131 30
2 0 1177 288.4700 -6.1100 2 1167 297.4600 -38.8500
8.0701294975e-01 -1.2060093567e-01 -3.5226884827e+00
134 83 95
2 0 1195 156.1700 -23.4900 2 1673 164.1500 -53.2700
1.2933456193e+00 -1.4004431575e-01 -3.2397497473e+00
178 128 114
2 0 1196 264.7500 -28.1600 2 1677 272.9400 -61.2100
1.2618158366e+00 -2.1454966318e-01 -3.3235890369e+00
99 61 37
2 0 1207 252.4400 -41.6600 2 1207 260.2700 -75.5000
1.0234594527e+00 -2.6692286610e-01 -3.6121679248e+00
118 82 92
2 0 1210 190.9000 -48.0000 2 1691 198.4500 -81.6400
9.1038866932e-01 -2.8528586274e-01 -3.5540203857e+00
120 83 87
2 0 1212 173.8100 -52.5900 2 1694 180.6800 -84.7400
9.8672870303e-01 -4.5945675451e-01 -4.2133552643e+00
14 12 8
2 0 1228 157.1300 -70.4500 2 1712 166.8300 -107.1200
1.1685161160e+00 -5.4688830714e-01 -3.6812878115e+00
152 129 28
2 0 1248 211.9100 -95.5300 2 1301 219.7400 -132.0500
1.2041064836e+00 -6.1395933261e-01 -3.7579486906e+00
191 169 51
2 0 1257 213.5800 -104.7600 2 1317 221.4500 -142.5100
7.9499000743e-01 -7.5885017178e-01 -4.6552471893e+00
26 15 13
2 0 1259 115.2300 -105.4900 2 1754 124.1700 -143.7200
1.1140158966e+00 -6.1717704845e-01 -3.7267251474e+00
161 124 55
2 0 1263 200.1600 -106.5600 2 1320 207.3800 -143.3200
1.1288091914e+00 -6.4774108328e-01 -3.7449593813e+00
162 125 49
2 0 1268 201.7700 -111.1100 2 1762 208.7800 -148.4500
7.3665349227e-01 -9.7608496880e-01 -4.6902641961e+00
22 17 21
2 0 1281 106.2800 -134.7900 2 1353 114.1600 -173.5900
1.0932644898e+00 -8.1228522062e-01 -3.8591213532e+00
169 150 48
2 0 1285 189.4600 -135.4400 2 1349 196.7400 -173.4800
1.0932644898e+00 -8.1228522062e-01 -3.8591213532e+00
169 150 48
2 0 1286 189.4600 -135.4400 2 1350 196.7400 -173.4800
9.0704664470e-01 -9.7331943146e-01 -4.3921415767e+00
7 5 8
2 0 1294 138.9800 -143.0300 2 1368 146.3800 -182.3600
6.2846710138e-01 -1.1620701645e+00 -5.0843615880e+00
25 13 12
2 0 1299 83.7000 -148.0400 2 688 91.5900 -188.0700
6.4274246867e-01 -1.1511973269e+00 -4.8704216677e+00
44 34 33
2 0 1310 89.5300 -153.2200 2 1380 97.0100 -192.5500
8.3562467602e-01 -1.1516958570e+00 -4.5715885855e+00
65 59 69
2 0 1328 123.2400 -162.6200 2 1389 130.0900 -202.9200
1.5743415254e+00 -9.1933118538e-01 -3.5099749544e+00
83 47 20
2 0 1330 292.5000 -165.4600 2 1814 302.8500 -207.9500
1.6049856953e+00 -9.2825798656e-01 -3.5254606721e+00
94 74 35
2 0 1332 296.4700 -166.1800 2 1817 307.2300 -209.0800
7.7696903358e-01 -1.2095299458e+00 -4.6599210709e+00
32 25 30
2 0 1333 112.6500 -167.6900 2 731 119.3400 -208.0300
7.7696903358e-01 -1.2095299458e+00 -4.6599210709e+00
32 25 30
2 0 1334 112.6500 -167.6900 2 732 119.3400 -208.0300
8.2699243029e-01 -1.1654020614e+00 -4.4706546777e+00
73 72 85
2 0 1335 124.9600 -168.2500 2 1396 131.2500 -208.3300
1.6258357973e+00 -9.8506962644e-01 -3.5843703254e+00
82 43 20
2 0 1347 295.0100 -173.4200 2 1825 306.2300 -217.0500
1.6258357973e+00 -9.8506962644e-01 -3.5843703254e+00
82 43 20
2 0 1348 295.0100 -173.4200 2 1826 306.2300 -217.0500
7.8056562263e-01 -1.2700036457e+00 -4.6276109898e+00
96 88 102
2 0 1357 113.8500 -177.2900 2 1399 120.3900 -217.7600
7.5916156205e-01 -1.3643419241e+00 -4.6300522206e+00
118 109 124
2 0 1369 110.7400 -190.3000 2 1405 116.8400 -231.1000
1.8491735370e+00 1.5266731546e+00 -4.3426533957e+00
140 125 142
2 0 1418 272.8400 225.3100 2 1460 292.5800 183.2400
1.2292665771e+00 1.0976954957e+00 -3.4679140624e+00
213 116 42
2 0 1426 232.7000 201.6800 2 1465 246.2900 167.4600
1.2570517769e+00 9.1663208766e-01 -3.4085578839e+00
227 196 197
2 0 1448 242.2000 171.0400 2 1484 255.6000 138.2400
1.0990175262e+00 8.7074819513e-01 -3.3257042315e+00
209 160 72
2 0 1455 218.4600 166.1900 2 978 231.7100 135.7100
-9.0771312273e-01 6.7455131007e-01 -3.1055620970e+00
164 172 211
2 0 1487 -180.1200 135.2900 2 1500 -165.8900 122.5200
3.4300915809e-01 8.1460333098e-01 -3.9861581309e+00
156 94 110
2 0 1489 60.5100 131.9900 2 1522 75.2600 102.1600
-8.2245613645e-01 6.3675279234e-01 -3.0118498601e+00
251 247 250
2 0 1490 -167.1500 131.1700 2 1504 -153.8400 119.5100
1.4217915903e+00 6.3482598964e-01 -3.1478786948e+00
228 43 76
2 0 1495 295.4000 127.2400 2 1910 306.7000 95.4100
-4.3672443793e-01 6.1953721440e-01 -3.0706815469e+00
192 157 169
2 0 1497 -82.7900 126.2800 2 1513 -71.9200 110.7900
-9.3386222856e-01 5.4950622422e-01 -2.9581934882e+00
234 173 181
2 0 1508 -193.9600 113.9900 2 1520 -181.3500 104.6400
-4.9240308217e-01 5.1172955571e-01 -2.8926671995e+00
228 168 177
2 0 1512 -99.3700 109.1800 2 1526 -90.4300 97.2000
-6.1243932633e-01 4.2061296453e-01 -2.8250717600e+00
208 153 171
2 0 1525 -128.8400 90.3200 2 1541 -120.7600 81.1100
6.8109489261e-02 4.5892373385e-01 -3.5340040881e+00
199 29 51
2 0 1530 19.7600 82.0900 2 1572 30.1300 58.5500
-5.4828151385e-01 3.8024876515e-01 -2.8782200526e+00
119 66 84
2 0 1533 -112.2900 79.8300 2 1558 -104.6900 69.5700
-3.5866440586e-01 4.1689819148e-01 -3.4937940803e+00
173 30 41
2 0 1537 -59.1500 74.7100 2 1579 -49.5800 54.5400
-5.6393832425e-01 3.3152907879e-01 -2.8473375547e+00
182 115 132
2 0 1542 -116.5600 69.6500 2 1932 -110.2900 59.9000
1.2473544546e+00 3.7559208868e-01 -3.4655470698e+00
217 181 54
2 0 1543 238.3200 69.0000 2 1589 249.8200 36.6100
5.4894520778e-01 3.0191312729e-01 -3.0595903551e+00
110 61 58
2 0 1552 126.4600 61.0100 2 1587 132.9200 37.9400
1.2934588962e+00 2.5830881859e-01 -3.4211809286e+00
183 150 44
2 0 1562 250.2200 47.9900 2 1617 260.9200 15.1500
-8.2928741494e-02 2.6656805270e-01 -3.4301680162e+00
182 70 94
2 0 1563 -7.6200 47.5700 2 1603 0.5300 26.6000
8.6985888166e-01 2.4911303693e-01 -3.5707515901e+00
130 70 46
2 0 1568 164.9200 44.1700 2 1619 174.8800 13.8900
-7.2405788483e-01 2.0256819874e-01 -2.8109361176e+00
186 114 134
2 0 1571 -154.3700 40.3200 2 1595 -149.6100 33.2400
-7.4222773325e-01 1.9147906561e-01 -2.8177911532e+00
226 164 177
2 0 1574 -158.1700 37.6400 2 1598 -153.4400 30.6800
-5.0215166061e-01 1.6713880112e-01 -2.8865464950e+00
108 55 71
2 0 1579 -100.8900 31.9700 2 1609 -96.9900 21.6200
-4.9691178943e-01 1.4074230042e-01 -2.8821356025e+00
197 150 170
2 0 1587 -99.8400 26.0200 2 1613 -96.2300 15.8400
-8.8652473881e-01 1.4040213120e-01 -2.8256490298e+00
223 166 179
2 0 1588 -190.6300 25.4000 2 1610 -185.6300 20.1400
1.3598676081e+00 1.2957620797e-01 -3.4035452596e+00
218 189 51
2 0 1592 263.8800 24.1300 2 1132 274.2600 -9.5100
1.4067483001e+00 1.1796013561e-02 -3.1993200800e+00
216 186 63
2 0 1605 289.6200 1.9000 2 1656 298.9900 -31.2300
1.2282636136e+00 -1.7508881944e-02 -3.3613717706e+00
94 47 9
2 0 1613 242.4700 -4.3200 2 1989 252.6600 -36.1100
1.3570401856e+00 -1.9612369903e-02 -3.1538050444e+00
214 183 57
2 0 1614 284.0600 -4.6300 2 1659 292.8800 -37.0300
9.5986806990e-01 -3.3471245945e-01 -3.7893313068e+00
54 30 17
2 0 1645 171.5300 -57.0100 2 2021 178.5100 -91.9000
1.0639674177e+00 -5.5158076348e-01 -3.9279972873e+00
40 30 18
2 0 1663 181.7000 -90.4900 2 2039 189.7700 -127.3100
1.2351663133e+00 -5.4684838037e-01 -3.5027371861e+00
167 139 49
2 0 1671 234.5900 -100.1800 2 1741 242.1900 -136.4600
6.9774400261e-01 -1.2788682909e+00 -4.8624800633e+00
73 63 71
2 0 1730 97.0000 -170.1800 2 1820 104.0600 -210.5700
7.9632551662e-01 -1.3739256183e+00 -4.6649469060e+00
112 47 56
2 0 1745 115.3400 -189.8000 2 1831 120.9700 -231.5700
1.2167547862e+00 1.0705933015e+00 -3.4855886640e+00
224 43 64
2 0 1771 229.1800 195.7000 2 1875 243.2200 161.9300
1.2550791474e+00 1.0236314042e+00 -3.3990892449e+00
217 121 50
2 0 1773 242.1900 191.4600 2 1876 255.6300 158.1000
1.2378404650e+00 1.0145939674e+00 -3.4332330967e+00
217 50 64
2 0 1775 236.6600 188.0500 2 1877 250.3600 154.7500
1.2408317079e+00 9.7374876644e-01 -3.3731242061e+00
228 44 67
2 0 1776 241.6300 183.5000 2 1879 254.7500 150.6100
1.2800621926e+00 9.2553789308e-01 -3.3593384565e+00
223 43 70
2 0 1777 249.9600 174.9800 2 1880 263.0900 142.2200
-5.5164396523e-01 6.9821214187e-01 -3.1398310421e+00
212 165 177
2 0 1784 -105.3700 139.5200 2 2113 -92.2500 123.8900
1.3664379923e+00 6.6901483653e-01 -3.0874117085e+00
230 41 71
2 0 1785 289.8600 136.4400 2 1892 300.9100 105.6000
7.9607225812e-01 6.5376298499e-01 -3.3200371132e+00
160 105 75
2 0 1791 162.2800 125.1100 2 2126 173.6700 97.4100
6.8511826231e-01 6.0212944364e-01 -3.1277078145e+00
151 94 98
2 0 1794 150.2100 121.5600 2 1907 160.0300 96.5300
-4.9540606760e-01 5.4777366180e-01 -2.9277187505e+00
229 169 177
2 0 1800 -99.1300 115.9100 2 2120 -89.4000 103.3100
-5.3063649751e-01 5.0379881107e-01 -2.8738368047e+00
227 178 193
2 0 1805 -108.5300 107.9600 2 1904 -99.6200 96.6200
-5.0747171231e-01 4.9520422023e-01 -2.8749998770e+00
176 114 123
2 0 1806 -103.2700 106.0300 2 1909 -94.5600 94.5500
-9.4693227140e-01 5.0298321652e-01 -3.0133285867e+00
246 197 209
2 0 1809 -193.3800 102.1400 2 1911 -181.4400 92.3700
-8.7952069326e-01 4.3265119421e-01 -2.9359354783e+00
238 185 198
2 0 1812 -183.2200 89.2400 2 1542 -172.9600 80.5800
-1.6082583151e-02 4.5243396849e-01 -3.4454376415e+00
199 54 83
2 0 1815 5.0700 82.9600 2 1933 14.1400 60.3100
-6.7066712871e-01 3.5850553297e-01 -2.8389236325e+00
130 79 102
2 0 1818 -141.2700 75.7100 2 1923 -134.0600 66.9800
-4.9886539482e-01 3.6272102213e-01 -2.8954637533e+00
75 32 44
2 0 1819 -100.4800 75.6800 2 1926 -93.4900 64.6300
-4.5026948990e-01 3.6171544408e-01 -2.9268161824e+00
68 26 28
2 0 1820 -88.8300 74.8000 2 1929 -81.7300 62.9400
5.3215576632e-01 2.8124182882e-01 -3.0748908685e+00
99 43 37
2 0 1824 122.3300 56.3700 2 1947 128.7400 33.3300
-2.9155311430e-01 2.9830031830e-01 -3.4085457739e+00
211 178 196
2 0 1825 -47.4400 53.6600 2 1946 -39.2400 34.4000
2.6630799630e-01 2.6903710237e-01 -3.3848622067e+00
99 9 15
2 0 1829 60.1100 49.5300 2 1956 67.0600 25.2200
1.3386246184e+00 2.4304025798e-01 -3.3591833249e+00
165 133 27
2 0 1830 263.1100 45.8300 2 1961 273.7800 13.0600
1.3386246184e+00 2.4304025798e-01 -3.3591833249e+00
165 133 27
2 0 1831 263.1100 45.8300 2 1962 273.7800 13.0600
-5.7997958701e-01 1.9044287776e-01 -2.8496168597e+00
208 143 157
2 0 1836 -119.8500 37.3800 2 1599 -115.4700 28.4100
-7.0043534257e-01 1.8040847372e-01 -2.8080387245e+00
182 107 127
2 0 1837 -149.0700 35.2600 2 1951 -144.7100 28.1400
-6.8173945348e-01 1.4230047142e-01 -2.8090244528e+00
222 158 172
2 0 1843 -144.6400 26.4800 2 1957 -140.9300 19.3100
-1.8162457818e-01 3.6782032753e-02 -3.4310003496e+00
189 25 42
2 0 1858 -25.3200 4.1300 2 1979 -20.6600 -16.7100
-5.2189449744e-01 4.0317405436e-02 -2.9351489830e+00
77 39 47
2 0 1859 -103.3500 3.5200 2 1977 -101.1000 -7.3200
9.0486103230e-01 3.5773058148e-03 -3.5731798956e+00
148 93 91
2 0 1860 171.8800 0.0900 2 1987 179.7700 -31.5300
-6.4851662954e-01 -6.9956630489e-03 -2.9036969949e+00
86 52 58
2 0 1867 -132.2900 -7.2500 2 2166 -130.9400 -16.4300
9.9860614661e-01 -4.9227444288e-01 -4.1640890716e+00
15 17 12
2 0 1892 161.0500 -76.2700 2 2030 170.1500 -113.1800
9.9860614661e-01 -4.9227444288e-01 -4.1640890716e+00
15 17 12
2 0 1893 161.0500 -76.2700 2 2031 170.1500 -113.1800
1.0348163351e+00 -5.6000266255e-01 -4.1466436765e+00
19 18 14
2 0 1894 167.4400 -86.9600 2 2034 176.1100 -124.5500
1.0348163351e+00 -5.6000266255e-01 -4.1466436765e+00
19 18 14
2 0 1895 167.4400 -86.9600 2 2035 176.1100 -124.5500
1.0364470545e+00 -5.9747171699e-01 -4.0643199437e+00
17 16 14
2 0 1897 171.1100 -94.7600 2 2043 179.4600 -132.1000
1.0954913878e+00 -7.4760667109e-01 -3.9831175144e+00
111 94 53
2 0 1910 184.1300 -120.6500 2 2061 191.6500 -159.1300
1.1082687950e+00 -7.4982651007e-01 -3.8616775246e+00
176 153 49
2 0 1911 192.0500 -124.8100 2 2238 199.2600 -162.8900
1.2046322200e+00 -7.4082935769e-01 -3.5635023234e+00
185 163 48
2 0 1914 225.0900 -133.2100 2 2069 231.9500 -170.8800
1.2046322200e+00 -7.4082935769e-01 -3.5635023234e+00
185 163 48
2 0 1915 225.0900 -133.2100 2 2070 231.9500 -170.8800
9.3603716400e-01 -9.4927266304e-01 -4.3303967739e+00
8 8 8
2 0 1919 145.3600 -141.4000 2 2073 152.7300 -180.6800
9.5993436161e-01 -1.1298447279e+00 -4.1504865664e+00
14 9 13
2 0 1932 155.2000 -175.3600 2 2086 161.6600 -215.1300
6.9203533446e-01 -1.3130753079e+00 -4.7804722715e+00
80 80 94
2 0 1933 98.1300 -177.6200 2 2089 104.4900 -218.0900
1.2105792900e+00 1.1561268394e+00 -3.4459106350e+00
225 41 62
2 0 1956 230.4400 213.5000 2 2102 244.3100 179.3600
1.8752717213e+00 1.3905584044e+00 -4.2062420532e+00
104 85 100
2 0 1957 285.6400 211.4600 2 1872 305.1600 170.4100
1.2236235761e+00 1.1669500342e+00 -3.5669707460e+00
206 94 40
2 0 1958 224.7900 208.6700 2 2104 239.5400 173.9500
1.3086887528e+00 8.6230857181e-01 -3.2977047182e+00
224 46 69
2 0 1973 260.2000 165.7900 2 1882 272.8500 133.4300
1.2961892014e+00 8.1959401066e-01 -3.2158374730e+00
231 41 74
2 0 1975 264.5200 161.2600 2 2111 276.5200 129.6500
1.3192265686e+00 7.9166251178e-01 -3.2034810414e+00
227 43 68
2 0 1976 270.1100 156.3100 2 2112 281.9200 124.6300
1.3665701200e+00 7.6859550946e-01 -3.1650852214e+00
223 121 53
2 0 1977 282.5000 153.2800 2 2114 294.3300 121.6800
1.2909561061e+00 8.0940678581e-01 -3.3698938460e+00
230 49 71
2 0 1978 251.7100 152.6900 2 2115 264.4300 120.1000
1.3317296726e+00 7.5102273969e-01 -3.1639392128e+00
224 44 71
2 0 1979 275.9400 149.8900 2 2116 287.5900 118.6100
4.8128886103e-01 8.6221298560e-01 -3.8668236791e+00
164 100 110
2 0 1980 85.7000 143.7500 2 2117 100.3500 113.6200
-8.8114777011e-01 7.0292612268e-01 -3.0698406904e+00
217 150 164
2 0 1982 -176.2700 142.9200 2 1886 -162.3000 129.8500
-8.5063445884e-01 5.1516885081e-01 -2.9296338991e+00
228 177 193
2 0 1993 -177.2900 107.7600 2 2124 -166.1000 98.2500
-8.5063445884e-01 5.1516885081e-01 -2.9296338991e+00
228 177 193
2 0 1994 -177.2900 107.7600 2 2125 -166.1000 98.2500
-7.6283399797e-01 4.7907427736e-01 -2.8445011197e+00
229 166 178
2 0 2000 -162.4200 102.5700 2 2127 -152.1900 94.1700
-7.5023370526e-01 4.1781433699e-01 -2.8702035759e+00
238 182 195
2 0 2004 -158.0600 88.0500 2 2133 -149.0100 79.4100
-6.0510759163e-01 3.6079247627e-01 -2.7998944788e+00
218 155 171
2 0 2008 -127.7200 77.4700 2 2138 -121.4000 68.4800
-4.1153184251e-01 3.4970781835e-01 -2.9816547936e+00
157 108 116
2 0 2009 -78.8400 71.1400 2 2142 -71.9800 58.0200
1.1204261579e+00 4.1945451194e-01 -4.0558507487e+00
193 150 59
2 0 2010 183.7500 67.3300 2 2149 196.8100 32.0600
1.2172931678e+00 2.2789609385e-01 -3.3974822689e+00
191 136 136
2 0 2014 237.9500 42.3700 2 2153 248.3400 10.4600
8.3712420991e-01 2.1758358958e-01 -3.5661894270e+00
78 22 12
2 0 2015 159.5700 38.6200 2 2318 168.7900 8.3000
8.8064996840e-01 1.9560790883e-01 -3.5923566881e+00
127 65 40
2 0 2017 165.9600 34.3700 2 2156 175.6600 3.7200
-1.0004737786e-01 1.5534830908e-01 -3.4268423988e+00
98 0 0
2 0 2020 -10.2100 26.7300 2 2155 -4.0500 5.4200
-5.4245050062e-01 1.0328232970e-01 -2.8613276613e+00
88 42 52
2 0 2024 -110.6500 17.5800 2 2316 -107.6800 8.2200
9.2230714720e-01 8.0022464167e-02 -3.6077777051e+00
129 71 59
2 0 2025 173.0600 13.8100 2 2322 181.7700 -17.8900
-6.1580703481e-01 7.1014850264e-02 -2.8329687458e+00
71 33 44
2 0 2027 -128.3100 10.1200 2 2157 -125.7700 2.0700
-6.1580703481e-01 7.1014850264e-02 -2.8329687458e+00
71 33 44
2 0 2028 -128.3100 10.1200 2 2158 -125.7700 2.0700
2.2627894783e-01 -1.2361002070e-02 -3.2018181392e+00
136 11 15
2 0 2032 56.2200 -5.5100 2 2171 60.2400 -27.2800
1.6805122427e-01 -5.9099864011e-02 -3.2761337776e+00
122 6 9
2 0 2035 43.4200 -14.5400 2 2174 47.1200 -36.8000
1.2638668185e+00 -6.1960483128e-01 -3.4381394849e+00
139 112 57
2 0 2072 243.9900 -115.4400 2 2361 251.4600 -152.1100
1.1208648735e+00 1.1292283074e+00 -3.8305415711e+00
214 160 59
2 0 2103 192.6600 189.4300 2 2273 208.2400 154.1800
1.3201157184e+00 7.9266492821e-01 -3.2901744425e+00
221 168 178
2 0 2111 263.2800 152.7800 2 2284 275.5700 120.5100
3.1160573704e-01 8.7631579019e-01 -3.8333931604e+00
173 123 138
2 0 2113 57.5900 147.0600 2 2285 72.8100 118.5400
3.1160573704e-01 8.7631579019e-01 -3.8333931604e+00
173 123 138
2 0 2114 57.5900 147.0600 2 2286 72.8100 118.5400
1.3297331275e+00 7.0685028288e-01 -3.1690574789e+00
218 155 171
2 0 2118 275.4000 140.9400 2 2288 286.7400 109.6100
-8.5438760403e-01 6.5916721282e-01 -3.0280708736e+00
25 19 32
2 0 2121 -173.0100 135.3100 2 2282 -159.4100 123.3000
1.3663740717e+00 6.2822324058e-01 -3.1014049538e+00
186 107 119
2 0 2124 288.8300 127.6500 2 2291 299.6600 96.6500
1.3663740717e+00 6.2822324058e-01 -3.1014049538e+00
186 107 119
2 0 2125 288.8300 127.6500 2 2292 299.6600 96.6500
3.7768905798e-01 5.2766129301e-01 -3.6476885542e+00
98 3 3
2 0 2136 73.7900 92.3400 2 2140 85.3300 65.4000
-6.5014868582e-01 4.1294190391e-01 -2.8320324438e+00
188 132 146
2 0 2137 -137.1800 88.2500 2 2295 -128.9200 79.3600
-7.4919580264e-01 3.7635856160e-01 -2.8361391491e+00
219 158 167
2 0 2139 -159.2000 79.7200 2 2303 -151.4800 71.5100
-6.7083872787e-01 3.2881341190e-01 -2.8476904155e+00
164 180 215
2 0 2142 -140.9600 68.6700 2 2141 -133.9500 60.1100
-1.8715551108e-01 3.5453764624e-01 -3.4344875126e+00
64 16 29
2 0 2144 -27.7700 63.9300 2 2148 -18.3200 43.8700
-3.2021541579e-01 3.2449492599e-01 -3.3684193739e+00
13 12 11
2 0 2145 -52.9700 59.5900 2 2406 -45.6600 40.2400
1.2119344749e+00 2.7240756825e-01 -3.3676954368e+00
219 182 53
2 0 2148 239.2000 51.3000 2 2312 249.1400 19.3900
-1.2491770748e-01 1.8430421076e-01 -3.3795023867e+00
209 35 52
2 0 2151 -15.0000 32.5900 2 2314 -8.9400 11.8900
1.1006301160e+00 1.5335414492e-01 -3.6354658348e+00
149 85 81
2 0 2153 202.3700 26.8300 2 2321 212.8300 -5.9600
1.9821019928e-01 -2.8411321371e-02 -3.3257037587e+00
207 33 60
2 0 2161 48.1900 -8.3600 2 2326 53.0900 -30.9900
1.3029885734e+00 -2.0810346337e-01 -3.3004578683e+00
44 28 11
2 0 2168 261.4600 -40.9100 2 2190 270.3700 -74.3700
9.4195642342e-01 -2.8756319999e-01 -3.6309399866e+00
109 66 64
2 0 2170 175.7600 -51.5600 2 2338 182.7300 -84.7800
8.1860806654e-01 -5.4257684891e-01 -4.6927985989e+00
22 11 9
2 0 2181 117.5500 -74.5800 2 2348 127.4600 -112.4900
8.1220303289e-01 -6.0698604394e-01 -4.6572777835e+00
41 33 29
2 0 2183 117.5400 -84.2500 2 2350 127.2200 -122.0600
8.1220303289e-01 -6.0698604394e-01 -4.6572777835e+00
41 33 29
2 0 2184 117.5400 -84.2500 2 2351 127.2200 -122.0600
1.1725148878e+00 -6.4279523868e-01 -3.8154894193e+00
126 86 54
2 0 2191 205.1600 -108.0900 2 2359 212.8600 -146.0200
1.1879562446e+00 1.0861297575e+00 -3.6242868544e+00
219 46 66
2 0 2210 215.4400 191.6300 2 2270 230.1100 157.2100
1.3035905307e+00 9.2110392699e-01 -3.2361004315e+00
227 43 65
2 0 2211 263.9700 180.2000 2 2385 276.1800 147.8600
6.8976180437e-01 4.7341153283e-01 -3.0305210358e+00
96 45 29
2 0 2223 156.5800 97.8500 2 2457 164.9700 74.0400
3.0975796508e-01 5.0427530985e-01 -3.5804178334e+00
86 0 0
2 0 2224 63.6600 90.0100 2 2403 73.5800 63.3800
-5.6855613935e-01 2.7778638500e-01 -2.7739587738e+00
166 196 232
2 0 2225 -120.5400 58.4600 2 2404 -114.8500 50.6300
-7.6098655394e-01 2.7412270639e-01 -2.8209963512e+00
222 149 165
2 0 2227 -162.5300 56.5300 2 2309 -156.2800 49.3700
-7.1173902008e-01 2.6211339293e-01 -2.8310530499e+00
170 205 247
2 0 2229 -151.0100 53.5500 2 2310 -144.6500 46.1600
8.6358200065e-01 1.3152772610e-01 -3.5965219858e+00
113 56 29
2 0 2239 163.0700 22.9500 2 2414 171.9400 -7.9900
1.2826878916e+00 -8.3533409300e-02 -3.3114892489e+00
186 125 126
2 0 2244 256.8900 -16.7100 2 2422 265.8700 -49.6500
1.6741147488e-01 -1.3142368598e-01 -3.3806433583e+00
173 25 34
2 0 2245 42.0500 -27.6200 2 2472 45.2500 -51.4600
1.2167633040e+00 -3.8875665627e-01 -3.5471694569e+00
180 157 42
2 0 2250 228.4400 -70.5700 2 2426 236.8100 -105.8500
7.9765416089e-01 -7.1813012804e-01 -4.7080301308e+00
27 13 12
2 0 2252 114.2100 -98.6600 2 2427 123.5200 -136.9400
7.9765416089e-01 -7.1813012804e-01 -4.7080301308e+00
27 13 12
2 0 2253 114.2100 -98.6600 2 2428 123.5200 -136.9400
8.6054949427e-01 -7.9974987536e-01 -4.5194567209e+00
15 14 15
2 0 2257 128.3200 -114.3700 2 2432 136.7400 -152.8900
8.6054949427e-01 -7.9974987536e-01 -4.5194567209e+00
15 14 15
2 0 2258 128.3200 -114.3700 2 2433 136.7400 -152.8900
9.3225188073e-01 1.3596951358e+00 -4.0716197287e+00
95 73 18
2 0 2269 150.8900 215.3300 2 2446 168.4300 179.1200
3.6344537475e-01 9.3670904014e-01 -3.8343953903e+00
183 122 137
2 0 2274 66.1100 157.1500 2 2450 81.8800 128.1600
1.1713006617e+00 8.4928982532e-01 -3.7387854470e+00
212 157 57
2 0 2275 206.9900 146.0200 2 2454 220.9300 111.7300
4.1677788598e-01 8.7003449171e-01 -3.9206686747e+00
67 14 6
2 0 2276 73.8000 143.2400 2 2451 88.5800 113.0800
-9.1328697133e-01 5.3345530934e-01 -2.9810823849e+00
217 153 165
2 0 2282 -188.1600 109.7800 2 2394 -175.8900 100.0700
-8.6212833366e-01 4.4784879278e-01 -2.9192824130e+00
226 172 188
2 0 2283 -180.4900 93.0200 2 2456 -169.9000 84.5300
4.2078046468e-01 1.8615514775e-01 -3.0632856228e+00
172 22 32
2 0 2288 99.6400 36.2700 2 2464 105.0900 14.4900
1.1976760050e+00 -7.9675935228e-01 -3.5853961096e+00
151 127 34
2 0 2308 222.4000 -142.3600 2 2486 229.1600 -180.4300
1.0789479557e+00 -6.0889625135e-01 -3.8189185209e+00
114 91 15
2 0 2332 189.2500 -102.8600 2 2511 197.1300 -139.3500
1.2634727498e+00 -5.9473354372e-01 -3.3964432781e+00
152 127 61
2 0 2333 247.0400 -112.1100 2 2513 254.1700 -148.5700
1.1384107236e+00 -7.5957212805e-01 -3.6933132410e+00
185 161 50
2 0 2334 205.8000 -132.1900 2 2547 212.9100 -169.6700
5.5652349564e-01 9.3728665515e-01 -3.9201152085e+00
201 141 156
2 0 2341 96.5100 154.2200 2 2521 112.0300 123.1900
9.2807959261e-01 6.3286333266e-01 -3.4807471546e+00
213 179 57
2 0 2344 178.8100 116.0400 2 2552 190.8700 86.0100
-4.2342367278e-01 1.7924840819e-01 -3.3245720011e+00
15 9 12
2 0 2347 -73.4400 31.6000 2 2527 -67.8600 13.9100
-2.2375501148e-01 9.9204696579e-02 -3.3621125678e+00
25 9 10
2 0 2348 -33.9400 16.0900 2 2528 -29.0000 -3.6000
1.2579006813e+00 -2.4664671425e-01 -3.3828730383e+00
32 21 6
2 0 2352 247.0600 -47.1400 2 2533 255.5700 -81.0900
1.3557088624e+00 -3.7282933875e-01 -3.2754316583e+00
71 57 16
2 0 2355 273.5400 -72.8800 2 2537 281.7400 -108.0200
1.1788248704e+00 2.6722235291e-01 -3.6040073149e+00
216 177 50
2 0 2382 217.5800 47.4100 2 2570 228.7600 14.4100
-4.5568708948e+00 8.0713661064e-01 -1.0939628235e+01
50 52 60
2 1 169 -257.4500 140.4700 2 365 -251.9500 17.1900
-4.0657478568e+00 -3.5420498099e-01 -9.8241910107e+00
93 66 72
2 1 310 -245.8200 64.2900 2 1174 -254.6200 -53.1200
-5.2088898924e-01 2.2884712962e-01 -2.8718388101e+00
190 133 156
2 1 440 -88.7700 -1.1700 2 1086 -101.0700 35.8700
1.2253894642e+00 -2.7503978435e-03 -3.3982001381e+00
152 101 87
2 1 448 225.8300 -6.1600 2 1159 249.3300 -33.7200
-8.5747118606e-01 1.5072796406e-01 -2.8619732580e+00
180 121 143
2 1 474 -153.9900 -19.1100 2 1097 -176.9500 21.3500
-6.2553616060e-01 9.4639384672e-02 -2.8374763520e+00
175 134 144
2 1 489 -108.2100 -29.5900 2 1620 -127.7900 7.4100
-3.8072708512e+00 -2.2561354430e+00 -9.2394473163e+00
53 46 61
2 1 532 -227.9000 -62.4400 2 689 -260.5300 -188.9300
-3.8293845946e+00 -2.3608695965e+00 -9.2163929518e+00
37 29 37
2 1 551 -228.7700 -69.3200 2 706 -263.2000 -196.6400
1.2145927983e+00 -4.4453575301e-01 -3.5287908218e+00
177 157 57
2 1 552 214.3100 -69.7600 2 1274 237.4000 -116.5500
1.0028971805e+00 1.0712042047e+00 -4.3311278861e+00
187 146 60
2 1 857 156.2200 179.4600 2 989 169.5700 124.2000
-3.8400649274e+00 -4.1993887300e-01 -9.5266241832e+00
33 26 22
2 1 988 -238.4100 57.6800 2 1184 -247.9700 -58.3900
1.3312213305e+00 1.4557601609e-01 -3.2505449412e+00
205 175 67
2 1 1055 254.0500 13.4800 2 1630 280.3800 -4.1400
1.3312213305e+00 1.4557601609e-01 -3.2505449412e+00
205 175 67
2 1 1056 254.0500 13.4800 2 1631 280.3800 -4.1400
-4.8557986705e-01 2.2809688471e-01 -2.8952272925e+00
146 92 108
2 1 1073 -81.1800 0.0900 2 1592 -92.3200 34.7700
1.3591076209e+00 -2.9751750200e-02 -3.1061235982e+00
153 123 29
2 1 1106 266.6600 -23.7600 2 1166 297.4600 -38.8500
-1.5838530394e+00 -1.8531123293e+00 -7.9877167962e+00
7 13 18
2 1 1134 -101.2800 -60.3800 2 1797 -122.1200 -187.5600
8.7136732094e-01 -7.7227441648e-01 -4.5168945027e+00
13 8 12
2 1 1145 130.9800 -67.0800 2 1763 138.4700 -148.9500
8.7136732094e-01 -7.7227441648e-01 -4.5168945027e+00
13 8 12
2 1 1146 130.9800 -67.0800 2 1764 138.4700 -148.9500
9.7892089680e-01 1.0623795720e+00 -4.3378096608e+00
190 164 105
2 1 1303 152.4900 178.0200 2 991 165.8200 122.8100
9.7892089680e-01 1.0623795720e+00 -4.3378096608e+00
190 164 105
2 1 1304 152.4900 178.0200 2 992 165.8200 122.8100
-3.7861491015e+00 -1.4248706291e-01 -1.0987305385e+01
33 24 29
2 1 1381 -206.7600 87.4500 2 1662 -210.1600 -40.9600
1.1568576052e+00 4.5388032918e-01 -3.9298039937e+00
190 130 50
2 1 1392 192.7100 82.9400 2 1942 208.2700 40.2200
-2.4838193608e-01 4.0048970867e-01 -3.4610901983e+00
163 130 145
2 1 1417 -29.6100 54.6100 2 1582 -29.2200 51.9400
-6.1585269213e-01 3.0352628400e-01 -2.8957409038e+00
148 201 244
2 1 1447 -108.2700 13.7200 2 1581 -119.8800 52.3400
-4.0123706739e+00 -1.4382439479e+00 -8.5415051194e+00
7 6 5
2 1 1479 -265.3500 -24.8300 2 1740 -294.5100 -136.2100
1.3690499079e+00 -1.4230061131e-01 -2.9835063030e+00
200 174 53
2 1 1493 275.6700 -50.5200 2 2005 310.3300 -62.9800
8.0531041292e-01 -1.3555602271e+00 -4.5599402964e+00
115 105 123
2 1 1519 120.6200 -133.8100 2 1834 125.0000 -233.0800
1.3813467614e+00 6.4712597498e-01 -3.0648817647e+00
219 41 63
2 1 1653 281.1300 100.5600 2 2121 305.4800 102.1200
-3.4587217598e+00 -1.1737083930e+00 -9.2825691061e+00
77 73 95
2 1 1702 -213.3500 6.9400 2 2219 -231.9400 -113.0700
1.2603952589e+00 1.3175120216e-02 -3.4045793591e+00
88 50 8
2 1 1708 231.7500 -3.0500 2 1986 255.3300 -30.9200
1.1693472271e-01 -1.0460984829e-01 -3.3287293431e+00
105 4 14
2 1 1729 37.8800 -33.4900 2 2178 35.9400 -45.4200
8.1194039794e-01 -1.2227424907e+00 -4.5709565889e+00
81 75 89
2 1 1756 121.6700 -118.0400 2 2250 126.1800 -213.2800
-4.1019446927e+00 1.9731833415e-01 -1.0311059912e+01
86 66 67
2 1 2007 -241.1100 102.3800 2 2468 -242.3300 -18.1000
-6.5777695710e-01 1.9747743265e-01 -2.8646461523e+00
159 189 233
2 1 2024 -115.7500 -8.6200 2 2462 -132.0200 30.1400
-3.8832877055e+00 -1.3054053047e+00 -8.5714746856e+00
6 6 6
2 1 2109 -257.3000 -15.0100 2 2510 -283.3600 -126.3500
