# Bundle file v0.3
2 42
2.0807940926e+03 3.9222158613e-02 -1.8208623564e-03
9.9998025317e-01 3.3169014440e-03 5.3377360474e-03
-3.2950591497e-03 9.9998618399e-01 -4.0956568007e-03
-5.3512471912e-03 4.0779877684e-03 9.9997736683e-01
1.4697165378e-02 -1.6866254852e-04 -1.1697545392e-01
2.1439228970e+03 -6.6911316233e-03 2.6265696294e-03
9.9742948494e-01 4.0028645604e-02 5.9431726456e-02
-4.2005050722e-02 9.9859235943e-01 3.2386345849e-02
-5.8051686387e-02 -3.4799528943e-02 9.9770686802e-01
3.0779204339e-01 1.0917776283e-01 -1.1631787642e+00
5.2650957730e-02 1.8481413815e-01 -2.5845190779e+00
77 82 85
2 0 198 41.7300 150.3800 1 223 122.4200 118.6300
-2.2928045673e-02 7.0443701880e-02 -2.4175639180e+00
4 9 14
2 0 262 -17.1100 65.7900 1 70 86.3500 61.3800
3.2920284795e-01 2.3320093868e-01 -2.5852143802e+00
72 70 71
2 0 772 254.7200 187.6000 1 364 280.0000 138.0100
1.6572283221e-02 1.8464229616e-01 -2.5342892292e+00
115 49 60
2 0 784 14.5600 152.4500 1 55 104.8400 122.8300
-1.4619096491e+00 2.4131855759e+00 -1.6406060410e+01
166 170 169
2 0 877 -192.7200 314.5600 1 482 -248.0900 249.6100
-8.6503689408e-02 3.3896389411e-01 -2.7390898604e+00
6 7 9
2 0 964 -62.2600 256.0100 1 591 39.7800 198.5100
2.7818167342e-02 2.4016079317e-01 -2.5713904498e+00
42 47 51
2 0 967 23.0700 193.2900 1 489 110.1700 152.5900
-2.2029895479e-02 2.0522211959e-01 -2.5603247437e+00
99 105 111
2 0 968 -15.6800 167.2200 1 365 81.6000 134.2400
-2.2029895479e-02 2.0522211959e-01 -2.5603247437e+00
99 105 111
2 0 969 -15.6800 167.2200 1 366 81.6000 134.2400
-2.0066965108e-03 2.1287129643e-01 -2.5609340169e+00
98 85 97
2 0 1005 -0.0700 172.9800 1 492 93.1800 138.2000
-2.0066965108e-03 2.1287129643e-01 -2.5609340169e+00
98 85 97
2 0 1006 -0.0700 172.9800 1 493 93.1800 138.2000
-2.8707878230e-01 -1.1263202763e-01 -2.4013612475e+00
17 18 20
2 0 1031 -236.3300 -84.0500 1 611 -75.9800 -42.3000
-2.1825058531e-01 -1.2204258250e-01 -2.3687945742e+00
65 68 73
2 0 1032 -181.6200 -93.2300 1 613 -33.6500 -49.6200
-2.6090853660e+00 2.7854392826e+00 -1.7343292310e+01
16 18 15
2 0 1044 -320.2100 342.7200 1 701 -374.1000 283.7300
-2.7658067595e+00 2.7280960433e+00 -1.8004623662e+01
149 153 139
2 0 1047 -326.9900 323.8300 1 702 -383.6100 266.0900
3.3143011129e-01 2.9458686667e-01 -2.7037923105e+00
40 41 36
2 0 1050 245.3100 226.0000 1 645 270.0800 164.5800
-2.7480925167e+00 2.8997155532e+00 -1.7631594985e+01
151 154 143
2 0 1078 -331.5600 350.5000 1 747 -385.7300 292.4600
-1.7047746419e+00 2.4794158244e+00 -1.6741749683e+01
172 180 177
2 0 1083 -219.1500 316.2100 1 749 -274.7400 253.5800
-2.5087731386e+00 2.5174413783e+00 -1.7649064705e+01
106 111 105
2 0 1085 -303.0600 304.5200 1 751 -359.9200 247.7100
-2.6350677529e+00 2.4721521365e+00 -1.7947754992e+01
17 19 15
2 0 1087 -312.8400 294.4000 1 752 -370.8600 238.3900
-8.1062802507e-02 3.2940258791e-01 -2.7365704177e+00
15 16 15
2 0 1091 -58.3000 248.7200 1 711 42.6200 193.9800
5.1959828428e-02 7.3680688422e-02 -2.3205485632e+00
20 22 22
2 0 1096 46.5200 70.8100 1 653 138.3200 64.7200
-1.1425899094e-02 4.5875295129e-02 -2.3480660532e+00
131 138 148
2 0 1097 -7.4700 46.2200 1 657 96.7900 49.2500
3.8490195812e-02 3.4855838188e-02 -2.2569403250e+00
19 20 22
2 0 1101 36.4900 37.6800 1 765 133.5000 44.4300
-5.5810962247e-02 -6.6113808321e-02 -2.2816574974e+00
80 83 88
2 0 1105 -46.5800 -48.9100 1 661 71.3500 -18.2200
-1.7920246717e-01 -1.1985200851e-01 -2.3228853065e+00
73 78 84
2 0 1108 -151.6900 -92.9500 1 724 -7.9600 -49.5800
3.3146149735e-01 -1.2466612715e-01 -1.4032730821e+00
241 236 207
2 0 1113 463.3100 -164.6200 1 802 457.2800 -62.1000
3.3146149735e-01 -1.2466612715e-01 -1.4032730821e+00
241 236 207
2 0 1114 463.3100 -164.6200 1 803 457.2800 -62.1000
-6.6809717028e-03 3.5749685094e-01 -2.6984819173e+00
107 114 120
2 0 1125 -3.9600 274.0300 1 755 86.0700 208.1600
-4.3014933766e-02 7.7563666106e-02 -2.4614916677e+00
105 110 119
2 0 1134 -33.1200 70.3800 1 793 71.9800 64.8500
2.8563234879e-02 2.1527301947e-01 -2.5535555995e+00
223 170 183
2 0 1160 23.7600 175.4000 1 787 111.2400 138.9400
1.0119233203e-02 3.2959249544e-02 -2.3076957112e+00
25 27 26
2 0 1166 11.1300 35.5300 1 796 112.2300 42.3300
1.8762051747e-02 7.7937391448e-03 -2.2658529404e+00
111 115 124
2 0 1167 18.8800 14.3000 1 797 120.0700 27.3300
1.8762051747e-02 7.7937391448e-03 -2.2658529404e+00
111 115 124
2 0 1168 18.8800 14.3000 1 798 120.0700 27.3300
-2.7218728099e-01 -8.8472209399e-02 -2.3791622695e+00
42 46 49
2 0 1169 -225.8000 -64.8000 1 800 -66.0100 -27.7200
-2.1650107731e-01 -1.3222311563e-01 -2.3595220610e+00
47 51 54
2 0 1172 -180.9200 -101.9700 1 801 -32.4500 -56.1300
-3.5055703679e-02 3.3677011738e-01 -2.7052247091e+00
7 9 8
2 0 1183 -24.8500 256.7700 1 784 69.5400 198.8700
-2.6123497986e-02 1.9724825202e-01 -2.5419483749e+00
165 171 161
2 0 1186 -18.9300 162.0600 1 829 80.0900 130.7900
-7.9253768417e-02 2.9084023745e-02 -2.4320890142e+00
66 67 71
2 0 1192 -63.2100 31.9300 1 835 51.0600 37.5400
-6.2607270332e-02 2.8194886933e-01 -2.6938366207e+00
95 104 110
2 0 1199 -45.4700 217.2700 1 858 53.7100 169.9300
3.2082398707e-01 2.4884337477e-01 -2.6386960963e+00
9 9 9
2 0 1200 243.5200 195.2200 1 859 269.6800 145.1000
-3.0557207263e-02 -2.3920807327e-02 -2.3133436515e+00
129 136 148
2 0 1206 -24.2600 -12.3200 1 862 85.9400 7.0200
