# Bundle file v0.3
3 36
2.1985142457e+03 -5.1820293189e-03 -7.7959301395e-05
9.9998754781e-01 -4.7849882832e-03 1.4170820965e-03
4.7507342928e-03 9.9971811265e-01 2.3262110170e-02
-1.5279915635e-03 -2.3255088325e-02 9.9972839617e-01
-3.5927330848e-03 5.9818635627e-02 -1.9182175095e-01
0 0 0
0 0 0
0 0 0
0 0 0
0 0 0
1.9143975480e+03 -6.8368928062e-03 -7.0113645491e-04
9.7228720105e-01 2.3018023123e-01 4.0922607677e-02
-1.8979626160e-01 8.7934696548e-01 -4.3672221536e-01
-1.3650999140e-01 4.1685246246e-01 8.9866514720e-01
1.0929406207e-01 -1.0626484993e+00 3.8733956059e-01
-9.5982689105e-02 1.5256580937e-01 -2.3064494249e+00
226 216 204
2 0 212 -90.4400 139.2800 2 421 -51.9900 115.4100
-1.2524467840e-01 8.7435161938e-02 -2.2852577857e+00
246 232 219
2 0 304 -117.3800 82.9700 2 451 -102.0500 42.7700
-1.4484316045e-01 8.0188607234e-02 -2.2800923906e+00
248 232 216
2 0 314 -135.4000 76.6300 2 455 -126.4400 37.0600
-1.9432082504e-01 6.9793819421e-02 -2.2599607205e+00
249 224 204
2 0 327 -180.5900 68.2200 2 459 -188.1200 27.2300
-3.2139347051e-01 8.9256782015e-02 -2.7680614892e+00
63 55 43
2 0 342 -244.0900 61.8200 2 377 -280.8500 270.8200
-2.1881812074e-01 6.0586413346e-02 -2.2497399596e+00
245 210 191
2 0 343 -203.3400 60.3400 2 753 -220.1000 17.7900
-3.3270652359e-01 8.5508641761e-02 -2.7686566369e+00
69 56 42
2 0 346 -252.9300 58.8800 2 378 -291.6400 269.9100
-3.2360797515e-01 8.4807172341e-02 -2.7664361817e+00
201 191 181
2 0 347 -246.1200 58.5200 2 379 -283.5800 266.8300
-3.2360797515e-01 8.4807172341e-02 -2.7664361817e+00
201 191 181
2 0 348 -246.1200 58.5200 2 380 -283.5800 266.8300
-1.4278455246e-01 5.6562487545e-02 -2.2732329033e+00
249 232 216
2 0 354 -133.7900 55.9700 2 478 -129.9300 8.2800
-1.2254817698e-01 5.6608244749e-02 -2.2801662735e+00
245 232 219
2 0 356 -115.3700 55.8100 2 479 -106.3500 7.3200
-1.7501172719e-01 3.9716336853e-02 -2.2605090885e+00
250 227 210
2 0 368 -163.6100 41.2300 2 490 -171.8200 -8.6800
-1.7501172719e-01 3.9716336853e-02 -2.2605090885e+00
250 227 210
2 0 369 -163.6100 41.2300 2 491 -171.8200 -8.6800
-1.5497204695e-01 2.1089434180e-02 -2.2640157648e+00
248 227 210
2 0 388 -145.6800 24.4400 2 499 -152.3200 -30.6700
-1.1930291425e-01 2.0414529507e-02 -2.2743470225e+00
244 228 213
2 0 389 -112.8300 23.7800 2 502 -111.3100 -33.7600
1.2968363334e-01 -5.2994863103e-02 -2.0682345319e+00
33 33 31
2 0 440 119.4200 -39.8500 2 868 176.0700 -292.0300
-1.7863172206e-02 -5.5518029166e-02 -2.2805383998e+00
32 31 28
2 0 446 -20.8800 -43.1700 2 816 -16.8300 -127.5900
-2.4139553867e-01 1.4515894550e-01 -2.2646330934e+00
56 53 34
2 0 688 -220.7500 135.5000 2 676 -228.7400 122.9000
-3.6022469106e-01 9.3379355329e-02 -2.7742211303e+00
105 90 82
2 0 762 -273.3300 64.3200 2 372 -315.4300 284.0000
-3.1976388097e-01 8.5677147716e-02 -2.7689851543e+00
44 30 23
2 0 765 -242.8300 59.1300 2 631 -279.7900 267.5900
-1.2243212790e-01 5.3317293726e-02 -2.2782710132e+00
244 230 217
2 0 774 -115.3300 52.9700 2 767 -107.0500 2.9000
-3.3400301242e-01 9.4645154458e-02 -2.7676089807e+00
113 101 87
2 0 1012 -253.4900 65.7900 2 628 -291.9100 277.9900
-3.6494770964e-01 9.2812283824e-02 -2.7732269472e+00
202 187 174
2 0 1013 -277.2200 63.8700 2 626 -319.8400 284.1500
-3.5655381836e-01 8.5404487488e-02 -2.7737844270e+00
40 24 9
2 0 1015 -270.6100 58.4500 2 872 -313.2600 276.0400
-1.5468339737e-01 3.0671790278e-02 -2.2646698367e+00
246 227 210
2 0 1025 -145.3000 33.0200 2 902 -149.8100 -20.4700
1.3860274384e-01 2.4332553478e-03 -2.1359029326e+00
223 215 204
2 0 1032 125.5100 12.8500 2 943 193.4400 -190.2800
-1.2900351654e-01 7.4789512799e-02 -2.2800470756e+00
227 211 196
2 0 1157 -121.0200 71.9800 2 993 -109.5100 27.7200
-3.8438659547e-02 2.8261339164e-02 -2.2986463866e+00
73 73 65
2 0 1166 -38.8700 30.7800 2 1095 -19.0100 -30.7600
-1.9965068084e-01 2.5229281508e-02 -2.2484289829e+00
248 217 196
2 0 1168 -186.5900 28.5400 2 1008 -204.8300 -24.7300
1.6715056257e-02 2.4718553184e-01 -2.2724150696e+00
93 90 83
2 0 1270 6.2300 225.6700 2 1129 111.3600 177.4700
-3.5290333977e-01 1.0661045393e-01 -2.7660338222e+00
213 204 197
2 0 1297 -268.2400 74.5600 2 1074 -307.6100 292.0400
-5.5958989955e-02 1.2058954950e-01 -2.3117698074e+00
150 145 134
2 0 1405 -54.6100 111.1800 2 1136 -14.8300 74.5500
-2.1211765726e-01 9.6809376588e-03 -2.2418224243e+00
237 203 181
2 0 1430 -198.2500 14.6800 2 1145 -223.5500 -41.7900
-1.8973670012e-01 2.3888508569e-01 -2.2396585205e+00
57 47 37
2 0 1488 -177.8000 221.8100 2 1178 -143.1500 206.1400
2.5320379752e-02 1.9271710720e-01 -2.2523058232e+00
18 18 16
2 0 1496 15.0800 179.5200 2 1227 106.2400 105.1800
4.4440033249e-02 8.8301950487e-02 -2.2290140215e+00
241 238 229
2 0 1567 34.0900 87.6500 2 1234 98.3500 -24.1400
