# Bundle file v0.3
3 67
2.1813326292e+03 1.4871397494e-01 3.1272410895e-03
9.9995795658e-01 -6.3081937417e-03 6.6552054798e-03
6.3736603006e-03 9.9993105653e-01 -9.8619790710e-03
-6.5925353723e-03 9.9039824586e-03 9.9992922230e-01
1.2697109499e-02 -2.3846772511e-02 -9.5466350572e-02
1.9958112026e+03 -3.5100875068e-02 -1.3806182877e-04
9.2176091046e-01 2.0089958665e-01 3.3165672018e-01
-1.0881091978e-01 9.5496386755e-01 -2.7605107392e-01
-3.7217873085e-01 2.1836521645e-01 9.0210843281e-01
7.6461220619e-01 -5.3208266404e-01 -1.6629679983e-01
0 0 0
0 0 0
0 0 0
0 0 0
0 0 0
9.2997487209e-02 -1.9693737259e-02 -1.9773138059e+00
203 200 192
2 0 128 96.8600 -26.1400 1 287 192.1300 -13.8300
3.6194840979e-02 -9.2166260289e-02 -2.0097444777e+00
131 132 126
2 0 185 37.5200 -99.1500 1 106 111.7700 -68.9000
1.7458114540e-02 -1.0044123436e-01 -2.0220517937e+00
123 124 118
2 0 189 18.0300 -106.9800 1 310 88.6200 -71.2500
-1.5062792260e-02 -1.2319875265e-01 -2.0422810720e+00
33 31 22
2 0 200 -15.2900 -129.1700 1 123 47.5500 -83.3000
-1.5062792260e-02 -1.2319875265e-01 -2.0422810720e+00
33 31 22
2 0 201 -15.2900 -129.1700 1 124 47.5500 -83.3000
-6.5852308832e-02 -1.7834690171e-01 -2.0737960810e+00
27 28 23
2 0 224 -66.0900 -182.9800 1 141 -19.3600 -119.7000
-7.9020066832e-02 -2.1750345830e-01 -2.0405006531e+00
116 116 115
2 0 298 -80.3700 -226.8500 1 172 -28.1300 -165.2700
-7.9020066832e-02 -2.1750345830e-01 -2.0405006531e+00
116 116 115
2 0 300 -80.3700 -226.8500 1 171 -28.1300 -165.2700
6.8272075859e-02 -2.1758518914e-01 -1.9759988483e+00
113 110 107
2 0 312 73.0000 -233.2100 1 200 126.6400 -199.3200
-4.0903466813e-01 1.2454906936e-01 -2.5255289130e+00
21 16 7
2 0 377 -346.3400 103.1100 1 426 -373.8300 288.7500
-1.6045483309e-01 8.2638374956e-02 -1.9893164782e+00
213 196 188
2 0 381 -169.6800 80.3700 1 259 -27.5700 120.9000
-1.6045483309e-01 8.2638374956e-02 -1.9893164782e+00
213 196 188
2 0 382 -169.6800 80.3700 1 260 -27.5700 120.9000
5.4460427658e-02 -1.4653777787e-01 -1.9912015711e+00
155 156 150
2 0 438 57.5400 -156.7600 1 335 123.4600 -127.4800
5.4460427658e-02 -1.4653777787e-01 -1.9912015711e+00
155 156 150
2 0 439 57.5400 -156.7600 1 336 123.4600 -127.4800
1.1085897509e-01 -1.4849275491e-01 -1.9513625101e+00
103 103 98
2 0 440 118.9600 -162.2200 1 355 189.1200 -147.0800
-3.9701411601e-01 -2.1852149687e-01 -2.4186617102e+00
57 57 49
2 0 451 -347.9100 -192.6200 1 292 -396.7200 -26.6300
-3.9701411601e-01 -2.1852149687e-01 -2.4186617102e+00
57 57 49
2 0 452 -347.9100 -192.6200 1 293 -396.7200 -26.6300
-5.2094873764e-02 -1.9364214045e-01 -2.0616509044e+00
27 28 23
2 0 457 -52.4200 -199.6400 1 151 -6.0300 -138.6800
-2.5587249358e-03 -2.1036988778e-01 -2.0269797481e+00
193 186 176
2 0 475 -1.9700 -220.0800 1 384 46.5400 -169.5900
-2.5587249358e-03 -2.1036988778e-01 -2.0269797481e+00
193 186 176
2 0 476 -1.9700 -220.0800 1 385 46.5400 -169.5900
-3.7270158881e-01 -2.5060020051e-01 -2.3997208698e+00
17 14 9
2 0 480 -329.1300 -222.8300 1 308 -376.8500 -60.2600
-1.7207965688e-01 -2.1943143617e-01 -2.0092166977e+00
107 108 104
2 0 488 -178.4300 -234.0900 1 177 -105.6400 -170.2300
-1.7207965688e-01 -2.1943143617e-01 -2.0092166977e+00
107 108 104
2 0 489 -178.4300 -234.0900 1 178 -105.6400 -170.2300
-1.8894363448e-02 -2.5613609470e-01 -2.0400005061e+00
184 179 169
2 0 496 -19.1700 -267.0600 1 401 19.3900 -204.0800
-1.8894363448e-02 -2.5613609470e-01 -2.0400005061e+00
184 179 169
2 0 497 -19.1700 -267.0600 1 402 19.3900 -204.0800
-4.2032025567e-01 1.2510889429e-01 -2.5277776945e+00
25 26 21
2 0 525 -355.6100 103.4000 1 425 -383.8500 291.1800
-1.8302041253e-01 -6.7924511023e-02 -2.0217117617e+00
177 159 144
2 0 571 -188.7400 -74.3600 1 289 -91.5300 -20.4100
-1.8302041253e-01 -6.7924511023e-02 -2.0217117617e+00
177 159 144
2 0 572 -188.7400 -74.3600 1 290 -91.5300 -20.4100
-2.0119500103e-01 -8.2229841967e-02 -2.0227979984e+00
177 152 130
2 0 582 -207.4700 -89.4400 1 447 -112.1300 -31.9700
-1.9375084583e-01 -8.3226053863e-02 -2.0219759781e+00
171 148 130
2 0 584 -199.8600 -90.5100 1 448 -104.8200 -33.9300
-1.9375084583e-01 -8.3226053863e-02 -2.0219759781e+00
171 148 130
2 0 585 -199.8600 -90.5100 1 449 -104.8200 -33.9300
4.7798671572e-02 -1.1752474891e-01 -1.9989685259e+00
124 125 118
2 0 598 50.1200 -125.9400 1 464 120.7400 -97.2600
-3.8589819509e-01 -2.1715481338e-01 -2.4173378197e+00
18 14 7
2 0 601 -338.2200 -191.2500 1 446 -386.6900 -27.0100
-1.4532256273e-01 -2.1547124752e-01 -2.0202973152e+00
10 10 8
2 0 632 -149.8300 -228.2800 1 380 -82.7600 -164.7400
-1.5275319425e-01 -2.1666152389e-01 -2.0163579740e+00
11 11 9
2 0 633 -157.6900 -229.8700 1 382 -88.9700 -166.8500
-1.0808645538e-02 -2.3092132990e-01 -2.0354064175e+00
19 13 7
2 0 640 -10.5300 -240.6700 1 493 32.4400 -184.4300
-1.9576200784e-01 7.6325782843e-02 -1.9867217091e+00
31 27 24
2 0 659 -206.7500 74.1700 1 519 -63.3000 118.2100
9.2582732044e-02 -2.2605592546e-02 -1.9777150484e+00
223 219 209
2 0 670 96.5200 -28.9700 1 659 190.8000 -16.6700
-4.4440609377e-03 -1.8982939810e-01 -2.0384763038e+00
34 31 23
2 0 744 -4.2800 -198.1200 1 688 45.2800 -146.3700
1.8583330823e-04 -2.0470757811e-01 -2.0254015226e+00
218 209 200
2 0 750 0.7300 -214.6000 1 620 50.8100 -164.9600
1.8583330823e-04 -2.0470757811e-01 -2.0254015226e+00
218 209 200
2 0 751 0.7300 -214.6000 1 621 50.8100 -164.9600
1.0114286236e-01 -1.2981193706e-01 -1.9608389779e+00
232 223 214
2 0 797 107.8700 -141.6500 1 678 180.7700 -125.5300
9.8872057201e-02 -1.8187966181e-02 -1.9721902144e+00
32 31 23
2 0 839 103.4600 -24.3300 1 724 199.6500 -14.7500
-6.0976282823e-04 -1.3338230582e-01 -2.0313264747e+00
33 33 28
2 0 861 -0.2400 -139.9500 1 734 62.0500 -97.8200
-5.2800089780e-02 -2.2395134611e-01 -2.0508671895e+00
112 105 86
2 0 923 -53.8300 -233.0200 1 743 -8.2300 -168.6200
7.4143822517e-02 -3.5136932929e-02 -1.9917024408e+00
74 74 67
2 0 936 76.6700 -41.6400 1 792 165.7500 -22.8900
-1.5434797896e-02 -1.1468177321e-01 -2.0430239426e+00
37 36 32
2 0 940 -15.7200 -120.4200 1 807 48.6800 -75.1200
7.8135130478e-03 -1.5040099589e-01 -2.0239911783e+00
83 83 78
2 0 948 8.4200 -158.3400 1 831 68.9400 -116.3500
7.7123120392e-02 -1.4995883264e-01 -1.9769834652e+00
52 52 47
2 0 949 81.8500 -161.5800 1 836 148.4800 -137.1500
4.4916087191e-02 -1.6326320582e-01 -1.9979143249e+00
48 48 46
2 0 950 47.5400 -173.5700 1 838 108.8000 -140.1300
6.5008103025e-02 -1.6968956142e-01 -1.9830459345e+00
42 42 40
2 0 952 69.1900 -181.4400 1 841 130.8600 -152.8800
6.5008103025e-02 -1.6968956142e-01 -1.9830459345e+00
42 42 40
2 0 953 69.1900 -181.4400 1 842 130.8600 -152.8800
4.9946116822e-02 -1.9429407915e-01 -1.9915316649e+00
47 48 43
2 0 954 53.0500 -206.9500 1 846 109.3600 -171.0900
-2.8054927537e-02 -2.4945596794e-01 -2.0416045886e+00
19 19 17
2 0 963 -28.3500 -259.6300 1 774 11.7100 -197.2600
2.2575728023e-02 -1.6253325141e-01 -2.0121419812e+00
37 38 33
2 0 975 23.7900 -172.0700 1 876 84.0600 -132.4700
9.2366523268e-02 -1.7349348374e-01 -1.9638757450e+00
52 51 47
2 0 976 98.8200 -187.5500 1 878 162.0600 -164.8100
8.0506525810e-02 -1.9234456466e-01 -1.9704536348e+00
31 31 29
2 0 977 86.0500 -206.9400 1 880 144.9100 -179.0500
6.8870348709e-02 -2.1258057128e-01 -1.9773455615e+00
47 46 42
2 0 980 73.5400 -227.7500 1 884 127.7100 -194.2800
-1.2106385874e-02 -2.1960481840e-01 -2.0352802385e+00
206 197 189
2 0 981 -11.8400 -228.8900 1 847 33.4600 -174.2500
-1.2106385874e-02 -2.1960481840e-01 -2.0352802385e+00
206 197 189
2 0 982 -11.8400 -228.8900 1 848 33.4600 -174.2500
-3.2210299151e-03 -2.3673224301e-01 -2.0328338866e+00
16 16 14
2 0 984 -2.8400 -247.1800 1 852 39.0900 -190.8900
1.2061269993e-01 -1.2636721637e-01 -1.9480361990e+00
62 61 57
2 0 998 129.2900 -139.1300 1 897 204.2500 -127.9500
1.2564683657e-01 -1.5052153737e-01 -1.9435780766e+00
233 224 215
2 0 1000 135.5700 -164.4700 1 899 204.6200 -153.3600
1.0500797940e-01 -1.5217103383e-01 -1.9573563564e+00
53 54 49
2 0 1001 112.4700 -165.4300 1 898 180.5300 -148.2000
-2.0345963674e-02 -1.9204521510e-01 -2.0477475607e+00
18 18 16
2 0 1022 -20.3500 -199.2300 1 916 27.3000 -144.3500
-1.6580944132e-02 -1.5206575946e-01 -2.0458386926e+00
228 224 213
2 0 1028 -17.0000 -159.0900 1 915 39.6100 -108.0900
1.2488618817e-02 -2.2733093841e-01 -2.0210835046e+00
22 22 22
2 0 1030 13.5200 -238.5300 1 918 58.8000 -187.9000
