# Bundle file v0.3
3 71
2.0641277568e+03 -9.0123958205e-03 -4.6783274020e-05
9.9983929831e-01 9.2456738720e-03 -1.5358875799e-02
-9.1160905719e-03 9.9992244168e-01 8.4857247347e-03
1.5436140834e-02 -8.3443481615e-03 9.9984603685e-01
-3.1909657967e-02 1.7667482253e-02 3.2562399764e-02
2.0511583633e+03 -5.7063791525e-02 -1.2380578399e-03
9.1485734598e-01 -5.3276722430e-02 4.0024695796e-01
2.7496969324e-02 9.9717615190e-01 6.9883036271e-02
-4.0283986048e-01 -5.2927430766e-02 9.1373887620e-01
8.9887061987e-01 1.6392299886e-01 9.0544777846e-02
1.0630550332e+03 1.8033215012e-02 3.6757344313e-03
9.6167810573e-01 9.9479258614e-02 2.5549774573e-01
-7.0650449309e-02 9.9029872287e-01 -1.1965347252e-01
-2.6492213003e-01 9.7017094264e-02 9.5937685423e-01
5.7762838804e-01 -2.7144894027e-01 1.2307819654e+00
8.3393040178e-02 5.4577129657e-02 -2.0614590848e+00
48 44 35
2 0 154 85.1200 55.0900 1 331 164.9300 85.6900
-1.0434493838e-01 -2.2883088141e-02 -2.1056005320e+00
219 211 200
3 0 204 -103.5100 -20.5700 1 136 -43.6000 -11.1000 2 416 -87.7700 -48.7300
2.7384841659e-02 -1.9072193564e-01 -2.1197175288e+00
48 40 36
3 0 328 26.0700 -189.2200 1 240 94.8200 -192.6600 2 493 55.9100 -268.1500
2.9440232436e-02 -1.9578448776e-01 -2.1189077421e+00
166 164 156
3 0 332 28.2700 -195.2000 1 432 97.6200 -197.2700 2 611 57.7800 -274.8900
9.6965308480e-02 7.0746143455e-02 -2.0495178506e+00
10 9 3
3 0 492 99.4800 72.5400 1 320 183.7700 105.0200 2 646 217.5100 52.0300
-1.5469774146e-01 -6.3799709732e-02 -2.0969431787e+00
220 197 179
3 0 623 -154.6700 -61.2900 1 378 -91.7700 -59.2800 2 561 -161.3700 -104.2500
-1.4720873529e-01 -7.1079424433e-02 -2.1007288307e+00
224 201 185
3 0 635 -147.3700 -68.3200 1 382 -84.5100 -68.3200 2 568 -152.1000 -113.2100
9.7370248296e-02 7.7330680878e-02 -2.0489249757e+00
25 24 20
3 0 797 99.9100 79.3300 1 471 184.0000 112.2700 2 643 219.6300 61.2900
-1.8179578626e-01 -4.8366393556e-02 -2.0871333605e+00
219 190 167
3 0 826 -182.5800 -46.0600 1 526 -118.7700 -41.1600 2 717 -197.2700 -83.8200
2.6055551991e-02 -1.4375278385e-01 -2.1119274656e+00
220 215 206
2 0 847 25.0900 -143.3300 1 669 94.6900 -140.5500
5.5015292725e-03 -9.9869433431e-02 -2.1282702531e+00
50 47 42
2 0 985 5.2700 -98.7400 1 767 63.6000 -93.4300
1.0371184114e-01 1.4662289600e-01 -2.0439275347e+00
10 10 8
3 0 1057 106.9400 151.0400 1 750 188.0700 188.9200 2 863 243.6000 159.5300
-8.3307315099e-03 -8.5419567921e-02 -2.1434406546e+00
48 45 41
3 0 1152 -8.4900 -85.0900 1 853 41.3200 -78.2200 2 907 18.0500 -126.1200
7.5887856135e-02 -9.4602619627e-02 -2.0681724567e+00
128 123 116
3 0 1230 76.3900 -96.8400 1 854 165.5100 -81.4900 2 937 151.4300 -167.0700
2.3189391603e-02 -1.6341391484e-01 -2.1209913499e+00
210 203 191
3 0 1237 21.9600 -161.8700 1 859 88.4500 -162.9800 2 941 54.0600 -233.3000
2.3189391603e-02 -1.6341391484e-01 -2.1209913499e+00
210 203 191
3 0 1238 21.9600 -161.8700 1 860 88.4500 -162.9800 2 942 54.0600 -233.3000
7.8676878371e-02 -5.5205687750e-02 -2.0639763335e+00
68 67 62
2 0 1286 79.3000 -56.9600 1 876 165.9700 -37.1000
8.4751835728e-02 -1.0645227989e-01 -2.0639121080e+00
249 244 231
3 0 1289 85.5700 -109.0700 1 877 176.8000 -93.8700 2 938 163.2900 -185.1300
7.1984281836e-02 -1.1418668478e-01 -2.0702390777e+00
75 75 67
3 0 1290 72.2100 -116.7800 1 878 160.3200 -103.3500 2 939 143.5800 -192.4400
7.1984281836e-02 -1.1418668478e-01 -2.0702390777e+00
75 75 67
3 0 1291 72.2100 -116.7800 1 879 160.3200 -103.3500 2 940 143.5800 -192.4400
8.0982951949e-02 -2.7718311897e-02 -2.0607177610e+00
46 43 38
2 0 1319 82.1600 -30.8500 1 899 167.9600 -4.3400
9.2776015413e-03 -1.4762592997e-01 -2.1361731844e+00
22 23 17
3 0 1341 8.1500 -144.7100 1 922 65.8400 -146.9300 2 970 34.2000 -207.1700
-7.6720858656e-02 5.7966008448e-02 -2.1069422414e+00
216 212 201
2 0 149 -75.7000 56.7700 2 374 -39.5400 61.3900
-1.6627291937e-01 4.9811088132e-02 -2.0814751502e+00
232 207 187
2 0 157 -166.9800 51.0700 2 529 -161.6200 57.7300
-1.6627291937e-01 4.9811088132e-02 -2.0814751502e+00
232 207 187
2 0 158 -166.9800 51.0700 2 530 -161.6200 57.7300
-8.3968856676e-02 -2.2739930037e-02 -2.1146088939e+00
212 208 199
2 0 206 -83.0900 -22.4900 2 414 -62.2100 -47.5500
-8.3968856676e-02 -2.2739930037e-02 -2.1146088939e+00
212 208 199
2 0 207 -83.0900 -22.4900 2 415 -62.2100 -47.5500
-8.7633914719e-02 -5.9810672504e-02 -2.1161605597e+00
203 196 186
2 0 237 -86.7800 -58.7900 2 435 -72.4000 -96.8800
-8.7633914719e-02 -5.9810672504e-02 -2.1161605597e+00
203 196 186
2 0 238 -86.7800 -58.7900 2 434 -72.4000 -96.8800
-1.4233990001e-01 -6.9905194442e-02 -2.0975280181e+00
224 202 188
2 0 244 -142.1200 -68.2200 2 567 -144.9900 -113.1500
-1.0171881030e-01 5.9925526121e-02 -2.0986566614e+00
230 222 211
2 0 506 -101.0300 59.3600 2 525 -71.1600 66.3400
-1.5846228274e-01 5.7780890583e-02 -2.0822551808e+00
238 215 197
2 0 507 -158.9500 59.0000 2 639 -149.1900 68.5500
-1.5846228274e-01 5.7780890583e-02 -2.0822551808e+00
238 215 197
2 0 508 -158.9500 59.0000 2 640 -149.1900 68.5500
-1.5582347117e-01 -3.8633034197e-02 -2.0911121983e+00
232 207 187
2 0 591 -156.0900 -37.1800 2 548 -159.1500 -70.0100
-1.7434817751e-01 -4.8435912789e-02 -2.0868722350e+00
223 192 171
2 0 600 -174.7400 -46.4600 2 554 -187.0200 -84.0500
-1.4035691827e-01 -7.7085177565e-02 -2.0996495602e+00
221 199 185
2 0 641 -140.0500 -75.3800 2 574 -143.4400 -122.5200
2.7168451917e-02 -1.7194844319e-01 -2.1187316605e+00
12 5 0
2 0 686 25.9100 -170.9000 2 759 58.4400 -244.9800
3.2265470468e-02 -1.7747512784e-01 -2.1176453289e+00
13 12 10
2 0 694 30.8400 -176.6000 2 594 64.4000 -252.3600
-1.2392964322e-01 -7.9579090212e-02 -2.1050944441e+00
214 196 182
2 0 981 -123.3100 -77.8700 2 792 -121.8600 -125.0900
1.5594175879e-02 -1.7231323229e-01 -2.1274366182e+00
17 15 10
2 0 998 14.2900 -170.7900 2 845 41.1000 -241.2700
3.2593568388e-02 -1.3974727816e-01 -2.1134114923e+00
29 27 19
2 0 1080 31.5800 -139.3600 2 800 71.6100 -206.8500
-1.1377652849e-01 1.0563445822e-01 -2.0028361808e+00
44 34 25
2 0 1216 -119.2000 112.3600 2 929 -53.9700 132.1700
3.4351173380e-02 -1.7313324017e-01 -2.1171503691e+00
13 13 11
2 0 1294 33.1400 -172.1000 2 918 67.5700 -247.3700
2.1376743378e-02 -1.7929073606e-01 -2.1209608198e+00
213 204 192
2 0 1296 19.8600 -178.2700 2 960 49.7200 -252.8500
-1.9165540458e-02 -1.6651334769e-01 -2.1543747338e+00
14 15 11
2 0 1326 -18.4100 -161.7900 2 966 -10.2800 -223.0800
9.4939439864e-02 6.8798843092e-02 -2.0522140467e+00
81 82 77
2 1 69 180.5100 102.8900 2 381 212.8200 50.0300
9.4704888616e-02 6.5189304080e-02 -2.0527082249e+00
95 95 93
2 1 70 180.2400 98.8000 2 384 211.6100 45.0600
7.9834593779e-02 4.9674067533e-02 -2.0682654620e+00
66 65 61
2 1 86 158.1400 79.4900 2 140 180.8600 27.0600
1.2756905746e-02 -4.1262628678e-02 -2.1260733828e+00
113 112 107
2 1 149 68.2800 -28.1200 2 424 55.4900 -76.6300
4.3918173739e-02 -1.0706376792e-01 -2.0914947242e+00
134 130 120
2 1 188 120.7800 -98.3300 2 467 99.5300 -173.6400
4.3918173739e-02 -1.0706376792e-01 -2.0914947242e+00
134 130 120
2 1 189 120.7800 -98.3300 2 468 99.5300 -173.6400
1.9131859805e-02 -1.4894655180e-01 -2.1334155896e+00
163 162 158
2 1 209 77.2800 -146.7600 2 259 46.3200 -210.3200
1.9131859805e-02 -1.4894655180e-01 -2.1334155896e+00
163 162 158
2 1 210 77.2800 -146.7600 2 260 46.3200 -210.3200
8.5746061182e-02 5.7216176444e-02 -2.0592304455e+00
109 109 105
2 1 327 168.4100 89.0000 2 534 194.8400 35.7300
8.5746061182e-02 5.7216176444e-02 -2.0592304455e+00
109 109 105
2 1 328 168.4100 89.0000 2 535 194.8400 35.7300
-8.8911106050e-02 -2.1845855863e-02 -2.1090037372e+00
64 107 129
2 1 365 -28.4900 -9.1900 2 692 -67.7600 -47.0900
-1.5646118370e-01 -4.5450064170e-02 -2.0946041104e+00
87 128 146
2 1 373 -93.9400 -37.0600 2 552 -161.1100 -78.8900
7.2154723130e-02 4.3557365387e-02 -2.0702782970e+00
119 116 111
2 1 485 150.0000 72.3000 2 660 168.9000 19.8100
-1.5579842736e-01 -4.1756575188e-02 -2.0937611055e+00
84 130 146
2 1 522 -92.9700 -32.7900 2 712 -159.6500 -73.8500
-1.6622714819e-01 -4.8966615843e-02 -2.0926620102e+00
88 125 144
2 1 528 -103.7100 -41.3100 2 555 -175.2700 -83.8200
2.2019599866e-02 -1.4824195663e-01 -2.1306056472e+00
43 42 37
2 1 558 81.4800 -145.8000 2 588 50.9600 -210.6100
8.0111962514e-03 -9.1024665502e-02 -2.1313567625e+00
98 97 92
2 1 722 64.1300 -83.5500 2 841 40.8600 -138.0800
9.0096019891e-03 -8.0612961374e-02 -2.1298401724e+00
82 81 77
2 1 765 65.0300 -71.8600 2 839 44.1900 -125.5400
-1.8345181772e-01 -8.7310373583e-02 -2.0959917159e+00
85 118 123
2 1 766 -121.3000 -87.6000 2 874 -205.5900 -135.4800
-1.2871178596e-02 -1.1778276731e-01 -2.1525681925e+00
39 39 31
2 1 768 34.7300 -114.5800 2 842 4.6900 -163.7900
2.0648382939e-02 -1.5640679919e-01 -2.1316160079e+00
36 37 32
2 1 770 79.8700 -154.8200 2 876 48.0400 -220.4100
3.1657374546e-02 7.8746396518e-03 -2.1169418129e+00
82 81 77
2 1 801 88.4800 27.2900 2 899 89.4800 -16.5700
4.1613357433e-02 -1.0796137614e-01 -2.0954944714e+00
75 75 67
2 1 817 116.6000 -99.6000 2 913 94.6300 -173.2100
9.2902090251e-02 6.1801309659e-02 -2.0564964641e+00
24 24 22
2 1 873 176.1500 94.6700 2 953 206.7500 40.7900
8.8366518800e-02 3.7670489654e-02 -2.0550951418e+00
47 48 43
2 1 875 174.3800 67.7300 2 954 197.5500 7.7300
4.0290255869e-02 -1.5305238577e-01 -2.1039370756e+00
54 53 49
2 1 923 113.2600 -149.9500 2 971 83.3400 -227.8900
