# Bundle file v0.3
3 9
2.1330000000e+03 0.0000000000e+00 0.0000000000e+00
1.0000000000e+00 0.0000000000e+00 0.0000000000e+00
0.0000000000e+00 1.0000000000e+00 0.0000000000e+00
0.0000000000e+00 0.0000000000e+00 1.0000000000e+00
-0.0000000000e+00 -0.0000000000e+00 -0.0000000000e+00
2.1330000000e+03 0.0000000000e+00 0.0000000000e+00
7.0521679330e-01 1.2145885925e-01 -6.9851057254e-01
-5.5751320656e-01 7.0365302608e-01 -4.4051270516e-01
4.3800490746e-01 7.0008582646e-01 5.6394284873e-01
-8.0633150484e-01 -5.0981188387e-01 -2.9986888364e-01
0 0 0
0 0 0
0 0 0
0 0 0
0 0 0
4.9344274445e-02 -1.0026014935e-01 -1.1100119095e+00
32 24 22
2 0 240 94.8200 -192.6600 1 334 -18.2900 -260.2600
-3.3751515359e-02 -7.6628417435e-03 -1.0984432846e+00
87 137 160
2 0 367 -65.5400 -14.8800 1 548 -144.8300 -28.4000
-4.6502463054e-02 -3.0038861100e-02 -1.0808517551e+00
85 122 135
2 0 378 -91.7700 -59.2800 1 418 -196.9400 -64.8200
-4.2913731658e-02 -3.4680391850e-02 -1.0829146160e+00
82 125 138
2 0 383 -84.5100 -68.3200 1 572 -188.7400 -74.3600
4.5999008426e-02 -8.5075314766e-02 -1.1151701059e+00
183 176 168
2 0 859 88.4500 -162.9800 1 981 -11.8400 -228.8900
4.5999008426e-02 -8.5075314766e-02 -1.1151701059e+00
183 176 168
2 0 860 88.4500 -162.9800 1 982 -11.8400 -228.8900
8.4530864920e-02 -5.4492670947e-02 -1.1246527360e+00
77 77 69
2 0 878 160.3200 -103.3500 1 979 73.5400 -227.7500
8.4530864920e-02 -5.4492670947e-02 -1.1246527360e+00
77 77 69
2 0 879 160.3200 -103.3500 1 980 73.5400 -227.7500
3.4753534105e-02 -7.7217100191e-02 -1.1193215087e+00
36 37 32
2 0 922 65.8400 -146.9300 1 1022 -20.3500 -199.2300
