# Bundle file v0.3
3 46
2.1409361742e+03 -2.2137536874e-02 -6.3416406075e-04
9.9938782397e-01 -1.0325879976e-02 3.3426837931e-02
1.0207844305e-02 9.9994105359e-01 3.6999011062e-03
-3.3463072274e-02 -3.3564201583e-03 9.9943431862e-01
3.4236878078e-02 4.4386909382e-03 -6.0148132711e-03
2.1187671262e+03 3.9493420840e-02 1.4946480260e-03
-1.4769505644e-02 9.9988691313e-01 -2.8324297621e-03
-3.2740398812e-01 -2.1595274095e-03 9.4488198470e-01
9.4476901424e-01 1.4882788606e-02 3.2739885818e-01
-2.1966197556e-02 9.6232874526e-01 -3.6299162150e-01
0 0 0
0 0 0
0 0 0
0 0 0
0 0 0
-4.7441354529e-02 8.5571614563e-02 -1.0321736850e+00
218 208 196
2 0 120 -100.2900 177.3500 1 635 191.1300 6.8000
-4.7441354529e-02 8.5571614563e-02 -1.0321736850e+00
218 208 196
2 0 121 -100.2900 177.3500 1 634 191.1300 6.8000
-5.7969634304e-02 8.3701376719e-02 -1.0242062121e+00
226 210 194
2 0 130 -122.4200 174.5900 1 600 184.4500 37.6900
-5.7969634304e-02 8.3701376719e-02 -1.0242062121e+00
226 210 194
2 0 131 -122.4200 174.5900 1 601 184.4500 37.6900
-5.0425991185e-02 8.3845333537e-02 -1.0298752347e+00
220 208 192
2 0 136 -106.5300 173.4900 1 936 186.2700 15.7600
-6.9631463433e-02 8.1970475424e-02 -1.0152022300e+00
234 214 194
2 0 137 -147.3700 172.2900 1 909 178.1300 71.6800
-7.2876842448e-02 8.1260821555e-02 -1.0127776738e+00
234 213 192
2 0 140 -154.3700 171.5000 1 556 175.4900 80.7800
-7.2618272424e-02 7.9799789625e-02 -1.0127442669e+00
234 213 192
2 0 148 -153.8100 168.1000 1 560 171.7200 80.6800
-5.5560829252e-02 8.0526945308e-02 -1.0258224633e+00
227 214 197
2 0 149 -117.2700 167.5400 1 618 175.9600 31.2600
-8.1172621666e-02 7.6199549264e-02 -1.0061453459e+00
240 218 195
2 0 163 -172.4500 161.3000 1 543 160.8800 105.0200
-8.1172621666e-02 7.6199549264e-02 -1.0061453459e+00
240 218 195
2 0 164 -172.4500 161.3000 1 542 160.8800 105.0200
-4.6858300583e-02 7.7972587793e-02 -1.0321470580e+00
219 210 195
2 0 165 -98.9400 161.4200 1 636 169.7500 6.3900
-6.9166957950e-02 7.5880542283e-02 -1.0152445269e+00
238 222 199
2 0 170 -146.2800 159.0100 1 569 161.5600 71.2300
-6.6522540908e-02 6.7971199425e-02 -1.0169414058e+00
241 223 203
2 0 206 -140.4100 143.1600 1 570 139.0000 64.5000
-6.6270480566e-02 6.6991991110e-02 -1.0170703296e+00
244 226 206
2 0 210 -139.8700 140.3100 1 911 136.8700 63.9800
-2.6371385953e-02 6.1527887389e-02 -1.0464288787e+00
103 101 88
2 0 235 -56.4800 125.7400 1 948 124.7400 -52.0500
-6.4550867975e-02 3.8363637397e-02 -1.0170413411e+00
249 232 216
2 0 307 -135.6600 80.8200 1 580 56.4300 62.7300
-6.4550867975e-02 3.8363637397e-02 -1.0170413411e+00
249 232 216
2 0 308 -135.6600 80.8200 1 579 56.4300 62.7300
-6.4447335073e-02 3.6428889188e-02 -1.0170585054e+00
248 232 216
2 0 313 -135.4000 76.6300 1 578 51.1100 62.6100
-6.4447335073e-02 3.6428889188e-02 -1.0170585054e+00
248 232 216
2 0 314 -135.4000 76.6300 1 577 51.1100 62.6100
-8.5173115126e-02 3.1979981787e-02 -1.0009608471e+00
249 224 204
2 0 327 -180.5900 68.2200 1 531 38.5400 121.9500
-6.4009772071e-02 3.0391043868e-02 -1.0170760149e+00
249 233 217
2 0 341 -134.3500 63.7500 1 576 34.3600 62.2300
-6.3778905379e-02 2.6712053025e-02 -1.0170069012e+00
249 232 216
2 0 354 -133.7900 55.9700 1 582 24.1000 62.2400
-6.3778905379e-02 2.6712053025e-02 -1.0170069012e+00
249 232 216
2 0 355 -133.7900 55.9700 1 581 24.1000 62.2400
-5.5142533136e-02 2.6923648159e-02 -1.0235105963e+00
245 232 219
2 0 356 -115.3700 55.8100 1 603 24.8500 37.3900
-5.7295671901e-02 2.3564447009e-02 -1.0217422071e+00
241 225 211
2 0 362 -119.8800 49.1300 1 920 15.2100 44.0300
-7.7577128950e-02 1.9521623687e-02 -1.0062254520e+00
250 227 210
2 0 369 -163.6100 41.2300 1 544 4.3000 102.2100
-5.4084793143e-02 1.1481919814e-02 -1.0236325604e+00
244 228 213
2 0 389 -112.8300 23.7800 1 610 -18.9400 36.2100
-5.4084793143e-02 1.1481919814e-02 -1.0236325604e+00
244 228 213
2 0 390 -112.8300 23.7800 1 609 -18.9400 36.2100
-5.6282758307e-02 1.0431470861e-01 -1.0078875301e+00
47 47 39
2 0 620 -120.1200 220.7200 1 561 245.0800 80.2900
-8.1174822351e-02 7.4938582409e-02 -1.0060928274e+00
239 217 194
2 0 665 -172.4300 158.7500 1 903 157.3100 105.1600
-6.1570744214e-02 2.5243547489e-02 -1.0187051420e+00
243 230 213
2 0 772 -129.0300 53.0400 1 913 19.7900 55.8300
-6.1570744214e-02 2.5243547489e-02 -1.0187051420e+00
243 230 213
2 0 773 -129.0300 53.0400 1 912 19.7900 55.8300
-5.5137613080e-02 2.5445087933e-02 -1.0235991707e+00
244 230 217
2 0 774 -115.3300 52.9700 1 925 20.4900 37.1500
-5.5117103605e-02 8.2427876129e-02 -1.0262622297e+00
224 211 194
2 0 954 -116.3700 171.3400 1 1142 181.4500 29.6800
-6.9210935106e-02 1.5659859299e-02 -1.0124925536e+00
246 227 210
2 0 1025 -145.3000 33.0200 1 1124 -6.7800 78.8500
7.9303288201e-03 1.2669162371e-01 -1.0586183172e+00
9 10 5
2 0 1102 10.9700 255.6300 1 1494 326.0700 -123.6100
4.2064375919e-02 1.1434599165e-01 -1.0705598605e+00
192 193 185
2 0 1107 78.0900 229.1800 1 1507 298.9500 -199.6300
-5.0911036297e-02 1.0411204860e-01 -1.0122272261e+00
38 37 32
2 0 1111 -108.5700 219.6000 1 1269 245.3600 63.9100
1.0938543717e-02 1.3470136460e-01 -1.0595039666e+00
150 149 144
2 0 1263 16.6900 270.7400 1 1380 352.1100 -129.6500
8.4025945682e-03 1.1427362574e-01 -1.0586278861e+00
8 8 3
2 0 1268 12.2300 231.3400 1 1493 288.0600 -124.0800
5.3410116365e-03 1.1124622307e-01 -1.0576507572e+00
93 90 83
2 0 1270 6.2300 225.6700 1 1374 277.8000 -117.7900
-6.1700683682e-02 9.8508060537e-02 -1.0057799083e+00
45 41 34
2 0 1274 -131.5500 209.6200 1 1420 226.7700 90.4500
-4.1942955692e-02 1.1675925987e-01 -1.0177739001e+00
47 43 32
2 0 1371 -89.8800 244.4200 1 1587 284.2600 40.8500
-9.0746162382e-02 9.8424779369e-02 -9.8641744654e-01
50 43 33
2 0 1379 -195.6800 212.5300 1 1522 221.9000 164.5600
-8.2665217152e-02 1.0333919979e-01 -9.9102355638e-01
57 47 37
2 0 1488 -177.8000 221.8100 1 1523 237.3500 146.4700
