# Bundle file v0.3
3 125
6.7394090535e+03 3.1114252575e-03 7.4438845049e-06
7.5554536064e-01 -5.1528154478e-01 4.0451963812e-01
2.9015927271e-01 8.1684891559e-01 4.9856338169e-01
-5.8733193722e-01 -2.5931212603e-01 7.6668012679e-01
6.8179862861e-01 9.0781260939e-01 -1.8097199754e+00
1.5354876807e+03 9.1481760757e-03 5.5139684782e-03
9.8375684283e-01 -3.9835466969e-02 1.7503031094e-01
3.5012430718e-02 9.9891956233e-01 3.0558758068e-02
-1.7605852400e-01 -2.3934150722e-02 9.8408869141e-01
3.0220949868e-01 9.5837866495e-02 1.0856587330e+00
1.8643895036e+03 -1.2244314111e-01 -6.2989008106e-03
8.8314751212e-01 -3.3680997176e-01 3.2651112502e-01
2.5139334096e-01 9.2747296603e-01 2.7675853268e-01
-3.9604527514e-01 -1.6233588701e-01 9.0376722657e-01
5.5117394555e-01 5.1814231231e-01 8.1624931148e-01
1.0081482075e-02 -1.2045755733e-01 -1.7205526814e+00
126 124 118
3 1 238 40.3200 -194.0500 2 468 99.5300 -173.6400 0 189 120.7800 -98.3300
-6.0371354769e-03 -1.2612868609e-01 -1.7463234620e+00
185 186 181
3 1 252 -11.1100 -204.5200 2 259 46.3200 -210.3200 0 209 77.2800 -146.7600
-6.0371354769e-03 -1.2612868609e-01 -1.7463234620e+00
185 186 181
3 1 253 -11.1100 -204.5200 2 260 46.3200 -210.3200 0 210 77.2800 -146.7600
-7.9173298223e-02 -5.6869921589e-02 -1.7156885223e+00
183 164 149
3 1 561 -192.2100 -42.5000 2 552 -161.1100 -78.8900 0 373 -93.9400 -37.0600
-7.7676881497e-02 -6.9264133597e-02 -1.7241294026e+00
177 159 144
3 1 571 -188.7400 -74.3600 2 568 -152.1000 -113.2100 0 382 -84.5100 -68.3200
-1.0006081561e-02 -1.5166162780e-01 -1.7484364443e+00
184 179 169
3 1 497 -19.1700 -267.0600 2 611 57.7800 -274.8900 0 432 97.6200 -197.2700
7.0076985324e-02 -5.2871521801e-02 -1.6723192787e+00
44 41 36
3 1 666 218.1300 -16.0600 2 643 219.6300 61.2900 0 471 184.0000 112.2700
-4.7797057487e-03 -1.2689186834e-01 -1.7449051407e+00
25 26 21
3 1 612 -7.4100 -206.5300 2 588 50.9600 -210.6100 0 558 81.4800 -145.8000
-2.7429974440e-03 -9.9227947124e-02 -1.7338265979e+00
33 33 28
3 1 861 -0.2400 -139.9500 2 841 40.8600 -138.0800 0 722 64.1300 -83.5500
9.1413944096e-02 -1.9646231132e-02 -1.6655063316e+00
18 17 15
3 1 933 273.7000 77.1700 2 863 243.6000 159.5300 0 750 188.0700 188.9200
8.6387477035e-03 -1.1955762126e-01 -1.7219946945e+00
54 53 49
3 1 913 35.2400 -191.0300 2 913 94.6300 -173.2100 0 817 116.6000 -99.6000
-1.3092201069e-02 -1.4888369325e-01 -1.7515965116e+00
19 19 17
3 1 963 -28.3500 -259.6300 2 921 45.4300 -271.2800 0 823 87.4600 -198.0900
-7.9118475883e-03 -9.1293880507e-02 -1.7393148042e+00
37 36 32
3 1 940 -15.7200 -120.4200 2 907 18.0500 -126.1200 0 853 41.3200 -78.2200
-6.9940704202e-03 -1.3583952118e-01 -1.7445499198e+00
206 197 189
3 1 981 -11.8400 -228.8900 2 941 54.0600 -233.3000 0 859 88.4500 -162.9800
-6.9940704202e-03 -1.3583952118e-01 -1.7445499198e+00
206 197 189
3 1 982 -11.8400 -228.8900 2 942 54.0600 -233.3000 0 860 88.4500 -162.9800
9.7180451518e-02 -2.7254781151e-02 -1.6662733067e+00
200 195 189
3 1 1015 289.2300 56.0100 2 949 261.8700 144.6700 0 872 204.1200 178.4100
5.6119547649e-02 -6.9361672584e-02 -1.6786281824e+00
79 78 73
3 1 1017 178.9500 -61.7400 2 954 197.5500 7.7300 0 875 174.3800 67.7300
2.0563397837e-02 -1.3315973291e-01 -1.7108697274e+00
47 46 42
3 1 979 73.5400 -227.7500 2 939 143.5800 -192.4400 0 878 160.3200 -103.3500
2.0563397837e-02 -1.3315973291e-01 -1.7108697274e+00
47 46 42
3 1 980 73.5400 -227.7500 2 940 143.5800 -192.4400 0 879 160.3200 -103.3500
9.3360674772e-02 -7.3101382768e-03 -1.6696139376e+00
185 180 176
3 1 1035 272.8200 110.3800 2 972 231.0800 185.8700 0 909 175.5900 205.9500
-9.5648734957e-03 -1.2355784602e-01 -1.7486736258e+00
18 18 16
3 1 1022 -20.3500 -199.2300 2 970 34.2000 -207.1700 0 922 65.8400 -146.9300
3.1967278060e-02 -4.6656764143e-04 -1.6405056900e+00
26 19 5
2 1 90 133.2600 134.0100 2 49 121.0900 195.9500
3.6938450166e-02 -1.1893779603e-03 -1.6411492576e+00
116 74 15
2 1 91 146.6900 131.9700 2 48 132.6900 196.3600
-8.3145694790e-02 -5.3616675321e-02 -1.7145883540e+00
184 162 148
2 1 134 -203.0400 -34.6300 2 162 -172.7800 -72.3400
-9.0344112442e-02 -5.4188330438e-02 -1.7147807611e+00
181 154 135
2 1 137 -221.9000 -37.1300 2 171 -190.4700 -78.8800
-6.4483511120e-02 -6.1350931042e-02 -1.7199998957e+00
171 158 150
2 1 145 -154.4900 -52.6100 2 173 -124.0400 -81.9700
6.3601835682e-02 -6.6392376153e-02 -1.6806113209e+00
76 71 67
2 1 146 195.2200 -52.7900 2 141 209.5000 19.8000
-9.0170930974e-02 -6.2187501656e-02 -1.7193681325e+00
171 148 129
2 1 149 -221.1500 -57.9200 2 195 -185.9200 -101.9000
-6.8502523576e-02 -6.4295043709e-02 -1.7211255963e+00
168 154 145
2 1 152 -164.9100 -60.5000 2 189 -131.8600 -92.9400
-8.2680471650e-02 -6.3893640423e-02 -1.7203099967e+00
174 153 136
2 1 153 -201.5400 -61.3400 2 193 -166.4400 -101.4400
-8.8168708525e-02 -6.8844006199e-02 -1.7231119102e+00
170 147 130
2 1 162 -215.6900 -74.7500 2 216 -177.5100 -119.5100
-8.8168708525e-02 -6.8844006199e-02 -1.7231119102e+00
170 147 130
2 1 163 -215.6900 -74.7500 2 215 -177.5100 -119.5100
-8.5163583819e-02 -6.9473969659e-02 -1.7235560221e+00
175 152 134
2 1 167 -207.8500 -75.9900 2 214 -169.8500 -119.1600
1.0854658362e-02 -8.2970584625e-02 -1.7216515732e+00
131 132 126
2 1 184 37.5200 -99.1500 2 174 67.7200 -83.0200
1.0854658362e-02 -8.2970584625e-02 -1.7216515732e+00
131 132 126
2 1 185 37.5200 -99.1500 2 175 67.7200 -83.0200
3.9941767071e-03 -8.6008196876e-02 -1.7274516718e+00
123 124 118
2 1 189 18.0300 -106.9800 2 192 50.0000 -98.5000
2.6822162616e-02 -1.2534025035e-01 -1.7075377045e+00
105 104 100
2 1 257 89.5900 -207.8000 2 465 154.2500 -165.7200
-3.5084685438e-02 -1.3269244996e-01 -1.7473617375e+00
115 115 112
2 1 287 -81.1700 -224.0900 2 274 -13.9700 -249.2600
-3.5084685438e-02 -1.3269244996e-01 -1.7473617375e+00
115 115 112
2 1 288 -81.1700 -224.0900 2 275 -13.9700 -249.2600
-3.1462377333e-02 -1.3335786641e-01 -1.7487012243e+00
107 109 104
2 1 291 -72.7400 -224.7500 2 272 -6.2500 -248.6400
-3.4786009301e-02 -1.3384419857e-01 -1.7474813726e+00
116 116 115
2 1 300 -80.3700 -226.8500 2 278 -12.4000 -251.8600
-5.1109799636e-02 -1.3417799634e-01 -1.7422253920e+00
10 11 9
2 1 308 -119.0400 -231.7500 2 285 -45.3500 -263.3800
-6.6360397323e-02 -1.3394496662e-01 -1.7381285705e+00
2 2 1
2 1 317 -156.2200 -234.9400 2 296 -78.2600 -273.3100
-6.1394967663e-02 -1.3600658795e-01 -1.7394205958e+00
131 133 130
2 1 322 -143.8900 -238.8200 2 298 -65.6100 -275.0200
-7.0716171729e-02 -1.3731552937e-01 -1.7367376068e+00
131 133 130
2 1 327 -166.8000 -244.4100 2 309 -84.4300 -284.8800
-7.4827971768e-02 -1.3801116508e-01 -1.7359627110e+00
127 129 128
2 1 330 -177.0000 -247.1600 2 312 -93.1200 -289.6600
2.7883533514e-02 7.3279145136e-03 -1.6392524277e+00
19 20 12
2 1 368 121.7000 156.8700 2 34 105.5800 214.1100
2.6827154352e-02 6.3268876817e-03 -1.6390595511e+00
65 52 24
2 1 370 119.0300 153.9700 2 38 104.2000 211.2600
3.0656788044e-02 5.2457236219e-03 -1.6396098032e+00
97 58 3
2 1 371 129.4400 150.8800 2 329 113.7200 210.1300
-5.9967422563e-02 1.5936646164e-03 -1.6526761750e+00
39 38 33
2 1 375 -133.2500 129.3000 2 344 -119.9000 134.7600
6.7047333982e-02 -5.0687967206e-02 -1.6804580873e+00
171 162 160
2 1 395 202.5100 -10.9900 2 377 202.4900 59.8500
6.7852934180e-02 -5.5930201762e-02 -1.6773295750e+00
96 97 92
2 1 398 207.4900 -24.3600 2 382 212.8200 50.0300
-7.8769763264e-02 -5.9070376108e-02 -1.7173700875e+00
184 165 151
2 1 410 -191.4100 -48.3600 2 429 -159.0400 -84.7400
-7.8769763264e-02 -5.9070376108e-02 -1.7173700875e+00
184 165 151
2 1 411 -191.4100 -48.3600 2 428 -159.0400 -84.7400
-5.2037621148e-02 -6.2813112193e-02 -1.7216905021e+00
158 149 144
2 1 414 -122.9600 -54.5800 2 425 -93.8500 -78.1900
-4.4430929365e-02 -7.1361077780e-02 -1.7268316847e+00
136 133 128
2 1 425 -104.1000 -75.4500 2 434 -72.4000 -96.8800
-4.4430929365e-02 -7.1361077780e-02 -1.7268316847e+00
136 133 128
2 1 426 -104.1000 -75.4500 2 435 -72.4000 -96.8800
-9.0537407145e-02 -7.4131530262e-02 -1.7266280140e+00
172 147 127
2 1 431 -221.5100 -88.7700 2 460 -181.2600 -136.3400
2.9522266484e-02 -1.2060058516e-01 -1.7048219280e+00
111 111 106
2 1 454 97.5800 -195.9300 2 462 158.6500 -150.6800
-4.8854645068e-03 -1.2865704297e-01 -1.7437257847e+00
172 172 165
2 1 469 -6.7200 -210.9600 2 482 52.8700 -214.8500
-4.0408239527e-03 -1.3178929537e-01 -1.7381169790e+00
193 186 176
2 1 475 -1.9700 -220.0800 2 485 62.4600 -219.2500
-5.9669153402e-03 -1.3285140382e-01 -1.7426003150e+00
173 168 162
2 1 478 -8.7000 -221.4100 2 589 55.4300 -225.4200
-6.0998792274e-02 -1.3121098536e-01 -1.7400359200e+00
4 4 2
2 1 483 -143.3600 -226.6700 2 492 -69.4700 -262.9400
1.9346420825e-02 -5.6662800203e-02 -1.7164387152e+00
70 65 59
2 1 549 58.2500 -31.4100 2 540 68.7400 -11.9300
-6.1945670150e-02 -5.4769908778e-02 -1.7167783649e+00
179 168 162
2 1 556 -148.0900 -34.9800 2 547 -121.0800 -62.0500
-7.7997414230e-02 -5.4350411737e-02 -1.7139701549e+00
185 166 152
2 1 557 -189.2300 -36.1300 2 548 -159.1500 -70.0100
-7.7780062120e-02 -6.9198167493e-02 -1.7237103058e+00
177 159 144
2 1 572 -188.7400 -74.3600 2 569 -152.1000 -113.2100
-7.4979576488e-02 -6.9820531510e-02 -1.7242421213e+00
175 157 145
2 1 574 -181.6000 -75.4700 2 567 -144.9900 -113.1500
-7.4994412841e-02 -7.3199309221e-02 -1.7260406414e+00
167 150 134
2 1 579 -181.5100 -84.1900 2 574 -143.4400 -122.5200
-7.4994412841e-02 -7.3199309221e-02 -1.7260406414e+00
167 150 134
2 1 580 -181.5100 -84.1900 2 575 -143.4400 -122.5200
-6.8386946237e-02 -7.8836985789e-02 -1.7303560074e+00
159 141 129
2 1 587 -164.7900 -97.4300 2 741 -125.5800 -134.1700
-6.6826640719e-02 -1.3197334494e-01 -1.7383520903e+00
11 11 9
2 1 633 -157.6900 -229.8700 2 606 -81.1600 -268.9300
-6.9754737352e-02 -1.3257609657e-01 -1.7378870877e+00
9 10 8
2 1 636 -164.9500 -231.9800 2 610 -87.2200 -272.6200
-6.3736319076e-02 -1.5194227742e-02 -1.6934206192e+00
205 194 187
2 1 660 -151.9400 72.1500 2 645 -143.4600 52.4100
-3.1575720128e-03 -1.2941997853e-01 -1.7364576710e+00
218 209 200
2 1 750 0.7300 -214.6000 2 755 63.7800 -212.1100
8.4195326183e-02 -1.3089498582e-02 -1.6694153899e+00
11 11 8
2 1 779 250.4200 93.8100 2 64 218.6000 166.9100
-2.6041458635e-02 -2.8997424334e-02 -1.7065474406e+00
159 164 168
2 1 780 -55.2100 36.9100 2 783 -49.7500 31.8400
-6.6705286153e-02 -7.0077846914e-02 -1.7239223087e+00
129 115 104
2 1 789 -160.0800 -75.3300 2 789 -124.6800 -107.5100
1.0010429321e-01 -8.3613926356e-02 -1.9144317081e+00
165 162 157
2 1 791 130.7800 -81.5100 2 738 83.6000 -126.2800
-9.1420457711e-02 -7.3223343925e-02 -1.7269676616e+00
171 145 126
2 1 792 -223.6800 -86.8900 2 840 -184.7500 -134.6200
-6.6468866654e-02 -7.6133106975e-02 -1.7284166424e+00
160 143 133
2 1 793 -159.8700 -90.3400 2 792 -121.8600 -125.0900
-6.7487204341e-02 -8.1889833208e-02 -1.7313887870e+00
154 137 129
2 1 794 -162.5100 -104.8200 2 795 -121.3700 -141.7500
3.3831666769e-02 -9.9638004653e-02 -1.7022147490e+00
232 223 214
2 1 797 107.8700 -141.6500 2 788 151.7900 -95.0900
-6.5033554377e-04 -1.2863987188e-01 -1.7331825327e+00
23 24 18
2 1 808 8.2600 -213.2000 2 800 71.6100 -206.8500
8.4740986618e-02 -1.3122244815e-01 -1.6591421461e+00
29 28 27
2 1 814 276.8900 -229.1600 2 729 341.5700 -109.8300
-3.9016175681e-02 -1.4780796295e-01 -1.7493846427e+00
91 93 90
2 1 822 -90.1100 -261.1200 2 811 -11.3300 -289.8600
-5.8989733302e-03 -1.5244429494e-01 -1.7421609656e+00
191 186 176
2 1 825 -6.4000 -269.9400 2 850 72.8900 -272.1100
-5.8989733302e-03 -1.5244429494e-01 -1.7421609656e+00
191 186 176
2 1 826 -6.4000 -269.9400 2 851 72.8900 -272.1100
-5.5144369554e-02 -1.3227965179e-01 -1.7412771213e+00
10 12 11
2 1 874 -128.9400 -228.0300 2 804 -55.7500 -261.4500
-2.5569026689e-02 -1.7736846577e-02 -1.6500681050e+00
58 49 39
2 1 897 -31.7100 77.0200 2 891 -11.9700 108.7900
-2.6959976779e-02 -1.3396243761e-01 -1.7522960740e+00
13 14 18
2 1 921 -63.4300 -223.8800 2 879 2.0600 -248.5300
-7.0712603484e-02 -7.4443935092e-02 -1.7266883101e+00
138 121 111
2 1 937 -170.6000 -86.6400 2 904 -132.3000 -123.0100
4.3581774248e-04 -1.0696220116e-01 -1.7327899080e+00
83 83 78
2 1 948 8.4200 -158.3400 2 912 56.2100 -154.4200
2.0215928312e-02 -1.1523906117e-01 -1.7120367279e+00
42 42 40
2 1 952 69.1900 -181.4400 2 909 126.2500 -148.5600
1.5014043653e-02 -1.2576981956e-01 -1.7194052822e+00
47 48 43
2 1 954 53.0500 -206.9500 2 914 117.1900 -181.9300
-3.8753089721e-02 -6.3806418362e-03 -1.6477255394e+00
46 34 22
2 1 969 -69.6300 109.2500 2 929 -53.9700 132.1700
3.0290581862e-02 -1.1754749988e-01 -1.7050214793e+00
52 51 47
2 1 976 98.8200 -187.5500 2 936 157.7000 -143.0100
2.5788399444e-02 -1.2523658611e-01 -1.7084710234e+00
31 31 29
2 1 977 86.0500 -206.9400 2 937 151.4300 -167.0700
-4.3738321030e-03 -1.4293813914e-01 -1.7417408968e+00
16 16 14
2 1 984 -2.8400 -247.1800 2 918 67.5700 -247.3700
-9.2958365893e-03 -1.0677029302e-01 -1.7380826105e+00
228 224 213
2 1 1028 -17.0000 -159.0900 2 978 28.9100 -163.0600
5.0935673364e-02 -6.0763072274e-02 -1.6774434127e+00
64 61 54
2 2 140 180.8600 27.0600 0 86 158.1400 79.4900
6.2337276158e-02 -5.7161328720e-02 -1.6683711911e+00
85 84 82
2 2 381 212.8200 50.0300 0 69 180.5100 102.8900
6.1460188923e-02 -5.8748597521e-02 -1.6690642919e+00
94 95 91
2 2 384 211.6100 45.0600 0 70 180.2400 98.8000
-4.8646261335e-02 -5.4194657784e-02 -1.7135218114e+00
144 165 170
2 2 416 -87.7700 -48.7300 0 136 -43.6000 -11.1000
6.4157593858e-03 -7.9286100115e-02 -1.7206582810e+00
115 116 109
2 2 424 55.4900 -76.6300 0 149 68.2800 -28.1200
9.1237642909e-03 -1.2073899958e-01 -1.7190548588e+00
127 127 119
2 2 467 99.5300 -173.6400 0 188 120.7800 -98.3300
-8.6210393693e-03 -1.4872627709e-01 -1.7504306697e+00
35 30 25
2 2 493 55.9100 -268.1500 0 240 94.8200 -192.6600
5.5327649704e-02 -5.9828020765e-02 -1.6727589734e+00
111 110 106
2 2 534 194.8400 35.7300 0 327 168.4100 89.0000
5.5327649704e-02 -5.9828020765e-02 -1.6727589734e+00
111 110 106
2 2 535 194.8400 35.7300 0 328 168.4100 89.0000
-8.5505993831e-02 -5.7239006555e-02 -1.7149651890e+00
164 165 160
2 2 555 -175.2700 -83.8200 0 528 -103.7100 -41.3100
-8.1187414334e-02 -6.5354866159e-02 -1.7204248832e+00
160 162 159
2 2 561 -161.3700 -104.2500 0 378 -91.7700 -59.2800
6.4182720356e-02 -5.7004513310e-02 -1.6677438892e+00
20 17 13
2 2 646 217.5100 52.0300 0 320 183.7700 105.0200
4.6067273816e-02 -6.1891230727e-02 -1.6793758265e+00
128 127 123
2 2 660 168.9000 19.8100 0 485 150.0000 72.3000
-4.0694681530e-02 -5.5792365973e-02 -1.7136447526e+00
94 114 121
2 2 692 -67.7600 -47.0900 0 365 -28.4900 -9.1900
-7.8910848116e-02 -5.5607309994e-02 -1.7135513086e+00
168 173 171
2 2 712 -159.6500 -73.8500 0 522 -92.9700 -32.7900
-9.4176166650e-02 -5.5273875609e-02 -1.7129160296e+00
164 160 150
2 2 717 -197.2700 -83.8200 0 526 -118.7700 -41.1600
-6.7927318360e-04 -9.5126556500e-02 -1.7311439593e+00
70 69 65
2 2 839 44.1900 -125.5400 0 765 65.0300 -71.8600
-1.4241785717e-02 -1.0297567766e-01 -1.7501721241e+00
44 42 34
2 2 842 4.6900 -163.7900 0 768 34.7300 -114.5800
2.4225088284e-02 -1.6750813247e-01 -1.7006811581e+00
41 40 36
2 2 849 194.3900 -268.7700 0 728 215.4700 -152.7800
-9.9714994359e-02 -7.1065184616e-02 -1.7259018983e+00
157 151 139
2 2 874 -205.5900 -135.4800 0 766 -121.3000 -87.6000
-5.7610324296e-03 -1.2984876818e-01 -1.7483533767e+00
20 21 16
2 2 876 48.0400 -220.4100 0 770 79.8700 -154.8200
2.1972131865e-02 -6.2678056443e-02 -1.7055451570e+00
111 110 102
2 2 899 89.4800 -16.5700 0 801 88.4800 27.2900
8.8027247927e-02 -1.4780521512e-02 -1.6651967707e+00
191 186 182
2 2 925 231.6700 170.0300 0 786 178.1200 195.2500
5.9897450535e-02 -5.9361586631e-02 -1.6711084709e+00
43 43 41
2 2 953 206.7500 40.7900 0 873 176.1500 94.6700
1.5814665300e-03 -1.3779356856e-01 -1.7346413004e+00
26 26 24
2 2 971 83.3400 -227.8900 0 923 113.2600 -149.9500
