# Bundle file v0.3
3 26
2.1623065116e+03 1.0863729305e-02 5.9168968358e-04
9.9999338406e-01 1.5468734807e-03 -3.2922658965e-03
-1.5477597855e-03 9.9999876666e-01 -2.6667735509e-04
3.2918493199e-03 2.7177122753e-04 9.9999454492e-01
-8.7224411014e-03 -5.4248388426e-04 -3.6474061791e-02
2.0851083582e+03 -7.2942829805e-03 -2.7336475700e-04
1.1926194318e-01 9.8232647080e-01 1.4426119947e-01
-9.0478859478e-01 4.7701292981e-02 4.2318103147e-01
4.0882048341e-01 -1.8099528008e-01 8.9448673603e-01
4.1141007618e-01 9.0372183529e-01 1.2197943488e-01
0 0 0
0 0 0
0 0 0
0 0 0
0 0 0
-9.8169499624e-02 6.6684110711e-02 -2.2132374989e+00
231 222 213
2 0 139 -95.3400 64.7600 1 572 158.8500 64.7600
-7.7740026359e-02 5.9167428596e-02 -2.2221227422e+00
216 212 201
2 0 149 -75.7000 56.7700 1 592 152.6700 39.9000
-4.1748095920e-02 5.2137233562e-02 -2.2377015416e+00
199 201 196
2 0 160 -41.5800 48.5700 1 642 148.5100 -3.7200
-8.5756260114e-02 -2.3648505316e-02 -2.2338396559e+00
212 208 199
2 0 206 -83.0900 -22.4900 1 599 61.0300 38.0700
-9.0003673783e-02 -6.2181838587e-02 -2.2410225292e+00
203 196 186
2 0 238 -86.7800 -58.7900 1 602 17.7600 37.0000
-1.4665040821e-01 -7.1228602137e-02 -2.2195743405e+00
224 202 188
2 0 243 -142.1200 -68.2200 1 544 4.3000 102.2100
-9.0821176774e-02 -7.1832787697e-02 -2.2428630759e+00
202 193 184
2 0 245 -87.4800 -67.8700 1 606 6.9800 36.4600
-9.0821176774e-02 -7.1832787697e-02 -2.2428630759e+00
202 193 184
2 0 246 -87.4800 -67.8700 1 607 6.9800 36.4600
-9.1616461039e-02 -7.8650336125e-02 -2.2440402268e+00
200 191 182
2 0 248 -88.1200 -74.1600 1 604 -0.7500 36.4000
-9.1616461039e-02 -7.8650336125e-02 -2.2440402268e+00
200 191 182
2 0 249 -88.1200 -74.1600 1 605 -0.7500 36.4000
-9.3388213829e-02 -9.4913432622e-02 -2.2465180845e+00
200 190 181
2 0 258 -89.6500 -89.3500 1 609 -18.9400 36.2100
-9.3388213829e-02 -9.4913432622e-02 -2.2465180845e+00
200 190 181
2 0 259 -89.6500 -89.3500 1 610 -18.9400 36.2100
-5.0915700538e-01 -3.1154357166e-01 -3.0998206460e+00
9 6 1
2 0 341 -350.0300 -213.4500 1 143 -299.9800 28.3200
-5.0384235489e-01 -4.1138936012e-01 -3.0824050681e+00
50 50 43
2 0 388 -348.8800 -284.7900 1 145 -374.5200 26.6600
-8.4285999044e-02 6.7597577740e-02 -2.2172689530e+00
227 225 213
2 0 497 -82.0600 65.1300 1 918 161.5100 49.1200
-1.0399917214e-01 6.1054657437e-02 -2.2119874322e+00
230 222 211
2 0 506 -101.0300 59.3600 1 910 152.2600 70.7800
-1.6063384151e-01 -3.8825598505e-02 -2.2100669101e+00
232 207 187
2 0 591 -156.0900 -37.1800 1 531 38.5400 121.9500
-1.5099465640e-01 -5.6770693113e-02 -2.2155919785e+00
225 203 189
2 0 615 -146.5900 -54.5600 1 902 19.9500 109.0000
-1.5928605342e-01 -6.3798660570e-02 -2.2135836314e+00
220 197 179
2 0 623 -154.6700 -61.2900 1 536 11.6000 117.7500
-1.5195318549e-01 -7.1220039782e-02 -2.2175281992e+00
224 201 185
2 0 635 -147.3700 -68.3200 1 540 3.9900 108.3500
1.2697820673e-01 -2.7808840113e-01 -2.0984373037e+00
35 35 33
2 0 740 126.3400 -282.0300 1 817 -188.3200 -141.8700
-5.0979089223e-01 -3.5328808552e-01 -3.0959556528e+00
28 28 20
2 0 885 -351.2000 -243.0500 1 929 -330.9000 28.3800
-1.2782688416e-01 -8.2068880166e-02 -2.2291683443e+00
214 196 182
2 0 981 -123.3100 -77.8700 1 1124 -6.7800 78.8500
-5.1055018781e-01 -3.5302733444e-01 -3.0966075991e+00
28 28 19
2 0 1027 -351.6900 -242.9100 1 1143 -330.6500 28.6500
-4.8452980083e-01 -4.1982767285e-01 -3.0943893749e+00
32 32 24
2 0 1117 -333.9100 -288.9000 1 1287 -380.7500 9.6200
-5.2349851281e-01 -3.8214575649e-01 -3.0972467927e+00
10 10 8
2 0 1353 -360.8300 -263.4900 1 1701 -352.6300 35.9300
