# Bundle file v0.3
3 100
1.8921245212e+03 3.2608072118e-01 1.2858404950e-02
9.9926879305e-01 -3.3413523860e-02 1.8585361407e-02
3.2912745431e-02 9.9910345328e-01 2.6627820707e-02
-1.9458428084e-02 -2.5996654991e-02 9.9947263269e-01
1.3413523945e-01 1.9289444247e-01 3.5608616619e-01
2.0598183338e+03 -5.2606034378e-02 -1.5053977597e-03
9.5851432029e-01 2.8428109608e-01 2.0846011772e-02
-2.8442153404e-01 9.5869076259e-01 4.0512584584e-03
-1.8833182728e-02 -9.8122438943e-03 9.9977449012e-01
2.4365627438e-01 -1.1225551674e-01 1.8834946158e+00
1.9544825518e+03 -5.1406967576e-01 -2.5791117434e-02
9.9967155508e-01 5.6431170145e-03 2.4998743668e-02
-5.4490033124e-03 9.9995452793e-01 -7.8262651106e-03
-2.5041771453e-02 7.6874763765e-03 9.9965684732e-01
1.6965834262e-01 1.3976305536e-01 1.1865281391e+00
-6.3907413273e-01 4.6118234831e-01 -5.6299820763e+00
150 140 130
2 0 87 -229.0400 171.0300 2 373 -260.0800 283.5100
-5.3693623387e-01 2.0843238100e-01 -4.7879679938e+00
146 112 68
2 0 120 -214.5000 109.6000 2 46 -260.4500 208.9300
-5.1421169854e-01 2.1061374248e-01 -4.8360678688e+00
185 161 116
2 0 122 -202.7500 109.2300 2 47 -245.9200 207.5300
-4.1145128478e-01 1.8755651395e-01 -5.0464453112e+00
42 39 30
3 0 127 -153.5300 94.5700 2 58 -185.3700 185.2200 1 523 -131.1300 106.9100
-5.5196049929e-01 1.6471685890e-01 -6.4487726490e+00
232 207 187
3 0 157 -166.9800 51.0700 2 415 -201.0200 133.1200 1 381 -169.6800 80.3700
-4.0047479210e-01 -5.2022359087e-02 -7.8335523001e+00
219 211 200
3 0 204 -103.5100 -20.5700 2 450 -125.7200 44.5100 1 547 -110.4700 -27.6900
2.6006359477e-01 -1.9323386069e-01 -7.2543900039e+00
127 124 115
3 0 228 74.2800 -50.0000 2 185 79.4600 0.9200 1 599 108.7800 -154.0900
-3.5187368247e-01 -1.8243760042e-01 -8.4226523685e+00
204 197 187
3 0 231 -86.2800 -53.4600 2 479 -106.3500 7.3200 1 423 -101.4600 -69.8100
-3.5187368247e-01 -1.8243760042e-01 -8.4226523685e+00
204 197 187
3 0 232 -86.2800 -53.4600 2 480 -106.3500 7.3200 1 424 -101.4600 -69.8100
-5.4589744520e-01 -2.3208003778e-01 -7.6330722921e+00
224 202 188
3 0 244 -142.1200 -68.2200 2 490 -171.8200 -8.6800 1 574 -181.6000 -75.4700
-1.1968794600e-01 -7.9935633429e-01 -1.0042800371e+01
1 1 1
3 0 311 -29.1000 -172.4000 2 532 -45.3200 -127.8700 1 625 -77.2300 -223.6400
-3.7483485396e-01 -6.8176391229e-01 -8.0993837433e+00
5 7 5
3 0 318 -91.8700 -176.7500 2 539 -116.0700 -134.0800 1 633 -157.6900 -229.8700
-4.0544943982e-01 -6.8837658611e-01 -7.7705193447e+00
4 4 2
3 0 325 -102.5900 -184.4700 2 548 -128.5800 -143.3500 1 641 -174.7000 -241.5200
1.7337408660e-01 -9.3655699628e-01 -1.0608276675e+01
48 40 36
3 0 328 26.0700 -189.2200 2 263 15.1500 -147.8000 1 334 -18.2900 -260.2600
1.8682909126e-01 -9.8124473080e-01 -1.0751103972e+01
166 164 156
3 0 332 28.2700 -195.2000 2 270 17.1700 -154.4600 1 497 -19.1700 -267.0600
-8.4221114527e-01 -6.7214906546e-01 -5.9081087095e+00
121 114 96
2 0 347 -276.9600 -229.2800 2 572 -334.0900 -196.7600
-7.9730012312e-01 -6.9487865773e-01 -5.8265706580e+00
175 170 155
2 0 355 -264.7300 -239.2400 2 304 -320.4500 -210.1700
-8.0657092939e-01 -7.1977903146e-01 -5.8260009286e+00
157 149 141
2 0 364 -267.9200 -248.3100 2 588 -324.0400 -220.2600
-5.7703513751e-02 3.9131619142e-01 -4.9861734033e+00
15 10 8
2 0 444 -11.0400 183.6600 2 624 -6.0800 290.6700
-6.2743312686e-01 4.7520170300e-01 -5.5525468388e+00
211 198 188
2 0 445 -227.8300 179.8700 2 367 -258.5200 293.9900
-8.1273463561e-02 3.7009063568e-01 -4.9645900818e+00
35 75 48
2 0 448 -20.5600 175.8000 2 627 -17.7900 281.5900
2.3831519338e-01 3.8083572883e-01 -5.6667120858e+00
15 12 6
2 0 464 91.4000 152.6600 2 634 115.2900 244.0400
-5.3286826156e-01 2.0424483755e-01 -4.8515644743e+00
171 140 86
2 0 478 -210.2000 105.4600 2 643 -254.7400 203.5800
-4.8170505906e-01 -7.5300712057e-02 -7.5437728387e+00
228 212 197
3 0 575 -127.5700 -26.6900 2 739 -154.0300 39.2200 1 548 -144.8300 -28.4000
-5.6441219996e-01 -1.1636152364e-01 -7.1256957435e+00
232 207 187
3 0 591 -156.0900 -37.1800 2 459 -188.1200 27.2300 1 557 -189.2300 -36.1300
-5.7776542204e-01 -2.0339046702e-01 -7.3707579437e+00
220 197 179
3 0 623 -154.6700 -61.2900 2 486 -186.9300 -0.7200 1 418 -196.9400 -64.8200
-5.6222696808e-01 -2.3162881222e-01 -7.5699284261e+00
224 201 185
3 0 635 -147.3700 -68.3200 2 781 -178.0500 -8.8600 1 571 -188.7400 -74.3600
3.3283015520e-02 -9.0337444699e-01 -1.1468907520e+01
31 32 27
3 0 689 -3.2100 -173.9300 2 816 -16.8300 -127.5900 1 479 -46.9300 -222.3700
5.7494132876e-01 -6.6177436547e-01 -7.2280534919e+00
22 17 11
2 0 696 166.0300 -177.1400 2 555 178.6700 -150.6700
-7.6966710755e-01 -7.5273612709e-01 -6.1864698567e+00
74 70 54
2 0 718 -240.4800 -246.4400 2 845 -290.9700 -216.4500
-7.9493509643e-01 -7.4373792174e-01 -5.9878583308e+00
107 98 80
2 0 720 -256.7100 -250.7700 2 847 -310.5600 -221.9900
-8.1316927556e-01 -7.2928624283e-01 -5.8294305446e+00
246 237 224
2 0 721 -270.1300 -251.6400 2 852 -326.3800 -223.9400
4.2545167569e-01 -8.4938768325e-01 -6.5078917518e+00
24 24 22
2 0 724 145.6500 -252.8700 2 595 154.2900 -239.7300
4.2545167569e-01 -8.4938768325e-01 -6.5078917518e+00
24 24 22
2 0 725 145.6500 -252.8700 2 596 154.2900 -239.7300
2.1073861754e-01 -1.0791157200e+00 -8.2127966638e+00
31 31 29
2 0 734 55.3200 -266.9900 2 857 46.7000 -241.2800
2.7915753704e-01 -1.1571699776e+00 -7.9979022706e+00
42 43 38
2 0 741 76.0900 -292.3700 2 863 68.5100 -270.9700
4.7696134488e-01 -9.7968522422e-01 -6.3966760337e+00
25 25 23
2 0 743 167.5600 -297.9800 2 869 176.0700 -292.0300
1.9720260967e-01 -9.5676299985e-01 -1.0630507998e+01
15 13 11
3 0 868 31.0600 -192.2100 2 830 20.2600 -151.4900 1 643 -15.1800 -265.8400
6.1474777238e-01 -7.7851618533e-01 -7.1520404490e+00
204 202 185
2 0 872 181.1300 -211.1200 2 943 193.4400 -190.2800
-7.9360285172e-01 -7.6071694918e-01 -6.0687070337e+00
81 68 49
2 0 889 -253.1000 -253.5400 2 957 -305.6300 -224.8800
-7.9360285172e-01 -7.6071694918e-01 -6.0687070337e+00
81 68 49
2 0 890 -253.1000 -253.5400 2 958 -305.6300 -224.8800
5.8197598796e-01 -1.3673100300e-01 -6.3217204707e+00
55 56 51
2 0 964 192.0400 -27.6600 2 995 223.0600 17.0300
5.8749045573e-01 -1.8010793681e-01 -6.3681502070e+00
58 59 54
2 0 968 192.5700 -41.7600 2 1000 222.5800 1.0400
-4.9480348248e-01 -2.7785955629e-01 -8.0610769979e+00
214 196 182
3 0 981 -123.3100 -77.8700 2 902 -149.8100 -20.4700 1 793 -159.8700 -90.3400
-6.3168889463e-01 -2.7924665026e-01 -7.3581844132e+00
220 192 171
3 0 983 -170.0900 -82.4700 2 1008 -204.8300 -24.7300 1 792 -223.6800 -86.8900
6.5493339001e-02 -3.7672614766e-01 -9.7019393033e+00
37 33 24
3 0 984 6.1400 -89.3600 2 1011 -2.4500 -37.1700 1 861 -0.2400 -139.9500
1.1857772959e-01 -8.4732336517e-01 -1.0783121719e+01
17 15 10
3 0 998 14.2900 -170.7900 2 921 2.8500 -126.9800 1 756 -24.7700 -231.8900
5.4292786973e-01 -6.9011209442e-01 -7.3080330093e+00
40 35 31
2 0 1002 155.3200 -183.7100 2 937 165.5300 -157.5100
2.0122274303e-01 -8.9040954922e-01 -9.9997618452e+00
176 172 164
3 0 1008 35.2100 -188.8200 2 1040 25.7500 -148.6600 1 825 -6.4000 -269.9400
6.1086998627e-01 -8.3185068038e-01 -7.2027042791e+00
186 183 176
2 0 1017 179.1800 -224.9300 2 948 189.8300 -205.5400
6.1086998627e-01 -8.3185068038e-01 -7.2027042791e+00
186 183 176
2 0 1018 179.1800 -224.9300 2 949 189.8300 -205.5400
5.9299013620e-01 -9.5450883552e-01 -7.7575249873e+00
28 27 23
2 0 1029 159.4600 -244.0700 2 955 164.5000 -222.7400
5.9299013620e-01 -9.5450883552e-01 -7.7575249873e+00
28 27 23
2 0 1030 159.4600 -244.0700 2 956 164.5000 -222.7400
-7.6089367386e-01 -7.6579377530e-01 -6.3509957076e+00
85 78 66
2 0 1031 -231.7200 -245.1200 2 951 -280.2900 -214.0900
2.7989313128e-01 3.7095977877e-01 -5.6344774623e+00
10 10 8
3 0 1057 106.9400 151.0400 2 1076 134.6500 240.9700 1 933 273.7000 77.1700
2.7989313128e-01 3.7095977877e-01 -5.6344774623e+00
10 10 8
3 0 1058 106.9400 151.0400 2 1077 134.6500 240.9700 1 932 273.7000 77.1700
2.6364869618e-01 3.4290956228e-01 -5.7459478014e+00
62 61 56
2 0 1059 98.1300 137.3800 2 969 123.7800 223.4600
1.7410409645e-01 -6.2191812943e-01 -9.5884030879e+00
29 27 19
3 0 1080 31.5800 -139.3600 2 1025 23.6400 -94.4000 1 808 8.2600 -213.2000
-7.5030150856e-01 -7.1113417134e-01 -6.3472268467e+00
11 7 4
2 0 1107 -228.3200 -227.6300 2 1058 -277.2000 -193.9100
-7.7034050694e-01 -7.4166269985e-01 -6.2420546109e+00
44 41 34
2 0 1108 -238.6900 -240.9500 2 1116 -288.7900 -209.7600
4.6423752996e-01 -8.8693885156e-01 -6.5590438811e+00
28 28 26
2 0 1113 156.8800 -262.3600 2 1120 165.7000 -250.6500
-8.1268603277e-01 -7.7413272262e-01 -5.9522254183e+00
180 169 140
2 0 1114 -264.1700 -263.0000 2 1119 -319.2000 -235.5700
1.0318258978e-02 -3.6976154488e-01 -1.0643043449e+01
48 45 41
3 0 1152 -8.4900 -85.0900 2 1095 -19.0100 -30.7600 1 940 -15.7200 -120.4200
5.7869698790e-01 -6.2576785762e-01 -7.1136955614e+00
14 14 12
2 0 1161 170.5100 -168.5400 2 1103 183.9900 -142.5600
-7.9358111463e-01 -7.2967604213e-01 -6.0024500598e+00
55 51 39
2 0 1181 -255.6700 -245.4000 2 1117 -309.4200 -215.7400
-8.3124580023e-02 3.6999833174e-01 -4.8911772651e+00
36 75 48
3 0 1207 -21.0300 179.7000 2 1174 -18.2700 286.5500 1 968 114.4500 168.4700
3.1057914751e-01 3.5402580476e-01 -5.6474795327e+00
174 167 159
2 0 1214 117.5500 145.1100 2 1176 147.5100 232.6500
-5.3772893830e-01 2.2285228729e-01 -4.7884193060e+00
3 4 2
2 0 1215 -214.7800 116.2300 2 1177 -260.9100 216.1900
1.4731722685e-01 -7.7056526989e-01 -1.0294599993e+01
210 203 191
3 0 1237 21.9600 -161.8700 2 1200 11.8700 -118.0100 1 981 -11.8400 -228.8900
1.4731722685e-01 -7.7056526989e-01 -1.0294599993e+01
210 203 191
3 0 1238 21.9600 -161.8700 2 1201 11.8700 -118.0100 1 982 -11.8400 -228.8900
7.8082538532e-02 -9.0892838641e-01 -1.1003829514e+01
7 7 6
3 0 1243 6.4400 -179.7700 2 1205 -6.4300 -135.7300 1 983 -37.9600 -237.2900
3.7373507941e-01 -8.9748396615e-01 -6.5352248369e+00
7 7 5
2 0 1263 129.5000 -267.5600 2 1220 134.4600 -255.6100
-5.1849959949e-01 1.9712986285e-01 -4.8179400882e+00
225 193 142
2 0 1270 -205.4100 103.4900 2 1179 -248.9900 201.8100
-4.9799444221e-01 1.8674252084e-01 -4.9831242818e+00
29 30 25
2 0 1271 -190.2800 94.5100 2 1223 -230.5200 188.2000
2.7819858934e-01 -4.5599390072e-01 -7.8623472124e+00
75 75 67
3 0 1290 72.2100 -116.7800 2 1237 72.7800 -74.2300 1 979 73.5400 -227.7500
2.7819858934e-01 -4.5599390072e-01 -7.8623472124e+00
75 75 67
3 0 1291 72.2100 -116.7800 2 1238 72.7800 -74.2300 1 980 73.5400 -227.7500
1.9729124933e-01 -8.1708668977e-01 -1.0157652606e+01
13 13 11
3 0 1294 33.1400 -172.1000 2 1204 23.3900 -130.1100 1 984 -2.8400 -247.1800
-8.0523470585e-01 -6.7223765182e-01 -5.9573931432e+00
34 31 24
2 0 1300 -261.9500 -227.1000 2 1212 -316.6900 -195.0000
3.5498673265e-01 -9.4772827651e-01 -7.0871389224e+00
34 33 31
2 0 1306 111.0100 -264.1700 2 1246 111.3900 -247.0400
4.5243277582e-01 3.4398352322e-01 -4.8811558276e+00
211 207 197
2 0 1315 202.8000 177.1600 2 1252 259.9600 268.6000
-7.4308946100e-01 -6.8183043771e-01 -6.3183456914e+00
7 7 6
2 0 1328 -227.3100 -218.7100 2 1241 -275.7500 -184.3400
8.7501434342e-02 -6.9221113540e-01 -1.0606426138e+01
22 23 17
3 0 1341 8.1500 -144.7100 2 1277 -2.9200 -97.3300 1 1022 -20.3500 -199.2300
4.5441190814e-01 -7.0244025930e-01 -7.5909118564e+00
55 55 50
2 0 1344 124.7700 -182.3900 2 1280 129.4500 -153.8100
4.0413632089e-01 -8.9065935699e-01 -7.9470039899e+00
123 120 113
2 0 1347 105.5200 -225.0000 2 1265 106.0300 -197.9200
2.5316554214e-01 4.0609623073e-01 -5.5280974381e+00
154 150 141
2 0 1358 100.0400 167.5200 2 1286 126.9000 262.1500
-8.5520498945e-01 -7.2466697413e-01 -6.0763371486e+00
255 254 248
2 0 1371 -273.7800 -242.0400 2 1282 -329.3000 -209.9300
-6.1788413155e-01 9.0376330988e-02 -6.0858303492e+00
142 140 117
2 0 1282 -198.1300 33.3200 1 993 -221.5600 61.9600
-3.4448148160e-02 3.4510481379e-01 -4.8433792364e+00
110 85 15
2 2 16 8.3400 276.7600 1 373 144.6100 145.2200
2.8069408108e-01 3.7038392359e-01 -5.5618082728e+00
47 44 35
2 2 33 138.3600 243.8300 1 383 280.2800 78.4200
-4.5198241642e-01 2.2176343209e-01 -5.0184488900e+00
13 13 10
2 2 49 -206.8400 203.8200 1 89 -151.2400 137.2500
-5.8470113560e-01 1.1498824923e-01 -6.3720560658e+00
197 170 150
2 2 107 -214.7200 115.5300 1 385 -192.0500 63.7100
-6.1627438024e-01 -2.4051953738e-01 -7.3285652434e+00
226 195 174
2 2 196 -199.8900 -12.6500 1 162 -215.6900 -74.7500
-6.0682243174e-01 -2.4022605069e-01 -7.3516718665e+00
228 197 176
2 2 197 -196.4900 -12.4900 1 165 -211.4000 -75.3900
-2.7751765906e-01 -7.2581026312e-01 -8.6539223651e+00
7 7 5
2 2 253 -86.1300 -135.0100 1 310 -124.1900 -232.7900
-3.0115878890e-01 -7.2258855878e-01 -8.4600346747e+00
75 76 75
2 2 255 -93.4200 -138.0800 1 318 -133.4300 -236.3500
-3.8910294540e-01 -6.7651576159e-01 -7.9529558143e+00
3 3 2
2 2 541 -122.3000 -136.1800 1 636 -164.9500 -231.9800
2.8267935000e-01 3.2851640959e-01 -5.6520586307e+00
96 93 88
2 2 638 135.5800 221.4600 1 664 267.1400 54.1600
-5.6217419505e-01 -2.3112402447e-01 -7.5603349094e+00
229 204 182
2 2 780 -178.0500 -8.8600 1 572 -188.7400 -74.3600
-5.9923284631e-01 -2.8488281604e-01 -7.5491103589e+00
227 199 176
2 2 797 -189.7200 -25.3300 1 582 -207.4700 -89.4400
-5.9923284631e-01 -2.8488281604e-01 -7.5491103589e+00
227 199 176
2 2 798 -189.7200 -25.3300 1 583 -207.4700 -89.4400
