# Bundle file v0.3
3 28
2.1338224398e+03 -1.8794164455e-05 -3.9828060683e-07
9.9999485252e-01 -3.2081686495e-03 5.0806349497e-05
3.2081060923e-03 9.9999414965e-01 1.1868981198e-03
-5.4613821600e-05 -1.1867290181e-03 9.9999929435e-01
-1.0259050303e-04 1.2569182689e-03 2.2381147355e-03
2.1323488380e+03 6.9903618515e-05 2.2063718767e-06
5.4625194203e-01 -6.7216714903e-01 4.9980009964e-01
-1.1725417448e-01 5.2945229538e-01 8.4019743244e-01
-8.2937342277e-01 -5.1756312725e-01 2.1039994039e-01
4.3716188545e-01 6.8964678103e-01 -5.7916069101e-01
0 0 0
0 0 0
0 0 0
0 0 0
0 0 0
-6.5114806043e-02 -4.2139672425e-02 -9.0523398169e-01
12 11 7
2 0 196 -153.7100 -99.9900 1 492 -69.4700 -262.9400
-4.0901216846e-02 -4.3642733512e-02 -8.9801551191e-01
114 114 112
2 0 201 -97.4800 -103.7800 1 275 -13.9700 -249.2600
-3.7670175943e-02 -4.4213211977e-02 -8.9724292262e-01
123 122 127
2 0 202 -89.9300 -105.0700 1 272 -6.2500 -248.6400
-3.7670175943e-02 -4.4213211977e-02 -8.9724292262e-01
123 122 127
2 0 203 -89.9300 -105.0700 1 273 -6.2500 -248.6400
-4.0794251211e-02 -4.4582081052e-02 -8.9838278280e-01
116 117 115
2 0 209 -97.2200 -105.9000 1 277 -12.4000 -251.8600
-4.0794251211e-02 -4.4582081052e-02 -8.9838278280e-01
116 117 115
2 0 210 -97.2200 -105.9000 1 278 -12.4000 -251.8600
-6.0468404709e-02 -4.5186959142e-02 -9.0481664870e-01
12 12 14
2 0 213 -142.9500 -106.9000 1 290 -54.3300 -267.7900
6.8295872569e-04 -4.3717984123e-02 -8.6489892856e-01
136 135 130
2 0 214 1.9400 -108.0700 1 467 99.5300 -173.6400
-6.1972122910e-02 -4.5825713798e-02 -9.0547148623e-01
120 120 118
2 0 218 -146.3800 -108.3700 1 293 -56.6700 -270.5200
1.4046022309e-02 -4.5466296526e-02 -8.5149441512e-01
38 34 24
2 0 222 35.4900 -113.8900 1 461 141.9900 -146.9300
-2.1208890516e-02 -6.1476231383e-02 -8.9522227354e-01
180 177 168
2 0 235 -50.5500 -146.6400 1 611 57.7800 -274.8900
-1.9874355519e-02 -6.1368985782e-02 -8.9413215798e-01
46 43 36
2 0 236 -47.4400 -146.5100 1 608 61.3000 -272.1300
-3.3245213699e-02 1.9105156411e-02 -8.5397207801e-01
146 131 124
2 0 363 -83.1800 47.2200 1 410 -60.2800 -39.2800
-5.1309270338e-02 1.0095738946e-02 -8.7071999432e-01
147 125 111
2 0 368 -126.4400 24.8500 1 433 -96.6600 -89.8500
-7.4330405275e-02 9.6765512630e-03 -8.8187096481e-01
151 125 109
2 0 372 -181.2300 24.1500 1 569 -152.1000 -113.2100
-1.0555042747e-02 -2.3505571448e-02 -8.6973296718e-01
35 32 26
2 0 419 -25.8800 -57.8100 1 580 35.5800 -150.2500
8.1465495327e-03 -6.1450898144e-02 -8.6383492575e-01
42 38 34
2 0 635 20.1200 -151.2000 1 753 148.5900 -201.9500
-1.4020562167e-01 -7.1850022384e-02 -7.8063144180e-01
94 89 70
2 0 639 -384.0800 -197.4300 1 651 67.5400 44.0100
-1.4020562167e-01 -7.1850022384e-02 -7.8063144180e-01
94 89 70
2 0 640 -384.0800 -197.4300 1 650 67.5400 44.0100
-8.0226847109e-03 -2.1457528805e-02 -8.6585946937e-01
32 29 21
2 0 766 -19.6400 -53.1800 1 841 40.8600 -138.0800
-5.9609629829e-02 -4.3075645539e-02 -9.0383131308e-01
14 14 16
2 0 783 -140.9800 -102.2000 1 804 -55.7500 -261.4500
1.7239678765e-02 -9.1381597043e-02 -8.6529577124e-01
168 162 150
2 0 807 42.0400 -223.2000 1 881 222.8600 -257.8700
-2.3289447068e-02 -5.8109912183e-02 -8.9635160707e-01
25 24 20
2 0 854 -55.1000 -139.1500 1 921 45.4300 -271.2800
-1.1093995904e-02 -1.2916079124e-02 -8.6686627542e-01
39 39 37
2 0 888 -27.2300 -32.1100 1 907 18.0500 -126.1200
8.4311553497e-03 -5.7969077600e-02 -8.6237065543e-01
40 39 35
2 0 986 21.1100 -143.3600 1 939 143.5800 -192.4400
8.4311553497e-03 -5.7969077600e-02 -8.6237065543e-01
40 39 35
2 0 987 21.1100 -143.3600 1 940 143.5800 -192.4400
2.3458472427e-02 -4.1809445323e-02 -8.3995257325e-01
27 28 22
2 0 1009 59.6100 -105.4200 1 957 165.0600 -116.0100
-6.3725830951e-02 2.8783650301e-02 -8.4542627928e-01
171 142 126
2 0 1083 -163.0700 74.7500 1 986 -115.7300 4.9900
