# Bundle file v0.3
2 15
2.1330000000e+03 0.0000000000e+00 0.0000000000e+00
1.0000000000e+00 0.0000000000e+00 0.0000000000e+00
0.0000000000e+00 1.0000000000e+00 0.0000000000e+00
0.0000000000e+00 0.0000000000e+00 1.0000000000e+00
-0.0000000000e+00 -0.0000000000e+00 -0.0000000000e+00
2.1330000000e+03 0.0000000000e+00 0.0000000000e+00
7.6739710990e-01 6.3923526949e-01 -4.9799055739e-02
-6.4094215470e-01 7.6688454819e-01 -3.2882276105e-02
1.7170615734e-02 5.7152077738e-02 9.9821781689e-01
-1.8743812906e-01 -2.1420624121e-01 9.5863581928e-01
-2.0894851078e-01 6.7466054875e-03 -4.6420907006e+00
77 120 138
2 0 127 -96.0100 3.1000 1 45 -65.1200 44.9600
-2.0894851078e-01 6.7466054875e-03 -4.6420907006e+00
77 120 138
2 0 128 -96.0100 3.1000 1 46 -65.1200 44.9600
5.6293413109e-01 -4.0838249805e-01 -8.0395283900e+00
87 84 77
2 0 398 149.9600 -108.1800 1 396 115.1400 -187.7100
3.9949431858e-01 -7.0577498747e-01 -1.0109464927e+01
169 170 165
2 0 415 83.8700 -148.9800 1 369 40.2200 -158.2200
4.4284501702e-01 -7.9957758884e-01 -9.9859536897e+00
12 7 3
2 0 422 94.8800 -170.7400 1 492 32.4400 -184.4300
4.9022145860e-01 -9.9063702713e-01 -1.0711354471e+01
157 156 151
2 0 432 97.6200 -197.2700 1 402 19.3900 -204.0800
-1.7251183362e-01 2.5155680256e-01 -2.5507258853e+00
116 102 82
2 0 464 -144.2600 210.3600 1 245 -43.3000 234.3300
2.6524336339e-01 -3.9152177674e-01 -8.9346284944e+00
102 100 94
2 0 767 63.6000 -93.4300 1 736 56.1400 -104.3200
4.4784528963e-01 -1.0080075066e+00 -1.0858462205e+01
33 34 29
2 0 823 87.4600 -198.0900 1 774 11.7100 -197.2600
1.7429047939e-01 -3.2993705455e-01 -8.9971327842e+00
37 38 33
2 0 853 41.3200 -78.2200 1 807 48.6800 -75.1200
4.1428008040e-01 -7.6004255173e-01 -9.9506450603e+00
183 176 168
2 0 859 88.4500 -162.9800 1 847 33.4600 -174.2500
4.1428008040e-01 -7.6004255173e-01 -9.9506450603e+00
183 176 168
2 0 860 88.4500 -162.9800 1 848 33.4600 -174.2500
5.8703788938e-01 -3.7843292589e-01 -7.8103278496e+00
77 77 69
2 0 878 160.3200 -103.3500 1 883 127.7100 -194.2800
5.8703788938e-01 -3.7843292589e-01 -7.8103278496e+00
77 77 69
2 0 879 160.3200 -103.3500 1 884 127.7100 -194.2800
4.7704037108e-01 -6.3247120874e-01 -8.9950177660e+00
54 53 49
2 0 923 113.2600 -149.9500 1 918 58.8000 -187.9000
