# Bundle file v0.3
3 221
1.4314013716e+03 -3.9099122630e-02 4.9064713616e-03
9.9239864815e-01 -3.4149636063e-02 1.1823166031e-01
4.5713650692e-02 9.9428061897e-01 -9.6521048905e-02
-1.1425928970e-01 1.0119215927e-01 9.8828384669e-01
2.0945091045e-01 -1.7911159513e-01 4.7703467253e-01
1.2559736958e+03 1.7127537385e-01 -1.9528447339e-03
9.3479707896e-01 1.5273345107e-01 3.2066635946e-01
-1.0237699169e-01 9.8036999972e-01 -1.6850405103e-01
-3.4010788397e-01 1.2468823748e-01 9.3208340329e-01
5.7373684613e-01 -3.3990796391e-01 6.4688992440e-01
1.5730186153e+03 1.3980851451e-02 -3.6193218180e-03
8.3735196086e-01 -1.2546670483e-01 5.3207123548e-01
8.1602945132e-02 9.9108848455e-01 1.0528330888e-01
-5.4053922428e-01 -4.4740605305e-02 8.4012833856e-01
9.6875452827e-01 1.5911831362e-01 2.5354001582e-01
2.5360592656e-02 1.8556923867e-01 -1.6712569240e+00
2 10 2
2 0 34 37.9000 207.5600 1 59 126.5000 170.1500
2.2385561543e-02 1.7548241571e-01 -1.6681816222e+00
31 15 2
3 0 40 35.2600 195.0900 1 368 121.7000 156.8700 2 34 105.5800 214.1100
4.6185054966e-02 1.6626115621e-01 -1.6684515893e+00
24 10 1
2 0 43 64.5500 184.3200 1 86 149.8500 138.8500
2.5363037802e-02 1.6435900123e-01 -1.6670349504e+00
161 117 44
2 0 47 39.4800 181.0400 1 84 123.9600 140.2100
3.3057673720e-02 1.6092647491e-01 -1.6659629232e+00
31 18 19
3 0 48 49.3100 177.1500 1 90 133.2600 134.0100 2 49 121.0900 195.9500
1.7219770790e-01 1.3661277468e-01 -1.6879875337e+00
39 37 33
2 0 55 210.4200 153.7200 1 383 280.2800 78.4200
-1.5803355956e-01 1.3176140850e-01 -1.7250958668e+00
11 12 7
2 0 56 -186.3900 131.5600 1 89 -151.2400 137.2500
1.4131587255e-01 4.9860054372e-02 -1.7046068618e+00
36 32 29
2 0 97 171.9200 48.6600 1 397 214.1000 -23.3900
1.3625463914e-01 4.8844227801e-02 -1.7047764849e+00
111 110 106
3 0 99 166.6000 46.8400 1 398 207.4900 -24.3600 2 382 212.8200 50.0300
5.2866975871e-02 -5.9763315162e-03 -1.7867098252e+00
125 124 120
2 0 122 56.1200 -11.7500 1 415 59.9500 -60.2600
4.1834266778e-02 -1.4682759513e-02 -1.7981008260e+00
105 106 98
2 0 128 42.5500 -20.2600 1 422 41.0200 -66.5900
-1.6118315124e-01 -4.4148966699e-02 -1.8211074210e+00
200 163 139
2 0 149 -179.5900 -59.7100 1 165 -211.4000 -75.3900
3.7085192034e-02 -5.9765017387e-02 -1.7999281325e+00
130 129 125
2 0 160 38.6100 -69.2600 1 435 26.6400 -118.1200
8.7863524328e-02 -6.9586852639e-02 -1.7468467169e+00
65 62 53
2 0 176 104.4400 -85.7900 1 437 105.3100 -151.4700
9.6340916597e-02 -7.4923523340e-02 -1.7365634439e+00
111 112 107
2 0 188 116.3100 -93.1000 1 440 118.9600 -162.2200
9.6340916597e-02 -7.4923523340e-02 -1.7365634439e+00
111 112 107
2 0 189 116.3100 -93.1000 1 441 118.9600 -162.2200
5.9141808066e-02 -8.3945248230e-02 -1.7742004965e+00
177 179 174
2 0 190 67.7900 -98.4500 1 438 57.5400 -156.7600
5.9141808066e-02 -8.3945248230e-02 -1.7742004965e+00
177 179 174
2 0 191 67.7900 -98.4500 1 439 57.5400 -156.7600
8.3359747651e-02 -8.3054500259e-02 -1.7492633192e+00
63 60 52
2 0 192 99.3200 -100.6500 1 442 96.4200 -166.3600
8.6866685497e-02 -1.2077578415e-01 -1.9229446564e+00
28 25 18
2 0 196 71.5900 -108.9300 1 208 21.2100 -151.1100
8.5006125040e-02 -1.0461097489e-01 -1.7414017854e+00
125 124 119
3 0 208 104.1100 -127.0100 1 454 97.5800 -195.9300 2 462 158.6500 -150.6800
5.1557429910e-02 -1.1779290761e-01 -1.7796034555e+00
133 132 128
2 0 211 59.6600 -134.6400 1 237 40.3200 -194.0500
5.1056839282e-02 -1.1708995225e-01 -1.7782589305e+00
133 132 128
3 0 212 59.6600 -134.6400 1 238 40.3200 -194.0500 2 468 99.5300 -173.6400
2.3982364775e-02 -1.4200760154e-01 -1.8212859011e+00
169 168 164
3 0 223 24.2000 -153.1000 1 253 -11.1100 -204.5200 2 260 46.3200 -210.3200
7.4430052991e-02 -1.4091536608e-01 -1.7536053975e+00
120 119 114
2 0 231 90.3700 -163.9900 1 312 73.0000 -233.2100
7.4430052991e-02 -1.4091536608e-01 -1.7536053975e+00
120 119 114
2 0 232 90.3700 -163.9900 1 313 73.0000 -233.2100
2.8412410594e-02 -1.5000106477e-01 -1.8059760651e+00
197 193 184
3 0 233 31.5500 -164.6100 1 475 -1.9700 -220.0800 2 485 62.4600 -219.2500
2.8341251813e-02 -1.4992273696e-01 -1.8056158501e+00
197 193 184
2 0 234 31.5500 -164.6100 1 476 -1.9700 -220.0800
-2.5577503340e-02 -1.6466011762e-01 -1.8293051503e+00
111 111 111
3 0 248 -28.7900 -177.2500 1 291 -72.7400 -224.7500 2 272 -6.2500 -248.6400
-3.3583292543e-02 -1.6433448788e-01 -1.8232654188e+00
130 131 126
2 0 249 -36.0500 -179.3800 1 298 -80.3700 -226.8500
-3.3583292543e-02 -1.6433448788e-01 -1.8232654188e+00
130 131 126
2 0 250 -36.0500 -179.3800 1 299 -80.3700 -226.8500
-3.2636530537e-02 -1.6602466214e-01 -1.8275880967e+00
130 131 126
3 0 251 -36.0500 -179.3800 1 300 -80.3700 -226.8500 2 278 -12.4000 -251.8600
-9.3525472895e-02 -1.6122094499e-01 -1.8125143794e+00
104 104 102
2 0 257 -99.5800 -182.1500 1 290 -147.0300 -225.1900
-1.0688244598e-01 -1.6315601146e-01 -1.8083923405e+00
107 107 105
2 0 261 -113.7400 -185.9400 1 301 -162.5500 -228.7500
-7.3522661949e-02 -1.6683317178e-01 -1.8124298656e+00
13 13 11
2 0 263 -77.6700 -186.7700 1 310 -124.1900 -232.7900
-1.2046427565e-01 -1.6596295408e-01 -1.8027397452e+00
96 96 94
2 0 267 -128.1600 -191.0800 1 488 -178.4300 -234.0900
-1.2046427565e-01 -1.6596295408e-01 -1.8027397452e+00
96 96 94
2 0 268 -128.1600 -191.0800 1 489 -178.4300 -234.0900
-9.0759421697e-02 -1.7040939106e-01 -1.8066762300e+00
124 124 124
2 0 269 -95.7800 -193.0400 1 323 -143.8900 -238.8200
-8.9230930375e-02 -1.7391031829e-01 -1.8166454255e+00
124 124 124
3 0 270 -95.7800 -193.0400 1 322 -143.8900 -238.8200 2 298 -65.6100 -275.0200
2.0254231971e-02 1.7346225267e-01 -1.6679764228e+00
66 59 22
2 0 345 32.7100 192.3300 1 369 119.0300 153.9700
2.0200001056e-02 1.7321720693e-01 -1.6673286532e+00
66 59 22
3 0 346 32.7100 192.3300 1 370 119.0300 153.9700 2 38 104.2000 211.2600
2.8346839017e-02 1.7214041872e-01 -1.6667113229e+00
102 68 13
3 0 347 42.8900 191.2200 1 371 129.4400 150.8800 2 329 113.7200 210.1300
4.0845759000e-02 1.6966327964e-01 -1.6667458491e+00
92 66 13
3 0 349 58.2400 188.4700 1 373 144.6100 145.2200 2 42 127.5900 206.8800
-1.6063405740e-01 1.3173909256e-01 -1.7250134083e+00
29 30 26
2 0 355 -189.5300 131.3100 1 88 -154.8100 137.8300
-1.5261246703e-01 8.5208206315e-02 -1.7864826886e+00
243 202 182
3 0 367 -177.0800 79.9000 1 381 -169.6800 80.3700 2 529 -161.6200 57.7300
-1.5261246703e-01 8.5208206315e-02 -1.7864826886e+00
243 202 182
3 0 368 -177.0800 79.9000 1 382 -169.6800 80.3700 2 530 -161.6200 57.7300
-2.8476858547e-01 3.2538146104e-02 -2.2728278577e+00
79 80 75
2 0 381 -283.0600 47.9400 1 526 -387.4900 98.0400
-1.7205560545e-01 4.6352442519e-02 -1.7973229491e+00
179 145 126
2 0 389 -196.8700 36.0200 1 388 -204.4500 34.5200
1.2480253105e-01 3.9498981909e-02 -1.7153174003e+00
135 134 129
3 0 390 150.8600 36.0100 1 551 186.2000 -31.8800 2 535 194.8400 35.7300
-1.7826958087e-01 1.3268705738e-02 -1.8066883742e+00
164 134 105
2 0 396 -201.9000 -0.1900 1 393 -220.2600 -4.9800
-9.3678939377e-02 -2.0548177261e-02 -1.8165781495e+00
204 178 161
2 0 409 -106.7200 -31.4600 1 413 -122.9600 -54.5800
-9.3631808624e-02 -2.0747181397e-02 -1.8158895658e+00
204 178 161
3 0 410 -106.7200 -31.4600 1 414 -122.9600 -54.5800 2 425 -93.8500 -78.1900
-7.2847436659e-02 -3.1940796958e-02 -1.8203716080e+00
190 169 153
2 0 422 -83.6100 -41.6800 1 424 -101.4600 -69.8100
-1.5093671731e-01 -3.4628616587e-02 -1.8214325654e+00
206 169 150
3 0 425 -168.7500 -48.8600 1 418 -196.9400 -64.8200 2 561 -161.3700 -104.2500
-1.3728334576e-01 -4.2742598388e-02 -1.8230987658e+00
202 167 147
3 0 429 -153.6200 -56.4600 1 574 -181.6000 -75.4700 2 567 -144.9900 -113.1500
8.9661194529e-02 -7.0631965059e-02 -1.7434826386e+00
130 127 122
2 0 447 107.2100 -87.4000 1 599 108.7800 -154.0900
-1.3691312364e-02 -1.3864472132e-01 -1.8640030712e+00
28 28 28
2 0 449 -20.6600 -143.3400 1 224 -66.0900 -182.9800
-8.9210392362e-02 -1.6500778603e-01 -1.8203353651e+00
4 4 2
3 0 455 -96.1800 -183.3300 1 483 -143.3600 -226.6700 2 492 -69.4700 -262.9400
2.6621687720e-02 -1.9397397625e-01 -1.8153945798e+00
26 21 15
2 0 459 29.5700 -209.2000 1 643 -15.1800 -265.8400
2.3748577814e-02 -1.9591530272e-01 -1.8169979057e+00
186 185 180
2 0 460 26.2800 -211.2300 1 496 -19.1700 -267.0600
2.3162269549e-02 -1.9495101742e-01 -1.8149975830e+00
186 185 180
3 0 461 26.2800 -211.2300 1 497 -19.1700 -267.0600 2 611 57.7800 -274.8900
-8.5310865129e-02 2.3786485229e-01 -1.6548490621e+00
33 34 29
2 0 493 -100.3700 271.2500 1 648 -0.5200 273.4200
-1.6167699889e-01 1.3523562065e-01 -1.7290112835e+00
5 5 2
2 0 509 -190.8800 135.7400 1 776 -156.8400 143.1400
-1.6167699889e-01 1.3523562065e-01 -1.7290112835e+00
5 5 2
2 0 510 -190.8800 135.7400 1 777 -156.8400 143.1400
-8.8341154149e-02 3.2957426344e-03 -1.8103634452e+00
210 187 173
2 0 548 -101.6600 -6.1100 1 547 -110.4700 -27.6900
-1.1740991239e-01 -6.0261207351e-03 -1.8122737176e+00
216 185 166
3 0 554 -133.4500 -17.2700 1 556 -148.0900 -34.9800 2 547 -121.0800 -62.0500
-1.8050309981e-01 -1.6042229059e-02 -1.8131620148e+00
206 162 138
2 0 564 -202.6000 -31.4900 1 675 -229.5800 -40.3800
-9.1657468672e-02 -3.8437574631e-02 -1.8212479241e+00
184 164 146
2 0 582 -103.9700 -50.1600 1 573 -124.9600 -74.9600
-9.2953027057e-02 -4.4207684855e-02 -1.8227758859e+00
185 162 144
2 0 587 -105.1600 -56.0900 1 578 -127.9900 -81.4200
-1.4326016565e-01 -4.2191876526e-02 -1.8229552094e+00
205 170 150
3 0 589 -160.2100 -56.3200 1 572 -188.7400 -74.3600 2 569 -152.1000 -113.2100
-1.4326016565e-01 -4.2191876526e-02 -1.8229552094e+00
205 170 150
3 0 590 -160.2100 -56.3200 1 571 -188.7400 -74.3600 2 568 -152.1000 -113.2100
-5.1196437139e-02 -1.4382035172e-01 -1.8323188137e+00
5 5 5
2 0 636 -56.4200 -156.8800 1 609 -99.6400 -198.8400
2.5679785131e-02 -1.4918480906e-01 -1.8101162358e+00
23 22 18
2 0 637 27.9100 -163.2900 1 809 -6.3500 -217.0600
-5.1810818357e-02 -1.5748366979e-01 -1.8229443903e+00
9 10 5
2 0 646 -55.7100 -173.3600 1 622 -100.0000 -218.2500
-3.0955038035e-02 -1.6167595630e-01 -1.8241541496e+00
8 8 7
2 0 647 -33.4100 -176.1100 1 625 -77.2300 -223.6400
-3.6622787600e-02 -1.6691368032e-01 -1.8214591505e+00
9 10 12
2 0 654 -38.9800 -182.6400 1 635 -83.7700 -230.4800
-1.1060409781e-01 -1.6140456349e-01 -1.8093734442e+00
6 6 4
2 0 655 -117.9100 -184.0600 1 755 -167.0200 -226.0900
-1.0752073411e-01 -1.6894966433e-01 -1.8170091447e+00
8 8 7
3 0 657 -115.8500 -189.1400 1 636 -164.9500 -231.9800 2 610 -87.2200 -272.6200
-8.6525060637e-02 -1.6777756540e-01 -1.8087225629e+00
12 12 10
2 0 658 -91.4500 -189.5200 1 637 -138.8400 -234.9300
-1.7952576966e-01 7.6978617764e-02 -1.7876992357e+00
42 45 33
2 0 699 -207.2800 69.1600 1 658 -206.7500 74.1700
-1.1740846580e-01 -5.4164056013e-02 -1.8257862486e+00
197 163 144
3 0 720 -131.5400 -67.1200 1 793 -159.8700 -90.3400 2 792 -121.8600 -125.0900
2.8968448861e-02 -1.4428617719e-01 -1.8030761355e+00
227 221 209
2 0 730 32.4000 -159.2000 1 751 0.7300 -214.6000
1.4242589052e-02 -1.7820112902e-01 -1.8177510537e+00
222 217 208
2 0 739 15.8500 -192.2500 1 760 -27.2000 -246.9900
-2.6150654242e-01 -1.8908779246e-01 -1.7866913851e+00
11 10 6
2 0 744 -284.5900 -230.5900 1 882 -366.8700 -265.8800
1.7801565959e-02 1.7573056920e-01 -1.6707438260e+00
26 56 40
2 0 760 29.1200 194.4000 1 775 114.9500 158.3200
-5.4707776514e-02 6.0959620332e-02 -1.7950520471e+00
187 174 168
3 0 768 -66.3100 58.3400 1 780 -55.2100 36.9100 2 783 -49.7500 31.8400
5.4483466680e-02 2.5792153389e-02 -1.7901747633e+00
82 82 80
2 0 772 56.1400 23.0400 1 838 66.4700 -21.5200
5.1488664510e-02 1.7983148866e-02 -1.7901210611e+00
49 48 46
2 0 773 53.1900 14.6000 1 840 61.5700 -30.7000
-1.8680689240e-01 -5.3177423690e-02 -1.8236717434e+00
195 151 126
2 0 792 -207.2000 -70.3400 1 853 -246.1600 -83.4000
2.4903152268e-02 -7.3666071821e-02 -1.8115307483e+00
38 35 32
2 0 795 24.2100 -83.0500 1 860 5.9900 -129.5500
-1.5824124136e-02 -8.3852930498e-02 -1.8343537019e+00
54 70 55
2 0 796 -21.5500 -91.6700 1 719 -49.6300 -131.4100
2.1522142676e-02 -8.3015928346e-02 -1.8122957338e+00
35 34 29
3 0 797 21.1100 -92.9500 1 861 -0.2400 -139.9500 2 841 40.8600 -138.0800
1.9770926200e-02 -9.2248958811e-02 -1.8159523134e+00
32 31 27
2 0 799 18.7700 -102.2500 1 862 -4.7900 -149.2200
2.0554365758e-02 -9.9082431506e-02 -1.8126145235e+00
237 234 226
2 0 800 20.3800 -109.8700 1 798 -3.9800 -158.4300
-1.1261493753e-03 -1.0495345430e-01 -1.8408493455e+00
37 37 31
2 0 802 -6.1200 -112.1800 1 909 -39.0600 -154.0600
4.7359177379e-02 -1.1674795513e-01 -1.7839105842e+00
55 54 49
2 0 805 54.2800 -133.0100 1 866 34.0700 -190.8200
-6.6531553315e-02 -1.4626946762e-01 -1.8310792739e+00
5 5 3
2 0 807 -72.5700 -160.7700 1 801 -117.3500 -201.2400
-6.6531553315e-02 -1.4626946762e-01 -1.8310792739e+00
5 5 3
2 0 808 -72.5700 -160.7700 1 802 -117.3500 -201.2400
-6.7227424099e-02 -1.6164235151e-01 -1.8154961674e+00
10 10 10
2 0 814 -71.3500 -180.1700 1 811 -116.6800 -225.6500
-1.0942247551e-01 -1.6217841280e-01 -1.8196905895e+00
10 10 10
3 0 815 -118.2400 -181.3900 1 872 -166.9600 -222.5500 2 847 -91.9200 -264.2500
-7.6436999558e-02 -1.6602829108e-01 -1.8213769276e+00
10 10 8
3 0 816 -82.3300 -183.1600 1 874 -128.9400 -228.0300 2 804 -55.7500 -261.4500
-2.8966574662e-02 -1.6832667138e-01 -1.8254241976e+00
13 14 18
2 0 818 -31.1700 -182.6600 1 815 -76.5400 -230.8600
-2.7482969026e-02 -1.7573862069e-01 -1.8229811953e+00
70 71 72
2 0 820 -29.0700 -190.9600 1 875 -75.3800 -240.4000
-1.0747494213e-01 -1.6932863873e-01 -1.8019642362e+00
8 9 6
2 0 821 -113.6900 -193.8700 1 817 -162.9300 -239.1300
-1.0747494213e-01 -1.6932863873e-01 -1.8019642362e+00
8 9 6
2 0 822 -113.6900 -193.8700 1 818 -162.9300 -239.1300
-2.4547869520e-01 3.6623745178e-02 -2.2830515592e+00
14 11 4
2 0 856 -250.1100 52.8400 1 895 -348.9300 98.0500
-1.8193982695e-01 -3.2546190194e-02 -1.8199381642e+00
200 156 129
2 0 864 -203.1300 -48.5800 1 906 -235.5800 -59.1100
-1.0841571655e-01 -1.9687000832e-01 -1.7982452153e+00
5 6 8
2 0 883 -112.9300 -223.6700 1 885 -168.5100 -274.6000
8.0144193205e-03 1.8974761773e-01 -1.6640365580e+00
14 38 22
2 0 899 17.6700 212.4100 1 893 109.4600 179.4800
1.6861199557e-01 1.3492451786e-01 -1.6909382546e+00
10 11 8
2 0 901 205.3800 151.5800 1 932 273.7000 77.1700
1.6765221821e-01 1.3457158155e-01 -1.6878392873e+00
10 11 8
3 0 902 205.3800 151.5800 1 933 273.7000 77.1700 2 863 243.6000 159.5300
-1.7374189964e-01 3.1261626389e-03 -1.8130789249e+00
215 174 144
2 0 913 -195.9100 -9.3900 1 904 -217.8100 -17.7500
3.5327327510e-02 -7.8348291903e-02 -1.8041429329e+00
34 34 32
2 0 930 36.7100 -88.5600 1 908 19.5300 -138.2800
4.8501147723e-02 -7.7934506979e-02 -1.7879542390e+00
49 49 47
2 0 932 53.5000 -90.3700 1 944 40.9700 -143.9600
6.0420665505e-02 -8.2554676723e-02 -1.7752930198e+00
29 31 30
2 0 935 68.8200 -97.1100 1 947 58.9200 -154.4500
7.5018698722e-02 -8.2779605136e-02 -1.7602115814e+00
54 55 50
2 0 936 87.8800 -98.6900 1 949 81.8500 -161.5800
2.8833577473e-02 -9.6725821699e-02 -1.8046011620e+00
82 81 78
3 0 937 30.1600 -107.9900 1 948 8.4200 -158.3400 2 912 56.2100 -154.4200
6.7364841583e-02 -9.9647753710e-02 -1.7605529946e+00
41 41 39
3 0 938 80.5700 -118.0200 1 952 69.1900 -181.4400 2 909 126.2500 -148.5600
8.5672295728e-02 -9.8113227378e-02 -1.7426056497e+00
52 53 47
3 0 963 104.3200 -118.9600 1 976 98.8200 -187.5500 2 936 157.7000 -143.0100
7.9581229205e-02 -1.1627649544e-01 -1.7470825010e+00
32 32 30
3 0 965 97.1700 -138.5500 1 977 86.0500 -206.9400 2 937 151.4300 -167.0700
6.0214304455e-02 -1.2472619945e-01 -1.7688711647e+00
45 45 43
3 0 966 71.4600 -143.9600 1 954 53.0500 -206.9500 2 914 117.1900 -181.9300
7.4217321922e-02 -1.3599261229e-01 -1.7538648167e+00
50 49 45
3 0 968 90.3400 -159.2600 1 979 73.5400 -227.7500 2 939 143.5800 -192.4400
7.4217321922e-02 -1.3599261229e-01 -1.7538648167e+00
50 49 45
3 0 969 90.3400 -159.2600 1 980 73.5400 -227.7500 2 940 143.5800 -192.4400
-3.4148788755e-02 -1.5820330216e-01 -1.8221343910e+00
77 77 75
2 0 971 -36.8400 -173.4000 1 955 -79.5100 -220.0700
2.3783459338e-02 -1.6076651353e-01 -1.8137713629e+00
221 212 205
3 0 972 25.7500 -174.6600 1 981 -11.8400 -228.8900 2 941 54.0600 -233.3000
2.3783459338e-02 -1.6076651353e-01 -1.8137713629e+00
221 212 205
3 0 973 25.7500 -174.6600 1 982 -11.8400 -228.8900 2 942 54.0600 -233.3000
-5.0752941989e-02 -1.6093530502e-01 -1.8220029568e+00
37 38 33
2 0 974 -54.3400 -177.1000 1 956 -99.1300 -222.7200
3.2275476147e-02 -1.7423724650e-01 -1.8087743601e+00
14 14 12
3 0 977 36.2300 -190.1700 1 984 -2.8400 -247.1800 2 918 67.5700 -247.3700
1.0703452214e-01 -7.3431782281e-02 -1.7282429618e+00
240 233 223
2 0 1001 130.2300 -92.0800 1 1000 135.5700 -164.4700
9.3328564208e-02 -7.9035540011e-02 -1.7409723122e+00
53 54 48
2 0 1002 112.1100 -96.9700 1 1001 112.4700 -165.4300
9.3820014691e-02 -1.1497105172e-01 -1.7385967524e+00
236 229 219
2 0 1003 114.3500 -137.1000 1 1005 106.9300 -209.8800
1.2261552463e-01 1.6324851887e-02 -1.7138475077e+00
77 77 71
3 0 1015 149.9400 9.1500 1 1017 178.9500 -61.7400 2 954 197.5500 7.7300
-6.4709141106e-03 -1.0730117216e-01 -1.8344282939e+00
34 35 30
2 0 1021 -11.0800 -116.7300 1 999 -42.9700 -157.9900
1.6875300723e-02 -1.3908141819e-01 -1.8270413130e+00
16 16 14
3 0 1022 16.0500 -149.7200 1 1022 -20.3500 -199.2300 2 970 34.2000 -207.1700
4.1048928452e-02 -1.6194769137e-01 -1.7961482993e+00
21 21 19
2 0 1038 47.1000 -178.5800 1 1030 13.5200 -238.5300
7.1996882977e-04 1.6519424643e-01 -1.6547907102e+00
8 8 6
2 0 1040 11.0800 180.4600 1 1012 99.6200 146.1100
1.7134916349e-01 1.5978957078e-01 -1.7055145349e+00
187 183 180
2 0 1041 203.4300 181.2700 1 1034 272.8200 110.3800
1.7019302545e-01 1.5916071293e-01 -1.7016124004e+00
187 183 180
3 0 1042 203.4300 181.2700 1 1035 272.8200 110.3800 2 972 231.0800 185.8700
7.8708298510e-02 1.1136037377e-01 -1.7238884857e+00
23 22 18
2 0 1071 93.3300 117.7200 1 1057 144.6700 67.8400
-2.3563749131e-01 1.1843675966e-01 -2.2678211768e+00
44 30 15
2 0 67 -245.7000 121.6000 1 363 -330.3200 169.4700
-2.3501285952e-01 1.1547163208e-01 -2.2698466358e+00
39 30 19
2 0 69 -244.9700 119.1700 1 365 -330.1700 166.7200
-1.1737255532e-01 7.6779063733e-02 -1.7879079699e+00
237 208 188
2 0 83 -136.5900 73.0300 2 121 -119.5000 49.3000
7.6093331080e-02 -1.4393192737e-01 -1.7515293403e+00
30 25 16
2 0 239 93.0800 -168.9700 2 752 148.5900 -201.9500
7.6093331080e-02 -1.4393192737e-01 -1.7515293403e+00
30 25 16
2 0 240 93.0800 -168.9700 2 753 148.5900 -201.9500
-1.0316645060e-01 -1.6990181143e-01 -1.8170533281e+00
101 101 99
2 0 265 -110.5100 -189.9500 2 295 -81.4400 -273.0600
-2.2684090323e-01 2.1117292222e-01 -2.2216591410e+00
112 78 18
2 0 340 -244.0100 202.9400 1 355 -308.4900 254.2400
-2.9990461565e-01 1.1420051072e-01 -2.2706702415e+00
98 92 66
2 0 359 -299.2000 116.4600 1 518 -394.9200 175.1100
-2.8385760670e-01 5.1305781116e-02 -2.2692100980e+00
64 65 60
2 0 371 -283.3000 63.4500 1 376 -384.5800 114.8400
-2.4345686051e-01 4.3039661201e-02 -2.2813678662e+00
25 16 7
2 0 373 -248.6900 58.4900 1 377 -346.3400 103.1100
-2.5272591460e-01 4.2097360229e-02 -2.2835555510e+00
29 28 23
2 0 375 -256.1700 57.7500 1 525 -355.6100 103.4000
-2.8427351833e-01 4.3442391410e-02 -2.2694103587e+00
67 68 63
2 0 376 -283.2100 57.3700 1 522 -385.9400 107.2600
-8.9164537136e-02 5.9094409777e-04 -1.8079433585e+00
209 186 170
2 0 399 -102.1300 -9.1400 2 416 -87.7700 -48.7300
-9.5844951919e-02 -2.9726040659e-02 -1.8181922782e+00
199 172 155
2 0 420 -108.7400 -40.6400 2 433 -96.6600 -89.8500
-1.1992337469e-01 -5.8087985564e-02 -1.8259040851e+00
196 165 145
2 0 432 -133.7900 -71.8400 2 451 -124.3100 -130.1000
-1.1992337469e-01 -5.8087985564e-02 -1.8259040851e+00
196 165 145
2 0 433 -133.7900 -71.8400 2 452 -124.3100 -130.1000
-2.6693572470e-01 1.2093629713e-01 -2.2685741316e+00
67 35 3
2 0 515 -271.8400 123.8800 1 362 -361.2200 175.5900
-1.5013358782e-01 -1.1977811519e-02 -1.8140649679e+00
215 179 157
2 0 559 -168.9900 -25.2800 2 712 -159.6500 -73.8500
-1.3471268805e-01 -2.8617405109e-02 -1.8184702727e+00
210 175 155
2 0 569 -151.3200 -41.5900 2 559 -141.4200 -94.0600
-1.1548965637e-01 -1.7619825997e-01 -1.8127334272e+00
8 8 7
2 0 662 -123.5300 -197.9300 2 613 -91.4600 -284.8200
1.1148473686e-01 -1.9303718370e-01 -1.7121923736e+00
176 172 163
2 0 885 142.6500 -231.0400 2 881 222.8600 -257.8700
8.6417971639e-02 -1.3137506387e-01 -1.7435036578e+00
233 226 215
2 0 967 105.5500 -155.2900 2 938 163.2900 -185.1300
4.2923082477e-02 1.6084790553e-01 -1.6645614639e+00
116 74 15
2 1 91 146.6900 131.9700 2 48 132.6900 196.3600
-1.6034059260e-01 -9.6343282845e-03 -1.8150740407e+00
184 162 148
2 1 134 -203.0400 -34.6300 2 162 -172.7800 -72.3400
-1.7444792218e-01 -1.3100608296e-02 -1.8170029943e+00
181 154 135
2 1 137 -221.9000 -37.1300 2 171 -190.4700 -78.8800
-1.1928015666e-01 -2.1169054249e-02 -1.8172445263e+00
171 158 150
2 1 145 -154.4900 -52.6100 2 173 -124.0400 -81.9700
1.2971164793e-01 2.5480829676e-02 -1.7054756678e+00
76 71 67
2 1 146 195.2200 -52.7900 2 141 209.5000 19.8000
-1.7073628993e-01 -3.0576487435e-02 -1.8218091974e+00
171 148 129
2 1 149 -221.1500 -57.9200 2 195 -185.9200 -101.9000
-1.2632375205e-01 -2.8689923600e-02 -1.8188770971e+00
168 154 145
2 1 152 -164.9100 -60.5000 2 189 -131.8600 -92.9400
-1.5510045700e-01 -3.1986093119e-02 -1.8209503298e+00
174 153 136
2 1 153 -201.5400 -61.3400 2 193 -166.4400 -101.4400
-1.6395706706e-01 -4.4525621440e-02 -1.8252336131e+00
170 147 130
2 1 162 -215.6900 -74.7500 2 216 -177.5100 -119.5100
-1.6395706706e-01 -4.4525621440e-02 -1.8252336131e+00
170 147 130
2 1 163 -215.6900 -74.7500 2 215 -177.5100 -119.5100
-1.5766923217e-01 -4.5020347253e-02 -1.8250601042e+00
175 152 134
2 1 167 -207.8500 -75.9900 2 214 -169.8500 -119.1600
4.1443450230e-02 -4.1237744405e-02 -1.7930590029e+00
131 132 126
2 1 184 37.5200 -99.1500 2 174 67.7200 -83.0200
4.1443450230e-02 -4.1237744405e-02 -1.7930590029e+00
131 132 126
2 1 185 37.5200 -99.1500 2 175 67.7200 -83.0200
2.9972296533e-02 -5.1826739356e-02 -1.8044535569e+00
123 124 118
2 1 189 18.0300 -106.9800 2 192 50.0000 -98.5000
2.4353665738e-02 -1.4214279761e-01 -1.8219010961e+00
185 186 181
2 1 252 -11.1100 -204.5200 2 259 46.3200 -210.3200
7.9889263512e-02 -1.1508297032e-01 -1.7428637395e+00
105 104 100
2 1 257 89.5900 -207.8000 2 465 154.2500 -165.7200
-3.2424323423e-02 -1.6463512685e-01 -1.8299748872e+00
115 115 112
2 1 287 -81.1700 -224.0900 2 274 -13.9700 -249.2600
-3.2424323423e-02 -1.6463512685e-01 -1.8299748872e+00
115 115 112
2 1 288 -81.1700 -224.0900 2 275 -13.9700 -249.2600
-6.6375448380e-02 -1.7000891419e-01 -1.8233515578e+00
10 11 9
2 1 308 -119.0400 -231.7500 2 285 -45.3500 -263.3800
-9.8529545702e-02 -1.7218170377e-01 -1.8194558297e+00
2 2 1
2 1 317 -156.2200 -234.9400 2 296 -78.2600 -273.3100
-1.0680500091e-01 -1.7942811313e-01 -1.8164641457e+00
131 133 130
2 1 327 -166.8000 -244.4100 2 309 -84.4300 -284.8800
-1.1507930043e-01 -1.8162419838e-01 -1.8157694365e+00
127 129 128
2 1 330 -177.0000 -247.1600 2 312 -93.1200 -289.6600
-1.4627680913e-01 1.2986949779e-01 -1.7190195870e+00
39 38 33
2 1 375 -133.2500 129.3000 2 344 -119.9000 134.7600
1.3257672097e-01 5.8158383889e-02 -1.7108322920e+00
171 162 160
2 1 395 202.5100 -10.9900 2 377 202.4900 59.8500
-1.4938251012e-01 -2.0107574548e-02 -1.8167249994e+00
184 165 151
2 1 410 -191.4100 -48.3600 2 429 -159.0400 -84.7400
-1.4938251012e-01 -2.0107574548e-02 -1.8167249994e+00
184 165 151
2 1 411 -191.4100 -48.3600 2 428 -159.0400 -84.7400
-7.3912704647e-02 -3.7449635627e-02 -1.8208480164e+00
136 133 128
2 1 425 -104.1000 -75.4500 2 434 -72.4000 -96.8800
-7.3912704647e-02 -3.7449635627e-02 -1.8208480164e+00
136 133 128
2 1 426 -104.1000 -75.4500 2 435 -72.4000 -96.8800
-1.6624613604e-01 -5.7042275620e-02 -1.8300523720e+00
172 147 127
2 1 431 -221.5100 -88.7700 2 460 -181.2600 -136.3400
2.7791176381e-02 -1.4638341964e-01 -1.8182772168e+00
172 172 165
2 1 469 -6.7200 -210.9600 2 482 52.8700 -214.8500
2.6172690295e-02 -1.5454392520e-01 -1.8143988467e+00
173 168 162
2 1 478 -8.7000 -221.4100 2 589 55.4300 -225.4200
5.0480867358e-02 1.6512514911e-02 -1.7925893869e+00
70 65 59
2 1 549 58.2500 -31.4100 2 540 68.7400 -11.9300
-1.5001062053e-01 -9.2354980844e-03 -1.8124527257e+00
185 166 152
2 1 557 -189.2300 -36.1300 2 548 -159.1500 -70.0100
-1.5066969825e-01 -1.5483723465e-02 -1.8164920461e+00
183 164 149
2 1 561 -192.2100 -42.5000 2 552 -161.1100 -78.8900
-1.3559891687e-01 -5.0232395385e-02 -1.8256204440e+00
167 150 134
2 1 579 -181.5100 -84.1900 2 574 -143.4400 -122.5200
-1.3559891687e-01 -5.0232395385e-02 -1.8256204440e+00
167 150 134
2 1 580 -181.5100 -84.1900 2 575 -143.4400 -122.5200
-1.1954523866e-01 -6.1055684266e-02 -1.8295916151e+00
159 141 129
2 1 587 -164.7900 -97.4300 2 741 -125.5800 -134.1700
2.6763068174e-02 -1.4273946622e-01 -1.8187783795e+00
25 26 21
2 1 612 -7.4100 -206.5300 2 588 50.9600 -210.6100
-9.9954201938e-02 -1.6852589474e-01 -1.8207714365e+00
11 11 9
2 1 633 -157.6900 -229.8700 2 606 -81.1600 -268.9300
-1.3757786522e-01 8.0697484579e-02 -1.7879235572e+00
205 194 187
2 1 660 -151.9400 72.1500 2 645 -143.4600 52.4100
1.3965718971e-01 5.7138878596e-02 -1.6982508020e+00
44 41 36
2 1 666 218.1300 -16.0600 2 643 219.6300 61.2900
2.9127304300e-02 -1.4437137469e-01 -1.8037464494e+00
218 209 200
2 1 750 0.7300 -214.6000 2 755 63.7800 -212.1100
1.5037901674e-01 1.4293044868e-01 -1.6967207617e+00
11 11 8
2 1 779 250.4200 93.8100 2 64 218.6000 166.9100
-1.2032588202e-01 -4.0686904635e-02 -1.8211958163e+00
129 115 104
2 1 789 -160.0800 -75.3300 2 789 -124.6800 -107.5100
-1.6809275777e-01 -5.5668606111e-02 -1.8314491929e+00
171 145 126
2 1 792 -223.6800 -86.8900 2 840 -184.7500 -134.6200
-1.1665137374e-01 -6.7223046684e-02 -1.8298751104e+00
154 137 129
2 1 794 -162.5100 -104.8200 2 795 -121.3700 -141.7500
8.6008389882e-02 -5.9452006413e-02 -1.7420967426e+00
232 223 214
2 1 797 107.8700 -141.6500 2 788 151.7900 -95.0900
3.3015329252e-02 -1.4071472841e-01 -1.7972855953e+00
23 24 18
2 1 808 8.2600 -213.2000 2 800 71.6100 -206.8500
-3.5866860929e-02 -1.9638197459e-01 -1.8280604266e+00
91 93 90
2 1 822 -90.1100 -261.1200 2 811 -11.3300 -289.8600
3.1228824224e-02 -1.9316154907e-01 -1.8050468180e+00
191 186 176
2 1 825 -6.4000 -269.9400 2 850 72.8900 -272.1100
3.1228824224e-02 -1.9316154907e-01 -1.8050468180e+00
191 186 176
2 1 826 -6.4000 -269.9400 2 851 72.8900 -272.1100
-7.3680690365e-02 1.0423884807e-01 -1.6956271129e+00
58 49 39
2 1 897 -31.7100 77.0200 2 891 -11.9700 108.7900
4.6736228787e-02 -1.1542187124e-01 -1.7793785650e+00
54 53 49
2 1 913 35.2400 -191.0300 2 913 94.6300 -173.2100
-1.3918047706e-02 -1.6680619798e-01 -1.8366515452e+00
13 14 18
2 1 921 -63.4300 -223.8800 2 879 2.0600 -248.5300
-1.2649244396e-01 -5.1630157884e-02 -1.8252058869e+00
138 121 111
2 1 937 -170.6000 -86.6400 2 904 -132.3000 -123.0100
1.0534800612e-02 -7.0956651858e-02 -1.8271029688e+00
37 36 32
2 1 940 -15.7200 -120.4200 2 907 18.0500 -126.1200
1.6312646283e-02 -1.9073143048e-01 -1.8219119192e+00
19 19 17
2 1 963 -28.3500 -259.6300 2 921 45.4300 -271.2800
-1.0361913845e-01 1.2308951002e-01 -1.7001411401e+00
46 34 22
2 1 969 -69.6300 109.2500 2 929 -53.9700 132.1700
1.7803700951e-01 1.1998755641e-01 -1.6793034905e+00
200 195 189
2 1 1015 289.2300 56.0100 2 949 261.8700 144.6700
1.1251966727e-02 -1.0179503337e-01 -1.8184805840e+00
228 224 213
2 1 1028 -17.0000 -159.0900 2 978 28.9100 -163.0600
