# Bundle file v0.3
3 137
2.2341711499e+03 -5.2660787954e-03 -1.0429245634e-04
9.9976492494e-01 -5.0710974043e-03 2.1080294914e-02
5.6061357546e-03 9.9966165225e-01 -2.5399847778e-02
-2.0944357342e-02 2.5512055902e-02 9.9945508598e-01
3.7119018727e-02 -4.4710945780e-02 -8.6853147016e-02
1.9513751514e+03 1.4210803213e-02 6.9955313993e-04
8.5207844461e-01 2.0133663819e-01 4.8314167939e-01
-1.0830516729e-01 9.7090158787e-01 -2.1358861722e-01
-5.1208623783e-01 1.2966751633e-01 8.4909011314e-01
8.5136251486e-01 -4.0301926157e-01 7.1246962680e-02
0 0 0
0 0 0
0 0 0
0 0 0
0 0 0
2.9830926996e-02 1.6700111421e-01 -1.7009659722e+00
2 10 2
2 0 34 37.9000 207.5600 1 59 126.5000 170.1500
2.7675991888e-02 1.5719142221e-01 -1.7001944641e+00
31 15 2
2 0 40 35.2600 195.0900 1 368 121.7000 156.8700
5.0808635078e-02 1.4839425755e-01 -1.6952434851e+00
24 10 1
2 0 43 64.5500 184.3200 1 86 149.8500 138.8500
3.0933706779e-02 1.4601460409e-01 -1.6979415221e+00
161 117 44
2 0 47 39.4800 181.0400 1 84 123.9600 140.2100
3.8711815918e-02 1.4289045822e-01 -1.6964779335e+00
31 18 19
2 0 48 49.3100 177.1500 1 90 133.2600 134.0100
1.6547776906e-01 1.2268473485e-01 -1.6814744491e+00
39 37 33
2 0 55 210.4200 153.7200 1 383 280.2800 78.4200
-1.5245787316e-01 1.0884118686e-01 -1.7507907092e+00
11 12 7
2 0 56 -186.3900 131.5600 1 89 -151.2400 137.2500
1.3593182010e-01 3.9892234616e-02 -1.6936389311e+00
36 32 29
2 0 97 171.9200 48.6600 1 397 214.1000 -23.3900
1.3185520412e-01 3.8334863923e-02 -1.6957654256e+00
111 110 106
2 0 99 166.6000 46.8400 1 398 207.4900 -24.3600
4.5707428871e-02 -9.7419062847e-03 -1.7472120635e+00
125 124 120
2 0 122 56.1200 -11.7500 1 415 59.9500 -60.2600
3.4736285724e-02 -1.7052182355e-02 -1.7535262723e+00
105 106 98
2 0 128 42.5500 -20.2600 1 422 41.0200 -66.5900
-1.4993307449e-01 -4.9381511719e-02 -1.7855200391e+00
200 163 139
2 0 149 -179.5900 -59.7100 1 165 -211.4000 -75.3900
3.1403064585e-02 -5.6980874776e-02 -1.7531492324e+00
130 129 125
2 0 160 38.6100 -69.2600 1 435 26.6400 -118.1200
8.3344079534e-02 -6.8969131532e-02 -1.7194845027e+00
65 62 53
2 0 176 104.4400 -85.7900 1 437 105.3100 -151.4700
9.2424437092e-02 -7.4499331845e-02 -1.7124137184e+00
111 112 107
2 0 188 116.3100 -93.1000 1 440 118.9600 -162.2200
9.2424437092e-02 -7.4499331845e-02 -1.7124137184e+00
111 112 107
2 0 189 116.3100 -93.1000 1 441 118.9600 -162.2200
5.4504694950e-02 -8.0198514284e-02 -1.7368650581e+00
177 179 174
2 0 190 67.7900 -98.4500 1 438 57.5400 -156.7600
5.4504694950e-02 -8.0198514284e-02 -1.7368650581e+00
177 179 174
2 0 191 67.7900 -98.4500 1 439 57.5400 -156.7600
7.9229515087e-02 -8.1069903368e-02 -1.7207211181e+00
63 60 52
2 0 192 99.3200 -100.6500 1 442 96.4200 -166.3600
6.0818225141e-02 -9.3079866580e-02 -1.7970744352e+00
28 25 18
2 0 196 71.5900 -108.9300 1 208 21.2100 -151.1100
8.2708514926e-02 -1.0218029295e-01 -1.7161794760e+00
125 124 119
2 0 208 104.1100 -127.0100 1 454 97.5800 -195.9300
4.7818165360e-02 -1.0997304182e-01 -1.7388985240e+00
133 132 128
2 0 211 59.6600 -134.6400 1 237 40.3200 -194.0500
4.7818165360e-02 -1.0997304182e-01 -1.7388985240e+00
133 132 128
2 0 212 59.6600 -134.6400 1 238 40.3200 -194.0500
1.9461947592e-02 -1.2678127012e-01 -1.7608580539e+00
169 168 164
2 0 223 24.2000 -153.1000 1 253 -11.1100 -204.5200
7.1663874196e-02 -1.3287799041e-01 -1.7210602601e+00
120 119 114
2 0 231 90.3700 -163.9900 1 312 73.0000 -233.2100
7.1663874196e-02 -1.3287799041e-01 -1.7210602601e+00
120 119 114
2 0 232 90.3700 -163.9900 1 313 73.0000 -233.2100
2.5161120832e-02 -1.3581680160e-01 -1.7529190935e+00
197 193 184
2 0 233 31.5500 -164.6100 1 475 -1.9700 -220.0800
2.5161120832e-02 -1.3581680160e-01 -1.7529190935e+00
197 193 184
2 0 234 31.5500 -164.6100 1 476 -1.9700 -220.0800
-2.4462603573e-02 -1.4730412509e-01 -1.7686148448e+00
111 111 111
2 0 248 -28.7900 -177.2500 1 291 -72.7400 -224.7500
-3.0538200972e-02 -1.4910807091e-01 -1.7684550754e+00
130 131 126
2 0 249 -36.0500 -179.3800 1 298 -80.3700 -226.8500
-3.0538200972e-02 -1.4910807091e-01 -1.7684550754e+00
130 131 126
2 0 250 -36.0500 -179.3800 1 299 -80.3700 -226.8500
-8.3452966932e-02 -1.5149661804e-01 -1.7716590844e+00
104 104 102
2 0 257 -99.5800 -182.1500 1 290 -147.0300 -225.1900
-9.5286882622e-02 -1.5467931009e-01 -1.7716034806e+00
107 107 105
2 0 261 -113.7400 -185.9400 1 301 -162.5500 -228.7500
-6.5255821916e-02 -1.5532617761e-01 -1.7688960199e+00
13 13 11
2 0 263 -77.6700 -186.7700 1 310 -124.1900 -232.7900
-1.0733374779e-01 -1.5895779343e-01 -1.7709436713e+00
96 96 94
2 0 267 -128.1600 -191.0800 1 488 -178.4300 -234.0900
-1.0733374779e-01 -1.5895779343e-01 -1.7709436713e+00
96 96 94
2 0 268 -128.1600 -191.0800 1 489 -178.4300 -234.0900
-8.0350208166e-02 -1.6047060892e-01 -1.7685710500e+00
124 124 124
2 0 269 -95.7800 -193.0400 1 323 -143.8900 -238.8200
-8.0350208166e-02 -1.6047060892e-01 -1.7685710500e+00
124 124 124
2 0 270 -95.7800 -193.0400 1 322 -143.8900 -238.8200
2.5601570686e-02 1.5492625646e-01 -1.6995970080e+00
66 59 22
2 0 345 32.7100 192.3300 1 369 119.0300 153.9700
2.5601570686e-02 1.5492625646e-01 -1.6995970080e+00
66 59 22
2 0 346 32.7100 192.3300 1 370 119.0300 153.9700
3.3687318969e-02 1.5406243629e-01 -1.6981062245e+00
102 68 13
2 0 347 42.8900 191.2200 1 371 129.4400 150.8800
4.5871656481e-02 1.5195535285e-01 -1.6961238550e+00
92 66 13
2 0 349 58.2400 188.4700 1 373 144.6100 145.2200
-1.5502843830e-01 1.0875155733e-01 -1.7511111019e+00
29 30 26
2 0 355 -189.5300 131.3100 1 88 -154.8100 137.8300
-1.4661057638e-01 6.6222252061e-02 -1.7739986248e+00
243 202 182
2 0 367 -177.0800 79.9000 1 381 -169.6800 80.3700
-1.4661057638e-01 6.6222252061e-02 -1.7739986248e+00
243 202 182
2 0 368 -177.0800 79.9000 1 382 -169.6800 80.3700
-2.5045644873e-01 3.8948800404e-02 -1.9223592049e+00
79 80 75
2 0 381 -283.0600 47.9400 1 526 -387.4900 98.0400
-1.6354750447e-01 3.0217151966e-02 -1.7792749008e+00
179 145 126
2 0 389 -196.8700 36.0200 1 388 -204.4500 34.5200
1.1989165848e-01 2.9682821662e-02 -1.7031193156e+00
135 134 129
2 0 390 150.8600 36.0100 1 551 186.2000 -31.8800
-1.6808059028e-01 4.2739932496e-04 -1.7828619636e+00
164 134 105
2 0 396 -201.9000 -0.1900 1 393 -220.2600 -4.9800
-8.8702160210e-02 -2.6006936682e-02 -1.7769498857e+00
204 178 161
2 0 409 -106.7200 -31.4600 1 413 -122.9600 -54.5800
-8.8702160210e-02 -2.6006936682e-02 -1.7769498857e+00
204 178 161
2 0 410 -106.7200 -31.4600 1 414 -122.9600 -54.5800
-6.9594871628e-02 -3.4972430416e-02 -1.7759395750e+00
190 169 153
2 0 422 -83.6100 -41.6800 1 424 -101.4600 -69.8100
-1.4082112084e-01 -4.0491691752e-02 -1.7847033101e+00
206 169 150
2 0 425 -168.7500 -48.8600 1 418 -196.9400 -64.8200
-1.2813565306e-01 -4.6792821010e-02 -1.7832649105e+00
202 167 147
2 0 429 -153.6200 -56.4600 1 574 -181.6000 -75.4700
8.5429881614e-02 -7.0190845076e-02 -1.7173904984e+00
130 127 122
2 0 447 107.2100 -87.4000 1 599 108.7800 -154.0900
-1.7206287255e-02 -1.1992215875e-01 -1.7840084165e+00
28 28 28
2 0 449 -20.6600 -143.3400 1 224 -66.0900 -182.9800
-8.0587922159e-02 -1.5235225081e-01 -1.7710963546e+00
4 4 2
2 0 455 -96.1800 -183.3300 1 483 -143.3600 -226.6700
2.3556087186e-02 -1.7261892074e-01 -1.7553912948e+00
26 21 15
2 0 459 29.5700 -209.2000 1 643 -15.1800 -265.8400
2.0930082172e-02 -1.7419385420e-01 -1.7563993586e+00
186 185 180
2 0 460 26.2800 -211.2300 1 496 -19.1700 -267.0600
2.0930082172e-02 -1.7419385420e-01 -1.7563993586e+00
186 185 180
2 0 461 26.2800 -211.2300 1 497 -19.1700 -267.0600
-8.0422196293e-02 2.1901395086e-01 -1.7122063148e+00
33 34 29
2 0 493 -100.3700 271.2500 1 648 -0.5200 273.4200
-1.5629921503e-01 1.1213842735e-01 -1.7530415680e+00
5 5 2
2 0 509 -190.8800 135.7400 1 776 -156.8400 143.1400
-1.5629921503e-01 1.1213842735e-01 -1.7530415680e+00
5 5 2
2 0 510 -190.8800 135.7400 1 777 -156.8400 143.1400
-8.4345884379e-02 -5.0084452181e-03 -1.7744849641e+00
210 187 173
2 0 548 -101.6600 -6.1100 1 547 -110.4700 -27.6900
-1.1091555758e-01 -1.4075963633e-02 -1.7780579114e+00
216 185 166
2 0 554 -133.4500 -17.2700 1 556 -148.0900 -34.9800
-1.6897109887e-01 -2.5680507774e-02 -1.7850537626e+00
206 162 138
2 0 564 -202.6000 -31.4900 1 675 -229.5800 -40.3800
-8.6462083515e-02 -4.1400525534e-02 -1.7781744711e+00
184 164 146
2 0 582 -103.9700 -50.1600 1 573 -124.9600 -74.9600
-8.7512484591e-02 -4.6419389082e-02 -1.7787854357e+00
185 162 144
2 0 587 -105.1600 -56.0900 1 578 -127.9900 -81.4200
-1.3364056578e-01 -4.6610512381e-02 -1.7836278310e+00
205 170 150
2 0 589 -160.2100 -56.3200 1 572 -188.7400 -74.3600
-1.3364056578e-01 -4.6610512381e-02 -1.7836278310e+00
205 170 150
2 0 590 -160.2100 -56.3200 1 571 -188.7400 -74.3600
-4.7365192747e-02 -1.3079888337e-01 -1.7752232388e+00
5 5 5
2 0 636 -56.4200 -156.8800 1 609 -99.6400 -198.8400
2.2335894456e-02 -1.3465046291e-01 -1.7553604921e+00
23 22 18
2 0 637 27.9100 -163.2900 1 809 -6.3500 -217.0600
-4.6848232368e-02 -1.4418473441e-01 -1.7708849158e+00
9 10 5
2 0 646 -55.7100 -173.3600 1 622 -100.0000 -218.2500
-2.8358500145e-02 -1.4650939230e-01 -1.7686178331e+00
8 8 7
2 0 647 -33.4100 -176.1100 1 625 -77.2300 -223.6400
-3.3010268155e-02 -1.5181671308e-01 -1.7679761601e+00
9 10 12
2 0 654 -38.9800 -182.6400 1 635 -83.7700 -230.4800
-9.8770149509e-02 -1.5317305743e-01 -1.7725440896e+00
6 6 4
2 0 655 -117.9100 -184.0600 1 755 -167.0200 -226.0900
-9.6991230411e-02 -1.5712985230e-01 -1.7710717481e+00
8 8 7
2 0 657 -115.8500 -189.1400 1 636 -164.9500 -231.9800
-7.6719152593e-02 -1.5753666505e-01 -1.7689640183e+00
12 12 10
2 0 658 -91.4500 -189.5200 1 637 -138.8400 -234.9300
-1.7187472989e-01 5.7730282657e-02 -1.7771780906e+00
42 45 33
2 0 699 -207.2800 69.1600 1 658 -206.7500 74.1700
-1.0969271953e-01 -5.5729692024e-02 -1.7817911872e+00
197 163 144
2 0 720 -131.5400 -67.1200 1 793 -159.8700 -90.3400
2.5855730710e-02 -1.3123111350e-01 -1.7519267610e+00
227 221 209
2 0 730 32.4000 -159.2000 1 751 0.7300 -214.6000
1.2244269215e-02 -1.5932851204e-01 -1.7590752915e+00
222 217 208
2 0 739 15.8500 -192.2500 1 760 -27.2000 -246.9900
-2.3884335598e-01 -1.9258234446e-01 -1.7839208116e+00
11 10 6
2 0 744 -284.5900 -230.5900 1 882 -366.8700 -265.8800
2.2876936435e-02 1.5704806763e-01 -1.7017626066e+00
26 56 40
2 0 760 29.1200 194.4000 1 775 114.9500 158.3200
-5.4701358463e-02 4.7887173069e-02 -1.7669435617e+00
187 174 168
2 0 768 -66.3100 58.3400 1 780 -55.2100 36.9100
4.6020674518e-02 1.8947906370e-02 -1.7499810482e+00
82 82 80
2 0 772 56.1400 23.0400 1 838 66.4700 -21.5200
4.3521639667e-02 1.1851121305e-02 -1.7499860697e+00
49 48 46
2 0 773 53.1900 14.6000 1 840 61.5700 -30.7000
-1.7331460825e-01 -5.8304492459e-02 -1.7892345565e+00
195 151 126
2 0 792 -207.2000 -70.3400 1 853 -246.1600 -83.4000
1.9717885405e-02 -6.8522393786e-02 -1.7593881676e+00
38 35 32
2 0 795 24.2100 -83.0500 1 860 5.9900 -129.5500
-1.8085241679e-02 -7.6678579192e-02 -1.7738352211e+00
54 70 55
2 0 796 -21.5500 -91.6700 1 719 -49.6300 -131.4100
1.7108337265e-02 -7.6950720754e-02 -1.7606894843e+00
35 34 29
2 0 797 21.1100 -92.9500 1 861 -0.2400 -139.9500
1.5200330047e-02 -8.4515336554e-02 -1.7612542325e+00
32 31 27
2 0 799 18.7700 -102.2500 1 862 -4.7900 -149.2200
1.6403952165e-02 -9.0854151053e-02 -1.7593907923e+00
237 234 226
2 0 800 20.3800 -109.8700 1 798 -3.9800 -158.4300
-5.1927943144e-03 -9.3501515294e-02 -1.7741151632e+00
37 37 31
2 0 802 -6.1200 -112.1800 1 909 -39.0600 -154.0600
4.3582805533e-02 -1.0869798735e-01 -1.7416323782e+00
55 54 49
2 0 805 54.2800 -133.0100 1 866 34.0700 -190.8200
-6.0811743869e-02 -1.3391990833e-01 -1.7764696744e+00
5 5 3
2 0 807 -72.5700 -160.7700 1 801 -117.3500 -201.2400
-6.0811743869e-02 -1.3391990833e-01 -1.7764696744e+00
5 5 3
2 0 808 -72.5700 -160.7700 1 802 -117.3500 -201.2400
-5.9962646308e-02 -1.4988730728e-01 -1.7695639719e+00
10 10 10
2 0 814 -71.3500 -180.1700 1 811 -116.6800 -225.6500
-9.8994551145e-02 -1.5084493790e-01 -1.7731586109e+00
10 10 10
2 0 815 -118.2400 -181.3900 1 872 -166.9600 -222.5500
-6.9119098723e-02 -1.5240074334e-01 -1.7703120722e+00
10 10 8
2 0 816 -82.3300 -183.1600 1 874 -128.9400 -228.0300
-2.6524846068e-02 -1.5198492820e-01 -1.7686565365e+00
13 14 18
2 0 818 -31.1700 -182.6600 1 815 -76.5400 -230.8600
-2.4826207857e-02 -1.5874116489e-01 -1.7671050051e+00
70 71 72
2 0 820 -29.0700 -190.9600 1 875 -75.3800 -240.4000
-9.5321329819e-02 -1.6132669702e-01 -1.7688462590e+00
8 9 6
2 0 821 -113.6900 -193.8700 1 817 -162.9300 -239.1300
-9.5321329819e-02 -1.6132669702e-01 -1.7688462590e+00
8 9 6
2 0 822 -113.6900 -193.8700 1 818 -162.9300 -239.1300
-1.6965142841e-01 -3.9962724732e-02 -1.7875441328e+00
200 156 129
2 0 864 -203.1300 -48.5800 1 906 -235.5800 -59.1100
-9.5077998227e-02 -1.8670800994e-01 -1.7667138818e+00
5 6 8
2 0 883 -112.9300 -223.6700 1 885 -168.5100 -274.6000
1.3705838864e-02 1.7106642070e-01 -1.7001401776e+00
14 38 22
2 0 899 17.6700 212.4100 1 893 109.4600 179.4800
1.6171661008e-01 1.2094828358e-01 -1.6838540643e+00
10 11 8
2 0 901 205.3800 151.5800 1 932 273.7000 77.1700
1.6171661008e-01 1.2094828358e-01 -1.6838540643e+00
10 11 8
2 0 902 205.3800 151.5800 1 933 273.7000 77.1700
-1.6347346653e-01 -8.1034783121e-03 -1.7845881894e+00
215 174 144
2 0 913 -195.9100 -9.3900 1 904 -217.8100 -17.7500
2.9817654269e-02 -7.2973361060e-02 -1.7545137227e+00
34 34 32
2 0 930 36.7100 -88.5600 1 908 19.5300 -138.2800
4.3295657047e-02 -7.3805353645e-02 -1.7452555661e+00
49 49 47
2 0 932 53.5000 -90.3700 1 944 40.9700 -143.9600
5.5477088726e-02 -7.8770556358e-02 -1.7372814833e+00
29 31 30
2 0 935 68.8200 -97.1100 1 947 58.9200 -154.4500
7.0348722739e-02 -7.9980687855e-02 -1.7276176003e+00
54 55 50
2 0 936 87.8800 -98.6900 1 949 81.8500 -161.5800
2.4367585671e-02 -8.9023937019e-02 -1.7552341440e+00
82 81 78
2 0 937 30.1600 -107.9900 1 948 8.4200 -158.3400
6.4375468700e-02 -9.6063232560e-02 -1.7295358104e+00
41 41 39
2 0 938 80.5700 -118.0200 1 952 69.1900 -181.4400
8.2927244390e-02 -9.5890135296e-02 -1.7171662444e+00
52 53 47
2 0 963 104.3200 -118.9600 1 976 98.8200 -187.5500
7.7233383585e-02 -1.1198516207e-01 -1.7197959714e+00
32 32 30
2 0 965 97.1700 -138.5500 1 977 86.0500 -206.9400
5.7069011628e-02 -1.1727190490e-01 -1.7325465651e+00
45 45 43
2 0 966 71.4600 -143.9600 1 954 53.0500 -206.9500
7.1741460157e-02 -1.2903517011e-01 -1.7220102390e+00
50 49 45
2 0 968 90.3400 -159.2600 1 979 73.5400 -227.7500
7.1741460157e-02 -1.2903517011e-01 -1.7220102390e+00
50 49 45
2 0 969 90.3400 -159.2600 1 980 73.5400 -227.7500
-3.1125820341e-02 -1.4396722371e-01 -1.7682493401e+00
77 77 75
2 0 971 -36.8400 -173.4000 1 955 -79.5100 -220.0700
2.0521118655e-02 -1.4425132939e-01 -1.7565517142e+00
221 212 205
2 0 972 25.7500 -174.6600 1 981 -11.8400 -228.8900
2.0521118655e-02 -1.4425132939e-01 -1.7565517142e+00
221 212 205
2 0 973 25.7500 -174.6600 1 982 -11.8400 -228.8900
-4.5739898852e-02 -1.4729511567e-01 -1.7702357345e+00
37 38 33
2 0 974 -54.3400 -177.1000 1 956 -99.1300 -222.7200
2.8978266288e-02 -1.5671199539e-01 -1.7524495563e+00
14 14 12
2 0 977 36.2300 -190.1700 1 984 -2.8400 -247.1800
1.0313259211e-01 -7.3509256907e-02 -1.7062123821e+00
240 233 223
2 0 1001 130.2300 -92.0800 1 1000 135.5700 -164.4700
8.9177700010e-02 -7.7878115848e-02 -1.7150040486e+00
53 54 48
2 0 1002 112.1100 -96.9700 1 1001 112.4700 -165.4300
9.0470009997e-02 -1.1056702158e-01 -1.7115451347e+00
236 229 219
2 0 1003 114.3500 -137.1000 1 1005 106.9300 -209.8800
1.1887817954e-01 7.5807594175e-03 -1.7023949242e+00
77 77 71
2 0 1015 149.9400 9.1500 1 1017 178.9500 -61.7400
-9.2227201407e-03 -9.6574577208e-02 -1.7719193180e+00
34 35 30
2 0 1021 -11.0800 -116.7300 1 999 -42.9700 -157.9900
1.2835046603e-02 -1.2422441298e-01 -1.7644599437e+00
16 16 14
2 0 1022 16.0500 -149.7200 1 1022 -20.3500 -199.2300
3.7564732901e-02 -1.4703640124e-01 -1.7460952533e+00
21 21 19
2 0 1038 47.1000 -178.5800 1 1030 13.5200 -238.5300
8.4066252275e-03 1.4649432818e-01 -1.6957210795e+00
8 8 6
2 0 1040 11.0800 180.4600 1 1012 99.6200 146.1100
1.6114881712e-01 1.4451483076e-01 -1.6925706117e+00
187 183 180
2 0 1041 203.4300 181.2700 1 1034 272.8200 110.3800
1.6114881712e-01 1.4451483076e-01 -1.6925706117e+00
187 183 180
2 0 1042 203.4300 181.2700 1 1035 272.8200 110.3800
7.4957104932e-02 9.5964755673e-02 -1.7176884822e+00
23 22 18
2 0 1071 93.3300 117.7200 1 1057 144.6700 67.8400
