# Bundle file v0.3
3 37
2.2048684146e+03 -6.1366109984e-03 -9.7236229748e-05
9.9998732991e-01 -3.9215003335e-03 3.1562406929e-03
3.8229235851e-03 9.9952272404e-01 3.0654679646e-02
-3.2749466315e-03 -3.0642225181e-02 9.9952505159e-01
-1.4304079606e-03 7.9114696492e-02 -2.3465866486e-01
0 0 0
0 0 0
0 0 0
0 0 0
0 0 0
1.8727842324e+03 -7.4260326586e-03 -8.1232899093e-04
9.7108728732e-01 2.3428826667e-01 4.5809262269e-02
-1.8959952706e-01 8.7352197388e-01 -4.4834292734e-01
-1.4505688452e-01 4.2669470263e-01 8.9268702858e-01
1.2039292720e-01 -1.0967044931e+00 3.9356174049e-01
-9.6735346991e-02 1.5420685073e-01 -2.3250744045e+00
226 216 204
2 0 212 -90.4400 139.2800 2 421 -51.9900 115.4100
-1.2644726227e-01 8.7531601380e-02 -2.3040031545e+00
246 232 219
2 0 304 -117.3800 82.9700 2 451 -102.0500 42.7700
-1.4643907040e-01 8.0088932502e-02 -2.2988918153e+00
248 232 216
2 0 314 -135.4000 76.6300 2 455 -126.4400 37.0600
-1.9696619986e-01 6.9335492319e-02 -2.2790566963e+00
249 224 204
2 0 327 -180.5900 68.2200 2 459 -188.1200 27.2300
-3.2341762576e-01 9.1548548250e-02 -2.7757215844e+00
63 55 43
2 0 342 -244.0900 61.8200 2 377 -280.8500 270.8200
-2.2197718321e-01 5.9854089725e-02 -2.2689750345e+00
245 210 191
2 0 343 -203.3400 60.3400 2 753 -220.1000 17.7900
-3.3485424943e-01 8.7739008944e-02 -2.7762766572e+00
69 56 42
2 0 346 -252.9300 58.8800 2 378 -291.6400 269.9100
-3.2566010919e-01 8.7024519978e-02 -2.7741374366e+00
201 191 181
2 0 347 -246.1200 58.5200 2 379 -283.5800 266.8300
-3.2566010919e-01 8.7024519978e-02 -2.7741374366e+00
201 191 181
2 0 348 -246.1200 58.5200 2 380 -283.5800 266.8300
-1.4429551158e-01 5.5901866142e-02 -2.2920173417e+00
249 232 216
2 0 354 -133.7900 55.9700 2 478 -129.9300 8.2800
-1.2362029118e-01 5.5996385791e-02 -2.2988234638e+00
245 232 219
2 0 356 -115.3700 55.8100 2 479 -106.3500 7.3200
-1.7718212314e-01 3.8592176559e-02 -2.2794263141e+00
250 227 210
2 0 368 -163.6100 41.2300 2 490 -171.8200 -8.6800
-1.7718212314e-01 3.8592176559e-02 -2.2794263141e+00
250 227 210
2 0 369 -163.6100 41.2300 2 491 -171.8200 -8.6800
-1.5666611608e-01 1.9580723220e-02 -2.2827242465e+00
248 227 210
2 0 388 -145.6800 24.4400 2 499 -152.3200 -30.6700
-1.2022176502e-01 1.8973385953e-02 -2.2928304284e+00
244 228 213
2 0 389 -112.8300 23.7800 2 502 -111.3100 -33.7600
1.3434439296e-01 -5.7242370229e-02 -2.0876270688e+00
33 33 31
2 0 440 119.4200 -39.8500 2 868 176.0700 -292.0300
-1.6418666410e-02 -5.8464918693e-02 -2.2978469739e+00
32 31 28
2 0 446 -20.8800 -43.1700 2 816 -16.8300 -127.5900
-2.4512842049e-01 1.4641291520e-01 -2.2837426668e+00
56 53 34
2 0 688 -220.7500 135.5000 2 676 -228.7400 122.9000
-3.6266982665e-01 9.5725534234e-02 -2.7816230133e+00
105 90 82
2 0 762 -273.3300 64.3200 2 372 -315.4300 284.0000
-3.2175637523e-01 8.7922889864e-02 -2.7766200356e+00
44 30 23
2 0 765 -242.8300 59.1300 2 631 -279.7900 267.5900
-1.2349871232e-01 5.2622506376e-02 -2.2969374455e+00
244 230 217
2 0 774 -115.3300 52.9700 2 767 -107.0500 2.9000
-3.3618886422e-01 9.7002601049e-02 -2.7752530914e+00
113 101 87
2 0 1012 -253.4900 65.7900 2 628 -291.9100 277.9900
-3.6745239271e-01 9.5140840440e-02 -2.7806511788e+00
202 187 174
2 0 1013 -277.2200 63.8700 2 626 -319.8400 284.1500
-3.5894710979e-01 8.7637511719e-02 -2.7812074391e+00
40 24 9
2 0 1015 -270.6100 58.4500 2 872 -313.2600 276.0400
-1.5639604941e-01 2.9380307957e-02 -2.2834367578e+00
246 227 210
2 0 1025 -145.3000 33.0200 2 902 -149.8100 -20.4700
1.4333977293e-01 -5.4590441841e-05 -2.1553841292e+00
223 215 204
2 0 1032 125.5100 12.8500 2 943 193.4400 -190.2800
-1.3026266468e-01 7.4577323505e-02 -2.2988152039e+00
227 211 196
2 0 1157 -121.0200 71.9800 2 993 -109.5100 27.7200
-3.7625721382e-02 2.7183841640e-02 -2.3166835563e+00
73 73 65
2 0 1166 -38.8700 30.7800 2 1095 -19.0100 -30.7600
-2.0233657688e-01 2.3696562648e-02 -2.2674769954e+00
248 217 196
2 0 1168 -186.5900 28.5400 2 1008 -204.8300 -24.7300
2.5415738808e-02 2.5710336522e-01 -2.2875823231e+00
8 8 3
2 0 1268 12.2300 231.3400 2 1128 123.1800 180.6500
1.7824758626e-02 2.5088338505e-01 -2.2918963321e+00
93 90 83
2 0 1270 6.2300 225.6700 2 1129 111.3600 177.4700
-3.5533839318e-01 1.0911676790e-01 -2.7736767279e+00
213 204 197
2 0 1297 -268.2400 74.5600 2 1074 -307.6100 292.0400
-5.5775450423e-02 1.2157096719e-01 -2.3302492961e+00
150 145 134
2 0 1405 -54.6100 111.1800 2 1136 -14.8300 74.5500
-2.1504787346e-01 7.7506643600e-03 -2.2608881045e+00
237 203 181
2 0 1430 -198.2500 14.6800 2 1145 -223.5500 -41.7900
-1.9285801002e-01 2.4222147266e-01 -2.2589279470e+00
57 47 37
2 0 1488 -177.8000 221.8100 2 1178 -143.1500 206.1400
2.6824587121e-02 1.9513658694e-01 -2.2720592281e+00
18 18 16
2 0 1496 15.0800 179.5200 2 1227 106.2400 105.1800
4.6742015360e-02 8.8245074943e-02 -2.2485216975e+00
241 238 229
2 0 1567 34.0900 87.6500 2 1234 98.3500 -24.1400
