# Bundle file v0.3
3 26
2.1608431121e+03 -2.9330385293e-02 -9.2856211163e-04
9.9999451214e-01 -8.9109289951e-04 3.1908675820e-03
8.9544614867e-04 9.9999867005e-01 -1.3631152280e-03
-3.1896486760e-03 1.3659649975e-03 9.9999398012e-01
6.6604214255e-03 -2.2499031454e-03 -1.6109002145e-02
2.0899047368e+03 5.1655679346e-02 1.8144463669e-03
8.4180272674e-01 -6.1312540990e-02 5.3629184366e-01
5.3682789946e-02 9.9811188851e-01 2.9846542158e-02
-5.3710923220e-01 3.6647418205e-03 8.4350473760e-01
9.8471057965e-01 2.5896878694e-02 -4.8615016440e-02
0 0 0
0 0 0
0 0 0
0 0 0
0 0 0
6.1834190430e-02 8.8438838810e-02 -1.5388815661e+00
205 164 39
2 0 68 88.2300 122.5900 1 37 312.5500 108.6800
-2.4455368108e-01 -2.1209890807e-02 -2.0237711615e+00
37 37 29
2 0 125 -258.7900 -21.8200 1 320 -393.3900 -88.9700
-2.4187904446e-01 -2.2509441538e-02 -2.0235720500e+00
14 12 3
2 0 128 -255.9800 -23.1800 1 321 -389.9300 -90.3900
-1.5213733478e-01 -8.3009807031e-02 -1.7421778755e+00
104 105 102
2 0 197 -185.5300 -102.2800 1 177 -105.6400 -170.2300
-9.5583083765e-02 -8.4848894579e-02 -1.7323996293e+00
127 128 125
2 0 205 -116.6600 -105.3200 1 171 -28.1300 -165.2700
-4.2561345793e-02 -1.1940068949e-01 -1.7568657148e+00
180 177 168
2 0 234 -50.5500 -146.6400 1 401 19.3900 -204.0800
-4.2561345793e-02 -1.1940068949e-01 -1.7568657148e+00
180 177 168
2 0 235 -50.5500 -146.6400 1 402 19.3900 -204.0800
7.0090759742e-02 8.8590601528e-02 -1.5375594107e+00
41 24 7
2 0 345 99.7900 123.1800 1 262 323.4100 109.1400
7.0090759742e-02 8.8590601528e-02 -1.5375594107e+00
41 24 7
2 0 346 99.7900 123.1800 1 263 323.4100 109.1400
-1.4671750868e-01 1.9456036379e-02 -1.7195948828e+00
151 125 109
2 0 372 -181.2300 24.1500 1 290 -91.5300 -20.4100
-2.3846404429e-01 -2.0146117377e-02 -2.0223849779e+00
56 53 44
2 0 393 -252.5100 -20.6900 1 463 -385.3800 -87.0200
-2.2808949904e-01 -2.0470950139e-02 -2.0191281102e+00
56 57 51
2 0 394 -241.8900 -21.0100 1 462 -371.1700 -86.4800
-2.4074341781e-01 -2.7738675759e-02 -2.0242891616e+00
23 19 8
2 0 399 -254.7100 -29.2400 1 323 -388.5000 -96.5500
-5.7416730617e-02 -1.7185400469e-01 -1.7459365551e+00
31 32 28
2 0 487 -68.8200 -210.1200 1 224 14.8600 -282.1400
-6.6340867189e-02 -1.7703730484e-01 -1.7480713718e+00
34 34 32
2 0 492 -79.6200 -215.7700 1 421 3.1800 -291.1400
-1.6057147161e-01 1.2322888727e-02 -1.7244102432e+00
139 113 98
2 0 533 -197.9500 14.8600 1 447 -112.1300 -31.9700
-2.3637627409e-01 -2.7145730105e-02 -2.0233292448e+00
53 52 44
2 0 556 -250.2200 -28.9800 1 577 -382.7800 -95.0600
-2.2599515097e-01 -4.0707382629e-02 -2.0184409872e+00
31 24 13
2 0 570 -239.7500 -43.0900 1 467 -366.7200 -111.7400
-3.1730821876e-01 -1.1094342195e-01 -1.7359025227e+00
212 208 201
2 0 628 -389.5900 -136.6000 1 634 -322.0600 -239.9200
-1.7071410066e-02 -4.3371604896e-02 -1.7312939157e+00
32 29 21
2 0 766 -19.6400 -53.1800 1 734 62.0500 -97.8200
-1.6319808320e-01 7.2839538963e-02 -1.6845094929e+00
107 97 81
2 0 827 -205.8300 91.8600 1 721 -91.5800 60.3300
-1.6553202690e-01 5.5148670267e-02 -1.6973603143e+00
158 121 102
2 0 830 -207.2400 70.2000 1 723 -102.5900 31.5100
-4.6406648709e-02 -1.1392184947e-01 -1.7605410359e+00
25 24 20
2 0 854 -55.1000 -139.1500 1 774 11.7100 -197.2600
1.8107784412e-02 -8.5288889336e-02 -1.7001295990e+00
24 26 21
2 0 922 24.4600 -107.0400 1 841 130.8600 -152.8800
1.5444801460e-02 -1.1458989519e-01 -1.7033697386e+00
40 39 35
2 0 987 21.1100 -143.3600 1 884 127.7100 -194.2800
4.5301615808e-02 -8.3351405875e-02 -1.6772859565e+00
27 28 22
2 0 1009 59.6100 -105.4200 1 898 180.5300 -148.2000
