# Bundle file v0.3
3 17
2.1330000000e+03 0.0000000000e+00 0.0000000000e+00
1.0000000000e+00 0.0000000000e+00 0.0000000000e+00
0.0000000000e+00 1.0000000000e+00 0.0000000000e+00
0.0000000000e+00 0.0000000000e+00 1.0000000000e+00
-0.0000000000e+00 -0.0000000000e+00 -0.0000000000e+00
2.1330000000e+03 0.0000000000e+00 0.0000000000e+00
4.4966169311e-01 -7.8012649829e-01 4.3497931953e-01
4.4895955292e-01 -2.2359390015e-01 -8.6512489714e-01
7.7216557913e-01 5.8430164682e-01 2.4970363218e-01
3.3781864052e-01 -7.3426518901e-01 -5.8884055424e-01
0 0 0
0 0 0
0 0 0
0 0 0
0 0 0
5.4588107888e-02 5.8588294055e-02 -8.6711653798e-01
230 128 113
2 0 74 134.2800 144.1200 1 368 -177.0800 79.9000
5.4588107888e-02 5.8588294055e-02 -8.6711653798e-01
230 128 113
2 0 75 134.2800 144.1200 1 367 -177.0800 79.9000
-5.6661702331e-03 4.9038207490e-02 -8.3402425311e-01
239 135 122
2 0 91 -14.3800 125.2400 1 164 -181.6900 -72.5100
-5.7541307136e-03 4.7750022056e-02 -8.3373010204e-01
243 139 126
2 0 93 -14.6300 122.0200 1 165 -178.4700 -72.4400
4.5610339485e-03 4.6255257100e-02 -8.3800074344e-01
245 144 134
2 0 536 11.6000 117.7500 1 425 -168.7500 -48.8600
1.5626068414e-03 4.2433302053e-02 -8.3535051389e-01
245 147 134
2 0 540 3.9900 108.3500 1 590 -160.2100 -56.3200
1.6824257024e-03 3.9990989810e-02 -8.3456376995e-01
248 152 138
2 0 544 4.3000 102.2100 1 428 -153.6200 -56.4600
-7.9574584126e-03 3.1011773465e-02 -8.2716454055e-01
253 159 147
2 0 563 -20.7500 80.3200 1 442 -135.1100 -79.2400
2.2224953898e-02 2.4685769010e-02 -8.3978048607e-01
251 169 155
2 0 580 56.4300 62.7300 1 399 -102.1300 -9.1400
9.3459426219e-03 2.4411510723e-02 -8.3317565576e-01
249 166 152
2 0 582 24.1000 62.2400 1 420 -108.7400 -40.6400
7.8358312902e-03 4.2864173543e-02 -8.3857924324e-01
248 151 134
2 0 902 19.9500 109.0000 1 568 -158.1300 -41.3200
1.4404418459e-01 -1.3125428901e-04 -8.7487184598e-01
145 135 105
2 0 939 351.1900 -0.3200 1 847 67.8400 267.5100
-2.6193644663e-03 3.0641840913e-02 -8.2962706958e-01
253 158 143
2 0 1124 -6.7800 78.8500 1 720 -131.5400 -67.1200
-1.4185897890e-01 1.2291725252e-02 -9.1512235769e-01
35 32 23
2 0 1143 -330.6500 28.6500 1 715 -309.8900 -20.8900
-1.4185897890e-01 1.2291725252e-02 -9.1512235769e-01
35 32 23
2 0 1144 -330.6500 28.6500 1 716 -309.8900 -20.8900
-1.6057532430e-01 3.9666578381e-03 -8.9986303249e-01
36 34 23
2 0 1287 -380.7500 9.6200 1 790 -293.7700 -65.4400
-1.4606993775e-01 1.7106672475e-02 -9.1287438968e-01
17 16 14
2 0 1543 -341.1500 39.7100 1 962 -321.0300 -32.4400
