# Bundle file v0.3
3 46
2.1407549218e+03 -2.4695450400e-02 -7.0785070206e-04
9.9999093241e-01 -1.4544451301e-03 4.0024600434e-03
1.4552422649e-03 9.9999892188e-01 -1.9625614839e-04
-4.0021702844e-03 2.0207891784e-04 9.9999197087e-01
3.9474799157e-03 -1.3949863303e-04 -2.5343360986e-03
2.1185066634e+03 4.3931373651e-02 1.6633105157e-03
-2.3767205834e-02 9.9969804575e-01 -6.2399715421e-03
-3.0041869535e-01 -1.1887453379e-03 9.5380668606e-01
9.5351126234e-01 2.4543923943e-02 3.0035623580e-01
-2.4898993956e-02 9.3028499407e-01 -3.7240638834e-01
0 0 0
0 0 0
0 0 0
0 0 0
0 0 0
-4.6260620331e-02 8.1873201567e-02 -9.8741018440e-01
218 208 196
2 0 120 -100.2900 177.3500 1 635 191.1300 6.8000
-4.6260620331e-02 8.1873201567e-02 -9.8741018440e-01
218 208 196
2 0 121 -100.2900 177.3500 1 634 191.1300 6.8000
-5.6072788213e-02 8.0028829227e-02 -9.7950736027e-01
226 210 194
2 0 130 -122.4200 174.5900 1 600 184.4500 37.6900
-5.6072788213e-02 8.0028829227e-02 -9.7950736027e-01
226 210 194
2 0 131 -122.4200 174.5900 1 601 184.4500 37.6900
-4.9031081663e-02 8.0208085041e-02 -9.8512755053e-01
220 208 192
2 0 136 -106.5300 173.4900 1 936 186.2700 15.7600
-6.6939532052e-02 7.8311947462e-02 -9.7058463499e-01
234 214 194
2 0 137 -147.3700 172.2900 1 909 178.1300 71.6800
-6.9963974578e-02 7.7616102246e-02 -9.6817823614e-01
234 213 192
2 0 140 -154.3700 171.5000 1 556 175.4900 80.7800
-6.9703784575e-02 7.6222916643e-02 -9.6814802549e-01
234 213 192
2 0 148 -153.8100 168.1000 1 560 171.7200 80.6800
-5.3791440989e-02 7.7010871419e-02 -9.8110492618e-01
227 214 197
2 0 149 -117.2700 167.5400 1 618 175.9600 31.2600
-7.7655530172e-02 7.2737498679e-02 -9.6160026938e-01
240 218 195
2 0 163 -172.4500 161.3000 1 543 160.8800 105.0200
-7.7655530172e-02 7.2737498679e-02 -9.6160026938e-01
240 218 195
2 0 164 -172.4500 161.3000 1 542 160.8800 105.0200
-4.5638744285e-02 7.4620040973e-02 -9.8737291630e-01
219 210 195
2 0 165 -98.9400 161.4200 1 636 169.7500 6.3900
-6.6445517401e-02 7.2498951694e-02 -9.7061534650e-01
238 222 199
2 0 170 -146.2800 159.0100 1 569 161.5600 71.2300
-6.3900933318e-02 6.4960067083e-02 -9.7227865156e-01
241 223 203
2 0 206 -140.4100 143.1600 1 570 139.0000 64.5000
-6.3655730927e-02 6.4026410446e-02 -9.7240517151e-01
244 226 206
2 0 210 -139.8700 140.3100 1 911 136.8700 63.9800
-2.6341543127e-02 5.9030138858e-02 -1.0015119344e+00
103 101 88
2 0 235 -56.4800 125.7400 1 948 124.7400 -52.0500
-6.1769898800e-02 3.6696219454e-02 -9.7231931137e-01
249 232 216
2 0 307 -135.6600 80.8200 1 580 56.4300 62.7300
-6.1769898800e-02 3.6696219454e-02 -9.7231931137e-01
249 232 216
2 0 308 -135.6600 80.8200 1 579 56.4300 62.7300
-6.1655137975e-02 3.4849009380e-02 -9.7233147208e-01
248 232 216
2 0 313 -135.4000 76.6300 1 578 51.1100 62.6100
-6.1655137975e-02 3.4849009380e-02 -9.7233147208e-01
248 232 216
2 0 314 -135.4000 76.6300 1 577 51.1100 62.6100
-8.0953506204e-02 3.0487245390e-02 -9.5637778225e-01
249 224 204
2 0 327 -180.5900 68.2200 1 531 38.5400 121.9500
-6.1186669003e-02 2.9085442037e-02 -9.7233807090e-01
249 233 217
2 0 341 -134.3500 63.7500 1 576 34.3600 62.2300
-6.0933102288e-02 2.5573579430e-02 -9.7226491437e-01
249 232 216
2 0 354 -133.7900 55.9700 1 582 24.1000 62.2400
-6.0933102288e-02 2.5573579430e-02 -9.7226491437e-01
249 232 216
2 0 355 -133.7900 55.9700 1 581 24.1000 62.2400
-5.2872252615e-02 2.5823206859e-02 -9.7871238300e-01
245 232 219
2 0 356 -115.3700 55.8100 1 603 24.8500 37.3900
-5.4849688553e-02 2.2603309382e-02 -9.7695248592e-01
241 225 211
2 0 362 -119.8800 49.1300 1 920 15.2100 44.0300
-7.3743142015e-02 1.8631097167e-02 -9.6156652591e-01
250 227 210
2 0 369 -163.6100 41.2300 1 544 4.3000 102.2100
-5.1734850398e-02 1.1082071662e-02 -9.7880132018e-01
244 228 213
2 0 389 -112.8300 23.7800 1 610 -18.9400 36.2100
-5.1734850398e-02 1.1082071662e-02 -9.7880132018e-01
244 228 213
2 0 390 -112.8300 23.7800 1 609 -18.9400 36.2100
-5.4178335846e-02 9.9791947937e-02 -9.6404317853e-01
47 47 39
2 0 620 -120.1200 220.7200 1 561 245.0800 80.2900
-7.7645397021e-02 7.1533273420e-02 -9.6154538788e-01
239 217 194
2 0 665 -172.4300 158.7500 1 903 157.3100 105.1600
-5.8860106737e-02 2.4182929965e-02 -9.7394155599e-01
243 230 213
2 0 772 -129.0300 53.0400 1 913 19.7900 55.8300
-5.8860106737e-02 2.4182929965e-02 -9.7394155599e-01
243 230 213
2 0 773 -129.0300 53.0400 1 912 19.7900 55.8300
-5.2857467966e-02 2.4410633553e-02 -9.7879168288e-01
244 230 217
2 0 774 -115.3300 52.9700 1 925 20.4900 37.1500
-5.3396316062e-02 7.8828584448e-02 -9.8154398096e-01
224 211 194
2 0 954 -116.3700 171.3400 1 1142 181.4500 29.6800
-6.5898701380e-02 1.4988630536e-02 -9.6776527861e-01
246 227 210
2 0 1025 -145.3000 33.0200 1 1124 -6.7800 78.8500
5.5117392598e-03 1.2150916372e-01 -1.0143217602e+00
9 10 5
2 0 1102 10.9700 255.6300 1 1494 326.0700 -123.6100
3.7867219872e-02 1.0995823213e-01 -1.0266113588e+00
192 193 185
2 0 1107 78.0900 229.1800 1 1507 298.9500 -199.6300
-4.9169761790e-02 9.9627039199e-02 -9.6833283050e-01
38 37 32
2 0 1111 -108.5700 219.6000 1 1269 245.3600 63.9100
8.2906905248e-03 1.2918025756e-01 -1.0152778957e+00
150 149 144
2 0 1263 16.6900 270.7400 1 1380 352.1100 -129.6500
6.0676459898e-03 1.0965341377e-01 -1.0142994759e+00
8 8 3
2 0 1268 12.2300 231.3400 1 1493 288.0600 -124.0800
3.1979416746e-03 1.0674018820e-01 -1.0132721317e+00
93 90 83
2 0 1270 6.2300 225.6700 1 1374 277.8000 -117.7900
-5.9242520464e-02 9.4208661491e-02 -9.6186176631e-01
45 41 34
2 0 1274 -131.5500 209.6200 1 1420 226.7700 90.4500
-4.0870925279e-02 1.1176024290e-01 -9.7392022185e-01
47 43 32
2 0 1371 -89.8800 244.4200 1 1587 284.2600 40.8500
-8.6431476044e-02 9.3959024652e-02 -9.4258301292e-01
50 43 33
2 0 1379 -195.6800 212.5300 1 1522 221.9000 164.5600
-7.8886682695e-02 9.8703006510e-02 -9.4721895259e-01
57 47 37
2 0 1488 -177.8000 221.8100 1 1523 237.3500 146.4700
