# Bundle file v0.3
3 85
1.7331127599e+03 -8.4366536588e-02 -4.4836361122e-03
9.8303763272e-01 1.8636666148e-02 1.8245461720e-01
2.0730942537e-02 9.7715681938e-01 -2.1150597713e-01
-1.8222853971e-01 2.1170079125e-01 9.6019557086e-01
6.8355315981e-01 -9.7461943112e-01 -2.1763679453e+00
2.2705722798e+03 6.6792640277e-02 2.1366443270e-03
9.8334667293e-01 -1.6232369619e-01 8.1733337725e-02
1.4197262116e-01 9.6687344372e-01 2.1213089983e-01
-1.1345966545e-01 -1.9699431838e-01 9.7381730465e-01
3.2722526804e-02 1.3742006788e+00 -5.3732358911e+00
0 0 0
0 0 0
0 0 0
0 0 0
0 0 0
-9.7107645457e-01 8.1943272768e-01 -6.4416175776e+00
124 112 96
2 0 23 -308.3500 251.6200 1 230 -307.3000 128.7500
-1.2650747179e+00 6.8049529868e-01 -6.4818856689e+00
29 29 25
2 0 39 -370.7200 222.3700 1 283 -361.6600 92.8700
-6.7452057525e-01 6.3929809380e-01 -6.2819182063e+00
216 207 198
2 0 57 -242.0600 209.7100 1 255 -245.7800 111.0600
-6.6814470501e-01 6.2711003360e-01 -6.2884732528e+00
124 116 107
2 0 60 -240.6100 207.2100 1 715 -244.2700 108.5700
-7.6940024123e-01 4.8918344935e-01 -6.3268572489e+00
120 106 96
2 0 83 -263.0600 178.1600 1 310 -259.7600 77.9800
-7.1444591034e-01 4.4349814223e-01 -6.3239378589e+00
200 189 186
2 0 88 -250.8900 168.3400 1 321 -247.8400 70.9400
-7.0166115459e-01 3.9675934870e-01 -6.3364249504e+00
48 35 18
2 0 94 -248.0300 158.6800 1 342 -244.0900 61.8200
-7.1377464849e-01 3.8089953247e-01 -6.3352452057e+00
184 172 156
2 0 97 -250.5200 155.2500 1 347 -246.1200 58.5200
-7.1377464849e-01 3.8089953247e-01 -6.3352452057e+00
184 172 156
2 0 98 -250.5200 155.2500 1 348 -246.1200 58.5200
-1.5704124625e-01 2.5001866805e-01 -4.4551702593e+00
216 212 201
2 0 149 -75.7000 56.7700 1 187 -122.9200 151.1600
1.1851262285e-01 8.3537114302e-02 -4.5012297664e+00
100 102 90
2 0 182 -5.6500 16.3200 1 242 -53.4300 120.1300
-1.8013777504e-01 -4.9991177873e-02 -4.4617532256e+00
212 208 199
2 0 206 -83.0900 -22.4900 1 304 -117.3800 82.9700
-2.6553604219e-01 -1.2626364198e-01 -4.4488963776e+00
213 203 193
2 0 222 -105.6900 -43.8400 1 340 -134.3500 63.7500
-1.9036725102e-01 -1.6867466102e-01 -4.4636132822e+00
204 197 187
2 0 231 -86.2800 -53.4600 1 356 -115.3700 55.8100
-4.0339311594e-01 -2.1043179888e-01 -4.4281912620e+00
224 202 188
2 0 244 -142.1200 -68.2200 1 368 -163.6100 41.2300
-1.9367239080e-01 -2.2543692017e-01 -4.4689304379e+00
202 193 184
2 0 245 -87.4800 -67.8700 1 367 -114.1300 42.5700
-1.9367239080e-01 -2.2543692017e-01 -4.4689304379e+00
202 193 184
2 0 246 -87.4800 -67.8700 1 366 -114.1300 42.5700
-6.9501251617e-01 9.3500308931e-01 -6.3311790951e+00
78 71 52
2 0 410 -247.8500 275.0500 1 158 -257.4100 163.3900
-9.4775812847e-01 8.8231548777e-01 -6.4114475618e+00
147 137 125
2 0 415 -303.4000 264.8100 1 207 -304.7100 142.6400
-6.5652588159e-01 8.6964472600e-01 -6.2897307510e+00
97 88 71
2 0 416 -238.8500 260.1300 1 669 -248.3500 154.4600
-6.5652588159e-01 8.6964472600e-01 -6.2897307510e+00
97 88 71
2 0 417 -238.8500 260.1300 1 670 -248.3500 154.4600
-6.3933199660e-01 8.6741372309e-01 -6.2915615791e+00
207 196 176
2 0 418 -235.0500 259.6600 1 671 -244.9700 154.3800
-6.1149220002e-01 8.6428002608e-01 -6.3002637983e+00
160 152 131
2 0 419 -229.0600 259.0800 1 181 -239.4000 154.0500
-1.3709569139e+00 8.1318497183e-01 -6.4873405657e+00
124 116 95
2 0 422 -395.2600 251.0400 1 709 -384.8400 114.7000
-6.2548135303e-01 8.1861289361e-01 -6.2828058142e+00
128 117 97
2 0 423 -231.9100 248.8200 1 200 -240.8700 146.1000
-1.3303257720e+00 7.8833540831e-01 -6.4937183092e+00
55 51 50
2 0 425 -386.3200 245.7600 1 256 -376.0200 110.8400
-1.2105701840e+00 7.7128279132e-01 -6.4900940081e+00
20 16 10
2 0 428 -359.7700 242.0500 1 984 -352.6500 110.9300
-9.5428233728e-01 7.6557610478e-01 -6.4615496069e+00
123 114 97
2 0 429 -304.5300 240.3200 1 247 -302.4700 118.1400
-1.3423004040e+00 7.1876815605e-01 -6.5176892198e+00
21 24 37
2 0 433 -388.4600 231.1700 1 728 -376.1600 96.3800
-6.5046972203e-01 6.4603723776e-01 -6.2750420096e+00
106 96 87
2 0 437 -236.8700 211.0300 1 710 -241.1400 113.3600
-6.3892092685e-01 5.6940524119e-01 -6.2852035243e+00
108 98 91
2 0 442 -234.3400 194.6200 1 276 -236.6800 98.6900
2.2731529608e-02 7.4834696918e-01 -4.1678503104e+00
15 10 8
2 0 444 -11.0400 183.6600 1 3 -97.2900 288.4300
-8.4518051495e-01 4.4079539528e-01 -6.3768211687e+00
92 78 65
2 0 450 -279.3800 168.9600 1 762 -273.3300 64.3200
-2.5121655129e-01 2.8033619350e-01 -4.4429316436e+00
232 224 213
2 0 500 -100.6100 63.9400 1 179 -145.7400 155.7500
-4.7084573847e-01 2.6181220122e-01 -4.3938334600e+00
241 216 198
2 0 511 -159.3300 55.6100 1 195 -196.1000 147.9200
-5.8210855347e-01 2.1695492884e-01 -4.3749013566e+00
14 11 4
2 0 521 -189.6900 41.9100 1 688 -220.7500 135.5000
-5.8210855347e-01 2.1695492884e-01 -4.3749013566e+00
14 11 4
2 0 523 -189.6900 41.9100 1 689 -220.7500 135.5000
-4.5691398317e-01 -8.7645490547e-02 -4.4132280691e+00
232 207 187
2 0 591 -156.0900 -37.1800 1 327 -180.5900 68.2200
-1.9783065400e-01 -2.5597134503e-01 -4.4591836579e+00
201 193 183
2 0 642 -88.4300 -76.4800 1 375 -113.7800 36.0800
-9.1023112511e-01 -1.1310854782e+00 -6.5464664569e+00
21 14 4
2 0 668 -287.9500 -144.5000 1 593 -242.5400 -246.5200
-1.3541791428e+00 7.5859805441e-01 -6.5051642087e+00
43 41 38
2 0 757 -391.4200 239.5200 1 988 -379.6100 104.1200
-1.2985860379e+00 7.5222891996e-01 -6.5025144544e+00
11 14 10
2 0 758 -379.1500 238.1200 1 987 -368.7700 104.5100
-1.2756156429e+00 7.5369259531e-01 -6.4891305756e+00
38 37 37
2 0 761 -374.2900 238.2100 1 718 -364.4500 106.0700
-1.2067564725e+00 7.4949618396e-01 -6.4964236337e+00
108 103 81
2 0 762 -359.2400 237.4400 1 985 -350.8000 106.7400
-6.3984307584e-01 7.4415691461e-01 -6.2712294171e+00
215 203 194
2 0 766 -234.6200 232.3600 1 975 -241.8600 132.3100
-6.5474167768e-01 6.6584978016e-01 -6.2704477967e+00
226 216 207
2 0 770 -237.7900 215.2500 1 705 -242.5500 117.2200
-6.6486322741e-01 6.0751884796e-01 -6.2874617899e+00
210 201 195
2 0 773 -240.1400 202.9100 1 720 -242.7700 105.0900
-8.6461156445e-01 4.4237689411e-01 -6.3812127506e+00
187 171 156
2 0 780 -283.5500 169.3900 1 1013 -277.2200 63.8700
-8.3007048390e-01 4.2887735939e-01 -6.3756920151e+00
182 168 155
2 0 781 -276.2300 166.3900 1 764 -269.8800 62.5700
-7.4653758092e-01 4.2488757142e-01 -6.3400758419e+00
119 106 90
2 0 782 -257.9900 164.7200 1 1012 -253.4900 65.7900
-7.7113609212e-01 4.1476430794e-01 -6.3416422305e+00
204 190 177
2 0 783 -263.1000 162.5800 1 763 -258.2500 63.0800
-6.9738829554e-01 3.8442292080e-01 -6.3466455472e+00
41 33 21
2 0 785 -247.2100 156.3200 1 765 -242.8300 59.1300
-6.3478613388e-03 2.1395090300e-01 -4.4854622343e+00
154 157 151
2 0 806 -37.0100 49.2500 1 679 -86.9200 146.0100
-8.0625105379e-01 5.6944568607e-01 -6.3430591261e+00
204 192 185
2 0 917 -271.3700 195.8000 1 1149 -269.1200 91.3400
-8.7586064827e-01 5.2766885061e-01 -6.3817904060e+00
188 172 157
2 0 919 -286.3700 187.6500 1 1153 -281.6000 79.6500
-7.3015223365e-01 5.3015261057e-01 -6.3155372626e+00
167 156 150
2 0 922 -254.4600 186.7600 1 1151 -253.3200 87.3200
-8.0777690369e-01 5.2525903719e-01 -6.3609392360e+00
201 188 180
2 0 923 -271.0200 186.7500 1 747 -268.8300 81.9300
-8.3634711622e-01 4.0775359104e-01 -6.3816505314e+00
38 22 6
2 0 927 -277.5200 162.0300 1 1159 -270.5400 58.1200
4.5009945488e-01 5.1650346418e-01 -4.1960401712e+00
5 6 2
2 0 930 103.7000 119.6600 1 1103 11.5200 247.6300
-1.3319957362e+00 2.2210406252e-01 -6.2645561701e+00
149 102 44
2 0 931 -384.9400 117.8600 1 1173 -365.5800 14.1400
9.5323981309e-02 9.8156487658e-02 -4.5124481339e+00
113 108 96
2 0 953 -11.7700 20.6900 1 1141 -59.8800 121.7900
-3.3161526451e-01 -2.5334980448e-01 -4.4432540183e+00
214 196 182
2 0 981 -123.3100 -77.8700 1 1025 -145.3000 33.0200
-5.0842656492e-01 -2.5594497196e-01 -4.4064324368e+00
220 192 171
2 0 983 -170.0900 -82.4700 1 1168 -186.5900 28.5400
-8.8667563029e-01 8.1908393012e-01 -6.4050538954e+00
158 148 136
2 0 1042 -289.7900 250.9600 1 1138 -291.2600 132.7900
-5.0555820694e-02 7.6695622395e-01 -4.1414142907e+00
17 49 28
2 0 1053 -30.6500 188.1300 1 1099 -114.7700 292.5900
-8.1206311881e-01 4.8015013866e-01 -6.3364793272e+00
205 191 180
2 0 1054 -272.0000 176.4400 1 1297 -268.2400 74.5600
-7.7131453165e-01 1.1930804294e-01 -6.2954872850e+00
142 92 38
2 0 1064 -261.4700 98.2700 1 1175 -250.9200 8.7000
-9.7062753207e-01 8.0015105910e-01 -6.4510628217e+00
132 120 104
2 0 1123 -308.2200 247.6000 1 1398 -306.6000 124.6900
-9.2920621467e-01 7.9083825415e-01 -6.4285677415e+00
183 174 159
2 0 1124 -299.0100 245.2300 1 1399 -298.6300 125.1800
-7.5096742436e-01 5.5961796290e-01 -6.3177044339e+00
212 199 191
2 0 1129 -259.1300 193.1500 1 1294 -258.1500 92.2300
4.4502405609e-01 4.5068412041e-01 -4.2129916459e+00
10 12 9
2 0 1132 100.9000 102.1900 1 1268 12.2300 231.3400
4.1813030948e-01 4.3688857488e-01 -4.2381665104e+00
128 120 109
2 0 1134 91.6500 99.3700 1 1270 6.2300 225.6700
1.0727024853e-01 4.7099590268e-02 -4.5105529176e+00
109 107 95
2 0 1146 -9.3800 7.2500 1 1405 -54.6100 111.1800
-3.5752761671e-01 -2.4929422363e-01 -4.4354627457e+00
179 160 146
2 0 1149 -130.1400 -77.5600 1 1311 -151.3500 33.5400
1.1790953073e-01 -3.1318007253e-01 -4.5134023603e+00
48 45 41
2 0 1152 -8.4900 -85.0900 1 1166 -38.8700 30.7800
-9.4735775312e-01 5.9609061712e-01 -6.4814471382e+00
164 153 135
2 0 1204 -303.0800 204.3600 1 1506 -295.8600 85.8900
-9.0719192534e-01 4.4604065558e-01 -6.3988546183e+00
48 30 10
2 0 1208 -293.3900 170.5200 1 1423 -284.9600 62.7000
-8.0109499431e-01 4.2600995149e-01 -6.3596007349e+00
189 175 166
2 0 1209 -269.3000 165.4500 1 1513 -264.8100 63.4400
-5.6465834471e-01 -3.0937009976e-01 -4.3997660828e+00
208 176 155
2 0 1229 -184.9800 -97.4000 1 1430 -198.2500 14.6800
4.3370016457e-01 3.8968560191e-01 -4.2235266378e+00
34 34 32
2 0 1272 96.6600 85.8400 1 1489 11.7000 216.5300
4.2427918092e-01 3.0817173575e-01 -4.2199356244e+00
28 25 20
2 0 1276 93.5500 63.2800 1 1491 12.8700 198.2300
4.1815487112e-01 2.2437118334e-01 -4.2162903471e+00
43 43 38
2 0 1280 91.1600 40.1600 1 1496 15.0800 179.5200
3.9964308812e-01 -4.8897256738e-02 -4.2491978824e+00
46 44 39
2 0 1283 82.0700 -31.5400 1 1503 20.5300 114.7200
4.7497372051e-01 3.3469243638e-01 -4.1861292326e+00
222 215 205
2 0 1317 110.0100 69.1500 1 1559 24.0600 208.0600
-1.0483192720e+00 6.0758251416e-01 -6.4902294091e+00
50 43 33
2 0 1375 -324.5500 206.9600 1 1637 -316.0900 84.8400
