# Bundle file v0.3
3 154
1.3397140880e+03 1.1127485428e-01 1.0380529488e-02
9.9484476871e-01 6.9767928041e-02 7.3595668259e-02
-7.2262501937e-02 9.9687880741e-01 3.1792674498e-02
-7.1147852977e-02 -3.6946983028e-02 9.9678127162e-01
1.3831397374e-01 4.7162520211e-02 6.0640658553e-01
1.6262083098e+03 -6.2466784347e-02 -3.3226651415e-03
9.4815867618e-01 -2.3346801609e-01 2.1561032035e-01
1.8474787391e-01 9.5696764777e-01 2.2378816816e-01
-2.5857948075e-01 -1.7235314499e-01 9.5048989766e-01
4.0027172753e-01 3.9902375203e-01 2.8814892178e-01
1.9581272055e+03 1.4010298952e-02 -1.4907928182e-03
9.7734709839e-01 -1.8392913700e-01 -1.0470301734e-01
2.1012317585e-01 9.0244612051e-01 3.7608410036e-01
2.5316007787e-02 -3.8956523476e-01 9.2065087173e-01
-2.2058505543e-01 7.5632542390e-01 -4.0237984310e-01
7.5347425929e-02 1.1147093928e-01 -1.6226244983e+00
26 19 5
2 0 90 133.2600 134.0100 1 49 121.0900 195.9500
8.6278580277e-02 1.1119981379e-01 -1.6258698948e+00
116 74 15
2 0 91 146.6900 131.9700 1 48 132.6900 196.3600
-1.7910199999e-01 -3.3049328591e-02 -1.7605736197e+00
184 162 148
2 0 134 -203.0400 -34.6300 1 162 -172.7800 -72.3400
-1.9459340866e-01 -3.5988266745e-02 -1.7587765747e+00
181 154 135
2 0 137 -221.9000 -37.1300 1 171 -190.4700 -78.8800
-1.3803586659e-01 -4.5872765732e-02 -1.7799230464e+00
171 158 150
2 0 145 -154.4900 -52.6100 1 173 -124.0400 -81.9700
1.5535726870e-01 -2.4847949159e-02 -1.7309350647e+00
76 71 67
2 0 146 195.2200 -52.7900 1 141 209.5000 19.8000
-1.9354853883e-01 -5.3676644959e-02 -1.7698007630e+00
171 148 129
2 0 149 -221.1500 -57.9200 1 195 -185.9200 -101.9000
-1.4639501916e-01 -5.3357464244e-02 -1.7811652280e+00
168 154 145
2 0 152 -164.9100 -60.5000 1 189 -131.8600 -92.9400
-1.7714926123e-01 -5.5736596846e-02 -1.7744405916e+00
174 153 136
2 0 153 -201.5400 -61.3400 1 193 -166.4400 -101.4400
-1.8855137018e-01 -6.7963747913e-02 -1.7782893811e+00
170 147 130
3 0 162 -215.6900 -74.7500 1 216 -177.5100 -119.5100 2 196 -199.8900 -12.6500
-1.8862097657e-01 -6.8008081407e-02 -1.7794250516e+00
170 147 130
2 0 163 -215.6900 -74.7500 1 215 -177.5100 -119.5100
-1.8206562145e-01 -6.8725930369e-02 -1.7814626227e+00
175 152 134
2 0 167 -207.8500 -75.9900 1 214 -169.8500 -119.1600
3.4127842653e-02 -7.6035012733e-02 -1.8124930268e+00
131 132 126
2 0 184 37.5200 -99.1500 1 174 67.7200 -83.0200
3.4127842653e-02 -7.6035012733e-02 -1.8124930268e+00
131 132 126
2 0 185 37.5200 -99.1500 1 175 67.7200 -83.0200
1.8272640662e-02 -8.4752714766e-02 -1.8241477800e+00
123 124 118
2 0 189 18.0300 -106.9800 1 192 50.0000 -98.5000
4.2235465926e-02 -1.5979875245e-01 -1.8119108339e+00
126 124 118
2 0 238 40.3200 -194.0500 1 468 99.5300 -173.6400
9.9450614606e-04 -1.7792419802e-01 -1.8622587478e+00
185 186 181
2 0 252 -11.1100 -204.5200 1 259 46.3200 -210.3200
6.9818364543e-04 -1.7804494970e-01 -1.8621076289e+00
185 186 181
3 0 253 -11.1100 -204.5200 1 260 46.3200 -210.3200 2 236 6.8900 -100.4300
8.2474003689e-02 -1.6554957978e-01 -1.7813812436e+00
105 104 100
2 0 257 89.5900 -207.8000 1 465 154.2500 -165.7200
-6.2202190225e-02 -1.9918636051e-01 -1.8572855129e+00
115 115 112
2 0 287 -81.1700 -224.0900 1 274 -13.9700 -249.2600
-6.2202190225e-02 -1.9918636051e-01 -1.8572855129e+00
115 115 112
2 0 288 -81.1700 -224.0900 1 275 -13.9700 -249.2600
-5.4603164125e-02 -1.9975253757e-01 -1.8591927249e+00
107 109 104
3 0 291 -72.7400 -224.7500 1 272 -6.2500 -248.6400 2 248 -40.9000 -129.0300
-6.1275315314e-02 -2.0169572542e-01 -1.8576935671e+00
116 116 115
2 0 300 -80.3700 -226.8500 1 278 -12.4000 -251.8600
-9.6161041066e-02 -2.0539289977e-01 -1.8386417914e+00
10 11 9
2 0 308 -119.0400 -231.7500 1 285 -45.3500 -263.3800
-1.2877023901e-01 -2.0769633550e-01 -1.8233430169e+00
2 2 1
2 0 317 -156.2200 -234.9400 1 296 -78.2600 -273.3100
-1.1755927754e-01 -2.1069872385e-01 -1.8240185295e+00
131 133 130
3 0 322 -143.8900 -238.8200 1 298 -65.6100 -275.0200 2 260 -102.4100 -140.0000
-1.3709946021e-01 -2.1589988856e-01 -1.8185826900e+00
131 133 130
2 0 327 -166.8000 -244.4100 1 309 -84.4300 -284.8800
-1.4571387785e-01 -2.1821374571e-01 -1.8154172260e+00
127 129 128
2 0 330 -177.0000 -247.1600 1 312 -93.1200 -289.6600
-1.6482651887e-03 -2.2968259525e-01 -1.8669805670e+00
51 44 34
3 0 334 -18.2900 -260.2600 1 493 55.9100 -268.1500 2 263 15.1500 -147.8000
6.4763104936e-02 1.2723891857e-01 -1.6182721408e+00
19 20 12
2 0 368 121.7000 156.8700 1 34 105.5800 214.1100
6.2734242497e-02 1.2479308173e-01 -1.6174410982e+00
65 52 24
2 0 370 119.0300 153.9700 1 38 104.2000 211.2600
7.1247403410e-02 1.2345989491e-01 -1.6200441246e+00
97 58 3
2 0 371 129.4400 150.8800 1 329 113.7200 210.1300
8.2928018764e-02 1.2006451726e-01 -1.6205697272e+00
81 62 8
3 0 373 144.6100 145.2200 1 42 127.5900 206.8800 2 16 8.3400 276.7600
-1.2616837056e-01 9.2994996823e-02 -1.6212978599e+00
39 38 33
2 0 375 -133.2500 129.3000 1 344 -119.9000 134.7600
-1.7272943191e-01 4.6914817459e-02 -1.7121253003e+00
166 150 137
3 0 385 -192.0500 63.7100 1 132 -179.3000 36.5300 2 107 -214.7200 115.5300
1.5959417520e-01 1.0889016542e-02 -1.7328507871e+00
171 162 160
2 0 395 202.5100 -10.9900 1 377 202.4900 59.8500
1.6290584276e-01 -5.4258322574e-04 -1.7248550962e+00
96 97 92
2 0 398 207.4900 -24.3600 1 382 212.8200 50.0300
-1.6903332363e-01 -4.4106086417e-02 -1.7686510529e+00
184 165 151
2 0 410 -191.4100 -48.3600 1 429 -159.0400 -84.7400
-1.6903332363e-01 -4.4106086417e-02 -1.7686510529e+00
184 165 151
2 0 411 -191.4100 -48.3600 1 428 -159.0400 -84.7400
-1.1082121735e-01 -4.6225302408e-02 -1.7884691996e+00
158 149 144
2 0 414 -122.9600 -54.5800 1 425 -93.8500 -78.1900
-1.7310797965e-01 -5.8482167705e-02 -1.7765903673e+00
183 161 147
3 0 418 -196.9400 -64.8200 1 561 -161.3700 -104.2500 2 486 -186.9300 -0.7200
-9.3227242867e-02 -6.3569827230e-02 -1.8037935764e+00
136 133 128
2 0 425 -104.1000 -75.4500 1 434 -72.4000 -96.8800
-9.3227242867e-02 -6.3569827230e-02 -1.8037935764e+00
136 133 128
2 0 426 -104.1000 -75.4500 1 435 -72.4000 -96.8800
-1.9344134417e-01 -8.0345891550e-02 -1.7872425881e+00
172 147 127
2 0 431 -221.5100 -88.7700 1 460 -181.2600 -136.3400
8.7858905096e-02 -1.5423313651e-01 -1.7757885304e+00
111 111 106
2 0 454 97.5800 -195.9300 1 462 158.6500 -150.6800
5.2816328805e-03 -1.8327045361e-01 -1.8599594525e+00
172 172 165
2 0 469 -6.7200 -210.9600 1 482 52.8700 -214.8500
9.0950004350e-03 -1.8952868811e-01 -1.8460204784e+00
193 186 176
2 0 475 -1.9700 -220.0800 1 485 62.4600 -219.2500
4.1028244938e-03 -1.9275622698e-01 -1.8565519861e+00
173 168 162
2 0 478 -8.7000 -221.4100 1 589 55.4300 -225.4200
-1.1817238876e-01 -2.0071540104e-01 -1.8297888577e+00
4 4 2
2 0 483 -143.3600 -226.6700 1 492 -69.4700 -262.9400
-2.2241174176e-03 -2.3571504784e-01 -1.8645589797e+00
184 179 169
2 0 497 -19.1700 -267.0600 1 611 57.7800 -274.8900
4.8045762927e-02 -1.4901220302e-02 -1.8043532439e+00
70 65 59
2 0 549 58.2500 -31.4100 1 540 68.7400 -11.9300
-1.3326451134e-01 -3.0648170073e-02 -1.7730382925e+00
179 168 162
2 0 556 -148.0900 -34.9800 1 547 -121.0800 -62.0500
-1.6752204561e-01 -3.3389901063e-02 -1.7622000058e+00
185 166 152
3 0 557 -189.2300 -36.1300 1 548 -159.1500 -70.0100 2 459 -188.1200 27.2300
-1.6994058636e-01 -3.9207444151e-02 -1.7669346899e+00
183 164 149
2 0 561 -192.2100 -42.5000 1 552 -161.1100 -78.8900
-1.6610872298e-01 -6.6413863439e-02 -1.7836591193e+00
177 159 144
3 0 571 -188.7400 -74.3600 1 568 -152.1000 -113.2100 2 781 -178.0500 -8.8600
-1.6610872298e-01 -6.6413863439e-02 -1.7836591193e+00
177 159 144
3 0 572 -188.7400 -74.3600 1 569 -152.1000 -113.2100 2 780 -178.0500 -8.8600
-1.5999785081e-01 -6.7150742564e-02 -1.7852435824e+00
175 157 145
3 0 574 -181.6000 -75.4700 1 567 -144.9900 -113.1500 2 490 -171.8200 -8.6800
-1.5968482235e-01 -7.4715654532e-02 -1.7908443628e+00
167 150 134
2 0 579 -181.5100 -84.1900 1 574 -143.4400 -122.5200
-1.5968482235e-01 -7.4715654532e-02 -1.7908443628e+00
167 150 134
2 0 580 -181.5100 -84.1900 1 575 -143.4400 -122.5200
-1.4499554505e-01 -8.5866630860e-02 -1.8036187930e+00
159 141 129
2 0 587 -164.7900 -97.4300 1 741 -125.5800 -134.1700
4.3354043471e-03 -1.7922543479e-01 -1.8594331803e+00
25 26 21
2 0 612 -7.4100 -206.5300 1 588 50.9600 -210.6100
-1.3010493200e-01 -2.0286597879e-01 -1.8198612327e+00
11 11 9
3 0 633 -157.6900 -229.8700 1 606 -81.1600 -268.9300 2 539 -116.0700 -134.0800
-1.3633408224e-01 -2.0471509612e-01 -1.8170898633e+00
9 10 8
3 0 636 -164.9500 -231.9800 1 610 -87.2200 -272.6200 2 541 -122.3000 -136.1800
-1.4346275271e-01 -2.1321038695e-01 -1.8112022912e+00
8 9 6
3 0 641 -174.7000 -241.5200 1 613 -91.4600 -284.8200 2 548 -128.5800 -143.3500
-1.4098977150e-01 5.5944324577e-02 -1.7153773573e+00
205 194 187
3 0 660 -151.9400 72.1500 1 645 -143.4600 52.4100 2 669 -185.1300 128.6600
1.7044715882e-01 7.1217102775e-03 -1.7214479450e+00
44 41 36
2 0 666 218.1300 -16.0600 1 643 219.6300 61.2900
1.0838507343e-02 -1.8390000756e-01 -1.8422396879e+00
218 209 200
2 0 750 0.7300 -214.6000 1 755 63.7800 -212.1100
1.9036095173e-01 9.8488338315e-02 -1.7125529519e+00
11 11 8
2 0 779 250.4200 93.8100 1 64 218.6000 166.9100
-5.8066845239e-02 3.5359051254e-02 -1.7621933199e+00
159 164 168
2 0 780 -55.2100 36.9100 1 783 -49.7500 31.8400
-1.4177677922e-01 -6.5812486456e-02 -1.7885729422e+00
129 115 104
2 0 789 -160.0800 -75.3300 1 789 -124.6800 -107.5100
2.1873120835e-01 -6.3963477902e-02 -2.3992167341e+00
165 162 157
2 0 791 130.7800 -81.5100 1 738 83.6000 -126.2800
-1.9581804910e-01 -7.8533087599e-02 -1.7829464392e+00
171 145 126
3 0 792 -223.6800 -86.8900 1 840 -184.7500 -134.6200 2 1008 -204.8300 -24.7300
-1.4096514101e-01 -7.9330648321e-02 -1.7988368292e+00
160 143 133
3 0 793 -159.8700 -90.3400 1 792 -121.8600 -125.0900 2 902 -149.8100 -20.4700
-1.4254138023e-01 -9.2467354757e-02 -1.8063896238e+00
154 137 129
2 0 794 -162.5100 -104.8200 1 795 -121.3700 -141.7500
9.3085597557e-02 -1.0664230288e-01 -1.7718786692e+00
232 223 214
2 0 797 107.8700 -141.6500 1 788 151.7900 -95.0900
1.8592420265e-02 -1.8187446580e-01 -1.8432290471e+00
23 24 18
3 0 808 8.2600 -213.2000 1 800 71.6100 -206.8500 2 1025 23.6400 -94.4000
2.1874485268e-01 -1.6109922285e-01 -1.6816239294e+00
29 28 27
2 0 814 276.8900 -229.1600 1 729 341.5700 -109.8300
-6.7625448218e-02 -2.3383351005e-01 -1.8609624342e+00
91 93 90
2 0 822 -90.1100 -261.1200 1 811 -11.3300 -289.8600
9.4099847042e-03 -2.3643669438e-01 -1.8563396522e+00
191 186 176
3 0 825 -6.4000 -269.9400 1 850 72.8900 -272.1100 2 1040 25.7500 -148.6600
9.4099847042e-03 -2.3643669438e-01 -1.8563396522e+00
191 186 176
3 0 826 -6.4000 -269.9400 1 851 72.8900 -272.1100 2 1041 25.7500 -148.6600
4.7788080577e-03 -1.1626659885e-01 -1.8369264714e+00
33 33 28
3 0 861 -0.2400 -139.9500 1 841 40.8600 -138.0800 2 1011 -2.4500 -37.1700
-1.0531473430e-01 -2.0195546712e-01 -1.8348733325e+00
10 12 11
2 0 874 -128.9400 -228.0300 1 804 -55.7500 -261.4500
-4.7226396598e-02 5.9804798735e-02 -1.6256613953e+00
58 49 39
2 0 897 -31.7100 77.0200 1 891 -11.9700 108.7900
3.8027041041e-02 -1.5799494356e-01 -1.8132362946e+00
54 53 49
2 0 913 35.2400 -191.0300 1 913 94.6300 -173.2100
2.0047227506e-01 8.2777325622e-02 -1.6826454352e+00
18 17 15
3 0 933 273.7000 77.1700 1 863 243.6000 159.5300 2 1076 134.6500 240.9700
-1.5019959975e-01 -7.6510249428e-02 -1.7938395504e+00
138 121 111
2 0 937 -170.6000 -86.6400 1 904 -132.3000 -123.0100
-9.6628243159e-03 -1.0018339000e-01 -1.8484993509e+00
37 36 32
2 0 940 -15.7200 -120.4200 1 907 18.0500 -126.1200
1.4205257359e-02 -1.3272856213e-01 -1.8351062089e+00
83 83 78
2 0 948 8.4200 -158.3400 1 912 56.2100 -154.4200
6.4522009797e-02 -1.4505435223e-01 -1.7904527071e+00
42 42 40
2 0 952 69.1900 -181.4400 1 909 126.2500 -148.5600
5.4035953563e-02 -1.7019218954e-01 -1.8065348316e+00
47 48 43
2 0 954 53.0500 -206.9500 1 914 117.1900 -181.9300
-1.0956916706e-02 -2.3016181297e-01 -1.8699520979e+00
19 19 17
2 0 963 -28.3500 -259.6300 1 921 45.4300 -271.2800
-7.7073667617e-02 8.1714714822e-02 -1.6214705665e+00
46 34 22
3 0 969 -69.6300 109.2500 1 929 -53.9700 132.1700 2 1178 -143.1500 206.1400
8.8834306589e-02 -1.4732431568e-01 -1.7766920985e+00
52 51 47
2 0 976 98.8200 -187.5500 1 936 157.7000 -143.0100
7.9974822633e-02 -1.6563335133e-01 -1.7833115880e+00
31 31 29
2 0 977 86.0500 -206.9400 1 937 151.4300 -167.0700
7.3258976621e-02 -1.8598631233e-01 -1.8028133947e+00
47 46 42
3 0 979 73.5400 -227.7500 1 939 143.5800 -192.4400 2 1237 72.7800 -74.2300
7.3258976621e-02 -1.8598631233e-01 -1.8028133947e+00
47 46 42
3 0 980 73.5400 -227.7500 1 940 143.5800 -192.4400 2 1238 72.7800 -74.2300
1.7129600809e-03 -1.9965037971e-01 -1.8584686742e+00
206 197 189
3 0 981 -11.8400 -228.8900 1 941 54.0600 -233.3000 2 1200 11.8700 -118.0100
1.7129600809e-03 -1.9965037971e-01 -1.8584686742e+00
206 197 189
3 0 982 -11.8400 -228.8900 1 942 54.0600 -233.3000 2 1201 11.8700 -118.0100
1.0926028724e-02 -2.1515328818e-01 -1.8582535895e+00
16 16 14
3 0 984 -2.8400 -247.1800 1 918 67.5700 -247.3700 2 1204 23.3900 -130.1100
2.2270849560e-01 7.0009055729e-02 -1.7076183081e+00
200 195 189
2 0 1015 289.2300 56.0100 1 949 261.8700 144.6700
1.4199278576e-01 -3.3196224020e-02 -1.7309785088e+00
79 78 73
2 0 1017 178.9500 -61.7400 1 954 197.5500 7.7300
-8.9051049970e-03 -1.7312463006e-01 -1.8612769409e+00
18 18 16
3 0 1022 -20.3500 -199.2300 1 970 34.2000 -207.1700 2 1277 -2.9200 -97.3300
-8.8016312176e-03 -1.3490916019e-01 -1.8446361252e+00
228 224 213
2 0 1028 -17.0000 -159.0900 1 978 28.9100 -163.0600
2.0961805120e-01 1.1478746837e-01 -1.7187267174e+00
185 180 176
2 0 1035 272.8200 110.3800 1 972 231.0800 185.8700
-1.8453913996e-01 -6.8694436100e-02 -1.7772679010e+00
175 152 134
2 0 165 -211.4000 -75.3900 2 197 -196.4900 -12.4900
6.7273421172e-03 -1.3301567566e-01 -1.8407080436e+00
57 54 48
2 0 211 0.5600 -158.3100 2 220 2.7500 -52.3800
-1.0036525358e-01 -2.0523188570e-01 -1.8318796229e+00
5 7 4
2 0 310 -124.1900 -232.7900 2 253 -86.1300 -135.0100
-1.0813508755e-01 -2.0825360145e-01 -1.8279649631e+00
119 120 115
2 0 318 -133.4300 -236.3500 2 255 -93.4200 -138.0800
-9.1449092399e-02 -5.8114669439e-02 -1.8002927657e+00
137 136 131
2 0 423 -101.4600 -69.8100 2 479 -106.3500 7.3200
-9.1449092399e-02 -5.8114669439e-02 -1.8002927657e+00
137 136 131
2 0 424 -101.4600 -69.8100 2 480 -106.3500 7.3200
-7.7119183750e-02 4.3880400201e-02 -1.7484990240e+00
189 195 195
2 0 532 -75.0600 48.4900 2 679 -117.4500 117.4200
-2.4033747903e-02 3.0141397385e-02 -1.7724579214e+00
151 167 174
2 0 541 -15.4900 26.2100 2 426 -61.9600 106.7400
-1.0209860644e-01 -2.2021422922e-02 -1.7779502416e+00
173 169 164
2 0 547 -110.4700 -27.6900 2 450 -125.7200 44.5100
-1.3118542211e-01 -2.4766393110e-02 -1.7701048785e+00
183 174 169
2 0 548 -144.8300 -28.4000 2 739 -154.0300 39.2200
-8.2840690028e-02 -3.5273730337e-02 -1.7917406725e+00
153 152 150
2 0 564 -89.3400 -44.5300 2 741 -103.5300 31.7600
-1.1181024780e-01 -6.4008634806e-02 -1.7991233903e+00
137 134 125
2 0 573 -124.9600 -74.9600 2 774 -124.9900 -1.5800
-1.8091641684e-01 -8.0759508146e-02 -1.7856331555e+00
177 152 130
2 0 582 -207.4700 -89.4400 2 797 -189.7200 -25.3300
-1.8091641684e-01 -8.0759508146e-02 -1.7856331555e+00
177 152 130
2 0 583 -207.4700 -89.4400 2 798 -189.7200 -25.3300
2.1432455200e-03 -2.3461151299e-01 -1.8678815538e+00
23 18 13
2 0 643 -15.1800 -265.8400 2 830 20.2600 -151.4900
-9.6992111917e-03 -2.0424205247e-01 -1.8676089628e+00
22 21 17
2 0 756 -24.7700 -231.8900 2 921 2.8500 -126.9800
-5.6772807329e-02 -2.0479116532e-01 -1.8594339733e+00
13 14 16
2 0 815 -76.5400 -230.8600 2 926 -40.8800 -133.9200
-2.1261662469e-02 -2.1036120334e-01 -1.8710826083e+00
9 9 7
2 0 983 -37.9600 -237.2900 2 1205 -6.4300 -135.7300
-1.1729621364e-01 5.9753214256e-02 -1.7175359010e+00
179 198 204
2 1 111 -116.8200 61.6700 2 83 -162.2100 136.0000
-1.2066384770e-01 5.1246618218e-02 -1.7227247292e+00
178 193 202
2 1 121 -119.5000 49.3000 2 92 -163.1700 125.9500
-1.8651265065e-01 -8.0607572579e-02 -1.7870740138e+00
155 154 149
2 1 220 -172.6100 -135.8800 2 209 -194.4300 -26.4000
1.4078949941e-03 -1.7164018422e-01 -1.8618857642e+00
166 167 161
2 1 251 45.1600 -202.9600 2 232 6.8000 -94.3700
1.7335577185e-03 -1.7541765800e-01 -1.8615861875e+00
41 40 36
2 1 255 46.6200 -206.9300 2 233 7.7100 -97.5900
-4.7520883800e-02 5.3821541198e-02 -1.7421259615e+00
133 167 178
2 1 374 -39.5400 61.3900 2 413 -90.9900 135.4600
-7.8953247216e-02 -2.6882603325e-02 -1.7838948052e+00
123 148 155
2 1 414 -62.2100 -47.5500 2 451 -102.0500 42.7700
-7.8953247216e-02 -2.6882603325e-02 -1.7838948052e+00
123 148 155
2 1 415 -62.2100 -47.5500 2 452 -102.0500 42.7700
-1.1464652627e-01 -5.5322552450e-02 -1.7914754808e+00
134 148 151
2 1 433 -96.6600 -89.8500 2 478 -129.9300 8.2800
2.5931965832e-02 -9.4249439869e-02 -1.8193340952e+00
142 143 138
2 1 441 62.2700 -105.7800 2 190 11.7700 -7.7100
2.9521622999e-02 -1.4736915776e-01 -1.8270543188e+00
131 128 121
2 1 464 78.5600 -164.4300 2 520 25.2200 -56.5400
-7.6133829997e-02 5.9829423284e-02 -1.7295599413e+00
155 185 195
2 1 525 -71.1600 66.3400 2 663 -120.9400 139.8400
-1.5588379563e-01 6.0727292337e-02 -1.7074178720e+00
178 189 190
2 1 529 -161.6200 57.7300 2 415 -201.0200 133.1200
-1.1104164363e-01 5.4753613564e-02 -1.7229378554e+00
160 189 197
2 1 531 -109.0700 55.4700 2 668 -154.5700 130.7400
1.4541727028e-01 -8.2881459761e-03 -1.7300186483e+00
111 110 106
2 1 535 194.8400 35.7300 2 416 102.7500 127.1100
-1.1026541056e-01 -6.0031691637e-02 -1.7951799443e+00
119 137 141
2 1 560 -91.2400 -95.0800 2 764 -124.3900 3.9100
-1.0544388869e-01 -9.5213187429e-02 -1.8168957738e+00
105 121 121
2 1 576 -80.5700 -137.5700 2 501 -111.3100 -33.7600
7.7380184539e-03 -2.1833133133e-01 -1.8622636191e+00
15 16 12
2 1 594 64.4000 -252.3600 2 540 20.9200 -135.0000
8.2204773055e-04 -2.2163535092e-01 -1.8649616876e+00
19 15 9
2 1 600 57.0400 -258.2600 2 544 15.4800 -139.8200
8.2204773055e-04 -2.2163535092e-01 -1.8649616876e+00
19 15 9
2 1 601 57.0400 -258.2600 2 545 15.4800 -139.8200
7.2575246906e-03 -2.2927242896e-01 -1.8522883423e+00
182 176 170
2 1 602 69.4000 -264.2100 2 546 21.9000 -141.4100
-2.0126878634e-01 -3.8204103128e-02 -1.7586631115e+00
164 160 150
2 1 717 -197.2700 -83.8200 2 753 -220.1000 17.7900
8.5823941135e-02 -1.2386103047e-01 -1.7886353246e+00
237 230 220
2 1 732 144.2900 -118.5400 2 782 71.1900 -11.0800
1.1395561021e-02 -1.8407385093e-01 -1.8452448721e+00
203 196 189
2 1 756 63.7800 -212.1100 2 917 16.7000 -98.2600
3.7974650161e-03 -2.1062370974e-01 -1.8607097276e+00
18 16 11
2 1 759 58.4400 -244.9800 2 818 15.8700 -128.1300
2.4672420435e-03 -2.2939449206e-01 -1.8657575045e+00
196 190 185
2 1 764 60.4700 -266.6800 2 827 18.6900 -146.4200
-1.7356539082e-01 -8.0613375742e-02 -1.7918212442e+00
157 157 155
2 1 793 -158.1600 -133.5400 2 904 -181.3100 -25.4300
-1.4253964323e-01 -9.2421424384e-02 -1.8058621829e+00
124 128 127
2 1 794 -121.3700 -141.7500 2 907 -148.1100 -34.7000
-2.6967857414e-02 -1.2997554362e-01 -1.8608305300e+00
44 42 34
2 1 842 4.6900 -163.7900 2 1017 -27.2000 -63.7100
9.0937481815e-02 -1.8348925991e-01 -1.7993108868e+00
240 231 222
2 1 938 163.2900 -185.1300 2 1198 88.2000 -67.6300
-5.0938901239e-03 -2.1569063732e-01 -1.8637604938e+00
196 187 178
2 1 960 49.7200 -252.8500 2 1206 8.5200 -135.6300
-4.6693701746e-02 -1.7669292700e-01 -1.8849229047e+00
8 8 6
2 1 966 -10.2800 -223.0800 2 1261 -34.3000 -115.0900
