# Bundle file v0.3
3 96
0 0 0
0 0 0
0 0 0
0 0 0
0 0 0
2.1450635050e+03 -6.5446763872e-02 -3.1406942758e-03
9.9999178745e-01 -9.1083734563e-04 3.9491017896e-03
1.0079332661e-03 9.9969551193e-01 -2.4654968904e-02
-3.9254426688e-03 2.4658746855e-02 9.9968821995e-01
4.6763112835e-03 -3.1373094519e-02 -9.7490921248e-03
2.0897861983e+03 1.2115314025e-01 5.3493401623e-03
9.4962323039e-01 3.0919846577e-01 -5.1108013809e-02
-2.4909346654e-01 6.4571788404e-01 -7.2180389245e-01
-1.9017929759e-01 6.9817241638e-01 6.9020802065e-01
-7.0621573470e-02 -8.9060032769e-01 -3.5701903133e-01
-1.0464545859e-01 -4.1825690147e-02 -1.2476436273e+00
198 157 137
2 1 165 -178.4700 -72.4400 2 96 -203.4100 15.3700
-9.3981136633e-02 -3.2471619735e-02 -1.2500555503e+00
205 170 150
2 1 590 -160.2100 -56.3200 2 371 -181.2300 24.1500
-9.0232966980e-02 -3.2589194326e-02 -1.2501386086e+00
202 167 147
2 1 428 -153.6200 -56.4600 2 374 -175.2800 22.5200
-6.3657167285e-02 -2.3361562350e-02 -1.2529839388e+00
199 172 155
2 1 420 -108.7400 -40.6400 2 368 -126.4400 24.8500
-2.0321311823e-01 -1.6730843466e-02 -1.4003203196e+00
33 32 22
2 1 715 -309.8900 -20.8900 2 744 -319.5900 259.0400
-2.0321311823e-01 -1.6730843466e-02 -1.4003203196e+00
33 32 22
2 1 716 -309.8900 -20.8900 2 745 -319.5900 259.0400
-2.1027061076e-01 -2.4244822399e-02 -1.3985155551e+00
13 12 8
2 1 962 -321.0300 -32.4400 2 947 -333.6300 251.4400
2.2766882754e-02 1.2203835421e-01 -1.2464248475e+00
2 10 2
2 1 34 37.9000 207.5600 2 48 96.9300 151.2600
3.8090339527e-02 1.0808895750e-01 -1.2405659767e+00
24 10 1
2 1 43 64.5500 184.3200 2 69 114.2700 118.9600
2.3574248115e-02 1.0617203941e-01 -1.2398915400e+00
161 117 44
2 1 47 39.4800 181.0400 2 68 88.2300 122.5900
9.9495365461e-02 2.9083867491e-02 -1.2290177154e+00
36 32 29
2 1 97 171.9200 48.6600 2 391 166.2200 -16.5000
-2.0479660075e-01 -3.5861070592e-02 -1.3911642658e+00
30 31 26
2 1 146 -314.2100 -50.6300 2 323 -330.5000 227.7400
-1.9410087799e-01 -4.4580119946e-02 -1.3870126503e+00
12 11 6
2 1 153 -298.6000 -64.2700 2 20 -317.4800 208.6200
-2.0259846648e-01 -4.6096667654e-02 -1.3869120030e+00
10 10 4
2 1 156 -311.9200 -66.6700 2 326 -331.1300 210.4800
-2.0259846648e-01 -4.6096667654e-02 -1.3869120030e+00
10 10 4
2 1 157 -311.9200 -66.6700 2 327 -331.1300 210.4800
2.2881057303e-02 -3.9686579621e-02 -1.2419938957e+00
130 129 125
2 1 160 38.6100 -69.2600 2 144 4.1300 -42.7000
6.0046931852e-02 -4.8093557620e-02 -1.2209701019e+00
65 62 53
2 1 176 104.4400 -85.7900 2 187 56.9000 -92.8900
6.6615322271e-02 -5.2001191935e-02 -1.2164760586e+00
111 112 107
2 1 188 116.3100 -93.1000 2 204 64.9300 -105.2600
-1.9596664929e-01 -9.9080580473e-02 -1.3638442056e+00
13 13 5
2 1 222 -306.0400 -151.0500 2 66 -343.3400 124.0300
-5.3073655189e-02 -9.2818294844e-02 -1.2335916767e+00
7 6 5
2 1 228 -91.6200 -161.5400 2 177 -143.4700 -77.6600
-5.3720128515e-02 -9.5731387657e-02 -1.2308150189e+00
6 7 4
2 1 236 -92.9000 -167.0300 2 180 -146.2300 -83.8300
5.3029848906e-02 -9.4848971902e-02 -1.2099414873e+00
30 25 16
2 1 240 93.0800 -168.9700 2 635 20.1200 -151.2000
-1.6528046436e-02 -1.0165387629e-01 -1.2303979314e+00
111 111 111
2 1 248 -28.7900 -177.2500 2 202 -89.9300 -105.0700
-2.0731256849e-02 -1.0277068541e-01 -1.2293029986e+00
130 131 126
2 1 251 -36.0500 -179.3800 2 210 -97.2200 -105.9000
9.7999822657e-03 -1.0345780334e-01 -1.2290483328e+00
26 23 16
2 1 252 16.5200 -180.5900 2 223 -49.5400 -118.8500
1.7189797462e-02 -1.0490559619e-01 -1.2248729354e+00
13 9 3
2 1 260 29.7200 -183.7800 2 459 -39.5000 -128.3400
-7.3652603937e-02 -1.0849252293e-01 -1.2201032922e+00
96 96 94
2 1 267 -128.1600 -191.0800 2 197 -185.5300 -102.2800
-1.0682712652e-01 -1.7172350431e-01 -1.3151716556e+00
47 49 42
2 1 315 -173.4600 -275.4200 2 406 -241.6700 -39.2700
1.6861601549e-01 1.4542894083e-01 -1.3732234414e+00
56 45 29
2 1 334 260.4200 229.8000 2 314 347.9100 259.3200
2.5471455626e-02 1.1215985738e-01 -1.2416242263e+00
102 68 13
2 1 347 42.8900 191.2200 2 521 95.0800 131.4200
-6.0886327126e-02 -1.1769870403e-02 -1.2586044124e+00
208 180 167
2 1 404 -104.4700 -20.8300 2 364 -114.8700 43.4400
-6.0886327126e-02 -1.1769870403e-02 -1.2586044124e+00
208 180 167
2 1 405 -104.4700 -20.8300 2 365 -114.8700 43.4400
-9.0232966980e-02 -3.2589194326e-02 -1.2501386086e+00
202 167 147
2 1 429 -153.6200 -56.4600 2 375 -175.2800 22.5200
6.1665403692e-02 -4.8933832303e-02 -1.2199701110e+00
130 127 122
2 1 447 107.2100 -87.4000 2 437 59.1000 -95.6900
-5.5381170829e-02 -1.0450748320e-01 -1.2244876821e+00
4 4 2
2 1 455 -96.1800 -183.3300 2 196 -153.7100 -99.9900
1.6909125804e-02 -1.1924416244e-01 -1.2214715601e+00
26 21 15
2 1 459 29.5700 -209.2000 2 236 -47.4400 -146.5100
1.5120614990e-02 -1.2042147965e-01 -1.2217443299e+00
186 185 180
2 1 460 26.2800 -211.2300 2 234 -50.5500 -146.6400
1.5120614990e-02 -1.2042147965e-01 -1.2217443299e+00
186 185 180
2 1 461 26.2800 -211.2300 2 235 -50.5500 -146.6400
-1.0478972066e-01 -1.7026370834e-01 -1.3145788208e+00
26 22 11
2 1 480 -170.3300 -273.2400 2 407 -238.1500 -39.2900
1.5699055512e-02 -1.5610558612e-01 -1.1986084990e+00
29 29 27
2 1 482 27.7700 -279.1400 2 487 -68.8200 -210.1200
1.0507679200e-02 -1.6146062752e-01 -1.1965814521e+00
32 33 28
2 1 486 18.7100 -289.1200 2 491 -79.6200 -215.7700
1.0507679200e-02 -1.6146062752e-01 -1.1965814521e+00
32 33 28
2 1 487 18.7100 -289.1200 2 492 -79.6200 -215.7700
-5.8244502731e-02 1.5998207329e-01 -1.2532551464e+00
33 34 29
2 1 493 -100.3700 271.2500 2 511 -23.1900 251.0000
-7.8435455806e-02 -9.6932154667e-03 -1.2556196314e+00
216 185 166
2 1 554 -133.4500 -17.2700 2 526 -144.3900 49.8700
-1.1934485853e-01 -1.8002457222e-02 -1.2523986136e+00
206 162 138
2 1 564 -202.6000 -31.4900 2 359 -217.4500 54.4200
-4.9703340409e-02 -2.6693457829e-02 -1.2523282091e+00
190 169 152
2 1 574 -84.7300 -46.2400 2 379 -105.6000 14.4100
-4.9703340409e-02 -2.6693457829e-02 -1.2523282091e+00
190 169 152
2 1 575 -84.7300 -46.2400 2 378 -105.6000 14.4100
-9.3981136633e-02 -3.2471619735e-02 -1.2500555503e+00
205 170 150
2 1 589 -160.2100 -56.3200 2 372 -181.2300 24.1500
-3.2767227106e-02 -9.0421082316e-02 -1.2364317247e+00
5 5 5
2 1 636 -56.4200 -156.8800 2 600 -109.8300 -79.7900
-8.0515745052e-03 -9.8074935992e-02 -1.2362067553e+00
32 33 28
2 1 643 -13.9700 -169.9900 2 443 -74.4100 -97.6000
-3.2192468317e-02 -9.9349397505e-02 -1.2299563198e+00
9 10 5
2 1 645 -55.7100 -173.3600 2 442 -113.8100 -97.1200
-3.2192468317e-02 -9.9349397505e-02 -1.2299563198e+00
9 10 5
2 1 646 -55.7100 -173.3600 2 441 -113.8100 -97.1200
-1.9229503495e-02 -1.0093459162e-01 -1.2298210218e+00
8 8 7
2 1 647 -33.4100 -176.1100 2 446 -93.9900 -104.0000
-2.3115884598e-02 -1.0224718231e-01 -1.2295280417e+00
22 22 21
2 1 649 -40.2000 -178.4500 2 445 -100.6700 -104.1600
-1.8993745803e-01 -1.4792561108e-01 -1.2013828721e+00
132 122 113
2 1 677 -334.0400 -263.9900 2 619 -394.9100 -120.0100
1.0387010032e-01 -1.4694033067e-01 -1.1690779090e+00
21 19 20
2 1 680 189.2500 -270.2600 2 288 68.0300 -272.6700
-1.0500805185e-01 -1.7294294938e-01 -1.3134399120e+00
27 24 14
2 1 684 -170.7100 -277.8000 2 570 -239.7500 -43.0900
-1.2281647156e-01 4.1341491968e-02 -1.2640940890e+00
42 45 33
2 1 701 -207.2800 69.1600 2 520 -195.6200 140.6700
1.8945320987e-02 -9.0843044908e-02 -1.2268981032e+00
227 221 209
2 1 730 32.4000 -159.2000 2 617 -29.3700 -112.5400
1.6405191881e-02 -9.3312662550e-02 -1.2294851633e+00
23 22 18
2 1 731 27.6200 -163.1000 2 720 -33.9600 -110.8100
9.3222549087e-03 -1.0973110900e-01 -1.2246122881e+00
222 217 208
2 1 739 15.8500 -192.2500 2 626 -53.8400 -130.3900
-1.6266082493e-01 -1.2971209817e-01 -1.2074286301e+00
11 10 6
2 1 744 -284.5900 -230.5900 2 784 -342.4000 -104.5300
2.0070459028e-02 1.2096600921e-01 -1.2456639901e+00
11 42 30
2 1 759 33.6100 205.9000 2 755 91.2700 150.2700
4.0885623414e-02 -1.4804620698e-02 -1.2423927917e+00
29 25 26
2 1 782 69.8700 -26.4900 2 763 45.7600 -23.0100
-1.9269024226e-01 -2.3042445444e-02 -1.3963342904e+00
34 32 20
2 1 784 -294.8900 -30.7400 2 746 -305.7100 242.7400
-1.9727266189e-01 -4.4270202116e-02 -1.3876090868e+00
8 9 6
2 1 789 -303.8400 -63.8500 2 817 -321.7500 210.9800
-3.0540591143e-03 -6.4986030854e-02 -1.2455608182e+00
37 37 31
2 1 802 -6.1200 -112.1800 2 696 -49.0100 -54.3100
-4.2106155625e-02 -9.2501190990e-02 -1.2346486651e+00
5 5 3
2 1 807 -72.5700 -160.7700 2 771 -125.8200 -80.4000
-4.2106155625e-02 -9.2501190990e-02 -1.2346486651e+00
5 5 3
2 1 808 -72.5700 -160.7700 2 772 -125.8200 -80.4000
-5.9749215894e-02 -1.0137339936e-01 -1.2264448453e+00
10 10 9
2 1 812 -103.6400 -177.5600 2 776 -158.9900 -92.6300
-4.1106313275e-02 -1.0293833482e-01 -1.2267932842e+00
10 10 10
2 1 813 -71.3500 -180.1700 2 781 -129.9000 -101.1700
-6.8030954389e-02 -1.0335779896e-01 -1.2244774303e+00
10 10 10
2 1 815 -118.2400 -181.3900 2 777 -173.3300 -93.8200
-4.7442150623e-02 -1.0450304815e-01 -1.2252263423e+00
10 10 8
2 1 816 -82.3300 -183.1600 2 783 -140.9800 -102.2000
-1.7815220597e-02 -1.0461121676e-01 -1.2288906095e+00
13 14 18
2 1 818 -31.1700 -182.6600 2 718 -93.3600 -109.4100
-1.6709822058e-02 -1.0923870314e-01 -1.2269175884e+00
70 71 72
2 1 820 -29.0700 -190.9600 2 786 -94.2300 -116.9000
-2.8855246099e-02 -1.1242649787e-01 -1.2238890375e+00
64 66 63
2 1 823 -50.2600 -197.1100 2 788 -115.1100 -119.1200
4.4636732550e-03 -4.6173752845e-02 -1.2500778007e+00
40 41 35
2 1 866 6.5100 -79.6600 2 888 -27.2300 -32.1100
-1.8452383319e-01 -1.1698742233e-01 -1.3528251052e+00
34 31 19
2 1 874 -290.4400 -180.7400 2 829 -333.8300 88.2600
7.9427629018e-02 -1.2733224004e-01 -1.1860576160e+00
176 172 163
2 1 885 142.6500 -231.0400 2 807 42.0400 -223.2000
-1.5914547034e-01 -1.3921632422e-01 -1.2029436962e+00
10 10 8
2 1 890 -279.5600 -248.3500 2 789 -340.7500 -121.3300
1.1948808023e-01 8.8819865380e-02 -1.2391944759e+00
10 11 8
2 1 901 205.3800 151.5800 2 952 237.9600 56.1700
5.5491627187e-02 -7.7800361727e-02 -1.2134993766e+00
32 32 30
2 1 965 97.1700 -138.5500 2 983 33.1300 -130.7300
4.1422633148e-02 -8.1363857453e-02 -1.2199501717e+00
45 45 43
2 1 966 71.4600 -143.9600 2 976 10.3600 -120.6400
5.1645588827e-02 -8.9419266746e-02 -1.2114855538e+00
50 49 45
2 1 968 90.3400 -159.2600 2 986 21.1100 -143.3600
5.1645588827e-02 -8.9419266746e-02 -1.2114855538e+00
50 49 45
2 1 969 90.3400 -159.2600 2 987 21.1100 -143.3600
-2.1195773355e-02 -9.9517275001e-02 -1.2314190963e+00
77 77 75
2 1 971 -36.8400 -173.4000 2 970 -96.1500 -99.8200
1.4935778898e-02 -9.9858982773e-02 -1.2270805701e+00
221 212 205
2 1 972 25.7500 -174.6600 2 974 -40.3400 -119.7100
-3.1156437289e-02 -1.0128022645e-01 -1.2281721542e+00
37 38 33
2 1 974 -54.3400 -177.1000 2 919 -112.9100 -101.7200
1.0500305550e-01 9.5548082622e-02 -1.2494628112e+00
7 7 5
2 1 991 179.4300 162.4000 2 1021 217.6600 83.6500
2.3921596617e-02 -9.5764276679e-02 -1.2252365456e+00
21 21 19
2 1 1004 42.0500 -167.7200 2 977 -25.2300 -121.4000
-1.7876498036e-01 -1.3982750638e-01 -1.2007663407e+00
32 32 22
2 1 1007 -315.6200 -250.1400 2 1010 -372.9700 -116.9800
-2.0720957260e-01 -2.9218627256e-02 -1.3951213912e+00
10 11 6
2 1 1016 -317.5800 -40.3200 2 1034 -330.7300 240.6900
-1.9418775052e-01 -5.4724905226e-02 -1.3824443255e+00
44 40 28
2 1 1019 -299.6400 -80.2500 2 1018 -321.9900 192.2700
9.3901501176e-03 -8.5904908943e-02 -1.2323824957e+00
16 16 14
2 1 1022 16.0500 -149.7200 2 1027 -41.7000 -96.9500
1.1909789535e-01 1.0654547547e-01 -1.2472886757e+00
187 183 180
2 1 1041 203.4300 181.2700 2 1060 249.2800 87.7400
1.1909789535e-01 1.0654547547e-01 -1.2472886757e+00
187 183 180
2 1 1042 203.4300 181.2700 2 1059 249.2800 87.7400
