# Bundle file v0.3
3 44
2.1526683201e+03 4.4158669484e-02 8.3945100781e-04
9.9818129647e-01 -1.2787823437e-02 -5.8911551878e-02
5.9787606067e-03 9.9342388973e-01 -1.1433822521e-01
5.9986280053e-02 1.1377805981e-01 9.9169360153e-01
-1.2833862037e-01 -2.4711305330e-01 -1.8330318017e-02
2.0963565340e+03 -7.2792242561e-02 -2.0687536287e-03
9.7652852001e-01 1.3703900395e-01 -1.6616967534e-01
-1.7171430380e-01 9.6105447676e-01 -2.1653750386e-01
1.3002402654e-01 2.3998875829e-01 9.6202866299e-01
-3.7901812596e-01 -4.9345567164e-01 3.4054592236e-01
0 0 0
0 0 0
0 0 0
0 0 0
0 0 0
1.8207817005e-01 1.0193583450e-01 -2.1572865092e+00
81 82 77
2 0 69 180.5100 102.8900 1 381 212.8200 50.0300
1.8179542235e-01 9.7933211462e-02 -2.1563881309e+00
95 95 93
2 0 70 180.2400 98.8000 1 384 211.6100 45.0600
1.5978083487e-01 7.8975639948e-02 -2.1563820230e+00
66 65 61
2 0 86 158.1400 79.4900 1 140 180.8600 27.0600
-3.6069479332e-02 -6.7304301077e-04 -2.0750364281e+00
83 131 153
2 0 136 -43.6000 -11.1000 1 416 -87.7700 -48.7300
6.9310534549e-02 -3.1017062650e-02 -2.1765992678e+00
113 112 107
2 0 149 68.2800 -28.1200 1 424 55.4900 -76.6300
1.2121338508e-01 -9.7538048686e-02 -2.1449254240e+00
134 130 120
2 0 188 120.7800 -98.3300 1 467 99.5300 -173.6400
1.2121338508e-01 -9.7538048686e-02 -2.1449254240e+00
134 130 120
2 0 189 120.7800 -98.3300 1 468 99.5300 -173.6400
7.6518077850e-02 -1.5679950423e-01 -2.1996730888e+00
163 162 158
2 0 209 77.2800 -146.7600 1 259 46.3200 -210.3200
7.6518077850e-02 -1.5679950423e-01 -2.1996730888e+00
163 162 158
2 0 210 77.2800 -146.7600 1 260 46.3200 -210.3200
2.2773831911e-01 -1.4058080407e-01 -2.0729828475e+00
57 52 45
2 0 214 231.4900 -154.0000 1 767 212.5500 -276.0300
9.3999389116e-02 -2.0134480819e-01 -2.1839984839e+00
32 24 22
2 0 240 94.8200 -192.6600 1 493 55.9100 -268.1500
1.8542159727e-01 1.0387370596e-01 -2.1590005247e+00
18 15 9
2 0 320 183.7700 105.0200 1 646 217.5100 52.0300
1.6990527149e-01 8.8549195251e-02 -2.1537804477e+00
109 109 105
2 0 327 168.4100 89.0000 1 534 194.8400 35.7300
1.6990527149e-01 8.8549195251e-02 -2.1537804477e+00
109 109 105
2 0 328 168.4100 89.0000 1 535 194.8400 35.7300
-2.2631748249e-02 -5.4049374733e-04 -2.0895218792e+00
64 107 129
2 0 365 -28.4900 -9.1900 1 692 -67.7600 -47.0900
-7.9008582157e-02 -1.7652643704e-02 -2.0142771851e+00
87 128 146
2 0 373 -93.9400 -37.0600 1 552 -161.1100 -78.8900
-7.7893463845e-02 -3.9511915552e-02 -2.0196915235e+00
85 122 135
2 0 378 -91.7700 -59.2800 1 561 -161.3700 -104.2500
9.6918189550e-02 -2.0505180155e-01 -2.1787666939e+00
157 156 151
2 0 432 97.6200 -197.2700 1 611 57.7800 -274.8900
1.8575238486e-01 1.1081312210e-01 -2.1631910367e+00
24 23 19
2 0 471 184.0000 112.2700 1 643 219.6300 61.2900
1.5150535026e-01 7.2298579468e-02 -2.1520520565e+00
119 116 111
2 0 485 150.0000 72.3000 1 660 168.9000 19.8100
-7.8185461580e-02 -1.3469006858e-02 -2.0140511507e+00
84 130 146
2 0 522 -92.9700 -32.7900 1 712 -159.6500 -73.8500
-9.9073384315e-02 -1.6829922832e-02 -1.9816506366e+00
86 118 123
2 0 526 -118.7700 -41.1600 1 717 -197.2700 -83.8200
-8.7070531450e-02 -2.0089525280e-02 -2.0028428783e+00
88 125 144
2 0 528 -103.7100 -41.3100 1 555 -175.2700 -83.8200
8.0850628699e-02 -1.5521723308e-01 -2.1966140015e+00
43 42 37
2 0 558 81.4800 -145.8000 1 588 50.9600 -210.6100
6.4144651766e-02 -8.8736368661e-02 -2.1842997186e+00
98 97 92
2 0 722 64.1300 -83.5500 1 841 40.8600 -138.0800
2.1258777348e-01 -1.4119950349e-01 -2.0831057982e+00
85 81 75
2 0 728 215.4700 -152.7800 1 849 194.3900 -268.7700
1.9069497860e-01 1.8559723554e-01 -2.2096450952e+00
13 14 9
2 0 750 188.0700 188.9200 1 863 243.6000 159.5300
6.5464589697e-02 -7.6463629018e-02 -2.1818677912e+00
82 81 77
2 0 765 65.0300 -71.8600 1 839 44.1900 -125.5400
3.3388198484e-02 -1.2507000842e-01 -2.2088018951e+00
39 39 31
2 0 768 34.7300 -114.5800 1 842 4.6900 -163.7900
7.9304581544e-02 -1.6504513311e-01 -2.1984265611e+00
36 37 32
2 0 770 79.8700 -154.8200 1 876 48.0400 -220.4100
1.8007877437e-01 1.9239112245e-01 -2.2094307936e+00
222 218 209
2 0 786 178.1200 195.2500 1 925 231.6700 170.0300
1.1688823646e-01 -9.9503059194e-02 -2.1495426665e+00
75 75 67
2 0 817 116.6000 -99.6000 1 913 94.6300 -173.2100
8.5689528384e-02 -2.0733173696e-01 -2.1870141915e+00
33 34 29
2 0 823 87.4600 -198.0900 1 921 45.4300 -271.2800
8.7785820780e-02 -1.7064995862e-01 -2.1844454496e+00
183 176 168
2 0 859 88.4500 -162.9800 1 941 54.0600 -233.3000
8.7785820780e-02 -1.7064995862e-01 -2.1844454496e+00
183 176 168
2 0 860 88.4500 -162.9800 1 942 54.0600 -233.3000
2.0720295347e-01 1.7449762540e-01 -2.2189012439e+00
201 194 188
2 0 872 204.1200 178.4100 1 949 261.8700 144.6700
1.7818032966e-01 9.3578242134e-02 -2.1579792976e+00
24 24 22
2 0 873 176.1500 94.6700 1 953 206.7500 40.7900
1.7584268823e-01 6.7847960123e-02 -2.1466108680e+00
47 48 43
2 0 875 174.3800 67.7300 1 954 197.5500 7.7300
1.6048977849e-01 -9.9277730080e-02 -2.1232187143e+00
77 77 69
2 0 878 160.3200 -103.3500 1 939 143.5800 -192.4400
1.6048977849e-01 -9.9277730080e-02 -2.1232187143e+00
77 77 69
2 0 879 160.3200 -103.3500 1 940 143.5800 -192.4400
1.7733627222e-01 2.0318278246e-01 -2.2225947061e+00
193 188 180
2 0 909 175.5900 205.9500 1 972 231.0800 185.8700
9.6184401767e-02 1.0808188268e-01 -2.0444312165e+00
18 20 17
2 0 912 90.9500 101.0500 1 964 92.4700 47.6600
6.4837474195e-02 -1.5834882078e-01 -2.2065274305e+00
36 37 32
2 0 922 65.8400 -146.9300 1 970 34.2000 -207.1700
1.1341585040e-01 -1.5327842808e-01 -2.1632063899e+00
54 53 49
2 0 923 113.2600 -149.9500 1 971 83.3400 -227.8900
