# Bundle file v0.3
3 86
1.7564643794e+03 -1.1039464001e-01 -4.4429688369e-03
9.9962436713e-01 -6.7951022221e-03 2.6550917530e-02
5.5007932567e-03 9.9880703027e-01 4.8520692041e-02
-2.6848946151e-02 -4.8356414966e-02 9.9846922397e-01
3.7518570841e-02 7.3156249217e-02 2.3375290237e-01
0 0 0
0 0 0
0 0 0
0 0 0
0 0 0
2.2486008741e+03 1.3547962800e-01 3.7166813596e-03
9.7365855133e-01 -1.7696882244e-01 1.4377434161e-01
7.4131227542e-02 8.4199505787e-01 5.3436774194e-01
-2.1562371512e-01 -5.0963355307e-01 8.3293460431e-01
1.8650813360e-01 8.3872946513e-01 -4.7117088585e-01
2.8490713193e-02 1.0823334493e-01 -1.3721543929e+00
150 113 18
2 0 49 43.9100 176.5000 2 24 -2.5000 267.1400
-1.2450452480e-01 8.3687424135e-02 -1.4041679924e+00
11 12 7
2 0 56 -186.3900 131.5600 2 49 -206.8400 203.8200
-1.9613765589e-01 1.1020502333e-01 -1.7027001304e+00
39 30 19
2 0 69 -244.9700 119.1700 2 477 -317.7100 8.1900
1.3363357960e-01 6.5657632063e-02 -1.4481288504e+00
19 16 11
2 0 73 190.9500 99.3000 2 67 124.3900 168.4800
-9.3446890311e-02 4.8853177929e-02 -1.4566585653e+00
237 208 188
2 0 83 -136.5900 73.0300 2 92 -163.1700 125.9500
4.8442693126e-02 -6.2981744997e-03 -1.5773590018e+00
125 124 120
2 0 123 56.1200 -11.7500 2 190 11.7700 -7.7100
-6.4812078270e-02 -1.9685782373e-02 -1.4975059603e+00
196 175 158
2 0 131 -93.7400 -27.0800 2 165 -116.9100 22.6200
-6.4812078270e-02 -1.9685782373e-02 -1.4975059603e+00
196 175 158
2 0 132 -93.7400 -27.0800 2 166 -116.9100 22.6200
-1.2784433213e-01 -2.0176526804e-02 -1.4904071771e+00
211 170 148
2 0 135 -181.8100 -28.1900 2 170 -200.1000 21.3600
-1.2188381425e-01 -2.5814857542e-02 -1.4945730501e+00
206 170 146
2 0 138 -172.9200 -36.2500 2 175 -191.6200 12.5900
-2.6386633233e-01 -3.0101074584e-02 -1.7656749160e+00
30 31 26
2 0 146 -314.2100 -50.6300 2 566 -385.3200 -180.9500
-2.5933846260e-01 -3.8848602755e-02 -1.7690970085e+00
59 57 45
2 0 151 -308.4800 -60.7100 2 569 -378.7900 -191.7300
-1.2670701484e-01 -5.1611856544e-02 -1.5074249364e+00
198 157 137
2 0 165 -178.4700 -72.4400 2 209 -194.4300 -26.4000
-9.8015417234e-02 -5.2219632162e-02 -1.5112986197e+00
193 160 141
2 0 167 -138.4900 -73.0600 2 211 -156.4600 -26.8800
2.0519997448e-02 -7.9321647294e-02 -1.5215260253e+00
51 51 44
2 0 198 24.5000 -109.1200 2 220 2.7500 -52.3800
-1.8733718671e-02 -1.2972854470e-01 -1.5435817963e+00
111 111 111
2 0 248 -28.7900 -177.2500 2 248 -40.9000 -129.0300
-5.5021094612e-02 -1.3594973966e-01 -1.5351549965e+00
13 13 11
2 0 263 -77.6700 -186.7700 2 253 -86.1300 -135.0100
-6.1160815899e-02 -1.3857064683e-01 -1.5339650306e+00
119 119 117
2 0 266 -86.1500 -190.4500 2 256 -93.4200 -138.0800
-6.8276180781e-02 -1.4030665054e-01 -1.5324971179e+00
124 124 124
2 0 269 -95.7800 -193.0400 2 258 -102.4100 -140.0000
-6.8276180781e-02 -1.4030665054e-01 -1.5324971179e+00
124 124 124
2 0 270 -95.7800 -193.0400 2 260 -102.4100 -140.0000
-1.9191689397e-01 1.7533621656e-01 -1.6679945275e+00
112 78 18
2 0 341 -244.0100 202.9400 2 430 -320.1300 95.3700
3.7904541552e-02 1.1587049973e-01 -1.3709851585e+00
92 66 13
2 0 349 58.2400 188.4700 2 16 8.3400 276.7600
2.6291458603e-02 1.1304325004e-01 -1.3697005148e+00
31 33 16
2 0 350 40.6700 184.3900 2 19 -6.0600 274.1700
-2.4400381534e-01 1.0951631431e-01 -1.7083892447e+00
98 92 66
2 0 359 -299.2000 116.4600 2 769 -377.2200 0.3800
-1.2145283613e-01 5.3371623139e-02 -1.4510191652e+00
243 202 182
2 0 367 -177.0800 79.9000 2 415 -201.0200 133.1200
-2.0147486744e-01 6.0905985646e-02 -1.7222047386e+00
25 16 7
2 0 373 -248.6900 58.4900 2 222 -318.6600 -54.0500
-2.3162047986e-01 5.2664988173e-02 -1.7281687737e+00
79 80 75
2 0 381 -283.0600 47.9400 2 523 -354.4900 -68.9400
-2.4424883441e-01 5.0938505573e-02 -1.7302548275e+00
51 45 29
2 0 382 -296.0500 45.0400 2 228 -371.1500 -72.7000
1.0430035286e-01 2.0773270912e-02 -1.4369754377e+00
135 134 129
2 0 390 150.8600 36.0100 2 416 102.7500 127.1100
3.4465931992e-02 4.7774472346e-03 -1.4216570877e+00
57 49 43
2 0 395 50.6100 13.5100 2 108 20.0100 115.6600
-6.3179303909e-02 -1.9868997831e-02 -1.4976526851e+00
201 179 165
2 0 407 -91.4800 -27.3200 2 468 -114.7300 22.4600
-1.3347775340e-01 -2.2985608968e-02 -1.4915756224e+00
207 164 142
2 0 412 -189.3800 -32.3000 2 472 -207.4600 16.8600
-5.6212487324e-02 -2.3630362573e-02 -1.5000705497e+00
193 174 160
2 0 415 -81.6400 -32.6200 2 469 -105.2300 17.2200
-5.6212487324e-02 -2.3630362573e-02 -1.5000705497e+00
193 174 160
2 0 416 -81.6400 -32.6200 2 470 -105.2300 17.2200
-7.5770170659e-02 -2.9235792324e-02 -1.5012035974e+00
199 172 155
2 0 420 -108.7400 -40.6400 2 478 -129.9300 8.2800
-5.7708661456e-02 -3.0049343429e-02 -1.5037133300e+00
190 169 153
2 0 421 -83.6100 -41.6800 2 479 -106.3500 7.3200
-5.7708661456e-02 -3.0049343429e-02 -1.5037133300e+00
190 169 153
2 0 422 -83.6100 -41.6800 2 480 -106.3500 7.3200
-1.1924200922e-01 -3.4750435074e-02 -1.4993993489e+00
206 169 150
2 0 425 -168.7500 -48.8600 2 486 -186.9300 -0.7200
-1.0850325328e-01 -4.0252313031e-02 -1.5032548858e+00
202 167 147
2 0 428 -153.6200 -56.4600 2 491 -171.8200 -8.6800
-1.0850325328e-01 -4.0252313031e-02 -1.5032548858e+00
202 167 147
2 0 429 -153.6200 -56.4600 2 490 -171.8200 -8.6800
-6.4173030322e-02 -5.7302473539e-02 -1.5177654195e+00
180 154 137
2 0 444 -91.8400 -79.6900 2 502 -111.3100 -33.7600
2.4145400653e-02 -1.5362929676e-01 -1.5430072196e+00
26 21 15
2 0 459 29.5700 -209.2000 2 830 20.2600 -151.4900
2.1716447102e-02 -1.5519419689e-01 -1.5443429456e+00
186 185 180
2 0 461 26.2800 -211.2300 2 270 17.1700 -154.4600
1.3595845048e-01 8.0636729804e-02 -1.4012221669e+00
114 109 106
2 0 513 203.1100 129.0800 2 638 135.5800 221.4600
-7.0160104428e-02 -4.9890849331e-03 -1.4890866965e+00
210 187 173
2 0 548 -101.6600 -6.1100 2 450 -125.7200 44.5100
-9.2009263398e-02 -8.4735764109e-03 -1.4883813302e+00
222 191 171
2 0 551 -132.0700 -11.2400 2 739 -154.0300 39.2200
-1.1131967795e-01 -2.9498580489e-02 -1.4974091220e+00
207 172 150
2 0 568 -158.1300 -41.3200 2 760 -176.8900 7.3500
-7.1974212787e-02 -3.2721606779e-02 -1.5023771050e+00
184 163 144
2 0 573 -103.4000 -45.4900 2 764 -124.3900 3.9100
-5.8592354975e-02 -3.3290905009e-02 -1.5047433853e+00
190 169 152
2 0 575 -84.7300 -46.2400 2 767 -107.0500 2.9000
-7.2570546205e-02 -3.5992837117e-02 -1.5049094950e+00
184 164 146
2 0 581 -103.9700 -50.1600 2 773 -124.9900 -1.5800
-7.2570546205e-02 -3.5992837117e-02 -1.5049094950e+00
184 164 146
2 0 582 -103.9700 -50.1600 2 774 -124.9900 -1.5800
-7.3484053899e-02 -4.0245202072e-02 -1.5050919354e+00
185 162 144
2 0 587 -105.1600 -56.0900 2 777 -125.4200 -6.5600
-1.1320991909e-01 -4.0135068462e-02 -1.5030192437e+00
205 170 150
2 0 589 -160.2100 -56.3200 2 780 -178.0500 -8.8600
-1.1320991909e-01 -4.0135068462e-02 -1.5030192437e+00
205 170 150
2 0 590 -160.2100 -56.3200 2 781 -178.0500 -8.8600
-7.4435951633e-02 -4.4086423396e-02 -1.5089916495e+00
187 162 144
2 0 594 -106.3100 -61.4900 2 785 -126.3800 -13.7400
-1.1175704920e-01 -5.1212993305e-02 -1.5092241336e+00
202 166 144
2 0 603 -157.4500 -71.8400 2 906 -174.8900 -25.6300
-2.7197532362e-02 -1.3045130642e-01 -1.5416505199e+00
22 22 21
2 0 649 -40.2000 -178.4500 2 537 -51.4600 -129.6000
-3.7227953944e-02 -1.3062697930e-01 -1.5392629090e+00
11 11 11
2 0 650 -53.6900 -178.9900 2 535 -64.2600 -129.4000
-8.2926390310e-02 -1.3716423015e-01 -1.5297046883e+00
8 8 7
2 0 657 -115.8500 -189.1400 2 541 -122.3000 -136.1800
-8.8602827871e-02 -1.4343505356e-01 -1.5282692848e+00
8 8 7
2 0 662 -123.5300 -197.9300 2 548 -128.5800 -143.3500
-1.4272074146e-01 4.6222118900e-02 -1.4520570692e+00
42 45 33
2 0 701 -207.2800 69.1600 2 677 -228.7400 122.9000
-9.2722566231e-02 -4.8033333994e-02 -1.5096031281e+00
197 163 144
2 0 720 -131.5400 -67.1200 2 902 -149.8100 -20.4700
-2.3655416930e-01 6.2486462834e-02 -1.7233929402e+00
12 13 8
2 0 767 -289.5200 59.8600 2 1016 -361.6100 -56.4200
-2.5498128537e-01 -4.1736902620e-02 -1.7693530150e+00
8 9 6
2 0 789 -303.8400 -63.8500 2 1114 -372.7400 -194.5900
-1.3414870403e-01 -5.0280455672e-02 -1.5062484853e+00
199 157 135
2 0 793 -188.6300 -70.7500 2 1008 -204.8300 -24.7300
-1.6991654272e-03 -8.1519468854e-02 -1.5311596164e+00
37 37 31
2 0 802 -6.1200 -112.1800 2 1017 -27.2000 -63.7100
-2.0024687556e-02 -1.3388113425e-01 -1.5432049251e+00
13 14 18
2 0 818 -31.1700 -182.6600 2 926 -40.8800 -133.9200
-4.5081729675e-02 -1.9039624415e-01 -1.5851331791e+00
66 66 62
2 0 839 -63.4000 -254.1300 2 1067 -68.8400 -229.9100
-2.3828543953e-01 5.4765127593e-02 -1.7268381036e+00
11 12 7
2 0 858 -290.9000 50.4000 2 1097 -363.0000 -66.5600
7.6357978803e-03 -5.7744565396e-02 -1.5233250640e+00
40 41 35
2 0 866 6.5100 -79.6600 2 1095 -19.0100 -30.7600
1.3703525830e-01 9.5015915343e-02 -1.3957629863e+00
10 11 8
2 0 901 205.3800 151.5800 2 1077 134.6500 240.9700
3.2475734705e-02 1.3800288140e-02 -1.4270142578e+00
229 222 216
2 0 908 47.1300 26.3200 2 1134 14.1300 121.2300
3.7208561405e-02 -3.7690286955e-02 -1.5001430241e+00
27 25 26
2 0 922 48.2700 -51.3400 2 1139 18.6900 10.5600
5.4269570278e-02 -5.6790509336e-02 -1.4662864955e+00
39 40 34
2 0 927 75.5400 -77.5700 2 1138 52.3400 15.2000
1.2461873803e-01 5.5979778782e-02 -1.4187173943e+00
30 30 28
2 0 955 183.5600 89.6700 2 1128 123.1800 180.6500
-2.4798293230e-01 4.6871816714e-02 -1.7320373188e+00
51 43 28
2 0 958 -300.4900 40.2400 2 1199 -374.9100 -78.4600
2.7470627897e-02 2.1259284361e-02 -1.4246508605e+00
29 28 23
2 0 959 40.1500 37.3800 2 1189 5.9200 130.8900
1.6170620119e-02 1.7267278383e-02 -1.4243684251e+00
86 80 65
2 0 960 23.3800 31.5100 2 1132 -7.6800 125.7600
6.5796735778e-02 -1.1506514982e-01 -1.5012237357e+00
50 49 45
2 0 968 90.3400 -159.2600 2 1237 72.7800 -74.2300
6.5796735778e-02 -1.1506514982e-01 -1.5012237357e+00
50 49 45
2 0 969 90.3400 -159.2600 2 1238 72.7800 -74.2300
2.1414072497e-02 -1.2779024228e-01 -1.5372164039e+00
221 212 205
2 0 972 25.7500 -174.6600 2 1200 11.8700 -118.0100
2.1414072497e-02 -1.2779024228e-01 -1.5372164039e+00
221 212 205
2 0 973 25.7500 -174.6600 2 1201 11.8700 -118.0100
7.9896785733e-03 -1.3462261838e-01 -1.5500028567e+00
8 8 8
2 0 975 7.2000 -183.1500 2 1205 -6.4300 -135.7300
2.8642491582e-02 -1.3913082504e-01 -1.5370371013e+00
14 14 12
2 0 977 36.2300 -190.1700 2 1204 23.3900 -130.1100
1.4547455852e-01 8.5969212700e-02 -1.3952262483e+00
199 194 190
2 0 992 218.6500 138.0900 2 1176 147.5100 232.6500
-2.3233975825e-01 1.0020327112e-01 -1.7111072840e+00
46 38 27
2 0 1013 -285.4100 105.3600 2 1258 -361.6400 -9.8200
