# Bundle file v0.3
3 298
9.7991435263e+02 2.5141418135e-01 5.8841304817e-02
9.7034459587e-01 2.0732310574e-01 1.2429197515e-01
-8.4163165724e-02 7.7178026983e-01 -6.3029499176e-01
-2.2660080934e-01 6.0114253296e-01 7.6634178294e-01
1.3929366954e-01 -9.1281598293e-01 -1.5376223245e-01
1.9888317735e+03 1.2498034560e-01 2.8625504112e-03
9.9062376434e-01 -1.0407160183e-02 1.3622132194e-01
5.0824128368e-02 9.5360265109e-01 -2.9674718500e-01
-1.2681271825e-01 3.0088814341e-01 9.4519038275e-01
1.1916359081e-01 -3.5353722161e-01 -1.2613662592e+00
8.2642300116e+02 1.1445668405e-01 -5.8259888280e-02
9.5636389963e-01 2.6412041068e-01 1.2493398317e-01
-9.0180359271e-02 6.7355256522e-01 -7.3361736940e-01
-2.7791292573e-01 6.9033857675e-01 6.6797983140e-01
1.2938478265e-01 -9.7513237577e-01 5.8446689166e-03
-8.8716097519e-02 1.5306236436e-01 -1.3476895754e+00
231 215 199
3 1 187 -122.9200 151.1600 2 413 -90.9900 135.4600 0 149 -75.7000 56.7700
-8.7538820609e-02 7.7230546409e-02 -1.3028012403e+00
246 232 219
3 1 304 -117.3800 82.9700 2 451 -102.0500 42.7700 0 206 -83.0900 -22.4900
-1.1012857402e-01 4.9955364876e-02 -1.2817483862e+00
249 232 216
3 1 354 -133.7900 55.9700 2 478 -129.9300 8.2800 0 229 -106.2900 -50.6700
-8.7316232370e-02 4.7594366631e-02 -1.2843309886e+00
245 232 219
3 1 356 -115.3700 55.8100 2 479 -106.3500 7.3200 0 231 -86.2800 -53.4600
-1.4758538353e-01 3.7409441626e-02 -1.2656510572e+00
250 227 210
3 1 369 -163.6100 41.2300 2 491 -171.8200 -8.6800 0 243 -142.1200 -68.2200
-1.4758538353e-01 3.7409441626e-02 -1.2656510572e+00
250 227 210
3 1 368 -163.6100 41.2300 2 490 -171.8200 -8.6800 0 244 -142.1200 -68.2200
-8.6898392944e-02 1.3098314669e-02 -1.2622784572e+00
244 228 213
3 1 389 -112.8300 23.7800 2 502 -111.3100 -33.7600 0 259 -89.6500 -89.3500
-5.4956588777e-02 3.2492023220e-01 -1.3277021238e+00
21 15 6
3 1 3 -97.2900 288.4300 2 624 -6.0800 290.6700 0 444 -11.0400 183.6600
-2.0883457066e-01 1.4719437765e-01 -1.3101616671e+00
56 53 34
3 1 688 -220.7500 135.5000 2 676 -228.7400 122.9000 0 521 -189.6900 41.9100
-2.0883457066e-01 1.4719437765e-01 -1.3101616671e+00
56 53 34
3 1 689 -220.7500 135.5000 2 677 -228.7400 122.9000 0 523 -189.6900 41.9100
-1.1002878666e-01 7.1704630579e-02 -1.2980701116e+00
248 232 216
3 1 314 -135.4000 76.6300 2 455 -126.4400 37.0600 0 576 -103.9400 -26.7100
-1.6606638221e-01 6.8692887485e-02 -1.2792440792e+00
249 224 204
3 1 327 -180.5900 68.2200 2 459 -188.1200 27.2300 0 591 -156.0900 -37.1800
2.0937339408e-02 -6.1630128352e-02 -1.2107094832e+00
32 31 28
3 1 446 -20.8800 -43.1700 2 816 -16.8300 -127.5900 0 689 -3.2100 -173.9300
-4.2996945343e-02 1.4317692494e-01 -1.3542460057e+00
193 185 172
3 1 679 -86.9200 146.0100 2 892 -45.4900 124.7000 0 806 -37.0100 49.2500
-1.9321961066e-01 6.2873941822e-02 -1.2690604734e+00
245 210 191
3 1 343 -203.3400 60.3400 2 753 -220.1000 17.7900 0 826 -182.5800 -46.0600
1.7504659058e-01 3.9114159272e-02 -1.0859862460e+00
223 215 204
3 1 1032 125.5100 12.8500 2 943 193.4400 -190.2800 0 872 181.1300 -211.1200
7.8619530622e-02 2.7145712369e-01 -1.3259534493e+00
10 11 6
3 1 1103 11.5200 247.6300 2 1078 128.2600 203.3000 0 930 103.7000 119.6600
-9.3255518519e-02 6.6106263302e-02 -1.2932343888e+00
227 211 196
3 1 1157 -121.0200 71.9800 2 993 -109.5100 27.7200 0 966 -89.6300 -34.9100
-1.2589784354e-01 2.6668687394e-02 -1.2631625839e+00
246 227 210
3 1 1025 -145.3000 33.0200 2 902 -149.8100 -20.4700 0 981 -123.3100 -77.8700
-1.7595571937e-01 2.6770768383e-02 -1.2521019033e+00
248 217 196
3 1 1168 -186.5900 28.5400 2 1008 -204.8300 -24.7300 0 983 -170.0900 -82.4700
7.9290512845e-02 2.5330493486e-01 -1.3194429173e+00
8 8 3
3 1 1268 12.2300 231.3400 2 1128 123.1800 180.6500 0 1132 100.9000 102.1900
7.2323288257e-02 2.4558255015e-01 -1.3241365863e+00
93 90 83
3 1 1270 6.2300 225.6700 2 1129 111.3600 177.4700 0 1134 91.6500 99.3700
-4.5419381035e-03 1.0146559985e-01 -1.3359270791e+00
150 145 134
3 1 1405 -54.6100 111.1800 2 1136 -14.8300 74.5500 0 1146 -9.3800 7.2500
7.0578546206e-03 1.3707282636e-02 -1.2759213128e+00
73 73 65
3 1 1166 -38.8700 30.7800 2 1095 -19.0100 -30.7600 0 1152 -8.4900 -85.0900
-1.5245284787e-01 2.5636333450e-01 -1.2879392920e+00
57 47 37
3 1 1488 -177.8000 221.8100 2 1178 -143.1500 206.1400 0 1216 -119.2000 112.3600
-1.9051380683e-01 1.3195188923e-02 -1.2418504445e+00
237 203 181
3 1 1430 -198.2500 14.6800 2 1145 -223.5500 -41.7900 0 1229 -184.9800 -97.4000
7.7909702111e-02 2.3666441615e-01 -1.3126722883e+00
34 34 32
3 1 1489 11.7000 216.5300 2 1224 116.5600 160.3100 0 1272 96.6600 85.8400
7.7423859824e-02 2.1659489681e-01 -1.2998702372e+00
9 8 6
3 1 1491 12.8700 198.2300 2 1225 110.8500 133.1100 0 1276 93.5500 63.2800
7.7833349420e-02 1.9615586417e-01 -1.2862070862e+00
18 18 16
3 1 1496 15.0800 179.5200 2 1227 106.2400 105.1800 0 1280 91.1600 40.1600
8.1062526506e-02 1.2397696848e-01 -1.2537332860e+00
21 22 18
3 1 1503 20.5300 114.7200 2 1228 90.5800 23.0600 0 1283 82.0700 -31.5400
9.2022745882e-02 9.8092381491e-02 -1.2204645075e+00
241 238 229
3 1 1567 34.0900 87.6500 2 1234 98.3500 -24.1400 0 1322 92.1500 -69.7500
-4.8190472390e-02 1.3633177177e-01 -1.3475359964e+00
226 216 204
2 1 212 -90.4400 139.2800 2 421 -51.9900 115.4100
-1.2676043955e-01 1.7254508831e-02 -1.2581009851e+00
248 227 210
2 1 388 -145.6800 24.4400 2 499 -152.3200 -30.6700
1.5319974854e-01 3.7700824414e-04 -1.0109300777e+00
33 33 31
2 1 440 119.4200 -39.8500 2 868 176.0700 -292.0300
-8.7419823603e-02 4.4969832511e-02 -1.2809770892e+00
244 230 217
2 1 774 -115.3300 52.9700 2 767 -107.0500 2.9000
-1.1683084106e-01 1.6061445893e-01 -1.3455498739e+00
238 221 198
2 1 179 -145.7400 155.7500 0 500 -100.6100 63.9400
-1.7946705078e-01 1.5891617208e-01 -1.3217814896e+00
243 210 189
2 1 195 -196.1000 147.9200 0 511 -159.3300 55.6100
-2.3343548347e-03 1.1162449926e-01 -1.3406515450e+00
146 140 130
2 1 242 -53.4300 120.1300 0 182 -5.6500 16.3200
-1.1026145587e-01 5.8519198574e-02 -1.2855803336e+00
249 233 217
2 1 340 -134.3500 63.7500 0 222 -105.6900 -43.8400
-8.6699762041e-02 3.2777956056e-02 -1.2768527543e+00
245 232 216
2 1 366 -114.1300 42.5700 0 246 -87.4800 -67.8700
-8.6699762041e-02 3.2777956056e-02 -1.2768527543e+00
245 232 216
2 1 367 -114.1300 42.5700 0 245 -87.4800 -67.8700
-8.7126032964e-02 2.6613997454e-02 -1.2694624932e+00
240 227 211
2 1 375 -113.7800 36.0800 0 642 -88.4300 -76.4800
-7.5945492108e-02 3.3353350397e-01 -1.3145382581e+00
28 69 42
2 1 1099 -114.7700 292.5900 0 1053 -30.6500 188.1300
-9.4676537907e-03 1.1292065668e-01 -1.3459588783e+00
153 149 135
2 1 1141 -59.8800 121.7900 0 953 -11.7700 20.6900
-1.3348306675e-01 2.7897403446e-02 -1.2621858660e+00
231 210 193
2 1 1311 -151.3500 33.5400 0 1149 -130.1400 -77.5600
9.0420320145e-02 2.2994456491e-01 -1.2928213034e+00
194 193 188
2 1 1559 24.0600 208.0600 0 1317 110.0100 69.1500
-2.8855747674e-01 2.0719124265e-02 -1.7850101146e+00
135 125 117
2 2 7 -281.9400 289.8900 0 84 -248.9200 175.4400
-3.1689360798e-01 -1.2766593373e-02 -1.7868957999e+00
180 165 146
2 2 21 -305.4800 271.3200 0 95 -270.5300 158.7100
-3.1689360798e-01 -1.2766593373e-02 -1.7868957999e+00
180 165 146
2 2 22 -305.4800 271.3200 0 96 -270.5300 158.7100
-2.7417570888e-01 -1.4783735948e-02 -1.7790740554e+00
42 35 18
2 2 27 -271.1500 260.5500 0 465 -239.7400 150.2800
-2.3880119043e-01 1.9193618658e-01 -1.3620924688e+00
126 107 71
2 2 46 -260.4500 208.9300 0 120 -214.5000 109.6000
-2.2725392336e-01 1.9461391915e-01 -1.3596913345e+00
216 195 165
2 2 47 -245.9200 207.5300 0 122 -202.7500 109.2300
-1.7769609859e-01 1.9569069109e-01 -1.3406359593e+00
45 41 33
2 2 58 -185.3700 185.2200 0 127 -153.5300 94.5700
-2.0157358484e-01 1.8141586627e-01 -1.3469063832e+00
165 165 158
2 2 60 -215.8700 180.2700 0 133 -178.4500 89.0800
-2.0157358484e-01 1.8141586627e-01 -1.3469063832e+00
165 165 158
2 2 61 -215.8700 180.2700 0 134 -178.4500 89.0800
-2.0878244199e-01 1.7655882032e-01 -1.3477788093e+00
17 15 3
2 2 62 -225.0700 177.5300 0 135 -186.0100 86.4900
4.3391906573e-01 3.9372439952e-02 -1.3626063345e+00
36 36 31
2 2 179 323.0800 9.2300 0 602 315.7100 -46.6100
7.4852175439e-02 1.0704760052e-01 -1.2414449045e+00
139 135 127
2 2 185 79.4600 0.9200 0 228 74.2800 -50.0000
-3.7670702741e-01 -3.9739934783e-01 -1.5481158262e+00
54 48 31
2 2 219 -372.1200 -51.9000 0 666 -340.5600 -143.4400
1.0855405836e-01 5.4669129318e-02 -1.1369037787e+00
137 129 115
2 2 247 117.4300 -127.0200 0 297 111.7100 -158.7100
1.1781941653e-01 4.5387510463e-02 -1.1375561142e+00
96 90 76
2 2 251 122.8600 -132.8300 0 299 117.7900 -164.7700
4.4033796427e-02 -3.8254861095e-02 -1.1717011168e+00
42 39 26
2 2 263 15.1500 -147.8000 0 328 26.0700 -189.2200
-3.5577350151e-01 -4.8638025367e-01 -1.4358015826e+00
4 3 0
2 2 269 -368.4800 -154.2500 0 361 -338.4800 -246.6000
4.6443076028e-02 -4.1726972322e-02 -1.1664656240e+00
180 179 172
2 2 270 17.1700 -154.4600 0 332 28.2700 -195.2000
2.5052642568e-02 -8.3472371125e-02 -1.1623202354e+00
64 63 58
2 2 282 -14.0600 -180.0100 0 345 1.8800 -222.4900
-9.5268184251e-02 -6.3975992575e-02 -1.1293268965e+00
23 21 17
2 2 292 -129.8000 -197.1200 0 350 -103.2100 -233.0300
-2.5362346086e-01 -4.2139738689e-02 -1.1028639640e+00
214 209 195
2 2 304 -320.4500 -210.1700 0 355 -264.7300 -239.2400
4.5392551725e-02 -5.5970785993e-02 -1.1036919402e+00
29 29 27
2 2 312 21.3100 -220.5600 0 367 33.1000 -252.1800
-2.6027028761e-01 3.5623659472e-02 -1.7797456137e+00
210 203 187
2 2 367 -258.5200 293.9900 0 445 -227.8300 179.8700
-2.6108697751e-01 2.7191928655e-02 -1.7687581896e+00
150 138 126
2 2 373 -260.0800 283.5100 0 87 -229.0400 171.0300
-3.3355665447e-01 -1.0196115864e-02 -1.7962281087e+00
183 168 149
2 2 374 -318.5100 279.5400 0 453 -282.3300 165.1300
-3.3355665447e-01 -1.0196115864e-02 -1.7962281087e+00
183 168 149
2 2 375 -318.5100 279.5400 0 454 -282.3300 165.1300
-2.7547514570e-01 -4.8366867789e-03 -1.7952881978e+00
184 175 158
2 2 376 -270.9400 274.3800 0 93 -239.8200 161.6500
-2.6143515546e-01 -2.0816284992e-03 -1.7698919460e+00
101 89 66
2 2 381 -261.0800 263.6500 0 99 -230.3800 153.3600
-2.6417167138e-01 -3.0089193532e-02 -1.7787630538e+00
41 23 13
2 2 382 -263.5200 248.5700 0 467 -233.1100 140.3300
-1.9799843569e-01 1.6974294107e-01 -1.3530163267e+00
27 18 12
2 2 400 -212.2100 172.4500 0 136 -176.1100 83.0300
-1.8541810842e-01 1.3767451462e-01 -1.3417716121e+00
236 215 188
2 2 415 -201.0200 133.1200 0 157 -166.9800 51.0700
7.7785156571e-02 2.0143717793e-01 -1.3109884289e+00
125 122 116
2 2 416 102.7500 127.1100 0 148 87.2300 58.2400
7.7046084028e-02 1.9640013977e-01 -1.3121176483e+00
50 48 36
2 2 419 99.8100 123.7000 0 154 85.1200 55.0900
-1.9608156106e-01 1.0883259686e-01 -1.3215980081e+00
186 160 143
2 2 431 -217.0300 95.3000 0 181 -180.1700 19.3200
6.5908808845e-02 1.4815077258e-01 -1.2852412546e+00
125 125 115
2 2 442 76.3100 66.2100 0 192 68.5300 5.7300
-1.1181802527e-01 8.5086147320e-02 -1.2936083269e+00
217 209 197
2 2 450 -125.7200 44.5100 0 204 -103.5100 -20.5700
-1.1222443543e-01 8.2425669579e-02 -1.2863990242e+00
219 210 197
2 2 456 -126.4400 37.0600 0 577 -103.9400 -26.7100
-8.6768171754e-02 6.8337315842e-02 -1.3045353145e+00
205 202 193
2 2 458 -102.5600 37.2800 0 211 -83.6500 -27.4400
-1.0948879067e-01 5.9758768325e-02 -1.2946640468e+00
218 207 195
2 2 464 -127.4700 26.0700 0 592 -104.8600 -37.5400
-8.6953755683e-02 5.2486090020e-02 -1.2929316038e+00
205 198 188
2 2 469 -105.2300 17.2200 0 224 -85.3900 -44.9800
-8.7450257370e-02 4.6995013234e-02 -1.2848959875e+00
199 192 182
2 2 480 -106.3500 7.3200 0 232 -86.2800 -53.4600
-1.6196336534e-01 4.3867122379e-02 -1.2681520428e+00
234 207 186
2 2 486 -186.9300 -0.7200 0 623 -154.6700 -61.2900
4.2946653510e-01 3.0298881392e-02 -1.3513049751e+00
42 37 33
2 2 488 319.4900 -2.3100 0 236 312.8000 -57.9300
2.0412563166e-02 5.5238935824e-02 -1.2628902112e+00
240 231 222
2 2 494 5.7500 -13.6800 0 634 12.3200 -68.0800
-8.8489514210e-02 1.9668956755e-02 -1.2560998268e+00
194 184 172
2 2 501 -111.3100 -33.7600 0 258 -89.6500 -89.3500
3.1741878393e-02 4.3491602593e-02 -1.2404732712e+00
252 248 237
2 2 510 16.6700 -39.9100 0 656 22.6500 -90.4900
-3.8771224329e-02 -3.1485404206e-02 -1.1891457407e+00
20 22 19
2 2 530 -66.8200 -124.9200 0 307 -48.5600 -169.3800
-1.6252040459e-02 -3.5924404960e-02 -1.1899929660e+00
6 6 4
2 2 532 -45.3200 -127.8700 0 311 -29.1000 -172.4000
-1.6252040459e-02 -3.5924404960e-02 -1.1899929660e+00
6 6 4
2 2 533 -45.3200 -127.8700 0 312 -29.1000 -172.4000
-3.5550008479e-02 -3.5137584831e-02 -1.1866653880e+00
22 23 18
2 2 535 -64.2600 -129.4000 0 687 -45.9700 -173.5300
-3.5550008479e-02 -3.5137584831e-02 -1.1866653880e+00
22 23 18
2 2 536 -64.2600 -129.4000 0 688 -45.9700 -173.5300
-2.1953934730e-02 -3.7839727070e-02 -1.1889943633e+00
5 6 3
2 2 537 -51.4600 -129.6000 0 315 -34.3200 -174.0500
-8.6826301856e-02 -3.0976562169e-02 -1.1760241928e+00
7 8 3
2 2 539 -116.0700 -134.0800 0 318 -91.8700 -176.7500
4.6973022158e-02 -2.4464213529e-02 -1.1775881048e+00
10 9 4
2 2 540 20.9200 -135.0000 0 694 30.8400 -176.6000
4.3750050313e-02 -2.6021852555e-02 -1.1758750865e+00
201 196 188
2 2 543 17.7200 -137.1900 0 697 27.7700 -178.7000
4.3313184001e-02 -3.1921013433e-02 -1.1767248869e+00
28 21 20
2 2 544 15.4800 -139.8200 0 698 26.1000 -181.6900
4.3313184001e-02 -3.1921013433e-02 -1.1767248869e+00
28 21 20
2 2 545 15.4800 -139.8200 0 699 26.1000 -181.6900
-9.8388507819e-02 -3.2534010225e-02 -1.1663952904e+00
9 9 7
2 2 548 -128.5800 -143.3500 0 325 -102.5900 -184.4700
1.5825907699e-01 6.1278665812e-02 -1.1106611317e+00
19 14 9
2 2 555 178.6700 -150.6700 0 696 166.0300 -177.1400
1.1238562283e-01 1.3416818727e-02 -1.1311703246e+00
40 37 28
2 2 558 106.4800 -157.8000 0 329 105.8900 -189.9500
-1.2631037792e-02 -5.6172648581e-02 -1.1623401919e+00
4 4 4
2 2 560 -44.0600 -163.9400 0 704 -26.7800 -204.9700
-3.7077375419e-01 -4.9821884954e-01 -1.3999514698e+00
27 26 24
2 2 566 -385.3200 -180.9500 0 735 -354.7800 -274.0200
-3.7077375419e-01 -4.9821884954e-01 -1.3999514698e+00
27 26 24
2 2 567 -385.3200 -180.9500 0 736 -354.7800 -274.0200
-3.6104408368e-01 -5.0649007356e-01 -1.3883191292e+00
53 50 41
2 2 569 -378.7900 -191.7300 0 388 -348.8800 -284.7900
-2.6581809993e-01 -4.5154509061e-02 -1.1166756350e+00
145 139 115
2 2 572 -334.0900 -196.7600 0 347 -276.9600 -229.2800
-2.5549256903e-01 -4.8052390780e-02 -1.0971254856e+00
141 133 121
2 2 588 -324.0400 -220.2600 0 364 -267.9200 -248.3100
4.5568670675e-03 -7.9107751734e-02 -1.1114931220e+00
4 4 2
2 2 592 -27.7500 -224.4200 0 729 -9.8100 -258.7200
1.2696910424e-01 3.2458561522e-02 -1.0407022735e+00
25 25 23
2 2 595 154.2900 -239.7300 0 724 145.6500 -252.8700
1.2696910424e-01 3.2458561522e-02 -1.0407022735e+00
25 25 23
2 2 596 154.2900 -239.7300 0 725 145.6500 -252.8700
-5.4669324910e-02 2.9783686798e-01 -1.3616116399e+00
30 78 56
2 2 627 -17.7900 281.5900 0 448 -20.5600 175.8000
-2.9761110812e-01 -4.8139989217e-03 -1.7841715262e+00
199 188 172
2 2 630 -289.7500 272.9500 0 456 -256.3000 160.4300
-2.7918103559e-01 -1.3854079523e-02 -1.7861819411e+00
187 175 157
2 2 632 -274.7200 264.7800 0 462 -243.0700 153.8400
-2.6422714000e-01 -2.3812973219e-02 -1.7803952590e+00
141 132 28
2 2 633 -263.3100 253.5500 0 466 -232.8600 144.4500
7.2223810583e-02 2.8180246155e-01 -1.3717118809e+00
14 14 5
2 2 634 115.2900 244.0400 0 464 91.4000 152.6600
-2.3421551337e-01 1.8529843564e-01 -1.3654528066e+00
168 139 81
2 2 643 -254.7400 203.5800 0 478 -210.2000 105.4600
7.4163378486e-02 2.2706326563e-01 -1.3358668258e+00
148 141 130
2 2 652 103.5100 167.5400 0 487 85.8300 91.2700
-1.9335661571e-01 1.6895689007e-01 -1.3473670949e+00
234 215 195
2 2 653 -206.8900 166.8500 0 491 -171.7800 78.9800
7.3860816091e-02 2.1006790182e-01 -1.3234061240e+00
179 173 165
2 2 662 99.3400 143.8600 0 496 83.6300 71.7700
-1.1594143907e-01 1.4965043083e-01 -1.3523434893e+00
233 227 213
2 2 663 -120.9400 139.8400 0 506 -101.0300 59.3600
6.1047539394e-02 1.9427608967e-01 -1.3280170803e+00
209 205 195
2 2 665 79.4200 135.1300 0 502 67.8100 63.5000
8.7498831745e-02 2.0247871681e-01 -1.3038794542e+00
37 33 23
2 2 678 114.7700 121.7100 0 512 97.3800 54.1800
6.0480439939e-02 1.7788457588e-01 -1.3153959805e+00
234 227 215
2 2 682 75.4700 112.6000 0 519 65.6100 44.6100
5.3328240343e-02 1.3342265562e-01 -1.2890028677e+00
97 94 88
2 2 716 57.9700 59.0300 0 553 53.5200 -1.6300
-9.2249831474e-02 7.8159282627e-02 -1.3020201716e+00
181 177 168
2 2 734 -106.6600 43.3200 0 821 -86.6900 -21.8100
-1.3548148408e-01 6.8661047338e-02 -1.2996310807e+00
230 213 195
2 2 738 -154.0300 39.2200 0 574 -127.5700 -26.6900
-1.3548148408e-01 6.8661047338e-02 -1.2996310807e+00
230 213 195
2 2 739 -154.0300 39.2200 0 575 -127.5700 -26.6900
5.2183873788e-02 1.0067446601e-01 -1.2649794289e+00
79 75 67
2 2 755 50.3400 16.7900 0 595 49.0200 -38.4400
-1.5335413735e-01 4.5174438492e-02 -1.2782856824e+00
231 209 186
2 2 760 -176.8900 7.3500 0 615 -146.5900 -54.5600
-1.0524356997e-01 4.9258694016e-02 -1.2760890189e+00
204 197 181
2 2 764 -124.3900 3.9100 0 618 -101.5500 -56.2000
2.2560780532e-02 6.9843340399e-02 -1.2722468944e+00
230 224 211
2 2 766 10.6200 3.2500 0 614 15.9200 -52.8300
-3.8891779584e-01 -3.4291151978e-01 -1.5977415624e+00
105 95 73
2 2 769 -377.2200 0.3800 0 658 -343.6200 -92.6300
-1.5322383183e-01 3.6664536877e-02 -1.2655619630e+00
229 204 182
2 2 781 -178.0500 -8.8600 0 635 -147.3700 -68.3200
7.0084848001e-02 9.4401584124e-02 -1.2370900655e+00
242 238 229
2 2 782 71.1900 -11.0800 0 622 67.7900 -61.1200
2.2290475550e-02 5.3543469668e-02 -1.2613104197e+00
223 214 202
2 2 789 7.2900 -16.2200 0 638 13.8600 -70.2600
6.9069954978e-02 7.8667755831e-02 -1.2244503437e+00
248 242 234
2 2 802 67.2400 -32.0900 0 644 65.3600 -79.7600
6.9069954978e-02 7.8667755831e-02 -1.2244503437e+00
248 242 234
2 2 803 67.2400 -32.0900 0 645 65.3600 -79.7600
3.9050066744e-02 -1.3086164776e-02 -1.2012925821e+00
21 17 14
2 2 812 13.2700 -107.7100 0 673 22.8500 -152.7100
-7.9711573542e-02 -3.3590996906e-02 -1.1948022078e+00
11 10 5
2 2 813 -109.7100 -119.3100 0 679 -86.4600 -165.1300
4.2415001452e-02 -2.3579631012e-02 -1.1846600032e+00
11 7 0
2 2 818 15.8700 -128.1300 0 686 25.9100 -170.9000
-4.1576950095e-02 -3.7512276363e-02 -1.1870004130e+00
7 7 4
2 2 819 -71.0000 -130.2400 0 690 -51.7300 -174.5300
1.1898123830e-01 3.9415365966e-02 -1.1362620799e+00
28 22 12
2 2 823 121.9200 -137.8100 0 682 117.6100 -169.6700
-2.8676445472e-03 -4.8665844259e-02 -1.1809246978e+00
9 11 10
2 2 825 -34.3500 -143.6600 0 864 -18.4800 -187.1600
4.8937280036e-02 -3.8356619814e-02 -1.1678442021e+00
20 15 8
2 2 830 20.2600 -151.4900 0 868 31.0600 -192.2100
-2.3088395435e-01 -5.3720381819e-02 -1.1035909465e+00
86 75 57
2 2 845 -290.9700 -216.4500 0 718 -240.4800 -246.4400
-2.4531003809e-01 -5.3191939771e-02 -1.0982948449e+00
125 113 93
2 2 847 -310.5600 -221.9900 0 720 -256.7100 -250.7700
-2.5702668747e-01 -5.0590217212e-02 -1.0952759281e+00
207 200 180
2 2 852 -326.3800 -223.9400 0 721 -270.1300 -251.6400
1.4919802173e-02 -7.2752727426e-02 -1.0985448979e+00
46 47 42
2 2 856 -13.0900 -233.8500 0 733 1.4300 -265.9500
6.1208926664e-02 -4.1668838500e-02 -1.0759288510e+00
36 37 32
2 2 857 46.7000 -241.2800 0 734 55.3200 -266.9900
7.8905706333e-02 -4.5631972268e-02 -1.0501227381e+00
48 47 43
2 2 863 68.5100 -270.9700 0 741 76.0900 -292.3700
1.4265871900e-01 1.7416920038e-02 -1.0032446515e+00
29 29 27
2 2 869 176.0700 -292.0300 0 743 167.5600 -297.9800
-2.7871394974e-01 8.0442762675e-03 -1.7775451262e+00
101 93 72
2 2 874 -274.4900 276.4300 0 926 -242.3600 163.9200
8.7762440885e-02 2.2387693826e-01 -1.3204299914e+00
28 26 22
2 2 891 119.8200 152.1500 0 797 99.9100 79.3300
-3.1430200628e-01 -2.2729510724e-01 -1.6759591960e+00
122 80 24
2 2 894 -312.7900 92.1600 0 818 -279.8300 -3.8000
7.1881585089e-02 1.1006943538e-01 -1.2494225694e+00
242 233 224
2 2 900 75.9700 9.6600 0 970 70.9800 -42.7900
-1.5458593218e-01 2.0597137567e-02 -1.2590468541e+00
225 199 174
2 2 903 -181.3100 -25.4300 0 830 -150.8900 -83.0900
-1.5458593218e-01 2.0597137567e-02 -1.2590468541e+00
225 199 174
2 2 904 -181.3100 -25.4300 0 831 -150.8900 -83.0900
-1.4875829425e-01 2.4896337981e-02 -1.2555397502e+00
228 202 179
2 2 906 -174.8900 -25.6300 0 832 -144.3900 -82.9300
2.1214327095e-02 3.8549838873e-02 -1.2499817970e+00
234 224 210
2 2 910 3.6700 -34.8700 0 833 11.3400 -87.0600
2.1214327095e-02 3.8549838873e-02 -1.2499817970e+00
234 224 210
2 2 911 3.6700 -34.8700 0 834 11.3400 -87.0600
3.8797471028e-02 3.9461400304e-03 -1.2061636261e+00
227 222 211
2 2 915 17.1700 -93.3600 0 846 25.3700 -138.7400
3.8797471028e-02 3.9461400304e-03 -1.2061636261e+00
227 222 211
2 2 916 17.1700 -93.3600 0 845 25.3700 -138.7400
3.9090393814e-02 -2.7872396335e-04 -1.2033714814e+00
217 214 199
2 2 917 16.7000 -98.2600 0 847 25.0900 -143.3300
3.1279203525e-02 -2.9559428832e-02 -1.1894009139e+00
18 19 13
2 2 921 2.8500 -126.9800 0 998 14.2900 -170.7900
-6.3658799722e-02 -2.7024669251e-02 -1.1761368777e+00
9 9 7
2 2 924 -90.4300 -132.5900 0 1000 -70.1000 -175.0100
-9.0093032212e-02 -3.1511821405e-02 -1.1693918690e+00
8 8 6
2 2 931 -119.3800 -140.3100 0 859 -94.8500 -181.8600
6.9590104611e-03 -5.2034796906e-02 -1.1782968044e+00
7 7 5
2 2 935 -25.3300 -148.2600 0 1010 -10.0600 -191.4400
1.4879835691e-01 5.2719807789e-02 -1.1086566545e+00
36 33 26
2 2 937 165.5300 -157.5100 0 1002 155.3200 -183.7100
-7.7485040709e-03 -6.7397768444e-02 -1.1588371209e+00
59 59 58
2 2 940 -41.3400 -173.4300 0 1013 -24.2700 -214.5800
1.6771344114e-01 3.7875984137e-02 -1.0708454652e+00
202 199 190
2 2 948 189.8300 -205.5400 0 1017 179.1800 -224.9300
1.6771344114e-01 3.7875984137e-02 -1.0708454652e+00
202 199 190
2 2 949 189.8300 -205.5400 0 1018 179.1800 -224.9300
-2.2282296474e-01 -5.6689228948e-02 -1.1073999409e+00
93 83 65
2 2 951 -280.2900 -214.0900 0 1031 -231.7200 -245.1200
-2.6304864619e-01 -4.6905077209e-02 -1.1004957515e+00
177 168 151
2 2 952 -333.0300 -216.0100 0 1028 -276.5000 -244.2900
1.5590388166e-01 8.6927132812e-03 -1.0697844688e+00
29 27 24
2 2 955 164.5000 -222.7400 0 1029 159.4600 -244.0700
1.5590388166e-01 8.6927132812e-03 -1.0697844688e+00
29 27 24
2 2 956 164.5000 -222.7400 0 1030 159.4600 -244.0700
-2.4152694898e-01 -5.6507627162e-02 -1.0975538435e+00
79 72 55
2 2 957 -305.6300 -224.8800 0 889 -253.1000 -253.5400
-2.4152694898e-01 -5.6507627162e-02 -1.0975538435e+00
79 72 55
2 2 958 -305.6300 -224.8800 0 890 -253.1000 -253.5400
7.4797926986e-02 2.7942452320e-01 -1.3444304581e+00
66 61 55
2 2 969 123.7800 223.4600 0 1059 98.1300 137.3800
-1.2110780996e-01 2.2018955833e-01 -1.3177690938e+00
20 17 10
2 2 973 -112.1700 182.3100 0 937 -94.6900 96.0300
7.4838411667e-02 1.9274741935e-01 -1.3119267843e+00
229 223 209
2 2 978 96.1900 120.7200 0 942 82.3400 52.4900
7.4838411667e-02 1.9274741935e-01 -1.3119267843e+00
229 223 209
2 2 979 96.1900 120.7200 0 944 82.3400 52.4900
7.4838411667e-02 1.9274741935e-01 -1.3119267843e+00
229 223 209
2 2 980 96.1900 120.7200 0 945 82.3400 52.4900
1.7130726970e-01 1.8441361517e-01 -1.2008969980e+00
64 63 58
2 2 995 223.0600 17.0300 0 964 192.0400 -27.6600
-9.6319434030e-02 5.6162938323e-02 -1.2711678953e+00
159 149 139
2 2 997 -113.2000 4.1800 0 1073 -92.6500 -55.1300
-9.6319434030e-02 5.6162938323e-02 -1.2711678953e+00
159 149 139
2 2 998 -113.2000 4.1800 0 1074 -92.6500 -55.1300
1.7312942793e-01 1.7367244372e-01 -1.1920192336e+00
71 72 66
2 2 1000 222.5800 1.0400 0 968 192.5700 -41.7600
1.7290019666e-02 4.0070107761e-02 -1.2584091367e+00
49 48 41
2 2 1009 -0.7500 -26.9900 0 982 7.1400 -80.6100
1.5949214378e-02 3.4876173144e-02 -1.2496034328e+00
33 32 26
2 2 1011 -2.4500 -37.1700 0 984 6.1400 -89.3600
1.6482515876e-02 2.5309545268e-02 -1.2446321570e+00
55 55 47
2 2 1013 -3.7700 -47.3000 0 985 5.2700 -98.7400
2.0746592002e-03 -1.0419973049e-02 -1.2510311462e+00
38 34 23
2 2 1017 -27.2000 -63.7100 0 1079 -14.5200 -116.4800
4.9485793399e-02 3.6180696842e-02 -1.2183925030e+00
76 72 63
2 2 1018 35.3300 -63.7300 0 988 39.6200 -110.5900
4.5347070431e-02 4.4678404263e-03 -1.2051019846e+00
25 22 17
2 2 1025 23.6400 -94.4000 0 1080 31.5800 -139.3600
-3.6480991428e-01 -4.5788490099e-01 -1.4872747950e+00
40 34 20
2 2 1027 -369.8700 -111.7200 0 1011 -338.4600 -204.5800
1.1230044469e-01 3.7173236579e-02 -1.1346595983e+00
179 174 163
2 2 1035 114.5400 -140.4000 0 1086 111.4000 -171.8800
-9.1474969606e-03 -4.3559614895e-02 -1.1796213152e+00
66 68 67
2 2 1037 -39.2700 -141.6300 0 1089 -22.9600 -184.7300
-2.8858943986e-02 -4.3940674135e-02 -1.1737378704e+00
50 52 50
2 2 1038 -58.5000 -146.2000 0 1004 -40.3300 -188.5400
-2.8858943986e-02 -4.3940674135e-02 -1.1737378704e+00
50 52 50
2 2 1039 -58.5000 -146.2000 0 1006 -40.3300 -188.5400
5.1648158137e-02 -3.0154690963e-02 -1.1658587062e+00
181 177 167
2 2 1040 25.7500 -148.6600 0 1008 35.2100 -188.8200
5.1648158137e-02 -3.0154690963e-02 -1.1658587062e+00
181 177 167
2 2 1041 25.7500 -148.6600 0 1009 35.2100 -188.8200
-1.6505626114e-02 -5.3691680894e-02 -1.1640624264e+00
55 55 54
2 2 1046 -47.4700 -160.8600 0 1097 -30.0400 -202.0600
-3.6840561033e-02 -5.2690582827e-02 -1.1569286475e+00
52 52 51
2 2 1048 -67.3100 -166.0700 0 1099 -47.7500 -206.1200
1.0267837900e-03 -8.1211433997e-02 -1.1622692963e+00
7 7 11
2 2 1054 -35.8400 -178.0100 0 1176 -19.7600 -220.6500
-2.2184269579e-01 -4.7065378332e-02 -1.1206748538e+00
8 10 8
2 2 1058 -277.2000 -193.9100 0 1107 -228.3200 -227.6300
-7.0763315565e-03 -1.1417464417e-01 -1.1333365446e+00
28 29 24
2 2 1066 -49.5600 -221.3300 0 1111 -29.2700 -261.8500
-2.0718837585e-02 -1.3972142785e-01 -1.1375271405e+00
57 56 51
2 2 1067 -68.8400 -229.9100 0 1034 -45.9800 -273.0400
8.5251067996e-02 2.8829286506e-01 -1.3601942060e+00
12 13 8
2 2 1076 134.6500 240.9700 0 1057 106.9400 151.0400
8.5251067996e-02 2.8829286506e-01 -1.3601942060e+00
12 13 8
2 2 1077 134.6500 240.9700 0 1058 106.9400 151.0400
-1.1380837909e-01 2.1245029305e-01 -1.3394821719e+00
59 49 37
2 2 1081 -106.2300 188.5200 0 1062 -89.7800 100.6800
-1.9098879428e-01 1.9031415425e-01 -1.3465304080e+00
11 12 7
2 2 1083 -202.2200 186.9000 0 938 -166.9600 94.5400
-9.6021840958e-02 3.2836709919e-02 -1.2625175867e+00
195 185 173
2 2 1093 -116.7700 -19.0900 0 1075 -95.2400 -76.1800
-6.5587552707e-02 -3.2556444509e-02 -1.1899247191e+00
6 6 6
2 2 1101 -94.6700 -123.6200 0 1160 -73.0700 -168.4700
1.2491592757e-01 5.5082677742e-02 -1.1422132273e+00
194 186 173
2 2 1102 132.8400 -122.8300 0 1081 125.8100 -155.3700
1.6028717672e-01 7.0771898469e-02 -1.1132940372e+00
19 18 16
2 2 1103 183.9900 -142.5600 0 1161 170.5100 -168.5400
-7.0671607583e-02 -4.1691046215e-02 -1.1599189254e+00
51 52 50
2 2 1104 -100.3600 -155.8200 0 1095 -77.5700 -195.9900
-7.0671607583e-02 -4.1691046215e-02 -1.1599189254e+00
51 52 50
2 2 1105 -100.3600 -155.8200 0 1096 -77.5700 -195.9900
-3.5385042179e-01 -4.9783712978e-01 -1.4359961612e+00
33 31 19
2 2 1106 -366.5800 -158.6900 0 1182 -337.3900 -251.5300
-3.5385042179e-01 -4.9783712978e-01 -1.4359961612e+00
33 31 19
2 2 1107 -366.5800 -158.6900 0 1183 -337.3900 -251.5300
7.3701000469e-02 -4.7482486836e-02 -1.1397321046e+00
46 47 42
2 2 1113 45.6700 -182.7300 0 1175 55.4600 -219.4800
-2.2980688682e-01 -5.2559910929e-02 -1.1090664916e+00
41 41 30
2 2 1116 -288.7900 -209.7600 0 1108 -238.6900 -240.9500
-2.4499263505e-01 -5.0740044568e-02 -1.1025550597e+00
51 50 38
2 2 1117 -309.4200 -215.7400 0 1181 -255.6700 -245.4000
-1.0981918507e-02 -1.2360385924e-01 -1.1251746534e+00
83 76 63
2 2 1118 -54.6600 -233.5900 0 1186 -33.9100 -273.7700
-2.5070821627e-01 -6.0721662779e-02 -1.0902747063e+00
213 196 166
2 2 1119 -319.2000 -235.5700 0 1114 -264.1700 -263.0000
1.3711846187e-01 2.8780136457e-02 -1.0331978891e+00
30 30 25
2 2 1120 165.7000 -250.6500 0 1113 156.8800 -262.3600
-3.0487724070e-01 -7.5919832741e-03 -1.7749286783e+00
40 24 8
2 2 1125 -296.4600 268.5200 0 1211 -262.1400 156.0600
9.3762810344e-02 2.4957674461e-01 -1.3303671548e+00
135 128 118
2 2 1127 134.2500 181.2700 0 1131 110.1800 104.5600
6.9881694930e-02 1.9356304654e-01 -1.3237183047e+00
30 29 27
2 2 1131 89.0800 130.4900 0 1139 76.0000 59.6600
-1.9105692410e-01 2.5626768776e-02 -1.2522700232e+00
223 189 162
2 2 1140 -222.3400 -24.1600 0 1150 -184.7000 -82.1900
-8.6288272243e-03 1.7290987732e-02 -1.2658194949e+00
128 122 106
2 2 1143 -32.4600 -34.1200 0 1154 -20.2200 -89.1700
-1.9039041319e-01 5.6508800069e-03 -1.2480528143e+00
216 182 157
2 2 1144 -223.5500 -41.7900 0 1157 -186.1600 -98.4400
-3.6295698436e-02 -3.4611771319e-02 -1.1884060509e+00
58 58 56
2 2 1150 -64.9300 -127.5300 0 1164 -46.8000 -171.9500
-2.1556768441e-02 -3.7823462078e-02 -1.1775942311e+00
6 7 9
2 2 1153 -50.2600 -139.5800 0 1244 -32.7700 -182.1800
1.4445619964e-02 -5.3798271543e-02 -1.1884884091e+00
73 70 58
2 2 1154 -19.5700 -140.7800 0 1245 -4.9200 -185.5100
1.4445619964e-02 -5.3798271543e-02 -1.1884884091e+00
73 70 58
2 2 1155 -19.5700 -140.7800 0 1246 -4.9200 -185.5100
-6.7735444950e-02 -3.8523729646e-02 -1.1697456586e+00
8 10 7
2 2 1157 -97.2600 -145.0700 0 1165 -74.6800 -186.7700
-3.8100593764e-02 -4.6853126776e-02 -1.1706734880e+00
5 7 6
2 2 1158 -68.3400 -150.2500 0 1166 -48.9200 -192.2600
-4.9124209966e-02 -4.7300965830e-02 -1.1548335036e+00
5 5 5
2 2 1164 -78.7400 -164.5200 0 1253 -57.9600 -203.9800
-2.9030845178e-02 -1.5182351898e-01 -1.1369700711e+00
29 28 23
2 2 1171 -79.8100 -236.2100 0 1308 -54.7400 -280.2200
-5.5273902769e-02 3.0020989983e-01 -1.3650251626e+00
23 65 41
2 2 1174 -18.2700 286.5500 0 1207 -21.0300 179.7000
9.4507070292e-02 2.8868267799e-01 -1.3493323631e+00
178 174 165
2 2 1176 147.5100 232.6500 0 1214 117.5500 145.1100
-2.3941143786e-01 2.0082865502e-01 -1.3597434703e+00
3 8 5
2 2 1177 -260.9100 216.1900 0 1215 -214.7800 116.2300
-2.2949334323e-01 1.8275127978e-01 -1.3674704672e+00
236 204 154
2 2 1179 -248.9900 201.8100 0 1270 -205.4100 103.4900
7.7487146580e-02 2.4635936780e-01 -1.3434180388e+00
113 106 98
2 2 1180 113.0100 190.2600 0 1217 92.1400 109.5000
-1.9194504310e-01 1.6368922771e-01 -1.3469081597e+00
237 216 190
2 2 1182 -206.2000 161.8300 0 1275 -170.3200 73.8800
-1.9029986134e-01 5.7892352151e-02 -1.2769646505e+00
199 167 142
2 2 1192 -217.1500 19.6000 0 1224 -180.3100 -44.2100
-1.9032425009e-01 3.7903212594e-02 -1.2707852886e+00
218 184 159
2 2 1194 -219.3100 -0.2800 0 1226 -182.4200 -61.9200
-1.3857037863e-02 -7.8108664151e-04 -1.2494807123e+00
118 115 100
2 2 1197 -40.4200 -57.9100 0 1231 -26.0900 -110.5600
8.8228807993e-02 6.7027248009e-02 -1.1932187116e+00
249 243 227
2 2 1198 88.2000 -67.6300 0 1289 85.5700 -109.0700
-3.7783632107e-01 -4.3250127954e-01 -1.5272198613e+00
48 41 23
2 2 1199 -374.9100 -78.4600 0 1293 -344.0300 -170.8100
3.7955736508e-02 -1.8444733056e-02 -1.1927500065e+00
209 202 192
2 2 1200 11.8700 -118.0100 0 1237 21.9600 -161.8700
3.7955736508e-02 -1.8444733056e-02 -1.1927500065e+00
209 202 192
2 2 1201 11.8700 -118.0100 0 1238 21.9600 -161.8700
-2.0055167697e-02 -3.5793578663e-02 -1.1921048004e+00
34 34 33
2 2 1202 -49.4100 -125.8200 0 1241 -32.4900 -170.6500
2.2888023606e-05 -4.6312057190e-02 -1.1945849796e+00
9 11 10
2 2 1203 -32.2600 -130.7100 0 1242 -16.9000 -176.1500
4.9396775676e-02 -2.1626500556e-02 -1.1815347847e+00
11 12 11
2 2 1204 23.3900 -130.1100 0 1294 33.1400 -172.1000
2.4861075784e-02 -4.2262001288e-02 -1.1873103158e+00
7 7 5
2 2 1205 -6.4300 -135.7300 0 1243 6.4400 -179.7700
3.7020983925e-02 -3.2480355961e-02 -1.1816214712e+00
212 204 194
2 2 1206 8.5200 -135.6300 0 1296 19.8600 -178.2700
5.0759034354e-02 -6.5521068193e-02 -1.1449689177e+00
54 53 48
2 2 1210 17.1200 -186.9500 0 1299 30.7600 -225.4900
-2.5250487350e-01 -4.0826955093e-02 -1.1158904625e+00
34 31 22
2 2 1212 -316.6900 -195.0000 0 1300 -261.9500 -227.1000
-3.0126439928e-02 -1.3676645633e-01 -1.1673481180e+00
135 107 90
2 2 1214 -78.1000 -201.4800 0 1260 -56.9700 -248.3500
-2.9887095808e-02 -1.3877503532e-01 -1.1684779539e+00
135 107 90
2 2 1215 -78.1000 -201.4800 0 1304 -57.4000 -248.6700
-2.5260453838e-02 -1.4063768298e-01 -1.1546450382e+00
6 8 3
2 2 1216 -74.0500 -214.7500 0 1305 -51.8400 -260.2300
1.1223234317e-01 1.9520125885e-02 -1.0329600550e+00
6 6 4
2 2 1220 134.4600 -255.6100 0 1263 129.5000 -267.5600
-2.1380450855e-01 1.8324626451e-01 -1.3521150456e+00
31 27 26
2 2 1223 -230.5200 188.2000 0 1271 -190.2800 94.5100
9.5850417511e-02 2.0027508655e-01 -1.3002128939e+00
234 228 216
2 2 1226 123.2500 116.0300 0 1318 104.9600 49.7900
-1.5024249490e-01 5.4139185283e-02 -1.2831144909e+00
231 211 187
2 2 1229 -172.2600 17.3800 0 1284 -142.6800 -45.6600
-1.5024249490e-01 5.4139185283e-02 -1.2831144909e+00
231 211 187
2 2 1230 -172.2600 17.3800 0 1285 -142.6800 -45.6600
9.1745576524e-02 1.1973364330e-01 -1.2346552494e+00
246 239 228
2 2 1231 102.3200 2.9500 0 1320 93.8300 -46.3900
9.3475044434e-02 7.9503901630e-02 -1.2104951432e+00
249 243 228
2 2 1236 94.2900 -45.2000 0 1323 90.0700 -89.5200
7.8098010960e-02 5.2387322802e-02 -1.1956543599e+00
79 76 69
2 2 1237 72.7800 -74.2300 0 1290 72.2100 -116.7800
7.8098010960e-02 5.2387322802e-02 -1.1956543599e+00
79 76 69
2 2 1238 72.7800 -74.2300 0 1291 72.2100 -116.7800
-8.9437470481e-02 -3.3186067996e-02 -1.1869527276e+00
6 6 2
2 2 1239 -119.6400 -125.5100 0 1240 -94.9900 -170.1300
-2.2163901492e-01 -4.0232360293e-02 -1.1258230682e+00
7 8 8
2 2 1241 -275.7500 -184.3400 0 1328 -227.3100 -218.7100
1.0263152944e-01 8.4300803916e-04 -1.0497655493e+00
37 36 32
2 2 1246 111.3900 -247.0400 0 1306 111.0100 -264.1700
1.5493581944e-01 3.5374778339e-01 -1.3139799924e+00
212 208 199
2 2 1252 259.9600 268.6000 0 1315 202.8000 177.1600
-2.0962201790e-01 -2.6207456457e-03 -1.2356730325e+00
141 135 112
2 2 1259 -247.2500 -56.3800 0 1325 -205.7900 -111.4300
-2.8471851336e-03 -3.6623164692e-02 -1.2064350683e+00
17 17 15
2 2 1261 -34.3000 -115.0900 0 1326 -18.4100 -161.7900
4.8313646072e-01 -5.8276707706e-02 -1.2260562843e+00
33 35 24
2 2 1263 361.0700 -135.8900 0 1345 366.3600 -185.7300
1.0820875839e-01 8.4151930218e-04 -1.0967108015e+00
72 69 62
2 2 1265 106.0300 -197.9200 0 1347 105.5200 -225.0000
1.0774258031e-01 2.1008851488e-01 -1.3225357864e+00
227 220 210
2 2 1272 133.7800 138.4000 0 1361 113.6400 68.1800
-3.2567955324e-01 -4.0108655614e-01 -1.5440532123e+00
9 9 5
2 2 1275 -333.4400 -57.7500 0 1365 -302.9100 -148.5400
1.6646248939e-02 6.5176157094e-03 -1.2410535693e+00
248 242 228
2 2 1276 -8.5300 -62.2000 0 1364 2.7800 -112.8100
2.5050906586e-02 -1.6614988643e-02 -1.2153962333e+00
22 21 17
2 2 1277 -2.9200 -97.3300 0 1341 8.1500 -144.7100
4.9639709983e-01 -2.8284001036e-02 -1.2496826858e+00
106 93 76
2 2 1278 377.2900 -104.4200 0 1343 378.1600 -155.4800
1.2278786220e-01 3.8795846125e-02 -1.1200743623e+00
55 54 49
2 2 1280 129.4500 -153.8100 0 1344 124.7700 -182.3900
-2.6156991413e-01 -5.8266455947e-02 -1.1120749801e+00
251 249 241
2 2 1282 -329.3000 -209.9300 0 1371 -273.7800 -242.0400
7.8978254585e-02 2.9658517160e-01 -1.3785906722e+00
159 157 145
2 2 1286 126.9000 262.1500 0 1358 100.0400 167.5200
-1.2164331383e-01 2.7004599020e-02 -1.2456962917e+00
214 192 177
2 2 1289 -144.5600 -34.5000 0 1363 -119.2100 -89.3200
-1.2057403658e-01 -3.8024128909e-02 -1.1728080660e+00
8 8 6
2 2 1292 -154.3100 -139.8200 0 1370 -123.9400 -182.5800
7.7555527835e-02 2.7226164156e-01 -1.3469740430e+00
28 28 24
2 2 1298 122.9300 217.2000 0 1378 98.3000 132.7500
4.5969947311e-01 7.6952136926e-03 -1.3897877571e+00
17 16 12
2 2 1299 318.8500 6.0600 0 1397 316.2000 -52.5200
-5.8671583399e-02 2.8864330633e-02 -1.2640018990e+00
177 177 167
2 2 1300 -78.8700 -23.7700 0 1393 -62.5300 -80.0900
-4.0891095557e-02 -1.5455587207e-02 -1.2168968931e+00
5 5 5
2 2 1305 -67.6300 -91.5300 0 1399 -49.7500 -139.9800
-2.5940567536e-01 -1.5593291463e-02 -1.4230589375e+00
70 58 40
2 2 1313 -285.0900 77.6100 0 1402 -243.4300 -5.1900
-5.0581738653e-02 -4.1404692639e-03 -1.1622984131e+00
10 10 8
2 2 1318 -70.8100 -131.7700 0 1408 -53.1800 -171.0200
