# Bundle file v0.3
3 85
0 0 0
0 0 0
0 0 0
0 0 0
0 0 0
1.8811866939e+03 -1.4563931520e-01 -5.2095189645e-03
9.9978054379e-01 -7.8732500166e-03 1.9413299460e-02
7.3340608036e-03 9.9958963421e-01 2.7690697654e-02
-1.9623348691e-02 -2.7542242439e-02 9.9942801095e-01
2.7432910547e-02 4.2145704516e-02 1.5542347098e-01
2.2148629450e+03 1.6027966137e-01 4.0466540133e-03
9.7011790300e-01 -1.8510179103e-01 1.5687122500e-01
7.1945791542e-02 8.3690845941e-01 5.4259380170e-01
-2.3172193974e-01 -5.1509373663e-01 8.2521717452e-01
2.0808569880e-01 8.5812254620e-01 -4.5393326129e-01
-1.0936487163e-01 -4.0119927052e-02 -1.5171487330e+00
202 167 147
2 1 428 -153.6200 -56.4600 2 491 -171.8200 -8.6800
1.0508049508e-01 2.2158396438e-02 -1.4513338072e+00
135 134 129
2 1 390 150.8600 36.0100 2 416 102.7500 127.1100
-9.2674729055e-02 -7.9464435825e-03 -1.5025111965e+00
222 191 171
2 1 551 -132.0700 -11.2400 2 739 -154.0300 39.2200
-1.2014427733e-01 -3.4506690182e-02 -1.5134711373e+00
206 169 150
2 1 425 -168.7500 -48.8600 2 486 -186.9300 -0.7200
-1.1409510059e-01 -3.9992041019e-02 -1.5169461293e+00
205 170 150
2 1 589 -160.2100 -56.3200 2 780 -178.0500 -8.8600
2.0737260750e-02 -1.2870560423e-01 -1.5497820502e+00
221 212 205
2 1 972 25.7500 -174.6600 2 1200 11.8700 -118.0100
2.0737260750e-02 -1.2870560423e-01 -1.5497820502e+00
221 212 205
2 1 973 25.7500 -174.6600 2 1201 11.8700 -118.0100
6.5549833547e-02 -1.1545142562e-01 -1.5149376366e+00
50 49 45
2 1 968 90.3400 -159.2600 2 1237 72.7800 -74.2300
6.5549833547e-02 -1.1545142562e-01 -1.5149376366e+00
50 49 45
2 1 969 90.3400 -159.2600 2 1238 72.7800 -74.2300
2.9466180386e-02 1.1229622578e-01 -1.3892877390e+00
150 113 18
2 1 49 43.9100 176.5000 2 24 -2.5000 267.1400
-1.2522266878e-01 8.7008558231e-02 -1.4215500880e+00
11 12 7
2 1 56 -186.3900 131.5600 2 49 -206.8400 203.8200
-1.9502694047e-01 1.0455577661e-01 -1.7038726877e+00
39 30 19
2 1 69 -244.9700 119.1700 2 477 -317.7100 8.1900
-9.3921928619e-02 5.0355374768e-02 -1.4716093525e+00
237 208 188
2 1 83 -136.5900 73.0300 2 92 -163.1700 125.9500
-6.5379801879e-02 -1.9445698576e-02 -1.5111434140e+00
196 175 158
2 1 131 -93.7400 -27.0800 2 165 -116.9100 22.6200
-6.5379801879e-02 -1.9445698576e-02 -1.5111434140e+00
196 175 158
2 1 132 -93.7400 -27.0800 2 166 -116.9100 22.6200
-1.2875541358e-01 -1.9679305850e-02 -1.5047887936e+00
211 170 148
2 1 135 -181.8100 -28.1900 2 170 -200.1000 21.3600
-1.2277374518e-01 -2.5434451223e-02 -1.5087915132e+00
206 170 146
2 1 138 -172.9200 -36.2500 2 175 -191.6200 12.5900
-2.6244939313e-01 -3.4753380241e-02 -1.7674986250e+00
30 31 26
2 1 146 -314.2100 -50.6300 2 566 -385.3200 -180.9500
-2.5798013839e-01 -4.3457544170e-02 -1.7708872631e+00
59 57 45
2 1 151 -308.4800 -60.7100 2 569 -378.7900 -191.7300
-1.2769986262e-01 -5.1584146895e-02 -1.5213178612e+00
198 157 137
2 1 165 -178.4700 -72.4400 2 209 -194.4300 -26.4000
-9.8861027371e-02 -5.2297740343e-02 -1.5248954494e+00
193 160 141
2 1 167 -138.4900 -73.0600 2 211 -156.4600 -26.8800
2.0049240104e-02 -7.9857398078e-02 -1.5341954233e+00
51 51 44
2 1 198 24.5000 -109.1200 2 220 2.7500 -52.3800
-1.9578379827e-02 -1.3068701204e-01 -1.5561068073e+00
111 111 111
2 1 248 -28.7900 -177.2500 2 248 -40.9000 -129.0300
-5.6034522269e-02 -1.3678578563e-01 -1.5482024135e+00
13 13 11
2 1 263 -77.6700 -186.7700 2 253 -86.1300 -135.0100
-6.2215459927e-02 -1.3940154621e-01 -1.5470821926e+00
119 119 117
2 1 266 -86.1500 -190.4500 2 256 -93.4200 -138.0800
-6.9372992788e-02 -1.4112297016e-01 -1.5456990682e+00
124 124 124
2 1 269 -95.7800 -193.0400 2 258 -102.4100 -140.0000
-6.9372992788e-02 -1.4112297016e-01 -1.5456990682e+00
124 124 124
2 1 270 -95.7800 -193.0400 2 260 -102.4100 -140.0000
-1.9072717389e-01 1.6945970107e-01 -1.6692560296e+00
112 78 18
2 1 341 -244.0100 202.9400 2 430 -320.1300 95.3700
3.8998943115e-02 1.1997741742e-01 -1.3879537623e+00
92 66 13
2 1 349 58.2400 188.4700 2 16 8.3400 276.7600
2.7277026206e-02 1.1723416434e-01 -1.3869243633e+00
31 33 16
2 1 350 40.6700 184.3900 2 19 -6.0600 274.1700
-2.4244376627e-01 1.0393860753e-01 -1.7098606432e+00
98 92 66
2 1 359 -299.2000 116.4600 2 769 -377.2200 0.3800
-1.2211100146e-01 5.5118325875e-02 -1.4664316217e+00
243 202 182
2 1 367 -177.0800 79.9000 2 415 -201.0200 133.1200
-2.0044598644e-01 5.5639076527e-02 -1.7237152878e+00
25 16 7
2 1 373 -248.6900 58.4900 2 222 -318.6600 -54.0500
-2.3033625612e-01 4.7506679085e-02 -1.7299046564e+00
79 80 75
2 1 381 -283.0600 47.9400 2 523 -354.4900 -68.9400
-2.4284737483e-01 4.5791736406e-02 -1.7320193066e+00
51 45 29
2 1 382 -296.0500 45.0400 2 228 -371.1500 -72.7000
3.4858246084e-02 6.6871557460e-03 -1.4376495086e+00
57 49 43
2 1 395 50.6100 13.5100 2 108 20.0100 115.6600
-6.3740177190e-02 -1.9636046746e-02 -1.5112724279e+00
201 179 165
2 1 407 -91.4800 -27.3200 2 468 -114.7300 22.4600
-1.3442945124e-01 -2.2517225452e-02 -1.5059608023e+00
207 164 142
2 1 412 -189.3800 -32.3000 2 472 -207.4600 16.8600
-5.6756234839e-02 -2.3472124891e-02 -1.5135741066e+00
193 174 160
2 1 415 -81.6400 -32.6200 2 469 -105.2300 17.2200
-5.6756234839e-02 -2.3472124891e-02 -1.5135741066e+00
193 174 160
2 1 416 -81.6400 -32.6200 2 470 -105.2300 17.2200
-7.6426957545e-02 -2.9078549187e-02 -1.5148661856e+00
199 172 155
2 1 420 -108.7400 -40.6400 2 478 -129.9300 8.2800
-5.8284965425e-02 -2.9980561492e-02 -1.5171403693e+00
190 169 153
2 1 421 -83.6100 -41.6800 2 479 -106.3500 7.3200
-5.8284965425e-02 -2.9980561492e-02 -1.5171403693e+00
190 169 153
2 1 422 -83.6100 -41.6800 2 480 -106.3500 7.3200
-1.0936487163e-01 -4.0119927052e-02 -1.5171487330e+00
202 167 147
2 1 429 -153.6200 -56.4600 2 490 -171.8200 -8.6800
-6.4884239017e-02 -5.7567583298e-02 -1.5309256201e+00
180 154 137
2 1 444 -91.8400 -79.6900 2 502 -111.3100 -33.7600
2.3368253689e-02 -1.5471655381e-01 -1.5555580417e+00
26 21 15
2 1 459 29.5700 -209.2000 2 830 20.2600 -151.4900
2.0920456181e-02 -1.5630028455e-01 -1.5568673218e+00
186 185 180
2 1 461 26.2800 -211.2300 2 270 17.1700 -154.4600
1.3744640892e-01 8.3148754369e-02 -1.4160237097e+00
114 109 106
2 1 513 203.1100 129.0800 2 638 135.5800 221.4600
-7.0697045742e-02 -4.5136935616e-03 -1.5029717628e+00
210 187 173
2 1 548 -101.6600 -6.1100 2 450 -125.7200 44.5100
-1.1216196574e-01 -2.9205717358e-02 -1.5114749043e+00
207 172 150
2 1 568 -158.1300 -41.3200 2 760 -176.8900 7.3500
-7.2627285161e-02 -3.2605307784e-02 -1.5159992420e+00
184 163 144
2 1 573 -103.4000 -45.4900 2 764 -124.3900 3.9100
-5.9185512525e-02 -3.3249032447e-02 -1.5181712872e+00
190 169 152
2 1 575 -84.7300 -46.2400 2 767 -107.0500 2.9000
-7.3237541757e-02 -3.5935151259e-02 -1.5184633921e+00
184 164 146
2 1 581 -103.9700 -50.1600 2 773 -124.9900 -1.5800
-7.3237541757e-02 -3.5935151259e-02 -1.5184633921e+00
184 164 146
2 1 582 -103.9700 -50.1600 2 774 -124.9900 -1.5800
-7.4173819521e-02 -4.0201702789e-02 -1.5186909750e+00
185 162 144
2 1 587 -105.1600 -56.0900 2 777 -125.4200 -6.5600
-1.1409510059e-01 -3.9992041019e-02 -1.5169461293e+00
205 170 150
2 1 590 -160.2100 -56.3200 2 781 -178.0500 -8.8600
-7.5142092389e-02 -4.4129944720e-02 -1.5224650482e+00
187 162 144
2 1 594 -106.3100 -61.4900 2 785 -126.3800 -13.7400
-1.1266839151e-01 -5.1231213852e-02 -1.5229744495e+00
202 166 144
2 1 603 -157.4500 -71.8400 2 906 -174.8900 -25.6300
-2.8074512299e-02 -1.3137703781e-01 -1.5542952430e+00
22 22 21
2 1 649 -40.2000 -178.4500 2 537 -51.4600 -129.6000
-3.8142722054e-02 -1.3151031230e-01 -1.5520488036e+00
11 11 11
2 1 650 -53.6900 -178.9900 2 535 -64.2600 -129.4000
-8.4079510892e-02 -1.3792151076e-01 -1.5430347676e+00
8 8 7
2 1 657 -115.8500 -189.1400 2 541 -122.3000 -136.1800
-8.9819443603e-02 -1.4420733551e-01 -1.5416826034e+00
8 8 7
2 1 662 -123.5300 -197.9300 2 548 -128.5800 -143.3500
-1.4356335899e-01 4.7955399367e-02 -1.4676557533e+00
42 45 33
2 1 701 -207.2800 69.1600 2 677 -228.7400 122.9000
-9.3528522633e-02 -4.8073888269e-02 -1.5231996035e+00
197 163 144
2 1 720 -131.5400 -67.1200 2 902 -149.8100 -20.4700
-2.3521236328e-01 5.7304919656e-02 -1.7252043613e+00
12 13 8
2 1 767 -289.5200 59.8600 2 1016 -361.6100 -56.4200
-2.5367708415e-01 -4.6320008550e-02 -1.7711679618e+00
8 9 6
2 1 789 -303.8400 -63.8500 2 1114 -372.7400 -194.5900
-1.3517689403e-01 -5.0217330582e-02 -1.5202159834e+00
199 157 135
2 1 793 -188.6300 -70.7500 2 1008 -204.8300 -24.7300
-2.2849528462e-03 -8.2184443815e-02 -1.5436028125e+00
37 37 31
2 1 802 -6.1200 -112.1800 2 1017 -27.2000 -63.7100
-2.0895860429e-02 -1.3485730639e-01 -1.5557428308e+00
13 14 18
2 1 818 -31.1700 -182.6600 2 926 -40.8800 -133.9200
-4.6273737675e-02 -1.9200362286e-01 -1.5964832343e+00
66 66 62
2 1 839 -63.4000 -254.1300 2 1067 -68.8400 -229.9100
-2.3694463592e-01 4.9629262400e-02 -1.7286667577e+00
11 12 7
2 1 858 -290.9000 50.4000 2 1097 -363.0000 -66.5600
7.1767236991e-03 -5.8250566419e-02 -1.5357218033e+00
40 41 35
2 1 866 6.5100 -79.6600 2 1095 -19.0100 -30.7600
-2.0366286193e-01 -1.7961152049e-01 -1.5312972048e+00
10 10 8
2 1 890 -279.5600 -248.3500 2 1058 -277.2000 -193.9100
1.3860676040e-01 9.7733967198e-02 -1.4105607313e+00
10 11 8
2 1 901 205.3800 151.5800 2 1077 134.6500 240.9700
3.2839826181e-02 1.5629115921e-02 -1.4426649273e+00
229 222 216
2 1 908 47.1300 26.3200 2 1134 14.1300 121.2300
3.7011265211e-02 -3.7773612829e-02 -1.5130411273e+00
27 25 26
2 1 922 48.2700 -51.3400 2 1139 18.6900 10.5600
5.4328476943e-02 -5.6283982029e-02 -1.4808092400e+00
39 40 34
2 1 927 75.5400 -77.5700 2 1138 52.3400 15.2000
1.2577936046e-01 5.7922371948e-02 -1.4331990989e+00
30 30 28
2 1 955 183.5600 89.6700 2 1128 123.1800 180.6500
-2.4655923339e-01 4.1762956302e-02 -1.7338467510e+00
51 43 28
2 1 958 -300.4900 40.2400 2 1199 -374.9100 -78.4600
2.7833412482e-02 2.3208437269e-02 -1.4403810340e+00
29 28 23
2 1 959 40.1500 37.3800 2 1189 5.9200 130.8900
1.6431873829e-02 1.9228437101e-02 -1.4402577693e+00
86 80 65
2 1 960 23.3800 31.5100 2 1132 -7.6800 125.7600
7.2059391187e-03 -1.3571397062e-01 -1.5621919645e+00
8 8 8
2 1 975 7.2000 -183.1500 2 1205 -6.4300 -135.7300
2.7960414276e-02 -1.4008502629e-01 -1.5497132139e+00
14 14 12
2 1 977 36.2300 -190.1700 2 1204 23.3900 -130.1100
1.4712852790e-01 8.8668146241e-02 -1.4101588286e+00
199 194 190
2 1 992 218.6500 138.0900 2 1176 147.5100 232.6500
-2.3091081180e-01 9.4669029707e-02 -1.7125397689e+00
46 38 27
2 1 1013 -285.4100 105.3600 2 1258 -361.6400 -9.8200
