# Bundle file v0.3
3 157
2.2710916313e+03 2.1852265278e-01 8.9166650126e-03
9.9106424336e-01 1.6764474417e-02 1.3232769148e-01
-3.8926466747e-03 9.9528284722e-01 -9.6937615661e-02
-1.3332858972e-01 9.5556299769e-02 9.8645450008e-01
8.4421884084e-01 -2.9970181513e-01 -6.2167810392e+00
1.8909421825e+03 -1.1723186521e-01 -2.7499722803e-03
2.1470037304e-01 -9.3039038209e-01 2.9711527514e-01
9.6626414484e-01 1.5803398600e-01 -2.0336878241e-01
1.4225804794e-01 3.3075519071e-01 9.3293282267e-01
2.0199908711e+00 -1.1262018747e+00 -4.4192544397e+00
1.5187992966e+03 5.7364304753e-02 -8.1823469899e-03
-5.2810605674e-02 -9.6280910268e-01 2.6497107715e-01
9.9075837922e-01 -1.7320645613e-02 1.3452817268e-01
-1.2493547910e-01 2.6962682921e-01 9.5482589985e-01
1.2208367681e+00 7.7972082124e-01 -8.5298301243e-01
7.9214673891e-01 1.1248074312e+00 -7.8968837393e+00
188 173 149
2 0 2 97.7700 257.3000 2 203 -371.7000 90.1600
9.4012766884e-01 8.4862216860e-01 -5.8099945102e+00
28 12 5
2 0 30 192.5900 208.9100 2 29 -287.9400 222.8000
-2.2043330439e-01 8.0237641116e-01 -7.9260108493e+00
151 141 126
2 0 32 -66.5500 206.9900 2 115 -305.5600 -96.9400
-2.1168556651e-01 7.8033313050e-01 -7.9497319708e+00
65 54 42
2 0 37 -65.3500 203.2700 2 224 -301.8300 -95.7000
2.0360258520e-01 4.4957618663e-01 -5.6255647250e+00
252 203 190
2 0 198 59.5100 133.9100 2 279 -176.9600 54.0200
7.1592182756e-02 4.0751438249e-01 -5.6763243441e+00
254 209 191
2 0 245 33.2000 126.4500 2 211 -167.3000 19.5000
-8.4894211326e-01 3.6030755091e-01 -6.4842119926e+00
70 63 59
2 0 247 -154.5800 125.8200 2 235 -177.9800 -209.3800
5.1038297722e-01 3.5167836520e-01 -5.5022060129e+00
219 117 120
2 0 268 121.6100 113.1000 2 44 -150.9300 135.3900
-8.1054104779e-01 2.6957495487e-01 -6.4072363077e+00
46 46 42
2 0 271 -146.6700 108.4400 2 136 -155.4400 -199.5600
-6.2687766818e-02 3.3078771605e-01 -5.2222835785e+00
214 179 159
2 0 273 19.8700 107.4700 2 213 -126.5200 2.1000
-4.5337770946e-01 1.1933142292e+00 -8.1680021134e+00
66 63 48
2 0 369 -107.4300 271.6300 2 290 -381.4100 -145.6200
8.6262770124e-01 1.1833851440e+00 -7.8410416387e+00
177 161 140
2 0 370 111.4700 267.0900 2 266 -382.9100 104.7100
4.4159829391e-01 1.0759748520e+00 -8.0113804029e+00
155 140 121
2 0 375 38.9000 250.1300 2 334 -361.4500 22.1800
-9.6299814895e-01 8.2805514129e-01 -8.1384244295e+00
158 97 65
3 0 394 -190.4300 213.9000 2 238 -309.5800 -236.3500 1 202 -218.6600 -43.0300
-1.9335281877e-01 6.0733360335e-01 -6.1475198154e+00
84 61 45
2 0 426 -28.2000 168.0800 2 216 -228.6700 -57.9500
3.0955239061e-02 3.7657799609e-01 -5.7169883129e+00
204 84 91
2 0 464 23.9400 120.9200 2 281 -160.9800 8.5300
-8.4272824151e-01 2.5973472569e-01 -6.4802413371e+00
53 48 43
2 0 473 -154.2300 107.8200 2 292 -155.3900 -206.1700
5.1143509376e-01 3.0882822259e-01 -5.4699509990e+00
239 200 183
2 0 476 123.1800 104.5200 2 258 -138.8300 137.0400
-2.2335416303e-01 -6.4211093227e-03 -6.0942378785e+00
210 134 46
2 0 502 -33.9800 53.1200 2 217 -85.9800 -59.9100
6.8202013120e-01 1.2545328363e+00 -8.0310159789e+00
169 154 131
2 0 531 77.1300 278.5600 2 323 -396.7200 65.2900
6.8202013120e-01 1.2545328363e+00 -8.0310159789e+00
169 154 131
2 0 532 77.1300 278.5600 2 324 -396.7200 65.2900
9.6104039949e-01 1.2468779739e+00 -8.1715320816e+00
158 144 121
3 0 533 116.6900 277.5500 2 264 -395.8000 110.5600 1 784 -222.5900 272.7600
7.1121696192e-01 1.2353424011e+00 -8.0365346169e+00
159 144 123
2 0 537 81.7100 275.3400 2 322 -393.1500 70.3000
6.5990460722e-01 1.2304587276e+00 -7.9976362235e+00
198 183 164
2 0 539 74.1200 274.7600 2 327 -391.9400 62.6100
7.3592123310e-01 1.2084208145e+00 -8.0093834857e+00
151 136 115
2 0 540 86.1300 270.9200 2 318 -388.0300 75.8400
7.0138716543e-01 1.1776729491e+00 -7.9266401997e+00
179 164 143
2 0 541 83.5100 266.4000 2 320 -381.4500 71.6800
3.1541464726e-01 1.1164157292e+00 -8.1504864592e+00
165 149 124
2 0 543 15.1700 256.8700 2 339 -369.4500 -3.9400
4.9293558376e-01 1.0418382392e+00 -7.9337707422e+00
112 97 78
2 0 545 48.6800 244.5200 2 333 -354.5800 34.0400
-8.2019642756e-01 8.6900543660e-01 -8.2735779009e+00
121 86 66
2 0 552 -168.3300 219.9800 2 293 -319.7300 -210.3900
-2.2224065760e-01 8.7708763731e-01 -7.9933831823e+00
194 182 168
2 0 553 -67.9300 219.3700 2 352 -320.5800 -98.6000
-3.8903986236e-02 8.7784241798e-01 -7.8968017955e+00
146 137 124
2 0 557 -36.8200 219.1000 2 346 -320.3000 -62.7500
-2.5366588444e-01 8.6625824033e-01 -7.9510386856e+00
60 51 38
2 0 558 -72.5700 217.7800 2 287 -317.7700 -103.6000
1.9224214389e-01 8.5483731425e-01 -7.8647736660e+00
108 98 88
2 0 561 1.3300 214.6200 2 342 -316.6600 -19.1300
9.0002133609e-02 8.3307935106e-01 -7.9425370970e+00
67 58 48
2 0 565 -16.7100 211.3300 2 344 -313.0300 -39.7600
-1.8249057243e-01 7.3386868067e-01 -7.8000380142e+00
63 51 37
3 0 570 -58.7500 195.1900 2 350 -290.6700 -86.8300 1 1020 -168.2100 65.4200
-1.1254885741e+00 3.4208642217e-01 -7.7808177616e+00
52 21 16
2 0 589 -215.3800 133.0100 2 377 -209.9900 -262.3900
-1.1863752273e+00 3.2762006094e-01 -7.7323416157e+00
37 19 11
3 0 591 -224.9000 129.8700 2 378 -205.5700 -274.0700 1 611 -135.9500 -105.2600
1.3981584154e-01 1.7897996989e-01 -5.5208674093e+00
244 225 207
3 0 619 49.5500 81.0200 2 330 -105.0500 42.7000 1 847 48.9900 32.2900
4.7521203891e-01 1.9178396559e-02 -5.4651732567e+00
87 79 74
2 0 632 115.7400 48.2300 2 313 -67.1300 127.4600
4.5688420008e-01 -9.1356310551e-02 -5.5399238956e+00
67 40 25
2 0 639 109.6500 28.1000 2 262 -44.6100 118.5900
1.5059344707e+00 1.2385556222e+00 -7.6288109756e+00
68 64 55
2 0 660 223.0900 275.7500 2 306 -395.5000 233.4200
6.9653848177e-01 1.1963462927e+00 -8.1501355974e+00
162 147 128
3 0 663 75.0500 269.2900 2 325 -385.8300 64.6900 1 1122 -222.8000 228.1200
5.7874153456e-01 1.1593665559e+00 -7.9575537681e+00
156 143 127
2 0 665 62.7700 263.5700 2 393 -377.6300 48.3900
8.2288255721e-01 1.1500621711e+00 -8.0689810585e+00
214 199 177
3 0 666 97.6200 261.8800 2 392 -377.0400 89.5500 1 989 -208.7700 245.8800
3.4374270237e-01 1.0968652853e+00 -8.0852047190e+00
184 167 146
2 0 667 21.4500 253.6900 2 337 -365.5000 2.5300
2.8970807599e-01 1.0826375352e+00 -8.0761613004e+00
209 193 168
2 0 669 12.8800 251.5700 2 400 -362.5000 -6.9200
3.9969770975e-01 1.0535765996e+00 -7.9853009540e+00
119 102 82
2 0 670 32.5400 246.6400 2 399 -356.8000 15.4700
-6.9983209977e-01 8.9500835398e-01 -8.2134120329e+00
75 63 51
3 0 677 -147.9100 223.7300 2 417 -324.3400 -188.7900 1 1034 -223.0100 1.4900
-2.8283829787e-01 8.9803756056e-01 -8.0928023047e+00
51 47 38
2 0 679 -79.1200 222.8800 2 409 -325.5100 -111.3400
-9.8351874485e-01 8.7836956061e-01 -8.1517365928e+00
69 55 40
2 0 680 -193.9600 222.2300 2 373 -319.1600 -240.6200
-6.7015645082e-01 8.7529433243e-01 -8.2036335211e+00
37 30 24
3 0 681 -143.2600 220.2800 2 366 -320.5900 -182.6000 1 852 -219.1100 4.9200
-3.2342887500e-01 8.7283460246e-01 -7.9600603866e+00
29 24 18
3 0 682 -83.9300 218.4700 2 410 -319.3200 -116.7200 1 1144 -199.6600 51.5800
-3.1759673058e-01 8.7013944355e-01 -8.0311376508e+00
29 24 18
2 0 683 -83.9300 218.4700 2 411 -319.3200 -116.7200
-2.9507396188e-01 6.5109537907e-01 -7.8367074876e+00
40 26 19
3 0 689 -77.4300 181.9600 2 457 -274.2400 -108.0300 1 1023 -160.9600 46.0300
-5.7078611697e-01 4.9286280957e-01 -7.7822874190e+00
49 11 8
2 0 696 -123.0100 156.6800 2 414 -242.0500 -158.2300
-5.1607782135e-01 4.9437503747e-01 -7.7161716274e+00
73 53 46
3 0 697 -112.7300 155.4500 2 413 -241.3400 -146.7100 1 1033 -139.4100 2.7600
-1.1850808306e+00 3.9839100322e-01 -7.7088702760e+00
36 2 5
3 0 701 -225.0100 140.9200 2 424 -219.0700 -273.9200 1 610 -146.1900 -105.0900
6.9170464594e-01 2.7086429257e-01 -5.3621140039e+00
237 217 196
3 0 739 161.5100 95.6300 2 390 -126.9600 187.8200 1 1009 66.9600 138.4600
4.8937541282e-01 -1.5665079520e-01 -5.5689247472e+00
110 61 47
2 0 767 113.8200 15.8900 2 391 -31.4100 125.3500
5.3344772879e-02 -4.1392487918e-01 -6.0449274155e+00
99 26 28
2 0 770 16.6300 -23.3800 2 335 3.3400 6.0900
5.0883633056e-01 1.1954609975e+00 -8.0281462982e+00
197 182 159
2 0 780 50.0500 269.4600 2 446 -384.6300 33.3300
3.2201221360e-01 1.0592177312e+00 -8.0234446584e+00
131 115 92
2 0 785 19.2400 247.7300 2 447 -357.8200 0.2600
1.9887054514e-01 1.0362523908e+00 -8.0139397451e+00
28 23 11
2 0 786 -0.2500 244.3300 2 450 -352.8500 -22.0600
-6.2387230343e-01 9.6810969164e-01 -8.3158099569e+00
37 33 27
2 0 787 -137.0700 235.3200 2 464 -339.4100 -175.7600
4.2565313379e-02 8.5700857040e-01 -7.9064338997e+00
33 24 15
3 0 791 -23.5200 215.1400 2 453 -317.0200 -47.8800 1 1239 -183.4500 107.9200
-1.0011905964e+00 8.2758905509e-01 -8.1762915780e+00
155 118 79
2 0 792 -196.8100 213.7100 2 474 -310.0700 -243.4800
-8.6892813940e-01 8.2692996761e-01 -8.1787071682e+00
101 25 19
2 0 793 -175.3000 213.1800 2 467 -310.5600 -218.9600
-8.9176536100e-01 6.7115466216e-01 -7.8193941736e+00
146 39 40
2 0 801 -175.6600 186.7700 2 468 -275.5500 -221.9600
-7.6982889450e-01 6.3271933268e-01 -7.8130212092e+00
124 22 18
2 0 804 -155.9100 180.4500 2 465 -268.3300 -197.7300
-8.1890847911e-01 6.2297003040e-01 -7.7861968262e+00
167 40 38
2 0 805 -163.7800 178.8700 2 466 -265.7000 -206.9900
-9.6674009482e-01 5.5206356962e-01 -7.7383712408e+00
171 41 47
3 0 807 -187.4600 167.0300 2 472 -250.2000 -235.1500 1 1160 -163.3000 -65.1200
-7.5850512152e-01 5.4433928221e-01 -7.8044773170e+00
193 48 53
2 0 808 -154.0000 165.6500 2 418 -251.3500 -194.6900
-5.5699869514e-01 5.4153377374e-01 -7.7700901100e+00
192 52 49
2 0 809 -120.1400 164.4600 2 463 -251.3100 -156.2800
-9.4367503580e-01 5.1840301945e-01 -7.6722217856e+00
35 29 20
2 0 811 -183.5600 161.1700 2 420 -242.5600 -230.0700
-5.2135304683e-01 5.2165899098e-01 -7.7603664227e+00
28 10 2
2 0 812 -114.3100 161.1200 2 462 -247.4500 -149.1300
-1.2498634575e+00 3.5322159570e-01 -7.7688076672e+00
41 2 1
2 0 825 -236.0100 134.9600 2 475 -211.1300 -286.7400
5.3495963257e-01 -1.4687719416e-01 -5.5495604419e+00
112 62 53
2 0 853 123.8900 17.5200 2 437 -33.0000 136.6900
-3.5561468317e-01 -6.4676778461e-01 -6.5156966497e+00
34 38 37
2 0 855 -69.1200 -55.5500 2 406 28.7600 -91.7500
-6.9578436339e-01 -7.3971448382e-01 -6.4776893844e+00
44 53 54
2 0 856 -129.5400 -73.0700 2 291 53.9600 -162.9500
7.5802263122e-01 1.1718218922e+00 -7.9258312218e+00
144 129 108
2 0 865 91.8800 265.1200 2 483 -380.7100 82.7000
7.5802263122e-01 1.1718218922e+00 -7.9258312218e+00
144 129 108
2 0 866 91.8800 265.1200 2 482 -380.7100 82.7000
6.3319598907e-01 1.1508646635e+00 -7.9477548289e+00
193 178 159
2 0 867 71.4400 262.0200 2 484 -376.2000 58.9300
4.2808117657e-01 1.1194938908e+00 -7.9378883351e+00
156 144 126
2 0 868 39.3400 257.4400 2 487 -369.2400 21.0100
1.5675684533e+00 1.0957005105e+00 -7.4507119500e+00
47 40 30
2 0 869 239.1700 251.9900 2 477 -366.5300 254.1000
5.9712572028e-01 1.0426849517e+00 -7.8619105103e+00
180 167 152
2 0 871 67.4500 244.4800 2 443 -354.6400 55.2300
-9.4176850583e-01 8.0602411171e-01 -8.1104184515e+00
99 20 9
3 0 874 -186.7600 209.8200 2 496 -305.2700 -231.8600 1 1248 -214.1000 -41.6500
-3.1204025044e-01 7.2098558291e-01 -7.8317541213e+00
187 47 50
3 0 877 -80.1400 193.7600 2 491 -287.8600 -112.1100 1 1243 -171.4200 45.5800
-1.5913189118e-01 6.5907358394e-01 -7.7960348058e+00
52 42 32
3 0 879 -54.8300 182.6700 2 455 -276.5400 -82.1500 1 1240 -155.4100 67.0200
6.6322289212e-01 2.5284135606e-01 -5.3912128602e+00
21 18 12
2 0 898 154.9300 92.4000 2 435 -123.0000 179.0900
-9.3975304230e-01 -1.5591809704e-01 -6.3549870886e+00
141 132 119
3 0 904 -170.4800 30.5700 2 494 -57.2800 -223.0100 1 1167 12.2100 -137.6500
5.8073514824e-01 -7.7571937736e-02 -5.5102205565e+00
117 21 26
2 0 905 134.6100 30.2500 2 436 -47.5800 149.7200
4.1831590399e-01 -1.0224656415e-01 -5.5470741422e+00
111 22 27
2 0 907 100.5100 25.9400 2 438 -42.1800 110.1600
-3.1883969943e-01 -5.4708687363e-01 -6.4161416702e+00
48 57 54
2 0 910 -59.8500 -39.9500 2 456 13.8100 -83.4300
1.0132823747e+00 -7.6875465985e-01 -6.0064966271e+00
26 11 4
2 0 914 192.2300 -89.5000 2 387 69.5300 216.8600
-8.7902660385e-01 7.5997701170e-01 -8.0066442071e+00
195 65 65
3 0 927 -175.0800 201.1300 2 493 -295.7800 -219.8600 1 1247 -202.1700 -37.1300
-1.0663324107e+00 7.3422681336e-01 -8.1683856007e+00
144 31 30
2 0 928 -207.7900 199.0300 2 527 -291.9000 -254.1900
-1.4650095571e-01 5.3051672799e-01 -6.0664293655e+00
184 40 53
2 0 932 -17.1000 152.9500 2 518 -208.7200 -45.2600
-1.5087931423e-01 4.6460078345e-01 -6.0562563597e+00
229 104 110
2 0 935 -18.1200 140.5600 2 519 -192.8600 -45.4300
5.3303632041e-01 5.2856014165e-03 -5.4766530677e+00
14 17 7
2 0 945 126.2300 45.6200 2 509 -65.1100 140.9500
3.7714064482e-01 -2.4806290539e-02 -5.5285440267e+00
205 158 109
3 0 947 94.8400 40.1600 2 512 -58.4400 101.0100 1 1302 94.0700 70.4600
-9.6890811469e-01 1.0183495136e+00 -8.4727193069e+00
89 80 63
3 0 954 -194.3000 244.9800 2 526 -348.6500 -238.7100 1 1354 -256.7300 -27.4700
-2.0706920383e-01 8.4596872213e-01 -7.9792397937e+00
197 184 167
3 0 958 -65.5500 214.5100 2 538 -314.9300 -95.7500 1 1383 -191.4000 70.4400
-1.1292958711e+00 3.9802059479e-01 -7.8068885560e+00
20 2 1
2 0 963 -216.0600 142.4300 2 547 -221.2700 -263.7500
5.9722454303e-01 8.5123739703e-03 -5.4994168752e+00
203 157 112
2 0 970 137.7800 46.5400 2 508 -67.8700 155.1100
1.1730001155e+00 -1.4551481648e-01 -5.8173671555e+00
227 177 131
2 0 972 232.8400 22.0400 2 530 -55.5500 267.2500
-6.7352944232e-01 9.4325202996e-01 -8.2974100919e+00
18 14 11
2 0 986 -144.6600 231.3000 2 558 -334.5600 -184.6500
-1.0316179014e+00 9.0791635324e-01 -8.2451274532e+00
20 16 13
3 0 991 -202.9800 226.5100 2 563 -326.4800 -249.0100 1 1394 -235.8700 -48.0400
-2.4288793795e-01 7.4642351573e-01 -7.9241487759e+00
28 16 11
2 0 993 -70.5700 197.9800 2 556 -294.6900 -100.4600
-1.4902236315e-01 3.7120271534e-01 -6.0359736940e+00
79 66 53
2 0 997 -17.9400 122.9300 2 553 -170.3200 -43.6400
-7.2484622030e-01 3.3659622130e-01 -6.4646129918e+00
21 17 15
2 0 998 -131.0800 120.7300 2 575 -173.3000 -181.7300
-9.2235746956e-01 2.7266440500e-01 -6.5263941606e+00
21 24 17
2 0 1000 -168.6800 110.3900 2 561 -159.5300 -224.6300
-9.8109114763e-01 -5.6785383815e-01 -6.3679790809e+00
108 149 145
2 0 1007 -180.3800 -44.2100 2 562 29.1500 -226.1600
-8.8848214526e-01 9.0274907423e-01 -8.0713663829e+00
237 209 188
3 0 1016 -176.9900 225.7900 2 560 -323.2200 -224.0200 1 1391 -225.8700 -31.9900
-8.8848214526e-01 9.0274907423e-01 -8.0713663829e+00
237 209 188
3 0 1017 -176.9900 225.7900 2 559 -323.2200 -224.0200 1 1390 -225.8700 -31.9900
1.7935052165e-01 1.5886833278e-01 -5.5133219788e+00
16 12 10
2 0 1027 57.3400 76.3800 2 569 -100.3000 53.1800
4.8982445213e-01 -1.6059399167e-02 -5.5127885936e+00
12 9 4
2 0 1029 116.5900 42.0800 2 568 -61.4800 128.5000
4.8982445213e-01 -1.6059399167e-02 -5.5127885936e+00
12 9 4
2 0 1030 116.5900 42.0800 2 566 -61.4800 128.5000
4.8982445213e-01 -1.6059399167e-02 -5.5127885936e+00
12 9 4
2 0 1031 116.5900 42.0800 2 567 -61.4800 128.5000
-3.0813021661e-01 -3.3502683403e-01 -6.3108284596e+00
106 136 136
2 0 1033 -55.6700 -3.5700 2 572 -24.5800 -80.3800
-8.6244408826e-01 5.3755371563e-01 -7.7270674706e+00
30 16 15
2 0 1042 -170.9200 164.7900 2 576 -247.6000 -214.0700
-8.6244408826e-01 5.3755371563e-01 -7.7270674706e+00
30 16 15
2 0 1043 -170.9200 164.7900 2 577 -247.6000 -214.0700
-6.9217097817e-01 5.4314408669e-01 -7.8201741810e+00
203 53 55
2 0 1044 -143.7600 165.7300 2 583 -251.5100 -181.6200
7.3057289935e-01 2.5658599018e-01 -5.3804000930e+00
13 14 10
2 0 1047 168.5100 92.9400 2 580 -124.1400 196.3300
-1.0396944534e+00 -6.9782469267e-02 -6.3095039377e+00
20 19 15
2 0 1048 -188.3000 45.1900 2 584 -74.2200 -247.3700
-5.6189437392e-01 2.9184833782e-01 -6.5194667014e+00
130 174 175
2 0 1058 -103.7300 113.4100 2 586 -166.2200 -144.3400
-5.6189437392e-01 2.9184833782e-01 -6.5194667014e+00
130 174 175
2 0 1059 -103.7300 113.4100 2 585 -166.2200 -144.3400
-7.7164379538e-01 -3.0678826039e-01 -6.1978114505e+00
115 157 156
2 0 1062 -138.8700 0.0100 2 587 -19.0100 -182.4700
7.2350344873e-01 4.4071384187e-01 -5.4083980776e+00
254 249 230
2 0 1072 165.7600 128.8900 2 596 -171.8700 194.5200
-1.9256135080e-01 2.8719499934e-01 -6.0403615296e+00
79 66 57
2 0 1073 -27.1500 107.4500 2 600 -150.5100 -52.7300
-1.9256135080e-01 2.8719499934e-01 -6.0403615296e+00
79 66 57
2 0 1074 -27.1500 107.4500 2 601 -150.5100 -52.7300
1.4934237228e-01 3.3194308325e-01 -5.5401806865e+00
253 249 230
2 0 1075 52.2600 110.4500 2 598 -143.7900 43.6500
3.9494214164e-01 -4.6006812956e-01 -5.7925129010e+00
189 63 74
2 0 1081 86.5100 -37.3900 2 605 24.9800 93.1400
1.0203516305e+00 -7.4195949172e-01 -5.9001564037e+00
134 96 76
2 0 364 197.0700 -87.1000 1 816 221.6900 177.5700
-9.4785893862e-01 3.7249295204e-01 -7.6323018619e+00
52 35 13
2 0 442 -184.0100 136.3700 1 595 -130.6400 -70.6100
-2.1815346046e+00 -1.5843482028e-01 -7.5209674010e+00
100 88 73
2 0 505 -396.6600 48.3800 1 435 -85.0600 -276.1000
2.7350489333e-01 1.0546688164e+00 -8.0790049861e+00
141 126 101
2 0 544 10.0900 247.2400 1 822 -212.2300 154.7300
-1.7197222794e+00 9.2170976368e-01 -8.4611849765e+00
88 44 18
2 0 547 -315.3900 232.0400 1 905 -264.4400 -141.5900
-4.6679444551e-03 7.9703308506e-01 -7.9047696189e+00
70 60 48
2 0 568 -31.0000 205.1500 1 833 -176.0300 98.3200
5.0514781419e-01 1.0420361416e+00 -8.0068438692e+00
114 99 79
2 0 671 48.7400 244.6300 1 994 -200.3200 190.0500
-1.4294950258e+00 2.7102194963e-01 -7.7226734920e+00
194 48 40
2 0 721 -266.1800 121.3100 1 907 -134.0000 -143.7800
-1.2983601406e+00 7.6951809291e-03 -6.6632542257e+00
61 51 31
2 0 755 -239.1800 64.9900 1 1078 -42.6400 -178.7100
2.3384254062e-01 1.0823618830e+00 -8.0838444184e+00
207 195 170
2 0 783 3.7600 251.8300 1 1003 -218.0700 149.3100
-1.3814935748e+00 3.2783828175e-01 -7.7575464504e+00
54 8 10
2 0 826 -258.2900 131.1200 1 1068 -142.2400 -133.5300
-1.9133923340e+00 2.2869681446e-01 -7.6719700282e+00
206 194 168
2 0 833 -349.7200 115.7500 1 1192 -140.3800 -220.2100
-1.9133923340e+00 2.2869681446e-01 -7.6719700282e+00
206 194 168
2 0 834 -349.7200 115.7500 1 1190 -140.3800 -220.2100
-1.9133923340e+00 2.2869681446e-01 -7.6719700282e+00
206 194 168
2 0 835 -349.7200 115.7500 1 1191 -140.3800 -220.2100
-2.0338354567e+00 1.0398232841e-01 -7.7678865010e+00
251 254 240
2 0 837 -369.6700 95.3500 1 964 -129.4100 -236.2500
-1.6154163406e+00 2.2706589560e-01 -7.6245887943e+00
24 6 5
2 0 897 -297.1900 112.9800 1 1179 -130.3800 -178.1800
-1.6190809824e+00 2.2248302787e-01 -7.6391017292e+00
25 7 9
2 0 938 -297.8000 112.3000 1 1178 -130.3800 -178.1800
-2.0428714130e+00 7.7927847813e-01 -8.4337314631e+00
9 5 2
2 0 1040 -367.8700 209.4700 1 1448 -252.7800 -193.3200
2.3808803311e-01 1.9904421527e-01 -5.5063993663e+00
243 227 211
2 2 62 -110.6000 67.6500 1 562 50.1900 51.0700
1.4052360057e-01 1.7589141594e-01 -5.5281208643e+00
253 229 203
2 2 331 -105.0500 42.7000 1 848 48.9900 32.2900
1.2449551896e-01 8.5339306742e-01 -7.9317263116e+00
41 35 24
2 2 451 -317.6100 -33.7600 1 1238 -179.9500 122.1000
7.4885768153e-01 1.0983789297e+00 -7.9802487313e+00
194 187 161
2 2 531 -366.3500 79.4900 1 1377 -201.2300 230.2900
-6.9786243983e-01 8.0785907228e-01 -8.3085720853e+00
156 47 44
2 2 542 -310.0800 -188.2100 1 1387 -211.2800 3.3000
-9.4687983033e-01 4.3879533719e-01 -7.6607230331e+00
131 100 71
2 2 546 -226.3900 -229.3200 1 1358 -142.5100 -68.0300
2.9508500040e-01 1.0971460775e+00 -8.0277323489e+00
189 177 151
2 2 570 -365.2900 -5.2400 1 1415 -216.4500 158.4500
