# Bundle file v0.3
3 67
2.1498011319e+03 8.2101727142e-03 3.4708911511e-04
9.9998505227e-01 -4.8809053447e-03 2.4641438735e-03
4.8877690085e-03 9.9998417071e-01 -2.7871197265e-03
-2.4505012003e-03 2.7991222314e-03 9.9999307996e-01
4.0187241863e-03 -4.1171856087e-03 -1.2044095078e-02
2.1135282928e+03 -1.6831991194e-02 -1.8672642389e-03
7.2802744582e-01 9.8396432627e-02 6.7844983616e-01
-2.5484338710e-02 9.9284640733e-01 -1.1664716003e-01
-6.8507414680e-01 6.7632488553e-02 7.2532700203e-01
9.3247673322e-01 -1.6666021899e-01 -2.9329417823e-01
0 0 0
0 0 0
0 0 0
0 0 0
0 0 0
-8.7417784631e-02 1.6698956960e-01 -1.5982866033e+00
207 187 162
2 0 20 -117.7300 223.2800 1 188 -304.4700 286.8400
-8.5781296484e-02 1.6456839305e-01 -1.5977881728e+00
200 178 153
2 0 24 -115.5900 219.5100 1 20 -302.1900 283.3500
-9.0066552146e-02 1.5036462163e-01 -1.5994562380e+00
155 133 110
2 0 30 -121.0800 200.6900 1 191 -311.0700 262.0800
-9.0406013459e-02 1.4387321136e-01 -1.5993409619e+00
163 143 119
2 0 35 -121.5100 191.7900 1 195 -312.2400 252.4100
-9.2789854131e-02 1.3076822875e-01 -1.6005547090e+00
221 195 173
2 0 42 -124.5100 174.2100 1 199 -318.1100 232.7600
-9.7141247047e-02 1.2284876867e-01 -1.6023764606e+00
165 143 119
2 0 49 -130.1300 163.2700 1 202 -326.2700 221.5600
-9.8873731896e-02 1.1763060601e-01 -1.6028533969e+00
209 187 163
2 0 50 -132.3500 156.5100 1 207 -329.6400 213.6500
-1.3094191192e-01 1.1525233595e-01 -1.6200391885e+00
80 70 61
2 0 54 -173.2600 151.6800 1 205 -386.1400 215.7100
-1.1970544878e-01 9.4126937665e-02 -1.6108315014e+00
77 73 61
2 0 61 -159.1900 124.3200 1 81 -366.4600 181.2100
-9.4437744271e-02 1.3310980005e-02 -1.5894631531e+00
8 7 5
2 0 84 -126.7400 17.7100 1 222 -326.4700 52.5600
-9.6558082931e-02 1.2786247557e-02 -1.5904386629e+00
37 36 34
2 0 88 -129.5600 16.4500 1 106 -330.0100 52.5100
1.1522706448e-02 -1.4674438659e-01 -1.5043630808e+00
45 99 48
2 0 196 17.7900 -207.8000 1 246 -141.9600 -206.7000
-2.0542275848e-02 1.4896863126e-01 -1.5190303909e+00
195 97 95
2 0 257 -29.5400 208.2200 1 196 -151.4700 245.9200
3.7165106638e-02 1.1429497450e-01 -1.4936856815e+00
77 68 62
2 0 268 52.7700 163.7300 1 209 -64.6100 181.8400
2.1200294078e-02 8.5511639984e-02 -1.4938469908e+00
240 224 209
2 0 275 30.1500 122.2200 1 218 -87.1900 140.3300
-9.6504890928e-02 -1.7322787445e-01 -1.5867184055e+00
146 41 41
2 0 356 -128.4000 -232.6500 1 159 -351.6300 -230.0800
-9.8851416354e-02 -1.7573084883e-01 -1.5856766166e+00
182 39 51
2 0 358 -131.7800 -237.1900 1 160 -353.9600 -233.4300
-8.6380227944e-02 1.6947243969e-01 -1.5979427566e+00
174 154 129
2 0 395 -116.3900 226.5400 1 332 -302.5000 290.5400
-1.1399866749e-01 9.4776119687e-02 -1.6095237688e+00
89 80 63
2 0 410 -151.7500 125.2800 1 310 -357.8500 181.3900
9.7955322235e-02 3.1027125661e-02 -1.4904021331e+00
58 46 40
2 0 419 140.3900 44.6600 1 223 -6.2600 52.5800
-8.9539896187e-03 -2.8914088580e-02 -1.5248989954e+00
13 6 5
2 0 433 -11.9000 -39.7500 1 349 -168.9100 -26.6700
2.9107824193e-02 -3.5578064139e-02 -1.5036017661e+00
151 120 41
2 0 440 42.0300 -49.6300 1 280 -105.2100 -41.5700
-1.4879765976e-02 -9.8163092597e-02 -1.5141694067e+00
15 18 20
2 0 453 -19.8400 -137.9300 1 321 -175.5800 -132.8900
2.3950632213e-02 -1.4385928742e-01 -1.4993554791e+00
39 65 49
2 0 463 35.4200 -205.0000 1 294 -122.2800 -202.4200
-1.0518070943e-01 -1.6917272008e-01 -1.5897629535e+00
174 48 49
2 0 468 -139.9500 -227.5200 1 300 -364.7200 -223.1000
-9.9155714794e-02 -1.7286213390e-01 -1.5869753394e+00
14 8 0
2 0 469 -131.9900 -232.4100 1 301 -355.1600 -229.4100
-9.9155714794e-02 -1.7286213390e-01 -1.5869753394e+00
14 8 0
2 0 470 -131.9900 -232.4100 1 302 -355.1600 -229.4100
4.6940980930e-02 1.0131247784e-01 -1.4913469355e+00
114 32 33
2 0 515 66.9500 145.7800 1 273 -53.1900 160.5500
-1.1684924175e-01 9.1715638123e-02 -1.6104402113e+00
25 20 13
2 0 518 -155.4100 121.3600 1 340 -362.7700 176.9500
-1.0328031505e-01 -1.6632350176e-01 -1.5897499929e+00
25 9 8
2 0 571 -137.3400 -223.1800 1 325 -361.9500 -219.1400
-1.1185458384e-01 -2.0133022733e-01 -1.5902234821e+00
159 30 38
2 0 575 -148.6700 -270.7200 1 359 -377.9300 -271.7200
2.9205488844e-02 1.2466728678e-01 -1.4983890213e+00
181 65 74
2 0 589 41.1600 177.4700 1 367 -76.7400 199.4200
3.7591803592e-02 1.1933287110e-01 -1.4949258317e+00
18 12 16
2 0 590 53.3200 171.2100 1 368 -64.7000 189.1200
-1.2955793931e-01 1.1866316694e-01 -1.6182269099e+00
63 52 39
2 0 594 -171.6300 156.5700 1 339 -382.3800 220.4600
1.0439795000e-01 4.3331645232e-02 -1.4874364836e+00
221 180 128
2 0 602 149.8900 63.1300 1 344 5.2300 69.0200
1.0439795000e-01 4.3331645232e-02 -1.4874364836e+00
221 180 128
2 0 603 149.8900 63.1300 1 345 5.2300 69.0200
1.0127080910e-01 3.7047666579e-02 -1.4885271606e+00
198 154 114
2 0 604 145.3300 53.9400 1 346 -0.0800 60.3300
1.0127080910e-01 3.7047666579e-02 -1.4885271606e+00
198 154 114
2 0 605 145.3300 53.9400 1 347 -0.0800 60.3300
9.5742822817e-02 3.3759967191e-02 -1.4901927782e+00
15 4 2
2 0 606 137.2400 48.7200 1 348 -8.0600 56.5300
8.3811930324e-03 -3.3064295767e-02 -1.5110520251e+00
141 136 102
2 0 613 12.4000 -47.1500 1 351 -135.7900 -34.8300
1.6470045399e-02 -1.4337088617e-01 -1.5007163507e+00
77 154 80
2 0 629 24.8000 -203.8400 1 357 -132.2100 -202.0800
-7.8732806306e-02 -2.0108073233e-01 -1.5725933908e+00
143 34 31
2 0 630 -105.3000 -273.0700 1 328 -320.6100 -273.9800
1.0931009012e-02 1.4836144874e-01 -1.5037751178e+00
16 17 11
2 0 635 14.9200 210.5600 1 382 -99.7100 238.3500
2.4083274368e-02 8.1680599973e-02 -1.4930439284e+00
8 11 14
2 0 641 34.3200 116.9200 1 370 -83.6500 134.0300
-4.4926438695e-02 2.7155460367e-02 -1.5254166136e+00
81 51 41
2 0 643 -62.6400 37.9600 1 371 -204.7900 60.7800
-3.2728765734e-02 2.6059884701e-02 -1.5208424054e+00
178 39 54
2 0 644 -45.7300 36.2000 1 372 -185.6800 57.9400
-9.3338849462e-02 -2.1037095951e-01 -1.5787495646e+00
149 122 85
2 0 664 -124.6200 -284.8100 1 398 -345.6100 -287.1500
3.9773410077e-02 1.0215475822e-01 -1.4934783653e+00
201 158 114
2 0 677 56.5800 146.3200 1 388 -63.2000 163.2500
-1.1887341559e-01 1.0195360859e-01 -1.6135979924e+00
77 66 54
2 0 678 -157.9000 134.1900 1 385 -366.6300 193.5800
-1.0471588980e-01 9.0501750631e-02 -1.6051993181e+00
20 18 16
2 0 679 -139.7800 119.7700 1 386 -342.7300 173.4800
-2.5655861228e-02 2.2619530221e-02 -1.5187275353e+00
225 99 108
2 0 681 -35.7600 32.2000 1 390 -175.7300 51.2200
-1.2784865485e-01 9.4114338665e-02 -1.6156013765e+00
78 71 56
2 0 709 -169.4300 124.9100 1 399 -381.2900 181.7900
5.8286292923e-02 2.7971839680e-02 -1.4944579514e+00
218 160 122
2 0 711 83.4600 40.4200 1 401 -54.1400 50.6700
-1.1498948806e-01 1.2915880342e-02 -1.5993941964e+00
121 108 99
2 0 712 -153.3900 17.2700 1 413 -361.5400 54.5500
1.9547305415e-02 -4.0367717032e-02 -1.5054563771e+00
218 186 55
2 0 717 28.4000 -56.9900 1 404 -118.5900 -47.6500
-3.2157245429e-02 -6.5582568443e-02 -1.5285634051e+00
126 167 173
2 0 718 -44.1300 -92.0100 1 425 -205.1400 -79.9300
1.4944493077e-02 1.4537527367e-01 -1.5027389764e+00
17 10 7
2 0 738 20.6400 206.2400 1 409 -94.4200 233.3300
2.3047841533e-02 8.8621812886e-02 -1.4941596800e+00
14 11 6
2 0 744 32.7600 126.6700 1 412 -84.9200 144.8700
6.5467619807e-02 -2.9245942349e-02 -1.4944777362e+00
39 34 29
2 0 749 94.1000 -41.1200 1 403 -54.4300 -34.2700
1.6722548848e-04 3.4017262850e-02 -1.5166205760e+00
166 58 58
2 0 766 0.4100 48.1400 1 434 -141.3100 66.7400
-2.4065622496e-02 -1.2259400649e-01 -1.5218111650e+00
121 165 164
2 0 784 -32.4300 -171.2200 1 441 -197.2100 -168.2500
-1.9146392504e-02 -5.6749678035e-02 -1.5234956939e+00
123 168 171
2 0 794 -26.0600 -79.5200 1 447 -183.5500 -68.0500
-2.3965598288e-02 -9.1468419052e-02 -1.5215649558e+00
39 34 30
2 0 798 -32.6400 -128.6000 1 449 -192.3700 -120.5900
4.1183665289e-03 8.1862056942e-02 -1.5008739505e+00
253 238 219
2 0 806 5.7500 116.6000 1 454 -114.5400 137.1400
4.1183665289e-03 8.1862056942e-02 -1.5008739505e+00
253 238 219
2 0 807 5.7500 116.6000 1 455 -114.5400 137.1400
1.6001214221e-02 -1.1485142660e-02 -1.5061426528e+00
253 197 78
2 0 810 23.1400 -16.3500 1 446 -119.1900 -3.9200
-9.5616115018e-03 -1.5216529833e-01 -1.5125538689e+00
61 52 43
2 0 816 -11.8800 -213.5000 1 450 -175.4000 -214.6700
