# Bundle file v0.3
3 29
2.1414742029e+03 2.5160220999e-03 1.7701185712e-04
9.9927866745e-01 3.0123301238e-02 -2.3124262172e-02
-3.0601796283e-02 9.9931883597e-01 -2.0625085410e-02
2.2487215095e-02 2.1317851825e-02 9.9951982189e-01
-2.3886902103e-02 -2.6262479341e-02 1.8391199185e-02
2.1287125313e+03 -6.0405596328e-03 -5.9021557257e-04
3.3740312867e-01 6.7765376869e-01 6.5340990086e-01
-8.7212444480e-01 -3.6252741906e-02 4.8793922930e-01
3.5434175812e-01 -7.3448696958e-01 5.7876662825e-01
6.8352498680e-01 5.7225116377e-01 -4.7861597922e-01
0 0 0
0 0 0
0 0 0
0 0 0
0 0 0
-6.3322819725e-02 -2.4732244025e-02 -1.1384943035e+00
46 24 11
2 0 513 -117.0100 -48.5000 1 442 -184.0100 136.3700
-5.2305554806e-02 -7.8730771991e-02 -1.1670239395e+00
76 60 44
2 0 587 -97.4200 -148.3000 1 611 -285.5000 96.5400
-1.0971827914e-01 1.4019970741e-01 -1.0327311037e+00
164 158 136
2 0 706 -222.9600 292.6400 1 534 116.6900 277.5500
-1.0971827914e-01 1.4019970741e-01 -1.0327311037e+00
164 158 136
2 0 707 -222.9600 292.6400 1 533 116.6900 277.5500
-6.9569185499e-02 7.8266909673e-03 -1.1210985136e+00
34 9 3
2 0 778 -131.2200 12.8400 1 696 -123.0100 156.6800
-6.4174167111e-02 -6.4961013093e-02 -1.1609510682e+00
219 64 73
2 0 837 -117.9800 -122.0400 1 721 -266.1800 121.3100
-1.3476020343e-01 -7.1068608008e-02 -1.1628554651e+00
102 51 21
2 0 842 -249.2700 -128.8600 1 547 -315.3900 232.0400
-5.5160522342e-02 -7.9472537644e-02 -1.1663199034e+00
19 8 1
2 0 858 -102.8800 -149.6400 1 605 -287.3900 101.9700
-6.0212543836e-02 -1.0582741856e-01 -1.1799678690e+00
154 36 42
2 0 887 -110.4600 -194.7300 1 737 -345.5800 101.5900
-6.4667944378e-02 -1.0946991645e-01 -1.1796533588e+00
134 38 39
2 0 894 -117.9200 -200.6900 1 730 -353.8100 110.6100
-1.1376206728e-01 1.1989924130e-01 -1.0468132177e+00
235 227 206
2 0 954 -228.2900 247.3400 1 539 74.1200 274.7600
-8.8445451423e-02 -5.7441315993e-02 -1.1478752373e+00
35 5 3
2 0 1024 -168.0200 -109.7600 1 692 -252.6900 169.3300
-6.8789275569e-02 -5.9614045462e-02 -1.1581979876e+00
45 5 4
2 0 1025 -126.2100 -111.8800 1 826 -258.2900 131.1200
-6.5647012766e-02 -6.0683750864e-02 -1.1592697891e+00
221 59 73
2 0 1026 -120.7700 -114.2100 1 713 -258.9300 124.6800
-1.1064782095e-01 -1.8307705222e-02 -1.1338388845e+00
221 174 119
2 0 1151 -207.7500 -33.7100 1 792 -196.8100 213.7100
-1.0097982552e-01 -5.0070373250e-02 -1.1517374311e+00
45 41 38
2 0 1159 -186.7400 -92.6000 1 800 -255.6200 187.3900
-1.6340782785e-01 -9.8001830158e-02 -1.1771724981e+00
87 80 60
2 0 1177 -299.7200 -174.6300 1 664 -384.8200 267.3200
-6.6517533184e-02 -1.0733684340e-01 -1.1776989051e+00
230 225 197
2 0 1187 -120.9900 -196.8000 1 835 -349.7200 115.7500
-6.6517533184e-02 -1.0733684340e-01 -1.1776989051e+00
230 225 197
2 0 1188 -120.9900 -196.8000 1 833 -349.7200 115.7500
-1.1631813507e-01 9.4446267122e-02 -1.0539480079e+00
228 217 199
2 0 1251 -233.6900 193.0600 1 861 34.9900 276.6700
-9.1464607454e-02 6.4666202330e-02 -1.0858598504e+00
62 53 44
2 0 1257 -176.7500 127.6000 1 791 -23.5200 215.1400
-7.7152889723e-02 4.5656147137e-02 -1.1001288607e+00
47 38 31
2 0 1259 -147.0700 87.7700 1 879 -54.8300 182.6700
-1.0778616814e-01 -1.3745568583e-02 -1.1320450120e+00
108 27 24
2 0 1270 -202.8300 -25.4700 1 874 -186.7600 209.8200
-7.1944659275e-02 -1.0972307185e-01 -1.1777959044e+00
143 35 32
2 0 1295 -131.6400 -201.1400 1 892 -356.0700 124.4100
-8.5388836932e-02 3.3449578580e-02 -1.1042274165e+00
219 60 60
2 0 1346 -162.9100 64.1800 1 877 -80.1400 193.7600
-1.0112958292e-01 -1.0158169602e-02 -1.1294733979e+00
232 98 87
2 0 1354 -190.7800 -19.3100 1 927 -175.0800 201.1300
-9.6245095104e-02 4.4973033432e-02 -1.0982907762e+00
177 169 150
2 0 1405 -184.2200 88.1200 1 958 -65.5500 214.5100
-7.0980168194e-02 -3.8520015385e-02 -1.1463921226e+00
41 3 8
2 0 1416 -131.6000 -73.7700 1 963 -216.0600 142.4300
-1.2782140676e-01 -9.8712946219e-02 -1.1783136911e+00
9 7 8
2 0 1480 -235.8200 -178.7600 1 1040 -367.8700 209.4700
