# Bundle file v0.3
3 533
0 0 0
0 0 0
0 0 0
0 0 0
0 0 0
2.1821983261e+03 -3.3968364316e-02 1.3311322727e-03
9.9885125105e-01 2.8901959870e-03 4.7831214059e-02
-2.7764659742e-03 9.9999315902e-01 -2.4440045216e-03
-4.7837950498e-02 2.3083952356e-03 9.9885244246e-01
5.8766486562e-01 -2.5275672498e-02 -1.1719649940e-03
2.0902324376e+03 3.8123518143e-02 -3.1615428016e-03
9.9637205669e-01 3.1216877957e-02 7.9172161669e-02
-3.6997399869e-02 9.9667259881e-01 7.2628666420e-02
-7.6641483909e-02 -7.5294337859e-02 9.9421167044e-01
8.8377421212e-01 7.1354208552e-01 3.2143890324e-01
-1.1217440805e+00 1.4350593026e+00 -1.1440647495e+01
210 204 184
2 1 2 -206.3200 276.2700 2 11 -206.8000 255.8500
-7.4544707103e-01 8.5892412798e-02 -1.1642720253e+01
186 55 64
2 1 485 -134.5300 17.2300 2 182 -144.9500 -3.6100
-8.3790655190e-01 4.2085806150e-01 -1.1615300233e+01
240 234 220
2 1 96 -151.6800 80.4500 2 143 -160.1400 59.8300
-1.1908820864e+00 1.3681665175e+00 -1.1469725058e+01
231 223 202
2 1 716 -219.3700 262.9000 2 500 -220.2700 242.9300
-1.1061516292e+00 1.0060062117e+00 -1.1493806178e+01
101 87 68
2 1 740 -203.1800 193.1600 2 817 -206.6800 173.8200
-7.2914092515e-01 6.3025556686e-02 -1.1671579416e+01
34 9 3
2 1 778 -131.2200 12.8400 2 857 -142.3000 -8.2800
-1.0754035349e+00 1.0906335857e+00 -1.1471278041e+01
122 110 86
2 1 962 -197.4300 209.6700 2 994 -200.3200 190.0500
-7.4664523045e-01 1.2063240923e-01 -1.1663279215e+01
31 7 13
2 1 995 -134.4500 23.6600 2 1032 -145.2100 2.6600
-1.1596645463e+00 8.6355557726e-01 -1.1430763433e+01
244 229 205
2 1 1119 -214.1900 166.9500 2 1003 -218.0700 149.3100
-2.0086263256e+00 8.5601657807e-01 -1.1470479888e+01
91 82 65
2 1 1254 -377.0500 165.8500 2 1233 -380.5600 153.8200
-1.1690743321e+00 9.8760903756e-01 -1.1447508684e+01
200 187 169
2 1 1252 -215.6700 190.4700 2 1232 -218.9700 172.2600
-1.1521318781e+00 9.0096959894e-01 -1.1350561601e+01
246 231 210
2 1 1458 -213.7600 175.4000 2 1415 -216.4500 158.4500
-1.1521318781e+00 9.0096959894e-01 -1.1350561601e+01
246 231 210
2 1 1459 -213.7600 175.4000 2 1416 -216.4500 158.4500
-1.1881637744e+00 1.4667255168e+00 -1.1467506917e+01
208 202 180
2 1 1 -219.2300 281.9100 2 8 -218.6300 261.2200
-1.0980877245e+00 1.3738049940e+00 -1.1455848356e+01
188 181 160
2 1 6 -201.6700 264.1500 2 19 -202.7100 243.6600
-1.1489729948e+00 1.3656344162e+00 -1.1439138137e+01
161 154 134
2 1 7 -211.5700 263.0300 2 20 -212.5200 243.1900
-1.2888049940e+00 1.3459905244e+00 -1.1359626911e+01
228 222 200
2 1 8 -239.4100 261.2500 2 18 -239.8100 243.6000
-1.1971027150e+00 1.3155021359e+00 -1.1423608273e+01
218 210 191
2 1 11 -221.0200 253.8300 2 24 -222.1100 234.7800
-1.2404366877e+00 1.2970609835e+00 -1.1394103907e+01
158 150 129
2 1 13 -229.7100 250.9900 2 31 -230.6700 232.7300
-1.1222288863e+00 1.2964672662e+00 -1.1436559961e+01
232 224 205
2 1 14 -206.4600 249.7800 2 34 -207.9800 230.1200
-1.2644870075e+00 1.2310713942e+00 -1.1366860046e+01
205 197 175
2 1 19 -234.5700 238.8400 2 45 -236.0700 221.5000
-1.1260157098e+00 1.0874884613e+00 -1.1453278494e+01
177 169 159
2 1 31 -207.2800 209.4500 2 61 -210.0300 190.4500
-1.0898539977e+00 1.0884824783e+00 -1.1466721698e+01
124 112 90
2 1 32 -200.2100 209.3500 2 65 -203.1200 189.9200
-1.0976991499e+00 1.0749847534e+00 -1.1467402721e+01
172 160 138
2 1 34 -201.6600 206.7500 2 66 -204.7600 187.4600
-1.0976991499e+00 1.0749847534e+00 -1.1467402721e+01
172 160 138
2 1 35 -201.6600 206.7500 2 67 -204.7600 187.4600
-1.1381238988e+00 1.0011106479e+00 -1.1467902600e+01
160 149 129
2 1 41 -209.5100 192.6800 2 74 -212.9100 173.9400
-1.1618365520e+00 8.8806567591e-01 -1.1436765508e+01
174 161 137
2 1 51 -213.8900 171.3800 2 84 -218.9200 153.9900
-9.4225724806e-01 7.8900296840e-01 -1.1553984734e+01
184 174 164
2 1 56 -171.5800 150.8000 2 91 -177.1700 130.4100
-1.0025082508e+00 5.9627850654e-01 -1.1537939984e+01
209 199 187
2 1 72 -183.2300 114.4300 2 113 -189.9400 95.3400
-1.0109063799e+00 5.5555846978e-01 -1.1532437449e+01
244 238 222
2 1 74 -184.8700 106.7400 2 118 -191.8500 87.9200
-9.5150423571e-01 4.7476335475e-01 -1.1512329986e+01
70 60 50
2 1 79 -173.8300 91.5100 2 129 -181.1100 72.7200
-1.0125811115e+00 4.6170650194e-01 -1.1533311150e+01
249 245 226
2 1 80 -185.1800 88.8700 2 132 -192.8900 70.3700
-1.0125811115e+00 4.6170650194e-01 -1.1533311150e+01
249 245 226
2 1 81 -185.1800 88.8700 2 133 -192.8900 70.3700
-1.0303508711e+00 4.6028552743e-01 -1.1528255698e+01
96 87 70
2 1 82 -188.6000 88.6500 2 131 -196.2800 70.3400
-8.5486992578e-01 4.6434138710e-01 -1.1625341506e+01
143 132 120
2 1 83 -154.8600 88.6100 2 135 -162.9800 67.8200
-8.1394315917e-01 4.4772493972e-01 -1.1602299575e+01
77 68 60
2 1 85 -147.2800 85.6200 2 554 -155.3600 64.8600
-1.0326032133e+00 4.4066213965e-01 -1.1527038533e+01
248 243 226
2 1 87 -189.0600 84.9300 2 137 -196.8400 66.7000
-9.7380760620e-01 4.4082957422e-01 -1.1523378379e+01
201 191 179
2 1 89 -177.9100 84.9500 2 138 -185.6800 66.3500
-8.5082943941e-01 4.4079902550e-01 -1.1636988341e+01
246 240 225
2 1 90 -154.0000 84.0700 2 557 -162.4500 63.2200
-8.9675470763e-01 4.2315079565e-01 -1.1667673089e+01
65 51 43
2 1 95 -162.0600 80.4400 2 559 -171.6100 59.8700
-8.3790655190e-01 4.2085806150e-01 -1.1615300233e+01
240 234 220
2 1 97 -151.6800 80.4500 2 144 -160.1400 59.8300
-9.7975811379e-01 4.0524835643e-01 -1.1569570207e+01
84 69 62
2 1 100 -178.7600 77.8900 2 145 -186.9800 58.8500
-1.0394212070e+00 3.8538829179e-01 -1.1567616765e+01
74 67 59
2 1 103 -189.9100 74.1200 2 149 -198.5900 55.6900
-7.8900583934e-01 3.2137480557e-01 -1.1690959835e+01
87 84 69
2 1 106 -142.9500 61.5000 2 161 -151.0600 39.4400
-1.0180104538e+00 3.0675332842e-01 -1.1526960909e+01
160 115 113
2 1 109 -186.4200 59.4600 2 160 -194.9700 41.4500
-8.2249044935e-01 3.0950272078e-01 -1.1636679600e+01
156 51 56
2 1 110 -149.0400 59.4200 2 162 -157.7400 38.5500
-1.8215400864e-01 9.0976152995e-02 -1.2685455820e+01
97 102 68
2 1 129 -34.2800 16.6400 2 192 -51.2400 -18.6600
-7.1208049438e-01 7.9925713284e-02 -1.1622283971e+01
80 63 53
2 1 131 -128.4500 16.1600 2 578 -138.5400 -4.7400
-1.1238382879e+00 -1.4748541241e-01 -1.1495120799e+01
204 118 87
2 1 144 -207.0100 -27.0500 2 202 -218.6600 -43.0300
-1.1055488083e+00 -1.8119562364e-01 -1.1485631686e+01
181 96 79
2 1 146 -203.6200 -33.5200 2 207 -215.4500 -49.4600
-1.1098882683e+00 -2.0259720169e-01 -1.1408574862e+01
161 54 44
2 1 149 -205.2600 -37.8600 2 208 -216.6700 -52.8400
-7.6684869605e-01 -2.1034705454e-01 -1.1790547331e+01
39 24 20
2 1 150 -137.9600 -38.0600 2 210 -151.5100 -59.7900
-6.4379566518e-01 -2.4635572211e-01 -1.1765606936e+01
109 38 43
2 1 157 -115.2600 -44.8500 2 219 -128.7700 -67.0800
-1.9825232622e+00 -3.1465630192e-01 -1.1324263562e+01
85 80 92
2 1 162 -376.2200 -59.5600 2 221 -388.4100 -67.9700
-7.3321997873e-01 -3.2417957300e-01 -1.1587878288e+01
205 62 65
2 1 163 -132.8500 -60.1500 2 234 -145.0800 -79.9300
-6.9701890033e-01 -3.8405559759e-01 -1.1695362139e+01
36 23 15
2 1 168 -125.2500 -70.9600 2 239 -139.5100 -91.7900
-6.8517724018e-01 -4.1871160673e-01 -1.1702876568e+01
34 12 2
2 1 175 -123.1500 -77.3600 2 244 -137.4400 -98.4000
-6.6510753986e-01 -5.7288091809e-01 -1.1706742226e+01
115 31 40
2 1 198 -119.3100 -106.2200 2 271 -134.9000 -127.2200
-9.2771727350e-01 -6.7234242699e-01 -1.1582405799e+01
135 30 37
2 1 217 -169.3200 -126.1900 2 646 -184.8700 -144.1800
-1.9347963697e+00 -6.5678572298e-01 -1.1198487654e+01
123 118 90
2 1 220 -370.6300 -127.3400 2 278 -383.9800 -134.9100
-1.3144928616e+00 -6.8434672709e-01 -1.1368287990e+01
106 52 26
2 1 223 -245.2800 -131.0000 2 645 -260.4300 -143.9700
-1.8664948693e+00 -6.9308137386e-01 -1.1277795058e+01
164 153 121
2 1 225 -354.6600 -133.6800 2 288 -369.8600 -142.3500
-6.2956468249e-01 -7.2504576441e-01 -1.1744414260e+01
89 30 36
2 1 229 -112.6800 -134.2300 2 297 -129.4400 -155.8300
-3.0991578511e-02 -8.1862997583e-01 -1.2839794820e+01
66 118 65
2 1 233 -9.9300 -138.2900 2 315 -32.2000 -174.4900
-5.9465720975e-01 -7.6648832338e-01 -1.1878598758e+01
96 28 39
2 1 235 -106.5000 -140.1700 2 300 -123.4000 -163.7500
2.1891276991e-02 -8.4052134241e-01 -1.2852651509e+01
80 92 80
2 1 240 -1.4700 -141.7100 2 322 -23.1500 -178.6100
-7.2968919565e-01 -8.0126907893e-01 -1.1742627746e+01
106 88 64
2 1 250 -131.4700 -148.4400 2 306 -148.5500 -169.5000
-7.1571669816e-01 -8.1695132924e-01 -1.1780537496e+01
219 157 139
2 1 252 -128.8400 -150.8400 2 683 -146.0700 -172.4600
-5.8747224275e-01 -8.4510143648e-01 -1.1802419362e+01
113 50 43
2 1 259 -105.0800 -155.7300 2 320 -122.4400 -178.4000
-6.3632388386e-02 -8.8322934072e-01 -1.2108342646e+01
76 113 69
2 1 261 -10.0400 -158.6500 2 331 -30.1300 -187.2700
-2.8347067949e-01 -8.9437171879e-01 -1.2015117172e+01
99 85 71
2 1 264 -50.1100 -161.6700 2 336 -68.0200 -188.7100
-8.9779631040e-01 -8.8352595557e-01 -1.1573649077e+01
96 101 136
2 1 268 -163.6400 -166.3100 2 327 -180.8800 -184.3600
-7.7864012389e-01 -9.0253871013e-01 -1.1772183877e+01
182 146 127
2 1 270 -140.6500 -166.8600 2 335 -158.3300 -188.0900
-1.4489434453e+00 -9.1389884714e-01 -1.1268783698e+01
152 100 63
2 1 277 -272.9500 -176.9000 2 334 -289.5900 -188.0700
-1.3137913779e+00 -9.4971932743e-01 -1.1445623545e+01
38 10 4
2 1 284 -244.4500 -180.8900 2 695 -261.5900 -195.2100
-6.1876481615e-01 -9.9022753108e-01 -1.1872737226e+01
153 50 57
2 1 285 -110.9100 -181.5200 2 349 -129.4500 -204.8800
-5.4889504477e-01 -1.0041605071e+00 -1.1829660253e+01
84 35 38
2 1 290 -97.9000 -184.8000 2 355 -116.5800 -208.0000
-5.4889504477e-01 -1.0041605071e+00 -1.1829660253e+01
84 35 38
2 1 291 -97.9000 -184.8000 2 356 -116.5800 -208.0000
-1.8398845051e+00 -9.8003668665e-01 -1.1333765224e+01
160 128 104
2 1 294 -348.6200 -188.5500 2 343 -365.8200 -198.7600
-5.8756598601e-01 -1.0268538179e+00 -1.1836970240e+01
50 0 2
2 1 295 -105.0200 -188.9000 2 360 -123.9600 -211.9500
-8.7570529539e-01 -1.0281656104e+00 -1.1670790619e+01
124 126 140
2 1 296 -159.2700 -191.9400 2 359 -177.4200 -211.5600
-8.4717730065e-01 -1.0407321218e+00 -1.1597760396e+01
107 116 128
2 1 299 -153.9300 -195.6500 2 362 -172.4600 -214.3800
-7.7678474175e-01 -1.0726666310e+00 -1.1834221831e+01
209 192 164
2 1 302 -140.0400 -197.4700 2 368 -159.3600 -219.4600
-8.0495671971e-01 -1.0784355828e+00 -1.1774665643e+01
247 201 187
2 1 303 -145.5200 -199.5600 2 716 -164.5700 -220.7600
-7.9865396318e-01 -1.1215564093e+00 -1.1758035879e+01
139 117 98
2 1 316 -144.1400 -207.9700 2 386 -163.9700 -228.8700
-1.6199045500e+00 -1.1310596703e+00 -1.1431502656e+01
91 74 63
2 1 322 -303.5100 -216.0300 2 385 -322.9300 -228.6800
-6.0728958055e-01 -1.2050120832e+00 -1.1804856104e+01
111 98 80
2 1 331 -108.7500 -222.4400 2 402 -128.7100 -245.2200
-4.8452916834e-01 -1.2977908799e+00 -1.1858023877e+01
94 82 70
2 1 342 -86.3400 -238.3900 2 419 -106.5900 -262.7400
-2.7098071419e-01 -1.4159633886e+00 -1.2002494035e+01
98 87 70
2 1 361 -47.7600 -256.8400 2 453 -69.1400 -284.1200
-5.7603116110e-01 -1.4312378564e+00 -1.1834466821e+01
102 90 74
2 1 367 -103.6100 -263.4400 2 764 -123.9900 -287.5400
-5.9205817636e-01 -1.4319519371e+00 -1.1749188193e+01
145 132 115
2 1 369 -105.8700 -265.7900 2 457 -127.3800 -288.3400
-5.9205817636e-01 -1.4319519371e+00 -1.1749188193e+01
145 132 115
2 1 370 -105.8700 -265.7900 2 458 -127.3800 -288.3400
-5.9349308755e-01 -1.4790313353e+00 -1.1831935389e+01
209 196 179
2 1 377 -106.3900 -272.5000 2 776 -128.0100 -296.2400
-1.8322278597e+00 -1.4471129855e+00 -1.1148035543e+01
121 81 63
2 1 387 -351.0900 -283.8700 2 468 -372.2900 -293.0300
-1.2111144311e+00 1.4667092999e+00 -1.1419013804e+01
178 172 150
2 1 403 -223.5400 282.9500 2 491 -223.8300 263.4300
-1.1957504843e+00 1.4405644368e+00 -1.1378256140e+01
236 230 208
2 1 404 -220.7800 278.8200 2 492 -221.5300 259.9900
-1.2597462853e+00 1.4315334028e+00 -1.1393699560e+01
183 177 155
2 1 407 -233.3500 276.9100 2 493 -233.3800 258.1800
-1.2597462853e+00 1.4315334028e+00 -1.1393699560e+01
183 177 155
2 1 408 -233.3500 276.9100 2 494 -233.3800 258.1800
-1.1289352142e+00 1.3539981772e+00 -1.1457882420e+01
175 167 148
2 1 411 -207.6900 260.3900 2 502 -208.5900 240.1300
-1.1732438159e+00 1.3152642398e+00 -1.1411314918e+01
220 212 193
2 1 415 -216.6200 254.0400 2 506 -217.5500 234.9300
-1.2213669273e+00 1.2959108082e+00 -1.1399689798e+01
231 223 204
2 1 418 -226.0000 250.6300 2 507 -226.9700 232.1400
-1.1076143557e+00 1.2930660726e+00 -1.1471795472e+01
166 158 139
2 1 419 -203.4300 248.3800 2 510 -205.0200 228.1200
-1.1076143557e+00 1.2930660726e+00 -1.1471795472e+01
166 158 139
2 1 420 -203.4300 248.3800 2 511 -205.0200 228.1200
-1.0886528614e+00 1.2895122062e+00 -1.1458005980e+01
241 233 212
2 1 421 -199.8900 247.9600 2 512 -201.5200 227.7700
-1.1207538408e+00 1.2663549852e+00 -1.1443808665e+01
148 139 122
2 1 425 -206.3600 243.9200 2 40 -207.6600 224.1500
-1.0706686460e+00 1.1906154011e+00 -1.1519889738e+01
31 29 22
2 1 431 -196.1500 227.8500 2 522 -198.4900 207.0900
-1.0364955920e+00 1.1873062808e+00 -1.1622666676e+01
20 15 8
2 1 432 -188.9900 225.2400 2 812 -191.7200 202.8800
-1.2732642163e+00 1.1333063104e+00 -1.1497267058e+01
178 166 150
2 1 434 -235.3000 217.6700 2 526 -237.1700 198.8100
-1.1232475261e+00 9.9204037655e-01 -1.1443258040e+01
195 182 165
2 1 440 -206.8200 191.3100 2 75 -210.3100 172.8600
-9.1964631228e-01 6.4787988739e-01 -1.1506981482e+01
78 65 56
2 1 458 -167.5000 124.4500 2 548 -174.0500 105.0800
-9.3293033624e-01 5.8287333063e-01 -1.1520882578e+01
63 56 42
2 1 462 -170.1300 111.9900 2 115 -176.8700 92.6600
1.6160256429e-02 1.6956121302e-01 -1.2745235950e+01
6 11 9
2 1 480 -1.1100 30.1300 2 580 -17.3700 -7.4700
-7.5952388193e-01 1.4403967779e-01 -1.1695809633e+01
193 46 54
2 1 482 -136.9200 28.0500 2 174 -147.3600 6.5800
-7.6667501839e-01 1.0931093951e-01 -1.1656046862e+01
207 67 71
2 1 484 -138.2600 21.5600 2 576 -149.0000 0.7900
-8.2098281086e-01 5.8930231394e-02 -1.1640049228e+01
208 46 51
2 1 487 -148.4200 12.0800 2 856 -159.6400 -7.9400
-8.0011986271e-01 -2.8360501472e-02 -1.1697522067e+01
237 72 79
2 1 497 -144.4500 -4.2800 2 582 -156.2700 -25.0400
-9.1825862492e-01 -4.3909345307e-02 -1.1639174653e+01
157 40 39
2 1 499 -166.9400 -7.2000 2 195 -178.4900 -26.4800
-1.2772089742e+00 -1.6871704297e-01 -1.1345293526e+01
22 21 17
2 1 505 -237.9400 -31.5800 2 587 -249.4600 -44.5000
-7.7338572699e-01 -2.4853064919e-01 -1.1812128253e+01
46 42 22
2 1 511 -139.5900 -44.9100 2 218 -152.5500 -67.1200
-6.5317683117e-01 -2.6590372706e-01 -1.1763099055e+01
46 24 11
2 1 513 -117.0100 -48.5000 2 595 -130.6400 -70.6100
-1.9913937617e+00 -3.3776233529e-01 -1.1330876572e+01
80 77 102
2 1 516 -377.8600 -63.9900 2 596 -390.1700 -72.4700
-6.7409420700e-01 -3.9627957703e-01 -1.1663102861e+01
80 67 56
2 1 521 -121.1600 -73.4200 2 605 -135.0700 -94.1000
-7.4753033480e-01 -4.5170218693e-01 -1.1687278052e+01
165 65 68
2 1 527 -134.7400 -83.6900 2 249 -149.4300 -104.0400
-6.7564793229e-01 -4.5485251313e-01 -1.1719032057e+01
46 22 14
2 1 530 -121.3600 -84.0000 2 611 -135.9500 -105.2600
-7.3015400472e-01 -4.5608691556e-01 -1.1711162726e+01
41 8 3
2 1 531 -131.4900 -84.3100 2 610 -146.1900 -105.0900
-9.1802540822e-01 -4.7254487671e-01 -1.1609637650e+01
164 33 38
2 1 532 -167.5800 -88.0600 2 612 -181.2200 -106.7100
-6.9876548762e-01 -4.7672076008e-01 -1.1735778709e+01
57 13 8
2 1 533 -125.6300 -87.9600 2 616 -140.4800 -109.2400
-9.5132477722e-01 -4.7886442951e-01 -1.1488298699e+01
33 30 29
2 1 534 -174.0900 -90.4200 2 613 -188.3100 -107.0100
-1.9888300673e+00 -5.3058732771e-01 -1.1415532649e+01
70 68 60
2 1 542 -374.8900 -100.7700 2 618 -390.1400 -110.1800
-1.7947706505e+00 -5.3903748322e-01 -1.1469963865e+01
96 90 80
2 1 545 -336.2300 -101.9200 2 620 -351.3500 -113.2200
-1.9329722263e+00 -5.5284542711e-01 -1.1372644995e+01
133 126 109
2 1 546 -365.3200 -105.4200 2 622 -380.0000 -114.7600
-1.7959357832e+00 -5.5407141114e-01 -1.1389979129e+01
132 125 115
2 1 547 -338.3100 -105.5200 2 894 -352.8600 -115.9000
-1.8178764169e+00 -5.5906371588e-01 -1.1382824685e+01
69 60 51
2 1 549 -342.7900 -106.5300 2 625 -357.2500 -116.7300
-1.8435291262e+00 -5.9681527925e-01 -1.1395871648e+01
126 109 90
2 1 559 -347.4300 -113.7000 2 636 -362.4400 -123.9000
-1.3530213878e+00 -6.0427264168e-01 -1.1354893306e+01
88 75 63
2 1 560 -253.0900 -115.6200 2 637 -267.2100 -128.2800
-7.2827054041e-01 -6.5152737794e-01 -1.1762473730e+01
162 58 49
2 1 563 -131.0600 -120.3200 2 644 -147.3200 -141.5900
-7.8225002277e-01 -6.7896497503e-01 -1.1661975623e+01
230 196 158
2 1 565 -141.5300 -126.5300 2 647 -157.4000 -146.3500
-8.0102808215e-01 -7.0145373154e-01 -1.1661466729e+01
206 173 140
2 1 566 -145.0100 -130.7800 2 652 -161.1500 -150.4400
-7.3755429619e-01 -7.1432480754e-01 -1.1716458816e+01
234 176 160
2 1 568 -132.9000 -132.5600 2 655 -149.4400 -153.2100
-1.7790893310e+00 -6.8775717592e-01 -1.1189539629e+01
166 107 94
2 1 569 -339.1200 -133.8200 2 643 -354.3100 -141.6600
-1.4542137487e+00 -7.1375689488e-01 -1.1249118269e+01
142 104 68
2 1 574 -274.1600 -138.1800 2 650 -289.2300 -148.7900
-7.5018721188e-01 -7.5689903762e-01 -1.1724456791e+01
84 71 44
2 1 576 -135.3400 -140.3900 2 667 -152.0300 -161.1200
-5.5182509134e-01 -7.7115153281e-01 -1.1876454501e+01
66 50 35
2 1 578 -98.7000 -141.0200 2 671 -115.4500 -164.8900
-5.7980369344e-01 -7.7436607700e-01 -1.1865001754e+01
32 15 6
2 1 580 -103.7900 -141.7800 2 673 -120.6400 -165.3100
-5.4510787246e-01 -8.1077205740e-01 -1.1879427516e+01
76 60 44
2 1 587 -97.4200 -148.3000 2 684 -114.5500 -172.2000
-7.3587829351e-01 -8.4710704059e-01 -1.1774303518e+01
85 68 47
2 1 590 -132.7700 -156.4800 2 920 -149.8700 -178.0300
-1.9354891167e+00 -8.2345307679e-01 -1.1132218474e+01
146 107 72
2 1 595 -371.9300 -161.1900 2 676 -387.4900 -167.8200
-8.1795217880e-01 -9.5665624954e-01 -1.1741153911e+01
173 36 31
2 1 600 -148.0300 -177.4400 2 697 -166.1200 -198.0700
-7.2599699743e-01 -9.7591086013e-01 -1.1752651663e+01
207 182 153
2 1 603 -130.9000 -180.8100 2 700 -149.0200 -202.1500
-8.7066272171e-01 -9.7084204554e-01 -1.1602370178e+01
149 151 178
2 1 605 -158.4600 -182.3400 2 699 -176.2700 -201.0100
-2.0586854013e-01 -1.0122088638e+00 -1.2039822840e+01
52 45 29
2 1 606 -35.9800 -182.7700 2 705 -55.1400 -210.3800
-1.5669165975e+00 -9.4526392938e-01 -1.1257296950e+01
67 65 45
2 1 607 -296.8200 -183.0400 2 692 -312.7300 -193.8000
-6.6296223051e-01 -1.0301619461e+00 -1.1907907399e+01
237 220 194
2 1 610 -118.9300 -188.3500 2 708 -138.0700 -211.8100
-6.9741128570e-01 -1.0237535238e+00 -1.1785006634e+01
221 182 157
2 1 611 -125.4300 -189.2100 2 706 -144.1800 -211.0500
-7.2020547214e-01 -1.0332125415e+00 -1.1866185779e+01
127 92 71
2 1 613 -129.7500 -189.5400 2 710 -148.3700 -212.3600
-1.8408115393e+00 -9.7334885598e-01 -1.1187026295e+01
179 138 118
2 1 614 -352.1100 -189.7700 2 342 -368.6100 -198.0900
-6.8140367860e-01 -1.0417516531e+00 -1.1880377463e+01
147 78 67
2 1 616 -122.1600 -191.0100 2 711 -141.6900 -213.9200
-7.4251639696e-01 -1.0677359060e+00 -1.1827008205e+01
136 40 38
2 1 618 -134.0400 -196.5600 2 714 -152.6300 -218.8900
-6.9587365770e-01 -1.0778049717e+00 -1.1862961814e+01
174 67 65
2 1 620 -125.1100 -197.8700 2 371 -144.3400 -220.7100
-5.4943636027e-01 -1.1029380838e+00 -1.1919999081e+01
71 39 29
2 1 622 -98.3400 -201.3900 2 958 -117.4800 -225.8600
-5.3886517938e-01 -1.1615677683e+00 -1.1980024758e+01
66 54 38
2 1 628 -97.0000 -210.8600 2 726 -115.6600 -236.5000
-7.2759667644e-01 -1.1600429698e+00 -1.1791979795e+01
172 57 59
2 1 631 -131.1400 -214.3700 2 725 -150.7000 -236.3200
-6.9087974530e-01 -1.1669424218e+00 -1.1734992307e+01
107 36 32
2 1 634 -124.3100 -216.7500 2 729 -143.9000 -238.1900
-6.0096586992e-01 -1.1897687668e+00 -1.1823067475e+01
246 232 213
2 1 636 -107.5300 -219.2800 2 733 -127.5300 -242.2500
-7.4188860516e-01 -1.1940448315e+00 -1.1755120738e+01
123 100 82
2 1 640 -133.9100 -221.3900 2 401 -153.5500 -242.9000
-5.8959968709e-01 -1.2187928722e+00 -1.1818760336e+01
239 223 200
2 1 643 -105.4300 -224.7300 2 736 -125.6100 -247.7500
-1.6122652760e+00 -1.1785768931e+00 -1.1286830566e+01
127 110 101
2 1 648 -304.4600 -228.1600 2 730 -324.0700 -239.0600
-7.8519967048e-01 -1.3241146191e+00 -1.1907492723e+01
241 228 211
2 1 652 -141.4500 -242.4300 2 743 -162.7300 -265.5500
-7.8519967048e-01 -1.3241146191e+00 -1.1907492723e+01
241 228 211
2 1 653 -141.4500 -242.4300 2 744 -162.7300 -265.5500
-7.6534326288e-01 -1.3257186933e+00 -1.1888159785e+01
105 92 73
2 1 656 -137.9100 -243.1000 2 745 -159.0000 -266.1600
-7.6534326288e-01 -1.3257186933e+00 -1.1888159785e+01
105 92 73
2 1 657 -137.9100 -243.1000 2 746 -159.0000 -266.1600
-3.5962266556e-01 -1.3733436405e+00 -1.1970224037e+01
117 104 86
2 1 661 -63.4900 -249.9200 2 435 -85.0600 -276.1000
-1.1739064313e+00 -1.4643616405e+00 -1.1689636018e+01
96 78 66
2 1 675 -215.6000 -273.3500 2 770 -236.7800 -292.6000
-1.7040077803e+00 -1.4319454683e+00 -1.1193430691e+01
157 96 91
2 1 683 -324.8800 -279.6400 2 463 -345.4700 -290.0500
-1.2473752577e+00 1.5114771145e+00 -1.1391143462e+01
162 155 136
2 1 705 -230.8600 292.3200 2 782 -230.5200 273.1900
-1.2073564013e+00 1.5168214977e+00 -1.1417915526e+01
164 158 136
2 1 706 -222.9600 292.6400 2 783 -222.5900 272.7600
-1.2073564013e+00 1.5168214977e+00 -1.1417915526e+01
164 158 136
2 1 707 -222.9600 292.6400 2 784 -222.5900 272.7600
-1.2355518176e+00 1.4668973943e+00 -1.1426491030e+01
235 229 207
2 1 710 -228.3400 282.8900 2 786 -228.2700 263.3500
-1.1672520234e+00 1.4024106332e+00 -1.1420774040e+01
155 147 126
2 1 714 -215.1600 270.5100 2 495 -215.8900 250.9200
-1.1672520234e+00 1.4024106332e+00 -1.1420774040e+01
155 147 126
2 1 715 -215.1600 270.5100 2 496 -215.8900 250.9200
-1.2800733781e+00 1.3403228795e+00 -1.1401759274e+01
178 172 150
2 1 717 -237.1300 259.1700 2 788 -238.0000 240.9800
-1.2800733781e+00 1.3403228795e+00 -1.1401759274e+01
178 172 150
2 1 718 -237.1300 259.1700 2 789 -238.0000 240.9800
-1.2010704949e+00 1.3354385257e+00 -1.1434144359e+01
157 149 130
2 1 719 -221.6300 257.4200 2 794 -222.7000 238.1900
-1.2280433504e+00 1.3158072582e+00 -1.1411607529e+01
156 148 129
2 1 721 -227.0200 254.1700 2 795 -228.1600 235.5600
-1.2280433504e+00 1.3158072582e+00 -1.1411607529e+01
156 148 129
2 1 722 -227.0200 254.1700 2 796 -228.1600 235.5600
-1.2515608420e+00 1.2940237503e+00 -1.1395859859e+01
158 150 129
2 1 723 -231.8300 250.3800 2 797 -232.8200 232.2000
-1.0587034487e+00 1.2796049540e+00 -1.1547404843e+01
220 216 199
2 1 725 -193.6500 244.2100 2 516 -195.4800 222.5800
-1.2859872565e+00 1.2332576919e+00 -1.1358324882e+01
234 226 205
2 1 726 -238.8400 239.4700 2 802 -240.2300 222.3900
-1.2859872565e+00 1.2332576919e+00 -1.1358324882e+01
234 226 205
2 1 727 -238.8400 239.4700 2 801 -240.2300 222.3900
-1.0837664252e+00 1.2528176530e+00 -1.1526153274e+01
242 235 215
2 1 728 -198.5700 239.5800 2 804 -200.4900 218.5500
-1.0606151278e+00 1.2499258848e+00 -1.1541752483e+01
36 32 20
2 1 729 -194.0300 238.6800 2 805 -196.1100 217.3000
-1.0517050370e+00 1.1882740607e+00 -1.1531852227e+01
197 190 179
2 1 731 -192.3800 227.1300 2 809 -194.9600 206.1300
-1.0517050370e+00 1.1882740607e+00 -1.1531852227e+01
197 190 179
2 1 732 -192.3800 227.1300 2 810 -194.9600 206.1300
-1.2495985366e+00 1.0902613629e+00 -1.1400054037e+01
165 154 136
2 1 735 -231.5500 211.0800 2 814 -233.9100 193.7000
-1.2114931345e+00 9.3554167895e-01 -1.1429966022e+01
230 217 200
2 1 743 -224.0000 180.8000 2 532 -227.5700 163.3500
-1.1294294522e+00 8.9376858053e-01 -1.1433296701e+01
108 93 70
2 1 745 -208.1700 172.6300 2 821 -212.2300 154.7300
-1.1294294522e+00 8.9376858053e-01 -1.1433296701e+01
108 93 70
2 1 746 -208.1700 172.6300 2 822 -212.2300 154.7300
-9.2949969462e-01 6.1540717219e-01 -1.1539404927e+01
71 61 49
2 1 754 -169.3000 117.9800 2 833 -176.0300 98.3200
-7.9317471038e-01 4.8064307757e-01 -1.1634930527e+01
96 84 72
2 1 757 -142.7900 91.4400 2 552 -151.7200 70.3300
-7.9553655426e-01 4.4910301852e-01 -1.1610918169e+01
48 38 29
2 1 759 -143.7200 85.7900 2 555 -151.9600 64.8300
-1.0061696007e+00 4.2095772186e-01 -1.1518042657e+01
255 252 239
2 1 761 -184.1300 81.2300 2 556 -191.9600 62.9700
-9.9012063083e-01 3.8260956645e-01 -1.1565595657e+01
32 25 17
2 1 763 -180.8300 73.6500 2 838 -189.0400 54.7500
-8.4141493984e-01 3.8342022919e-01 -1.1620180122e+01
100 93 81
2 1 764 -152.0900 73.2800 2 840 -161.3100 52.9000
-1.0235796293e+00 3.6921307083e-01 -1.1529428783e+01
32 27 21
2 1 766 -187.4800 71.3500 2 839 -195.5200 53.1500
-2.3447887416e-01 -4.9237937882e-03 -1.2623863440e+01
65 71 45
2 1 781 -43.5500 0.2900 2 584 -59.6400 -34.2300
-8.7960561284e-01 -2.9128704766e-02 -1.1649105018e+01
223 63 67
2 1 783 -159.7700 -4.3700 2 860 -170.9500 -24.1600
-7.9948122788e-01 -7.0033833720e-02 -1.1653597481e+01
223 64 73
2 1 785 -144.4800 -12.1600 2 863 -156.4200 -32.3000
-8.3869009339e-01 -1.1990672492e-01 -1.1692761411e+01
194 39 48
2 1 786 -151.9500 -21.3600 2 865 -163.9000 -41.8000
-1.1599188415e+00 -1.5706385717e-01 -1.1441259197e+01
97 73 50
2 1 788 -214.4200 -29.0300 2 586 -225.9300 -44.0700
-8.7778669796e-01 -1.8751328023e-01 -1.1745074739e+01
24 37 24
2 1 789 -158.8000 -33.9300 2 868 -171.9300 -54.4700
-6.2524001954e-01 -1.8894653316e-01 -1.1707250456e+01
201 36 52
2 1 790 -111.7200 -34.4000 2 1047 -124.8300 -56.0700
-7.3442703903e-01 -2.0103239777e-01 -1.1752623727e+01
36 0 10
2 1 791 -131.9700 -36.4900 2 869 -145.4200 -57.9500
-1.5906450654e+00 -3.0366226021e-01 -1.1273872956e+01
157 151 139
2 1 793 -300.6400 -57.8400 2 873 -312.0400 -68.0400
-1.6252566171e+00 -3.1953031937e-01 -1.1269593475e+01
122 115 104
2 1 795 -307.4200 -60.9700 2 876 -319.1200 -70.8400
-1.8769063045e+00 -3.3042639061e-01 -1.1354485770e+01
96 93 124
2 1 796 -354.5900 -62.5700 2 877 -367.5300 -71.8500
-1.8005956644e-01 -3.8080170567e-01 -1.2953528208e+01
43 41 37
2 1 797 -35.9000 -63.1000 2 607 -55.6600 -100.2400
-1.8158076166e+00 -3.7916704608e-01 -1.1425203540e+01
113 109 97
2 1 803 -341.7700 -71.4000 2 600 -354.2200 -82.3200
-9.7178400358e-01 -3.9075973890e-01 -1.1583072350e+01
31 23 21
2 1 804 -177.5000 -72.9100 2 604 -191.2200 -90.7000
-1.9820214256e+00 -3.8982241259e-01 -1.1325330867e+01
42 38 30
2 1 805 -376.3000 -74.1100 2 1053 -388.7900 -82.6500
-6.9955111912e-01 -4.7899997691e-01 -1.1736679108e+01
50 8 4
2 1 814 -125.7700 -88.3800 2 891 -140.6500 -109.6600
-7.1643329095e-01 -4.9872907877e-01 -1.1739199085e+01
47 4 3
2 1 818 -128.8900 -92.0500 2 892 -143.9700 -113.2200
-1.5816231964e+00 -4.9790410025e-01 -1.1389998502e+01
143 137 124
2 1 819 -296.3900 -94.8300 2 887 -310.9100 -106.2600
-1.8150313410e+00 -5.1306465607e-01 -1.1401095027e+01
120 114 102
2 1 820 -341.7300 -97.5100 2 888 -356.0800 -107.8800
-1.9602112492e+00 -5.2450858126e-01 -1.1371547346e+01
74 71 63
2 1 821 -370.6100 -99.9500 2 889 -385.1400 -109.0800
-1.8396784354e+00 -5.5478692451e-01 -1.1376308665e+01
255 254 242
2 1 824 -347.2100 -105.7500 2 893 -361.5500 -115.7600
-1.2825034438e+00 -5.5102065992e-01 -1.1300040659e+01
48 47 45
2 1 825 -239.7100 -105.9800 2 896 -253.8300 -118.1200
-2.0045010095e+00 -5.7616883118e-01 -1.1414159755e+01
199 91 65
2 1 830 -377.9900 -109.5600 2 897 -393.6300 -118.9000
-1.3231456392e+00 -5.9011553107e-01 -1.1296327639e+01
97 75 58
2 1 832 -247.7800 -113.5800 2 898 -262.0400 -125.4900
-9.3918046965e-01 -6.3370334029e-01 -1.1621705941e+01
34 32 31
2 1 836 -171.1500 -118.4900 2 902 -186.7900 -136.8200
-6.5719681812e-01 -6.6077514974e-01 -1.1757992081e+01
219 64 73
2 1 837 -117.9800 -122.0400 2 907 -134.0000 -143.7800
-1.3159669532e+00 -6.4819552543e-01 -1.1362127345e+01
197 156 115
2 1 838 -245.7000 -124.0700 2 903 -260.4100 -136.9800
-1.4470419422e+00 -6.5020510278e-01 -1.1325456230e+01
95 36 18
2 1 841 -271.7200 -124.8500 2 901 -286.3100 -136.5400
-1.3350197547e+00 -6.7282169827e-01 -1.1362470737e+01
102 51 21
2 1 842 -249.2700 -128.8600 2 905 -264.4400 -141.5900
-1.3350197547e+00 -6.7282169827e-01 -1.1362470737e+01
102 51 21
2 1 843 -249.2700 -128.8600 2 906 -264.4400 -141.5900
-1.8973840503e+00 -6.6579581095e-01 -1.1196502610e+01
121 115 93
2 1 845 -362.7000 -129.3000 2 900 -377.2100 -136.7300
-7.3332501038e-01 -7.4358361885e-01 -1.1720396787e+01
215 180 156
2 1 848 -132.0800 -137.9900 2 661 -148.8900 -158.6900
-6.7548626298e-01 -7.8121946059e-01 -1.1850006996e+01
207 188 171
2 1 853 -121.2400 -143.3200 2 916 -138.5200 -165.9600
-1.8712434685e+00 -7.4033142483e-01 -1.1206319189e+01
125 95 48
2 1 854 -357.0800 -143.8800 2 909 -372.7300 -151.5400
-7.3088659739e-01 -7.7651360771e-01 -1.1735908913e+01
229 199 173
2 1 855 -131.7000 -143.9100 2 915 -148.5900 -164.8800
-5.7425940369e-01 -8.1777807065e-01 -1.1873581335e+01
19 8 1
2 1 858 -102.8800 -149.6400 2 919 -119.8500 -173.3700
-7.9882328620e-01 -8.1739097458e-01 -1.1657826677e+01
166 54 47
2 1 860 -144.6900 -152.5900 2 678 -161.5200 -172.2700
-1.4539215273e+00 -7.9494362472e-01 -1.1284619560e+01
148 102 64
2 1 861 -273.6300 -153.5100 2 912 -289.4100 -164.6900
-1.4539215273e+00 -7.9494362472e-01 -1.1284619560e+01
148 102 64
2 1 862 -273.6300 -153.5100 2 913 -289.4100 -164.6900
-6.8337172966e-01 -8.6757655763e-01 -1.1865627187e+01
169 50 48
2 1 864 -122.7200 -159.0500 2 924 -140.5900 -181.8500
-6.8337172966e-01 -8.6757655763e-01 -1.1865627187e+01
169 50 48
2 1 865 -122.7200 -159.0500 2 925 -140.5900 -181.8500
-7.6244870733e-01 -8.7499304251e-01 -1.1791288298e+01
118 103 74
2 1 866 -137.7000 -161.4200 2 926 -155.0100 -183.0400
-5.0296648140e-02 -9.0528847407e-01 -1.2071705175e+01
36 36 25
2 1 867 -7.5300 -163.0700 2 933 -27.2600 -191.5100
-9.8819736470e-01 -8.8788170943e-01 -1.1614756681e+01
43 42 37
2 1 868 -180.7400 -166.4600 2 690 -197.7700 -184.6400
-7.2693805045e-01 -9.0249545916e-01 -1.1754390743e+01
140 114 90
2 1 870 -131.0500 -167.1100 2 930 -148.6800 -188.4200
-1.4518653159e+00 -8.7494827051e-01 -1.1274031215e+01
141 104 66
2 1 871 -273.4700 -169.2200 2 921 -289.7400 -180.4100
-6.9888042579e-01 -9.3540837676e-01 -1.1776866077e+01
217 191 162
2 1 873 -125.7100 -172.9200 2 693 -143.8000 -194.6100
-6.9888042579e-01 -9.3540837676e-01 -1.1776866077e+01
217 191 162
2 1 874 -125.7100 -172.9200 2 694 -143.8000 -194.6100
-6.7463813132e-01 -9.4610868218e-01 -1.1782997974e+01
138 53 43
2 1 875 -121.0500 -174.8600 2 935 -139.5200 -196.6600
-6.5552689518e-01 -1.0519154621e+00 -1.1915778506e+01
152 66 58
2 1 881 -117.4000 -192.2700 2 948 -137.0300 -215.7600
-7.5328487935e-01 -1.0512536495e+00 -1.1840055104e+01
212 201 173
2 1 884 -135.7700 -193.3700 2 945 -154.7500 -215.6100
-7.5328487935e-01 -1.0512536495e+00 -1.1840055104e+01
212 201 173
2 1 885 -135.7700 -193.3700 2 946 -154.7500 -215.6100
-5.5386283751e-01 -1.0600837798e+00 -1.1858423014e+01
223 72 71
2 1 886 -98.7200 -194.7000 2 1093 -118.1300 -218.1400
-6.1860534334e-01 -1.0615435988e+00 -1.1877732337e+01
154 36 42
2 1 887 -110.4600 -194.7300 2 1092 -130.3600 -217.8800
-1.4109820450e+00 -1.0294528303e+00 -1.1436274691e+01
104 48 25
2 1 889 -263.3400 -196.3400 2 703 -281.1400 -210.1400
-1.8344935098e+00 -1.0035994562e+00 -1.1119296909e+01
166 133 110
2 1 890 -351.9300 -197.0700 2 938 -369.3500 -204.3200
5.7590961268e-02 -1.1147641511e+00 -1.2189508889e+01
69 52 27
2 1 891 10.4100 -198.8000 2 720 -10.3400 -229.3700
-7.8369095648e-01 -1.1115636370e+00 -1.1811057012e+01
213 197 175
2 1 898 -141.4000 -205.0800 2 960 -160.9100 -226.8100
-1.7294687724e+00 -1.0666858744e+00 -1.1253911203e+01
113 98 82
2 1 899 -328.5500 -206.8800 2 950 -346.3000 -216.7700
-7.6150720060e-01 -1.1271423052e+00 -1.1780285923e+01
158 56 46
2 1 901 -137.3700 -208.5200 2 962 -156.8700 -230.0400
-6.1249336306e-01 -1.1575472252e+00 -1.1815471715e+01
248 241 216
2 1 906 -109.6700 -213.4600 2 964 -129.4100 -236.2500
-3.1053064489e-01 -1.1870953567e+00 -1.2017250103e+01
83 73 51
2 1 907 -55.2000 -214.8500 2 734 -74.7400 -241.9600
-6.9982076462e-01 -1.1978186158e+00 -1.1785005513e+01
88 70 55
2 1 908 -125.8700 -221.5500 2 967 -145.9100 -243.5300
-9.3606194552e-01 -1.2654844753e+00 -1.1517777130e+01
91 77 66
2 1 914 -172.2000 -239.4900 2 415 -190.2800 -257.7900
-8.3665608391e-01 -1.3512568850e+00 -1.1841584988e+01
41 29 15
2 1 916 -150.9800 -248.9200 2 1111 -172.6800 -270.9400
-8.0612914807e-01 -1.3827134711e+00 -1.1772058569e+01
44 31 15
2 1 919 -145.6300 -256.2400 2 437 -167.1800 -277.7500
-8.0612914807e-01 -1.3827134711e+00 -1.1772058569e+01
44 31 15
2 1 920 -145.6300 -256.2400 2 438 -167.1800 -277.7500
-1.5468891547e+00 -1.3983441329e+00 -1.1561270539e+01
135 118 124
2 1 928 -287.8800 -264.0900 2 980 -308.8000 -279.7300
-1.2336265369e+00 1.2793707460e+00 -1.1405186766e+01
235 227 206
2 1 953 -228.2900 247.3400 2 798 -229.4300 228.9600
-1.2336265369e+00 1.2793707460e+00 -1.1405186766e+01
235 227 206
2 1 954 -228.2900 247.3400 2 799 -229.4300 228.9600
-1.2647024425e+00 1.1760831832e+00 -1.1393078355e+01
164 156 137
2 1 957 -234.4800 227.7500 2 992 -236.2200 210.2200
-1.2159793949e+00 1.1816010173e+00 -1.1755943535e+01
186 175 155
2 1 958 -221.8700 221.9800 2 813 -224.3900 199.1000
-1.1525078450e+00 9.1173166267e-01 -1.1436116496e+01
241 226 205
2 1 966 -212.5700 176.0600 2 999 -216.4900 158.2200
-1.2198999478e+00 9.0114969419e-01 -1.1412133255e+01
229 218 198
2 1 967 -225.5800 174.4000 2 820 -229.7800 157.5300
-1.6397499230e+00 7.5790592555e-01 -1.1306438394e+01
64 52 38
2 1 971 -308.6600 148.6300 2 1135 -312.9200 136.6800
-1.6924256319e+00 7.0915367650e-01 -1.1306200991e+01
64 52 36
2 1 974 -318.9100 139.1900 2 825 -323.6500 127.8100
-9.2107150534e-01 4.5981621935e-01 -1.1557576360e+01
101 93 82
2 1 982 -167.7800 88.3100 2 1019 -175.4200 68.7900
-8.8144000201e-01 4.4947644239e-01 -1.1619794509e+01
46 36 24
2 1 984 -159.7600 85.8200 2 1020 -168.2100 65.4200
-8.6511583643e-01 4.0910034431e-01 -1.1617411050e+01
55 45 31
2 1 985 -156.9800 78.2900 2 1021 -165.1600 57.7500
-8.3880852450e-01 3.4329939345e-01 -1.1583539165e+01
34 29 24
2 1 988 -151.8900 65.9400 2 1023 -160.9600 46.0300
-8.3824916870e-02 4.4292461808e-02 -1.2984337283e+01
104 127 119
2 1 997 -19.6600 8.5700 2 1154 -37.6300 -30.2600
-1.2487754591e+00 1.7996652586e-03 -1.1455374811e+01
114 99 79
2 1 998 -231.4400 1.5400 2 1040 -241.5300 -13.4400
-8.1461619301e-01 -1.0855772607e-03 -1.1670885855e+01
209 46 54
2 1 999 -147.1400 0.7900 2 1041 -158.8800 -19.5300
-1.8965044158e+00 -2.6706191194e-01 -1.1298079629e+01
148 139 129
2 1 1012 -360.0500 -50.4600 2 1048 -371.5000 -59.0900
-1.9631440405e+00 -2.7970996439e-01 -1.1235508623e+01
144 132 120
2 1 1013 -374.2500 -53.3200 2 1157 -386.3800 -60.4600
-7.3253606671e-01 -3.5007888605e-01 -1.1643430769e+01
16 9 5
2 1 1015 -132.0800 -64.8800 2 880 -145.7500 -84.9500
-1.9545833289e+00 -5.5633964483e-01 -1.1364847940e+01
36 17 11
2 1 1022 -369.8100 -106.1400 2 1060 -384.3300 -115.3100
-1.0075194698e+00 -5.8008442585e-01 -1.1576958096e+01
39 36 35
2 1 1023 -184.3600 -108.8100 2 1065 -199.4400 -126.2000
-7.0245807892e-01 -6.0715727240e-01 -1.1780250776e+01
45 5 4
2 1 1025 -126.2100 -111.8800 2 1068 -142.2400 -133.5300
5.2612038478e-01 -6.9376036072e-01 -1.3162982314e+01
36 39 35
2 1 1027 79.7100 -113.9700 2 1073 56.4600 -156.3100
-1.8688773442e+00 -6.3380590130e-01 -1.1300220658e+01
165 155 123
2 1 1030 -354.8200 -121.8100 2 1067 -369.1700 -130.8300
-6.7057380010e-01 -6.8731443739e-01 -1.1757157112e+01
43 2 6
2 1 1031 -120.2500 -127.0700 2 1071 -136.9000 -148.5500
-6.4637029098e-01 -7.8912216641e-01 -1.1866192477e+01
35 6 2
2 1 1039 -115.9400 -144.5400 2 1075 -133.1500 -167.6000
-7.0835941674e-01 -8.5266721651e-01 -1.1862498881e+01
244 229 203
2 1 1042 -127.3800 -156.3300 2 1077 -145.0500 -178.9800
-5.2668598739e-01 -9.8915687266e-01 -1.1815912798e+01
18 12 9
2 1 1049 -93.8000 -182.2300 2 1085 -112.2800 -205.4100
-7.0070649125e-01 -9.8821831059e-01 -1.1729561456e+01
69 52 32
2 1 1051 -126.1100 -183.5100 2 1084 -144.4600 -204.6500
-1.0893218073e+00 -9.7380096360e-01 -1.1490336552e+01
73 65 60
2 1 1052 -200.7700 -184.7800 2 1080 -218.3500 -200.8500
-1.0893218073e+00 -9.7380096360e-01 -1.1490336552e+01
73 65 60
2 1 1053 -200.7700 -184.7800 2 1081 -218.3500 -200.8500
-8.3898723845e-01 -9.9161017843e-01 -1.1527772095e+01
178 46 45
2 1 1055 -152.6600 -187.5400 2 1083 -170.5700 -205.4300
-1.8625856677e+00 -9.7867062427e-01 -1.1171086927e+01
140 107 90
2 1 1056 -356.7000 -191.1200 2 936 -373.4000 -199.0700
-1.3569323549e+00 -1.0434346834e+00 -1.1456144960e+01
187 107 62
2 1 1058 -252.7300 -198.6400 2 1089 -270.5200 -213.0500
-7.2037710421e-01 -1.1833302549e+00 -1.1752482817e+01
255 232 215
2 1 1066 -129.8700 -219.4500 2 1099 -149.4800 -241.0100
-7.5329235056e-01 -1.1924843166e+00 -1.1696095999e+01
122 89 72
2 1 1068 -136.2200 -222.2400 2 1100 -155.5900 -243.0300
-1.3073842932e+00 -1.1828650008e+00 -1.1564217213e+01
32 23 16
2 1 1069 -242.1800 -223.0800 2 1197 -260.8900 -239.5000
-1.6322611068e+00 -1.2108783226e+00 -1.1225858221e+01
151 69 75
2 1 1071 -309.8400 -235.6500 2 1102 -328.8900 -245.9700
-1.6711519199e+00 -1.2226084614e+00 -1.1235365090e+01
149 69 70
2 1 1072 -317.1600 -237.7900 2 1103 -336.7300 -247.9600
-1.7094559720e+00 -1.2318828813e+00 -1.1217228994e+01
151 69 70
2 1 1073 -325.1800 -239.9700 2 1104 -344.6100 -249.8100
-1.7481548462e+00 -1.2446584296e+00 -1.1230060258e+01
150 69 67
2 1 1074 -332.4200 -242.2300 2 1106 -352.3400 -251.9900
-5.1229347194e-01 -1.3996735460e+00 -1.1828882040e+01
229 221 202
2 1 1078 -91.3400 -257.8700 2 1113 -112.3900 -281.8400
-5.1229347194e-01 -1.3996735460e+00 -1.1828882040e+01
229 221 202
2 1 1079 -91.3400 -257.8700 2 1114 -112.3900 -281.8400
-7.1645476036e-01 -1.4484026402e+00 -1.1890228805e+01
241 229 206
2 1 1084 -128.9600 -265.5900 2 1118 -150.7900 -289.2000
-1.4789386670e+00 -1.4235243303e+00 -1.1633682372e+01
50 35 32
2 1 1087 -273.5300 -267.2300 2 983 -295.3900 -283.9300
-1.8177897408e+00 -1.4402401482e+00 -1.1158832098e+01
107 66 46
2 1 1095 -348.0300 -282.2200 2 985 -369.0700 -291.5900
-1.1997784761e+00 1.2826226180e+00 -1.1438970297e+01
185 177 158
2 1 1109 -221.3800 247.1900 2 1122 -222.8000 228.1200
-1.1997784761e+00 1.2826226180e+00 -1.1438970297e+01
185 177 158
2 1 1110 -221.3800 247.1900 2 1123 -222.8000 228.1200
-1.1163026449e+00 1.2766984953e+00 -1.1484601362e+01
174 165 148
2 1 1111 -204.8700 244.9600 2 1124 -206.8600 224.7500
-1.1000588346e+00 1.1203871579e+00 -1.1506403293e+01
180 171 157
2 1 1114 -201.8200 214.7400 2 993 -204.6800 194.7300
-1.1285659316e+00 9.4426501868e-01 -1.1456990117e+01
137 122 101
2 1 1115 -207.7600 181.9500 2 996 -211.6000 163.5400
-1.1285659316e+00 9.4426501868e-01 -1.1456990117e+01
137 122 101
2 1 1116 -207.7600 181.9500 2 997 -211.6000 163.5400
-1.1038683778e+00 8.8903508652e-01 -1.1462245503e+01
243 231 209
2 1 1117 -203.0700 171.2900 2 1128 -207.2200 152.8100
9.7548698570e-01 1.0950217734e+00 -1.4250182588e+01
100 32 33
2 1 1118 134.7700 168.4200 2 1140 113.9400 109.4700
-1.1307431086e+00 8.3969494647e-01 -1.1464848337e+01
27 22 13
2 1 1121 -208.0900 161.8000 2 1130 -212.8200 143.7500
-1.5877953533e+00 7.9694172737e-01 -1.1127539185e+01
31 24 11
2 1 1123 -301.8100 158.6500 2 1002 -304.5900 148.6000
-1.7603241107e+00 7.9872768711e-01 -1.1360706448e+01
70 58 42
2 1 1124 -331.0600 155.9600 2 1129 -335.2700 144.0200
-1.9204464719e+00 7.9727008719e-01 -1.1465914681e+01
70 59 41
2 1 1125 -359.8000 154.4500 2 1131 -364.5200 142.2400
-1.6881489171e+00 7.7841608159e-01 -1.1378599974e+01
53 43 31
2 1 1126 -316.7400 151.7300 2 1134 -321.1500 139.0700
-9.0082781639e-01 7.8824192231e-01 -1.1505360069e+01
63 53 44
2 1 1127 -164.1600 151.2900 2 1138 -169.1900 131.1000
-9.0082781639e-01 7.8824192231e-01 -1.1505360069e+01
63 53 44
2 1 1128 -164.1600 151.2900 2 1139 -169.1900 131.1000
-1.5579785222e+00 7.5467701543e-01 -1.1226591151e+01
32 26 14
2 1 1129 -294.2800 149.0000 2 1235 -297.7700 137.4400
-1.7565163285e+00 7.3085105205e-01 -1.1385537389e+01
71 60 42
2 1 1130 -330.8500 142.7800 2 1012 -333.7300 130.1100
-5.9235230364e-02 1.2917327219e-01 -1.2677117738e+01
19 41 29
2 1 1141 -13.5100 23.3300 2 1149 -29.6000 -13.0300
-1.3439812006e-01 1.1615924651e-01 -1.2728775827e+01
131 157 148
2 1 1142 -26.7400 21.0500 2 1150 -42.9900 -15.3300
-1.1061350709e-01 7.6366560017e-02 -1.2715898955e+01
44 61 53
2 1 1143 -23.0400 14.3700 2 1042 -38.6100 -22.2400
-2.4611279622e-01 2.5989098770e-02 -1.2711371732e+01
164 169 92
2 1 1144 -45.7600 5.5800 2 1153 -62.3900 -29.6800
-8.7621118955e-01 -1.0646357869e-01 -1.1683415979e+01
204 50 56
2 1 1147 -158.9500 -18.8700 2 1155 -170.9000 -38.9300
-1.2898711573e+00 -1.5095745641e-01 -1.1319757768e+01
65 60 54
2 1 1149 -241.0100 -28.1200 2 1156 -251.6700 -40.8400
-1.1288309256e+00 -1.8293378617e-01 -1.1523418840e+01
221 174 119
2 1 1151 -207.7500 -33.7100 2 1046 -219.7200 -49.9900
-7.4345911193e-01 -2.2845183018e-01 -1.1768774850e+01
143 117 81
2 1 1152 -133.7900 -41.4800 2 1159 -147.1500 -63.1500
-8.2883374308e-01 -2.4500101739e-01 -1.1708563353e+01
210 54 59
2 1 1153 -149.7300 -44.8600 2 1160 -163.3000 -65.1200
-1.0822540624e+00 -2.4347049479e-01 -1.1461488845e+01
174 38 48
2 1 1154 -199.3900 -45.5300 2 1158 -211.5600 -61.2400
-1.7497333340e+00 -3.1590664234e-01 -1.1376524544e+01
154 150 138
2 1 1155 -329.4500 -59.6600 2 1162 -342.0800 -70.0600
-1.0214236784e+00 -4.9860084094e-01 -1.1655818937e+01
45 41 38
2 1 1159 -186.7400 -92.6000 2 1059 -200.9000 -111.1200
2.3440660887e-01 -5.9101797616e-01 -1.2956316108e+01
64 59 53
2 1 1160 33.7300 -98.5700 2 1167 12.2100 -137.6500
-1.5790425209e+00 -5.3481045871e-01 -1.1394764409e+01
106 99 89
2 1 1161 -295.4600 -102.0100 2 1164 -311.0100 -113.3000
2.3197852089e-01 -6.2971926540e-01 -1.2754302477e+01
7 6 4
2 1 1162 34.8100 -106.5800 2 1168 15.1800 -144.2400
-5.2512153100e-01 -6.8095077593e-01 -1.1763680079e+01
76 59 49
2 1 1165 -93.4300 -125.7200 2 1172 -109.5900 -148.3200
-8.1524690442e-02 -8.0440399328e-01 -1.2748666942e+01
99 84 80
2 1 1166 -18.5300 -136.6500 2 682 -39.0800 -172.2100
-1.8033205486e+00 -7.1019585071e-01 -1.1208955751e+01
182 41 43
2 1 1167 -343.6200 -137.9400 2 1169 -358.8700 -146.0000
-1.4917983707e+00 -7.2031555991e-01 -1.1352173813e+01
134 137 94
2 1 1168 -280.0700 -138.0900 2 1173 -295.3100 -149.9300
-1.9620014584e+00 -7.1827571328e-01 -1.1209099432e+01
128 135 101
2 1 1169 -375.2700 -139.4100 2 1170 -390.2400 -146.7500
-6.2970773868e-01 -8.4570331490e-01 -1.1854964772e+01
37 6 2
2 1 1171 -112.9400 -155.1100 2 1178 -130.3800 -178.1800
-6.2970773868e-01 -8.4570331490e-01 -1.1854964772e+01
37 6 2
2 1 1172 -112.9400 -155.1100 2 1179 -130.3800 -178.1800
-5.2004791049e-01 -8.7158871036e-01 -1.1773812676e+01
85 68 60
2 1 1174 -92.3400 -161.1100 2 1180 -110.2000 -183.6900
-1.6474057829e+00 -8.6802066494e-01 -1.1434646654e+01
107 90 68
2 1 1175 -309.1800 -165.3200 2 1177 -325.5100 -177.6800
-1.8588434673e+00 -9.0781324544e-01 -1.1189605404e+01
153 108 94
2 1 1178 -355.2600 -176.9500 2 1181 -371.9000 -184.8600
-4.9749138308e-01 -9.7373914208e-01 -1.1803661366e+01
81 70 59
2 1 1180 -88.3200 -179.5800 2 1187 -106.7600 -202.7400
-7.3380929071e-01 -9.7984027323e-01 -1.1778564145e+01
217 186 162
2 1 1181 -132.3300 -181.1200 2 1185 -150.5100 -202.7400
-7.3380929071e-01 -9.7984027323e-01 -1.1778564145e+01
217 186 162
2 1 1182 -132.3300 -181.1200 2 1186 -150.5100 -202.7400
-6.7395044750e-01 -1.0758261309e+00 -1.1904191179e+01
230 225 197
2 1 1186 -120.9900 -196.8000 2 1190 -140.3800 -220.2100
-6.7395044750e-01 -1.0758261309e+00 -1.1904191179e+01
230 225 197
2 1 1187 -120.9900 -196.8000 2 1191 -140.3800 -220.2100
-6.7395044750e-01 -1.0758261309e+00 -1.1904191179e+01
230 225 197
2 1 1188 -120.9900 -196.8000 2 1192 -140.3800 -220.2100
-1.4390066000e+00 -1.0471627969e+00 -1.1453865097e+01
208 109 69
2 1 1189 -268.6400 -199.3800 2 1087 -286.3900 -213.3700
-1.7659253432e+00 -1.0503080596e+00 -1.1208928480e+01
175 37 45
2 1 1190 -336.2600 -204.6400 2 1189 -354.5500 -213.4700
-5.8822531811e-01 -1.1330755161e+00 -1.1853870227e+01
52 34 26
2 1 1191 -104.8700 -208.3300 2 1097 -125.1700 -231.4400
-8.1847100002e-01 -1.1457839187e+00 -1.1889901390e+01
169 61 55
2 1 1192 -147.6100 -209.9800 2 1196 -167.5900 -232.4700
-7.6352550765e-01 -1.2688570379e+00 -1.1854325725e+01
237 217 197
2 1 1204 -137.6700 -233.3100 2 1201 -158.2200 -255.9200
-1.5702640785e+00 -1.2421190789e+00 -1.1429586890e+01
122 112 120
2 1 1206 -293.7600 -237.4500 2 1105 -314.4500 -250.4700
-1.5384623225e+00 -1.2588427361e+00 -1.1504951044e+01
50 39 38
2 1 1207 -286.6000 -238.9800 2 1200 -307.2400 -253.2500
-7.7005596384e-01 -1.3546636925e+00 -1.1885797587e+01
91 80 62
2 1 1211 -138.7900 -248.4800 2 1207 -160.0800 -271.5400
-1.5373834629e+00 -1.3202896812e+00 -1.1459954659e+01
133 123 133
2 1 1212 -287.2400 -251.6700 2 1206 -308.0200 -265.6400
-8.0990998268e-01 -1.3673142404e+00 -1.1901082319e+01
243 232 212
2 1 1213 -146.0200 -250.5200 2 1209 -167.6200 -273.5100
-4.9226875869e-01 -1.3644356774e+00 -1.1835740660e+01
43 34 21
2 1 1214 -87.6400 -251.2000 2 1215 -108.4700 -275.2900
-1.1880931157e+00 -1.3659126662e+00 -1.1604692353e+01
33 18 13
2 1 1216 -218.9000 -256.8800 2 1213 -239.4300 -274.6900
-5.5049707816e-01 -1.3904044770e+00 -1.1793480363e+01
82 69 53
2 1 1217 -98.2800 -257.0000 2 1217 -119.3700 -280.2800
-1.5087056223e+00 -1.4066761201e+00 -1.1594851139e+01
146 135 139
2 1 1221 -279.9200 -264.9200 2 1218 -301.2600 -281.0700
-4.2536094098e-01 -1.4615429608e+00 -1.1988537721e+01
100 91 76
2 1 1222 -76.0400 -265.4600 2 1120 -97.3000 -292.0000
-1.8220196232e+00 -1.3715945550e+00 -1.1210733467e+01
144 84 71
2 1 1223 -347.6600 -267.4600 2 1216 -368.3500 -277.1700
-1.6159783445e+00 -1.4045042010e+00 -1.1233499938e+01
185 139 128
2 1 1225 -306.5100 -273.3100 2 1115 -327.2800 -284.4100
-1.8134125227e+00 -1.4167344317e+00 -1.1212114064e+01
150 123 97
2 1 1228 -345.6000 -276.3600 2 1117 -367.3500 -286.0900
-1.6736744598e+00 -1.4206703957e+00 -1.1201941685e+01
186 136 131
2 1 1230 -318.7400 -277.2000 2 1220 -339.1500 -287.8400
-1.6736744598e+00 -1.4206703957e+00 -1.1201941685e+01
186 136 131
2 1 1231 -318.7400 -277.2000 2 1221 -339.1500 -287.8400
-1.6927018789e+00 -1.4543841062e+00 -1.1169753350e+01
155 70 75
2 1 1232 -322.9500 -284.7000 2 1222 -343.9700 -294.8500
-1.1584920321e+00 1.3597050606e+00 -1.1431662659e+01
151 145 124
2 1 1247 -213.4200 262.0600 2 1223 -214.4600 242.4500
1.4273047814e+00 1.4754152970e+00 -1.3218099436e+01
103 38 34
2 1 1248 227.7700 242.9100 2 1126 209.2700 187.9100
-1.1307562469e+00 1.0530378598e+00 -1.1454189029e+01
179 167 152
2 1 1249 -208.2600 202.8600 2 1229 -211.1200 183.9900
-1.2606583429e+00 9.9795944540e-01 -1.1419065795e+01
228 217 199
2 1 1250 -233.6900 193.0600 2 1230 -236.4300 175.7800
-1.2606583429e+00 9.9795944540e-01 -1.1419065795e+01
228 217 199
2 1 1251 -233.6900 193.0600 2 1231 -236.4300 175.7800
-1.7161220521e+00 7.4806639219e-01 -1.1385210602e+01
118 109 94
2 1 1255 -321.6000 145.6900 2 1236 -327.1700 133.5000
9.6660045635e-01 9.4317225820e-01 -1.4163571049e+01
123 101 80
2 1 1256 134.9000 146.0500 2 1301 113.6300 88.5200
-9.7011965809e-01 6.6702539174e-01 -1.1556530675e+01
62 53 44
2 1 1257 -176.7500 127.6000 2 1239 -183.4500 107.9200
-8.1378519925e-01 4.5954485200e-01 -1.1606960502e+01
47 38 31
2 1 1259 -147.0700 87.7700 2 1240 -155.4100 67.0200
-1.0844284654e+00 3.8790575018e-01 -1.1513968128e+01
76 67 58
2 1 1261 -199.1100 75.0200 2 1241 -207.0600 57.4300
-1.0949091930e+00 3.2347282595e-01 -1.1473920844e+01
78 69 60
2 1 1262 -201.3800 62.9200 2 1242 -209.7800 46.1500
-1.1009873306e+00 -1.3934720072e-01 -1.1490601160e+01
108 27 24
2 1 1270 -202.8300 -25.4700 2 1248 -214.1000 -41.6500
-1.6856470360e+00 -2.9490015601e-01 -1.1368283486e+01
143 136 126
2 1 1273 -316.9000 -55.7400 2 1161 -329.7700 -66.2800
-1.6805791964e+00 -3.5435441924e-01 -1.1450651470e+01
115 109 97
2 1 1275 -314.4200 -66.7100 2 1250 -328.0500 -78.3600
-1.8671209198e+00 -3.7466587515e-01 -1.1349560580e+01
40 36 32
2 1 1276 -352.8700 -71.1600 2 1251 -366.0300 -80.4700
-1.8588524321e+00 -4.5726796924e-01 -1.1383610779e+01
30 27 20
2 1 1280 -350.7300 -86.8400 2 1254 -364.3300 -96.7800
-9.0712522406e-01 -6.3895391762e-01 -1.1591075578e+01
98 17 18
2 1 1282 -165.4500 -119.7500 2 1257 -180.6200 -138.0300
-1.8952187839e+00 -6.3468142173e-01 -1.1234529444e+01
105 96 69
2 1 1283 -361.6800 -122.6700 2 1165 -375.4600 -130.7700
-1.5289093866e+00 -7.0176637400e-01 -1.1374872451e+01
65 50 43
2 1 1284 -286.7000 -134.2800 2 1259 -302.3300 -146.0500
-1.6391812231e+00 -7.1776963150e-01 -1.1356158082e+01
138 101 68
2 1 1285 -308.4900 -137.5800 2 1260 -324.2200 -148.5100
-1.8374972006e+00 -7.8642904617e-01 -1.1243807715e+01
180 155 121
2 1 1287 -349.7000 -152.3700 2 1261 -365.6300 -160.8500
-7.4325507986e-01 -8.2454712275e-01 -1.1765763138e+01
77 69 58
2 1 1288 -134.0700 -152.4300 2 1267 -151.1600 -173.7700
-7.7197018312e-01 -1.0131987275e+00 -1.1806289224e+01
175 51 50
2 1 1292 -139.4600 -186.8400 2 1272 -157.7800 -208.6600
-1.6065257449e+00 -9.7070740635e-01 -1.1226749541e+01
72 64 49
2 1 1293 -304.3100 -188.7800 2 1270 -322.0400 -198.4400
-7.3170967640e-01 -1.1031293833e+00 -1.1942200386e+01
143 35 32
2 1 1296 -131.6400 -201.1400 2 1325 -151.1700 -224.7500
-1.5742462260e+00 -1.0770506459e+00 -1.1349400629e+01
92 75 61
2 1 1300 -295.5200 -207.3500 2 1275 -315.2200 -218.7500
-9.2589967406e-01 -1.0999911348e+00 -1.1572325295e+01
10 7 3
2 1 1301 -169.1800 -207.2600 2 1276 -187.7000 -225.4600
-1.5959148691e+00 -1.1496806716e+00 -1.1482510962e+01
54 39 32
2 1 1302 -298.0400 -218.5900 2 1329 -317.6800 -232.0600
-1.6458611220e+00 -1.1830482942e+00 -1.1274541813e+01
211 194 168
2 1 1305 -311.3000 -229.2800 2 1277 -330.9000 -239.8800
-1.6458611220e+00 -1.1830482942e+00 -1.1274541813e+01
211 194 168
2 1 1306 -311.3000 -229.2800 2 1278 -330.9000 -239.8800
-5.6606094267e-01 -1.2709134379e+00 -1.1812257085e+01
253 253 241
2 1 1308 -101.2700 -234.4300 2 1333 -121.3900 -257.7200
-5.6606094267e-01 -1.2709134379e+00 -1.1812257085e+01
253 253 241
2 1 1309 -101.2700 -234.4300 2 1334 -121.3900 -257.7200
-5.3892441451e-01 -1.3391946984e+00 -1.1806499539e+01
255 254 240
2 1 1312 -96.1400 -247.2200 2 1283 -116.9100 -270.6200
-5.3892441451e-01 -1.3391946984e+00 -1.1806499539e+01
255 254 240
2 1 1313 -96.1400 -247.2200 2 1284 -116.9100 -270.6200
-1.5010037064e+00 -1.3466851092e+00 -1.1581182753e+01
55 41 36
2 1 1316 -278.5800 -253.9000 2 1282 -299.5100 -269.7100
-3.2660782401e-01 -1.4047409508e+00 -1.1995865288e+01
233 221 198
2 1 1317 -57.6400 -255.0500 2 1287 -79.3600 -281.7800
-3.2660782401e-01 -1.4047409508e+00 -1.1995865288e+01
233 221 198
2 1 1318 -57.6400 -255.0500 2 1288 -79.3600 -281.7800
-1.6198923134e+00 -1.3599465074e+00 -1.1289188382e+01
156 68 78
2 1 1319 -305.7400 -263.4300 2 1285 -327.3400 -274.7200
-1.6198923134e+00 -1.3599465074e+00 -1.1289188382e+01
156 68 78
2 1 1320 -305.7400 -263.4300 2 1286 -327.3400 -274.7200
-1.7350378168e+00 -1.4383267140e+00 -1.1205721856e+01
190 150 138
2 1 1325 -330.7100 -280.6000 2 1290 -351.5700 -291.0000
1.0987318154e+00 1.8121126190e+00 -1.3561312871e+01
62 54 45
2 1 1329 167.8300 291.1200 2 1295 149.5000 233.8300
-1.2135153611e+00 1.3759146080e+00 -1.1409601788e+01
215 207 186
2 1 1331 -224.2500 265.7600 2 1292 -224.9100 246.7600
-1.0739176955e+00 1.2856581819e+00 -1.1541980671e+01
213 205 183
2 1 1334 -196.5400 245.4800 2 1297 -198.3600 224.0300
1.5462501020e+00 1.3972833399e+00 -1.3321677794e+01
31 26 23
2 1 1337 243.7600 228.4400 2 1346 225.4200 171.8200
-9.4773651820e-01 1.2019452925e+00 -1.1783555189e+01
76 67 58
2 1 1338 -170.6900 224.6600 2 1298 -175.5100 200.0100
8.4358553416e-01 8.2267317731e-01 -1.4208468970e+01
127 93 66
2 1 1344 115.1700 127.3100 2 1302 94.0700 70.4600
-8.9432454650e-01 3.3152151921e-01 -1.1505699352e+01
219 60 60
2 1 1346 -162.9100 64.1800 2 1243 -171.4200 45.5800
-5.3879535212e-02 6.4687323966e-02 -1.2720039039e+01
102 122 118
2 1 1352 -13.4400 12.3700 2 1310 -29.0100 -24.6500
-1.5101318740e+00 -4.5239902384e-02 -1.1231307021e+01
92 82 62
2 1 1353 -285.0100 -7.6800 2 1352 -295.0400 -17.7400
-1.0415473645e+00 -1.0809337417e-01 -1.1584966383e+01
232 98 87
2 1 1354 -190.7800 -19.3100 2 1247 -202.1700 -37.1300
-6.2159248725e-01 -2.2954856658e-01 -1.1742164086e+01
16 6 1
2 1 1357 -111.1700 -41.8100 2 1313 -124.4200 -63.9500
-1.7483732787e+00 -6.9373133163e-01 -1.1327144329e+01
136 98 75
2 1 1362 -329.7100 -133.4400 2 1316 -346.4700 -142.9700
-1.2892614740e+00 -6.9623690865e-01 -1.1344245641e+01
12 6 3
2 1 1363 -240.6600 -133.6000 2 1317 -255.8400 -146.4000
-1.8818108821e+00 -8.1391688331e-01 -1.1178504061e+01
84 51 26
2 1 1367 -359.9500 -158.6900 2 1319 -375.9300 -166.1000
-1.8263513532e+00 -9.5119689045e-01 -1.1259053865e+01
189 154 132
2 1 1371 -347.2500 -184.3100 2 1321 -364.5900 -193.3600
-4.1499995404e-01 -1.1013115043e+00 -1.1944414312e+01
124 108 93
2 1 1374 -73.8100 -200.6000 2 1328 -92.8800 -226.1400
-7.3202587242e-01 -1.0993924816e+00 -1.1824605516e+01
150 32 30
2 1 1377 -131.8400 -202.5500 2 1326 -151.1700 -224.7500
-1.8823611165e+00 -1.1034208109e+00 -1.1213811880e+01
78 47 26
2 1 1379 -358.9300 -215.0200 2 1368 -378.3800 -223.2900
-6.5893044777e-01 -1.1642833608e+00 -1.1692107577e+01
44 35 24
2 1 1380 -118.3900 -217.0600 2 1330 -137.8000 -238.1800
-1.8732052119e+00 -1.3697513835e+00 -1.1201527303e+01
156 136 111
2 1 1391 -358.0300 -267.3200 2 1336 -378.7000 -276.6800
1.4706108877e+00 1.5184560953e+00 -1.3245763319e+01
157 122 88
2 1 1397 234.1400 249.4100 2 1344 215.5100 193.7100
-1.2570769757e+00 1.0349633706e+00 -1.1377424512e+01
226 214 192
2 1 1400 -233.3000 200.8400 2 1345 -235.8800 184.0300
-2.0128174753e+00 9.7425902132e-01 -1.1562483875e+01
62 55 37
2 1 1401 -374.5400 186.8000 2 1300 -379.6500 173.7600
8.9929655028e-01 1.1207924489e+00 -1.4337470768e+01
145 106 75
2 1 1402 121.9200 171.3800 2 1349 100.9800 112.1600
-1.0042209718e+00 4.5483235077e-01 -1.1460168514e+01
177 169 150
2 1 1405 -184.2200 88.1200 2 1383 -191.4000 70.4400
-2.8257734371e-01 -2.8458728719e-02 -1.2715389572e+01
80 74 58
2 1 1409 -52.9600 -3.4600 2 1356 -68.0400 -39.0700
-1.3171157276e+00 -8.4096772845e-02 -1.1297450480e+01
105 96 82
2 1 1410 -246.4600 -15.2100 2 1354 -256.7300 -27.4700
-7.1490517077e-01 -9.4186576561e-02 -1.1750436042e+01
206 45 51
2 1 1411 -128.3000 -16.5800 2 1355 -141.0500 -38.3200
-3.4138886542e-01 -1.6321499432e-01 -1.2685973125e+01
131 166 162
2 1 1412 -62.0500 -27.0300 2 1357 -79.6000 -61.0100
-7.1583610504e-01 -2.5461108029e-01 -1.1766550941e+01
140 109 81
2 1 1415 -128.3500 -46.4700 2 1358 -142.5100 -68.0300
-7.3003709697e-01 -3.9918101147e-01 -1.1690648749e+01
41 3 8
2 1 1416 -131.6000 -73.7700 2 1359 -145.6300 -94.4300
-5.5124582386e-01 -6.1915078815e-01 -1.1703772730e+01
102 84 72
2 1 1417 -98.1100 -114.8800 2 1406 -113.8700 -136.5600
1.0628824460e-01 -6.9604489490e-01 -1.2976238675e+01
4 9 7
2 1 1418 12.1300 -116.1300 2 1361 -10.0700 -154.4700
7.0005950347e-02 -8.0355582200e-01 -1.2895784922e+01
102 132 127
2 1 1420 7.1200 -135.2500 2 1363 -16.1600 -172.2200
-1.8346893740e+00 -8.5471283434e-01 -1.1199324170e+01
186 156 130
2 1 1422 -350.0100 -166.4400 2 1364 -366.6500 -174.3700
-1.5292217321e+00 -9.1234161316e-01 -1.1238619738e+01
126 137 95
2 1 1423 -289.2300 -177.0700 2 1365 -305.7300 -187.4300
-8.6824070218e-01 -1.2506677158e+00 -1.1751143752e+01
240 222 205
2 1 1426 -157.5900 -232.0300 2 1332 -177.5400 -252.9500
-1.5788146403e+00 -1.2976769667e+00 -1.1511728918e+01
125 117 130
2 1 1427 -294.3200 -246.2200 2 1371 -315.2100 -260.5200
-1.7877934638e+00 -1.3813131620e+00 -1.1248999887e+01
161 67 74
2 1 1430 -340.2200 -268.3800 2 1372 -360.7800 -278.8600
-1.7877934638e+00 -1.3813131620e+00 -1.1248999887e+01
161 67 74
2 1 1431 -340.2200 -268.3800 2 1373 -360.7800 -278.8600
1.0130669857e+00 1.8058902524e+00 -1.3767204080e+01
180 141 105
2 1 1432 149.8200 286.2000 2 1341 132.1200 227.4400
-1.0900182755e+00 1.3151459387e+00 -1.1522643598e+01
227 219 198
2 1 1433 -199.7600 251.5200 2 1377 -201.2300 230.2900
-7.2529280993e-01 1.3247339891e+00 -1.2024179584e+01
132 128 119
2 1 1434 -129.1000 242.4500 2 1379 -134.1200 212.6200
-7.2529280993e-01 1.3247339891e+00 -1.2024179584e+01
132 128 119
2 1 1435 -129.1000 242.4500 2 1380 -134.1200 212.6200
-9.8540924435e-01 8.0663921902e-01 -1.1569278348e+01
87 77 67
2 1 1437 -179.8900 154.0600 2 1382 -184.9300 133.5700
-1.1879047253e+00 1.1979005277e-01 -1.1447106958e+01
15 14 12
2 1 1439 -219.2800 23.9800 2 1384 -229.5000 8.8200
-1.0940378319e+00 9.9021881225e-02 -1.1507994554e+01
111 89 73
2 1 1440 -200.8900 19.9100 2 1387 -211.2800 3.3000
4.2250419802e-01 2.0158587005e-02 -1.2786341714e+01
46 41 40
2 1 1443 68.9200 3.8800 2 1392 48.2900 -35.0300
-1.6044312766e+00 -7.9807500661e-02 -1.1280356644e+01
20 19 15
2 1 1444 -302.7500 -14.2900 2 1389 -313.1600 -24.4100
-1.1621711769e+00 -9.3023833256e-02 -1.1455865924e+01
252 237 216
2 1 1445 -214.6100 -16.7400 2 1391 -225.8700 -31.9900
-1.2074895546e+00 -1.8298027076e-01 -1.1380852411e+01
17 14 14
2 1 1446 -223.9900 -34.2600 2 1394 -235.8700 -48.0400
-1.5778074507e+00 -2.8396038416e-01 -1.1326178123e+01
152 146 134
2 1 1447 -297.0400 -53.7800 2 1395 -308.8400 -64.6600
-1.7367416732e+00 -4.3727400371e-01 -1.1429680333e+01
88 84 73
2 1 1448 -326.0900 -82.6600 2 1396 -339.5800 -93.9300
-1.5453740751e+00 -5.0092618878e-01 -1.1437665773e+01
155 148 132
2 1 1449 -288.9000 -94.9100 2 1399 -302.9800 -107.3700
-6.8112737988e-01 -5.4834077752e-01 -1.1667065187e+01
55 6 6
2 1 1450 -122.2800 -102.0200 2 1403 -137.7000 -122.4100
-1.7944110440e+00 -6.2450778388e-01 -1.1279311409e+01
72 65 54
2 1 1451 -340.9600 -120.1700 2 1405 -354.4900 -129.5100
-6.2477411678e-01 -7.2335516546e-01 -1.1790468648e+01
45 8 9
2 1 1453 -112.0200 -133.2800 2 1409 -128.4300 -155.6300
-1.4977575681e+00 -9.9128531112e-01 -1.1219161175e+01
9 8 7
2 1 1454 -283.4600 -192.8100 2 1410 -300.3500 -203.2800
7.2231786265e-01 1.3925451451e+00 -1.4655207051e+01
9 7 8
2 1 1457 91.0200 208.3300 2 1417 70.6200 146.5900
8.8625900781e-01 9.7158281257e-01 -1.4321654234e+01
12 11 8
2 1 1460 120.1900 148.8700 2 1418 98.6800 90.5300
-1.0962524421e+00 5.1945541282e-01 -1.1426442677e+01
14 10 8
2 1 1461 -202.1600 100.8600 2 1419 -208.5600 84.0300
-7.8603590054e-01 -1.6497236183e-01 -1.1725163467e+01
48 10 14
2 1 1464 -141.8900 -29.7600 2 1439 -154.5100 -50.7800
-7.8603590054e-01 -1.6497236183e-01 -1.1725163467e+01
48 10 14
2 1 1465 -141.8900 -29.7600 2 1440 -154.5100 -50.7800
-1.5199750503e+00 -6.5055190355e-01 -1.1370875728e+01
67 59 50
2 1 1467 -285.4500 -124.3100 2 1428 -299.7800 -136.3200
-7.5006065129e-01 -6.9870627615e-01 -1.1712597169e+01
221 203 179
2 1 1468 -135.4400 -129.6200 2 1429 -151.4700 -150.2900
-1.3936826722e+00 -9.7451452587e-01 -1.1444910376e+01
231 120 67
2 1 1469 -260.0800 -185.5900 2 1433 -277.0400 -199.6400
-1.7756118479e+00 2.2525600216e-01 -1.1069888983e+01
82 69 48
2 1 1472 -340.0600 45.9100 2 1437 -348.2000 39.7700
-7.8903508854e-01 -1.2901895683e-02 -1.1713777867e+01
224 53 62
2 1 1473 -143.2400 -1.0800 2 1438 -153.1900 -22.7700
1.6273188297e-02 -1.1023831856e-01 -1.3017616495e+01
87 115 104
2 1 1474 -2.4100 -17.6900 2 1443 -23.0100 -56.4300
-1.7877828746e+00 -2.3373050555e-01 -1.1343571260e+01
33 31 26
2 1 1475 -337.7600 -43.8300 2 1441 -349.0900 -53.7400
1.3351039796e-01 -6.7879885871e-01 -1.2990597192e+01
18 18 16
2 1 1476 16.9000 -113.2200 2 1430 -5.9600 -151.6000
-1.3973466440e+00 -7.2535331875e-01 -1.1466896369e+01
232 116 59
2 1 1477 -260.1100 -137.6300 2 1446 -275.7900 -151.4700
-7.2047002362e-01 -8.8585055468e-01 -1.1746349873e+01
176 152 125
2 1 1478 -129.9600 -164.0900 2 1447 -147.2400 -185.4100
-5.6002786367e-01 -9.5525649654e-01 -1.1959062960e+01
63 13 16
2 1 1479 -100.7300 -173.5400 2 1449 -118.1200 -198.6300
-1.2687751224e+00 -9.3856557753e-01 -1.1444486608e+01
9 7 8
2 1 1480 -235.8200 -178.7600 2 1448 -252.7800 -193.3200
-1.1807804065e+00 -1.0800397639e+00 -1.1447057096e+01
85 73 59
2 1 1481 -219.0500 -205.7600 2 1450 -236.7400 -221.1500
9.1981383284e-02 -1.2583829311e+00 -1.2219468941e+01
235 223 199
2 1 1483 16.4500 -224.0200 2 1451 -5.7000 -254.9800
-1.9908183223e+00 1.1190121947e+00 -1.1518414898e+01
10 10 12
2 1 1485 -372.2200 215.3600 2 1453 -374.1300 201.7300
-1.9429759816e+00 8.4399974980e-01 -1.1394349098e+01
95 87 68
2 1 1486 -365.8000 164.4500 2 1454 -369.7500 153.2200
4.4511481082e-01 1.0022206727e+00 -1.4441464783e+01
166 57 62
2 1 1487 52.1200 152.6700 2 1455 31.7000 95.6600
4.4511481082e-01 1.0022206727e+00 -1.4441464783e+01
166 57 62
2 1 1488 52.1200 152.6700 2 1456 31.7000 95.6600
-1.5437880279e+00 2.5209013585e-01 -1.1223834537e+01
50 43 31
2 1 1489 -291.4900 50.5200 2 1457 -299.4200 40.3900
-1.9282249210e-01 -1.0272929244e-01 -1.2936175149e+01
116 151 143
2 1 1493 -37.7000 -16.2500 2 1442 -56.2200 -53.5900
-8.6013149696e-01 -3.1338734657e-01 -1.1679165638e+01
189 48 54
2 1 1494 -155.9700 -57.7400 2 1459 -169.4200 -77.5200
-2.3954646802e-01 -3.4516747488e-01 -1.2885126553e+01
18 17 14
2 1 1495 -45.4200 -57.4700 2 1460 -65.0200 -93.5600
-1.6886658191e+00 -6.4017387234e-01 -1.1387521910e+01
62 55 47
2 1 1496 -318.0400 -122.0500 2 1463 -332.2300 -133.3700
-1.6886658191e+00 -6.4017387234e-01 -1.1387521910e+01
62 55 47
2 1 1497 -318.0400 -122.0500 2 1464 -332.2300 -133.3700
-1.7620939753e+00 1.2150091413e+00 -1.1384500461e+01
54 46 34
2 1 1501 -330.6000 236.0100 2 1465 -331.9300 222.3100
-6.0018503729e-01 1.1450225119e+00 -1.1942947981e+01
13 13 13
2 1 1503 -106.5200 211.0000 2 1466 -112.3300 182.0200
2.0964860131e-01 3.0603362202e-02 -1.3434224481e+01
193 126 48
2 1 1505 25.2200 6.0700 2 1469 4.7000 -38.3000
-1.6160286356e+00 -3.7692585268e-01 -1.1413683014e+01
123 117 105
2 1 1508 -302.6700 -71.3000 2 1470 -316.2000 -82.8800
-1.4006645266e+00 -4.6756647044e-01 -1.1478116749e+01
17 17 15
2 1 1509 -260.1500 -88.2900 2 1471 -274.5900 -101.9600
-1.2075424288e+00 1.3293801950e+00 -1.1253273965e+01
208 200 181
2 1 1511 -224.4500 260.2200 2 1472 -225.2700 243.6800
-1.2075424288e+00 1.3293801950e+00 -1.1253273965e+01
208 200 181
2 1 1512 -224.4500 260.2200 2 1473 -225.2700 243.6800
4.5111729047e-01 1.4520414378e+00 -1.4381796882e+01
226 196 170
2 1 1513 54.0700 221.4000 2 1475 35.2200 162.9100
3.5315645377e-01 6.3772754570e-01 -1.4157844139e+01
205 174 145
2 1 1514 41.2500 99.4300 2 1468 19.9500 46.6800
-1.8333243006e+00 -2.7276639505e-02 -1.1155033028e+01
180 169 141
2 1 1517 -350.9400 -3.8600 2 1477 -359.3100 -11.1700
-1.0538474355e-01 -6.1330141825e-01 -1.2839383049e+01
123 154 148
2 1 1521 -22.8000 -103.2500 2 1480 -43.2700 -139.4700
-1.4480228387e+00 -8.1221335298e-01 -1.1313930165e+01
200 115 70
2 1 1522 -272.0700 -156.4400 2 1481 -288.0400 -168.0700
-1.8229374369e+00 7.8788727578e-01 -1.1354157049e+01
102 90 74
2 1 1523 -344.6200 154.3400 2 1483 -346.4000 142.2700
2.9495060671e-01 -7.4860249888e-01 -1.3108441302e+01
13 12 9
2 1 1526 41.7900 -123.4700 2 1484 19.5400 -164.3200
-1.1235990062e+00 -8.8127037786e-01 -1.1468216039e+01
28 28 30
2 1 1527 -207.1400 -167.5800 2 1485 -224.6900 -182.8400
-1.2648859076e+00 6.1677296531e-01 -1.1408288889e+01
38 35 28
2 1 1529 -234.9700 119.9400 2 1487 -240.0500 104.1000
1.1347531835e-01 -1.8284635153e-01 -1.3494248955e+01
88 110 98
2 1 1530 8.5200 -28.2500 2 1489 -11.9500 -72.4900
-1.1842208309e+00 -4.8544635505e-01 -1.1478620225e+01
33 33 35
2 1 1531 -219.6700 -91.4300 2 1490 -232.0900 -107.0900
-1.1842208309e+00 -4.8544635505e-01 -1.1478620225e+01
33 33 35
2 1 1532 -219.6700 -91.4300 2 1491 -232.0900 -107.0900
7.8489198498e-01 -1.4056354389e-01 -1.1720750447e+01
20 16 13
2 1 1533 151.5000 -26.2600 2 1492 133.8000 -55.9700
