# Bundle file v0.3
3 27
2.1639835367e+03 -3.6120649183e-03 -1.0138771467e-04
9.9674204900e-01 -5.6044627298e-03 -8.0460411075e-02
1.2807631999e-02 9.9592334286e-01 8.9289751432e-02
7.9631980481e-02 -9.0029357133e-02 9.9275045331e-01
-1.6960650329e-01 1.9161017037e-01 -5.0237206427e-03
2.0837752403e+03 3.8866519067e-02 2.7350012913e-03
9.5262738209e-01 -2.1365730389e-01 -2.1645236746e-01
2.6771100196e-01 9.2679898468e-01 2.6339032143e-01
1.4433256845e-01 -3.0885951254e-01 9.4009250140e-01
-5.3421423919e-01 4.4708709617e-01 2.8042155465e-01
0 0 0
0 0 0
0 0 0
0 0 0
0 0 0
-2.1295714802e-01 -2.2959933827e-02 -2.1643167084e+00
204 118 87
2 0 144 -207.0100 -27.0500 1 238 -309.5800 -236.3500
-1.2391494420e-01 -8.1870283251e-02 -2.1455946438e+00
46 22 14
2 0 530 -121.3600 -84.0000 1 378 -205.5700 -274.0700
-2.2541530410e-01 2.9556021096e-01 -2.1338361808e+00
164 158 136
2 0 707 -222.9600 292.6400 1 264 -395.8000 110.5600
-2.1973796870e-01 -2.5621117585e-02 -2.1585034753e+00
97 73 50
2 0 788 -214.4200 -29.0300 1 373 -319.1600 -240.6200
-1.3156347661e-01 -8.2042150053e-02 -2.1320642524e+00
40 8 3
2 0 812 -131.3800 -83.9300 1 424 -219.0700 -273.9200
-2.3005326534e-01 2.5023762943e-01 -2.1343546902e+00
235 227 206
2 0 954 -228.2900 247.3400 1 327 -391.9400 62.6100
-1.5638485548e-01 8.3474306843e-02 -2.1099908865e+00
46 36 24
2 0 984 -159.7600 85.8200 1 350 -290.6700 -86.8300
-1.5005875313e-01 7.2205141294e-02 -2.1201680868e+00
99 91 79
2 0 986 -152.0500 73.0200 1 353 -277.0100 -99.9300
-1.3215030867e-01 2.3127351767e-02 -2.1182199529e+00
31 7 13
2 0 995 -134.4500 23.6600 1 462 -247.4500 -149.1300
-2.2251461174e-01 2.4883105274e-01 -2.1300426873e+00
185 177 158
2 0 1109 -221.3800 247.1900 1 325 -385.8300 64.6900
-1.7249229434e-01 1.3707423859e-01 -2.1139155059e+00
56 49 39
2 0 1131 -175.1400 139.2300 1 451 -317.6100 -33.7600
-2.1287423422e-01 -3.0014272368e-02 -2.1596555289e+00
221 174 119
2 0 1151 -207.7500 -33.7100 1 474 -310.0700 -243.4800
-1.4972525951e-01 -4.4360523009e-02 -2.1271528760e+00
210 54 59
2 0 1153 -149.7300 -44.8600 1 472 -250.2000 -235.1500
3.8199995666e-02 -1.0468040337e-01 -2.0003096262e+00
64 59 53
2 0 1160 33.7300 -98.5700 1 494 -57.2800 -223.0100
-1.7473857551e-01 1.2568921067e-01 -2.1163022635e+00
62 53 44
2 0 1257 -176.7500 127.6000 1 453 -317.0200 -47.8800
-1.4468775493e-01 8.5568179731e-02 -2.1141473260e+00
47 38 31
2 0 1259 -147.0700 87.7700 1 455 -276.5400 -82.1500
-2.0768572642e-01 -2.1294672811e-02 -2.1608938424e+00
108 27 24
2 0 1270 -202.8300 -25.4700 1 496 -305.2700 -231.8600
-1.8918299601e-01 2.3849100746e-01 -2.0878781208e+00
213 205 183
2 0 1334 -196.5400 245.4800 1 531 -366.3500 79.4900
1.2035892171e-01 7.7340547562e-02 -1.8269529227e+00
127 93 66
2 0 1344 115.1700 127.3100 1 512 -58.4400 101.0100
-1.6018510247e-01 6.3247190685e-02 -2.1165550328e+00
219 60 60
2 0 1346 -162.9100 64.1800 1 491 -287.8600 -112.1100
-1.9358981983e-01 -1.6351611941e-02 -2.1489015432e+00
232 98 87
2 0 1354 -190.7800 -19.3100 1 493 -295.7800 -219.8600
-1.8434579950e-01 8.8195193326e-02 -2.1289948448e+00
177 169 150
2 0 1405 -184.2200 88.1200 1 538 -314.9300 -95.7500
-2.5937874764e-01 -7.6486299263e-03 -2.1972311572e+00
105 96 82
2 0 1410 -246.4600 -15.2100 1 526 -348.6500 -238.7100
-1.2755237200e-01 -4.6252516597e-02 -2.1221491950e+00
140 109 81
2 0 1415 -128.3500 -46.4700 1 546 -226.3900 -229.3200
-2.1756807138e-01 -1.3700667472e-02 -2.1480532629e+00
252 237 216
2 0 1445 -214.6100 -16.7400 1 560 -323.2200 -224.0200
-2.3007379122e-01 -2.9726257184e-02 -2.1651815847e+00
17 14 14
2 0 1446 -223.9900 -34.2600 1 563 -326.4800 -249.0100
1.2457830140e-01 9.3619879946e-02 -1.8165587271e+00
12 11 8
2 0 1460 120.1900 148.8700 1 567 -61.4800 128.5000
