# Bundle file v0.3
3 530
2.2277755225e+03 -4.2556343761e-04 1.0559137858e-03
9.9293763748e-01 -1.5340589780e-02 1.1764146537e-01
7.7561598551e-03 9.9787724026e-01 6.4659534181e-02
-1.1838365619e-01 -6.3290439100e-02 9.9094885351e-01
1.1778569578e+00 6.4319792725e-01 6.5474518988e-02
2.0893626563e+03 1.0564893254e-01 1.0229702770e-02
-2.5772815346e-01 -9.3468346403e-01 2.4483263871e-01
9.4582580889e-01 -1.9227116347e-01 2.6162060111e-01
-1.9745819341e-01 2.9899602299e-01 9.3360143535e-01
2.6635684922e+00 2.4974572692e+00 1.6563435658e+01
2.1281807313e+03 -3.6733115591e-02 -4.6527774378e-03
9.8869292755e-01 1.4226133496e-02 1.4927796934e-01
-3.3124516720e-02 9.9161769293e-01 1.2488842001e-01
-1.4624999623e-01 -1.2842105818e-01 9.8087663364e-01
1.4276917272e+00 1.1039620464e+00 3.4765021641e-01
-9.6574766976e-01 1.1403567360e+00 -9.4061959473e+00
208 202 180
2 0 1 -219.2300 281.9100 2 8 -218.6300 261.2200
-9.1528054888e-01 1.1127412410e+00 -9.3799854113e+00
210 204 184
2 0 2 -206.3200 276.2700 2 11 -206.8000 255.8500
-8.9627607962e-01 1.0646330085e+00 -9.3923057829e+00
188 181 160
2 0 6 -201.6700 264.1500 2 19 -202.7100 243.6600
-9.3747938534e-01 1.0572877961e+00 -9.3789792148e+00
161 154 134
2 0 7 -211.5700 263.0300 2 20 -212.5200 243.1900
-1.0525696738e+00 1.0368106039e+00 -9.3112709686e+00
228 222 200
2 0 8 -239.4100 261.2500 2 18 -239.8100 243.6000
-9.7680069925e-01 1.0164074879e+00 -9.3659194899e+00
218 210 191
2 0 11 -221.0200 253.8300 2 24 -222.1100 234.7800
-1.0128658979e+00 9.9983589934e-01 -9.3402751377e+00
158 150 129
2 0 13 -229.7100 250.9900 2 31 -230.6700 232.7300
-9.1723075579e-01 1.0015097012e+00 -9.3745419561e+00
232 224 205
2 0 14 -206.4600 249.7800 2 34 -207.9800 230.1200
-1.0339979551e+00 9.4537518836e-01 -9.3156005935e+00
205 197 175
2 0 19 -234.5700 238.8400 2 45 -236.0700 221.5000
-9.2125465527e-01 8.3543305348e-01 -9.3850165453e+00
177 169 159
2 0 31 -207.2800 209.4500 2 61 -210.0300 190.4500
-8.9198442642e-01 8.3685385560e-01 -9.3957870817e+00
124 112 90
2 0 32 -200.2100 209.3500 2 65 -203.1200 189.9200
-8.9824010681e-01 8.2622113246e-01 -9.3966260571e+00
172 160 138
2 0 34 -201.6600 206.7500 2 66 -204.7600 187.4600
-8.9824010681e-01 8.2622113246e-01 -9.3966260571e+00
172 160 138
2 0 35 -201.6600 206.7500 2 67 -204.7600 187.4600
-9.3073289983e-01 7.6754997413e-01 -9.3966983155e+00
160 149 129
2 0 41 -209.5100 192.6800 2 74 -212.9100 173.9400
-9.5232654598e-01 6.7567365263e-01 -9.3677905338e+00
174 161 137
2 0 51 -213.8900 171.3800 2 84 -218.9200 153.9900
-7.7389650995e-01 6.0209591596e-01 -9.4590311925e+00
184 174 164
2 0 56 -171.5800 150.8000 2 91 -177.1700 130.4100
-8.2439654238e-01 4.4807613729e-01 -9.4400864202e+00
209 199 187
2 0 72 -183.2300 114.4300 2 113 -189.9400 95.3400
-8.3178103999e-01 4.1543569129e-01 -9.4339713292e+00
244 238 222
2 0 74 -184.8700 106.7400 2 118 -191.8500 87.9200
-7.8758127769e-01 3.4917759691e-01 -9.4081883282e+00
70 60 50
2 0 79 -173.8300 91.5100 2 129 -181.1100 72.7200
-8.3410297497e-01 3.4101742429e-01 -9.4314313111e+00
249 245 226
2 0 80 -185.1800 88.8700 2 132 -192.8900 70.3700
-8.3410297497e-01 3.4101742429e-01 -9.4314313111e+00
249 245 226
2 0 81 -185.1800 88.8700 2 133 -192.8900 70.3700
-8.4832561597e-01 3.3976527369e-01 -9.4277744380e+00
96 87 70
2 0 82 -188.6000 88.6500 2 131 -196.2800 70.3400
-7.0487843219e-01 3.4730251474e-01 -9.5068872967e+00
143 132 120
2 0 83 -154.8600 88.6100 2 135 -162.9800 67.8200
-6.7459404986e-01 3.3208094863e-01 -9.4822490388e+00
77 68 60
2 0 85 -147.2800 85.6200 2 554 -155.3600 64.8600
-8.5038670097e-01 3.2414022864e-01 -9.4259658927e+00
248 243 226
2 0 87 -189.0600 84.9300 2 137 -196.8400 66.7000
-8.0468231887e-01 3.2332504259e-01 -9.4189234543e+00
201 191 179
2 0 89 -177.9100 84.9500 2 138 -185.6800 66.3500
-7.0124630308e-01 3.2936251348e-01 -9.5167684125e+00
246 240 225
2 0 90 -154.0000 84.0700 2 557 -162.4500 63.2200
-7.3529069360e-01 3.1820791283e-01 -9.5496153425e+00
65 51 43
2 0 95 -162.0600 80.4400 2 559 -171.6100 59.8700
-6.9281064693e-01 3.1193979420e-01 -9.4950068922e+00
240 234 220
2 0 96 -151.6800 80.4500 2 143 -160.1400 59.8300
-6.9281064693e-01 3.1193979420e-01 -9.4950068922e+00
240 234 220
2 0 97 -151.6800 80.4500 2 144 -160.1400 59.8300
-8.0682354740e-01 2.9821707174e-01 -9.4605979139e+00
84 69 62
2 0 100 -178.7600 77.8900 2 145 -186.9800 58.8500
-8.5375613222e-01 2.8317802856e-01 -9.4626740771e+00
74 67 59
2 0 103 -189.9100 74.1200 2 149 -198.5900 55.6900
-6.5120333405e-01 2.3688665124e-01 -9.5539582121e+00
87 84 69
2 0 106 -142.9500 61.5000 2 161 -151.0600 39.4400
-8.4053430295e-01 2.1787654898e-01 -9.4194650895e+00
160 115 113
2 0 109 -186.4200 59.4600 2 160 -194.9700 41.4500
-6.8092714577e-01 2.2464152095e-01 -9.5075355239e+00
156 51 56
2 0 110 -149.0400 59.4200 2 162 -157.7400 38.5500
-1.0732874767e-01 1.1102388137e-01 -1.0450213474e+01
97 102 68
2 0 129 -34.2800 16.6400 2 192 -51.2400 -18.6600
-5.9889998102e-01 4.0992007054e-02 -9.4774682314e+00
80 63 53
2 0 131 -128.4500 16.1600 2 578 -138.5400 -4.7400
-9.2976177424e-01 -1.4014726135e-01 -9.3834193202e+00
204 118 87
2 0 144 -207.0100 -27.0500 2 202 -218.6600 -43.0300
-9.1649280003e-01 -1.6732855840e-01 -9.3723501670e+00
181 96 79
2 0 146 -203.6200 -33.5200 2 207 -215.4500 -49.4600
-9.2485428161e-01 -1.8860841461e-01 -9.2999812302e+00
161 54 44
2 0 149 -205.2600 -37.8600 2 208 -216.6700 -52.8400
-6.3400453137e-01 -1.7623380528e-01 -9.6309985560e+00
39 24 20
2 0 150 -137.9600 -38.0600 2 210 -151.5100 -59.7900
-5.4045375775e-01 -2.0748373339e-01 -9.5972717311e+00
109 38 43
2 0 157 -115.2600 -44.8500 2 219 -128.7700 -67.0800
-1.6090074549e+00 -2.6900080381e-01 -9.3077094076e+00
85 80 92
2 0 162 -376.2200 -59.5600 2 221 -388.4100 -67.9700
-6.2304042410e-01 -2.7788410942e-01 -9.4325751279e+00
205 62 65
2 0 163 -132.8500 -60.1500 2 234 -145.0800 -79.9300
-5.8826620420e-01 -3.1868039270e-01 -9.5328862084e+00
36 23 15
2 0 168 -125.2500 -70.9600 2 239 -139.5100 -91.7900
-5.7906654913e-01 -3.4551584107e-01 -9.5375515096e+00
34 12 2
2 0 175 -123.1500 -77.3600 2 244 -137.4400 -98.4000
-5.6504049279e-01 -4.6574133635e-01 -9.5387145395e+00
115 31 40
2 0 198 -119.3100 -106.2200 2 271 -134.9000 -127.2200
-7.7764228309e-01 -5.4683032301e-01 -9.4428220199e+00
135 30 37
2 0 217 -169.3200 -126.1900 2 646 -184.8700 -144.1800
-1.5805709204e+00 -5.4292225274e-01 -9.1932664580e+00
123 118 90
2 0 220 -370.6300 -127.3400 2 278 -383.9800 -134.9100
-1.0900274614e+00 -5.6296360929e-01 -9.2803113605e+00
106 52 26
2 0 223 -245.2800 -131.0000 2 645 -260.4300 -143.9700
-1.5235920908e+00 -5.6767505002e-01 -9.2620984450e+00
164 153 121
2 0 225 -354.6600 -133.6800 2 288 -369.8600 -142.3500
-5.3668990215e-01 -5.8257635320e-01 -9.5710167418e+00
89 30 36
2 0 229 -112.6800 -134.2300 2 297 -129.4400 -155.8300
9.3814748652e-03 -6.0454034206e-01 -1.0570737615e+01
66 118 65
2 0 233 -9.9300 -138.2900 2 315 -32.2000 -174.4900
-5.0112433351e-01 -6.0823703912e-01 -9.6917693472e+00
96 28 39
2 0 235 -106.5000 -140.1700 2 300 -123.4000 -163.7500
5.1057947379e-02 -6.2186693280e-01 -1.0574457265e+01
80 92 80
2 0 240 -1.4700 -141.7100 2 322 -23.1500 -178.6100
-6.1518481665e-01 -6.4083795898e-01 -9.5774087022e+00
106 88 64
2 0 250 -131.4700 -148.4400 2 306 -148.5500 -169.5000
-6.0200750251e-01 -6.5123119854e-01 -9.6116824205e+00
219 157 139
2 0 252 -128.8400 -150.8400 2 683 -146.0700 -172.4600
-5.0155729662e-01 -6.7343122843e-01 -9.6214062949e+00
113 50 43
2 0 259 -105.0800 -155.7300 2 320 -122.4400 -178.4000
-7.2807028337e-02 -6.9308563255e-01 -9.8775035201e+00
76 113 69
2 0 261 -10.0400 -158.6500 2 331 -30.1300 -187.2700
-2.5173303966e-01 -7.0428596750e-01 -9.7956485497e+00
99 85 71
2 0 264 -50.1100 -161.6700 2 336 -68.0200 -188.7100
-7.5703243606e-01 -7.1148421017e-01 -9.4359426173e+00
96 101 136
2 0 268 -163.6400 -166.3100 2 327 -180.8800 -184.3600
-6.5213535921e-01 -7.1751117062e-01 -9.6106050353e+00
182 146 127
2 0 270 -140.6500 -166.8600 2 335 -158.3300 -188.0900
-1.2016288804e+00 -7.4428682663e-01 -9.2097633485e+00
152 100 63
2 0 277 -272.9500 -176.9000 2 334 -289.5900 -188.0700
-1.0870868898e+00 -7.6467804327e-01 -9.3604816561e+00
38 10 4
2 0 284 -244.4500 -180.8900 2 695 -261.5900 -195.2100
-5.2238236533e-01 -7.8238604324e-01 -9.6932308684e+00
153 50 57
2 0 285 -110.9100 -181.5200 2 349 -129.4500 -204.8800
-4.7132006354e-01 -7.9609381393e-01 -9.6480104332e+00
84 35 38
2 0 290 -97.9000 -184.8000 2 355 -116.5800 -208.0000
-4.7132006354e-01 -7.9609381393e-01 -9.6480104332e+00
84 35 38
2 0 291 -97.9000 -184.8000 2 356 -116.5800 -208.0000
-1.5023350017e+00 -7.8806056745e-01 -9.3279281763e+00
160 128 104
2 0 294 -348.6200 -188.5500 2 343 -365.8200 -198.7600
-5.0091689033e-01 -8.1295594223e-01 -9.6592483233e+00
50 0 2
2 0 295 -105.0200 -188.9000 2 360 -123.9600 -211.9500
-7.3499880827e-01 -8.1907726962e-01 -9.5280644846e+00
124 126 140
2 0 296 -159.2700 -191.9400 2 359 -177.4200 -211.5600
-7.1770528830e-01 -8.3268038693e-01 -9.4593060899e+00
107 116 128
2 0 299 -153.9300 -195.6500 2 362 -172.4600 -214.3800
-6.4796370445e-01 -8.4671442566e-01 -9.6759012593e+00
209 192 164
2 0 302 -140.0400 -197.4700 2 368 -159.3600 -219.4600
-6.7381172298e-01 -8.5379510254e-01 -9.6221107667e+00
247 201 187
2 0 303 -145.5200 -199.5600 2 716 -164.5700 -220.7600
-6.7023091724e-01 -8.8817560798e-01 -9.6101318962e+00
139 117 98
2 0 316 -144.1400 -207.9700 2 386 -163.9700 -228.8700
-1.3269036275e+00 -9.0300166488e-01 -9.4016424805e+00
91 74 63
2 0 322 -303.5100 -216.0300 2 385 -322.9300 -228.6800
-5.1985087548e-01 -9.5272704353e-01 -9.6380774152e+00
111 98 80
2 0 331 -108.7500 -222.4400 2 402 -128.7100 -245.2200
-4.2207417870e-01 -1.0235624953e+00 -9.6800673921e+00
94 82 70
2 0 342 -86.3400 -238.3900 2 419 -106.5900 -262.7400
-2.4719854493e-01 -1.1111290391e+00 -9.8052711221e+00
98 87 70
2 0 361 -47.7600 -256.8400 2 453 -69.1400 -284.1200
-4.9550829633e-01 -1.1274687185e+00 -9.6723990841e+00
102 90 74
2 0 367 -103.6100 -263.4400 2 764 -123.9900 -287.5400
-5.1322523046e-01 -1.1318234883e+00 -9.6005070561e+00
145 132 115
2 0 369 -105.8700 -265.7900 2 457 -127.3800 -288.3400
-5.1322523046e-01 -1.1318234883e+00 -9.6005070561e+00
145 132 115
2 0 370 -105.8700 -265.7900 2 458 -127.3800 -288.3400
-5.0902440499e-01 -1.1648049393e+00 -9.6805974115e+00
209 196 179
2 0 377 -106.3900 -272.5000 2 776 -128.0100 -296.2400
-1.5108265591e+00 -1.1606014739e+00 -9.2049436507e+00
121 81 63
2 0 387 -351.0900 -283.8700 2 468 -372.2900 -293.0300
-9.8674913131e-01 1.1372623455e+00 -9.3643315139e+00
178 172 150
2 0 403 -223.5400 282.9500 2 491 -223.8300 263.4300
-9.7734026649e-01 1.1133058020e+00 -9.3268076794e+00
236 230 208
2 0 404 -220.7800 278.8200 2 492 -221.5300 259.9900
-1.0269166427e+00 1.1075040098e+00 -9.3422432106e+00
183 177 155
2 0 407 -233.3500 276.9100 2 493 -233.3800 258.1800
-1.0269166427e+00 1.1075040098e+00 -9.3422432106e+00
183 177 155
2 0 408 -233.3500 276.9100 2 494 -233.3800 258.1800
-9.2066174924e-01 1.0491031601e+00 -9.3947845114e+00
175 167 148
2 0 411 -207.6900 260.3900 2 502 -208.5900 240.1300
-9.5878030867e-01 1.0150474680e+00 -9.3533795469e+00
220 212 193
2 0 415 -216.6200 254.0400 2 506 -217.5500 234.9300
-9.9753584667e-01 9.9914308489e-01 -9.3444984021e+00
231 223 204
2 0 418 -226.0000 250.6300 2 507 -226.9700 232.1400
-9.0358295562e-01 1.0012060333e+00 -9.4059916680e+00
166 158 139
2 0 419 -203.4300 248.3800 2 510 -205.0200 228.1200
-9.0358295562e-01 1.0012060333e+00 -9.4059916680e+00
166 158 139
2 0 420 -203.4300 248.3800 2 511 -205.0200 228.1200
-8.8953705022e-01 9.9718838119e-01 -9.3925177964e+00
241 233 212
2 0 421 -199.8900 247.9600 2 512 -201.5200 227.7700
-9.1594306326e-01 9.7775704478e-01 -9.3797817047e+00
148 139 122
2 0 425 -206.3600 243.9200 2 40 -207.6600 224.1500
-8.7253995199e-01 9.2223137095e-01 -9.4460695724e+00
31 29 22
2 0 431 -196.1500 227.8500 2 522 -198.4900 207.0900
-8.3922024594e-01 9.2668768590e-01 -9.5388182083e+00
20 15 8
2 0 432 -188.9900 225.2400 2 812 -191.7200 202.8800
-1.0339451519e+00 8.7654611628e-01 -9.4326530271e+00
178 166 150
2 0 434 -235.3000 217.6700 2 526 -237.1700 198.8100
-9.2065347481e-01 7.5843790018e-01 -9.3732570739e+00
195 182 165
2 0 440 -206.8200 191.3100 2 75 -210.3100 172.8600
-7.6085309477e-01 4.8619602016e-01 -9.4094929087e+00
78 65 56
2 0 458 -167.5000 124.4500 2 548 -174.0500 105.0800
-7.7119195026e-01 4.3545374264e-01 -9.4197106691e+00
63 56 42
2 0 462 -170.1300 111.9900 2 115 -176.8700 92.6600
-6.6913659382e-01 2.3657346417e-01 -9.5484647297e+00
40 31 25
2 0 468 -147.4800 61.6400 2 570 -154.9000 39.5800
5.4997787755e-02 1.7504004485e-01 -1.0493412752e+01
6 11 9
2 0 480 -1.1100 30.1300 2 580 -17.3700 -7.4700
-6.3003180987e-01 9.6881527143e-02 -9.5527085607e+00
193 46 54
2 0 482 -136.9200 28.0500 2 174 -147.3600 6.5800
-6.3864643439e-01 6.7136429587e-02 -9.5156901622e+00
207 67 71
2 0 484 -138.2600 21.5600 2 576 -149.0000 0.7900
-6.2338605860e-01 4.7450905342e-02 -9.4997295785e+00
186 55 64
2 0 485 -134.5300 17.2300 2 182 -144.9500 -3.6100
-6.8262908408e-01 2.7137191424e-02 -9.5032627044e+00
208 46 51
2 0 487 -148.4200 12.0800 2 856 -159.6400 -7.9400
-6.6377381658e-01 -3.8392967761e-02 -9.5515362960e+00
237 72 79
2 0 497 -144.4500 -4.2800 2 582 -156.2700 -25.0400
-7.5975072461e-01 -5.2768213934e-02 -9.5047401016e+00
157 40 39
2 0 499 -166.9400 -7.2000 2 195 -178.4900 -26.4800
-1.0580292109e+00 -1.6364568098e-01 -9.2570033353e+00
22 21 17
2 0 505 -237.9400 -31.5800 2 587 -249.4600 -44.5000
-6.3834563451e-01 -2.0508405173e-01 -9.6475060040e+00
46 42 22
2 0 511 -139.5900 -44.9100 2 218 -152.5500 -67.1200
-5.5216207610e-01 -2.2563574157e-01 -9.5993714442e+00
46 24 11
3 0 513 -117.0100 -48.5000 2 595 -130.6400 -70.6100 1 442 -184.0100 136.3700
-1.6157633938e+00 -2.8651206789e-01 -9.3154204467e+00
80 77 102
2 0 516 -377.8600 -63.9900 2 596 -390.1700 -72.4700
-5.7288192061e-01 -3.3039532567e-01 -9.4998090495e+00
80 67 56
2 0 521 -121.1600 -73.4200 2 605 -135.0700 -94.1000
-6.2880583710e-01 -3.7136910186e-01 -9.5280430589e+00
165 65 68
2 0 527 -134.7400 -83.6900 2 249 -149.4300 -104.0400
-5.7154845068e-01 -3.7341279674e-01 -9.5605216622e+00
46 22 14
3 0 530 -121.3600 -84.0000 2 611 -135.9500 -105.2600 1 591 -224.9000 129.8700
-6.1047975312e-01 -3.7095504931e-01 -9.5802411311e+00
41 8 3
3 0 531 -131.4900 -84.3100 2 610 -146.1900 -105.0900 1 701 -225.0100 140.9200
-7.6643949760e-01 -3.9010048119e-01 -9.4657759718e+00
164 33 38
2 0 532 -167.5800 -88.0600 2 612 -181.2200 -106.7100
-5.8809417192e-01 -3.8879133275e-01 -9.5685858889e+00
57 13 8
2 0 533 -125.6300 -87.9600 2 616 -140.4800 -109.2400
-7.9988205745e-01 -4.0122297306e-01 -9.3585846506e+00
33 30 29
2 0 534 -174.0900 -90.4200 2 613 -188.3100 -107.0100
-1.6109396942e+00 -4.3199890451e-01 -9.4026183307e+00
70 68 60
2 0 542 -374.8900 -100.7700 2 618 -390.1400 -110.1800
-1.4563657042e+00 -4.3827889042e-01 -9.4285707089e+00
96 90 80
2 0 545 -336.2300 -101.9200 2 620 -351.3500 -113.2200
-1.5695371212e+00 -4.5255158454e-01 -9.3547121298e+00
133 126 109
2 0 546 -365.3200 -105.4200 2 622 -380.0000 -114.7600
-1.4616175213e+00 -4.5444077754e-01 -9.3531056972e+00
132 125 115
2 0 547 -338.3100 -105.5200 2 894 -352.8600 -115.9000
-1.4791432235e+00 -4.5843262536e-01 -9.3491038318e+00
69 60 51
2 0 549 -342.7900 -106.5300 2 625 -357.2500 -116.7300
-1.4987756175e+00 -4.8673676680e-01 -9.3663781627e+00
126 109 90
2 0 559 -347.4300 -113.7000 2 636 -362.4400 -123.9000
-1.1199722022e+00 -5.0115349323e-01 -9.2695054613e+00
88 75 63
2 0 560 -253.0900 -115.6200 2 637 -267.2100 -128.2800
-6.1115238116e-01 -5.2326641369e-01 -9.5953394233e+00
162 58 49
2 0 563 -131.0600 -120.3200 2 644 -147.3200 -141.5900
-6.5998745486e-01 -5.4941214033e-01 -9.5048836991e+00
230 196 158
2 0 565 -141.5300 -126.5300 2 647 -157.4000 -146.3500
-6.7475972281e-01 -5.6669318658e-01 -9.5065089161e+00
206 173 140
2 0 566 -145.0100 -130.7800 2 652 -161.1500 -150.4400
-6.2208731331e-01 -5.7449692367e-01 -9.5532614665e+00
234 176 160
2 0 568 -132.9000 -132.5600 2 655 -149.4400 -153.2100
-1.4601365419e+00 -5.6934163938e-01 -9.1681422884e+00
166 107 94
2 0 569 -339.1200 -133.8200 2 643 -354.3100 -141.6600
-1.2052354479e+00 -5.9036775898e-01 -9.1848542094e+00
142 104 68
2 0 574 -274.1600 -138.1800 2 650 -289.2300 -148.7900
-6.3182157059e-01 -6.0706053865e-01 -9.5614809473e+00
84 71 44
2 0 576 -135.3400 -140.3900 2 667 -152.0300 -161.1200
-4.6818330757e-01 -6.1248373653e-01 -9.6855804112e+00
66 50 35
2 0 578 -98.7000 -141.0200 2 671 -115.4500 -164.8900
-4.9065072730e-01 -6.1525864399e-01 -9.6776207711e+00
32 15 6
2 0 580 -103.7900 -141.7800 2 673 -120.6400 -165.3100
-4.6354105164e-01 -6.4211514101e-01 -9.6619246807e+00
76 60 44
3 0 587 -97.4200 -148.3000 2 684 -114.5500 -172.2000 1 611 -285.5000 96.5400
-6.1842148722e-01 -6.7480187023e-01 -9.6067739200e+00
85 68 47
2 0 590 -132.7700 -156.4800 2 920 -149.8700 -178.0300
-1.5859173443e+00 -6.7559470507e-01 -9.1419618730e+00
146 107 72
2 0 595 -371.9300 -161.1900 2 676 -387.4900 -167.8200
-6.8506653103e-01 -7.6068953206e-01 -9.5870867975e+00
173 36 31
2 0 600 -148.0300 -177.4400 2 697 -166.1200 -198.0700
-6.1336861752e-01 -7.7606922986e-01 -9.5895350119e+00
207 182 153
2 0 603 -130.9000 -180.8100 2 700 -149.0200 -202.1500
-7.3500968882e-01 -7.7803614113e-01 -9.4623301943e+00
149 151 178
2 0 605 -158.4600 -182.3400 2 699 -176.2700 -201.0100
-1.9076495622e-01 -7.9565267621e-01 -9.8174685375e+00
52 45 29
2 0 606 -35.9800 -182.7700 2 705 -55.1400 -210.3800
-1.2938375830e+00 -7.6786579194e-01 -9.2130420828e+00
67 65 45
2 0 607 -296.8200 -183.0400 2 692 -312.7300 -193.8000
-5.5449613191e-01 -8.1124051948e-01 -9.7326556047e+00
237 220 194
2 0 610 -118.9300 -188.3500 2 708 -138.0700 -211.8100
-5.8943812872e-01 -8.1193270794e-01 -9.6198415156e+00
221 182 157
2 0 611 -125.4300 -189.2100 2 706 -144.1800 -211.0500
-6.0182920827e-01 -8.1506455183e-01 -9.6968102001e+00
127 92 71
2 0 613 -129.7500 -189.5400 2 710 -148.3700 -212.3600
-1.5106189313e+00 -7.9012919866e-01 -9.1888455768e+00
179 138 118
2 0 614 -352.1100 -189.7700 2 342 -368.6100 -198.0900
-5.7062741185e-01 -8.2141076643e-01 -9.7105555029e+00
147 78 67
2 0 616 -122.1600 -191.0100 2 711 -141.6900 -213.9200
-6.2206570648e-01 -8.4359094649e-01 -9.6626841047e+00
136 40 38
2 0 618 -134.0400 -196.5600 2 714 -152.6300 -218.8900
-5.8347380924e-01 -8.5016142663e-01 -9.6946940627e+00
174 67 65
2 0 620 -125.1100 -197.8700 2 371 -144.3400 -220.7100
-4.6652501284e-01 -8.6847899546e-01 -9.7342873846e+00
71 39 29
2 0 622 -98.3400 -201.3900 2 958 -117.4800 -225.8600
-4.5506305376e-01 -9.1130975602e-01 -9.7874087018e+00
66 54 38
2 0 628 -97.0000 -210.8600 2 726 -115.6600 -236.5000
-6.1346086927e-01 -9.1717546505e-01 -9.6345069208e+00
172 57 59
2 0 631 -131.1400 -214.3700 2 725 -150.7000 -236.3200
-5.8891281689e-01 -9.2560425258e-01 -9.5784199456e+00
107 36 32
2 0 634 -124.3100 -216.7500 2 729 -143.9000 -238.1900
-5.1356412680e-01 -9.4009577914e-01 -9.6542752047e+00
246 232 213
2 0 636 -107.5300 -219.2800 2 733 -127.5300 -242.2500
-6.2724856991e-01 -9.4518525867e-01 -9.6027717243e+00
123 100 82
2 0 640 -133.9100 -221.3900 2 401 -153.5500 -242.9000
-5.0528049729e-01 -9.6296917832e-01 -9.6507340328e+00
239 223 200
2 0 643 -105.4300 -224.7300 2 736 -125.6100 -247.7500
-1.3293458349e+00 -9.4683520247e-01 -9.2685986486e+00
127 110 101
2 0 648 -304.4600 -228.1600 2 730 -324.0700 -239.0600
-6.5134850341e-01 -1.0390007068e+00 -9.7613935243e+00
241 228 211
2 0 652 -141.4500 -242.4300 2 743 -162.7300 -265.5500
-6.5134850341e-01 -1.0390007068e+00 -9.7613935243e+00
241 228 211
2 0 653 -141.4500 -242.4300 2 744 -162.7300 -265.5500
-6.3730603177e-01 -1.0412995089e+00 -9.7403828661e+00
105 92 73
2 0 656 -137.9100 -243.1000 2 745 -159.0000 -266.1600
-6.3730603177e-01 -1.0412995089e+00 -9.7403828661e+00
105 92 73
2 0 657 -137.9100 -243.1000 2 746 -159.0000 -266.1600
-3.1285978598e-01 -1.0802658059e+00 -9.8349835538e+00
117 104 86
3 0 661 -63.4900 -249.9200 2 435 -85.0600 -276.1000 1 505 -396.6600 48.3800
-9.6770759666e-01 -1.1547812964e+00 -9.6121363737e+00
96 78 66
2 0 675 -215.6000 -273.3500 2 770 -236.7800 -292.6000
-1.4081057461e+00 -1.1474604066e+00 -9.2215395231e+00
157 96 91
2 0 683 -324.8800 -279.6400 2 463 -345.4700 -290.0500
-1.0166374396e+00 1.1711843586e+00 -9.3400990058e+00
162 155 136
2 0 705 -230.8600 292.3200 2 782 -230.5200 273.1900
-9.8563681085e-01 1.1737546244e+00 -9.3525715988e+00
164 158 136
3 0 706 -222.9600 292.6400 2 783 -222.5900 272.7600 1 534 116.6900 277.5500
-9.8563681085e-01 1.1737546244e+00 -9.3525715988e+00
164 158 136
3 0 707 -222.9600 292.6400 2 784 -222.5900 272.7600 1 533 116.6900 277.5500
-1.0055676335e+00 1.1380522133e+00 -9.3716071560e+00
235 229 207
2 0 710 -228.3400 282.8900 2 786 -228.2700 263.3500
-9.5265933619e-01 1.0855604437e+00 -9.3635387020e+00
155 147 126
2 0 714 -215.1600 270.5100 2 495 -215.8900 250.9200
-9.5265933619e-01 1.0855604437e+00 -9.3635387020e+00
155 147 126
2 0 715 -215.1600 270.5100 2 496 -215.8900 250.9200
-9.6860520397e-01 1.0619219180e+00 -9.4087010155e+00
231 223 202
2 0 716 -219.3700 262.9000 2 500 -220.2700 242.9300
-1.0432097139e+00 1.0354148749e+00 -9.3498950077e+00
178 172 150
2 0 717 -237.1300 259.1700 2 788 -238.0000 240.9800
-1.0432097139e+00 1.0354148749e+00 -9.3498950077e+00
178 172 150
2 0 718 -237.1300 259.1700 2 789 -238.0000 240.9800
-9.7909668909e-01 1.0332030989e+00 -9.3761779223e+00
157 149 130
2 0 719 -221.6300 257.4200 2 794 -222.7000 238.1900
-1.0018768589e+00 1.0160848690e+00 -9.3564438201e+00
156 148 129
2 0 721 -227.0200 254.1700 2 795 -228.1600 235.5600
-1.0018768589e+00 1.0160848690e+00 -9.3564438201e+00
156 148 129
2 0 722 -227.0200 254.1700 2 796 -228.1600 235.5600
-1.0215379488e+00 9.9764139234e-01 -9.3423411049e+00
158 150 129
2 0 723 -231.8300 250.3800 2 797 -232.8200 232.2000
-8.6048582763e-01 9.9544495123e-01 -9.4726477896e+00
220 216 199
2 0 725 -193.6500 244.2100 2 516 -195.4800 222.5800
-1.0513920832e+00 9.4668276730e-01 -9.3086867949e+00
234 226 205
2 0 726 -238.8400 239.4700 2 802 -240.2300 222.3900
-1.0513920832e+00 9.4668276730e-01 -9.3086867949e+00
234 226 205
2 0 727 -238.8400 239.4700 2 801 -240.2300 222.3900
-8.8183328776e-01 9.7265780586e-01 -9.4537659096e+00
242 235 215
2 0 728 -198.5700 239.5800 2 804 -200.4900 218.5500
-8.6264358455e-01 9.7128032704e-01 -9.4670838369e+00
36 32 20
2 0 729 -194.0300 238.6800 2 805 -196.1100 217.3000
-8.5687210911e-01 9.2109677010e-01 -9.4564197587e+00
197 190 179
2 0 731 -192.3800 227.1300 2 809 -194.9600 206.1300
-8.5687210911e-01 9.2109677010e-01 -9.4564197587e+00
197 190 179
2 0 732 -192.3800 227.1300 2 810 -194.9600 206.1300
-1.0215697991e+00 8.3505983544e-01 -9.3420754603e+00
165 154 136
2 0 735 -231.5500 211.0800 2 814 -233.9100 193.7000
-9.0396775649e-01 7.7296737097e-01 -9.4190469199e+00
101 87 68
2 0 740 -203.1800 193.1600 2 817 -206.6800 173.8200
-9.9129074578e-01 7.1326492496e-01 -9.3635431239e+00
230 217 200
2 0 743 -224.0000 180.8000 2 532 -227.5700 163.3500
-9.2712415074e-01 6.7932302165e-01 -9.3612854405e+00
108 93 70
2 0 745 -208.1700 172.6300 2 821 -212.2300 154.7300
-9.2540621234e-01 6.8538902466e-01 -9.3944324390e+00
108 93 70
3 0 746 -208.1700 172.6300 2 822 -212.2300 154.7300 1 544 10.0900 247.2400
-7.6770725427e-01 4.6234648869e-01 -9.4401051597e+00
71 61 49
3 0 754 -169.3000 117.9800 2 833 -176.0300 98.3200 1 568 -31.0000 205.1500
-6.5562030402e-01 3.6048059243e-01 -9.5150729450e+00
96 84 72
2 0 757 -142.7900 91.4400 2 552 -151.7200 70.3300
-6.5959924034e-01 3.3357105846e-01 -9.4895042817e+00
48 38 29
2 0 759 -143.7200 85.7900 2 555 -151.9600 64.8300
-8.3053352892e-01 3.0759424460e-01 -9.4151119941e+00
255 252 239
2 0 761 -184.1300 81.2300 2 556 -191.9600 62.9700
-8.1545268301e-01 2.8009216127e-01 -9.4563310538e+00
32 25 17
2 0 763 -180.8300 73.6500 2 838 -189.0400 54.7500
-6.9564168115e-01 2.8276231853e-01 -9.4995353268e+00
100 93 81
2 0 764 -152.0900 73.2800 2 840 -161.3100 52.9000
-8.4402435770e-01 2.6749955846e-01 -9.4242661530e+00
32 27 21
2 0 766 -187.4800 71.3500 2 839 -195.5200 53.1500
-6.0979520196e-01 3.1372821759e-02 -9.5393731444e+00
34 9 3
3 0 778 -131.2200 12.8400 2 857 -142.3000 -8.2800 1 696 -123.0100 156.6800
-1.5541904851e-01 3.0675455212e-02 -1.0386487191e+01
65 71 45
2 0 781 -43.5500 0.2900 2 584 -59.6400 -34.2300
-7.2890183417e-01 -4.1100955285e-02 -9.5107248500e+00
223 63 67
2 0 783 -159.7700 -4.3700 2 860 -170.9500 -24.1600
-6.6668539902e-01 -7.3840508643e-02 -9.5093572824e+00
223 64 73
2 0 785 -144.4800 -12.1600 2 863 -156.4200 -32.3000
-6.9534299278e-01 -1.1031491997e-01 -9.5455219715e+00
194 39 48
2 0 786 -151.9500 -21.3600 2 865 -163.9000 -41.8000
-9.6116832022e-01 -1.5039391334e-01 -9.3360425077e+00
97 73 50
2 0 788 -214.4200 -29.0300 2 586 -225.9300 -44.0700
-7.2307736740e-01 -1.5966638104e-01 -9.5970550802e+00
24 37 24
2 0 789 -158.8000 -33.9300 2 868 -171.9300 -54.4700
-5.2913973968e-01 -1.6604833416e-01 -9.5440347402e+00
201 36 52
2 0 790 -111.7200 -34.4000 2 1047 -124.8300 -56.0700
-6.1114973494e-01 -1.7152817512e-01 -9.5938659617e+00
36 0 10
2 0 791 -131.9700 -36.4900 2 869 -145.4200 -57.9500
-1.3063667122e+00 -2.6901858509e-01 -9.2161661489e+00
157 151 139
2 0 793 -300.6400 -57.8400 2 873 -312.0400 -68.0400
-1.3335921779e+00 -2.8111972814e-01 -9.2161087719e+00
122 115 104
2 0 795 -307.4200 -60.9700 2 876 -319.1200 -70.8400
-1.5250646680e+00 -2.8104916057e-01 -9.3245568375e+00
96 93 124
2 0 796 -354.5900 -62.5700 2 877 -367.5300 -71.8500
-9.3643853755e-02 -2.4933486379e-01 -1.0690295305e+01
43 41 37
2 0 797 -35.9000 -63.1000 2 607 -55.6600 -100.2400
-1.4739447239e+00 -3.1597823653e-01 -9.3828211458e+00
113 109 97
2 0 803 -341.7700 -71.4000 2 600 -354.2200 -82.3200
-8.0880610711e-01 -3.2704119483e-01 -9.4487521402e+00
31 23 21
2 0 804 -177.5000 -72.9100 2 604 -191.2200 -90.7000
-1.6090657192e+00 -3.2757404734e-01 -9.3101090830e+00
42 38 30
2 0 805 -376.3000 -74.1100 2 1053 -388.7900 -82.6500
-5.8866752154e-01 -3.9050882124e-01 -9.5695005110e+00
50 8 4
2 0 814 -125.7700 -88.3800 2 891 -140.6500 -109.6600
-6.0181294153e-01 -4.0555779744e-01 -9.5731367993e+00
47 4 3
2 0 818 -128.8900 -92.0500 2 892 -143.9700 -113.2200
-1.2943757815e+00 -4.1355671936e-01 -9.3275961410e+00
143 137 124
2 0 819 -296.3900 -94.8300 2 887 -310.9100 -106.2600
-1.4756236365e+00 -4.2162867948e-01 -9.3648468195e+00
120 114 102
2 0 820 -341.7300 -97.5100 2 888 -356.0800 -107.8800
-1.5906882434e+00 -4.3015440412e-01 -9.3563113892e+00
74 71 63
2 0 821 -370.6100 -99.9500 2 889 -385.1400 -109.0800
-1.4964625114e+00 -4.5517211262e-01 -9.3454897352e+00
255 254 242
2 0 824 -347.2100 -105.7500 2 893 -361.5500 -115.7600
-1.0681942254e+00 -4.6363918819e-01 -9.2124731428e+00
48 47 45
2 0 825 -239.7100 -105.9800 2 896 -253.8300 -118.1200
-1.6236502288e+00 -4.6739222305e-01 -9.4055109439e+00
199 91 65
2 0 830 -377.9900 -109.5600 2 897 -393.6300 -118.9000
-1.1001655487e+00 -4.9366990703e-01 -9.2128919397e+00
97 75 58
2 0 832 -247.7800 -113.5800 2 898 -262.0400 -125.4900
-7.8357127982e-01 -5.1452322166e-01 -9.4811631534e+00
34 32 31
2 0 836 -171.1500 -118.4900 2 902 -186.7900 -136.8200
-5.5820682045e-01 -5.3320569772e-01 -9.5868805595e+00
219 64 73
3 0 837 -117.9800 -122.0400 2 907 -134.0000 -143.7800 1 721 -266.1800 121.3100
-1.0912364321e+00 -5.3525949801e-01 -9.2736989616e+00
197 156 115
2 0 838 -245.7000 -124.0700 2 903 -260.4100 -136.9800
-1.1948197560e+00 -5.3718197968e-01 -9.2532724709e+00
95 36 18
2 0 841 -271.7200 -124.8500 2 901 -286.3100 -136.5400
-1.1067936151e+00 -5.5478363855e-01 -9.3021898127e+00
102 51 21
3 0 842 -249.2700 -128.8600 2 905 -264.4400 -141.5900 1 547 -315.3900 232.0400
-1.1061476692e+00 -5.5407967839e-01 -9.2771245050e+00
102 51 21
2 0 843 -249.2700 -128.8600 2 906 -264.4400 -141.5900
-1.5516361604e+00 -5.5044952845e-01 -9.1884088368e+00
121 115 93
2 0 845 -362.7000 -129.3000 2 900 -377.2100 -136.7300
-6.1884113209e-01 -5.9708649616e-01 -9.5570344408e+00
215 180 156
2 0 848 -132.0800 -137.9900 2 661 -148.8900 -158.6900
-5.6577128125e-01 -6.2025485648e-01 -9.6733236760e+00
207 188 171
2 0 853 -121.2400 -143.3200 2 916 -138.5200 -165.9600
-1.5313865607e+00 -6.0805757425e-01 -9.1984676181e+00
125 95 48
2 0 854 -357.0800 -143.8800 2 909 -372.7300 -151.5400
-6.1630967411e-01 -6.2192760804e-01 -9.5709091024e+00
229 199 173
2 0 855 -131.7000 -143.9100 2 915 -148.5900 -164.8800
-4.8491641324e-01 -6.4624031085e-01 -9.6656571751e+00
19 8 1
3 0 858 -102.8800 -149.6400 2 919 -119.8500 -173.3700 1 605 -287.3900 101.9700
-6.7448004423e-01 -6.5698434702e-01 -9.5037813510e+00
166 54 47
2 0 860 -144.6900 -152.5900 2 678 -161.5200 -172.2700
-1.2036299349e+00 -6.5136736032e-01 -9.2203627597e+00
148 102 64
2 0 861 -273.6300 -153.5100 2 912 -289.4100 -164.6900
-1.2036299349e+00 -6.5136736032e-01 -9.2203627597e+00
148 102 64
2 0 862 -273.6300 -153.5100 2 913 -289.4100 -164.6900
-5.7170749622e-01 -6.8659810707e-01 -9.6898607880e+00
169 50 48
2 0 864 -122.7200 -159.0500 2 924 -140.5900 -181.8500
-5.7170749622e-01 -6.8659810707e-01 -9.6898607880e+00
169 50 48
2 0 865 -122.7200 -159.0500 2 925 -140.5900 -181.8500
-6.3813641462e-01 -6.9531970579e-01 -9.6254849378e+00
118 103 74
2 0 866 -137.7000 -161.4200 2 926 -155.0100 -183.0400
-6.5711215308e-02 -7.1234605176e-01 -9.8404304809e+00
36 36 25
2 0 867 -7.5300 -163.0700 2 933 -27.2600 -191.5100
-8.2437709031e-01 -7.1180171576e-01 -9.4817848050e+00
43 42 37
2 0 868 -180.7400 -166.4600 2 690 -197.7700 -184.6400
-6.1330503615e-01 -7.1894636870e-01 -9.5893184536e+00
140 114 90
2 0 870 -131.0500 -167.1100 2 930 -148.6800 -188.4200
-1.2032808402e+00 -7.1385667601e-01 -9.2130588986e+00
141 104 66
2 0 871 -273.4700 -169.2200 2 921 -289.7400 -180.4100
-5.9034379398e-01 -7.4368251014e-01 -9.6094713445e+00
217 191 162
2 0 873 -125.7100 -172.9200 2 693 -143.8000 -194.6100
-5.9034379398e-01 -7.4368251014e-01 -9.6094713445e+00
217 191 162
2 0 874 -125.7100 -172.9200 2 694 -143.8000 -194.6100
-5.7117840278e-01 -7.5193907873e-01 -9.6146459636e+00
138 53 43
2 0 875 -121.0500 -174.8600 2 935 -139.5200 -196.6600
-5.4827275209e-01 -8.2786243200e-01 -9.7416937205e+00
152 66 58
2 0 881 -117.4000 -192.2700 2 948 -137.0300 -215.7600
-6.2925950118e-01 -8.3002323790e-01 -9.6773489680e+00
212 201 173
2 0 884 -135.7700 -193.3700 2 945 -154.7500 -215.6100
-6.2925950118e-01 -8.3002323790e-01 -9.6773489680e+00
212 201 173
2 0 885 -135.7700 -193.3700 2 946 -154.7500 -215.6100
-4.7356814079e-01 -8.3809233318e-01 -9.6785535957e+00
223 72 71
2 0 886 -98.7200 -194.7000 2 1093 -118.1300 -218.1400
-5.2769872840e-01 -8.3765952947e-01 -9.6311823812e+00
154 36 42
3 0 887 -110.4600 -194.7300 2 1092 -130.3600 -217.8800 1 737 -345.5800 101.5900
-1.1635273679e+00 -8.2592949878e-01 -9.3679672977e+00
104 48 25
2 0 889 -263.3400 -196.3400 2 703 -281.1400 -210.1400
-1.5095329301e+00 -8.1696542555e-01 -9.1282969954e+00
166 133 110
2 0 890 -351.9300 -197.0700 2 938 -369.3500 -204.3200
2.4347712792e-02 -8.7109533793e-01 -9.9447128442e+00
69 52 27
2 0 891 10.4100 -198.8000 2 720 -10.3400 -229.3700
-6.5516251994e-01 -8.7801263055e-01 -9.6564643636e+00
213 197 175
2 0 898 -141.4000 -205.0800 2 960 -160.9100 -226.8100
-1.4212556936e+00 -8.6041667266e-01 -9.2430223839e+00
113 98 82
2 0 899 -328.5500 -206.8800 2 950 -346.3000 -216.7700
-6.4017048092e-01 -8.9182429058e-01 -9.6259434562e+00
158 56 46
2 0 901 -137.3700 -208.5200 2 962 -156.8700 -230.0400
-5.2783336715e-01 -9.1724354123e-01 -9.5991939894e+00
248 241 216
3 0 906 -109.6700 -213.4600 2 964 -129.4100 -236.2500 1 837 -369.6700 95.3500
-2.7550413855e-01 -9.3178410674e-01 -9.8068787499e+00
83 73 51
2 0 907 -55.2000 -214.8500 2 734 -74.7400 -241.9600
-5.9264591926e-01 -9.4714996594e-01 -9.6284221975e+00
88 70 55
2 0 908 -125.8700 -221.5500 2 967 -145.9100 -243.5300
-7.9351940769e-01 -1.0096134799e+00 -9.3980810634e+00
91 77 66
2 0 914 -172.2000 -239.4900 2 415 -190.2800 -257.7900
-6.9565958655e-01 -1.0627146443e+00 -9.7084271616e+00
41 29 15
2 0 916 -150.9800 -248.9200 2 1111 -172.6800 -270.9400
-6.7684825168e-01 -1.0905947981e+00 -9.6410697468e+00
44 31 15
2 0 919 -145.6300 -256.2400 2 437 -167.1800 -277.7500
-6.7684825168e-01 -1.0905947981e+00 -9.6410697468e+00
44 31 15
2 0 920 -145.6300 -256.2400 2 438 -167.1800 -277.7500
-1.2650007048e+00 -1.1061347708e+00 -9.5392453431e+00
135 118 124
2 0 928 -287.8800 -264.0900 2 980 -308.8000 -279.7300
-1.0069947458e+00 9.8644707452e-01 -9.3498915296e+00
235 227 206
2 0 953 -228.2900 247.3400 2 798 -229.4300 228.9600
-1.0059309293e+00 9.8910704347e-01 -9.3605613515e+00
235 227 206
3 0 954 -228.2900 247.3400 2 799 -229.4300 228.9600 1 539 74.1200 274.7600
-1.0330846518e+00 9.0327288330e-01 -9.3382616034e+00
164 156 137
2 0 957 -234.4800 227.7500 2 992 -236.2200 210.2200
-9.7264433749e-01 9.3350303249e-01 -9.6696970068e+00
186 175 155
2 0 958 -221.8700 221.9800 2 813 -224.3900 199.1000
-8.8213812552e-01 8.3785767690e-01 -9.3999107128e+00
122 110 86
3 0 962 -197.4300 209.6700 2 994 -200.3200 190.0500 1 671 48.7400 244.6300
-9.4487022227e-01 6.9409941888e-01 -9.3656280362e+00
241 226 205
2 0 966 -212.5700 176.0600 2 999 -216.4900 158.2200
-9.9927061321e-01 6.8481604487e-01 -9.3474252865e+00
229 218 198
2 0 967 -225.5800 174.4000 2 820 -229.7800 157.5300
-1.3354414058e+00 5.6822630709e-01 -9.2692557463e+00
64 52 38
2 0 971 -308.6600 148.6300 2 1135 -312.9200 136.6800
-1.3769936757e+00 5.3023843301e-01 -9.2714597979e+00
64 52 36
2 0 974 -318.9100 139.1900 2 825 -323.6500 127.8100
-7.6109115970e-01 3.3995667371e-01 -9.4476117975e+00
101 93 82
2 0 982 -167.7800 88.3100 2 1019 -175.4200 68.7900
-7.2617119433e-01 3.3553461792e-01 -9.5034667625e+00
46 36 24
2 0 984 -159.7600 85.8200 2 1020 -168.2100 65.4200
-7.1415295253e-01 3.0294505735e-01 -9.4971715952e+00
55 45 31
2 0 985 -156.9800 78.2900 2 1021 -165.1600 57.7500
-6.9746274151e-01 2.4866515583e-01 -9.4719632881e+00
34 29 24
3 0 988 -151.8900 65.9400 2 1023 -160.9600 46.0300 1 689 -77.4300 181.9600
-6.2239076679e-01 7.6301706989e-02 -9.5217105262e+00
31 7 13
2 0 995 -134.4500 23.6600 2 1032 -145.2100 2.6600
-8.0478654948e-03 9.1211401964e-02 -1.0725322204e+01
104 127 119
2 0 997 -19.6600 8.5700 2 1154 -37.6300 -30.2600
-1.0278309457e+00 -2.4004364091e-02 -9.3591089553e+00
114 99 79
2 0 998 -231.4400 1.5400 2 1040 -241.5300 -13.4400
-6.7642095478e-01 -1.8314789544e-02 -9.5293513614e+00
209 46 54
2 0 999 -147.1400 0.7900 2 1041 -158.8800 -19.5300
-1.5428266902e+00 -2.3471608632e-01 -9.2718407770e+00
148 139 129
2 0 1012 -360.0500 -50.4600 2 1048 -371.5000 -59.0900
-1.5981659945e+00 -2.4717855651e-01 -9.2223395523e+00
144 132 120
2 0 1013 -374.2500 -53.3200 2 1157 -386.3800 -60.4600
-6.1890051149e-01 -2.9470963535e-01 -9.4872179793e+00
16 9 5
2 0 1015 -132.0800 -64.8800 2 880 -145.7500 -84.9500
-1.5868563958e+00 -4.5541533977e-01 -9.3501381974e+00
36 17 11
2 0 1022 -369.8100 -106.1400 2 1060 -384.3300 -115.3100
-8.3880814775e-01 -4.7443656532e-01 -9.4450601730e+00
39 36 35
2 0 1023 -184.3600 -108.8100 2 1065 -199.4400 -126.2000
-5.9462984324e-01 -4.9184761822e-01 -9.5679252408e+00
45 5 4
3 0 1025 -126.2100 -111.8800 2 1068 -142.2400 -133.5300 1 826 -258.2900 131.1200
4.7629982556e-01 -4.9448229620e-01 -1.0841644708e+01
36 39 35
2 0 1027 79.7100 -113.9700 2 1073 56.4600 -156.3100
-1.5237978732e+00 -5.2041824906e-01 -9.2801063578e+00
165 155 123
2 0 1030 -354.8200 -121.8100 2 1067 -369.1700 -130.8300
-5.6714386767e-01 -5.5205945646e-01 -9.5864541772e+00
43 2 6
2 0 1031 -120.2500 -127.0700 2 1071 -136.9000 -148.5500
-5.4223775823e-01 -6.2591043550e-01 -9.6854509288e+00
35 6 2
2 0 1039 -115.9400 -144.5400 2 1075 -133.1500 -167.6000
-5.9116857589e-01 -6.7488130737e-01 -9.6884187196e+00
244 229 203
2 0 1042 -127.3800 -156.3300 2 1077 -145.0500 -178.9800
-4.5497094709e-01 -7.8535584332e-01 -9.6325844752e+00
18 12 9
2 0 1049 -93.8000 -182.2300 2 1085 -112.2800 -205.4100
-5.9540589529e-01 -7.8703437505e-01 -9.5669120196e+00
69 52 32
2 0 1051 -126.1100 -183.5100 2 1084 -144.4600 -204.6500
-9.1102026558e-01 -7.8353362667e-01 -9.3792568162e+00
73 65 60
2 0 1052 -200.7700 -184.7800 2 1080 -218.3500 -200.8500
-9.1102026558e-01 -7.8353362667e-01 -9.3792568162e+00
73 65 60
2 0 1053 -200.7700 -184.7800 2 1081 -218.3500 -200.8500
-7.1555229456e-01 -7.9814135546e-01 -9.3909714299e+00
178 46 45
2 0 1055 -152.6600 -187.5400 2 1083 -170.5700 -205.4300
-1.5284702811e+00 -7.9480708025e-01 -9.1779783219e+00
140 107 90
2 0 1056 -356.7000 -191.1200 2 936 -373.4000 -199.0700
-1.1206081722e+00 -8.3636842518e-01 -9.3802617830e+00
187 107 62
2 0 1058 -252.7300 -198.6400 2 1089 -270.5200 -213.0500
-6.1070153181e-01 -9.3720355590e-01 -9.5978630332e+00
255 232 215
2 0 1066 -129.8700 -219.4500 2 1099 -149.4800 -241.0100
-6.4001913655e-01 -9.4662004682e-01 -9.5478290109e+00
122 89 72
2 0 1068 -136.2200 -222.2400 2 1100 -155.5900 -243.0300
-1.0769167726e+00 -9.3995291148e-01 -9.4841069528e+00
32 23 16
2 0 1069 -242.1800 -223.0800 2 1197 -260.8900 -239.5000
-1.3484851915e+00 -9.7454835223e-01 -9.2154404327e+00
151 69 75
2 0 1071 -309.8400 -235.6500 2 1102 -328.8900 -245.9700
-1.3783073079e+00 -9.8289887417e-01 -9.2324384979e+00
149 69 70
2 0 1072 -317.1600 -237.7900 2 1103 -336.7300 -247.9600
-1.4091617438e+00 -9.9061153264e-01 -9.2218121832e+00
151 69 70
2 0 1073 -325.1800 -239.9700 2 1104 -344.6100 -249.8100
-1.4387534265e+00 -9.9965130609e-01 -9.2422755093e+00
150 69 67
2 0 1074 -332.4200 -242.2300 2 1106 -352.3400 -251.9900
-4.4608416188e-01 -1.1038711550e+00 -9.6631865598e+00
229 221 202
2 0 1078 -91.3400 -257.8700 2 1113 -112.3900 -281.8400
-4.4608416188e-01 -1.1038711550e+00 -9.6631865598e+00
229 221 202
2 0 1079 -91.3400 -257.8700 2 1114 -112.3900 -281.8400
-5.9998150726e-01 -1.1373412909e+00 -9.7469832741e+00
241 229 206
2 0 1084 -128.9600 -265.5900 2 1118 -150.7900 -289.2000
-1.2080488254e+00 -1.1231946210e+00 -9.6025448704e+00
50 35 32
2 0 1087 -273.5300 -267.2300 2 983 -295.3900 -283.9300
-1.4988831346e+00 -1.1548283482e+00 -9.2111977947e+00
107 66 46
2 0 1095 -348.0300 -282.2200 2 985 -369.0700 -291.5900
-9.7826950026e-01 9.9127119601e-01 -9.3797040200e+00
185 177 158
2 0 1109 -221.3800 247.1900 2 1122 -222.8000 228.1200
-9.7826950026e-01 9.9127119601e-01 -9.3797040200e+00
185 177 158
2 0 1110 -221.3800 247.1900 2 1123 -222.8000 228.1200
-9.0977740392e-01 9.8920817042e-01 -9.4182887659e+00
174 165 148
2 0 1111 -204.8700 244.9600 2 1124 -206.8600 224.7500
-8.9721934329e-01 8.6534946200e-01 -9.4336125764e+00
180 171 157
2 0 1114 -201.8200 214.7400 2 993 -204.6800 194.7300
-9.2447011265e-01 7.2129392956e-01 -9.3846564661e+00
137 122 101
2 0 1115 -207.7600 181.9500 2 996 -211.6000 163.5400
-9.2447011265e-01 7.2129392956e-01 -9.3846564661e+00
137 122 101
2 0 1116 -207.7600 181.9500 2 997 -211.6000 163.5400
-9.0534398361e-01 6.7726556878e-01 -9.3862387052e+00
243 231 209
2 0 1117 -203.0700 171.2900 2 1128 -207.2200 152.8100
9.6870356090e-01 1.0229600613e+00 -1.1916787077e+01
100 32 33
2 0 1118 134.7700 168.4200 2 1140 113.9400 109.4700
-9.4856790456e-01 6.6288108012e-01 -9.3983000942e+00
244 229 205
3 0 1119 -214.1900 166.9500 2 1003 -218.0700 149.3100 1 783 3.7600 251.8300
-9.2675470078e-01 6.3845900263e-01 -9.3889398635e+00
27 22 13
2 0 1121 -208.0900 161.8000 2 1130 -212.8200 143.7500
-1.3045695083e+00 5.8605594452e-01 -9.1020528312e+00
31 24 11
2 0 1123 -301.8100 158.6500 2 1002 -304.5900 148.6000
-1.4266281758e+00 6.0587287163e-01 -9.3274479463e+00
70 58 42
2 0 1124 -331.0600 155.9600 2 1129 -335.2700 144.0200
-1.5466392039e+00 6.1414903564e-01 -9.4351077661e+00
70 59 41
2 0 1125 -359.8000 154.4500 2 1131 -364.5200 142.2400
-1.3692037760e+00 5.9011405957e-01 -9.3392370351e+00
53 43 31
2 0 1126 -316.7400 151.7300 2 1134 -321.1500 139.0700
-7.4456867000e-01 5.9753447476e-01 -9.4111090646e+00
63 53 44
2 0 1127 -164.1600 151.2900 2 1138 -169.1900 131.1000
-7.4456867000e-01 5.9753447476e-01 -9.4111090646e+00
63 53 44
2 0 1128 -164.1600 151.2900 2 1139 -169.1900 131.1000
-1.2759950949e+00 5.5905964929e-01 -9.1901909362e+00
32 26 14
2 0 1129 -294.2800 149.0000 2 1235 -297.7700 137.4400
-1.4226584499e+00 5.5336820013e-01 -9.3468925194e+00
71 60 42
2 0 1130 -330.8500 142.7800 2 1012 -333.7300 130.1100
-1.0566035352e-02 1.3921887052e-01 -1.0431927840e+01
19 41 29
2 0 1141 -13.5100 23.3300 2 1149 -29.6000 -13.0300
-6.6330244836e-02 1.3299941408e-01 -1.0485425187e+01
131 157 148
2 0 1142 -26.7400 21.0500 2 1150 -42.9900 -15.3300
-4.9712466099e-02 9.9638437042e-02 -1.0465825911e+01
44 61 53
2 0 1143 -23.0400 14.3700 2 1042 -38.6100 -22.2400
-1.5742320428e-01 6.1155566634e-02 -1.0473525924e+01
164 169 92
2 0 1144 -45.7600 5.5800 2 1153 -62.3900 -29.6800
-7.2495575695e-01 -9.9821791655e-02 -9.5403650909e+00
204 50 56
2 0 1147 -158.9500 -18.8700 2 1155 -170.9000 -38.9300
-1.0692328320e+00 -1.5124614317e-01 -9.2332455514e+00
65 60 54
2 0 1149 -241.0100 -28.1200 2 1156 -251.6700 -40.8400
-9.2863671445e-01 -1.6252111209e-01 -9.4126432066e+00
221 174 119
3 0 1151 -207.7500 -33.7100 2 1046 -219.7200 -49.9900 1 792 -196.8100 213.7100
-6.1752910141e-01 -1.9206923859e-01 -9.6077119778e+00
143 117 81
2 0 1152 -133.7900 -41.4800 2 1159 -147.1500 -63.1500
-6.8802420582e-01 -2.0747052090e-01 -9.5585567408e+00
210 54 59
2 0 1153 -149.7300 -44.8600 2 1160 -163.3000 -65.1200
-9.0055439687e-01 -2.1772082335e-01 -9.3467618314e+00
174 38 48
2 0 1154 -199.3900 -45.5300 2 1158 -211.5600 -61.2400
-1.4245905438e+00 -2.7029734131e-01 -9.3301941857e+00
154 150 138
2 0 1155 -329.4500 -59.6600 2 1162 -342.0800 -70.0600
-8.4646374187e-01 -4.0958703850e-01 -9.4513068057e+00
45 41 38
3 0 1159 -186.7400 -92.6000 2 1059 -200.9000 -111.1200 1 800 -255.6200 187.3900
2.3051579438e-01 -4.2105130270e-01 -1.0662047926e+01
64 59 53
2 0 1160 33.7300 -98.5700 2 1167 12.2100 -137.6500
-1.2923953567e+00 -4.4196086498e-01 -9.3340026222e+00
106 99 89
2 0 1161 -295.4600 -102.0100 2 1164 -311.0100 -113.3000
2.1059184867e-01 -4.6322592352e-01 -1.0459956324e+01
7 6 4
2 0 1162 34.8100 -106.5800 2 1168 15.1800 -144.2400
-4.5411368397e-01 -5.4847164931e-01 -9.5794040948e+00
76 59 49
2 0 1165 -93.4300 -125.7200 2 1172 -109.5900 -148.3200
-3.8106500458e-02 -5.9777215873e-01 -1.0478954535e+01
99 84 80
2 0 1166 -18.5300 -136.6500 2 682 -39.0800 -172.2100
-1.4781222725e+00 -5.8541108972e-01 -9.1900759260e+00
182 41 43
2 0 1167 -343.6200 -137.9400 2 1169 -358.8700 -146.0000
-1.2285244882e+00 -5.8957616679e-01 -9.2851026428e+00
134 137 94
2 0 1168 -280.0700 -138.0900 2 1173 -295.3100 -149.9300
-1.6018259152e+00 -5.8966698705e-01 -9.2118287597e+00
128 135 101
2 0 1169 -375.2700 -139.4100 2 1170 -390.2400 -146.7500
-5.3073436333e-01 -6.6955461236e-01 -9.6537821294e+00
37 6 2
3 0 1171 -112.9400 -155.1100 2 1178 -130.3800 -178.1800 1 938 -297.8000 112.3000
-5.2973204165e-01 -6.6914205062e-01 -9.6647571240e+00
37 6 2
3 0 1172 -112.9400 -155.1100 2 1179 -130.3800 -178.1800 1 897 -297.1900 112.9800
-4.5147047210e-01 -6.9619033115e-01 -9.5914781244e+00
85 68 60
2 0 1174 -92.3400 -161.1100 2 1180 -110.2000 -183.6900
-1.3459304477e+00 -6.9809624486e-01 -9.3874278412e+00
107 90 68
2 0 1175 -309.1800 -165.3200 2 1177 -325.5100 -177.6800
-1.5239888630e+00 -7.3896597466e-01 -9.1904863051e+00
153 108 94
2 0 1178 -355.2600 -176.9500 2 1181 -371.9000 -184.8600
-4.3304935701e-01 -7.7429720244e-01 -9.6188032138e+00
81 70 59
2 0 1180 -88.3200 -179.5800 2 1187 -106.7600 -202.7400
-6.1772534935e-01 -7.7775172941e-01 -9.6145169352e+00
217 186 162
2 0 1181 -132.3300 -181.1200 2 1185 -150.5100 -202.7400
-6.1772534935e-01 -7.7775172941e-01 -9.6145169352e+00
217 186 162
2 0 1182 -132.3300 -181.1200 2 1186 -150.5100 -202.7400
-5.6767861571e-01 -8.4701491092e-01 -9.6763242897e+00
230 225 197
3 0 1186 -120.9900 -196.8000 2 1190 -140.3800 -220.2100 1 834 -349.7200 115.7500
-5.6767861571e-01 -8.4701491092e-01 -9.6763242897e+00
230 225 197
3 0 1187 -120.9900 -196.8000 2 1191 -140.3800 -220.2100 1 835 -349.7200 115.7500
-5.6767861571e-01 -8.4701491092e-01 -9.6763242897e+00
230 225 197
3 0 1188 -120.9900 -196.8000 2 1192 -140.3800 -220.2100 1 833 -349.7200 115.7500
-1.1843845086e+00 -8.3852635418e-01 -9.3885591336e+00
208 109 69
2 0 1189 -268.6400 -199.3800 2 1087 -286.3900 -213.3700
-1.4519077683e+00 -8.4951668613e-01 -9.2065187518e+00
175 37 45
2 0 1190 -336.2600 -204.6400 2 1189 -354.5500 -213.4700
-5.0092877023e-01 -8.9471162646e-01 -9.6821871941e+00
52 34 26
2 0 1191 -104.8700 -208.3300 2 1097 -125.1700 -231.4400
-6.7712926755e-01 -9.0051221326e-01 -9.7362755956e+00
169 61 55
2 0 1192 -147.6100 -209.9800 2 1196 -167.5900 -232.4700
-6.3782766484e-01 -9.9855542035e-01 -9.7037711996e+00
237 217 197
2 0 1204 -137.6700 -233.3100 2 1201 -158.2200 -255.9200
-1.2893084742e+00 -9.9001012945e-01 -9.4040574938e+00
122 112 120
2 0 1206 -293.7600 -237.4500 2 1105 -314.4500 -250.4700
-1.2604506859e+00 -9.9983249468e-01 -9.4714604404e+00
50 39 38
2 0 1207 -286.6000 -238.9800 2 1200 -307.2400 -253.2500
-6.4128260200e-01 -1.0639328016e+00 -9.7409473034e+00
91 80 62
2 0 1211 -138.7900 -248.4800 2 1207 -160.0800 -271.5400
-1.2626569688e+00 -1.0497947410e+00 -9.4344523197e+00
133 123 133
2 0 1212 -287.2400 -251.6700 2 1206 -308.0200 -265.6400
-6.7117356607e-01 -1.0727740331e+00 -9.7616452552e+00
243 232 212
2 0 1213 -146.0200 -250.5200 2 1209 -167.6200 -273.5100
-4.2993358516e-01 -1.0763413770e+00 -9.6652121713e+00
43 34 21
2 0 1214 -87.6400 -251.2000 2 1215 -108.4700 -275.2900
-9.8326767678e-01 -1.0816124658e+00 -9.5241186464e+00
33 18 13
2 0 1216 -218.9000 -256.8800 2 1213 -239.4300 -274.6900
-4.7794241671e-01 -1.0978984252e+00 -9.6336963013e+00
82 69 53
2 0 1217 -98.2800 -257.0000 2 1217 -119.3700 -280.2800
-1.2333684411e+00 -1.1114691117e+00 -9.5670878435e+00
146 135 139
2 0 1221 -279.9200 -264.9200 2 1218 -301.2600 -281.0700
-3.6817045168e-01 -1.1457614954e+00 -9.8072896165e+00
100 91 76
2 0 1222 -76.0400 -265.4600 2 1120 -97.3000 -292.0000
-1.4987260260e+00 -1.0989064755e+00 -9.2515302388e+00
144 84 71
2 0 1223 -347.6600 -267.4600 2 1216 -368.3500 -277.1700
-1.3371428395e+00 -1.1248991148e+00 -9.2420100414e+00
185 139 128
2 0 1225 -306.5100 -273.3100 2 1115 -327.2800 -284.4100
-1.4924606516e+00 -1.1342237617e+00 -9.2592553760e+00
150 123 97
2 0 1228 -345.6000 -276.3600 2 1117 -367.3500 -286.0900
-1.3839005352e+00 -1.1384700569e+00 -9.2226429038e+00
186 136 131
2 0 1230 -318.7400 -277.2000 2 1220 -339.1500 -287.8400
-1.3839005352e+00 -1.1384700569e+00 -9.2226429038e+00
186 136 131
2 0 1231 -318.7400 -277.2000 2 1221 -339.1500 -287.8400
-1.4008057327e+00 -1.1660840166e+00 -9.2011619824e+00
155 70 75
2 0 1232 -322.9500 -284.7000 2 1222 -343.9700 -294.8500
-9.4548742382e-01 1.0521008988e+00 -9.3725910332e+00
151 145 124
2 0 1247 -213.4200 262.0600 2 1223 -214.4600 242.4500
1.2476581680e+00 1.2493360595e+00 -1.0888480335e+01
103 38 34
2 0 1248 227.7700 242.9100 2 1126 209.2700 187.9100
-9.2527709305e-01 8.0795647146e-01 -9.3849301851e+00
179 167 152
2 0 1249 -208.2600 202.8600 2 1229 -211.1200 183.9900
-1.0299609097e+00 7.6273301494e-01 -9.3572299177e+00
228 217 199
2 0 1250 -233.6900 193.0600 2 1230 -236.4300 175.7800
-1.0191312825e+00 7.8651155418e-01 -9.4587846422e+00
228 217 199
3 0 1251 -233.6900 193.0600 2 1231 -236.4300 175.7800 1 861 34.9900 276.6700
-9.5642754977e-01 7.5561387413e-01 -9.3789712445e+00
200 187 169
2 0 1252 -215.6700 190.4700 2 1232 -218.9700 172.2600
-1.6153653039e+00 6.6211064778e-01 -9.4446140379e+00
91 82 65
2 0 1254 -377.0500 165.8500 2 1233 -380.5600 153.8200
-1.3909699145e+00 5.6701281903e-01 -9.3476528487e+00
118 109 94
2 0 1255 -321.6000 145.6900 2 1236 -327.1700 133.5000
9.5056941743e-01 8.9133921586e-01 -1.1829501415e+01
123 101 80
2 0 1256 134.9000 146.0500 2 1301 113.6300 88.5200
-7.9950137314e-01 5.0203764817e-01 -9.4435841509e+00
62 53 44
3 0 1257 -176.7500 127.6000 2 1239 -183.4500 107.9200 1 791 -23.5200 215.1400
-6.7907076679e-01 3.3768167916e-01 -9.4747497097e+00
47 38 31
3 0 1259 -147.0700 87.7700 2 1240 -155.4100 67.0200 1 879 -54.8300 182.6700
-8.9227684181e-01 2.8207134587e-01 -9.4148837696e+00
76 67 58
2 0 1261 -199.1100 75.0200 2 1241 -207.0600 57.4300
-9.0361879864e-01 2.2867376370e-01 -9.3765861169e+00
78 69 60
2 0 1262 -201.3800 62.9200 2 1242 -209.7800 46.1500
-9.0738490904e-01 -1.2824520239e-01 -9.4115472786e+00
108 27 24
3 0 1270 -202.8300 -25.4700 2 1248 -214.1000 -41.6500 1 874 -186.7600 209.8200
-1.3749817461e+00 -2.5524134690e-01 -9.3162131386e+00
143 136 126
2 0 1273 -316.9000 -55.7400 2 1161 -329.7700 -66.2800
-1.3669655480e+00 -2.9691965803e-01 -9.3933365099e+00
115 109 97
2 0 1275 -314.4200 -66.7100 2 1250 -328.0500 -78.3600
-1.5179848717e+00 -3.1597847500e-01 -9.3194718924e+00
40 36 32
2 0 1276 -352.8700 -71.1600 2 1251 -366.0300 -80.4700
-1.5103265442e+00 -3.7855705311e-01 -9.3518438238e+00
30 27 20
2 0 1280 -350.7300 -86.8400 2 1254 -364.3300 -96.7800
-7.6085360876e-01 -5.2068261967e-01 -9.4483893936e+00
98 17 18
2 0 1282 -165.4500 -119.7500 2 1257 -180.6200 -138.0300
-1.5477198568e+00 -5.2432216761e-01 -9.2214322919e+00
105 96 69
2 0 1283 -361.6800 -122.6700 2 1165 -375.4600 -130.7700
-1.2558723975e+00 -5.7349588844e-01 -9.3112156239e+00
65 50 43
2 0 1284 -286.7000 -134.2800 2 1259 -302.3300 -146.0500
-1.3426643913e+00 -5.8554793331e-01 -9.3074693774e+00
138 101 68
2 0 1285 -308.4900 -137.5800 2 1260 -324.2200 -148.5100
-1.5035172046e+00 -6.4228702168e-01 -9.2310650714e+00
180 155 121
2 0 1287 -349.7000 -152.3700 2 1261 -365.6300 -160.8500
-6.2443458841e-01 -6.5760593462e-01 -9.5997116945e+00
77 69 58
2 0 1288 -134.0700 -152.4300 2 1267 -151.1600 -173.7700
-6.4574591980e-01 -8.0189920740e-01 -9.6445301461e+00
175 51 50
2 0 1292 -139.4600 -186.8400 2 1272 -157.7800 -208.6600
-1.3264578182e+00 -7.8861259549e-01 -9.1952245913e+00
72 64 49
2 0 1293 -304.3100 -188.7800 2 1270 -322.0400 -198.4400
-6.0612827936e-01 -8.6566189686e-01 -9.7736371520e+00
143 35 32
2 0 1296 -131.6400 -201.1400 2 1325 -151.1700 -224.7500
-1.2955069018e+00 -8.6540864836e-01 -9.3156190322e+00
92 75 61
2 0 1300 -295.5200 -207.3500 2 1275 -315.2200 -218.7500
-7.8068242791e-01 -8.7902005829e-01 -9.4443338799e+00
10 7 3
2 0 1301 -169.1800 -207.2600 2 1276 -187.7000 -225.4600
-1.3055479674e+00 -9.1530040940e-01 -9.4479460377e+00
54 39 32
2 0 1302 -298.0400 -218.5900 2 1329 -317.6800 -232.0600
-1.3561690238e+00 -9.5057890308e-01 -9.2623255094e+00
211 194 168
2 0 1305 -311.3000 -229.2800 2 1277 -330.9000 -239.8800
-1.3561690238e+00 -9.5057890308e-01 -9.2623255094e+00
211 194 168
2 0 1306 -311.3000 -229.2800 2 1278 -330.9000 -239.8800
-4.8804222365e-01 -1.0039814402e+00 -9.6435850370e+00
253 253 241
2 0 1308 -101.2700 -234.4300 2 1333 -121.3900 -257.7200
-4.8804222365e-01 -1.0039814402e+00 -9.6435850370e+00
253 253 241
2 0 1309 -101.2700 -234.4300 2 1334 -121.3900 -257.7200
-4.6780988483e-01 -1.0576014958e+00 -9.6411277454e+00
255 254 240
2 0 1312 -96.1400 -247.2200 2 1283 -116.9100 -270.6200
-4.6780988483e-01 -1.0576014958e+00 -9.6411277454e+00
255 254 240
2 0 1313 -96.1400 -247.2200 2 1284 -116.9100 -270.6200
-1.2276553408e+00 -1.0652154025e+00 -9.5460039085e+00
55 41 36
2 0 1316 -278.5800 -253.9000 2 1282 -299.5100 -269.7100
-2.9045279032e-01 -1.1022051867e+00 -9.8054251818e+00
233 221 198
2 0 1317 -57.6400 -255.0500 2 1287 -79.3600 -281.7800
-2.9045279032e-01 -1.1022051867e+00 -9.8054251818e+00
233 221 198
2 0 1318 -57.6400 -255.0500 2 1288 -79.3600 -281.7800
-1.3367517470e+00 -1.0877807274e+00 -9.2926419233e+00
156 68 78
2 0 1319 -305.7400 -263.4300 2 1285 -327.3400 -274.7200
-1.3367517470e+00 -1.0877807274e+00 -9.2926419233e+00
156 68 78
2 0 1320 -305.7400 -263.4300 2 1286 -327.3400 -274.7200
-1.4317231143e+00 -1.1517476707e+00 -9.2398754566e+00
190 150 138
2 0 1325 -330.7100 -280.6000 2 1290 -351.5700 -291.0000
-9.9002722299e-01 1.0638667804e+00 -9.3546438275e+00
215 207 186
2 0 1331 -224.2500 265.7600 2 1292 -224.9100 246.7600
-8.7275087890e-01 1.0000707876e+00 -9.4686000729e+00
213 205 183
2 0 1334 -196.5400 245.4800 2 1297 -198.3600 224.0300
1.3479253350e+00 1.1896368989e+00 -1.0966816749e+01
31 26 23
2 0 1337 243.7600 228.4400 2 1346 225.4200 171.8200
-7.5863614492e-01 9.4989993166e-01 -9.6865479664e+00
76 67 58
2 0 1338 -170.6900 224.6600 2 1298 -175.5100 200.0100
8.5191302718e-01 7.9673781853e-01 -1.1877296597e+01
127 93 66
2 0 1344 115.1700 127.3100 2 1302 94.0700 70.4600
-7.4101425410e-01 2.4544034636e-01 -9.4867538757e+00
219 60 60
3 0 1346 -162.9100 64.1800 2 1243 -171.4200 45.5800 1 877 -80.1400 193.7600
-4.9022619326e-03 8.9801080135e-02 -1.0464747707e+01
102 122 118
2 0 1352 -13.4400 12.3700 2 1310 -29.0100 -24.6500
-1.2443327249e+00 -7.0968400239e-02 -9.1728381756e+00
92 82 62
2 0 1353 -285.0100 -7.6800 2 1352 -295.0400 -17.7400
-8.5596559611e-01 -1.0232563734e-01 -9.4458261769e+00
232 98 87
3 0 1354 -190.7800 -19.3100 2 1247 -202.1700 -37.1300 1 927 -175.0800 201.1300
-5.2456843190e-01 -1.9595493440e-01 -9.5741272305e+00
16 6 1
2 0 1357 -111.1700 -41.8100 2 1313 -124.4200 -63.9500
-1.4290246614e+00 -5.6696950898e-01 -9.2956180407e+00
136 98 75
2 0 1362 -329.7100 -133.4400 2 1316 -346.4700 -142.9700
-1.0720388461e+00 -5.7375360311e-01 -9.2555481359e+00
12 6 3
2 0 1363 -240.6600 -133.6000 2 1317 -255.8400 -146.4000
-1.5416543102e+00 -6.6645108859e-01 -9.1776079266e+00
84 51 26
2 0 1367 -359.9500 -158.6900 2 1319 -375.9300 -166.1000
-1.4954464212e+00 -7.6950680410e-01 -9.2543923986e+00
189 154 132
2 0 1371 -347.2500 -184.3100 2 1321 -364.5900 -193.3600
-3.6075843825e-01 -8.6744068928e-01 -9.7450602345e+00
124 108 93
2 0 1374 -73.8100 -200.6000 2 1328 -92.8800 -226.1400
-6.1420350318e-01 -8.6842865820e-01 -9.6631360758e+00
150 32 30
2 0 1377 -131.8400 -202.5500 2 1326 -151.1700 -224.7500
-1.5429901941e+00 -8.8939116294e-01 -9.2354194071e+00
78 47 26
2 0 1379 -358.9300 -215.0200 2 1368 -378.3800 -223.2900
-5.6712300055e-01 -9.2588456658e-01 -9.5349200390e+00
44 35 24
2 0 1380 -118.3900 -217.0600 2 1330 -137.8000 -238.1800
-1.5392484704e+00 -1.0975505268e+00 -9.2517774757e+00
156 136 111
2 0 1391 -358.0300 -267.3200 2 1336 -378.7000 -276.6800
1.2853862036e+00 1.2856674215e+00 -1.0910371561e+01
157 122 88
2 0 1397 234.1400 249.4100 2 1344 215.5100 193.7100
-1.0293093161e+00 7.8934453673e-01 -9.3202000933e+00
226 214 192
2 0 1400 -233.3000 200.8400 2 1345 -235.8800 184.0300
9.1562654865e-01 1.0524100379e+00 -1.2011253089e+01
145 106 75
2 0 1402 121.9200 171.3800 2 1349 100.9800 112.1600
-8.2991305451e-01 3.3958577479e-01 -9.4343161853e+00
177 169 150
3 0 1405 -184.2200 88.1200 2 1383 -191.4000 70.4400 1 958 -65.5500 214.5100
-1.8772370362e-01 1.7612286481e-02 -1.0469424015e+01
80 74 58
2 0 1409 -52.9600 -3.4600 2 1356 -68.0400 -39.0700
-1.0910743997e+00 -9.9954661344e-02 -9.2166153327e+00
105 96 82
2 0 1410 -246.4600 -15.2100 2 1354 -256.7300 -27.4700
-5.9470376907e-01 -8.7931975946e-02 -9.5936361922e+00
206 45 51
2 0 1411 -128.3000 -16.5800 2 1355 -141.0500 -38.3200
-2.3746802942e-01 -9.0154698322e-02 -1.0450432889e+01
131 166 162
2 0 1412 -62.0500 -27.0300 2 1357 -79.6000 -61.0100
-5.9636959338e-01 -2.1289547365e-01 -9.6052065461e+00
140 109 81
2 0 1415 -128.3500 -46.4700 2 1358 -142.5100 -68.0300
-6.1352722186e-01 -3.2960088664e-01 -9.5583598974e+00
41 3 8
3 0 1416 -131.6000 -73.7700 2 1359 -145.6300 -94.4300 1 963 -216.0600 142.4300
-4.7764911753e-01 -5.0325636957e-01 -9.5266189687e+00
102 84 72
2 0 1417 -98.1100 -114.8800 2 1406 -113.8700 -136.5600
1.2973333040e-01 -5.0171303556e-01 -1.0691253824e+01
4 9 7
2 0 1418 12.1300 -116.1300 2 1361 -10.0700 -154.4700
9.4067707780e-02 -5.9065396781e-01 -1.0622240327e+01
102 132 127
2 0 1420 7.1200 -135.2500 2 1363 -16.1600 -172.2200
-1.5042321393e+00 -6.9756369640e-01 -9.1933987042e+00
186 156 130
2 0 1422 -350.0100 -166.4400 2 1364 -366.6500 -174.3700
-1.2654334594e+00 -7.4370813763e-01 -9.1911840204e+00
126 137 95
2 0 1423 -289.2300 -177.0700 2 1365 -305.7300 -187.4300
-7.2564407864e-01 -9.8814092160e-01 -9.6150174703e+00
240 222 205
2 0 1426 -157.5900 -232.0300 2 1332 -177.5400 -252.9500
-1.2918447615e+00 -1.0294855909e+00 -9.4879167186e+00
125 117 130
2 0 1427 -294.3200 -246.2200 2 1371 -315.2100 -260.5200
-1.4700426904e+00 -1.1050092892e+00 -9.2823192842e+00
161 67 74
2 0 1430 -340.2200 -268.3800 2 1372 -360.7800 -278.8600
-1.4700426904e+00 -1.1050092892e+00 -9.2823192842e+00
161 67 74
2 0 1431 -340.2200 -268.3800 2 1373 -360.7800 -278.8600
9.7171675188e-01 1.5721580000e+00 -1.1456525201e+01
180 141 105
2 0 1432 149.8200 286.2000 2 1341 132.1200 227.4400
-8.8635674058e-01 1.0224146862e+00 -9.4519703859e+00
227 219 198
2 0 1433 -199.7600 251.5200 2 1377 -201.2300 230.2900
-5.6529645864e-01 1.0642698417e+00 -9.9010225819e+00
132 128 119
2 0 1434 -129.1000 242.4500 2 1379 -134.1200 212.6200
-5.6529645864e-01 1.0642698417e+00 -9.9010225819e+00
132 128 119
2 0 1435 -129.1000 242.4500 2 1380 -134.1200 212.6200
-8.0662890936e-01 6.1754585198e-01 -9.4750792513e+00
87 77 67
2 0 1437 -179.8900 154.0600 2 1382 -184.9300 133.5700
-9.7977803851e-01 6.7642702538e-02 -9.3525042797e+00
15 14 12
2 0 1439 -219.2800 23.9800 2 1384 -229.5000 8.8200
-9.0320195219e-01 5.3866158303e-02 -9.4010238663e+00
111 89 73
2 0 1440 -200.8900 19.9100 2 1387 -211.2800 3.3000
-1.3150937339e+00 -9.3730548629e-02 -9.2260379569e+00
20 19 15
2 0 1444 -302.7500 -14.2900 2 1389 -313.1600 -24.4100
-9.6138079692e-01 -9.9331349185e-02 -9.3516284992e+00
252 237 216
2 0 1445 -214.6100 -16.7400 2 1391 -225.8700 -31.9900
-1.0019584730e+00 -1.7354898119e-01 -9.2843231729e+00
17 14 14
2 0 1446 -223.9900 -34.2600 2 1394 -235.8700 -48.0400
-1.2933453830e+00 -2.5076281396e-01 -9.2642827945e+00
152 146 134
2 0 1447 -297.0400 -53.7800 2 1395 -308.8400 -64.6600
-1.4124654231e+00 -3.6208806558e-01 -9.3798463578e+00
88 84 73
2 0 1448 -326.0900 -82.6600 2 1396 -339.5800 -93.9300
-1.2635518222e+00 -4.1379523251e-01 -9.3669917697e+00
155 148 132
2 0 1449 -288.9000 -94.9100 2 1399 -302.9800 -107.3700
-5.7979291219e-01 -4.4858842696e-01 -9.5036309942e+00
55 6 6
2 0 1450 -122.2800 -102.0200 2 1403 -137.7000 -122.4100
-1.4667656065e+00 -5.1535969901e-01 -9.2491610480e+00
72 65 54
2 0 1451 -340.9600 -120.1700 2 1405 -354.4900 -129.5100
-5.2998501689e-01 -5.7894192228e-01 -9.6116923232e+00
45 8 9
2 0 1453 -112.0200 -133.2800 2 1409 -128.4300 -155.6300
-1.2428122045e+00 -8.0608163812e-01 -9.1728408047e+00
9 8 7
2 0 1454 -283.4600 -192.8100 2 1410 -300.3500 -203.2800
8.0561607041e-01 1.3063484474e+00 -1.2348450483e+01
9 7 8
2 0 1457 91.0200 208.3300 2 1417 70.6200 146.5900
-9.4998051507e-01 6.7921582237e-01 -9.2849523085e+00
246 231 210
2 0 1458 -213.7600 175.4000 2 1415 -216.4500 158.4500
-9.4998051507e-01 6.7921582237e-01 -9.2849523085e+00
246 231 210
2 0 1459 -213.7600 175.4000 2 1416 -216.4500 158.4500
9.0044883553e-01 9.2799311301e-01 -1.1993270487e+01
12 11 8
2 0 1460 120.1900 148.8700 2 1418 98.6800 90.5300
-9.0553409630e-01 3.8061143150e-01 -9.3392326930e+00
14 10 8
2 0 1461 -202.1600 100.8600 2 1419 -208.5600 84.0300
-6.5276918581e-01 -1.4434889527e-01 -9.5713503149e+00
48 10 14
2 0 1464 -141.8900 -29.7600 2 1439 -154.5100 -50.7800
-6.5276918581e-01 -1.4434889527e-01 -9.5713503149e+00
48 10 14
2 0 1465 -141.8900 -29.7600 2 1440 -154.5100 -50.7800
-1.2487629380e+00 -5.3414250943e-01 -9.3029268475e+00
67 59 50
2 0 1467 -285.4500 -124.3100 2 1428 -299.7800 -136.3200
-6.3196391501e-01 -5.6245724151e-01 -9.5490814745e+00
221 203 179
2 0 1468 -135.4400 -129.6200 2 1429 -151.4700 -150.2900
-1.1492014319e+00 -7.8308379499e-01 -9.3695227727e+00
231 120 67
2 0 1469 -260.0800 -185.5900 2 1433 -277.0400 -199.6400
-1.4576733770e+00 1.3444831429e-01 -9.0514389316e+00
82 69 48
2 0 1472 -340.0600 45.9100 2 1437 -348.2000 39.7700
-6.5424381485e-01 -2.5892236251e-02 -9.5605650449e+00
224 53 62
2 0 1473 -143.2400 -1.0800 2 1438 -153.1900 -22.7700
7.2221066693e-02 -3.1087382772e-02 -1.0754195640e+01
87 115 104
2 0 1474 -2.4100 -17.6900 2 1443 -23.0100 -56.4300
-1.4554228179e+00 -2.0762676602e-01 -9.3019160397e+00
33 31 26
2 0 1475 -337.7600 -43.8300 2 1441 -349.0900 -53.7400
1.5316242813e-01 -4.8741205920e-01 -1.0707438759e+01
18 18 16
2 0 1476 16.9000 -113.2200 2 1430 -5.9600 -151.6000
-1.1487540354e+00 -5.8856478577e-01 -9.3822216984e+00
232 116 59
2 0 1477 -260.1100 -137.6300 2 1446 -275.7900 -151.4700
-6.0874130053e-01 -7.0650786322e-01 -9.5799706102e+00
176 152 125
2 0 1478 -129.9600 -164.0900 2 1447 -147.2400 -185.4100
-4.7104462416e-01 -7.5155129608e-01 -9.7630035597e+00
63 13 16
2 0 1479 -100.7300 -173.5400 2 1449 -118.1200 -198.6300
-1.0555380385e+00 -7.6116021567e-01 -9.2871095631e+00
9 7 8
3 0 1480 -235.8200 -178.7600 2 1448 -252.7800 -193.3200 1 1040 -367.8700 209.4700
-9.8621719334e-01 -8.6653578551e-01 -9.3088049705e+00
85 73 59
3 0 1481 -219.0500 -205.7600 2 1450 -236.7400 -221.1500 1 1018 -389.1700 189.1600
5.2533518798e-02 -9.8216031484e-01 -9.9790036962e+00
235 223 199
2 0 1483 16.4500 -224.0200 2 1451 -5.7000 -254.9800
-1.5974771490e+00 8.7433420612e-01 -9.4883511584e+00
10 10 12
2 0 1485 -372.2200 215.3600 2 1453 -374.1300 201.7300
-1.5678430433e+00 6.4641447174e-01 -9.3702330968e+00
95 87 68
2 0 1486 -365.8000 164.4500 2 1454 -369.7500 153.2200
5.5345235172e-01 9.6917526697e-01 -1.2148725051e+01
166 57 62
2 0 1487 52.1200 152.6700 2 1455 31.7000 95.6600
5.5345235172e-01 9.6917526697e-01 -1.2148725051e+01
166 57 62
2 0 1488 52.1200 152.6700 2 1456 31.7000 95.6600
-1.2686948184e+00 1.6208089045e-01 -9.1750445065e+00
50 43 31
2 0 1489 -291.4900 50.5200 2 1457 -299.4200 40.3900
-1.0049475678e-01 -2.8228806836e-02 -1.0682491528e+01
116 151 143
2 0 1493 -37.7000 -16.2500 2 1442 -56.2200 -53.5900
-7.1515534903e-01 -2.6245936484e-01 -9.5304839552e+00
189 48 54
2 0 1494 -155.9700 -57.7400 2 1459 -169.4200 -77.5200
-1.4502848943e-01 -2.2417900779e-01 -1.0631206091e+01
18 17 14
2 0 1495 -45.4200 -57.4700 2 1460 -65.0200 -93.5600
-1.3788029503e+00 -5.2304590631e-01 -9.3381551359e+00
62 55 47
2 0 1496 -318.0400 -122.0500 2 1463 -332.2300 -133.3700
-1.3788029503e+00 -5.2304590631e-01 -9.3381551359e+00
62 55 47
2 0 1497 -318.0400 -122.0500 2 1464 -332.2300 -133.3700
-1.4242042403e+00 9.3851884472e-01 -9.3536494130e+00
54 46 34
2 0 1501 -330.6000 236.0100 2 1465 -331.9300 222.3100
-4.7404454883e-01 9.1182571504e-01 -9.8139109808e+00
13 13 13
2 0 1503 -106.5200 211.0000 2 1466 -112.3300 182.0200
2.6065484144e-01 1.0549905560e-01 -1.1141146081e+01
193 126 48
2 0 1505 25.2200 6.0700 2 1469 4.7000 -38.3000
-1.3188968495e+00 -3.1755721391e-01 -9.3517113148e+00
123 117 105
2 0 1508 -302.6700 -71.3000 2 1470 -316.2000 -82.8800
-1.1485546881e+00 -3.8738436285e-01 -9.3905498824e+00
17 17 15
2 0 1509 -260.1500 -88.2900 2 1471 -274.5900 -101.9600
-9.9521784832e-01 1.0151937812e+00 -9.2113754968e+00
208 200 181
2 0 1511 -224.4500 260.2200 2 1472 -225.2700 243.6800
-9.9521784832e-01 1.0151937812e+00 -9.2113754968e+00
208 200 181
2 0 1512 -224.4500 260.2200 2 1473 -225.2700 243.6800
5.6252420785e-01 1.3387877425e+00 -1.2103252060e+01
226 196 170
2 0 1513 54.0700 221.4000 2 1475 35.2200 162.9100
4.4804790912e-01 6.4853584620e-01 -1.1865657577e+01
205 174 145
2 0 1514 41.2500 99.4300 2 1468 19.9500 46.6800
-1.4995105832e+00 -5.7198811078e-02 -9.1300749164e+00
180 169 141
2 0 1517 -350.9400 -3.8600 2 1477 -359.3100 -11.1700
-4.6944002285e-02 -4.4140846300e-01 -1.0571313367e+01
123 154 148
2 0 1521 -22.8000 -103.2500 2 1480 -43.2700 -139.4700
-1.1975283470e+00 -6.6329729286e-01 -9.2476295026e+00
200 115 70
2 0 1522 -272.0700 -156.4400 2 1481 -288.0400 -168.0700
-1.4760648585e+00 5.9717786318e-01 -9.3225095482e+00
102 90 74
2 0 1523 -344.6200 154.3400 2 1483 -346.4000 142.2700
2.8757194957e-01 -5.3852936693e-01 -1.0799600576e+01
13 12 9
2 0 1526 41.7900 -123.4700 2 1484 19.5400 -164.3200
-9.3802356758e-01 -7.1255019645e-01 -9.3610919747e+00
28 28 30
2 0 1527 -207.1400 -167.5800 2 1485 -224.6900 -182.8400
-1.0374534453e+00 4.5848347970e-01 -9.3352895890e+00
38 35 28
2 0 1529 -234.9700 119.9400 2 1487 -240.0500 104.1000
1.8397305489e-01 -6.2098153228e-02 -1.1193457039e+01
88 110 98
2 0 1530 8.5200 -28.2500 2 1489 -11.9500 -72.4900
-9.8098768785e-01 -4.0431277662e-01 -9.3644113349e+00
33 33 35
2 0 1531 -219.6700 -91.4300 2 1490 -232.0900 -107.0900
-9.8098768785e-01 -4.0431277662e-01 -9.3644113349e+00
33 33 35
2 0 1532 -219.6700 -91.4300 2 1491 -232.0900 -107.0900
