# Bundle file v0.3
3 18
2.1330000000e+03 0.0000000000e+00 0.0000000000e+00
1.0000000000e+00 0.0000000000e+00 0.0000000000e+00
0.0000000000e+00 1.0000000000e+00 0.0000000000e+00
0.0000000000e+00 0.0000000000e+00 1.0000000000e+00
-0.0000000000e+00 -0.0000000000e+00 -0.0000000000e+00
2.1330000000e+03 0.0000000000e+00 0.0000000000e+00
9.3984135007e-01 -6.3045758547e-02 -3.3574315933e-01
-3.2371192751e-01 1.4959888367e-01 -9.3425412067e-01
1.0912756155e-01 9.8673471933e-01 1.2019055277e-01
-2.7704867982e-01 -7.4933990966e-01 -6.0144303870e-01
0 0 0
0 0 0
0 0 0
0 0 0
0 0 0
-9.2587769722e-02 -1.1280153637e-02 -8.7266211250e-01
184 166 143
2 0 93 -226.2700 -27.5800 1 2 -206.3200 276.2700
-7.3501264685e-02 -5.3224518022e-02 -8.3623960500e-01
69 61 53
2 0 138 -187.4800 -135.7600 1 63 -173.4700 133.5800
-5.1297355120e-02 -8.6483367480e-02 -8.0490113406e-01
136 36 45
2 0 209 -135.3600 -229.2800 1 485 -134.5300 17.2300
-9.9250544146e-02 -2.0246284606e-02 -8.6638109531e-01
196 179 159
2 0 301 -244.8000 -49.7400 1 412 -226.0500 258.2200
-1.0001410914e-01 -2.7011935329e-02 -8.6204343146e-01
161 148 129
2 0 309 -247.1600 -66.9100 1 426 -229.8100 242.3800
-6.2027598718e-02 -6.7147474312e-02 -8.2253914803e-01
156 146 136
2 0 330 -160.7200 -174.1500 1 96 -151.6800 80.4500
-9.6834549526e-02 -1.7297384419e-02 -8.6807240564e-01
193 176 158
2 0 437 -238.2500 -42.4300 1 716 -219.3700 262.9000
-8.7944401204e-02 -3.9046514019e-02 -8.5072747288e-01
87 72 53
2 0 448 -220.5000 -97.9000 1 740 -203.1800 193.1600
-4.9856378868e-02 -8.7570660596e-02 -8.0387423261e-01
14 8 0
2 0 470 -131.9900 -232.4100 1 778 -131.2200 12.8400
-8.6422312395e-02 -3.1723543363e-02 -8.5560931054e-01
99 82 64
2 0 540 -215.6100 -79.0500 1 962 -197.4300 209.6700
-1.5328548285e-01 -6.5091195438e-02 -8.2392446633e-01
10 9 9
2 0 556 -396.8300 -168.5100 1 748 -383.1900 164.5900
-5.1957318672e-02 -8.4431588101e-02 -8.0693871911e-01
25 9 8
2 0 571 -137.3400 -223.1800 1 995 -134.4500 23.6600
-5.9599277552e-02 -1.0554469544e-01 -7.8627699639e-01
145 30 37
2 0 578 -161.6800 -286.3200 1 1150 -165.0700 -29.7600
-9.1295220830e-02 -5.1241528472e-02 -8.4261051122e-01
204 188 168
2 0 624 -231.3500 -129.6600 1 1119 -214.1900 166.9500
-1.5083744017e-01 -6.4521125800e-02 -8.2505514886e-01
72 63 48
2 0 654 -389.1800 -167.0300 1 1254 -377.0500 165.8500
-9.2676809338e-02 -4.1719540098e-02 -8.4884225624e-01
170 153 135
2 0 690 -233.5700 -104.6800 1 1252 -215.6700 190.4700
-9.2183655568e-02 -4.8728465626e-02 -8.4510361771e-01
201 185 162
2 0 773 -234.5500 -122.5700 1 1458 -213.7600 175.4000
-9.2183655568e-02 -4.8728465626e-02 -8.4510361771e-01
201 185 162
2 0 774 -234.5500 -122.5700 1 1459 -213.7600 175.4000
