# Bundle file v0.3
3 21
2.0471413979e+03 -4.5047908931e-02 -1.1153142979e-03
9.9970925651e-01 -2.0467454155e-02 -1.2746990474e-02
2.1403359327e-02 9.9670615997e-01 7.8222291483e-02
1.1103992762e-02 -7.8472377279e-02 9.9685444642e-01
-2.5430983515e-02 1.6295365838e-01 8.6205149888e-02
2.1952601621e+03 6.9794000982e-02 2.2045572043e-03
9.8575566477e-01 1.6628456866e-01 -2.5203404396e-02
-1.4885382199e-01 7.9285470490e-01 -5.9095173797e-01
-7.8283517093e-02 5.8628564638e-01 8.0631311028e-01
-9.3803638645e-02 -1.1163358695e+00 -3.1522601807e-01
0 0 0
0 0 0
0 0 0
0 0 0
0 0 0
-1.6403317913e-01 -5.2398351293e-02 -2.0287512028e+00
41 36 32
2 0 868 -171.9300 -54.4700 1 291 -237.8000 73.0200
6.1928664113e-02 9.9663082188e-02 -1.8461858889e+00
140 122 110
2 0 1008 66.9600 138.4600 1 292 38.4400 55.7500
-1.3870810333e-01 2.5849877463e-03 -2.0450786677e+00
27 3 6
2 0 1032 -145.2100 2.6600 1 390 -200.4500 129.3200
-1.6420115261e-01 1.3294996283e-01 -2.0878250797e+00
61 51 41
2 0 1139 -169.1900 131.1000 1 471 -208.3100 285.0800
-1.7474494405e-01 1.2387859796e-01 -2.0849787605e+00
64 55 45
2 0 1238 -179.9500 122.1000 1 472 -221.9800 276.3500
-1.7825260456e-01 1.0994806204e-01 -2.0848087357e+00
62 53 44
2 0 1239 -183.4500 107.9200 1 473 -227.6100 263.0300
-2.0455745521e-01 4.8764982935e-02 -2.0756685196e+00
83 72 64
2 0 1242 -209.7800 46.1500 1 561 -266.3000 202.9000
-1.9675008111e-01 -8.4890600430e-02 -2.0441735371e+00
44 40 39
2 0 1253 -204.0000 -90.1100 1 571 -275.6000 59.0300
-9.2853225484e-03 2.0519561379e-01 -1.9037811842e+00
200 80 89
2 0 1294 -16.6900 244.3700 1 558 -26.2300 219.4800
-2.4885263632e-01 -1.3720647803e-01 -2.0594241721e+00
8 8 5
2 0 1317 -255.8400 -146.4000 1 607 -334.8300 31.2500
8.9498733430e-02 7.7126368117e-02 -1.8542363918e+00
129 94 64
2 0 1349 100.9800 112.1600 1 606 65.6800 33.8800
-1.3438240025e-01 -3.7397615721e-02 -2.0334818437e+00
218 52 56
2 0 1355 -141.0500 -38.3200 1 604 -201.9200 84.5600
-1.4450361150e-01 -1.4346226865e-01 -2.0098458710e+00
232 201 179
2 0 1408 -151.2700 -150.5000 1 676 -229.4100 -22.7900
-1.2133767030e-01 -1.4861929137e-01 -1.9994285877e+00
48 9 12
2 0 1409 -128.4300 -155.6300 1 679 -204.7900 -37.8800
6.5043596589e-02 1.0691299030e-01 -1.8480973430e+00
8 9 5
2 0 1417 70.6200 146.5900 1 671 43.6600 63.9100
-2.0437796674e-01 8.7018879529e-02 -2.0858041023e+00
13 11 7
2 0 1419 -208.5600 84.0300 1 688 -260.8600 245.8100
-2.0095787736e-01 3.0921752404e-02 -2.0759396189e+00
106 95 77
2 0 1421 -206.1900 27.9000 1 668 -263.7900 185.4000
-5.6303134168e-02 -1.0819985188e-01 -1.9060885274e+00
20 19 17
2 0 1425 -62.5400 -107.8800 1 681 -137.0600 -77.3700
-1.4679538210e-01 -4.9247336710e-02 -2.0280552419e+00
44 11 17
2 0 1440 -154.5100 -50.7800 1 692 -217.7200 72.4900
-1.8521419417e-01 -8.9359101333e-02 -2.0367792340e+00
13 12 10
2 0 1444 -192.7100 -94.3100 1 694 -264.3700 48.4900
-2.4470092700e-01 -1.8185274720e-01 -2.0441826378e+00
9 7 8
2 0 1448 -252.7800 -193.3200 1 699 -336.8500 -17.2300
