# Bundle file v0.3
3 66
2.2116976017e+03 6.6811728916e-02 1.7369693263e-03
9.9999797385e-01 -9.0937820361e-05 2.0109769098e-03
1.4214378356e-04 9.9967537897e-01 -2.5477764201e-02
-2.0080072121e-03 2.5477998427e-02 9.9967336641e-01
3.8561658113e-03 -7.6080431309e-02 -1.6801464028e-01
2.0144687557e+03 -6.5924909894e-02 -2.1015379094e-03
9.8862770219e-01 3.9825900026e-02 1.4501435843e-01
-8.7949292423e-02 9.3531123129e-01 3.4272120241e-01
-1.2198437779e-01 -3.5157758505e-01 9.2817725315e-01
4.4305810184e-01 1.0110191555e+00 -8.2406261985e-02
0 0 0
0 0 0
0 0 0
0 0 0
0 0 0
-2.2699494031e-01 2.8734434021e-01 -3.0667586443e+00
170 153 125
2 0 25 -157.5200 198.5400 1 22 -143.7500 166.6800
-2.2071703880e-01 2.8063566103e-01 -3.0614457882e+00
176 156 129
2 0 27 -153.2800 194.1000 1 23 -139.7200 163.7500
-1.8714017885e-01 3.8454117347e-01 -3.0176297853e+00
42 35 25
2 0 173 -132.0200 268.6700 1 238 -110.4100 237.1100
4.4863267834e-02 1.9609010742e-01 -2.6526793895e+00
166 61 65
2 0 198 34.5500 147.2400 1 18 84.4900 216.4100
-4.2358150311e-01 -2.2794368815e-01 -3.1217036113e+00
26 17 7
2 0 222 -286.7800 -150.8600 1 198 -308.5100 -165.8600
-1.6434637062e-01 -2.3276265029e-01 -3.1189413126e+00
146 129 113
2 0 225 -112.0600 -154.1800 1 204 -126.7200 -182.8000
-4.2361419103e-01 -2.4841031833e-01 -3.1256273229e+00
52 48 39
2 0 230 -285.9000 -164.4900 1 202 -310.3600 -180.3300
1.5414642060e-01 -2.0735273968e-01 -2.6972583896e+00
12 12 10
2 0 232 117.4800 -165.4200 1 184 156.0800 -96.2000
-1.8718790173e-01 -2.7703393526e-01 -3.1402818625e+00
154 137 117
2 0 239 -126.8500 -182.2800 1 302 -145.5800 -215.4200
-1.3993491807e-01 -3.1281905177e-01 -3.0960065062e+00
159 149 139
2 0 245 -96.2100 -209.7600 1 303 -111.5300 -234.9300
-1.8934539064e-01 -3.2453856894e-01 -3.1395509963e+00
165 145 121
2 0 247 -128.1500 -214.0600 1 309 -149.3300 -247.5900
-1.2450448232e-01 -1.7784578429e-01 -3.0738186429e+00
58 51 43
2 0 334 -86.3200 -119.7400 1 385 -93.7400 -139.3400
-4.1988726609e-01 -2.1709122302e-01 -3.1188734552e+00
10 9 5
2 0 337 -284.4100 -143.7800 1 297 -305.3100 -158.1100
-1.7030202361e-01 -2.8755409013e-01 -3.1206241437e+00
114 96 73
2 0 353 -115.9200 -190.8500 1 392 -133.4100 -220.0400
-1.8237461971e-01 -3.0861357305e-01 -3.1290667821e+00
187 170 144
2 0 355 -123.7900 -204.2900 1 399 -143.2300 -235.2800
-1.5253586895e-01 -3.5521310475e-01 -3.1024595050e+00
72 63 54
2 0 363 -104.2800 -237.9100 1 317 -122.9000 -264.7300
-2.6473187051e-01 3.8544601944e-01 -3.0240014438e+00
203 185 148
2 0 380 -185.7400 268.9200 1 332 -162.7600 241.0300
-1.8229949583e-01 3.6718737052e-01 -3.0272599485e+00
41 40 35
2 0 386 -128.4400 255.9600 1 340 -108.2800 223.3900
-1.9743018527e-01 3.3329964957e-01 -3.0370440873e+00
135 119 93
2 0 390 -138.4700 231.7700 1 345 -120.4000 201.1100
-1.9743018527e-01 3.3329964957e-01 -3.0370440873e+00
135 119 93
2 0 391 -138.4700 231.7700 1 346 -120.4000 201.1100
-2.4422967780e-01 2.8225942334e-01 -3.0716576272e+00
201 179 145
2 0 397 -168.9200 194.7900 1 437 -155.9200 163.4100
-1.9968002461e-01 2.7526273802e-01 -3.0670183176e+00
188 168 143
2 0 398 -138.7300 190.2000 1 351 -126.0400 157.4900
-1.7643913245e-01 2.6637735396e-01 -3.0677889816e+00
177 155 131
2 0 400 -122.3400 183.9300 1 352 -111.3300 150.5200
2.2246682414e-01 1.6348125822e-02 -2.7423098675e+00
81 63 54
2 0 415 167.5100 7.8800 1 524 201.6400 50.4500
-4.1647892854e-01 -2.2393653005e-01 -3.1193384903e+00
61 54 46
2 0 423 -282.0900 -148.3400 1 478 -303.3100 -163.0500
-4.1647892854e-01 -2.2393653005e-01 -3.1193384903e+00
61 54 46
2 0 424 -282.0900 -148.3400 1 479 -303.3100 -163.0500
-4.4064574524e-01 -2.6421654493e-01 -3.1292982701e+00
14 11 8
2 0 426 -297.0900 -174.8300 1 481 -323.4300 -190.8800
-1.9285714510e-01 -2.7004697306e-01 -3.1326729179e+00
196 180 158
2 0 427 -130.5700 -178.2800 1 483 -149.1500 -208.9300
-1.7563064252e-01 -3.1240540590e-01 -3.1299311021e+00
135 118 93
2 0 429 -119.3700 -206.7100 1 400 -138.5900 -238.4300
-1.8722972958e-01 2.6924167329e-01 -3.0685960405e+00
176 158 132
2 0 473 -129.6400 185.8500 1 440 -118.5400 152.7700
-2.0964154913e-01 2.6837552267e-01 -3.0714649350e+00
140 120 95
2 0 474 -145.2600 185.2600 1 439 -133.3400 152.7500
-2.3636307459e-01 -3.0786398387e-01 -3.1746920575e+00
8 7 3
2 0 494 -157.4200 -200.4200 1 552 -183.5300 -239.2100
1.0229423205e-02 2.1436593896e-01 -2.6374379254e+00
17 13 1
2 0 521 7.6400 162.1300 1 503 60.4600 237.0600
-3.0110304277e-01 2.1692747809e-01 -3.1030073584e+00
209 188 152
2 0 523 -205.8500 149.0700 1 516 -198.4200 118.6200
2.2595189355e-01 4.9967087609e-02 -2.7226532218e+00
233 190 142
2 0 533 171.7300 33.1700 1 519 207.5400 79.4100
2.2595189355e-01 4.9967087609e-02 -2.7226532218e+00
233 190 142
2 0 534 171.7300 33.1700 1 521 207.5400 79.4100
2.2036350898e-01 3.3982953096e-02 -2.7260428099e+00
221 174 131
2 0 535 167.2200 20.9700 1 573 202.7500 67.6500
1.1113471424e-01 2.8486081933e-02 -2.7034944399e+00
118 29 36
2 0 536 84.3400 16.4400 1 522 124.8400 78.0000
2.2872133795e-01 6.6997004789e-02 -2.7264318120e+00
22 7 7
2 0 557 173.5400 46.2700 1 518 209.0400 89.9400
-4.3197235734e-01 -2.7223872420e-01 -3.1311895934e+00
54 45 33
2 0 566 -291.3200 -179.9900 1 594 -317.5700 -197.2800
-4.3197235734e-01 -2.7223872420e-01 -3.1311895934e+00
54 45 33
2 0 567 -291.3200 -179.9900 1 593 -317.5700 -197.2800
-2.5763230037e-01 2.3300852479e-01 -3.1004345362e+00
209 185 147
2 0 594 -176.3000 160.0000 1 564 -168.6700 126.4700
3.2108066064e-02 1.9312734619e-01 -2.6503182277e+00
139 32 38
2 0 597 24.3400 145.0500 1 613 75.3200 216.0800
-2.6596481880e-01 1.8939307258e-01 -3.1102796049e+00
204 181 147
2 0 598 -181.4600 130.1600 1 656 -176.6100 97.6200
2.1091420021e-01 2.0384310142e-02 -2.7376551981e+00
20 8 8
2 0 602 159.0500 10.8500 1 620 193.8900 55.4000
-1.2819077145e-01 -5.8128829470e-02 -2.9961411906e+00
32 29 24
2 0 604 -90.3200 -40.7100 1 627 -86.5900 -41.6600
-4.2295931958e-01 -2.2889895847e-01 -3.1215404326e+00
26 17 8
2 0 606 -286.2000 -151.5600 1 637 -308.2900 -166.4500
-2.9636043376e-01 3.2796722519e-01 -3.0657665726e+00
203 183 146
2 0 616 -205.4400 226.6500 1 651 -188.0600 196.0300
-3.2470323182e-01 2.6444423759e-01 -3.0552163998e+00
18 17 15
2 0 619 -225.5300 183.3400 1 653 -209.9400 162.2800
1.3456936629e-02 2.2362525000e-01 -2.6386226236e+00
18 14 8
2 0 620 9.7200 169.5700 1 648 63.4200 242.5700
-2.8036951297e-01 2.1054930578e-01 -3.1034033490e+00
8 8 4
2 0 621 -191.7200 144.7100 1 654 -184.8800 113.3000
9.0113213328e-02 2.8570076448e-02 -2.7025064290e+00
228 182 138
2 0 624 68.5000 16.3700 1 657 108.7700 79.9900
-3.1474933863e-01 -1.1732773509e-01 -3.1689776352e+00
51 42 27
2 0 630 -209.3800 -74.9800 1 669 -228.0500 -107.0300
-3.4763011091e-02 1.7736431906e-01 -2.6272360806e+00
21 17 13
2 0 642 -29.1300 133.4800 1 650 27.5500 218.0200
-2.2762741375e-01 -3.1692099294e-01 -3.1585324404e+00
31 32 26
2 0 652 -153.3500 -207.3500 1 697 -176.2700 -243.6000
1.3103920598e-01 -2.6987089824e-01 -2.6794272420e+00
145 191 189
2 0 653 100.2900 -215.2300 1 703 140.2600 -138.4700
-3.3225527695e-01 2.6476917132e-01 -3.0612373098e+00
15 15 13
2 0 659 -230.2000 183.3000 1 700 -215.3400 161.3200
-7.8688602094e-03 1.2688753559e-01 -2.6540654739e+00
130 89 72
2 0 662 -6.7800 92.7400 1 718 42.5600 171.9000
-3.9643317011e-01 -2.8655999521e-01 -3.1487157091e+00
7 7 7
2 0 673 -265.4900 -188.3900 1 705 -293.8400 -211.8900
-2.7524769734e-01 -2.9357382419e-01 -3.1846017673e+00
46 37 22
2 0 674 -184.0100 -189.8600 1 708 -208.8900 -229.6400
-2.5180416623e-01 -1.0764385111e-01 -3.1693220348e+00
47 36 24
2 0 684 -167.5300 -68.5600 1 725 -184.7000 -104.3000
-3.3615918337e-01 3.2730401579e-01 -3.0409254559e+00
17 16 14
2 0 688 -235.0000 227.6600 1 731 -213.5500 205.3700
-7.1236814379e-02 1.5682707126e-01 -2.6419736086e+00
254 250 230
2 0 691 -58.2600 117.0100 1 732 -2.4100 201.2600
-3.4639349431e-01 -9.4452582869e-02 -3.1622343628e+00
58 46 30
2 0 694 -232.0300 -59.7400 1 740 -247.2200 -89.4100
-3.4639349431e-01 -9.4452582869e-02 -3.1622343628e+00
58 46 30
2 0 695 -232.0300 -59.7400 1 739 -247.2200 -89.4100
1.2555109768e-01 1.3934418725e-01 -2.6808847737e+00
223 87 97
2 0 710 96.5100 102.2700 1 757 140.4600 161.6100
