# Bundle file v0.3
3 18
2.1330000000e+03 0.0000000000e+00 0.0000000000e+00
1.0000000000e+00 0.0000000000e+00 0.0000000000e+00
0.0000000000e+00 1.0000000000e+00 0.0000000000e+00
0.0000000000e+00 0.0000000000e+00 1.0000000000e+00
-0.0000000000e+00 -0.0000000000e+00 -0.0000000000e+00
2.1330000000e+03 0.0000000000e+00 0.0000000000e+00
9.5128846391e-01 -5.2680634600e-02 -3.0376801867e-01
-3.0454156439e-01 -7.1423419096e-03 -9.5247226863e-01
4.8007228500e-02 9.9858586896e-01 -2.2837870338e-02
-2.2819817801e-01 -7.0572003059e-01 -6.7073454509e-01
0 0 0
0 0 0
0 0 0
0 0 0
0 0 0
-8.5316337421e-02 -1.0399184143e-02 -8.0425926673e-01
184 166 143
2 0 93 -226.2700 -27.5800 1 2 -206.3200 276.2700
-6.7388893993e-02 -4.8696335594e-02 -7.6536090098e-01
69 61 53
2 0 138 -187.4800 -135.7600 1 63 -173.4700 133.5800
-4.6616292235e-02 -7.8622194122e-02 -7.3162139031e-01
136 36 45
2 0 209 -135.3600 -229.2800 1 485 -134.5300 17.2300
-9.1265969225e-02 -1.8644826177e-02 -7.9751216447e-01
196 179 159
2 0 301 -244.8000 -49.7400 1 412 -226.0500 258.2200
-9.1856868489e-02 -2.4867063101e-02 -7.9272818249e-01
161 148 129
2 0 309 -247.1600 -66.9100 1 426 -229.8100 242.3800
-5.6720399140e-02 -6.1272858872e-02 -7.5071621509e-01
156 146 136
2 0 330 -160.7200 -174.1500 1 96 -151.6800 80.4500
-8.9115737742e-02 -1.5932644385e-02 -7.9939346353e-01
193 176 158
2 0 437 -238.2500 -42.4300 1 716 -219.3700 262.9000
-8.0726147165e-02 -3.5828836276e-02 -7.8069758285e-01
87 72 53
2 0 448 -220.5000 -97.9000 1 740 -203.1800 193.1600
-4.5281090534e-02 -7.9584751024e-02 -7.3048836657e-01
14 8 0
2 0 470 -131.9900 -232.4100 1 778 -131.2200 12.8400
-7.9458875021e-02 -2.9132336546e-02 -7.8607569194e-01
99 82 64
2 0 540 -215.6100 -79.0500 1 962 -197.4300 209.6700
-1.4018784017e-01 -5.9587150597e-02 -7.5398635421e-01
10 9 9
2 0 556 -396.8300 -168.5100 1 748 -383.1900 164.5900
-4.7247271425e-02 -7.6777675636e-02 -7.3378791785e-01
25 9 8
2 0 571 -137.3400 -223.1800 1 995 -134.4500 23.6600
-5.3964653631e-02 -9.5566308281e-02 -7.1194094143e-01
145 30 37
2 0 578 -161.6800 -286.3200 1 1150 -165.0700 -29.7600
-8.3573978906e-02 -4.6933676335e-02 -7.7173593467e-01
204 188 168
2 0 624 -231.3500 -129.6600 1 1119 -214.1900 166.9500
-1.3794823772e-01 -5.9083053547e-02 -7.5506340318e-01
72 63 48
2 0 654 -389.1800 -167.0300 1 1254 -377.0500 165.8500
-8.5005483287e-02 -3.8260305077e-02 -7.7869476833e-01
170 153 135
2 0 690 -233.5700 -104.6800 1 1252 -215.6700 190.4700
-8.4402056405e-02 -4.4620564758e-02 -7.7432560048e-01
201 185 162
2 0 773 -234.5500 -122.5700 1 1458 -213.7600 175.4000
-8.4402056405e-02 -4.4620564758e-02 -7.7432560048e-01
201 185 162
2 0 774 -234.5500 -122.5700 1 1459 -213.7600 175.4000
