# Bundle file v0.3
3 66
2.2126547642e+03 6.2635884616e-02 1.6367901631e-03
9.9999860651e-01 4.6538371946e-05 1.6687784169e-03
-1.1054914379e-05 9.9977404777e-01 -2.1256841030e-02
-1.6693906115e-03 2.1256792961e-02 9.9977265510e-01
3.1499252577e-03 -6.1425004779e-02 -1.5775999583e-01
2.0138253486e+03 -6.1795891464e-02 -1.9839258422e-03
9.8868541103e-01 3.9404015110e-02 1.4473590296e-01
-8.7921709813e-02 9.3398976817e-01 3.4631327710e-01
-1.2153571885e-01 -3.5512031277e-01 9.2688652623e-01
4.2935700163e-01 9.9128783205e-01 -7.7712112807e-02
0 0 0
0 0 0
0 0 0
0 0 0
0 0 0
-2.2023327280e-01 2.7833823408e-01 -2.9736797064e+00
170 153 125
2 0 25 -157.5200 198.5400 1 22 -143.7500 166.6800
-2.1415198537e-01 2.7182139422e-01 -2.9685568907e+00
176 156 129
2 0 27 -153.2800 194.1000 1 23 -139.7200 163.7500
-1.8164269734e-01 3.7225502560e-01 -2.9257509078e+00
42 35 25
2 0 173 -132.0200 268.6700 1 238 -110.4100 237.1100
4.3115390233e-02 1.8832448376e-01 -2.5729117434e+00
166 61 65
2 0 198 34.5500 147.2400 1 18 84.4900 216.4100
-4.1050093897e-01 -2.2034095668e-01 -3.0287973747e+00
26 17 7
2 0 222 -286.7800 -150.8600 1 198 -308.5100 -165.8600
-1.5951717478e-01 -2.2497846353e-01 -3.0263456615e+00
146 129 113
2 0 225 -112.0600 -154.1800 1 204 -126.7200 -182.8000
-4.1053022666e-01 -2.4013992687e-01 -3.0326704222e+00
52 48 39
2 0 230 -285.9000 -164.4900 1 202 -310.3600 -180.3300
1.4894995187e-01 -2.0202747488e-01 -2.6176551344e+00
12 12 10
2 0 232 117.4800 -165.4200 1 184 156.0800 -96.2000
-1.8163332659e-01 -2.6775769609e-01 -3.0471854499e+00
154 137 117
2 0 239 -126.8500 -182.2800 1 302 -145.5800 -215.4200
-1.3586173986e-01 -3.0257327257e-01 -3.0044225140e+00
159 149 139
2 0 245 -96.2100 -209.7600 1 303 -111.5300 -234.9300
-1.8371443940e-01 -3.1375272557e-01 -3.0466452273e+00
165 145 121
2 0 247 -128.1500 -214.0600 1 309 -149.3300 -247.5900
-1.2093469342e-01 -1.7198670934e-01 -2.9824099028e+00
58 51 43
2 0 334 -86.3200 -119.7400 1 385 -93.7400 -139.3400
-4.0692556363e-01 -2.0984498772e-01 -3.0260201378e+00
10 9 5
2 0 337 -284.4100 -143.7800 1 297 -305.3100 -158.1100
-1.6527561105e-01 -2.7801896682e-01 -3.0281781097e+00
114 96 73
2 0 353 -115.9200 -190.8500 1 392 -133.4100 -220.0400
-1.7696407402e-01 -2.9837571688e-01 -3.0364305246e+00
187 170 144
2 0 355 -123.7900 -204.2900 1 399 -143.2300 -235.2800
-1.4805781407e-01 -3.4359274160e-01 -3.0108184622e+00
72 63 54
2 0 363 -104.2800 -237.9100 1 317 -122.9000 -264.7300
-2.5676938408e-01 3.7315173704e-01 -2.9319057942e+00
203 185 148
2 0 380 -185.7400 268.9200 1 332 -162.7600 241.0300
-1.7695693158e-01 3.5549034546e-01 -2.9351395455e+00
41 40 35
2 0 386 -128.4400 255.9600 1 340 -108.2800 223.3900
-1.9160479019e-01 3.2271533622e-01 -2.9447305985e+00
135 119 93
2 0 390 -138.4700 231.7700 1 345 -120.4000 201.1100
-1.9160479019e-01 3.2271533622e-01 -2.9447305985e+00
135 119 93
2 0 391 -138.4700 231.7700 1 346 -120.4000 201.1100
-2.3692090453e-01 2.7343345916e-01 -2.9784412366e+00
201 179 145
2 0 397 -168.9200 194.7900 1 437 -155.9200 163.4100
-1.9378552119e-01 2.6664407907e-01 -2.9739820360e+00
188 168 143
2 0 398 -138.7300 190.2000 1 351 -126.0400 157.4900
-1.7128294022e-01 2.5804658140e-01 -2.9747674806e+00
177 155 131
2 0 400 -122.3400 183.9300 1 352 -111.3300 150.5200
2.1504630887e-01 1.4713121037e-02 -2.6604859831e+00
81 63 54
2 0 415 167.5100 7.8800 1 524 201.6400 50.4500
-4.0362481840e-01 -2.1646975894e-01 -3.0264985037e+00
61 54 46
2 0 423 -282.0900 -148.3400 1 478 -303.3100 -163.0500
-4.0362481840e-01 -2.1646975894e-01 -3.0264985037e+00
61 54 46
2 0 424 -282.0900 -148.3400 1 479 -303.3100 -163.0500
-4.2701612605e-01 -2.5543069960e-01 -3.0362613394e+00
14 11 8
2 0 426 -297.0900 -174.8300 1 481 -323.4300 -190.8800
-1.8712061148e-01 -2.6102434432e-01 -3.0397804816e+00
196 180 158
2 0 427 -130.5700 -178.2800 1 483 -149.1500 -208.9300
-1.7043428892e-01 -3.0204245826e-01 -3.0372859850e+00
135 118 93
2 0 429 -119.3700 -206.7100 1 400 -138.5900 -238.4300
-1.8173098663e-01 2.6082212146e-01 -2.9755361315e+00
176 158 132
2 0 473 -129.6400 185.8500 1 440 -118.5400 152.7700
-2.0343078667e-01 2.5999311895e-01 -2.9783138423e+00
140 120 95
2 0 474 -145.2600 185.2600 1 439 -133.3400 152.7500
-2.2925245434e-01 -2.9747555096e-01 -3.0806200862e+00
8 7 3
2 0 494 -157.4200 -200.4200 1 552 -183.5300 -239.2100
9.5904082317e-03 2.0595026927e-01 -2.5580695087e+00
17 13 1
2 0 521 7.6400 162.1300 1 503 60.4600 237.0600
-2.9198742626e-01 2.1030185172e-01 -3.0090499411e+00
209 188 152
2 0 523 -205.8500 149.0700 1 516 -198.4200 118.6200
2.1842093913e-01 4.7179366295e-02 -2.6413207388e+00
233 190 142
2 0 533 171.7300 33.1700 1 519 207.5400 79.4100
2.1842093913e-01 4.7179366295e-02 -2.6413207388e+00
233 190 142
2 0 534 171.7300 33.1700 1 521 207.5400 79.4100
2.1301195502e-01 3.1718577957e-02 -2.6446600041e+00
221 174 131
2 0 535 167.2200 20.9700 1 573 202.7500 67.6500
1.0727668838e-01 2.6290050149e-02 -2.6227766714e+00
118 29 36
2 0 536 84.3400 16.4400 1 522 124.8400 78.0000
2.2109910346e-01 6.3681247844e-02 -2.6449207567e+00
22 7 7
2 0 557 173.5400 46.2700 1 518 209.0400 89.9400
-4.1861874613e-01 -2.6318814532e-01 -3.0381320256e+00
54 45 33
2 0 566 -291.3200 -179.9900 1 594 -317.5700 -197.2800
-4.1861874613e-01 -2.6318814532e-01 -3.0381320256e+00
54 45 33
2 0 567 -291.3200 -179.9900 1 593 -317.5700 -197.2800
-2.4990082927e-01 2.2586520208e-01 -3.0065079570e+00
209 185 147
2 0 594 -176.3000 160.0000 1 564 -168.6700 126.4700
3.0768567698e-02 1.8544445149e-01 -2.5706276127e+00
139 32 38
2 0 597 24.3400 145.0500 1 613 75.3200 216.0800
-2.5796544649e-01 1.8367713582e-01 -3.0162139024e+00
204 181 147
2 0 598 -181.4600 130.1600 1 656 -176.6100 97.6200
2.0386295365e-01 1.8599806244e-02 -2.6559548847e+00
20 8 8
2 0 602 159.0500 10.8500 1 620 193.8900 55.4000
-1.2449497429e-01 -5.6400876200e-02 -2.9066312916e+00
32 29 24
2 0 604 -90.3200 -40.7100 1 627 -86.5900 -41.6600
-4.0989839305e-01 -2.2126638288e-01 -3.0286430372e+00
26 17 8
2 0 606 -286.2000 -151.5600 1 637 -308.2900 -166.4500
-2.8739880440e-01 3.1766223000e-01 -2.9725599406e+00
203 183 146
2 0 616 -205.4400 226.6500 1 651 -188.0600 196.0300
-3.1482487402e-01 2.5610929012e-01 -2.9625533659e+00
18 17 15
2 0 619 -225.5300 183.3400 1 653 -209.9400 162.2800
1.2713440997e-02 2.1491983043e-01 -2.5591878154e+00
18 14 8
2 0 620 9.7200 169.5700 1 648 63.4200 242.5700
-2.7191251403e-01 2.0413033769e-01 -3.0094640081e+00
8 8 4
2 0 621 -191.7200 144.7100 1 654 -184.8800 113.3000
8.6926885422e-02 2.6364624467e-02 -2.6218099614e+00
228 182 138
2 0 624 68.5000 16.3700 1 657 108.7700 79.9900
-3.0517506939e-01 -1.1304031516e-01 -3.0743105310e+00
51 42 27
2 0 630 -209.3800 -74.9800 1 669 -228.0500 -107.0300
-3.3957050321e-02 1.7007993297e-01 -2.5482900643e+00
21 17 13
2 0 642 -29.1300 133.4800 1 650 27.5500 218.0200
-2.2078716365e-01 -3.0630727687e-01 -3.0649918137e+00
31 32 26
2 0 652 -153.3500 -207.3500 1 697 -176.2700 -243.6000
1.2659353415e-01 -2.6262153847e-01 -2.6006014923e+00
145 191 189
2 0 653 100.2900 -215.2300 1 703 140.2600 -138.4700
-3.2213925296e-01 2.5644799158e-01 -2.9683848710e+00
15 15 13
2 0 659 -230.2000 183.3000 1 700 -215.3400 161.3200
-7.9243276999e-03 1.2132854461e-01 -2.5744701743e+00
130 89 72
2 0 662 -6.7800 92.7400 1 718 42.5600 171.9000
-3.8421854536e-01 -2.7697726690e-01 -3.0552110704e+00
7 7 7
2 0 673 -265.4900 -188.3900 1 705 -293.8400 -211.8900
-2.6690652684e-01 -2.8360612288e-01 -3.0901447236e+00
46 37 22
2 0 674 -184.0100 -189.8600 1 708 -208.8900 -229.6400
-2.4423294475e-01 -1.0365431507e-01 -3.0746456722e+00
47 36 24
2 0 684 -167.5300 -68.5600 1 725 -184.7000 -104.3000
-3.2592140212e-01 3.1691486729e-01 -2.9484840215e+00
17 16 14
2 0 688 -235.0000 227.6600 1 731 -213.5500 205.3700
-6.9267694982e-02 1.5025343588e-01 -2.5626219201e+00
254 250 230
2 0 691 -58.2600 117.0100 1 732 -2.4100 201.2600
-3.3581335297e-01 -9.0925601818e-02 -3.0676625028e+00
58 46 30
2 0 694 -232.0300 -59.7400 1 740 -247.2200 -89.4100
-3.3581335297e-01 -9.0925601818e-02 -3.0676625028e+00
58 46 30
2 0 695 -232.0300 -59.7400 1 739 -247.2200 -89.4100
1.2122488618e-01 1.3351667074e-01 -2.6004745681e+00
223 87 97
2 0 710 96.5100 102.2700 1 757 140.4600 161.6100
