# Bundle file v0.3
3 146
1.9675529432e+03 1.7197811657e-01 4.9103248005e-03
9.9234518446e-01 -1.0565418769e-02 -1.2304229682e-01
2.0006258961e-03 9.9757820096e-01 -6.9525034844e-02
1.2347887421e-01 6.8746671921e-02 9.8996306129e-01
-2.5758324214e-01 -1.4510596929e-01 3.0098831715e-02
1.6013207392e+03 1.2079906446e-01 9.9700155860e-03
9.5919697702e-01 -7.6281369046e-02 -2.7225413130e-01
-8.2682048619e-03 9.5493832286e-01 -2.9668912404e-01
2.8261775610e-01 2.8683436382e-01 9.1534324254e-01
-5.5110552505e-01 -5.6109460956e-01 3.1652530277e-01
7.5439195773e+02 -3.6606861620e-04 2.4211475112e-02
4.9141870691e-02 9.6125867052e-01 -2.7123208677e-01
-9.6571458326e-01 -2.3578937554e-02 -2.5853312628e-01
-2.5491257369e-01 2.7463758310e-01 9.2714280331e-01
-4.6739712809e-01 -4.0271772776e-01 1.2165929388e+00
-9.8806190510e-02 2.2902710595e-01 -2.1422512411e+00
115 99 76
2 0 19 -89.1800 219.2400 1 200 -80.3000 294.4000
-1.7032745152e-01 2.0777662980e-01 -2.1310283257e+00
170 153 125
2 0 25 -157.5200 198.5400 1 212 -148.8800 268.6300
-3.2217222315e-02 1.6197957099e-01 -1.9695963750e+00
230 102 111
2 0 35 -50.3300 157.8800 1 43 -64.4400 197.3800
-9.2057434088e-02 3.2229346407e-02 -1.9599931124e+00
93 27 23
2 0 55 -110.4700 23.3200 1 78 -116.5200 56.0500
-6.2651699761e-02 -5.6845469712e-02 -2.0565753581e+00
51 47 44
2 0 65 -64.3600 -57.6400 1 90 -47.1400 -4.6100
-1.3180438674e-01 -1.2424655608e-01 -2.0825056194e+00
187 167 143
2 0 76 -125.4600 -119.2300 1 99 -97.3100 -58.6900
-1.3180438674e-01 -1.2424655608e-01 -2.0825056194e+00
187 167 143
2 0 77 -125.4600 -119.2300 1 100 -97.3100 -58.6900
-1.3862765226e-01 -1.5135484578e-01 -2.0780311320e+00
206 185 164
2 0 81 -132.2900 -145.6900 1 116 -102.5500 -84.5400
-1.2155298577e-01 -1.7901363516e-01 -2.0703156055e+00
133 116 98
2 0 89 -116.8900 -173.5400 1 269 -87.2800 -112.3400
-5.1792343535e-02 -1.6237617839e-01 -1.9289460071e+00
75 69 61
2 0 96 -72.8500 -179.6700 1 142 -66.9300 -152.4300
6.8196155108e-03 -1.6264732554e-01 -1.9209520833e+00
68 62 52
2 0 98 -13.6500 -181.7600 1 146 -9.5900 -158.2700
-4.6187680580e-02 -1.6569836292e-01 -1.9317348192e+00
53 50 45
2 0 99 -66.1900 -182.9900 1 143 -60.4800 -154.4800
1.5448399523e-01 -1.6942521185e-01 -1.9676416851e+00
35 49 44
2 0 100 144.4800 -182.9700 1 140 156.6500 -151.0800
1.4669236275e-01 -1.7687763028e-01 -1.9573542747e+00
62 83 77
2 0 107 136.5500 -192.6800 1 292 146.0700 -162.1500
4.6921237607e-03 -2.6914300551e-01 -1.9166337932e+00
22 98 16
3 0 159 -14.6100 -294.0200 1 189 -5.3300 -265.5600 2 70 -243.7100 112.1200
4.6921237607e-03 -2.6914300551e-01 -1.9166337932e+00
22 98 16
3 0 160 -14.6100 -294.0200 1 190 -5.3300 -265.5600 2 71 -243.7100 112.1200
-1.1736578876e-01 2.0853388963e-01 -2.1354081968e+00
155 140 115
2 0 189 -107.6200 200.0200 1 209 -97.7700 271.7000
4.8591288051e-02 1.5064475253e-01 -1.9906066350e+00
166 61 65
2 0 198 34.5500 147.2400 1 345 28.9600 191.3300
3.6787504111e-02 -7.2239574408e-02 -1.9663374566e+00
75 62 53
2 0 207 22.5000 -82.7700 1 95 26.5500 -50.2000
4.2200094375e-02 -8.6698972473e-02 -1.9636058509e+00
139 159 150
2 0 209 27.1200 -97.3500 1 372 33.2300 -66.4300
-1.2787874671e-01 -1.2414801833e-01 -2.0829389750e+00
196 176 152
2 0 211 -121.6500 -119.1200 1 101 -93.6400 -58.5100
-1.2975342754e-01 -1.2873697276e-01 -2.0836007242e+00
214 194 170
2 0 212 -122.8600 -123.7200 1 247 -95.1200 -62.1400
-1.2525293643e-01 -1.3115913798e-01 -2.0794803028e+00
168 147 126
2 0 213 -119.6200 -126.3100 1 250 -91.7800 -66.0000
-1.2525293643e-01 -1.3115913798e-01 -2.0794803028e+00
168 147 126
2 0 214 -119.6200 -126.3100 1 251 -91.7800 -66.0000
-1.3837341906e-01 -1.3629662936e-01 -2.0814035545e+00
193 171 149
2 0 215 -131.5900 -130.9200 1 255 -102.6500 -69.7800
-1.4217279702e-01 -1.5359663643e-01 -2.0776674324e+00
181 165 142
2 0 221 -135.6300 -147.9000 1 261 -105.7200 -86.5700
-2.9213894153e-01 -1.5213683471e-01 -2.0394229453e+00
26 17 7
2 0 222 -286.7800 -150.8600 1 264 -253.1300 -95.1000
-1.1631304190e-01 -1.5911564602e-01 -2.0717879558e+00
146 129 113
2 0 225 -112.0600 -154.1800 1 263 -83.6300 -94.0900
-2.9718962129e-01 -1.6036110021e-01 -2.0372404890e+00
57 50 44
2 0 226 -291.9700 -159.1600 1 121 -257.5800 -103.0600
-2.9306499671e-01 -1.6240930005e-01 -2.0375970942e+00
26 19 9
2 0 228 -288.0100 -161.0100 1 266 -253.4600 -104.9600
-2.9306499671e-01 -1.6240930005e-01 -2.0375970942e+00
26 19 9
2 0 229 -288.0100 -161.0100 1 267 -253.4600 -104.9600
-1.3123885099e-01 -1.8796297114e-01 -2.0671786386e+00
154 137 117
2 0 239 -126.8500 -182.2800 1 275 -95.9500 -121.4700
-1.3348143221e-01 -2.2086896105e-01 -2.0673631376e+00
165 145 121
2 0 247 -128.1500 -214.0600 1 288 -95.4100 -150.4600
-1.1626309304e-01 -2.9084710030e-01 -2.0494679116e+00
154 147 133
2 0 286 -113.7300 -285.2100 1 309 -79.6900 -219.7200
-1.1568527383e-01 -2.9798237895e-01 -2.0444458100e+00
175 171 154
2 0 289 -113.9900 -293.1700 1 313 -80.0800 -228.1000
-1.1568527383e-01 -2.9798237895e-01 -2.0444458100e+00
175 171 154
2 0 290 -113.9900 -293.1700 1 314 -80.0800 -228.1000
-1.1002144840e-01 2.2238676878e-01 -2.1410746335e+00
131 114 89
2 0 306 -99.7100 212.7800 1 334 -90.6700 287.0700
-1.9032978473e-02 2.1515029030e-01 -1.9896768442e+00
251 237 225
3 0 307 -34.2700 212.5600 1 419 -49.3900 260.7500 2 292 372.4300 167.4200
2.0269788267e-02 1.7376259029e-01 -1.9807468008e+00
100 91 77
3 0 312 4.2600 170.1000 1 342 -5.9500 214.1000 2 301 311.5900 112.1200
-1.5306836271e-02 1.3541797114e-01 -1.9543121292e+00
254 248 231
3 0 317 -35.6500 130.9600 1 426 -49.2300 165.7600 2 296 260.9600 154.9300
-2.9033050647e-01 -1.4522902971e-01 -2.0423684097e+00
10 9 5
2 0 337 -284.4100 -143.7800 1 375 -251.1400 -87.9400
-2.9564195621e-01 -1.5193509763e-01 -2.0366990501e+00
58 51 43
2 0 338 -290.8700 -151.0100 1 265 -257.3100 -95.7900
-1.3960209878e-01 -1.6115124604e-01 -2.0896084445e+00
179 168 145
2 0 341 -130.4600 -153.8200 1 376 -99.4300 -89.0800
-2.9666695165e-01 -1.6434928759e-01 -2.0355460645e+00
58 51 38
2 0 347 -291.8300 -163.2900 1 379 -257.3700 -107.2100
1.6116144782e-01 -1.7631811514e-01 -1.9697633903e+00
67 77 73
2 0 352 151.6000 -189.7900 1 394 164.5100 -157.3500
-1.2052848676e-01 -1.9682372735e-01 -2.0688742951e+00
114 96 73
2 0 353 -115.9200 -190.8500 1 384 -85.2700 -128.8700
-1.2875871390e-01 -2.1066477623e-01 -2.0674835599e+00
187 170 144
2 0 355 -123.7900 -204.2900 1 388 -91.9800 -141.4900
-1.6718140193e-01 2.3042666928e-01 -2.1422066168e+00
34 17 6
2 0 392 -152.8300 219.7100 1 203 -144.4600 293.0300
-1.7547348882e-02 2.1037517070e-01 -1.9876610273e+00
40 31 23
2 0 393 -33.0600 207.3800 1 499 -47.9100 255.1800
-1.6081559180e-01 2.1379097704e-01 -2.1332749140e+00
127 107 80
2 0 395 -148.2600 204.2200 1 490 -139.9800 275.4000
-1.6081559180e-01 2.1379097704e-01 -2.1332749140e+00
127 107 80
2 0 396 -148.2600 204.2200 1 491 -139.9800 275.4000
-1.8214603774e-01 2.0409290248e-01 -2.1277646002e+00
201 179 145
2 0 397 -168.9200 194.7900 1 494 -160.7700 264.2400
-1.5126258475e-01 1.9893588215e-01 -2.1357843206e+00
188 168 143
2 0 398 -138.7300 190.2000 1 418 -128.6300 261.1500
-1.5769910954e-01 1.8725382653e-01 -2.1352712773e+00
203 180 148
2 0 401 -144.7400 179.1800 1 421 -133.4500 249.1100
1.6663971037e-01 1.5752809353e-01 -2.0553247353e+00
219 179 142
2 0 404 158.6300 155.3600 1 538 170.8100 215.6100
-2.4941632206e-01 5.4101625540e-02 -2.0788285265e+00
11 11 7
2 0 413 -240.1900 51.0900 1 358 -223.2700 106.7400
1.8578038384e-01 2.9051434133e-02 -2.0145062047e+00
35 15 3
3 0 414 176.2200 24.5500 1 435 190.0200 69.4700 2 311 126.1500 -68.2100
-1.2034130937e-01 -1.3059377683e-01 -2.0797541918e+00
222 204 182
2 0 422 -114.8300 -125.8400 1 448 -87.3700 -65.4100
-2.8778154419e-01 -1.4976300265e-01 -2.0414638702e+00
61 54 46
2 0 423 -282.0900 -148.3400 1 449 -248.7900 -92.3300
-2.8778154419e-01 -1.4976300265e-01 -2.0414638702e+00
61 54 46
2 0 424 -282.0900 -148.3400 1 450 -248.7900 -92.3300
-3.0163880641e-01 -1.7576790446e-01 -2.0326312987e+00
14 11 8
2 0 426 -297.0900 -174.8300 1 454 -261.6900 -118.2600
-1.3700964921e-01 -1.8467636935e-01 -2.0746933446e+00
196 180 158
2 0 427 -130.5700 -178.2800 1 453 -99.5400 -115.4000
-2.2736162874e-01 2.1675270148e-01 -2.1177394229e+00
204 181 147
2 0 465 -212.9200 206.1000 1 532 -208.1300 274.4600
-1.7899195380e-01 2.1623345772e-01 -2.1323223246e+00
208 186 147
2 0 467 -165.5100 206.4900 1 489 -157.3200 276.9500
-1.5890708485e-01 2.0650905369e-01 -2.1351652334e+00
220 198 174
2 0 469 -145.9700 197.2100 1 492 -136.8300 268.4700
-1.5039149255e-01 2.0642784447e-01 -2.1343719439e+00
111 94 68
2 0 470 -138.2500 197.3200 1 493 -129.1200 268.5200
-1.4174711583e-01 1.9445385086e-01 -2.1356899725e+00
176 158 132
2 0 473 -129.6400 185.8500 1 496 -119.5500 257.1600
-1.5806417089e-01 1.9382646069e-01 -2.1339612200e+00
140 120 95
2 0 474 -145.2600 185.2600 1 497 -135.0900 255.6000
3.6938552397e-02 1.6038270241e-01 -1.9890430430e+00
104 71 48
2 0 476 22.5900 156.9800 1 503 15.1400 201.5100
-2.3076879596e-01 6.0100601129e-02 -2.1134058151e+00
77 64 46
2 0 480 -215.2100 58.4700 1 547 -193.7900 120.1800
-2.3076879596e-01 6.0100601129e-02 -2.1134058151e+00
77 64 46
2 0 481 -215.2100 58.4700 1 548 -193.7900 120.1800
-2.5165956832e-01 3.1862434344e-02 -2.0772717072e+00
7 6 1
2 0 482 -242.0800 29.5000 1 434 -223.5000 85.3800
-1.0162932388e-02 -7.1177617402e-02 -1.9495449126e+00
11 4 4
2 0 487 -27.4800 -83.5800 1 446 -26.9200 -54.0100
-1.6608247063e-01 -2.0854298274e-01 -2.0767956397e+00
8 7 3
2 0 494 -157.4200 -200.4200 1 457 -122.6800 -135.1500
1.0217267183e-02 -2.6546619114e-01 -1.9142223388e+00
87 161 85
2 0 503 -9.3700 -290.6400 1 527 -0.0900 -262.6100
-2.4290350491e-02 2.1955469359e-01 -1.9915156389e+00
32 24 17
3 0 513 -39.5700 216.7400 1 534 -54.8100 266.0100 2 375 379.0200 174.8300
-2.2517955221e-01 1.9079426133e-01 -2.1076856209e+00
204 184 147
2 0 519 -213.0100 182.0600 1 537 -206.4900 246.6200
2.3299916193e-02 1.6534961722e-01 -1.9816260025e+00
17 13 1
2 0 521 7.6400 162.1300 1 541 -1.9000 204.9800
5.2033513536e-02 1.6408706578e-01 -1.9951845632e+00
184 85 86
2 0 522 38.2400 161.2300 1 540 33.0600 207.0300
1.8140508595e-01 3.7641291002e-02 -2.0144480187e+00
233 190 142
3 0 533 171.7300 33.1700 1 583 184.9200 78.1800 2 389 136.0300 -64.0600
1.8067292214e-01 3.6948571806e-02 -2.0194880821e+00
233 190 142
2 0 534 171.7300 33.1700 1 584 184.9200 78.1800
9.6448137204e-02 2.1888767938e-02 -1.9905397971e+00
118 29 36
3 0 536 84.3400 16.4400 1 555 89.1600 53.9400 2 360 113.8300 21.2900
1.7601449487e-01 8.5124987555e-03 -2.0105200920e+00
82 64 54
2 0 537 166.5800 3.9100 1 586 179.7100 45.5300
4.6352023291e-02 -8.6285680193e-02 -1.9663619806e+00
136 166 161
3 0 541 32.4000 -96.4100 1 560 37.8900 -65.2500 2 380 -17.3700 74.2700
9.8984102827e-02 -2.5724760561e-01 -1.9414377075e+00
55 62 55
2 0 545 85.7600 -277.5600 1 565 97.9900 -246.9000
4.3743196577e-02 1.6375972899e-01 -1.9924453802e+00
226 197 170
2 0 553 29.6600 160.6900 1 599 23.3100 205.9700
-2.1660116876e-01 1.3882764289e-01 -2.1198834145e+00
202 177 140
2 0 555 -201.3500 132.4400 1 579 -188.0900 197.7300
-2.4573078087e-01 5.5922671879e-02 -2.0987994186e+00
70 56 32
2 0 556 -231.7900 53.3000 1 604 -212.7900 113.3700
1.8312359518e-01 5.0155193542e-02 -2.0197064266e+00
22 7 7
3 0 557 173.5400 46.2700 1 582 187.2400 92.9400 2 390 150.3500 -64.5600
-2.9705326775e-01 -1.8167252645e-01 -2.0370471115e+00
54 45 33
2 0 566 -291.3200 -179.9900 1 590 -255.3300 -121.9900
-2.9705326775e-01 -1.8167252645e-01 -2.0370471115e+00
54 45 33
2 0 567 -291.3200 -179.9900 1 591 -255.3300 -121.9900
1.6521777499e-01 -1.7017141691e-01 -1.9757290485e+00
10 10 8
2 0 570 156.2100 -182.6500 1 617 169.4700 -148.8000
1.3484524115e-01 -2.2654419208e-01 -1.9477319725e+00
111 112 55
2 0 575 123.8700 -245.4600 1 593 134.5500 -215.4300
1.1527913334e-01 -2.4786413147e-01 -1.9409592266e+00
93 114 107
2 0 579 103.2000 -268.6000 1 596 113.7500 -238.5100
2.5367447092e-02 1.5611882078e-01 -1.9795958157e+00
233 190 142
3 0 595 9.4900 152.1600 1 601 0.8000 194.1800 2 425 286.8400 105.0000
3.9571103549e-02 1.4940343720e-01 -1.9836446186e+00
139 32 38
3 0 596 24.3400 145.0500 1 602 17.7600 188.1800 2 403 276.5400 87.2800
3.8875680876e-02 1.4864419069e-01 -1.9872528229e+00
139 32 38
2 0 597 24.3400 145.0500 1 603 17.7600 188.1800
-6.3631158920e-02 2.1145627172e-02 -1.9531914599e+00
246 118 128
2 0 601 -83.2900 12.1800 1 607 -88.3600 42.0700
1.6828560693e-01 1.5505989856e-02 -2.0166581332e+00
20 8 8
3 0 602 159.0500 10.8500 1 606 171.9700 54.8400 2 409 112.3600 -48.3200
-2.9112622766e-01 -1.5260508045e-01 -2.0378419879e+00
26 17 8
2 0 605 -286.2000 -151.5600 1 613 -252.8400 -96.0600
-2.9112622766e-01 -1.5260508045e-01 -2.0378419879e+00
26 17 8
2 0 606 -286.2000 -151.5600 1 614 -252.8400 -96.0600
-2.4894001833e-01 -1.9235911839e-01 -2.0536714745e+00
53 44 29
2 0 607 -240.9000 -188.2100 1 615 -205.7800 -126.6200
-2.0670316068e-01 1.5142279990e-01 -2.1240805827e+00
8 8 4
2 0 621 -191.7200 144.7100 1 622 -178.7100 210.7500
-2.3384711232e-01 4.7874570209e-02 -2.1063197656e+00
10 10 6
2 0 622 -219.5400 46.7300 1 625 -197.7000 106.9400
8.1628637687e-02 2.2618171706e-02 -1.9851693668e+00
228 182 138
2 0 624 68.5000 16.3700 1 626 72.2800 52.7900
-1.9282223001e-01 -8.1006895911e-02 -2.1005183809e+00
51 39 27
2 0 631 -180.4800 -75.4800 1 630 -149.7000 -13.6000
8.7434774106e-02 -1.1139722991e-01 -1.9445629262e+00
68 88 86
3 0 633 72.0300 -126.0400 1 655 77.2000 -99.7000 2 428 -50.0400 21.3000
-9.7641495799e-03 1.3783840433e-01 -1.9595582464e+00
21 17 13
3 0 642 -29.1300 133.4800 1 646 -41.6600 169.4200 2 451 264.0500 148.1000
1.0904053816e-01 -7.6444705064e-02 -1.9924339766e+00
52 42 33
2 0 645 97.5100 -83.5700 1 650 109.6100 -47.4400
-2.3702227855e-01 -9.7594769275e-02 -2.0764487707e+00
9 9 7
2 0 646 -226.6100 -93.8700 1 649 -196.0000 -35.1100
1.4636104798e-02 -8.9392517445e-02 -1.9626284727e+00
237 198 76
3 0 647 0.2200 -98.8200 1 653 4.7300 -69.9700 2 441 -24.4400 111.7900
1.1605323909e-01 -1.9174601075e-01 -1.9230676606e+00
145 191 189
3 0 653 100.2900 -215.2300 1 678 107.3200 -190.6100 2 462 -143.3800 -16.4900
-2.7470541554e-01 -2.5330241891e-01 -2.0346430362e+00
92 79 62
2 0 655 -269.5200 -249.7900 1 659 -228.7700 -186.8200
-2.4363947608e-01 1.9222298334e-01 -2.1084881555e+00
15 15 13
2 0 659 -230.2000 183.3000 1 662 -223.2100 247.5500
-2.2104583269e-01 1.6894106683e-01 -2.1040555403e+00
204 182 143
2 0 661 -209.6000 161.3200 1 664 -201.4300 224.3200
4.3105682008e-02 -7.1644042305e-02 -1.9714295097e+00
73 64 55
3 0 667 29.4500 -80.9500 1 669 34.7100 -47.8600 2 456 0.0300 78.9400
4.3397771774e-02 -7.1096623268e-02 -1.9705879931e+00
73 64 55
2 0 668 29.4500 -80.9500 1 670 34.7100 -47.8600
7.7894708093e-02 -7.7227373078e-02 -1.9797020835e+00
134 163 163
2 0 669 65.3900 -86.1400 1 671 73.5000 -51.6700
1.5285240487e-01 -1.0556106542e-01 -2.0029762100e+00
85 73 62
3 0 670 144.2300 -110.8400 1 673 159.0100 -72.1500 2 445 -22.2200 -31.4600
-2.7094895609e-01 -1.9075682150e-01 -2.0401906588e+00
7 7 7
2 0 673 -265.4900 -188.3900 1 674 -230.1000 -129.6700
-3.7992336655e-02 1.2257688764e-01 -1.9535530462e+00
254 250 230
2 0 691 -58.2600 117.0100 1 690 -72.0500 150.5100
2.3133277833e-03 -3.9653728251e-02 -1.9651773580e+00
255 220 97
3 0 693 -12.1500 -48.2500 1 692 -11.6500 -18.6100 2 480 34.1600 128.2900
1.3515820193e-01 -1.3018074643e-01 -1.9710301572e+00
14 13 11
2 0 701 124.5600 -142.1300 1 698 134.4100 -109.4400
1.9488490541e-02 -1.0095765854e-01 -1.9335101164e+00
161 188 174
2 0 712 0.8300 -116.1500 1 702 1.7600 -91.1000
-4.9187593311e-02 -1.7205030552e-01 -1.9370393431e+00
48 47 43
2 0 102 -67.0000 -187.6200 2 25 -135.7400 185.0200
8.2888236136e-02 -1.6285426797e-01 -1.9069879765e+00
17 17 14
2 0 103 62.5500 -187.6800 2 169 -123.3100 15.5200
-5.5836505711e-02 1.9119242915e-01 -1.9931525959e+00
243 234 213
2 0 191 -70.5400 186.7000 2 325 340.7700 217.1400
3.7331237730e-02 1.6854836560e-01 -1.9857674936e+00
106 72 47
2 0 195 22.9000 164.5400 2 163 302.5700 90.9400
1.3044293760e-01 -1.4906347346e-01 -1.9442953276e+00
12 12 10
2 0 233 117.4800 -165.4200 2 180 -87.7600 -25.8000
7.3140165951e-03 -2.7207561349e-01 -1.9174641802e+00
86 166 81
2 0 291 -12.2000 -296.6900 2 236 -246.6400 109.1900
1.7104537971e-01 4.2625926064e-02 -2.0088756446e+00
131 54 46
2 0 328 161.7100 37.3900 2 187 141.8300 -55.2200
1.2718307056e-01 -1.4393674418e-01 -1.9450025389e+00
10 10 8
2 0 345 114.0500 -160.0000 2 251 -82.2500 -22.2100
1.2718307056e-01 -1.4393674418e-01 -1.9450025389e+00
10 10 8
2 0 346 114.0500 -160.0000 2 252 -82.2500 -22.2100
1.0658576339e-02 -2.5606359153e-01 -1.9234856534e+00
103 149 130
2 0 371 -7.5400 -278.4100 2 160 -225.8800 106.8600
1.9078806142e-02 -2.6103212909e-01 -1.9239395693e+00
87 124 109
2 0 375 1.2700 -283.6200 2 242 -229.4600 96.9300
-1.3853290991e-02 -2.6447800657e-01 -1.9198174930e+00
98 107 96
2 0 377 -33.7500 -287.8200 2 299 -240.5600 135.1300
6.3569339087e-03 -2.0322772611e-01 -1.8959439973e+00
20 22 19
2 0 432 -17.2800 -228.7200 1 400 -14.0300 -209.9200
1.7624506479e-01 2.5884246222e-02 -2.0106896116e+00
221 174 131
2 0 535 167.2200 20.9700 2 388 122.9500 -59.1400
-8.2296960375e-02 2.4184169209e-02 -1.9873264371e+00
193 39 57
2 0 560 -95.2500 18.8100 2 393 113.2600 240.2400
1.5767088398e-01 -1.7864238686e-01 -1.9570474481e+00
65 87 82
2 0 572 147.1000 -193.9300 2 363 -110.5600 -49.0900
-5.8474892338e-03 -2.5238072520e-01 -1.9239081321e+00
97 114 106
2 0 611 -24.5400 -274.2200 2 401 -224.2400 126.6900
2.5561176159e-02 1.7243339773e-01 -1.9795852869e+00
18 14 8
2 0 620 9.7200 169.5700 2 442 308.8500 104.8700
5.5566442398e-02 -2.5095084320e-01 -1.9066158006e+00
141 190 186
2 0 678 36.9900 -277.9200 1 686 43.5200 -254.6700
1.7637938378e-01 1.4034938098e-02 -2.0177660745e+00
76 62 51
2 1 241 180.6300 54.0400 2 188 110.4500 -56.2000
1.2772536691e-01 -1.4390352088e-01 -1.9473941933e+00
9 9 7
2 1 281 122.7700 -131.7800 2 178 -82.2800 -21.9700
1.4587952855e-03 -2.6089201971e-01 -1.9151010205e+00
111 189 105
2 1 567 -9.3100 -258.3000 2 377 -236.7500 116.0300
