# Bundle file v0.3
2 133
2.1130252719e+03 -7.2852159590e-02 -1.9672817841e-03
9.9962720699e-01 1.0439285433e-02 -2.5228324665e-02
-9.8177290685e-03 9.9964825903e-01 2.4636769537e-02
2.5476641099e-02 -2.4379900265e-02 9.9937808722e-01
-2.2845572074e-02 2.0749470466e-02 -6.2250123837e-04
2.0926062716e+03 1.7659313882e-01 1.0401694481e-02
8.7232392908e-01 1.9256416780e-01 -4.4941072977e-01
2.8616060012e-01 5.4421325574e-01 7.8863428991e-01
3.9643798215e-01 -8.1654820651e-01 4.1962596768e-01
-4.4762907722e-01 7.0318385414e-01 -5.0448878920e-01
-3.7447607758e-02 -1.5500765211e-02 -9.0577189013e-01
94 85 58
2 0 866 -87.3600 -38.7700 1 1845 -180.3700 -71.7300
-9.3297485586e-02 -1.6490476718e-02 -8.6282008549e-01
42 60 32
2 0 871 -231.1100 -39.5000 1 1617 -340.7100 -30.3400
-4.5981811015e-02 -2.1145231880e-02 -9.0194356661e-01
104 109 137
2 0 903 -108.2800 -51.8500 1 1899 -205.1100 -77.7800
-4.5981811015e-02 -2.1145231880e-02 -9.0194356661e-01
104 109 137
2 0 904 -108.2800 -51.8500 1 1900 -205.1100 -77.7800
-5.6916698163e-02 -2.3091724495e-02 -8.9476634959e-01
12 6 11
2 0 914 -135.6400 -56.3300 1 1866 -236.1900 -74.2000
-9.6906721696e-02 -2.5689815857e-02 -8.7253344277e-01
138 147 50
2 0 927 -236.2900 -61.3700 1 1793 -343.5200 -63.1900
-5.7885141100e-02 -2.9536392582e-02 -8.9731398569e-01
17 13 14
2 0 951 -137.4800 -71.4100 1 1980 -239.5700 -88.3900
-5.7885141100e-02 -2.9536392582e-02 -8.9731398569e-01
17 13 14
2 0 952 -137.4800 -71.4100 1 1981 -239.5700 -88.3900
-6.7504119162e-02 -3.2113364682e-02 -8.9110193459e-01
142 139 164
2 0 967 -161.4600 -77.3200 1 1963 -267.9700 -86.8200
-6.8246501507e-02 -3.3096306332e-02 -8.9118528137e-01
32 35 34
2 0 973 -163.2100 -79.6200 1 1986 -270.0500 -88.8200
-6.7263891414e-02 -3.6688943952e-02 -8.9371418249e-01
22 28 19
2 0 1000 -160.3500 -88.0300 1 2046 -267.6700 -97.8600
-5.9354076665e-02 -3.7203390474e-02 -9.0036619794e-01
128 133 146
2 0 1005 -140.4700 -89.2800 1 4594 -244.1600 -105.6400
-5.9354076665e-02 -3.7203390474e-02 -9.0036619794e-01
128 133 146
2 0 1006 -140.4700 -89.2800 1 4595 -244.1600 -105.6400
-4.7623423483e-02 -3.8419067319e-02 -9.1022686757e-01
9 8 16
2 0 1013 -111.1400 -91.9300 1 2167 -209.9500 -118.0300
-6.2123208095e-02 -4.7190712214e-02 -9.0340884876e-01
123 126 144
2 0 1084 -146.2500 -112.2500 1 2224 -253.3400 -127.3600
-6.0081717932e-02 -4.8245966212e-02 -9.0583420239e-01
8 11 14
2 0 1092 -141.2400 -114.7500 1 4682 -246.8300 -131.9200
-6.0574971923e-02 -5.1779810073e-02 -9.0736382569e-01
7 11 8
2 0 1123 -142.0900 -122.8200 1 4712 -248.5300 -140.2000
-6.0574971923e-02 -5.1779810073e-02 -9.0736382569e-01
7 11 8
2 0 1124 -142.0900 -122.8200 1 4713 -248.5300 -140.2000
-6.9232341951e-02 -5.6088856588e-02 -9.0298386240e-01
2 3 11
2 0 1148 -163.3800 -133.0300 1 4730 -274.3100 -143.8900
-6.1763009730e-02 -6.0407658097e-02 -9.1124098772e-01
9 14 19
2 0 1188 -144.2700 -142.5100 1 4785 -252.3300 -160.7500
-6.6423470292e-02 -6.1042580889e-02 -9.0773843077e-01
5 3 0
2 0 1195 -155.5900 -144.0400 1 2408 -266.7400 -158.3100
-6.2019232331e-02 -6.2737147366e-02 -9.1225921579e-01
15 17 23
2 0 1213 -144.6100 -147.7400 1 4805 -253.3700 -166.3000
-4.6943000592e-02 -6.4858095493e-02 -9.2508666905e-01
26 28 21
2 0 1234 -107.5000 -151.6300 1 4864 -208.7300 -183.7100
-6.4469228323e-02 -6.5429954410e-02 -9.1181364053e-01
124 135 134
2 0 1243 -150.4900 -153.9900 1 4823 -260.7700 -171.0200
-6.4469228323e-02 -6.5429954410e-02 -9.1181364053e-01
124 135 134
2 0 1244 -150.4900 -153.9900 1 4824 -260.7700 -171.0200
-6.2778279922e-02 -6.7601189693e-02 -9.1452818855e-01
5 7 15
2 0 1255 -146.0300 -158.7400 1 4850 -255.6100 -178.2400
-9.5376184060e-02 -6.8500709221e-02 -8.8973156716e-01
129 132 127
2 0 1271 -228.2900 -162.6500 1 2384 -353.2500 -154.5400
-4.8947729063e-02 -7.4232313146e-02 -9.2868753388e-01
119 132 154
2 0 1293 -111.6200 -172.5000 1 4935 -214.9400 -205.9300
-1.0184596746e-01 -8.2167155656e-02 -8.9225975926e-01
119 92 93
2 0 1349 -243.0500 -194.4200 1 4865 -374.4100 -183.9700
-1.0048506559e-01 -8.6636201538e-02 -8.9581905743e-01
159 169 176
2 0 1377 -238.8500 -204.4500 1 2569 -370.8100 -196.5800
-9.2605674975e-02 -6.6310876942e-03 -8.5755912792e-01
161 132 64
2 0 2255 -230.9600 -15.3000 1 4234 -338.1000 -7.2800
-9.0929597588e-02 -1.4585957093e-02 -8.6328819521e-01
152 161 41
2 0 2277 -224.8400 -34.7300 1 4307 -334.4300 -27.3000
-4.5448760268e-02 -2.8522906469e-02 -9.0673417950e-01
70 64 45
2 0 2327 -106.6000 -69.1700 1 4564 -203.0500 -96.2600
-4.5448760268e-02 -2.8522906469e-02 -9.0673417950e-01
70 64 45
2 0 2328 -106.6000 -69.1700 1 4565 -203.0500 -96.2600
-6.2226291248e-02 -3.2032308587e-02 -8.9507996386e-01
0 2 1
2 0 2341 -148.0100 -77.1000 1 4549 -252.7900 -90.6600
-5.1756786486e-02 -3.5046307041e-02 -9.0498157266e-01
131 133 154
2 0 2362 -121.4700 -84.0900 1 4601 -222.3200 -106.3600
-6.9252863698e-02 -5.1192679435e-02 -9.0027983040e-01
133 136 137
2 0 2439 -163.9800 -121.8100 1 4681 -274.0300 -131.7800
-6.1414475813e-02 -5.5578251194e-02 -9.0871562269e-01
1 4 8
2 0 2450 -143.4500 -131.2800 1 7146 -251.6700 -148.9700
5.8446246438e-02 -7.1847637767e-02 -8.8799452438e-01
26 26 36
2 0 2528 137.2300 -175.1100 1 4373 -30.5800 -51.6500
-1.0265508495e-01 -8.1114500449e-02 -8.9106880852e-01
147 161 67
2 0 2540 -245.6200 -192.2900 1 6320 -376.3800 -180.5200
5.7055898055e-02 -8.3979957763e-02 -8.9261608708e-01
19 23 32
2 0 2557 132.8300 -203.4500 1 4502 -34.4400 -80.2200
-9.6514144609e-02 -1.2789333116e-02 -8.5805827951e-01
102 88 35
2 0 3000 -240.2500 -30.1600 1 5944 -350.0600 -18.9300
-8.7832666700e-02 -2.8446630283e-02 -8.7311775558e-01
133 152 184
2 0 3037 -214.8200 -68.5300 1 6044 -326.8800 -61.8200
-9.0169653340e-02 -4.3921883835e-02 -8.7988765892e-01
111 91 95
2 0 3077 -218.5300 -105.2600 1 6110 -335.3800 -97.3500
-6.3580167876e-02 -5.0288383310e-02 -9.0397019734e-01
114 117 119
2 0 3096 -149.6200 -119.4200 1 6205 -257.7700 -133.7800
-6.4745807980e-02 -5.2017245091e-02 -9.0417105498e-01
17 14 16
2 0 3101 -152.3500 -123.4200 1 7131 -261.0900 -137.3900
-9.1599448255e-02 -5.2650583353e-02 -8.8347967451e-01
131 97 84
2 0 3108 -221.2000 -125.9200 1 6161 -340.4900 -117.2400
-6.1638004040e-02 -5.5647526290e-02 -9.0872090479e-01
4 7 6
2 0 3120 -144.4700 -131.7400 1 7147 -251.6700 -148.9700
-9.8950569405e-02 -5.6584041449e-02 -8.8031674336e-01
168 164 51
2 0 3125 -239.7800 -135.3700 1 7114 -362.2400 -121.8000
-9.8950569405e-02 -5.6584041449e-02 -8.8031674336e-01
168 164 51
2 0 3126 -239.7800 -135.3700 1 7115 -362.2400 -121.8000
-6.5525527096e-02 -6.0585337890e-02 -9.0816727648e-01
9 9 0
2 0 3139 -153.5300 -143.0400 1 7155 -263.9400 -157.7900
6.3823190172e-02 -7.3931033715e-02 -8.9245314088e-01
13 17 20
2 0 3183 150.3000 -179.2000 1 7045 -14.7000 -60.3800
5.1427318082e-02 -1.3136420902e-01 -9.1233869230e-01
19 22 31
2 0 3296 115.6900 -310.8100 1 7214 -48.9900 -201.2400
5.2881617272e-02 -1.4245651658e-01 -9.1780809535e-01
45 48 55
2 0 3317 118.3400 -334.9700 1 7258 -45.0200 -230.9800
1.9910684064e-02 1.1395021603e-01 -8.2497479759e-01
242 239 68
2 0 3384 48.6600 291.1100 1 3511 -84.3100 269.8200
-4.4051010054e-02 -2.6943484307e-02 -9.0699941125e-01
16 16 11
2 0 3517 -103.2600 -65.5200 1 7080 -198.9300 -93.6600
-6.6664384873e-02 -3.0242218507e-02 -8.9088772594e-01
57 53 65
2 0 3524 -159.5500 -72.9600 1 7065 -265.1600 -83.2600
-4.9392307389e-02 -3.0591203114e-02 -9.0438109564e-01
10 14 14
2 0 3525 -115.9600 -73.7700 1 7084 -215.3300 -97.5100
-4.4738842702e-02 -3.0492988790e-02 -9.0825181061e-01
17 16 14
2 0 3526 -104.7200 -73.7300 1 7635 -201.1600 -101.3400
-4.4738842702e-02 -3.0492988790e-02 -9.0825181061e-01
17 16 14
2 0 3527 -104.7200 -73.7300 1 7636 -201.1600 -101.3400
-8.9213207200e-02 -3.0814344919e-02 -8.7348930828e-01
86 82 105
2 0 3528 -217.9800 -74.1300 1 7050 -331.0600 -66.6900
-6.5244695191e-02 -4.0710543140e-02 -8.9764361984e-01
145 103 10
2 0 3541 -155.0200 -97.5200 1 7647 -261.5700 -109.3300
-4.8984956561e-02 -4.4666239247e-02 -9.1244631507e-01
13 14 20
2 0 3545 -114.1300 -106.3100 1 7124 -214.1500 -131.8600
-9.5521835897e-02 -5.2280587105e-02 -8.8057844268e-01
43 56 44
2 0 3559 -231.2300 -125.0300 1 7105 -351.8100 -113.9800
-9.5521835897e-02 -5.2280587105e-02 -8.8057844268e-01
43 56 44
2 0 3560 -231.2300 -125.0300 1 7104 -351.8100 -113.9800
-9.4091140920e-02 -5.5085625748e-02 -8.8289213533e-01
158 156 40
2 0 3563 -227.2900 -131.6600 1 7116 -348.2000 -121.3000
-5.0415781071e-02 -5.8952944489e-02 -9.1903153015e-01
123 124 150
2 0 3566 -116.4600 -138.6600 1 7164 -218.9800 -165.8400
-9.3210922624e-02 -6.1179879504e-02 -8.8707261936e-01
78 78 95
2 0 3569 -224.1500 -145.8600 1 7666 -346.0000 -137.2700
-9.3210922624e-02 -6.1179879504e-02 -8.8707261936e-01
78 78 95
2 0 3570 -224.1500 -145.8600 1 7667 -346.0000 -137.2700
-4.3902716401e-02 -6.2455145814e-02 -9.2572394038e-01
19 11 14
2 0 3571 -100.4900 -146.2100 1 7704 -200.0500 -179.3200
-4.7093325581e-02 -6.7246421052e-02 -9.2633597115e-01
131 137 161
2 0 3579 -107.4500 -156.8000 1 7715 -209.3800 -189.8400
-4.7093325581e-02 -6.7246421052e-02 -9.2633597115e-01
131 137 161
2 0 3580 -107.4500 -156.8000 1 7716 -209.3800 -189.8400
-5.1734593147e-02 -6.8393501274e-02 -9.2345171916e-01
106 85 27
2 0 3584 -118.7400 -159.7200 1 7713 -222.9900 -189.0800
-1.0581371762e-01 -7.1103815921e-02 -8.8336441385e-01
25 74 55
2 0 3592 -254.7700 -169.0700 1 7682 -384.8200 -153.4700
-4.4562004515e-02 -1.1384731153e-02 -8.9865991587e-01
129 93 27
2 0 3703 -105.3500 -29.0000 1 7599 -199.7400 -57.6300
-8.6319587715e-02 -1.2708993236e-02 -8.6650944731e-01
149 157 181
2 0 3704 -212.9600 -30.5700 1 7582 -319.7900 -27.5300
-8.6675518005e-02 -1.6096989012e-02 -8.6736241362e-01
84 114 152
2 0 3711 -213.2200 -38.5400 1 7585 -322.4700 -34.0300
-8.6675518005e-02 -1.6096989012e-02 -8.6736241362e-01
84 114 152
2 0 3712 -213.2200 -38.5400 1 7586 -322.4700 -34.0300
-4.2127745028e-02 -1.5946731957e-02 -9.0263599867e-01
111 117 144
2 0 3718 -98.9400 -39.7400 1 7904 -193.4000 -69.5400
-9.1613673485e-02 -2.2038667640e-02 -8.6701537478e-01
35 56 36
2 0 3721 -225.7500 -53.0300 1 7889 -336.6900 -44.3700
-9.2348583890e-02 -2.7979473296e-02 -8.6988536849e-01
31 51 30
2 0 3726 -226.7700 -67.3900 1 7600 -339.2100 -58.1400
-9.2348583890e-02 -2.7979473296e-02 -8.6988536849e-01
31 51 30
2 0 3727 -226.7700 -67.3900 1 7601 -339.2100 -58.1400
-9.1902689169e-02 -3.1218345966e-02 -8.7191604865e-01
158 152 34
2 0 3730 -225.0400 -75.1300 1 7610 -338.4700 -66.0500
-4.1030350313e-02 -3.6461812805e-02 -9.1398415163e-01
23 20 13
2 0 3732 -95.2400 -87.4300 1 7930 -190.9800 -117.9300
-4.3885842696e-02 -3.9010503625e-02 -9.1361180422e-01
119 123 151
2 0 3735 -101.9300 -93.2500 1 7933 -198.8400 -122.7000
-9.9420577575e-02 -4.3208544120e-02 -8.7233821959e-01
27 59 30
2 0 3741 -242.8900 -103.6000 1 7629 -362.6500 -88.5100
-9.2438130469e-02 -4.8142606905e-02 -8.8056335414e-01
25 41 31
2 0 3746 -223.9400 -115.3200 1 7640 -342.2500 -105.9800
-9.9939306920e-02 -4.8654313769e-02 -8.7501436871e-01
20 69 31
2 0 3748 -243.4900 -116.6100 1 7923 -364.6200 -101.4000
-9.7691294159e-02 -5.0644040967e-02 -8.7794658518e-01
161 163 36
2 0 3753 -237.4900 -121.4300 1 7642 -357.8000 -108.0400
-9.7691294159e-02 -5.0644040967e-02 -8.7794658518e-01
161 163 36
2 0 3754 -237.4900 -121.4300 1 7643 -357.8000 -108.0400
-9.9179053305e-02 -6.3091625710e-02 -8.8349688453e-01
164 155 61
2 0 3767 -239.2600 -150.4700 1 7665 -364.2100 -137.3900
-1.0228592705e-01 -6.3238481067e-02 -8.8142395145e-01
15 70 30
2 0 3768 -247.3000 -150.9300 1 7662 -373.1900 -135.7800
-4.4815127450e-02 -6.5308121913e-02 -9.2677074578e-01
17 16 13
2 0 3769 -102.4700 -152.5900 1 7972 -202.5700 -186.1200
-4.9123687804e-02 -6.5966181444e-02 -9.2411854961e-01
13 16 11
2 0 3770 -112.9400 -154.3700 1 7708 -214.8500 -184.8300
-5.7467990217e-02 -6.6814245007e-02 -9.1805964675e-01
17 11 18
2 0 3772 -132.7500 -156.4800 1 7968 -240.2400 -180.3900
-6.1395829388e-02 -6.9392563345e-02 -9.1641498302e-01
133 104 36
2 0 3776 -142.7000 -162.8200 1 7969 -251.5800 -183.4600
-5.6871036492e-02 -7.0361291052e-02 -9.2065172895e-01
126 129 156
2 0 3779 -130.9600 -164.3500 1 7973 -238.3700 -190.1700
-8.9662488328e-02 -9.4031111727e-03 -8.6116824862e-01
170 165 184
2 0 3883 -222.3500 -22.0900 1 7877 -330.5400 -15.7500
-8.9662488328e-02 -9.4031111727e-03 -8.6116824862e-01
170 165 184
2 0 3884 -222.3500 -22.0900 1 7878 -330.5400 -15.7500
-4.9219929897e-02 -8.8075996327e-03 -8.9299690648e-01
130 101 28
2 0 3886 -116.7600 -22.3600 1 8044 -214.3100 -47.1500
-3.8969451816e-02 -1.4343224550e-02 -9.0425761552e-01
8 18 12
2 0 3894 -91.1500 -36.0300 1 7902 -184.3700 -68.3600
-9.5404882745e-02 -1.7773131280e-02 -8.6166199587e-01
18 59 35
2 0 3897 -236.1500 -42.2500 1 7882 -347.7400 -31.5600
-9.5404882745e-02 -1.7773131280e-02 -8.6166199587e-01
18 59 35
2 0 3898 -236.1500 -42.2500 1 7883 -347.7400 -31.5600
-4.9952809481e-02 -1.9987563574e-02 -8.9830509600e-01
8 7 2
2 0 3904 -118.1100 -48.9700 1 7906 -216.5700 -72.1600
-9.9337523362e-02 -2.8008870002e-02 -8.6417189811e-01
18 72 42
2 0 3912 -245.1300 -67.1000 1 7890 -360.3600 -52.4500
-5.4650924654e-02 -2.8831768001e-02 -8.9995582926e-01
136 98 24
2 0 3914 -128.6200 -69.3600 1 8060 -230.2600 -90.5600
-4.3184918097e-02 -3.3186072751e-02 -9.1054160808e-01
121 124 158
2 0 3915 -100.8100 -79.9700 1 8063 -197.1100 -108.3100
-4.7390961504e-02 -4.1013541248e-02 -9.1191465149e-01
110 120 140
2 0 3924 -110.8200 -98.1400 1 8070 -208.7700 -124.4400
-5.7684085657e-02 -4.4148976346e-02 -9.0548146934e-01
137 103 25
2 0 3926 -135.4100 -105.1500 1 8069 -239.8000 -123.9700
-5.1832119698e-02 -4.5789524210e-02 -9.0989096163e-01
122 125 144
2 0 3927 -121.5500 -109.1900 1 8072 -223.3600 -130.4200
-4.3418932221e-02 -5.1501627326e-02 -9.2063867399e-01
10 15 11
2 0 3929 -99.9300 -121.5800 1 7952 -197.8700 -153.4000
-1.0048614120e-01 -5.3828179534e-02 -8.7752007367e-01
22 64 35
2 0 3935 -244.0100 -128.7800 1 7928 -366.8600 -113.8000
-5.3547630024e-02 -5.4968172126e-02 -9.1429969656e-01
125 127 149
2 0 3937 -124.4500 -129.8100 1 8083 -228.2800 -153.2100
-5.3547630024e-02 -5.4968172126e-02 -9.1429969656e-01
125 127 149
2 0 3938 -124.4500 -129.8100 1 8084 -228.2800 -153.2100
-5.3413703968e-02 -5.9168820666e-02 -9.1716331456e-01
4 12 4
2 0 3945 -123.9300 -139.3900 1 7960 -227.2400 -164.4900
-5.4998367279e-02 -6.3531892330e-02 -9.1783437116e-01
130 136 160
2 0 3952 -127.0600 -149.0300 1 7965 -233.1600 -173.4800
-6.0365756328e-02 -6.4199864126e-02 -9.1406813524e-01
131 106 18
2 0 3955 -140.4500 -150.9800 1 7963 -248.8600 -170.7800
-5.4358992364e-02 -6.7134465506e-02 -9.2071222458e-01
10 13 9
2 0 3959 -125.5300 -157.2600 1 7970 -230.5000 -183.6100
-8.3551767857e-02 -3.0753610973e-02 -8.7767430432e-01
79 107 155
2 0 4015 -202.9400 -73.9000 1 8056 -315.0200 -70.7400
-6.4330686491e-02 -3.3711147406e-02 -8.9443859971e-01
142 106 22
2 0 4018 -153.2100 -81.0600 1 8061 -258.8500 -93.1400
-4.3886048703e-02 -4.3846661143e-02 -9.1533489525e-01
46 32 18
2 0 4025 -101.2600 -104.0400 1 8074 -200.4700 -133.0500
-6.5350850611e-02 -4.4715190533e-02 -9.0039744724e-01
140 112 49
2 0 4028 -154.4800 -106.6100 1 8067 -261.5800 -120.2900
-9.6969983454e-02 -4.5809222295e-02 -8.7553074100e-01
32 53 28
2 0 4070 -235.7800 -109.5900 1 8137 -356.1800 -96.5900
-5.2953525547e-02 -6.8786930832e-02 -9.2284616905e-01
69 57 16
2 0 4077 -122.2600 -161.0300 1 8187 -225.9000 -189.0200
-5.2953525547e-02 -6.8786930832e-02 -9.2284616905e-01
69 57 16
2 0 4078 -122.2600 -161.0300 1 8188 -225.9000 -189.0200
-4.5583083740e-02 -2.2391926635e-02 -9.0251714160e-01
102 107 140
2 0 4089 -107.2000 -54.7300 1 8182 -204.5400 -80.3200
-9.8715407282e-02 -5.6140767044e-02 -8.8019612210e-01
116 126 40
2 0 4095 -239.0200 -134.1800 1 8209 -361.8000 -120.9000
-9.8715407282e-02 -5.6140767044e-02 -8.8019612210e-01
116 126 40
2 0 4096 -239.0200 -134.1800 1 8210 -361.8000 -120.9000
-9.3518852722e-02 -1.9705224680e-02 -8.6463661288e-01
50 70 24
2 0 4108 -230.6800 -47.0600 1 8204 -341.9000 -38.3400
-9.3518852722e-02 -1.9705224680e-02 -8.6463661288e-01
50 70 24
2 0 4109 -230.6800 -47.0600 1 8203 -341.9000 -38.3400
-8.5830620817e-02 -2.3318208345e-02 -8.7148855390e-01
159 164 183
2 0 4110 -209.8600 -55.9100 1 8205 -321.5700 -50.8400
-8.7224944745e-02 -5.3146634243e-02 -8.8721805517e-01
156 161 181
2 0 4114 -209.3700 -126.7000 1 8222 -327.8800 -122.2200
-9.1767495564e-02 -6.8880165442e-02 -8.9252208817e-01
156 160 179
2 0 4117 -218.9000 -163.2900 1 8212 -342.8300 -157.9900
