# Bundle file v0.3
2 127
2.1509259995e+03 5.1116609111e-02 1.2490585239e-03
9.9999934239e-01 1.0051775104e-03 5.5211230918e-04
-1.0096492370e-03 9.9996619987e-01 8.1596402238e-03
-5.4389176087e-04 -8.1601922978e-03 9.9996655716e-01
5.4375380755e-04 9.1298726043e-03 -1.2119878153e-02
2.1004676311e+03 -2.6406826974e-02 -4.9524232741e-04
9.2981944847e-01 -3.6621034417e-01 3.6411221777e-02
2.0714240860e-01 6.0257086972e-01 7.7071419445e-01
-3.0418385198e-01 -7.0908273903e-01 6.3613980649e-01
5.4420843579e-02 8.8579082428e-01 -4.2843446964e-01
-1.3743358910e-01 3.0499325246e-02 -1.1106126353e+00
157 108 52
2 0 590 -263.8000 58.9600 1 960 -235.1300 37.1400
-1.3633770402e-01 2.6876889491e-02 -1.1119267225e+00
170 108 58
2 0 609 -261.6300 52.0200 1 986 -230.8500 31.5600
-9.8699038446e-02 -1.1706592279e-02 -1.1329093496e+00
25 25 55
2 0 865 -185.5600 -22.0800 1 1229 -140.6400 -28.0800
-1.6058431991e-01 -1.7458408651e-02 -1.1209654014e+00
146 174 64
2 0 920 -305.3400 -32.9300 1 1324 -251.4000 -42.6300
-1.5929304776e-01 -2.6519836216e-02 -1.1241008281e+00
181 190 59
2 0 1008 -302.3700 -49.9600 1 1412 -243.4600 -57.6700
-1.1408919410e-01 -3.0551672825e-02 -1.1352034702e+00
25 22 26
2 0 1043 -214.1500 -57.4100 1 1447 -157.1500 -59.8100
-9.8419380915e-02 -3.3123410369e-02 -1.1396127773e+00
166 162 184
2 0 1070 -184.1200 -62.0500 1 1465 -126.9300 -62.7600
-7.9827249461e-02 -3.6733963360e-02 -1.1453274109e+00
120 126 151
2 0 1103 -148.5200 -68.6200 1 1491 -91.3600 -67.5500
-1.2090776241e-01 -4.5036717430e-02 -1.1386837188e+00
163 166 164
2 0 1188 -226.2600 -84.4200 1 1576 -160.9400 -85.2000
-1.7657848146e-01 -4.5225377795e-02 -1.1263756789e+00
158 174 63
2 0 1196 -334.5000 -85.3400 1 1620 -265.9600 -91.4900
-1.7657848146e-01 -4.5225377795e-02 -1.1263756789e+00
158 174 63
2 0 1197 -334.5000 -85.3400 1 1621 -265.9600 -91.4900
-9.7378348634e-02 -4.6955182509e-02 -1.1278246961e+00
140 123 43
2 0 1216 -184.0800 -88.6500 1 1461 -116.4100 -61.8700
-1.6328287213e-01 -5.0929564989e-02 -1.1312342923e+00
149 145 158
2 0 1256 -307.9800 -95.8200 1 1670 -237.0100 -99.9800
-1.1516436965e-01 -7.0634958454e-02 -1.1489350519e+00
153 154 160
2 0 1462 -213.8200 -131.3000 1 1810 -134.2700 -129.2700
-9.8833797108e-02 -7.1422780402e-02 -1.1529248254e+00
122 135 160
2 0 1468 -182.8800 -132.3800 1 1809 -103.6400 -128.7700
-1.9361046924e-01 -7.1043395904e-02 -1.1316508079e+00
244 211 180
2 0 1472 -365.3600 -133.6800 1 1848 -284.3000 -140.0300
-1.9361046924e-01 -7.1043395904e-02 -1.1316508079e+00
244 211 180
2 0 1473 -365.3600 -133.6800 1 1849 -284.3000 -140.0300
-1.7726837610e-01 -7.3365067770e-02 -1.1362154334e+00
153 118 106
2 0 1497 -332.6800 -137.7600 1 1861 -251.2200 -142.2300
-9.6945675198e-02 -8.9090794026e-02 -1.1599196600e+00
126 133 163
2 0 1622 -178.5200 -164.1400 1 1935 -88.6400 -160.2800
5.3327507060e-02 5.4857767984e-02 -9.9748218567e-01
83 95 104
2 0 2760 114.1900 118.6200 1 143 88.7500 302.5300
-1.4319651120e-01 1.8563655019e-03 -1.1184705111e+00
37 42 40
2 0 2956 -273.0300 3.9000 1 1137 -229.5700 -9.1600
-9.2910439262e-02 -1.6721936594e-02 -1.1357417788e+00
4 16 5
2 0 3044 -174.5100 -31.3800 1 1279 -126.9200 -35.6800
-7.8558375625e-02 -2.1032638760e-02 -1.1402708771e+00
148 154 186
2 0 3061 -146.7600 -39.5100 1 1320 -98.9300 -41.3900
-1.0360046707e-01 -2.4503251188e-02 -1.1357031948e+00
11 10 15
2 0 3083 -194.1800 -46.1300 1 1364 -141.8900 -49.0200
-1.0360046707e-01 -2.4503251188e-02 -1.1357031948e+00
11 10 15
2 0 3084 -194.1800 -46.1300 1 1365 -141.8900 -49.0200
-1.5259360043e-01 -2.9349064714e-02 -1.1265273250e+00
174 190 63
2 0 3105 -288.8900 -55.3100 1 3660 -229.2900 -61.8300
-1.0566583436e-01 -2.9665808604e-02 -1.1369636085e+00
20 16 7
2 0 3106 -197.8800 -55.7600 1 1420 -142.4600 -57.8000
-1.0089291350e-01 -3.3477535280e-02 -1.1394090635e+00
142 153 179
2 0 3129 -188.8700 -62.6800 1 1468 -131.1000 -63.9200
-1.0089291350e-01 -3.3477535280e-02 -1.1394090635e+00
142 153 179
2 0 3130 -188.8700 -62.6800 1 1469 -131.1000 -63.9200
-7.1484837571e-02 -3.3817151243e-02 -1.1467687879e+00
135 140 180
2 0 3134 -133.0400 -63.0600 1 3663 -78.1500 -62.7500
-1.0704024176e-01 -3.6545682800e-02 -1.1387488375e+00
156 150 166
2 0 3153 -200.2500 -68.5400 1 1498 -140.6600 -69.1700
-1.0704024176e-01 -3.6545682800e-02 -1.1387488375e+00
156 150 166
2 0 3154 -200.2500 -68.5400 1 1499 -140.6600 -69.1700
-1.0460655531e-01 -4.1474922236e-02 -1.1414396036e+00
139 145 170
2 0 3175 -195.5900 -77.4900 1 3697 -132.8200 -77.9900
-1.0841015985e-01 -4.4760659889e-02 -1.1414425282e+00
153 158 178
2 0 3194 -202.4400 -83.7300 1 1566 -138.0200 -83.5500
-1.1519716448e-01 -4.4954490984e-02 -1.1395346697e+00
165 125 53
2 0 3197 -215.5600 -84.1600 1 3716 -150.2900 -83.9200
-1.0650939737e-01 -4.5566276475e-02 -1.1421648243e+00
161 159 187
2 0 3201 -198.7300 -85.2100 1 1577 -134.0800 -84.7600
-1.2125571550e-01 -5.2088113618e-02 -1.1411601203e+00
16 19 13
2 0 3230 -226.6000 -97.3900 1 3745 -157.1000 -97.6000
-1.0721471700e-01 -5.2444441171e-02 -1.1444583586e+00
9 17 8
2 0 3232 -200.0800 -97.7200 1 1644 -130.6700 -96.7900
-1.0721471700e-01 -5.2444441171e-02 -1.1444583586e+00
9 17 8
2 0 3233 -200.0800 -97.7200 1 1645 -130.6700 -96.7900
-8.7031845766e-02 -5.3510436277e-02 -1.1493007618e+00
143 147 179
2 0 3239 -161.5100 -99.5100 1 3744 -93.5800 -96.3900
-1.0906512523e-01 -5.7037382998e-02 -1.1457375420e+00
11 4 15
2 0 3265 -203.0700 -106.2800 1 3773 -131.4600 -105.0500
-1.1172692315e-01 -6.3514075886e-02 -1.1473266523e+00
9 7 2
2 0 3303 -207.9200 -118.1300 1 1738 -132.1500 -116.5400
-1.1172692315e-01 -6.3514075886e-02 -1.1473266523e+00
9 7 2
2 0 3304 -207.9200 -118.1300 1 1739 -132.1500 -116.5400
-1.7751282229e-01 -6.4937585336e-02 -1.1331125378e+00
138 101 94
2 0 3318 -334.3900 -122.0600 1 3834 -256.2900 -126.9000
-1.1294565287e-01 -6.6454343143e-02 -1.1478669670e+00
10 13 0
2 0 3325 -210.0400 -123.5700 1 1764 -132.6200 -121.5200
-1.1739423003e-01 -6.8388549555e-02 -1.1476783038e+00
165 163 185
2 0 3334 -218.3000 -127.2000 1 3830 -139.7100 -125.6300
-1.1739423003e-01 -6.8388549555e-02 -1.1476783038e+00
165 163 185
2 0 3335 -218.3000 -127.2000 1 3831 -139.7100 -125.6300
-1.0020625699e-01 -9.3397523584e-02 -1.1607297680e+00
156 167 195
2 0 3465 -184.5400 -171.9000 1 3962 -91.7100 -168.4600
7.0724492614e-02 -9.0079453211e-02 -1.0515586957e+00
160 155 151
2 0 3498 142.2600 -181.0700 1 3353 229.4200 71.0600
-1.5434173013e-01 3.6485561553e-02 -1.1060352984e+00
205 165 59
2 0 4192 -297.4400 70.8300 1 3424 -269.4800 44.1300
-1.4025999587e-01 1.7192798745e-02 -1.1143172591e+00
191 183 62
2 0 4225 -268.5400 33.3500 1 4913 -232.6600 15.6500
-1.5314178840e-01 8.5386354872e-04 -1.1169739636e+00
187 186 61
2 0 4264 -291.7500 1.7900 1 4973 -248.1800 -12.0200
-1.4367742576e-01 -1.1242585266e-02 -1.1217360942e+00
156 102 62
2 0 4294 -273.0400 -21.1000 1 5000 -223.1600 -29.4400
-6.2537038388e-02 -2.0526280657e-02 -1.1439423967e+00
110 106 60
2 0 4325 -116.3800 -38.5600 1 1299 -71.0800 -39.6200
-1.4706450044e-01 -2.1053403108e-02 -1.1243034974e+00
131 110 99
2 0 4328 -278.7600 -39.7300 1 5036 -223.9300 -46.2400
-1.4706450044e-01 -2.1053403108e-02 -1.1243034974e+00
131 110 99
2 0 4329 -278.7600 -39.7300 1 5035 -223.9300 -46.2400
-1.6244879279e-01 -2.4522970741e-02 -1.1227961971e+00
181 177 49
2 0 4341 -308.4300 -46.3100 1 5047 -250.8900 -54.6200
-1.6244879279e-01 -2.4522970741e-02 -1.1227961971e+00
181 177 49
2 0 4342 -308.4300 -46.3100 1 5048 -250.8900 -54.6200
-1.3055058730e-01 -2.8385610245e-02 -1.1309326992e+00
172 170 117
2 0 4346 -246.1200 -53.4000 1 5052 -188.6600 -57.8700
-1.3055058730e-01 -2.8385610245e-02 -1.1309326992e+00
172 170 117
2 0 4347 -246.1200 -53.4000 1 5053 -188.6600 -57.8700
-9.1553481561e-02 -4.0503357233e-02 -1.1440916876e+00
133 111 56
2 0 4387 -170.2400 -75.8000 1 5846 -110.3500 -75.1100
-7.8670707618e-02 -4.3123867420e-02 -1.1479688478e+00
15 14 10
2 0 4393 -146.5900 -80.1400 1 3701 -84.6900 -78.4900
-1.1331673298e-01 -5.2480829033e-02 -1.1430395348e+00
139 152 159
2 0 4428 -211.2000 -98.0900 1 5113 -142.4000 -97.3600
-8.9049133307e-02 -6.2333737514e-02 -1.1521569612e+00
135 141 176
2 0 4464 -165.1700 -115.5100 1 3800 -91.3000 -112.1500
-1.0151558372e-01 -9.8498323707e-02 -1.1622641714e+00
147 115 53
2 0 4585 -186.4100 -181.2000 1 5248 -91.1200 -177.8200
1.0027149631e-01 1.0638802046e-02 -1.0300498904e+00
145 145 141
2 0 5014 206.5400 23.4800 1 5663 199.4200 222.8800
-9.6577354747e-02 -6.8555126301e-03 -1.1317964383e+00
115 95 62
2 0 5038 -181.8300 -12.9200 1 5802 -139.6600 -20.0500
-1.6385624702e-01 -3.2092298574e-02 -1.1249466916e+00
183 179 53
2 0 5084 -310.7800 -60.5100 1 5839 -248.9800 -67.6300
-1.5243509261e-01 -3.2054598887e-02 -1.1269416663e+00
160 107 76
2 0 5086 -288.4800 -60.4200 1 5061 -227.4600 -65.6600
-9.1570079550e-02 -4.0462298571e-02 -1.1441178706e+00
133 111 58
2 0 5096 -170.3200 -75.7000 1 5845 -110.3500 -75.1100
-1.1003256729e-01 -5.6991603395e-02 -1.1455051988e+00
14 4 11
2 0 5121 -204.9400 -106.2000 1 5874 -133.2400 -105.0800
-1.1048143111e-01 -7.3626444666e-02 -1.1514259324e+00
162 122 38
2 0 5154 -204.8000 -136.5600 1 5903 -123.5900 -134.5500
-1.4437787595e-01 7.9016955481e-04 -1.1187735543e+00
29 58 46
2 0 5466 -275.4300 1.9500 1 5789 -230.9100 -11.3400
-1.4487124494e-01 -3.5712210529e-03 -1.1201472077e+00
175 184 46
2 0 5471 -275.8600 -6.4400 1 6234 -229.5300 -18.6100
-1.4133198392e-01 -4.9257383880e-03 -1.1210683017e+00
107 105 123
2 0 5472 -268.6700 -9.1200 1 5800 -222.4400 -20.0900
-1.4133198392e-01 -4.9257383880e-03 -1.1210683017e+00
107 105 123
2 0 5473 -268.6700 -9.1200 1 5801 -222.4400 -20.0900
-6.2783273627e-02 -2.2678348167e-02 -1.1447513310e+00
151 119 40
2 0 5489 -116.7600 -42.5500 1 6246 -70.1600 -43.3500
-1.5173296847e-01 -2.5383949175e-02 -1.1255118138e+00
30 46 30
2 0 5492 -287.6700 -47.7700 1 6257 -229.7900 -55.2000
-7.5074025030e-02 -3.0979267328e-02 -1.1446839894e+00
17 17 17
2 0 5502 -140.2700 -57.7200 1 5829 -85.9600 -57.9400
-1.5746878890e-01 -4.1921122219e-02 -1.1297454194e+00
96 102 108
2 0 5522 -297.3000 -78.9400 1 6272 -231.2200 -84.0300
-1.5746878890e-01 -4.1921122219e-02 -1.1297454194e+00
96 102 108
2 0 5523 -297.3000 -78.9400 1 6273 -231.2200 -84.0300
-1.7929913176e-01 -4.7455917583e-02 -1.1272731988e+00
20 89 66
2 0 5530 -339.5000 -89.4700 1 6505 -269.7900 -96.8200
-1.2559798045e-01 -5.8855695666e-02 -1.1422541425e+00
149 147 165
2 0 5540 -234.8300 -109.8200 1 6286 -160.7000 -109.4900
-8.1910386490e-02 -5.9460282492e-02 -1.1528468877e+00
147 149 190
2 0 5541 -151.7800 -110.1800 1 6283 -80.3300 -106.5300
-1.5970153410e-01 -6.4233461675e-02 -1.1366418986e+00
110 124 150
2 0 5546 -299.8200 -120.4400 1 6512 -222.2700 -123.1600
-9.9481983951e-02 -8.2099115096e-02 -1.1569152305e+00
130 91 31
2 0 5553 -183.7900 -151.5500 1 6303 -97.6700 -148.2400
-9.2599949882e-02 -8.4010251006e-02 -1.1597716131e+00
143 154 173
2 0 5554 -170.4200 -154.8600 1 6539 -84.1000 -151.6200
-1.3863173872e-02 -1.3716714152e-01 -1.0359935837e+00
35 40 46
2 0 5600 -28.3100 -280.8800 1 5771 114.5400 3.8800
-1.3863173872e-02 -1.3716714152e-01 -1.0359935837e+00
35 40 46
2 0 5601 -28.3100 -280.8800 1 5772 114.5400 3.8800
-1.4574853606e-01 1.6064664327e-02 -1.1140587788e+00
12 75 34
2 0 5696 -278.6500 31.0400 1 6456 -242.6100 12.6700
-1.4574853606e-01 1.6064664327e-02 -1.1140587788e+00
12 75 34
2 0 5697 -278.6500 31.0400 1 6457 -242.6100 12.6700
-1.3935182416e-01 1.3524734624e-02 -1.1156218285e+00
35 66 62
2 0 5702 -266.5100 26.2900 1 6226 -228.9100 9.9200
-1.4158925539e-01 7.9878778849e-03 -1.1167440085e+00
39 69 50
2 0 5705 -270.4000 15.6400 1 6230 -230.0500 1.0800
-1.5466191257e-01 5.5966915923e-03 -1.1149618889e+00
9 81 42
2 0 5708 -295.5600 11.0400 1 6462 -253.2900 -4.2000
-1.5069077622e-01 -1.1363972209e-02 -1.1200981589e+00
34 69 41
2 0 5713 -287.6400 -21.0000 1 6469 -235.3300 -30.1400
-8.2387786037e-02 -1.7152791260e-02 -1.1383773697e+00
9 9 9
2 0 5722 -153.7500 -32.4500 1 6470 -108.5800 -35.6800
-8.2387786037e-02 -1.7152791260e-02 -1.1383773697e+00
9 9 9
2 0 5723 -153.7500 -32.4500 1 6471 -108.5800 -35.6800
-8.2387786037e-02 -1.7152791260e-02 -1.1383773697e+00
9 9 9
2 0 5724 -153.7500 -32.4500 1 6472 -108.5800 -35.6800
-1.6269294027e-01 -2.0698435727e-02 -1.1215371152e+00
14 71 39
2 0 5732 -309.0200 -39.1500 1 6249 -253.7500 -48.2200
-1.5697115423e-01 -2.5006683228e-02 -1.1241153597e+00
174 180 48
2 0 5735 -297.7500 -47.1700 1 6253 -240.1400 -54.8600
-1.6546660938e-01 -2.7396593718e-02 -1.1236202172e+00
19 67 51
2 0 5737 -313.9200 -51.7500 1 6490 -254.9800 -60.5900
-7.1080689760e-02 -2.7416248904e-02 -1.1444266993e+00
149 158 187
2 0 5738 -132.5100 -51.2500 1 6483 -81.5000 -51.7500
-8.7053973565e-02 -3.4910557015e-02 -1.1428238217e+00
148 159 189
2 0 5743 -162.0000 -65.4500 1 6492 -105.7700 -64.7600
-1.6675187707e-01 -4.0441616699e-02 -1.1269941613e+00
179 181 61
2 0 5746 -315.4500 -76.3400 1 6271 -250.0000 -82.1400
-7.3813196090e-02 -4.5293724529e-02 -1.1489617024e+00
20 23 14
2 0 5751 -137.1500 -84.2500 1 6497 -74.9500 -80.4500
-1.6625449432e-01 -4.5886603844e-02 -1.1290974809e+00
36 64 43
2 0 5752 -314.2300 -86.4100 1 6501 -245.5800 -91.8300
-1.6857287326e-01 -5.3468863641e-02 -1.1318825184e+00
31 57 45
2 0 5761 -317.8500 -100.5400 1 6508 -245.5800 -106.4600
-9.8857611263e-02 -6.7973455901e-02 -1.1519670168e+00
11 10 6
2 0 5771 -183.3900 -125.9500 1 6514 -105.5500 -123.1300
-1.0788772915e-01 -7.5515475705e-02 -1.1527108510e+00
14 14 9
2 0 5777 -199.5100 -140.0400 1 6526 -117.8700 -137.6000
-9.0176015259e-02 -7.7161588026e-02 -1.1572214674e+00
134 142 170
2 0 5780 -166.3800 -142.5000 1 6527 -84.0200 -138.2800
-1.0795965113e-01 -8.1122505867e-02 -1.1547271859e+00
140 147 177
2 0 5785 -199.5100 -150.1100 1 6532 -114.2300 -147.6500
-8.8283777046e-02 -8.2485081829e-02 -1.1590133851e+00
8 17 6
2 0 5786 -162.7800 -152.0600 1 6531 -76.9800 -146.7100
-1.0703095161e-01 -2.5311783596e-02 -1.1345556321e+00
168 130 34
2 0 5872 -200.8000 -47.6800 1 6617 -147.6600 -49.7200
-9.1773135092e-02 -2.6325420678e-02 -1.1397656365e+00
167 124 24
2 0 5873 -171.4700 -49.4200 1 6618 -119.3300 -52.1900
-7.5952647008e-02 -3.9453834661e-02 -1.1462676911e+00
141 148 177
2 0 5884 -141.6300 -73.4600 1 6629 -82.2600 -70.5600
-1.0049911773e-01 -4.4218704259e-02 -1.1425081480e+00
168 123 31
2 0 5887 -187.7000 -82.5800 1 6631 -123.6900 -81.1100
-8.0950041584e-02 -5.2718734914e-02 -1.1500976293e+00
39 38 30
2 0 5890 -149.5700 -98.2300 1 6503 -83.7100 -93.9400
-4.8588841595e-03 -1.3811649660e-01 -1.0356958453e+00
16 20 23
2 0 5927 -10.5100 -282.5900 1 6705 133.6400 7.0800
-1.5789173284e-01 -1.8912592730e-02 -1.1221533327e+00
17 62 45
2 0 5961 -299.8500 -35.7000 1 6710 -245.5200 -45.0000
-1.7155716792e-01 -4.3055120324e-02 -1.1269973953e+00
8 63 35
2 0 5971 -324.6000 -81.2700 1 6634 -257.6800 -87.4800
-1.7434799995e-01 -5.1512567149e-02 -1.1290662184e+00
178 178 43
2 0 5974 -329.6500 -97.0100 1 6713 -257.8600 -102.4100
-1.7434799995e-01 -5.1512567149e-02 -1.1290662184e+00
178 178 43
2 0 5975 -329.6500 -97.0100 1 6714 -257.8600 -102.4100
4.1651429686e-02 -1.7364045132e-01 -1.0741051962e+00
144 139 128
2 0 5989 81.4800 -343.7200 1 6712 247.4900 -79.7800
-1.0086901730e-01 -8.2011342695e-02 -1.1566517221e+00
110 85 27
2 0 6009 -186.8100 -151.2400 1 6757 -99.8500 -148.4100
-1.6364059292e-01 -3.1730662393e-02 -1.1251015926e+00
160 165 62
2 0 6032 -310.2200 -59.8600 1 6787 -248.8700 -67.3100
-1.6364059292e-01 -3.1730662393e-02 -1.1251015926e+00
160 165 62
2 0 6033 -310.2200 -59.8600 1 6788 -248.8700 -67.3100
-1.5851813455e-01 -5.3490879757e-02 -1.1332804909e+00
181 186 207
2 0 6035 -297.7000 -100.8000 1 6790 -227.1300 -104.0200
