# Bundle file v0.3
2 83
2.1558235853e+03 1.3217849331e-01 7.0705716219e-03
9.9997348229e-01 7.2764406605e-03 -2.9687410138e-04
-7.2817775263e-03 9.9961583881e-01 -2.6742298408e-02
1.0217130638e-04 2.6743751034e-02 9.9964231670e-01
2.1624162537e-03 -2.2748849104e-02 -3.0901897428e-02
1.9864638537e+03 -1.7692517498e-01 -8.9654030403e-03
4.9556364396e-01 -1.0377708736e-01 -8.6234969178e-01
-6.1142965157e-01 6.6348243856e-01 -4.3121321280e-01
6.1690392766e-01 7.4095976264e-01 2.6534538659e-01
-7.5544047099e-01 -3.4477957545e-01 -4.8733110810e-01
1.2087669762e-01 1.5579031468e-01 -9.5195714406e-01
192 193 195
2 0 64 275.4900 349.4300 1 3537 389.7700 339.2500
1.1772626943e-01 1.4871533969e-01 -9.4841358357e-01
195 195 197
2 0 101 269.4300 334.4100 1 2384 372.0700 320.8400
1.7482187047e-01 7.1308366908e-02 -9.2148920388e-01
196 197 202
2 0 497 404.9000 164.5300 1 2893 408.9700 -24.7600
1.9830381104e-01 6.3064511943e-02 -9.2195859973e-01
191 192 194
2 0 559 458.6500 145.3000 1 3065 458.9700 -93.5000
1.7093678706e-01 6.0612465138e-02 -9.1597333788e-01
161 160 165
2 0 571 398.0800 140.4500 1 2950 384.0600 -48.4300
2.1512789035e-01 5.4787657584e-02 -9.2099487181e-01
185 183 184
2 0 606 497.5400 126.4100 1 4014 491.1400 -151.1100
1.7998934585e-01 4.9653605633e-02 -9.1247922832e-01
174 174 174
2 0 636 420.5400 115.1400 1 3076 391.5200 -96.5300
1.4203799991e-01 4.4475714597e-02 -9.0379178325e-01
180 179 185
2 0 662 335.4300 104.1600 1 2928 292.7300 -40.7100
1.6124418231e-01 3.7201762336e-02 -9.0340759380e-01
183 183 183
2 0 711 380.4500 86.8600 1 3074 328.1900 -96.0100
1.9059105480e-01 2.8175557189e-02 -9.0466235343e-01
178 174 171
2 0 758 448.2800 65.5400 1 3187 388.7800 -175.8200
1.4396263406e-01 2.6952944748e-02 -8.9603186255e-01
167 166 164
2 0 768 342.3400 63.4500 1 3061 275.5300 -91.8500
1.5120559315e-01 2.4827762534e-02 -8.9614095783e-01
168 167 166
2 0 783 359.2300 58.4100 1 3096 289.2700 -110.9400
1.1883095398e-01 2.1143447123e-02 -8.8908587866e-01
161 159 160
2 0 810 285.0000 50.4400 1 1294 212.5200 -63.0700
2.0224464325e-01 1.8635663046e-02 -9.0242580673e-01
162 159 154
2 0 830 476.5300 43.1600 1 3261 404.8300 -223.9500
1.8988310217e-01 1.7086673293e-02 -8.9949503061e-01
172 168 165
2 0 838 448.7900 39.6900 1 3224 371.9800 -203.9100
1.3020950117e-01 1.5711003618e-02 -8.8848233734e-01
163 163 161
2 0 849 312.2000 37.2700 1 3078 231.1900 -97.0800
1.2763006780e-01 1.5127855168e-02 -8.8786837363e-01
165 164 162
2 0 853 306.3700 35.8600 1 1404 225.0500 -93.8400
1.5580795779e-01 1.5350351097e-02 -8.9271926507e-01
169 165 162
2 0 854 371.3600 35.9600 1 1583 288.5700 -144.0500
1.2848291750e-01 1.1324766044e-02 -8.8645148205e-01
160 159 157
2 0 882 308.6600 26.9200 1 3092 223.1300 -105.0500
1.9450864412e-01 1.0187600626e-02 -8.9714737341e-01
169 164 158
2 0 893 460.6700 23.4300 1 3274 373.9700 -230.9400
1.5838410107e-01 8.7731507771e-03 -8.9024824896e-01
163 160 155
2 0 902 378.3500 20.3400 1 3168 286.7000 -165.6900
1.9360600218e-01 6.6496333330e-03 -8.9566264793e-01
165 160 154
2 0 910 459.2000 15.0800 1 3284 367.7900 -237.8400
1.9325910974e-01 8.8114292701e-04 -8.9284221103e-01
172 169 162
2 0 948 459.5800 1.4300 1 3318 358.9800 -252.1300
2.0611014708e-01 -5.3460470411e-03 -8.9224807765e-01
137 132 126
2 0 994 490.4300 -13.5600 1 3384 381.6200 -293.0500
1.4977372799e-01 -8.5929074152e-03 -8.8083184713e-01
158 153 148
2 0 1023 361.4100 -21.2800 1 3208 246.7300 -193.6100
1.3227540048e-01 -9.3624273365e-03 -8.7757649483e-01
156 154 150
2 0 1028 320.5300 -22.9200 1 1652 208.1300 -163.9500
1.5608160599e-01 -1.3856047134e-02 -8.7964503886e-01
129 124 120
2 0 1054 376.9100 -34.0400 1 1809 254.9200 -218.0000
1.8355650943e-01 -1.4808414551e-02 -8.8407089969e-01
159 156 151
2 0 1059 440.4700 -36.2100 1 3346 316.2100 -272.2500
1.6376956284e-01 -1.5184614610e-02 -8.8034352489e-01
163 159 150
2 0 1063 395.0800 -37.3200 1 1861 270.3900 -235.5300
1.6787476367e-01 -1.8175784359e-02 -8.7982146337e-01
106 103 98
2 0 1081 404.9600 -44.4800 1 3314 276.4200 -250.4600
1.6787476367e-01 -1.8175784359e-02 -8.7982146337e-01
106 103 98
2 0 1082 404.9600 -44.4800 1 3315 276.4200 -250.4600
1.7986300847e-01 -2.2409782737e-02 -8.7998817108e-01
164 161 154
2 0 1113 433.4600 -54.6900 1 3372 298.4500 -283.5600
1.9094873414e-01 -2.6594193989e-02 -8.7995947101e-01
135 130 124
2 0 1140 460.2900 -65.0300 1 3416 318.4000 -314.8700
1.5052357437e-01 -2.7165005827e-02 -8.7274571276e-01
164 161 153
2 0 1145 365.9500 -66.4100 1 1875 228.0600 -239.9500
1.4202956161e-01 -2.7947005227e-02 -8.7071600066e-01
158 153 147
2 0 1150 346.0900 -68.2900 1 1836 208.5600 -226.7600
1.4683965643e-01 -3.4787087675e-02 -8.6870704198e-01
127 122 118
2 0 1197 358.5500 -85.2400 1 1903 211.9900 -251.1500
1.3892275217e-01 -3.5034392840e-02 -8.6717274880e-01
113 110 105
2 0 1201 339.9200 -85.8800 1 1866 194.9300 -237.4900
1.9201807462e-01 -3.9880631869e-02 -8.7423458296e-01
152 147 141
2 0 1221 465.2100 -97.4600 1 2208 304.9500 -348.3100
1.1966991531e-01 -4.0003946253e-02 -8.6172322956e-01
155 150 147
2 0 1222 294.8200 -98.2300 1 1801 150.6600 -214.8900
1.4483606447e-01 -4.2687351849e-02 -8.6477192310e-01
102 101 97
2 0 1245 355.0900 -104.8900 1 1957 199.3200 -265.9300
1.0121161892e-01 1.4856678898e-01 -9.4544347377e-01
152 153 155
2 0 2015 233.4100 334.9300 1 4222 328.7300 346.0200
1.1535466976e-01 1.4702972059e-01 -9.4683305167e-01
158 158 158
2 0 2022 264.3200 331.2700 1 4230 362.4500 318.2700
1.0318351732e-01 1.1276451714e-01 -8.9386641018e-01
150 155 54
2 0 2087 251.0900 264.6300 1 3669 187.5900 180.6000
8.2364265727e-02 5.6508703376e-02 -8.6593243887e-01
168 168 74
2 0 2198 206.0800 135.3900 1 3763 83.2600 50.4800
1.5094028674e-01 3.2214470075e-02 -8.9947422519e-01
172 170 171
2 0 2274 357.5600 75.6100 1 3954 297.7700 -90.6100
1.5560363152e-01 2.5862865161e-02 -8.9752071130e-01
174 173 171
2 0 2294 369.2300 60.6400 1 3981 301.1500 -115.8800
1.5560363152e-01 2.5862865161e-02 -8.9752071130e-01
174 173 171
2 0 2295 369.2300 60.6400 1 3982 301.1500 -115.8800
1.5501589882e-01 2.2870567251e-02 -8.9609643148e-01
169 168 166
2 0 2304 368.2100 53.7400 1 3984 296.2200 -122.8000
1.4009562891e-01 1.7979036802e-02 -8.9121910172e-01
167 163 164
2 0 2309 334.7800 42.4200 1 3974 255.8900 -108.6700
1.7819260867e-01 1.1226468051e-02 -8.9482177146e-01
162 157 154
2 0 2325 423.1800 26.0600 1 4064 336.1700 -196.6800
1.5232707989e-01 6.0761028187e-03 -8.8799385040e-01
169 165 162
2 0 2334 364.7800 14.0200 1 4029 269.7200 -161.4600
1.9309928570e-01 5.2187818263e-03 -8.9468986154e-01
133 128 122
2 0 2338 458.4400 11.6900 1 4094 364.0500 -240.8800
1.2316871832e-01 1.9094282974e-03 -8.8112108583e-01
155 153 149
2 0 2346 297.7000 4.3900 1 3101 200.8300 -119.8100
1.2316871832e-01 1.9094282974e-03 -8.8112108583e-01
155 153 149
2 0 2347 297.7000 4.3900 1 3102 200.8300 -119.8100
1.4946377671e-01 1.9565261026e-03 -8.8563366654e-01
155 154 150
2 0 2350 358.8600 4.1800 1 3173 258.4300 -166.6500
1.6403639004e-01 -1.7628209949e-02 -8.7939971834e-01
170 167 160
2 0 2400 396.1100 -43.2600 1 3288 268.4200 -241.7900
-2.8324141836e-02 -1.8102902525e-02 -8.3429861303e-01
145 124 85
2 0 2402 -65.6700 -44.9200 1 4375 -128.7500 53.4500
1.1023137266e-01 -2.3810362622e-02 -8.6727958256e-01
140 136 133
2 0 2418 270.3500 -58.0100 1 3160 147.2900 -160.6300
1.9200718195e-01 -2.5505256962e-02 -8.8079745298e-01
159 156 149
2 0 2428 462.1200 -62.1500 1 3415 322.6800 -314.3600
1.7730432967e-01 -2.5952084952e-02 -8.7794508382e-01
117 114 107
2 0 2432 428.1100 -63.2800 1 4147 288.4600 -287.2400
1.9532885616e-01 -2.9590100603e-02 -8.7946175712e-01
131 126 120
2 0 2442 470.7700 -72.1600 1 4191 325.0600 -330.6200
1.9532885616e-01 -2.9590100603e-02 -8.7946175712e-01
131 126 120
2 0 2443 470.7700 -72.1600 1 4192 325.0600 -330.6200
1.5816031678e-01 2.2208440567e-02 -8.9637253068e-01
151 150 147
2 0 2965 375.4800 52.1500 1 4548 302.8400 -130.3000
1.7669285383e-01 1.3998369640e-02 -8.9580530193e-01
168 165 160
2 0 2974 419.3600 32.5400 1 4576 336.0900 -186.5600
1.8217583899e-01 -1.2138891928e-02 -8.8507285933e-01
151 146 140
2 0 3012 436.7600 -29.7700 1 4125 316.4100 -262.9800
2.0635368343e-01 -2.1828161719e-02 -8.8508100194e-01
129 122 116
2 0 3037 494.3800 -53.1400 1 4193 361.1200 -333.6300
1.7924880324e-01 -2.6555039706e-02 -8.7788404310e-01
135 132 125
2 0 3041 433.1400 -64.9800 1 4614 291.7000 -292.2900
1.9055762139e-01 -3.9858981700e-02 -8.7418368070e-01
127 122 116
2 0 3063 461.5300 -97.2800 1 4630 302.2300 -345.2800
1.4528192120e-01 -4.4541412103e-02 -8.6406254264e-01
148 147 143
2 0 3080 356.3500 -109.4600 1 4131 198.4500 -271.0100
8.3331240740e-02 -6.4736746852e-02 -8.1265773456e-01
237 234 58
2 0 3141 217.3700 -169.1500 1 4104 -18.5300 -250.6700
8.4740886033e-02 -7.1166145607e-02 -8.0994462842e-01
155 150 58
2 0 3162 221.4800 -186.3400 1 3336 -21.1500 -267.2900
8.4740886033e-02 -7.1166145607e-02 -8.0994462842e-01
155 150 58
2 0 3163 221.4800 -186.3400 1 3337 -21.1500 -267.2900
1.8312300032e-01 3.3817844517e-02 -9.0576192399e-01
149 148 146
2 0 3314 430.1400 78.9300 1 4838 377.5600 -146.6300
1.3537241630e-01 -8.1353381010e-04 -8.8207389601e-01
129 128 124
2 0 3339 326.5000 -2.3000 1 4839 224.4600 -148.0600
8.7347285566e-02 -5.7834241388e-02 -8.1636599812e-01
231 230 60
2 0 3428 227.2100 -150.9800 1 4095 -6.0800 -242.0300
5.6370231062e-02 3.3825442361e-02 -8.5235569825e-01
249 225 199
2 0 3501 144.9700 81.3100 1 4738 11.9500 33.1200
7.2032806405e-02 3.3241260446e-02 -8.5418135554e-01
243 244 90
2 0 3503 182.7300 79.7900 1 4765 41.1600 5.0700
7.4184349400e-02 3.1277652561e-02 -8.5390784358e-01
215 220 127
2 0 3504 188.0300 74.9400 1 4769 44.3300 -3.3300
7.4100998214e-02 2.7304405967e-02 -8.5184637726e-01
171 175 67
2 0 3510 187.6700 65.6700 1 4775 40.0500 -14.4500
1.6753766222e-01 -1.4024214082e-02 -8.8159497374e-01
148 143 137
2 0 3524 403.7100 -34.5900 1 4852 280.3700 -239.5400
4.4712906054e-02 -3.1689056034e-02 -8.2190254408e-01
49 21 24
2 0 3702 118.0900 -82.4800 1 4993 -59.8800 -110.1800
4.3987568891e-02 6.7082130626e-02 -8.6563911180e-01
156 87 72
2 0 3733 113.9900 161.2100 1 5121 17.8500 143.6500
5.4451361790e-02 4.5644567745e-02 -8.5788532056e-01
235 241 197
2 0 3757 140.2400 109.4500 1 5155 19.7600 68.9200
