# Bundle file v0.3
2 135
2.1190612931e+03 5.0669557335e-02 2.6232780865e-03
9.9999320268e-01 2.8921454848e-04 3.6757237663e-03
-1.9824229668e-04 9.9969425127e-01 -2.4725789560e-02
-3.6817509765e-03 2.4724892807e-02 9.9968751337e-01
3.3350357113e-03 -2.5661799821e-02 1.7730734022e-03
2.1336053616e+03 -3.1717747968e-02 -6.1613855236e-04
9.8045807414e-01 1.0426033220e-02 -1.9645168027e-01
1.7276986612e-01 4.3195812463e-01 8.8519079973e-01
9.4087928072e-02 -9.0183339725e-01 4.2171552662e-01
-1.3534929875e-01 8.9332887324e-01 -4.8148669429e-01
-1.0496915768e-01 -8.4619795035e-03 -1.0351357296e+00
134 136 153
2 0 1418 -216.6200 -17.4800 1 3452 -80.9800 -103.7300
-1.4730407778e-01 -8.0320066327e-03 -1.0159687468e+00
176 98 42
2 0 1419 -309.0200 -17.8600 1 1454 -186.9200 -81.2700
-1.0200214536e-01 -9.4776577352e-03 -1.0376532065e+00
105 110 130
2 0 1431 -209.9400 -19.3800 1 1603 -73.2000 -108.7500
-4.2319374426e-03 -8.2899637730e-03 -9.4848084278e-01
122 124 131
2 0 1457 -10.1700 -23.5100 1 2967 114.3600 120.6500
-6.1872647544e-03 -8.4135263893e-03 -9.4789999055e-01
19 19 27
2 0 1458 -14.1700 -23.8200 1 2964 109.0800 120.9100
-1.0500584723e-01 -1.2444047765e-02 -1.0380732974e+00
139 142 160
2 0 1463 -215.6400 -25.3800 1 3490 -80.4200 -114.1000
-1.0231053290e-01 -1.5412025121e-02 -1.0413295889e+00
66 59 42
2 0 1480 -209.7700 -31.2200 1 3516 -72.7200 -122.8700
-1.0231053290e-01 -1.5412025121e-02 -1.0413295889e+00
66 59 42
2 0 1481 -209.7700 -31.2200 1 3517 -72.7200 -122.8700
-1.5370007653e-01 -2.2269991978e-02 -1.0227833544e+00
98 126 168
2 0 1565 -320.2500 -46.9700 1 1624 -200.7700 -113.3400
-1.6590323422e-01 -2.3191611710e-02 -1.0182891782e+00
162 164 66
2 0 1579 -347.2000 -49.3400 1 3476 -231.3700 -110.0600
-1.2379873127e-01 -2.5088589990e-02 -1.0380157142e+00
0 7 4
2 0 1584 -254.2400 -51.2600 1 3566 -124.7700 -135.6200
-1.0329876018e-01 -2.5783238289e-02 -1.0479619163e+00
117 118 133
2 0 1586 -210.4000 -51.6900 1 3594 -72.7500 -148.4100
-1.1942494359e-01 -2.5733343778e-02 -1.0404148373e+00
140 140 151
2 0 1594 -244.6800 -52.3300 1 3577 -113.6400 -139.4900
-1.1942494359e-01 -2.5733343778e-02 -1.0404148373e+00
140 140 151
2 0 1595 -244.6800 -52.3300 1 3578 -113.6400 -139.4900
-9.9516198725e-02 -2.9713292284e-02 -1.0524809500e+00
66 58 42
2 0 1640 -201.8300 -59.1600 1 1838 -62.2400 -160.5900
-1.1997355996e-01 -2.9493219860e-02 -1.0430528622e+00
124 118 128
2 0 1644 -245.2200 -59.7200 1 1786 -114.0200 -149.3700
-1.6023170668e-01 -3.4089568046e-02 -1.0276435032e+00
169 145 27
2 0 1708 -332.3100 -70.9400 1 3576 -215.6900 -139.3200
-1.2111799624e-01 -3.5640751352e-02 -1.0465273431e+00
135 136 128
2 0 1710 -246.5400 -71.7900 1 3632 -115.8700 -164.0600
-1.2001090690e-01 -3.6787576145e-02 -1.0478535014e+00
9 2 21
2 0 1726 -244.2000 -73.9800 1 3642 -112.6000 -167.6400
-1.2789857554e-01 -3.9037898956e-02 -1.0453441480e+00
148 110 18
2 0 1758 -260.9200 -78.8700 1 3644 -132.3700 -168.3300
-1.2789857554e-01 -3.9037898956e-02 -1.0453441480e+00
148 110 18
2 0 1759 -260.9200 -78.8700 1 3645 -132.3700 -168.3300
-1.2054554957e-01 -4.0370804570e-02 -1.0500782005e+00
6 8 8
2 0 1774 -244.9200 -80.9700 1 3663 -113.0400 -176.6000
-1.5910261203e-01 -4.3300743056e-02 -1.0345137711e+00
178 165 69
2 0 1815 -327.8300 -89.0300 1 3630 -211.3200 -163.7100
-1.1397186969e-01 -4.8344291566e-02 -1.0589101537e+00
1 2 1
2 0 1867 -229.9600 -95.8500 1 3757 -94.0400 -201.5000
-1.3354802340e-01 -4.8472182155e-02 -1.0497539172e+00
24 10 12
2 0 1876 -270.8900 -97.3400 1 3720 -144.9800 -190.8900
-1.2173194052e-01 -4.9015235132e-02 -1.0556169265e+00
19 14 27
2 0 1878 -245.9500 -97.6300 1 3746 -114.1700 -198.7500
-1.3418676305e-01 -5.1578193693e-02 -1.0515035006e+00
11 12 7
2 0 1917 -271.9100 -103.3800 1 3741 -145.9000 -198.4800
-1.6798402841e-01 -5.6556831864e-02 -1.0397468162e+00
161 171 38
2 0 1985 -344.1700 -115.3600 1 1970 -232.4100 -194.0100
-1.6798402841e-01 -5.6556831864e-02 -1.0397468162e+00
161 171 38
2 0 1986 -344.1700 -115.3600 1 1971 -232.4100 -194.0100
-1.6970105462e-01 -6.2150369201e-02 -1.0426716371e+00
146 154 58
2 0 2049 -346.7400 -126.2800 1 2025 -236.1500 -207.6300
-2.2092591254e-02 -9.4362652384e-02 -1.0130848729e+00
24 27 35
2 0 2422 -46.8600 -198.6400 1 3523 105.8100 -124.1000
-2.2092591254e-02 -9.4362652384e-02 -1.0130848729e+00
24 27 35
2 0 2423 -46.8600 -198.6400 1 3524 105.8100 -124.1000
-1.6140316603e-01 1.7394958274e-03 -1.0043294025e+00
184 143 61
2 0 3866 -342.5800 2.0100 1 3326 -222.8600 -52.8300
-1.6559349425e-01 -4.8490032007e-03 -1.0064310493e+00
120 85 29
2 0 3912 -351.0000 -11.8500 1 4534 -232.4700 -65.7000
-7.9516202000e-03 -8.1005431342e-03 -9.4781933224e-01
80 87 97
2 0 3951 -17.9800 -23.1200 1 4349 104.6500 120.5900
-1.1823692161e-01 -1.2999506274e-02 -1.0324219667e+00
144 146 144
2 0 3965 -244.1700 -26.9600 1 4595 -113.2600 -108.5200
-1.5616716358e-01 -1.8789138242e-02 -1.0197119489e+00
123 120 127
2 0 4006 -326.4500 -40.0300 1 3451 -207.2500 -104.1700
-1.5929409123e-01 -2.0790531546e-02 -1.0197724960e+00
21 35 9
2 0 4025 -333.1200 -44.2200 1 3465 -214.6600 -107.7500
-1.0416399403e-01 -3.1165404976e-02 -1.0513139512e+00
128 130 147
2 0 4079 -211.5700 -62.2300 1 4689 -73.5200 -161.7500
-1.2450681487e-01 -3.1439232435e-02 -1.0420953638e+00
16 7 7
2 0 4086 -254.6200 -63.7800 1 4665 -125.2700 -151.4900
-1.0517997632e-01 -3.9612843151e-02 -1.0567094460e+00
124 124 142
2 0 4129 -212.5200 -78.6000 1 4735 -74.0200 -183.0400
-1.7026520840e-01 -7.3621794831e-02 -1.0504271404e+00
169 167 58
2 0 4347 -345.6600 -148.1800 1 4818 -235.6500 -238.3200
-1.2151657468e-01 -5.9914552589e-03 -1.0262099204e+00
104 81 51
2 0 5382 -252.2400 -12.9100 1 5245 -123.0700 -89.6200
-1.0677247263e-01 -7.4833075188e-03 -1.0340742342e+00
6 3 2
2 0 5395 -220.3500 -15.5200 1 5253 -85.6600 -101.2500
-1.0677247263e-01 -7.4833075188e-03 -1.0340742342e+00
6 3 2
2 0 5396 -220.3500 -15.5200 1 5254 -85.6600 -101.2500
-1.7010056787e-01 -9.8074368712e-03 -1.0078325417e+00
193 156 108
2 0 5407 -360.1400 -22.2400 1 5229 -243.0300 -75.6500
-1.2201905411e-01 -1.1631120808e-02 -1.0300301191e+00
9 8 3
2 0 5416 -252.4400 -24.3100 1 5260 -122.9700 -103.6800
-1.1962304123e-01 -1.8473780411e-02 -1.0353263308e+00
132 127 146
2 0 5435 -246.1200 -37.9400 1 5272 -115.8600 -121.0600
-1.1962304123e-01 -1.8473780411e-02 -1.0353263308e+00
132 127 146
2 0 5436 -246.1200 -37.9400 1 5273 -115.8600 -121.0600
-1.5451900355e-01 -2.0043533927e-02 -1.0206443203e+00
150 165 192
2 0 5443 -322.5300 -42.5300 1 4592 -203.4200 -106.8300
-1.6673956275e-01 -2.3538146225e-02 -1.0181268673e+00
169 174 35
2 0 5454 -349.2600 -50.1200 1 5264 -233.2300 -110.4300
-1.1087325400e-01 -2.6394317709e-02 -1.0450214336e+00
110 94 53
2 0 5458 -225.9700 -53.1800 1 5295 -92.0000 -146.2100
-1.0642262720e-01 -3.1858307217e-02 -1.0508000229e+00
10 3 9
2 0 5476 -216.1800 -63.6800 1 5310 -79.0900 -162.4200
-1.5670422235e-01 -3.5627154573e-02 -1.0304270276e+00
127 104 107
2 0 5498 -324.0500 -73.7600 1 4652 -206.4200 -145.3900
-1.5670422235e-01 -3.5627154573e-02 -1.0304270276e+00
127 104 107
2 0 5499 -324.0500 -73.7600 1 4653 -206.4200 -145.3900
-1.6675266356e-01 -4.9196488515e-02 -1.0352083664e+00
165 165 59
2 0 5548 -343.5600 -101.0700 1 5320 -229.9300 -175.2200
-1.3516534055e-02 -8.4511604836e-02 -1.0073784332e+00
12 13 17
2 0 5672 -30.1000 -179.4100 1 5638 124.9100 -95.4200
-2.9741355685e-02 -1.3973086849e-01 -1.0477833898e+00
20 25 31
2 0 5796 -61.0700 -281.9200 1 5739 106.1200 -265.6100
-2.8347583027e-02 -1.4974992222e-01 -1.0563396510e+00
48 51 55
2 0 5825 -57.7500 -299.2600 1 5438 114.6800 -298.7300
-1.5372284522e-01 -7.1174899132e-03 -1.0130904230e+00
93 126 162
2 0 6078 -324.0800 -16.2400 1 5629 -202.1800 -76.9200
-9.8201229175e-02 -1.5224392989e-02 -1.0430217550e+00
125 131 149
2 0 6091 -201.1400 -30.7100 1 5656 -62.4600 -124.4400
-1.2856648796e-01 -1.9402782424e-02 -1.0320358688e+00
35 34 36
2 0 6106 -265.4900 -40.1600 1 5649 -137.9500 -118.9600
-1.5968520782e-01 -1.9866556302e-02 -1.0188551108e+00
32 47 39
2 0 6107 -333.9700 -42.3400 1 5644 -216.0900 -105.0300
-1.5968520782e-01 -1.9866556302e-02 -1.0188551108e+00
32 47 39
2 0 6108 -333.9700 -42.3400 1 5645 -216.0900 -105.0300
-1.5601790675e-01 -2.2512182408e-02 -1.0219010079e+00
86 95 111
2 0 6110 -325.4200 -47.5700 1 5266 -206.5500 -112.7300
-1.6691004099e-01 -2.3685110352e-02 -1.0180331986e+00
173 179 29
2 0 6114 -350.1800 -50.5200 1 5265 -233.2300 -110.4300
-1.2993826448e-01 -2.5527691637e-02 -1.0355894040e+00
70 65 67
2 0 6116 -267.1600 -52.3700 1 5662 -140.4100 -133.6600
-1.6394666501e-01 -2.8343407741e-02 -1.0224726423e+00
168 176 21
2 0 6120 -341.8500 -59.6500 1 5655 -225.6600 -123.6300
-1.2654646456e-01 -2.9980042333e-02 -1.0398111159e+00
156 113 21
2 0 6124 -259.5200 -61.0800 1 5669 -130.7800 -145.9600
-1.6799228420e-01 -3.5910016196e-02 -1.0257799759e+00
12 59 10
2 0 6143 -349.2700 -74.9800 1 5666 -234.8600 -140.6900
-1.6545261922e-01 -4.3161019100e-02 -1.0316564409e+00
172 168 48
2 0 6152 -341.6900 -89.1200 1 5679 -227.7600 -160.2400
-1.6545261922e-01 -4.3161019100e-02 -1.0316564409e+00
172 168 48
2 0 6153 -341.6900 -89.1200 1 5680 -227.7600 -160.2400
-1.6285117802e-01 -4.4762995843e-02 -1.0337860950e+00
29 49 40
2 0 6158 -335.6000 -92.1100 1 5311 -220.9300 -165.4700
-1.6285117802e-01 -4.4762995843e-02 -1.0337860950e+00
29 49 40
2 0 6159 -335.6000 -92.1100 1 5312 -220.9300 -165.4700
-1.0363492868e-01 -5.4431629184e-02 -1.0676249950e+00
132 136 160
2 0 6172 -207.5900 -106.7200 1 5718 -66.1300 -222.5700
-1.5974432707e-01 -5.2963580274e-02 -1.0408782847e+00
80 76 91
2 0 6179 -326.9600 -107.8400 1 5699 -211.6200 -188.6400
-1.7042006579e-01 -5.6233645918e-02 -1.0381619216e+00
10 58 19
2 0 6187 -349.5000 -114.9300 1 5702 -239.1100 -191.3500
-1.6064088664e-01 -7.1392178755e-02 -1.0530272888e+00
132 159 184
2 0 6218 -325.1100 -143.1300 1 5727 -211.0300 -236.9700
-1.0160336458e-01 2.3184922616e-03 -1.0303002307e+00
127 103 18
2 0 6450 -210.6800 4.4200 1 5632 -74.6900 -81.0200
-9.7670682778e-02 2.2561014963e-03 -1.0316792717e+00
8 9 10
2 0 6452 -201.6500 4.4200 1 5861 -65.7700 -82.3900
-1.0642857680e-01 7.6803104060e-04 -1.0285202597e+00
6 7 7
2 0 6456 -220.3200 1.2100 1 5859 -87.1900 -81.0800
-1.0281667406e-01 -2.0578024503e-03 -1.0322992223e+00
0 4 4
2 0 6457 -213.0200 -4.5200 1 5867 -76.6500 -90.1800
-1.0281667406e-01 -2.0578024503e-03 -1.0322992223e+00
0 4 4
2 0 6458 -213.0200 -4.5200 1 5868 -76.6500 -90.1800
-9.8503741301e-02 -2.1389580064e-03 -1.0343381370e+00
116 115 143
2 0 6459 -203.2100 -4.5200 1 5875 -66.4200 -92.7300
-9.8503741301e-02 -2.1389580064e-03 -1.0343381370e+00
116 115 143
2 0 6460 -203.2100 -4.5200 1 5876 -66.4200 -92.7300
-1.0703207378e-01 -3.1050235605e-03 -1.0304755471e+00
124 127 141
2 0 6463 -221.2600 -6.6900 1 5636 -87.9000 -89.4000
-1.5342493490e-01 -7.1812703009e-03 -1.0130828863e+00
88 126 163
2 0 6468 -322.7400 -16.2700 1 5628 -202.1800 -76.9200
-9.8043930982e-02 -9.4167472151e-03 -1.0394951830e+00
131 132 153
2 0 6471 -201.3000 -19.1100 1 5887 -63.4900 -110.8500
-1.5923697875e-01 -1.3754799334e-02 -1.0150508950e+00
36 55 49
2 0 6474 -334.2900 -29.9000 1 5871 -215.7600 -90.3600
-1.6845623299e-01 -2.0553862406e-02 -1.0155614114e+00
3 65 28
2 0 6481 -353.9000 -44.1600 1 5882 -237.7100 -102.5300
-1.6845623299e-01 -2.0553862406e-02 -1.0155614114e+00
3 65 28
2 0 6482 -353.9000 -44.1600 1 5883 -237.7100 -102.5300
-1.5912250306e-01 -2.3285992727e-02 -1.0211258083e+00
172 172 44
2 0 6486 -332.2900 -49.2800 1 5647 -214.1200 -113.2400
-1.0021878240e-01 -2.5723436851e-02 -1.0494896567e+00
121 122 147
2 0 6487 -204.0900 -51.4400 1 5903 -64.7400 -150.1800
-1.6623509025e-01 -2.6776938878e-02 -1.0199489032e+00
16 51 37
2 0 6489 -348.1300 -56.7700 1 5888 -231.3600 -117.5600
-1.6200079153e-01 -3.0706594263e-02 -1.0248305940e+00
30 60 20
2 0 6496 -336.9000 -64.2700 1 5895 -220.5400 -130.3800
-9.9465093456e-02 -3.8317025840e-02 -1.0583328361e+00
15 12 7
2 0 6508 -201.2300 -75.8500 1 5925 -59.4600 -182.4600
-1.2782527093e-01 -3.9002381068e-02 -1.0454635087e+00
147 112 31
2 0 6510 -260.6400 -78.7700 1 5919 -132.2200 -168.5100
-1.0303579767e-01 -4.0925739378e-02 -1.0586524334e+00
124 128 153
2 0 6511 -208.0400 -81.0100 1 5930 -68.0400 -187.6700
-1.5939259320e-01 -3.9952668058e-02 -1.0324208800e+00
16 42 11
2 0 6514 -329.1400 -82.4400 1 5907 -212.3500 -155.5800
-1.1225152616e-01 -4.2676420356e-02 -1.0555623500e+00
131 137 156
2 0 6517 -227.5600 -84.9700 1 6045 -90.8000 -187.1300
-1.2860022117e-01 -4.3402264001e-02 -1.0480213963e+00
150 111 21
2 0 6520 -261.6000 -87.3600 1 5924 -133.3300 -179.2600
-1.1133351663e-01 -4.6765759377e-02 -1.0590147847e+00
8 8 2
2 0 6527 -224.2800 -92.6300 1 5937 -87.9800 -198.7800
-1.1133351663e-01 -4.6765759377e-02 -1.0590147847e+00
8 8 2
2 0 6528 -224.2800 -92.6300 1 5938 -87.9800 -198.7800
-1.0090462621e-01 -5.2217274066e-02 -1.0670705785e+00
18 14 10
2 0 6534 -202.4500 -102.4200 1 5949 -59.6800 -217.6000
-1.1648600875e-01 -5.4671547645e-02 -1.0624224177e+00
10 16 12
2 0 6537 -234.0600 -107.9700 1 5948 -99.0100 -217.4300
-1.1542537386e-01 -5.8678555203e-02 -1.0649168201e+00
142 135 152
2 0 6546 -231.4000 -115.5700 1 5952 -95.7300 -227.0900
-1.6522479144e-01 -6.4485818670e-02 -1.0460556999e+00
22 41 33
2 0 6552 -336.5200 -130.4300 1 5947 -224.2500 -215.7200
-1.7438126711e-01 -6.4709364773e-02 -1.0424035715e+00
10 73 49
2 0 6553 -356.4200 -131.5500 1 5946 -247.9600 -212.1500
-9.4767980087e-02 1.0511208705e-04 -1.0349281072e+00
9 12 0
2 0 6678 -195.8000 0.0800 1 5870 -57.2000 -89.9800
-1.5742301142e-01 -8.4329384365e-04 -1.0067757488e+00
180 183 194
2 0 6679 -333.0700 -3.2900 1 5853 -213.3900 -58.9600
-1.6411239281e-01 -9.8121918810e-03 -1.0103684202e+00
12 61 25
2 0 6689 -346.4700 -22.0400 1 5857 -228.1700 -78.4500
-1.6411239281e-01 -9.8121918810e-03 -1.0103684202e+00
12 61 25
2 0 6690 -346.4700 -22.0400 1 5858 -228.1700 -78.4500
-1.1383093812e-01 -1.6617868397e-02 -1.0376568227e+00
149 102 16
2 0 6695 -233.4500 -33.9100 1 6025 -101.4700 -121.4200
-9.9437884830e-02 -1.9488325934e-02 -1.0453899100e+00
127 131 144
2 0 6696 -203.0100 -39.1600 1 6028 -64.6600 -134.5200
-1.0078425100e-01 -3.0360922526e-02 -1.0521979988e+00
22 20 11
2 0 6705 -204.8600 -60.5400 1 6036 -64.9900 -161.2300
-1.0078425100e-01 -3.0360922526e-02 -1.0521979988e+00
22 20 11
2 0 6706 -204.8600 -60.5400 1 6037 -64.9900 -161.2300
-1.1708453239e-01 -3.2492909037e-02 -1.0460664734e+00
148 109 28
2 0 6707 -238.4700 -65.4600 1 6034 -106.3800 -157.8400
-1.1030266692e-01 -3.3140864909e-02 -1.0492832545e+00
132 134 153
2 0 6708 -224.4000 -66.4500 1 6038 -88.8700 -162.3900
-1.1101023788e-01 -3.7733461029e-02 -1.0528457306e+00
8 7 5
2 0 6718 -225.2400 -75.3200 1 6042 -89.0800 -175.2700
-9.5989137267e-02 -3.9430600567e-02 -1.0599977635e+00
150 104 26
2 0 6721 -193.2300 -77.8000 1 5928 -51.3100 -185.8700
-1.1217940064e-01 -4.2733963730e-02 -1.0555328097e+00
129 136 155
2 0 6723 -227.2500 -85.0700 1 6046 -90.8000 -187.1300
-1.2001813141e-01 -5.2588688377e-02 -1.0587667384e+00
146 112 21
2 0 6732 -241.6300 -104.3200 1 6050 -109.1500 -208.8700
-1.0827121441e-01 -1.6255252944e-02 -1.0391241114e+00
36 33 23
2 0 6798 -222.3900 -33.1200 1 6102 -87.4700 -121.7200
-1.0316269582e-01 -1.5644859125e-02 -1.0413004704e+00
67 60 37
2 0 6799 -211.9200 -31.7400 1 6103 -74.3400 -123.3600
-1.2567946989e-01 -2.3238375398e-02 -1.0355008524e+00
158 108 22
2 0 6802 -258.8800 -47.7400 1 6105 -129.9600 -129.1500
-1.7007880927e-01 -6.5214800124e-02 -1.0448781821e+00
159 161 29
2 0 6812 -346.8100 -132.1300 1 6115 -236.5200 -216.1500
-1.7007880927e-01 -6.5214800124e-02 -1.0448781821e+00
159 161 29
2 0 6813 -346.8100 -132.1300 1 6116 -236.5200 -216.1500
-1.6517768828e-01 -3.8028753910e-02 -1.0287400150e+00
32 60 38
2 0 6848 -342.5500 -79.0000 1 6110 -227.1100 -148.0800
-1.6158742398e-01 -1.1751721194e-02 -1.0126930921e+00
68 94 24
2 0 6865 -340.4900 -25.9600 1 6170 -221.5000 -84.2700
-1.6158742398e-01 -1.1751721194e-02 -1.0126930921e+00
68 94 24
2 0 6866 -340.4900 -25.9600 1 6171 -221.5000 -84.2700
-1.6661231611e-01 -4.8699883760e-02 -1.0351583286e+00
117 130 45
2 0 6868 -343.1700 -100.0400 1 6175 -229.6100 -174.4700
-1.6661231611e-01 -4.8699883760e-02 -1.0351583286e+00
117 130 45
2 0 6869 -343.1700 -100.0400 1 6176 -229.6100 -174.4700
-1.5808938648e-01 -6.0782444362e-02 -1.0469198012e+00
167 169 183
2 0 6870 -322.4000 -122.8600 1 6178 -205.5400 -209.9500
-1.5238480066e-01 -1.4441822549e-02 -1.0182145382e+00
178 180 190
2 0 6883 -318.5900 -31.0300 1 6173 -198.9000 -94.8600
-1.5300244285e-01 -4.4578532714e-02 -1.0382067607e+00
168 175 192
2 0 6887 -314.1600 -91.1300 1 6185 -195.3900 -170.3500
