# Bundle file v0.3
2 136
2.0973785475e+03 -4.8095367096e-03 -1.0271829192e-04
9.9999544715e-01 1.4503049815e-03 -2.6461851781e-03
-1.5189811272e-03 9.9965718585e-01 -2.6138161316e-02
2.6073697228e-03 2.6142061818e-02 9.9965483754e-01
-3.5826639780e-03 -3.4790757786e-02 1.9726836806e-02
2.1614575504e+03 7.4789041695e-03 2.0163656280e-04
9.9553552031e-01 -4.4363143214e-02 8.3312299931e-02
-2.6352546438e-02 7.1692302145e-01 6.9665409251e-01
-9.0634271067e-02 -6.9573938572e-01 7.1255325139e-01
9.6306487668e-02 9.4007537779e-01 -4.3861742344e-01
-1.8215078757e-01 -3.0531705002e-02 -1.3102575298e+00
235 203 137
2 0 1322 -295.4300 -50.0400 1 1035 -313.0200 16.6200
-1.1409372732e-01 -4.9142878315e-02 -1.3016137234e+00
192 117 53
2 0 1454 -186.9200 -81.2700 1 1088 -201.9900 1.7500
-1.1577670295e-01 -4.9158941639e-02 -1.3018948052e+00
179 149 168
2 0 1459 -189.6500 -81.2600 1 1093 -204.7400 1.4800
-4.4977214678e-02 -5.8010296258e-02 -1.3223868287e+00
149 152 175
2 0 1519 -72.7700 -93.5200 1 1275 -90.5300 -34.9100
-7.6189825597e-02 -6.1225575144e-02 -1.3139948827e+00
33 25 39
2 0 1553 -123.7500 -99.6000 1 1229 -140.6400 -28.0800
-5.8849111665e-02 -7.4408809415e-02 -1.3206304787e+00
123 106 62
2 0 1643 -95.1000 -120.0600 1 1384 -112.7500 -51.8800
-6.7654026734e-02 -8.4975689881e-02 -1.3192559916e+00
172 170 173
2 0 1712 -109.4700 -137.2100 1 1465 -126.9300 -62.7600
-8.6064349259e-02 -8.7611501546e-02 -1.3143984758e+00
32 30 28
2 0 1743 -139.5900 -142.1400 1 1447 -157.1500 -59.8100
-7.5987886776e-02 -9.1942108329e-02 -1.3176928553e+00
171 171 187
2 0 1777 -122.9700 -148.6400 1 1498 -140.6600 -69.1700
-7.5987886776e-02 -9.1942108329e-02 -1.3176928553e+00
171 171 187
2 0 1778 -122.9700 -148.6400 1 1499 -140.6600 -69.1700
5.6478216541e-03 -9.9781441104e-02 -1.2394707179e+00
238 238 201
2 0 1899 8.4300 -175.2700 1 1061 5.8300 8.4200
-1.4457960603e-01 -1.1209753829e-01 -1.2773537564e+00
59 79 31
2 0 1945 -241.5200 -188.3800 1 1346 -255.8700 -45.3500
-6.3086694940e-02 -1.2323589316e-01 -1.3265223579e+00
115 107 45
2 0 1997 -101.4700 -197.3000 1 1749 -119.6200 -118.3200
-5.3357911106e-02 -1.2830828194e-01 -1.3298933674e+00
144 145 168
2 0 2019 -85.5500 -204.7700 1 1809 -103.6400 -128.7700
-7.1845565142e-02 -1.3315842739e-01 -1.3253129253e+00
168 159 149
2 0 2038 -115.5200 -213.3700 1 1810 -134.2700 -129.2700
-3.8425189910e-02 -1.4083080947e-01 -1.3359851150e+00
21 16 13
2 0 2081 -61.3900 -223.4600 1 1901 -78.8900 -151.9000
-4.4254321551e-02 -1.4788447722e-01 -1.3355277512e+00
148 140 161
2 0 2120 -70.4600 -234.7400 1 1935 -88.6400 -160.2800
-4.0041336676e-02 -1.4831436419e-01 -1.3368595293e+00
11 15 9
2 0 2121 -63.8900 -235.1200 1 1947 -81.4800 -162.4400
-3.6451786828e-02 -1.5235271487e-01 -1.3390213958e+00
13 63 39
2 0 2147 -57.7000 -241.0800 1 1978 -75.8900 -170.0900
-1.5878949171e-01 -1.6097220539e-01 -1.3052759135e+00
248 218 182
2 0 2220 -258.7800 -262.3500 1 1848 -284.3000 -140.0300
-1.5878949171e-01 -1.6097220539e-01 -1.3052759135e+00
248 218 182
2 0 2221 -258.7800 -262.3500 1 1849 -284.3000 -140.0300
5.3523938169e-02 -1.4521526257e-01 -1.1809340738e+00
35 40 52
2 0 2237 95.0100 -268.6300 1 1016 105.4300 21.6300
6.0201118831e-02 -1.6782517571e-01 -1.1804794995e+00
77 78 83
2 0 2364 107.3500 -309.3900 1 1131 120.6600 -7.7800
5.4790524105e-02 6.3658699650e-02 -1.1542765897e+00
26 30 33
2 0 3003 100.8900 109.1300 1 160 85.3200 297.2100
-1.3499269372e-01 -3.1327378094e-02 -1.2929853999e+00
208 155 81
2 0 3326 -222.8600 -52.8300 1 3450 -235.1500 33.2300
-5.0169161319e-02 -6.4314029347e-02 -1.3217209028e+00
166 165 187
2 0 3452 -80.9800 -103.7300 1 1320 -98.9300 -41.3900
-6.7772380954e-02 -6.4740391399e-02 -1.3167390424e+00
3 5 2
2 0 3457 -110.0300 -104.9500 1 1279 -126.9200 -35.6800
-1.3330125735e-01 -6.7380953921e-02 -1.2987164067e+00
200 193 66
2 0 3482 -218.5500 -111.3700 1 1174 -234.7000 -15.6700
-7.6759245388e-02 -7.7212537106e-02 -1.3156923073e+00
12 3 1
2 0 3526 -124.3100 -125.2100 1 1364 -141.8900 -49.0200
-7.6759245388e-02 -7.7212537106e-02 -1.3156923073e+00
12 3 1
2 0 3527 -124.3100 -125.2100 1 1365 -141.8900 -49.0200
-7.7080550939e-02 -8.3742433730e-02 -1.3164981749e+00
22 13 0
2 0 3566 -124.7700 -135.6200 1 1420 -142.4600 -57.8000
-7.0211633111e-02 -8.6363165418e-02 -1.3188725284e+00
171 164 189
2 0 3577 -113.6400 -139.4900 1 1468 -131.1000 -63.9200
-4.7652494428e-02 -9.1678996017e-02 -1.3262238016e+00
1 5 7
2 0 3591 -76.8400 -146.9600 1 1545 -94.4400 -79.4000
-1.2926629709e-01 -1.0000220526e-01 -1.3041928106e+00
201 186 69
2 0 3630 -211.3200 -163.7100 1 3660 -229.2900 -61.8300
-7.4255588065e-02 -1.0164741308e-01 -1.3198474572e+00
178 174 189
2 0 3631 -119.8700 -163.9100 1 1566 -138.0200 -83.5500
-7.1836818865e-02 -1.0182026047e-01 -1.3206656634e+00
173 173 175
2 0 3632 -115.8700 -164.0600 1 1577 -134.0800 -84.7600
-4.7136015329e-02 -1.0386702749e-01 -1.3280601608e+00
159 161 181
2 0 3639 -75.7900 -166.1500 1 3744 -93.5800 -96.3900
-8.1781412500e-02 -1.0418208385e-01 -1.3176013831e+00
184 131 28
2 0 3644 -132.3700 -168.3300 1 3716 -150.2900 -83.9200
-8.1781412500e-02 -1.0418208385e-01 -1.3176013831e+00
184 131 28
2 0 3645 -132.3700 -168.3300 1 3715 -150.2900 -83.9200
-6.9946480424e-02 -1.0984792375e-01 -1.3224296783e+00
10 9 12
2 0 3663 -113.0400 -176.6000 1 1644 -130.6700 -96.7900
-6.9946480424e-02 -1.0984792375e-01 -1.3224296783e+00
10 9 12
2 0 3664 -113.0400 -176.6000 1 1645 -130.6700 -96.7900
-8.5757373536e-02 -1.1436498244e-01 -1.3186260627e+00
12 17 11
2 0 3691 -138.6500 -184.5100 1 3745 -157.1000 -97.6000
-8.5757373536e-02 -1.1436498244e-01 -1.3186260627e+00
12 17 11
2 0 3692 -138.6500 -184.5100 1 3746 -157.1000 -97.6000
-7.0273306885e-02 -1.1567642188e-01 -1.3233477005e+00
6 10 2
2 0 3695 -113.2700 -185.7900 1 3773 -131.4600 -105.0500
-7.9743209381e-02 -1.2325887946e-01 -1.3215105620e+00
7 10 2
2 0 3742 -128.5100 -198.2700 1 3798 -147.3700 -112.2000
-7.9743209381e-02 -1.2325887946e-01 -1.3215105620e+00
7 10 2
2 0 3743 -128.5100 -198.2700 1 3799 -147.3700 -112.2000
-7.0770783312e-02 -1.2390850672e-01 -1.3243623479e+00
9 10 10
2 0 3745 -114.1700 -198.7500 1 1738 -132.1500 -116.5400
-7.0960718635e-02 -1.2764460206e-01 -1.3246085586e+00
2 9 1
2 0 3771 -114.3000 -204.6900 1 1764 -132.6200 -121.5200
-7.5198270520e-02 -1.3139170012e-01 -1.3241471741e+00
172 177 208
2 0 3795 -121.1500 -210.7600 1 3831 -139.7100 -125.6300
-1.4326638062e-01 -1.4849142986e-01 -1.3077025186e+00
173 112 85
2 0 3875 -233.1200 -241.6200 1 3834 -256.2900 -126.9000
6.4157251217e-02 -1.4997687861e-01 -1.1810556888e+00
28 31 36
2 0 3962 114.1200 -277.1700 1 1042 125.3700 14.7600
-3.9378138870e-02 -4.7537943409e-02 -1.3229116807e+00
142 118 46
2 0 4551 -63.6100 -76.6700 1 3576 -81.9500 -23.4400
-1.4121984170e-01 -6.6448290998e-02 -1.2968487455e+00
200 197 61
2 0 4598 -231.5100 -110.0900 1 4973 -248.1800 -12.0200
-4.1798159891e-02 -8.9369488579e-02 -1.3277159718e+00
10 10 9
2 0 4648 -67.7200 -143.0200 1 3701 -84.6900 -78.4900
-1.2626668944e-01 -8.8580275078e-02 -1.3027691494e+00
145 113 111
2 0 4652 -206.4200 -145.3900 1 5035 -223.9300 -46.2400
-1.2626668944e-01 -8.8580275078e-02 -1.3027691494e+00
145 113 111
2 0 4653 -206.4200 -145.3900 1 5036 -223.9300 -46.2400
-4.5755234099e-02 -1.0108385859e-01 -1.3278699915e+00
162 159 185
2 0 4689 -73.5200 -161.7500 1 5101 -91.4200 -92.7900
-7.6778499642e-02 -1.1203525884e-01 -1.3207611384e+00
148 149 154
2 0 4732 -123.7300 -180.4300 1 5113 -142.4000 -97.3600
-5.8893359426e-02 -1.1401542952e-01 -1.3259913459e+00
163 165 190
2 0 4734 -94.5300 -182.7100 1 3778 -112.9400 -106.2700
-4.5949328039e-02 -1.1469623738e-01 -1.3300948924e+00
156 159 176
2 0 4735 -74.0200 -183.0400 1 3800 -91.3000 -112.1500
-4.5926054309e-02 -1.6004848020e-01 -1.3371193787e+00
168 129 40
2 0 4847 -73.2100 -253.6100 1 5248 -91.1200 -177.8200
6.2273283306e-02 -1.6919084966e-01 -1.1811045210e+00
35 36 41
2 0 4920 111.3100 -311.6900 1 4969 124.2400 -10.4800
-1.2215914911e-01 -4.1704216495e-02 -1.2985014909e+00
176 189 215
2 0 5226 -200.4300 -69.4200 1 5761 -215.0600 14.3700
-1.4231909070e-01 -5.5752829928e-02 -1.3582595053e+00
195 196 81
2 0 5241 -222.9100 -85.7800 1 5840 -248.9800 -67.6300
-7.5673235195e-02 -5.5010939509e-02 -1.3133443652e+00
113 96 58
2 0 5245 -123.0700 -89.6200 1 5802 -139.6600 -20.0500
-7.5803340509e-02 -6.3792990458e-02 -1.3146395472e+00
11 10 4
2 0 5260 -122.9700 -103.6800 1 5004 -140.1400 -31.8500
-1.2605021800e-01 -6.8412744066e-02 -1.3011967658e+00
107 108 125
2 0 5266 -206.5500 -112.7300 1 5800 -222.4400 -20.0900
-1.2605021800e-01 -6.8412744066e-02 -1.3011967658e+00
107 108 125
2 0 5267 -206.5500 -112.7300 1 5801 -222.4400 -20.0900
-5.2922633518e-02 -7.8380591186e-02 -1.3227264574e+00
17 13 17
2 0 5274 -85.1000 -126.2000 1 5833 -103.4700 -59.1700
-5.7226568444e-02 -9.0942557144e-02 -1.3235222934e+00
141 113 58
2 0 5294 -92.0000 -146.2100 1 5845 -110.3500 -75.1100
-5.7226568444e-02 -9.0942557144e-02 -1.3235222934e+00
141 113 58
2 0 5295 -92.0000 -146.2100 1 5846 -110.3500 -75.1100
-1.3530573651e-01 -1.0104203738e-01 -1.3038191906e+00
36 63 48
2 0 5312 -220.9300 -165.4700 1 6261 -239.8300 -62.4100
-1.2801437648e-01 -1.0263292496e-01 -1.3046700463e+00
162 111 85
2 0 5314 -209.0400 -167.9200 1 5061 -227.4600 -65.6600
-1.4057813591e-01 -1.0687661032e-01 -1.3021965166e+00
202 194 51
2 0 5319 -229.9300 -175.2200 1 5839 -248.9800 -67.6300
-7.8176863035e-02 -1.0912719971e-01 -1.3201546469e+00
19 19 8
2 0 5321 -126.2200 -175.8500 1 5869 -144.5200 -93.0300
-7.1425562955e-02 -1.1605486394e-01 -1.3229697317e+00
15 7 11
2 0 5331 -115.2800 -186.4500 1 5874 -133.2400 -105.0800
-1.2860309391e-01 -1.2055897549e-01 -1.3075667601e+00
168 179 212
2 0 5337 -209.2200 -196.4900 1 5864 -229.6300 -91.3500
-7.8260821542e-02 -1.2277209036e-01 -1.3218353408e+00
7 13 7
2 0 5339 -126.1100 -197.4300 1 5881 -144.8800 -112.0000
-1.3146533152e-01 -6.3533275792e-02 -1.2988032542e+00
35 64 31
2 0 5645 -216.0900 -105.0300 1 5789 -230.9100 -11.3400
-1.3042595588e-01 -6.8630464184e-02 -1.2998106483e+00
201 184 55
2 0 5647 -214.1200 -113.2400 1 6234 -229.5300 -18.6100
-4.2452974593e-02 -7.4460967265e-02 -1.3254198261e+00
16 14 16
2 0 5650 -68.8800 -119.5000 1 5829 -85.9600 -57.9400
-4.3290862573e-02 -7.9738196396e-02 -1.3257625799e+00
12 11 16
2 0 5661 -69.9200 -127.9300 1 5838 -87.5000 -64.5900
-3.9054310967e-02 -1.0895277654e-01 -1.3312893572e+00
156 157 176
2 0 5691 -62.7600 -173.7200 1 6283 -80.3300 -106.5300
-1.2982639470e-01 -1.1561798925e-01 -1.3066195909e+00
88 98 106
2 0 5699 -211.6200 -188.6400 1 6272 -231.2200 -84.0300
-1.2982639470e-01 -1.1561798925e-01 -1.3066195909e+00
88 98 106
2 0 5700 -211.6200 -188.6400 1 6273 -231.2200 -84.0300
-8.8057790211e-02 -1.2345792855e-01 -1.3190482416e+00
176 179 180
2 0 5708 -142.7200 -198.9900 1 6286 -160.7000 -109.4900
-1.5183927981e-01 -1.2955763596e-01 -1.3030403174e+00
22 97 56
2 0 5715 -248.0400 -211.9100 1 6505 -269.7900 -96.8200
-4.9890434437e-02 -1.4072945079e-01 -1.3330703680e+00
137 105 20
2 0 5721 -80.0000 -223.8600 1 6303 -97.6700 -148.2400
5.7391152137e-02 -1.5921867522e-01 -1.1803633166e+00
27 31 32
2 0 5759 102.0400 -293.9400 1 5772 114.5400 3.8800
-1.3874874259e-01 -4.7038230140e-02 -1.2952022183e+00
18 71 45
2 0 5857 -228.1700 -78.4500 1 6456 -242.6100 12.6700
-1.3874874259e-01 -4.7038230140e-02 -1.2952022183e+00
18 71 45
2 0 5858 -228.1700 -78.4500 1 6457 -242.6100 12.6700
-4.7221109172e-02 -5.5905027779e-02 -1.3217454299e+00
13 9 9
2 0 5867 -76.6500 -90.1800 1 6239 -93.9200 -31.6600
-1.3116497936e-01 -5.4455982134e-02 -1.2973557735e+00
39 72 45
2 0 5871 -215.7600 -90.3600 1 6230 -230.0500 1.0800
-5.5885329247e-02 -6.1509154113e-02 -1.3198301752e+00
12 11 15
2 0 5878 -89.8400 -99.4800 1 6470 -108.5800 -35.6800
-5.5885329247e-02 -6.1509154113e-02 -1.3198301752e+00
12 11 15
2 0 5879 -89.8400 -99.4800 1 6472 -108.5800 -35.6800
-1.4461751828e-01 -6.1714488606e-02 -1.2950474337e+00
13 83 51
2 0 5883 -237.7100 -102.5300 1 6462 -253.2900 -4.2000
-3.9356489126e-02 -6.9042852623e-02 -1.3256080948e+00
158 160 181
2 0 5887 -63.4900 -110.8500 1 6483 -81.5000 -51.7500
-1.3391942271e-01 -7.9083682127e-02 -1.2989398577e+00
37 66 47
2 0 5895 -220.5400 -130.3800 1 6469 -235.3300 -30.1400
-5.4231942452e-02 -8.3125109299e-02 -1.3226781181e+00
168 172 192
2 0 5897 -86.9600 -133.8400 1 6492 -105.7700 -64.7600
-3.5539587062e-02 -8.9869099222e-02 -1.3287776956e+00
20 23 14
2 0 5901 -57.2200 -143.7200 1 6497 -74.9500 -80.4500
-1.4362256329e-01 -9.3753178296e-02 -1.2996077575e+00
16 69 43
2 0 5905 -234.9800 -154.3000 1 6249 -253.7500 -48.2200
-1.2978167717e-01 -9.4971457676e-02 -1.3038268424e+00
21 50 30
2 0 5907 -212.3500 -155.5800 1 6257 -229.7900 -55.2000
-1.3558527921e-01 -9.6511815352e-02 -1.3021324022e+00
190 190 54
2 0 5910 -221.5900 -158.3900 1 6253 -240.1400 -54.8600
-1.4410671949e-01 -1.0224559283e-01 -1.3012435136e+00
19 68 45
2 0 5916 -235.5700 -167.8600 1 6490 -254.9800 -60.5900
-1.4067516434e-01 -1.1718999171e-01 -1.3036061879e+00
186 185 55
2 0 5933 -229.5700 -191.7500 1 6271 -250.0000 -82.1400
-5.4663732375e-02 -1.2448157561e-01 -1.3291781374e+00
7 10 10
2 0 5938 -87.9800 -198.7800 1 6514 -105.5500 -123.1300
-1.3812713404e-01 -1.2310098576e-01 -1.3054050718e+00
40 65 36
2 0 5939 -225.5300 -200.9700 1 6501 -245.5800 -91.8300
-5.7938436354e-02 -1.3088713952e-01 -1.3290138087e+00
167 167 187
2 0 5942 -92.7300 -209.0600 1 6519 -111.3900 -130.9000
-4.1430689631e-02 -1.3185644839e-01 -1.3341015231e+00
149 152 171
2 0 5944 -66.2500 -209.6100 1 6527 -84.0200 -138.2800
-1.3770856316e-01 -1.3248887206e-01 -1.3077506300e+00
28 64 28
2 0 5947 -224.2500 -215.7200 1 6508 -245.5800 -106.4600
-6.1851254832e-02 -1.3616258517e-01 -1.3291034281e+00
15 13 14
2 0 5948 -99.0100 -217.4300 1 6526 -117.8700 -137.6000
-3.7284142559e-02 -1.3708362177e-01 -1.3355835433e+00
9 14 17
2 0 5949 -59.6800 -217.6000 1 6531 -76.9800 -146.7100
-4.5215447975e-02 -1.3734295035e-01 -1.3338173490e+00
12 15 9
2 0 5950 -72.7100 -218.3200 1 6301 -89.7800 -144.8900
-5.9762424183e-02 -1.4246581904e-01 -1.3308041742e+00
155 162 174
2 0 5952 -95.7300 -227.0900 1 6532 -114.2300 -147.6500
-6.2841063753e-02 -7.5218736447e-02 -1.3201873493e+00
175 126 36
2 0 6025 -101.4700 -121.4200 1 6618 -119.3300 -52.1900
-4.0072647898e-02 -8.3913117240e-02 -1.3265022579e+00
156 155 181
2 0 6029 -64.6600 -134.5200 1 6629 -82.2600 -70.5600
-6.4494436006e-02 -8.5690598348e-02 -1.3194925340e+00
172 124 33
2 0 6030 -104.0900 -138.3600 1 6627 -122.0000 -63.9800
-7.3361959962e-02 -8.5612885069e-02 -1.3180953138e+00
90 93 101
2 0 6031 -118.7900 -138.3900 1 6491 -136.2500 -62.0200
-6.5748408646e-02 -9.8026228440e-02 -1.3213421363e+00
177 131 30
2 0 6034 -106.3800 -157.8400 1 6631 -123.6900 -81.1100
-4.0743940263e-02 -1.0084300713e-01 -1.3290653960e+00
38 30 17
2 0 6036 -64.9900 -161.2300 1 6503 -83.7100 -93.9400
-5.6602437683e-02 -1.1691404365e-01 -1.3271592461e+00
158 165 179
2 0 6046 -90.8000 -187.1300 1 6644 -109.1500 -111.2700
-4.4326741344e-02 -1.2483575292e-01 -1.3320117676e+00
15 17 14
2 0 6048 -70.6000 -198.9000 1 6516 -89.2100 -126.9600
-4.6640390953e-02 -1.5084402580e-01 -1.3354098826e+00
156 159 183
2 0 6054 -74.5200 -239.4200 1 6656 -92.3300 -163.9400
-1.3889653556e-01 -9.0032061791e-02 -1.3006154129e+00
25 62 30
2 0 6110 -227.1100 -148.0800 1 6710 -245.5200 -45.0000
-1.4485126144e-01 -1.2196353226e-01 -1.3031634576e+00
21 61 43
2 0 6112 -236.2000 -199.6000 1 6633 -257.6800 -87.4800
-1.4485126144e-01 -1.2196353226e-01 -1.3031634576e+00
21 61 43
2 0 6113 -236.2000 -199.6000 1 6634 -257.6800 -87.4800
-1.4487401833e-01 -1.3235598730e-01 -1.3045556951e+00
188 186 49
2 0 6115 -236.5200 -216.1500 1 6713 -257.8600 -102.4100
-1.4487401833e-01 -1.3235598730e-01 -1.3045556951e+00
188 186 49
2 0 6116 -236.5200 -216.1500 1 6714 -257.8600 -102.4100
-1.4738560179e-01 -1.5773613724e-01 -1.3078548500e+00
194 162 38
2 0 6119 -239.7900 -256.5200 1 6719 -264.0500 -139.0700
6.8069566394e-02 -1.5642774556e-01 -1.1803190116e+00
21 22 26
2 0 6123 121.2200 -288.9700 1 6705 133.6400 7.0800
6.9634373715e-02 -1.0237611007e-01 -1.1789221391e+00
21 22 24
2 0 6147 124.8200 -192.2200 1 6695 127.9700 77.5600
-5.1501076726e-02 -1.4105697527e-01 -1.3328343621e+00
120 88 22
2 0 6148 -83.1100 -224.3700 1 6757 -99.8500 -148.4100
-1.5792419018e-01 -1.6401120876e-01 -1.3073207959e+00
189 156 34
2 0 6152 -257.1600 -266.7500 1 6755 -282.8000 -146.4400
-1.4046973233e-01 -1.0643402539e-01 -1.3024104186e+00
173 177 49
2 0 6175 -229.6100 -174.4700 1 6787 -248.8700 -67.3100
-1.4046973233e-01 -1.0643402539e-01 -1.3024104186e+00
173 177 49
2 0 6176 -229.6100 -174.4700 1 6788 -248.8700 -67.3100
-1.2670599236e-01 -1.2905596639e-01 -1.3091971102e+00
197 194 204
2 0 6178 -205.5400 -209.9500 1 6790 -227.1300 -104.0200
