# Bundle file v0.3
2 346
1.9775254368e+03 9.6256711482e-02 -2.3411622046e-02
9.9998461274e-01 -2.2629147485e-03 -5.0649292655e-03
2.1657644857e-03 9.9981513793e-01 -1.9104958001e-02
5.1072258434e-03 1.9093694584e-02 9.9980465446e-01
-3.4712727096e-03 -1.9696120991e-02 5.7973006731e-02
2.1643709288e+03 8.1433699223e-02 1.4723235244e-02
9.8462641481e-01 8.8702456936e-02 -1.5047490617e-01
-1.7448121195e-01 5.3986941997e-01 -8.2346664538e-01
8.1932856637e-03 8.3706205476e-01 5.4704660364e-01
-1.9090045992e-01 -8.6694179728e-01 -4.5754293070e-01
1.8616468814e-01 1.9268435901e-01 -1.1066995609e+00
187 184 179
2 0 10 358.1100 370.8000 1 2457 425.1800 280.0000
1.8616468814e-01 1.9268435901e-01 -1.1066995609e+00
187 184 179
2 0 11 358.1100 370.8000 1 2456 425.1800 280.0000
2.0359084956e-01 1.8568646668e-01 -1.0953658783e+00
189 188 180
2 0 25 395.8900 361.2100 1 2509 461.2200 241.2100
1.9350983957e-01 1.8297323501e-01 -1.0986006888e+00
137 132 129
2 0 37 374.9000 354.7300 1 3639 435.8300 247.0900
1.8459659583e-01 1.8276343668e-01 -1.1026079241e+00
180 179 175
2 0 43 356.4500 352.9400 1 2489 414.8000 257.7800
1.8459659583e-01 1.8276343668e-01 -1.1026079241e+00
180 179 175
2 0 44 356.4500 352.9400 1 2490 414.8000 257.7800
1.8222989287e-01 1.8118666252e-01 -1.1031636476e+00
182 181 177
2 0 51 351.5000 349.6800 1 2491 408.4400 257.2900
2.1546261943e-01 1.6890693388e-01 -1.0816894022e+00
187 187 179
2 0 80 423.9800 332.7400 1 2549 477.6200 185.6500
2.2193557892e-01 1.6050363879e-01 -1.0744763082e+00
180 179 173
2 0 104 439.7600 318.3300 1 2574 486.8300 157.2900
1.8379036190e-01 1.6295817202e-01 -1.0933289089e+00
175 174 169
2 0 105 357.6900 317.2600 1 3652 400.0800 211.3200
2.0187108719e-01 1.5243231658e-01 -1.0799642614e+00
187 187 181
2 0 130 397.7800 300.5500 1 2571 434.6800 164.1500
1.9380787571e-01 1.5020158017e-01 -1.0825898276e+00
168 169 162
2 0 139 380.9600 295.3600 1 2569 414.7000 169.0900
1.9958789542e-01 1.4572909377e-01 -1.0777252533e+00
135 136 130
2 0 154 394.0000 287.8800 1 2579 425.0700 151.4100
1.9958789542e-01 1.4572909377e-01 -1.0777252533e+00
135 136 130
2 0 155 394.0000 287.8800 1 2578 425.0700 151.4100
2.1360798628e-01 1.4289953008e-01 -1.0698636357e+00
171 172 166
2 0 168 425.1600 284.4800 1 2594 455.1300 127.2300
1.9485083907e-01 1.4121917731e-01 -1.0777984665e+00
186 185 181
2 0 177 384.7100 278.9100 1 586 411.2600 147.1600
2.3000866436e-01 1.3696148808e-01 -1.0593011466e+00
180 179 175
2 0 185 462.2000 275.4600 1 705 489.2400 92.4400
2.0772492166e-01 1.3828784830e-01 -1.0706324874e+00
183 182 178
2 0 187 412.9000 275.0300 1 621 438.7300 124.6100
2.2384764958e-01 1.3586864793e-01 -1.0616262464e+00
185 184 179
2 0 196 448.8000 272.6100 1 2625 474.1800 97.8700
2.1844688148e-01 1.3264135711e-01 -1.0626159017e+00
172 173 168
2 0 204 437.4800 265.8300 1 2626 459.5700 97.5400
2.2202532194e-01 1.2953487714e-01 -1.0594255249e+00
184 185 180
2 0 211 445.9400 260.3900 1 2651 465.7500 85.8800
2.2202532194e-01 1.2953487714e-01 -1.0594255249e+00
184 185 180
2 0 212 445.9400 260.3900 1 2652 465.7500 85.8800
1.7966559351e-01 1.2831957130e-01 -1.0785498687e+00
171 168 161
2 0 225 354.3900 253.1500 1 605 369.0800 136.7500
1.9363655612e-01 1.2492346602e-01 -1.0705108491e+00
181 178 170
2 0 234 384.6800 248.3500 1 656 398.3400 111.7600
2.0350656306e-01 1.2085673838e-01 -1.0639343356e+00
188 185 178
2 0 240 406.7700 241.7800 1 2640 418.0000 90.1600
2.2428440442e-01 1.1977928753e-01 -1.0536103254e+00
137 134 129
2 0 242 453.0700 242.0800 1 2696 464.2700 61.0800
1.9036411596e-01 1.2117186662e-01 -1.0701173691e+00
179 174 168
2 0 243 378.3400 240.9600 1 2609 388.6400 107.3000
2.2036542250e-01 1.1298098645e-01 -1.0521565342e+00
189 186 179
2 0 266 445.7700 228.6100 1 2717 450.7900 51.0700
2.0438330151e-01 1.1229113604e-01 -1.0591675144e+00
186 183 176
2 0 272 410.5200 225.6400 1 2684 414.3700 69.6900
2.4062474836e-01 1.0654284895e-01 -1.0393857357e+00
192 188 185
2 0 281 492.8900 218.2700 1 2797 492.7200 10.3800
2.4399751054e-01 1.0499630614e-01 -1.0372182325e+00
190 187 182
2 0 284 500.9200 215.5600 1 2811 499.3800 2.9200
1.9018668199e-01 1.0617353243e-01 -1.0628022092e+00
133 130 124
2 0 293 380.6000 212.5700 1 2675 379.0300 74.0900
1.9299946424e-01 1.0588426921e-01 -1.0614233645e+00
180 176 172
2 0 295 386.6800 212.2700 1 796 385.1300 70.0400
1.9299946424e-01 1.0588426921e-01 -1.0614233645e+00
180 176 172
2 0 296 386.6800 212.2700 1 797 385.1300 70.0400
2.1740776304e-01 1.0001826970e-01 -1.0469952657e+00
131 128 121
2 0 314 441.8600 203.3100 1 2762 435.7200 25.9500
2.1608744097e-01 9.9818217632e-02 -1.0474345669e+00
178 175 167
2 0 315 438.9400 202.8100 1 913 432.6600 27.0400
2.0783172603e-01 9.9436839865e-02 -1.0512034428e+00
128 125 120
2 0 319 420.6500 201.3000 1 2745 413.9400 36.9300
2.4027529606e-01 9.7368042012e-02 -1.0351899926e+00
189 184 180
2 0 327 494.3800 200.2400 1 2850 485.5000 -8.9000
1.6123180562e-01 9.8379466222e-02 -1.0725881729e+00
108 105 98
2 0 334 319.6100 195.1600 1 699 311.4600 93.1700
2.3368840773e-01 9.3480271625e-02 -1.0361468262e+00
188 183 180
2 0 338 479.8700 191.9900 1 1042 468.3100 -9.3400
2.2381068434e-01 9.0727335976e-02 -1.0397663408e+00
186 183 175
2 0 352 458.0200 185.6800 1 2829 444.1800 -1.8500
2.4149696177e-01 8.9171277042e-02 -1.0307127608e+00
192 188 187
2 0 355 498.8300 184.1100 1 2899 482.9700 -28.0800
1.9669450087e-01 8.9543838522e-02 -1.0516203052e+00
147 144 137
2 0 359 397.7500 181.1700 1 907 383.3700 29.6300
2.1078660698e-01 8.2891796608e-02 -1.0418057589e+00
135 133 127
2 0 384 430.4700 169.2800 1 1010 410.2200 -2.4200
2.2699443731e-01 8.1354849057e-02 -1.0335716605e+00
147 144 139
2 0 389 467.3900 167.4500 1 1118 445.2400 -26.2600
2.2249828150e-01 8.0861526997e-02 -1.0354864515e+00
186 185 180
2 0 392 457.2600 166.1300 1 2882 434.9000 -21.4300
1.7288379207e-01 8.1684063197e-02 -1.0588342026e+00
177 173 164
2 0 399 347.2700 164.1800 1 2734 327.0400 42.4400
1.7288379207e-01 8.1684063197e-02 -1.0588342026e+00
177 173 164
2 0 400 347.2700 164.1800 1 2735 327.0400 42.4400
1.9354980768e-01 8.0573020395e-02 -1.0489422288e+00
183 179 170
2 0 401 392.5500 163.4500 1 948 371.0300 14.8400
1.7427636836e-01 8.0731091870e-02 -1.0578186877e+00
181 178 169
2 0 405 350.3300 162.4200 1 877 329.5700 38.8400
1.8420351882e-01 7.9371538691e-02 -1.0522468432e+00
136 132 124
2 0 410 372.3800 160.5100 1 2775 350.0300 23.1100
2.0109001715e-01 7.4578109727e-02 -1.0423424449e+00
130 125 121
2 0 433 410.1700 152.2100 1 2847 384.1200 -7.7500
2.1282925474e-01 7.3722710861e-02 -1.0362176379e+00
188 185 180
2 0 434 437.1100 151.3400 1 2892 408.9700 -24.7600
2.1282925474e-01 7.3722710861e-02 -1.0362176379e+00
188 185 180
2 0 435 437.1100 151.3400 1 2893 408.9700 -24.7600
1.6671767748e-01 7.2931648657e-02 -1.0573336547e+00
130 123 115
2 0 445 335.3000 146.8400 1 2755 309.0700 31.2500
2.0184254378e-01 6.9794907677e-02 -1.0397395482e+00
142 137 131
2 0 457 412.9400 142.8100 1 1081 382.7500 -18.5800
9.3075562159e-02 6.9353853031e-02 -1.0395984685e+00
55 62 70
2 0 460 190.9700 140.9100 1 2771 142.1600 23.0200
1.8883208775e-01 6.4357852464e-02 -1.0430905861e+00
174 172 167
2 0 485 384.9500 131.3000 1 1059 351.5600 -13.7900
1.6955992716e-01 6.4325306590e-02 -1.0519107675e+00
136 132 123
2 0 488 342.7100 130.2100 1 962 310.4800 9.8000
1.6955992716e-01 6.4325306590e-02 -1.0519107675e+00
136 132 123
2 0 489 342.7100 130.2100 1 963 310.4800 9.8000
2.3803219665e-01 6.2371287249e-02 -1.0190949669e+00
181 177 174
2 0 490 497.2900 130.0600 1 1361 457.6100 -80.5500
1.4992847463e-01 6.4426516250e-02 -1.0610912679e+00
115 110 104
2 0 491 300.4500 129.3800 1 893 269.2500 34.0700
2.1962801495e-01 6.2555248815e-02 -1.0276945447e+00
182 181 176
2 0 495 454.8400 129.4200 1 1269 417.0800 -56.6700
1.4331600241e-01 6.4477331338e-02 -1.0642731365e+00
153 149 140
2 0 498 286.3200 129.1300 1 2733 255.5500 42.3500
2.1668993755e-01 6.1385072688e-02 -1.0285516659e+00
189 186 180
2 0 502 448.2000 126.8900 1 2970 410.0800 -55.3000
2.2778545796e-01 5.6745184249e-02 -1.0210754733e+00
120 117 112
2 0 519 474.8300 118.0900 1 1354 431.4400 -79.1400
2.3284135568e-01 5.6382464717e-02 -1.0185257010e+00
184 180 177
2 0 521 486.6200 117.6000 1 1379 442.3600 -86.4200
1.9073954184e-01 5.3853242169e-02 -1.0370077752e+00
187 183 174
2 0 533 391.3900 110.5300 1 1187 349.4400 -38.0600
1.5248317348e-01 5.2788645997e-02 -1.0543662346e+00
171 166 160
2 0 539 307.4900 106.7800 1 973 268.6300 6.9800
1.8073257535e-01 5.1959161439e-02 -1.0406078071e+00
187 182 176
2 0 541 369.3500 106.3200 1 1136 327.2900 -29.8200
1.9779629777e-01 5.0324237842e-02 -1.0321301630e+00
126 123 118
2 0 546 407.7500 103.7400 1 1257 362.5800 -53.9400
2.0453810100e-01 4.9247387780e-02 -1.0283838029e+00
151 146 140
2 0 551 423.1100 101.8400 1 1308 376.5000 -64.8100
1.5454061569e-01 4.8190537639e-02 -1.0513016516e+00
176 172 163
2 0 561 312.4400 97.8000 1 1019 270.6600 -4.7900
2.2899890242e-01 4.4480903205e-02 -1.0145706865e+00
195 192 187
2 0 574 480.3400 93.0500 1 1436 426.6500 -105.8300
2.2899890242e-01 4.4480903205e-02 -1.0145706865e+00
195 192 187
2 0 575 480.3400 93.0500 1 1438 426.6500 -105.8300
1.5951863504e-01 4.5162124906e-02 -1.0472581715e+00
175 170 166
2 0 579 323.8100 92.0000 1 1072 279.3300 -17.5200
1.9173342862e-01 4.4270317546e-02 -1.0317813083e+00
189 184 179
2 0 583 395.2800 91.3200 1 1277 346.2900 -59.1900
1.7750548299e-01 4.4119012385e-02 -1.0383300853e+00
176 172 169
2 0 585 363.5300 90.5300 1 1200 316.2400 -41.8400
2.1796646324e-01 4.2308559752e-02 -1.0185886610e+00
190 187 182
2 0 591 455.5600 88.2300 1 1412 401.1400 -96.2100
1.6614716621e-01 4.1749109372e-02 -1.0425927914e+00
134 126 123
2 0 596 338.8700 85.4200 1 1160 291.2600 -32.4400
2.3043240956e-01 4.0749692045e-02 -1.0122026883e+00
192 189 184
2 0 597 484.5300 85.4000 1 1468 427.4800 -115.0200
2.3489422280e-01 3.7787984222e-02 -1.0084871123e+00
183 180 173
2 0 612 495.7200 79.4000 1 1526 435.4500 -127.1400
1.9672857425e-01 3.6186418753e-02 -1.0255636343e+00
138 134 125
2 0 622 408.0700 75.0700 1 1368 352.3600 -81.7700
1.8150842643e-01 3.3814254176e-02 -1.0315172090e+00
168 164 153
2 0 630 374.1900 69.8700 1 1316 319.1000 -67.5900
2.1429920797e-01 3.3083537504e-02 -1.0157242463e+00
190 185 179
2 0 632 448.9700 69.1400 1 1451 387.9800 -110.4200
2.2811023670e-01 3.2593605176e-02 -1.0091356276e+00
190 186 177
2 0 634 481.3500 68.4500 1 1532 417.2600 -128.7700
2.2811023670e-01 3.2593605176e-02 -1.0091356276e+00
190 186 177
2 0 635 481.3500 68.4500 1 1533 417.2600 -128.7700
2.3516704298e-01 3.1974709375e-02 -1.0055905861e+00
188 185 176
2 0 636 498.0000 67.3100 1 1573 432.2600 -139.0000
2.3516704298e-01 3.1974709375e-02 -1.0055905861e+00
188 185 176
2 0 637 498.0000 67.3100 1 1574 432.2600 -139.0000
2.2494487539e-01 3.0351213622e-02 -1.0094221981e+00
156 151 147
2 0 649 474.5400 63.7200 1 1535 409.0500 -129.4000
2.2828468686e-01 2.9988132428e-02 -1.0077657397e+00
182 177 170
2 0 651 482.4400 63.0300 1 1552 416.0200 -134.2400
2.2591837512e-01 2.8062122671e-02 -1.0078251167e+00
181 176 170
2 0 659 477.1400 58.9500 1 1563 409.9900 -135.3500
1.9154204310e-01 2.6508720342e-02 -1.0232756062e+00
146 141 135
2 0 672 398.0900 55.1600 1 1407 336.1700 -94.7600
2.1088761680e-01 2.4565524144e-02 -1.0133137498e+00
191 184 178
2 0 682 442.8100 51.4300 1 1511 375.8600 -122.9000
2.1088761680e-01 2.4565524144e-02 -1.0133137498e+00
191 184 178
2 0 683 442.8100 51.4300 1 1510 375.8600 -122.9000
2.0386533997e-01 2.2310253568e-02 -1.0155809658e+00
189 184 178
2 0 697 427.1900 46.6700 1 1484 359.6100 -118.3300
1.9466562836e-01 2.0894067066e-02 -1.0189625722e+00
121 120 115
2 0 702 406.5900 43.6500 1 1450 339.3900 -110.0000
2.1866644592e-01 1.9910718629e-02 -1.0073478856e+00
114 110 107
2 0 706 462.0800 41.8100 1 1578 389.6100 -142.1000
2.1866644592e-01 1.9910718629e-02 -1.0073478856e+00
114 110 107
2 0 707 462.0800 41.8100 1 1577 389.6100 -142.1000
2.1958811325e-01 1.8575442539e-02 -1.0061193569e+00
195 191 188
2 0 712 464.5300 39.0100 1 1595 390.8600 -146.2200
1.2351325926e-01 1.4601290884e-02 -1.0490357193e+00
114 110 107
2 0 723 250.4900 30.4300 1 1175 191.3700 -35.7200
1.7460746828e-01 9.2142057429e-03 -1.0227323574e+00
125 120 114
2 0 733 363.1200 19.4300 1 1443 291.8600 -108.0500
2.0870733226e-01 8.1999619170e-03 -1.0063216936e+00
187 184 177
2 0 737 441.3800 17.1700 1 1609 361.9700 -152.5200
2.0068317115e-01 6.1145001187e-04 -1.0064570596e+00
183 180 173
2 0 793 424.3100 1.2200 1 1628 341.0800 -157.0700
1.6489003780e-01 -2.8601497477e-03 -1.0212037147e+00
182 177 170
2 0 806 343.3900 -5.5400 1 1490 266.0400 -120.0200
2.2805342084e-01 -4.0123925050e-03 -9.9123152564e-01
185 182 177
2 0 811 489.9600 -9.1300 1 1772 395.7700 -200.9800
2.2161753968e-01 -6.6759653650e-03 -9.9284335929e-01
129 124 120
2 0 818 475.3100 -14.7400 1 1753 380.6800 -198.0900
2.2161753968e-01 -6.6759653650e-03 -9.9284335929e-01
129 124 120
2 0 819 475.3100 -14.7400 1 1754 380.6800 -198.0900
2.0748649763e-01 -7.7914836972e-03 -9.9899151298e-01
184 180 173
2 0 831 442.1100 -16.8000 1 1694 350.5900 -182.2000
1.8705979852e-01 -2.0202071364e-02 -1.0025651144e+00
193 189 180
2 0 881 397.1300 -42.7600 1 1689 302.1000 -180.2500
1.8668526216e-01 -2.4925999713e-02 -1.0002921743e+00
189 182 176
2 0 908 397.2800 -52.9100 1 1721 298.9000 -189.0000
2.1006580868e-01 -2.5083905061e-02 -9.8954683305e-01
185 183 171
2 0 909 452.1700 -54.2500 1 1811 346.4600 -217.9800
1.5647764429e-01 -2.6810632032e-02 -1.0136018026e+00
175 171 160
2 0 911 328.2200 -55.6400 1 1618 237.9000 -155.4000
1.6829333582e-01 -3.4276736245e-02 -1.0044480173e+00
182 178 172
2 0 955 356.4700 -72.1600 1 1705 257.6200 -183.7900
1.9405663799e-01 -4.6081223472e-02 -9.8646620005e-01
191 187 178
2 0 1044 418.7200 -99.5200 1 1871 303.3000 -237.8700
2.2337352350e-01 -4.5328647341e-02 -9.7303296521e-01
144 139 133
2 0 1046 489.1300 -99.9400 1 1982 363.0800 -273.4300
1.8568693913e-01 -5.2875924060e-02 -9.8725335097e-01
191 186 181
2 0 1089 400.5900 -113.9000 1 1874 282.9800 -239.5800
-7.3777784013e-02 -5.8312337449e-02 -1.0569367320e+00
8 11 14
2 0 1093 -141.2400 -114.7500 1 1139 -219.6700 -30.2200
2.0830987380e-01 -5.3156406368e-02 -9.7633730898e-01
186 184 172
2 0 1106 454.4800 -116.3600 1 1969 328.2900 -268.6700
-5.8507802407e-02 -8.2012920418e-02 -1.1081747072e+00
26 28 21
2 0 1234 -107.5000 -151.6300 1 2776 -168.4400 21.7500
2.1387229030e-01 -6.8392053365e-02 -9.6622131550e-01
152 148 144
2 0 1236 471.8200 -151.4500 1 2079 331.5900 -303.4700
1.8278557106e-01 -8.2686796342e-02 -9.7385771549e-01
181 178 173
2 0 1318 399.9700 -180.7400 1 2034 263.0200 -290.2800
2.0780432286e-01 -9.7400428663e-02 -9.5441382499e-01
182 178 169
2 0 1431 464.4200 -218.2800 1 2208 304.9500 -348.3100
2.0927084535e-01 -1.0708855728e-01 -9.4912204150e-01
141 136 132
2 0 1479 470.4100 -241.4600 1 2250 303.2100 -366.8100
1.9955603043e-01 1.9214402919e-01 -1.0996683268e+00
150 147 142
2 0 1817 386.4800 372.2900 1 3629 456.2000 260.7800
2.0625582779e-01 1.7075743460e-01 -1.0867852202e+00
188 188 180
2 0 1854 403.8500 334.7100 1 3656 457.3500 201.6300
1.6108904688e-01 1.7036370759e-01 -1.1078113346e+00
181 181 174
2 0 1861 309.4700 327.1900 1 3630 353.0900 257.7800
1.6081225456e-01 1.6652988850e-01 -1.1059746377e+00
174 173 167
2 0 1866 309.6500 320.3500 1 3637 349.9400 248.8600
2.1988659987e-01 1.6017991140e-01 -1.0753513028e+00
180 179 174
2 0 1868 435.0700 317.3900 1 3684 482.0000 159.2400
2.1216775773e-01 1.5991094121e-01 -1.0788651702e+00
129 130 124
2 0 1872 418.6400 315.7600 1 3673 463.5500 168.6600
2.1216775773e-01 1.5991094121e-01 -1.0788651702e+00
129 130 124
2 0 1873 418.6400 315.7600 1 3674 463.5500 168.6600
2.1225093375e-01 1.5794003951e-01 -1.0777371447e+00
172 173 165
2 0 1876 419.0300 312.1700 1 3682 462.5400 163.6300
1.7995858665e-01 1.5303059527e-01 -1.0904524665e+00
160 159 154
2 0 1885 350.9200 298.6500 1 3661 385.2100 193.0800
1.7875478551e-01 1.5112505026e-01 -1.0900032701e+00
188 187 182
2 0 1890 349.0100 295.0500 1 3664 381.0400 190.0700
2.0137384013e-01 1.4630008894e-01 -1.0772669240e+00
178 177 172
2 0 1898 397.7300 289.1500 1 3694 429.5200 150.6500
2.1257569457e-01 1.3866816536e-01 -1.0680654591e+00
185 185 179
2 0 1905 423.4800 276.4700 1 3710 450.1500 118.3500
2.1257569457e-01 1.3866816536e-01 -1.0680654591e+00
185 185 179
2 0 1906 423.4800 276.4700 1 3711 450.1500 118.3500
1.5244243189e-01 1.3340013894e-01 -1.0939963146e+00
111 110 105
2 0 1921 296.2800 259.3600 1 3666 312.1700 182.4700
2.0910473951e-01 1.1912803567e-01 -1.0604710343e+00
188 185 178
2 0 1936 419.5500 239.1300 1 2667 429.3600 79.2200
2.0910473951e-01 1.1912803567e-01 -1.0604710343e+00
188 185 178
2 0 1937 419.5500 239.1300 1 2668 429.3600 79.2200
2.2888873291e-01 1.1769081148e-01 -1.0506590341e+00
185 182 177
2 0 1938 463.6300 238.5400 1 2718 473.4800 50.8800
2.2888873291e-01 1.1769081148e-01 -1.0506590341e+00
185 182 177
2 0 1939 463.6300 238.5400 1 2719 473.4800 50.8800
2.0751660630e-01 1.0367976397e-01 -1.0536233377e+00
185 182 177
2 0 1962 419.1600 209.4300 1 2724 415.8300 47.0100
1.6582563587e-01 1.0142379501e-01 -1.0716514735e+00
175 171 162
2 0 1973 329.0600 201.3600 1 3728 322.9900 93.6600
2.3898688955e-01 9.5026730023e-02 -1.0347950528e+00
193 188 185
2 0 1977 491.7100 195.4700 1 2861 481.1600 -12.0800
2.3898688955e-01 9.5026730023e-02 -1.0347950528e+00
193 188 185
2 0 1978 491.7100 195.4700 1 2862 481.1600 -12.0800
2.2940446678e-01 9.2729487952e-02 -1.0380505059e+00
196 191 185
2 0 1983 470.3600 190.1100 1 3821 457.9900 -4.8600
2.3836640293e-01 9.0881175283e-02 -1.0327704826e+00
194 189 186
2 0 1984 491.2300 187.2600 1 2879 477.1000 -20.8300
2.1170139277e-01 9.0328805107e-02 -1.0451661592e+00
185 182 177
2 0 1990 430.9300 183.9000 1 2793 416.9000 12.6600
2.0177121648e-01 8.7770289795e-02 -1.0485962870e+00
188 185 178
2 0 1993 409.2900 178.1000 1 2779 393.4100 19.8200
2.0177121648e-01 8.7770289795e-02 -1.0485962870e+00
188 185 178
2 0 1994 409.2900 178.1000 1 2780 393.4100 19.8200
2.4010377556e-01 8.5240063007e-02 -1.0293042240e+00
191 186 182
2 0 1995 496.7400 176.2100 1 2909 477.0800 -34.9300
2.1695949980e-01 8.4455541751e-02 -1.0396448045e+00
186 186 178
2 0 1998 444.1500 172.8400 1 2843 424.7600 -6.9900
1.8589086583e-01 7.9446537596e-02 -1.0517532510e+00
187 184 175
2 0 2010 375.9500 160.7400 1 3795 353.7700 21.6300
1.7003004932e-01 7.7466536249e-02 -1.0580487924e+00
172 168 159
2 0 2013 341.8400 155.8400 1 2744 318.5300 36.8900
2.2734322021e-01 7.1826644728e-02 -1.0287825859e+00
194 189 185
2 0 2022 470.3700 148.4800 1 2948 439.8900 -46.8200
1.6887888801e-01 7.0608337563e-02 -1.0553062473e+00
179 172 164
2 0 2027 340.2500 142.4400 1 2766 312.4500 23.8700
1.6190992956e-01 6.8009051871e-02 -1.0576000273e+00
168 165 158
2 0 2035 325.2400 136.9400 1 3791 296.5700 27.4800
1.8085052256e-01 6.7321643031e-02 -1.0483565723e+00
144 141 134
2 0 2036 366.9100 136.6900 1 2815 336.0700 2.5800
2.1148791763e-01 6.1443021325e-02 -1.0312689939e+00
179 176 167
2 0 2046 436.3300 126.7100 1 3889 398.7200 -48.0500
1.7466921702e-01 6.0646110912e-02 -1.0478509194e+00
179 172 166
2 0 2053 354.5100 123.2400 1 2838 319.2200 -3.9600
1.3698816261e-01 5.9931033087e-02 -1.0650908894e+00
131 126 122
2 0 2058 273.4700 120.0200 1 2738 240.2000 40.6600
2.2647104983e-01 5.5204400663e-02 -1.0211223890e+00
193 189 186
2 0 2065 472.2100 114.8900 1 3036 427.4800 -80.2400
1.7326890496e-01 5.6384277210e-02 -1.0461195918e+00
156 149 144
2 0 2066 352.0800 114.7800 1 2858 314.0400 -11.6900
1.5784160615e-01 5.1604826445e-02 -1.0512828868e+00
166 161 157
2 0 2078 319.2500 104.6700 1 2827 279.1300 -2.0200
2.0473079698e-01 4.3215063565e-02 -1.0251680963e+00
188 182 176
2 0 2091 424.7600 89.6200 1 3032 373.4800 -77.7600
1.3481209310e-01 4.1912841829e-02 -1.0573514105e+00
139 134 128
2 0 2101 271.0100 84.8000 1 2801 227.0300 6.1200
1.7475844231e-01 4.0589398966e-02 -1.0380520784e+00
182 177 173
2 0 2106 358.0800 83.3600 1 2942 308.5400 -45.3200
1.5382245640e-01 3.8065115708e-02 -1.0462202852e+00
176 171 166
2 0 2118 312.7100 77.7400 1 3857 263.7700 -25.4200
1.7552598700e-01 3.6583763469e-02 -1.0358815736e+00
185 178 170
2 0 2123 360.2100 75.3100 1 2964 308.2100 -54.2000
2.3085404388e-01 3.2758836702e-02 -1.0078428790e+00
191 188 180
2 0 2130 487.8000 68.8600 1 3123 423.2900 -132.1300
2.3405997885e-01 3.0993811377e-02 -1.0055489963e+00
185 180 174
2 0 2132 495.6900 65.2400 1 3994 429.2300 -139.6900
1.8024747178e-01 2.8861544924e-02 -1.0297085097e+00
189 184 179
2 0 2140 372.1900 59.7800 1 3024 313.8700 -75.9800
1.8024747178e-01 2.8861544924e-02 -1.0297085097e+00
189 184 179
2 0 2141 372.1900 59.7800 1 3026 313.8700 -75.9800
2.2239919802e-01 2.7868761531e-02 -1.0095990749e+00
184 181 173
2 0 2143 468.8300 58.4800 1 3121 402.3400 -130.8200
2.2815168700e-01 2.7319230957e-02 -1.0065290728e+00
185 181 177
2 0 2144 482.4600 57.4300 1 3128 414.4100 -139.5000
1.8849506296e-01 2.3927951938e-02 -1.0234624696e+00
191 188 179
2 0 2153 391.9000 49.8300 1 3074 328.1900 -96.0100
1.6659230585e-01 2.3416337529e-02 -1.0333690696e+00
179 174 168
2 0 2158 342.8300 48.5100 1 3001 282.6900 -70.1200
1.8333492106e-01 2.0737943751e-02 -1.0242863942e+00
180 175 169
2 0 2171 380.4500 43.2000 1 3073 316.1000 -96.1200
1.5556556402e-01 1.8317401583e-02 -1.0360522905e+00
118 113 106
2 0 2174 319.4400 38.0600 1 2996 257.4700 -66.7100
8.1032723362e-02 1.3682137944e-02 -1.0192618781e+00
88 94 106
2 0 2185 169.9000 28.0900 1 3020 94.2900 -74.2900
8.1032723362e-02 1.3682137944e-02 -1.0192618781e+00
88 94 106
2 0 2186 169.9000 28.0900 1 3021 94.2900 -74.2900
2.2961189992e-01 1.0600164058e-02 -9.9748793902e-01
142 139 134
2 0 2189 490.1600 22.1700 1 3185 407.5300 -174.8200
1.3561988193e-01 7.9955417558e-03 -1.0402918268e+00
163 158 153
2 0 2196 277.2500 17.0900 1 1295 212.5200 -63.0700
2.2228770156e-01 5.2151382939e-03 -9.9836476336e-01
196 193 188
2 0 2203 474.1200 10.7500 1 3187 388.7800 -175.8200
1.4741240728e-01 -2.1860264582e-03 -1.0298731572e+00
174 169 163
2 0 2235 304.5200 -3.8500 1 3077 231.1900 -97.0800
1.4741240728e-01 -2.1860264582e-03 -1.0298731572e+00
174 169 163
2 0 2236 304.5200 -3.8500 1 3078 231.1900 -97.0800
1.9133511039e-01 -2.0974631777e-03 -1.0094011759e+00
181 176 170
2 0 2240 403.4400 -4.3600 1 3142 320.1800 -150.8000
2.1884653368e-01 -1.1769046481e-02 -9.9187191897e-01
190 187 180
2 0 2265 469.9000 -25.6500 1 3224 371.9800 -203.9100
1.9904030598e-01 -1.3671600572e-02 -1.0000977177e+00
186 181 175
2 0 2268 423.6100 -29.1700 1 1699 329.9900 -182.8300
2.1625875515e-01 -1.3868335293e-02 -9.9180185568e-01
183 178 174
2 0 2269 464.1400 -30.1500 1 3226 365.6100 -205.2000
1.7603310536e-01 -1.6840001540e-02 -1.0091068213e+00
182 179 174
2 0 2279 371.1900 -35.2200 1 3161 281.4900 -160.7000
2.2280642533e-01 -2.3113706821e-02 -9.8427069193e-01
190 185 181
2 0 2294 482.1800 -50.5400 1 3274 373.9700 -230.9400
1.4131257615e-01 -2.5266483031e-02 -1.0213208376e+00
176 170 164
2 0 2296 294.5300 -51.7400 1 3125 208.3600 -134.2500
1.9188995085e-01 -2.5327177996e-02 -9.9764234328e-01
184 181 172
2 0 2299 409.3700 -54.0100 1 3217 309.3400 -196.2900
1.7690702525e-01 -2.8745512970e-02 -1.0029745421e+00
175 168 162
2 0 2308 375.1400 -60.7100 1 3197 277.5900 -184.2700
1.7690702525e-01 -2.8745512970e-02 -1.0029745421e+00
175 168 162
2 0 2309 375.1400 -60.7100 1 3198 277.5900 -184.2700
2.2772647041e-01 -3.2016051403e-02 -9.7749974486e-01
188 183 178
2 0 2329 496.3800 -70.4600 1 1914 379.2700 -254.1900
-7.7669783594e-02 -3.9601700445e-02 -1.0628419815e+00
0 2 1
2 0 2340 -148.0100 -77.1000 1 994 -224.8900 1.0300
2.2641442156e-01 -3.5055298585e-02 -9.7641880506e-01
185 182 175
2 0 2344 493.9900 -77.1800 1 1927 374.9400 -258.6300
2.2641442156e-01 -3.5055298585e-02 -9.7641880506e-01
185 182 175
2 0 2345 493.9900 -77.1800 1 1928 374.9400 -258.6300
2.1521920665e-01 -3.5795826723e-02 -9.8164128471e-01
190 185 179
2 0 2348 467.1200 -78.1000 1 1892 351.3000 -245.0900
2.2753119331e-01 -3.6023151044e-02 -9.7559276543e-01
143 138 135
2 0 2352 496.9200 -79.3800 1 1938 376.6900 -261.5200
2.2504265408e-01 -3.6957839783e-02 -9.7630869608e-01
156 152 146
2 0 2357 491.2400 -81.3000 1 3327 370.8900 -260.0300
2.2504265408e-01 -3.6957839783e-02 -9.7630869608e-01
156 152 146
2 0 2358 491.2400 -81.3000 1 3328 370.8900 -260.0300
1.9130894922e-01 -3.8247185399e-02 -9.9168826175e-01
194 191 182
2 0 2359 410.6500 -82.0800 1 3245 301.6200 -219.6700
1.6468285407e-01 -4.1836885779e-02 -1.0023601771e+00
175 172 165
2 0 2369 349.7300 -88.2800 1 3208 246.7300 -193.6100
2.2570213764e-01 -4.2808474514e-02 -9.7321986321e-01
188 183 179
2 0 2383 494.2400 -94.4300 1 3342 369.1400 -271.6100
2.1200804438e-01 -4.4881783947e-02 -9.7879659132e-01
152 147 141
2 0 2386 461.3400 -98.0900 1 3323 340.1200 -257.8100
2.1200804438e-01 -4.4881783947e-02 -9.7879659132e-01
152 147 141
2 0 2387 461.3400 -98.0900 1 3324 340.1200 -257.8100
1.5845128533e-01 -5.1821596206e-02 -1.0005771478e+00
183 177 171
2 0 2409 337.0600 -109.5300 1 1777 229.9900 -204.2100
2.1711433395e-01 -5.2191068193e-02 -9.7262787463e-01
192 187 183
2 0 2422 475.7500 -114.9000 1 1991 346.4900 -278.0500
-2.2055715255e-02 -6.5722520737e-02 -1.0776478263e+00
170 160 153
2 0 2443 -40.1500 -125.6300 1 3854 -109.0500 -22.2200
1.3172572161e-01 -6.0353825495e-02 -1.0087080897e+00
166 161 155
2 0 2445 277.8900 -126.0600 1 1716 174.7600 -188.1100
1.3327694186e-01 -6.1224050688e-02 -1.0075751473e+00
167 160 154
2 0 2447 281.8800 -128.0600 1 1723 176.9600 -191.4100
1.3327694186e-01 -6.1224050688e-02 -1.0075751473e+00
167 160 154
2 0 2448 281.8800 -128.0600 1 1724 176.9600 -191.4100
4.3973808359e-03 -6.8653744010e-02 -1.0178438602e+00
38 42 15
2 0 2475 12.5800 -141.8100 1 1554 -79.5400 -134.6300
1.4921928469e-01 -6.7859161900e-02 -9.9732783539e-01
192 185 177
2 0 2478 318.5100 -143.8800 1 3252 205.0200 -221.8800
1.6156543035e-01 -6.9176575930e-02 -9.9047633951e-01
190 183 177
2 0 2491 347.3800 -148.0300 1 1875 228.0600 -239.9500
1.5073020030e-01 -6.9807436623e-02 -9.9531892947e-01
185 178 171
2 0 2493 322.4400 -148.3900 1 3267 206.9600 -227.8500
2.0768921152e-01 -7.1989464719e-02 -9.6732885450e-01
130 129 124
2 0 2510 457.5600 -159.0600 1 2067 317.4300 -302.2600
2.0931758310e-01 -7.9429597387e-02 -9.6293562780e-01
187 183 177
2 0 2530 463.4400 -176.3700 1 2122 316.8700 -317.5900
1.5623313327e-01 -8.6788125618e-02 -9.8445646942e-01
152 147 142
2 0 2534 338.1700 -186.9200 1 1952 209.9300 -264.8800
6.0280287427e-02 -9.3796629571e-02 -9.7807646612e-01
19 23 32
2 0 2557 132.8300 -203.4500 1 3308 15.1800 -248.3800
1.7170860132e-01 -1.0804024572e-01 -9.6676843786e-01
157 148 139
2 0 2600 378.8600 -237.7800 1 2143 229.9700 -321.0600
1.7170860132e-01 -1.0804024572e-01 -9.6676843786e-01
157 148 139
2 0 2601 378.8600 -237.7800 1 2144 229.9700 -321.0600
1.6318701699e-01 -1.1596179849e-01 -9.6669896218e-01
128 121 115
2 0 2616 359.8700 -255.0700 1 2153 210.6100 -324.8600
1.9910416979e-01 1.6957146376e-01 -1.0896807561e+00
135 136 130
2 0 2811 388.9500 331.4300 1 3653 439.7300 208.2000
2.1460360034e-01 1.6001655185e-01 -1.0775200883e+00
166 167 159
2 0 2814 423.7500 316.3700 1 4291 469.4800 165.2400
2.0835112833e-01 1.5963350631e-01 -1.0803899031e+00
141 142 134
2 0 2817 410.5900 314.7300 1 4288 454.4000 172.6800
2.0835112833e-01 1.5963350631e-01 -1.0803899031e+00
141 142 134
2 0 2818 410.5900 314.7300 1 4286 454.4000 172.6800
2.2029229216e-01 1.5067722715e-01 -1.0704261508e+00
179 180 172
2 0 2827 438.1800 299.9000 1 4322 476.0400 136.4000
2.3151370562e-02 1.4422578671e-01 -1.1113756738e+00
242 243 52
2 0 2835 47.3200 275.0000 1 4655 27.2000 280.1000
2.1568019884e-01 1.3602078223e-01 -1.0655010603e+00
181 182 177
2 0 2836 430.7500 271.8600 1 3718 455.4900 108.6700
1.9510837691e-01 1.3554478325e-01 -1.0746754722e+00
181 180 175
2 0 2837 386.7100 268.4800 1 4325 407.8700 133.5100
1.9510837691e-01 1.3554478325e-01 -1.0746754722e+00
181 180 175
2 0 2838 386.7100 268.4800 1 4326 407.8700 133.5100
2.2448025618e-02 1.4012722724e-01 -1.1096048539e+00
242 244 43
2 0 2839 46.2600 267.6000 1 4656 23.9400 271.2600
2.5453897131e-02 1.3974800700e-01 -1.1086405859e+00
138 137 59
2 0 2842 51.7200 267.1200 1 4254 30.5200 267.7900
2.5453897131e-02 1.3974800700e-01 -1.1086405859e+00
138 137 59
2 0 2844 51.7200 267.1200 1 4256 30.5200 267.7900
2.3098146777e-01 1.3075918785e-01 -1.0557809223e+00
190 191 185
2 0 2848 465.9500 263.8500 1 4356 486.9800 77.0800
2.2268018519e-01 1.2078224253e-01 -1.0549350553e+00
185 185 177
2 0 2854 449.1200 243.7900 1 4365 461.3900 65.5100
2.1708900401e-01 1.1318030365e-01 -1.0542414851e+00
187 184 175
2 0 2863 438.4300 228.5700 1 4373 443.3800 56.6200
1.9019472143e-01 1.1223930951e-01 -1.0658064936e+00
179 175 166
2 0 2864 379.5900 224.0900 1 4350 382.7100 87.5700
2.3876930803e-01 1.0707422726e-01 -1.0408771554e+00
150 146 143
2 0 2865 488.2400 219.0400 1 4419 488.9500 14.6200
2.3672726436e-01 9.8952208452e-02 -1.0378909463e+00
154 151 146
2 0 2871 485.1600 202.9300 1 3819 479.0200 -0.5200
2.1493925551e-01 9.0489584496e-02 -1.0435564942e+00
182 180 168
2 0 2880 438.0800 184.5000 1 4426 424.3000 8.5100
1.9845081531e-01 9.0611231432e-02 -1.0513315983e+00
187 184 177
2 0 2883 401.4000 183.3800 1 4402 387.8900 29.7300
2.3392870832e-01 8.0749771326e-02 -1.0301205828e+00
190 186 183
2 0 2894 483.5400 166.7700 1 3868 460.2100 -36.2700
1.4962780736e-01 7.9767786914e-02 -1.0689019906e+00
137 132 126
2 0 2901 297.6600 158.8900 1 3746 276.6500 67.2200
1.4962780736e-01 7.9767786914e-02 -1.0689019906e+00
137 132 126
2 0 2902 297.6600 158.8900 1 3747 276.6500 67.2200
2.3147726369e-01 6.4588689908e-02 -1.0231653065e+00
190 187 182
2 0 2911 481.6200 134.1900 1 3919 444.4500 -67.6000
1.3619494685e-01 6.6847202959e-02 -1.0686945351e+00
124 121 116
2 0 2912 270.8500 133.3300 1 3759 242.0800 55.8300
1.9221579774e-01 5.7754768276e-02 -1.0383535748e+00
181 176 172
2 0 2920 393.4400 118.3500 1 4464 355.2400 -31.7200
2.0484152033e-01 5.1012508840e-02 -1.0290662619e+00
189 184 179
2 0 2929 423.4400 105.4200 1 3908 378.1900 -61.6400
1.6912164094e-01 4.4942667151e-02 -1.0425523804e+00
184 179 173
2 0 2930 344.9900 91.9000 1 3863 299.0700 -29.9500
1.7859644953e-01 3.7709421916e-02 -1.0346932587e+00
171 166 162
2 0 2937 367.1100 77.6800 1 3901 315.0300 -56.2300
1.6880957656e-01 3.6069061712e-02 -1.0386712009e+00
173 168 162
2 0 2940 345.7700 74.1200 1 3887 293.6900 -47.0500
2.2845917516e-01 2.4798405495e-02 -1.0051528821e+00
141 138 133
2 0 2952 483.8500 52.1600 1 3999 413.5100 -144.9100
2.2845917516e-01 2.4798405495e-02 -1.0051528821e+00
141 138 133
2 0 2953 483.8500 52.1600 1 4000 413.5100 -144.9100
2.0785786682e-01 1.0744714454e-02 -1.0079688639e+00
188 185 176
2 0 2961 438.8200 22.5300 1 4004 361.6300 -146.4500
1.2458718953e-01 9.3716514350e-03 -1.0461934388e+00
136 131 127
2 0 2962 253.3200 19.9200 1 3886 191.2200 -46.9800
7.9070211641e-02 5.5516562982e-03 -1.0156848041e+00
64 74 79
2 0 2968 166.4600 11.2300 1 3950 86.9700 -88.9500
1.6524017616e-01 5.0770087765e-03 -1.0250331815e+00
177 173 164
2 0 2969 342.9000 10.9300 1 3965 270.6200 -104.7400
1.3775084158e-01 -7.0617118132e-03 -1.0321171089e+00
170 166 157
2 0 2990 284.0000 -13.7200 1 3068 209.7300 -94.6700
1.7103098292e-01 -2.0551125870e-02 -1.0097408025e+00
180 173 170
2 0 3014 360.3000 -42.9300 1 4029 269.7200 -161.4600
2.2105860832e-01 -2.7944877123e-02 -9.8274370062e-01
189 181 178
2 0 3029 479.0500 -61.0900 1 3284 367.7900 -237.8400
2.1989603585e-01 -3.0192297201e-02 -9.8202005157e-01
159 152 146
2 0 3035 476.9800 -66.0000 1 4094 364.0500 -240.8800
4.3899934536e-03 -3.5000498883e-02 -1.0346040706e+00
34 36 21
2 0 3042 13.0400 -70.6900 1 3008 -70.3100 -71.1500
-6.5001697305e-02 -4.7705154019e-02 -1.0651957176e+00
107 86 51
2 0 3063 -122.8200 -92.6500 1 3828 -198.8300 -8.3000
1.5245273306e-01 -5.4443891244e-02 -1.0021219256e+00
144 140 131
2 0 3088 323.6800 -114.8000 1 4068 217.2600 -201.7700
1.7953518459e-01 -5.8085653174e-02 -9.8747829496e-01
188 183 177
2 0 3106 387.0800 -124.9900 1 3288 268.4200 -241.7900
-2.4025563865e-02 -6.5586486612e-02 -1.0773587262e+00
32 62 46
2 0 3107 -43.5900 -125.4400 1 3851 -113.3300 -21.8000
2.0361913400e-01 -5.8370718518e-02 -9.7603111678e-01
177 177 169
2 0 3116 444.3600 -127.6900 1 3346 316.2100 -272.2500
1.8527743485e-01 -6.0972942810e-02 -9.8335004678e-01
174 169 163
2 0 3121 401.3900 -131.9100 1 4109 278.1800 -254.1300
-7.6580999352e-02 -7.5448734945e-02 -1.0485515035e+00
0 5 1
2 0 3143 -148.1500 -150.2200 1 2980 -228.6000 -60.9700
2.1139968824e-01 -7.6124530029e-02 -9.6354210294e-01
188 185 179
2 0 3165 467.7400 -168.9800 1 3414 322.6800 -314.3600
1.0684810018e-01 -8.2203336312e-02 -1.0097244065e+00
145 140 136
2 0 3168 225.8500 -171.3200 1 3220 118.6900 -198.0100
2.0960929072e-01 -7.7781932098e-02 -9.6370035022e-01
154 151 144
2 0 3170 463.5900 -172.5800 1 3417 318.4000 -314.8700
1.9122431486e-01 -8.0368900578e-02 -9.7090708650e-01
155 155 146
2 0 3178 419.6400 -176.4500 1 3390 280.7200 -296.8400
1.9194855167e-01 -8.2488848696e-02 -9.6976893368e-01
171 168 161
2 0 3188 421.9200 -181.3300 1 3398 280.9900 -301.0200
1.6083578558e-01 -8.8130313777e-02 -9.8173897212e-01
162 157 151
2 0 3205 349.0900 -190.4800 1 3348 218.1800 -272.6700
1.6298604445e-01 -9.0470556082e-02 -9.7929719488e-01
170 165 161
2 0 3209 354.5200 -196.1400 1 3366 221.3600 -280.0000
1.8575281764e-01 -9.4694528277e-02 -9.6650969995e-01
144 141 134
2 0 3224 409.8500 -208.7700 1 3419 263.0300 -315.3100
2.0015908841e-01 -9.8316528214e-02 -9.5782039830e-01
177 177 169
2 0 3234 445.8000 -219.2600 1 4200 289.3900 -339.8200
2.1616713958e-01 -9.9892352653e-02 -9.4920960941e-01
176 171 168
2 0 3239 486.0900 -225.4100 1 3487 320.0500 -363.2300
4.4409874288e-02 -1.1287222365e-01 -9.7380344381e-01
154 150 46
2 0 3251 99.4500 -245.7800 1 3337 -21.1500 -267.2900
5.1018577806e-02 -1.4060582196e-01 -9.6045798894e-01
19 22 31
2 0 3296 115.6900 -310.8100 1 3422 -17.1100 -316.9400
1.3051625028e-01 -1.5883073734e-01 -9.6083631641e-01
144 140 131
2 0 3333 290.3600 -351.0400 1 2226 132.6300 -358.5700
2.0508912271e-01 1.7518331585e-01 -1.0894589186e+00
165 165 157
2 0 3371 400.8300 342.5700 1 4663 457.4900 213.7200
2.0508912271e-01 1.7518331585e-01 -1.0894589186e+00
165 165 157
2 0 3372 400.8300 342.5700 1 4664 457.4900 213.7200
2.1361349893e-01 1.5474836168e-01 -1.0753342954e+00
146 146 144
2 0 3378 422.8900 306.5500 1 4676 463.3200 154.0800
2.1361349893e-01 1.5474836168e-01 -1.0753342954e+00
146 146 144
2 0 3379 422.8900 306.5500 1 4677 463.3200 154.0800
1.7315695814e-01 1.2391127479e-01 -1.0794820404e+00
165 162 153
2 0 3388 341.0600 244.2100 1 4689 352.1600 134.9600
1.9099261485e-01 7.2841858196e-02 -1.0463986421e+00
182 179 172
2 0 3423 388.1900 148.1300 1 4767 361.0600 1.6800
1.4601123501e-01 3.5192680173e-02 -1.0486774307e+00
157 152 146
2 0 3452 296.0700 71.8200 1 4777 246.4400 -21.3800
1.9127962793e-01 2.1425681537e-02 -1.0209841767e+00
143 138 134
2 0 3459 398.4600 44.7000 1 4533 332.8500 -104.4500
1.6670859482e-01 2.0785171555e-02 -1.0317786340e+00
152 150 146
2 0 3461 343.8600 43.1700 1 4510 281.3100 -75.9000
1.8167067655e-01 2.3297810447e-03 -1.0160549712e+00
157 154 147
2 0 3480 380.2800 5.0600 1 4548 302.8400 -130.3000
2.0205633895e-01 -1.3817398953e-02 -9.9878226555e-01
190 183 175
2 0 3494 430.6700 -29.5600 1 4576 336.0900 -186.5600
2.0205633895e-01 -1.3817398953e-02 -9.9878226555e-01
190 183 175
2 0 3496 430.6700 -29.5600 1 4577 336.0900 -186.5600
-4.9254113323e-02 -3.0465740413e-02 -1.0789756169e+00
16 16 11
2 0 3510 -91.7900 -57.3800 1 4403 -160.4200 27.5700
-4.9254113323e-02 -3.0465740413e-02 -1.0789756169e+00
16 16 11
2 0 3511 -91.7900 -57.3800 1 4404 -160.4200 27.5700
-5.2244695540e-02 -3.6171782750e-02 -1.0747770109e+00
112 117 146
2 0 3521 -97.8800 -68.8800 1 4754 -168.3700 15.4200
2.2037435651e-01 -5.6232711210e-02 -9.6905348091e-01
141 137 133
2 0 3558 484.7000 -124.3400 1 4613 351.0500 -289.7300
1.9345830620e-01 -7.3571858710e-02 -9.7329677950e-01
156 153 146
2 0 3585 423.4000 -161.1500 1 4146 288.4600 -287.2400
1.9345830620e-01 -7.3571858710e-02 -9.7329677950e-01
156 153 146
2 0 3586 423.4000 -161.1500 1 4147 288.4600 -287.2400
1.6899013005e-01 -9.0693509199e-02 -9.7634641839e-01
141 137 128
2 0 3609 368.7200 -197.4000 1 4148 232.7700 -287.7500
1.6899013005e-01 -9.0693509199e-02 -9.7634641839e-01
141 137 128
2 0 3610 368.7200 -197.4000 1 4149 232.7700 -287.7500
4.6280352375e-02 -9.1979421093e-02 -9.8348901197e-01
241 239 51
2 0 3611 102.2800 -198.1700 1 4593 -10.8500 -232.0300
1.3702887028e-01 3.9477859782e-02 -1.0550646767e+00
144 140 131
2 0 3676 276.3800 80.0800 1 4768 230.0700 -1.5600
2.1118963260e-01 1.4574136595e-02 -1.0086299586e+00
177 173 164
2 0 3693 445.7800 30.5900 1 4833 370.6400 -142.4000
1.8631842992e-01 6.6851637100e-03 -1.0160480573e+00
175 171 162
2 0 3695 390.1000 14.1200 1 4827 314.6000 -127.4600
-5.6803428970e-02 -1.5893781770e-02 -1.0828976167e+00
129 93 27
2 0 3703 -105.3500 -29.0000 1 4719 -173.9100 53.2200
-8.1537864121e-02 -5.9634955905e-02 -1.0522635501e+00
132 105 15
2 0 3750 -157.1300 -118.1600 1 4786 -237.1500 -36.6400
-6.9009515154e-02 -7.8909047912e-02 -1.0515239343e+00
17 11 18
2 0 3772 -132.7500 -156.4800 1 4799 -212.5200 -62.2000
2.0623478850e-01 -9.6756924222e-02 -9.5544201902e-01
152 147 141
2 0 3794 460.3300 -216.5500 1 4629 302.2300 -345.2800
2.0623478850e-01 -9.6756924222e-02 -9.5544201902e-01
152 147 141
2 0 3795 460.3300 -216.5500 1 4630 302.2300 -345.2800
1.3472443187e-01 5.9100329176e-02 -1.0652052794e+00
115 112 105
2 0 3853 268.8500 118.3500 1 5059 235.0900 40.6900
9.0205330678e-02 4.3669101519e-02 -1.0299479700e+00
52 53 58
2 0 3861 186.9300 89.4200 1 4955 125.3400 -24.2600
9.2058337402e-02 3.0318686784e-02 -1.0264050622e+00
11 12 16
2 0 3869 191.4200 62.2700 1 4964 124.3800 -46.8100
-6.2557990424e-02 -1.2410026409e-02 -1.0818113993e+00
130 101 28
2 0 3885 -116.7600 -22.3600 1 4914 -185.6300 57.4400
1.1489334515e-01 -2.1011358874e-02 -1.0356162414e+00
118 114 111
2 0 3896 236.1500 -41.8900 1 4983 158.9000 -94.8500
-5.0552640895e-02 -2.5502052190e-02 -1.0810056253e+00
17 21 8
2 0 3902 -94.7300 -47.5700 1 4928 -161.3900 36.8100
-6.2978397857e-02 -2.5920672674e-02 -1.0757115202e+00
8 7 2
2 0 3904 -118.1100 -48.9700 1 4930 -189.5100 32.2100
-6.2978397857e-02 -2.5920672674e-02 -1.0757115202e+00
8 7 2
2 0 3905 -118.1100 -48.9700 1 4931 -189.5100 32.2100
1.1298560875e-01 -2.7656980673e-02 -1.0334675576e+00
120 117 111
2 0 3908 232.7400 -55.5600 1 4987 152.4800 -104.8700
-6.2181211825e-02 -4.2005105149e-02 -1.0689000259e+00
111 116 136
2 0 3917 -116.9800 -81.0100 1 4941 -191.4800 2.9800
-5.8576245905e-02 -5.0670856837e-02 -1.0669317777e+00
110 120 140
2 0 3924 -110.8200 -98.1400 1 4950 -184.7500 -10.9900
-7.0718635198e-02 -5.3725735439e-02 -1.0601719414e+00
137 103 25
2 0 3926 -135.4100 -105.1500 1 4953 -211.6100 -21.1700
-5.2816510813e-02 -6.2487000388e-02 -1.0647096761e+00
10 15 11
2 0 3929 -99.9300 -121.5800 1 4781 -174.5700 -29.2000
-6.5352730109e-02 -6.6018294145e-02 -1.0576940296e+00
125 127 149
2 0 3937 -124.4500 -129.8100 1 4787 -202.9300 -39.9600
-7.1998025619e-02 -6.8800719988e-02 -1.0540073716e+00
135 102 12
2 0 3942 -138.7300 -135.9400 1 4965 -216.8600 -46.7500
-6.6256795617e-02 -7.5381199355e-02 -1.0537319234e+00
130 136 160
2 0 3951 -127.0600 -149.0300 1 4793 -206.1500 -55.9100
1.1416964928e-01 1.5203242956e-01 -1.0715992193e+00
46 51 57
2 0 3977 227.0900 300.6700 1 5120 228.1900 183.7300
1.0850403527e-01 1.2244059010e-01 -1.0596760531e+00
34 37 42
2 0 3979 218.1300 244.6100 1 5035 200.5200 122.4600
-8.0214494438e-02 -4.1537582044e-02 -1.0616535627e+00
142 106 22
2 0 4018 -153.2100 -81.0600 1 5069 -230.4500 -2.1600
-9.4943217137e-02 -4.7082889980e-02 -1.0511950936e+00
151 111 23
2 0 4022 -183.4200 -93.5000 1 5077 -265.0100 -20.3000
-6.9104265281e-02 -4.7612728353e-02 -1.0645101908e+00
134 100 26
2 0 4023 -130.9600 -92.5800 1 5070 -207.2200 -7.9000
-2.9011213977e-02 -6.3402862650e-02 -1.0764486527e+00
158 113 35
2 0 4037 -53.1300 -121.3800 1 5075 -123.3100 -19.2500
-2.9011213977e-02 -6.3402862650e-02 -1.0764486527e+00
158 113 35
2 0 4038 -53.1300 -121.3800 1 5076 -123.3100 -19.2500
5.7757466662e-03 -9.4709165235e-02 -1.0051559023e+00
37 41 33
2 0 4048 15.0500 -198.5300 1 5108 -83.5900 -182.2900
8.5987367527e-02 -1.3984410607e-01 -9.9199050700e-01
101 96 93
2 0 4052 185.7800 -297.4500 1 5111 59.8600 -272.9600
3.5320687490e-02 5.5065928625e-02 -1.0626588649e+00
224 255 187
2 0 4082 72.2000 109.9400 1 5155 19.7600 68.9200
-5.7172739945e-02 -2.9028550343e-02 -1.0779383815e+00
102 107 140
2 0 4089 -107.2000 -54.7300 1 5160 -176.5500 30.2600
3.8667254755e-02 7.0936568764e-02 -1.0681253000e+00
175 84 81
2 0 4104 79.1000 140.7400 1 5181 31.5100 97.3100
4.2604812199e-02 3.5639181785e-02 -1.0495694289e+00
242 237 71
2 0 4122 88.5400 72.0600 1 5196 26.3100 19.7600
