# Bundle file v0.3
2 19
2.1330000000e+03 0.0000000000e+00 0.0000000000e+00
1.0000000000e+00 0.0000000000e+00 0.0000000000e+00
0.0000000000e+00 1.0000000000e+00 0.0000000000e+00
0.0000000000e+00 0.0000000000e+00 1.0000000000e+00
-0.0000000000e+00 -0.0000000000e+00 -0.0000000000e+00
2.1330000000e+03 0.0000000000e+00 0.0000000000e+00
-1.8199700876e-04 3.2245469035e-01 -9.4658488238e-01
3.9035632907e-01 8.7150940836e-01 2.9680513386e-01
9.2066383834e-01 -3.6945138219e-01 -1.2603084132e-01
-6.6298935145e-01 2.0058195141e-01 -7.2125723610e-01
1.5307331953e-01 1.4307961227e-02 -7.9086427086e-01
132 128 125
2 0 841 412.9300 38.7400 1 2884 395.9800 167.0100
1.7344442899e-01 8.7574543779e-03 -8.0325712397e-01
169 164 158
2 0 893 460.6700 23.4300 1 4305 460.8100 172.4700
1.7318245353e-01 5.7774933512e-03 -8.0420047030e-01
165 160 154
2 0 910 459.2000 15.0800 1 4315 461.5200 159.3700
1.7453084529e-01 1.7325494883e-03 -8.0623081128e-01
127 124 117
2 0 939 461.7500 4.5900 1 2916 467.3600 143.5300
1.2060394072e-01 -1.2573748368e-02 -7.8268160251e-01
124 121 116
2 0 1056 328.6000 -34.4300 1 3150 310.5900 18.6200
1.7716070989e-01 -1.5663896647e-02 -8.1331797636e-01
153 150 145
2 0 1070 464.6200 -41.0800 1 4398 482.6900 69.6500
1.2633476179e-01 -2.5251402254e-02 -7.8987005542e-01
169 164 158
2 0 1149 341.1600 -68.1900 1 3251 329.0400 -28.1500
1.3380028790e-01 -3.1843819584e-02 -7.9605371737e-01
127 122 118
2 0 1197 358.5500 -85.2400 1 3319 352.2100 -49.2700
1.7176204526e-01 -4.0154566382e-02 -8.1851756596e-01
158 155 148
2 0 1244 447.6000 -104.6400 1 5207 473.5700 -49.3800
1.6514241070e-01 -4.0778450400e-02 -8.1531065835e-01
156 153 144
2 0 1258 432.0000 -106.7800 1 4530 451.7200 -58.9200
1.6514241070e-01 -4.0778450400e-02 -8.1531065835e-01
156 153 144
2 0 1259 432.0000 -106.7800 1 4531 451.7200 -58.9200
1.7532052098e-01 -4.7019061457e-02 -8.2265768692e-01
157 157 149
2 0 1302 454.6400 -121.7600 1 5236 488.6700 -78.4800
1.0726056873e-01 -4.8255443947e-02 -7.8739948728e-01
149 145 142
2 0 1325 290.5600 -130.7200 1 3583 281.7800 -140.5600
1.3406148451e-01 5.1525313586e-03 -7.8390570615e-01
169 165 162
2 0 2334 364.7800 14.0200 1 4364 343.5400 105.3300
1.5464591056e-01 -2.2986716231e-02 -8.0403274073e-01
160 157 150
2 0 2423 410.2900 -60.9100 1 5174 412.2400 10.3000
1.7373289024e-01 -6.1860148640e-02 -8.2690986380e-01
142 142 134
2 0 2581 448.1600 -159.5200 1 5677 490.0800 -152.0200
1.7312626842e-01 -7.9670995295e-02 -8.3222841199e-01
141 138 131
2 0 2644 443.7500 -204.1200 1 5377 494.2100 -240.9100
1.6498628232e-01 -6.2045660409e-03 -8.0402826081e-01
159 156 149
2 0 2998 437.6700 -16.5000 1 5580 439.9500 95.9200
1.4830632422e-01 -3.8957263089e-02 -8.0594656140e-01
144 139 133
2 0 3074 392.5400 -103.0200 1 5626 397.3200 -66.8800
