# Bundle file v0.3
2 40
2.1363312547e+03 -9.3586525622e-04 -8.9788403436e-05
9.9994833964e-01 3.0534860988e-03 9.6950648962e-03
-2.9836384328e-03 9.9996955093e-01 -7.2107641086e-03
-9.7167876585e-03 7.1814650297e-03 9.9992700263e-01
4.5714698237e-03 -3.0415534561e-03 3.5207488548e-04
2.1329505768e+03 1.1151648740e-03 1.0298492546e-04
6.7015798299e-02 3.6087840168e-01 9.3020194688e-01
5.7553559628e-01 7.4757731702e-01 -3.3149197953e-01
-8.1502617148e-01 5.5757953180e-01 -1.5759887540e-01
5.9683702764e-01 -2.0762238598e-01 -7.7213904241e-01
1.0760241478e-01 1.9846597902e-02 -4.6738950670e-01
199 195 192
2 0 2802 491.6200 90.4900 1 753 485.7000 66.5100
9.1579689786e-02 -1.6302640280e-02 -4.5842241176e-01
191 186 183
2 0 3168 426.4800 -75.9800 1 1070 464.6200 -41.0800
6.1640481880e-02 -2.6501510443e-02 -5.0559602415e-01
206 199 192
2 0 3280 258.3400 -110.3500 1 1149 341.1600 -68.1900
8.5751740631e-02 -3.5407429294e-02 -4.4854536819e-01
190 186 177
2 0 3453 408.3700 -168.5300 1 1221 465.2100 -97.4600
8.1397211656e-02 1.6024598301e-02 -5.1420943917e-01
208 203 199
2 0 4198 336.8300 69.0300 1 2294 369.2300 60.6400
9.5773319811e-02 -9.8128039151e-04 -4.6729794207e-01
151 146 140
2 0 4271 437.4600 -4.2900 1 939 461.7500 4.5900
8.6787362638e-02 -1.4955843317e-02 -4.6954141174e-01
191 186 182
2 0 4373 394.2300 -67.5900 1 1059 440.4700 -36.2100
7.9366943711e-02 -1.6169064671e-02 -4.8284209030e-01
176 171 167
2 0 4376 349.9600 -70.7400 1 2395 407.9800 -38.4200
7.6185168049e-02 -1.7651285647e-02 -4.8705642214e-01
207 202 196
2 0 4389 332.9600 -76.2000 1 2400 396.1100 -43.2600
9.5073379529e-02 -1.6476470685e-02 -4.5118337062e-01
154 150 144
2 0 4391 450.1400 -78.2800 1 2399 480.8900 -42.3200
-6.4957887185e-02 -3.1167316962e-02 -6.9121197788e-01
140 142 164
2 0 4407 -207.8000 -89.7400 1 1333 -209.8100 -133.2400
-6.4957887185e-02 -3.1167316962e-02 -6.9121197788e-01
140 142 164
2 0 4408 -207.8000 -89.7400 1 1334 -209.8100 -133.2400
7.7478867305e-02 -2.3421688661e-02 -4.7824821351e-01
197 192 186
2 0 4440 345.1400 -103.6100 1 2422 410.2900 -60.9100
8.8055240593e-02 -2.4455448874e-02 -4.5624037854e-01
163 160 155
2 0 4461 412.0100 -114.4600 1 1140 460.2900 -65.0300
6.2926864091e-02 -3.7566366899e-02 -4.9142305418e-01
184 177 171
2 0 4544 271.7700 -162.0100 1 2477 362.7600 -101.3400
6.2926864091e-02 -3.7566366899e-02 -4.9142305418e-01
184 177 171
2 0 4546 271.7700 -162.0100 1 2478 362.7600 -101.3400
8.1004405143e-02 -3.8021652117e-02 -4.5500550800e-01
189 184 180
2 0 4577 379.9800 -178.1900 1 1243 447.6000 -104.6400
8.1004405143e-02 -3.8021652117e-02 -4.5500550800e-01
189 184 180
2 0 4578 379.9800 -178.1900 1 1244 447.6000 -104.6400
7.7380155454e-02 -3.8881572620e-02 -4.6136220682e-01
199 192 186
2 0 4584 357.7200 -179.4700 1 1258 432.0000 -106.7800
8.8163538498e-02 -3.7898756193e-02 -4.4083539507e-01
160 156 147
2 0 4592 427.4400 -183.8300 1 1249 479.8000 -105.0000
6.8556737255e-02 -4.5948061998e-02 -4.7082166905e-01
166 159 151
2 0 4614 309.9600 -207.6500 1 1315 402.0700 -126.8700
8.0712446318e-02 -4.3974790566e-02 -4.4898338959e-01
196 191 182
2 0 4616 383.7800 -209.1300 1 1301 454.6400 -121.7600
7.6506064315e-02 -4.7496630530e-02 -4.5342269163e-01
190 186 179
2 0 4643 360.0700 -223.3500 1 2521 440.4600 -131.9700
7.6506064315e-02 -4.7496630530e-02 -4.5342269163e-01
190 186 179
2 0 4644 360.0700 -223.3500 1 2522 440.4600 -131.9700
6.3697628841e-02 -5.1791185499e-02 -4.7379625325e-01
145 136 131
2 0 4658 285.7600 -232.7400 1 2544 388.5700 -143.5400
8.6103253865e-02 -5.2937990266e-02 -4.2802464240e-01
159 154 148
2 0 4707 430.2900 -264.5600 1 1388 491.3900 -148.2400
1.0387338035e-01 1.4208986895e-02 -4.6819247892e-01
198 195 190
2 0 5006 473.6800 64.7500 1 2305 477.3400 49.6900
8.8381263547e-02 -8.4381202777e-03 -4.7392980239e-01
191 187 178
2 0 5057 397.7200 -37.4400 1 2998 437.6700 -16.5000
8.1123083117e-02 -2.4199938832e-02 -4.7031533081e-01
162 157 153
2 0 5126 367.6800 -109.3700 1 2432 428.1100 -63.2800
8.8894872325e-02 -2.3479011858e-02 -4.5589038439e-01
196 193 188
2 0 5127 416.3200 -109.9400 1 2427 462.1200 -62.1500
6.3866566596e-02 -3.4452692287e-02 -4.9267292976e-01
192 183 179
2 0 5163 275.1100 -148.1500 1 2467 363.4200 -92.2500
8.9782615413e-02 -3.3173193536e-02 -4.4309021863e-01
182 179 170
2 0 5172 432.9400 -160.2700 1 2465 480.1800 -90.8900
7.0078871562e-02 -7.1447664464e-02 -4.3943200568e-01
147 144 137
2 0 5348 340.5500 -346.9900 1 2637 445.2800 -200.3000
7.0078871562e-02 -7.1447664464e-02 -4.3943200568e-01
147 144 137
2 0 5349 340.5500 -346.9900 1 2638 445.2800 -200.3000
7.0078871562e-02 -7.1447664464e-02 -4.3943200568e-01
147 144 137
2 0 5350 340.5500 -346.9900 1 2639 445.2800 -200.3000
6.9249373224e-02 -7.2711619037e-02 -4.3948463698e-01
192 188 177
2 0 5356 336.4900 -353.0300 1 2644 443.7500 -204.1200
9.6992723785e-02 -1.9920805784e-02 -4.4342360101e-01
156 152 146
2 0 5535 467.5600 -96.4000 1 3037 494.3800 -53.1400
8.2260871041e-02 -2.4730324921e-02 -4.6782236549e-01
181 174 171
2 0 5544 375.0100 -112.3100 1 3042 433.1400 -64.9800
6.8993672133e-02 -3.7900821526e-02 -4.7880999965e-01
183 174 167
2 0 5564 306.4800 -168.2000 1 3074 392.5400 -103.0200
7.5365525408e-02 -5.7222220068e-02 -4.4520584612e-01
192 188 179
2 0 5599 361.4100 -274.3200 1 2581 448.1600 -159.5200
