# Bundle file v0.3
2 118
6.6283632551e+02 -6.4363057045e-04 -1.3387806528e-04
9.9999268130e-01 -1.3895117927e-03 -3.5646326583e-03
1.4036353652e-03 9.9999116336e-01 3.9627023672e-03
3.5590949373e-03 -3.9676768098e-03 9.9998579509e-01
-4.5065691829e-03 5.2089339955e-03 -2.6561075425e-03
6.6242221398e+02 7.0546802799e-04 2.0242488704e-04
9.3849889657e-01 3.0753865559e-02 -3.4390990229e-01
1.9262296504e-01 7.7999610194e-01 5.9540110371e-01
2.8655926870e-01 -6.2502822393e-01 7.2610158023e-01
-4.5701931290e-01 8.5564211136e-01 -2.2183975990e-01
-2.6116331720e-01 1.9953661316e-02 -1.1717835066e+00
209 126 141
2 0 139 -147.5500 11.3200 1 121 -170.4000 70.4100
2.9911110781e-02 -1.5358872353e-01 -1.2223723927e+00
95 6 3
2 0 305 16.2300 -82.9300 1 596 -8.7600 9.1000
2.9911110781e-02 -1.5358872353e-01 -1.2223723927e+00
95 6 3
2 0 306 16.2300 -82.9300 1 595 -8.7600 9.1000
1.1326072291e-02 -1.5699813704e-01 -1.2175871392e+00
63 9 4
2 0 313 6.2500 -85.0800 1 598 -21.4700 6.8400
-6.5439078495e-02 -1.5622183352e-01 -1.1960761143e+00
19 18 20
2 0 315 -36.2300 -86.2100 1 599 -73.2700 5.9300
-6.5439078495e-02 -1.5622183352e-01 -1.1960761143e+00
19 18 20
2 0 316 -36.2300 -86.2100 1 600 -73.2700 5.9300
-8.7599574345e-03 -1.5866891089e-01 -1.2133602092e+00
54 15 11
2 0 317 -4.7600 -86.3200 1 602 -34.7800 5.1100
9.9973764187e-04 -1.5894337378e-01 -1.2153392061e+00
108 16 10
2 0 318 0.5400 -86.3400 1 601 -28.3300 5.4500
-5.7544171618e-02 -1.6075170400e-01 -1.1998698646e+00
26 31 32
2 0 322 -31.7300 -88.4300 1 230 -67.8300 3.1300
-6.4878635244e-02 -1.6816062398e-01 -1.2005779820e+00
37 34 35
2 0 335 -35.7500 -92.4700 1 240 -72.4800 -1.8700
-6.4878635244e-02 -1.6816062398e-01 -1.2005779820e+00
37 34 35
2 0 336 -35.7500 -92.4700 1 241 -72.4800 -1.8700
9.7083899483e-03 -1.9550070346e-01 -1.2283218820e+00
26 17 25
2 0 359 5.3000 -105.1500 1 898 -21.0900 -17.6300
9.7083899483e-03 -1.9550070346e-01 -1.2283218820e+00
26 17 25
2 0 360 5.3000 -105.1500 1 899 -21.0900 -17.6300
-1.9517091348e-02 -1.9501986728e-01 -1.2199190694e+00
217 216 214
2 0 361 -10.5400 -105.6100 1 614 -41.2800 -17.7500
3.0430597216e-02 -1.9742631003e-01 -1.2351677096e+00
177 182 177
2 0 362 16.3800 -105.6100 1 617 -6.5300 -18.7300
3.0430597216e-02 -1.9742631003e-01 -1.2351677096e+00
177 182 177
2 0 363 16.3800 -105.6100 1 618 -6.5300 -18.7300
-3.4612713062e-02 -1.9673642450e-01 -1.2166666848e+00
210 211 210
2 0 368 -18.7500 -106.8100 1 619 -51.5100 -19.2900
-2.4769014851e-01 -2.0576196539e-01 -1.2406787770e+00
85 30 22
2 0 371 -131.8400 -109.6600 1 330 -167.4700 -56.8000
-8.1476494377e-03 -2.0338799012e-01 -1.2254957645e+00
210 211 211
2 0 373 -4.3600 -109.6700 1 624 -33.1700 -22.9600
-1.8052742831e-02 -2.0512976830e-01 -1.2236244817e+00
213 216 211
2 0 380 -9.6400 -110.7400 1 921 -39.9300 -24.4300
3.4785348635e-02 -2.5417765989e-01 -1.2531518060e+00
177 141 137
2 0 405 18.5700 -134.1100 1 941 -0.8600 -56.4500
1.1394278221e-02 -2.5728746658e-01 -1.2472627275e+00
165 132 133
2 0 408 6.1900 -136.4100 1 652 -17.3800 -58.7600
-1.9223956682e-01 -2.5985608749e-01 -1.2448468453e+00
30 60 32
2 0 411 -101.9300 -138.0500 1 670 -141.4300 -81.5100
-1.0684018408e-02 -2.6051504723e-01 -1.2421146631e+00
168 133 127
2 0 414 -5.5100 -138.6700 1 659 -32.9300 -61.2900
-1.9039240043e-02 -2.6176976789e-01 -1.2405099790e+00
169 128 128
2 0 415 -9.9600 -139.5100 1 661 -38.7200 -62.3900
-2.7707150767e-01 -2.6494106739e-01 -1.2478922789e+00
131 34 48
2 0 418 -146.4700 -140.3500 1 363 -188.4600 -93.8100
-2.7900556455e-02 -2.6336580381e-01 -1.2387991779e+00
155 115 107
2 0 419 -14.6800 -140.5400 1 663 -44.8800 -63.7100
-1.9239787703e-01 -1.1139597417e-01 -1.2059835154e+00
65 86 77
2 0 751 -105.4300 -60.9400 1 870 -138.4800 8.3100
-2.2759982069e-01 -1.4716307589e-01 -1.2018713236e+00
55 78 57
2 0 779 -125.3600 -80.9700 1 612 -162.3100 -11.4700
-2.0858278949e-02 -1.5593676840e-01 -1.2077614910e+00
205 215 207
2 0 785 -11.4100 -85.2100 1 873 -43.4300 7.1600
-3.0332760605e-03 -1.6298084385e-01 -1.2151735428e+00
227 37 30
2 0 791 -1.5800 -88.5200 1 878 -31.0500 2.9000
2.2177505417e-02 -1.6648679976e-01 -1.2235189247e+00
25 19 16
2 0 797 11.9500 -89.8800 1 879 -13.5400 1.0800
2.7767992010e-02 -1.7088501298e-01 -1.2266014641e+00
224 225 217
2 0 799 15.0200 -92.0000 1 881 -9.5300 -1.7300
1.7471352272e-02 -1.7229792308e-01 -1.2240055155e+00
225 225 222
2 0 801 9.5000 -92.9500 1 882 -16.5800 -2.7600
3.5778875112e-03 -1.7439519401e-01 -1.2204055661e+00
224 227 222
2 0 803 1.9900 -94.3600 1 883 -26.1000 -4.2000
3.5778875112e-03 -1.7439519401e-01 -1.2204055661e+00
224 227 222
2 0 804 1.9900 -94.3600 1 884 -26.1000 -4.2000
-4.5924208021e-02 -1.8108670083e-01 -1.2093209973e+00
214 219 215
2 0 807 -25.0800 -98.8800 1 886 -59.5000 -9.6000
-5.7188721510e-02 -1.8253887826e-01 -1.2062939988e+00
214 217 208
2 0 809 -31.3800 -99.9500 1 610 -67.1700 -10.5700
2.8829848094e-02 -1.8699036063e-01 -1.2314403868e+00
217 219 214
2 0 810 15.5300 -100.3200 1 888 -8.1300 -11.9200
2.3384360368e-02 -1.9218807971e-01 -1.2314266241e+00
36 34 37
2 0 815 12.6500 -103.1000 1 893 -11.7100 -15.3700
2.3384360368e-02 -1.9218807971e-01 -1.2314266241e+00
36 34 37
2 0 816 12.6500 -103.1000 1 894 -11.7100 -15.3700
-1.1357329187e-02 -1.9303954796e-01 -1.2218460051e+00
221 224 221
2 0 821 -6.1000 -104.3700 1 895 -35.6700 -16.4300
-4.4424969678e-02 -1.9751606725e-01 -1.2144176511e+00
210 215 207
2 0 822 -24.1100 -107.4200 1 902 -58.1700 -20.0600
-4.4424969678e-02 -1.9751606725e-01 -1.2144176511e+00
210 215 207
2 0 823 -24.1100 -107.4200 1 903 -58.1700 -20.0600
-1.3897529260e-02 -1.9968033170e-01 -1.2227660576e+00
17 21 24
2 0 824 -7.4400 -107.8800 1 906 -37.3100 -20.6500
-5.6128271634e-02 -1.9962967212e-01 -1.2117047262e+00
211 211 203
2 0 826 -30.5700 -108.8200 1 908 -66.1500 -21.5800
-5.6128271634e-02 -1.9962967212e-01 -1.2117047262e+00
211 211 203
2 0 827 -30.5700 -108.8200 1 909 -66.1500 -21.5800
1.9878737999e-03 -2.0312068677e-01 -1.2281683102e+00
214 214 206
2 0 829 1.2000 -109.2500 1 912 -26.2500 -22.6300
-4.9507095825e-02 -2.0200962749e-01 -1.2146033268e+00
30 29 35
2 0 832 -26.8800 -109.8600 1 913 -61.4700 -23.1500
-4.9507095825e-02 -2.0200962749e-01 -1.2146033268e+00
30 29 35
2 0 833 -26.8800 -109.8600 1 914 -61.4700 -23.1500
-2.5862428707e-01 -2.0665631336e-01 -1.2358657680e+00
196 61 104
2 0 834 -138.2100 -110.5600 1 940 -175.0500 -56.8100
-3.7415883977e-02 -2.0392616239e-01 -1.2179930756e+00
17 15 21
2 0 835 -20.1900 -110.5800 1 918 -53.3000 -24.0100
-3.7415883977e-02 -2.0392616239e-01 -1.2179930756e+00
17 15 21
2 0 836 -20.1900 -110.5800 1 919 -53.3000 -24.0100
-3.0530214861e-02 -2.0721525248e-01 -1.2208113151e+00
212 217 213
2 0 838 -16.4400 -112.1300 1 923 -48.4600 -26.0000
-3.0530214861e-02 -2.0721525248e-01 -1.2208113151e+00
212 217 213
2 0 839 -16.4400 -112.1300 1 924 -48.4600 -26.0000
-4.1653538962e-02 -2.0898432089e-01 -1.2186383129e+00
208 209 200
2 0 842 -22.4900 -113.2800 1 926 -55.9900 -27.4900
-2.3459052297e-02 -2.1641209947e-01 -1.2254641252e+00
21 20 16
2 0 844 -12.5400 -116.6800 1 930 -43.3200 -31.9000
-2.3459052297e-02 -2.1641209947e-01 -1.2254641252e+00
21 20 16
2 0 845 -12.5400 -116.6800 1 931 -43.3200 -31.9000
2.6695910463e-02 -2.5541371734e-01 -1.2509363135e+00
153 122 119
2 0 862 14.3400 -134.9900 1 942 -6.6500 -57.2900
1.9691257466e-02 -2.5675030582e-01 -1.2492050493e+00
168 130 128
2 0 864 10.5900 -135.9100 1 944 -11.5700 -58.2100
-2.0320753044e-01 -2.7059631420e-01 -1.2443906929e+00
104 165 111
2 0 868 -107.6800 -143.7500 1 962 -149.1100 -88.5400
-2.2446870274e-01 -4.0764793101e-02 -1.2016253618e+00
155 181 182
2 0 1082 -123.4600 -22.2900 1 1098 -149.5800 38.0400
-3.0848966111e-01 -7.5191894478e-02 -1.1790021013e+00
191 118 135
2 0 1093 -173.1500 -42.1600 1 857 -203.1100 21.1200
-2.8347477880e-01 -8.9630278068e-02 -1.1922965857e+00
101 174 180
2 0 1099 -157.0900 -49.5600 1 866 -188.1200 12.5800
-2.8347477880e-01 -8.9630278068e-02 -1.1922965857e+00
101 174 180
2 0 1100 -157.0900 -49.5600 1 867 -188.1200 12.5800
-3.0475680492e-01 -9.8896662768e-02 -1.1878064853e+00
130 156 172
2 0 1105 -169.7900 -55.0700 1 871 -201.3700 7.5700
-2.6913136851e-01 -1.3251181950e-01 -1.2110405572e+00
201 59 112
2 0 1118 -146.8900 -72.3000 1 889 -179.7500 -12.4800
-2.6828944925e-01 -1.4327397972e-01 -1.2136270466e+00
203 60 113
2 0 1126 -146.1000 -78.0100 1 900 -179.7800 -18.4800
-1.9628239059e-01 -1.5636781481e-01 -1.2155304255e+00
55 102 71
2 0 1136 -106.8200 -85.0400 1 1134 -142.0500 -17.3400
-4.2045280042e-02 -1.5864618250e-01 -1.2031778922e+00
207 212 208
2 0 1144 -23.1200 -87.0300 1 874 -57.5300 4.8800
-2.5761119198e-01 -1.6501909197e-01 -1.2248181092e+00
161 168 116
2 0 1150 -138.9600 -89.0500 1 1143 -173.1300 -31.8400
-2.9922325127e-02 -1.6570485162e-01 -1.2083745232e+00
206 211 202
2 0 1151 -16.3500 -90.5200 1 1117 -49.2400 0.7600
-1.1437575692e-02 -1.7805198438e-01 -1.2176883761e+00
215 219 211
2 0 1156 -6.1900 -96.5700 1 1123 -36.1300 -6.9300
-5.1871923863e-02 -1.7734798095e-01 -1.2062314662e+00
27 30 34
2 0 1157 -28.3800 -97.0600 1 1125 -63.7400 -7.2100
-2.7816629896e-02 -1.8022273319e-01 -1.2135643010e+00
201 204 193
2 0 1159 -15.0400 -98.0300 1 1126 -47.3900 -8.5600
-2.7816629896e-02 -1.8022273319e-01 -1.2135643010e+00
201 204 193
2 0 1160 -15.0400 -98.0300 1 1127 -47.3900 -8.5600
1.1317066626e-02 -1.8234510826e-01 -1.2250358493e+00
30 26 28
2 0 1162 6.1500 -98.3200 1 1128 -20.4400 -9.1800
1.1317066626e-02 -1.8234510826e-01 -1.2250358493e+00
30 26 28
2 0 1163 6.1500 -98.3200 1 1129 -20.4400 -9.1800
3.4829610796e-02 -1.9167398048e-01 -1.2347259743e+00
44 13 14
2 0 1166 18.7600 -102.5500 1 1131 -3.7500 -14.9500
1.6276314555e-02 -1.9730700870e-01 -1.2305346094e+00
26 25 28
2 0 1173 8.8400 -105.9300 1 1135 -16.5200 -18.6400
1.6276314555e-02 -1.9730700870e-01 -1.2305346094e+00
26 25 28
2 0 1174 8.8400 -105.9300 1 1136 -16.5200 -18.6400
3.5875863559e-02 -2.0222714236e-01 -1.2381286828e+00
52 8 4
2 0 1175 19.1700 -107.9700 1 1137 -2.4500 -21.7400
3.6503040318e-02 -2.0923914670e-01 -1.2394044553e+00
50 11 6
2 0 1176 19.4000 -111.6500 1 1139 -1.8400 -25.9100
-2.8844589483e-01 -2.1279132654e-01 -1.2275596566e+00
131 189 192
2 0 1180 -155.3100 -114.6700 1 946 -194.5200 -60.3200
3.7108207857e-03 -2.1828064136e-01 -1.2333986283e+00
207 209 204
2 0 1182 2.0500 -116.9800 1 1144 -24.3500 -32.6100
-1.9257813574e-01 -2.5071737138e-01 -1.2416015995e+00
87 156 95
2 0 1201 -103.2200 -134.0200 1 1327 -140.9800 -75.0700
-1.9901218602e-01 -2.6200836771e-01 -1.2433048055e+00
95 160 103
2 0 1202 -105.6000 -139.3300 1 1163 -146.0800 -82.9200
-1.9236878539e-01 -2.7533111605e-01 -1.2472271448e+00
30 57 35
2 0 1204 -101.6300 -145.9100 1 1331 -142.5300 -91.0700
1.2939618557e-01 -4.1208561501e-02 -1.3665169716e+00
96 149 68
2 0 1374 62.9300 -19.9500 1 1290 76.5500 20.0000
-2.4712050810e-01 -4.4663997182e-02 -1.1949242506e+00
168 157 164
2 0 1375 -136.7700 -24.6200 1 1099 -163.4600 36.1100
-1.6109870037e-02 -1.5547937783e-01 -1.2096826489e+00
217 212 211
2 0 1395 -8.9300 -84.8900 1 1297 -39.9300 7.3000
-5.4599321356e-02 -1.6813743244e-01 -1.2027061428e+00
208 210 206
2 0 1398 -29.9600 -92.2600 1 1300 -65.8000 -1.4200
-3.6686154842e-02 -1.7766347799e-01 -1.2098864914e+00
25 25 24
2 0 1401 -19.9600 -96.9300 1 1306 -53.6100 -6.9000
2.5905926730e-03 -1.8738483412e-01 -1.2238082250e+00
212 214 208
2 0 1402 1.4100 -101.1600 1 1308 -26.3000 -12.4400
-4.0736255624e-02 -1.8881103757e-01 -1.2129522064e+00
24 22 23
2 0 1403 -22.1500 -102.8000 1 1310 -55.8200 -14.4200
-4.0736255624e-02 -1.8881103757e-01 -1.2129522064e+00
24 22 23
2 0 1404 -22.1500 -102.8000 1 1311 -55.8200 -14.4200
-3.8945845263e-03 -1.9538742644e-01 -1.2248548272e+00
28 28 33
2 0 1405 -2.0100 -105.3700 1 1313 -30.4200 -17.9300
-2.5522825454e-02 -2.0030085321e-01 -1.2194598533e+00
29 28 33
2 0 1406 -13.7600 -108.5000 1 1315 -45.3800 -21.1500
-2.5213918173e-01 -2.1402461826e-01 -1.2411761134e+00
107 162 163
2 0 1408 -134.0800 -113.9800 1 1323 -170.7500 -61.7600
-5.9878828812e-02 -2.0776092945e-01 -1.2129889681e+00
30 27 27
2 0 1409 -32.6400 -113.1800 1 1316 -68.5300 -26.8600
-6.1524256323e-02 -2.2417570397e-01 -1.2180718434e+00
43 16 14
2 0 1413 -33.3500 -121.6300 1 1145 -69.1800 -37.9100
-2.9392716953e-01 -5.3637548944e-02 -1.1783691081e+00
191 140 149
2 0 1518 -164.9900 -30.0200 1 1282 -193.3300 32.6500
-2.8631231675e-01 -1.1607450791e-01 -1.1984954923e+00
96 174 184
2 0 1529 -158.0100 -64.0200 1 1301 -190.6600 -2.1600
-1.7625487294e-01 -1.2623311295e-01 -1.2171785153e+00
55 75 63
2 0 1531 -96.2600 -68.7800 1 1299 -127.2800 -0.6900
-1.8949770945e-01 -1.3127539914e-01 -1.2117855062e+00
61 86 67
2 0 1532 -103.1400 -71.4100 1 1302 -137.2800 -3.0500
1.0828387729e-02 -1.4434262957e-01 -1.2138495301e+00
98 9 1
2 0 1533 5.7800 -78.5200 1 1422 -22.0900 14.7600
-2.0485390352e-01 -1.4973313202e-01 -1.2104216961e+00
76 158 112
2 0 1534 -112.0600 -81.8200 1 1432 -147.5400 -13.1700
-6.2800051920e-02 -1.5939626528e-01 -1.1977047416e+00
189 189 194
2 0 1536 -34.7600 -87.8700 1 1426 -71.4200 4.0300
-7.2402161680e-02 -1.7394640027e-01 -1.2000429604e+00
205 207 198
2 0 1537 -39.9400 -95.7200 1 1429 -77.4800 -5.5800
-2.7917217098e-02 -1.8634487759e-01 -1.2156792846e+00
164 164 161
2 0 1543 -15.0000 -101.1700 1 1431 -47.2500 -12.6300
-5.2685624675e-02 -1.8998457087e-01 -1.2097104358e+00
209 211 205
2 0 1546 -28.8000 -103.7400 1 1434 -63.9800 -15.2500
-2.7312934866e-01 -2.0735863328e-01 -1.2291955345e+00
117 162 164
2 0 1548 -146.7400 -111.5100 1 1322 -185.1900 -56.4900
-6.7900262517e-02 -2.3813328097e-01 -1.2211973321e+00
209 184 39
2 0 1554 -36.6900 -128.8900 1 1440 -73.1300 -47.5500
-5.5040094931e-02 -1.4324287996e-01 -1.1956221981e+00
217 218 212
2 0 1666 -30.5400 -79.0700 1 1527 -66.3700 14.0000
-1.0879151257e-02 -2.1352642470e-01 -1.2286463085e+00
205 207 204
2 0 1674 -5.9300 -114.9200 1 1590 -34.3900 -29.9300
-7.1687031210e-02 -1.4643481762e-01 -1.1917661305e+00
208 204 203
2 0 1744 -39.6400 -80.9800 1 1529 -77.6900 11.6800
-1.8904424083e-01 -2.8921354415e-01 -1.2549607745e+00
95 163 103
2 0 1838 -100.0500 -152.8400 1 1634 -138.8800 -100.8500
-2.1727029024e-01 -2.1039744554e-01 -1.2291135716e+00
31 31 28
2 0 1885 -117.0300 -113.3200 1 1691 -154.9300 -51.9800
