# Bundle file v0.3
2 34
6.6457619340e+02 1.6635676719e-02 1.5318837392e-03
9.9983000871e-01 6.5682904706e-03 -1.7228210571e-02
-6.3662801306e-03 9.9991064938e-01 1.1754306724e-02
1.7303876920e-02 -1.1642628979e-02 9.9978248886e-01
-1.3768289878e-02 9.5399922103e-03 -4.2118816008e-03
6.5696992506e+02 -2.5301343957e-02 -3.6637911812e-03
9.5402471061e-01 8.9027662949e-02 -2.8620085041e-01
2.2772704714e-01 4.0553742401e-01 8.8525690606e-01
1.9487750908e-01 -9.0973263817e-01 3.6661871679e-01
-2.9049472834e-01 7.9772852280e-01 -5.0747226412e-01
2.9809210841e-02 -1.3456794036e-01 -8.4372279743e-01
206 34 32
2 0 427 23.3200 -106.2400 1 878 -31.0500 2.9000
-8.6634659415e-03 -1.4683649436e-01 -8.4414376268e-01
202 211 207
2 0 452 -7.1600 -115.6300 1 610 -67.1700 -10.5700
4.7358046881e-02 -1.5032822159e-01 -8.6228908719e-01
43 41 40
2 0 457 36.7400 -116.3600 1 893 -11.7100 -15.3700
4.6881178556e-02 -1.5474297472e-01 -8.6537146008e-01
212 215 208
2 0 469 36.0400 -119.4200 1 904 -11.5500 -19.8800
-1.6148703235e-01 -1.7372085877e-01 -8.9466653800e-01
135 35 51
2 0 498 -119.1400 -128.4900 1 363 -188.4600 -93.8100
-1.1578483575e-02 -1.9511295645e-01 -8.8842870818e-01
35 28 8
2 0 543 -8.5000 -146.3700 1 1153 -64.4800 -70.3700
-1.1578483575e-02 -1.9511295645e-01 -8.8842870818e-01
35 28 8
2 0 544 -8.5000 -146.3700 1 1154 -64.4800 -70.3700
-1.3164554641e-01 -5.2414842299e-02 -7.9654346391e-01
138 155 172
2 0 992 -109.5000 -42.6300 1 568 -162.5500 34.9000
-1.5988803976e-01 -7.8609423926e-02 -8.0743610838e-01
93 170 175
2 0 1010 -131.0000 -63.3900 1 866 -188.1200 12.5800
-1.5988803976e-01 -7.8609423926e-02 -8.0743610838e-01
93 170 175
2 0 1011 -131.0000 -63.3900 1 867 -188.1200 12.5800
-1.5142525069e-01 -1.0068662117e-01 -8.3218852177e-01
199 58 106
2 0 1030 -120.3000 -79.3700 1 889 -179.7500 -12.4800
-1.4666067952e-01 -1.4107349686e-01 -8.6989626866e-01
185 59 106
2 0 1061 -111.2800 -107.0700 1 940 -175.0500 -56.8100
1.0777819204e-02 -1.3640054199e-01 -8.4055105608e-01
210 211 203
2 0 1065 8.2300 -107.9500 1 1117 -49.2400 0.7600
5.1307261524e-02 -1.3925905916e-01 -8.5257349342e-01
227 224 219
2 0 1068 39.9100 -109.0400 1 881 -9.5300 -1.7300
-1.6759560362e-01 -1.4576488388e-01 -8.6665634461e-01
120 186 193
2 0 1074 -127.7600 -110.9200 1 946 -194.5200 -60.3200
3.4223726554e-02 -1.4147828112e-01 -8.5005410583e-01
216 223 213
2 0 1076 26.6800 -110.9400 1 884 -26.1000 -4.2000
3.2380305789e-02 -1.6496609645e-01 -8.7149387440e-01
206 210 207
2 0 1107 24.7700 -126.3400 1 1144 -24.3500 -32.6100
-1.1715857668e-01 -4.7010080982e-02 -7.9836475823e-01
127 189 187
2 0 1445 -97.2000 -38.1500 1 1098 -149.5800 38.0400
-1.7480877712e-01 -8.4614098992e-02 -8.0747350619e-01
135 148 168
2 0 1466 -143.2500 -68.2300 1 871 -201.3700 7.5700
-8.5317363497e-02 -1.0068099883e-01 -8.3370154408e-01
49 77 66
2 0 1474 -66.8600 -79.3300 1 1299 -127.2800 -0.6900
4.8123163883e-02 -1.2843423075e-01 -8.4251018364e-01
244 42 32
2 0 1496 37.8100 -101.6700 1 1294 -14.1700 10.2500
-6.1197125278e-03 -1.3822302348e-01 -8.3782706276e-01
212 217 211
2 0 1501 -4.7100 -109.4700 1 1300 -65.8000 -1.4200
2.6381711565e-03 -1.4964602865e-01 -8.5017203744e-01
24 24 26
2 0 1512 2.0000 -117.0800 1 1311 -55.8200 -14.4200
2.8011205689e-02 -1.5271147655e-01 -8.5929580870e-01
27 26 29
2 0 1516 21.6100 -118.5000 1 1313 -30.4200 -17.9300
-1.1615589720e-02 -1.6029315577e-01 -8.5605873528e-01
26 23 26
2 0 1522 -9.2000 -124.5500 1 1316 -68.5300 -26.8600
-9.6551683179e-02 -1.0443756302e-01 -8.3223243153e-01
53 84 67
2 0 1778 -76.4900 -82.5700 1 1302 -137.2800 -3.0500
-1.4162343270e-01 -1.4619865670e-01 -8.7463895048e-01
92 159 158
2 0 1792 -106.9400 -110.4900 1 1323 -170.7500 -61.7600
1.1690503255e-02 -1.4823594789e-01 -8.5101278682e-01
166 168 161
2 0 1800 9.1700 -115.9100 1 1431 -47.2500 -12.6300
-6.1733249719e-03 -1.5043336903e-01 -8.4865566412e-01
208 210 204
2 0 1802 -5.3600 -117.9600 1 1434 -63.9800 -15.2500
-9.1334931985e-02 -1.6294212493e-02 -7.8226755929e-01
31 167 210
2 0 1919 -77.7300 -13.0800 1 1268 -127.3900 64.1300
-1.6567782079e-01 -5.9052125046e-02 -7.8781597950e-01
184 135 139
2 0 1928 -139.0800 -48.2700 1 1282 -193.3300 32.6500
-1.6785779071e-01 -7.7337872312e-02 -8.0268583551e-01
201 70 117
2 0 1932 -138.7500 -62.7900 1 1421 -195.0500 15.1200
-1.6386633401e-01 -8.4702232474e-02 -8.1061482416e-01
85 169 181
2 0 1934 -133.7500 -68.1300 1 1296 -191.9300 7.3000
-1.6277491701e-01 -9.2948508976e-02 -8.1947079002e-01
92 167 177
2 0 1935 -131.3200 -74.1200 1 1301 -190.6600 -2.1600
