# Bundle file v0.3
2 61
6.5866400922e+02 -7.9220704893e-04 -7.3866053530e-05
9.9999851896e-01 1.2912521865e-04 -1.7162205810e-03
-1.2259510234e-04 9.9999275535e-01 3.8045007044e-03
1.7166994046e-03 -3.8042846695e-03 9.9999129014e-01
-2.4521174805e-03 5.8576410729e-03 9.6954671908e-03
6.6660692257e+02 1.3211691276e-03 3.7487121742e-05
9.1553759091e-01 -2.1381344752e-01 3.4069741604e-01
7.6466420482e-02 9.2408823652e-01 3.7445135555e-01
-3.9489720963e-01 -3.1677238010e-01 8.6238706683e-01
6.7429125123e-01 7.2941017706e-01 7.5447392190e-02
-2.4111728772e-01 3.3541243622e-01 -1.7197400747e+00
105 84 83
2 0 28 -92.4200 128.6700 1 857 -96.0300 177.2600
-2.0561465331e-01 1.0628032859e-01 -1.6166574119e+00
165 163 184
2 0 106 -84.2200 43.5600 1 555 -45.7700 108.2200
-3.1727955168e-01 7.1784413598e-02 -1.6323054946e+00
122 170 178
2 0 121 -128.7400 29.1600 1 1192 -101.6100 86.7700
-1.2647994142e-01 -4.3580901523e-02 -1.4942012975e+00
36 37 39
2 0 170 -56.1600 -19.1400 1 597 34.1500 69.5000
-3.5071667174e-01 -7.2585660374e-02 -1.6396122260e+00
135 194 196
2 0 182 -141.5000 -29.5200 1 987 -107.5900 12.2500
-1.2345930985e-01 -7.7137565118e-02 -1.4913154786e+00
206 207 202
2 0 191 -54.8800 -34.1600 1 942 40.8600 52.8700
-3.8869947415e-02 -8.8227740383e-02 -1.4658663042e+00
205 214 205
2 0 198 -17.6400 -39.6800 1 933 92.1200 55.8100
-1.2640948937e-01 -9.8417758346e-02 -1.4903110125e+00
209 208 204
2 0 201 -56.1100 -43.8100 1 955 42.3600 41.8600
-1.0209307206e-01 -1.0141890231e-01 -1.4823555247e+00
213 214 206
2 0 202 -45.5600 -45.3600 1 951 57.4100 43.0000
-7.5734510491e-02 -1.0445543229e-01 -1.4748383212e+00
221 222 216
2 0 204 -33.9500 -46.9500 1 625 73.3400 44.0800
-9.9670445249e-02 -1.1458754786e-01 -1.4824443370e+00
211 214 206
2 0 209 -44.6200 -51.0600 1 969 60.6600 35.8900
-8.5411553400e-02 -1.1615568994e-01 -1.4782920991e+00
207 209 201
2 0 210 -38.4300 -51.8000 1 967 69.3900 36.4800
-7.4460086212e-02 -1.1728392612e-01 -1.4749943490e+00
196 199 195
2 0 215 -33.5500 -52.4800 1 963 76.0000 37.0900
-3.0522526362e-02 -1.2248793843e-01 -1.4612444778e+00
204 205 201
2 0 219 -13.9000 -55.3700 1 198 102.7700 39.1700
-9.4594773499e-02 -1.2836338209e-01 -1.4783087481e+00
13 15 11
2 0 224 -42.1900 -57.7600 1 975 66.0700 29.9100
-9.4594773499e-02 -1.2836338209e-01 -1.4783087481e+00
13 15 11
2 0 225 -42.1900 -57.7600 1 976 66.0700 29.9100
-2.6466820423e-01 -1.4840924279e-01 -1.5880986214e+00
27 64 29
2 0 236 -110.4400 -61.8800 1 674 -45.0500 -13.2800
-7.7258674226e-02 -1.3781861738e-01 -1.4744774204e+00
212 212 209
2 0 239 -34.7100 -61.8900 1 980 77.6300 26.1700
-3.3139379194e-02 -1.4371509522e-01 -1.4623410111e+00
225 221 218
2 0 244 -15.0700 -64.9700 1 639 104.4300 27.4500
-1.4269218504e-01 -1.8423856002e-01 -1.4947550570e+00
32 26 11
2 0 261 -63.1900 -81.7600 1 1016 44.6900 -6.8900
-1.4269218504e-01 -1.8423856002e-01 -1.4947550570e+00
32 26 11
2 0 262 -63.1900 -81.7600 1 1017 44.6900 -6.8900
-8.0783805404e-02 -1.8555714485e-01 -1.4743554991e+00
188 145 143
2 0 266 -36.4100 -83.2300 1 660 83.1300 -0.2700
-3.8287909890e-02 -1.9073551530e-01 -1.4622623050e+00
183 142 138
2 0 269 -17.4300 -86.2800 1 1000 109.2700 1.5400
-3.1721688224e-02 -1.9211134310e-01 -1.4605010813e+00
84 4 0
2 0 274 -14.5700 -86.8600 1 655 113.4500 1.3800
-3.1004845372e-01 1.7371030035e-02 -1.6312487841e+00
201 64 113
2 0 654 -125.7700 6.9500 1 929 -92.7800 60.8800
-3.1163598005e-01 4.1139711222e-03 -1.6316930368e+00
201 66 108
2 0 663 -126.3500 1.5300 1 939 -92.4700 54.2200
4.2990168374e-01 -3.6723413809e-02 -1.4527410707e+00
205 208 200
2 0 677 196.2500 -16.4800 1 906 290.1000 91.9300
-1.0183636480e-01 -5.4121799517e-02 -1.4849005160e+00
211 215 209
2 0 683 -45.3400 -24.1800 1 927 50.2900 67.2100
-1.2893078725e-01 -7.1860869805e-02 -1.4943870686e+00
23 23 29
2 0 688 -57.2800 -31.6400 1 1210 36.6600 54.6300
-1.1065093656e-01 -7.9308171332e-02 -1.4870011121e+00
215 218 207
2 0 696 -49.2800 -35.2900 1 940 48.7900 53.2300
-3.2561527338e-02 -8.3271144679e-02 -1.4628408327e+00
27 18 24
2 0 697 -14.7300 -37.6300 1 932 95.2600 59.4200
-5.4967577455e-02 -8.6294303379e-02 -1.4698517240e+00
210 214 207
2 0 699 -24.7800 -38.8000 1 937 82.6100 55.4400
-5.4967577455e-02 -8.6294303379e-02 -1.4698517240e+00
210 214 207
2 0 700 -24.7800 -38.8000 1 938 82.6100 55.4400
-2.7239651579e-02 -8.9938523011e-02 -1.4625793250e+00
217 218 216
2 0 702 -12.3800 -40.5800 1 934 99.0500 56.0900
-1.1306994993e-01 -9.9263494157e-02 -1.4864408011e+00
212 215 209
2 0 705 -50.3400 -44.2600 1 949 50.4100 42.7700
-1.1974436151e-01 -1.0301729101e-01 -1.4885620811e+00
16 16 20
2 0 709 -53.2100 -45.9100 1 956 46.9100 40.0500
-1.1974436151e-01 -1.0301729101e-01 -1.4885620811e+00
16 16 20
2 0 710 -53.2100 -45.9100 1 957 46.9100 40.0500
-3.0050346490e-02 -1.0954733298e-01 -1.4617260023e+00
214 218 216
2 0 720 -13.5200 -49.7000 1 943 100.7300 46.0700
-5.3632183850e-02 -1.1341878912e-01 -1.4677990612e+00
12 11 19
2 0 722 -24.2600 -51.0500 1 627 87.9100 41.6500
-3.7467120707e-02 -1.1367288583e-01 -1.4634766302e+00
24 23 28
2 0 724 -16.8800 -51.4900 1 952 97.1700 43.2100
-3.7467120707e-02 -1.1367288583e-01 -1.4634766302e+00
24 23 28
2 0 725 -16.8800 -51.4900 1 953 97.1700 43.2100
-5.1906205434e-02 -1.2238283991e-01 -1.4675537585e+00
208 209 205
2 0 729 -23.6600 -54.8700 1 966 90.3700 36.8300
-9.9550821475e-02 -1.3450229234e-01 -1.4816067591e+00
207 208 201
2 0 737 -44.3600 -60.3200 1 1226 63.5900 25.5600
4.2048452951e-01 5.2087342093e-03 -1.4503294836e+00
192 199 192
2 0 1059 192.3500 2.5100 1 885 280.0300 110.8700
4.2048452951e-01 5.2087342093e-03 -1.4503294836e+00
192 199 192
2 0 1060 192.3500 2.5100 1 886 280.0300 110.8700
-2.4472850656e-01 -2.5357729861e-02 -1.5870242971e+00
58 107 77
2 0 1068 -102.1300 -10.5700 1 1213 -47.6400 52.1100
-9.1132157701e-02 -8.3434441703e-02 -1.4810319834e+00
211 211 202
2 0 1085 -40.7500 -37.2700 1 1211 60.9000 53.1200
-7.2223419506e-02 -8.5750132799e-02 -1.4752476925e+00
216 223 214
2 0 1088 -32.6000 -38.2100 1 1212 72.5300 53.7400
-4.8576874895e-02 -9.8658267077e-02 -1.4667631253e+00
25 25 29
2 0 1092 -21.8500 -44.6000 1 1215 88.4000 50.0000
-4.8576874895e-02 -9.8658267077e-02 -1.4667631253e+00
25 25 29
2 0 1093 -21.8500 -44.6000 1 1216 88.4000 50.0000
-3.8475394986e-02 -1.4215732936e-01 -1.4619694571e+00
209 213 207
2 0 1118 -17.4300 -64.3700 1 1421 101.5300 28.2500
2.2162263101e-02 3.3884377787e-01 -1.6382909171e+00
195 198 191
2 0 1296 9.0900 136.8100 1 1334 29.3700 197.5600
-7.2752531818e-02 -5.8517524492e-02 -1.4749088887e+00
213 217 212
2 0 1380 -32.7700 -26.0700 1 1398 68.3600 68.0700
-1.1831839711e-01 -6.1214533068e-02 -1.4891938618e+00
211 216 206
2 0 1382 -52.5300 -27.2900 1 1405 41.7300 62.0200
-3.3225915972e-01 -6.9755812080e-02 -1.6353403787e+00
133 163 169
2 0 1383 -134.3700 -28.4800 1 1553 -97.1900 15.4000
-1.0665162274e-01 -9.0029025946e-02 -1.4842922752e+00
25 23 25
2 0 1390 -47.6200 -40.1000 1 1409 53.0400 48.3500
-1.0665162274e-01 -9.0029025946e-02 -1.4842922752e+00
25 23 25
2 0 1391 -47.6200 -40.1000 1 1410 53.0400 48.3500
-1.3179657641e-01 -1.0658303893e-01 -1.4943104274e+00
25 26 27
2 0 1393 -58.4500 -47.1900 1 1416 39.8100 36.2300
-6.8226695171e-02 -1.0933039470e-01 -1.4726601611e+00
24 23 27
2 0 1397 -30.6400 -49.1900 1 1413 78.4800 42.2500
4.1885997835e-01 -4.4814002078e-02 -1.4615432127e+00
214 224 216
2 0 1545 190.2800 -20.4400 1 1385 283.9900 86.3600
-1.1991743674e-01 -8.7441631155e-02 -1.4897664788e+00
210 212 205
2 0 1551 -53.3800 -38.7600 1 1550 44.5000 47.9100
