# Bundle file v0.3
2 16
6.6080306000e+02 0.0000000000e+00 0.0000000000e+00
1.0000000000e+00 0.0000000000e+00 0.0000000000e+00
0.0000000000e+00 1.0000000000e+00 0.0000000000e+00
0.0000000000e+00 0.0000000000e+00 1.0000000000e+00
-0.0000000000e+00 -0.0000000000e+00 -0.0000000000e+00
6.6080306000e+02 0.0000000000e+00 0.0000000000e+00
9.6462404010e-01 1.1779018262e-01 -2.3585150868e-01
-2.3280458635e-01 8.0039184070e-01 -5.5242639864e-01
1.2370321679e-01 5.8779109743e-01 7.9949930578e-01
-3.1323644211e-01 -9.0990022233e-01 -2.7196418281e-01
-2.7393166089e-01 3.3378386283e-03 -1.2910364406e+00
204 110 136
2 0 195 -140.1700 1.7000 1 338 -134.8600 -64.4100
-1.2285078804e-01 1.1272302628e-03 -1.3461434379e+00
185 195 186
2 0 196 -60.6400 0.6100 1 342 -55.0100 -66.4200
-1.2285078804e-01 1.1272302628e-03 -1.3461434379e+00
185 195 186
2 0 197 -60.6400 0.6100 1 343 -55.0100 -66.4200
8.2948727835e-02 -9.3798716609e-02 -1.3682670124e+00
43 38 36
2 0 825 40.0600 -45.3000 1 457 36.7400 -116.3600
-2.3271272585e-01 -1.3452012342e-01 -1.3222876048e+00
202 71 111
2 0 865 -116.1700 -67.2500 1 1061 -111.2800 -107.0700
3.3620117162e-01 2.0961774784e-01 -1.5521746343e+00
213 227 226
2 0 1135 143.1300 89.2400 1 1730 196.9700 18.1700
-2.9451395904e-01 2.2922773151e-02 -1.2782642059e+00
197 130 150
2 0 1174 -152.2500 11.8500 1 1005 -147.1000 -58.6300
-2.6412343992e-01 -1.4090935179e-01 -1.3052058039e+00
135 189 192
2 0 1249 -133.7700 -71.3300 1 1074 -127.7600 -110.9200
-2.5545869690e-01 -1.4774782585e-01 -1.3064875921e+00
159 41 74
2 0 1250 -129.4500 -74.6800 1 1081 -123.5800 -113.8000
-2.2184643011e-01 -1.9830568384e-01 -1.3295556609e+00
61 155 186
2 0 1268 -110.2600 -98.5600 1 1106 -105.9000 -126.2200
-9.1640779778e-02 -3.3558216319e-01 -1.2396396641e+00
24 67 47
2 0 1337 -49.1600 -178.8400 1 1605 -66.4600 -212.2200
-2.3622214014e-02 -3.4351370358e-01 -1.2252046485e+00
28 63 52
2 0 1347 -12.6700 -185.2800 1 1288 -39.7900 -227.9800
-2.2359754370e-01 -1.4230951444e-01 -1.3231057834e+00
117 175 167
2 0 1539 -111.8500 -71.0400 1 1792 -106.9400 -110.4900
-2.6847998188e-01 -2.5408148710e-02 -1.2955618204e+00
115 179 189
2 0 1707 -137.0300 -12.9400 1 1935 -131.3200 -74.1200
-7.8398081564e-04 -8.9450861490e-02 -1.3283011908e+00
211 214 210
2 0 1719 -0.3900 -44.5000 1 1802 -5.3600 -117.9600
-1.5298558080e-01 -1.3698651019e-01 -1.3323990493e+00
43 42 39
2 0 2018 -75.3400 -68.0300 1 2139 -75.3900 -113.8300
