# Bundle file v0.3
2 40
6.1557859512e+02 1.9887903015e-02 1.5459745037e-03
9.9946026557e-01 2.0296050614e-02 2.5831141405e-02
-2.0634376592e-02 9.9970387371e-01 1.2899123723e-02
-2.5561690857e-02 -1.3425171121e-02 9.9958309547e-01
2.4141029030e-02 1.0601688300e-02 4.3065039989e-02
6.9521348462e+02 -1.7749549795e-02 -3.8999734576e-03
5.5129152124e-01 -2.8689270026e-01 7.8343489656e-01
3.4566771326e-01 9.3317435383e-01 9.8485823180e-02
-7.5933621711e-01 2.1651374990e-01 6.1362065276e-01
9.3920771305e-01 1.4216429065e-01 -3.1509901121e-01
-2.1856161198e-01 7.6959509129e-02 -1.1037502951e+00
163 150 167
2 0 102 -129.1400 45.4300 1 647 -58.4400 25.5100
-8.5529032700e-02 -2.9253574204e-02 -1.0120284896e+00
36 37 39
2 0 170 -56.1600 -19.1400 1 205 85.2100 -11.3300
-8.4263784133e-02 -4.4010308107e-02 -1.0118702328e+00
213 211 208
2 0 180 -55.5100 -28.4100 1 231 88.8200 -21.9100
-4.3204065828e-02 -4.3993966920e-02 -1.0009219072e+00
56 15 14
2 0 181 -29.3800 -28.8900 1 203 110.3800 -9.8200
-8.4557808166e-02 -6.7828731659e-02 -1.0114343851e+00
209 208 204
2 0 201 -56.1100 -43.8100 1 284 93.8200 -39.1100
-4.9650424250e-02 -7.1914786561e-02 -1.0023044101e+00
221 222 216
2 0 204 -33.9500 -46.9500 1 254 112.6900 -31.3800
-7.9431326460e-02 -8.0810139414e-02 -1.0099631902e+00
38 37 40
2 0 212 -53.0800 -52.2600 1 297 99.2000 -46.7700
-6.2110095845e-02 -8.8899621430e-02 -1.0052239937e+00
13 15 11
2 0 224 -42.1900 -57.7600 1 299 109.8700 -47.0900
-9.4404969516e-02 -1.2739518901e-01 -1.0140561989e+00
32 26 11
2 0 262 -63.1900 -81.7600 1 1128 100.5000 -84.7300
-5.2124073855e-02 -1.2777434620e-01 -1.0021160402e+00
188 145 143
2 0 267 -36.4100 -83.2300 1 763 122.5900 -70.8700
-8.6761137757e-02 -4.8586867169e-02 -1.0119667356e+00
23 23 29
2 0 688 -57.2800 -31.6400 1 712 88.7500 -25.7000
-7.3934900228e-02 -5.3879559007e-02 -1.0087505386e+00
215 218 207
2 0 696 -49.2800 -35.2900 1 238 96.5300 -25.5600
-7.9885920278e-02 -7.1024654812e-02 -1.0097613648e+00
16 16 20
2 0 709 -53.2100 -45.9100 1 737 97.2400 -39.9600
-2.1532300404e-01 -8.2781049718e-02 -1.1052662029e+00
44 154 188
2 0 712 -129.1500 -47.6400 1 793 -17.7200 -97.2100
-5.2514015067e-02 -7.6022549721e-02 -1.0031760458e+00
34 33 42
2 0 719 -35.8900 -49.6900 1 726 111.9300 -35.0200
-2.3067824050e-02 -7.8236911003e-02 -9.9587068258e-01
24 23 28
2 0 725 -16.8800 -51.4900 1 718 126.7000 -27.9700
-1.8058478572e-01 -1.1647339677e-01 -1.0767562521e+00
28 62 34
2 0 745 -111.9700 -69.7700 1 1141 23.7000 -108.4400
-2.9369270413e-02 -1.3153280390e-01 -1.0002740081e+00
163 123 123
2 0 755 -21.6200 -85.5800 1 1122 131.6300 -66.6400
1.1998665912e-01 -2.3766179534e-01 -8.7680405885e-01
99 121 44
2 0 886 86.2400 -178.4100 1 772 269.0800 -86.4700
-8.8440874096e-02 7.7899797330e-02 -1.0604544887e+00
57 181 217
2 0 1037 -54.9900 44.8900 1 613 29.2800 64.1700
-1.6147972145e-01 6.3936999768e-02 -1.0971422239e+00
138 166 181
2 0 1044 -96.3000 37.5100 1 1070 -22.5900 30.8600
-8.8690427965e-02 -9.4357157429e-03 -1.0151443041e+00
90 49 31
2 0 1064 -57.8000 -6.5700 1 1357 77.8100 2.3000
-3.2111929068e-02 -4.1414100394e-02 -9.9866087799e-01
247 39 39
2 0 1075 -22.2000 -27.3700 1 684 115.0400 -4.8700
-7.7965597353e-02 -4.9759243835e-02 -1.0103937107e+00
22 22 28
2 0 1080 -51.7100 -32.4600 1 1095 93.1900 -23.9400
-1.8499049709e-02 -5.0625762426e-02 -9.9507349244e-01
245 40 34
2 0 1082 -13.4500 -33.3500 1 688 123.5600 -7.7000
-2.0844376060e-01 -5.9512437819e-02 -1.1043110924e+00
117 175 174
2 0 1083 -125.0200 -34.5000 1 1386 -19.5300 -77.1600
-2.8164808073e-02 -7.4535902988e-02 -9.9770594007e-01
221 222 219
2 0 1102 -20.1000 -48.8800 1 716 123.2000 -27.0000
-7.9502434564e-02 -4.2077959807e-02 -1.0096213546e+00
211 216 206
2 0 1382 -52.5300 -27.2900 1 1366 91.6500 -18.9700
-7.1341312686e-02 -6.1882991102e-02 -1.0084007818e+00
25 23 25
2 0 1390 -47.6200 -40.1000 1 1371 99.3100 -30.8500
-7.1341312686e-02 -6.1882991102e-02 -1.0084007818e+00
25 23 25
2 0 1391 -47.6200 -40.1000 1 1372 99.3100 -30.8500
-8.8080863997e-02 -7.2985689736e-02 -1.0124595934e+00
25 26 27
2 0 1393 -58.4500 -47.1900 1 1377 92.9000 -43.8200
-4.4412793129e-02 -7.5212345985e-02 -1.0005540406e+00
24 23 27
2 0 1397 -30.6400 -49.1900 1 1375 116.2100 -32.1100
-9.7412467688e-02 -8.0006020440e-02 -1.0153928030e+00
200 199 196
2 0 1398 -64.2600 -51.1300 1 1382 89.0600 -52.2000
-9.7412467688e-02 -8.0006020440e-02 -1.0153928030e+00
200 199 196
2 0 1399 -64.2600 -51.1300 1 1381 89.0600 -52.2000
-9.8176133951e-02 -9.5523726648e-02 -1.0158115225e+00
208 185 45
2 0 1403 -65.1100 -61.4300 1 1384 91.5900 -63.2500
-1.8924973063e-01 5.4668478787e-02 -1.1007879789e+00
212 72 128
2 0 1523 -112.2500 33.0300 1 1629 -35.8900 15.4700
-1.8924973063e-01 5.4668478787e-02 -1.1007879789e+00
212 72 128
2 0 1524 -112.2500 33.0300 1 1628 -35.8900 15.4700
-8.3836099632e-02 -3.2621218272e-02 -1.0112316831e+00
190 191 191
2 0 1546 -55.2000 -21.4500 1 1522 87.0400 -13.1600
-9.3217279789e-02 -4.3051283884e-02 -1.0141927073e+00
206 208 202
2 0 1550 -61.2400 -28.0300 1 1529 83.7600 -23.6500
-1.8861428677e-01 1.8337526632e-02 -1.0967450828e+00
59 70 50
2 0 1870 -113.1800 10.3200 1 1816 -24.2600 -11.0400
