# Bundle file v0.3
2 54
5.8482584063e+02 -1.0755760663e-02 -2.0188721122e-03
9.9999387622e-01 -2.5471388871e-03 2.3999160517e-03
2.5206005005e-03 9.9993635502e-01 1.0996930301e-02
-2.4277740179e-03 -1.0990813729e-02 9.9993665196e-01
3.8749612462e-03 1.5471564736e-02 1.4623599131e-01
6.9934458538e+02 8.1634107606e-03 1.2632585328e-03
7.2734732884e-01 2.6665489730e-01 -6.3234565625e-01
-2.7170062318e-01 9.5802495665e-01 9.1471054387e-02
6.3019412454e-01 1.0527748180e-01 7.6926719495e-01
-9.2443152729e-01 1.8269788573e-01 -4.6404479230e-01
-6.8537890732e-02 5.6277849166e-02 -1.4583265124e+00
210 232 242
2 0 154 -30.4700 24.9200 1 758 -16.0200 52.3200
1.0622264982e-03 -2.0000287325e-01 -1.3555097807e+00
163 131 134
2 0 297 1.0800 -96.7900 1 289 -54.8400 -60.8000
-8.5878343071e-02 8.1396602672e-02 -1.4518453705e+00
228 123 155
2 0 609 -38.3600 35.9800 1 99 -20.2500 65.1700
4.3616140820e-03 -5.6787327837e-02 -1.3467121719e+00
59 11 12
2 0 645 2.4800 -27.2200 1 798 -39.4900 1.6900
-1.3548983591e-02 -7.8641515648e-02 -1.3440656420e+00
240 39 35
2 0 657 -6.2500 -37.8700 1 809 -48.6900 -5.7400
-3.7310730861e-02 -8.0751858985e-02 -1.3429943372e+00
218 217 212
2 0 659 -17.8500 -39.1300 1 174 -56.6700 -3.4400
2.4699990145e-02 -9.1694199094e-02 -1.3491243799e+00
221 224 222
2 0 663 12.4300 -44.2700 1 203 -36.3800 -16.4900
1.1929174845e-02 -9.2051172509e-02 -1.3479617520e+00
219 223 222
2 0 665 6.2400 -44.6100 1 201 -40.8900 -14.7900
2.5587807982e-02 -1.1389236237e-01 -1.3509393204e+00
218 220 217
2 0 673 12.8300 -54.7300 1 222 -38.2900 -26.8500
-2.5000235484e-02 -1.1634016441e-01 -1.3473041025e+00
214 218 212
2 0 676 -11.7600 -56.2900 1 209 -55.7100 -20.8200
-2.8450700455e-02 -1.2346539252e-01 -1.3480475336e+00
23 24 27
2 0 684 -13.4000 -59.9200 1 213 -57.3400 -23.3000
2.7745208759e-02 -1.4927642411e-01 -1.3533800528e+00
221 226 222
2 0 705 13.9300 -72.0500 1 256 -41.0700 -42.6700
3.0443762007e-02 -1.9923572887e-01 -1.3579937310e+00
192 144 139
2 0 725 15.2700 -96.1500 1 298 -44.7400 -64.9800
3.0443762007e-02 -1.9923572887e-01 -1.3579937310e+00
192 144 139
2 0 726 15.2700 -96.1500 1 299 -44.7400 -64.9800
-4.8703956860e-02 -2.0327708075e-01 -1.3537844484e+00
176 129 125
2 0 734 -23.0300 -98.7500 1 274 -70.8600 -54.6900
-3.5482630030e-01 3.1251518612e-02 -1.4045223884e+00
100 176 182
2 0 1000 -164.6600 14.0100 1 743 -113.3700 71.7000
-3.5482630030e-01 3.1251518612e-02 -1.4045223884e+00
100 176 182
2 0 1001 -164.6600 14.0100 1 744 -113.3700 71.7000
-4.0693040152e-03 -6.5346372782e-02 -1.3441074370e+00
248 42 39
2 0 1024 -1.6000 -31.6000 1 800 -44.0200 -0.8000
-6.2562580139e-02 -6.7718454444e-02 -1.3413510989e+00
207 213 209
2 0 1029 -30.2500 -32.8500 1 792 -63.4000 5.4600
1.8175944700e-02 -8.6129282088e-02 -1.3487968384e+00
32 23 22
2 0 1035 9.2300 -41.4300 1 817 -37.9500 -13.2800
-8.9463421055e-02 -9.0586044387e-02 -1.3428148793e+00
32 29 37
2 0 1037 -43.3200 -44.2800 1 801 -73.5900 -0.9500
-8.9463421055e-02 -9.0586044387e-02 -1.3428148793e+00
32 29 37
2 0 1038 -43.3200 -44.2800 1 802 -73.5900 -0.9500
-7.5223419550e-02 -9.0185580200e-02 -1.3438235924e+00
27 26 32
2 0 1039 -36.3400 -43.9200 1 805 -69.0100 -2.6900
-5.6973674887e-03 -9.2908038722e-02 -1.3464281593e+00
223 222 222
2 0 1041 -2.3400 -45.1400 1 195 -47.0900 -12.7500
3.8075856146e-03 -1.0573215388e-01 -1.3481577099e+00
30 28 29
2 0 1047 2.2400 -50.8600 1 825 -45.1700 -20.2200
3.8075856146e-03 -1.0573215388e-01 -1.3481577099e+00
30 28 29
2 0 1048 2.2400 -50.8600 1 826 -45.1700 -20.2200
8.7989053450e-03 -1.1492181121e-01 -1.3502783883e+00
216 221 219
2 0 1049 4.7100 -55.5100 1 832 -43.9600 -24.7500
1.8441993428e-02 -1.1897470098e-01 -1.3501008069e+00
33 31 31
2 0 1051 9.4000 -57.4400 1 838 -41.4300 -27.9000
1.8441993428e-02 -1.1897470098e-01 -1.3501008069e+00
33 31 31
2 0 1052 9.4000 -57.4400 1 839 -41.4300 -27.9000
-7.3438959351e-02 -1.2250170268e-01 -1.3452647881e+00
24 23 26
2 0 1055 -35.4100 -59.5600 1 820 -71.7600 -16.9700
-7.3438959351e-02 -1.2250170268e-01 -1.3452647881e+00
24 23 26
2 0 1056 -35.4100 -59.5600 1 821 -71.7600 -16.9700
9.3958217601e-03 -1.2408749180e-01 -1.3506973395e+00
28 26 29
2 0 1058 5.0300 -60.0900 1 1234 -44.7100 -28.7500
-5.8582113694e-02 -1.2558673631e-01 -1.3466160024e+00
24 22 30
2 0 1059 -28.0900 -61.2000 1 823 -67.1900 -20.0400
-5.8582113694e-02 -1.2558673631e-01 -1.3466160024e+00
24 22 30
2 0 1060 -28.0900 -61.2000 1 824 -67.1900 -20.0400
3.3538161272e-02 -1.3241019199e-01 -1.3526964857e+00
43 15 12
2 0 1062 16.7500 -64.0400 1 852 -37.3300 -35.8400
3.3738255591e-02 -1.4231796624e-01 -1.3536260626e+00
40 15 15
2 0 1066 16.8400 -68.7600 1 861 -38.1900 -40.3400
-7.3452386954e-03 -1.5021051705e-01 -1.3516393489e+00
209 213 207
2 0 1071 -3.1000 -72.6000 1 854 -52.8500 -38.1000
-3.7192639693e-02 -1.5832126142e-01 -1.3949710981e+00
207 210 205
2 0 1072 -17.1100 -73.6100 1 858 -49.6400 -38.9900
-3.2481799977e-01 -1.7316925930e-01 -1.4267639369e+00
49 153 185
2 0 1076 -148.2300 -79.0900 1 191 -119.5700 -10.6400
-4.2607716843e-02 -2.0981238971e-01 -1.3535155347e+00
25 23 23
2 0 1091 -20.0700 -101.9300 1 890 -69.8800 -58.3700
4.8226012202e-01 2.7705550181e-01 -1.4921681164e+00
134 103 97
2 0 1249 208.3600 119.7900 1 1949 242.9700 98.9800
-3.0170905307e-02 -6.6797776463e-02 -1.3429540934e+00
214 218 210
2 0 1324 -14.3800 -32.2500 1 1210 -52.8200 1.7500
-4.7109363129e-02 -7.8462762071e-02 -1.3411154417e+00
206 211 205
2 0 1329 -22.7000 -37.9200 1 1212 -60.0500 -1.3000
-3.5912310443e-02 -9.0309788960e-02 -1.3446627128e+00
31 30 35
2 0 1333 -17.0900 -44.0600 1 1214 -56.7700 -7.5400
-1.3658402831e-01 6.1915031051e-02 -1.4460904635e+00
191 98 131
2 0 1483 -61.3300 27.4700 1 1672 -39.2100 62.0500
-7.8843272879e-02 -7.8523880416e-02 -1.3407739326e+00
210 215 211
2 0 1504 -38.2400 -38.1200 1 1510 -69.7600 2.7100
-6.1830289702e-02 -1.0589915254e-01 -1.3448389321e+00
24 22 23
2 0 1507 -29.7400 -51.6400 1 1219 -66.4600 -11.0900
-1.5741689797e-02 -1.1978404135e-01 -1.3473855702e+00
28 24 28
2 0 1510 -7.2400 -57.9700 1 1519 -53.2100 -23.5500
-8.6957987935e-02 -1.2840268436e-01 -1.3467693273e+00
26 27 28
2 0 1512 -41.9300 -62.5700 1 1226 -75.9100 -17.6100
-3.6585240470e-01 7.8313824399e-02 -1.3979662487e+00
188 146 152
2 0 1623 -170.6900 36.5000 1 1163 -113.4800 90.6500
-3.1317366079e-01 4.6428285688e-02 -1.4111172883e+00
215 84 131
2 0 1628 -144.6200 21.3500 1 1670 -99.4400 73.2400
-3.4642551351e-01 1.9477138914e-02 -1.4078002343e+00
205 82 128
2 0 1630 -160.2600 7.8000 1 1490 -111.3500 67.0900
-6.7312392846e-02 -2.2097704349e-02 -1.3343847167e+00
133 81 50
2 0 1780 -32.8000 -10.5600 1 1894 -61.7300 26.3000
-2.3141208769e-01 1.4575400745e-01 -1.4206541299e+00
55 176 222
2 0 1811 -106.0300 66.4200 1 1947 -64.4800 105.8700
