# Bundle file v0.3
2 94
2.1363427766e+03 -7.0655279120e-02 -3.3822049550e-03
9.9998447620e-01 1.1796306289e-03 5.4457161972e-03
-1.0697257493e-03 9.9979657960e-01 -2.0140881555e-02
-5.4683672282e-03 2.0134743469e-02 9.9978232084e-01
6.7866697234e-03 -2.6051872071e-02 -6.9663991307e-03
2.0967418343e+03 1.2834386999e-01 5.6973405209e-03
9.4906481044e-01 3.1114961840e-01 -4.9617542875e-02
-2.5016005677e-01 6.4837156799e-01 -7.1905094105e-01
-1.9156182184e-01 6.9483827240e-01 6.9318384547e-01
-6.9225659383e-02 -8.9516192508e-01 -3.6271480006e-01
2.2573061929e-02 1.2349146220e-01 -1.2569785765e+00
2 10 2
2 0 34 37.9000 207.5600 1 48 96.9300 151.2600
3.8084595472e-02 1.0939452200e-01 -1.2511129437e+00
24 10 1
2 0 43 64.5500 184.3200 1 69 114.2700 118.9600
2.3415791491e-02 1.0742182344e-01 -1.2504490861e+00
161 117 44
2 0 47 39.4800 181.0400 1 68 88.2300 122.5900
1.0029485682e-01 2.9602298017e-02 -1.2397768788e+00
36 32 29
2 0 97 171.9200 48.6600 1 391 166.2200 -16.5000
-2.0697586475e-01 -3.5954625624e-02 -1.4039941138e+00
30 31 26
2 0 146 -314.2100 -50.6300 1 323 -330.5000 227.7400
-1.9615310599e-01 -4.4768496036e-02 -1.3998478866e+00
12 11 6
2 0 153 -298.6000 -64.2700 1 20 -317.4800 208.6200
-2.0473685795e-01 -4.6319184400e-02 -1.3997537523e+00
10 10 4
2 0 156 -311.9200 -66.6700 1 326 -331.1300 210.4800
-2.0473685795e-01 -4.6319184400e-02 -1.3997537523e+00
10 10 4
2 0 157 -311.9200 -66.6700 1 327 -331.1300 210.4800
2.3009799916e-02 -4.0017667275e-02 -1.2532422915e+00
130 129 125
2 0 160 38.6100 -69.2600 1 144 4.1300 -42.7000
-1.0586773092e-01 -4.2416277142e-02 -1.2590034231e+00
198 157 137
2 0 165 -178.4700 -72.4400 1 96 -203.4100 15.3700
6.0570951144e-02 -4.8531099555e-02 -1.2320212849e+00
65 62 53
2 0 176 104.4400 -85.7900 1 187 56.9000 -92.8900
6.7213280193e-02 -5.2487329354e-02 -1.2274961174e+00
111 112 107
2 0 188 116.3100 -93.1000 1 204 64.9300 -105.2600
-1.9794362294e-01 -9.9984559071e-02 -1.3767311573e+00
13 13 5
2 0 222 -306.0400 -151.0500 1 66 -343.3400 124.0300
-5.3652486124e-02 -9.3915483114e-02 -1.2450256510e+00
7 6 5
2 0 228 -91.6200 -161.5400 1 177 -143.4700 -77.6600
-5.4302107162e-02 -9.6873064251e-02 -1.2422330479e+00
6 7 4
2 0 236 -92.9000 -167.0300 1 180 -146.2300 -83.8300
5.3564376212e-02 -9.5857159160e-02 -1.2211052618e+00
30 25 16
2 0 240 93.0800 -168.9700 1 635 20.1200 -151.2000
-1.6702348499e-02 -1.0278797274e-01 -1.2418318365e+00
111 111 111
2 0 248 -28.7900 -177.2500 1 202 -89.9300 -105.0700
-2.0948997742e-02 -1.0392974283e-01 -1.2407313168e+00
130 131 126
2 0 251 -36.0500 -179.3800 1 210 -97.2200 -105.9000
9.9091615305e-03 -1.0456599369e-01 -1.2404719678e+00
26 23 16
2 0 252 16.5200 -180.5900 1 223 -49.5400 -118.8500
1.7376917825e-02 -1.0603226618e-01 -1.2362564995e+00
13 9 3
2 0 260 29.7200 -183.7800 1 459 -39.5000 -128.3400
-7.4428285822e-02 -1.0985733938e-01 -1.2314725435e+00
96 96 94
2 0 267 -128.1600 -191.0800 1 197 -185.5300 -102.2800
-1.0774375368e-01 -1.7347628641e-01 -1.3279208874e+00
47 49 42
2 0 315 -173.4600 -275.4200 1 406 -241.6700 -39.2700
2.5322794216e-02 1.1348771858e-01 -1.2521713602e+00
102 68 13
2 0 347 42.8900 191.2200 1 521 95.0800 131.4200
-6.1696534676e-02 -1.1897409656e-02 -1.2699285269e+00
208 180 167
2 0 404 -104.4700 -20.8300 1 364 -114.8700 43.4400
-6.1696534676e-02 -1.1897409656e-02 -1.2699285269e+00
208 180 167
2 0 405 -104.4700 -20.8300 1 365 -114.8700 43.4400
-6.4477421604e-02 -2.3644752947e-02 -1.2643016272e+00
199 172 155
2 0 420 -108.7400 -40.6400 1 368 -126.4400 24.8500
-9.1319433452e-02 -3.3039359565e-02 -1.2614773322e+00
202 167 147
2 0 428 -153.6200 -56.4600 1 374 -175.2800 22.5200
-9.1319433452e-02 -3.3039359565e-02 -1.2614773322e+00
202 167 147
2 0 429 -153.6200 -56.4600 1 375 -175.2800 22.5200
6.2207535776e-02 -4.9381628664e-02 -1.2310143595e+00
130 127 122
2 0 447 107.2100 -87.4000 1 437 59.1000 -95.6900
-5.5967836656e-02 -1.0577411070e-01 -1.2358801039e+00
4 4 2
2 0 455 -96.1800 -183.3300 1 196 -153.7100 -99.9900
1.7120119775e-02 -1.2054311653e-01 -1.2328911201e+00
26 21 15
2 0 459 29.5700 -209.2000 1 236 -47.4400 -146.5100
1.5315279874e-02 -1.2173583329e-01 -1.2331733959e+00
186 185 180
2 0 460 26.2800 -211.2300 1 234 -50.5500 -146.6400
1.5315279874e-02 -1.2173583329e-01 -1.2331733959e+00
186 185 180
2 0 461 26.2800 -211.2300 1 235 -50.5500 -146.6400
-1.0568813392e-01 -1.7199820374e-01 -1.3273132396e+00
26 22 11
2 0 480 -170.3300 -273.2400 1 407 -238.1500 -39.2900
1.5952773419e-02 -1.5790641842e-01 -1.2099704653e+00
29 29 27
2 0 482 27.7700 -279.1400 1 487 -68.8200 -210.1200
1.0715434876e-02 -1.6333870553e-01 -1.2079501564e+00
32 33 28
2 0 486 18.7100 -289.1200 1 491 -79.6200 -215.7700
1.0715434876e-02 -1.6333870553e-01 -1.2079501564e+00
32 33 28
2 0 487 18.7100 -289.1200 1 492 -79.6200 -215.7700
-5.9384675049e-02 1.6171155631e-01 -1.2637561091e+00
33 34 29
2 0 493 -100.3700 271.2500 1 511 -23.1900 251.0000
-7.9439810406e-02 -9.8475391978e-03 -1.2669079024e+00
216 185 166
2 0 554 -133.4500 -17.2700 1 526 -144.3900 49.8700
-1.2077012251e-01 -1.8345528855e-02 -1.2637046327e+00
206 162 138
2 0 564 -202.6000 -31.4900 1 359 -217.4500 54.4200
-5.0368326799e-02 -2.6986688013e-02 -1.2636491610e+00
190 169 152
2 0 574 -84.7300 -46.2400 1 379 -105.6000 14.4100
-5.0368326799e-02 -2.6986688013e-02 -1.2636491610e+00
190 169 152
2 0 575 -84.7300 -46.2400 1 378 -105.6000 14.4100
-9.5107798254e-02 -3.2928679098e-02 -1.2613942832e+00
205 170 150
2 0 589 -160.2100 -56.3200 1 372 -181.2300 24.1500
-9.5107798254e-02 -3.2928679098e-02 -1.2613942832e+00
205 170 150
2 0 590 -160.2100 -56.3200 1 371 -181.2300 24.1500
-3.3132610637e-02 -9.1439652418e-02 -1.2478795404e+00
5 5 5
2 0 636 -56.4200 -156.8800 1 600 -109.8300 -79.7900
-8.1376566884e-03 -9.9129394791e-02 -1.2476847806e+00
32 33 28
2 0 643 -13.9700 -169.9900 1 443 -74.4100 -97.6000
-3.2538793842e-02 -1.0049098564e-01 -1.2413771951e+00
9 10 5
2 0 645 -55.7100 -173.3600 1 442 -113.8100 -97.1200
-3.2538793842e-02 -1.0049098564e-01 -1.2413771951e+00
9 10 5
2 0 646 -55.7100 -173.3600 1 441 -113.8100 -97.1200
-1.9434626281e-02 -1.0206845203e-01 -1.2412454706e+00
8 8 7
2 0 647 -33.4100 -176.1100 1 446 -93.9900 -104.0000
-2.3359907759e-02 -1.0340430339e-01 -1.2409567570e+00
22 22 21
2 0 649 -40.2000 -178.4500 1 445 -100.6700 -104.1600
-1.9186974488e-01 -1.5003904554e-01 -1.2127914029e+00
132 122 113
2 0 677 -334.0400 -263.9900 1 619 -394.9100 -120.0100
1.0501738466e-01 -1.4859747077e-01 -1.1800705162e+00
21 19 20
2 0 680 189.2500 -270.2600 1 288 68.0300 -272.6700
-1.0590409696e-01 -1.7471309087e-01 -1.3261767576e+00
27 24 14
2 0 684 -170.7100 -277.8000 1 570 -239.7500 -43.0900
-1.2439579369e-01 4.1685401359e-02 -1.2752575589e+00
42 45 33
2 0 701 -207.2800 69.1600 1 520 -195.6200 140.6700
-2.0540781224e-01 -1.6566640694e-02 -1.4131391245e+00
33 32 22
2 0 715 -309.8900 -20.8900 1 744 -319.5900 259.0400
-2.0540781224e-01 -1.6566640694e-02 -1.4131391245e+00
33 32 22
2 0 716 -309.8900 -20.8900 1 745 -319.5900 259.0400
1.9123735502e-02 -9.1803722992e-02 -1.2382328558e+00
227 221 209
2 0 730 32.4000 -159.2000 1 617 -29.3700 -112.5400
1.6564160443e-02 -9.4294938894e-02 -1.2408615809e+00
23 22 18
2 0 731 27.6200 -163.1000 1 720 -33.9600 -110.8100
9.4352486490e-03 -1.1092716807e-01 -1.2360189412e+00
222 217 208
2 0 739 15.8500 -192.2500 1 626 -53.8400 -130.3900
-1.6434059282e-01 -1.3154365942e-01 -1.2187975642e+00
11 10 6
2 0 744 -284.5900 -230.5900 1 784 -342.4000 -104.5300
1.9849149418e-02 1.2239798508e-01 -1.2562161212e+00
11 42 30
2 0 759 33.6100 205.9000 1 755 91.2700 150.2700
4.1156668334e-02 -1.4826359964e-02 -1.2535213843e+00
29 25 26
2 0 782 69.8700 -26.4900 1 763 45.7600 -23.0100
-1.9476480686e-01 -2.2945993808e-02 -1.4091488105e+00
34 32 20
2 0 784 -294.8900 -30.7400 1 746 -305.7100 242.7400
-1.9935831112e-01 -4.4458739399e-02 -1.4004485862e+00
8 9 6
2 0 789 -303.8400 -63.8500 1 817 -321.7500 210.9800
-3.1471915906e-03 -6.5629975150e-02 -1.2569772026e+00
37 37 31
2 0 802 -6.1200 -112.1800 1 696 -49.0100 -54.3100
-4.2568143196e-02 -9.3568496827e-02 -1.2460896049e+00
5 5 3
2 0 807 -72.5700 -160.7700 1 771 -125.8200 -80.4000
-4.2568143196e-02 -9.3568496827e-02 -1.2460896049e+00
5 5 3
2 0 808 -72.5700 -160.7700 1 772 -125.8200 -80.4000
-6.0387112617e-02 -1.0260666009e-01 -1.2378444795e+00
10 10 9
2 0 812 -103.6400 -177.5600 1 776 -158.9900 -92.6300
-4.1542693140e-02 -1.0414984463e-01 -1.2381995187e+00
10 10 10
2 0 813 -71.3500 -180.1700 1 781 -129.9000 -101.1700
-6.8754173747e-02 -1.0463749465e-01 -1.2358677526e+00
10 10 10
2 0 815 -118.2400 -181.3900 1 777 -173.3300 -93.8200
-4.7943929489e-02 -1.0575067423e-01 -1.2366247017e+00
10 10 8
2 0 816 -82.3300 -183.1600 1 783 -140.9800 -102.2000
-1.7998404060e-02 -1.0578644720e-01 -1.2403231803e+00
13 14 18
2 0 818 -31.1700 -182.6600 1 718 -93.3600 -109.4100
-1.6873362642e-02 -1.1047045766e-01 -1.2383513716e+00
70 71 72
2 0 820 -29.0700 -190.9600 1 786 -94.2300 -116.9000
-2.9144114062e-02 -1.1372935185e-01 -1.2353081172e+00
64 66 63
2 0 823 -50.2600 -197.1100 1 788 -115.1100 -119.1200
4.4160377616e-03 -4.6578354910e-02 -1.2614505396e+00
40 41 35
2 0 866 6.5100 -79.6600 1 888 -27.2300 -32.1100
-1.8635147616e-01 -1.1811736503e-01 -1.3656919699e+00
34 31 19
2 0 874 -290.4400 -180.7400 1 829 -333.8300 88.2600
8.0288417187e-02 -1.2874597883e-01 -1.1971268530e+00
176 172 163
2 0 885 142.6500 -231.0400 1 807 42.0400 -223.2000
-1.6077155311e-01 -1.4116241048e-01 -1.2143105423e+00
10 10 8
2 0 890 -279.5600 -248.3500 1 789 -340.7500 -121.3300
1.2039221888e-01 9.0081846506e-02 -1.2497683941e+00
10 11 8
2 0 901 205.3800 151.5800 1 952 237.9600 56.1700
-2.1252503487e-01 -2.4186424397e-02 -1.4113554810e+00
13 12 8
2 0 962 -321.0300 -32.4400 1 947 -333.6300 251.4400
5.6020589686e-02 -7.8602319835e-02 -1.2246159216e+00
32 32 30
2 0 965 97.1700 -138.5500 1 983 33.1300 -130.7300
4.1814981361e-02 -8.2205779753e-02 -1.2311580381e+00
45 45 43
2 0 966 71.4600 -143.9600 1 976 10.3600 -120.6400
5.2155556234e-02 -9.0364278066e-02 -1.2226390997e+00
50 49 45
2 0 968 90.3400 -159.2600 1 986 21.1100 -143.3600
5.2155556234e-02 -9.0364278066e-02 -1.2226390997e+00
50 49 45
2 0 969 90.3400 -159.2600 1 987 21.1100 -143.3600
-2.1423350332e-02 -1.0063299677e-01 -1.2428545299e+00
77 77 75
2 0 971 -36.8400 -173.4000 1 970 -96.1500 -99.8200
1.5090345857e-02 -1.0092553296e-01 -1.2384631361e+00
221 212 205
2 0 972 25.7500 -174.6600 1 974 -40.3400 -119.7100
-3.1489255472e-02 -1.0244827740e-01 -1.2395830853e+00
37 38 33
2 0 974 -54.3400 -177.1000 1 919 -112.9100 -101.7200
1.0574659026e-01 9.6900402647e-02 -1.2601185307e+00
7 7 5
2 0 991 179.4300 162.4000 1 1021 217.6600 83.6500
2.4161738734e-02 -9.6775698835e-02 -1.2365760131e+00
21 21 19
2 0 1004 42.0500 -167.7200 1 977 -25.2300 -121.4000
-2.0942449865e-01 -2.9225048843e-02 -1.4079549906e+00
10 11 6
2 0 1016 -317.5800 -40.3200 1 1034 -330.7300 240.6900
-1.9622347401e-01 -5.5047059482e-02 -1.3952870597e+00
44 40 28
2 0 1019 -299.6400 -80.2500 1 1018 -321.9900 192.2700
9.4613089533e-03 -8.6807466434e-02 -1.2437542040e+00
16 16 14
2 0 1022 16.0500 -149.7200 1 1027 -41.7000 -96.9500
1.1996892213e-01 1.0803929861e-01 -1.2578615863e+00
187 183 180
2 0 1041 203.4300 181.2700 1 1060 249.2800 87.7400
1.1996892213e-01 1.0803929861e-01 -1.2578615863e+00
187 183 180
2 0 1042 203.4300 181.2700 1 1059 249.2800 87.7400
