# Bundle file v0.3
2 22
2.1704104688e+03 2.8535113826e-02 4.2441138305e-04
9.9999454605e-01 2.6569737481e-03 -1.9617225906e-03
-2.6445975356e-03 9.9997675395e-01 6.2847172301e-03
1.9783753170e-03 -6.2794949869e-03 9.9997832675e-01
-1.3838054791e-03 7.6833594037e-03 -2.4767898291e-02
1.9956263652e+03 -2.6306810190e-02 -1.6040123765e-03
8.8810926220e-01 -4.5224186601e-01 8.2092831746e-02
1.0656965767e-01 3.7634300872e-01 9.2033083609e-01
-4.4710719795e-01 -8.0860573484e-01 3.8242897265e-01
1.0945714964e-01 9.3565830994e-01 -2.8267237071e-01
-7.4659595444e-02 7.9179377182e-02 -1.0162943897e+00
234 213 192
2 0 148 -153.8100 168.1000 1 783 -216.3100 63.0400
4.2313536942e-02 7.2789818715e-02 -9.6255641567e-01
15 14 9
2 0 159 94.6100 163.2900 1 610 96.0300 223.7000
-1.3505510343e-01 8.4072865165e-02 -1.1376409791e+00
216 208 196
2 0 169 -250.6600 158.8300 1 1378 -389.4800 -258.5800
-7.9682213983e-02 6.6832474805e-02 -1.0213271797e+00
244 224 202
2 0 208 -163.7400 141.7400 1 826 -217.3300 35.6500
-6.6145027709e-02 2.6025245792e-02 -1.0369006868e+00
249 232 216
2 0 354 -133.7900 55.9700 1 896 -137.3500 -47.2600
-6.6145027709e-02 2.6025245792e-02 -1.0369006868e+00
249 232 216
2 0 355 -133.7900 55.9700 1 897 -137.3500 -47.2600
-8.0884723677e-02 1.8813685343e-02 -1.0405873465e+00
250 227 210
2 0 368 -163.6100 41.2300 1 919 -170.1100 -71.2900
-5.6139820717e-02 1.0390701047e-02 -1.0428162910e+00
244 228 213
2 0 390 -112.8300 23.7800 1 927 -92.1000 -78.4900
3.0950376807e-02 -6.3920218774e-03 -1.0093488652e+00
227 227 219
2 0 412 63.8700 -9.2400 1 1229 169.7900 22.2600
1.2176218954e-02 -8.2329737409e-02 -1.0782857582e+00
134 117 94
2 0 559 24.4100 -159.9700 1 1621 217.4300 -271.8300
-1.3399900070e-01 8.1806551020e-02 -1.1375438171e+00
137 127 115
2 0 670 -248.3500 154.4600 1 1381 -385.0800 -260.8300
-1.3222991929e-01 8.1775280700e-02 -1.1372268758e+00
223 212 194
2 0 671 -244.9700 154.3800 1 1379 -380.4200 -259.3000
-1.0761292019e-01 6.3983046856e-02 -1.0229626769e+00
56 53 34
2 0 688 -220.7500 135.5000 1 1232 -291.9100 20.1100
5.4074272682e-03 -2.1152272503e-02 -1.0351643717e+00
239 239 231
2 0 815 11.1200 -40.1900 1 1545 117.6900 -73.4800
-5.9313352762e-02 2.4853548282e-02 -1.0369625277e+00
215 199 186
2 0 1019 -119.6400 53.4400 1 1529 -117.5100 -46.4100
-7.1814928164e-02 1.4752019128e-02 -1.0419277356e+00
246 227 210
2 0 1025 -145.3000 33.0200 1 1547 -140.0100 -76.6100
-1.4716139751e-02 1.1932642468e-02 -1.0344369554e+00
40 39 34
2 0 1029 -26.6300 25.7100 1 1775 16.0600 -39.1600
-5.0512700180e-02 9.9955174400e-02 -9.8221840741e-01
38 37 32
2 0 1111 -108.5700 219.6000 1 1632 -169.2500 177.8000
-9.2203439696e-02 1.2502206397e-02 -1.0441967036e+00
248 217 196
2 0 1168 -186.5900 28.5400 1 1685 -194.9900 -93.4600
-1.8076464038e-02 1.7928687342e-02 -1.0340935706e+00
253 253 249
2 0 1427 -32.9200 37.7200 1 1988 -1.0100 -32.4600
-1.8076464038e-02 1.7928687342e-02 -1.0340935706e+00
253 253 249
2 0 1428 -32.9200 37.7200 1 1989 -1.0100 -32.4600
1.2361514180e-02 1.8587716272e-02 -1.0106589699e+00
44 45 40
2 0 1517 27.1800 41.7400 1 2041 84.1500 40.0200
