# Bundle file v0.3
2 91
2.1385951854e+03 3.5517778663e-02 7.1323579577e-04
9.9995806461e-01 -8.6226175718e-03 -3.0853666927e-03
8.5843262062e-03 9.9988853552e-01 -1.2215804738e-02
3.1903549965e-03 1.2188806669e-02 9.9992062416e-01
-5.7945171332e-03 -2.0782391051e-02 -1.7941568600e-03
2.1026981322e+03 -1.2444080839e-02 -9.4789240766e-04
8.9787377965e-01 -2.8124068273e-01 3.3871279012e-01
8.2468234424e-02 8.6318334103e-01 4.9810993775e-01
-4.3246001679e-01 -4.1930680671e-01 7.9822311149e-01
5.9517606354e-01 8.1067462848e-01 -1.3265816756e-01
1.4054092198e-02 1.2434386943e-01 -1.5867585014e+00
184 184 182
2 0 38 16.6300 165.5200 1 359 50.6500 186.0500
1.4054092198e-02 1.2434386943e-01 -1.5867585014e+00
184 184 182
2 0 39 16.6300 165.5200 1 360 50.6500 186.0500
6.6318025430e-02 1.2295047610e-01 -1.5902493009e+00
6 17 5
2 0 40 86.6900 164.2100 1 51 115.4900 184.6900
7.4086161293e-02 1.1353225261e-01 -1.5952146247e+00
1 19 7
2 0 48 96.9300 151.2600 1 59 126.5000 170.1500
7.8705887901e-02 1.0818582209e-01 -1.5960016602e+00
106 72 14
2 0 54 103.2200 143.9900 1 66 133.9900 163.6300
7.2245205494e-02 1.0753253111e-01 -1.5969189130e+00
8 22 15
2 0 55 94.4200 143.0700 1 71 125.9100 161.6100
7.5658547050e-02 1.0484969538e-01 -1.5963795943e+00
123 82 12
2 0 56 98.9700 139.6400 1 73 131.6800 159.0500
6.7564525500e-02 9.2621287656e-02 -1.6014237332e+00
205 164 39
2 0 68 88.2300 122.5900 1 84 123.9600 140.2100
8.7031084022e-02 8.9646601258e-02 -1.6004943057e+00
43 27 8
2 0 69 114.2700 118.9600 1 86 149.8500 138.8500
8.3308326099e-02 8.4817757991e-02 -1.6016673011e+00
190 128 22
2 0 71 109.3200 112.3400 1 91 146.6900 131.9700
1.3320865827e-01 -1.0381223671e-02 -1.6566920583e+00
44 39 33
2 0 114 171.1000 -12.6400 1 126 218.2000 -17.4300
8.5885632867e-03 -1.5000219030e-02 -1.7310968864e+00
116 112 110
2 0 119 10.5100 -18.3100 1 430 28.5400 -88.5500
3.2427032561e-03 -3.4939591190e-02 -1.7377317951e+00
135 137 134
2 0 144 4.1300 -42.7000 1 435 26.6400 -118.1200
4.5711242697e-02 -7.5500275042e-02 -1.7202419658e+00
33 30 21
2 0 187 56.9000 -92.8900 1 437 105.3100 -151.4700
-7.8495153568e-02 -7.8767808270e-02 -1.7793627826e+00
98 98 96
2 0 191 -93.5700 -94.3800 1 265 -79.1900 -212.2400
-1.2863463328e-01 -8.2992135356e-02 -1.7791199399e+00
12 11 7
2 0 196 -153.7100 -99.9900 1 483 -143.3600 -226.6700
-1.5514935699e-01 -8.4721556449e-02 -1.7793911237e+00
104 105 102
2 0 197 -185.5300 -102.2800 1 488 -178.4300 -234.0900
-1.5514935699e-01 -8.4721556449e-02 -1.7793911237e+00
104 105 102
2 0 198 -185.5300 -102.2800 1 489 -178.4300 -234.0900
-8.1844900800e-02 -8.6739565492e-02 -1.7809925336e+00
114 114 112
2 0 200 -97.4800 -103.7800 1 287 -81.1700 -224.0900
-8.1844900800e-02 -8.6739565492e-02 -1.7809925336e+00
114 114 112
2 0 201 -97.4800 -103.7800 1 288 -81.1700 -224.0900
-7.5552330012e-02 -8.7925201413e-02 -1.7814347533e+00
123 122 127
2 0 202 -89.9300 -105.0700 1 291 -72.7400 -224.7500
-9.7772417962e-02 -8.7982933418e-02 -1.7810483633e+00
127 128 125
2 0 205 -116.6600 -105.3200 1 302 -101.3800 -228.7200
-5.4795258249e-02 -8.8263964090e-02 -1.7832518113e+00
60 59 54
2 0 206 -64.8200 -105.3000 1 479 -46.9300 -222.3700
-1.0419983610e-01 -8.8534883611e-02 -1.7810008647e+00
114 115 114
2 0 207 -124.3000 -106.1200 1 305 -109.6500 -230.5500
-1.0419983610e-01 -8.8534883611e-02 -1.7810008647e+00
114 115 114
2 0 208 -124.3000 -106.1200 1 306 -109.6500 -230.5500
-1.1534049247e-01 -8.8717202884e-02 -1.7808566761e+00
19 19 17
2 0 212 -137.6900 -106.4400 1 310 -124.1900 -232.7900
-1.1977278014e-01 -8.9039653160e-02 -1.7810235079e+00
12 12 14
2 0 213 -142.9500 -106.9000 1 490 -130.0500 -234.1100
5.0006109427e-02 -8.7911964163e-02 -1.7207416436e+00
116 117 111
2 0 216 62.0800 -107.9000 1 443 115.9300 -166.9300
5.0006109427e-02 -8.7911964163e-02 -1.7207416436e+00
116 117 111
2 0 217 62.0800 -107.9000 1 444 115.9300 -166.9300
-1.2263454169e-01 -9.0271051919e-02 -1.7811561269e+00
120 120 118
2 0 218 -146.3800 -108.3700 1 318 -133.4300 -236.3500
-1.2263454169e-01 -9.0271051919e-02 -1.7811561269e+00
120 120 118
2 0 219 -146.3800 -108.3700 1 319 -133.4300 -236.3500
-4.2096839144e-02 -9.9349120445e-02 -1.7793203595e+00
20 17 12
2 0 223 -49.5400 -118.8500 1 756 -24.7700 -231.8900
-4.2998106476e-02 -1.2341160694e-01 -1.7858879780e+00
180 177 168
2 0 234 -50.5500 -146.6400 1 496 -19.1700 -267.0600
-4.2998106476e-02 -1.2341160694e-01 -1.7858879780e+00
180 177 168
2 0 235 -50.5500 -146.6400 1 497 -19.1700 -267.0600
-4.0303815533e-02 -1.2330847186e-01 -1.7847810914e+00
46 43 36
2 0 236 -47.4400 -146.5100 1 643 -15.1800 -265.8400
2.6928966719e-01 -1.6011901400e-01 -1.7905781602e+00
99 86 67
2 0 253 323.0100 -187.3500 1 494 359.0700 -257.0700
-9.4677416521e-02 1.5464450978e-01 -1.6120241098e+00
62 61 55
2 0 328 -128.8400 203.0100 1 357 -115.2300 194.0500
-1.7428779197e-01 4.4290647088e-02 -1.7304453930e+00
147 118 98
2 0 359 -217.4500 54.4200 1 675 -229.5800 -40.3800
1.5890686364e-01 1.8833121730e-02 -1.6738935683e+00
130 127 122
2 0 367 201.9100 25.4200 1 390 225.3200 8.4700
-1.4671608147e-01 2.0040621186e-02 -1.7416592186e+00
151 125 109
2 0 372 -181.2300 24.1500 1 572 -188.7400 -74.3600
-1.4182401890e-01 1.8616946937e-02 -1.7415975406e+00
147 121 104
2 0 375 -175.2800 22.5200 1 574 -181.6000 -75.4700
1.2967590463e-01 -1.3495165714e-02 -1.6591424566e+00
49 45 42
2 0 391 166.2200 -16.5000 1 397 214.1000 -23.3900
4.7538772707e-02 -7.7853130372e-02 -1.7200438682e+00
107 106 101
2 0 437 59.1000 -95.6900 1 599 108.7800 -154.0900
-9.5267257748e-02 -8.1030022864e-02 -1.7793470465e+00
12 12 10
2 0 441 -113.8100 -97.1200 1 622 -100.0000 -218.2500
-9.5267257748e-02 -8.1030022864e-02 -1.7793470465e+00
12 12 10
2 0 442 -113.8100 -97.1200 1 621 -100.0000 -218.2500
-7.8933237130e-02 -8.6922433883e-02 -1.7807415019e+00
15 15 15
2 0 446 -93.9900 -104.0000 1 625 -77.2300 -223.6400
-7.8933237130e-02 -8.6922433883e-02 -1.7807415019e+00
15 15 15
2 0 447 -93.9900 -104.0000 1 626 -77.2300 -223.6400
7.5423010358e-03 -1.0811162250e-01 -1.7505493070e+00
43 40 33
2 0 461 9.5300 -130.6700 1 623 56.0500 -217.8300
-1.4335111821e-02 1.8541564395e-01 -1.5665082829e+00
44 43 39
2 0 511 -23.1900 251.0000 1 648 -0.5200 273.4200
-1.1527520454e-01 4.0377275245e-02 -1.7270003328e+00
161 135 120
2 0 526 -144.3900 49.8700 1 556 -148.0900 -34.9800
-1.6097028975e-01 1.2593339712e-02 -1.7471594199e+00
139 113 98
2 0 533 -197.9500 14.8600 1 582 -207.4700 -89.4400
-9.1530092523e-02 -6.6805020675e-02 -1.7782032272e+00
5 5 3
2 0 600 -109.8300 -79.7900 1 609 -99.6400 -198.8400
-1.2689349451e-01 -6.7596051458e-02 -1.7782848833e+00
9 9 7
2 0 602 -152.3100 -81.0800 1 746 -145.8400 -206.1600
-2.4864458573e-02 -9.3640093785e-02 -1.7672358122e+00
226 220 211
2 0 616 -29.3700 -112.5400 1 750 0.7300 -214.6000
-2.4864458573e-02 -9.3640093785e-02 -1.7672358122e+00
226 220 211
2 0 617 -29.3700 -112.5400 1 751 0.7300 -214.6000
-4.5859351885e-02 -1.0916455862e-01 -1.7824641199e+00
219 211 200
2 0 626 -53.8400 -130.3900 1 760 -27.2000 -246.9900
3.1794680781e-02 -1.0967166870e-01 -1.7360981280e+00
41 40 32
2 0 627 39.2900 -133.5100 1 748 94.5900 -207.0600
1.6309088194e-02 -1.2522492698e-01 -1.7495737240e+00
42 38 34
2 0 635 20.1200 -151.2000 1 757 74.9600 -237.8700
4.8901554164e-02 -6.9220552537e-02 -1.7178867986e+00
236 228 217
2 0 713 60.8300 -85.1700 1 797 107.8700 -141.6500
-7.8704341278e-02 -9.1460278654e-02 -1.7833753237e+00
16 17 21
2 0 718 -93.3600 -109.4100 1 815 -76.5400 -230.8600
-1.6300699896e-02 -4.3794694242e-02 -1.7502212896e+00
32 29 21
2 0 766 -19.6400 -53.1800 1 861 -0.2400 -139.9500
-1.0501652562e-01 -6.7001782260e-02 -1.7781010295e+00
5 5 5
2 0 771 -125.8200 -80.4000 1 801 -117.3500 -201.2400
-1.0501652562e-01 -6.7001782260e-02 -1.7781010295e+00
5 5 5
2 0 772 -125.8200 -80.4000 1 802 -117.3500 -201.2400
-1.1563210549e-01 -6.7323059359e-02 -1.7780109931e+00
7 7 5
2 0 773 -138.5000 -80.9800 1 805 -131.2300 -203.4200
-1.4491470265e-01 -7.7680361208e-02 -1.7788181912e+00
9 9 8
2 0 777 -173.3300 -93.8200 1 872 -166.9600 -222.5500
-1.0870226212e-01 -8.4408342107e-02 -1.7802411548e+00
14 15 18
2 0 780 -129.9000 -101.1700 1 811 -116.6800 -225.6500
-1.1807009667e-01 -8.5039370999e-02 -1.7801462782e+00
14 14 16
2 0 783 -140.9800 -102.2000 1 874 -128.9400 -228.0300
-2.8725742863e-01 -8.5686869796e-02 -1.7871979329e+00
8 8 3
2 0 784 -342.4000 -104.5300 1 882 -366.8700 -265.8800
-1.1254081886e-01 -9.5728622060e-02 -1.7817149012e+00
17 21 24
2 0 785 -134.4900 -114.4200 1 877 -117.9600 -242.1300
-7.9386750056e-02 -9.7996431870e-02 -1.7848135051e+00
78 80 77
2 0 786 -94.2300 -116.9000 1 875 -75.3800 -240.4000
6.2426087422e-03 -1.1234116832e-01 -1.7523182316e+00
237 235 223
2 0 799 8.0700 -135.7700 1 873 55.1800 -224.4600
1.6837421604e-01 2.6514141637e-02 -1.6292000027e+00
24 23 21
2 0 832 219.7800 35.4200 1 837 259.1100 49.8700
-1.2745176558e-01 -7.6745793430e-02 -1.7779786126e+00
13 13 11
2 0 848 -152.6400 -92.3700 1 917 -143.4100 -217.7600
-9.4597508381e-02 -9.2340636382e-02 -1.7824785804e+00
12 15 20
2 0 851 -112.3600 -110.7800 1 922 -96.5700 -234.3600
-4.7220789351e-02 -1.1672487419e-01 -1.7872756104e+00
25 24 20
2 0 854 -55.1000 -139.1500 1 963 -28.3500 -259.6300
-2.2479769552e-02 -2.6434255378e-02 -1.7520339515e+00
39 39 37
2 0 888 -27.2300 -32.1100 1 940 -15.7200 -120.4200
-9.4985350870e-02 -8.4479212649e-02 -1.7800482324e+00
23 23 21
2 0 919 -112.9100 -101.7200 1 956 -99.1300 -222.7200
-9.4985350870e-02 -8.4479212649e-02 -1.7800482324e+00
23 23 21
2 0 920 -112.9100 -101.7200 1 957 -99.1300 -222.7200
-6.0781264186e-02 -9.3329367176e-02 -1.7876323722e+00
118 108 92
2 0 925 -72.5000 -110.2500 1 923 -53.8300 -233.0200
1.8119805193e-01 4.1975119656e-02 -1.6182179796e+00
23 23 24
2 0 952 237.9600 56.1700 1 932 273.7000 77.1700
-4.4630330099e-02 -4.6737463575e-02 -1.7668008883e+00
36 36 34
2 0 963 -53.1400 -56.7900 1 999 -42.9700 -157.9900
-1.3424150988e-01 -5.7400020759e-02 -1.7821429390e+00
26 21 17
2 0 966 -160.2800 -69.3500 1 914 -161.4000 -196.1900
-5.5252985316e-03 -7.0503316237e-02 -1.7507079336e+00
21 22 18
2 0 968 -6.3400 -85.4700 1 975 23.7900 -172.0700
-5.0363228955e-02 -9.9308704589e-02 -1.7857697481e+00
10 10 8
2 0 972 -59.5200 -118.0300 1 983 -37.9600 -237.2900
3.7125976168e-02 -9.7582374529e-02 -1.7308450028e+00
29 28 24
2 0 973 45.8800 -119.0800 1 976 98.8200 -187.5500
-3.4092594659e-02 -1.0008576441e-01 -1.7746621365e+00
217 210 199
2 0 974 -40.3400 -119.7100 1 981 -11.8400 -228.8900
8.1372986735e-03 -9.9718539634e-02 -1.7507061259e+00
34 34 32
2 0 976 10.3600 -120.6400 1 954 53.0500 -206.9500
2.6841145138e-02 -1.0757736977e-01 -1.7389322633e+00
25 25 23
2 0 983 33.1300 -130.7300 1 977 86.0500 -206.9400
1.6949891805e-02 -1.1840919008e-01 -1.7478035165e+00
40 39 35
2 0 986 21.1100 -143.3600 1 979 73.5400 -227.7500
1.6949891805e-02 -1.1840919008e-01 -1.7478035165e+00
40 39 35
2 0 987 21.1100 -143.3600 1 980 73.5400 -227.7500
4.8125588649e-02 -8.6031361112e-02 -1.7215512426e+00
27 28 22
2 0 1009 59.6100 -105.4200 1 1001 112.4700 -165.4300
