# Bundle file v0.3
2 19
2.1330000000e+03 0.0000000000e+00 0.0000000000e+00
1.0000000000e+00 0.0000000000e+00 0.0000000000e+00
0.0000000000e+00 1.0000000000e+00 0.0000000000e+00
0.0000000000e+00 0.0000000000e+00 1.0000000000e+00
-0.0000000000e+00 -0.0000000000e+00 -0.0000000000e+00
2.1330000000e+03 0.0000000000e+00 0.0000000000e+00
8.7471329349e-01 3.2461204060e-01 3.5986619359e-01
-2.3149303563e-01 9.3220894295e-01 -2.7820399195e-01
-4.2577884946e-01 1.6004221249e-01 8.9056098139e-01
8.1213403574e-01 -5.7560558888e-01 -9.5480438000e-02
6.4183883558e-02 -9.2990127541e-02 -2.0179365439e+00
177 179 174
2 0 191 67.7900 -98.4500 1 336 123.4600 -127.4800
-1.2367683326e-01 -1.8517636131e-01 -2.0474764869e+00
96 96 94
2 0 267 -128.1600 -191.0800 1 177 -105.6400 -170.2300
-2.0986153999e-01 -3.3324713420e-01 -2.5802524057e+00
47 49 42
2 0 315 -173.4600 -275.4200 1 327 -369.3500 -108.4900
-3.1546483874e-01 7.4194922015e-02 -2.7057239713e+00
25 16 7
2 0 373 -248.6900 58.4900 1 426 -373.8300 288.7500
-3.2563404435e-01 7.3207532568e-02 -2.7108737491e+00
29 28 23
2 0 374 -256.1700 57.7500 1 424 -383.8500 291.1800
-3.2563404435e-01 7.3207532568e-02 -2.7108737491e+00
29 28 23
2 0 375 -256.1700 57.7500 1 425 -383.8500 291.1800
-1.6226336290e-01 -4.6431224092e-02 -2.0536913541e+00
206 169 150
2 0 425 -168.7500 -48.8600 1 286 -95.7500 -10.9300
1.8114687777e-02 -2.7656080709e-01 -2.0439449727e+00
32 33 28
2 0 487 18.7100 -289.1200 1 421 3.1800 -291.1400
-1.6131315428e-01 -2.2356996928e-02 -2.0441684292e+00
215 179 157
2 0 559 -168.9900 -25.2800 1 437 -81.7300 12.5800
-1.6025029250e-01 -6.9256953958e-02 -2.0606092588e+00
204 166 147
2 0 601 -165.8800 -71.6900 1 448 -104.8200 -33.9300
-1.6025029250e-01 -6.9256953958e-02 -2.0606092588e+00
204 166 147
2 0 602 -165.8800 -71.6900 1 449 -104.8200 -33.9300
-2.0637573640e-01 -3.3583958056e-01 -2.5786387934e+00
27 24 14
2 0 684 -170.7100 -277.8000 1 467 -366.7200 -111.7400
8.2578561072e-03 -2.7653600291e-01 -2.0432725238e+00
41 41 39
2 0 843 8.3800 -289.3100 1 708 -5.8400 -289.4500
1.3198934865e-01 -2.1285430964e-01 -1.9704639385e+00
176 172 163
2 0 885 142.6500 -231.0400 1 755 164.5800 -281.2800
9.7169868065e-02 -1.1080642123e-01 -1.9868032403e+00
52 53 47
2 0 963 104.3200 -118.9600 1 878 162.0600 -164.8100
9.0929193584e-02 -1.2965150684e-01 -1.9960064126e+00
32 32 30
2 0 965 97.1700 -138.5500 1 880 144.9100 -179.0500
8.4957234291e-02 -1.4966245611e-01 -2.0053543973e+00
50 49 45
2 0 969 90.3400 -159.2600 1 884 127.7100 -194.2800
-4.2547096051e-02 -2.7468390626e-01 -2.1146587093e+00
13 9 9
2 0 988 -42.6800 -276.4500 1 887 -80.4200 -248.9900
1.0398595826e-01 -8.9859851021e-02 -1.9780189091e+00
53 54 48
2 0 1002 112.1100 -96.9700 1 898 180.5300 -148.2000
