# Bundle file v0.3
2 26
2.1609041181e+03 -2.7698513362e-02 -8.8051281028e-04
9.9985684250e-01 2.7078460354e-03 -1.6702157777e-02
-2.6773626692e-03 9.9999470977e-01 1.8472059714e-03
1.6707071368e-02 -1.8022237963e-03 9.9985880291e-01
-3.3086880728e-02 2.9943482813e-03 -3.8426434657e-02
2.0901158775e+03 4.8533869313e-02 1.7079398677e-03
8.5235007838e-01 -5.9981947206e-02 5.1952046148e-01
5.0745787588e-02 9.9819905150e-01 3.1992477703e-02
-5.2050380299e-01 -9.0531589136e-04 8.5385887093e-01
1.0486078720e+00 3.1463992129e-02 -5.0029133997e-02
7.5129401662e-02 9.8432343397e-02 -1.6898447411e+00
205 164 39
2 0 68 88.2300 122.5900 1 37 312.5500 108.6800
-2.7530129537e-01 -2.2857552142e-02 -2.2216748114e+00
37 37 29
2 0 125 -258.7900 -21.8200 1 320 -393.3900 -88.9700
-2.7232233589e-01 -2.4290509342e-02 -2.2215154651e+00
14 12 3
2 0 128 -255.9800 -23.1800 1 321 -389.9300 -90.3900
-1.6625141005e-01 -9.2098606363e-02 -1.9114317034e+00
104 105 102
2 0 197 -185.5300 -102.2800 1 177 -105.6400 -170.2300
-1.0323875577e-01 -9.3949353670e-02 -1.9018210596e+00
127 128 125
2 0 205 -116.6600 -105.3200 1 171 -28.1300 -165.2700
-4.4774777462e-02 -1.3201939080e-01 -1.9302518037e+00
180 177 168
2 0 234 -50.5500 -146.6400 1 401 19.3900 -204.0800
-4.4774777462e-02 -1.3201939080e-01 -1.9302518037e+00
180 177 168
2 0 235 -50.5500 -146.6400 1 402 19.3900 -204.0800
8.4324857707e-02 9.8629165923e-02 -1.6885533922e+00
41 24 7
2 0 345 99.7900 123.1800 1 262 323.4100 109.1400
8.4324857707e-02 9.8629165923e-02 -1.6885533922e+00
41 24 7
2 0 346 99.7900 123.1800 1 263 323.4100 109.1400
-1.6013986333e-01 2.1625762077e-02 -1.8861162211e+00
151 125 109
2 0 372 -181.2300 24.1500 1 290 -91.5300 -20.4100
-2.6851401287e-01 -2.1656725760e-02 -2.2202619710e+00
56 53 44
2 0 393 -252.5100 -20.6900 1 463 -385.3800 -87.0200
-2.5692289418e-01 -2.1987135567e-02 -2.2168699336e+00
56 57 51
2 0 394 -241.8900 -21.0100 1 462 -371.1700 -86.4800
-2.7105680259e-01 -3.0089946355e-02 -2.2223548910e+00
23 19 8
2 0 399 -254.7100 -29.2400 1 323 -388.5000 -96.5500
-6.0820100110e-02 -1.9036636537e-01 -1.9179901368e+00
31 32 28
2 0 487 -68.8200 -210.1200 1 224 14.8600 -282.1400
-7.0754805431e-02 -1.9615058086e-01 -1.9201839416e+00
34 34 32
2 0 492 -79.6200 -215.7700 1 421 3.1800 -291.1400
-1.7559936622e-01 1.3666501289e-02 -1.8911830854e+00
139 113 98
2 0 533 -197.9500 14.8600 1 447 -112.1300 -31.9700
-2.6618943482e-01 -2.9417341150e-02 -2.2213803346e+00
53 52 44
2 0 556 -250.2200 -28.9800 1 577 -382.7800 -95.0600
-2.5450314796e-01 -4.4451383730e-02 -2.2162276739e+00
31 24 13
2 0 570 -239.7500 -43.0900 1 467 -366.7200 -111.7400
-3.4938757446e-01 -1.2380783954e-01 -1.9010115630e+00
212 208 201
2 0 628 -389.5900 -136.6000 1 634 -322.0600 -239.9200
-1.6209557937e-02 -4.7581859902e-02 -1.9021576867e+00
32 29 21
2 0 766 -19.6400 -53.1800 1 734 62.0500 -97.8200
-1.7787420740e-01 8.0716540490e-02 -1.8466317106e+00
107 97 81
2 0 827 -205.8300 91.8600 1 721 -91.5800 60.3300
-1.8067923348e-01 6.1107294700e-02 -1.8609042536e+00
158 121 102
2 0 830 -207.2400 70.2000 1 723 -102.5900 31.5100
-4.9146742243e-02 -1.2593763297e-01 -1.9342265027e+00
25 24 20
2 0 854 -55.1000 -139.1500 1 774 11.7100 -197.2600
2.3701732065e-02 -9.4098860482e-02 -1.8684904786e+00
24 26 21
2 0 922 24.4600 -107.0400 1 841 130.8600 -152.8800
2.0788805412e-02 -1.2663589421e-01 -1.8721321621e+00
40 39 35
2 0 987 21.1100 -143.3600 1 884 127.7100 -194.2800
5.4390750120e-02 -9.1919893425e-02 -1.8437222336e+00
27 28 22
2 0 1009 59.6100 -105.4200 1 898 180.5300 -148.2000
