# Bundle file v0.3
2 17
2.1330000000e+03 0.0000000000e+00 0.0000000000e+00
1.0000000000e+00 0.0000000000e+00 0.0000000000e+00
0.0000000000e+00 1.0000000000e+00 0.0000000000e+00
0.0000000000e+00 0.0000000000e+00 1.0000000000e+00
-0.0000000000e+00 -0.0000000000e+00 -0.0000000000e+00
2.1330000000e+03 0.0000000000e+00 0.0000000000e+00
4.5274474046e-01 -7.7726892802e-01 4.3689267964e-01
4.4340953714e-01 -2.2883536112e-01 -8.6661546252e-01
7.7356976567e-01 5.8607797352e-01 2.4104444943e-01
3.3723648779e-01 -7.3084688990e-01 -5.9340911253e-01
5.4284087055e-02 5.8261994745e-02 -8.6228725369e-01
230 128 113
2 0 74 134.2800 144.1200 1 368 -177.0800 79.9000
5.4284087055e-02 5.8261994745e-02 -8.6228725369e-01
230 128 113
2 0 75 134.2800 144.1200 1 367 -177.0800 79.9000
-5.6526099720e-03 4.8774799064e-02 -8.2899633915e-01
239 135 122
2 0 91 -14.3800 125.2400 1 164 -181.6900 -72.5100
-5.7398675398e-03 4.7493658018e-02 -8.2869563899e-01
243 139 126
2 0 93 -14.6300 122.0200 1 165 -178.4700 -72.4400
4.5173018298e-03 4.6004289853e-02 -8.3299437697e-01
245 144 134
2 0 536 11.6000 117.7500 1 425 -168.7500 -48.8600
1.5358419851e-03 4.2204370024e-02 -8.3031970661e-01
245 147 134
2 0 540 3.9900 108.3500 1 590 -160.2100 -56.3200
1.6551373291e-03 3.9775652932e-02 -8.2952419776e-01
248 152 138
2 0 544 4.3000 102.2100 1 428 -153.6200 -56.4600
-7.9280402337e-03 3.0850382210e-02 -8.2205657477e-01
253 159 147
2 0 563 -20.7500 80.3200 1 442 -135.1100 -79.2400
2.2083739701e-02 2.4549224525e-02 -8.3474433629e-01
251 169 155
2 0 580 56.4300 62.7300 1 399 -102.1300 -9.1400
9.2766546773e-03 2.4280833759e-02 -8.2809999196e-01
249 166 152
2 0 582 24.1000 62.2400 1 420 -108.7400 -40.6400
7.7740142942e-03 4.2630927167e-02 -8.3356931092e-01
248 151 134
2 0 902 19.9500 109.0000 1 568 -158.1300 -41.3200
1.4327448523e-01 -1.3055293240e-04 -8.7019697278e-01
145 135 105
2 0 939 351.1900 -0.3200 1 847 67.8400 267.5100
-2.6208856710e-03 3.0480367015e-02 -8.2453541929e-01
253 158 143
2 0 1124 -6.7800 78.8500 1 720 -131.5400 -67.1200
-1.4079595031e-01 1.2199616487e-02 -9.0826483456e-01
35 32 23
2 0 1143 -330.6500 28.6500 1 715 -309.8900 -20.8900
-1.4079595031e-01 1.2199616487e-02 -9.0826483456e-01
35 32 23
2 0 1144 -330.6500 28.6500 1 716 -309.8900 -20.8900
-1.5935333097e-01 3.9555086935e-03 -8.9295109459e-01
36 34 23
2 0 1287 -380.7500 9.6200 1 790 -293.7700 -65.4400
-1.4497951984e-01 1.6984129076e-02 -9.0603925442e-01
17 16 14
2 0 1543 -341.1500 39.7100 1 962 -321.0300 -32.4400
