# Bundle file v0.3
90 677
0 0 0
0 0 0
0 0 0
0 0 0
0 0 0
0 0 0
0 0 0
0 0 0
0 0 0
0 0 0
0 0 0
0 0 0
0 0 0
0 0 0
0 0 0
0 0 0
0 0 0
0 0 0
0 0 0
0 0 0
0 0 0
0 0 0
0 0 0
0 0 0
0 0 0
0 0 0
0 0 0
0 0 0
0 0 0
0 0 0
0 0 0
0 0 0
0 0 0
0 0 0
0 0 0
0 0 0
0 0 0
0 0 0
0 0 0
0 0 0
0 0 0
0 0 0
0 0 0
0 0 0
0 0 0
0 0 0
0 0 0
0 0 0
0 0 0
0 0 0
0 0 0
0 0 0
0 0 0
0 0 0
0 0 0
0 0 0
0 0 0
0 0 0
0 0 0
0 0 0
0 0 0
0 0 0
0 0 0
0 0 0
0 0 0
0 0 0
0 0 0
0 0 0
0 0 0
0 0 0
0 0 0
0 0 0
0 0 0
0 0 0
0 0 0
0 0 0
0 0 0
0 0 0
0 0 0
0 0 0
0 0 0
0 0 0
0 0 0
0 0 0
0 0 0
0 0 0
0 0 0
0 0 0
0 0 0
0 0 0
0 0 0
0 0 0
0 0 0
0 0 0
0 0 0
1.6505029547e+03 3.8143088617e-01 -2.0182688937e-02
9.5044226604e-01 1.3655716603e-01 -2.7930563785e-01
7.2248670563e-02 7.7676855995e-01 6.2562827132e-01
3.0238986182e-01 -6.1480301290e-01 7.2840759661e-01
9.7197161068e-01 -3.8110567335e-01 -1.6561602761e+01
0 0 0
0 0 0
0 0 0
0 0 0
0 0 0
0 0 0
0 0 0
0 0 0
0 0 0
0 0 0
0 0 0
0 0 0
0 0 0
0 0 0
0 0 0
0 0 0
0 0 0
0 0 0
0 0 0
0 0 0
0 0 0
0 0 0
0 0 0
0 0 0
0 0 0
-3.5635945570e+03 3.1991459095e-01 -1.5207840482e-01
9.1573826647e-01 1.7589792628e-01 3.6122478715e-01
9.0607726689e-02 7.8549752891e-01 -6.1219594244e-01
-3.9142517444e-01 5.9334100786e-01 7.0337243421e-01
-1.3120655928e+00 2.1083614139e+00 1.4040105405e+01
0 0 0
0 0 0
0 0 0
0 0 0
0 0 0
0 0 0
0 0 0
0 0 0
0 0 0
0 0 0
0 0 0
0 0 0
0 0 0
0 0 0
0 0 0
0 0 0
0 0 0
0 0 0
0 0 0
0 0 0
0 0 0
0 0 0
0 0 0
0 0 0
0 0 0
0 0 0
0 0 0
0 0 0
0 0 0
0 0 0
0 0 0
0 0 0
0 0 0
0 0 0
0 0 0
0 0 0
0 0 0
0 0 0
0 0 0
0 0 0
0 0 0
0 0 0
0 0 0
0 0 0
0 0 0
0 0 0
0 0 0
0 0 0
0 0 0
0 0 0
0 0 0
0 0 0
0 0 0
0 0 0
0 0 0
0 0 0
0 0 0
0 0 0
0 0 0
0 0 0
0 0 0
0 0 0
0 0 0
0 0 0
0 0 0
-6.4682839918e+01 4.5668182935e-04 -2.0831427254e-06
9.7350262735e-01 -2.2867491393e-01 -6.4674349484e-04
2.2867380502e-01 9.7347822197e-01 6.9600459753e-03
-9.6199720694e-04 -6.9235163393e-03 9.9997556944e-01
6.3093355421e-01 1.1319046980e-01 -2.4661221283e+00
0 0 0
0 0 0
0 0 0
0 0 0
0 0 0
0 0 0
0 0 0
0 0 0
0 0 0
0 0 0
0 0 0
0 0 0
0 0 0
0 0 0
0 0 0
0 0 0
0 0 0
0 0 0
0 0 0
0 0 0
0 0 0
0 0 0
0 0 0
0 0 0
0 0 0
0 0 0
0 0 0
0 0 0
0 0 0
0 0 0
0 0 0
0 0 0
0 0 0
0 0 0
0 0 0
0 0 0
0 0 0
0 0 0
0 0 0
0 0 0
0 0 0
0 0 0
0 0 0
0 0 0
0 0 0
0 0 0
0 0 0
0 0 0
0 0 0
0 0 0
0 0 0
0 0 0
0 0 0
0 0 0
0 0 0
0 0 0
0 0 0
0 0 0
0 0 0
0 0 0
0 0 0
0 0 0
0 0 0
0 0 0
0 0 0
0 0 0
0 0 0
0 0 0
0 0 0
0 0 0
0 0 0
0 0 0
0 0 0
0 0 0
0 0 0
0 0 0
0 0 0
0 0 0
0 0 0
0 0 0
0 0 0
0 0 0
0 0 0
0 0 0
0 0 0
0 0 0
0 0 0
0 0 0
0 0 0
0 0 0
0 0 0
0 0 0
0 0 0
0 0 0
0 0 0
0 0 0
0 0 0
0 0 0
0 0 0
0 0 0
0 0 0
0 0 0
0 0 0
0 0 0
0 0 0
0 0 0
0 0 0
0 0 0
0 0 0
0 0 0
0 0 0
0 0 0
0 0 0
0 0 0
0 0 0
0 0 0
0 0 0
0 0 0
0 0 0
0 0 0
0 0 0
0 0 0
0 0 0
0 0 0
0 0 0
0 0 0
0 0 0
0 0 0
0 0 0
0 0 0
0 0 0
0 0 0
0 0 0
0 0 0
0 0 0
0 0 0
0 0 0
0 0 0
0 0 0
0 0 0
0 0 0
0 0 0
0 0 0
0 0 0
0 0 0
0 0 0
0 0 0
0 0 0
0 0 0
0 0 0
0 0 0
0 0 0
0 0 0
0 0 0
0 0 0
0 0 0
0 0 0
0 0 0
0 0 0
0 0 0
0 0 0
0 0 0
0 0 0
0 0 0
0 0 0
0 0 0
0 0 0
0 0 0
0 0 0
0 0 0
0 0 0
0 0 0
0 0 0
0 0 0
0 0 0
3.5687067792e+03 3.9511099632e-01 -2.1420229554e-01
9.1379081974e-01 2.0371117575e-01 -3.5140872873e-01
1.0634367172e-01 7.1498283469e-01 6.9100692441e-01
3.9201704203e-01 -6.6880587839e-01 6.3168135621e-01
1.1727064742e+00 -2.5498559608e+00 -1.7589714938e+01
0 0 0
0 0 0
0 0 0
0 0 0
0 0 0
0 0 0
0 0 0
0 0 0
0 0 0
0 0 0
0 0 0
0 0 0
0 0 0
0 0 0
0 0 0
0 0 0
0 0 0
0 0 0
0 0 0
0 0 0
0 0 0
0 0 0
0 0 0
0 0 0
0 0 0
0 0 0
0 0 0
0 0 0
0 0 0
0 0 0
0 0 0
0 0 0
0 0 0
0 0 0
0 0 0
0 0 0
0 0 0
0 0 0
0 0 0
0 0 0
0 0 0
0 0 0
0 0 0
0 0 0
0 0 0
0 0 0
0 0 0
0 0 0
0 0 0
0 0 0
0 0 0
0 0 0
0 0 0
0 0 0
0 0 0
0 0 0
0 0 0
0 0 0
0 0 0
0 0 0
0 0 0
0 0 0
0 0 0
0 0 0
0 0 0
0 0 0
0 0 0
0 0 0
0 0 0
0 0 0
-2.1476000621e-01 -3.5117712231e+00 2.9471359399e+00
144 149 144
2 25 14 -272.0300 -631.7200 39 19 160.6100 -433.4900
5.1191244760e-01 -3.3851759573e+00 2.9461980943e+00
151 162 159
2 25 178 -96.2400 -596.7300 39 179 247.9500 -399.2100
1.6444547316e+00 8.0017554667e-01 3.0673536554e+00
163 164 163
3 25 622 324.5300 223.9900 39 643 219.8400 147.2000 19 731 208.7600 258.8100
2.7517132710e+00 -3.8069168050e+00 2.9232720912e+00
176 188 201
3 25 449 453.5500 -687.1600 39 470 575.5601 -406.9000 19 592 335.3200 -195.7400
-5.8657383863e+00 1.3210205945e+00 3.0269957299e+00
149 159 152
3 25 978 -1013.4200 139.3300 39 978 -641.1000 14.6400 75 820 -969.8700 -26.1100
-6.3743961636e+00 1.5033641238e+00 3.0387742596e+00
157 161 153
2 25 2020 -1083.1000 156.5300 39 1399 -690.8900 19.8400
-5.5638337661e+00 1.3262148957e+00 3.0263371145e+00
156 158 155
3 25 1434 -964.0200 146.3800 39 1401 -607.0600 21.8000 75 1135 -919.8400 -18.4900
-6.4532959454e+00 1.6394769868e+00 3.0471077623e+00
79 74 58
2 25 1447 -1085.3199 173.5601 39 1413 -694.2800 32.4500
-5.0986881847e+00 1.6474580423e+00 3.0448472146e+00
167 173 168
3 25 2061 -867.8800 202.3101 39 1444 -545.0900 65.4300 75 1692 -819.8400 38.6300
2.8695459385e+00 2.3965511805e+00 3.0633699599e+00
99 99 89
3 25 3516 623.6600 520.8000 39 3187 332.3600 353.2200 75 2887 720.7600 361.2400
1.9329182900e+00 -7.6911870089e-01 3.1014157115e+00
121 120 107
2 25 1894 344.7100 -48.8100 39 1940 272.6801 -24.6700
4.2889123970e+00 2.7883498149e-01 3.0162438655e+00
169 174 167
2 25 2078 932.9199 214.9299 39 2136 576.5900 170.3900
1.3641208036e+00 -3.3471223027e+00 2.9425734948e+00
168 173 175
3 25 2509 108.1200 -581.2300 39 2448 360.3000 -372.6100 19 2225 138.9200 -145.0700
-5.8985718446e+00 5.6954413625e+00 3.1643476714e+00
134 146 140
3 25 7603 -757.4900 686.8500 39 6304 -645.0600 422.6000 75 6185 -697.7100 518.5900
-3.3538963422e+00 -4.4654498069e-01 3.0435227895e+00
145 147 142
3 25 2960 -707.6300 -81.3800 39 2703 -279.8000 -121.5200 75 2416 -661.0800 -245.3300
3.3616812620e+00 -5.5914199517e-01 2.9802154385e+00
69 66 61
2 25 6472 682.8300 38.7900 39 5701 516.6801 43.3600
-2.1476000621e-01 -3.5117712231e+00 2.9471359399e+00
144 149 144
2 25 15 -272.0300 -631.7200 39 20 160.6100 -433.4900
-6.3559853575e+00 1.8036078371e+00 3.0560232675e+00
157 159 148
2 25 3186 -1058.1500 198.4800 39 2859 -678.5100 51.3000
-1.4316791530e+00 -3.3172905807e+00 2.9571470867e+00
164 169 172
2 25 290 -522.9500 -600.5800 39 303 -5.5300 -437.1200
4.6194362163e+00 1.4591725103e-01 3.0101347470e+00
169 172 165
2 25 2059 1020.0100 200.8301 39 2134 626.4700 165.9200
-1.5642557205e+00 9.3281859789e-01 2.9111292189e+00
94 91 82
2 25 3178 -313.2800 195.0400 39 2912 -166.9800 93.5200
-2.6695449727e-01 -3.9112731899e+00 2.9393620425e+00
85 83 62
2 25 1701 -304.1100 -726.1300 39 1666 160.3800 -495.0601
-7.9038298435e-01 -3.2868028045e+00 2.9555411470e+00
166 171 176
2 25 1711 -383.4000 -586.8000 39 2413 75.4200 -416.5800
1.6182354335e+00 -3.4949883171e+00 2.9388273426e+00
76 68 45
2 25 2502 166.1100 -614.6000 39 1706 400.0800 -387.6900
-1.0731341459e-01 -3.8140273280e+00 2.9413443526e+00
80 77 60
3 25 2478 -261.8900 -700.7700 39 3349 177.8300 -476.0900 19 2200 -63.9200 -209.8800
-6.5140771000e-01 -3.1717857234e+00 2.9565111631e+00
147 156 154
3 25 3887 -347.4600 -559.4800 39 3450 91.7300 -397.0100 19 4814 -118.3500 -136.9600
2.0304825796e+00 -3.6474595272e+00 2.9319741425e+00
93 91 76
2 25 3843 264.9100 -649.4600 39 3446 465.4700 -400.2000
-1.9207003503e+00 -2.9181271179e+00 2.9685598613e+00
135 140 130
2 25 3975 -601.3400 -518.4900 39 3458 -69.1800 -393.6100
3.8053824754e+00 1.1734393422e-01 3.0227036475e+00
107 98 81
3 25 3143 806.7300 170.7700 39 2967 513.8900 136.8800 75 2550 925.9800 4.7400
1.1251621844e+00 -3.4188208278e+00 2.9448033180e+00
82 76 56
3 25 115 48.2600 -598.9000 39 107 327.4301 -388.1700 19 86 105.6500 -156.2700
1.8802201087e+00 -3.4711748393e+00 2.9364727205e+00
154 155 155
3 25 114 231.2100 -607.2400 39 108 437.7300 -376.9400 19 142 209.7600 -158.1600
2.2911677486e+00 -2.1665703890e+00 2.9599707623e+00
159 160 152
4 25 328 377.7700 -309.3400 39 548 436.3199 -188.9400 75 271 484.1600 -489.5601 19 405 272.8800 -3.6700
1.3835841641e+00 9.3588396135e-01 3.0712125450e+00
175 181 177
3 25 401 273.1600 238.5601 39 647 186.6400 154.1700 19 455 181.0800 266.6000
1.2274961096e+00 -3.6276339559e+00 2.9449365217e+00
138 140 135
3 25 450 66.9500 -646.5900 39 742 342.1300 -414.5400 19 593 116.3800 -182.5500
1.8553937552e+00 -2.0720949059e+00 2.9640875253e+00
135 135 130
4 25 790 274.4700 -295.5800 39 829 375.0400 -186.4000 75 447 372.0601 -473.9399 19 652 217.1800 2.1000
1.8929860033e+00 1.1569951951e+00 3.0588754528e+00
141 148 140
3 25 1003 385.9700 291.1400 39 1049 244.4600 193.2000 19 740 240.7400 294.8800
1.4339872279e+00 -3.4410901192e+00 2.9415007804e+00
76 68 47
3 25 1146 122.3700 -602.6600 39 1192 372.2500 -383.8400 19 919 146.3600 -156.2300
9.0016919963e-01 -3.2216500551e+00 2.9465052678e+00
148 151 149
3 25 1160 1.5300 -556.4301 39 1200 295.3199 -366.0400 19 926 77.4600 -132.3400
1.3066311974e+00 -3.2006766004e+00 2.9439927114e+00
141 142 132
3 25 708 99.5900 -548.1500 39 1202 349.5200 -353.2000 19 927 131.9300 -128.0500
3.4185419963e+00 -1.1014190986e+00 2.9632703376e+00
150 153 153
3 25 1339 685.4301 -68.1000 39 1350 555.3300 -23.2500 19 1053 436.0800 122.3200
2.9139597360e+00 3.5603027325e+00 3.0937246239e+00
135 141 140
4 25 1091 658.2400 691.9000 39 1130 290.5200 471.3700 75 932 751.8101 530.1799 19 1196 372.5000 500.9299
2.3024392161e+00 -4.3298030368e+00 2.9235490646e+00
45 43 31
3 25 1682 321.1700 -820.9700 39 1665 517.6500 -496.3101 19 1432 263.4200 -269.6100
1.9383130606e+00 -3.6258345690e+00 2.9340935196e+00
65 59 44
3 25 1142 242.3400 -644.2500 39 1704 450.2400 -398.6700 19 1456 215.2100 -176.3600
1.2977631934e+00 -3.3934979673e+00 2.9439940267e+00
83 75 59
3 25 1147 91.2600 -592.5000 39 1707 351.3400 -379.7700 19 1461 127.7500 -151.2200
-2.7745398260e+00 2.4459430568e+00 3.1084765535e+00
93 95 88
4 25 1509 -443.2000 361.7500 39 1517 -271.3200 196.3400 75 1204 -382.6900 201.9100 19 1740 -220.6000 333.9600
1.6122439309e+00 -3.4416494222e+00 2.9394221546e+00
159 165 161
3 25 2506 166.0800 -602.0800 39 2437 397.9500 -380.0400 19 2217 171.2100 -154.4700
1.1106187947e+00 -3.3256793767e+00 2.9452517615e+00
73 62 44
3 25 2512 48.4200 -577.9800 39 2443 324.4200 -375.4000 19 2226 103.7900 -144.3300
-5.0753428104e+00 1.3086180027e+00 3.0258688867e+00
72 68 50
4 25 2018 -884.5400 154.7400 39 1410 -549.7300 32.3800 75 1138 -838.2100 -9.7000 19 2476 -466.9200 216.3300
-4.8465813424e+00 1.5373072723e+00 3.0418852905e+00
161 162 153
4 25 2050 -832.5800 192.2900 39 2019 -515.4200 60.6200 75 1682 -784.7600 28.9100 19 2512 -438.2600 237.3700
7.6296918136e-01 1.0773721643e+00 3.0833554572e+00
94 94 84
3 25 3240 152.0200 243.2000 39 2986 111.9900 150.5200 19 2562 113.3400 268.6700
3.0273601914e+00 3.3839753966e+00 3.0891147858e+00
165 182 189
4 25 3655 679.9700 670.8500 39 3250 306.1600 459.6700 75 2997 775.1100 509.1000 19 2780 385.6600 489.0900
1.5155444358e+00 -3.8648730587e+00 2.9374192603e+00
131 132 125
3 25 2477 128.8500 -703.6400 39 3385 391.8300 -443.1700 19 3233 152.7400 -209.0200
2.1120251444e+00 -3.6899537049e+00 2.9313105494e+00
68 64 50
3 25 2491 285.1500 -659.4100 39 3439 477.7200 -404.2100 19 3240 239.9500 -183.3000
1.2388187677e+00 -3.1684105781e+00 2.9452550775e+00
145 148 139
4 25 2548 84.4600 -540.9200 39 3544 338.8600 -350.0300 75 2081 172.4500 -732.9000 19 3278 123.6600 -123.8400
-2.5015687956e+00 -1.1011841522e+00 3.0266384896e+00
139 139 130
4 25 2825 -594.7600 -177.4800 39 2604 -169.5200 -176.6100 75 2309 -544.8200 -344.4700 19 3493 -276.0800 59.3500
1.9700185693e+00 1.0455942086e-01 3.0249303688e+00
139 138 127
4 25 3099 372.2800 125.5900 39 2888 297.1300 71.3600 75 2518 464.6300 -40.7300 19 3654 238.5600 207.2600
-5.0472072299e+00 1.5503128796e+00 3.0418340839e+00
88 82 71
4 25 3163 -864.7600 189.6799 39 2869 -538.6800 57.8500 75 2574 -817.1100 26.4200 19 3696 -456.4700 235.9900
1.2899018879e-01 1.1077713955e+00 3.1509562331e+00
71 67 51
2 25 4768 32.2700 217.4700 39 4243 41.6900 128.3400
1.7206772413e+00 2.1302895557e+00 3.0717713125e+00
56 56 48
4 25 5015 374.6700 439.8300 39 4438 198.8200 290.5400 75 4098 461.5800 278.9000 19 3873 228.9100 372.1000
-4.6298988783e+00 3.6818320178e+00 3.1209594867e+00
168 173 169
4 25 3469 -675.2700 480.5200 39 3135 -495.0000 272.4500 75 2831 -618.0600 317.9500 19 3896 -362.3700 390.7700
1.7535084352e+00 -3.5793593112e+00 2.9366781566e+00
119 120 108
3 25 5557 197.0000 -633.7400 39 4919 421.6600 -396.4500 19 4779 189.5400 -171.4000
-1.2969963010e+00 -3.1469208090e+00 2.9598016931e+00
150 156 151
3 25 3883 -484.4900 -560.8600 39 3436 8.9400 -409.8600 19 4805 -195.5400 -139.2300
-2.2089949457e+00 -3.0093594556e+00 2.9651224933e+00
53 50 39
4 25 5648 -666.7800 -541.5800 39 3433 -108.4900 -413.8000 75 3146 -626.6500 -727.4900 19 4844 -298.5100 -130.2600
-1.6945043893e+00 -3.0297370121e+00 2.9631289537e+00
72 68 56
4 25 5657 -561.8200 -539.4200 39 4900 -43.7700 -403.4800 75 3154 -515.2500 -725.9301 19 4853 -240.0500 -128.7000
4.0284622264e-01 -3.1383859276e+00 2.9509655034e+00
143 149 141
4 25 3930 -110.5800 -540.9301 39 3513 227.7100 -365.5700 75 3138 -36.7200 -731.3199 19 4864 14.0600 -125.4900
-5.5768189659e-01 -2.4423434849e+00 2.9710103067e+00
87 84 74
4 25 5909 -284.2700 -403.1100 39 5109 80.0100 -295.6700 75 4766 -221.1600 -583.2900 19 5026 -91.0700 -57.1700
-3.7889320168e+00 -1.3479391565e+00 3.0218655325e+00
60 59 48
4 25 4211 -851.8400 -242.9600 39 3699 -312.4600 -239.1900 75 3437 -813.6000 -411.2500 19 5150 -417.2500 24.2800
-2.0889096253e+00 -1.3349691044e+00 3.0104552639e+00
136 137 120
3 25 6129 -530.2600 -213.7700 39 5275 -122.8200 -195.0800 19 5175 -238.4300 40.2200
-1.5456137670e+00 -1.3256793343e+00 3.0074987762e+00
133 126 110
4 25 4250 -423.9200 -201.8900 39 3793 -58.3600 -179.8100 75 3468 -367.7600 -370.7300 19 5195 -178.9800 46.9200
-3.0124284187e+00 -1.0820119839e+00 3.0326352776e+00
80 72 49
4 25 6191 -689.5700 -182.6000 39 3779 -224.9100 -187.1300 75 3497 -643.6100 -349.0800 19 5221 -328.6100 56.3900
1.3369811192e+00 -1.2216855839e-01 3.1527072987e+00
143 139 119
2 25 6492 234.6801 46.8000 39 5672 185.2500 29.5800
1.6803373837e+00 2.0465128763e+00 3.0721929255e+00
49 49 42
4 25 10180 365.0601 425.4500 39 6094 192.9500 281.4700 75 5790 451.5800 264.2400 19 5722 223.5200 363.6000
1.7056621725e+00 2.0692343013e+00 3.0718677093e+00
125 127 119
4 25 7132 370.2000 429.8900 39 6098 197.0400 283.9400 75 5797 457.3000 269.0800 19 5729 226.6900 366.3200
1.7056621725e+00 2.0692343013e+00 3.0718677093e+00
125 127 119
4 25 7133 370.2000 429.8900 39 6099 197.0400 283.9400 75 5798 457.3000 269.0800 19 5730 226.6900 366.3200
2.1161433320e+00 4.3339062690e+00 3.1141063367e+00
111 111 110
4 25 7726 506.3300 767.8700 39 6349 189.8400 517.2700 75 6335 592.5601 605.2300 19 6047 288.2200 540.8800
2.9465131596e+00 -4.3643814197e+00 2.9120575047e+00
76 73 65
3 25 7851 499.0400 -833.6300 39 6495 623.5699 -487.4100 19 6761 363.1400 -272.9000
1.1440547314e+00 -3.2929164987e+00 2.9449872522e+00
144 147 143
3 25 5591 57.3600 -570.5300 39 4965 328.7000 -370.0900 19 6904 108.9200 -139.5500
1.3702273720e+00 -3.1076932883e+00 2.9432837391e+00
56 49 41
4 25 5723 118.4301 -526.3101 39 5031 356.5500 -339.4300 75 4583 209.2400 -717.7100 19 7015 141.7100 -115.3700
3.4352045483e+00 -2.5255308230e+00 2.9403267586e+00
59 55 45
4 25 8371 667.1500 -374.6500 39 7090 618.2000 -209.6000 75 4776 798.6899 -562.7900 19 7224 438.9200 -34.9200
2.0301245973e+00 -1.5838967298e+00 2.9610667465e+00
148 134 117
4 25 6172 331.6100 -194.3800 39 5401 388.2600 -122.7100 75 3474 431.1801 -366.8500 19 7450 243.8900 55.3000
2.0301245973e+00 -1.5838967298e+00 2.9610667465e+00
148 134 117
4 25 6173 331.6100 -194.3800 39 5402 388.2600 -122.7100 75 3475 431.1801 -366.8500 19 7451 243.8900 55.3000
1.3369811192e+00 -1.2216855839e-01 3.1527072987e+00
143 139 119
2 25 6491 234.6801 46.8000 39 5671 185.2500 29.5800
1.8225281283e+00 4.3412177138e-01 3.0619804250e+00
167 173 169
3 25 9507 352.0400 168.4600 39 7772 250.5000 112.3200 19 7888 226.7700 230.2900
1.8716886557e+00 4.8023733041e-01 3.0586459272e+00
31 31 23
3 25 6715 363.5100 177.9000 39 5843 256.6899 118.9200 19 7902 233.3300 235.7100
1.8716886557e+00 4.8023733041e-01 3.0586459272e+00
31 31 23
3 25 6716 363.5100 177.9000 39 5844 256.6899 118.9200 19 7903 233.3300 235.7100
1.8883245294e+00 6.7579208135e-01 3.0621078335e+00
85 84 79
3 25 6792 373.0400 210.7100 39 5892 251.9800 140.8700 19 7951 236.5800 252.1100
2.7484148588e+00 1.4740514314e+00 3.0321924876e+00
155 159 153
3 25 10081 573.6801 376.6500 39 8030 358.2400 254.0100 19 8187 347.9500 345.6900
1.2305192402e+00 2.0750584920e+00 3.0752938994e+00
166 175 177
4 25 10165 274.7700 415.6200 39 8069 140.9900 270.8300 75 8015 357.9700 254.2900 19 8223 173.4000 358.6800
-3.8315025854e+00 3.2612411749e+00 3.1059839395e+00
140 143 132
4 25 7172 -571.7100 446.4000 39 6047 -411.5300 252.8300 75 5817 -513.5400 284.2300 19 8265 -301.6100 372.5400
7.3257730767e-01 2.3940841298e+00 3.0825958919e+00
169 181 178
4 25 7174 186.7200 447.4700 39 6110 78.7300 288.3000 75 5822 265.9200 286.4100 19 8273 123.0100 375.1700
-4.6854217232e+00 3.8968848166e+00 3.1305162977e+00
168 171 165
4 25 7341 -673.2500 505.4500 39 4440 -498.8000 290.3900 75 5958 -615.3500 342.7200 19 8405 -361.3200 404.2100
-4.6854217232e+00 3.8968848166e+00 3.1305162977e+00
168 171 165
4 25 7342 -673.2500 505.4500 39 4441 -498.8000 290.3900 75 5959 -615.3500 342.7200 19 8406 -361.3200 404.2100
4.1087914776e-01 2.8613912109e+00 3.0937276973e+00
176 176 163
4 25 10476 138.9000 504.3101 39 6189 37.7500 324.6800 75 5960 216.0400 344.4299 19 8414 94.7600 405.5701
1.8016828423e+00 3.0175794412e+00 3.0711141819e+00
82 81 70
2 25 7497 406.2300 585.3300 39 6273 202.0900 385.3700
2.0029926242e+00 3.8086372057e+00 3.1058427093e+00
130 140 142
4 25 7606 476.2900 690.2300 39 6328 177.8900 466.3101 75 6194 561.8500 527.3900 19 8577 271.5700 498.7900
-1.4096715700e-01 -3.9446298439e+00 2.9409416696e+00
44 47 35
3 25 11469 -275.7700 -732.5000 39 8662 174.2000 -494.9301 19 9888 -71.0200 -226.0600
1.0646980183e+00 -3.3331346405e+00 2.9450867503e+00
130 130 114
3 25 8015 36.6700 -580.3101 39 8960 319.0500 -377.5600 19 10025 97.8400 -144.9500
1.6504968949e+00 -2.6998974456e+00 2.9523881999e+00
152 151 139
4 25 12072 203.4900 -431.2900 39 9322 373.1400 -276.4200 75 6711 298.5000 -618.3101 19 10420 183.1700 -68.4600
2.8681271059e+00 -2.7585855301e+00 2.9459642290e+00
63 54 47
4 25 12067 510.2100 -432.8500 39 9445 540.2500 -254.1000 75 9344 629.3700 -622.7600 19 10427 353.2100 -67.1200
2.6086592457e+00 4.7964055462e-01 3.0136240506e+00
175 191 194
4 25 9625 522.5601 202.4600 39 7841 374.7300 139.1800 75 7617 623.5699 41.0100 19 11611 327.1000 256.4100
-3.8370951603e+00 1.6620204977e+00 3.0414167789e+00
53 54 46
4 25 14102 -658.3000 231.0300 39 7737 -406.1000 97.9500 75 10649 -605.6000 68.2600 19 11632 -340.7900 259.3600
2.0813090604e+00 8.4006765066e-01 3.0535537381e+00
76 73 61
4 25 14154 417.4200 247.3301 39 10721 271.2200 166.5000 75 10692 509.8500 84.4800 19 11682 261.2100 271.3500
3.0835490404e+00 1.9855862548e+00 3.0560494781e+00
112 112 103
3 25 14976 664.2600 464.9700 39 11256 364.8900 319.0500 19 12245 389.1500 386.0100
-5.6003870955e+00 4.0126244495e+00 3.1343508983e+00
77 78 70
3 25 10453 -804.2800 498.5400 39 8089 -590.4500 279.4300 19 12370 -435.8400 400.0300
3.5181250364e+00 2.1724549532e+00 3.0522826364e+00
169 171 168
3 25 10512 765.5200 512.4000 39 8273 416.1200 353.0100 19 12455 443.8800 412.5100
-4.3317622528e+00 5.9334945072e+00 3.1833830504e+00
151 157 151
3 25 16336 -520.1400 750.3600 39 11679 -485.1800 475.9399 19 12868 -288.2300 530.6500
-4.0102793837e+00 6.0338837945e+00 3.1901148113e+00
68 67 72
3 25 11089 -469.5200 768.9800 39 8448 -451.1800 490.4600 19 12934 -260.0900 540.9900
-5.1130898765e+00 3.4626059982e+00 3.1093561973e+00
46 52 51
3 25 424 -760.4100 443.9399 39 271 -547.8700 241.4500 75 356 -707.1000 278.6700
-2.9372312834e+00 -5.1454844393e-01 3.0401969102e+00
156 158 151
2 25 1329 -634.6000 -86.4200 39 1274 -234.2300 -119.6500
-3.2683776922e+00 -4.8859521264e-01 3.0415393787e+00
163 170 163
3 25 1331 -694.8300 -86.6000 39 1273 -270.1000 -124.0700 75 1058 -648.1800 -251.1700
-6.3361099886e+00 1.3348908794e+00 3.0314021828e+00
83 83 75
2 25 975 -1089.3800 132.6600 39 967 -689.8600 3.4300
4.7321770318e-01 5.0609126367e-01 3.2545060462e+00
104 97 78
2 25 965 83.6500 117.5500 39 1007 79.8500 67.0400
-5.8657383863e+00 1.3210205945e+00 3.0269957299e+00
149 159 152
3 25 979 -1013.4200 139.3300 39 979 -641.1000 14.6400 75 821 -969.8700 -26.1100
4.5424029355e+00 -2.2943634917e-01 3.0115597955e+00
31 28 24
2 25 1420 997.3101 125.1800 39 1476 622.9301 118.8800
-6.2086647921e+00 1.4162555340e+00 3.0326911410e+00
87 88 76
2 25 1435 -1063.5900 147.3100 39 980 -676.5000 15.3300
-6.6436576477e+00 1.5905594145e+00 3.0457064079e+00
87 82 68
2 25 1442 -1118.4800 162.6000 39 984 -715.4400 22.7300
4.0262364522e+00 4.1829521466e-03 3.0219185996e+00
75 72 63
3 25 2017 861.9100 156.1400 39 2113 543.1100 131.1300 75 1137 986.1400 -11.2300
-5.0986839589e+00 1.6474878640e+00 3.0449238527e+00
167 173 168
3 25 2060 -867.8800 202.3101 39 2024 -545.0100 65.4400 75 1691 -819.8400 38.6300
4.0122654964e+00 2.6770218725e-01 3.0208109237e+00
167 170 163
3 25 3195 861.6300 204.0500 39 3003 538.2000 160.3700 75 1689 983.1000 39.1900
-3.8163940838e+00 -1.2952528766e+00 3.0267651091e+00
140 141 135
3 25 2723 -852.3900 -233.2200 39 2552 -313.5100 -232.8100 75 2254 -813.4400 -401.1600
-3.3760909774e+00 -8.9900853853e-01 3.0462632376e+00
142 145 134
3 25 2878 -743.8100 -156.1500 39 2611 -263.3600 -174.1100 75 2352 -699.1600 -321.0000
-2.7797017387e+00 -4.9443034016e-01 3.0409618218e+00
143 160 164
2 25 1874 -604.7700 -79.9700 39 1875 -216.6900 -113.5400
1.9979087050e+00 5.1760827409e-01 3.0630210136e+00
95 96 88
2 25 4708 390.8500 184.4600 39 4229 270.0900 124.5200
-5.4156225884e+00 2.1602646013e+00 3.0683012302e+00
92 92 90
3 25 3260 -885.4800 266.3900 39 2083 -574.5700 109.9000 75 2659 -837.4600 103.1200
-4.7967679710e+00 2.0679368298e+00 3.0612314668e+00
68 69 64
3 25 3264 -792.7700 267.0100 39 2091 -510.3800 115.6200 75 2657 -742.1400 104.3100
-4.8185478161e+00 4.1178474118e+00 3.1414143628e+00
63 64 49
3 25 3536 -682.2300 528.8400 39 3152 -509.2100 306.1500 75 2897 -623.8900 366.0300
2.7870188831e+00 2.4324492806e+00 3.0645297180e+00
90 91 84
3 25 3520 606.2600 523.1600 39 3189 321.8000 354.3700 75 2893 702.3500 363.8700
-5.9607196296e+00 5.6401195425e+00 3.1620104965e+00
147 157 162
3 25 2342 -769.4600 678.9900 39 2262 -651.5700 416.9400 75 1971 -709.2800 511.3700
-3.5503192837e+00 -9.5508172423e-01 3.0443025246e+00
84 78 65
2 25 4301 -776.0200 -169.4301 39 3783 -283.5200 -185.3900
4.6851891882e+00 -9.7534513337e-01 2.9947661160e+00
171 176 179
2 25 4520 1033.8601 -17.8900 39 5673 676.0900 32.2600
-5.7727690445e+00 1.8247035491e+00 3.0532116075e+00
156 158 145
2 25 4759 -965.7100 214.1400 39 2882 -617.6900 67.9500
-5.7886550427e+00 1.8367281067e+00 3.0557787796e+00
156 158 145
3 25 4760 -965.7100 214.1400 39 2883 -617.6900 67.9500 75 3861 -919.9200 50.7800
-5.6875608279e+00 1.8349074142e+00 3.0559584420e+00
157 155 147
3 25 4766 -949.4900 216.0601 39 2887 -606.1900 70.4600 75 3869 -903.9900 52.4100
3.4725314276e+00 2.1912427330e+00 3.0518439672e+00
171 173 166
2 25 5115 755.2300 514.7300 39 4516 410.2000 354.3200
3.2431644418e+00 2.2684837637e+00 3.0579764442e+00
159 163 158
3 25 5118 704.8000 514.5701 39 4513 380.5800 352.2800 75 2882 806.4200 355.2200
3.5598644138e+00 2.1757986046e+00 3.0506017812e+00
168 170 164
2 25 5120 775.1600 515.8101 39 4522 421.6400 355.6700
3.7226644424e+00 2.1440429262e+00 3.0482530768e+00
164 169 163
2 25 5125 812.7500 517.1899 39 4528 443.0400 358.0900
3.9863978709e+00 2.1025750773e+00 3.0442446654e+00
119 120 121
2 25 5140 874.6500 521.8500 39 6248 478.5400 362.5500
-2.5860891750e+00 -6.3812875625e-01 3.0246404448e+00
154 159 154
2 25 4406 -578.1600 -101.3600 39 3869 -199.3200 -125.0600
-6.0282422493e+00 9.9010703301e-01 3.0139418262e+00
153 160 154
2 25 9308 -1065.8199 87.7100 39 5570 -663.9300 -25.7500
-2.0456308051e+00 6.4177901777e-01 2.9238921133e+00
47 47 39
2 25 6614 -417.9100 130.2100 39 4140 -215.5900 43.5500
-4.2976060569e+00 1.1815712968e+00 3.0225222614e+00
97 94 80
3 25 6649 -765.3100 151.4600 39 5688 -457.4100 37.1000 75 5394 -716.4500 -12.3800
-4.3693490942e+00 3.9348821819e+00 3.1328064628e+00
140 139 129
3 25 7378 -622.4800 517.6500 39 6139 -466.3900 300.7900 75 5987 -563.8500 355.0200
4.0293595634e+00 2.0744497565e+00 3.0436805240e+00
171 179 171
2 25 5127 884.8500 518.5601 39 4531 484.3199 361.3000
-1.8867551486e-01 -2.8742002530e+00 2.9553662834e+00
61 66 74
3 25 5807 -231.7200 -489.1600 39 5013 150.6000 -344.5600 75 4672 -164.9700 -673.5900
1.9931642277e+00 3.7411003082e-01 3.0626521066e+00
156 162 158
2 25 9477 385.9000 159.8000 39 7760 273.0900 108.5900
7.3430980607e-01 2.4320113527e+00 3.0823766341e+00
116 117 111
3 25 14884 188.0300 453.5100 39 11111 78.6700 292.3400 75 11256 267.5200 292.1600
-4.3801039040e+00 4.0083724864e+00 3.1402296015e+00
64 61 51
2 25 23384 -618.5200 524.0300 39 11188 -464.2800 305.6900
-4.3801039040e+00 4.0083724864e+00 3.1402296015e+00
64 61 51
2 25 23385 -618.5200 524.0300 39 11189 -464.2800 305.6900
1.9225953994e+00 -3.9460725006e+00 2.9318805388e+00
122 124 113
2 25 108 229.7900 -723.4200 39 103 452.9301 -447.4000
2.7258461297e+00 -3.8297112414e+00 2.9232831788e+00
170 186 202
2 25 109 445.1500 -692.9000 39 106 572.4100 -410.6700
2.7723771012e+00 -3.4457603692e+00 2.9305721810e+00
165 175 177
2 25 179 467.6600 -596.3400 39 182 561.9200 -353.1300
-3.0346310353e+00 -1.4647778855e+00 3.0164234987e+00
47 38 29
2 25 205 -717.0000 -251.7900 39 205 -226.3900 -233.1100
-3.3048826860e-01 -1.6182004565e+00 2.9785304829e+00
119 116 106
3 25 209 -194.0800 -237.3700 39 222 91.1700 -185.4900 75 176 -125.4900 -408.6801
2.4316152241e+00 -1.7972659588e+00 2.9574619048e+00
136 139 130
3 25 218 423.1000 -229.5200 39 231 448.1899 -139.1400 75 92 530.3400 -406.0100
-2.8066190472e+00 -1.3036433420e+00 3.0223096969e+00
111 113 108
2 25 222 -664.7900 -217.2500 39 213 -199.3300 -208.8300
-2.8066190472e+00 -1.3036433420e+00 3.0223096969e+00
111 113 108
2 25 223 -664.7900 -217.2500 39 214 -199.3300 -208.8300
1.9819866161e+00 -1.9336646195e+00 2.9630077787e+00
45 41 30
3 25 345 309.7800 -264.9000 39 562 388.4500 -166.6500 75 282 409.8000 -441.1899
2.8547088133e+00 -4.1075622140e+00 2.9153591025e+00
71 72 64
2 25 447 474.3300 -764.9600 39 460 604.3800 -451.0000
-5.7658705219e+00 2.0796728001e+00 3.0643964079e+00
168 179 174
3 25 624 -946.4000 248.1300 39 400 -614.2500 92.9000 75 546 -898.8300 84.9400
4.4284657969e+00 1.6312797255e+00 3.0334057346e+00
136 139 132
2 25 660 979.7200 459.6600 39 691 548.8300 328.0300
3.0039994512e+00 -4.1919786675e+00 2.9129762753e+00
88 85 71
2 25 696 514.5900 -788.1100 39 1171 629.5699 -458.9500
3.0653891424e+00 -4.1542542036e+00 2.9120032601e+00
162 164 178
2 25 697 532.5601 -778.1801 39 1173 639.1100 -452.0400
3.2483128040e+00 -4.2796092952e+00 2.9064961586e+00
160 166 177
2 25 1116 583.1600 -812.6700 39 1680 673.2200 -467.5800
2.3909428751e+00 -4.2735550646e+00 2.9220802722e+00
143 145 144
2 25 1118 343.8500 -808.2200 39 1669 532.7500 -485.3600
2.2527530935e+00 -3.7683534872e+00 2.9290344822e+00
82 77 64
2 25 1138 319.5400 -678.5300 39 1183 500.4700 -412.4900
-2.9796148667e-02 -3.6962472804e+00 2.9431943870e+00
164 168 169
2 25 1139 -238.0500 -673.3199 39 1172 186.4900 -456.7200
2.1712869964e+00 -3.6588314309e+00 2.9312817603e+00
168 179 181
2 25 1140 301.4000 -651.6300 39 1703 485.0699 -398.3700
1.0366756889e+00 -3.2212572353e+00 2.9457448235e+00
144 146 143
2 25 1162 34.5200 -554.9700 39 1714 313.1801 -362.8800
1.0366756889e+00 -3.2212572353e+00 2.9457448235e+00
144 146 143
2 25 1163 34.5200 -554.9700 39 1715 313.1801 -362.8800
3.2832837367e+00 -2.0960407922e+00 2.9526941547e+00
57 59 46
3 25 1247 633.4800 -280.9500 39 1832 572.8101 -154.2800 75 1009 759.2700 -461.2600
-3.1150302213e+00 -1.4907688598e+00 3.0116794814e+00
46 42 31
3 25 1250 -735.5600 -257.2200 39 1229 -237.4400 -238.8100 75 1015 -692.7100 -427.6000
-2.7207553772e+00 -6.6927504300e-01 3.0235764013e+00
138 140 135
3 25 1306 -605.5400 -108.1700 39 1266 -213.8000 -131.2400 75 1045 -556.1500 -273.4200
4.4639777789e+00 -7.9781055496e-01 3.0035706575e+00
81 82 71
2 25 1371 972.5500 11.8700 39 1428 634.4500 47.4100
4.3802722903e+00 -7.4098925765e-01 3.0058975593e+00
80 80 68
2 25 1374 949.8201 21.0000 39 1431 620.3101 51.7500
1.1762064590e+00 2.4528225712e-01 3.1504936962e+00
151 145 133
2 25 1407 211.7300 104.6500 39 1441 163.3100 65.8900
1.1762064590e+00 2.4528225712e-01 3.1504936962e+00
151 145 133
2 25 1408 211.7300 104.6500 39 1442 163.3100 65.8900
-5.9106941740e+00 1.2187845368e+00 3.0229511311e+00
34 32 19
3 25 1419 -1028.0000 123.2800 39 1378 -647.6000 2.4400 75 1123 -984.7300 -41.8100
-5.5638337661e+00 1.3262148957e+00 3.0263371145e+00
156 158 155
3 25 1433 -964.0200 146.3800 39 1400 -607.0600 21.8000 75 1134 -919.8400 -18.4900
1.5159306494e+00 6.6475030502e-01 3.0798531251e+00
160 171 164
2 25 1458 292.0300 193.7100 39 1479 207.7700 125.7400
-3.9770989012e+00 1.5806029697e+00 3.0342608151e+00
157 158 151
3 25 1469 -687.8500 216.6799 39 1458 -424.4100 87.0300 75 1161 -635.3600 53.2300
6.8545032250e-01 1.0855319689e+00 3.1074213836e+00
163 168 156
2 25 1477 137.0000 235.8401 39 1490 103.6800 145.0700
5.0827906944e-01 1.1460651195e+00 3.1145495583e+00
168 172 161
2 25 1479 104.6801 239.5100 39 1491 82.7700 145.8700
-6.5967938463e+00 3.9993632093e+00 3.1325968854e+00
153 162 163
3 25 1551 -953.1500 474.8000 39 1072 -690.2200 254.1000 75 1244 -899.3400 310.8400
3.1231237688e+00 -4.2546565674e+00 2.9085869539e+00
90 91 78
2 25 1684 547.1899 -805.3900 39 2383 652.9399 -466.7800
4.6210514357e-02 -3.7335311855e+00 2.9419860792e+00
83 77 62
2 25 1705 -221.8700 -681.5400 39 1684 196.4400 -461.0500
-2.8005651887e+00 -5.6149721771e-01 3.0296938201e+00
61 63 51
3 25 1865 -614.4300 -90.8900 39 1870 -222.2600 -120.8400 75 1055 -563.8700 -255.8400
1.6957777047e+00 -1.4870401702e-01 3.1118745152e+00
156 155 150
2 25 1945 308.9200 54.7100 39 1417 233.3700 39.4400
-2.6735924804e+00 3.1900421724e-01 3.0536951181e+00
171 173 172
3 25 1946 -537.9600 54.4100 39 1943 -223.7600 -19.1200 75 1590 -483.5700 -107.4200
-5.4596119469e+00 9.3189378132e-01 3.0111637245e+00
138 145 140
3 25 1968 -974.1700 89.8900 39 1944 -598.2300 -17.1400 75 1607 -931.6000 -75.8300
9.2297250805e-01 3.7880381029e-01 3.1736900122e+00
142 138 126
2 25 1982 164.9500 117.6000 39 1448 132.1500 71.8300
6.6157843746e-01 5.0565992989e-01 3.2065777230e+00
147 143 130
2 25 1991 118.2000 127.7500 39 2039 100.9600 75.6000
1.0556679017e+00 5.0128958570e-01 3.1348894439e+00
143 143 133
2 25 2008 193.9301 146.0800 39 2059 149.4600 91.2500
9.2666306728e-01 5.7580403444e-01 3.1463466692e+00
146 143 131
2 25 2015 170.6200 153.5400 39 2062 132.9300 94.4900
6.8815157518e-01 6.8230301753e-01 3.1655128377e+00
148 143 129
2 25 2022 127.1500 162.0300 39 2069 104.6100 97.9500
-5.2428004727e+00 1.3915147375e+00 3.0288287098e+00
68 66 53
3 25 2026 -907.0400 163.1699 39 993 -569.2700 35.8000 75 1141 -862.2700 -2.1400
1.3808089768e+00 7.4593789059e-01 3.0818704261e+00
177 182 180
2 25 2062 266.0900 203.4700 39 2111 190.9000 130.5400
-5.2693973558e+00 1.7165828868e+00 3.0493477455e+00
164 165 161
3 25 2068 -890.5900 208.3800 39 2028 -562.3300 68.1200 75 1699 -843.6000 44.9500
1.2111580675e+00 9.1043523625e-01 3.0851502988e+00
98 99 91
2 25 2087 236.1500 225.4700 39 2124 167.9700 143.2700
1.0627991169e+00 9.8637330136e-01 3.0919412054e+00
107 106 95
2 25 2096 208.6000 232.7000 39 2128 148.6600 146.4100
9.1393725928e-01 1.0485165693e+00 3.0953497875e+00
104 104 94
2 25 2097 180.6500 238.1599 39 2129 130.7700 148.6800
3.7503407146e-01 1.1931831847e+00 3.1195321018e+00
171 175 171
2 25 2102 80.6899 242.7300 39 1492 67.3800 146.4200
2.3917199318e+00 1.5049363295e+00 3.0324863690e+00
79 73 66
2 25 2146 497.3700 373.2800 39 2175 313.0800 248.2500
4.3328602798e+00 1.6814348269e+00 3.0360379161e+00
138 139 132
2 25 2184 956.0200 464.5400 39 2224 534.1100 329.2100
-6.3224221096e+00 4.1473057615e+00 3.1381184679e+00
154 158 157
3 25 2215 -904.1700 498.0100 39 2197 -662.1000 274.1500 75 1859 -849.6000 334.5500
2.9697666804e+00 -4.3027439905e+00 2.9124287504e+00
67 61 50
2 25 2432 503.5900 -817.4500 39 2377 625.5800 -477.6600
2.0927834603e+00 -4.1770899345e+00 2.9268265120e+00
71 68 50
2 25 2449 266.8199 -782.6300 39 2378 485.0601 -477.5900
2.4307184599e+00 -3.9116537432e+00 2.9251817742e+00
126 123 108
2 25 2472 362.9600 -714.3000 39 2406 531.3101 -429.6899
2.4307184599e+00 -3.9116537432e+00 2.9251817742e+00
126 123 108
2 25 2473 362.9600 -714.3000 39 2407 531.3101 -429.6899
1.6007624367e+00 -3.8922968897e+00 2.9364079120e+00
130 134 129
2 25 2476 149.6000 -711.0500 39 2400 404.0000 -446.1600
2.3931096244e+00 -3.8198629692e+00 2.9263898844e+00
80 77 68
2 25 2483 355.0900 -691.1600 39 3422 523.6400 -416.9100
3.2899986294e-01 -3.7550284122e+00 2.9435924803e+00
61 58 48
2 25 2486 -154.3900 -684.8600 39 3376 228.9000 -456.7300
1.9362517003e+00 -3.5691671192e+00 2.9343631774e+00
166 171 172
2 25 2496 243.5200 -630.7200 39 3461 448.5400 -391.1000
9.1747665883e-01 -3.4798881836e+00 2.9455648207e+00
119 114 97
2 25 2500 -3.1400 -615.6000 39 3442 300.7600 -402.1200
-1.6171971036e+00 -3.1310504141e+00 2.9616236452e+00
144 145 140
2 25 2515 -550.6300 -561.5300 39 1700 -31.2200 -415.8300
-4.8216315140e-01 -3.1721099405e+00 2.9554382986e+00
150 154 152
2 25 2519 -310.2000 -557.9500 39 2427 113.2600 -393.1500
9.9638404414e-02 -3.0596230029e+00 2.9532811285e+00
132 134 123
3 25 2557 -175.9200 -526.3000 39 2462 187.0800 -362.3500 75 2092 -105.7900 -714.7000
-1.9458716194e-01 -3.0480051892e+00 2.9552872393e+00
128 128 118
3 25 2561 -241.0900 -526.6200 39 2457 148.9200 -368.1000 75 2096 -175.2700 -714.4399
-3.5139569900e-01 -3.0380865886e+00 2.9564900510e+00
129 132 124
2 25 2563 -275.3400 -526.9900 39 2451 128.5900 -370.9500
4.2726428780e+00 -2.6195712495e+00 2.9266611285e+00
146 152 148
2 25 2640 904.4299 -384.4399 39 3764 752.2800 -198.5000
2.7977215635e+00 -2.0760142955e+00 2.9579728146e+00
97 91 77
3 25 2697 508.5601 -283.0300 39 3808 502.2600 -164.2900 75 2233 622.0699 -462.2100
-2.0311688648e+00 -1.5599410665e+00 3.0015950087e+00
122 123 114
2 25 2713 -533.2300 -252.6899 39 2562 -112.1700 -220.8200
3.0228047747e+00 -1.8297848689e+00 2.9556362138e+00
141 144 142
3 25 2728 571.5800 -228.1100 39 2692 528.9900 -127.5700 75 2248 688.8500 -403.7000
-4.7737755125e+00 -1.0895356623e+00 3.0212913354e+00
71 62 44
2 25 2738 -1004.1000 -216.8300 39 2550 -438.5800 -233.8600
-4.9615093582e+00 -1.0702724789e+00 3.0223723667e+00
74 68 49
2 25 2739 -1035.5400 -216.9399 39 2543 -460.1000 -236.0400
-1.4736887378e+00 -1.3431341949e+00 3.0046707915e+00
133 129 112
3 25 2750 -410.8100 -203.2200 39 2598 -50.0500 -179.7100 75 2263 -353.7000 -372.0400
-1.6054184897e+00 -1.2545835391e+00 3.0064070572e+00
82 76 62
2 25 2764 -433.6300 -189.3101 39 2617 -67.4100 -172.3300
-1.9550077807e+00 -1.2143576682e+00 3.0133102875e+00
92 86 70
2 25 2765 -498.1400 -187.8600 39 2602 -107.9000 -176.4900
-4.5086407060e-01 -1.3404072053e+00 2.9751319242e+00
98 94 82
2 25 2772 -209.4700 -186.0200 39 2641 70.4700 -154.6300
-7.6840618444e-01 -1.3195985810e+00 2.9836211962e+00
80 74 60
2 25 2775 -273.0900 -187.2900 39 2633 31.8200 -159.6900
-9.3371050462e-01 -1.3048536408e+00 2.9880608102e+00
80 75 55
2 25 2776 -305.6100 -187.1600 39 2629 12.1200 -161.9300
-1.7924207002e+00 -1.2290551711e+00 3.0143206469e+00
92 86 71
3 25 2778 -466.3400 -187.4399 39 2612 -87.7800 -173.7500 75 2305 -412.0600 -355.3700
-1.7828904289e+00 -1.2286063763e+00 3.0104772466e+00
92 86 71
2 25 2779 -466.3400 -187.4399 39 2613 -87.7800 -173.7500
1.0717282120e+00 -1.4590128436e+00 2.9616596279e+00
90 85 64
3 25 2795 116.2100 -185.1801 39 3854 263.3199 -131.6000 75 2279 201.2400 -355.6899
1.5883931320e-01 -1.3817822625e+00 2.9687312816e+00
97 91 75
3 25 2798 -80.0300 -185.3500 39 2661 147.9200 -144.8200 75 2299 -5.8200 -354.8101
2.9619562195e+00 -1.6229796063e+00 2.9565522059e+00
104 96 81
2 25 2810 560.2800 -182.2300 39 2729 514.2000 -101.0000
2.8378903069e+00 -1.6129831537e+00 2.9571942678e+00
99 92 76
2 25 2811 529.0500 -182.4900 39 2727 496.9301 -102.9700
4.7577633212e+00 -1.7691054121e+00 2.9409243909e+00
96 90 74
2 25 2816 1051.9099 -180.0200 39 3970 777.2100 -69.1300
4.8123737364e+00 -1.7704084013e+00 2.9402175480e+00
145 142 134
2 25 2824 1068.2200 -179.2000 39 3973 785.4600 -67.7500
3.7654157123e+00 -1.5260075303e+00 2.9464262048e+00
96 92 83
2 25 2893 772.0100 -145.7100 39 3979 631.6000 -66.5600
3.6486778015e+00 -1.5147007349e+00 2.9469873336e+00
94 89 70
2 25 2894 740.7600 -145.6700 39 3971 614.8500 -68.3500
2.6374644312e+00 -7.6844048297e-01 3.0395965457e+00
156 161 157
2 25 2990 504.6000 -27.3200 39 1953 383.3101 -3.5200
2.2238552401e+00 -9.9713686946e-02 3.0593977814e+00
143 144 136
2 25 3062 425.0000 83.2600 39 2874 310.7900 61.6800
1.8947817912e+00 1.1339429277e-01 3.0766151049e+00
131 130 125
2 25 3086 357.8900 109.8900 39 2896 262.1400 75.9200
-5.8162028533e+00 1.2258206375e+00 3.0234372505e+00
129 131 118
3 25 3100 -1011.6100 126.1500 39 1962 -636.3500 5.7300 75 2521 -969.1800 -38.8800
-1.5001595298e+00 4.9934602561e-01 2.8349087600e+00
75 75 66
2 25 3103 -332.7300 131.5100 39 2854 -167.3100 50.2100
-1.4197342064e+00 5.3702522655e-01 2.8269866042e+00
76 76 66
2 25 3115 -316.3300 142.4900 39 2872 -158.5900 59.2900
-1.4197342064e+00 5.3702522655e-01 2.8269866042e+00
76 76 66
2 25 3116 -316.3300 142.4900 39 2873 -158.5900 59.2900
1.7015166247e+00 3.5369317097e-01 3.0795157678e+00
69 66 54
2 25 3118 322.5699 146.3100 39 2915 234.9900 96.5100
1.4738699654e+00 5.1180181424e-01 3.0908999516e+00
70 70 62
2 25 3138 279.1700 165.1699 39 2921 203.2100 106.9200
1.2453447040e+00 5.8726833021e-01 3.1069105007e+00
137 136 122
2 25 3142 234.4000 169.3900 39 2924 173.1100 107.3700
-5.3255097338e+00 1.5898227304e+00 3.0425959376e+00
93 88 75
3 25 3164 -908.0600 189.3700 39 2011 -571.0800 54.5200 75 2575 -861.6000 25.1500
-5.8869622382e+00 1.6963440071e+00 3.0484808850e+00
142 143 128
3 25 3176 -990.4900 192.6599 39 2857 -631.9100 51.5200 75 2586 -946.1500 28.6600
-5.6464938031e+00 1.6967966426e+00 3.0473609271e+00
143 142 128
3 25 3184 -952.4700 197.6799 39 2870 -606.1400 57.4700 75 2591 -906.6800 33.8500
-6.3559853575e+00 1.8036078371e+00 3.0560232675e+00
157 159 148
2 25 3187 -1058.1500 198.4800 39 2860 -678.5100 51.3000
-6.1722930670e+00 1.8988803185e+00 3.0590407723e+00
106 107 96
2 25 3221 -1022.9400 215.5300 39 2026 -658.0700 65.6000
4.4702351339e+00 2.5993292484e-01 3.0131648219e+00
92 91 82
2 25 3222 980.6201 217.4299 39 3038 602.4600 174.3700
3.7279486910e-01 1.0719567050e+00 3.1325349146e+00
137 137 128
2 25 3227 76.6400 221.3800 39 2962 68.7800 132.5300
1.4455542494e+00 1.0108507429e+00 3.0765708317e+00
174 180 177
2 25 3246 287.4399 249.6799 39 3007 193.1000 161.5200
9.4496124183e-01 1.3051788729e+00 3.0846796026e+00
47 48 41
2 25 3271 194.6100 282.1699 39 3053 130.2900 178.1700
6.6158539737e-01 1.3734273523e+00 3.0905621496e+00
55 57 46
2 25 3276 140.9000 284.2200 39 3046 97.3600 176.8100
-6.9585886358e+00 2.5728612643e+00 3.0876389187e+00
82 80 67
2 25 3304 -1096.1000 289.2600 39 2086 -731.2900 112.4900
-5.3270519546e+00 2.3321492592e+00 3.0760790706e+00
82 82 69
3 25 3312 -860.7600 291.4299 39 2105 -563.2800 128.0400 75 2715 -811.5800 128.8200
4.8280727234e+00 8.4167872868e-01 3.0168201993e+00
167 179 185
2 25 3355 1079.2100 337.2800 39 3112 630.3300 253.0600
2.6935385629e+00 1.4267017547e+00 3.0302714070e+00
64 63 52
2 25 3377 562.7400 369.8500 39 3109 351.3199 249.1000
-6.0238848719e+00 3.4817263130e+00 3.1130317727e+00
169 181 177
2 25 3430 -897.4500 424.7000 39 3092 -637.4700 222.3300
4.5092725075e+00 1.4539216452e+00 3.0312872270e+00
164 180 184
2 25 3431 999.2200 431.6300 39 4470 563.6200 311.3800
4.5092725075e+00 1.4539216452e+00 3.0312872270e+00
164 180 184
2 25 3432 999.2200 431.6300 39 4471 563.6200 311.3800
4.5205101014e+00 1.6041290812e+00 3.0318955039e+00
82 81 86
2 25 3449 1002.6899 459.3700 39 3170 562.2200 327.5400
-6.3618802305e+00 3.8263009959e+00 3.1257916755e+00
160 171 165
2 25 3450 -926.6000 458.8400 39 2171 -669.2200 245.2800
4.5946765989e+00 1.6123887172e+00 3.0316869047e+00
151 158 151
2 25 3452 1021.7400 463.5500 39 3175 571.0400 330.9600
-1.6426241827e-02 2.6696571910e+00 3.0878962399e+00
38 38 36
3 25 3457 54.2700 465.7000 39 3141 -6.7100 294.6200 75 2818 128.5500 304.2500
-4.0641297119e+00 3.5856333381e+00 3.1173536457e+00
165 171 167
3 25 3473 -592.0800 482.0601 39 2201 -437.3100 277.1000 75 2835 -534.0100 319.7100
2.7031258525e+00 2.4410060075e+00 3.0659327019e+00
99 103 96
3 25 3517 588.5200 521.4800 39 3185 310.9600 352.4400 75 2888 683.2400 361.8000
3.0993954911e+00 2.3597101655e+00 3.0607143339e+00
90 92 86
3 25 3518 673.8000 523.3700 39 3190 361.0200 356.8900 75 2891 773.7200 364.3000
4.0562313821e+00 2.1192460888e+00 3.0435984701e+00
103 108 110
2 25 3526 891.6600 527.3500 39 3202 486.9500 367.0500
4.0562313821e+00 2.1192460888e+00 3.0435984701e+00
103 108 110
2 25 3527 891.6600 527.3500 39 3203 486.9500 367.0500
2.9771079901e+00 3.6890397526e+00 3.0940000776e+00
164 166 163
3 25 3684 672.7400 713.3201 39 3254 298.3199 485.7100 75 3017 766.9200 551.6899
-7.9541219175e+00 7.6916038485e+00 3.2437995994e+00
164 167 172
2 25 3745 -935.3400 834.1899 39 2279 -784.2900 519.8000
-7.8236972697e-01 -4.1576338479e+00 2.9357786307e+00
130 137 136
2 25 3784 -437.5200 -789.3400 39 3283 99.8800 -544.2700
7.5553479854e-01 -4.0264436044e+00 2.9393486990e+00
99 102 85
2 25 3806 -64.1200 -748.2600 39 4760 289.4800 -486.0800
-1.7048911791e-01 -3.1878349632e+00 2.9534426328e+00
146 148 144
2 25 3893 -242.2300 -558.3101 39 3467 153.9200 -387.5500
-1.9914665791e+00 -3.0141408596e+00 2.9646999946e+00
66 66 53
3 25 3933 -622.5900 -539.7700 39 3437 -80.5300 -408.7900 75 3157 -579.2900 -725.9900
-3.7906548645e+00 -2.8670155829e+00 2.9798766784e+00
146 155 150
3 25 3943 -973.3000 -529.9200 39 3399 -291.5700 -434.6400 75 3195 -949.7800 -713.7000
1.7673605598e-01 -3.0648456463e+00 2.9522327374e+00
129 130 122
3 25 3953 -158.8000 -526.9000 39 3521 197.5000 -361.5700 75 3187 -87.5500 -715.0900
2.3007766435e+00 -3.1213161228e+00 2.9380227132e+00
125 126 112
3 25 3971 351.6700 -522.9399 39 5071 484.1300 -318.6200 75 3185 458.8900 -715.3300
-1.9207003503e+00 -2.9181271179e+00 2.9685598613e+00
135 140 130
2 25 3976 -601.3400 -518.4900 39 3459 -69.1800 -393.6100
-1.3413511338e+00 -2.9038309499e+00 2.9651025944e+00
78 72 56
3 25 3984 -481.3800 -507.4800 39 3493 4.2300 -376.9000 75 2110 -429.4200 -692.3600
1.5688638919e+00 -2.9971828019e+00 2.9395586882e+00
87 84 69
2 25 3997 169.6300 -499.7200 39 3594 384.6300 -319.6400
-1.4245036854e-01 -2.9086840974e+00 2.9542736067e+00
158 173 173
3 25 4011 -223.3500 -495.9800 39 3549 157.4000 -348.2000 75 3231 -156.0800 -681.2600
-1.4245036854e-01 -2.9086840974e+00 2.9542736067e+00
158 173 173
3 25 4012 -223.3500 -495.9800 39 3550 157.4000 -348.2000 75 3232 -156.0800 -681.2600
-2.8230526102e+00 -2.7607968554e+00 2.9820552727e+00
128 131 121
3 25 4013 -775.2800 -495.3600 39 3457 -172.3800 -394.2500 75 3245 -739.9200 -675.8000
2.7604648299e+00 -2.9985732845e+00 2.9327880677e+00
146 150 149
3 25 4017 474.1600 -491.0800 39 5118 549.1899 -291.3300 75 3217 593.0200 -683.4100
2.7604648299e+00 -2.9985732845e+00 2.9327880677e+00
146 150 149
3 25 4018 474.1600 -491.0800 39 5119 549.1899 -291.3300 75 3218 593.0200 -683.4100
-3.6814081801e+00 -2.6561644072e+00 2.9899046777e+00
135 140 133
3 25 4029 -935.2800 -485.2700 39 3444 -275.3100 -402.1200 75 3258 -907.9000 -665.0000
-3.9115534254e+00 -2.6132167326e+00 2.9951445939e+00
81 74 65
2 25 4040 -974.3800 -477.5200 39 3447 -300.1500 -400.6500
3.2707918963e+00 -2.1223464447e+00 2.9536043798e+00
59 60 55
3 25 4175 630.6400 -286.0300 39 5340 570.5200 -157.6300 75 3394 754.4900 -468.3101
-3.2471093229e+00 -1.4364154928e+00 3.0182870478e+00
88 89 77
2 25 4201 -754.9100 -249.5800 39 3704 -250.1700 -235.6300
4.5713854258e+00 -1.8286102319e+00 2.9431459706e+00
71 64 38
2 25 4252 996.8401 -196.8000 39 3948 750.4301 -82.8900
3.9381642449e+00 -1.7371983635e+00 2.9428602914e+00
122 124 111
2 25 4269 816.5699 -188.0900 39 5450 664.6200 -88.9600
-4.4850748128e+00 1.2690103811e+00 3.0263743554e+00
92 85 73
3 25 4675 -791.1500 160.2500 39 2846 -478.9400 41.8800 75 3799 -742.6100 -3.3600
-6.2721742873e+00 1.5348680499e+00 3.0410180373e+00
150 152 148
2 25 4680 -1064.6899 162.4700 39 2835 -677.7700 26.3600
1.5094135110e+00 5.4096773666e-01 3.0864866700e+00
143 144 131
2 25 4688 287.3500 171.5500 39 4206 207.6700 111.6700
-4.7847519090e+00 1.3855320174e+00 3.0307028237e+00
152 150 136
3 25 4691 -833.1000 171.2300 39 2851 -513.8700 46.5000 75 2557 -785.5700 7.3100
4.0206462383e+00 2.0296109593e-01 3.0207789845e+00
87 79 67
3 25 4717 862.5900 192.6599 39 4291 540.2700 153.2600 75 3824 985.5699 26.9800
-6.4390113818e+00 1.7941668298e+00 3.0560324946e+00
156 158 146
2 25 4723 -1071.7000 195.3101 39 4148 -687.3000 48.4000
1.8010932179e+00 9.0851268975e-01 3.0582843186e+00
156 160 157
3 25 4808 358.7200 249.8600 39 4305 235.8800 165.3500 75 3908 447.7900 86.7100
1.5085459897e+00 1.1691018017e+00 3.0614308123e+00
69 69 58
3 25 4834 304.2000 283.7700 39 4320 196.5100 184.4200 75 3924 390.5900 121.6200
1.8922299396e+00 1.1259012574e+00 3.0630721593e+00
81 85 70
2 25 4835 384.2000 283.9600 39 4325 244.5200 188.2300
-6.8097569478e+00 2.5876760934e+00 3.0884541701e+00
148 149 144
2 25 4862 -1072.7400 293.7800 39 2935 -715.4100 118.1000
-5.0501159204e+00 2.3317020408e+00 3.0754268571e+00
159 164 154
3 25 4878 -817.2700 297.3000 39 4262 -533.8900 134.8900 75 3957 -766.6500 134.7700
-1.2172642613e+00 2.9212996936e+00 3.0941671731e+00
180 193 203
3 25 5046 -152.3400 467.2400 39 4434 -137.0400 286.7800 75 4129 -84.1400 305.9900
3.6245628648e-01 2.6387116740e+00 3.0875859563e+00
194 205 206
3 25 5056 123.2700 472.2700 39 4454 36.1300 301.8400 75 4137 200.0100 311.5900
3.9123039863e+00 1.9763890580e+00 3.0446874881e+00
168 181 182
2 25 5089 855.9500 496.8800 39 3184 470.9900 346.6400
2.5930366850e+00 2.4132157871e+00 3.0671133533e+00
149 150 137
3 25 5113 564.0100 512.8400 39 4508 297.4800 346.2400 75 4198 658.4000 353.4100
3.3977473607e+00 2.2370565174e+00 3.0557025611e+00
160 163 156
3 25 5121 739.4800 515.4100 39 4517 400.8700 354.1000 75 4207 842.9500 356.3400
3.8823875055e+00 2.1625288223e+00 3.0458710425e+00
110 112 109
2 25 5160 850.4700 527.3400 39 4537 463.7800 365.6900
-4.4844937556e+00 5.5798556686e+00 3.1672638471e+00
144 155 151
2 25 5321 -556.3200 708.2700 39 4588 -504.1400 445.3201
2.4993975130e+00 -4.4008561241e+00 2.9179797578e+00
60 60 46
2 25 5446 370.1000 -842.5699 39 4740 554.0100 -503.0699
2.3862650551e+00 -3.9542038149e+00 2.9261601208e+00
113 116 100
2 25 5507 350.5601 -725.0100 39 4833 523.9200 -437.1700
1.4540158093e+00 -3.9074439978e+00 2.9381197911e+00
60 58 46
2 25 5511 112.4700 -715.4301 39 4822 382.5900 -451.3800
5.9751597405e-02 -3.8407843455e+00 2.9415360276e+00
114 112 98
2 25 5521 -223.1300 -707.2000 39 6516 198.4700 -475.8900
2.2223854761e+00 -3.8742826744e+00 2.9295139189e+00
118 119 105
2 25 5523 309.3800 -704.9600 39 4842 496.4500 -428.8300
2.2223854761e+00 -3.8742826744e+00 2.9295139189e+00
118 119 105
2 25 5524 309.3800 -704.9600 39 4843 496.4500 -428.8300
1.4277428683e+00 -3.8417322149e+00 2.9397462497e+00
62 56 43
2 25 5531 108.5300 -699.2800 39 4830 376.5200 -442.1300
2.3112640649e+00 -3.8017338101e+00 2.9273306207e+00
139 145 133
2 25 5534 333.8101 -686.7700 39 4860 511.1300 -416.2600
1.8847413400e+00 -3.6025444299e+00 2.9344538713e+00
146 143 133
2 25 5554 229.2500 -639.1000 39 4918 442.2200 -397.0200
1.6546607024e+00 -3.5215619041e+00 2.9379575262e+00
135 137 125
2 25 5561 174.0200 -620.8199 39 4926 406.5500 -390.4600
1.3403122621e+00 -3.3807145306e+00 2.9428985607e+00
85 79 65
2 25 5569 101.9700 -589.4500 39 4953 357.5200 -377.8000
-4.0344913170e-01 -3.2828902746e+00 2.9533496885e+00
163 167 166
2 25 5574 -298.7000 -581.8700 39 4889 125.5900 -406.6300
-1.3711395324e-01 -3.2655659069e+00 2.9523578273e+00
90 88 77
2 25 5579 -238.6800 -575.4100 39 4917 159.8700 -397.4000
2.3068639774e+00 -3.2875821962e+00 2.9363269789e+00
145 150 147
2 25 5623 348.3199 -560.7800 39 5023 489.6899 -341.9300
-1.0551745405e+00 -3.1568432481e+00 2.9587605534e+00
143 145 141
2 25 5627 -433.7500 -560.6200 39 4894 40.5200 -405.0700
2.8473084963e+00 -3.2969447163e+00 2.9323257188e+00
147 149 140
2 25 5629 491.5800 -559.5100 39 5049 566.6500 -330.1500
1.6150926538e+00 -3.1523659067e+00 2.9422767094e+00
71 64 57
3 25 5685 176.9800 -534.3199 39 5033 390.0500 -339.2000 75 4557 272.0601 -726.7600
2.3164816061e+00 -3.1607947074e+00 2.9379109605e+00
82 78 67
3 25 5702 354.5601 -531.4399 39 5064 486.8700 -323.6500 75 3148 462.3400 -725.7500
-1.6753515711e+00 -2.9935685750e+00 2.9644763817e+00
145 147 141
3 25 5708 -555.6200 -531.4301 39 4915 -40.6900 -397.7500 75 4584 -508.7200 -717.2500
1.7016274115e+00 -3.1244250995e+00 2.9416108519e+00
141 143 130
3 25 5716 199.2400 -527.6000 39 5045 401.6700 -333.2800 75 3169 296.0900 -719.2100
-2.8063044191e+00 -2.8298674055e+00 2.9797191236e+00
139 150 146
3 25 5750 -776.6700 -509.0300 39 6631 -169.9700 -403.0700 75 4622 -742.7000 -691.2700
-3.9639875093e+00 -2.6978985249e+00 2.9877800409e+00
78 75 65
3 25 5772 -993.2600 -497.7800 39 4866 -311.0700 -415.2100 75 4666 -968.5400 -678.9399
1.9853736496e+00 -2.9970767786e+00 2.9379504077e+00
103 102 85
3 25 5775 274.0699 -496.5200 39 6812 440.7700 -309.2100 75 4630 376.2600 -687.0200
3.4092467168e+00 -3.0167939206e+00 2.9277261877e+00
143 148 143
2 25 5808 650.8900 -488.2700 39 5146 643.2700 -276.8200
4.1138808791e+00 -2.6167873750e+00 2.9294971641e+00
146 148 145
2 25 5921 857.9399 -385.4700 39 7116 726.5601 -202.6100
4.1916515448e+00 -2.4299511347e+00 2.9300380865e+00
151 153 148
2 25 5958 881.8800 -340.4700 39 7206 732.4600 -174.8900
7.8121415691e-01 -2.1573347559e+00 2.9665377157e+00
102 95 77
3 25 5967 23.0400 -327.0800 39 3714 240.4100 -225.4100 75 3370 103.7800 -505.3700
-4.1120707406e+00 -1.2313149278e+00 3.0096509621e+00
67 59 40
3 25 6100 -899.1900 -229.9900 39 5206 -366.9300 -233.7000 75 4904 -863.0000 -399.0500
2.8603821023e+00 -1.7210059516e+00 2.9573245383e+00
139 140 132
3 25 6134 532.0000 -207.8000 39 5414 503.1500 -117.4900 75 3456 646.6600 -382.5000
3.4988697752e-04 -1.4488568778e+00 2.9725327899e+00
120 112 102
3 25 6152 -116.6400 -200.2000 39 5342 128.7900 -156.7100 75 4965 -44.0200 -370.6400
1.1650909267e+00 -1.5422496898e+00 2.9639513883e+00
73 62 42
3 25 6154 133.7200 -199.3500 39 5372 275.2500 -138.7000 75 4951 220.8101 -371.5900
1.8446942940e+00 -1.5980229715e+00 2.9619681148e+00
103 90 66
2 25 6160 287.5400 -197.4600 39 7308 363.1899 -127.1700
4.7035982000e+00 -1.8316388704e+00 2.9415524368e+00
96 87 67
2 25 6163 1035.8201 -195.1600 39 7405 770.3300 -79.1200
3.5419139870e+00 -1.7389189917e+00 2.9443283978e+00
173 186 185
2 25 6164 708.6100 -195.8500 39 7365 609.2500 -100.2100
3.9209124021e+00 -1.7655872112e+00 2.9430695442e+00
64 62 54
2 25 6166 811.5000 -194.6801 39 7383 662.6500 -93.1000
3.6963636465e+00 -1.6451078439e+00 2.9467549193e+00
79 70 57
2 25 6197 751.7400 -172.9500 39 5457 624.6899 -83.4800
-9.0532543794e-01 -8.0329177522e-01 2.9999429510e+00
137 142 134
2 25 6286 -269.6100 -97.8000 39 5435 -4.2800 -101.2300
4.3959648100e+00 -1.0685266154e+00 3.0069219242e+00
126 133 128
2 25 6362 952.4399 -45.7900 39 7590 627.6400 12.1500
-5.6034416942e+00 3.6106937992e-01 2.9989533149e+00
161 169 163
2 25 6418 -1041.1100 -1.4100 39 3941 -610.1900 -86.1400
-5.7666385752e+00 5.0624586920e-01 3.0045018928e+00
91 91 87
2 25 6450 -1057.5100 18.6800 39 3965 -627.9600 -74.0100
9.7155135402e-01 1.4319385806e-01 3.1891846271e+00
93 88 72
2 25 6528 168.2900 78.6100 39 7640 138.6700 46.5100
3.2540050471e-01 5.9432181481e-01 3.2782446805e+00
76 65 53
2 25 6597 59.1600 125.0400 39 5754 64.0500 70.4900
-3.3603656687e-01 9.2126459248e-01 3.5433824515e+00
72 65 52
2 25 6606 -36.6899 127.6500 39 5741 4.2600 66.4100
1.6665170126e+00 2.9065195593e-01 3.0868502146e+00
158 159 144
2 25 6622 313.6300 133.1500 39 5788 229.8800 88.6000
1.9307733253e+00 2.6377470436e-01 3.0685819388e+00
95 94 80
2 25 6632 369.4900 138.2200 39 4190 266.1300 94.0300
3.8385868697e-01 7.5304134127e-01 3.2142137126e+00
71 65 49
2 25 6662 72.3199 159.3300 39 5800 69.8900 92.9400
1.3305452367e+00 5.2451644588e-01 3.1017333739e+00
156 158 144
2 25 6669 249.9399 161.8700 39 5815 184.7400 103.5900
1.0314232700e+00 6.8607056613e-01 3.1140823669e+00
154 156 145
2 25 6721 193.7300 179.0100 39 5831 147.3400 111.8100
-5.6436904518e+00 1.5757137324e+00 3.0375247857e+00
155 158 141
2 25 6725 -962.9500 182.0801 39 4145 -611.6000 46.5200
-5.6522700385e+00 1.6409339906e+00 3.0441636136e+00
103 97 79
3 25 6739 -956.9900 189.5601 39 5716 -608.4000 51.7300 75 5465 -911.6900 25.8200
-5.6522700385e+00 1.6409339906e+00 3.0441636136e+00
103 97 79
3 25 6740 -956.9900 189.5601 39 5717 -608.4000 51.7300 75 5466 -911.6900 25.8200
-5.9977885888e+00 1.6909246026e+00 3.0490376782e+00
71 68 55
3 25 6741 -1008.6300 189.2100 39 5710 -643.4800 48.5000 75 5467 -964.3700 25.7500
-5.7528280989e+00 1.6796189363e+00 3.0450378314e+00
73 66 51
2 25 6753 -972.7700 194.3000 39 4153 -619.3700 54.1000
-1.1979298278e-01 1.0951881044e+00 3.2151723588e+00
85 81 70
2 25 6766 -10.9700 199.6100 39 7780 15.0600 114.1200
1.8924555961e+00 6.9574836148e-01 3.0681274454e+00
85 84 79
2 25 6791 373.0400 210.7100 39 5891 251.9800 140.8700
1.8462122359e+00 7.1781688631e-01 3.0709265544e+00
136 145 139
2 25 6793 363.8700 212.3600 39 7850 245.0900 142.0500
4.3949615477e+00 3.0664569736e-01 3.0135114157e+00
99 95 84
2 25 6821 960.9299 224.0500 39 5950 592.0000 177.3800
1.0110435876e+00 9.5072895581e-01 3.0951567634e+00
165 171 161
2 25 6822 197.1100 224.8401 39 7848 143.2700 141.1100
4.3172575864e+00 3.3577512341e-01 3.0158117690e+00
94 92 79
2 25 6830 940.7700 226.7000 39 5951 579.4000 177.9100
1.1240240512e-01 1.2018548912e+00 3.1395283296e+00
100 91 81
2 25 6843 31.9900 233.6799 39 5884 38.3600 138.3000
-3.3891442495e-02 1.2276935822e+00 3.1385589671e+00
85 82 77
2 25 6846 5.0800 234.1400 39 5880 23.1300 137.4000
-6.4928476960e-01 1.3575248645e+00 3.1178994480e+00
173 177 172
2 25 6858 -103.4100 241.7300 39 5877 -46.8500 136.4400
-6.0864363654e+00 2.4797354531e+00 3.0839475384e+00
137 141 134
3 25 6934 -970.4200 294.6500 39 4233 -641.1100 124.6700 75 5635 -922.3500 131.8700
-4.8447387494e+00 2.2926968208e+00 3.0733839845e+00
127 132 123
3 25 6950 -787.0600 296.3800 39 5874 -512.2800 135.8900 75 5647 -735.5500 134.2600
1.5633208610e+00 2.1979657183e+00 3.0756132964e+00
76 76 65
3 25 7168 345.0400 444.3400 39 6122 176.1900 293.1200 75 5816 430.8199 283.3400
4.0304809822e+00 1.7320671532e+00 3.0424145157e+00
154 158 160
3 25 7202 882.1801 457.5200 39 6185 493.0900 322.3700 75 5849 997.2200 297.9299
-5.7564260783e+00 3.7623495865e+00 3.1228373494e+00
142 147 124
3 25 7223 -842.2300 464.6899 39 6048 -609.6800 253.7100 75 5861 -787.7800 301.5100
3.1399957098e+00 2.0816581380e+00 3.0580153867e+00
136 142 128
3 25 7261 679.0200 480.7600 39 6207 369.5200 330.1600 75 5911 779.7800 320.8500
4.7724009696e+00 1.6730468223e+00 3.0273531945e+00
79 76 73
2 25 7277 1067.2300 483.5701 39 6230 596.8101 343.6900
3.5556600289e+00 2.0187603006e+00 3.0511746530e+00
166 180 180
3 25 7287 772.9800 486.8800 39 4499 425.6100 336.5000 75 5932 879.0601 327.0100
-4.9735060843e+00 3.7947499277e+00 3.1241341024e+00
121 127 112
3 25 7288 -721.6000 486.5100 39 6087 -530.6800 274.9900 75 5926 -665.9000 323.5900
-5.4599339817e+00 4.1250575333e+00 3.1387756846e+00
153 156 145
3 25 7361 -777.8100 514.8900 39 6119 -575.9600 292.1500 75 5969 -721.4800 351.8201
-5.4599339817e+00 4.1250575333e+00 3.1387756846e+00
153 156 145
3 25 7362 -777.8100 514.8900 39 6120 -575.9600 292.1500 75 5970 -721.4800 351.8201
5.2293612028e-01 2.9142596584e+00 3.0931220173e+00
88 88 81
3 25 7366 161.1801 516.6100 39 6211 50.3000 333.1400 75 5989 239.3101 356.0800
-4.9362746228e+00 4.0529668967e+00 3.1403713954e+00
155 158 146
2 25 7373 -700.7200 516.7600 39 6130 -520.9800 296.7100
4.8748326104e+00 1.8589640867e+00 3.0211618531e+00
168 176 175
2 25 7395 1093.2100 524.2900 39 6255 614.5601 369.1500
-3.9639797830e+00 3.9775339765e+00 3.1369534257e+00
76 77 71
3 25 7427 -557.2200 532.4200 39 4474 -423.5200 313.6200 75 6027 -498.6400 370.1200
-3.9639797830e+00 3.9775339765e+00 3.1369534257e+00
76 77 71
3 25 7428 -557.2200 532.4200 39 4475 -423.5200 313.6200 75 6028 -498.6400 370.1200
-5.1065288469e+00 4.2350215752e+00 3.1477827308e+00
157 160 142
3 25 7432 -719.3900 535.5701 39 4469 -535.1300 309.7700 75 6032 -662.3200 372.8700
-4.7603844705e+00 5.6331309592e+00 3.1704704417e+00
161 172 167
3 25 7635 -597.1900 707.6899 39 6318 -528.4700 442.2400 75 6216 -535.5000 540.2900
2.9121236089e+00 3.8879562084e+00 3.0954261390e+00
99 98 100
2 25 7678 660.9900 741.7500 39 6342 285.7500 504.8300
2.0290343792e+00 4.1693442824e+00 3.1116660233e+00
81 83 81
3 25 7680 487.1200 741.8400 39 6334 180.2700 499.8400 75 6287 572.9000 579.2800
2.0290343792e+00 4.1693442824e+00 3.1116660233e+00
81 83 81
3 25 7681 487.1200 741.8400 39 6335 180.2700 499.8400 75 6288 572.9000 579.2800
2.8450603733e+00 3.9535381358e+00 3.0996286291e+00
87 84 87
3 25 7692 648.8900 745.4700 39 6344 278.3500 506.4700 75 6292 741.4100 583.7500
1.8233726607e+00 4.2870522196e+00 3.1157157008e+00
76 74 73
3 25 7701 449.0699 749.7700 39 6340 155.1700 504.1801 75 6298 533.6500 586.7600
2.9411279771e+00 -4.3365715206e+00 2.9125650122e+00
121 121 113
2 25 7865 495.0200 -826.4500 39 6499 621.4600 -483.6801
1.6236457813e+00 -3.7923490633e+00 2.9385959553e+00
145 147 141
2 25 7975 159.1899 -686.2200 39 8788 403.3199 -430.4800
2.0706156759e+00 -3.6606162433e+00 2.9316669793e+00
84 85 78
2 25 7994 274.9500 -652.5200 39 8880 471.3700 -401.0800
1.3965704707e+00 -3.4883558258e+00 2.9420601514e+00
117 117 100
2 25 8007 112.1899 -614.3300 39 4925 367.0000 -391.7200
-2.3763224869e+00 -3.0071682257e+00 2.9669458563e+00
60 61 55
2 25 8073 -698.3800 -544.2800 39 8823 -127.6900 -418.2800
-1.9464537351e+00 -3.0202805916e+00 2.9655764117e+00
62 60 51
2 25 8083 -612.0400 -541.3700 39 6613 -73.2900 -408.7500
-2.4929317072e+00 -2.7784574950e+00 2.9775824804e+00
100 100 95
3 25 8184 -710.0700 -495.2000 39 8927 -135.9500 -388.3900 75 6611 -670.7200 -676.7700
3.1880142945e+00 -3.0342241986e+00 2.9298554741e+00
72 71 57
2 25 8185 589.2300 -494.2200 39 6866 610.8900 -284.7900
-2.8995555435e+00 -2.6975922778e+00 2.9852609544e+00
146 152 143
3 25 8203 -786.1000 -482.7000 39 4935 -180.4800 -387.7100 75 4692 -750.8300 -662.9000
-1.4815020796e+00 -2.6722720652e+00 2.9696963085e+00
153 158 150
3 25 8245 -491.4800 -462.6500 39 5007 -30.7100 -349.5100 75 6673 -440.6100 -645.1300
-2.2049819583e+00 -2.5659806099e+00 2.9750904183e+00
82 78 71
2 25 8265 -630.9100 -451.7800 39 6717 -118.1900 -354.8700
2.1151631267e-01 -2.6931663752e+00 2.9633929797e+00
146 147 141
3 25 8273 -129.7300 -445.6300 39 6810 182.5100 -309.6700 75 6692 -57.2700 -629.6000
4.0137879049e+00 -2.8536427427e+00 2.9171256702e+00
163 169 165
2 25 8277 825.0000 -443.8300 39 7006 737.9399 -239.2000
2.0196355620e-01 -2.6521906819e+00 2.9636065507e+00
144 145 140
3 25 8295 -129.9700 -436.9800 39 6826 180.7300 -304.4600 75 6709 -57.4600 -620.6100
1.6963496081e+00 -2.6579423047e+00 2.9523772740e+00
156 157 149
3 25 8322 215.9600 -422.1801 39 6921 378.6400 -269.2700 75 4751 312.1300 -607.4000
4.1252135689e+00 -2.7207968417e+00 2.9297447899e+00
129 134 127
2 25 8333 860.6400 -410.3199 39 9565 729.7000 -216.1300
-3.2839854082e+00 -2.2846978966e+00 2.9926568999e+00
135 138 132
3 25 8338 -827.2900 -408.2800 39 6749 -242.4200 -343.2400 75 4765 -791.6000 -584.7900
2.2203078811e+00 -2.6111089967e+00 2.9497239137e+00
55 54 41
3 25 8339 346.7100 -406.3199 39 5180 448.0300 -250.2100 75 4762 452.4800 -592.1400
4.1302351615e+00 -2.6942741231e+00 2.9295673476e+00
78 68 63
2 25 8341 862.3600 -403.6700 39 9574 730.0000 -212.8700
4.1302351615e+00 -2.6942741231e+00 2.9295673476e+00
78 68 63
2 25 8342 862.3600 -403.6700 39 9575 730.0000 -212.8700
4.1228770237e+00 -2.6701452269e+00 2.9295725911e+00
132 134 124
2 25 8346 860.2700 -398.1000 39 9590 728.6500 -209.5600
4.1167374889e+00 -2.6427956936e+00 2.9292530031e+00
79 78 65
2 25 8355 858.5601 -391.6899 39 9605 727.8600 -205.9700
-2.0823200384e+00 -1.5125547765e+00 3.0037356175e+00
62 62 49
3 25 8545 -540.1400 -244.5601 39 7070 -118.7000 -216.1500 75 6881 -488.1100 -414.4100
-2.9212389861e+00 -1.3937521154e+00 3.0228165683e+00
87 83 66
2 25 8568 -692.2700 -235.3101 39 7048 -209.3600 -221.7700
1.7951106025e+00 -1.7026456473e+00 2.9605037688e+00
85 76 63
2 25 8606 272.3101 -219.4301 39 7275 360.8000 -141.8200
8.5810540641e-01 -1.5860528706e+00 2.9643869798e+00
148 151 132
3 25 8625 63.2900 -213.1100 39 7256 238.5100 -151.9900 75 6955 146.1600 -385.0200
1.9393326217e+00 -1.6775241997e+00 2.9606014183e+00
78 63 42
2 25 8639 307.3600 -211.8700 39 9923 378.5100 -134.8400
4.2031943229e+00 -1.8616043967e+00 2.9390000497e+00
146 153 148
2 25 8641 889.6700 -210.6700 39 10044 708.5800 -97.7400
-8.2485862094e-01 -1.3890515723e+00 2.9918617344e+00
72 64 38
3 25 8689 -283.9300 -201.5800 39 7224 26.2600 -168.9500 75 7008 -220.3600 -371.2000
-3.6719632265e+00 -1.0177623073e+00 3.0357934837e+00
83 75 62
3 25 8770 -805.5000 -182.5200 39 7138 -300.3000 -195.8700 75 7058 -763.9100 -348.4301
3.9841032888e+00 -1.6215375187e+00 2.9451477860e+00
139 136 120
2 25 8815 830.6600 -162.0900 39 10138 665.0000 -72.5600
4.1158801563e+00 -1.6204173630e+00 2.9443768051e+00
81 70 54
2 25 8820 867.2900 -159.2500 39 7423 683.7700 -68.6300
3.1291082906e+00 -1.3843159855e+00 2.9710200409e+00
71 73 67
3 25 8884 608.2500 -132.9200 39 7431 515.5100 -66.4800 75 7123 725.4399 -306.2600
1.8260034245e+00 -1.1594477430e+00 2.9770045657e+00
169 173 179
3 25 8938 298.6200 -113.0700 39 7416 338.7100 -73.8600 75 7161 393.8000 -282.7000
1.2709410732e+00 -9.9403356332e-01 2.9785002069e+00
50 47 33
2 25 8959 178.2400 -90.6800 39 7429 263.6500 -67.5300
2.5494820990e+00 -8.4790807516e-01 3.0496711549e+00
92 89 77
2 25 9050 482.4800 -45.6600 39 7543 368.3101 -15.1000
4.5807839205e+00 -8.1902783026e-01 2.9997091678e+00
134 134 136
2 25 9129 1004.9099 10.8600 39 10457 653.9000 48.6800
4.0977603320e+00 -5.5097462004e-01 3.0125561007e+00
175 182 175
2 25 9212 875.0601 50.8100 39 7679 574.5200 66.1900
1.3686977413e+00 4.5391753670e-02 3.1382249754e+00
85 79 63
2 25 9281 245.4800 77.3700 39 7647 188.9900 50.1000
-5.3258126603e+00 8.7832391662e-01 3.0021254292e+00
55 58 53
2 25 9303 -960.6000 85.4900 39 7536 -589.6400 -19.8000
1.4535835952e+00 2.0336320445e-01 3.1161669433e+00
86 82 65
2 25 9361 267.0200 108.8700 39 5757 200.2600 71.1000
-1.4522958328e+00 3.9740844477e-01 2.8152561474e+00
160 165 156
2 25 9370 -330.2500 114.8400 39 7627 -163.9500 39.5200
1.2804124962e+00 3.1789908375e-01 3.1276572739e+00
82 78 65
2 25 9390 234.5000 122.3100 39 7695 177.3400 78.0400
-6.5940349642e+00 1.4432980433e+00 3.0387392725e+00
78 75 68
2 25 9431 -1121.6500 142.8000 39 5637 -713.5900 8.4200
-6.6066045516e+00 1.4840034648e+00 3.0403388092e+00
156 162 155
2 25 9442 -1120.6300 148.3500 39 5648 -714.3800 12.4500
1.8348777811e+00 3.4877096097e-01 3.0698153104e+00
103 105 92
2 25 9449 350.8500 150.3900 39 7743 253.3199 100.5400
-5.2537154650e+00 1.4425624934e+00 3.0325691909e+00
74 68 52
3 25 9514 -906.2800 169.7000 39 5693 -568.2800 41.1800 75 7532 -859.7900 5.4500
1.0647821359e+00 6.4025388436e-01 3.1185481111e+00
82 75 61
2 25 9517 199.3800 171.6799 39 7757 150.7400 107.2900
1.0877791707e+00 6.5909320122e-01 3.1128708396e+00
156 160 147
2 25 9537 204.3800 176.2100 39 7764 153.9300 110.5000
9.2370716268e-01 7.3993841020e-01 3.1213359121e+00
156 154 139
2 25 9562 173.9700 183.9500 39 7779 133.6600 113.8400
7.1211879641e-01 8.3308169752e-01 3.1332777592e+00
158 157 152
2 25 9583 135.1899 191.7500 39 5839 108.2100 116.8700
3.3240495204e-01 9.5247035449e-01 3.1684620100e+00
81 78 62
2 25 9593 66.8199 195.6599 39 7792 63.9600 115.9100
1.2944799460e-01 1.0229204214e+00 3.1880175006e+00
82 80 67
2 25 9607 31.6200 198.6200 39 7794 41.4100 115.9300
1.2891522875e+00 8.0881346626e-01 3.0866604998e+00
174 179 175
2 25 9653 249.2600 210.4099 39 7830 178.1000 134.4800
1.0854216691e+00 9.1528035335e-01 3.0923479388e+00
175 176 169
2 25 9689 210.9399 221.5801 39 7843 152.6300 139.6200
8.5908960757e-01 1.0984290625e+00 3.0922907350e+00
92 90 76
2 25 9763 170.9800 245.4299 39 7884 124.6400 152.8500
-5.3337003196e+00 2.0098611432e+00 3.0610441790e+00
122 120 106
3 25 9774 -882.4200 247.6699 39 5809 -567.7800 96.5200 75 7712 -833.8100 84.5500
1.6529874050e+00 9.9900163461e-01 3.0702744410e+00
149 152 140
2 25 9790 330.3300 254.5100 39 7907 218.0200 166.9900
1.0271656148e+00 1.1525061235e+00 3.0880027611e+00
78 76 72
2 25 9806 206.5500 259.1500 39 7898 141.7400 163.7700
4.3054715540e-01 1.2698889949e+00 3.1020693102e+00
160 161 155
2 25 9808 92.8700 259.4700 39 7893 73.7300 158.3000
1.4520282933e+00 1.0482661043e+00 3.0619157222e+00
172 174 166
3 25 9819 288.8000 262.7600 39 7916 191.4700 170.2400 75 7760 375.3000 99.8700
1.2965125228e+00 1.1210639121e+00 3.0791671052e+00
162 163 158
2 25 9820 260.0601 262.9600 39 7915 173.5600 169.1300
-4.5880557049e+00 2.2118418917e+00 3.0682500470e+00
83 77 67
3 25 9915 -750.5000 291.2400 39 7832 -486.1700 134.5100 75 7834 -698.7300 128.7200
2.6434603202e+00 1.3321272902e+00 3.0303382472e+00
141 142 129
2 25 10039 549.8700 351.8400 39 8005 346.8300 237.1800
-6.9986285858e+00 3.1029596915e+00 3.0878376117e+00
95 92 85
2 25 10054 -1067.9200 358.5900 39 5934 -752.6400 166.5400
2.1869136623e+00 1.5660835281e+00 3.0349423088e+00
141 143 131
2 25 10084 454.2400 376.4800 39 10940 286.5601 248.5500
2.1869136623e+00 1.5660835281e+00 3.0349423088e+00
141 143 131
2 25 10085 454.2400 376.4800 39 10941 286.5601 248.5500
1.7308232472e+00 2.0210151276e+00 3.0712678017e+00
148 154 147
3 25 10172 374.3400 423.1799 39 8090 200.5700 279.9100 75 8023 461.6700 262.0701
3.5644387926e+00 1.6405489468e+00 3.0469592401e+00
77 80 82
3 25 10178 769.5900 425.0900 39 8132 434.3000 298.1100 75 8025 878.1200 264.6200
-2.4010932820e-01 2.7267074159e+00 3.0890747243e+00
65 61 55
3 25 10333 15.0000 467.4700 39 8125 -31.5700 294.0300 75 8156 88.3101 305.8400
-4.1744204087e+00 3.5691223904e+00 3.1173228870e+00
149 154 144
3 25 10392 -610.2400 477.3800 39 6080 -447.8400 273.0200 75 8207 -552.6400 314.8700
-4.1744204087e+00 3.5691223904e+00 3.1173228870e+00
149 154 144
3 25 10393 -610.2400 477.3800 39 6081 -447.8400 273.0200 75 8208 -552.6400 314.8700
1.3453094129e+00 2.5078122292e+00 3.0824227654e+00
98 100 87
2 25 10411 309.4700 482.5300 39 8178 147.7200 316.9900
-2.2103004211e+00 3.2855561149e+00 3.1092384174e+00
105 106 91
2 25 10427 -305.5300 488.4900 39 8126 -243.7000 294.5900
6.3490529031e-01 2.7385313180e+00 3.0916218483e+00
163 166 161
2 25 10444 178.1400 493.2200 39 6179 65.0000 318.5400
1.8796857437e+00 2.4854386008e+00 3.0600142550e+00
69 64 57
2 25 10487 411.4600 507.3000 39 11356 222.0000 334.7700
5.0204146573e+00 1.7579417225e+00 3.0189463676e+00
98 97 94
2 25 10508 1131.3899 512.4800 39 11454 636.0300 363.1900
3.1517306861e+00 2.2996170989e+00 3.0593019495e+00
154 154 142
3 25 10525 684.8500 515.9500 39 8272 368.6500 352.5800 75 8331 785.0100 356.7100
2.2503987552e+00 2.6150583335e+00 3.0573704040e+00
105 103 98
2 25 10599 490.3000 542.3201 39 8283 264.3400 359.8000
2.2503987552e+00 2.6150583335e+00 3.0573704040e+00
105 103 98
2 25 10600 490.3000 542.3201 39 8284 264.3400 359.8000
-3.3598411856e+00 3.9711138028e+00 3.1560453614e+00
81 80 74
3 25 10603 -466.2900 545.0300 39 8194 -344.1700 324.5500 75 8393 -404.6600 384.5000
2.0927315235e+00 3.9208307147e+00 3.1067878792e+00
159 166 167
3 25 10927 495.7700 709.4800 39 8441 189.5400 479.1300 75 8651 581.5800 547.2700
2.0808621261e+00 4.1273293656e+00 3.1101451615e+00
79 80 83
3 25 10997 496.2700 738.3500 39 8453 186.7600 497.7600 75 8735 583.0900 575.4600
2.2359023196e+00 4.1098873388e+00 3.1047301740e+00
104 105 104
2 25 11021 524.9100 745.6400 39 6339 206.2200 503.0500
3.5547844416e+00 3.7760523875e+00 3.0803704690e+00
168 185 190
2 25 11059 794.8400 759.8800 39 8465 372.4000 518.0601
3.1082147642e+00 4.1365242931e+00 3.0959746310e+00
108 108 107
2 25 11157 704.7300 788.1899 39 8476 305.2200 535.6700
-5.1941814980e+00 6.5240476904e+00 3.2035909740e+00
174 185 182
3 25 11173 -620.4300 792.2700 39 6337 -561.8700 502.5000 75 8905 -557.0300 623.2700
-7.4249442524e+00 7.0291205353e+00 2.9215847266e+00
141 139 134
2 25 11240 -928.6600 818.8700 39 6347 -778.5800 509.3600
2.9260019510e+00 -4.3113925921e+00 2.9134812293e+00
51 47 38
2 25 11355 491.2800 -819.5400 39 8693 617.8500 -479.9800
2.9387792467e+00 -4.2987241986e+00 2.9133906380e+00
131 132 120
2 25 11358 494.8700 -816.3300 39 6510 620.0400 -477.2800
2.6492248856e+00 -4.1574619375e+00 2.9207176286e+00
129 130 116
2 25 11427 417.4700 -777.6400 39 8727 568.4500 -462.1600
2.6247425980e+00 -4.1271614977e+00 2.9213661301e+00
60 53 36
2 25 11435 411.2800 -769.7100 39 8736 564.1500 -457.9301
2.3641734704e+00 -3.9171642856e+00 2.9269384431e+00
128 125 108
2 25 11483 345.6000 -715.6100 39 8786 519.5400 -432.0500
1.9011385800e+00 -3.7924975648e+00 2.9356467223e+00
112 110 95
2 25 11509 229.3199 -685.2100 39 8800 444.0100 -424.0400
1.8968416836e+00 -3.5841790983e+00 2.9339900807e+00
85 83 75
2 25 11551 232.7100 -634.6100 39 8907 444.2000 -394.2500
1.8396694153e+00 -3.5833896398e+00 2.9351605022e+00
141 144 138
2 25 11552 218.3800 -634.7100 39 8901 435.2000 -395.1800
1.4644557150e+00 -3.5629088569e+00 2.9413332739e+00
118 119 107
2 25 11557 126.7300 -631.5200 39 8881 377.1600 -400.9900
1.8496615116e+00 -3.5657973275e+00 2.9349995583e+00
87 87 84
2 25 11559 221.4000 -630.4100 39 8911 436.4700 -392.5100
1.2637385040e+00 -3.4880888391e+00 2.9440682388e+00
46 35 21
2 25 11571 80.5100 -615.0000 39 8902 346.8101 -395.0200
-1.9670587680e+00 -3.1515270943e+00 2.9606018288e+00
82 77 74
3 25 11612 -626.5900 -569.1400 39 8794 -77.2300 -427.5900 75 6471 -584.5300 -757.6200
-1.2166112097e+00 -3.1849225575e+00 2.9584066702e+00
75 75 66
3 25 11616 -470.8100 -567.5900 39 8849 18.0400 -412.6900 75 6472 -419.5100 -756.7900
-1.2264150559e+00 -3.1787078014e+00 2.9590470012e+00
75 75 66
2 25 11617 -470.8100 -567.5900 39 8850 18.0400 -412.6900
-2.0132456224e+00 -3.1036730949e+00 2.9624256667e+00
144 146 140
3 25 11671 -632.8900 -559.3300 39 8808 -82.5900 -421.8800 75 9122 -591.3100 -746.7400
6.6154290606e-01 -3.1613210985e+00 2.9481844754e+00
108 104 94
3 25 11739 -51.9301 -543.8101 39 9010 262.1801 -363.4800 75 9135 26.7100 -734.6300
-3.0228144180e+00 -2.8818342027e+00 2.9783171729e+00
149 156 149
3 25 11807 -824.2800 -522.9200 39 6603 -196.6300 -415.9400 75 6572 -791.9300 -705.7600
4.0565178704e+00 -3.0954628690e+00 2.9152713144e+00
48 48 41
2 25 11859 835.9100 -502.7000 39 9343 750.9399 -272.1200
-3.1211705511e-01 -2.9176204859e+00 2.9556186251e+00
90 91 84
2 25 11874 -262.4900 -499.9900 39 9046 134.2400 -353.8800
-3.1667693805e+00 -2.7313740335e+00 2.9853196151e+00
89 88 79
2 25 11908 -840.4700 -492.1000 39 8889 -213.4800 -398.3500
-2.8450658544e+00 -2.7025351126e+00 2.9853558723e+00
131 133 124
3 25 11929 -775.6400 -483.0300 39 8931 -173.3600 -386.7700 75 9268 -740.1100 -662.9700
1.6695684645e+00 -2.4244267593e+00 2.9527107600e+00
78 75 62
3 25 12159 217.7200 -372.4200 39 7007 370.1700 -239.0100 75 6747 313.0100 -554.0800
-2.8045998318e+00 -1.5681194971e+00 3.0110194811e+00
83 79 65
3 25 12373 -682.5700 -265.8000 39 7001 -197.8000 -240.4100 75 6854 -637.9200 -436.1100
-1.2145160623e+00 -1.6527387945e+00 2.9920010382e+00
127 128 119
3 25 12402 -376.7500 -256.7400 39 9581 -13.7500 -211.3000 75 9537 -318.4500 -428.3600
3.2864552809e+00 -1.8670104160e+00 2.9532863256e+00
137 140 132
2 25 12519 639.4399 -228.4200 39 9962 566.8101 -123.3900
-1.0742746890e+00 -1.5065925125e+00 2.9935797796e+00
137 137 126
3 25 12528 -340.5500 -227.2100 39 9684 -0.3900 -189.6200 75 9616 -279.9900 -397.6801
-1.3801408453e+00 -1.4230803753e+00 3.0001128476e+00
43 41 25
3 25 12607 -397.0200 -216.3700 39 9699 -38.0400 -187.0900 75 9681 -338.9400 -386.2700
-1.4337331356e+00 -1.3589409194e+00 3.0002843072e+00
130 129 109
2 25 12755 -405.3900 -206.0500 39 9730 -46.9900 -180.6500
-1.3619822327e+00 -1.3184108223e+00 3.0038157467e+00
129 122 113
3 25 12861 -387.3800 -196.8000 39 9767 -37.5700 -173.7700 75 7027 -329.2100 -365.7200
1.5337314319e+00 -1.5389394472e+00 2.9615985417e+00
149 144 128
3 25 12890 218.1100 -192.8000 39 9945 323.2300 -129.2700 75 9856 309.4900 -364.7300
1.0232462289e+00 -1.4841329627e+00 2.9634705079e+00
81 73 61
3 25 12911 104.3500 -190.6400 39 9920 256.6200 -135.6100 75 9872 189.0699 -361.7200
-6.5423402749e-01 -1.2794485175e+00 2.9786771263e+00
85 76 68
2 25 12991 -249.0700 -177.6700 39 7257 45.7300 -152.0900
-5.4921655233e-01 -9.5546973722e-01 2.9964093013e+00
72 65 49
3 25 13188 -204.1500 -118.4000 39 10001 41.9800 -109.9900 75 10065 -137.1200 -285.9700
-5.4890591687e+00 5.0470203986e-01 3.0036034355e+00
114 119 107
3 25 13481 -1008.6200 24.8000 39 7432 -595.8800 -66.6700 75 10252 -969.6900 -141.6500
-5.0068987549e+00 6.4693865744e-01 2.9999660160e+00
106 107 94
2 25 13581 -923.1700 56.6400 39 7499 -545.1600 -38.4700
9.0970622980e-01 1.6954471879e-01 3.1976162911e+00
152 150 130
2 25 13662 156.8900 80.4200 39 10455 131.1800 47.3700
4.3289780411e+00 -4.1669963590e-01 3.0148389945e+00
163 176 175
2 25 13665 938.3101 82.4400 39 7719 597.2200 89.1600
4.3513530771e+00 -3.8608848717e-01 3.0134378675e+00
159 178 175
2 25 13680 944.5000 88.9900 39 10537 600.8300 94.1600
5.3037630707e-01 3.6015174138e-01 3.2614142000e+00
82 78 73
2 25 13700 90.4301 95.0100 39 10461 86.8500 53.0400
-4.6609099765e+00 1.1787273593e+00 3.0130174049e+00
72 75 65
2 25 13815 -831.1600 146.2500 39 10417 -507.5500 29.4400
4.5177563852e+00 2.4273988469e-02 3.0128637327e+00
152 157 142
2 25 13897 992.0100 173.5601 39 10661 613.2600 148.2100
-5.4631360442e+00 1.5139628666e+00 3.0369267427e+00
69 64 49
3 25 13902 -935.0000 175.4099 39 7635 -590.3300 43.5500 75 10531 -889.7700 11.4300
-5.3419547554e+00 1.6356394664e+00 3.0460809032e+00
83 80 66
3 25 13975 -907.6900 195.2500 39 10475 -571.0100 58.3400 75 10570 -861.0600 31.8800
1.1229660127e+00 8.6766692503e-01 3.0924357463e+00
123 124 114
2 25 14053 217.0900 214.8401 39 10622 157.7200 135.4800
-6.1949260532e+00 1.9375406092e+00 3.0630623848e+00
85 81 72
3 25 14070 -1022.9200 219.4299 39 10491 -657.6500 68.0900 75 10620 -978.1500 56.4200
6.3724147693e-01 1.0808541014e+00 3.1098069193e+00
118 118 103
2 25 14114 127.3900 233.4900 39 10648 98.5100 142.9700
-4.1819176502e+00 1.7431468954e+00 3.0391633271e+00
160 165 151
2 25 14126 -715.9100 238.5601 39 7742 -447.6100 100.1000
7.0846417334e-01 1.1619758690e+00 3.0982685414e+00
85 88 79
2 25 14165 143.4700 250.5300 39 7885 106.0800 154.6300
1.9142236024e+00 9.0252594430e-01 3.0566587274e+00
133 136 126
3 25 14172 382.4100 251.9700 39 10722 249.7200 168.1100 75 10708 473.4100 89.0100
1.9142236024e+00 9.0252594430e-01 3.0566587274e+00
133 136 126
3 25 14173 382.4100 251.9700 39 10723 249.7200 168.1100 75 10709 473.4100 89.0100
1.5034414165e+00 9.7935927065e-01 3.0611715735e+00
176 178 171
3 25 14180 297.4700 253.0100 39 10717 199.0600 164.4400 75 10718 384.4500 90.0700
-1.7533301318e+00 1.4674995823e+00 2.9916928458e+00
157 162 149
2 25 14216 -313.7300 260.7600 39 10629 -184.5100 137.7300
9.9728267195e-01 1.1851905352e+00 3.0875191769e+00
168 172 158
2 25 14231 201.5500 263.6100 39 7903 137.8600 166.6300
1.2248480686e+00 1.1398040884e+00 3.0805136778e+00
159 168 163
2 25 14232 245.9200 263.9700 39 10728 165.1700 168.7800
-4.6354704219e+00 2.0388481937e+00 3.0593179724e+00
95 97 91
3 25 14260 -768.1500 266.5601 39 10574 -493.4300 116.4300 75 10780 -717.6000 103.9400
1.2865926512e+00 1.2661252221e+00 3.0738922921e+00
149 158 149
2 25 14328 261.9200 287.5801 39 10761 171.0100 185.0200
1.2965592184e+00 1.2305189932e+00 3.0623125503e+00
149 158 149
3 25 14329 261.9200 287.5801 39 10762 171.0100 185.0200 75 10842 346.9301 125.5900
2.1109161162e-01 1.5002677176e+00 3.0930806548e+00
85 86 80
2 25 14353 57.7500 292.0100 39 10742 46.7300 177.4500
-2.8280802634e+00 2.6938692717e+00 3.1380363358e+00
143 149 142
2 25 14654 -436.8200 386.6500 39 7960 -270.6000 213.9900
1.6280182074e+00 2.1211123173e+00 3.0737632272e+00
80 82 70
3 25 14756 356.2800 434.8101 39 8111 185.7800 287.3100 75 11168 442.2100 273.9200
-5.3188393289e+00 3.4508213542e+00 3.1103780959e+00
66 66 58
2 25 14766 -792.7800 437.0601 39 8002 -567.1500 236.2700
4.7815075258e-01 2.3886225233e+00 3.0825380568e+00
93 94 86
3 25 14785 137.1899 439.7100 39 11050 53.1400 280.0700 75 11186 214.9200 278.8500
-6.4808648290e+00 3.7284826961e+00 3.1220844050e+00
78 78 69
3 25 14809 -951.8400 444.4800 39 10888 -681.7900 233.1600 75 11192 -899.6600 281.1899
-5.9725750066e+00 3.6479887733e+00 3.1212187462e+00
77 79 68
2 25 14820 -879.4400 445.9000 39 10908 -629.4700 237.6000
1.1832278563e+00 2.2979362489e+00 3.0772544804e+00
156 158 153
3 25 14838 270.7100 448.0300 39 11108 134.2600 291.7100 75 11227 353.8400 287.1500
-4.3756669442e+00 3.4782186685e+00 3.1188007810e+00
93 92 87
2 25 14931 -645.5900 460.2800 39 10977 -464.0100 259.0500
3.7238266715e+00 1.8853274702e+00 3.0479859726e+00
183 190 186
3 25 15023 810.5200 471.1500 39 11316 449.5100 328.3800 75 11395 919.9800 311.6100
4.0293395753e+00 1.8121688802e+00 3.0403071809e+00
149 162 165
2 25 15057 882.3700 474.5200 39 11346 491.6700 333.4100
-4.0306597957e+00 3.6736235480e+00 3.1220169745e+00
70 69 57
3 25 15194 -582.9100 493.6100 39 11072 -432.6100 285.8900 75 11511 -523.9900 331.3600
-1.0588328822e+00 3.1018264223e+00 3.1003076654e+00
94 93 88
3 25 15212 -118.0300 496.1400 39 11203 -122.7100 307.9900 75 16517 -48.6100 334.5300
-1.4513023351e+00 3.1891024151e+00 3.1026454303e+00
88 89 88
3 25 15216 -182.4300 496.9700 39 11190 -165.3100 306.1100 75 16527 -114.8800 335.4500
-5.9298884478e+00 4.0930552983e+00 3.1392789225e+00
149 154 131
2 25 15236 -846.9400 499.2500 39 11037 -621.2900 277.8700
-5.5818565757e+00 4.0333243754e+00 3.1369944376e+00
133 137 122
2 25 15240 -798.8000 500.0701 39 11052 -587.3000 280.9100
3.5268516627e+00 2.1332876813e+00 3.0531506621e+00
172 175 174
3 25 15264 767.8000 503.5800 39 11397 418.9399 347.8400 75 11581 873.3000 344.6000
3.5268516627e+00 2.1332876813e+00 3.0531506621e+00
172 175 174
3 25 15265 767.8000 503.5800 39 11398 418.9399 347.8400 75 11582 873.3000 344.6000
-5.4388346521e+00 4.1156332227e+00 3.1385265122e+00
164 169 159
3 25 15325 -775.2800 514.2500 39 8121 -573.7100 291.9300 75 11620 -718.7900 351.1300
-5.4388346521e+00 4.1156332227e+00 3.1385265122e+00
164 169 159
3 25 15326 -775.2800 514.2500 39 8122 -573.7100 291.9300 75 11621 -718.7900 351.1300
-6.3488698873e+00 4.3554831622e+00 3.1496650507e+00
85 86 71
2 25 15362 -893.0800 520.0200 39 11096 -659.5500 290.6800
-6.3488698873e+00 4.3554831622e+00 3.1496650507e+00
85 86 71
2 25 15364 -893.0800 520.0200 39 11098 -659.5500 290.6800
-6.0261339804e+00 4.2992120321e+00 3.1484510643e+00
91 89 76
2 25 15366 -849.2400 520.6799 39 11118 -627.9600 293.0800
-5.9989832359e+00 4.2792804286e+00 3.1444896085e+00
91 89 76
3 25 15367 -849.2400 520.6799 39 11119 -627.9600 293.0800 75 16786 -793.6700 357.3800
-6.6509669756e+00 4.4623274478e+00 3.1538932825e+00
155 160 153
2 25 15407 -930.4600 525.3700 39 11115 -687.1500 292.6600
-6.6181334455e+00 4.4394461678e+00 3.1495395554e+00
155 160 153
3 25 15408 -930.4600 525.3700 39 11116 -687.1500 292.6600 75 11654 -875.5800 361.6799
2.5722718388e+00 2.5024235743e+00 3.0677917614e+00
95 92 88
3 25 15416 561.2200 526.3101 39 8275 294.5100 354.4300 75 11680 654.8400 366.4900
-5.5165984446e+00 4.2354396608e+00 3.1448058488e+00
152 153 130
3 25 15421 -780.4500 526.5900 39 11170 -578.9600 300.0600 75 11670 -723.9100 363.3800
3.5335049164e+00 2.2583494437e+00 3.0507400480e+00
95 94 89
2 25 15445 769.8700 528.8400 39 11455 417.4500 363.7400
3.0644623896e+00 2.3906364138e+00 3.0580325610e+00
165 168 157
2 25 15471 665.6700 531.0500 39 11446 355.6400 361.4200
1.7482791168e+00 2.7006145800e+00 3.0641978530e+00
163 166 149
2 25 15498 388.4600 536.5200 39 11410 203.6000 352.1800
1.6770144788e+00 2.7834391484e+00 3.0646130355e+00
156 157 141
2 25 15545 374.9600 547.7000 39 11436 195.4800 358.6200
1.6770144788e+00 2.7834391484e+00 3.0646130355e+00
156 157 141
2 25 15546 374.9600 547.7000 39 11437 195.4800 358.6200
4.9679816290e+00 2.0621383683e+00 3.0243880969e+00
128 127 127
2 25 15601 1117.9700 562.4500 39 11528 618.4200 394.3300
-3.3727567739e+00 4.3609278106e+00 3.1777683855e+00
111 111 101
2 25 15689 -448.5000 585.3400 39 11411 -345.9200 353.1400
-3.6343257281e+00 4.8958742992e+00 3.1997089570e+00
90 91 85
2 25 15868 -466.0600 640.3800 39 11523 -369.7700 390.7600
2.0567800204e+00 3.7221350144e+00 3.1063043169e+00
124 125 121
2 25 15992 485.5699 677.8201 39 11649 186.4000 458.3600
2.1738744436e+00 3.7164286025e+00 3.1027152595e+00
89 90 95
3 25 16007 508.0100 683.9000 39 8428 201.3500 462.5500 75 8598 595.0900 521.7400
2.1320394471e+00 4.0273107843e+00 3.1081115455e+00
160 171 167
3 25 16196 505.5200 725.9100 39 11700 194.3000 490.0900 75 12361 590.7200 564.4000
2.1320394471e+00 4.0273107843e+00 3.1081115455e+00
160 171 167
3 25 16197 505.5200 725.9100 39 11701 194.3000 490.0900 75 12362 590.7200 564.4000
-4.6327166233e+00 6.0309084764e+00 3.1859224979e+00
151 157 152
3 25 16358 -561.2700 754.2900 39 11685 -512.9700 477.4200 75 12486 -498.4300 586.5000
-2.8640618688e+00 -2.7080876758e+00 2.9846064339e+00
67 73 65
2 25 17795 -780.2100 -482.8700 39 8930 -176.2900 -387.5000
-2.8294968631e+00 -1.4353538098e+00 3.0206443108e+00
123 124 119
2 25 18629 -678.0600 -241.3101 39 9544 -198.5000 -224.4400
1.2466525263e+00 -1.5155622809e+00 2.9626534408e+00
136 130 111
3 25 19181 153.2300 -192.9399 39 9933 285.6700 -133.7000 75 9857 241.1500 -364.6500
2.7555864226e+00 -6.0386022422e-01 3.0302516872e+00
68 70 65
2 25 20180 535.8199 7.3600 39 7603 400.0500 19.7900
2.7635854833e+00 -6.2981549559e-01 3.0283478944e+00
68 70 65
3 25 20181 535.8199 7.3600 39 7604 400.0500 19.7900 75 10211 641.4000 -163.1000
1.7767488185e+00 -3.0317279063e-01 3.1095485938e+00
103 101 92
2 25 20286 322.3600 29.9700 39 10406 245.4100 24.3200
-4.6975458800e+00 6.8719534642e-01 2.9978795195e+00
187 192 186
2 25 20479 -869.2400 69.6400 39 10286 -510.5100 -25.8300
1.4105114238e+00 4.2349078935e-01 3.1042996364e+00
136 130 114
2 25 20789 263.8600 146.6100 39 10538 194.4900 94.5500
1.0853039003e+00 6.0991017673e-01 3.1205950934e+00
141 139 126
2 25 20873 202.7500 166.9099 39 10548 153.0300 104.4000
-4.8655190605e+00 1.3982669220e+00 3.0270794297e+00
73 68 49
2 25 20910 -849.7700 173.6699 39 10456 -525.8400 47.3300
-5.8282654980e+00 1.7711384076e+00 3.0532254563e+00
149 147 135
3 25 21053 -976.3900 204.1599 39 10481 -622.6000 60.4700 75 15167 -931.0400 40.6600
-6.9788275609e+00 2.6240098672e+00 3.0914805769e+00
86 91 84
2 25 21652 -1095.4500 294.8900 39 10575 -730.4800 117.0500
2.2397249105e+00 1.8749500565e+00 3.0463850407e+00
130 133 130
2 25 22287 473.7700 424.4700 39 8095 279.4100 282.6200
3.1902619347e+00 1.9050481695e+00 3.0532758482e+00
113 116 111
2 25 22568 686.7500 456.2100 39 11228 380.9301 313.9700
-5.4826186545e+00 3.6630583844e+00 3.1259477192e+00
100 100 90
2 25 22579 -804.8600 457.7100 39 10944 -575.9800 249.4500
-4.6463591567e+00 3.7654683051e+00 3.1278832236e+00
102 100 93
2 25 22936 -672.0600 489.4299 39 11047 -493.4200 278.8800
-3.7859598360e+00 3.6890668179e+00 3.1229416009e+00
84 86 78
3 25 23071 -543.7000 501.6799 39 11117 -407.5200 292.9100 75 16575 -484.1200 339.0900
-3.8254473139e+00 3.7045758787e+00 3.1232047891e+00
83 84 77
3 25 23087 -549.1900 502.3900 39 11122 -411.7400 293.7200 75 16584 -489.6700 340.1600
-4.8236468039e+00 3.9237577443e+00 3.1343983035e+00
110 107 96
2 25 23101 -690.6600 504.1799 39 11081 -510.7500 288.5600
-3.7640493842e+00 3.7577257549e+00 3.1269293561e+00
156 157 148
3 25 23185 -537.3200 510.3600 39 11165 -404.0500 299.5900 75 11601 -477.1500 348.2200
-3.7640493842e+00 3.7577257549e+00 3.1269293561e+00
156 157 148
3 25 23186 -537.3200 510.3600 39 11166 -404.0500 299.5900 75 11602 -477.1500 348.2200
-4.8142041561e+00 4.0166207130e+00 3.1391188672e+00
160 163 152
2 25 23242 -684.2400 515.1899 39 11139 -508.7100 296.5200
4.9965388178e+00 1.7958686309e+00 3.0199643659e+00
97 100 99
2 25 23277 1125.1201 518.0500 39 11464 631.3700 366.3100
3.3364134321e+00 2.2508603656e+00 3.0540981149e+00
98 94 83
2 25 23304 724.9301 518.9100 39 11422 391.7100 355.9700
-4.1689655218e+00 3.9682748139e+00 3.1387125482e+00
71 71 59
2 25 23382 -588.1000 524.2400 39 11194 -443.1700 307.2200
-4.3598391524e+00 3.9870157707e+00 3.1357979811e+00
64 61 51
3 25 23383 -618.5200 524.0300 39 11187 -464.2800 305.6900 75 16842 -559.8200 361.4900
-4.2279922807e+00 4.0580942622e+00 3.1449203451e+00
75 76 70
2 25 23475 -592.7600 532.8900 39 11225 -446.8300 312.8800
1.8439957471e+00 2.8684792078e+00 3.0675320276e+00
177 182 176
2 25 23690 411.9000 564.5300 39 11476 209.9300 372.1000
-3.2905604352e+00 4.5019561488e+00 3.1857431225e+00
88 84 73
2 25 23976 -430.5800 603.5100 39 11465 -335.3800 366.5600
3.1572491025e+00 -6.4631310011e-01 3.1129499882e+00
175 174 181
2 75 106 736.3300 -136.7100 19 163 393.7800 169.2500
-2.0172795681e+00 -2.1395734337e+00 2.8918930655e+00
18 19 21
2 75 411 -509.2700 -550.4700 19 393 -247.5100 -46.4400
3.3121846991e+00 -1.2742950717e+00 3.0312536751e+00
138 140 138
2 75 722 773.3300 -272.8300 19 1042 416.9800 102.9200
-1.5668496203e+00 5.6072281591e-01 2.2997381259e+00
127 123 114
2 75 775 -199.2400 -150.9100 19 1062 -113.8300 144.2500
1.8826698933e+00 5.1112187016e-01 2.7716767412e+00
141 140 136
2 75 822 470.7100 -16.0900 19 1669 241.0400 221.1300
1.8826698933e+00 5.1112187016e-01 2.7716767412e+00
141 140 136
2 75 823 470.7100 -16.0900 19 1670 241.0400 221.1300
1.4594308226e+00 2.1792845691e+00 3.0493060974e+00
139 138 136
2 75 890 408.3900 275.3400 19 1146 199.5300 369.8200
-2.6183451879e+00 -1.6670674729e+00 3.0311465847e+00
37 30 25
2 75 1013 -610.8900 -448.8500 19 1533 -307.0500 4.7300
-4.2061496393e+00 1.4784682644e+00 2.7653246833e+00
148 150 149
2 75 1140 -653.7100 -5.0900 19 1668 -362.8900 220.4800
1.7511116116e+00 5.7241326945e-01 2.8288850443e+00
132 133 128
2 75 1143 438.9100 0.2700 19 1671 224.9700 228.6600
-1.1652415661e+00 1.3479204765e+00 2.8855191157e+00
150 148 141
2 75 1164 -131.4600 58.6600 19 1691 -81.1200 255.3700
1.8113483314e+00 5.9908448724e-01 2.8688223377e+00
72 67 63
2 75 1675 450.7200 12.5600 19 2508 231.4400 235.2600
2.7117264624e+00 2.2183729946e-01 3.1437264314e+00
172 173 177
2 75 1677 637.3500 16.3800 19 3709 335.1800 244.1500
-4.9036141431e+00 1.8386693154e+00 2.7665659740e+00
49 45 41
2 75 1681 -746.2000 30.3800 19 2513 -416.6700 238.7800
1.4412705887e+00 8.2929877537e-01 2.8952142319e+00
91 88 81
2 75 1698 373.5100 44.7400 19 2546 189.5200 251.0100
-1.1873592607e+00 1.5210862229e+00 2.8278875657e+00
93 86 83
2 75 1721 -122.7200 74.4500 19 2559 -78.8000 264.2100
7.2242290587e-01 -3.2020260615e+00 3.0345215263e+00
137 137 133
2 75 2084 31.3400 -729.7300 19 3279 50.6400 -123.8900
-9.7215711715e-01 -2.8255212883e+00 3.0122191743e+00
134 137 142
2 75 2143 -345.0300 -664.1600 19 3311 -151.8200 -95.5200
4.7009889882e-02 -2.3076455037e+00 3.0518011205e+00
53 49 46
2 75 2192 -83.2200 -533.4399 19 2265 -19.7700 -31.6000
3.1688169868e+00 -1.9616800172e+00 3.0300700372e+00
136 121 113
2 75 2243 722.6300 -422.5400 19 3448 396.6100 31.0100
1.5925470440e+00 -1.6756588875e+00 3.2128189135e+00
94 81 72
2 75 2296 301.4000 -354.7500 19 3496 176.5100 60.8400
-5.5222431812e+00 1.0444468975e+00 2.2758842640e+00
112 105 89
2 75 2458 -856.3400 -154.4700 19 3602 -470.1100 139.5400
2.2995099639e+00 1.8314555237e-01 2.7782142442e+00
72 67 63
2 75 2501 558.5200 -60.2900 19 2447 289.8100 199.0200
7.1925817197e-02 1.4736000355e+00 3.0021274342e+00
68 66 64
2 75 2684 104.2000 124.5500 19 3770 43.2300 291.8100
-1.2047267777e+00 1.7303027635e+00 2.9954406384e+00
44 42 39
2 75 2707 -129.0300 128.5000 19 3777 -82.7100 292.9400
1.9347343437e+00 1.1902938123e+00 3.0068387362e+00
64 62 61
2 75 2719 486.2900 133.4800 19 2599 247.2700 297.7900
1.4185426457e-01 -1.9440912445e+00 3.0813680984e+00
66 59 49
2 75 3410 -44.1200 -452.1600 19 3427 -2.9400 7.6900
-4.0549631493e+00 -1.3250136401e+00 3.0403102600e+00
85 79 67
2 75 3438 -865.8100 -408.4000 19 5144 -449.0200 22.2300
1.0410141934e+00 1.9300198358e-01 2.4149785478e+00
134 131 126
2 75 3698 297.8199 -142.2300 19 5365 150.1400 151.6500
-7.1820985726e-01 9.4588884015e-01 2.4939475527e+00
63 56 48
2 75 3762 -35.3600 -47.5400 19 5430 -29.5200 198.3700
2.6338642246e+00 3.2695881545e-01 3.1559139818e+00
112 117 120
2 75 3834 619.6600 34.9800 19 5542 325.5800 252.3600
2.6325731978e+00 4.0154715352e-01 3.1916202615e+00
166 168 168
2 75 3870 618.9500 53.6500 19 5573 324.9900 262.5000
1.4398283254e+00 1.0694312109e+00 2.9303222243e+00
159 155 152
2 75 3909 378.3600 88.3900 19 5585 190.5900 273.4200
7.9015872092e-01 -2.3366723995e+00 3.0024406479e+00
117 116 112
2 75 4792 94.9700 -538.0699 19 7229 73.0600 -32.0300
3.2801421928e+00 -2.1951176949e+00 2.9478504860e+00
70 72 71
2 75 4816 756.3300 -488.1600 19 7288 414.7400 -0.1800
2.0641842549e-01 -1.9594064026e+00 3.0716864106e+00
53 45 40
2 75 4837 -29.2000 -456.1400 19 7297 4.7200 6.6400
1.0812405473e+00 -2.0038376524e+00 3.0832028290e+00
81 71 61
2 75 4841 173.5800 -451.0500 19 7305 111.4200 11.5000
2.4029045624e+00 -4.4148505611e-01 2.5435403396e+00
70 64 54
2 75 5148 583.3000 -207.0400 19 7625 304.5200 123.8900
1.4861292464e+00 2.0613775212e-01 2.5091448950e+00
144 140 136
2 75 5241 389.4500 -116.6400 19 7725 198.5600 166.2200
-1.3243096053e+00 8.3727585318e-01 2.4643571063e+00
63 56 51
2 75 5284 -153.1300 -80.8400 19 7765 -90.8200 180.8100
1.1823408111e+00 9.2799202134e-01 2.8747974895e+00
161 158 154
2 75 5517 321.9000 50.5300 19 7957 161.3800 253.5400
7.8892931406e-01 1.1442562251e+00 2.9401329376e+00
75 72 64
2 75 5579 241.7600 84.2400 19 7990 118.1700 270.7900
1.2745589043e+00 2.1075099091e+00 3.0696043904e+00
166 161 161
2 75 5786 366.2900 262.4600 19 8233 178.0700 363.0800
-5.0284259532e-01 2.7545926006e+00 3.1234724205e+00
65 61 64
2 75 5879 36.4500 307.7000 19 8325 -1.3900 386.0800
1.3951540189e+00 2.3830883352e+00 3.1028200758e+00
71 63 62
2 75 5889 397.6000 311.3700 19 12274 193.2100 388.2000
-5.0939702604e-01 -2.1389942869e+00 3.0209282791e+00
134 133 124
2 75 6782 -196.5000 -511.1200 19 10535 -81.8600 -21.0100
-3.5634881748e-01 -1.7910859333e+00 3.1989684499e+00
70 61 54
2 75 6885 -158.2400 -411.9800 19 7353 -64.0900 29.1000
-2.0287641493e+00 -1.4555968111e+00 3.1313550640e+00
75 62 56
2 75 6959 -485.5400 -385.5699 19 10751 -242.1500 38.5400
-3.6965387127e+00 -1.2042831086e+00 3.2718103048e+00
48 43 39
2 75 7057 -812.2200 -349.2500 19 10891 -420.8900 55.6400
1.8940415279e+00 -1.3111701009e+00 3.0991805875e+00
113 109 102
2 75 7151 397.3000 -294.7900 19 11065 221.6200 89.4500
-1.0813256412e+00 1.2270943228e+00 2.7269681110e+00
149 142 135
2 75 7570 -109.0400 19.6500 19 11517 -69.4900 234.8900
-4.4020675644e+00 1.7725204212e+00 2.7846750927e+00
130 129 125
2 75 7593 -669.2200 33.9400 19 11545 -374.0800 240.9400
-8.9361376491e-01 1.5164223001e+00 2.8192483043e+00
80 77 69
2 75 7696 -67.3200 79.6200 19 11654 -49.2800 266.5900
-2.0952117651e+00 1.8159770020e+00 2.9127231353e+00
130 125 121
2 75 7812 -280.3900 107.4300 19 11772 -164.6100 280.9200
1.3180292620e+00 2.1690619193e+00 3.0960100696e+00
81 76 72
2 75 8048 375.6300 276.9000 19 8261 182.8100 370.8600
5.5914113496e-01 2.4798108501e+00 3.1518492804e+00
142 141 137
2 75 8162 227.9500 306.2200 19 12247 102.8600 385.8300
-2.0675513700e-01 2.8087133646e+00 3.1546330781e+00
156 158 157
2 75 8245 91.8400 328.4500 19 12345 28.0900 396.9500
1.3218534026e+00 2.2200243725e+00 3.1307773442e+00
101 98 93
2 75 11246 375.7200 290.2500 19 12155 183.1900 377.2900
1.0115706221e+00 2.3561738482e+00 3.1053414308e+00
65 63 64
2 75 11275 317.6400 295.6200 19 12183 150.9500 380.1100
